/home/SinJ/mo-transport-network-design/.venv/lib/python3.13/site-packages/pygame/pkgdata.py:25: UserWarning: pkg_resources is deprecated as an API. See https://setuptools.pypa.io/en/latest/pkg_resources.html. The pkg_resources package is slated for removal as early as 2025-11-30. Refrain from using this package or pin to Setuptools<81.
  from pkg_resources import resource_stream, resource_exists
Namespace(env='xian', nr_groups=10, starting_loc_x=9, starting_loc_y=19, nr_stations=20, lr=0.01, batch_size=256, num_er_episodes=100, num_step_episodes=10, num_model_updates=5, num_policies=10, max_buffer_size=100, nr_layers=1, hidden_dim=128, timesteps=30000, no_log=False, project_name='cl_ablation', experiment_name='LCN-Xian-lambda_lcn', wandb_entity='johnario-tu-delft', seed=42, cd_threshold=0.2, distance_ref='interpolate2', lcn_lambda=0.5, lambda_schedule='constant', lambda_start=1.0, lambda_end=None, lambda_warmup_fraction=0.0, lambda_freeze_fraction=0.1, spatial_alpha=0.0, include_demand_context=False)
wandb: [wandb.login()] Loaded credentials for https://api.wandb.ai from /home/SinJ/.netrc.
wandb: Currently logged in as: jingyuan-sun03 (johnario-tu-delft) to https://api.wandb.ai. Use `wandb login --relogin` to force relogin
wandb: setting up run gek14rcd
wandb: Tracking run with wandb version 0.27.2
wandb: Run data is saved locally in /home/SinJ/mo-transport-network-design/wandb/run-20260609_144809-gek14rcd
wandb: Run `wandb offline` to turn off syncing.
wandb: Syncing run motndp_xian-v0__LCN-Xian-lambda_lcn__42__1781009289
wandb: ⭐️ View project at https://wandb.ai/johnario-tu-delft/cl_ablation
wandb: 🚀 View run at https://wandb.ai/johnario-tu-delft/cl_ablation/runs/gek14rcd
/home/SinJ/mo-transport-network-design/morl-baselines/morl_baselines/multi_policy/lcn/lcn.py:260: UserWarning: Creating a tensor from a list of numpy.ndarrays is extremely slow. Please consider converting the list to a single numpy.ndarray with numpy.array() before converting to a tensor. (Triggered internally at /pytorch/torch/csrc/utils/tensor_new.cpp:253.)
  th.tensor(obs).to(self.device),
step 1925 	 return [0.00676716 0.00605902 0.00366142 0.00246191 0.00179381 0.00143038
 0.00251267 0.00211629 0.         0.001722  ], ([0.00599928 0.00558735 0.00404539 0.0028084  0.00187652 0.0039535
 0.00394695 0.00223319 0.         0.00437144]) 	 loss 1.989E+00 	 horizons 18.5
step 2111 	 return [2.6715589e-03 4.6571125e-03 4.5585195e-03 1.3837616e-03 9.4583054e-04
 3.8606878e-03 8.2655752e-04 1.1792338e-03 6.8508071e-04 1.6188034e-05], ([3.3934612e-03 4.4438452e-03 4.3716677e-03 2.0602737e-03 1.1024679e-03
 5.1317597e-03 1.4333538e-03 2.2835673e-03 1.0744425e-03 4.8564099e-05]) 	 loss 1.852E+00 	 horizons 18.6
step 2291 	 return [0.00082917 0.00538021 0.00161156 0.00381955 0.00454424 0.00492785
 0.00405915 0.00363439 0.0030105  0.00440663], ([0.00168997 0.00343253 0.00107358 0.00349358 0.00284174 0.00518445
 0.00445109 0.00363101 0.00298599 0.00543659]) 	 loss 1.623E+00 	 horizons 18.0
step 2481 	 return [0.         0.00267647 0.00447845 0.00662957 0.00418581 0.00806295
 0.01061827 0.00680598 0.00601733 0.00628558], ([0.         0.00295561 0.00290372 0.00394111 0.0051723  0.00357042
 0.00529645 0.00456423 0.0029374  0.00449593]) 	 loss 1.316E+00 	 horizons 19.0
step 2671 	 return [0.         0.00256638 0.0042733  0.00493457 0.00444373 0.00636538
 0.00693979 0.00567525 0.00514295 0.00444162], ([0.         0.00378002 0.00367282 0.00441811 0.00370259 0.00298561
 0.00525898 0.00367824 0.00258557 0.00364552]) 	 loss 1.151E+00 	 horizons 19.0
step 2861 	 return [0.0001098  0.00211185 0.00507204 0.00432081 0.00458089 0.01173218
 0.00839807 0.00559627 0.00761099 0.00701575], ([0.0003294  0.00289223 0.00405389 0.00242721 0.00339845 0.00327043
 0.0053502  0.00353955 0.00317671 0.00340771]) 	 loss 1.055E+00 	 horizons 19.0
step 3051 	 return [0.00020972 0.00244307 0.00486997 0.00939274 0.00202091 0.0116364
 0.01031832 0.00370563 0.00604941 0.00657844], ([0.00062916 0.00312705 0.0028818  0.00536734 0.00269173 0.00393726
 0.00802044 0.00349132 0.00334297 0.00509323]) 	 loss 9.978E-01 	 horizons 19.0
step 3241 	 return [0.00111045 0.00558237 0.00461087 0.00629007 0.00605216 0.00751271
 0.0068855  0.00569554 0.00556044 0.0046505 ], ([0.00234581 0.00437206 0.00334239 0.00388815 0.00374654 0.00419636
 0.00615331 0.00315683 0.00302024 0.00422199]) 	 loss 9.507E-01 	 horizons 19.0
step 3431 	 return [0.         0.00498163 0.005331   0.00601721 0.00559857 0.00695194
 0.00933866 0.00630637 0.00669471 0.00558915], ([0.         0.00282327 0.00295674 0.00368874 0.00381535 0.00478886
 0.00688372 0.00151593 0.00521826 0.00560613]) 	 loss 9.268E-01 	 horizons 19.0
step 3621 	 return [0.00103844 0.00238764 0.00557929 0.00617721 0.00565317 0.0086
 0.00465301 0.0051505  0.00443765 0.00445591], ([0.00311531 0.00372416 0.00414154 0.00498334 0.006113   0.00525469
 0.00459739 0.00345418 0.00343268 0.00494764]) 	 loss 9.081E-01 	 horizons 19.0
step 3811 	 return [0.0014527  0.00265782 0.00408879 0.00795891 0.00497569 0.00894712
 0.01049787 0.0072477  0.00460523 0.00602572], ([0.00293137 0.00408065 0.00280174 0.00488799 0.00421093 0.00526432
 0.00586294 0.0052018  0.00452045 0.00548116]) 	 loss 9.273E-01 	 horizons 19.0
step 4001 	 return [0.00030196 0.00231634 0.00597797 0.00553227 0.0045318  0.00666239
 0.00867772 0.00461985 0.00427272 0.00632627], ([0.00090589 0.00258552 0.0040413  0.00348623 0.00355558 0.00436523
 0.00483084 0.00226236 0.002806   0.00378964]) 	 loss 8.749E-01 	 horizons 19.0
step 4191 	 return [0.         0.00306853 0.00359817 0.00779508 0.00469639 0.01001437
 0.00878486 0.00531356 0.00714789 0.00763115], ([0.         0.00379747 0.00440625 0.00353482 0.00200303 0.00385157
 0.00531205 0.00362185 0.00242575 0.00569911]) 	 loss 8.719E-01 	 horizons 19.0
step 4381 	 return [0.00014442 0.00291252 0.00572787 0.00531143 0.00706033 0.00991252
 0.01122263 0.0059791  0.00575876 0.00741443], ([0.00043327 0.00332906 0.00340221 0.00518014 0.00347424 0.00303412
 0.00896905 0.0039871  0.00415686 0.00388356]) 	 loss 8.966E-01 	 horizons 19.0
step 4571 	 return [0.0003661  0.00341382 0.00559207 0.00743129 0.00469175 0.00814607
 0.00951186 0.00600421 0.00629554 0.00771372], ([0.00056747 0.00410436 0.00373371 0.00436955 0.00354683 0.0055987
 0.00522352 0.00323861 0.00326406 0.00294072]) 	 loss 8.409E-01 	 horizons 19.0
step 4761 	 return [0.         0.00605123 0.00450128 0.00659363 0.00368016 0.00825264
 0.01069994 0.0028815  0.0060234  0.0070573 ], ([0.         0.00347851 0.00377892 0.00375727 0.00292313 0.00331162
 0.00690705 0.00237706 0.0040238  0.00576726]) 	 loss 8.397E-01 	 horizons 19.0
step 4951 	 return [0.         0.00450145 0.00736269 0.00541555 0.00722934 0.00759664
 0.00797802 0.00606774 0.0045401  0.00623827], ([0.         0.00384958 0.00311819 0.00312396 0.00351998 0.00532291
 0.00585738 0.002787   0.00309075 0.0060716 ]) 	 loss 8.353E-01 	 horizons 19.0
step 5141 	 return [0.         0.00184455 0.00522071 0.00638672 0.0078847  0.00869588
 0.01055595 0.00592598 0.00465873 0.00904119], ([0.         0.00356541 0.00283803 0.00403898 0.00489971 0.00573016
 0.00464245 0.00514103 0.00219321 0.00495949]) 	 loss 8.040E-01 	 horizons 19.0
step 5331 	 return [0.00012572 0.00120903 0.00660536 0.00951281 0.00604603 0.00959365
 0.01611755 0.0088756  0.00873962 0.00636174], ([0.00037717 0.00220712 0.00339617 0.00534508 0.00316974 0.00439328
 0.00399272 0.004624   0.00469325 0.00435021]) 	 loss 8.099E-01 	 horizons 19.0
step 5521 	 return [5.0071150e-05 1.9078670e-03 6.8876534e-03 5.5653853e-03 5.9178798e-03
 8.9299632e-03 6.3395626e-03 3.6709011e-03 3.4168686e-03 4.7093537e-03], ([0.00015021 0.00369138 0.00325538 0.00628775 0.00412324 0.00474692
 0.00623225 0.00399949 0.00360157 0.00332902]) 	 loss 7.849E-01 	 horizons 19.0
step 5711 	 return [0.         0.00324218 0.00593597 0.00740154 0.00539112 0.0105035
 0.01090171 0.00698142 0.00533789 0.01080783], ([0.         0.00399569 0.00367803 0.00385591 0.00280609 0.00399598
 0.00737508 0.00413525 0.0024664  0.00461871]) 	 loss 7.363E-01 	 horizons 19.0
step 5901 	 return [0.00061246 0.00372458 0.00673354 0.00715493 0.00647989 0.00994381
 0.00966984 0.00467652 0.00324148 0.00928956], ([0.00183737 0.00309912 0.00339602 0.00418718 0.00305889 0.00404005
 0.00584213 0.0030627  0.0027466  0.00431023]) 	 loss 7.447E-01 	 horizons 19.0
step 6091 	 return [0.         0.00276763 0.00483819 0.00805437 0.00648109 0.00966202
 0.01121112 0.00884671 0.00643809 0.01052412], ([0.         0.0029075  0.00268341 0.00402066 0.00369541 0.00302597
 0.00509147 0.00318868 0.0034466  0.00581581]) 	 loss 7.435E-01 	 horizons 19.0
step 6281 	 return [0.         0.00408148 0.00658177 0.00784022 0.00568735 0.00992959
 0.00857706 0.00647065 0.00654561 0.00710524], ([0.         0.00442522 0.00467665 0.00452821 0.00330348 0.00457298
 0.00538482 0.00630615 0.00209775 0.00335116]) 	 loss 6.958E-01 	 horizons 19.0
step 6471 	 return [0.         0.00313259 0.00493397 0.00956209 0.00724883 0.01201003
 0.01256697 0.00669082 0.00591448 0.00910421], ([0.         0.00431597 0.00244339 0.00435257 0.00394867 0.00364998
 0.00428916 0.00168915 0.00260907 0.00339515]) 	 loss 6.703E-01 	 horizons 19.0
step 6661 	 return [0.00052353 0.0031789  0.00677938 0.0085951  0.00650227 0.01181315
 0.01035626 0.00856607 0.00597793 0.0076939 ], ([0.0015706  0.00325814 0.00360505 0.00406071 0.00333734 0.00296743
 0.00350349 0.00222645 0.00406183 0.00468653]) 	 loss 6.682E-01 	 horizons 19.0
step 6851 	 return [0.         0.00223947 0.00643012 0.01106669 0.00381679 0.01250142
 0.01240598 0.00583278 0.0069423  0.00991245], ([0.         0.00456616 0.00387491 0.00340492 0.0035003  0.00378462
 0.00373876 0.00255846 0.00360407 0.00498984]) 	 loss 6.409E-01 	 horizons 19.0
step 7041 	 return [0.         0.00467734 0.00667504 0.00738525 0.00601382 0.01114941
 0.00990339 0.00477805 0.00514694 0.009755  ], ([0.         0.00504814 0.00569399 0.00478488 0.00297502 0.00370921
 0.00460936 0.00299263 0.00368989 0.00352759]) 	 loss 6.642E-01 	 horizons 19.0
step 7231 	 return [0.000636   0.00242103 0.00644914 0.01094996 0.00704861 0.0134534
 0.01432196 0.00691607 0.00496575 0.00950239], ([0.001908   0.00387717 0.00313661 0.00364212 0.00574845 0.0034775
 0.00500582 0.00216181 0.00256169 0.00474249]) 	 loss 6.280E-01 	 horizons 19.0
step 7421 	 return [0.         0.0030758  0.00650287 0.00732253 0.00440919 0.01177276
 0.01030173 0.00775021 0.00653422 0.00871103], ([0.         0.00317163 0.00361016 0.00440682 0.00327053 0.00322779
 0.00367796 0.0014538  0.00339165 0.00586447]) 	 loss 5.884E-01 	 horizons 19.0
step 7611 	 return [0.00058733 0.00377384 0.00478899 0.00826966 0.00728038 0.01114966
 0.01384534 0.00616525 0.00456899 0.00938751], ([0.00176198 0.00387076 0.00375321 0.00472357 0.00470957 0.0033612
 0.00306436 0.00206688 0.00204565 0.00483097]) 	 loss 5.846E-01 	 horizons 19.0
step 7801 	 return [0.00013033 0.00187219 0.00800721 0.00506277 0.00802626 0.0085738
 0.01414922 0.01044555 0.00865989 0.00644482], ([0.000391   0.00310352 0.0039621  0.00582786 0.00519204 0.00350704
 0.00810806 0.00400482 0.00310927 0.00301813]) 	 loss 5.651E-01 	 horizons 19.0
step 7991 	 return [0.         0.00237474 0.00741892 0.01093857 0.00654232 0.01381836
 0.01371078 0.00799354 0.00582481 0.00931037], ([0.         0.00305034 0.0036188  0.00418715 0.0051636  0.00270251
 0.00483869 0.00277896 0.00409125 0.00441367]) 	 loss 5.685E-01 	 horizons 19.0
step 8181 	 return [0.00107915 0.00344328 0.00716046 0.01144822 0.00992226 0.01254231
 0.01200505 0.00667198 0.00405288 0.00622457], ([0.0017727  0.00307996 0.00387289 0.00519285 0.00482939 0.00218249
 0.00498528 0.00267749 0.00338383 0.00484109]) 	 loss 5.754E-01 	 horizons 19.0
step 8371 	 return [0.         0.00235155 0.00915392 0.01432684 0.00757988 0.00995964
 0.01643429 0.00810035 0.00803947 0.00794846], ([0.         0.00222534 0.00319566 0.00463383 0.00165309 0.00546988
 0.0047109  0.0042357  0.00623159 0.00364564]) 	 loss 5.341E-01 	 horizons 19.0
step 8561 	 return [0.00012359 0.00159009 0.00671527 0.00941074 0.00540555 0.00697683
 0.01506179 0.00570984 0.01018553 0.00532211], ([0.00037078 0.00308171 0.0030268  0.00335609 0.00431271 0.00465365
 0.00485368 0.00280909 0.00447394 0.00341909]) 	 loss 5.352E-01 	 horizons 19.0
step 8751 	 return [0.00017681 0.00039232 0.00790082 0.00293629 0.0087852  0.00814278
 0.01176036 0.00448905 0.00642079 0.00495007], ([0.00053043 0.00117697 0.00281164 0.00422433 0.00401788 0.00408738
 0.00743019 0.00321407 0.00440163 0.00159458]) 	 loss 5.316E-01 	 horizons 19.0
step 8941 	 return [0.         0.00044509 0.0080395  0.0133924  0.00668118 0.00934151
 0.0144099  0.01110545 0.01055887 0.00704811], ([0.         0.00133527 0.00340938 0.00618526 0.00436943 0.00210454
 0.00601542 0.00353527 0.00565701 0.00308094]) 	 loss 5.507E-01 	 horizons 19.0
step 9131 	 return [0.0007221  0.00752834 0.00556922 0.00670549 0.00621563 0.00829932
 0.00842592 0.0064944  0.00470013 0.00686501], ([0.00216629 0.00214107 0.0025611  0.00433473 0.00228406 0.00426136
 0.00583564 0.00355962 0.00331264 0.00477523]) 	 loss 4.727E-01 	 horizons 19.0
step 9321 	 return [0.         0.00541738 0.00709176 0.00434454 0.00704574 0.00723621
 0.01227098 0.00906952 0.00800248 0.00903943], ([0.         0.00296805 0.00439985 0.00400998 0.00321858 0.00261153
 0.0034529  0.00358343 0.00409049 0.00502882]) 	 loss 5.556E-01 	 horizons 19.0
step 9511 	 return [0.00050909 0.0037408  0.00611134 0.01047329 0.00623277 0.006052
 0.01237952 0.00785886 0.00649758 0.0073843 ], ([0.00152726 0.00488293 0.00347881 0.0026586  0.00385705 0.00385763
 0.00498321 0.00280962 0.00484318 0.00528191]) 	 loss 5.078E-01 	 horizons 19.0
step 9701 	 return [0.         0.00264576 0.00704429 0.01361359 0.0079989  0.00947991
 0.01516712 0.00961749 0.00783837 0.00812094], ([0.         0.00353041 0.00391334 0.00500323 0.00301435 0.00485059
 0.00575719 0.00523297 0.00395006 0.00300175]) 	 loss 4.736E-01 	 horizons 19.0
step 9891 	 return [0.         0.00382683 0.00661832 0.01407736 0.00602648 0.0117261
 0.01638411 0.00763786 0.00587018 0.00967555], ([0.         0.00380693 0.00416078 0.00446586 0.002923   0.00445054
 0.00630996 0.00320052 0.00452476 0.00415854]) 	 loss 5.061E-01 	 horizons 19.0
step 10081 	 return [0.         0.00104667 0.00878903 0.01359736 0.00733393 0.01134573
 0.02068094 0.01025854 0.00964231 0.01104921], ([0.         0.00209335 0.0024431  0.00353379 0.00326766 0.00396567
 0.00517304 0.00416118 0.00468228 0.00414724]) 	 loss 4.653E-01 	 horizons 19.0
step 10271 	 return [0.         0.         0.00942469 0.0055557  0.00819563 0.00990953
 0.01104569 0.00613548 0.00893316 0.00426833], ([0.         0.         0.00166001 0.00574079 0.00403477 0.00327905
 0.00543817 0.0058109  0.00393978 0.00204702]) 	 loss 4.651E-01 	 horizons 19.0
step 10461 	 return [0.         0.00131923 0.00870702 0.0128108  0.00646364 0.01009696
 0.01712302 0.01071612 0.00952805 0.0095444 ], ([0.         0.00204113 0.00260368 0.00515826 0.00286143 0.00306464
 0.0052307  0.00421991 0.0040335  0.00335855]) 	 loss 4.170E-01 	 horizons 19.0
step 10651 	 return [0.         0.00138594 0.00944309 0.01449295 0.00757816 0.00970456
 0.01838106 0.01054448 0.0066907  0.0088574 ], ([0.         0.00213032 0.00287421 0.00464805 0.00458096 0.00270072
 0.00842822 0.00400438 0.00407941 0.00501866]) 	 loss 4.408E-01 	 horizons 19.0
step 10841 	 return [0.00012236 0.00242612 0.00806361 0.00591638 0.0071987  0.00776225
 0.0132354  0.0062777  0.00940162 0.00451978], ([0.00036708 0.00291886 0.0016536  0.0038457  0.00371741 0.0026236
 0.00593676 0.00364966 0.00470396 0.00203903]) 	 loss 4.003E-01 	 horizons 19.0
step 11031 	 return [0.00012317 0.00192022 0.0094677  0.00692173 0.00622738 0.00956834
 0.01461403 0.00774904 0.0102248  0.00509737], ([0.00036952 0.00241872 0.00260516 0.00440448 0.00200879 0.00269594
 0.00397997 0.00402541 0.00365202 0.00267999]) 	 loss 4.302E-01 	 horizons 19.0
step 11221 	 return [0.00079866 0.00199741 0.00896031 0.01565228 0.01007294 0.01229611
 0.01540197 0.00782773 0.00562833 0.00683018], ([0.00169777 0.00245496 0.00211382 0.00418385 0.00486712 0.00137922
 0.00596606 0.00442366 0.00346874 0.00496146]) 	 loss 3.907E-01 	 horizons 19.0
step 11411 	 return [0.         0.00216535 0.00836163 0.00387586 0.00621497 0.00794551
 0.01142723 0.00555388 0.01149757 0.00363201], ([0.         0.00262706 0.00166134 0.00294808 0.00330929 0.00380244
 0.00478446 0.00394591 0.00504897 0.00097388]) 	 loss 4.043E-01 	 horizons 19.0
step 11601 	 return [0.         0.00364645 0.01132609 0.01984048 0.0086639  0.01107587
 0.02122804 0.01405145 0.0089977  0.00972309], ([0.         0.00238737 0.00318893 0.00330551 0.00408203 0.0026167
 0.00367935 0.00294594 0.00256219 0.00180134]) 	 loss 3.618E-01 	 horizons 19.0
step 11791 	 return [0.         0.00406885 0.00806715 0.01706896 0.00411844 0.01013997
 0.02089191 0.0136972  0.01044688 0.01027431], ([0.         0.00423359 0.00582754 0.00320473 0.00339748 0.00267199
 0.00601144 0.00325575 0.00395438 0.00290784]) 	 loss 3.534E-01 	 horizons 19.0
step 11981 	 return [0.         0.00310822 0.01017758 0.01934801 0.00577561 0.01005972
 0.01971057 0.01419999 0.00925937 0.00951112], ([0.         0.00254131 0.0035636  0.00341993 0.00275847 0.00216844
 0.00447125 0.00342189 0.00366736 0.00280932]) 	 loss 3.680E-01 	 horizons 19.0
step 12171 	 return [0.         0.0015476  0.00953465 0.01760679 0.00674858 0.01127528
 0.02179783 0.01162038 0.01071133 0.01028746], ([0.         0.0023649  0.00286832 0.00349817 0.00266672 0.00414846
 0.00162534 0.00399349 0.00476287 0.00363708]) 	 loss 2.829E-01 	 horizons 19.0
step 12361 	 return [0.         0.00416489 0.00696816 0.01494376 0.00951913 0.01064408
 0.01486901 0.00928691 0.00584285 0.00923657], ([0.         0.00301281 0.00356436 0.00444321 0.00477639 0.00325608
 0.00719287 0.00457419 0.00366009 0.00353376]) 	 loss 3.281E-01 	 horizons 19.0
step 12551 	 return [0.         0.00393694 0.00929366 0.01907623 0.00683002 0.0089812
 0.01974926 0.01455165 0.01043868 0.00959297], ([0.         0.00353894 0.00472296 0.00376388 0.00521768 0.00318488
 0.00545127 0.00304697 0.00307849 0.00278398]) 	 loss 3.220E-01 	 horizons 19.0
step 12741 	 return [0.         0.00442249 0.00671667 0.01572851 0.00622256 0.007622
 0.01789344 0.01089387 0.01078581 0.00937776], ([0.         0.00347647 0.00420571 0.00428179 0.00334379 0.00285346
 0.0055031  0.00233815 0.00302075 0.00474122]) 	 loss 3.115E-01 	 horizons 19.0
step 12931 	 return [0.         0.00430142 0.01148205 0.01852818 0.00645986 0.0092518
 0.02020108 0.01422803 0.00980719 0.00909869], ([0.         0.00255592 0.00320141 0.0034917  0.00269352 0.00343758
 0.00339419 0.00318044 0.00213567 0.00222613]) 	 loss 3.164E-01 	 horizons 19.0
step 13121 	 return [0.         0.00569024 0.00995687 0.01961621 0.00618052 0.00902117
 0.019424   0.0150736  0.00978438 0.00804484], ([0.         0.003463   0.00441498 0.00529099 0.00267253 0.00131859
 0.00446102 0.00319038 0.00164399 0.0025675 ]) 	 loss 3.034E-01 	 horizons 19.0
step 13311 	 return [0.         0.00371369 0.00908413 0.01321375 0.00671833 0.01012537
 0.02055103 0.0105615  0.00999662 0.01274335], ([0.         0.00228566 0.00283965 0.00464403 0.00066144 0.00326962
 0.00281199 0.00310455 0.00302615 0.00239631]) 	 loss 2.474E-01 	 horizons 19.0
step 13501 	 return [0.         0.00417766 0.01147389 0.01910645 0.01008964 0.01148075
 0.01791088 0.01271288 0.00807098 0.00806574], ([0.         0.00188457 0.00245518 0.00350145 0.00500406 0.00337036
 0.00616694 0.00408139 0.00358819 0.00349491]) 	 loss 2.613E-01 	 horizons 19.0
step 13691 	 return [0.         0.00594001 0.00847787 0.01770521 0.0047503  0.01154069
 0.02127684 0.01286169 0.01112063 0.01139576], ([0.         0.00140468 0.00416916 0.00361041 0.00312973 0.00259988
 0.00335024 0.0020118  0.00227607 0.00233853]) 	 loss 2.163E-01 	 horizons 19.0
step 13881 	 return [0.00024654 0.00191304 0.00776013 0.00576257 0.00440004 0.00734281
 0.013439   0.00547035 0.01506684 0.00356264], ([0.00049309 0.00309333 0.0019045  0.00146942 0.0042129  0.00402783
 0.00418873 0.00204577 0.00428297 0.00079701]) 	 loss 1.892E-01 	 horizons 19.0
step 14071 	 return [0.         0.00382422 0.00873359 0.01613788 0.00528322 0.009307
 0.01978552 0.0127363  0.0100701  0.01004557], ([0.         0.00266944 0.00490821 0.00337537 0.00267191 0.00399226
 0.00469336 0.00335441 0.00212832 0.00318529]) 	 loss 1.920E-01 	 horizons 19.0
step 14261 	 return [0.         0.00557085 0.00935079 0.01623255 0.00612619 0.01024778
 0.02092325 0.01393383 0.01127094 0.0116658 ], ([0.         0.00130299 0.00408937 0.00483348 0.00207223 0.00227809
 0.00354933 0.00202816 0.00223678 0.00233922]) 	 loss 2.001E-01 	 horizons 19.0
step 14451 	 return [0.         0.00508749 0.00990035 0.01965408 0.00783142 0.0093817
 0.02019362 0.01526997 0.00993634 0.00834882], ([0.         0.00025266 0.00342033 0.0034561  0.00147364 0.00177177
 0.00307923 0.00200893 0.00182907 0.00206724]) 	 loss 1.970E-01 	 horizons 19.0
step 14641 	 return [0.         0.00441422 0.00855729 0.01558112 0.00633788 0.01192741
 0.02195841 0.01326238 0.01259547 0.01300115], ([0.         0.00230509 0.0034243  0.00281594 0.00212372 0.00271146
 0.00202631 0.00186717 0.00220318 0.00205171]) 	 loss 1.379E-01 	 horizons 19.0
step 14831 	 return [0.         0.00607699 0.00975886 0.01861814 0.00556029 0.00923771
 0.02202505 0.01514294 0.01166963 0.01087148], ([0.         0.00168592 0.00404216 0.0036478  0.00278022 0.00234396
 0.00336487 0.00188328 0.00169164 0.00201073]) 	 loss 1.415E-01 	 horizons 19.0
step 15021 	 return [0.         0.00052561 0.00928563 0.01392479 0.00734317 0.01345924
 0.02094614 0.01238975 0.01353835 0.01422248], ([0.         0.00157684 0.00215728 0.00056269 0.00064208 0.00190102
 0.00276259 0.00099433 0.00187812 0.00131071]) 	 loss 1.353E-01 	 horizons 19.0
step 15211 	 return [0.         0.00519109 0.0093903  0.02139628 0.00876036 0.00958671
 0.02096877 0.01561628 0.00880747 0.00871627], ([0.0000000e+00 9.2794566e-05 3.2391774e-03 6.0014892e-04 1.8477549e-03
 7.8257662e-04 2.6418299e-03 1.3227302e-03 4.8506001e-05 1.9353067e-03]) 	 loss 1.516E-01 	 horizons 19.0
step 15401 	 return [0.         0.00517215 0.01185728 0.02059975 0.0069949  0.00906334
 0.02178796 0.01600314 0.00930896 0.01000854], ([0.         0.00013427 0.00190313 0.0023057  0.00016537 0.00200704
 0.00219491 0.00138929 0.00165774 0.00155043]) 	 loss 1.420E-01 	 horizons 19.0
step 15591 	 return [0.         0.00522273 0.01255748 0.02141599 0.00694742 0.00907075
 0.02179451 0.01647599 0.0097291  0.00934509], ([0.0000000e+00 2.3369897e-05 3.5790974e-04 5.2456441e-04 1.9215222e-05
 1.1271260e-03 1.2648277e-03 1.2785009e-04 1.4929809e-03 2.2333200e-04]) 	 loss 1.179E-01 	 horizons 19.0
step 15781 	 return [0.         0.00523363 0.01162131 0.0191554  0.00695069 0.0087649
 0.02133672 0.01562828 0.01082703 0.01030888], ([0.0000000e+00 8.6545188e-06 1.9866102e-03 3.4678197e-03 2.0405005e-05
 2.0229120e-03 2.5345932e-03 1.5450646e-03 1.7917984e-03 1.7170626e-03]) 	 loss 1.170E-01 	 horizons 19.0
step 15971 	 return [0.         0.00518124 0.00984829 0.01584919 0.00687529 0.01003275
 0.0191282  0.0138396  0.01149578 0.01125685], ([0.         0.00011393 0.00250531 0.00303626 0.00014603 0.00353675
 0.00335463 0.00162266 0.00208837 0.00331029]) 	 loss 1.292E-01 	 horizons 19.0
step 16161 	 return [0.         0.00522148 0.00881342 0.01379027 0.00692926 0.01164875
 0.01903641 0.0133081  0.01159131 0.01301692], ([0.0000000e+00 3.9475166e-05 2.1010851e-03 2.1865044e-04 4.8940918e-05
 2.2491557e-03 3.1206580e-03 1.1896940e-03 2.1937173e-03 1.2935703e-03]) 	 loss 1.213E-01 	 horizons 19.0
step 16351 	 return [0.         0.00052235 0.01037516 0.01395569 0.00782624 0.01374406
 0.02097831 0.01267201 0.01303378 0.0138545 ], ([0.         0.00156705 0.00250378 0.00019324 0.00051124 0.00341753
 0.00302397 0.00111829 0.00206888 0.00132   ]) 	 loss 1.011E-01 	 horizons 19.0
step 16541 	 return [0.         0.00524308 0.00795997 0.01391002 0.00695512 0.01248864
 0.02022676 0.01282391 0.01248938 0.01343672], ([0.0000000e+00 1.5990299e-05 2.1063327e-03 9.4041956e-05 3.4019136e-05
 2.3311651e-03 3.2114247e-03 1.1915148e-03 2.1906570e-03 1.3848251e-03]) 	 loss 1.122E-01 	 horizons 19.0
step 16731 	 return [0.         0.00470946 0.01293081 0.02154348 0.00695816 0.00857255
 0.022169   0.01653082 0.01039365 0.0092777 ], ([0.0000000e+00 1.5698214e-03 6.7755027e-04 1.6836259e-04 5.0360645e-06
 1.0520183e-03 3.4633765e-04 5.7747686e-05 1.6141165e-03 3.8298880e-05]) 	 loss 9.950E-02 	 horizons 19.0
step 16921 	 return [0.         0.00522299 0.01261286 0.0214456  0.0069465  0.00798746
 0.02285491 0.0165023  0.00878133 0.0093475 ], ([0.0000000e+00 2.2565300e-05 1.3430381e-05 1.6166890e-04 1.7982666e-05
 6.7112199e-04 3.7302877e-04 9.1478360e-06 5.5624005e-06 2.2156951e-04]) 	 loss 8.873E-02 	 horizons 19.0
step 17111 	 return [0.         0.00524132 0.00848075 0.0138947  0.0069506  0.0122384
 0.01994391 0.01263586 0.01234804 0.01303671], ([0.0000000e+00 1.5413816e-05 2.2552635e-03 9.2750808e-05 3.3016691e-05
 2.2461740e-03 3.0903001e-03 1.4504594e-03 2.1149807e-03 1.5662815e-03]) 	 loss 1.014E-01 	 horizons 19.0
step 17301 	 return [0.         0.00522533 0.01203101 0.02139757 0.00732273 0.00799367
 0.02251207 0.01644072 0.01036246 0.00936382], ([0.0000000e+00 2.3464996e-05 1.9468063e-03 1.8307386e-04 1.1207269e-03
 6.6854112e-04 4.9894344e-04 2.9332982e-04 1.5851260e-03 2.1674493e-04]) 	 loss 9.999E-02 	 horizons 19.0
step 17491 	 return [0.         0.00521975 0.01274191 0.02133423 0.00694725 0.00783473
 0.02249097 0.01657629 0.0116813  0.00944895], ([0.0000000e+00 3.1087769e-05 5.4495991e-05 1.4525793e-04 2.5508778e-05
 2.3329411e-04 3.8335699e-04 2.7237573e-05 9.7216957e-04 2.8924094e-04]) 	 loss 1.014E-01 	 horizons 19.0
step 17681 	 return [0.         0.00521975 0.01274191 0.02133423 0.00694725 0.00783473
 0.02249097 0.01657629 0.0116813  0.00944895], ([0.0000000e+00 3.1087769e-05 5.4495988e-05 1.4525793e-04 2.5508778e-05
 2.3329411e-04 3.8335702e-04 2.7237573e-05 9.7216963e-04 2.8924094e-04]) 	 loss 8.974E-02 	 horizons 19.0
step 17871 	 return [0.         0.00468332 0.0129854  0.02128347 0.00693895 0.00861084
 0.02255388 0.01607114 0.01149219 0.00958183], ([0.0000000e+00 1.5614745e-03 6.5799057e-04 1.9779807e-04 2.8364550e-05
 1.5581555e-03 5.2295340e-04 1.4864102e-03 1.0627464e-03 3.6871852e-04]) 	 loss 8.653E-02 	 horizons 19.0
step 18061 	 return [0.         0.00523042 0.01242098 0.02068034 0.00694926 0.00789984
 0.0221771  0.01629208 0.00920769 0.00952386], ([0.0000000e+00 2.6872390e-06 6.2868773e-04 2.2952040e-03 1.2147492e-05
 5.7791662e-04 1.9689114e-03 6.7005103e-04 9.8197348e-04 7.3898776e-04]) 	 loss 1.003E-01 	 horizons 19.0
step 18251 	 return [0.         0.00523134 0.00715146 0.01383468 0.00695646 0.01444969
 0.02173764 0.01146588 0.01365869 0.01422831], ([0.0000000e+00 3.5747955e-05 1.8400215e-03 2.0799538e-04 3.5250669e-05
 3.1909422e-04 2.5414962e-03 7.7124179e-04 1.2260361e-03 1.1033765e-03]) 	 loss 9.619E-02 	 horizons 19.0
step 18441 	 return [0.         0.00304083 0.00908156 0.0146549  0.00789738 0.01212724
 0.01961222 0.01224346 0.01249914 0.01273057], ([0.         0.00249638 0.00263466 0.00239696 0.00238488 0.0028531
 0.00449528 0.00121382 0.002274   0.00342465]) 	 loss 1.029E-01 	 horizons 19.0
step 18631 	 return [0.         0.00522265 0.01103057 0.02024559 0.00764987 0.00973362
 0.02091934 0.0145833  0.01144964 0.00966827], ([0.0000000e+00 3.2377306e-05 2.5081253e-03 2.2076282e-03 1.4228878e-03
 2.5266542e-03 2.2797449e-03 2.4408707e-03 1.0565710e-03 7.5765356e-04]) 	 loss 9.756E-02 	 horizons 19.0
step 18821 	 return [0.         0.00471773 0.01028241 0.02138162 0.00837452 0.01159516
 0.02163718 0.01309    0.01023856 0.00925393], ([0.0000000e+00 1.5726029e-03 3.4323984e-03 4.9325160e-04 1.7249535e-03
 2.4640721e-03 1.2517297e-03 2.6500062e-03 9.7731489e-04 4.8965539e-05]) 	 loss 9.902E-02 	 horizons 19.0
step 19011 	 return [0.         0.00524799 0.0112157  0.02103984 0.00763496 0.0125675
 0.02124034 0.01177724 0.01055498 0.00923926], ([0.0000000e+00 8.4286330e-06 2.5479917e-03 6.8901281e-04 1.3302317e-03
 1.2252741e-03 2.0490771e-03 1.6253243e-03 1.3078178e-03 5.2018586e-05]) 	 loss 9.772E-02 	 horizons 19.0
step 19201 	 return [0.         0.00524106 0.00623322 0.01390545 0.00697092 0.01451044
 0.02297066 0.01185141 0.01427296 0.014717  ], ([0.0000000e+00 3.0149145e-05 1.3888069e-05 1.6269981e-04 2.3937599e-05
 2.3682415e-04 2.4357140e-04 7.4096107e-07 1.0171159e-05 2.9915312e-04]) 	 loss 8.260E-02 	 horizons 19.0
step 19391 	 return [0.         0.00567122 0.00607688 0.01404258 0.00628036 0.01415198
 0.02265738 0.01165023 0.01395463 0.0143362 ], ([0.         0.00124891 0.00244747 0.00022206 0.00209349 0.00055185
 0.00249346 0.00057539 0.0009143  0.0008713 ]) 	 loss 9.357E-02 	 horizons 19.0
step 19581 	 return [0.         0.00151492 0.00950463 0.01364685 0.00769008 0.01336789
 0.01911998 0.01012153 0.01357048 0.0118415 ], ([0.         0.00231612 0.00194596 0.00048469 0.00052097 0.00403987
 0.00439662 0.00234442 0.00216969 0.00458135]) 	 loss 9.258E-02 	 horizons 19.0
step 19771 	 return [0.00234931 0.01115412 0.00310045 0.01115899 0.00934885 0.00711403
 0.01095766 0.0065138  0.00551764 0.00327058], ([0.0028773  0.00228909 0.00143617 0.00433425 0.00221975 0.00304274
 0.00144648 0.00255832 0.00507855 0.00333241]) 	 loss 9.458E-02 	 horizons 19.0
step 19961 	 return [0.00053004 0.00158191 0.00875365 0.01453115 0.0086358  0.01523412
 0.02124124 0.01117333 0.01292676 0.01321432], ([0.00159012 0.00241645 0.00186562 0.0016237  0.00279869 0.00201167
 0.00507335 0.00224461 0.0043096  0.00440629]) 	 loss 7.447E-02 	 horizons 19.0
step 20151 	 return [0.         0.00522413 0.01132637 0.02135059 0.00769282 0.00776767
 0.022739   0.01631799 0.00936338 0.00935652], ([0.0000000e+00 2.3023475e-05 2.5658829e-03 1.5353068e-04 1.4959020e-03
 1.7682996e-04 4.9959437e-04 3.7401199e-04 1.1655872e-03 2.1920248e-04]) 	 loss 6.734E-02 	 horizons 19.0
step 20341 	 return [0.         0.00367304 0.01259566 0.02049366 0.00730648 0.0116216
 0.02154067 0.01228449 0.01090965 0.00948354], ([0.         0.00240458 0.0024625  0.00227166 0.00099642 0.00205329
 0.00224756 0.00222045 0.00103472 0.00076239]) 	 loss 1.069E-01 	 horizons 19.0
step 20531 	 return [0.         0.00523574 0.01254208 0.02113683 0.00695899 0.00899538
 0.02160315 0.01551645 0.0109565  0.00927015], ([0.0000000e+00 3.6672025e-06 3.7214591e-04 5.6174659e-04 3.4524221e-06
 2.5607187e-03 1.7229264e-03 2.1003298e-03 1.3416976e-03 5.4616401e-05]) 	 loss 9.027E-02 	 horizons 19.0
step 20721 	 return [0.         0.00391924 0.01112897 0.01352853 0.00715194 0.01268637
 0.01913389 0.0110121  0.01084656 0.01141068], ([0.         0.00237293 0.00118812 0.00022381 0.00052358 0.00160372
 0.00204534 0.00177348 0.00174484 0.00160426]) 	 loss 8.172E-02 	 horizons 19.0
step 20911 	 return [0.         0.00538341 0.01137083 0.01919394 0.00729126 0.01339819
 0.01977961 0.01100463 0.01023032 0.00916123], ([0.0000000e+00 2.7364577e-04 1.8013153e-03 2.7702504e-03 1.0015439e-03
 8.2184619e-04 1.9638955e-03 6.3402398e-04 9.6552260e-04 9.8639124e-05]) 	 loss 8.674E-02 	 horizons 19.0
step 21101 	 return [0.         0.00540022 0.01218493 0.01910221 0.00693875 0.00893686
 0.0215177  0.01498226 0.0099944  0.00954721], ([0.0000000e+00 3.6616903e-04 7.7378046e-04 3.4760113e-03 2.2874070e-05
 1.9405725e-03 2.1114885e-03 2.6358967e-03 1.3637956e-03 7.7749277e-04]) 	 loss 9.813E-02 	 horizons 19.0
step 21291 	 return [0.         0.00468362 0.01221978 0.02162639 0.0073221  0.01006954
 0.021982   0.01636795 0.00878518 0.00948224], ([0.0000000e+00 1.5615703e-03 1.2311500e-03 1.9905648e-04 1.1667509e-03
 3.1993110e-04 3.9915732e-04 3.1525100e-04 1.8177498e-05 3.4451488e-04]) 	 loss 1.126E-01 	 horizons 19.0
step 21481 	 return [0.         0.00614958 0.01129799 0.01371928 0.00691149 0.01210065
 0.02032318 0.00988139 0.00983227 0.00929869], ([0.0000000e+00 3.2216049e-04 5.2599706e-05 1.6464469e-04 2.5211704e-05
 4.8197102e-04 4.0080975e-04 3.0887197e-05 1.0107943e-03 5.1352225e-04]) 	 loss 8.806E-02 	 horizons 19.0
step 21671 	 return [0.         0.00052561 0.00954255 0.0140316  0.00752856 0.01399415
 0.02282512 0.011892   0.01432583 0.01462341], ([0.0000000e+00 1.5768405e-03 1.9384922e-03 2.1864615e-04 4.8861763e-04
 1.9200351e-03 1.8329926e-04 5.8820428e-05 7.3240779e-05 1.2536833e-04]) 	 loss 9.300E-02 	 horizons 19.0
step 21861 	 return [0.         0.00465452 0.01148742 0.01438109 0.00694627 0.01195366
 0.01941824 0.00971084 0.01256509 0.01006333], ([0.         0.00155419 0.00238112 0.00238847 0.00026225 0.00212232
 0.00226472 0.00143205 0.00159192 0.00253776]) 	 loss 8.575E-02 	 horizons 19.0
step 22051 	 return [0.00043419 0.01159055 0.00364401 0.00908361 0.00757612 0.0045195
 0.01258523 0.00877908 0.00955308 0.00579392], ([0.00066587 0.00228807 0.00267303 0.00258259 0.00235338 0.00177113
 0.00169584 0.00348812 0.00298923 0.00296323]) 	 loss 9.295E-02 	 horizons 19.0
step 22241 	 return [0.         0.0041811  0.01102792 0.01384573 0.00707682 0.01358192
 0.0178008  0.01032042 0.01183704 0.01248798], ([0.         0.00209075 0.00037713 0.00027235 0.00030345 0.0007583
 0.00254654 0.0007918  0.00125134 0.00112771]) 	 loss 8.720E-02 	 horizons 19.0
step 22431 	 return [0.         0.         0.01025073 0.01419201 0.00852451 0.01319982
 0.02234641 0.01141013 0.01451403 0.01379129], ([0.         0.         0.00186831 0.00056561 0.00199959 0.00357553
 0.00242295 0.00156904 0.00044346 0.00353543]) 	 loss 8.953E-02 	 horizons 19.0
step 22621 	 return [0.         0.00522899 0.00899043 0.01377314 0.00692976 0.01345772
 0.01914232 0.01055754 0.0115559  0.0126597 ], ([0.0000000e+00 3.3240794e-05 2.2614249e-03 2.0777005e-04 4.9590864e-05
 2.0223630e-03 3.1453460e-03 8.6214853e-04 2.4502566e-03 1.3185864e-03]) 	 loss 8.276E-02 	 horizons 19.0
step 22811 	 return [0.         0.00509567 0.01261276 0.02153159 0.00702363 0.00926924
 0.02150355 0.01650782 0.00909725 0.00985275], ([0.0000000e+00 1.5945353e-04 5.3919815e-05 4.6241595e-04 2.3082334e-04
 1.0203127e-03 2.5879045e-03 4.4549641e-05 9.7022095e-04 2.8411052e-04]) 	 loss 7.991E-02 	 horizons 19.0
step 23001 	 return [0.00143647 0.00817425 0.00388732 0.00863556 0.00815864 0.00287867
 0.01200704 0.00629026 0.00887018 0.00403059], ([0.00030634 0.00298251 0.00240475 0.00259001 0.00210639 0.00079142
 0.00129919 0.00018549 0.00329863 0.00090522]) 	 loss 9.113E-02 	 horizons 19.0
step 23191 	 return [0.         0.00103397 0.01122573 0.01407863 0.00758235 0.01310511
 0.02171689 0.01151595 0.013722   0.01424798], ([0.         0.00206794 0.00109243 0.00034474 0.00039407 0.00167503
 0.00236655 0.00079779 0.00126271 0.0008809 ]) 	 loss 1.019E-01 	 horizons 19.0
step 23381 	 return [0.         0.00261097 0.01469489 0.021739   0.00759476 0.01280965
 0.02247088 0.0115291  0.01020644 0.00942553], ([0.0000000e+00 2.6111032e-03 2.5956952e-03 3.8227969e-04 1.2229444e-03
 8.5737248e-04 7.3546293e-04 3.5259713e-04 4.4210530e-05 2.9019950e-04]) 	 loss 8.140E-02 	 horizons 19.0
step 23571 	 return [0.00052216 0.000673   0.01025006 0.0048913  0.0056588  0.01031832
 0.01665343 0.00580414 0.0123884  0.00319655], ([0.00027524 0.00067672 0.00028237 0.00023164 0.00095955 0.0005379
 0.00110406 0.00120263 0.00179819 0.00013804]) 	 loss 8.669E-02 	 horizons 19.0
step 23761 	 return [0.00045064 0.00045885 0.01069541 0.00578483 0.00552472 0.01025774
 0.01728377 0.00742462 0.01129556 0.00378482], ([0.00015021 0.00015295 0.00151604 0.00244789 0.00184157 0.00027104
 0.00024928 0.00305749 0.00083176 0.00197185]) 	 loss 7.841E-02 	 horizons 19.0
step 23951 	 return [0.         0.00596511 0.01124749 0.01370739 0.00695401 0.01277654
 0.01938771 0.0099031  0.00967166 0.00963558], ([0.0000000e+00 4.3154770e-04 1.4841344e-04 3.2268828e-04 1.6895942e-04
 9.0524886e-04 2.1887519e-03 5.4764507e-05 5.1540363e-04 7.8503980e-04]) 	 loss 5.710E-02 	 horizons 19.0
step 24141 	 return [0.00110624 0.00729396 0.00617749 0.00685444 0.00897685 0.00396008
 0.01247981 0.00616694 0.01083075 0.00373642], ([0.00075074 0.00322668 0.00174118 0.00075324 0.00303127 0.00145011
 0.00086864 0.00095846 0.00353638 0.00083505]) 	 loss 6.981E-02 	 horizons 19.0
step 24331 	 return [0.         0.00522076 0.01056855 0.01372654 0.00692533 0.0136491
 0.01841807 0.01013537 0.01168182 0.01175061], ([0.0000000e+00 3.9949911e-05 1.4683036e-03 2.0539528e-04 3.4752833e-05
 6.2751886e-04 2.5613613e-03 5.7261100e-04 1.2348864e-03 1.1084644e-03]) 	 loss 7.551E-02 	 horizons 19.0
step 24521 	 return [0.         0.00523057 0.01044038 0.01376977 0.00693249 0.01378448
 0.01751354 0.01012178 0.01168307 0.01206849], ([0.0000000e+00 3.2219185e-05 1.4104532e-03 1.7646299e-04 2.9433104e-05
 4.9369701e-04 2.1771521e-03 5.7655165e-04 9.9206122e-04 8.7539607e-04]) 	 loss 7.635E-02 	 horizons 19.0
step 24711 	 return [0.         0.00412824 0.01107836 0.01387555 0.00712349 0.01339338
 0.01767801 0.01033335 0.01200188 0.01251021], ([0.         0.00206799 0.00039263 0.00037357 0.00032496 0.00081501
 0.0034081  0.00078583 0.00126438 0.00114217]) 	 loss 6.404E-02 	 horizons 19.0
step 24901 	 return [0.00159553 0.00826222 0.00443711 0.00843971 0.00969372 0.00454187
 0.01305349 0.00658791 0.0107855  0.00444297], ([0.001537   0.0031707  0.00082146 0.00287799 0.00120714 0.00227151
 0.00146503 0.00069565 0.00424293 0.00491944]) 	 loss 7.318E-02 	 horizons 19.0
step 25091 	 return [0.         0.00520653 0.01263121 0.02167272 0.00693528 0.01010869
 0.02205941 0.01647339 0.00878035 0.00949058], ([0.00000000e+00 3.45401895e-05 1.48192785e-05 1.76015790e-04
 2.74239646e-05 2.73065962e-04 2.77914252e-04 5.12910992e-06
 8.24464405e-06 3.38190439e-04]) 	 loss 7.015E-02 	 horizons 19.0
step 25281 	 return [0.         0.00587171 0.01124722 0.0143708  0.00694238 0.01134639
 0.01932888 0.01090521 0.00976645 0.01014586], ([0.         0.00057494 0.00053597 0.0020969  0.00016947 0.00164641
 0.00310591 0.00176078 0.0006261  0.00133983]) 	 loss 7.070E-02 	 horizons 19.0
step 25471 	 return [0.         0.         0.00924126 0.01393343 0.0080946  0.01592945
 0.0231473  0.01196392 0.01441006 0.01491216], ([0.0000000e+00 0.0000000e+00 1.6631556e-03 2.7953446e-04 2.7109249e-04
 2.4977769e-03 2.9216902e-04 3.9215040e-05 4.7073361e-05 3.2351483e-04]) 	 loss 7.339E-02 	 horizons 19.0
step 25661 	 return [0.         0.00531308 0.01188763 0.01748433 0.00694962 0.01326708
 0.02006179 0.01074786 0.01034249 0.01002251], ([0.0000000e+00 2.0052359e-04 8.9441001e-04 3.7692080e-03 3.4416815e-05
 7.5104932e-04 2.8333860e-03 8.1506919e-04 6.2025693e-04 1.1498403e-03]) 	 loss 7.021E-02 	 horizons 19.0
step 25851 	 return [0.         0.0025093  0.01094058 0.01622908 0.00816588 0.01229463
 0.02088278 0.01156401 0.01310341 0.01197902], ([0.         0.00252146 0.00215012 0.00334975 0.00231245 0.00292278
 0.00381985 0.00086685 0.00181472 0.00350021]) 	 loss 7.502E-02 	 horizons 19.0
step 26041 	 return [0.         0.00583627 0.01131674 0.01381191 0.00692857 0.01219126
 0.01992555 0.00991451 0.01070178 0.00959128], ([0.0000000e+00 4.9856270e-04 1.9853073e-04 1.8690873e-05 8.1818125e-06
 7.0016494e-04 1.3073171e-03 5.5964545e-05 1.5468500e-03 9.5070311e-04]) 	 loss 1.077E-01 	 horizons 19.0
step 26231 	 return [0.00072349 0.00814973 0.00559489 0.01148069 0.01120692 0.00431564
 0.01178017 0.00787158 0.01184895 0.00318038], ([7.4043416e-04 4.0436313e-03 1.9576913e-03 3.5330602e-03 1.2626800e-03
 7.8483339e-04 1.2127038e-03 2.3818694e-03 1.7845023e-03 3.4413490e-05]) 	 loss 9.424E-02 	 horizons 19.0
step 26421 	 return [0.         0.00519478 0.01115099 0.01358692 0.00690196 0.01356974
 0.01879662 0.00995554 0.01137063 0.01129755], ([0.0000000e+00 4.1425355e-05 3.1252729e-04 2.0378997e-04 3.1571766e-05
 7.5331319e-04 2.3350248e-03 3.5437726e-05 1.1489408e-03 8.3666953e-04]) 	 loss 9.081E-02 	 horizons 19.0
step 26611 	 return [0.         0.00525701 0.01307123 0.02148667 0.00698702 0.01238536
 0.02245466 0.01165811 0.01336041 0.00928815], ([0.0000000e+00 4.6566129e-10 0.0000000e+00 1.8626451e-09 9.3132257e-10
 9.3132257e-10 1.8626451e-09 0.0000000e+00 9.3132257e-10 0.0000000e+00]) 	 loss 7.988E-02 	 horizons 19.0
step 26801 	 return [0.         0.00547834 0.01098423 0.01426736 0.00709322 0.01075914
 0.01850629 0.0119242  0.00938134 0.00965199], ([0.         0.00195625 0.00199441 0.00251027 0.00038277 0.00207915
 0.00272984 0.00255161 0.00040907 0.00126573]) 	 loss 6.009E-02 	 horizons 19.0
step 26991 	 return [0.         0.00510369 0.01082523 0.01400795 0.00709333 0.01369003
 0.01480056 0.00995183 0.01122063 0.01203488], ([0.0000000e+00 2.0095815e-04 2.8645652e-05 3.7055259e-04 2.4713858e-04
 3.3903756e-04 2.5535403e-03 4.1013882e-05 1.2349822e-05 3.3688804e-04]) 	 loss 6.117E-02 	 horizons 19.0
step 27181 	 return [0.         0.00535651 0.01130677 0.01464681 0.00703176 0.01334231
 0.01784185 0.01011686 0.01059656 0.01056928], ([0.         0.00032883 0.00057699 0.00254331 0.00022621 0.00068747
 0.00222182 0.00053143 0.00106828 0.00114152]) 	 loss 5.568E-02 	 horizons 19.0
step 27371 	 return [0.         0.0058057  0.0111309  0.013838   0.00701444 0.01214567
 0.01811105 0.01078168 0.00956091 0.00982285], ([0.         0.00048224 0.00032047 0.00033036 0.00021795 0.00143606
 0.00309002 0.00177079 0.00012394 0.00133784]) 	 loss 6.378E-02 	 horizons 19.0
step 27561 	 return [0.00015451 0.01223794 0.00306483 0.00872896 0.00714071 0.0049315
 0.01304991 0.00728042 0.01256623 0.0039883 ], ([0.00046353 0.00137774 0.00200765 0.00264757 0.00390981 0.00122829
 0.00182056 0.00215479 0.00112118 0.00253642]) 	 loss 6.920E-02 	 horizons 19.0
step 27751 	 return [0.         0.00516661 0.01303126 0.02166999 0.00709147 0.01249276
 0.02137538 0.01167053 0.0127266  0.00941736], ([0.0000000e+00 1.8080750e-04 8.0186575e-05 3.7461368e-04 2.0889463e-04
 5.3727115e-04 2.1704633e-03 2.5517436e-05 1.2676020e-03 2.5842380e-04]) 	 loss 7.572E-02 	 horizons 19.0
step 27941 	 return [0.         0.00522717 0.00825352 0.01380379 0.00694714 0.01375757
 0.02153559 0.01109303 0.01354132 0.01330916], ([0.0000000e+00 4.1991818e-05 2.4707497e-03 2.5062228e-04 4.7033722e-05
 8.5769780e-04 1.9845639e-03 9.2843629e-04 1.0063109e-03 1.5459943e-03]) 	 loss 6.131E-02 	 horizons 19.0
step 28131 	 return [0.         0.00730348 0.00689051 0.0120859  0.0078043  0.00677037
 0.01501546 0.01353864 0.0104912  0.00787535], ([0.         0.00361259 0.00381481 0.00279351 0.00223527 0.00144095
 0.00416776 0.00368051 0.00184084 0.00317668]) 	 loss 5.422E-02 	 horizons 19.0
step 28321 	 return [0.         0.00518548 0.01083472 0.01382575 0.00698147 0.01385954
 0.01595545 0.00993362 0.01121447 0.01197298], ([0.0000000e+00 1.3234961e-04 2.1196010e-05 2.8818104e-04 1.6450995e-04
 3.0684579e-04 1.6988075e-03 2.7000238e-05 1.0651209e-05 3.2550850e-04]) 	 loss 8.242E-02 	 horizons 19.0
step 28511 	 return [0.         0.00525701 0.01307123 0.02148667 0.00698702 0.01238536
 0.02245466 0.01165811 0.01336041 0.00928815], ([0.0000000e+00 4.6566129e-10 0.0000000e+00 1.8626451e-09 9.3132257e-10
 9.3132257e-10 1.8626451e-09 0.0000000e+00 9.3132257e-10 0.0000000e+00]) 	 loss 5.005E-02 	 horizons 19.0
step 28701 	 return [0.         0.00046014 0.0093703  0.01471937 0.00881726 0.01614765
 0.01706653 0.01109124 0.01388122 0.01279591], ([0.         0.00138043 0.00285766 0.00096801 0.00130766 0.00286333
 0.00354932 0.00165431 0.00176554 0.00482532]) 	 loss 6.544E-02 	 horizons 19.0
step 28891 	 return [0.00015019 0.01005587 0.00257975 0.00980114 0.00577345 0.0046578
 0.01314217 0.00690754 0.01253947 0.00333667], ([0.00045058 0.00288481 0.00211282 0.00246543 0.00487863 0.00103196
 0.00139385 0.00174025 0.0011118  0.00077828]) 	 loss 7.082E-02 	 horizons 19.0
step 29081 	 return [0.         0.0061364  0.01119158 0.01370182 0.00694995 0.0117877
 0.01962167 0.01031734 0.00952298 0.00963098], ([0.0000000e+00 3.4874730e-04 2.2901868e-04 3.2022860e-04 1.6962162e-04
 6.3717284e-04 1.9214022e-03 1.3185032e-03 8.8654160e-05 1.0055146e-03]) 	 loss 6.762E-02 	 horizons 19.0
step 29271 	 return [0.         0.00532511 0.00808382 0.02112742 0.00929801 0.01223288
 0.02162107 0.01074861 0.0121603  0.00927506], ([0.0000000e+00 2.0660996e-04 2.8909591e-03 5.0853717e-04 1.5234986e-03
 5.1429635e-04 1.7503095e-03 4.8868667e-04 1.3567145e-03 5.1009094e-05]) 	 loss 5.062E-02 	 horizons 19.0
step 29461 	 return [0.         0.00621389 0.0112748  0.01359317 0.00689203 0.0124336
 0.02044782 0.00987257 0.00949061 0.00936229], ([0.0000000e+00 1.4182343e-04 2.3693745e-05 2.0245317e-04 3.0089901e-05
 5.3181505e-04 5.6926138e-04 1.1777258e-05 9.6300064e-06 3.7000299e-04]) 	 loss 6.086E-02 	 horizons 19.0
step 29651 	 return [0.         0.00520481 0.01306164 0.02151911 0.00703397 0.01239174
 0.02196732 0.01166654 0.01335878 0.00942983], ([0.0000000e+00 1.3338668e-04 2.0425676e-05 2.5276499e-04 1.6179991e-04
 2.5595611e-04 1.6739721e-03 2.6827005e-05 6.8577642e-06 2.8365431e-04]) 	 loss 4.562E-02 	 horizons 19.0
step 29841 	 return [0.         0.00574649 0.01249264 0.02099286 0.006936   0.00801098
 0.0225498  0.01386251 0.0083208  0.00970105], ([0.0000000e+00 6.5999007e-04 9.0170142e-05 4.4236862e-04 1.8546659e-04
 4.0270638e-04 1.7191586e-03 2.6552218e-03 4.5229826e-04 3.2966837e-04]) 	 loss 5.462E-02 	 horizons 19.0
step 30031 	 return [0.00136235 0.00310626 0.00877029 0.01412541 0.01172069 0.00321378
 0.01146491 0.00750398 0.0125319  0.00380705], ([0.00053269 0.0008064  0.0020396  0.00047252 0.00125994 0.00121939
 0.00233972 0.00267466 0.00011074 0.00182097]) 	 loss 6.504E-02 	 horizons 19.0
[1;34mwandb[0m: 
[1;34mwandb[0m: 🚀 View run [33mmotndp_xian-v0__LCN-Xian-lambda_lcn__42__1781009289[0m at: [34mhttps://wandb.ai/johnario-tu-delft/cl_ablation/runs/gek14rcd[0m
[1;34mwandb[0m: Find logs at: [1;35mwandb/run-20260609_144809-gek14rcd/logs[0m
