/home/SinJ/mo-transport-network-design/.venv/lib/python3.13/site-packages/pygame/pkgdata.py:25: UserWarning: pkg_resources is deprecated as an API. See https://setuptools.pypa.io/en/latest/pkg_resources.html. The pkg_resources package is slated for removal as early as 2025-11-30. Refrain from using this package or pin to Setuptools<81.
  from pkg_resources import resource_stream, resource_exists
Namespace(env='xian', nr_groups=10, starting_loc_x=9, starting_loc_y=19, nr_stations=20, lr=0.01, batch_size=256, num_er_episodes=100, num_step_episodes=10, num_model_updates=5, num_policies=10, max_buffer_size=100, nr_layers=1, hidden_dim=128, timesteps=30000, no_log=False, project_name='cl_ablation', experiment_name='LCN-Xian-lcn', wandb_entity='johnario-tu-delft', seed=789, cd_threshold=0.2, distance_ref='nondominated', lcn_lambda=None, lambda_schedule='constant', lambda_start=1.0, lambda_end=None, lambda_warmup_fraction=0.0, lambda_freeze_fraction=0.1, spatial_alpha=0.0, include_demand_context=False)
wandb: [wandb.login()] Loaded credentials for https://api.wandb.ai from /home/SinJ/.netrc.
wandb: Currently logged in as: jingyuan-sun03 (johnario-tu-delft) to https://api.wandb.ai. Use `wandb login --relogin` to force relogin
wandb: setting up run 5th4w7ej
wandb: Tracking run with wandb version 0.27.2
wandb: Run data is saved locally in /home/SinJ/mo-transport-network-design/wandb/run-20260609_144810-5th4w7ej
wandb: Run `wandb offline` to turn off syncing.
wandb: Syncing run motndp_xian-v0__LCN-Xian-lcn__789__1781009289
wandb: ⭐️ View project at https://wandb.ai/johnario-tu-delft/cl_ablation
wandb: 🚀 View run at https://wandb.ai/johnario-tu-delft/cl_ablation/runs/5th4w7ej
/home/SinJ/mo-transport-network-design/morl-baselines/morl_baselines/multi_policy/lcn/lcn.py:260: UserWarning: Creating a tensor from a list of numpy.ndarrays is extremely slow. Please consider converting the list to a single numpy.ndarray with numpy.array() before converting to a tensor. (Triggered internally at /pytorch/torch/csrc/utils/tensor_new.cpp:253.)
  th.tensor(obs).to(self.device),
step 1931 	 return [0.00080343 0.00367993 0.00100454 0.00292665 0.00268603 0.00270916
 0.00488347 0.00283352 0.00335662 0.00226272], ([0.00139048 0.00274735 0.00149479 0.00254626 0.00255142 0.00262984
 0.00467746 0.00324156 0.00260084 0.00475742]) 	 loss 1.990E+00 	 horizons 18.2
step 2119 	 return [0.00235363 0.0021188  0.00294697 0.00237934 0.00197543 0.0012545
 0.00361774 0.00117891 0.00154653 0.00080185], ([0.00247876 0.00191536 0.00215935 0.00349268 0.00192509 0.00312646
 0.00403382 0.00145439 0.0023522  0.00150515]) 	 loss 1.858E+00 	 horizons 18.8
step 2305 	 return [0.00145736 0.00472919 0.00314169 0.00526585 0.00198444 0.0050151
 0.00689739 0.00153658 0.00140185 0.0023078 ], ([0.00243218 0.00335898 0.00247811 0.00531107 0.00196066 0.00597088
 0.00751715 0.00259351 0.0022889  0.00360064]) 	 loss 1.580E+00 	 horizons 18.6
step 2495 	 return [0.00312083 0.00371191 0.00364781 0.00356437 0.00564352 0.00403477
 0.00265497 0.0010721  0.00324611 0.00323406], ([0.0043051  0.00323361 0.00334793 0.00253959 0.00337079 0.0044904
 0.00223684 0.00171353 0.00415118 0.00532909]) 	 loss 1.223E+00 	 horizons 19.0
step 2685 	 return [0.00079555 0.00324726 0.00401765 0.00764943 0.00510874 0.0060807
 0.0073585  0.0049026  0.00384145 0.00306113], ([0.00142783 0.00303081 0.00393445 0.00617162 0.00315005 0.00568432
 0.00583576 0.00456138 0.00336726 0.00461668]) 	 loss 1.059E+00 	 horizons 19.0
step 2875 	 return [0.00043289 0.00192643 0.00484237 0.00619323 0.00490118 0.00658423
 0.00623506 0.00562485 0.004188   0.00472562], ([0.00068938 0.00202228 0.00462455 0.00545663 0.00448918 0.00275324
 0.00388214 0.00411096 0.00336239 0.00242524]) 	 loss 1.007E+00 	 horizons 19.0
step 3065 	 return [0.00107461 0.00484786 0.00279094 0.00608892 0.00709189 0.0079291
 0.00698636 0.00482883 0.00586793 0.00692215], ([0.00322383 0.00446586 0.00352234 0.00384148 0.00297577 0.00543326
 0.00735962 0.00311018 0.00380293 0.005031  ]) 	 loss 9.249E-01 	 horizons 19.0
step 3255 	 return [0.00176129 0.00502344 0.00380898 0.00509373 0.00531573 0.00564432
 0.00807024 0.00418142 0.00327281 0.00458627], ([0.00346824 0.00412802 0.00289297 0.00376586 0.00435692 0.00442217
 0.00566241 0.00407219 0.00286342 0.00324506]) 	 loss 9.308E-01 	 horizons 19.0
step 3445 	 return [0.         0.00119136 0.00651852 0.00896386 0.00414906 0.00795428
 0.00847772 0.0036939  0.00564983 0.0045369 ], ([0.         0.00239962 0.00351176 0.00676706 0.00428204 0.00301972
 0.00682172 0.00224222 0.00381511 0.00262412]) 	 loss 8.902E-01 	 horizons 19.0
step 3635 	 return [0.00025322 0.00258686 0.00346094 0.0094691  0.00554631 0.00460621
 0.00998412 0.00418208 0.00411406 0.00373635], ([0.0005354  0.00288392 0.00317003 0.0058633  0.00396344 0.00343578
 0.00652344 0.00386062 0.00246704 0.00285838]) 	 loss 9.666E-01 	 horizons 19.0
step 3825 	 return [0.00089669 0.00358466 0.00504037 0.00453195 0.00523393 0.00696277
 0.00974333 0.0035388  0.00552609 0.00495569], ([0.00231483 0.00373866 0.00422327 0.00405601 0.00438796 0.00347952
 0.00548862 0.0037059  0.00302975 0.00473891]) 	 loss 9.226E-01 	 horizons 19.0
step 4015 	 return [0.00176269 0.00348652 0.00516691 0.00853624 0.00428719 0.00684441
 0.00851733 0.00372262 0.00301797 0.00275854], ([0.00306322 0.00436072 0.00302706 0.00492813 0.00457694 0.00434067
 0.00482254 0.00252147 0.00259117 0.0036332 ]) 	 loss 8.998E-01 	 horizons 19.0
step 4205 	 return [0.         0.00272837 0.00473475 0.01098166 0.00692881 0.0070663
 0.01149746 0.00589941 0.00304627 0.00393403], ([0.         0.00323521 0.00348885 0.00724554 0.00450062 0.00238447
 0.00632747 0.00332998 0.00281521 0.00341356]) 	 loss 8.929E-01 	 horizons 19.0
step 4395 	 return [0.00017268 0.00123073 0.00529533 0.00774554 0.00498328 0.00614968
 0.00893882 0.00582566 0.00244207 0.00402413], ([0.00051805 0.00196216 0.00339329 0.00638368 0.0019145  0.00368522
 0.00646679 0.00473619 0.0027952  0.00333819]) 	 loss 9.043E-01 	 horizons 19.0
step 4585 	 return [0.         0.0014897  0.00450502 0.00841366 0.00608154 0.0064678
 0.01132856 0.00492282 0.00443437 0.00425692], ([0.         0.00205967 0.00384213 0.0060952  0.00396311 0.00396186
 0.0069622  0.00551425 0.00450894 0.00368622]) 	 loss 8.577E-01 	 horizons 19.0
step 4775 	 return [0.00121292 0.00547387 0.00430665 0.00574902 0.00499187 0.00899296
 0.00657074 0.00381024 0.00325773 0.00610787], ([0.00286832 0.00221304 0.00285257 0.00406915 0.00519001 0.00462324
 0.00579799 0.00328678 0.0031899  0.00510913]) 	 loss 7.997E-01 	 horizons 19.0
step 4965 	 return [0.         0.00112644 0.00582923 0.00742533 0.00621331 0.00688327
 0.01029789 0.00186298 0.00364936 0.00258367], ([0.         0.00184164 0.00273607 0.0081254  0.00414347 0.00291944
 0.01011145 0.00391544 0.00310875 0.00220523]) 	 loss 8.274E-01 	 horizons 19.0
step 5155 	 return [0.         0.00154772 0.00554746 0.00509153 0.00716368 0.00674587
 0.00615925 0.00128339 0.00586501 0.00502054], ([0.         0.0025796  0.00293297 0.00608304 0.00366369 0.00271106
 0.00605692 0.0017434  0.00327683 0.0012598 ]) 	 loss 7.820E-01 	 horizons 19.0
step 5345 	 return [0.         0.00093342 0.00654949 0.01085666 0.00709076 0.00762043
 0.01169061 0.00636837 0.00671499 0.00455401], ([0.         0.00187523 0.00257303 0.00566547 0.00385035 0.00410019
 0.00670043 0.00334095 0.00440757 0.00417865]) 	 loss 7.475E-01 	 horizons 19.0
step 5535 	 return [0.         0.00196095 0.00717225 0.00571269 0.00698152 0.00788119
 0.00876694 0.00326813 0.00555783 0.004642  ], ([0.         0.00315574 0.00544269 0.00648028 0.00312477 0.00485122
 0.00722796 0.00306348 0.00444916 0.00307929]) 	 loss 6.829E-01 	 horizons 19.0
step 5725 	 return [0.00017925 0.00094969 0.00686021 0.01394437 0.00428291 0.00835453
 0.01200526 0.0069893  0.00527233 0.0034995 ], ([0.00053774 0.00255938 0.00403591 0.00525334 0.00374539 0.00304682
 0.00421984 0.00372776 0.00359318 0.00329976]) 	 loss 7.371E-01 	 horizons 19.0
step 5915 	 return [9.1409856e-05 1.9035222e-05 8.0909031e-03 3.2549608e-03 6.5598786e-03
 4.7590807e-03 2.9583429e-03 2.7392767e-03 4.1017872e-03 4.5692259e-03], ([2.7422959e-04 5.7105673e-05 3.6748829e-03 6.2247133e-03 3.3304461e-03
 2.3631342e-03 3.3279958e-03 3.0610114e-03 3.7113861e-03 2.7990884e-03]) 	 loss 7.212E-01 	 horizons 19.0
step 6105 	 return [0.0007873  0.00203632 0.00738472 0.01368535 0.00519595 0.00783406
 0.01076405 0.00710107 0.00668267 0.003522  ], ([0.00236191 0.00260192 0.00538564 0.0057497  0.00471759 0.00547028
 0.00772036 0.00436615 0.0031523  0.00497552]) 	 loss 6.800E-01 	 horizons 19.0
step 6295 	 return [0.00051529 0.0036918  0.00322002 0.01096011 0.00657099 0.01138692
 0.01121565 0.00572063 0.00584695 0.00725663], ([0.00154587 0.00327456 0.00236302 0.00465013 0.00493678 0.00208125
 0.0065348  0.00279888 0.00397051 0.00709052]) 	 loss 7.181E-01 	 horizons 19.0
step 6485 	 return [0.00123367 0.00476957 0.00413904 0.0103853  0.00787548 0.009456
 0.00796136 0.00502151 0.00313134 0.00480946], ([0.003701   0.00230433 0.0040322  0.00443655 0.00541982 0.00496151
 0.00930054 0.0033945  0.00463295 0.00539018]) 	 loss 6.476E-01 	 horizons 19.0
step 6675 	 return [0.00037183 0.00427459 0.00476179 0.0113266  0.00532261 0.00890888
 0.01318232 0.004706   0.00532022 0.00612122], ([0.00074367 0.00368495 0.00276606 0.00427499 0.00552213 0.00442547
 0.00566874 0.00528239 0.00366097 0.0047448 ]) 	 loss 6.495E-01 	 horizons 19.0
step 6865 	 return [0.00280754 0.00227653 0.00847903 0.01183746 0.00516513 0.00735441
 0.00827481 0.00420114 0.00429259 0.00207471], ([0.00444018 0.00207581 0.00259688 0.00447932 0.00315289 0.00451115
 0.00669247 0.00392022 0.00473729 0.00179353]) 	 loss 6.736E-01 	 horizons 19.0
step 7055 	 return [0.         0.0010043  0.00881151 0.01229678 0.00733247 0.00922885
 0.01384842 0.00823788 0.00569395 0.00299193], ([0.         0.00179779 0.00462745 0.00339362 0.00402204 0.00413987
 0.00627371 0.00324943 0.00381682 0.0032564 ]) 	 loss 6.074E-01 	 horizons 19.0
step 7245 	 return [0.00110707 0.00204447 0.00721782 0.01001947 0.00672501 0.00858865
 0.00960052 0.00446152 0.00294683 0.00429667], ([0.00283475 0.00205695 0.003208   0.00508068 0.00277237 0.00373944
 0.00665132 0.002894   0.00459361 0.0040585 ]) 	 loss 6.407E-01 	 horizons 19.0
step 7435 	 return [0.00190748 0.00138161 0.00851824 0.0088029  0.0060018  0.0075994
 0.00711952 0.00368429 0.0034469  0.00309672], ([0.00389207 0.00216821 0.00480526 0.00349532 0.0038283  0.00543813
 0.00548755 0.00379719 0.00346095 0.00336864]) 	 loss 6.370E-01 	 horizons 19.0
step 7625 	 return [0.00052757 0.00073728 0.00885073 0.00806858 0.0091501  0.00604552
 0.00596037 0.00429182 0.00524833 0.00535594], ([0.00158271 0.00148401 0.00464509 0.00577675 0.00364957 0.00456542
 0.00435463 0.00371982 0.0046969  0.00324576]) 	 loss 6.280E-01 	 horizons 19.0
step 7815 	 return [0.         0.00076907 0.00830278 0.01338885 0.00841157 0.00888006
 0.01056432 0.00689192 0.00709703 0.00447751], ([0.         0.00154196 0.00257358 0.00647272 0.00388723 0.00475332
 0.00461322 0.00360441 0.00427689 0.00393896]) 	 loss 5.858E-01 	 horizons 19.0
step 8005 	 return [0.00078784 0.0010067  0.00638363 0.00989867 0.00418098 0.00927117
 0.00796212 0.00512086 0.00287158 0.00655712], ([0.00236353 0.00208098 0.00392636 0.0049098  0.00302118 0.00541263
 0.00681071 0.00354766 0.00358253 0.00532379]) 	 loss 5.969E-01 	 horizons 19.0
step 8195 	 return [4.7333488e-05 5.0248596e-04 7.0968582e-03 1.1994127e-02 7.6015117e-03
 4.0474199e-03 8.2474463e-03 6.2124999e-03 6.1826585e-03 5.2676960e-03], ([0.000142   0.00118657 0.00262279 0.00547182 0.00309903 0.00221794
 0.00479409 0.0044322  0.00363144 0.00341512]) 	 loss 5.829E-01 	 horizons 19.0
step 8385 	 return [0.         0.00049704 0.0083403  0.00495185 0.00770732 0.00316
 0.00469795 0.00231842 0.00476617 0.00497488], ([0.         0.00085477 0.0030521  0.00480585 0.00308673 0.00219334
 0.00385702 0.00320645 0.00250371 0.00308361]) 	 loss 5.582E-01 	 horizons 19.0
step 8575 	 return [0.         0.00228649 0.00694693 0.01359099 0.00761165 0.00867945
 0.0087527  0.0056624  0.00762314 0.00490361], ([0.         0.00231141 0.00293735 0.0038874  0.00431187 0.00436749
 0.00594408 0.00440171 0.00497441 0.004104  ]) 	 loss 5.716E-01 	 horizons 19.0
step 8765 	 return [0.00072392 0.00147647 0.00710334 0.00732393 0.00798271 0.00424593
 0.00365351 0.00488818 0.00479708 0.00422218], ([0.00076723 0.00203314 0.00294781 0.00515807 0.00252801 0.00333591
 0.00217557 0.00431822 0.00223911 0.0023775 ]) 	 loss 5.340E-01 	 horizons 19.0
step 8955 	 return [0.         0.00100313 0.00955061 0.01443446 0.00617483 0.0127149
 0.01439639 0.00485351 0.0041902  0.00618393], ([0.         0.00186758 0.00266249 0.00274106 0.00335176 0.00268699
 0.00517839 0.00291235 0.00508716 0.00439825]) 	 loss 5.505E-01 	 horizons 19.0
step 9145 	 return [0.00094795 0.00258705 0.00575185 0.01103216 0.00560142 0.00975919
 0.00911117 0.00613855 0.00725988 0.00624339], ([0.00284384 0.00269622 0.00369191 0.00473036 0.0033673  0.00422113
 0.00697565 0.00441933 0.00389384 0.00719466]) 	 loss 5.114E-01 	 horizons 19.0
step 9335 	 return [0.00197485 0.00176198 0.00655186 0.01165618 0.00688669 0.00656868
 0.00477102 0.00488925 0.00411501 0.00613329], ([0.00403355 0.00240467 0.00459844 0.0058164  0.00349556 0.00466836
 0.0061175  0.00524452 0.00477381 0.00602391]) 	 loss 5.141E-01 	 horizons 19.0
step 9525 	 return [0.         0.00267528 0.00601943 0.01467112 0.00756177 0.00842993
 0.01169356 0.0039247  0.00426485 0.00477466], ([0.         0.00273941 0.00342897 0.00489427 0.00374089 0.00351855
 0.00487412 0.00246558 0.00412979 0.00400479]) 	 loss 5.195E-01 	 horizons 19.0
step 9715 	 return [0.         0.00343459 0.00522952 0.01389069 0.00835683 0.00722157
 0.01197639 0.00710685 0.00819134 0.00614794], ([0.         0.00250469 0.00321309 0.00401706 0.00332804 0.00425893
 0.00555695 0.00246564 0.00458495 0.00488962]) 	 loss 5.103E-01 	 horizons 19.0
step 9905 	 return [0.         0.00292463 0.00671246 0.01216649 0.00644126 0.01158761
 0.01492989 0.00719108 0.00661544 0.0067841 ], ([0.         0.00240597 0.00183037 0.00198683 0.00409126 0.00365469
 0.00479787 0.00345573 0.00427628 0.00413373]) 	 loss 4.740E-01 	 horizons 19.0
step 10095 	 return [0.00012632 0.00135583 0.00446428 0.01102888 0.00709179 0.00672221
 0.00779958 0.00540393 0.00408456 0.00498749], ([0.00037896 0.00237283 0.00357959 0.00391968 0.00360939 0.00439285
 0.00498251 0.00475077 0.00329095 0.00542375]) 	 loss 4.706E-01 	 horizons 19.0
step 10285 	 return [6.1570038e-04 5.6809444e-05 8.1933169e-03 8.4625399e-03 8.1258770e-03
 4.3517570e-03 4.2710998e-03 3.0192803e-03 6.2495754e-03 5.5828388e-03], ([0.00147652 0.00011719 0.00288904 0.00398366 0.00300336 0.00407974
 0.00287937 0.00339706 0.00367089 0.00233689]) 	 loss 4.688E-01 	 horizons 19.0
step 10475 	 return [0.00044293 0.00015849 0.00848938 0.00722437 0.00822483 0.00373876
 0.0051857  0.00424556 0.00566575 0.00589281], ([0.00071414 0.00026171 0.002103   0.00423973 0.00276558 0.00365217
 0.00686544 0.00359494 0.00277806 0.00161843]) 	 loss 4.407E-01 	 horizons 19.0
step 10665 	 return [0.         0.00525999 0.00525693 0.01686146 0.00659266 0.00781336
 0.0192529  0.00771089 0.00769325 0.0053865 ], ([0.         0.00216273 0.00310522 0.00388293 0.00255836 0.00352402
 0.00471196 0.00281319 0.00485749 0.00382995]) 	 loss 4.510E-01 	 horizons 19.0
step 10855 	 return [0.         0.00206902 0.00425453 0.01198109 0.00809047 0.01073884
 0.01448402 0.00642557 0.00647081 0.00702714], ([0.         0.00251282 0.00288377 0.0021694  0.00451848 0.00377776
 0.00497857 0.0047114  0.00441387 0.00382725]) 	 loss 4.081E-01 	 horizons 19.0
step 11045 	 return [0.00035808 0.00020267 0.00639044 0.00876222 0.00880767 0.00134691
 0.00502114 0.00159948 0.00632471 0.00560252], ([0.00057832 0.00027455 0.00180534 0.00266341 0.00147534 0.00264323
 0.0025171  0.00237352 0.00119242 0.00222111]) 	 loss 4.576E-01 	 horizons 19.0
step 11235 	 return [0.         0.00499927 0.00477759 0.01514453 0.00953806 0.00853745
 0.01393815 0.00579237 0.01057824 0.00866318], ([0.         0.00184116 0.00241065 0.00390332 0.00483798 0.00355531
 0.00456116 0.00452397 0.00569852 0.00425412]) 	 loss 4.155E-01 	 horizons 19.0
step 11425 	 return [0.         0.00429765 0.00521299 0.01525597 0.00799239 0.0096325
 0.01732754 0.00601506 0.00841727 0.00610325], ([0.         0.00232144 0.00391997 0.00303495 0.00331481 0.00354577
 0.00656064 0.0041913  0.00531508 0.00670717]) 	 loss 4.066E-01 	 horizons 19.0
step 11615 	 return [0.         0.00468112 0.00461263 0.0151445  0.00809929 0.00705712
 0.01564452 0.00760995 0.00917215 0.00691952], ([0.         0.00175352 0.00196794 0.00396683 0.00322266 0.00299409
 0.00245059 0.00512331 0.00353713 0.00225769]) 	 loss 3.972E-01 	 horizons 19.0
step 11805 	 return [0.00049756 0.00376349 0.00682649 0.01477161 0.00990631 0.00920563
 0.01548754 0.00877789 0.00797687 0.00524307], ([0.00149268 0.00190376 0.00253352 0.00229294 0.0030698  0.00331018
 0.00485989 0.00379388 0.00447033 0.00332457]) 	 loss 3.845E-01 	 horizons 19.0
step 11995 	 return [0.         0.00450823 0.00733753 0.01555552 0.00843676 0.01215165
 0.01890432 0.00748461 0.00908727 0.00875259], ([0.         0.00152744 0.00220825 0.00313202 0.00370587 0.00471016
 0.00509697 0.00446405 0.00636234 0.00410452]) 	 loss 3.498E-01 	 horizons 19.0
step 12185 	 return [0.         0.00442549 0.00575832 0.01460411 0.00894539 0.0085125
 0.01697435 0.0111564  0.01124388 0.00744687], ([0.         0.00151592 0.0020379  0.00198426 0.00201787 0.00175451
 0.00270069 0.00203254 0.00331576 0.00267246]) 	 loss 3.522E-01 	 horizons 19.0
step 12375 	 return [0.         0.00550437 0.0051243  0.01538001 0.00853804 0.00938409
 0.01562429 0.00879763 0.00852401 0.00612427], ([0.         0.00087722 0.00301552 0.0032907  0.00337904 0.00453052
 0.00540537 0.00563688 0.00461864 0.00410799]) 	 loss 3.425E-01 	 horizons 19.0
step 12565 	 return [4.1921339e-05 1.4052054e-04 8.6685512e-03 1.0965450e-02 1.1240744e-02
 4.0402119e-03 3.1688169e-03 4.8219324e-03 6.8203351e-03 5.5696322e-03], ([0.00012576 0.00021456 0.00166832 0.00367106 0.00203015 0.00204954
 0.00308298 0.00393491 0.00279455 0.00356908]) 	 loss 3.400E-01 	 horizons 19.0
step 12755 	 return [0.         0.00466204 0.00623445 0.01343746 0.00898059 0.00850066
 0.01889313 0.0109475  0.01222233 0.00817223], ([0.         0.00149892 0.00206515 0.00117472 0.00255125 0.00230943
 0.00252539 0.00383184 0.00366909 0.00335259]) 	 loss 3.227E-01 	 horizons 19.0
step 12945 	 return [0.         0.00540751 0.00455868 0.01427444 0.00816145 0.00784026
 0.01809228 0.01011566 0.01305928 0.00889934], ([0.         0.00063622 0.0030302  0.00341969 0.00271958 0.00084507
 0.00406429 0.00328847 0.00321275 0.00343906]) 	 loss 3.419E-01 	 horizons 19.0
step 13135 	 return [0.00016004 0.00042349 0.00760125 0.00761814 0.00857727 0.00446805
 0.0034759  0.00307116 0.00668162 0.00611089], ([0.00048012 0.00103053 0.00239009 0.0046792  0.0019773  0.00289037
 0.00229841 0.00383542 0.00305278 0.00215948]) 	 loss 3.011E-01 	 horizons 19.0
step 13325 	 return [0.00037553 0.00025864 0.00591249 0.01064251 0.00928338 0.0030178
 0.00521761 0.0075974  0.00679024 0.00634214], ([0.00055262 0.00023518 0.00265835 0.00319143 0.00265159 0.00237318
 0.00292335 0.00383733 0.00326962 0.00250457]) 	 loss 3.241E-01 	 horizons 19.0
step 13515 	 return [0.         0.00568184 0.00489398 0.01408191 0.00782201 0.00841095
 0.01709859 0.0100752  0.01147314 0.0091892 ], ([0.         0.00070191 0.00244852 0.00343708 0.00212017 0.00144713
 0.00578664 0.00456748 0.00504483 0.00312033]) 	 loss 2.786E-01 	 horizons 19.0
step 13705 	 return [3.4055824e-04 7.8477780e-05 7.7353716e-03 9.7635454e-03 9.8629389e-03
 2.5223915e-03 5.0432635e-03 2.3396979e-03 5.4757777e-03 5.5688913e-03], ([0.00068113 0.0002061  0.00145286 0.00299762 0.00130726 0.00161602
 0.00211319 0.00294935 0.00263191 0.00136264]) 	 loss 2.693E-01 	 horizons 19.0
step 13895 	 return [0.00063733 0.00051415 0.00775856 0.01097939 0.00890726 0.00441486
 0.00570433 0.00622771 0.00626341 0.00591663], ([0.00155882 0.00110559 0.00286066 0.00308877 0.0037441  0.0037518
 0.00481569 0.00413573 0.0038265  0.00238012]) 	 loss 2.458E-01 	 horizons 19.0
step 14085 	 return [0.         0.0049599  0.00657836 0.01419938 0.01089823 0.00820145
 0.01451353 0.00997575 0.01154769 0.00894628], ([0.         0.00042844 0.0007678  0.00215296 0.00303579 0.00210139
 0.0041238  0.00364839 0.00284397 0.00236135]) 	 loss 2.640E-01 	 horizons 19.0
step 14275 	 return [0.00018406 0.00036312 0.00689424 0.01197691 0.01130515 0.00408144
 0.00616067 0.00552807 0.00648644 0.00733095], ([0.00041987 0.00038339 0.00163765 0.00279193 0.00106929 0.00246226
 0.00552781 0.00347259 0.00464832 0.00187785]) 	 loss 2.357E-01 	 horizons 19.0
step 14465 	 return [0.00047237 0.00035266 0.00631653 0.00733572 0.00912232 0.00384423
 0.0037956  0.00250238 0.00559325 0.00496079], ([0.00066395 0.00061368 0.00116676 0.00186445 0.00082793 0.00198142
 0.00246592 0.00258383 0.0018952  0.00096583]) 	 loss 2.713E-01 	 horizons 19.0
step 14655 	 return [0.00025038 0.000343   0.00663596 0.00949601 0.00906607 0.00304221
 0.00447619 0.00331744 0.00540859 0.00571361], ([0.00041396 0.00069967 0.00165077 0.00351573 0.002749   0.00297941
 0.00177884 0.00280138 0.00244638 0.00129045]) 	 loss 2.724E-01 	 horizons 19.0
step 14845 	 return [0.         0.00412957 0.00460827 0.01486189 0.00820036 0.00829184
 0.01760575 0.01345747 0.0107106  0.00870021], ([0.         0.0021496  0.00307948 0.00180433 0.00279539 0.00213319
 0.00256409 0.00222371 0.00196991 0.00228695]) 	 loss 2.637E-01 	 horizons 19.0
step 15035 	 return [0.         0.00521952 0.00487367 0.01307306 0.00859119 0.00820218
 0.01687882 0.0116905  0.01359968 0.00982364], ([0.         0.00048589 0.00243683 0.00232591 0.00264447 0.00154513
 0.00237346 0.00211774 0.00217208 0.00073969]) 	 loss 2.521E-01 	 horizons 19.0
step 15225 	 return [0.         0.00464243 0.00587065 0.01368718 0.00880412 0.00772201
 0.01744179 0.01321644 0.01116418 0.00930513], ([0.         0.00155601 0.00135066 0.00114329 0.00146133 0.00051574
 0.00013796 0.00185971 0.00232875 0.00121311]) 	 loss 2.311E-01 	 horizons 19.0
step 15415 	 return [0.         0.00553227 0.00487711 0.0148446  0.00892104 0.00810999
 0.0190727  0.01247632 0.01216254 0.00870316], ([0.         0.00071072 0.00243857 0.00260384 0.00194585 0.00077448
 0.00296041 0.00184732 0.00234429 0.00233489]) 	 loss 1.756E-01 	 horizons 19.0
step 15605 	 return [0.         0.00524914 0.00609077 0.01311859 0.00964586 0.00782488
 0.01615356 0.0121737  0.01123354 0.00986348], ([0.0000000e+00 1.3940777e-04 5.4647822e-05 6.5060251e-04 4.0578496e-04
 6.2147161e-04 3.3834395e-03 2.5645141e-03 3.6101374e-03 5.7203812e-04]) 	 loss 1.795E-01 	 horizons 19.0
step 15795 	 return [8.4818414e-05 2.9386656e-04 7.0010042e-03 7.3698522e-03 9.5970640e-03
 4.7986414e-03 1.9944685e-03 3.3385623e-03 7.0789056e-03 6.0591074e-03], ([0.00025446 0.00035994 0.00231075 0.00265092 0.00165846 0.0026474
 0.00274784 0.00252619 0.00301102 0.0037879 ]) 	 loss 1.691E-01 	 horizons 19.0
step 15985 	 return [0.         0.00507789 0.00672123 0.01424282 0.00966118 0.00848451
 0.01661084 0.0114128  0.01105175 0.00945549], ([0.         0.00026658 0.00142356 0.00204175 0.00125548 0.00292457
 0.00155467 0.00324055 0.00442425 0.00125052]) 	 loss 1.533E-01 	 horizons 19.0
step 16175 	 return [0.00032656 0.00050894 0.00793784 0.00379206 0.00606955 0.00666018
 0.00426175 0.00323537 0.00714592 0.00524129], ([0.00065573 0.00063731 0.00190196 0.00326976 0.00330062 0.00224341
 0.00240638 0.00240931 0.00384047 0.00212336]) 	 loss 1.150E-01 	 horizons 19.0
step 16365 	 return [0.         0.00516165 0.00626548 0.01344344 0.01015808 0.00752253
 0.0175391  0.01133223 0.01395447 0.00945078], ([0.         0.0001725  0.00052878 0.00086771 0.00028429 0.00023718
 0.0004238  0.00064479 0.00151741 0.00119604]) 	 loss 1.377E-01 	 horizons 19.0
step 16555 	 return [0.         0.00513376 0.00607952 0.01321603 0.0095046  0.00795541
 0.01623108 0.01291797 0.01025815 0.00998175], ([0.0000000e+00 1.3696490e-04 4.2607862e-05 5.2160391e-04 4.3616828e-04
 6.9285539e-04 3.4045782e-03 2.6946021e-03 3.5265407e-03 4.6945523e-04]) 	 loss 8.055E-02 	 horizons 19.0
step 16745 	 return [0.         0.00519596 0.00701731 0.01433961 0.00792603 0.01091475
 0.01874932 0.01168497 0.01038943 0.01073063], ([0.         0.00013942 0.00274971 0.00219015 0.00141394 0.00408517
 0.00483708 0.00434734 0.00208976 0.00291104]) 	 loss 6.393E-02 	 horizons 19.0
step 16935 	 return [0.         0.00523491 0.0067411  0.01390477 0.00897218 0.00866238
 0.01833039 0.01371242 0.00932956 0.00974113], ([0.0000000e+00 6.1368148e-05 1.9215462e-03 2.2511617e-03 7.0657651e-04
 2.6868221e-03 3.1604827e-03 2.9518877e-03 4.1402143e-04 2.5301447e-04]) 	 loss 8.914E-02 	 horizons 19.0
step 17125 	 return [0.         0.00498273 0.00681981 0.01288939 0.01112921 0.01470705
 0.01543982 0.00677649 0.01037209 0.0122722 ], ([0.0000000e+00 8.8246692e-05 1.7415442e-03 3.9090565e-04 5.2685621e-03
 1.1410513e-03 8.5133864e-03 4.6865987e-03 4.7035068e-03 2.1716843e-03]) 	 loss 4.937E-02 	 horizons 19.0
step 17315 	 return [0.         0.00219716 0.00785556 0.0117386  0.00865248 0.00789353
 0.01872334 0.01180503 0.01420275 0.00874089], ([0.         0.00250445 0.0023482  0.00231421 0.00236447 0.00272652
 0.00480363 0.00258058 0.00179048 0.00189137]) 	 loss 5.577E-02 	 horizons 19.0
step 17505 	 return [0.         0.00467788 0.00569809 0.01407732 0.00951009 0.00777056
 0.01784881 0.01256654 0.01247602 0.00971945], ([0.         0.00156276 0.0011898  0.00208413 0.00147337 0.00067409
 0.00125522 0.00187287 0.00224032 0.00040168]) 	 loss 1.055E-01 	 horizons 19.0
step 17695 	 return [0.00052217 0.00381947 0.00889413 0.01470932 0.01232599 0.01200221
 0.01543289 0.00841021 0.0068272  0.00719957], ([0.00156651 0.00200246 0.00251965 0.00282897 0.00449639 0.00347724
 0.00781436 0.00429164 0.00423789 0.00392722]) 	 loss 1.072E-01 	 horizons 19.0
step 17885 	 return [0.         0.00507515 0.00629894 0.01390369 0.00811838 0.01160952
 0.02050466 0.012603   0.01303825 0.01151277], ([0.         0.00024898 0.0004857  0.00147013 0.00163265 0.00344357
 0.00350058 0.00158844 0.00291438 0.0025308 ]) 	 loss 9.432E-02 	 horizons 19.0
step 18075 	 return [0.00025086 0.00031376 0.00766418 0.00413769 0.00614454 0.00634197
 0.00489264 0.00370345 0.00617671 0.00529916], ([0.00052506 0.00047562 0.00133336 0.00289946 0.00352592 0.00245687
 0.00290404 0.00308805 0.00386809 0.00201439]) 	 loss 9.291E-02 	 horizons 19.0
step 18265 	 return [0.00068091 0.00077098 0.00766752 0.00543822 0.0078871  0.00621546
 0.00565888 0.00410302 0.00877524 0.00527113], ([0.00083671 0.00117778 0.00202523 0.00281394 0.00369759 0.00229367
 0.00323019 0.00358337 0.00307929 0.00231472]) 	 loss 1.020E-01 	 horizons 19.0
step 18455 	 return [0.00104434 0.00487736 0.00937534 0.01593325 0.00981653 0.01331647
 0.01938534 0.00879678 0.00787887 0.00763847], ([0.00208868 0.00053598 0.00268783 0.00305466 0.00392072 0.00361512
 0.00755742 0.00446989 0.0040345  0.00383236]) 	 loss 1.477E-01 	 horizons 19.0
step 18645 	 return [0.         0.00513697 0.00611716 0.01287615 0.01005938 0.00749152
 0.01725878 0.0112703  0.01384403 0.00943145], ([0.0000000e+00 3.7883373e-04 8.6346423e-05 4.3201740e-04 6.2148851e-05
 3.2450631e-04 4.0418777e-04 6.6166080e-04 1.5173549e-03 1.2532099e-03]) 	 loss 1.227E-01 	 horizons 19.0
step 18835 	 return [0.         0.00515347 0.00662087 0.0135984  0.00693629 0.0151868
 0.0234608  0.01114674 0.01397486 0.01212666], ([0.0000000e+00 8.5298489e-05 1.3941677e-03 3.2283785e-04 2.9300842e-05
 1.2514535e-03 1.3050335e-03 2.1866653e-03 2.5625827e-03 1.2237171e-03]) 	 loss 1.324E-01 	 horizons 19.0
step 19025 	 return [0.         0.00082081 0.00641551 0.0088843  0.00841346 0.00906879
 0.0099147  0.00992286 0.01318959 0.00751499], ([0.         0.00208313 0.0004012  0.00243423 0.00168463 0.00199074
 0.00665786 0.00236315 0.00302709 0.00309227]) 	 loss 1.164E-01 	 horizons 19.0
step 19215 	 return [0.         0.00516805 0.00734879 0.01630254 0.00882433 0.01169337
 0.02098032 0.01206064 0.01086578 0.00990948], ([0.         0.00012878 0.00242748 0.00336229 0.00164795 0.0041511
 0.00399165 0.00447008 0.00237275 0.0009379 ]) 	 loss 1.584E-01 	 horizons 19.0
step 19405 	 return [0.00052217 0.00498701 0.00909132 0.01704442 0.00927644 0.01299467
 0.02069302 0.0089325  0.00971204 0.00930975], ([0.00156651 0.00039871 0.0028463  0.00310173 0.00314834 0.00348827
 0.00644026 0.00466411 0.00377916 0.00324288]) 	 loss 1.245E-01 	 horizons 19.0
step 19595 	 return [0.         0.00512575 0.00615302 0.01423801 0.00732877 0.01395729
 0.02308564 0.01245409 0.01480788 0.01288726], ([0.0000000e+00 7.7793389e-05 3.0580908e-05 2.1618642e-03 1.1554325e-03
 1.3726770e-03 5.1007007e-04 1.0192706e-03 2.0247777e-03 1.2284232e-03]) 	 loss 1.242E-01 	 horizons 19.0
step 19785 	 return [0.         0.00511005 0.01093662 0.01764629 0.00726297 0.01583541
 0.02564244 0.00614712 0.01114232 0.01021099], ([0.0000000e+00 7.7760254e-05 2.4655776e-03 3.5170002e-03 1.0479719e-03
 1.2619807e-03 2.3877688e-03 2.6130625e-03 1.9908780e-03 1.2021344e-03]) 	 loss 1.599E-01 	 horizons 19.0
step 19975 	 return [0.         0.00517669 0.00616859 0.01369086 0.00695305 0.01439661
 0.02304324 0.01212585 0.01562021 0.01281907], ([0.0000000e+00 8.2718441e-05 3.2441185e-05 3.1616419e-04 1.9991639e-05
 2.6329906e-05 3.1865441e-04 3.1301694e-05 2.5965362e-06 3.1314787e-04]) 	 loss 1.121E-01 	 horizons 19.0
step 20165 	 return [0.         0.00010761 0.00640518 0.01084032 0.00940219 0.00880801
 0.0076752  0.01002556 0.01177076 0.00669855], ([0.         0.00032282 0.00030244 0.00342898 0.00162621 0.00232526
 0.00285666 0.00146228 0.00340669 0.00360425]) 	 loss 9.741E-02 	 horizons 19.0
step 20355 	 return [0.00084527 0.00039616 0.00783162 0.00633408 0.0082046  0.00522452
 0.00525767 0.00209907 0.00616678 0.00449656], ([0.00084683 0.00032375 0.00125738 0.00058497 0.00135713 0.00166871
 0.00197757 0.00124255 0.00123805 0.00115554]) 	 loss 1.336E-01 	 horizons 19.0
step 20545 	 return [0.         0.0050911  0.01089279 0.01759627 0.0080495  0.01584406
 0.02439794 0.00625026 0.01049678 0.00990493], ([0.         0.00010206 0.00249619 0.00331703 0.00339496 0.00101861
 0.00520875 0.00276303 0.00274352 0.00222925]) 	 loss 1.509E-01 	 horizons 19.0
step 20735 	 return [0.         0.00089268 0.00681552 0.00877507 0.00762091 0.0088786
 0.00815992 0.0095277  0.01089583 0.00748732], ([0.         0.00207931 0.00117857 0.00234494 0.00192493 0.00169135
 0.0070075  0.00296744 0.0040176  0.00420314]) 	 loss 1.140E-01 	 horizons 19.0
step 20925 	 return [0.         0.00522735 0.00618845 0.01388448 0.00696529 0.01438048
 0.0228481  0.01210668 0.01562179 0.01262731], ([0.0000000e+00 5.0654493e-05 1.9866089e-05 1.9361023e-04 1.2242328e-05
 1.6123709e-05 1.9513517e-04 1.9168296e-05 1.5900472e-06 1.9176315e-04]) 	 loss 1.430E-01 	 horizons 19.0
step 21115 	 return [0.         0.00523687 0.00622452 0.01391471 0.00697611 0.01439402
 0.02290076 0.01190728 0.01454637 0.01423054], ([0.00000000e+00 5.39458160e-05 3.46069282e-05 2.03998730e-04
 1.63534987e-05 1.26605883e-05 1.78664515e-04 1.13385155e-04
 5.36653330e-04 6.88766537e-04]) 	 loss 9.065E-02 	 horizons 19.0
step 21305 	 return [0.         0.0045693  0.01190182 0.01885068 0.00726036 0.01554622
 0.02650883 0.00544101 0.01124466 0.0100196 ], ([0.         0.00152403 0.00128061 0.00286726 0.00105325 0.00121259
 0.0024177  0.00166599 0.00151371 0.00081452]) 	 loss 1.021E-01 	 horizons 19.0
step 21495 	 return [0.         0.00512902 0.00940864 0.01482891 0.00691851 0.01514181
 0.02400305 0.00774929 0.01350258 0.01168519], ([0.0000000e+00 8.0590027e-05 2.7428931e-03 2.7426269e-03 3.1142299e-05
 8.6564600e-04 2.3105212e-03 3.5921808e-03 1.8117439e-03 1.4690359e-03]) 	 loss 9.579E-02 	 horizons 19.0
step 21685 	 return [0.         0.00518015 0.00988998 0.01707295 0.00726835 0.01472735
 0.02530293 0.00689394 0.01294621 0.01001709], ([0.0000000e+00 8.4431224e-05 3.0680799e-03 3.5002509e-03 1.0055150e-03
 1.3135755e-03 2.1025168e-03 3.0849720e-03 1.7294347e-03 1.2979906e-03]) 	 loss 8.761E-02 	 horizons 19.0
step 21875 	 return [0.         0.00516875 0.01055351 0.01843318 0.00760515 0.01432225
 0.02577169 0.00671464 0.01312511 0.00979289], ([0.0000000e+00 8.0883750e-05 2.8777160e-03 3.0146316e-03 1.3419603e-03
 1.3247093e-03 2.4613023e-03 2.8420861e-03 8.7880652e-04 9.8866608e-04]) 	 loss 8.318E-02 	 horizons 19.0
step 22065 	 return [0.         0.00522118 0.00622241 0.01385462 0.00697338 0.01440282
 0.02297238 0.01188875 0.0144114  0.01449814], ([0.0000000e+00 6.9970898e-05 3.6909234e-05 2.6455481e-04 1.9266798e-05
 2.2929511e-05 2.4745459e-04 9.3770774e-05 4.0187972e-04 4.7606780e-04]) 	 loss 7.140E-02 	 horizons 19.0
step 22255 	 return [0.         0.00519834 0.00619324 0.01377052 0.00696254 0.014398
 0.02300452 0.01201976 0.01508302 0.01355676], ([0.0000000e+00 8.0644022e-05 4.6101453e-05 3.0604031e-04 2.2935801e-05
 2.1379445e-05 2.8215765e-04 1.3996598e-04 6.5726513e-04 8.6153561e-04]) 	 loss 6.337E-02 	 horizons 19.0
step 22445 	 return [0.         0.00514666 0.00875882 0.02054684 0.00894484 0.01301833
 0.02454976 0.00824433 0.01302192 0.00965815], ([0.0000000e+00 8.6305437e-05 3.1680698e-03 4.9247860e-04 1.6460018e-03
 1.2123981e-03 2.9085376e-03 2.7134744e-03 2.6393724e-05 3.1025914e-04]) 	 loss 4.974E-02 	 horizons 19.0
step 22635 	 return [0.         0.00475441 0.00891012 0.01463676 0.00704575 0.01437025
 0.02436348 0.00886439 0.01455601 0.01095956], ([0.         0.00138926 0.00287304 0.00325855 0.00028677 0.00146222
 0.00202617 0.00342169 0.00161891 0.0016214 ]) 	 loss 5.411E-02 	 horizons 19.0
step 22825 	 return [0.         0.00525137 0.00622213 0.01397169 0.00697748 0.01438526
 0.02282255 0.01195074 0.01481576 0.01376581], ([0.0000000e+00 5.8318265e-06 2.2088348e-05 1.8512923e-05 6.6252501e-06
 8.2873794e-06 3.2244312e-05 1.2211018e-04 6.5856020e-04 9.8177395e-04]) 	 loss 5.576E-02 	 horizons 19.0
step 23015 	 return [0.         0.00515053 0.01200187 0.01961572 0.00694015 0.01447205
 0.02745073 0.00563362 0.01325454 0.00988027], ([0.0000000e+00 8.5505235e-05 1.9357034e-03 1.9118652e-03 2.1562193e-05
 5.7174773e-05 1.5869078e-03 2.1556097e-03 7.8927120e-04 9.4515597e-04]) 	 loss 4.729E-02 	 horizons 19.0
step 23205 	 return [0.00121233 0.00047896 0.00767782 0.0059877  0.00815021 0.00410371
 0.0043726  0.00335458 0.00654052 0.00433162], ([0.0007972  0.00022635 0.0017     0.00017381 0.00077492 0.00101608
 0.0019392  0.00206687 0.00086087 0.00162995]) 	 loss 4.669E-02 	 horizons 19.0
step 23395 	 return [0.         0.00518095 0.01185325 0.01838607 0.00693931 0.01480189
 0.02685514 0.00560226 0.01311562 0.00971232], ([0.0000000e+00 7.6248201e-05 1.9102825e-03 2.9732026e-03 2.2443577e-05
 6.8911066e-04 1.7230125e-03 2.1667448e-03 8.7989261e-04 1.0047357e-03]) 	 loss 5.612E-02 	 horizons 19.0
step 23585 	 return [0.00054882 0.00021262 0.00704793 0.00918811 0.00883964 0.00735114
 0.01130063 0.01093147 0.01364863 0.00954832], ([0.00067216 0.00021379 0.00125931 0.00164224 0.00132531 0.00235586
 0.00457303 0.00121532 0.00099501 0.0016415 ]) 	 loss 4.736E-02 	 horizons 19.0
step 23775 	 return [0.         0.00519951 0.01193613 0.01912623 0.00694789 0.01461696
 0.02702047 0.00561175 0.01318665 0.00966662], ([0.0000000e+00 6.7501336e-05 1.9276622e-03 2.6325954e-03 2.0217803e-05
 5.2178552e-04 1.6149653e-03 2.1632474e-03 8.3832839e-04 1.0032570e-03]) 	 loss 5.352E-02 	 horizons 19.0
step 23965 	 return [0.00107578 0.00056397 0.00795215 0.00762712 0.00850961 0.00553587
 0.00499051 0.00402999 0.00735183 0.00451166], ([0.000879   0.00026829 0.00149576 0.00313209 0.00105902 0.00220836
 0.001802   0.00213587 0.00236691 0.00109948]) 	 loss 3.860E-02 	 horizons 19.0
step 24155 	 return [0.0015237  0.00049553 0.00841979 0.00598198 0.00812851 0.00384689
 0.00393269 0.00369223 0.00615361 0.00439171], ([0.00057372 0.00013888 0.0016684  0.00012665 0.00080338 0.00131921
 0.00190074 0.00155496 0.00119014 0.001285  ]) 	 loss 7.460E-02 	 horizons 19.0
step 24345 	 return [0.         0.00520015 0.0126623  0.02046818 0.00695141 0.01444725
 0.02773387 0.0049041  0.01299425 0.00935162], ([0.0000000e+00 6.7539331e-05 1.7134846e-05 2.5066509e-04 1.6323105e-05
 4.0021907e-05 2.6492923e-04 1.2368337e-05 3.1452626e-06 2.5935171e-04]) 	 loss 4.503E-02 	 horizons 19.0
step 24535 	 return [0.00082319 0.00026451 0.00717488 0.00867396 0.00890334 0.00620052
 0.01404749 0.01145995 0.0145709  0.00912343], ([0.00067213 0.00021597 0.00149104 0.00241678 0.00158961 0.00159117
 0.00424831 0.00152418 0.00125297 0.00160693]) 	 loss 6.416E-02 	 horizons 19.0
step 24725 	 return [0.         0.00525494 0.00623565 0.01398302 0.00698154 0.01439033
 0.02284229 0.01187597 0.01441247 0.01436702], ([0.0000000e+00 3.5712492e-06 1.3526295e-05 1.1336804e-05 4.0571213e-06
 5.0749627e-06 1.9745530e-05 7.4776915e-05 4.0328407e-04 6.0121127e-04]) 	 loss 1.030E-01 	 horizons 19.0
step 24915 	 return [0.00132155 0.00038605 0.00867252 0.00715843 0.00908768 0.0050483
 0.00416219 0.00322033 0.00745257 0.00448213], ([0.00070114 0.00020041 0.00183145 0.00191431 0.00159363 0.0012421
 0.00219075 0.00215196 0.00168707 0.00166808]) 	 loss 4.690E-02 	 horizons 19.0
step 25105 	 return [0.         0.00390224 0.00740664 0.01234287 0.00811925 0.01360552
 0.02137355 0.01136553 0.01471604 0.01139133], ([0.         0.00245727 0.00167781 0.00259749 0.00195059 0.00160092
 0.00277773 0.00121466 0.00173024 0.00159294]) 	 loss 5.029E-02 	 horizons 19.0
step 25295 	 return [0.         0.00462713 0.01223119 0.01959379 0.00694179 0.01443744
 0.02742212 0.00563511 0.01325145 0.00986978], ([0.0000000e+00 1.5443832e-03 2.1503137e-03 2.1156271e-03 2.1742959e-05
 1.1352726e-04 1.3740377e-03 2.1764275e-03 7.8858278e-04 1.1549655e-03]) 	 loss 3.264E-02 	 horizons 19.0
step 25485 	 return [0.         0.00516638 0.01265373 0.02034284 0.00694325 0.01446726
 0.02786633 0.00491029 0.01299267 0.00948129], ([0.0000000e+00 8.2718441e-05 2.0985814e-05 3.0700080e-04 1.9991639e-05
 4.9016631e-05 3.2447072e-04 1.5148057e-05 3.8521443e-06 3.1763970e-04]) 	 loss 5.175E-02 	 horizons 19.0
step 25675 	 return [0.00172412 0.00047518 0.00876563 0.00600922 0.00792814 0.00374322
 0.00480514 0.00348062 0.00643355 0.00473109], ([1.5635543e-04 4.4726352e-05 1.0209773e-03 1.1358607e-04 8.2834513e-04
 1.2477784e-03 1.5646062e-03 1.4382723e-03 1.7937953e-03 9.5836486e-04]) 	 loss 2.984E-02 	 horizons 19.0
step 25865 	 return [0.         0.00518561 0.01200912 0.02045223 0.00728367 0.01421169
 0.02721548 0.00546258 0.0129986  0.00942432], ([0.0000000e+00 7.4045398e-05 1.9567502e-03 2.4723323e-04 9.9962554e-04
 7.1445177e-04 1.6205194e-03 1.6734143e-03 1.3925672e-05 3.0980265e-04]) 	 loss 5.138E-02 	 horizons 19.0
step 26055 	 return [0.         0.00523598 0.01137571 0.01926461 0.00696153 0.01441681
 0.02663773 0.00633839 0.01352112 0.00989023], ([0.0000000e+00 4.1252001e-06 2.5903166e-03 2.6577981e-03 3.9182605e-06
 2.0853058e-05 1.9273370e-03 2.8809519e-03 1.0506028e-03 1.3365784e-03]) 	 loss 4.765E-02 	 horizons 19.0
step 26245 	 return [0.00082326 0.00030051 0.00802788 0.00861403 0.00903967 0.00724262
 0.01273117 0.01093088 0.01412333 0.00747046], ([0.00067219 0.00019822 0.00081773 0.00169241 0.0014332  0.00240585
 0.00491098 0.00211522 0.00246089 0.00267171]) 	 loss 3.528E-02 	 horizons 19.0
step 26435 	 return [0.00180135 0.00049642 0.00918947 0.00605762 0.0080887  0.00416679
 0.00416967 0.00373056 0.00660723 0.00437324], ([4.1990876e-05 5.0061517e-06 1.4019423e-04 3.2988184e-05 9.8062947e-04
 1.5886941e-05 1.5641014e-03 1.1336975e-03 9.9427113e-04 7.4512616e-05]) 	 loss 6.019E-02 	 horizons 19.0
step 26625 	 return [0.00171439 0.00047552 0.00892832 0.00607534 0.00879029 0.00416723
 0.00519883 0.00251377 0.00617635 0.0047919 ], ([1.6121355e-04 4.8924430e-05 4.7302467e-04 5.2863765e-05 6.3518935e-04
 2.2273842e-05 1.3464525e-03 7.2981394e-04 1.1234018e-03 6.9503009e-04]) 	 loss 3.698E-02 	 horizons 19.0
step 26815 	 return [0.         0.00523392 0.01267087 0.02059351 0.00695958 0.01442724
 0.0276014  0.00489792 0.01299582 0.00922194], ([0.0000000e+00 4.6566129e-10 0.0000000e+00 0.0000000e+00 0.0000000e+00
 0.0000000e+00 1.8626451e-09 4.6566129e-10 0.0000000e+00 9.3132257e-10]) 	 loss 4.145E-02 	 horizons 19.0
step 27005 	 return [0.         0.00521475 0.01257574 0.01985117 0.00695032 0.01472739
 0.02738852 0.00488649 0.01262542 0.00926412], ([0.0000000e+00 5.0355971e-05 2.7139802e-04 2.0267388e-03 1.8673371e-05
 8.6760550e-04 8.8182761e-04 4.5539891e-05 1.1085633e-03 2.1305680e-04]) 	 loss 3.628E-02 	 horizons 19.0
step 27195 	 return [0.00164343 0.00044954 0.00894603 0.00625485 0.007986   0.00440649
 0.00321186 0.00446554 0.00677714 0.00430943], ([5.4840563e-04 1.4988155e-04 9.7102160e-04 5.8958877e-04 1.2472837e-03
 7.0572755e-04 9.6585037e-04 7.1912736e-04 1.4058633e-03 7.5453740e-05]) 	 loss 4.684E-02 	 horizons 19.0
step 27385 	 return [0.         0.00525614 0.00624016 0.0139868  0.00698289 0.01439202
 0.02284888 0.01185104 0.01427804 0.01456742], ([0.000000e+00 0.000000e+00 0.000000e+00 0.000000e+00 9.313226e-10
 0.000000e+00 0.000000e+00 9.313226e-10 0.000000e+00 9.313226e-10]) 	 loss 4.023E-02 	 horizons 19.0
step 27575 	 return [0.00068616 0.0017825  0.00633512 0.01068774 0.00886181 0.00605873
 0.01589726 0.01158768 0.01422389 0.00917571], ([0.00068616 0.00224811 0.00199193 0.00287462 0.00164112 0.00106796
 0.00102483 0.00145113 0.0009436  0.00050067]) 	 loss 2.968E-02 	 horizons 19.0
step 27765 	 return [0.         0.00521703 0.01266658 0.02053084 0.00695549 0.01443725
 0.02766764 0.00490101 0.01299503 0.00928678], ([0.0000000e+00 5.0654500e-05 1.2851134e-05 1.8799881e-04 1.2242329e-05
 3.0016432e-05 1.9869694e-04 9.2762521e-06 2.3589469e-06 1.9451379e-04]) 	 loss 3.928E-02 	 horizons 19.0
step 27955 	 return [0.         0.00520063 0.00731681 0.02080161 0.00962275 0.01248987
 0.02264964 0.00965408 0.01271124 0.00946913], ([0.0000000e+00 7.4359945e-05 2.3014466e-03 4.4532571e-04 1.3353419e-03
 9.4397110e-04 1.6644185e-03 1.7449348e-03 9.8297000e-04 3.1875231e-04]) 	 loss 4.417E-02 	 horizons 19.0
step 28145 	 return [0.         0.00523568 0.00622001 0.01391093 0.00697476 0.01439232
 0.02289418 0.01193221 0.0146808  0.01403013], ([0.0000000e+00 5.3638014e-05 3.5207529e-05 2.0297567e-04 1.6295524e-05
 1.3884624e-05 1.8164207e-04 1.2507640e-04 6.1521854e-04 8.3715463e-04]) 	 loss 4.841E-02 	 horizons 19.0
step 28335 	 return [0.         0.00548054 0.00657676 0.01427477 0.00597647 0.01431927
 0.02284252 0.01041758 0.01394907 0.01335895], ([0.         0.00060896 0.00095242 0.00062899 0.00201478 0.00015215
 0.00095497 0.00286693 0.00065798 0.00241694]) 	 loss 2.792E-02 	 horizons 19.0
step 28525 	 return [0.         0.00523674 0.0066835  0.02102266 0.00995897 0.01222877
 0.02199125 0.01019884 0.01271795 0.00934731], ([0.0000000e+00 5.0643623e-05 1.4567806e-03 4.1429384e-04 1.0047900e-03
 6.9900189e-04 1.4330105e-04 7.2970858e-04 9.8509761e-04 2.0767907e-04]) 	 loss 3.006E-02 	 horizons 19.0
step 28715 	 return [0.00013726 0.00617506 0.00829329 0.0096543  0.01049295 0.01282266
 0.02328048 0.0090526  0.01429937 0.00987712], ([0.00041179 0.00198287 0.00146182 0.0036572  0.00129316 0.00250648
 0.00284337 0.00151189 0.00043492 0.00036023]) 	 loss 4.125E-02 	 horizons 19.0
step 28905 	 return [0.00182738 0.00049881 0.00928765 0.00609029 0.00871825 0.00418285
 0.0033088  0.00443181 0.00633974 0.00432664], ([2.5822557e-05 2.9723319e-06 9.1631518e-05 4.0742154e-05 1.1678776e-03
 1.6822787e-05 9.3442161e-04 6.9664727e-04 9.7200123e-04 4.5971905e-05]) 	 loss 3.029E-02 	 horizons 19.0
step 29095 	 return [0.         0.00518326 0.01265802 0.02040551 0.00694733 0.01445725
 0.0278001  0.00490719 0.01299346 0.00941645], ([0.0000000e+00 7.7376018e-05 1.9630434e-05 2.8717294e-04 1.8700466e-05
 4.5850858e-05 3.0351456e-04 1.4169709e-05 3.6033514e-06 2.9712473e-04]) 	 loss 3.514E-02 	 horizons 19.0
step 29285 	 return [0.0011416  0.00030874 0.00808433 0.00857128 0.00931911 0.00670243
 0.01538417 0.01122723 0.01295151 0.00897671], ([0.00058541 0.00020212 0.00096208 0.00086332 0.00032595 0.00222992
 0.0001009  0.00019141 0.00231901 0.00010144]) 	 loss 3.246E-02 	 horizons 19.0
step 29475 	 return [0.         0.00522504 0.01168817 0.02027563 0.00694993 0.01457427
 0.02412597 0.00676329 0.01074196 0.00915701], ([0.0000000e+00 6.2247177e-06 7.7809714e-04 3.5315848e-04 6.7557216e-06
 6.4841443e-04 2.7436966e-03 1.5270307e-03 1.4757494e-03 4.6833531e-05]) 	 loss 3.069E-02 	 horizons 19.0
step 29665 	 return [0.         0.0051898  0.00617882 0.02090806 0.01029008 0.01202052
 0.0221375  0.01045525 0.01304404 0.00955993], ([0.0000000e+00 8.2718441e-05 3.2441185e-05 3.8700839e-04 6.4696678e-06
 4.1712021e-05 2.2861379e-04 2.2406586e-05 3.8526005e-06 3.1763967e-04]) 	 loss 3.592E-02 	 horizons 19.0
step 29855 	 return [0.00180178 0.00049556 0.00920662 0.00609118 0.00912868 0.00417887
 0.00429548 0.00373993 0.00574989 0.00437194], ([4.2332980e-05 4.2460902e-06 1.5332246e-04 3.9639490e-05 6.0348358e-04
 2.1299260e-05 1.4571518e-03 1.1413180e-03 8.6803047e-05 7.5565309e-05]) 	 loss 3.970E-02 	 horizons 19.0
step 30045 	 return [0.         0.00520698 0.01056201 0.02004356 0.00727838 0.01409911
 0.0219412  0.00825736 0.01009033 0.00920253], ([0.0000000e+00 3.9496641e-05 1.4743053e-03 1.3017209e-04 1.0012606e-03
 6.7583553e-04 1.5876441e-04 7.4177765e-04 9.8299782e-04 2.4880955e-04]) 	 loss 2.675E-02 	 horizons 19.0
[1;34mwandb[0m: 
[1;34mwandb[0m: 🚀 View run [33mmotndp_xian-v0__LCN-Xian-lcn__789__1781009289[0m at: [34mhttps://wandb.ai/johnario-tu-delft/cl_ablation/runs/5th4w7ej[0m
[1;34mwandb[0m: Find logs at: [1;35mwandb/run-20260609_144810-5th4w7ej/logs[0m
