/home/SinJ/mo-transport-network-design/.venv/lib/python3.13/site-packages/pygame/pkgdata.py:25: UserWarning: pkg_resources is deprecated as an API. See https://setuptools.pypa.io/en/latest/pkg_resources.html. The pkg_resources package is slated for removal as early as 2025-11-30. Refrain from using this package or pin to Setuptools<81.
  from pkg_resources import resource_stream, resource_exists
Namespace(env='xian', nr_groups=10, starting_loc_x=9, starting_loc_y=19, nr_stations=20, lr=0.01, batch_size=256, num_er_episodes=100, num_step_episodes=10, num_model_updates=5, num_policies=10, max_buffer_size=100, nr_layers=1, hidden_dim=128, timesteps=30000, no_log=False, project_name='cl_ablation', experiment_name='LCN-Xian-spatiotemporal_full', wandb_entity='johnario-tu-delft', seed=1011, cd_threshold=0.2, distance_ref='interpolate2', lcn_lambda=0.0, lambda_schedule='cosine', lambda_start=1.0, lambda_end=0.0, lambda_warmup_fraction=0.1, lambda_freeze_fraction=0.1, spatial_alpha=0.5, include_demand_context=True)
wandb: [wandb.login()] Loaded credentials for https://api.wandb.ai from /home/SinJ/.netrc.
wandb: Currently logged in as: jingyuan-sun03 (johnario-tu-delft) to https://api.wandb.ai. Use `wandb login --relogin` to force relogin
wandb: setting up run jvjzrns5
wandb: Tracking run with wandb version 0.27.2
wandb: Run data is saved locally in /home/SinJ/mo-transport-network-design/wandb/run-20260609_202304-jvjzrns5
wandb: Run `wandb offline` to turn off syncing.
wandb: Syncing run motndp_xian-v0__LCN-Xian-spatiotemporal_full__1011__1781029383
wandb: ⭐️ View project at https://wandb.ai/johnario-tu-delft/cl_ablation
wandb: 🚀 View run at https://wandb.ai/johnario-tu-delft/cl_ablation/runs/jvjzrns5
/home/SinJ/mo-transport-network-design/morl-baselines/morl_baselines/multi_policy/lcn/lcn.py:260: UserWarning: Creating a tensor from a list of numpy.ndarrays is extremely slow. Please consider converting the list to a single numpy.ndarray with numpy.array() before converting to a tensor. (Triggered internally at /pytorch/torch/csrc/utils/tensor_new.cpp:253.)
  th.tensor(obs).to(self.device),
step 1952 	 return [0.00097318 0.00347892 0.00320313 0.00229119 0.00256373 0.0047096
 0.00498576 0.0027135  0.00293687 0.00083194], ([0.00192494 0.00299945 0.00365422 0.00283724 0.00164197 0.00506536
 0.00555024 0.00256136 0.00305992 0.00161336]) 	 loss 2.025E+00 	 horizons 18.2
step 2138 	 return [0.00025976 0.0026448  0.00336247 0.00321873 0.00202513 0.00477029
 0.00336305 0.00312154 0.00351905 0.00359463], ([0.00077929 0.00231507 0.00412565 0.0024929  0.00267466 0.00391484
 0.004258   0.00285509 0.00359701 0.00539897]) 	 loss 1.926E+00 	 horizons 18.6
wandb: WARNING Artifact "run-jvjzrns5-evalfront-mz2B2Q" already exists with the same content. No new version will be created.
step 2317 	 return [0.00225122 0.00354796 0.00349197 0.00186635 0.00131412 0.0008268
 0.00038353 0.00079455 0.00142154 0.00064754], ([0.00254366 0.00410498 0.00357392 0.00464995 0.00200506 0.00141418
 0.00071909 0.00170512 0.002587   0.00142606]) 	 loss 1.793E+00 	 horizons 17.9
step 2502 	 return [0.00046621 0.00455666 0.00342366 0.0062099  0.00285878 0.00478144
 0.00727678 0.00326656 0.00279761 0.00128734], ([0.00118774 0.00437017 0.0037807  0.00540223 0.00403725 0.00583166
 0.0078678  0.00379153 0.00256542 0.0016392 ]) 	 loss 1.587E+00 	 horizons 18.5
wandb: WARNING Artifact "run-jvjzrns5-evalfront-mz2B2Q" already exists with the same content. No new version will be created.
step 2692 	 return [4.2974287e-05 9.8028663e-04 5.7996744e-03 6.9904737e-03 3.8342825e-03
 7.3692100e-03 6.9368342e-03 2.6875937e-03 1.9111555e-03 3.0756132e-03], ([0.00012892 0.00108039 0.00327409 0.00581658 0.00273429 0.0036799
 0.00665219 0.00350486 0.00222649 0.00309821]) 	 loss 1.399E+00 	 horizons 19.0
step 2882 	 return [0.00093232 0.00478845 0.00673778 0.00334914 0.00678484 0.00748092
 0.0071619  0.00436015 0.00403148 0.00443903], ([0.00279696 0.00615121 0.00399345 0.00268371 0.0038903  0.00353323
 0.00709153 0.00342796 0.00242548 0.0033543 ]) 	 loss 1.174E+00 	 horizons 19.0
step 3072 	 return [0.00232533 0.00503221 0.00537173 0.00581226 0.00448913 0.00528928
 0.00692343 0.00308018 0.00198472 0.00348701], ([0.00369887 0.00403127 0.00335151 0.00467163 0.00269197 0.00496069
 0.00684035 0.00248958 0.00199204 0.00436977]) 	 loss 1.122E+00 	 horizons 19.0
step 3262 	 return [0.00168447 0.00279749 0.00316849 0.00532906 0.00399919 0.00713243
 0.00889541 0.0050433  0.00556873 0.00644158], ([0.003401   0.00355571 0.00229403 0.00290596 0.00339852 0.00421585
 0.00680017 0.00461975 0.00352174 0.00440491]) 	 loss 1.066E+00 	 horizons 19.0
wandb: WARNING Artifact "run-jvjzrns5-evalfront-mz2B2Q" already exists with the same content. No new version will be created.
step 3452 	 return [0.         0.00153002 0.0055306  0.00511036 0.00523972 0.00680293
 0.00722871 0.00441018 0.00451591 0.00539657], ([0.         0.00205112 0.00293226 0.00381358 0.00385132 0.00423981
 0.00528435 0.00353962 0.00366918 0.00279858]) 	 loss 1.018E+00 	 horizons 19.0
step 3642 	 return [0.00181636 0.00367021 0.0024478  0.00525409 0.00443822 0.00664786
 0.00776849 0.00484937 0.00505875 0.00581065], ([0.00332876 0.00423391 0.00240767 0.00331104 0.0044678  0.00407323
 0.00598502 0.00304984 0.00424214 0.00617046]) 	 loss 1.021E+00 	 horizons 19.0
step 3832 	 return [0.         0.00055668 0.00710484 0.0046489  0.00333013 0.00549281
 0.0048569  0.00556003 0.00300759 0.00333455], ([0.         0.00094889 0.00341248 0.00515217 0.00293838 0.00248553
 0.00621709 0.00590859 0.00230389 0.00150618]) 	 loss 1.035E+00 	 horizons 19.0
wandb: WARNING Artifact "run-jvjzrns5-evalfront-mz2B2Q" already exists with the same content. No new version will be created.
step 4022 	 return [0.         0.00180424 0.00635113 0.00676208 0.00574026 0.00781124
 0.00831921 0.00655981 0.00707219 0.00623101], ([0.         0.0025326  0.00338999 0.00556202 0.00372286 0.00477708
 0.00424543 0.0050094  0.00358012 0.00501348]) 	 loss 9.682E-01 	 horizons 19.0
step 4212 	 return [0.00037877 0.00165341 0.00366331 0.010494   0.00426402 0.00776256
 0.00949174 0.00509065 0.00581213 0.00324749], ([0.0011363  0.0021535  0.00318056 0.00619283 0.00341975 0.00469614
 0.0056787  0.00426893 0.00417959 0.00341566]) 	 loss 9.405E-01 	 horizons 19.0
step 4402 	 return [0.00013037 0.00093974 0.00459633 0.0102257  0.00519218 0.00758241
 0.01051278 0.00623534 0.0072482  0.00510918], ([0.00039111 0.00189906 0.0022858  0.00421842 0.00512039 0.00416914
 0.00522992 0.00440108 0.00296854 0.00428131]) 	 loss 9.620E-01 	 horizons 19.0
step 4592 	 return [0.         0.0035983  0.0041678  0.00642605 0.00417379 0.00792005
 0.00928125 0.00616283 0.00558706 0.00704153], ([0.         0.00293168 0.00279837 0.00365604 0.00384955 0.00247806
 0.00527607 0.00462673 0.00317516 0.00357575]) 	 loss 9.200E-01 	 horizons 19.0
step 4782 	 return [0.00076206 0.00236402 0.00551683 0.00735654 0.00627216 0.00784285
 0.00789576 0.0044751  0.00388367 0.00454272], ([0.00228618 0.00331857 0.00263251 0.00526107 0.00471873 0.00316703
 0.00516638 0.00345489 0.00367595 0.00304444]) 	 loss 9.262E-01 	 horizons 19.0
step 4972 	 return [0.         0.00095995 0.0066328  0.01170705 0.0064292  0.00923886
 0.01116187 0.00560996 0.00467223 0.00324403], ([0.         0.00157696 0.0027105  0.00491755 0.00470458 0.0043792
 0.00531828 0.00375211 0.00368319 0.00340055]) 	 loss 9.408E-01 	 horizons 19.0
step 5162 	 return [0.00085988 0.00275493 0.00533636 0.00751576 0.0046193  0.00683898
 0.01038797 0.00482217 0.00470208 0.00341771], ([0.00257964 0.00431684 0.00258392 0.00565078 0.00266601 0.00511958
 0.00743558 0.00341652 0.00413007 0.00249057]) 	 loss 9.483E-01 	 horizons 19.0
step 5352 	 return [0.         0.00288595 0.0066272  0.00380159 0.004452   0.00520548
 0.00364501 0.00186362 0.00299738 0.0043924 ], ([0.         0.00331488 0.00333036 0.00503859 0.00272076 0.00369888
 0.00565357 0.00269367 0.0016298  0.00272848]) 	 loss 9.519E-01 	 horizons 19.0
step 5542 	 return [0.         0.00071173 0.00513125 0.00868444 0.00213722 0.00839925
 0.01447271 0.00499708 0.00370468 0.00380169], ([0.         0.00147947 0.00475672 0.00451424 0.00214581 0.00404107
 0.00586397 0.00414308 0.00356636 0.00305438]) 	 loss 9.576E-01 	 horizons 19.0
step 5732 	 return [0.00010717 0.00123042 0.00503868 0.00753205 0.00408458 0.00811826
 0.01237994 0.00451082 0.00540237 0.00621276], ([0.00032151 0.00210251 0.00315019 0.00544379 0.00420121 0.00419792
 0.00794664 0.00432138 0.00242158 0.00297206]) 	 loss 9.519E-01 	 horizons 19.0
step 5922 	 return [0.         0.00226187 0.00228873 0.00577862 0.00402456 0.01097485
 0.01016774 0.00562287 0.00559076 0.00956482], ([0.         0.00279943 0.0027635  0.00270591 0.0041936  0.00278959
 0.00693348 0.00291729 0.00232429 0.00312847]) 	 loss 9.346E-01 	 horizons 19.0
step 6112 	 return [0.00038481 0.00202574 0.00552726 0.00786905 0.00551415 0.01272024
 0.00660021 0.00723354 0.00488903 0.00699697], ([0.00115443 0.00328059 0.00180345 0.002278   0.00503621 0.00246421
 0.00562183 0.00258096 0.00335408 0.00466006]) 	 loss 9.212E-01 	 horizons 19.0
step 6302 	 return [0.         0.00026501 0.00390832 0.0085437  0.00431654 0.01128099
 0.0136953  0.00586522 0.0047615  0.00626704], ([0.         0.0004098  0.00246232 0.00311863 0.00542115 0.00439795
 0.00596135 0.00304836 0.00327179 0.0039285 ]) 	 loss 9.210E-01 	 horizons 19.0
step 6492 	 return [0.         0.00203773 0.0038214  0.01234234 0.0056349  0.00876729
 0.0155445  0.00898728 0.0085296  0.00378711], ([0.         0.00272836 0.00344585 0.00602789 0.00266712 0.00340052
 0.00499972 0.00258742 0.0046615  0.00452772]) 	 loss 8.956E-01 	 horizons 19.0
step 6682 	 return [0.         0.00025998 0.00477876 0.00794966 0.00435565 0.00682096
 0.0091599  0.0056438  0.00424645 0.00473873], ([0.         0.00051997 0.00363229 0.00428764 0.0028064  0.00406391
 0.00584813 0.00384299 0.00332064 0.00353875]) 	 loss 8.915E-01 	 horizons 19.0
step 6872 	 return [0.         0.00184288 0.00755417 0.00888894 0.00506529 0.01174163
 0.01229095 0.00431127 0.00509489 0.00377494], ([0.         0.00275659 0.00237589 0.00431537 0.00269633 0.00338946
 0.00484278 0.00380837 0.00369062 0.00305443]) 	 loss 8.862E-01 	 horizons 19.0
step 7062 	 return [0.00064684 0.00204177 0.00653275 0.01015406 0.00277237 0.0071164
 0.01018982 0.00557205 0.00423046 0.00342658], ([0.00194052 0.00405717 0.00306595 0.00447733 0.00451652 0.00364312
 0.0058847  0.00351439 0.00327029 0.00252628]) 	 loss 8.858E-01 	 horizons 19.0
step 7252 	 return [0.         0.00188884 0.00705686 0.00745319 0.00364512 0.00946095
 0.01201844 0.00554801 0.00702611 0.0058191 ], ([0.         0.00277863 0.00470095 0.00397408 0.00378843 0.00299259
 0.00625482 0.00216664 0.00245328 0.0022806 ]) 	 loss 8.254E-01 	 horizons 19.0
step 7442 	 return [0.00027342 0.0026805  0.0037794  0.00803274 0.00484283 0.01128318
 0.01312261 0.00742781 0.00813773 0.00599084], ([0.00082025 0.00313551 0.00334838 0.00251645 0.00326407 0.00357447
 0.00571242 0.00391413 0.00347043 0.00340501]) 	 loss 8.346E-01 	 horizons 19.0
step 7632 	 return [0.         0.00144828 0.00710706 0.00910803 0.00525111 0.01036561
 0.0126717  0.00531749 0.00496522 0.00577181], ([0.         0.00221932 0.00333861 0.0052819  0.00268792 0.00449071
 0.00704955 0.0042702  0.00417836 0.00280226]) 	 loss 8.469E-01 	 horizons 19.0
step 7822 	 return [0.         0.00254918 0.00440416 0.0101202  0.00342186 0.01204271
 0.0139615  0.00624342 0.00670955 0.00704914], ([0.         0.00319724 0.00303687 0.00397059 0.00377162 0.00346206
 0.00658021 0.00320002 0.00415399 0.00432809]) 	 loss 8.123E-01 	 horizons 19.0
step 8012 	 return [0.         0.00263796 0.00676759 0.01088791 0.00927865 0.0074282
 0.01205378 0.00739438 0.00804915 0.0045437 ], ([0.         0.00355301 0.00475669 0.00620141 0.00228762 0.00401189
 0.00667886 0.0052548  0.00418602 0.00326062]) 	 loss 8.271E-01 	 horizons 19.0
step 8202 	 return [0.         0.00206028 0.00531287 0.00787279 0.00516435 0.01037097
 0.01350228 0.00770693 0.00750954 0.00697625], ([0.         0.00265424 0.00267923 0.00487327 0.00438956 0.00310593
 0.0055998  0.00326478 0.0040435  0.00386456]) 	 loss 8.281E-01 	 horizons 19.0
step 8392 	 return [0.         0.         0.01052079 0.00884663 0.00964161 0.01245175
 0.01171917 0.0072401  0.00634699 0.0060754 ], ([0.         0.         0.00394853 0.00511469 0.0062797  0.00489895
 0.0050284  0.00382576 0.0040037  0.00357646]) 	 loss 7.736E-01 	 horizons 19.0
step 8582 	 return [0.00052845 0.00305231 0.00586425 0.01115413 0.00701883 0.01331305
 0.01281886 0.00705959 0.00524179 0.00582713], ([0.00158534 0.00255432 0.00268176 0.00384233 0.00520304 0.00472411
 0.00484047 0.00415355 0.00384782 0.00548934]) 	 loss 7.359E-01 	 horizons 19.0
step 8772 	 return [0.00304007 0.00403712 0.00530818 0.00788521 0.0075102  0.01035461
 0.00645207 0.00422032 0.00420761 0.00305294], ([0.00411576 0.00368157 0.00219003 0.00353916 0.00563633 0.00530898
 0.0062909  0.00299661 0.00431858 0.00427996]) 	 loss 6.998E-01 	 horizons 19.0
step 8962 	 return [0.00229545 0.00295655 0.00542278 0.01058754 0.00918153 0.01257733
 0.00888545 0.00563911 0.00333937 0.00277301], ([0.00303391 0.00418193 0.0027805  0.00442206 0.00533196 0.00189727
 0.00644102 0.00254844 0.00315556 0.00327979]) 	 loss 6.999E-01 	 horizons 19.0
step 9152 	 return [0.0015375  0.00349519 0.00488232 0.01282299 0.00334795 0.01150489
 0.01579818 0.00733198 0.00594103 0.00523518], ([0.00308907 0.00313748 0.0045608  0.0044351  0.00468409 0.00395846
 0.0086765  0.00496299 0.00499789 0.00431438]) 	 loss 6.618E-01 	 horizons 19.0
step 9342 	 return [0.         0.00128225 0.00697819 0.00889101 0.00600715 0.01058331
 0.01218154 0.00607661 0.00577098 0.00600108], ([0.         0.00384675 0.00291943 0.00434194 0.00522652 0.00385987
 0.00737642 0.00217477 0.00402139 0.00580434]) 	 loss 6.716E-01 	 horizons 19.0
step 9532 	 return [0.00027719 0.00089998 0.00901666 0.01059059 0.0094013  0.01305173
 0.01166119 0.00648317 0.00574252 0.00446268], ([0.00083158 0.00180769 0.0034917  0.00533373 0.00520107 0.00385655
 0.00736241 0.00349325 0.00529411 0.00399268]) 	 loss 6.444E-01 	 horizons 19.0
step 9722 	 return [0.         0.00040214 0.00692078 0.01158831 0.00610228 0.01280085
 0.01244223 0.00650729 0.00586673 0.00803153], ([0.         0.00120643 0.00404128 0.00312864 0.00226895 0.0035328
 0.00696486 0.00392304 0.00413865 0.00288023]) 	 loss 6.385E-01 	 horizons 19.0
step 9912 	 return [0.0005073  0.00626357 0.00642603 0.01188414 0.00535135 0.00741351
 0.00928908 0.00830019 0.00739924 0.00347501], ([0.00152189 0.00603668 0.00381891 0.00719242 0.00377834 0.00413518
 0.00705858 0.00476176 0.00464769 0.00391412]) 	 loss 6.764E-01 	 horizons 19.0
step 10102 	 return [0.00027507 0.00084785 0.00804204 0.01138792 0.00921216 0.01321939
 0.01523631 0.00667899 0.00442834 0.00509138], ([0.00082522 0.00169623 0.00321156 0.00340567 0.00717969 0.00371261
 0.00628349 0.00388667 0.00433236 0.00384788]) 	 loss 6.485E-01 	 horizons 19.0
step 10292 	 return [0.00115605 0.00221009 0.00746    0.01049382 0.00837881 0.01077531
 0.00852177 0.00663505 0.0048904  0.00441426], ([0.00231211 0.00296226 0.00482604 0.00588421 0.00519303 0.00353918
 0.00561955 0.00361538 0.00522345 0.00452048]) 	 loss 6.195E-01 	 horizons 19.0
step 10482 	 return [0.         0.00064932 0.00866735 0.01079957 0.00702736 0.01000002
 0.01605759 0.00942165 0.01005558 0.00422626], ([0.         0.0015853  0.00287362 0.00558566 0.00365393 0.00434497
 0.00770806 0.00513811 0.00352185 0.00438497]) 	 loss 6.307E-01 	 horizons 19.0
step 10672 	 return [0.00180215 0.00271216 0.00735205 0.012605   0.00915964 0.01179287
 0.01054324 0.0048294  0.00615326 0.00485043], ([0.00286251 0.0028346  0.00373308 0.00329833 0.00437184 0.00358642
 0.00450579 0.00285412 0.00501184 0.00406691]) 	 loss 6.387E-01 	 horizons 19.0
step 10862 	 return [0.         0.00036865 0.01154074 0.00793191 0.01035    0.01037489
 0.01426205 0.0098475  0.00710223 0.00350073], ([0.         0.00110596 0.00396721 0.00624445 0.00374219 0.00384934
 0.00522181 0.00537651 0.00266118 0.00313805]) 	 loss 5.283E-01 	 horizons 19.0
step 11052 	 return [0.00053407 0.00184074 0.00751081 0.00919041 0.01121087 0.01413392
 0.01249449 0.0056638  0.0051995  0.00466809], ([0.00160221 0.00208183 0.00202202 0.00527706 0.00628233 0.00111983
 0.0049388  0.00404947 0.00510161 0.00269171]) 	 loss 5.566E-01 	 horizons 19.0
step 11242 	 return [0.         0.001446   0.0082035  0.0110233  0.00860391 0.00977179
 0.01399654 0.0091746  0.01010494 0.00525808], ([0.         0.00182246 0.00296634 0.0043834  0.00424633 0.00319501
 0.00506084 0.00276407 0.00451283 0.00356503]) 	 loss 5.300E-01 	 horizons 19.0
step 11432 	 return [0.         0.0039206  0.00690673 0.0114435  0.00808318 0.0087496
 0.00839339 0.00458798 0.00200328 0.00304344], ([0.         0.00374293 0.00389138 0.00500517 0.00487571 0.00398257
 0.00944278 0.00286039 0.00376155 0.00416467]) 	 loss 5.472E-01 	 horizons 19.0
step 11622 	 return [0.00318903 0.00646149 0.00647651 0.00908005 0.00896314 0.00775776
 0.00639039 0.00507705 0.00271457 0.00120215], ([0.00383991 0.00472675 0.00396247 0.00437674 0.0046694  0.0054335
 0.0081808  0.00462968 0.00358885 0.00191204]) 	 loss 5.058E-01 	 horizons 19.0
step 11812 	 return [0.00053246 0.00053802 0.0075443  0.01101768 0.00905477 0.01066286
 0.01360818 0.00784563 0.00558212 0.00237706], ([0.00159738 0.00161407 0.00245902 0.00400271 0.00347359 0.00420345
 0.00727143 0.00404493 0.00548632 0.00273083]) 	 loss 4.939E-01 	 horizons 19.0
step 12002 	 return [0.00027507 0.00094475 0.00867404 0.01310005 0.01091004 0.01354772
 0.0153491  0.00782282 0.00861346 0.00687939], ([0.00082522 0.00191442 0.00282538 0.00246783 0.00602182 0.00263208
 0.00532889 0.0036078  0.00422549 0.00391297]) 	 loss 5.235E-01 	 horizons 19.0
step 12192 	 return [0.00074136 0.00191423 0.00946106 0.01208663 0.00693512 0.01034661
 0.01315399 0.00816703 0.00555505 0.00492055], ([0.00222408 0.00304672 0.00350263 0.00248743 0.00465651 0.00384231
 0.00545366 0.00456669 0.00480997 0.00461145]) 	 loss 5.117E-01 	 horizons 19.0
step 12382 	 return [0.0000000e+00 2.0022640e-05 8.4374612e-03 8.5772704e-03 6.8984069e-03
 1.3966287e-02 1.6578298e-02 8.7610167e-03 6.5937126e-03 4.5326268e-03], ([0.0000000e+00 6.0067920e-05 1.7415156e-03 3.5506701e-03 3.8943007e-03
 3.0530842e-03 3.1158193e-03 4.4511547e-03 3.6529044e-03 2.9560449e-03]) 	 loss 4.665E-01 	 horizons 19.0
step 12572 	 return [0.00202367 0.00083976 0.00794499 0.01248653 0.01040691 0.01211309
 0.01288069 0.00788409 0.00627726 0.00388161], ([0.00288222 0.00174054 0.00195446 0.00228176 0.00543786 0.00317637
 0.00554044 0.00388696 0.00394823 0.00281282]) 	 loss 4.365E-01 	 horizons 19.0
step 12762 	 return [0.00299407 0.00308565 0.00929013 0.01416632 0.01145536 0.01062019
 0.01043134 0.00675613 0.00537179 0.00486326], ([0.0032043  0.00235658 0.00380203 0.00367208 0.0052504  0.00433617
 0.00438604 0.00387796 0.0046837  0.00494037]) 	 loss 4.673E-01 	 horizons 19.0
step 12952 	 return [0.00130665 0.00071893 0.0083824  0.01226261 0.01116482 0.00996721
 0.01381654 0.00769965 0.00656731 0.00383239], ([0.00282186 0.00144694 0.00267764 0.00255629 0.00362559 0.00405892
 0.0056443  0.00407767 0.00458935 0.00371097]) 	 loss 4.253E-01 	 horizons 19.0
step 13142 	 return [0.00029612 0.00114141 0.00646647 0.00881425 0.00453569 0.01318265
 0.01453795 0.00668133 0.00768138 0.00639118], ([0.00088835 0.00234902 0.00098919 0.00287436 0.00362427 0.00245665
 0.00591822 0.00318561 0.00378613 0.00413704]) 	 loss 4.719E-01 	 horizons 19.0
step 13332 	 return [0.         0.00095325 0.00746045 0.01234661 0.01157269 0.01497766
 0.01424092 0.009671   0.00861538 0.00802228], ([0.         0.00192826 0.00123634 0.0051316  0.00482849 0.00306515
 0.00681834 0.00326652 0.00356703 0.00346193]) 	 loss 4.027E-01 	 horizons 19.0
step 13522 	 return [0.00472346 0.00180554 0.00829571 0.01180389 0.01326147 0.01221822
 0.00675584 0.0036178  0.00255547 0.00167701], ([0.0041923  0.00225777 0.00188278 0.0031253  0.00664191 0.00565789
 0.00378684 0.00202305 0.00209749 0.00264457]) 	 loss 3.807E-01 	 horizons 19.0
step 13712 	 return [0.00027532 0.00011407 0.00712276 0.01219864 0.01555139 0.01373992
 0.01069524 0.00716265 0.0062453  0.00666169], ([0.00082595 0.00027596 0.00078067 0.00100244 0.00610361 0.00171529
 0.00648159 0.0027832  0.00308897 0.00209766]) 	 loss 3.805E-01 	 horizons 19.0
step 13902 	 return [0.00069057 0.0007649  0.00804178 0.01175397 0.00999869 0.00874524
 0.01528312 0.00953615 0.01068014 0.00717155], ([0.00141615 0.00165869 0.00331964 0.00514833 0.00543365 0.00448627
 0.00528773 0.00263137 0.00413691 0.0026433 ]) 	 loss 4.072E-01 	 horizons 19.0
step 14092 	 return [0.         0.00244957 0.0071613  0.01279951 0.01090033 0.01354644
 0.01502973 0.00702074 0.00770026 0.00747934], ([0.         0.00327114 0.00221771 0.00341021 0.00506722 0.00378658
 0.0053429  0.00255096 0.00467661 0.00373486]) 	 loss 3.755E-01 	 horizons 19.0
step 14282 	 return [0.00370155 0.00366206 0.0078247  0.01358715 0.01299041 0.01173443
 0.00869411 0.00635811 0.00399633 0.0029383 ], ([0.00283689 0.00330777 0.00273533 0.00408567 0.00521091 0.00480981
 0.005527   0.00460041 0.00505897 0.00334299]) 	 loss 3.740E-01 	 horizons 19.0
step 14472 	 return [0.0037316  0.00288838 0.00811277 0.01298237 0.01370451 0.01321279
 0.00808195 0.00563315 0.00274861 0.00197095], ([0.00263893 0.00299683 0.00193145 0.00321136 0.00243378 0.00212275
 0.00252602 0.00225493 0.00308762 0.00362328]) 	 loss 3.345E-01 	 horizons 19.0
step 14662 	 return [0.00027419 0.00267478 0.00791068 0.01300549 0.01090844 0.0123114
 0.01523472 0.00810758 0.00742951 0.00543066], ([0.00082256 0.00224815 0.00246897 0.00229355 0.00491073 0.00438208
 0.00581654 0.00262819 0.00392789 0.00251141]) 	 loss 2.887E-01 	 horizons 19.0
step 14852 	 return [0.00054946 0.00327437 0.00707339 0.0123634  0.01382179 0.01352429
 0.01206847 0.00827758 0.00654513 0.00438382], ([0.00109891 0.0032675  0.00331164 0.00195218 0.00466756 0.00304906
 0.00589751 0.002556   0.00396374 0.00337158]) 	 loss 2.964E-01 	 horizons 19.0
step 15042 	 return [0.         0.00053153 0.00992334 0.01238197 0.01126258 0.01409651
 0.01429147 0.00856068 0.01001419 0.00670219], ([0.         0.0015946  0.00215845 0.00347359 0.00460817 0.00255071
 0.00585432 0.00538531 0.00412845 0.00312111]) 	 loss 2.696E-01 	 horizons 19.0
step 15232 	 return [0.         0.00110149 0.00811443 0.01415463 0.0106318  0.013278
 0.01790841 0.00971698 0.01002831 0.00757313], ([0.         0.00215612 0.0007367  0.00275187 0.00406102 0.00415936
 0.00510618 0.00219195 0.00435101 0.0035714 ]) 	 loss 2.873E-01 	 horizons 19.0
step 15422 	 return [0.00042716 0.00401471 0.00590451 0.01143131 0.01074218 0.00960432
 0.01564235 0.00813854 0.01147773 0.00712453], ([0.00128148 0.00481683 0.00119551 0.00341838 0.00346569 0.00430934
 0.00788877 0.00158069 0.00421904 0.00285768]) 	 loss 2.964E-01 	 horizons 19.0
step 15612 	 return [0.         0.00102126 0.00993349 0.01654765 0.01247221 0.01445284
 0.01693512 0.00940207 0.00681517 0.00566482], ([0.         0.00204266 0.00207555 0.00336148 0.00396207 0.00470718
 0.00448855 0.00641081 0.00562961 0.00444983]) 	 loss 2.723E-01 	 horizons 19.0
step 15802 	 return [0.00027419 0.00353663 0.00804629 0.01175861 0.00980206 0.0120513
 0.02053535 0.00940258 0.01094336 0.00843902], ([0.00082256 0.00295632 0.00102623 0.00194899 0.00210204 0.00332848
 0.00461    0.00471686 0.00447101 0.00270895]) 	 loss 2.346E-01 	 horizons 19.0
step 15992 	 return [0.00027472 0.00346878 0.00813562 0.0139895  0.01112808 0.01295027
 0.01853237 0.00910874 0.01011817 0.00753477], ([0.00082416 0.00288124 0.00260895 0.00331361 0.0031556  0.00384153
 0.0059584  0.00375492 0.00534036 0.0042493 ]) 	 loss 2.519E-01 	 horizons 19.0
step 16182 	 return [0.00096972 0.00289473 0.0081149  0.0128554  0.01132163 0.01164927
 0.01371886 0.00804216 0.00788428 0.00492891], ([0.00151952 0.00359957 0.00283669 0.00382158 0.00331254 0.00383151
 0.00732467 0.00434167 0.00569104 0.00359806]) 	 loss 2.424E-01 	 horizons 19.0
step 16372 	 return [0.         0.00234962 0.00822105 0.01179775 0.01126271 0.01327673
 0.01776535 0.00878349 0.00885934 0.00640839], ([0.         0.00308405 0.00141401 0.00319194 0.00249026 0.00294933
 0.00486743 0.00294647 0.00607244 0.00450598]) 	 loss 2.442E-01 	 horizons 19.0
step 16562 	 return [0.         0.00459999 0.00816202 0.01346734 0.0088471  0.01048936
 0.02218699 0.00956347 0.01374636 0.00896676], ([0.         0.0033144  0.00240907 0.00312204 0.00224053 0.00420137
 0.00296417 0.00127584 0.00192427 0.00308979]) 	 loss 2.329E-01 	 horizons 19.0
step 16752 	 return [0.         0.00400321 0.0086066  0.01332854 0.00948255 0.01081721
 0.01956853 0.0074648  0.01076487 0.00568501], ([0.         0.00253663 0.00184123 0.0021751  0.00155051 0.00342161
 0.00618352 0.00366979 0.00489233 0.00439073]) 	 loss 2.514E-01 	 horizons 19.0
step 16942 	 return [0.         0.00572962 0.00805025 0.01296643 0.00879535 0.01349376
 0.02477512 0.0092865  0.01433221 0.01042372], ([0.0000000e+00 6.3475064e-04 1.0160601e-04 1.4997419e-03 1.1517806e-03
 1.7934996e-03 6.0868799e-04 5.0489863e-05 4.3292512e-05 5.6805089e-04]) 	 loss 1.982E-01 	 horizons 19.0
step 17132 	 return [0.00027419 0.00213815 0.0085594  0.01449558 0.01037243 0.01402934
 0.0171281  0.00750753 0.0091479  0.00704451], ([0.00082256 0.00261972 0.00118941 0.00269018 0.00336369 0.00264562
 0.00703254 0.00320512 0.00514004 0.00417084]) 	 loss 1.816E-01 	 horizons 19.0
step 17322 	 return [0.00430663 0.0027623  0.00650798 0.01125121 0.01086237 0.0125901
 0.00827543 0.00537344 0.00289244 0.00153305], ([0.00267043 0.00296463 0.00364251 0.00338758 0.00502023 0.00331901
 0.00543764 0.00143819 0.00242256 0.00190819]) 	 loss 1.460E-01 	 horizons 19.0
step 17512 	 return [0.00536998 0.00125006 0.00736275 0.01053741 0.01075904 0.01018653
 0.00846671 0.00491544 0.00416599 0.00290022], ([0.00392446 0.0022562  0.00180829 0.00172806 0.00632693 0.00552988
 0.0068209  0.0028455  0.00398089 0.00298986]) 	 loss 1.679E-01 	 horizons 19.0
step 17702 	 return [0.00560438 0.00266087 0.00917562 0.01323917 0.01279443 0.01209868
 0.00626434 0.00370226 0.0013145  0.00116439], ([0.00376012 0.00266121 0.00165264 0.00375802 0.00470162 0.00441074
 0.00276856 0.00151078 0.00200882 0.00179798]) 	 loss 1.372E-01 	 horizons 19.0
step 17892 	 return [0.         0.00483167 0.00775894 0.01389858 0.00764252 0.01192546
 0.0223778  0.00999216 0.0135072  0.00985122], ([0.         0.0025118  0.00170309 0.00395633 0.00407561 0.00292323
 0.00466333 0.00257367 0.00154978 0.00127173]) 	 loss 1.670E-01 	 horizons 19.0
step 18082 	 return [0.         0.00162129 0.00875801 0.01642146 0.01081759 0.01284472
 0.01947344 0.01208018 0.01158045 0.00955733], ([0.         0.00243202 0.00193685 0.00279789 0.00266016 0.00210521
 0.00344068 0.00420707 0.00437002 0.00330803]) 	 loss 1.333E-01 	 horizons 19.0
step 18272 	 return [0.00027419 0.0062804  0.00767702 0.01095279 0.0094467  0.01238533
 0.02193868 0.00940977 0.01299193 0.00968072], ([0.00082256 0.0025203  0.00091782 0.00211475 0.00365787 0.00262867
 0.0046225  0.00205068 0.00308425 0.00212515]) 	 loss 1.171E-01 	 horizons 19.0
step 18462 	 return [0.         0.00484121 0.00845375 0.0147145  0.00857294 0.01307617
 0.02369567 0.0085375  0.01273255 0.01021789], ([0.         0.00149698 0.00145583 0.00266117 0.00149679 0.00351428
 0.00280931 0.00291109 0.00426874 0.00077414]) 	 loss 1.021E-01 	 horizons 19.0
step 18652 	 return [0.         0.00274195 0.00860847 0.01371384 0.00947999 0.01301312
 0.02055305 0.01048003 0.01262242 0.00921972], ([0.         0.00267222 0.00130892 0.00299257 0.0016192  0.00372086
 0.00467337 0.00349254 0.00423629 0.00311417]) 	 loss 1.476E-01 	 horizons 19.0
step 18842 	 return [0.00388611 0.00384859 0.00875934 0.01347822 0.01341881 0.01192221
 0.01010435 0.00530792 0.00414981 0.00213234], ([0.00258656 0.00268274 0.00170946 0.00269574 0.00421222 0.00405601
 0.0072691  0.00241866 0.00538919 0.00351414]) 	 loss 1.221E-01 	 horizons 19.0
step 19032 	 return [0.         0.00186404 0.00916966 0.01433809 0.00973349 0.01242048
 0.01704217 0.00995648 0.00863677 0.00740363], ([0.         0.00296143 0.002491   0.00541936 0.00541269 0.00529265
 0.00694217 0.00592588 0.00603131 0.00536439]) 	 loss 1.304E-01 	 horizons 19.0
step 19222 	 return [0.         0.00094179 0.00914227 0.01860596 0.00984937 0.01403088
 0.02083524 0.01153622 0.01126134 0.00999151], ([0.         0.00282538 0.00375983 0.00242805 0.00410649 0.00279475
 0.00362222 0.00474489 0.00449344 0.00371228]) 	 loss 1.279E-01 	 horizons 19.0
step 19412 	 return [0.00013083 0.00701051 0.00680419 0.01160435 0.00920517 0.01094302
 0.0229686  0.00949315 0.01411936 0.00914775], ([0.0003925  0.00271541 0.00116864 0.00287443 0.00263601 0.00162414
 0.00322662 0.00069968 0.00078769 0.00308783]) 	 loss 1.316E-01 	 horizons 19.0
step 19602 	 return [0.         0.00913672 0.00687188 0.01355835 0.00771111 0.01028969
 0.02393489 0.00939429 0.01418302 0.01024477], ([0.0000000e+00 2.1476687e-03 1.6701493e-03 3.2808402e-04 1.4566965e-03
 1.2473508e-03 2.1711427e-03 6.7661883e-04 5.2008123e-05 5.0342368e-04]) 	 loss 1.328E-01 	 horizons 19.0
step 19792 	 return [0.00041072 0.00853205 0.0055207  0.01197613 0.00753665 0.01092496
 0.0227596  0.00879675 0.01325511 0.00949677], ([0.00123216 0.00313757 0.00150019 0.00261507 0.00274256 0.00132676
 0.00436045 0.00112779 0.00292162 0.00198227]) 	 loss 1.183E-01 	 horizons 19.0
step 19982 	 return [0.00027419 0.0010593  0.00876614 0.015526   0.01030518 0.01188822
 0.01917163 0.01150083 0.01274557 0.01125861], ([0.00082256 0.00211924 0.0027386  0.00303942 0.00303974 0.00296599
 0.00409195 0.00233444 0.00325693 0.00322515]) 	 loss 1.132E-01 	 horizons 19.0
step 20172 	 return [0.         0.00549861 0.00776742 0.01484664 0.00844762 0.01270973
 0.02380948 0.01056268 0.0140573  0.01077617], ([0.         0.00052632 0.00146898 0.00264464 0.00128344 0.00247031
 0.00240592 0.00298487 0.00187543 0.00085168]) 	 loss 1.087E-01 	 horizons 19.0
step 20362 	 return [0.         0.00651837 0.0065289  0.01460264 0.00943267 0.01127453
 0.02348508 0.00990945 0.01411007 0.01044353], ([0.         0.00156737 0.00105051 0.00232759 0.00147373 0.00211524
 0.00292863 0.00122183 0.00060196 0.00024596]) 	 loss 1.225E-01 	 horizons 19.0
step 20552 	 return [0.         0.00476515 0.00769718 0.01450031 0.00954519 0.01281545
 0.02070459 0.00974854 0.01276995 0.01057288], ([0.         0.0015933  0.00126284 0.00231072 0.00299239 0.00224122
 0.00591875 0.00367385 0.0030524  0.0016504 ]) 	 loss 1.038E-01 	 horizons 19.0
step 20742 	 return [0.         0.0055753  0.00791161 0.01347265 0.00836049 0.01363562
 0.02506569 0.00931181 0.01435514 0.01066423], ([0.0000000e+00 4.8913393e-04 5.6826521e-04 2.6308669e-04 4.2307124e-04
 1.5584179e-03 3.5846606e-05 2.0038058e-05 7.5387397e-05 2.0989124e-05]) 	 loss 9.932E-02 	 horizons 19.0
step 20932 	 return [0.00332856 0.0054688  0.00661879 0.01447618 0.01490219 0.01169955
 0.01032518 0.00652756 0.00483423 0.0034312 ], ([0.0021326  0.00154696 0.00103447 0.00241049 0.00286324 0.00188682
 0.00406804 0.00379892 0.00456422 0.0036366 ]) 	 loss 1.177E-01 	 horizons 19.0
step 21122 	 return [0.00027419 0.0046447  0.00630593 0.01333326 0.00761873 0.0148893
 0.02238272 0.0101847  0.01149849 0.01320246], ([0.00082256 0.00154861 0.00040553 0.00043352 0.00221243 0.00123456
 0.00408756 0.00291483 0.00505897 0.00335737]) 	 loss 9.655E-02 	 horizons 19.0
step 21312 	 return [0.         0.00996136 0.00625828 0.01412557 0.00736558 0.01021494
 0.02388378 0.00945982 0.01399614 0.01020246], ([0.         0.00166457 0.00030369 0.00142571 0.0013553  0.00264706
 0.00273452 0.00088017 0.00046763 0.00075021]) 	 loss 1.419E-01 	 horizons 19.0
step 21502 	 return [0.         0.         0.00950059 0.01829445 0.01138822 0.01316966
 0.01914843 0.01244081 0.01175057 0.01042392], ([0.         0.         0.00216966 0.00251087 0.00213428 0.00253191
 0.00220104 0.00315714 0.00175017 0.00076114]) 	 loss 1.078E-01 	 horizons 19.0
step 21692 	 return [0.         0.00321898 0.00796769 0.01385146 0.00974112 0.0118427
 0.01837961 0.00897548 0.01062197 0.00566007], ([0.         0.00271387 0.0003733  0.00187682 0.00172232 0.00229721
 0.00680813 0.00377804 0.00487059 0.00446918]) 	 loss 1.148E-01 	 horizons 19.0
step 21882 	 return [0.         0.00521734 0.00929557 0.01668747 0.00808972 0.01125629
 0.02126774 0.01105835 0.01124221 0.01057195], ([0.         0.00011786 0.00211561 0.00324498 0.00183717 0.00251989
 0.00317989 0.00289513 0.00425424 0.0010361 ]) 	 loss 1.645E-01 	 horizons 19.0
step 22072 	 return [0.         0.00463339 0.00611804 0.01338555 0.00684563 0.01511033
 0.02327717 0.01096467 0.01236943 0.01502069], ([0.0000000e+00 1.5450829e-03 1.6970131e-04 2.4039908e-04 9.7129872e-05
 1.1615671e-03 1.3747305e-03 1.5563900e-03 3.5436030e-03 1.1625898e-03]) 	 loss 9.191E-02 	 horizons 19.0
step 22262 	 return [0.         0.00498315 0.00832307 0.01399996 0.00834052 0.01288332
 0.02221164 0.00999402 0.0124207  0.01036883], ([0.         0.00173865 0.00137567 0.00150981 0.00106802 0.00204676
 0.00446249 0.00148162 0.00359018 0.00217963]) 	 loss 1.168E-01 	 horizons 19.0
step 22452 	 return [0.         0.00430473 0.00822176 0.01420511 0.00863028 0.01392085
 0.02319237 0.01030895 0.01397397 0.01074204], ([0.         0.002093   0.00118065 0.00171283 0.00156832 0.00156278
 0.00285029 0.00212872 0.00150845 0.00086983]) 	 loss 9.323E-02 	 horizons 19.0
step 22642 	 return [0.         0.00963016 0.00610175 0.01371072 0.00756242 0.01076568
 0.02407751 0.00980797 0.01410502 0.01040458], ([0.         0.00182276 0.00015515 0.00031637 0.00130507 0.00086304
 0.00218517 0.00187155 0.00028767 0.0001616 ]) 	 loss 1.001E-01 	 horizons 19.0
step 22832 	 return [0.         0.00213325 0.00795959 0.01642063 0.00946043 0.01328481
 0.01937766 0.01072158 0.01231318 0.01123477], ([0.         0.00257542 0.00303168 0.00296885 0.00429881 0.00158518
 0.00518602 0.00336926 0.00425661 0.00297701]) 	 loss 9.695E-02 	 horizons 19.0
step 23022 	 return [0.00137529 0.00420255 0.00719285 0.01289378 0.01278221 0.01157987
 0.01711538 0.00818923 0.01021014 0.00723732], ([0.00173961 0.00369034 0.00070619 0.00249726 0.00373208 0.00297806
 0.00613092 0.00253076 0.00472264 0.00302582]) 	 loss 1.059E-01 	 horizons 19.0
step 23212 	 return [0.         0.00666652 0.00720443 0.01416024 0.00915906 0.01043096
 0.02255969 0.01079696 0.01395389 0.01019401], ([0.         0.00204299 0.00172809 0.00176011 0.00169545 0.00216036
 0.0032952  0.00252541 0.00051631 0.00053791]) 	 loss 1.053E-01 	 horizons 19.0
step 23402 	 return [0.         0.         0.01001568 0.0170038  0.01109307 0.01327677
 0.01923999 0.01189061 0.01235789 0.01096234], ([0.         0.         0.00240825 0.00304582 0.0023909  0.0016337
 0.002187   0.00209781 0.00175711 0.00114031]) 	 loss 9.920E-02 	 horizons 19.0
step 23592 	 return [0.         0.01159274 0.00607477 0.00954637 0.00963799 0.00995997
 0.02231479 0.00900452 0.01406034 0.00878402], ([0.         0.00090876 0.00034671 0.00174679 0.00098191 0.00177505
 0.00366739 0.00040478 0.00054714 0.0029629 ]) 	 loss 1.009E-01 	 horizons 19.0
step 23782 	 return [0.         0.00515095 0.00867852 0.01807322 0.00908509 0.00949148
 0.01971311 0.01288802 0.01225354 0.01077487], ([0.0000000e+00 7.3270235e-06 2.5923080e-03 3.0909893e-03 2.2374815e-03
 1.3659218e-03 2.6231452e-03 3.3547322e-03 2.6935367e-03 1.1273642e-03]) 	 loss 1.147E-01 	 horizons 19.0
step 23972 	 return [0.         0.         0.00992547 0.01340403 0.00820026 0.01691125
 0.02104854 0.01222955 0.0136269  0.01339365], ([0.0000000e+00 0.0000000e+00 2.2101740e-03 7.1596478e-05 2.4337218e-05
 1.8655610e-03 3.1842077e-03 1.3945710e-03 2.5117127e-03 8.1120309e-04]) 	 loss 9.222E-02 	 horizons 19.0
step 24162 	 return [0.         0.00465288 0.00684535 0.01424737 0.00739897 0.01497188
 0.02303294 0.01181436 0.01387629 0.01263871], ([0.         0.001551   0.00150287 0.00181482 0.00147802 0.00145678
 0.00199608 0.0017366  0.00208219 0.00192371]) 	 loss 9.748E-02 	 horizons 19.0
step 24352 	 return [0.         0.         0.01265988 0.01555174 0.00852047 0.01490224
 0.01873198 0.01299179 0.01118566 0.01170875], ([0.         0.         0.00171299 0.00342941 0.00102587 0.00176817
 0.00246232 0.00193083 0.00140661 0.00125423]) 	 loss 1.075E-01 	 horizons 19.0
step 24542 	 return [0.00361169 0.00485282 0.00701602 0.01233983 0.0134591  0.01142401
 0.01012684 0.00541629 0.00450431 0.00353139], ([0.00187915 0.00238706 0.00239155 0.00205367 0.00475617 0.00278101
 0.00578851 0.00136838 0.0036567  0.00270152]) 	 loss 1.069E-01 	 horizons 19.0
step 24732 	 return [0.         0.00463658 0.00672249 0.01366803 0.00686815 0.01485445
 0.02315944 0.01152581 0.01416275 0.0145515 ], ([0.         0.00154737 0.00162958 0.00243464 0.00010648 0.00024013
 0.00057765 0.00113329 0.00160953 0.00196594]) 	 loss 8.479E-02 	 horizons 19.0
step 24922 	 return [0.         0.00310846 0.00695602 0.01533639 0.00925946 0.01385448
 0.0216161  0.01211941 0.01382432 0.01327138], ([0.         0.00253804 0.00091928 0.00274539 0.00287739 0.00149779
 0.00252553 0.00150327 0.00054083 0.00250338]) 	 loss 1.104E-01 	 horizons 19.0
step 25112 	 return [0.00221285 0.00537045 0.00620166 0.01290281 0.0180509  0.0135518
 0.00983265 0.00541823 0.00397338 0.00360403], ([0.00172743 0.00156812 0.00083219 0.00133469 0.00042779 0.00138753
 0.00125029 0.00059457 0.00132447 0.00128138]) 	 loss 8.465E-02 	 horizons 19.0
step 25302 	 return [0.         0.00368938 0.00859926 0.01521392 0.00877754 0.01382873
 0.02311766 0.01088561 0.01378314 0.01088226], ([0.         0.00241745 0.00212413 0.00262785 0.0020729  0.00187973
 0.00382193 0.0038756  0.00159549 0.00121562]) 	 loss 7.533E-02 	 horizons 19.0
step 25492 	 return [0.         0.00392615 0.00913186 0.01467675 0.00853751 0.01093051
 0.02266004 0.01163406 0.01302724 0.01052132], ([0.         0.00261735 0.00274832 0.00296543 0.00087502 0.00346469
 0.00383754 0.00291163 0.00179626 0.000958  ]) 	 loss 6.883E-02 	 horizons 19.0
step 25682 	 return [0.         0.00516466 0.00931319 0.0183883  0.00829532 0.01274819
 0.02000231 0.01217817 0.010629   0.01072522], ([0.0000000e+00 1.4662152e-05 2.7110835e-03 3.3176641e-03 1.7327372e-03
 1.8307868e-03 2.8098640e-03 2.0034169e-03 1.2928991e-03 1.1421699e-03]) 	 loss 1.018E-01 	 horizons 19.0
step 25872 	 return [0.         0.00493458 0.00898961 0.01610737 0.00864977 0.01187743
 0.02213323 0.01147564 0.01268186 0.01039211], ([0.         0.00172965 0.00225005 0.00342855 0.00177852 0.00326883
 0.00359578 0.0024797  0.00189209 0.00100348]) 	 loss 1.038E-01 	 horizons 19.0
step 26062 	 return [0.         0.00533939 0.00938061 0.01567477 0.00782754 0.01400193
 0.02441629 0.00964719 0.01367323 0.01046085], ([0.         0.00011172 0.00202284 0.00325244 0.00059878 0.00055917
 0.00102066 0.00107192 0.00136663 0.0003243 ]) 	 loss 9.607E-02 	 horizons 19.0
step 26252 	 return [0.         0.00523338 0.00946918 0.01649113 0.00796038 0.01173937
 0.02163073 0.01248501 0.01214962 0.01097859], ([0.         0.00011791 0.00233431 0.00370486 0.00130948 0.00236819
 0.00329456 0.00286844 0.00166353 0.00106138]) 	 loss 8.989E-02 	 horizons 19.0
step 26442 	 return [0.         0.00614662 0.00786565 0.00983529 0.01086313 0.01252445
 0.02303307 0.00996144 0.01428405 0.00980045], ([0.0000000e+00 2.1033096e-03 7.8760539e-05 1.9934429e-03 9.0037152e-04
 2.2217229e-03 2.4358043e-03 2.0654260e-03 3.6507580e-04 7.0723431e-04]) 	 loss 8.595E-02 	 horizons 19.0
step 26632 	 return [0.         0.00521134 0.01116561 0.01823526 0.00716418 0.0141694
 0.02302561 0.00958449 0.01202914 0.0100686 ], ([0.         0.00010162 0.00174862 0.00314653 0.00052797 0.00082676
 0.00118065 0.00151695 0.00192295 0.00031057]) 	 loss 5.552E-02 	 horizons 19.0
step 26822 	 return [0.         0.00458302 0.00852908 0.01201662 0.01008789 0.01167287
 0.02038726 0.00992522 0.01271945 0.00803519], ([0.         0.00305981 0.00132603 0.00316812 0.0013508  0.00283849
 0.0073463  0.00136701 0.00295675 0.00346291]) 	 loss 5.654E-02 	 horizons 19.0
step 27012 	 return [0.         0.00402064 0.01027484 0.00960493 0.00951206 0.01250997
 0.01970112 0.01179476 0.0125683  0.0077253 ], ([0.         0.00332597 0.00256423 0.00494758 0.00169109 0.00191494
 0.00483276 0.00263319 0.0022794  0.00293095]) 	 loss 8.286E-02 	 horizons 19.0
step 27202 	 return [0.0027042  0.00484707 0.00590681 0.01234299 0.0167679  0.01228364
 0.00973225 0.00493703 0.00402331 0.00376276], ([1.0492594e-03 5.2422456e-05 1.9821011e-05 1.1466020e-04 1.8613482e-03
 4.6866812e-04 1.2450094e-03 1.1961154e-03 1.1602424e-03 4.6849155e-04]) 	 loss 8.279E-02 	 horizons 19.0
step 27392 	 return [0.         0.01119716 0.00608758 0.01157874 0.0083411  0.01031572
 0.02408369 0.00914272 0.01418639 0.01002065], ([0.0000000e+00 6.8123214e-04 7.0317852e-05 2.3639656e-03 1.4273095e-03
 1.7163323e-03 7.1656640e-04 4.9194554e-05 6.4417029e-05 5.5742875e-04]) 	 loss 5.787E-02 	 horizons 19.0
step 27582 	 return [0.         0.0070117  0.00685824 0.01151284 0.00998266 0.01051058
 0.02242197 0.01030073 0.01376523 0.00709882], ([0.         0.0037494  0.00117237 0.0025743  0.00160612 0.00153984
 0.00269898 0.00234798 0.00097049 0.00428055]) 	 loss 4.778E-02 	 horizons 19.0
step 27772 	 return [0.0027533  0.00488631 0.0064123  0.01285837 0.01786595 0.01290088
 0.00977566 0.00528411 0.00397071 0.00340467], ([0.0013269  0.00012736 0.00147307 0.00128183 0.00028204 0.00092115
 0.00129622 0.00051372 0.00132358 0.00117316]) 	 loss 6.623E-02 	 horizons 19.0
step 27962 	 return [0.00133914 0.00884365 0.00646653 0.01262066 0.00692765 0.0096591
 0.02143402 0.00847786 0.0127779  0.00928742], ([0.00401741 0.00331803 0.0011841  0.00200883 0.0023851  0.00313625
 0.0074626  0.00290476 0.00426013 0.00310505]) 	 loss 6.777E-02 	 horizons 19.0
step 28152 	 return [0.         0.00518048 0.01165282 0.0211263  0.00760154 0.01333282
 0.02287367 0.01140669 0.01268135 0.01002159], ([0.0000000e+00 2.4112828e-06 2.7417641e-03 1.4925539e-04 1.3506970e-03
 8.0339616e-04 3.1125228e-04 4.9053069e-04 1.2401396e-03 1.3050742e-05]) 	 loss 4.422E-02 	 horizons 19.0
step 28342 	 return [0.         0.00310846 0.00906943 0.01513346 0.00732415 0.01475105
 0.02342433 0.01187879 0.01428307 0.01410938], ([0.0000000e+00 2.5380449e-03 3.6605010e-03 2.9634305e-03 5.2823272e-04
 1.0756308e-03 6.7676068e-05 9.2408452e-05 6.6378241e-04 2.0243234e-03]) 	 loss 6.583E-02 	 horizons 19.0
step 28532 	 return [0.         0.00519156 0.01018596 0.02021127 0.00804782 0.01126128
 0.02237611 0.01378403 0.01174655 0.01008785], ([0.0000000e+00 7.4181509e-05 2.9470080e-03 2.2383810e-03 1.5128135e-03
 2.6830528e-03 1.8564326e-03 3.0446257e-03 1.5468108e-03 1.9648485e-04]) 	 loss 6.297E-02 	 horizons 19.0
step 28722 	 return [0.         0.00468023 0.01129143 0.01883394 0.00781464 0.01307136
 0.02134031 0.01223836 0.01178714 0.01031801], ([0.         0.00156172 0.00226531 0.00347241 0.00154527 0.00239779
 0.00276876 0.00185812 0.001734   0.00074423]) 	 loss 6.752E-02 	 horizons 19.0
step 28912 	 return [0.         0.         0.01140353 0.01941249 0.00935297 0.01444267
 0.02241693 0.0121168  0.01294325 0.01097619], ([0.         0.         0.00286246 0.00291622 0.00188388 0.00170563
 0.00179009 0.00192198 0.00112151 0.00166176]) 	 loss 6.085E-02 	 horizons 19.0
step 29102 	 return [0.         0.0042625  0.01006915 0.01665212 0.00837642 0.01310495
 0.02280328 0.01111084 0.01386664 0.01030875], ([0.         0.00207221 0.00242482 0.00364576 0.00171048 0.00106983
 0.00268799 0.00187308 0.00050239 0.00029937]) 	 loss 5.691E-02 	 horizons 19.0
step 29292 	 return [0.         0.         0.01488787 0.02096146 0.00823207 0.01622909
 0.0227115  0.01209557 0.01315556 0.01023725], ([0.0000000e+00 0.0000000e+00 3.9725364e-04 2.8368217e-04 2.2960828e-06
 5.6368078e-04 1.7374492e-03 8.5775368e-04 9.6738152e-04 2.2791510e-05]) 	 loss 3.699E-02 	 horizons 19.0
step 29482 	 return [0.         0.00517945 0.01071376 0.02083467 0.00791968 0.01324633
 0.02175606 0.01185344 0.0126022  0.01001468], ([0.0000000e+00 4.6374075e-06 3.0159596e-03 3.5742199e-04 1.5194245e-03
 8.3012565e-04 2.2428767e-03 1.4177583e-03 1.2456493e-03 3.2697440e-05]) 	 loss 4.171E-02 	 horizons 19.0
step 29672 	 return [0.         0.00518164 0.01303889 0.02110258 0.00692717 0.0129889
 0.02306112 0.01165364 0.01333878 0.01002614], ([0.0000000e+00 0.0000000e+00 0.0000000e+00 0.0000000e+00 0.0000000e+00
 9.3132257e-10 1.8626451e-09 0.0000000e+00 9.3132257e-10 9.3132257e-10]) 	 loss 5.640E-02 	 horizons 19.0
step 29862 	 return [0.         0.00577136 0.00737914 0.0106078  0.01002757 0.01174391
 0.02140422 0.00902402 0.01276011 0.00813186], ([0.         0.00315937 0.000964   0.00217308 0.00136862 0.00237698
 0.00539089 0.00337833 0.00427158 0.00374791]) 	 loss 3.661E-02 	 horizons 19.0
step 30052 	 return [0.         0.01168836 0.00617967 0.00911569 0.0082598  0.00987237
 0.02341031 0.00913359 0.01423606 0.00972915], ([0.0000000e+00 1.0963505e-03 9.6317503e-04 1.7747039e-03 2.4433795e-03
 2.3052292e-03 5.5988028e-04 4.2703476e-05 4.7452373e-05 4.8897660e-04]) 	 loss 4.433E-02 	 horizons 19.0
[1;34mwandb[0m: 
[1;34mwandb[0m: 🚀 View run [33mmotndp_xian-v0__LCN-Xian-spatiotemporal_full__1011__1781029383[0m at: [34mhttps://wandb.ai/johnario-tu-delft/cl_ablation/runs/jvjzrns5[0m
[1;34mwandb[0m: Find logs at: [1;35mwandb/run-20260609_202304-jvjzrns5/logs[0m
