/home/SinJ/mo-transport-network-design/.venv/lib/python3.13/site-packages/pygame/pkgdata.py:25: UserWarning: pkg_resources is deprecated as an API. See https://setuptools.pypa.io/en/latest/pkg_resources.html. The pkg_resources package is slated for removal as early as 2025-11-30. Refrain from using this package or pin to Setuptools<81.
  from pkg_resources import resource_stream, resource_exists
Namespace(env='xian', nr_groups=10, starting_loc_x=9, starting_loc_y=19, nr_stations=20, lr=0.01, batch_size=256, num_er_episodes=100, num_step_episodes=10, num_model_updates=5, num_policies=10, max_buffer_size=100, nr_layers=1, hidden_dim=128, timesteps=30000, no_log=False, project_name='cl_ablation', experiment_name='LCN-Xian-spatiotemporal_full', wandb_entity='johnario-tu-delft', seed=42, cd_threshold=0.2, distance_ref='interpolate2', lcn_lambda=0.0, lambda_schedule='cosine', lambda_start=1.0, lambda_end=0.0, lambda_warmup_fraction=0.1, lambda_freeze_fraction=0.1, spatial_alpha=0.5, include_demand_context=True)
wandb: [wandb.login()] Loaded credentials for https://api.wandb.ai from /home/SinJ/.netrc.
wandb: Currently logged in as: jingyuan-sun03 (johnario-tu-delft) to https://api.wandb.ai. Use `wandb login --relogin` to force relogin
wandb: setting up run r3c34krv
wandb: Tracking run with wandb version 0.27.2
wandb: Run data is saved locally in /home/SinJ/mo-transport-network-design/wandb/run-20260609_173620-r3c34krv
wandb: Run `wandb offline` to turn off syncing.
wandb: Syncing run motndp_xian-v0__LCN-Xian-spatiotemporal_full__42__1781019379
wandb: ⭐️ View project at https://wandb.ai/johnario-tu-delft/cl_ablation
wandb: 🚀 View run at https://wandb.ai/johnario-tu-delft/cl_ablation/runs/r3c34krv
/home/SinJ/mo-transport-network-design/morl-baselines/morl_baselines/multi_policy/lcn/lcn.py:260: UserWarning: Creating a tensor from a list of numpy.ndarrays is extremely slow. Please consider converting the list to a single numpy.ndarray with numpy.array() before converting to a tensor. (Triggered internally at /pytorch/torch/csrc/utils/tensor_new.cpp:253.)
  th.tensor(obs).to(self.device),
step 1947 	 return [0.00105022 0.00308707 0.0031862  0.00283425 0.00182192 0.00509908
 0.00388165 0.00328136 0.00397709 0.00395216], ([0.00164187 0.00377843 0.00211049 0.00311093 0.00211831 0.00564817
 0.00447759 0.00371413 0.0034899  0.00475995]) 	 loss 2.015E+00 	 horizons 18.2
step 2121 	 return [0.0010344  0.00209294 0.00328223 0.00396798 0.00238323 0.00445994
 0.0050651  0.00315327 0.00238115 0.00171945], ([0.00160926 0.00198186 0.00379413 0.00397221 0.00222029 0.00463278
 0.00605774 0.00417978 0.00275629 0.00262561]) 	 loss 1.916E+00 	 horizons 17.4
step 2302 	 return [0.00205261 0.00315003 0.00181727 0.00435304 0.00273261 0.00379357
 0.00679114 0.00441286 0.00259304 0.00204457], ([0.00180659 0.0019017  0.00230144 0.00363005 0.00227036 0.00410309
 0.00756209 0.00540938 0.00299565 0.00478796]) 	 loss 1.811E+00 	 horizons 18.1
wandb: WARNING Artifact "run-r3c34krv-evalfront-u9O3Tw" already exists with the same content. No new version will be created.
step 2485 	 return [2.9852667e-03 4.5728092e-03 3.9932677e-03 3.2016053e-03 3.0129345e-03
 1.7014088e-03 2.2776537e-03 2.7309025e-03 1.1457428e-03 2.0375061e-05], ([2.7713671e-03 3.3548111e-03 4.4092620e-03 3.2194334e-03 2.3711184e-03
 1.7131545e-03 2.4422233e-03 3.8939500e-03 1.8203279e-03 6.1125182e-05]) 	 loss 1.472E+00 	 horizons 18.3
step 2675 	 return [0.00181431 0.00361378 0.00273498 0.00350713 0.00415712 0.00276747
 0.00355036 0.00211732 0.00259995 0.00172932], ([0.00233207 0.00250912 0.00345153 0.00299654 0.00264375 0.00282635
 0.0050883  0.00237725 0.00312212 0.00369556]) 	 loss 1.267E+00 	 horizons 19.0
step 2865 	 return [0.00311842 0.00469953 0.0041656  0.0039445  0.00418594 0.00522349
 0.00414143 0.00249875 0.00271134 0.00205013], ([0.00359571 0.00389416 0.00356363 0.00302815 0.00325635 0.00404671
 0.00516489 0.00195367 0.00398921 0.00370541]) 	 loss 1.106E+00 	 horizons 19.0
step 3045 	 return [0.0050395  0.00405781 0.00257862 0.0022445  0.00173169 0.0034589
 0.00351887 0.00234367 0.00269806 0.00163255], ([0.00490712 0.00337744 0.00301941 0.00218005 0.00154666 0.00642471
 0.00499654 0.00243547 0.00323312 0.00287671]) 	 loss 1.064E+00 	 horizons 18.0
step 3235 	 return [0.00749573 0.00791622 0.00624139 0.00290734 0.00495249 0.00154107
 0.00177274 0.00094103 0.00054852 0.0008028 ], ([0.00335204 0.00302312 0.00123257 0.0023111  0.00257687 0.00317487
 0.00341461 0.00255544 0.00164556 0.00240839]) 	 loss 1.059E+00 	 horizons 19.0
step 3425 	 return [0.0004922  0.00329399 0.00407786 0.00562544 0.00470001 0.00472701
 0.00887603 0.00539923 0.00562285 0.00308504], ([0.00147659 0.00296453 0.0036258  0.00401153 0.00388694 0.00269976
 0.00517223 0.00416941 0.00476359 0.00333189]) 	 loss 9.769E-01 	 horizons 19.0
step 3610 	 return [0.00126317 0.00322072 0.00292423 0.00285775 0.002406   0.00237598
 0.00555246 0.00359244 0.00334107 0.0012288 ], ([0.00167384 0.00349684 0.00301478 0.00357926 0.00204779 0.0030644
 0.00465431 0.00244002 0.00308279 0.00160054]) 	 loss 9.932E-01 	 horizons 18.5
step 3800 	 return [0.         0.00287717 0.00509015 0.0068663  0.00411314 0.00712346
 0.01127341 0.00643972 0.00443161 0.00629407], ([0.         0.00355114 0.00360274 0.00453445 0.00265575 0.0045628
 0.00713995 0.00227944 0.00354243 0.00552976]) 	 loss 9.691E-01 	 horizons 19.0
step 3990 	 return [0.         0.00284733 0.00301465 0.00697254 0.00353487 0.0101465
 0.00942606 0.00642826 0.00499716 0.00701128], ([0.         0.00317941 0.00359974 0.00314625 0.0044242  0.00369283
 0.00647786 0.00422175 0.00394308 0.00372243]) 	 loss 9.530E-01 	 horizons 19.0
step 4180 	 return [0.0045627  0.00820628 0.00508365 0.00513702 0.00506444 0.0040011
 0.00528041 0.00270402 0.00143091 0.00296727], ([0.00389983 0.00426656 0.00348943 0.00433569 0.002688   0.00463097
 0.00710021 0.00371305 0.00265533 0.00431709]) 	 loss 9.079E-01 	 horizons 19.0
step 4370 	 return [0.00521407 0.00656884 0.00504214 0.00479973 0.00456039 0.00559981
 0.00330596 0.00197887 0.00266645 0.00341478], ([0.00389375 0.00462531 0.00348339 0.00290286 0.00277497 0.00472071
 0.00475761 0.00208351 0.00368474 0.00585715]) 	 loss 8.657E-01 	 horizons 19.0
step 4560 	 return [0.         0.00198352 0.00632858 0.00816644 0.00405385 0.00566319
 0.01034196 0.00619489 0.00559351 0.00411034], ([0.         0.00336124 0.00443349 0.00588242 0.00362438 0.00270995
 0.00683191 0.00380448 0.0041808  0.00279501]) 	 loss 8.190E-01 	 horizons 19.0
step 4750 	 return [0.00189003 0.00373339 0.004094   0.00670177 0.00369745 0.00836898
 0.00853207 0.00454709 0.00374551 0.00437868], ([0.0025526  0.00357034 0.00261381 0.00449293 0.00310449 0.00526646
 0.00653337 0.0034639  0.00372603 0.00447028]) 	 loss 8.430E-01 	 horizons 19.0
step 4940 	 return [0.00012431 0.00245715 0.00271313 0.00614552 0.00337471 0.01026106
 0.00993145 0.00619497 0.00389948 0.00873514], ([0.00037293 0.00348237 0.00302479 0.00246665 0.00266058 0.00513941
 0.00666081 0.00228889 0.0024814  0.0046744 ]) 	 loss 8.568E-01 	 horizons 19.0
step 5130 	 return [0.00341924 0.0056703  0.00530682 0.00548758 0.00556102 0.00484447
 0.00554491 0.00441201 0.00254107 0.00353785], ([0.00429437 0.00406581 0.00253966 0.00252386 0.00258282 0.00485991
 0.0048965  0.00395208 0.00258999 0.00503727]) 	 loss 8.461E-01 	 horizons 19.0
step 5320 	 return [0.00239787 0.00342579 0.00380474 0.00809849 0.00428727 0.00926289
 0.00906583 0.00602232 0.00444199 0.0065857 ], ([0.00348572 0.00356669 0.00184854 0.0027547  0.00379052 0.00334907
 0.00788127 0.00379758 0.00322225 0.00686741]) 	 loss 8.529E-01 	 horizons 19.0
step 5510 	 return [0.0020748  0.00413996 0.00358506 0.00917614 0.00644312 0.00835104
 0.00684716 0.0068529  0.00465288 0.00513397], ([0.00256574 0.00491287 0.00256564 0.00337412 0.00327636 0.00384919
 0.0027604  0.00435605 0.00337206 0.00488267]) 	 loss 8.825E-01 	 horizons 19.0
step 5700 	 return [0.00099629 0.00432217 0.0059918  0.00918776 0.00644078 0.00811157
 0.00937813 0.00547656 0.00692901 0.00863662], ([0.00186626 0.00477418 0.00495811 0.00542261 0.00252565 0.00447138
 0.00621233 0.00266801 0.0035389  0.00666337]) 	 loss 8.049E-01 	 horizons 19.0
step 5890 	 return [0.         0.00517705 0.00150391 0.00644326 0.00619434 0.01050159
 0.00995658 0.00724688 0.00606606 0.00846045], ([0.         0.00339756 0.00237151 0.00277645 0.00439476 0.00475028
 0.00669053 0.00343289 0.00474905 0.0066087 ]) 	 loss 8.103E-01 	 horizons 19.0
step 6080 	 return [0.         0.00372249 0.00388752 0.00755108 0.00477786 0.00664383
 0.01251952 0.00608515 0.00461417 0.00303396], ([0.         0.00492117 0.00345533 0.00465977 0.00360246 0.0030269
 0.00702441 0.00495508 0.00371162 0.0018556 ]) 	 loss 8.154E-01 	 horizons 19.0
step 6270 	 return [0.         0.00351573 0.0051504  0.00921787 0.00542455 0.00669832
 0.01188798 0.0050686  0.00632192 0.00588318], ([0.         0.0047185  0.00415882 0.00448132 0.00416995 0.00380386
 0.00967659 0.00362296 0.00351777 0.0036962 ]) 	 loss 7.970E-01 	 horizons 19.0
step 6460 	 return [0.00028415 0.00393784 0.00301506 0.00816599 0.0073779  0.01191715
 0.00628387 0.00684178 0.00685913 0.00798914], ([0.00085245 0.00483859 0.00319251 0.00364512 0.00323808 0.00243372
 0.00448262 0.00238415 0.00403095 0.005761  ]) 	 loss 7.815E-01 	 horizons 19.0
step 6650 	 return [0.0007157  0.0053892  0.00274824 0.00765582 0.00466447 0.00891985
 0.00726711 0.00438401 0.00519594 0.00589432], ([0.00214709 0.00444972 0.004089   0.00471284 0.00318069 0.00614855
 0.00420331 0.00262618 0.00423523 0.00630095]) 	 loss 7.866E-01 	 horizons 19.0
step 6840 	 return [0.00068136 0.00167215 0.0049051  0.00937238 0.0049132  0.01040232
 0.01077112 0.00769262 0.00689475 0.00702124], ([0.00204409 0.00265675 0.00373049 0.00346519 0.00353652 0.0051477
 0.00561486 0.00146923 0.00394045 0.00556144]) 	 loss 8.279E-01 	 horizons 19.0
step 7030 	 return [0.00087265 0.00479629 0.00311212 0.00703398 0.00503076 0.01169697
 0.01248986 0.0046758  0.00459166 0.00847845], ([0.00174532 0.00353558 0.00365826 0.00206645 0.00285351 0.00401015
 0.00781245 0.0028366  0.00289906 0.00527072]) 	 loss 8.104E-01 	 horizons 19.0
step 7220 	 return [0.00281207 0.00470502 0.00573925 0.00811681 0.00572322 0.00834586
 0.00681626 0.00323421 0.00294232 0.00364818], ([0.00357396 0.00374414 0.00332343 0.00431561 0.0021101  0.00516762
 0.00582917 0.00211393 0.00362458 0.00477194]) 	 loss 8.044E-01 	 horizons 19.0
step 7410 	 return [0.         0.0044803  0.00489709 0.01048366 0.00696424 0.00924714
 0.01368106 0.00709423 0.00610451 0.00540367], ([0.         0.00256179 0.00389511 0.00413993 0.00573889 0.00334837
 0.00945287 0.00363382 0.00180228 0.00568746]) 	 loss 7.347E-01 	 horizons 19.0
step 7600 	 return [0.         0.00216401 0.0065516  0.01033275 0.00398804 0.00839132
 0.01167589 0.00709036 0.00607376 0.00638045], ([0.         0.00346202 0.00455471 0.00706882 0.00400598 0.00577011
 0.00843355 0.00445623 0.0036832  0.00454229]) 	 loss 7.533E-01 	 horizons 19.0
step 7790 	 return [0.         0.00125093 0.0062535  0.00719958 0.00469299 0.01213332
 0.01067066 0.00744051 0.00528037 0.01071917], ([0.         0.00279169 0.00281825 0.00334625 0.00503018 0.00384281
 0.00769893 0.00423193 0.00265202 0.0052154 ]) 	 loss 7.491E-01 	 horizons 19.0
step 7980 	 return [0.00012399 0.00143845 0.00465027 0.00852118 0.00518946 0.01075766
 0.00868732 0.00887764 0.00457054 0.00741841], ([0.00037196 0.00278668 0.00349812 0.0023271  0.00422692 0.00607736
 0.00687111 0.00356838 0.00402646 0.00315687]) 	 loss 7.389E-01 	 horizons 19.0
step 8170 	 return [0.         0.00128621 0.0067038  0.01041006 0.00488257 0.00991315
 0.01516172 0.00465154 0.00557972 0.00931143], ([0.         0.00199106 0.00277838 0.00549505 0.00421097 0.00458788
 0.00737812 0.00434915 0.0022243  0.00281248]) 	 loss 7.161E-01 	 horizons 19.0
step 8360 	 return [0.         0.00296599 0.00311756 0.00835845 0.00521996 0.01100852
 0.01652593 0.00755849 0.00777844 0.01075099], ([0.         0.00388905 0.00347798 0.00476235 0.00300745 0.00412214
 0.0062039  0.00367972 0.004256   0.00647891]) 	 loss 7.357E-01 	 horizons 19.0
step 8550 	 return [0.         0.00376832 0.00261367 0.00946012 0.00374481 0.01272052
 0.01482459 0.00591379 0.00655001 0.00916566], ([0.         0.0031288  0.00263429 0.00384795 0.00329227 0.00455626
 0.00611265 0.00359841 0.00321748 0.0035383 ]) 	 loss 7.321E-01 	 horizons 19.0
step 8740 	 return [0.         0.0024456  0.00688215 0.01098463 0.00810395 0.0076535
 0.00788198 0.00515372 0.00379198 0.00282562], ([0.         0.00263257 0.00359196 0.00639904 0.00407292 0.00420657
 0.00543173 0.00329701 0.0035084  0.00230569]) 	 loss 7.278E-01 	 horizons 19.0
step 8930 	 return [0.         0.00283931 0.00576183 0.00872383 0.00659913 0.01140807
 0.009922   0.00803198 0.00781983 0.00563917], ([0.         0.00421435 0.00339314 0.00450033 0.00414231 0.00578247
 0.00579489 0.00314015 0.00425709 0.00521312]) 	 loss 6.907E-01 	 horizons 19.0
step 9120 	 return [0.         0.00152036 0.00718607 0.01055182 0.00293196 0.0128712
 0.01448814 0.0082555  0.0077597  0.00897681], ([0.         0.00291921 0.00251577 0.00339453 0.00369666 0.00394219
 0.00642059 0.00365126 0.00437847 0.00512493]) 	 loss 6.706E-01 	 horizons 19.0
step 9310 	 return [0.         0.00237113 0.00634657 0.01033383 0.00595253 0.00912725
 0.01053764 0.00417093 0.00541102 0.0087618 ], ([0.         0.00312007 0.00368082 0.00519674 0.00348581 0.00790999
 0.00627978 0.00325448 0.00425508 0.00283297]) 	 loss 6.869E-01 	 horizons 19.0
step 9500 	 return [0.         0.00255545 0.00564253 0.00790929 0.00637376 0.00755379
 0.00927195 0.00324673 0.00249451 0.00590016], ([0.         0.00217346 0.00434364 0.0047557  0.00211671 0.00592304
 0.00695424 0.0033386  0.00137588 0.00491027]) 	 loss 6.692E-01 	 horizons 19.0
step 9690 	 return [0.00029825 0.00133496 0.00778198 0.01042553 0.00760243 0.01029189
 0.00989906 0.00448049 0.00476203 0.00748004], ([0.00089475 0.0020893  0.00284765 0.00646698 0.00474613 0.00634967
 0.00723097 0.00422713 0.00301204 0.00557988]) 	 loss 6.609E-01 	 horizons 19.0
step 9880 	 return [0.         0.00315721 0.00688666 0.01239527 0.00635399 0.01044111
 0.01507177 0.00636798 0.00693483 0.00575123], ([0.         0.00435855 0.00129043 0.00524275 0.00579956 0.00432819
 0.00387642 0.00382418 0.00272383 0.00480878]) 	 loss 6.483E-01 	 horizons 19.0
step 10070 	 return [0.         0.00107857 0.00710604 0.00742105 0.00576495 0.00644649
 0.00989337 0.00405495 0.00530664 0.00625215], ([0.         0.00206354 0.00455856 0.00560785 0.00270482 0.0040849
 0.00710246 0.00538215 0.00386761 0.00274524]) 	 loss 6.874E-01 	 horizons 19.0
step 10260 	 return [0.         0.00075607 0.00776456 0.00851299 0.00564587 0.00738959
 0.00959306 0.00482297 0.00468249 0.00679889], ([0.         0.00151823 0.0027433  0.00632353 0.00430958 0.00546071
 0.00800892 0.00458166 0.00352662 0.00437959]) 	 loss 6.528E-01 	 horizons 19.0
step 10450 	 return [0.         0.         0.00971684 0.01149267 0.00781967 0.00997872
 0.01067418 0.00664207 0.00713858 0.00927009], ([0.         0.         0.00314867 0.00522486 0.00367435 0.00531193
 0.00561768 0.00440152 0.00327495 0.00444479]) 	 loss 6.580E-01 	 horizons 19.0
step 10640 	 return [0.         0.00184225 0.00725014 0.00800285 0.00807103 0.00754593
 0.00804859 0.00189933 0.0023262  0.00527754], ([0.         0.0023541  0.00342703 0.00676262 0.00415441 0.00515248
 0.00655974 0.00308714 0.00237956 0.00333367]) 	 loss 6.489E-01 	 horizons 19.0
step 10830 	 return [0.         0.         0.00888921 0.00822873 0.00720885 0.00661844
 0.00738936 0.00334957 0.00691831 0.0054678 ], ([0.         0.         0.00206605 0.00677941 0.00514437 0.00423517
 0.00545049 0.00303517 0.00386909 0.00319505]) 	 loss 6.509E-01 	 horizons 19.0
step 11020 	 return [0.00057091 0.00132638 0.00939411 0.01456036 0.00983268 0.01124188
 0.00778778 0.00534596 0.00617722 0.00727864], ([0.00114228 0.00203381 0.00245841 0.00310235 0.0037804  0.00500212
 0.00435944 0.00304917 0.00339416 0.00764663]) 	 loss 6.573E-01 	 horizons 19.0
step 11210 	 return [0.00075783 0.0034088  0.00855703 0.01365698 0.00893341 0.01027376
 0.00691215 0.00603699 0.00229041 0.00503025], ([0.00157257 0.00224568 0.00305711 0.00422459 0.0046923  0.00403633
 0.00616922 0.00244835 0.00233514 0.00563452]) 	 loss 6.435E-01 	 horizons 19.0
step 11400 	 return [0.000291   0.00587927 0.00355147 0.0097042  0.00718956 0.01268067
 0.00820849 0.00544667 0.00446503 0.00576727], ([0.000873   0.002482   0.00338771 0.00503402 0.00563494 0.00327177
 0.00614541 0.00203657 0.0039388  0.00568512]) 	 loss 6.262E-01 	 horizons 19.0
step 11590 	 return [0.         0.0008366  0.00846435 0.01115    0.00651363 0.01201403
 0.01182723 0.00768785 0.00669675 0.00843926], ([0.         0.0025098  0.00322586 0.0046585  0.00507263 0.00405418
 0.00509122 0.00311202 0.00376331 0.00460907]) 	 loss 6.917E-01 	 horizons 19.0
step 11780 	 return [0.         0.00089496 0.01040177 0.01046062 0.00815941 0.01077774
 0.00985758 0.00427538 0.0051232  0.00732553], ([0.         0.00179822 0.00269796 0.00595865 0.00408716 0.00673272
 0.00660141 0.00435321 0.00425885 0.00471063]) 	 loss 5.697E-01 	 horizons 19.0
step 11970 	 return [0.         0.00137264 0.00966054 0.01340969 0.00777872 0.01092104
 0.00731913 0.00767224 0.00630836 0.00853153], ([0.         0.00209956 0.00205227 0.00584954 0.00409093 0.00534567
 0.00520867 0.00334189 0.0037903  0.00549231]) 	 loss 6.213E-01 	 horizons 19.0
step 12160 	 return [0.00024498 0.00462072 0.00545908 0.01147807 0.00681933 0.01275008
 0.01024984 0.00670019 0.00496648 0.0072767 ], ([0.00073494 0.00322578 0.00374458 0.00464885 0.00591106 0.00527375
 0.00409458 0.00371602 0.00276953 0.00749988]) 	 loss 5.429E-01 	 horizons 19.0
step 12350 	 return [0.00028482 0.0013292  0.00858884 0.01256994 0.00839693 0.0137283
 0.01232865 0.00717568 0.00624232 0.00738005], ([0.00085447 0.00205852 0.00356839 0.00400104 0.00538266 0.00389654
 0.00552267 0.00328271 0.0033241  0.00546961]) 	 loss 6.132E-01 	 horizons 19.0
step 12540 	 return [0.         0.00069525 0.0099302  0.00998382 0.00795848 0.01164803
 0.01232155 0.00274149 0.00335908 0.00852014], ([0.         0.0013905  0.0042568  0.00739417 0.00260668 0.00423874
 0.00826492 0.00308322 0.00318704 0.00381157]) 	 loss 5.537E-01 	 horizons 19.0
step 12730 	 return [0.         0.00072869 0.00999488 0.01406842 0.00742606 0.01633197
 0.0142175  0.00377033 0.00451862 0.00796523], ([0.         0.00218606 0.00405301 0.0014243  0.00469206 0.00396401
 0.00553604 0.00498411 0.0022714  0.00393264]) 	 loss 5.580E-01 	 horizons 19.0
step 12920 	 return [0.00027964 0.00403849 0.00718713 0.01352206 0.00833432 0.01380853
 0.00691548 0.00590386 0.00623619 0.00704564], ([0.00083893 0.00214152 0.00339409 0.00302255 0.00525049 0.00545562
 0.00374647 0.00246625 0.0049017  0.00654753]) 	 loss 5.598E-01 	 horizons 19.0
step 13110 	 return [0.00057284 0.00475534 0.00594139 0.01336282 0.00887493 0.01525513
 0.00961305 0.00514984 0.00639638 0.00779434], ([0.00114667 0.00208255 0.00253903 0.00359237 0.00558604 0.00341679
 0.00330984 0.00220023 0.00455222 0.00582062]) 	 loss 5.235E-01 	 horizons 19.0
step 13300 	 return [0.00026603 0.00427616 0.00733525 0.01435828 0.00793079 0.01597797
 0.00646406 0.00632767 0.0064365  0.00660482], ([0.00079809 0.00179137 0.00415615 0.00340838 0.00611772 0.00522382
 0.00314097 0.00360414 0.0044894  0.00600221]) 	 loss 5.549E-01 	 horizons 19.0
step 13490 	 return [0.         0.00583639 0.00377951 0.01134392 0.00763027 0.01502673
 0.008757   0.00554029 0.00462174 0.0074654 ], ([0.         0.00151589 0.00223348 0.00329241 0.00549905 0.0061496
 0.00341605 0.00321176 0.00365337 0.00437563]) 	 loss 5.278E-01 	 horizons 19.0
step 13680 	 return [0.00027819 0.00100691 0.00915857 0.00878363 0.0135609  0.0088659
 0.00533299 0.00340032 0.00317621 0.00359933], ([0.00083457 0.00156379 0.00373606 0.00744709 0.00443247 0.00310558
 0.00307213 0.00289101 0.00373654 0.00329402]) 	 loss 5.060E-01 	 horizons 19.0
step 13870 	 return [0.         0.00234155 0.00704026 0.01169557 0.00918546 0.01117057
 0.01027572 0.00654332 0.00720508 0.00768569], ([0.         0.00221637 0.00338565 0.00669933 0.00335671 0.00436582
 0.00480939 0.00403308 0.00401173 0.00486132]) 	 loss 4.789E-01 	 horizons 19.0
step 14060 	 return [0.00041676 0.00280519 0.00673933 0.01063016 0.00833292 0.01121415
 0.00908839 0.00574819 0.00725936 0.00659215], ([0.00125029 0.00239941 0.00168575 0.0053494  0.0038098  0.00475911
 0.00352319 0.00443738 0.00381588 0.00405775]) 	 loss 4.991E-01 	 horizons 19.0
step 14250 	 return [0.         0.00521548 0.00546485 0.01272884 0.00434258 0.01738872
 0.01653258 0.005891   0.00683608 0.01284162], ([0.         0.00068334 0.00248408 0.00258791 0.00313957 0.003152
 0.00287973 0.00272486 0.00364634 0.00276348]) 	 loss 4.960E-01 	 horizons 19.0
step 14440 	 return [0.00055048 0.00043479 0.00974071 0.01151472 0.00779236 0.01276335
 0.00963138 0.00568101 0.00788592 0.00891578], ([0.00110124 0.00130438 0.0011261  0.00304352 0.00449646 0.00252486
 0.00339799 0.00245425 0.00297334 0.00399258]) 	 loss 4.888E-01 	 horizons 19.0
step 14630 	 return [0.         0.00542476 0.00563716 0.01148582 0.00651708 0.01563573
 0.00756185 0.00645749 0.00788932 0.0115757 ], ([0.         0.00315748 0.00184337 0.00453456 0.00408924 0.00407589
 0.00384525 0.0031876  0.00373712 0.00610789]) 	 loss 4.397E-01 	 horizons 19.0
step 14820 	 return [0.         0.00310111 0.00794496 0.01453051 0.0100359  0.00877086
 0.01183962 0.00746836 0.00586004 0.00506641], ([0.         0.00206191 0.00286142 0.00594552 0.00229836 0.00348562
 0.00553672 0.00346863 0.00389428 0.00262706]) 	 loss 4.519E-01 	 horizons 19.0
step 15010 	 return [0.00058153 0.00544068 0.00585939 0.01106316 0.00607466 0.0137749
 0.00709525 0.00608509 0.00806869 0.01137702], ([0.0011649  0.00141359 0.00224208 0.00331635 0.00351454 0.00631599
 0.00412966 0.0028276  0.00391967 0.00393049]) 	 loss 4.572E-01 	 horizons 19.0
step 15200 	 return [0.         0.00565001 0.00555916 0.01273314 0.00746971 0.00898968
 0.01888013 0.00687925 0.00893306 0.0086536 ], ([0.         0.00446138 0.00345375 0.00315526 0.002629   0.0035961
 0.00527038 0.00217595 0.00311971 0.00482167]) 	 loss 4.219E-01 	 horizons 19.0
step 15390 	 return [0.00012574 0.00404862 0.00616956 0.01455841 0.00858452 0.00880958
 0.01605218 0.00828028 0.00580682 0.00869544], ([0.00037723 0.00246064 0.00222828 0.00203911 0.00425429 0.00456179
 0.00729927 0.00427286 0.00286944 0.00386041]) 	 loss 4.581E-01 	 horizons 19.0
step 15580 	 return [0.00027253 0.00593148 0.00545307 0.0135173  0.01026545 0.01263872
 0.01048524 0.00743837 0.0064978  0.00733431], ([0.00081759 0.00188212 0.00252227 0.00280921 0.00305875 0.00353948
 0.00279777 0.0034019  0.00269637 0.0054645 ]) 	 loss 4.227E-01 	 horizons 19.0
step 15770 	 return [0.         0.0055092  0.00477815 0.01275981 0.00822913 0.01515088
 0.00955123 0.0080599  0.00797763 0.01235317], ([0.         0.00110614 0.002851   0.00384174 0.00347763 0.00407489
 0.00303952 0.00220779 0.00296227 0.00499294]) 	 loss 4.391E-01 	 horizons 19.0
step 15960 	 return [0.         0.00538079 0.00499207 0.01357683 0.00661965 0.01486525
 0.00892259 0.00737126 0.00742161 0.01055153], ([0.         0.00113474 0.00211488 0.00412596 0.00436549 0.003739
 0.0034262  0.00338763 0.00296268 0.00475199]) 	 loss 4.331E-01 	 horizons 19.0
step 16150 	 return [0.00027653 0.00090565 0.00920578 0.01345724 0.01031855 0.01183526
 0.00936414 0.00753113 0.00818106 0.01009712], ([0.0008296  0.00181258 0.0014873  0.0021892  0.00291824 0.00356391
 0.0028917  0.00274695 0.00235989 0.00532329]) 	 loss 3.658E-01 	 horizons 19.0
step 16340 	 return [0.         0.00328467 0.00690431 0.01257916 0.0071635  0.01112312
 0.01596743 0.0061112  0.0073516  0.00968366], ([0.         0.00216506 0.00108719 0.00255779 0.00296057 0.00426062
 0.00544091 0.00320364 0.0038759  0.00421071]) 	 loss 3.525E-01 	 horizons 19.0
step 16530 	 return [0.         0.00432385 0.00676092 0.01196092 0.00792899 0.01337335
 0.0107123  0.00828744 0.01032377 0.00933531], ([0.         0.00149662 0.00113746 0.00303474 0.00230681 0.00530171
 0.0023495  0.00231713 0.00197725 0.00364411]) 	 loss 3.718E-01 	 horizons 19.0
step 16720 	 return [0.         0.00537973 0.00620801 0.0128017  0.01014816 0.01175053
 0.00960164 0.00700828 0.00640984 0.01166761], ([0.         0.0024635  0.00213392 0.00380327 0.00327541 0.00288774
 0.0041226  0.00423961 0.00185698 0.00388442]) 	 loss 3.592E-01 	 horizons 19.0
step 16910 	 return [0.00054826 0.00483278 0.00643733 0.01372435 0.00955668 0.01475071
 0.01098827 0.00733886 0.00693437 0.01100036], ([0.00109651 0.00218364 0.00113369 0.00289833 0.00355457 0.0032315
 0.00316391 0.00183265 0.00274683 0.00423042]) 	 loss 3.537E-01 	 horizons 19.0
step 17100 	 return [0.         0.00467331 0.0070965  0.014665   0.00915489 0.00948778
 0.01614614 0.00782335 0.00834386 0.00968311], ([0.         0.0003295  0.00091356 0.00281753 0.00253362 0.00267291
 0.0044637  0.00220984 0.00158739 0.00397865]) 	 loss 3.090E-01 	 horizons 19.0
step 17290 	 return [0.         0.00423642 0.00645206 0.01439622 0.00826422 0.01108009
 0.0181155  0.0089544  0.00787698 0.01042564], ([0.         0.00144553 0.00090522 0.00276672 0.00259402 0.00380142
 0.00415667 0.00218419 0.00293559 0.00408996]) 	 loss 3.032E-01 	 horizons 19.0
step 17480 	 return [0.         0.00553758 0.00631372 0.01377667 0.00708898 0.01294657
 0.01801055 0.00750478 0.00964259 0.01249972], ([0.         0.00170883 0.00090705 0.00161971 0.00299657 0.003171
 0.00393487 0.00229694 0.00263669 0.00311305]) 	 loss 3.179E-01 	 horizons 19.0
step 17670 	 return [0.00054404 0.00543754 0.00659918 0.01403194 0.00988794 0.01363975
 0.00957595 0.00706236 0.00631151 0.01030063], ([0.00108807 0.00138018 0.00163327 0.00185909 0.00170969 0.00327122
 0.00256973 0.00380139 0.00224678 0.00389012]) 	 loss 3.319E-01 	 horizons 19.0
step 17860 	 return [0.         0.00604171 0.00603184 0.013471   0.0042322  0.0126795
 0.01956155 0.00768486 0.00984116 0.01143177], ([0.         0.00184264 0.0021424  0.00470332 0.00283498 0.00174729
 0.00204896 0.00311747 0.00318303 0.00263944]) 	 loss 3.229E-01 	 horizons 19.0
step 18050 	 return [0.00295136 0.00603627 0.00580629 0.0129435  0.00719298 0.01004802
 0.00818994 0.00625488 0.00480634 0.00597318], ([0.00254071 0.00351969 0.00260497 0.00307901 0.00409355 0.00338265
 0.00275532 0.0022278  0.00272864 0.00309073]) 	 loss 3.205E-01 	 horizons 19.0
step 18240 	 return [0.00131941 0.00637623 0.0075448  0.01396726 0.0062867  0.00990137
 0.00736667 0.00565718 0.0041367  0.00648689], ([0.00172022 0.00331817 0.0018621  0.00298031 0.00275989 0.00551484
 0.00394139 0.00266826 0.00280957 0.00385032]) 	 loss 3.109E-01 	 horizons 19.0
step 18430 	 return [0.00122717 0.00440253 0.00582783 0.01142158 0.00855139 0.00938294
 0.00850314 0.00718773 0.00517363 0.00974094], ([0.00155017 0.00251063 0.00252698 0.00288654 0.00458848 0.00355067
 0.00383473 0.00337449 0.00193866 0.00536714]) 	 loss 2.912E-01 	 horizons 19.0
step 18620 	 return [0.         0.00639642 0.00545392 0.01351005 0.00560594 0.01506796
 0.01481718 0.00594805 0.00841068 0.01250142], ([0.         0.00192719 0.00200302 0.00081764 0.00322994 0.00435405
 0.0036888  0.00390088 0.0033979  0.00208585]) 	 loss 3.059E-01 	 horizons 19.0
step 18810 	 return [0.         0.00544995 0.00607016 0.01387871 0.01153117 0.01455203
 0.00977156 0.00917406 0.00611235 0.0091078 ], ([0.         0.00119137 0.00251002 0.00182058 0.0038588  0.00313591
 0.0031113  0.00383981 0.00197254 0.00381956]) 	 loss 3.350E-01 	 horizons 19.0
step 19000 	 return [0.00165275 0.00551293 0.00559353 0.01235703 0.00784222 0.01029997
 0.0066457  0.00561474 0.00539846 0.00985082], ([0.00211725 0.00297336 0.00142058 0.00373874 0.00382597 0.00438191
 0.00242128 0.00325215 0.00340461 0.00632544]) 	 loss 3.217E-01 	 horizons 19.0
step 19190 	 return [0.         0.00883589 0.00113337 0.01341138 0.0006812  0.01442299
 0.01818602 0.00630378 0.00799205 0.01157315], ([0.         0.00125464 0.00178017 0.00216209 0.00157099 0.00263983
 0.00298062 0.00271246 0.00387152 0.00361469]) 	 loss 3.166E-01 	 horizons 19.0
step 19380 	 return [0.         0.00518338 0.00566306 0.0138532  0.00974748 0.01517929
 0.0103559  0.00718705 0.00764428 0.01230361], ([0.         0.00016773 0.0008894  0.00119176 0.00286931 0.00195377
 0.00262168 0.00284105 0.00273797 0.00387371]) 	 loss 3.433E-01 	 horizons 19.0
step 19570 	 return [0.         0.00505435 0.00591972 0.0140225  0.00439938 0.01445574
 0.01642515 0.00797998 0.00816472 0.01173578], ([0.         0.00033513 0.00118744 0.00167457 0.00307085 0.0027943
 0.00215875 0.00222435 0.00270219 0.00368491]) 	 loss 3.389E-01 	 horizons 19.0
step 19760 	 return [0.         0.00669821 0.00419195 0.01408535 0.00452419 0.01204171
 0.01816971 0.00696581 0.00816053 0.01164953], ([0.         0.00213956 0.00242778 0.00104498 0.00306918 0.00415377
 0.00459082 0.00184435 0.0029028  0.00224712]) 	 loss 3.315E-01 	 horizons 19.0
step 19950 	 return [0.         0.00449318 0.00668628 0.01356288 0.00715783 0.01680003
 0.01123192 0.00702354 0.00758914 0.01239081], ([0.         0.00149946 0.00098323 0.00149847 0.00322124 0.00476747
 0.00311371 0.00212069 0.00351033 0.00331788]) 	 loss 2.864E-01 	 horizons 19.0
step 20140 	 return [0.         0.00516133 0.00591062 0.01369561 0.00479644 0.01451692
 0.02132142 0.00808791 0.0055533  0.01276326], ([0.         0.00022683 0.00094329 0.00077085 0.00314644 0.00315477
 0.00381442 0.00182696 0.00233141 0.0015845 ]) 	 loss 2.788E-01 	 horizons 19.0
step 20330 	 return [0.         0.00766421 0.00306441 0.01409344 0.00333331 0.01090525
 0.01749783 0.007117   0.00810393 0.01096442], ([0.         0.00208836 0.0030683  0.00152955 0.00337993 0.00405779
 0.00634899 0.00293469 0.00437025 0.00451908]) 	 loss 2.722E-01 	 horizons 19.0
step 20520 	 return [0.         0.00579445 0.00578703 0.01373984 0.00470737 0.01327693
 0.01644241 0.00903215 0.00656939 0.01349581], ([0.         0.00123831 0.00205809 0.00068236 0.00247109 0.00317494
 0.00282666 0.00228072 0.00184054 0.00090803]) 	 loss 2.944E-01 	 horizons 19.0
step 20710 	 return [0.         0.00774386 0.00623314 0.01472261 0.00766388 0.00932658
 0.01713215 0.00657711 0.00901153 0.00836684], ([0.         0.00247032 0.00233232 0.00190411 0.00199387 0.00362925
 0.00723739 0.00377367 0.00557596 0.00341921]) 	 loss 2.696E-01 	 horizons 19.0
step 20900 	 return [0.00177896 0.00446699 0.00618641 0.01221896 0.0087142  0.00859693
 0.00883534 0.0056438  0.00484494 0.01146211], ([0.00150543 0.00150102 0.00112769 0.00075758 0.00332516 0.00169124
 0.00189911 0.00052639 0.00116636 0.00209901]) 	 loss 2.609E-01 	 horizons 19.0
step 21090 	 return [0.001235   0.0059466  0.00555774 0.0130807  0.00878533 0.00957594
 0.00878822 0.00589591 0.0053797  0.01123568], ([0.00155773 0.0020914  0.00225322 0.0013951  0.00328258 0.00236267
 0.0024799  0.00205953 0.00155033 0.00297731]) 	 loss 2.284E-01 	 horizons 19.0
step 21280 	 return [0.00151133 0.00527057 0.00576101 0.01190666 0.00683202 0.01019915
 0.0086674  0.00602468 0.00478568 0.01091593], ([0.00188789 0.00142746 0.00116829 0.00247589 0.00209413 0.00325557
 0.00374131 0.00190045 0.00213765 0.00168156]) 	 loss 2.138E-01 	 horizons 19.0
step 21470 	 return [0.         0.00506278 0.00593646 0.01324369 0.0065575  0.01697851
 0.01444773 0.00562917 0.00856109 0.01379217], ([0.         0.00016611 0.00038295 0.00056156 0.00065279 0.0022348
 0.00156323 0.0015061  0.0029944  0.00247494]) 	 loss 2.581E-01 	 horizons 19.0
step 21660 	 return [0.         0.00545067 0.00527209 0.0131829  0.00405821 0.01422644
 0.01821736 0.00817961 0.00820485 0.01304259], ([0.         0.00061886 0.00152175 0.00209386 0.00305478 0.00268347
 0.00415689 0.00234286 0.00297448 0.00183498]) 	 loss 2.348E-01 	 horizons 19.0
step 21850 	 return [0.         0.00734184 0.00417938 0.01410251 0.00225362 0.01199293
 0.02232521 0.00854033 0.00866968 0.01189741], ([0.         0.00207794 0.00281187 0.00060435 0.0034735  0.00270123
 0.00228328 0.00154308 0.00338521 0.00146657]) 	 loss 1.998E-01 	 horizons 19.0
step 22040 	 return [0.         0.00749581 0.00555771 0.01490402 0.00654872 0.01164208
 0.02053721 0.00871679 0.00966491 0.01028494], ([0.         0.00240246 0.00127096 0.00235799 0.0025589  0.00365675
 0.00238221 0.00262218 0.00466038 0.00167035]) 	 loss 2.499E-01 	 horizons 19.0
step 22230 	 return [0.         0.00801818 0.00604392 0.01465966 0.00816655 0.00935824
 0.01874507 0.0080947  0.01165714 0.00902832], ([0.         0.00280852 0.00013395 0.00210745 0.00209793 0.00224286
 0.00687775 0.00301167 0.00446137 0.00362562]) 	 loss 1.719E-01 	 horizons 19.0
step 22420 	 return [0.         0.00919195 0.00610051 0.01454572 0.00833706 0.01010411
 0.01995471 0.00886919 0.01330166 0.01033927], ([0.0000000e+00 2.1786646e-03 8.7311586e-05 1.3112064e-03 2.7347892e-03
 1.3266637e-03 3.4995277e-03 1.1408555e-03 1.7599643e-03 1.6624163e-04]) 	 loss 1.727E-01 	 horizons 19.0
step 22610 	 return [0.         0.00700796 0.00604978 0.01404335 0.00798109 0.01059472
 0.01927055 0.00692328 0.00840423 0.01000058], ([0.         0.00264083 0.00012096 0.00158489 0.00282578 0.00337664
 0.00690132 0.00251039 0.00518303 0.00298441]) 	 loss 1.589E-01 	 horizons 19.0
step 22800 	 return [0.         0.00969605 0.00596371 0.01444106 0.00651879 0.01056065
 0.02028446 0.00908151 0.01273539 0.00934516], ([0.         0.00178311 0.00038902 0.00092305 0.00219036 0.00109579
 0.00302034 0.00033121 0.00424526 0.00311566]) 	 loss 1.507E-01 	 horizons 19.0
step 22990 	 return [0.         0.00913324 0.00608076 0.01480933 0.00814621 0.00967088
 0.02015172 0.00899431 0.01308386 0.00999181], ([0.         0.00235461 0.00010077 0.00164582 0.00188984 0.001533
 0.00419252 0.00039552 0.00215309 0.0008413 ]) 	 loss 1.250E-01 	 horizons 19.0
step 23180 	 return [0.         0.01034946 0.00600254 0.01404251 0.00646003 0.01044556
 0.02175751 0.00918473 0.01414885 0.01039634], ([0.0000000e+00 1.8500366e-04 3.9110825e-04 5.4063613e-04 2.1709618e-03
 5.6859915e-04 3.0044727e-03 2.3280314e-05 3.2829848e-05 6.7705136e-05]) 	 loss 1.236E-01 	 horizons 19.0
step 23370 	 return [0.         0.0090463  0.00591473 0.0138339  0.00650275 0.0089247
 0.01625538 0.00743436 0.01120245 0.00753958], ([0.         0.00234008 0.00038598 0.00089202 0.00218208 0.00251114
 0.00784615 0.00338042 0.00558806 0.00436093]) 	 loss 1.019E-01 	 horizons 19.0
step 23560 	 return [0.         0.01045557 0.00601345 0.01388371 0.00634408 0.01076341
 0.02357979 0.00917404 0.01414327 0.01040516], ([0.0000000e+00 2.1081731e-04 3.7903807e-04 6.9450599e-04 2.1272053e-03
 5.4299913e-04 2.4007815e-03 2.9222419e-05 3.6403333e-05 5.6222230e-05]) 	 loss 7.896E-02 	 horizons 19.0
step 23750 	 return [0.         0.00972762 0.00612226 0.01426725 0.00750575 0.01028762
 0.01986671 0.00924732 0.01381539 0.01035556], ([0.0000000e+00 1.4638226e-03 1.9133806e-05 4.4075112e-04 4.6341331e-04
 7.1454124e-04 2.4889873e-03 1.4087568e-04 1.0506907e-03 1.5441648e-04]) 	 loss 6.802E-02 	 horizons 19.0
step 23940 	 return [0.         0.00913399 0.00609675 0.01472788 0.00763628 0.01037435
 0.01785717 0.00884285 0.01230058 0.00933661], ([0.0000000e+00 2.0852436e-03 4.1019477e-05 1.6112798e-03 7.1368221e-04
 8.8643085e-04 4.1912091e-03 2.6344201e-03 4.2331647e-03 3.1130752e-03]) 	 loss 8.146E-02 	 horizons 19.0
step 24130 	 return [0.         0.0102042  0.00611956 0.01437368 0.0073852  0.01008857
 0.01998496 0.0092017  0.014166   0.01040512], ([0.0000000e+00 1.5601219e-04 1.8741004e-05 3.6167202e-04 2.3569539e-04
 5.0436292e-04 2.4051601e-03 1.7634407e-05 6.9916250e-06 2.3703649e-05]) 	 loss 7.973E-02 	 horizons 19.0
step 24320 	 return [0.         0.00516451 0.00704653 0.01495195 0.00726034 0.01411124
 0.02141368 0.01045934 0.01188688 0.01368218], ([0.0000000e+00 3.3321827e-05 2.0320886e-03 3.0289425e-03 9.9878828e-04
 1.0732944e-03 4.8027090e-03 3.0074569e-03 4.1788085e-03 2.3573623e-03]) 	 loss 5.294E-02 	 horizons 19.0
step 24510 	 return [0.         0.00549175 0.00784474 0.01438426 0.00786815 0.01117008
 0.01601806 0.00863837 0.00918641 0.01011419], ([0.         0.00421088 0.00235421 0.00095824 0.00086389 0.00306596
 0.00464858 0.0030306  0.005153   0.00174674]) 	 loss 6.102E-02 	 horizons 19.0
step 24700 	 return [0.0010947  0.0048463  0.00624427 0.01275867 0.00961596 0.01157693
 0.01062994 0.00711257 0.0059663  0.01173781], ([0.00134073 0.00010965 0.0008649  0.00104204 0.00164749 0.00301466
 0.00371975 0.00269724 0.00344033 0.00137719]) 	 loss 7.239E-02 	 horizons 19.0
step 24890 	 return [0.         0.0066174  0.00836195 0.01631435 0.00836143 0.01034046
 0.0198182  0.00909988 0.01209066 0.01029182], ([0.         0.00394215 0.00374884 0.00284904 0.00138613 0.00159621
 0.00352457 0.00355477 0.00342665 0.00020971]) 	 loss 8.764E-02 	 horizons 19.0
step 25080 	 return [0.         0.0038988  0.00789635 0.0169652  0.00837586 0.01273714
 0.01841349 0.01097929 0.01011961 0.01238419], ([0.         0.00195337 0.00232403 0.00395352 0.00182787 0.00334429
 0.00396226 0.00351976 0.00418951 0.00220318]) 	 loss 7.341E-02 	 horizons 19.0
step 25270 	 return [0.00315169 0.00475675 0.00643322 0.01205861 0.01034636 0.00720329
 0.00916052 0.00555096 0.00442762 0.00964645], ([1.6274820e-03 2.9370885e-05 1.1704225e-03 1.9598417e-03 6.0801738e-04
 1.3236166e-03 1.6857956e-03 8.9827739e-04 2.8666019e-04 1.7642904e-03]) 	 loss 8.076E-02 	 horizons 19.0
step 25460 	 return [0.         0.00723572 0.00669595 0.01528391 0.00748728 0.01263502
 0.02085779 0.01059218 0.0136608  0.01227414], ([0.         0.00245574 0.00161066 0.0027577  0.00115568 0.00228712
 0.00297615 0.00120312 0.00130574 0.00248956]) 	 loss 9.651E-02 	 horizons 19.0
step 25650 	 return [0.00232761 0.00481297 0.0061772  0.01296829 0.00977618 0.00778535
 0.00890359 0.00552706 0.00421425 0.00851464], ([0.00162636 0.00011355 0.00067743 0.00184653 0.00246452 0.00122734
 0.00195411 0.00105191 0.00066923 0.00272565]) 	 loss 6.523E-02 	 horizons 19.0
step 25840 	 return [0.         0.00845349 0.00613007 0.01624178 0.00849907 0.01157188
 0.01889837 0.00950804 0.01248428 0.01019428], ([0.0000000e+00 2.1312176e-03 2.0036819e-05 2.2661183e-03 1.3509066e-03
 1.9032848e-03 2.0471551e-03 3.7359854e-04 2.0603919e-03 2.5637957e-04]) 	 loss 5.960E-02 	 horizons 19.0
step 26030 	 return [0.         0.01016519 0.00611488 0.0144641  0.00744412 0.00996248
 0.01938367 0.00920611 0.01416775 0.01039919], ([0.00000000e+00 1.17009135e-04 1.40557531e-05 2.71254044e-04
 1.76771544e-04 3.78272205e-04 1.80386996e-03 1.32258056e-05
 5.24371853e-06 1.77777365e-05]) 	 loss 7.691E-02 	 horizons 19.0
step 26220 	 return [0.         0.00517095 0.00619282 0.01352477 0.00690311 0.01492543
 0.02312842 0.01132151 0.01336579 0.01501586], ([0.0000000e+00 2.9425093e-05 3.7879079e-05 1.6586560e-04 5.9831986e-05
 1.7595907e-04 9.8815269e-04 1.5941561e-03 2.6604824e-03 8.9835405e-04]) 	 loss 5.754E-02 	 horizons 19.0
step 26410 	 return [0.         0.00643168 0.00609668 0.01894777 0.00936356 0.01146394
 0.01715652 0.01019648 0.01211833 0.00994114], ([0.0000000e+00 2.4283049e-03 9.5879746e-05 3.2651555e-03 1.6752572e-03
 1.2339391e-03 4.0990203e-03 1.3426649e-03 1.9116431e-03 5.4720551e-04]) 	 loss 5.479E-02 	 horizons 19.0
step 26600 	 return [0.00314782 0.00478384 0.00586935 0.01174442 0.01071037 0.00802261
 0.01020584 0.00594256 0.00461669 0.01125512], ([6.2792061e-04 9.5275627e-06 8.7742856e-06 6.2349114e-05 3.3075887e-06
 1.0400935e-03 1.0987297e-04 3.2719094e-04 5.2251362e-05 5.5697188e-04]) 	 loss 6.077E-02 	 horizons 19.0
step 26790 	 return [0.         0.00147036 0.01073891 0.01492164 0.0075908  0.01284938
 0.02165874 0.01192583 0.01439188 0.0146276 ], ([0.0000000e+00 2.2471659e-03 2.3278228e-03 2.4929333e-03 2.8715361e-04
 7.6626393e-04 2.7929260e-03 9.9906007e-05 6.1712129e-04 1.6915431e-03]) 	 loss 5.196E-02 	 horizons 19.0
step 26980 	 return [0.0031512  0.00481122 0.00603795 0.0115003  0.00992137 0.00796357
 0.01019306 0.00620805 0.00465571 0.01033654], ([0.00123176 0.00012709 0.00103253 0.0011783  0.00215237 0.00186526
 0.00028622 0.00146029 0.00018203 0.0018387 ]) 	 loss 5.600E-02 	 horizons 19.0
step 27170 	 return [0.         0.0102432  0.00612425 0.01428326 0.00732628 0.01021466
 0.02058625 0.00919729 0.01416425 0.01041105], ([0.0000000e+00 1.7873441e-04 2.1470520e-05 4.1434742e-04 2.7002301e-04
 5.7782041e-04 2.7554571e-03 2.0202751e-05 8.0099126e-06 2.7155942e-05]) 	 loss 6.375E-02 	 horizons 19.0
step 27360 	 return [0.         0.00514364 0.00620076 0.01371694 0.00698197 0.01486976
 0.02287159 0.01186104 0.01425706 0.01531282], ([0.0000000e+00 1.1138082e-04 1.4055752e-05 4.1065292e-04 1.7677128e-04
 3.4297322e-04 1.7586463e-03 2.4434365e-05 1.3333652e-05 7.4660416e-06]) 	 loss 4.682E-02 	 horizons 19.0
step 27550 	 return [0.         0.0102432  0.00612425 0.01428326 0.00732628 0.01021466
 0.02058625 0.00919729 0.01416425 0.01041105], ([0.0000000e+00 1.7873441e-04 2.1470516e-05 4.1434733e-04 2.7002298e-04
 5.7782035e-04 2.7554571e-03 2.0202753e-05 8.0099126e-06 2.7155942e-05]) 	 loss 6.103E-02 	 horizons 19.0
step 27740 	 return [0.         0.00499587 0.00614697 0.02139615 0.01055265 0.01201841
 0.01955487 0.01047514 0.01276087 0.01000592], ([0.0000000e+00 1.8517829e-04 2.3242739e-05 5.4763135e-04 3.1113878e-04
 5.6922197e-04 3.0795725e-03 5.1868388e-05 8.3920592e-04 2.7947632e-05]) 	 loss 4.821E-02 	 horizons 19.0
step 27930 	 return [0.         0.00911405 0.00620359 0.01455397 0.00785696 0.01013567
 0.01790665 0.00942963 0.01335793 0.01027042], ([0.0000000e+00 2.0246075e-03 2.8688219e-04 2.4436664e-05 7.0832350e-04
 6.6523848e-04 2.1757639e-03 4.9902650e-04 1.6430999e-03 2.4712287e-04]) 	 loss 4.900E-02 	 horizons 19.0
step 28120 	 return [0.00383716 0.00476349 0.0058565  0.01133114 0.01043207 0.00768785
 0.01003131 0.00552381 0.0045859  0.00975834], ([5.5027736e-04 3.0568845e-05 1.4416974e-05 1.0618453e-03 4.3140960e-04
 1.6203742e-03 2.0696053e-04 3.2891921e-04 5.0379484e-05 1.6175612e-03]) 	 loss 5.211E-02 	 horizons 19.0
step 28310 	 return [0.         0.01016519 0.00611488 0.0144641  0.00744412 0.00996248
 0.01938367 0.00920611 0.01416775 0.01039919], ([0.00000000e+00 1.17009135e-04 1.40557540e-05 2.71254044e-04
 1.76771544e-04 3.78272205e-04 1.80386996e-03 1.32258056e-05
 5.24371853e-06 1.77777365e-05]) 	 loss 4.504E-02 	 horizons 19.0
step 28500 	 return [0.         0.0102042  0.00611956 0.01437368 0.0073852  0.01008857
 0.01998496 0.0092017  0.014166   0.01040512], ([0.0000000e+00 1.5601219e-04 1.8741004e-05 3.6167205e-04 2.3569539e-04
 5.0436292e-04 2.4051601e-03 1.7634407e-05 6.9916250e-06 2.3703649e-05]) 	 loss 4.689E-02 	 horizons 19.0
step 28690 	 return [0.00384949 0.00471648 0.00583698 0.00956046 0.01045694 0.00960292
 0.00967643 0.00522896 0.00453079 0.01039426], ([5.4361549e-04 3.9901741e-05 1.7214203e-05 1.7139061e-03 5.7742407e-04
 2.3834868e-03 2.6174125e-04 1.0941176e-03 2.0731741e-04 2.1113874e-03]) 	 loss 4.806E-02 	 horizons 19.0
step 28880 	 return [0.         0.00543048 0.0088654  0.01797438 0.0076166  0.01433928
 0.0191323  0.01083351 0.01092363 0.01157947], ([0.         0.0004212  0.00268873 0.00304481 0.00132499 0.00104325
 0.0037678  0.0011674  0.00263355 0.00254896]) 	 loss 5.720E-02 	 horizons 19.0
step 29070 	 return [0.0038903  0.00474225 0.00584667 0.01060904 0.01025965 0.00852221
 0.00989016 0.00541308 0.00458989 0.00920925], ([4.6288429e-04 3.9082435e-05 1.4905706e-05 1.5996736e-03 4.8941112e-04
 2.3924613e-03 2.2758932e-04 2.7876373e-04 5.1818581e-05 1.8838515e-03]) 	 loss 6.012E-02 	 horizons 19.0
step 29260 	 return [0.00384587 0.00477748 0.0057174  0.01041754 0.00965764 0.00919527
 0.00989648 0.00548871 0.00460843 0.00944381], ([5.4827239e-04 1.4259490e-04 3.8006858e-04 1.8894149e-03 2.0999650e-03
 2.1731309e-03 3.2133661e-04 3.5680149e-04 4.6162637e-05 2.1123781e-03]) 	 loss 5.310E-02 	 horizons 19.0
step 29450 	 return [0.00371652 0.00470276 0.00583084 0.00885951 0.01083261 0.01032439
 0.00965639 0.00568618 0.00459286 0.01178599], ([6.2462350e-04 3.4458997e-05 1.5042495e-05 1.3950573e-03 5.8677921e-05
 2.1790832e-03 2.1722229e-04 3.3225885e-04 5.6756038e-05 8.6845877e-04]) 	 loss 7.000E-02 	 horizons 19.0
step 29640 	 return [0.00192162 0.00474621 0.00622732 0.00922343 0.0088433  0.01018269
 0.01182065 0.00494133 0.0061158  0.01125313], ([1.9592543e-03 4.8209407e-05 1.1483483e-03 1.5906205e-03 2.0837509e-03
 2.8048654e-03 3.1288466e-03 1.8138777e-03 2.3362546e-03 1.7129709e-03]) 	 loss 6.713E-02 	 horizons 19.0
step 29830 	 return [0.00246308 0.00478931 0.00587291 0.01176672 0.01026772 0.0090904
 0.00992891 0.00585676 0.0045723  0.0116523 ], ([8.2102505e-04 2.2875613e-06 6.5381641e-06 5.5551904e-05 1.3214669e-03
 1.1606553e-03 1.0465644e-03 8.9999137e-04 2.3580361e-04 9.7670127e-05]) 	 loss 1.280E-01 	 horizons 19.0
step 30020 	 return [0.         0.         0.01171144 0.01385569 0.00762002 0.01271397
 0.02344843 0.01179915 0.01425661 0.01490355], ([0.0000000e+00 0.0000000e+00 3.9675801e-05 5.9619062e-05 5.8013279e-06
 1.5873386e-04 4.1846273e-05 1.3180463e-04 7.0793525e-05 6.3253188e-04]) 	 loss 6.430E-02 	 horizons 19.0
[1;34mwandb[0m: 
[1;34mwandb[0m: 🚀 View run [33mmotndp_xian-v0__LCN-Xian-spatiotemporal_full__42__1781019379[0m at: [34mhttps://wandb.ai/johnario-tu-delft/cl_ablation/runs/r3c34krv[0m
[1;34mwandb[0m: Find logs at: [1;35mwandb/run-20260609_173620-r3c34krv/logs[0m
