/home/SinJ/mo-transport-network-design/.venv/lib/python3.13/site-packages/pygame/pkgdata.py:25: UserWarning: pkg_resources is deprecated as an API. See https://setuptools.pypa.io/en/latest/pkg_resources.html. The pkg_resources package is slated for removal as early as 2025-11-30. Refrain from using this package or pin to Setuptools<81.
  from pkg_resources import resource_stream, resource_exists
Namespace(env='xian', nr_groups=10, starting_loc_x=9, starting_loc_y=19, nr_stations=20, lr=0.01, batch_size=256, num_er_episodes=100, num_step_episodes=10, num_model_updates=5, num_policies=10, max_buffer_size=100, nr_layers=1, hidden_dim=128, timesteps=30000, no_log=False, project_name='cl_ablation', experiment_name='LCN-Xian-spatiotemporal_full', wandb_entity='johnario-tu-delft', seed=789, cd_threshold=0.2, distance_ref='interpolate2', lcn_lambda=0.0, lambda_schedule='cosine', lambda_start=1.0, lambda_end=0.0, lambda_warmup_fraction=0.1, lambda_freeze_fraction=0.1, spatial_alpha=0.5, include_demand_context=True)
wandb: [wandb.login()] Loaded credentials for https://api.wandb.ai from /home/SinJ/.netrc.
wandb: Currently logged in as: jingyuan-sun03 (johnario-tu-delft) to https://api.wandb.ai. Use `wandb login --relogin` to force relogin
wandb: Tracking run with wandb version 0.27.2
wandb: Run data is saved locally in /home/SinJ/mo-transport-network-design/wandb/run-20260609_202304-2c5w8o05
wandb: Run `wandb offline` to turn off syncing.
wandb: Syncing run motndp_xian-v0__LCN-Xian-spatiotemporal_full__789__1781029383
wandb: ⭐️ View project at https://wandb.ai/johnario-tu-delft/cl_ablation
wandb: 🚀 View run at https://wandb.ai/johnario-tu-delft/cl_ablation/runs/2c5w8o05
/home/SinJ/mo-transport-network-design/morl-baselines/morl_baselines/multi_policy/lcn/lcn.py:260: UserWarning: Creating a tensor from a list of numpy.ndarrays is extremely slow. Please consider converting the list to a single numpy.ndarray with numpy.array() before converting to a tensor. (Triggered internally at /pytorch/torch/csrc/utils/tensor_new.cpp:253.)
  th.tensor(obs).to(self.device),
step 1972 	 return [0.00133638 0.00390287 0.0023962  0.00430194 0.00299241 0.00370049
 0.00429626 0.00222887 0.00336314 0.00059694], ([0.00177957 0.00287416 0.00223519 0.00331954 0.00337729 0.00449253
 0.00397427 0.00289935 0.00309935 0.00116563]) 	 loss 1.984E+00 	 horizons 18.0
step 2162 	 return [0.00015407 0.00432582 0.00494515 0.00186708 0.00456149 0.00474757
 0.00597303 0.00199067 0.00150951 0.00252798], ([0.0004622  0.00490347 0.00285897 0.0021836  0.00351176 0.00397106
 0.00605546 0.00304799 0.00210397 0.00404315]) 	 loss 1.888E+00 	 horizons 19.0
step 2348 	 return [0.0018799  0.00379574 0.00278599 0.00346513 0.00183568 0.0040237
 0.00643718 0.00149757 0.00195137 0.00075577], ([0.0024887  0.003633   0.00313558 0.00372261 0.00182419 0.00531773
 0.00785093 0.00209086 0.00296759 0.00158587]) 	 loss 1.754E+00 	 horizons 18.6
step 2532 	 return [0.00062473 0.00166586 0.00340482 0.00450143 0.00432397 0.00542699
 0.00587094 0.00516527 0.00432067 0.00469716], ([0.0018742  0.00231665 0.00258087 0.00402571 0.00365936 0.0050987
 0.00624657 0.00410451 0.00302125 0.00474594]) 	 loss 1.545E+00 	 horizons 18.4
step 2722 	 return [0.00111372 0.00286944 0.00255382 0.00369003 0.00365571 0.00837413
 0.00524638 0.00436487 0.00449291 0.00675174], ([0.00236532 0.00262811 0.00225658 0.00193642 0.00259479 0.0062967
 0.0062194  0.0034202  0.00346434 0.00528853]) 	 loss 1.386E+00 	 horizons 19.0
step 2912 	 return [0.00040275 0.00255871 0.00278593 0.00425255 0.00299772 0.00575278
 0.00372327 0.00490504 0.00424313 0.00702114], ([0.00104474 0.00290473 0.00333622 0.00317987 0.00263322 0.00388837
 0.0035833  0.00330923 0.00312315 0.00521374]) 	 loss 1.251E+00 	 horizons 19.0
step 3102 	 return [0.00070935 0.00152043 0.00414485 0.00570645 0.00365709 0.0067471
 0.00578281 0.0055743  0.00600616 0.00598292], ([0.00212805 0.00304463 0.00423727 0.00420479 0.00333805 0.00368783
 0.00458368 0.0036719  0.00437198 0.00461882]) 	 loss 1.115E+00 	 horizons 19.0
step 3292 	 return [0.00151997 0.00467379 0.00625531 0.00411243 0.00564865 0.00549066
 0.00488477 0.00407305 0.00379576 0.0047405 ], ([0.00290558 0.00460469 0.00333514 0.00317939 0.00352623 0.00510695
 0.00684267 0.00311753 0.00350089 0.00684422]) 	 loss 1.090E+00 	 horizons 19.0
wandb: WARNING Artifact "run-2c5w8o05-evalfront-s-zh_A" already exists with the same content. No new version will be created.
step 3482 	 return [0.00051484 0.00380353 0.00298289 0.00454441 0.005259   0.00506906
 0.00441771 0.00327806 0.00444274 0.00361639], ([0.00154451 0.00384751 0.00259355 0.00426641 0.00446994 0.00336481
 0.00359795 0.00260582 0.00424143 0.00192871]) 	 loss 1.065E+00 	 horizons 19.0
step 3672 	 return [0.         0.00205997 0.00387189 0.00741522 0.00362164 0.00747557
 0.00713779 0.00793183 0.00493426 0.00618162], ([0.         0.00298057 0.00299027 0.00490714 0.00301344 0.00389201
 0.00553773 0.00303183 0.00359703 0.00390205]) 	 loss 1.007E+00 	 horizons 19.0
step 3862 	 return [0.00048794 0.00561851 0.00336604 0.0042525  0.00427289 0.0058517
 0.00703996 0.00254043 0.00306041 0.00536038], ([0.00146381 0.00374713 0.00277525 0.00342955 0.00367428 0.00400849
 0.00678789 0.00300188 0.00309225 0.00390874]) 	 loss 1.012E+00 	 horizons 19.0
step 4052 	 return [0.00098717 0.00402385 0.00341264 0.00514626 0.00459602 0.00840979
 0.0116552  0.00615914 0.00619077 0.00432149], ([0.00231076 0.0035718  0.00252453 0.00317725 0.0034854  0.00437784
 0.0085287  0.00395141 0.00328737 0.00467596]) 	 loss 9.838E-01 	 horizons 19.0
step 4242 	 return [0.00017134 0.00257048 0.00347144 0.00784075 0.00449279 0.00657402
 0.00904127 0.00538846 0.00377004 0.00478098], ([0.00051403 0.0031237  0.00315926 0.0030061  0.00449166 0.00400359
 0.0036786  0.00262108 0.00198375 0.00387278]) 	 loss 9.790E-01 	 horizons 19.0
step 4432 	 return [0.         0.00153018 0.00476585 0.0047293  0.00441091 0.00685531
 0.00825874 0.00546545 0.00522691 0.00619292], ([0.         0.00253266 0.00385449 0.0031454  0.00332047 0.00335114
 0.00534072 0.00199042 0.00329261 0.00436712]) 	 loss 9.844E-01 	 horizons 19.0
wandb: WARNING Artifact "run-2c5w8o05-evalfront-s-zh_A" already exists with the same content. No new version will be created.
step 4622 	 return [0.         0.00219683 0.00336517 0.00549009 0.00394298 0.00784017
 0.00522077 0.00532796 0.00610481 0.00697133], ([0.         0.00304906 0.00413536 0.00406561 0.00249682 0.00405412
 0.00421745 0.00333339 0.0024525  0.00358161]) 	 loss 9.977E-01 	 horizons 19.0
step 4812 	 return [0.         0.00242442 0.00444219 0.00550416 0.00471087 0.0065005
 0.00741333 0.00356679 0.0060087  0.00523716], ([0.         0.0026387  0.00384331 0.00480282 0.00280753 0.00312654
 0.0059915  0.0020877  0.00225759 0.00292667]) 	 loss 9.770E-01 	 horizons 19.0
step 5002 	 return [0.         0.00313817 0.00480809 0.00578239 0.00726415 0.00789414
 0.01052555 0.00697246 0.00483467 0.00524808], ([0.         0.00356197 0.00284935 0.00399781 0.00546065 0.00479601
 0.00553376 0.00412795 0.00382354 0.00390484]) 	 loss 9.761E-01 	 horizons 19.0
step 5192 	 return [4.1465064e-05 2.5539179e-03 2.7558671e-03 5.4179197e-03 2.7899493e-03
 7.2625875e-03 8.3270092e-03 4.1816328e-03 2.1338605e-03 2.4645333e-03], ([0.0001244  0.00325849 0.00337557 0.00419487 0.00327663 0.00087214
 0.00409133 0.00414546 0.0023295  0.00232123]) 	 loss 9.914E-01 	 horizons 19.0
step 5382 	 return [0.         0.0033841  0.00465998 0.00614519 0.00358872 0.00584738
 0.00915674 0.00288876 0.00297198 0.00465363], ([0.         0.00327804 0.00327093 0.0054018  0.0027075  0.0039728
 0.00690907 0.00389995 0.00176866 0.00259677]) 	 loss 1.014E+00 	 horizons 19.0
step 5572 	 return [0.         0.00338248 0.00214175 0.00646821 0.00364101 0.00751249
 0.00785893 0.005374   0.00515254 0.0069905 ], ([0.         0.00314679 0.0033605  0.00378385 0.00324942 0.00432234
 0.00369662 0.00368175 0.00387656 0.00438322]) 	 loss 1.004E+00 	 horizons 19.0
step 5762 	 return [0.         0.00306188 0.00551814 0.00825028 0.00641757 0.00786527
 0.01034364 0.00463291 0.0034136  0.00458143], ([0.         0.003507   0.00354302 0.00401496 0.00378557 0.00312589
 0.00462343 0.00406583 0.00331388 0.00409438]) 	 loss 1.001E+00 	 horizons 19.0
step 5952 	 return [0.         0.00268633 0.00448185 0.00718155 0.00186458 0.00911218
 0.00851942 0.00477774 0.00455023 0.00550377], ([0.         0.00341175 0.00413708 0.00336277 0.00174928 0.00393127
 0.00476571 0.00308207 0.00274927 0.00502267]) 	 loss 9.752E-01 	 horizons 19.0
step 6142 	 return [0.         0.00068064 0.00450462 0.00758718 0.00442857 0.00711035
 0.01127062 0.0061551  0.00606613 0.00611769], ([0.         0.00176262 0.00262135 0.00387088 0.00305792 0.00382195
 0.00387758 0.00332737 0.00169635 0.00266813]) 	 loss 9.786E-01 	 horizons 19.0
step 6332 	 return [0.         0.00062135 0.00672658 0.01108293 0.00648724 0.00896422
 0.01277638 0.00618191 0.00699926 0.00926846], ([0.         0.00186406 0.00154079 0.00331658 0.00471692 0.00584261
 0.00642357 0.00295049 0.0036864  0.00447636]) 	 loss 9.902E-01 	 horizons 19.0
step 6522 	 return [0.         0.003244   0.00474359 0.00606867 0.0060139  0.00558408
 0.008619   0.00710954 0.00534333 0.00584057], ([0.         0.0035886  0.00317651 0.00445021 0.00349679 0.00335807
 0.00555115 0.00408966 0.00258434 0.0042047 ]) 	 loss 9.348E-01 	 horizons 19.0
step 6712 	 return [0.         0.00134973 0.00465487 0.00722804 0.00808637 0.0087564
 0.00893302 0.00758939 0.00795635 0.00895306], ([0.         0.00249819 0.00384398 0.00457548 0.00412278 0.00308214
 0.00702921 0.00474979 0.00322946 0.00383855]) 	 loss 9.908E-01 	 horizons 19.0
step 6902 	 return [0.00059225 0.00157082 0.00616016 0.0083478  0.00551348 0.01034223
 0.00955122 0.00523693 0.00795398 0.00716399], ([0.00177674 0.00318387 0.00300713 0.00507815 0.00350278 0.00458592
 0.00599996 0.00313004 0.00345653 0.004088  ]) 	 loss 9.465E-01 	 horizons 19.0
step 7092 	 return [0.         0.0007988  0.00514508 0.00906509 0.00620636 0.00772276
 0.01011591 0.00929088 0.00742556 0.00636105], ([0.         0.00163218 0.00307588 0.00643779 0.00409768 0.00382502
 0.00735304 0.00418229 0.00174089 0.004334  ]) 	 loss 9.443E-01 	 horizons 19.0
step 7282 	 return [0.00063437 0.00238336 0.0059608  0.0087771  0.00671043 0.00612412
 0.01070134 0.00715979 0.00731279 0.00483373], ([0.0019031  0.00384074 0.00375946 0.0040434  0.0037375  0.00499104
 0.00756607 0.00534699 0.00402707 0.00324578]) 	 loss 9.321E-01 	 horizons 19.0
step 7472 	 return [0.         0.00161413 0.00333874 0.00739012 0.00494794 0.0076581
 0.01348562 0.00770128 0.00709727 0.00681485], ([0.         0.00253835 0.00229309 0.00377437 0.00350283 0.00421432
 0.00567091 0.00374336 0.00360415 0.00356084]) 	 loss 9.400E-01 	 horizons 19.0
step 7662 	 return [0.00078923 0.00254506 0.00551797 0.00743751 0.00714765 0.00788157
 0.01081935 0.0080006  0.0072253  0.00775458], ([0.00167366 0.00270133 0.00310671 0.0020749  0.004467   0.00445571
 0.0053872  0.0037164  0.00482816 0.00575432]) 	 loss 9.262E-01 	 horizons 19.0
step 7852 	 return [0.         0.00394967 0.006695   0.00872351 0.00958402 0.00900226
 0.00967584 0.00736517 0.0039537  0.00648825], ([0.         0.00407742 0.00544657 0.00513414 0.00373663 0.00371693
 0.00617371 0.00260337 0.00308798 0.00602516]) 	 loss 9.285E-01 	 horizons 19.0
step 8042 	 return [0.0001702  0.00150516 0.00586968 0.00723719 0.00700773 0.00883126
 0.01004347 0.00686762 0.0052016  0.003753  ], ([0.0005106  0.00269347 0.00257849 0.00645262 0.00206453 0.00281251
 0.00728615 0.00506015 0.00351884 0.00182121]) 	 loss 9.041E-01 	 horizons 19.0
step 8232 	 return [6.1295570e-05 1.0441999e-03 5.0245780e-03 9.9587571e-03 7.1091889e-03
 5.4558655e-03 1.0953553e-02 7.3081963e-03 8.8984808e-03 6.7468463e-03], ([0.00018389 0.00261519 0.00331779 0.00498399 0.00368587 0.00402001
 0.00840609 0.00467527 0.00438254 0.00392658]) 	 loss 8.851E-01 	 horizons 19.0
step 8422 	 return [0.         0.00185771 0.00461506 0.00671989 0.00553006 0.01250234
 0.00948103 0.00746306 0.00528677 0.00895981], ([0.         0.00292554 0.00265537 0.0033747  0.0040219  0.00317111
 0.00678212 0.00213184 0.00402132 0.00504828]) 	 loss 8.641E-01 	 horizons 19.0
step 8612 	 return [0.         0.00037748 0.00772601 0.00745857 0.0126455  0.00787014
 0.01551872 0.0094743  0.00789261 0.0034488 ], ([0.         0.00113244 0.00284823 0.00499527 0.00410044 0.00291599
 0.00760396 0.00467086 0.00432178 0.00306693]) 	 loss 8.484E-01 	 horizons 19.0
step 8802 	 return [0.         0.00136077 0.00727029 0.00748188 0.00724656 0.00990092
 0.01051925 0.00699962 0.00641947 0.00489886], ([0.         0.00211917 0.00188948 0.00470668 0.00349712 0.004229
 0.00553043 0.00440801 0.00478551 0.00330226]) 	 loss 8.094E-01 	 horizons 19.0
step 8992 	 return [0.         0.00143015 0.00498295 0.00950135 0.00843589 0.00862388
 0.01718191 0.00761367 0.00813035 0.00614847], ([0.         0.00288829 0.00345677 0.00456732 0.00489213 0.00370593
 0.00465543 0.00321045 0.00419148 0.00374759]) 	 loss 8.288E-01 	 horizons 19.0
step 9182 	 return [0.         0.00254432 0.00513855 0.01026742 0.00606696 0.01077115
 0.01646993 0.0098001  0.00629033 0.00775893], ([0.         0.00338757 0.00330119 0.0050009  0.00354634 0.00500384
 0.00523087 0.00358181 0.0037096  0.00576578]) 	 loss 7.970E-01 	 horizons 19.0
step 9372 	 return [0.         0.00134138 0.0075933  0.01054141 0.00838426 0.01061423
 0.01099431 0.00744202 0.00739448 0.00652739], ([0.         0.00206232 0.00208302 0.0032405  0.00329494 0.00496737
 0.00525619 0.00275284 0.00364135 0.00431495]) 	 loss 7.751E-01 	 horizons 19.0
step 9562 	 return [0.00081076 0.00197658 0.00818829 0.01207116 0.00747702 0.01151641
 0.00749494 0.00774386 0.00580583 0.00819862], ([0.00172165 0.00247847 0.00410469 0.00584259 0.00336258 0.00597625
 0.00375659 0.00411992 0.0030216  0.00431717]) 	 loss 7.516E-01 	 horizons 19.0
step 9752 	 return [0.         0.00221777 0.00659911 0.00895244 0.00963014 0.00886685
 0.01218855 0.00747888 0.00717364 0.00417549], ([0.         0.00280557 0.0041715  0.00769312 0.00474673 0.00362172
 0.0062233  0.00574357 0.00276943 0.00240543]) 	 loss 7.283E-01 	 horizons 19.0
step 9942 	 return [0.00054095 0.00198683 0.0054767  0.00699952 0.01150937 0.00695733
 0.01243035 0.00809774 0.00827359 0.00868026], ([0.00162284 0.00254118 0.00288173 0.00556762 0.00396468 0.00353166
 0.00817138 0.00358014 0.00422534 0.00434031]) 	 loss 7.289E-01 	 horizons 19.0
step 10132 	 return [0.         0.         0.00846624 0.00652036 0.01050221 0.01108285
 0.01484859 0.00940627 0.00986075 0.00894815], ([0.         0.         0.00376776 0.00518473 0.00320608 0.00439183
 0.00709942 0.00202138 0.0023792  0.00419664]) 	 loss 6.826E-01 	 horizons 19.0
step 10322 	 return [0.000869   0.00186738 0.00760365 0.01067225 0.00789512 0.00998712
 0.01089411 0.00703298 0.00390278 0.00625407], ([0.00178884 0.0028746  0.00427371 0.00386063 0.00521134 0.00409344
 0.0085274  0.00175334 0.00278557 0.00476382]) 	 loss 6.590E-01 	 horizons 19.0
step 10512 	 return [0.00026478 0.         0.00654968 0.00936882 0.00587905 0.01241667
 0.01015423 0.00803976 0.00865445 0.00840993], ([0.00079434 0.         0.00292547 0.00255353 0.00380582 0.00372364
 0.00528844 0.00294514 0.00280747 0.00418241]) 	 loss 6.463E-01 	 horizons 19.0
step 10702 	 return [0.0002882  0.00126399 0.00824647 0.00890847 0.0099778  0.01110828
 0.01289578 0.00849181 0.00870761 0.00803971], ([0.0008646  0.00194288 0.00295758 0.00544253 0.00388905 0.00447926
 0.00535551 0.00198272 0.00280333 0.00424105]) 	 loss 6.311E-01 	 horizons 19.0
step 10892 	 return [0.         0.00122257 0.00666872 0.01067196 0.00793141 0.01083884
 0.01418635 0.00696635 0.00835438 0.00573153], ([0.         0.00259724 0.00455976 0.00455462 0.00285239 0.0051495
 0.00694322 0.00323193 0.0035955  0.00385377]) 	 loss 6.271E-01 	 horizons 19.0
step 11082 	 return [0.         0.0004039  0.00935406 0.00597577 0.00829526 0.01139949
 0.01277348 0.0097757  0.00789585 0.00716454], ([0.         0.00121171 0.00300696 0.00537463 0.00413063 0.00590305
 0.00836043 0.00293745 0.00222065 0.00665034]) 	 loss 6.120E-01 	 horizons 19.0
step 11272 	 return [0.00053422 0.00104353 0.00973621 0.0078991  0.00905665 0.00943781
 0.01013594 0.01022275 0.00886674 0.00432526], ([0.00160267 0.00202717 0.00407565 0.00546596 0.00405492 0.00410804
 0.00480988 0.00336171 0.00355606 0.00339314]) 	 loss 6.093E-01 	 horizons 19.0
step 11462 	 return [0.00056409 0.00079223 0.00720266 0.01207722 0.00766348 0.00959878
 0.01046217 0.00811631 0.00632103 0.00824498], ([0.00112918 0.0023767  0.00374998 0.00455873 0.00455347 0.00577494
 0.00446082 0.00231609 0.00317607 0.00550838]) 	 loss 5.679E-01 	 horizons 19.0
step 11652 	 return [0.00027086 0.00148926 0.00546113 0.00926821 0.00709158 0.01284363
 0.01403879 0.00907568 0.00785149 0.00917887], ([0.00081258 0.0023588  0.00263363 0.00516245 0.00547379 0.00410231
 0.00460846 0.00186562 0.00460547 0.00352863]) 	 loss 5.507E-01 	 horizons 19.0
step 11842 	 return [0.         0.00039718 0.0105953  0.01202754 0.00956848 0.01165659
 0.01545646 0.00809169 0.00677511 0.00675221], ([0.         0.00119155 0.00254062 0.00436396 0.00536038 0.00368314
 0.00538761 0.00165731 0.00309106 0.00471581]) 	 loss 5.767E-01 	 horizons 19.0
step 12032 	 return [0.00136517 0.00158144 0.00979339 0.01208432 0.01163754 0.00974225
 0.01217892 0.00763152 0.00468933 0.00348512], ([0.00218426 0.00335197 0.00354264 0.00465047 0.00411942 0.00286863
 0.00566093 0.00311016 0.004151   0.0031813 ]) 	 loss 5.375E-01 	 horizons 19.0
step 12222 	 return [0.         0.00580468 0.00384975 0.00669229 0.00781294 0.01212681
 0.01480869 0.00839417 0.00671338 0.00649973], ([0.         0.00275707 0.00326971 0.00265641 0.00326864 0.00537462
 0.00563112 0.00356484 0.00413585 0.0041386 ]) 	 loss 5.442E-01 	 horizons 19.0
step 12412 	 return [0.         0.         0.00738121 0.00913748 0.00955324 0.0090903
 0.01604559 0.01104365 0.01047669 0.00710605], ([0.         0.         0.00296177 0.00571512 0.00428704 0.00304817
 0.00478083 0.00239488 0.00420874 0.00353768]) 	 loss 5.475E-01 	 horizons 19.0
step 12602 	 return [0.00104539 0.00405528 0.0065179  0.01146353 0.00587879 0.0135227
 0.01273763 0.00849285 0.00591905 0.00812262], ([0.00313616 0.00203619 0.00271206 0.00502694 0.00359681 0.0053413
 0.00525261 0.00320607 0.00341069 0.00446154]) 	 loss 5.313E-01 	 horizons 19.0
step 12792 	 return [0.00026521 0.00289415 0.00633377 0.0106701  0.0077543  0.00975363
 0.01382555 0.00863677 0.00756703 0.00567016], ([0.00079563 0.00243355 0.00324101 0.00332819 0.00267285 0.00419186
 0.00461919 0.00212778 0.00320393 0.00320614]) 	 loss 5.139E-01 	 horizons 19.0
step 12982 	 return [0.0005387  0.00320895 0.00775546 0.01257249 0.00953275 0.01351911
 0.01138039 0.00769963 0.00535763 0.00468631], ([0.00161611 0.00268373 0.0040327  0.00284864 0.00507514 0.00387123
 0.0034597  0.00220707 0.00354225 0.00496573]) 	 loss 4.750E-01 	 horizons 19.0
step 13172 	 return [0.00250789 0.00392778 0.00891246 0.01308325 0.00843096 0.01109687
 0.00920788 0.00587916 0.00362509 0.00625048], ([0.00263989 0.00269519 0.00355102 0.00354105 0.003963   0.00444079
 0.0049068  0.00320902 0.00389299 0.0062113 ]) 	 loss 4.397E-01 	 horizons 19.0
step 13362 	 return [0.00221136 0.0040068  0.00764289 0.01053094 0.01227639 0.01052851
 0.00831123 0.00554247 0.00402855 0.00340073], ([0.00357187 0.002891   0.00452838 0.00548496 0.00551775 0.00547454
 0.00470712 0.00286126 0.00373574 0.00368307]) 	 loss 4.604E-01 	 horizons 19.0
step 13552 	 return [0.00081721 0.00353516 0.00626528 0.01208241 0.00770499 0.01083956
 0.01101771 0.00711267 0.0049116  0.00511145], ([0.00173159 0.00239158 0.0032533  0.00379569 0.00386635 0.00505795
 0.00711053 0.00255037 0.00378416 0.0050423 ]) 	 loss 4.045E-01 	 horizons 19.0
step 13742 	 return [0.00324574 0.00316908 0.00804564 0.01351494 0.00852762 0.01267474
 0.00730548 0.00505945 0.00317479 0.00355811], ([0.00310567 0.00250519 0.00377349 0.00284465 0.00502884 0.00511664
 0.00393172 0.00257824 0.00304548 0.0048071 ]) 	 loss 4.420E-01 	 horizons 19.0
step 13932 	 return [0.         0.00043862 0.00890915 0.01317359 0.01058427 0.00854263
 0.01564253 0.00993087 0.00987365 0.00891308], ([0.         0.00131585 0.00218811 0.00323787 0.00283906 0.00388743
 0.00448601 0.00103135 0.00221899 0.00315534]) 	 loss 4.069E-01 	 horizons 19.0
step 14122 	 return [0.         0.0036681  0.00589578 0.01230225 0.00745589 0.01464508
 0.01094085 0.00849826 0.00553087 0.00753356], ([0.         0.00187222 0.00086702 0.00401059 0.0030047  0.00577603
 0.00288741 0.00256741 0.00305825 0.00523896]) 	 loss 3.476E-01 	 horizons 19.0
step 14312 	 return [0.         0.00282224 0.00585553 0.01095004 0.00630416 0.01344212
 0.01374764 0.00932429 0.00661961 0.0099164 ], ([0.         0.00232252 0.00234957 0.00312975 0.0018593  0.00425469
 0.00586329 0.00156339 0.00320394 0.00389291]) 	 loss 3.825E-01 	 horizons 19.0
step 14502 	 return [0.00104393 0.00415316 0.00545277 0.01278373 0.00698037 0.00908884
 0.01282847 0.00894355 0.00764359 0.00794357], ([0.00313178 0.00293983 0.00251673 0.00221662 0.00287262 0.00528474
 0.00554495 0.00399659 0.00419684 0.00553534]) 	 loss 4.423E-01 	 horizons 19.0
step 14692 	 return [0.         0.00089213 0.00740421 0.01023086 0.00638917 0.01228308
 0.01167046 0.00991513 0.00697196 0.00908041], ([0.         0.00179214 0.0025162  0.00262956 0.00341181 0.00496864
 0.00433052 0.00178854 0.00396306 0.00244705]) 	 loss 3.946E-01 	 horizons 19.0
step 14882 	 return [0.         0.00642223 0.00502934 0.01138601 0.00584083 0.01323506
 0.01260955 0.00919904 0.00697382 0.00874579], ([0.         0.001922   0.00233694 0.00437141 0.00394283 0.00456084
 0.00481749 0.00200584 0.00324164 0.00441103]) 	 loss 4.165E-01 	 horizons 19.0
step 15072 	 return [0.         0.00086956 0.00941111 0.01303102 0.01120893 0.00967344
 0.01519359 0.00990994 0.00882126 0.0061769 ], ([0.         0.00175012 0.00206958 0.00524708 0.00245328 0.00430638
 0.00579419 0.00280565 0.00431291 0.00482893]) 	 loss 3.867E-01 	 horizons 19.0
step 15262 	 return [0.00104693 0.00560513 0.00691233 0.0113182  0.00798176 0.01419197
 0.0096366  0.00696633 0.00634373 0.00564402], ([0.00209438 0.00222748 0.00278326 0.0044625  0.00218936 0.00512984
 0.00617116 0.00231083 0.00424068 0.00482257]) 	 loss 3.464E-01 	 horizons 19.0
step 15452 	 return [0.         0.00397588 0.00631647 0.0115697  0.00542083 0.01554038
 0.01487045 0.00837069 0.00743615 0.01190491], ([0.         0.0020005  0.00173204 0.00259195 0.00205546 0.00301606
 0.00451877 0.00221283 0.00262727 0.00459201]) 	 loss 3.363E-01 	 horizons 19.0
step 15642 	 return [0.         0.00495337 0.00589601 0.01280181 0.00710763 0.01496097
 0.01588022 0.00902887 0.0071155  0.0102785 ], ([0.         0.00022952 0.00114893 0.00258855 0.0026623  0.00419166
 0.00414232 0.00201312 0.0041581  0.00401405]) 	 loss 3.238E-01 	 horizons 19.0
step 15832 	 return [0.         0.00362744 0.00679144 0.01224987 0.00860495 0.00779933
 0.01809398 0.01031408 0.00913997 0.00824674], ([0.         0.0018438  0.00142449 0.00354789 0.00323066 0.00310391
 0.00223486 0.00141704 0.00172484 0.0048521 ]) 	 loss 3.275E-01 	 horizons 19.0
step 16022 	 return [0.         0.00424115 0.00745752 0.01410765 0.00893201 0.0087237
 0.01782267 0.00972152 0.00986708 0.00867451], ([0.         0.00143575 0.0012352  0.00132701 0.002746   0.00288753
 0.00367412 0.00090542 0.00149942 0.00400997]) 	 loss 3.443E-01 	 horizons 19.0
step 16212 	 return [0.         0.00498976 0.00588565 0.01326248 0.00684954 0.0093244
 0.01628915 0.0094459  0.01000309 0.01009796], ([0.         0.00110154 0.00164863 0.00249829 0.00345591 0.00409974
 0.00312297 0.00133806 0.00094029 0.00601882]) 	 loss 3.038E-01 	 horizons 19.0
step 16402 	 return [0.         0.00525336 0.00527168 0.01181443 0.00697638 0.01561734
 0.01482211 0.00788284 0.00634687 0.00901598], ([0.         0.00085271 0.00179796 0.0034565  0.00255026 0.00209535
 0.00304505 0.00167001 0.00254893 0.00500548]) 	 loss 3.044E-01 	 horizons 19.0
step 16592 	 return [0.         0.0051967  0.00564685 0.01343722 0.00678344 0.01359731
 0.01410012 0.0081611  0.00787907 0.01146314], ([0.         0.00101839 0.00146222 0.00150333 0.00376876 0.00446424
 0.00500549 0.00229729 0.00369719 0.00519949]) 	 loss 3.028E-01 	 horizons 19.0
step 16782 	 return [0.         0.00492777 0.00677914 0.01319689 0.00592494 0.01382217
 0.01703309 0.0088549  0.0079538  0.01251607], ([0.         0.00039814 0.00123842 0.00130924 0.00204855 0.00200403
 0.00319466 0.00175365 0.00275548 0.00470004]) 	 loss 2.873E-01 	 horizons 19.0
step 16972 	 return [0.         0.0054403  0.00451853 0.01054119 0.0070828  0.01149502
 0.01988826 0.00863839 0.00696889 0.00976871], ([0.         0.00214554 0.00221049 0.00288439 0.00280053 0.00440949
 0.00241433 0.00138729 0.0034701  0.00363889]) 	 loss 2.762E-01 	 horizons 19.0
step 17162 	 return [0.         0.0050984  0.00669775 0.01300138 0.00614659 0.01437354
 0.01779903 0.00853848 0.00693127 0.01326202], ([0.0000000e+00 9.9096462e-05 9.5859653e-04 1.0712345e-03 1.8741322e-03
 3.8898685e-03 4.6385685e-03 2.4730430e-03 3.3901476e-03 2.0769769e-03]) 	 loss 2.859E-01 	 horizons 19.0
step 17352 	 return [0.         0.00510942 0.00651854 0.01322055 0.0066029  0.01108708
 0.01705532 0.00947042 0.00915071 0.01077322], ([0.         0.00049156 0.00242476 0.00158268 0.00239516 0.00350927
 0.00534417 0.00383681 0.00377438 0.00416263]) 	 loss 3.179E-01 	 horizons 19.0
step 17542 	 return [0.         0.00476092 0.00654968 0.0137531  0.00757454 0.01200865
 0.01912211 0.00971165 0.0078563  0.01035385], ([0.         0.00037553 0.00091975 0.00199635 0.0019541  0.00399573
 0.00551265 0.00164291 0.00326485 0.00454473]) 	 loss 3.050E-01 	 horizons 19.0
step 17732 	 return [0.         0.00455665 0.00758671 0.01441955 0.01090599 0.00729837
 0.01796367 0.00954951 0.00923522 0.00643036], ([0.         0.00031121 0.0012839  0.00271013 0.00259299 0.0014846
 0.00261515 0.00163646 0.00143973 0.00222258]) 	 loss 2.829E-01 	 horizons 19.0
step 17922 	 return [0.         0.00371716 0.0072334  0.01389651 0.00769238 0.01144146
 0.01584713 0.00876849 0.00813268 0.00933901], ([0.         0.00188954 0.00165529 0.00275393 0.00184315 0.00276266
 0.00491317 0.00238044 0.0032991  0.00384126]) 	 loss 2.686E-01 	 horizons 19.0
step 18112 	 return [0.         0.00507907 0.00709371 0.01305687 0.006782   0.01244135
 0.01979492 0.00832449 0.00753623 0.0128605 ], ([0.0000000e+00 9.3871779e-05 9.9766243e-04 4.2749045e-04 1.7088898e-04
 4.5018815e-04 4.7338041e-03 2.5481360e-03 3.1344572e-03 3.1257372e-03]) 	 loss 2.556E-01 	 horizons 19.0
step 18302 	 return [0.         0.00467602 0.00683369 0.0141166  0.00703932 0.01178408
 0.01629682 0.00975906 0.0100274  0.01149646], ([0.         0.00040408 0.00119877 0.0025303  0.00183752 0.00255081
 0.00411456 0.00176495 0.00269577 0.00455327]) 	 loss 2.611E-01 	 horizons 19.0
step 18492 	 return [0.         0.00624328 0.00383833 0.0081324  0.00387025 0.01164559
 0.01919355 0.00983296 0.00960596 0.0131415 ], ([0.         0.00181128 0.00283349 0.00332075 0.00279435 0.00185229
 0.00349479 0.00061179 0.00191626 0.00253786]) 	 loss 2.315E-01 	 horizons 19.0
step 18682 	 return [0.         0.00502722 0.00631123 0.01384806 0.00690176 0.01339735
 0.01934384 0.01049558 0.0113959  0.01531546], ([0.         0.00024576 0.00060443 0.00109768 0.00021637 0.00118181
 0.00424168 0.00119669 0.00239866 0.00221706]) 	 loss 2.069E-01 	 horizons 19.0
step 18872 	 return [0.         0.00142942 0.00971336 0.01427306 0.00772801 0.00975332
 0.01864582 0.01027507 0.01063038 0.01230337], ([0.         0.0021914  0.0022066  0.00154399 0.00320898 0.00285843
 0.00399489 0.00100193 0.00194144 0.00519114]) 	 loss 2.130E-01 	 horizons 19.0
step 19062 	 return [0.         0.00517139 0.00627187 0.01279916 0.0055903  0.01276212
 0.02028381 0.00965343 0.00921202 0.01513495], ([0.         0.00017108 0.001546   0.00196988 0.00241306 0.00065284
 0.00158564 0.00124242 0.00315602 0.0024432 ]) 	 loss 2.267E-01 	 horizons 19.0
step 19252 	 return [0.         0.00101504 0.00922807 0.01258332 0.00643099 0.01263076
 0.01899648 0.00992802 0.00977345 0.01458912], ([0.         0.00203047 0.00222539 0.00178713 0.00167045 0.0032593
 0.00123862 0.00070142 0.00257582 0.00510242]) 	 loss 2.081E-01 	 horizons 19.0
step 19442 	 return [0.         0.0051613  0.00699786 0.01346438 0.00609493 0.01332002
 0.01924389 0.00977536 0.00869128 0.01442166], ([0.0000000e+00 8.5257452e-05 9.6793042e-04 3.0645574e-04 2.0317207e-03
 2.1534034e-03 2.2191301e-03 1.3189397e-03 1.9476740e-03 1.8000882e-03]) 	 loss 2.028E-01 	 horizons 19.0
step 19632 	 return [0.         0.00520815 0.00764509 0.01212539 0.00642453 0.01340655
 0.01530075 0.00824957 0.00798618 0.01198971], ([0.         0.00017945 0.00191489 0.00408129 0.00233424 0.00272594
 0.00564326 0.00264342 0.00345994 0.0050329 ]) 	 loss 2.033E-01 	 horizons 19.0
step 19822 	 return [0.         0.00518201 0.00598792 0.01351798 0.0061154  0.0126486
 0.02087388 0.00929291 0.00899468 0.01477267], ([0.         0.00012009 0.00040103 0.00048611 0.00203992 0.0007163
 0.00206493 0.00128045 0.00243107 0.00245523]) 	 loss 1.820E-01 	 horizons 19.0
step 20012 	 return [0.         0.0051221  0.00630908 0.01326768 0.00677095 0.01280282
 0.02037306 0.00941102 0.00953712 0.0155871 ], ([0.0000000e+00 4.3349839e-05 6.1714312e-04 2.3897798e-04 6.1401952e-05
 7.9078163e-04 1.6521434e-03 1.2706147e-03 2.1243654e-03 2.2310980e-03]) 	 loss 1.798E-01 	 horizons 19.0
step 20202 	 return [0.         0.00495851 0.00673578 0.01427349 0.00794638 0.0117006
 0.02068548 0.01112176 0.01160503 0.01315789], ([0.         0.00030884 0.00199945 0.00220102 0.00224209 0.0032656
 0.00279452 0.00217552 0.0023367  0.00324394]) 	 loss 1.754E-01 	 horizons 19.0
step 20392 	 return [0.         0.         0.00995673 0.01511553 0.00941653 0.01105139
 0.02157208 0.01075321 0.01128729 0.01223588], ([0.         0.         0.00180402 0.0020937  0.00238336 0.00112092
 0.00201593 0.00239911 0.00292088 0.00331285]) 	 loss 1.542E-01 	 horizons 19.0
step 20582 	 return [0.         0.00453731 0.00836504 0.01367674 0.00678358 0.01248247
 0.0178103  0.00987957 0.00925228 0.01215486], ([0.0000000e+00 1.5302068e-03 1.2158548e-03 1.0388709e-03 7.6494820e-05
 2.4173891e-03 2.5300265e-03 1.7071358e-03 1.4843089e-03 3.4199262e-03]) 	 loss 1.570E-01 	 horizons 19.0
step 20772 	 return [0.         0.00510574 0.00604553 0.01385997 0.00658838 0.01341056
 0.02287256 0.01112147 0.01279585 0.01412544], ([0.         0.00014612 0.00040113 0.00128274 0.00094697 0.00227612
 0.00121108 0.00274915 0.00274149 0.00181248]) 	 loss 1.510E-01 	 horizons 19.0
step 20962 	 return [0.         0.         0.01092764 0.01349776 0.00779445 0.01152995
 0.01992585 0.0101316  0.00973949 0.01403745], ([0.         0.         0.00108635 0.00049281 0.00112838 0.0021935
 0.00215483 0.00115211 0.00270336 0.00392352]) 	 loss 1.332E-01 	 horizons 19.0
step 21152 	 return [0.         0.00342817 0.00840707 0.01380899 0.00815226 0.01181874
 0.02126918 0.01134411 0.01250152 0.01225722], ([0.         0.00226318 0.00236628 0.00055911 0.00213873 0.00293171
 0.00270134 0.0016726  0.00225721 0.00375712]) 	 loss 1.042E-01 	 horizons 19.0
step 21342 	 return [0.         0.00515535 0.00637109 0.01346465 0.00686658 0.01342967
 0.0219354  0.01117035 0.01294375 0.01525999], ([0.0000000e+00 7.2554663e-05 5.9775892e-04 3.8961042e-04 1.0315695e-04
 1.8419725e-03 1.7323304e-03 1.0344731e-03 2.2567140e-03 1.1580727e-03]) 	 loss 1.157E-01 	 horizons 19.0
step 21532 	 return [0.         0.00511013 0.00794126 0.01324734 0.00676882 0.01268407
 0.01995286 0.00997099 0.01023108 0.01441848], ([0.0000000e+00 3.6337777e-05 5.8932428e-04 1.9466420e-04 6.4275329e-05
 6.4474181e-04 1.2154217e-03 6.4811960e-04 1.3471737e-03 4.3423049e-04]) 	 loss 1.034E-01 	 horizons 19.0
step 21722 	 return [0.         0.00050873 0.01054484 0.01406149 0.00667125 0.01265504
 0.02265862 0.01167637 0.01384989 0.0147511 ], ([0.         0.00152619 0.00180855 0.00054522 0.00224938 0.00086354
 0.00127265 0.00064364 0.00136348 0.00046834]) 	 loss 1.199E-01 	 horizons 19.0
step 21912 	 return [0.         0.         0.0120713  0.0139013  0.00764653 0.01193142
 0.02163035 0.01107369 0.01253036 0.01464066], ([0.         0.         0.00153645 0.00020352 0.00022899 0.00216386
 0.00195964 0.00104846 0.00222674 0.00057262]) 	 loss 1.091E-01 	 horizons 19.0
step 22102 	 return [0.         0.00192978 0.0100619  0.01516981 0.00803411 0.01029408
 0.02056032 0.01217502 0.01251036 0.01081651], ([0.         0.00237077 0.00211793 0.00270459 0.00192413 0.00378632
 0.0036825  0.00220791 0.00199617 0.00444654]) 	 loss 1.054E-01 	 horizons 19.0
step 22292 	 return [0.         0.         0.01111386 0.01460578 0.00791786 0.01220309
 0.02224777 0.01185583 0.01315807 0.01428447], ([0.         0.         0.00155441 0.00206723 0.00139095 0.00113527
 0.00159754 0.00154987 0.00184345 0.00142841]) 	 loss 1.270E-01 	 horizons 19.0
step 22482 	 return [0.         0.00512602 0.00775323 0.01335796 0.0068027  0.01275059
 0.02020047 0.01019388 0.01068267 0.01433487], ([0.0000000e+00 3.5030531e-05 7.8975188e-04 1.5761029e-04 7.3443822e-05
 8.8117266e-04 1.6656695e-03 8.6059730e-04 1.7949549e-03 5.3037389e-04]) 	 loss 1.004E-01 	 horizons 19.0
step 22672 	 return [0.         0.         0.01104394 0.01485837 0.00657176 0.01190312
 0.0211494  0.01213039 0.01270764 0.01404769], ([0.         0.         0.00186419 0.00248149 0.00361803 0.00139198
 0.00280893 0.00175583 0.002      0.00159336]) 	 loss 8.518E-02 	 horizons 19.0
step 22862 	 return [0.         0.0051492  0.00683521 0.01376285 0.00698875 0.01376011
 0.02153898 0.01190833 0.01337782 0.01457232], ([0.         0.00013931 0.00134484 0.00032587 0.00016178 0.00176603
 0.00376072 0.00103259 0.00178504 0.00084054]) 	 loss 9.722E-02 	 horizons 19.0
step 23052 	 return [0.         0.         0.01203322 0.01469473 0.00770033 0.01239055
 0.02327013 0.01239435 0.01410664 0.0146708 ], ([0.         0.         0.00232089 0.00223131 0.00017844 0.00268926
 0.00031834 0.00141855 0.00069152 0.00155475]) 	 loss 9.326E-02 	 horizons 19.0
step 23242 	 return [0.         0.00517231 0.00639158 0.01358917 0.00691078 0.01420229
 0.02249662 0.01138423 0.01325175 0.01511419], ([0.0000000e+00 5.4128854e-05 5.8941473e-04 2.1709256e-04 6.7617460e-05
 1.0376631e-03 1.6564006e-03 9.7832445e-04 2.0412696e-03 6.0734747e-04]) 	 loss 7.390E-02 	 horizons 19.0
step 23432 	 return [0.         0.0051611  0.00702279 0.01353156 0.00689785 0.0137857
 0.02190332 0.01169189 0.01291902 0.0146656 ], ([0.0000000e+00 4.0998944e-05 1.4043121e-03 1.2570627e-04 5.8134741e-05
 1.7447780e-03 2.5096219e-03 1.1969213e-03 2.0458319e-03 1.1138642e-03]) 	 loss 8.457E-02 	 horizons 19.0
step 23622 	 return [0.         0.00521139 0.00661335 0.01377732 0.00693281 0.0140176
 0.02225024 0.01144154 0.0133769  0.01458192], ([0.0000000e+00 5.9005328e-05 7.7189051e-04 2.6175112e-04 7.7605662e-05
 9.3094894e-04 1.5316954e-03 8.3564711e-04 1.7945709e-03 4.2681055e-04]) 	 loss 9.174E-02 	 horizons 19.0
step 23812 	 return [0.         0.00511526 0.00678068 0.01363535 0.0069516  0.01380545
 0.02153564 0.01124829 0.01292996 0.0148034 ], ([0.         0.00012775 0.00088801 0.00056335 0.00020471 0.00110798
 0.00219374 0.00096803 0.00204995 0.0005297 ]) 	 loss 8.396E-02 	 horizons 19.0
step 24002 	 return [0.         0.00515597 0.01080388 0.01723533 0.00689908 0.0103203
 0.02203673 0.0145669  0.0117797  0.01127641], ([0.0000000e+00 6.3083608e-05 2.6364571e-03 3.7040603e-03 5.5826957e-05
 2.4840098e-03 1.3284268e-03 2.4118775e-03 1.7215096e-03 2.0242278e-03]) 	 loss 1.110E-01 	 horizons 19.0
step 24192 	 return [0.         0.0052309  0.00642486 0.01385298 0.00695092 0.01429006
 0.02260837 0.01164337 0.01382394 0.01465325], ([0.0000000e+00 3.9135732e-05 5.7739991e-04 2.0666767e-04 6.0801154e-05
 7.3848513e-04 1.1527592e-03 6.2423461e-04 1.3454173e-03 3.8097153e-04]) 	 loss 1.038E-01 	 horizons 19.0
step 24382 	 return [0.         0.         0.01145358 0.01415888 0.00760171 0.01245809
 0.02296461 0.01189648 0.01432484 0.01480008], ([0.0000000e+00 0.0000000e+00 9.5696747e-04 2.0176337e-04 2.0219450e-04
 6.0176174e-04 2.7274128e-04 2.3868521e-05 2.9318258e-05 3.1614141e-04]) 	 loss 9.309E-02 	 horizons 19.0
step 24572 	 return [0.         0.00516665 0.00698654 0.01356784 0.00688273 0.01364318
 0.02165159 0.01103204 0.01247577 0.01459641], ([0.0000000e+00 5.4403343e-05 9.5555815e-04 2.2195150e-04 8.3840372e-05
 1.2053818e-03 1.9938501e-03 1.0301617e-03 2.1947352e-03 6.0325308e-04]) 	 loss 8.482E-02 	 horizons 19.0
step 24762 	 return [0.         0.00050546 0.01091041 0.01414914 0.00776929 0.01294868
 0.02184404 0.01217186 0.01390791 0.01461564], ([0.         0.00151639 0.00142802 0.00060059 0.00039981 0.00235042
 0.00233444 0.00071941 0.00136573 0.00079606]) 	 loss 1.046E-01 	 horizons 19.0
step 24952 	 return [0.         0.00198086 0.01059914 0.01385639 0.00715464 0.01159603
 0.02204717 0.01292712 0.01360266 0.01331943], ([0.         0.00243344 0.00233739 0.00043635 0.00061582 0.00209386
 0.00145222 0.00160993 0.00144542 0.00232391]) 	 loss 9.006E-02 	 horizons 19.0
step 25142 	 return [0.         0.0045581  0.01122374 0.01967665 0.0078388  0.00870881
 0.021337   0.01572801 0.01178771 0.01046432], ([0.         0.00152659 0.00255783 0.00270148 0.00142323 0.00138406
 0.00292294 0.00142921 0.00139356 0.00140516]) 	 loss 9.287E-02 	 horizons 19.0
step 25332 	 return [0.         0.00517533 0.00620641 0.0136325  0.00694671 0.01465021
 0.02328758 0.01187095 0.01426623 0.01506819], ([0.0000000e+00 6.5545020e-05 2.5658957e-05 2.5103972e-04 2.4962352e-05
 2.7400194e-04 2.8771494e-04 2.8805622e-05 1.1317162e-05 3.2932934e-04]) 	 loss 7.980E-02 	 horizons 19.0
step 25522 	 return [0.         0.         0.01049417 0.01399477 0.0076772  0.01329825
 0.02300495 0.01193638 0.01448831 0.01491284], ([0.0000000e+00 0.0000000e+00 2.0102218e-03 3.9979437e-04 4.5219052e-04
 2.0533043e-03 2.7752988e-04 5.1420473e-05 3.9372590e-04 3.1632456e-04]) 	 loss 6.745E-02 	 horizons 19.0
step 25712 	 return [0.         0.00516478 0.01058263 0.01570186 0.00729685 0.01086459
 0.01984121 0.01377818 0.0107151  0.01076386], ([0.         0.00012406 0.00247524 0.00299371 0.00113532 0.00206595
 0.00471601 0.00249676 0.00289314 0.00209563]) 	 loss 9.283E-02 	 horizons 19.0
step 25902 	 return [0.         0.0051824  0.00737201 0.0136257  0.00689404 0.01344765
 0.02174244 0.01151454 0.0126259  0.01412131], ([0.0000000e+00 5.4063708e-05 1.7538551e-03 2.4550062e-04 8.1426115e-05
 1.5188036e-03 1.8044052e-03 1.4051038e-03 2.0532617e-03 1.5180293e-03]) 	 loss 9.967E-02 	 horizons 19.0
step 26092 	 return [0.         0.         0.01261262 0.01417031 0.00765609 0.01130641
 0.02167959 0.01239367 0.01343949 0.01424944], ([0.0000000e+00 0.0000000e+00 1.6721832e-03 2.0429594e-04 4.2932545e-05
 1.8294286e-03 2.5477726e-03 9.7883376e-04 1.7940202e-03 1.0676305e-03]) 	 loss 1.102E-01 	 horizons 19.0
step 26282 	 return [0.         0.00464503 0.01071953 0.01352296 0.00689386 0.01128538
 0.02012822 0.01399253 0.01066279 0.01114183], ([0.0000000e+00 1.5494017e-03 1.8118275e-03 3.0244913e-04 5.3988446e-05
 1.6166861e-03 2.1025422e-03 1.0855462e-03 2.1560560e-03 1.8432040e-03]) 	 loss 7.883E-02 	 horizons 19.0
step 26472 	 return [0.         0.00519153 0.0102276  0.01365665 0.00690474 0.01154823
 0.0212397  0.01380955 0.01187869 0.01111579], ([0.0000000e+00 4.5426648e-05 2.6183252e-03 2.3751464e-04 4.8404097e-05
 2.0606820e-03 1.2201297e-03 1.2821915e-03 1.8068607e-03 2.4492077e-03]) 	 loss 8.637E-02 	 horizons 19.0
step 26662 	 return [0.         0.00464817 0.00614366 0.01373621 0.00695551 0.01509367
 0.02203676 0.01134888 0.01314471 0.01457055], ([0.         0.00155431 0.00020578 0.00056409 0.0002334  0.00135505
 0.00240444 0.00153753 0.003364   0.00151506]) 	 loss 9.073E-02 	 horizons 19.0
step 26852 	 return [0.         0.         0.01233431 0.01473349 0.00799158 0.01290362
 0.02181808 0.01330091 0.01325377 0.01293291], ([0.         0.         0.00178536 0.00259769 0.00037471 0.00169189
 0.00190482 0.00178039 0.00135655 0.00248505]) 	 loss 7.460E-02 	 horizons 19.0
step 27042 	 return [0.         0.00503799 0.01066733 0.01741984 0.00786803 0.00941091
 0.02100164 0.01469142 0.01157257 0.0098086 ], ([0.         0.00025495 0.00265789 0.00376855 0.00187039 0.00233845
 0.00234166 0.00229248 0.00190298 0.00159653]) 	 loss 8.590E-02 	 horizons 19.0
step 27232 	 return [0.         0.00042689 0.01159044 0.01397764 0.00803504 0.01150216
 0.02129867 0.01253943 0.01284509 0.01255208], ([0.         0.00128066 0.00210544 0.00047897 0.00076564 0.00320765
 0.00343821 0.00114773 0.00241906 0.00375156]) 	 loss 9.801E-02 	 horizons 19.0
step 27422 	 return [0.         0.0051856  0.00665154 0.01394179 0.00701094 0.01403868
 0.0218507  0.01210314 0.01382515 0.01458141], ([0.         0.00012955 0.0012963  0.00037928 0.00016969 0.00150831
 0.00248429 0.00072711 0.00133966 0.00100942]) 	 loss 7.851E-02 	 horizons 19.0
step 27612 	 return [0.         0.00512477 0.01121689 0.01363452 0.00693198 0.01066188
 0.01991256 0.01433952 0.0111325  0.01050556], ([0.         0.00010926 0.00173968 0.00046732 0.00019494 0.00116351
 0.00136381 0.00081025 0.00143283 0.0018233 ]) 	 loss 7.665E-02 	 horizons 19.0
step 27802 	 return [0.         0.00103615 0.01061828 0.01405673 0.00749748 0.01303188
 0.02260554 0.01144659 0.01339418 0.01387187], ([0.         0.0020723  0.00221103 0.00036025 0.00030305 0.00137862
 0.00121298 0.00133835 0.00277864 0.00284015]) 	 loss 8.067E-02 	 horizons 19.0
step 27992 	 return [0.         0.00044877 0.01137967 0.01455337 0.0073556  0.01183608
 0.02191895 0.01194971 0.01354501 0.01345917], ([0.         0.00134631 0.00151232 0.0011561  0.00273244 0.00172771
 0.00280161 0.00121603 0.00161158 0.00292157]) 	 loss 1.046E-01 	 horizons 19.0
step 28182 	 return [0.         0.         0.01186272 0.01450129 0.0076736  0.01174866
 0.0219313  0.01166924 0.01385942 0.01394592], ([0.         0.         0.00030347 0.00053903 0.00024269 0.00124717
 0.00204423 0.00073315 0.00143866 0.00268367]) 	 loss 8.439E-02 	 horizons 19.0
step 28372 	 return [0.         0.         0.01177344 0.0142087  0.00766998 0.01226211
 0.02299417 0.01190439 0.01433459 0.01482138], ([0.0000000e+00 0.0000000e+00 1.6658754e-05 1.6269983e-04 2.3937413e-05
 2.5937633e-04 2.4357141e-04 7.4058789e-07 1.0171532e-05 2.9915309e-04]) 	 loss 6.112E-02 	 horizons 19.0
step 28562 	 return [0.         0.00517378 0.00621465 0.01387964 0.00700591 0.01463293
 0.02262802 0.0118603  0.01426723 0.01501366], ([0.0000000e+00 1.2652208e-04 2.4839888e-05 4.0472278e-04 1.7113330e-04
 3.8419996e-04 1.7018392e-03 2.4696794e-05 1.5574100e-05 3.6442507e-04]) 	 loss 5.696E-02 	 horizons 19.0
step 28752 	 return [0.         0.00516127 0.01009505 0.01377207 0.00696278 0.01071809
 0.01841224 0.01391863 0.01114473 0.01180596], ([0.         0.00013635 0.00202075 0.00029661 0.0001666  0.00187251
 0.00289906 0.00104941 0.00169433 0.00165554]) 	 loss 6.756E-02 	 horizons 19.0
step 28942 	 return [0.         0.         0.01141835 0.01421005 0.00773662 0.01272115
 0.02295515 0.01191271 0.01434791 0.01475956], ([0.0000000e+00 0.0000000e+00 1.0902740e-03 2.3999739e-04 1.6402938e-04
 1.7661706e-03 2.4830771e-04 2.6064925e-05 2.4718793e-05 2.6326778e-04]) 	 loss 9.858E-02 	 horizons 19.0
step 29132 	 return [0.         0.00516986 0.00964919 0.01350708 0.00686764 0.01101746
 0.01790768 0.01374065 0.01060606 0.01174312], ([0.0000000e+00 6.1340004e-05 1.7409370e-03 3.3300306e-04 7.3406060e-05
 2.1109073e-03 2.4875321e-03 1.0770869e-03 1.6338833e-03 2.2831166e-03]) 	 loss 8.082E-02 	 horizons 19.0
step 29322 	 return [0.         0.         0.01188574 0.01400364 0.00767877 0.01205447
 0.02142506 0.01270722 0.01321305 0.01388993], ([0.         0.         0.00088606 0.00041307 0.00040988 0.00083197
 0.00255164 0.00123218 0.00174931 0.00174703]) 	 loss 7.828E-02 	 horizons 19.0
step 29512 	 return [0.         0.         0.01138574 0.01416282 0.00771864 0.01251051
 0.0226066  0.01172367 0.01394702 0.01503696], ([0.         0.         0.00108377 0.00026481 0.00017827 0.00194079
 0.00110124 0.0005706  0.00120566 0.0008445 ]) 	 loss 7.788E-02 	 horizons 19.0
step 29702 	 return [0.         0.0051735  0.01138512 0.01355054 0.00688634 0.00991941
 0.01891346 0.01451563 0.01069658 0.01052308], ([0.0000000e+00 5.5030891e-05 6.9706491e-04 2.8573466e-04 2.8263470e-05
 2.9538732e-04 2.0337820e-03 1.9267610e-04 7.3071453e-04 1.1892834e-03]) 	 loss 5.742E-02 	 horizons 19.0
step 29892 	 return [0.         0.00982775 0.00522146 0.00682214 0.00593765 0.00732022
 0.01810343 0.01360889 0.010593   0.00898645], ([0.         0.00049425 0.00116265 0.00299987 0.00199396 0.00026441
 0.00137382 0.00139992 0.00056659 0.00134374]) 	 loss 6.834E-02 	 horizons 19.0
step 30082 	 return [0.         0.0055118  0.00895555 0.01372332 0.00677778 0.01019663
 0.01847498 0.01333733 0.01079567 0.01158267], ([0.         0.00089549 0.00297371 0.00016947 0.00041493 0.00273592
 0.00274177 0.0016659  0.00180222 0.00254828]) 	 loss 8.376E-02 	 horizons 19.0
[1;34mwandb[0m: 
[1;34mwandb[0m: 🚀 View run [33mmotndp_xian-v0__LCN-Xian-spatiotemporal_full__789__1781029383[0m at: [34mhttps://wandb.ai/johnario-tu-delft/cl_ablation/runs/2c5w8o05[0m
[1;34mwandb[0m: Find logs at: [1;35mwandb/run-20260609_202304-2c5w8o05/logs[0m
