/data/Projects/Assignment for DSAIT/ResearchIDM/mo-transport-network-design/.venv/lib/python3.13/site-packages/pygame/pkgdata.py:25: UserWarning: pkg_resources is deprecated as an API. See https://setuptools.pypa.io/en/latest/pkg_resources.html. The pkg_resources package is slated for removal as early as 2025-11-30. Refrain from using this package or pin to Setuptools<81.
  from pkg_resources import resource_stream, resource_exists
wandb: [wandb.login()] Loaded credentials for https://api.wandb.ai from /home/johnario/.netrc.
wandb: Currently logged in as: johnario (johnario-tu-delft) to https://api.wandb.ai. Use `wandb login --relogin` to force relogin
wandb: setting up run fxjryzx5
wandb: Tracking run with wandb version 0.27.2
wandb: Run data is saved locally in /data/Projects/Assignment for DSAIT/ResearchIDM/mo-transport-network-design/wandb/run-20260619_062224-fxjryzx5
wandb: Run `wandb offline` to turn off syncing.
wandb: Syncing run motndp_xian-v0__NSW-xian-g5__456__1781842944
wandb: ⭐️ View project at https://wandb.ai/johnario-tu-delft/cl_ablation
wandb: 🚀 View run at https://wandb.ai/johnario-tu-delft/cl_ablation/runs/fxjryzx5
/data/Projects/Assignment for DSAIT/ResearchIDM/mo-transport-network-design/morl-baselines/morl_baselines/multi_policy/gcn/gcn.py:151: UserWarning: Creating a tensor from a list of numpy.ndarrays is extremely slow. Please consider converting the list to a single numpy.ndarray with numpy.array() before converting to a tensor. (Triggered internally at /pytorch/torch/csrc/utils/tensor_new.cpp:253.)
  th.tensor(obs).to(self.device),
/data/Projects/Assignment for DSAIT/ResearchIDM/mo-transport-network-design/morl-baselines/morl_baselines/common/performance_indicators.py:144: RuntimeWarning: invalid value encountered in divide
  gi = (n + 1 - 2 * np.sum(cum_x, axis=1) / cum_x[:, -1]) / n
Namespace(env='xian', nr_groups=5, starting_loc_x=9, starting_loc_y=19, nr_stations=20, lr=0.01, batch_size=256, num_er_episodes=100, num_step_episodes=10, num_model_updates=10, num_policies=10, max_buffer_size=200, nr_layers=1, hidden_dim=128, timesteps=30000, no_log=False, seed=456, cd_threshold=0.2, distance_ref='interpolate2', lcn_lambda=None, scheduling_method='constant', schedule_start=1.0, schedule_end=None, scheduler_warmup_fraction=0.0, scheduler_freeze_fraction=0.1, spatial_alpha=0.0, include_demand_context=False, criterion='nash', nash_mode='pareto_sized', nash_top_k=None, nash_shift=0.0, project_name='cl_ablation', experiment_name='NSW-xian-g5', wandb_entity=None)
step 2002 	 return [0.00248662 0.00522968 0.00421404 0.00552019 0.00201683], ([0.00197339 0.00375769 0.00299243 0.00409842 0.00160102]) 	 loss 1.923E+00 	 horizons 19.0
step 2189 	 return [0.00362894 0.0046425  0.00270679 0.00265397 0.00136197], ([0.00322399 0.00321011 0.00285431 0.00321711 0.00149177]) 	 loss 1.532E+00 	 horizons 18.7
step 2379 	 return [0.00366449 0.00349406 0.00306625 0.00267816 0.00163631], ([0.00238348 0.0027575  0.00292497 0.00338146 0.00268558]) 	 loss 1.137E+00 	 horizons 19.0
step 2569 	 return [0.00301363 0.00377989 0.00221748 0.00307083 0.00173046], ([0.0019108  0.00356406 0.00159041 0.00351974 0.00334696]) 	 loss 1.009E+00 	 horizons 19.0
step 2759 	 return [0.00286931 0.00403821 0.00325706 0.00320843 0.00305383], ([0.00286428 0.00194415 0.00283672 0.00352143 0.00336121]) 	 loss 9.552E-01 	 horizons 19.0
step 2949 	 return [0.00187974 0.00378802 0.00429404 0.00553819 0.00375292], ([0.00218658 0.00186335 0.00210454 0.00296807 0.00318155]) 	 loss 9.180E-01 	 horizons 19.0
step 3139 	 return [0.00228715 0.00448358 0.00393336 0.00306463 0.00222366], ([0.00241492 0.00236088 0.00196729 0.00300718 0.00159291]) 	 loss 9.042E-01 	 horizons 19.0
step 3329 	 return [0.00088923 0.0046226  0.00354708 0.00633885 0.00158003], ([0.001394   0.00199906 0.00109989 0.00192568 0.00148371]) 	 loss 8.690E-01 	 horizons 19.0
step 3519 	 return [0.00203593 0.0055759  0.00296038 0.00695702 0.0030057 ], ([0.00320248 0.00212876 0.0013269  0.00458292 0.00241883]) 	 loss 8.871E-01 	 horizons 19.0
step 3709 	 return [0.00269247 0.00464154 0.00413447 0.00500108 0.002543  ], ([0.00271443 0.00236061 0.00259567 0.00500747 0.00183505]) 	 loss 8.440E-01 	 horizons 19.0
step 3899 	 return [0.00183382 0.00564184 0.00421129 0.00640409 0.00436329], ([0.00253809 0.00193862 0.00183006 0.00431758 0.00250527]) 	 loss 8.248E-01 	 horizons 19.0
step 4089 	 return [0.00213265 0.00380041 0.00459091 0.00758291 0.00456905], ([0.00215793 0.0024402  0.00200333 0.00488942 0.00201371]) 	 loss 8.251E-01 	 horizons 19.0
step 4279 	 return [0.00178439 0.00505422 0.00464417 0.00612111 0.00433924], ([0.00208496 0.00194816 0.00202166 0.00439519 0.00188746]) 	 loss 8.108E-01 	 horizons 19.0
step 4469 	 return [0.00084548 0.00445785 0.00469406 0.00646895 0.00371444], ([0.00161142 0.00229259 0.0015987  0.00307194 0.00247794]) 	 loss 7.953E-01 	 horizons 19.0
step 4659 	 return [0.0008563  0.0052987  0.00581913 0.00423039 0.00405826], ([0.00123119 0.00284012 0.00161557 0.00226517 0.00247029]) 	 loss 7.893E-01 	 horizons 19.0
step 4849 	 return [0.00110848 0.00582654 0.00400957 0.00809324 0.00365926], ([0.00165833 0.00297743 0.00136976 0.00352951 0.00226166]) 	 loss 7.991E-01 	 horizons 19.0
step 5039 	 return [0.00229401 0.00717936 0.00407093 0.0080354  0.00466945], ([0.00202871 0.00192381 0.00120844 0.00487645 0.00292743]) 	 loss 7.858E-01 	 horizons 19.0
step 5229 	 return [0.0007313  0.00539367 0.00428311 0.00714743 0.00407821], ([0.00108864 0.00300109 0.00132237 0.00380864 0.00286573]) 	 loss 7.608E-01 	 horizons 19.0
step 5419 	 return [0.00116258 0.00507427 0.00571099 0.00498427 0.00552017], ([0.00175711 0.00203132 0.00225115 0.00333543 0.00323696]) 	 loss 7.869E-01 	 horizons 19.0
step 5609 	 return [0.00203809 0.00479045 0.00549253 0.00683055 0.00432037], ([0.00242772 0.00215087 0.00164997 0.00403751 0.0029088 ]) 	 loss 7.681E-01 	 horizons 19.0
step 5799 	 return [0.00107453 0.00547355 0.00646092 0.00599195 0.00434194], ([0.00144805 0.00283146 0.0014766  0.00428393 0.00261239]) 	 loss 7.756E-01 	 horizons 19.0
step 5989 	 return [0.00124337 0.00700674 0.00581303 0.00799937 0.00349754], ([0.00145861 0.00261257 0.00192104 0.00323975 0.00209481]) 	 loss 7.542E-01 	 horizons 19.0
step 6179 	 return [0.00074513 0.00604028 0.00527533 0.00899706 0.00538258], ([0.00108857 0.00167505 0.0022286  0.00421227 0.00291267]) 	 loss 8.144E-01 	 horizons 19.0
step 6369 	 return [0.00132674 0.00592418 0.00578576 0.00434503 0.00324131], ([0.00164789 0.00344687 0.00161798 0.00395493 0.00158608]) 	 loss 7.956E-01 	 horizons 19.0
step 6559 	 return [0.00238645 0.00595022 0.00603721 0.01030005 0.00530805], ([0.00201625 0.00316451 0.00219807 0.00280839 0.00277016]) 	 loss 7.609E-01 	 horizons 19.0
step 6749 	 return [0.00095296 0.00652599 0.00581915 0.00828435 0.00494376], ([0.00129421 0.00169801 0.00200794 0.00320114 0.00207974]) 	 loss 7.604E-01 	 horizons 19.0
step 6939 	 return [0.00107614 0.00561995 0.00522727 0.00938727 0.00524301], ([0.00153173 0.00136555 0.0024908  0.00241395 0.00228186]) 	 loss 7.674E-01 	 horizons 19.0
step 7129 	 return [0.00223219 0.00699488 0.0062687  0.01053139 0.00268133], ([0.00141614 0.00174864 0.00171502 0.00334928 0.00183846]) 	 loss 7.636E-01 	 horizons 19.0
step 7319 	 return [0.00153037 0.00658043 0.0062365  0.00830806 0.00555743], ([0.00176136 0.00305997 0.00115668 0.00315957 0.00224272]) 	 loss 7.646E-01 	 horizons 19.0
step 7509 	 return [0.00120937 0.00667302 0.00583816 0.00978814 0.0059633 ], ([0.00174855 0.00266796 0.0011414  0.00277348 0.00301265]) 	 loss 7.378E-01 	 horizons 19.0
step 7699 	 return [0.00036583 0.00600295 0.00513675 0.00676581 0.00401302], ([0.00073378 0.0021691  0.00178244 0.00306855 0.0020478 ]) 	 loss 7.055E-01 	 horizons 19.0
step 7889 	 return [0.00099419 0.00762927 0.00546767 0.00995772 0.00532624], ([0.00113828 0.00139296 0.00167499 0.00291319 0.002443  ]) 	 loss 7.280E-01 	 horizons 19.0
step 8079 	 return [0.00326231 0.00652704 0.00655336 0.00945402 0.00685736], ([0.00226789 0.00317024 0.00137076 0.00397257 0.00334828]) 	 loss 7.207E-01 	 horizons 19.0
step 8269 	 return [0.00107698 0.00875056 0.007679   0.01196977 0.00573179], ([0.00126572 0.00290709 0.00215178 0.00429033 0.00396027]) 	 loss 7.240E-01 	 horizons 19.0
step 8459 	 return [0.00212066 0.00698296 0.00548967 0.00987146 0.0053501 ], ([0.00210643 0.00221913 0.0013422  0.00419133 0.00352656]) 	 loss 7.071E-01 	 horizons 19.0
step 8649 	 return [0.00139209 0.00683522 0.00740875 0.00905442 0.00355155], ([0.00178978 0.00203208 0.00109903 0.00305697 0.00197657]) 	 loss 6.762E-01 	 horizons 19.0
step 8839 	 return [0.00230521 0.00824499 0.00585159 0.00974012 0.00410742], ([0.00167842 0.00168922 0.00111491 0.00287789 0.00157975]) 	 loss 6.796E-01 	 horizons 19.0
step 9029 	 return [0.00221041 0.00698048 0.00552881 0.0109902  0.00515257], ([0.00116001 0.0026311  0.00124831 0.00532854 0.00280804]) 	 loss 6.937E-01 	 horizons 19.0
step 9219 	 return [0.00313343 0.00410702 0.00597401 0.010573   0.00539909], ([0.00182057 0.00217429 0.00153903 0.00387612 0.00197758]) 	 loss 6.539E-01 	 horizons 19.0
step 9409 	 return [0.0035196  0.00730342 0.00672212 0.00866194 0.00414329], ([0.00059211 0.00254835 0.00136486 0.00200884 0.00164333]) 	 loss 6.476E-01 	 horizons 19.0
step 9599 	 return [0.00328501 0.00512249 0.00582621 0.01156473 0.00543478], ([0.00150684 0.00146417 0.00087678 0.00307662 0.00333133]) 	 loss 6.387E-01 	 horizons 19.0
step 9789 	 return [0.00412234 0.00395971 0.00534156 0.00963456 0.00636524], ([0.00141203 0.00132916 0.0023189  0.00536061 0.00417598]) 	 loss 6.089E-01 	 horizons 19.0
step 9979 	 return [0.00126118 0.00893044 0.00597749 0.00990602 0.00582119], ([0.00158025 0.00116475 0.00143871 0.00153902 0.00177243]) 	 loss 5.922E-01 	 horizons 19.0
step 10169 	 return [0.00480052 0.00643845 0.00650139 0.01089485 0.0048235 ], ([0.00163068 0.00265341 0.00063468 0.00343199 0.00322044]) 	 loss 5.874E-01 	 horizons 19.0
step 10359 	 return [0.00376422 0.00647153 0.00604124 0.00857816 0.00376971], ([0.00107763 0.00211353 0.00200483 0.00365799 0.003508  ]) 	 loss 5.998E-01 	 horizons 19.0
step 10549 	 return [0.002732   0.00696543 0.00592467 0.00845114 0.00540172], ([0.0015843  0.00150422 0.00127195 0.00289451 0.00108136]) 	 loss 5.646E-01 	 horizons 19.0
step 10739 	 return [0.00226578 0.00741559 0.00692212 0.00863696 0.0037608 ], ([0.00147659 0.00265126 0.00128189 0.00320841 0.00148144]) 	 loss 5.423E-01 	 horizons 19.0
step 10929 	 return [0.00447527 0.00467033 0.00729946 0.01218351 0.00551617], ([0.0008849  0.00170444 0.00140337 0.00318748 0.00325774]) 	 loss 5.573E-01 	 horizons 19.0
step 11119 	 return [0.00453503 0.00403237 0.00669171 0.01065905 0.00508346], ([0.00119403 0.00079935 0.00182841 0.00383094 0.00234065]) 	 loss 5.216E-01 	 horizons 19.0
step 11309 	 return [0.00312026 0.00875256 0.00552686 0.01149123 0.00581351], ([0.00233914 0.00124038 0.00137028 0.00399995 0.00236392]) 	 loss 5.047E-01 	 horizons 19.0
step 11499 	 return [0.00525601 0.00465436 0.00636428 0.0122606  0.00600139], ([0.00181518 0.00118125 0.00160076 0.00366172 0.00394601]) 	 loss 4.966E-01 	 horizons 19.0
step 11689 	 return [0.00423987 0.00496212 0.00632728 0.01015578 0.00520811], ([0.00112768 0.0017686  0.00113738 0.00348133 0.00186901]) 	 loss 4.737E-01 	 horizons 19.0
step 11879 	 return [0.00315269 0.00671114 0.00671929 0.01133455 0.00573265], ([0.00130605 0.00272391 0.00070547 0.00259471 0.00133487]) 	 loss 4.590E-01 	 horizons 19.0
step 12069 	 return [0.00057999 0.00975324 0.0061766  0.01415599 0.00741896], ([0.00087319 0.0018366  0.00116392 0.00177894 0.00307405]) 	 loss 4.630E-01 	 horizons 19.0
step 12259 	 return [0.00320196 0.00647049 0.00620187 0.01126187 0.00792586], ([0.00087473 0.00178151 0.00117853 0.0022733  0.00199791]) 	 loss 4.403E-01 	 horizons 19.0
step 12449 	 return [0.00179229 0.00560926 0.00635536 0.00971771 0.00761023], ([0.00189808 0.00166921 0.0008009  0.00259136 0.00184549]) 	 loss 4.601E-01 	 horizons 19.0
step 12639 	 return [0.0030434  0.00896052 0.00674958 0.01084271 0.00589462], ([0.00117266 0.00079437 0.00145332 0.00343957 0.00208957]) 	 loss 4.626E-01 	 horizons 19.0
step 12829 	 return [0.00503998 0.00373134 0.00659125 0.01193968 0.00949681], ([0.00106251 0.00074267 0.00154728 0.00392773 0.00260475]) 	 loss 4.287E-01 	 horizons 19.0
step 13019 	 return [0.00573278 0.0056821  0.00767984 0.0111929  0.00672411], ([0.00159904 0.00232299 0.00106355 0.0038234  0.0032254 ]) 	 loss 4.141E-01 	 horizons 19.0
step 13209 	 return [0.00510753 0.00413456 0.00662806 0.01338623 0.00808567], ([0.00142833 0.00129726 0.00143703 0.00242052 0.00342414]) 	 loss 4.188E-01 	 horizons 19.0
step 13399 	 return [0.00695345 0.00482634 0.00725418 0.01482573 0.00831304], ([0.00102933 0.00216049 0.00056528 0.00145021 0.00233359]) 	 loss 4.243E-01 	 horizons 19.0
step 13589 	 return [0.00514097 0.00409905 0.00661886 0.01324587 0.00863742], ([0.00123359 0.00094514 0.00132669 0.00262264 0.0029901 ]) 	 loss 3.709E-01 	 horizons 19.0
step 13779 	 return [0.0035142  0.00813852 0.00653112 0.01273754 0.00702952], ([0.00082428 0.0016437  0.00127955 0.00193345 0.00169811]) 	 loss 3.734E-01 	 horizons 19.0
step 13969 	 return [0.00526694 0.00397484 0.0066535  0.01308161 0.00772441], ([0.00100835 0.00120613 0.00130805 0.00295855 0.00290776]) 	 loss 4.022E-01 	 horizons 19.0
step 14159 	 return [0.00537825 0.0041354  0.00658577 0.01268197 0.00733287], ([0.00139497 0.00145615 0.00089549 0.0025053  0.00261735]) 	 loss 3.657E-01 	 horizons 19.0
step 14349 	 return [0.00637187 0.00416041 0.00735688 0.01487948 0.00808165], ([0.00169033 0.00133112 0.00065068 0.00119627 0.00260844]) 	 loss 3.322E-01 	 horizons 19.0
step 14539 	 return [0.00704885 0.00565281 0.00713234 0.01447956 0.00745305], ([0.00118399 0.00236141 0.00092442 0.00223662 0.00167133]) 	 loss 3.480E-01 	 horizons 19.0
step 14729 	 return [0.00597433 0.00446724 0.00682005 0.01331186 0.00777934], ([0.00168908 0.00127858 0.00082422 0.00215466 0.00205558]) 	 loss 3.210E-01 	 horizons 19.0
step 14919 	 return [0.00581531 0.00730398 0.00638933 0.01580031 0.00725831], ([0.0015361  0.00257704 0.00107673 0.00201801 0.0020671 ]) 	 loss 3.168E-01 	 horizons 19.0
step 15109 	 return [0.00502829 0.00841656 0.00692629 0.01683226 0.00985635], ([0.00108899 0.00191153 0.00132655 0.00129019 0.00241564]) 	 loss 2.878E-01 	 horizons 19.0
step 15299 	 return [0.00412448 0.00716929 0.00704528 0.01341754 0.00729107], ([0.00030972 0.0027295  0.00139566 0.0024211  0.00136008]) 	 loss 2.652E-01 	 horizons 19.0
step 15489 	 return [0.00473525 0.00507067 0.00699721 0.01525981 0.00850095], ([0.0007232  0.00170437 0.00093781 0.00113112 0.00253681]) 	 loss 2.738E-01 	 horizons 19.0
step 15679 	 return [0.00386867 0.00940185 0.00611099 0.01618968 0.00818531], ([0.00096243 0.00120631 0.00100541 0.00123209 0.00343819]) 	 loss 2.852E-01 	 horizons 19.0
step 15869 	 return [0.0074732  0.00359833 0.00765768 0.01493768 0.01025246], ([0.00148335 0.00032467 0.00061718 0.00051249 0.00369634]) 	 loss 2.465E-01 	 horizons 19.0
step 16059 	 return [0.00675869 0.00378009 0.00697335 0.01468519 0.00905939], ([0.00100457 0.00038762 0.00113626 0.00083611 0.00204337]) 	 loss 2.579E-01 	 horizons 19.0
step 16249 	 return [0.0042032  0.00829509 0.00724759 0.01611984 0.00690778], ([0.00047604 0.0020056  0.00115398 0.00196772 0.00128865]) 	 loss 2.414E-01 	 horizons 19.0
step 16439 	 return [0.00479601 0.00802434 0.00607786 0.01799721 0.01069704], ([0.00045569 0.00136972 0.00052682 0.00125533 0.00215399]) 	 loss 2.553E-01 	 horizons 19.0
step 16629 	 return [0.00530228 0.00800204 0.00578878 0.01601231 0.01026607], ([0.00128243 0.00172763 0.00096038 0.00093833 0.00195365]) 	 loss 2.480E-01 	 horizons 19.0
step 16819 	 return [0.00527414 0.00720515 0.00598274 0.01677042 0.01039661], ([0.0007138  0.00212186 0.00073932 0.00135747 0.00207159]) 	 loss 2.184E-01 	 horizons 19.0
step 17009 	 return [0.00476587 0.00864324 0.00569679 0.01623617 0.00968476], ([0.00045523 0.00199122 0.00041432 0.00101023 0.00183821]) 	 loss 2.174E-01 	 horizons 19.0
step 17199 	 return [0.00452334 0.00879083 0.0057058  0.01791605 0.01073915], ([0.00069876 0.00065994 0.00050588 0.00155137 0.00238466]) 	 loss 2.135E-01 	 horizons 19.0
step 17389 	 return [0.00429369 0.0080272  0.00611166 0.01662266 0.0106849 ], ([0.00060774 0.00150919 0.00128519 0.00183455 0.00309054]) 	 loss 1.931E-01 	 horizons 19.0
step 17579 	 return [0.00496282 0.00820311 0.00596466 0.01820152 0.01143549], ([0.00046697 0.00143028 0.00046254 0.00109882 0.0016406 ]) 	 loss 2.036E-01 	 horizons 19.0
step 17769 	 return [0.0050963  0.00837204 0.00569915 0.01730277 0.01112959], ([0.00053889 0.00093164 0.00041655 0.00147212 0.00182704]) 	 loss 1.887E-01 	 horizons 19.0
step 17959 	 return [0.0047202  0.00889873 0.00583296 0.01807928 0.01201085], ([0.00031679 0.00067482 0.00013131 0.00094822 0.0001133 ]) 	 loss 1.790E-01 	 horizons 19.0
step 18149 	 return [0.00508485 0.00843581 0.00620573 0.01848708 0.01124709], ([0.00063795 0.00135639 0.0007893  0.00049252 0.00155973]) 	 loss 1.829E-01 	 horizons 19.0
step 18339 	 return [0.00480784 0.00864672 0.00608001 0.01706924 0.01084415], ([0.00051341 0.00168789 0.00063621 0.002535   0.00194324]) 	 loss 1.743E-01 	 horizons 19.0
step 18529 	 return [0.00534965 0.00873366 0.00584915 0.01849056 0.01205384], ([0.00047798 0.00021352 0.0001184  0.00100025 0.00012956]) 	 loss 1.974E-01 	 horizons 19.0
step 18719 	 return [0.00479982 0.00881801 0.00570444 0.01793962 0.01150501], ([0.00044171 0.00055101 0.00037994 0.00129091 0.00154313]) 	 loss 1.814E-01 	 horizons 19.0
step 18909 	 return [0.00545441 0.00889392 0.00621956 0.01773893 0.01016666], ([0.00093347 0.00096067 0.00065002 0.00121728 0.00346827]) 	 loss 1.660E-01 	 horizons 19.0
step 19099 	 return [0.00558509 0.00870859 0.00606364 0.01827661 0.01134083], ([0.00050427 0.00049271 0.00066397 0.00130089 0.00159657]) 	 loss 1.512E-01 	 horizons 19.0
step 19289 	 return [0.00517984 0.00871688 0.00605956 0.01808602 0.01157887], ([0.00087969 0.00060705 0.00048314 0.00096954 0.00159388]) 	 loss 1.590E-01 	 horizons 19.0
step 19479 	 return [0.00526523 0.00907591 0.00616014 0.0183718  0.01108893], ([0.0008603  0.00053801 0.00086004 0.00080337 0.00295308]) 	 loss 1.387E-01 	 horizons 19.0
step 19669 	 return [0.00553443 0.00875949 0.0059072  0.01866694 0.01188963], ([4.3422813e-04 9.2573219e-04 5.4399261e-05 3.0941519e-04 1.9861873e-04]) 	 loss 1.278E-01 	 horizons 19.0wandb: WARNING Artifact "run-fxjryzx5-evalfront-V-m2Ug" already exists with the same content. No new version will be created.
wandb: WARNING Artifact "run-fxjryzx5-evalfront-V-m2Ug" already exists with the same content. No new version will be created.
wandb: WARNING Artifact "run-fxjryzx5-evalfront-V-m2Ug" already exists with the same content. No new version will be created.
wandb: WARNING Artifact "run-fxjryzx5-evalfront-V-m2Ug" already exists with the same content. No new version will be created.
wandb: WARNING Artifact "run-fxjryzx5-evalfront-V-m2Ug" already exists with the same content. No new version will be created.
wandb: WARNING Artifact "run-fxjryzx5-evalfront-V-m2Ug" already exists with the same content. No new version will be created.
wandb: WARNING Artifact "run-fxjryzx5-evalfront-V-m2Ug" already exists with the same content. No new version will be created.
wandb: WARNING Artifact "run-fxjryzx5-evalfront-V-m2Ug" already exists with the same content. No new version will be created.
wandb: WARNING Artifact "run-fxjryzx5-evalfront-V-m2Ug" already exists with the same content. No new version will be created.
wandb: WARNING Artifact "run-fxjryzx5-evalfront-V-m2Ug" already exists with the same content. No new version will be created.
wandb: WARNING Artifact "run-fxjryzx5-evalfront-V-m2Ug" already exists with the same content. No new version will be created.
wandb: WARNING Artifact "run-fxjryzx5-evalfront-V-m2Ug" already exists with the same content. No new version will be created.
wandb: WARNING Artifact "run-fxjryzx5-evalfront-V-m2Ug" already exists with the same content. No new version will be created.
wandb: WARNING Artifact "run-fxjryzx5-evalfront-V-m2Ug" already exists with the same content. No new version will be created.
wandb: WARNING Artifact "run-fxjryzx5-evalfront-V-m2Ug" already exists with the same content. No new version will be created.
wandb: WARNING Artifact "run-fxjryzx5-evalfront-V-m2Ug" already exists with the same content. No new version will be created.
wandb: WARNING Artifact "run-fxjryzx5-evalfront-V-m2Ug" already exists with the same content. No new version will be created.
wandb: WARNING Artifact "run-fxjryzx5-evalfront-V-m2Ug" already exists with the same content. No new version will be created.
wandb: WARNING Artifact "run-fxjryzx5-evalfront-V-m2Ug" already exists with the same content. No new version will be created.
wandb: WARNING Artifact "run-fxjryzx5-evalfront-V-m2Ug" already exists with the same content. No new version will be created.
wandb: WARNING Artifact "run-fxjryzx5-evalfront-V-m2Ug" already exists with the same content. No new version will be created.
wandb: WARNING Artifact "run-fxjryzx5-evalfront-V-m2Ug" already exists with the same content. No new version will be created.
wandb: WARNING Artifact "run-fxjryzx5-evalfront-V-m2Ug" already exists with the same content. No new version will be created.
wandb: WARNING Artifact "run-fxjryzx5-evalfront-V-m2Ug" already exists with the same content. No new version will be created.
wandb: WARNING Artifact "run-fxjryzx5-evalfront-V-m2Ug" already exists with the same content. No new version will be created.
wandb: WARNING Artifact "run-fxjryzx5-evalfront-V-m2Ug" already exists with the same content. No new version will be created.
wandb: WARNING Artifact "run-fxjryzx5-evalfront-V-m2Ug" already exists with the same content. No new version will be created.
wandb: WARNING Artifact "run-fxjryzx5-evalfront-V-m2Ug" already exists with the same content. No new version will be created.
wandb: WARNING Artifact "run-fxjryzx5-evalfront-V-m2Ug" already exists with the same content. No new version will be created.
wandb: WARNING Artifact "run-fxjryzx5-evalfront-V-m2Ug" already exists with the same content. No new version will be created.

step 19859 	 return [0.00584675 0.00877102 0.00595632 0.01895853 0.01215572], ([5.0033838e-04 1.9137266e-04 8.5092317e-05 1.4389826e-04 1.5042086e-04]) 	 loss 1.145E-01 	 horizons 19.0
step 20049 	 return [0.0060136  0.00879264 0.00613809 0.01871551 0.0110735 ], ([0.00101626 0.00038901 0.00034825 0.00030781 0.00200752]) 	 loss 9.545E-02 	 horizons 19.0
step 20239 	 return [0.00536379 0.00890681 0.00591214 0.01863712 0.01207669], ([4.8904330e-04 4.6492417e-04 6.8778179e-05 6.5729523e-04 1.2403632e-04]) 	 loss 9.709E-02 	 horizons 19.0
step 20429 	 return [0.0069364  0.00832754 0.00662844 0.0186256  0.01080863], ([0.00094416 0.00077811 0.00060578 0.00051519 0.00230439]) 	 loss 8.904E-02 	 horizons 19.0
step 20619 	 return [0.00766555 0.00645991 0.0068997  0.01812286 0.01119796], ([0.00098396 0.00215684 0.00104593 0.00076284 0.00211688]) 	 loss 9.134E-02 	 horizons 19.0
step 20809 	 return [0.00743727 0.00838428 0.00653521 0.01881409 0.01191015], ([0.00081857 0.00083069 0.00066205 0.00081171 0.00146548]) 	 loss 8.120E-02 	 horizons 19.0
step 20999 	 return [0.00792444 0.00759692 0.00704656 0.01815008 0.0104315 ], ([0.00064186 0.00120402 0.00079839 0.0009767  0.00248086]) 	 loss 7.160E-02 	 horizons 19.0
step 21189 	 return [0.00785786 0.00840281 0.0063956  0.0189313  0.0123967 ], ([0.00086251 0.00077709 0.00044368 0.00027808 0.0001978 ]) 	 loss 7.349E-02 	 horizons 19.0
step 21379 	 return [0.00812714 0.00731537 0.00696678 0.01832428 0.01236791], ([0.00039094 0.00142493 0.00067602 0.00103128 0.00010124]) 	 loss 6.255E-02 	 horizons 19.0
step 21569 	 return [0.00764266 0.00788417 0.00672564 0.01888767 0.01187675], ([0.00082932 0.00110107 0.00067135 0.00032141 0.00152777]) 	 loss 5.966E-02 	 horizons 19.0
step 21759 	 return [0.00842831 0.00797325 0.00665737 0.01867257 0.01193986], ([0.00018412 0.00094544 0.00064105 0.00029805 0.00152462]) 	 loss 6.634E-02 	 horizons 19.0
step 21949 	 return [0.00831117 0.00800355 0.00664436 0.01872787 0.0119434 ], ([0.00036975 0.00096473 0.00064861 0.00036008 0.00152589]) 	 loss 6.053E-02 	 horizons 19.0
step 22139 	 return [0.00783659 0.00845093 0.00652361 0.0187025  0.0114984 ], ([0.00065039 0.0002401  0.00037916 0.0006232  0.00204334]) 	 loss 4.802E-02 	 horizons 19.0
step 22329 	 return [0.00815274 0.0076136  0.00684969 0.01882043 0.01240274], ([4.2896406e-04 1.1473848e-03 6.7717145e-04 2.7861199e-04 9.5009585e-05]) 	 loss 5.822E-02 	 horizons 19.0
step 22519 	 return [0.00821751 0.00805964 0.00658259 0.01886192 0.01243881], ([4.5383626e-04 9.2980603e-04 5.4952450e-04 2.5495488e-04 7.6905577e-05]) 	 loss 4.932E-02 	 horizons 19.0
step 22709 	 return [0.00845178 0.00799905 0.00660861 0.01875132 0.01243172], ([1.295384e-04 8.920813e-04 5.342018e-04 8.298829e-05 7.213019e-05]) 	 loss 5.411E-02 	 horizons 19.0
step 22899 	 return [0.0083461  0.00809385 0.00659728 0.0187853  0.01240307], ([0.00032189 0.00098043 0.00054091 0.00014179 0.00010258]) 	 loss 5.882E-02 	 horizons 19.0
step 23089 	 return [0.00833464 0.00802934 0.0065956  0.01880662 0.01243526], ([3.5368733e-04 9.1164239e-04 5.4207339e-04 1.9749180e-04 7.4640215e-05]) 	 loss 4.259E-02 	 horizons 19.0
step 23279 	 return [0.00821751 0.00805964 0.00658259 0.01886192 0.01243881], ([4.5383626e-04 9.2980603e-04 5.4952450e-04 2.5495488e-04 7.6905584e-05]) 	 loss 3.509E-02 	 horizons 19.0
step 23469 	 return [0.00848417 0.00822207 0.00647506 0.01877206 0.01244975], ([9.7153803e-05 6.6906097e-04 4.0065133e-04 6.2241219e-05 5.4097640e-05]) 	 loss 3.269E-02 	 horizons 19.0
step 23659 	 return [0.00851655 0.00844509 0.00634151 0.01879281 0.01246779], ([0.000000e+00 9.313226e-10 4.656613e-10 0.000000e+00 0.000000e+00]) 	 loss 3.541E-02 	 horizons 19.0
step 23849 	 return [0.00833464 0.00802935 0.0065956  0.01880662 0.01243526], ([3.5368733e-04 9.1164245e-04 5.4207339e-04 1.9749180e-04 7.4640215e-05]) 	 loss 3.084E-02 	 horizons 19.0
step 24039 	 return [0.00846069 0.00819627 0.00652382 0.01869332 0.01195789], ([0.00016757 0.00074646 0.00054692 0.00029848 0.00152969]) 	 loss 3.856E-02 	 horizons 19.0
step 24229 	 return [0.00819404 0.00802088 0.00665957 0.01878318 0.01191918], ([0.00050187 0.00090813 0.00054604 0.00021118 0.00153917]) 	 loss 3.100E-02 	 horizons 19.0
step 24419 	 return [0.00851655 0.00844509 0.00634151 0.01879281 0.01246779], ([0.000000e+00 9.313226e-10 4.656613e-10 0.000000e+00 0.000000e+00]) 	 loss 2.830E-02 	 horizons 19.0
step 24609 	 return [0.00848417 0.00822207 0.00647506 0.01877206 0.01244975], ([9.7153796e-05 6.6906103e-04 4.0065130e-04 6.2241212e-05 5.4097636e-05]) 	 loss 2.667E-02 	 horizons 19.0
step 24799 	 return [0.0081946  0.00813572 0.0064915  0.01838303 0.01140522], ([0.00056665 0.00087374 0.00043379 0.00080221 0.00210001]) 	 loss 1.298E-02 	 horizons 19.0
step 24989 	 return [0.008048   0.00856627 0.00628948 0.01901403 0.01248195], ([5.7384814e-04 1.4840497e-04 6.3727595e-05 2.7093125e-04 1.7352215e-05]) 	 loss 2.735E-02 	 horizons 19.0
step 25179 	 return [0.00851655 0.00844509 0.00634151 0.01879281 0.01246779], ([0.000000e+00 9.313226e-10 4.656613e-10 0.000000e+00 0.000000e+00]) 	 loss 2.072E-02 	 horizons 19.0
step 25369 	 return [0.00848183 0.00815222 0.00646599 0.01854502 0.01245745], ([1.04152976e-04 8.78628751e-04 3.73445218e-04 7.43375858e-04
 3.10038195e-05]) 	 loss 1.703E-02 	 horizons 19.0
step 25559 	 return [0.00851655 0.00844509 0.00634151 0.01879281 0.01246779], ([0.000000e+00 9.313226e-10 4.656613e-10 0.000000e+00 0.000000e+00]) 	 loss 1.203E-02 	 horizons 19.0
step 25749 	 return [0.00851655 0.00844509 0.00634151 0.01879281 0.01246779], ([0.000000e+00 9.313226e-10 4.656613e-10 0.000000e+00 0.000000e+00]) 	 loss 8.255E-03 	 horizons 19.0
step 25939 	 return [0.00848183 0.00815222 0.00646599 0.01854502 0.01245745], ([1.04152976e-04 8.78628809e-04 3.73445218e-04 7.43375800e-04
 3.10038195e-05]) 	 loss 5.833E-03 	 horizons 19.0
step 26129 	 return [0.00851655 0.00844509 0.00634151 0.01879281 0.01246779], ([0.000000e+00 9.313226e-10 4.656613e-10 0.000000e+00 0.000000e+00]) 	 loss 1.118E-03 	 horizons 19.0
step 26319 	 return [0.00851655 0.00844509 0.00634151 0.01879281 0.01246779], ([0.000000e+00 9.313226e-10 4.656613e-10 0.000000e+00 0.000000e+00]) 	 loss 5.187E-04 	 horizons 19.0
step 26509 	 return [0.00851655 0.00844509 0.00634151 0.01879281 0.01246779], ([0.000000e+00 9.313226e-10 4.656613e-10 0.000000e+00 0.000000e+00]) 	 loss 4.016E-04 	 horizons 19.0
step 26699 	 return [0.00851655 0.00844509 0.00634151 0.01879281 0.01246779], ([0.000000e+00 9.313226e-10 4.656613e-10 0.000000e+00 0.000000e+00]) 	 loss 3.118E-04 	 horizons 19.0
step 26889 	 return [0.00851655 0.00844509 0.00634151 0.01879281 0.01246779], ([0.000000e+00 9.313226e-10 4.656613e-10 0.000000e+00 0.000000e+00]) 	 loss 2.881E-04 	 horizons 19.0
step 27079 	 return [0.00851655 0.00844509 0.00634151 0.01879281 0.01246779], ([0.000000e+00 9.313226e-10 4.656613e-10 0.000000e+00 0.000000e+00]) 	 loss 2.567E-04 	 horizons 19.0
step 27269 	 return [0.00851655 0.00844509 0.00634151 0.01879281 0.01246779], ([0.000000e+00 9.313226e-10 4.656613e-10 0.000000e+00 0.000000e+00]) 	 loss 2.254E-04 	 horizons 19.0
step 27459 	 return [0.00851655 0.00844509 0.00634151 0.01879281 0.01246779], ([0.000000e+00 9.313226e-10 4.656613e-10 0.000000e+00 0.000000e+00]) 	 loss 2.149E-04 	 horizons 19.0
step 27649 	 return [0.00851655 0.00844509 0.00634151 0.01879281 0.01246779], ([0.000000e+00 9.313226e-10 4.656613e-10 0.000000e+00 0.000000e+00]) 	 loss 1.754E-04 	 horizons 19.0
step 27839 	 return [0.00851655 0.00844509 0.00634151 0.01879281 0.01246779], ([0.000000e+00 9.313226e-10 4.656613e-10 0.000000e+00 0.000000e+00]) 	 loss 1.834E-04 	 horizons 19.0
step 28029 	 return [0.00851655 0.00844509 0.00634151 0.01879281 0.01246779], ([0.000000e+00 9.313226e-10 4.656613e-10 0.000000e+00 0.000000e+00]) 	 loss 1.690E-04 	 horizons 19.0
step 28219 	 return [0.00851655 0.00844509 0.00634151 0.01879281 0.01246779], ([0.000000e+00 9.313226e-10 4.656613e-10 0.000000e+00 0.000000e+00]) 	 loss 1.590E-04 	 horizons 19.0
step 28409 	 return [0.00851655 0.00844509 0.00634151 0.01879281 0.01246779], ([0.000000e+00 9.313226e-10 4.656613e-10 0.000000e+00 0.000000e+00]) 	 loss 1.515E-04 	 horizons 19.0wandb: WARNING Artifact "run-fxjryzx5-evalfront-V-m2Ug" already exists with the same content. No new version will be created.
wandb: WARNING Artifact "run-fxjryzx5-evalfront-V-m2Ug" already exists with the same content. No new version will be created.
wandb: WARNING Artifact "run-fxjryzx5-evalfront-V-m2Ug" already exists with the same content. No new version will be created.
wandb: WARNING Artifact "run-fxjryzx5-evalfront-V-m2Ug" already exists with the same content. No new version will be created.
wandb: WARNING Artifact "run-fxjryzx5-evalfront-V-m2Ug" already exists with the same content. No new version will be created.
wandb: WARNING Artifact "run-fxjryzx5-evalfront-V-m2Ug" already exists with the same content. No new version will be created.
wandb: WARNING Artifact "run-fxjryzx5-evalfront-V-m2Ug" already exists with the same content. No new version will be created.
wandb: WARNING Artifact "run-fxjryzx5-evalfront-V-m2Ug" already exists with the same content. No new version will be created.
wandb: WARNING Artifact "run-fxjryzx5-evalfront-V-m2Ug" already exists with the same content. No new version will be created.

step 28599 	 return [0.00851655 0.00844509 0.00634151 0.01879281 0.01246779], ([0.000000e+00 9.313226e-10 4.656613e-10 0.000000e+00 0.000000e+00]) 	 loss 1.475E-04 	 horizons 19.0
step 28789 	 return [0.00851655 0.00844509 0.00634151 0.01879281 0.01246779], ([0.000000e+00 9.313226e-10 4.656613e-10 0.000000e+00 0.000000e+00]) 	 loss 1.364E-04 	 horizons 19.0
step 28979 	 return [0.00851655 0.00844509 0.00634151 0.01879281 0.01246779], ([0.000000e+00 9.313226e-10 4.656613e-10 0.000000e+00 0.000000e+00]) 	 loss 1.347E-04 	 horizons 19.0
step 29169 	 return [0.00851655 0.00844509 0.00634151 0.01879281 0.01246779], ([0.000000e+00 9.313226e-10 4.656613e-10 0.000000e+00 0.000000e+00]) 	 loss 1.275E-04 	 horizons 19.0
step 29359 	 return [0.00851655 0.00844509 0.00634151 0.01879281 0.01246779], ([0.000000e+00 9.313226e-10 4.656613e-10 0.000000e+00 0.000000e+00]) 	 loss 1.194E-04 	 horizons 19.0
step 29549 	 return [0.00851655 0.00844509 0.00634151 0.01879281 0.01246779], ([0.000000e+00 9.313226e-10 4.656613e-10 0.000000e+00 0.000000e+00]) 	 loss 1.136E-04 	 horizons 19.0
step 29739 	 return [0.00851655 0.00844509 0.00634151 0.01879281 0.01246779], ([0.000000e+00 9.313226e-10 4.656613e-10 0.000000e+00 0.000000e+00]) 	 loss 1.090E-04 	 horizons 19.0
step 29929 	 return [0.00851655 0.00844509 0.00634151 0.01879281 0.01246779], ([0.000000e+00 9.313226e-10 4.656613e-10 0.000000e+00 0.000000e+00]) 	 loss 1.043E-04 	 horizons 19.0
step 30119 	 return [0.00851655 0.00844509 0.00634151 0.01879281 0.01246779], ([0.000000e+00 9.313226e-10 4.656613e-10 0.000000e+00 0.000000e+00]) 	 loss 1.097E-04 	 horizons 19.0
[1;34mwandb[0m: 
[1;34mwandb[0m: 🚀 View run [33mmotndp_xian-v0__NSW-xian-g5__456__1781842944[0m at: [34mhttps://wandb.ai/johnario-tu-delft/cl_ablation/runs/fxjryzx5[0m
[1;34mwandb[0m: Find logs at: [1;35mwandb/run-20260619_062224-fxjryzx5/logs[0m
