/data/Projects/Assignment for DSAIT/ResearchIDM/mo-transport-network-design/.venv/lib/python3.13/site-packages/pygame/pkgdata.py:25: UserWarning: pkg_resources is deprecated as an API. See https://setuptools.pypa.io/en/latest/pkg_resources.html. The pkg_resources package is slated for removal as early as 2025-11-30. Refrain from using this package or pin to Setuptools<81.
  from pkg_resources import resource_stream, resource_exists
wandb: [wandb.login()] Loaded credentials for https://api.wandb.ai from /home/johnario/.netrc.
wandb: Currently logged in as: johnario (johnario-tu-delft) to https://api.wandb.ai. Use `wandb login --relogin` to force relogin
wandb: Tracking run with wandb version 0.27.2
wandb: Run data is saved locally in /data/Projects/Assignment for DSAIT/ResearchIDM/mo-transport-network-design/wandb/run-20260618_110541-xxyzjvbx
wandb: Run `wandb offline` to turn off syncing.
wandb: Syncing run motndp_xian-v0__PCN-xian-g5__789__1781773540
wandb: ⭐️ View project at https://wandb.ai/johnario-tu-delft/cl_ablation
wandb: 🚀 View run at https://wandb.ai/johnario-tu-delft/cl_ablation/runs/xxyzjvbx
/data/Projects/Assignment for DSAIT/ResearchIDM/mo-transport-network-design/morl-baselines/morl_baselines/multi_policy/pcn/pcn_tndp.py:236: UserWarning: Creating a tensor from a list of numpy.ndarrays is extremely slow. Please consider converting the list to a single numpy.ndarray with numpy.array() before converting to a tensor. (Triggered internally at /pytorch/torch/csrc/utils/tensor_new.cpp:253.)
  th.tensor(obs).to(self.device),
Namespace(env='xian', nr_groups=5, starting_loc_x=9, starting_loc_y=19, nr_stations=20, lr=0.01, batch_size=256, num_er_episodes=100, num_step_episodes=10, num_model_updates=10, num_policies=10, max_buffer_size=200, nr_layers=1, hidden_dim=128, timesteps=30000, no_log=False, seed=789, cd_threshold=0.2, project_name='cl_ablation', experiment_name='PCN-xian-g5', wandb_entity=None)
step 1991 	 return [0.00381268 0.00576597 0.00466292 0.00630255 0.00260445], ([0.00308172 0.00378647 0.00358945 0.00516154 0.00267107]) 	 loss 1.904E+00 	 horizons 19.0
step 2176 	 return [0.00289466 0.00386254 0.0040938  0.0031972  0.00325815], ([0.00160648 0.00244896 0.00354426 0.00330147 0.00343823]) 	 loss 1.487E+00 	 horizons 18.5
step 2349 	 return [0.00226682 0.00114864 0.00080076 0.00136394 0.00105232], ([0.00128906 0.0013923  0.00071102 0.00210554 0.00164692]) 	 loss 1.112E+00 	 horizons 17.3
step 2539 	 return [0.00238718 0.00643305 0.00593296 0.00760607 0.00310328], ([0.00161539 0.00342141 0.00287278 0.00469876 0.00247263]) 	 loss 9.824E-01 	 horizons 19.0
step 2729 	 return [0.0021875  0.00630928 0.00584443 0.00743926 0.00431607], ([0.00284314 0.00236241 0.00195915 0.00417604 0.0021137 ]) 	 loss 9.355E-01 	 horizons 19.0
step 2919 	 return [0.00109384 0.00640652 0.00470607 0.00653539 0.00269679], ([0.00133875 0.00198652 0.00171859 0.00210393 0.00155718]) 	 loss 8.965E-01 	 horizons 19.0
step 3109 	 return [0.00209003 0.00394851 0.00618205 0.00742486 0.00551338], ([0.00160624 0.00182245 0.00218217 0.0022123  0.00263675]) 	 loss 9.033E-01 	 horizons 19.0
step 3299 	 return [0.00266675 0.00607021 0.00574219 0.00604922 0.00441123], ([0.00214532 0.00321919 0.00209851 0.00484971 0.00215506]) 	 loss 8.737E-01 	 horizons 19.0
step 3489 	 return [0.00444502 0.00268145 0.002103   0.00246662 0.00166152], ([0.0021473  0.00131882 0.00253757 0.00532551 0.00352999]) 	 loss 8.538E-01 	 horizons 19.0
step 3674 	 return [0.00487612 0.00318161 0.00161037 0.00099279 0.00057092], ([0.00322936 0.00172056 0.0018214  0.00137176 0.00112631]) 	 loss 8.494E-01 	 horizons 18.5
step 3864 	 return [0.00340257 0.00362013 0.00313161 0.00114749 0.00146442], ([0.00247012 0.00230948 0.00227548 0.00130722 0.00163045]) 	 loss 8.399E-01 	 horizons 19.0
step 4054 	 return [0.00282698 0.00513734 0.00563915 0.00629805 0.00389391], ([0.00307263 0.00256505 0.00161091 0.00391903 0.00250843]) 	 loss 7.900E-01 	 horizons 19.0
step 4244 	 return [0.00261828 0.00457939 0.00659162 0.00643892 0.0039916 ], ([0.00249163 0.00184157 0.00148105 0.00475072 0.00299789]) 	 loss 8.183E-01 	 horizons 19.0
step 4434 	 return [0.00099513 0.00556789 0.00515565 0.00599448 0.00407847], ([0.0014557  0.00278971 0.00155683 0.00351149 0.0012787 ]) 	 loss 7.966E-01 	 horizons 19.0
step 4624 	 return [0.00218489 0.00525017 0.00845252 0.00593237 0.00565118], ([0.0017967  0.0023517  0.00277167 0.00265163 0.00209421]) 	 loss 7.949E-01 	 horizons 19.0
step 4814 	 return [0.00168911 0.00364106 0.0055728  0.00741524 0.0040309 ], ([0.00179509 0.00178689 0.00218847 0.00302369 0.00100852]) 	 loss 7.870E-01 	 horizons 19.0
step 5004 	 return [0.00295924 0.00504391 0.00667738 0.00751133 0.00448919], ([0.00221812 0.00248629 0.00158481 0.00383135 0.00263729]) 	 loss 8.009E-01 	 horizons 19.0
step 5194 	 return [0.00172847 0.00514538 0.00535236 0.0057665  0.00370909], ([0.00243317 0.00275775 0.00122564 0.00399336 0.002397  ]) 	 loss 7.898E-01 	 horizons 19.0
step 5384 	 return [0.00285242 0.00393046 0.0060435  0.00640209 0.00450009], ([0.00272308 0.00172363 0.00188135 0.0029203  0.00203579]) 	 loss 7.628E-01 	 horizons 19.0
step 5574 	 return [0.00244372 0.00789093 0.00523736 0.00716209 0.00464016], ([0.00207759 0.00384234 0.00189503 0.00356621 0.00108267]) 	 loss 7.843E-01 	 horizons 19.0
step 5764 	 return [0.00107348 0.00400453 0.00655952 0.00650604 0.00433204], ([0.00175714 0.00229159 0.00166115 0.0040137  0.0022352 ]) 	 loss 7.373E-01 	 horizons 19.0
step 5954 	 return [0.00370145 0.00748676 0.00536497 0.00813391 0.00514165], ([0.00234758 0.00129997 0.00162519 0.00259765 0.00253491]) 	 loss 7.965E-01 	 horizons 19.0
step 6144 	 return [0.00276875 0.00593643 0.00717671 0.00924579 0.00505621], ([0.00166688 0.0016724  0.00145575 0.00233546 0.00289986]) 	 loss 7.882E-01 	 horizons 19.0
step 6334 	 return [0.00286713 0.00761312 0.00588239 0.00919638 0.00444653], ([0.00260588 0.00280239 0.00237374 0.00384922 0.00249007]) 	 loss 7.738E-01 	 horizons 19.0
step 6524 	 return [0.0032579  0.00694907 0.00841388 0.00902051 0.00641456], ([0.00186371 0.00267538 0.00294737 0.00229314 0.00218386]) 	 loss 7.716E-01 	 horizons 19.0
step 6714 	 return [0.00298598 0.00532134 0.00755117 0.00995028 0.00394024], ([0.00178964 0.00199625 0.00209085 0.00349747 0.00243483]) 	 loss 7.916E-01 	 horizons 19.0
step 6904 	 return [0.00365806 0.00763283 0.00650591 0.0098761  0.00402545], ([0.00143914 0.0023877  0.00250298 0.00217038 0.00251277]) 	 loss 7.699E-01 	 horizons 19.0
step 7094 	 return [0.00346189 0.00665263 0.0054397  0.00637645 0.00382405], ([0.00287904 0.00277211 0.00199404 0.00380968 0.00152583]) 	 loss 7.670E-01 	 horizons 19.0
step 7284 	 return [0.00249878 0.00636053 0.00754254 0.01025645 0.00569863], ([0.00211683 0.00276996 0.00188255 0.00364296 0.00197247]) 	 loss 7.668E-01 	 horizons 19.0
step 7474 	 return [0.00419461 0.00654782 0.00725928 0.00841737 0.00612694], ([0.00251528 0.00353355 0.00237411 0.00337482 0.00365266]) 	 loss 7.448E-01 	 horizons 19.0
step 7664 	 return [0.00263516 0.00803068 0.00754803 0.01219034 0.00514329], ([0.00122179 0.00312148 0.00296787 0.00293329 0.00184881]) 	 loss 7.365E-01 	 horizons 19.0
step 7854 	 return [0.00239847 0.0089282  0.00701557 0.00996995 0.00342389], ([0.00140662 0.00357357 0.00163274 0.0031383  0.00185877]) 	 loss 7.249E-01 	 horizons 19.0
step 8044 	 return [0.00352304 0.00348317 0.00680903 0.00579175 0.00425857], ([0.00190879 0.00141989 0.00193816 0.00334315 0.00217698]) 	 loss 7.451E-01 	 horizons 19.0
step 8234 	 return [0.00431614 0.00432934 0.00697381 0.00559357 0.00411331], ([0.00264941 0.00233232 0.00232803 0.00359021 0.00206587]) 	 loss 7.212E-01 	 horizons 19.0
step 8424 	 return [0.00342132 0.00671775 0.00605888 0.0093833  0.00364576], ([0.00225249 0.00164286 0.00202561 0.00351843 0.00183825]) 	 loss 6.800E-01 	 horizons 19.0
step 8614 	 return [0.00327877 0.00875109 0.00760713 0.01053274 0.00433443], ([0.00138468 0.00329809 0.00187721 0.00328789 0.00265623]) 	 loss 6.801E-01 	 horizons 19.0
step 8804 	 return [0.00292824 0.00804356 0.0066972  0.01102849 0.00527749], ([0.00134412 0.00217018 0.00162775 0.00264078 0.00221643]) 	 loss 6.821E-01 	 horizons 19.0
step 8994 	 return [0.00458811 0.00771005 0.0052627  0.00868644 0.00531189], ([0.00211798 0.00178538 0.00111151 0.00387821 0.00253295]) 	 loss 6.553E-01 	 horizons 19.0
step 9184 	 return [0.0051362  0.00904119 0.00517914 0.00878695 0.00541006], ([0.00229508 0.00154471 0.00207007 0.00331813 0.00157239]) 	 loss 6.217E-01 	 horizons 19.0
step 9374 	 return [0.00198417 0.01052706 0.0075596  0.01134321 0.00460275], ([0.00176405 0.00221314 0.00206514 0.0019311  0.00202156]) 	 loss 6.177E-01 	 horizons 19.0
step 9564 	 return [0.00323317 0.00839639 0.0062832  0.01016422 0.00599224], ([0.00352549 0.00290356 0.00145012 0.00304547 0.00351377]) 	 loss 6.445E-01 	 horizons 19.0
step 9754 	 return [0.00443529 0.00773675 0.00624978 0.01151005 0.00625366], ([0.00234674 0.00341821 0.00228527 0.00239261 0.00238181]) 	 loss 6.197E-01 	 horizons 19.0
step 9944 	 return [0.00553588 0.00454727 0.00628823 0.00718309 0.00456361], ([0.0014002  0.00228654 0.00197823 0.00323387 0.00170571]) 	 loss 6.123E-01 	 horizons 19.0
step 10134 	 return [0.00323786 0.00940954 0.00700664 0.01205092 0.00605825], ([0.00056816 0.00245    0.00175719 0.00159491 0.0032219 ]) 	 loss 5.880E-01 	 horizons 19.0
step 10324 	 return [0.00436137 0.00571509 0.00804384 0.01007247 0.00329023], ([0.001469   0.00314714 0.00121038 0.00275242 0.00249473]) 	 loss 5.902E-01 	 horizons 19.0
step 10514 	 return [0.00515947 0.00685853 0.00450356 0.00906334 0.00541683], ([0.00196331 0.00189631 0.00152866 0.00305692 0.00199984]) 	 loss 5.926E-01 	 horizons 19.0
step 10704 	 return [0.00308701 0.01031266 0.00820829 0.01026317 0.00576529], ([0.00056858 0.00212617 0.00231863 0.00297928 0.00233792]) 	 loss 5.668E-01 	 horizons 19.0
step 10894 	 return [0.00502566 0.00421686 0.00678475 0.01054159 0.00553592], ([0.001385   0.00297545 0.0021712  0.00306443 0.00282981]) 	 loss 5.268E-01 	 horizons 19.0
step 11084 	 return [0.00532777 0.00518509 0.00807342 0.0074438  0.00663982], ([0.00164535 0.00165773 0.00196516 0.00213662 0.00181381]) 	 loss 5.784E-01 	 horizons 19.0
step 11274 	 return [0.0038207  0.00917913 0.00570933 0.00857383 0.00636797], ([0.00153065 0.0014386  0.0014366  0.00338346 0.00195373]) 	 loss 5.407E-01 	 horizons 19.0
step 11464 	 return [0.00457295 0.00530284 0.00768297 0.00804516 0.00595768], ([0.00118317 0.00308726 0.00197377 0.00299975 0.00132631]) 	 loss 4.865E-01 	 horizons 19.0
step 11654 	 return [0.00486387 0.00703475 0.00524887 0.00808854 0.00676529], ([0.00190705 0.00130836 0.00164182 0.00316425 0.00138817]) 	 loss 4.884E-01 	 horizons 19.0
step 11844 	 return [0.0047617  0.00720665 0.00738875 0.00786843 0.00431925], ([0.00155665 0.00259716 0.00209875 0.00299151 0.00317635]) 	 loss 5.067E-01 	 horizons 19.0
step 12034 	 return [0.00329186 0.01147955 0.00898985 0.01119808 0.00426079], ([0.00156856 0.00183103 0.00293003 0.00323838 0.0029653 ]) 	 loss 4.862E-01 	 horizons 19.0
step 12224 	 return [0.00379391 0.00976009 0.00799848 0.011481   0.00401936], ([0.00113363 0.00124633 0.00257578 0.00255772 0.00295193]) 	 loss 4.568E-01 	 horizons 19.0
step 12414 	 return [0.00303886 0.01049646 0.00765333 0.01105444 0.00422742], ([0.0004909  0.00244974 0.00157679 0.00293566 0.00212427]) 	 loss 4.738E-01 	 horizons 19.0
step 12604 	 return [0.00125848 0.00396545 0.00369332 0.00113091 0.00188664], ([0.00194633 0.00055481 0.0024876  0.00119311 0.00124592]) 	 loss 4.451E-01 	 horizons 19.0
step 12794 	 return [0.00648007 0.00702152 0.00501329 0.00653489 0.00641752], ([0.00146293 0.00120193 0.00160219 0.00192748 0.00202504]) 	 loss 4.198E-01 	 horizons 19.0
step 12984 	 return [0.00378222 0.00638641 0.00761093 0.00872649 0.00383979], ([0.00190583 0.00212666 0.00190253 0.00213293 0.00287554]) 	 loss 4.562E-01 	 horizons 19.0
step 13174 	 return [0.00454084 0.00894064 0.0062896  0.01337347 0.00617931], ([0.00146752 0.00228644 0.00206027 0.00453049 0.00362173]) 	 loss 4.681E-01 	 horizons 19.0
step 13364 	 return [0.00448983 0.01033722 0.00607734 0.01374898 0.00722115], ([0.0021188  0.0025852  0.00119514 0.00125137 0.0019649 ]) 	 loss 4.343E-01 	 horizons 19.0
step 13554 	 return [0.00667208 0.00752149 0.00492505 0.00781878 0.00639986], ([0.0014986  0.00118498 0.00166944 0.00344903 0.00170228]) 	 loss 4.254E-01 	 horizons 19.0
step 13744 	 return [0.00701072 0.00737656 0.00404715 0.0054931  0.0081548 ], ([0.00124094 0.00117968 0.0007799  0.00062645 0.00166047]) 	 loss 4.514E-01 	 horizons 19.0
step 13934 	 return [0.00398264 0.00401735 0.00714123 0.00405321 0.00416186], ([0.00273355 0.00186772 0.00350825 0.00217363 0.00238123]) 	 loss 4.153E-01 	 horizons 19.0
step 14124 	 return [0.00474038 0.00356264 0.00322674 0.00184425 0.00177412], ([0.0046806  0.00086553 0.00273199 0.00192693 0.00164065]) 	 loss 3.828E-01 	 horizons 19.0
step 14314 	 return [0.00423115 0.00613386 0.00491284 0.01018105 0.00664666], ([0.00203131 0.00181642 0.00135686 0.00241214 0.00188207]) 	 loss 3.570E-01 	 horizons 19.0
step 14504 	 return [0.00665192 0.00548777 0.00772087 0.00608117 0.00609399], ([0.0013103  0.00242013 0.00227966 0.00102454 0.00155656]) 	 loss 3.729E-01 	 horizons 19.0
step 14694 	 return [0.00347241 0.00988234 0.00788272 0.01074166 0.00355433], ([0.00126591 0.00194508 0.00125374 0.00240831 0.00296985]) 	 loss 3.857E-01 	 horizons 19.0
step 14884 	 return [0.00467185 0.00603615 0.00472613 0.01007087 0.00708533], ([0.00180178 0.00191009 0.00155957 0.00326933 0.00221902]) 	 loss 3.606E-01 	 horizons 19.0
step 15074 	 return [0.00435005 0.00926056 0.00908595 0.01082428 0.00332971], ([0.00117048 0.00202183 0.00165607 0.00229395 0.00273272]) 	 loss 3.462E-01 	 horizons 19.0
step 15264 	 return [0.00333608 0.01064744 0.00979805 0.01184143 0.00543248], ([0.00046567 0.00166247 0.00146576 0.00274881 0.00206984]) 	 loss 3.515E-01 	 horizons 19.0
step 15454 	 return [0.00730133 0.00813943 0.00466002 0.00851656 0.00739692], ([0.00168001 0.00331952 0.00140657 0.00459486 0.00185401]) 	 loss 3.462E-01 	 horizons 19.0
step 15644 	 return [0.00723331 0.00665879 0.00669372 0.01601793 0.00975714], ([0.00201801 0.00206509 0.00129438 0.00225946 0.0024541 ]) 	 loss 3.505E-01 	 horizons 19.0
step 15834 	 return [0.00383142 0.0094528  0.00938377 0.0109617  0.00719618], ([0.00123274 0.00215768 0.00156159 0.00267101 0.00184821]) 	 loss 3.133E-01 	 horizons 19.0
step 16024 	 return [0.00482612 0.00603671 0.0081122  0.00952895 0.00740993], ([0.00217719 0.00293137 0.00202988 0.00299106 0.00233892]) 	 loss 3.549E-01 	 horizons 19.0
step 16214 	 return [0.00720884 0.00733066 0.00432958 0.0050367  0.00590108], ([0.00182306 0.00112572 0.00091926 0.00114972 0.00238316]) 	 loss 3.917E-01 	 horizons 19.0
step 16404 	 return [0.00452482 0.00822249 0.00909735 0.00911646 0.00444434], ([0.00149675 0.00283611 0.00185239 0.00299113 0.00355816]) 	 loss 3.585E-01 	 horizons 19.0
step 16594 	 return [0.00555298 0.00700644 0.00947706 0.00718018 0.00565546], ([0.00131179 0.00196446 0.00117787 0.00199522 0.00111306]) 	 loss 3.621E-01 	 horizons 19.0
step 16784 	 return [0.00648898 0.00738124 0.00690473 0.0114152  0.00900163], ([0.00170501 0.00246582 0.00152183 0.00363855 0.00217388]) 	 loss 3.343E-01 	 horizons 19.0
step 16974 	 return [0.00490334 0.01003673 0.00582585 0.01482606 0.00739408], ([0.00134011 0.00299107 0.00097178 0.00294306 0.00247683]) 	 loss 3.317E-01 	 horizons 19.0
step 17164 	 return [0.0028386  0.00960769 0.01155298 0.00984537 0.00499559], ([0.00045588 0.00168475 0.00175289 0.0023014  0.00240268]) 	 loss 3.410E-01 	 horizons 19.0
step 17354 	 return [0.00294198 0.01038364 0.01162369 0.01161321 0.00403369], ([0.00025302 0.00130917 0.00145261 0.00273254 0.00310609]) 	 loss 3.279E-01 	 horizons 19.0
step 17544 	 return [0.00423153 0.01039861 0.00910981 0.01183732 0.00521339], ([0.00125755 0.00220182 0.00134934 0.00191099 0.00311815]) 	 loss 3.286E-01 	 horizons 19.0
step 17734 	 return [0.00313977 0.01026506 0.01206246 0.011868   0.00533179], ([0.00075115 0.00134248 0.00149192 0.00191154 0.00245096]) 	 loss 3.158E-01 	 horizons 19.0
step 17924 	 return [0.00579401 0.0045515  0.01005439 0.00880234 0.00579426], ([0.00140833 0.00127173 0.00203642 0.00278091 0.0019687 ]) 	 loss 3.055E-01 	 horizons 19.0
step 18114 	 return [0.00474955 0.003529   0.0105667  0.00829407 0.00865286], ([0.0008043  0.00066355 0.00190381 0.00131815 0.00186358]) 	 loss 3.010E-01 	 horizons 19.0
step 18304 	 return [0.00682021 0.00800445 0.00537637 0.00626097 0.00640802], ([0.00112332 0.00116798 0.00163756 0.00099126 0.00164018]) 	 loss 2.974E-01 	 horizons 19.0
step 18494 	 return [0.00562234 0.01019917 0.00658414 0.01560555 0.00757455], ([0.00206669 0.00334012 0.00118598 0.00138384 0.00181094]) 	 loss 2.585E-01 	 horizons 19.0
step 18684 	 return [0.00331909 0.01308229 0.00884695 0.01394456 0.00539968], ([0.00096936 0.00190037 0.00159361 0.00213712 0.00391296]) 	 loss 2.762E-01 	 horizons 19.0
step 18874 	 return [0.00562334 0.0037067  0.01017892 0.00764837 0.00587537], ([0.00146327 0.00209134 0.00182575 0.00192327 0.00237433]) 	 loss 2.601E-01 	 horizons 19.0
step 19064 	 return [0.0054291  0.00598503 0.00914978 0.00975672 0.00528888], ([0.0011984  0.00245303 0.00151133 0.0033389  0.00216894]) 	 loss 2.883E-01 	 horizons 19.0
step 19254 	 return [0.00941264 0.00492533 0.0060294  0.01430101 0.01124377], ([0.00105324 0.00170563 0.00172694 0.00182534 0.00159541]) 	 loss 2.676E-01 	 horizons 19.0
step 19444 	 return [0.00392623 0.01313188 0.00820868 0.01231321 0.00605305], ([0.00118836 0.00149223 0.00165129 0.00205664 0.0012249 ]) 	 loss 2.821E-01 	 horizons 19.0
step 19634 	 return [0.00581284 0.00741261 0.00806355 0.01552989 0.01014218], ([0.00137146 0.00246017 0.00120737 0.00248327 0.0022688 ]) 	 loss 2.890E-01 	 horizons 19.0
step 19824 	 return [0.00487833 0.00398157 0.01043852 0.01093744 0.00575713], ([0.00112015 0.00248026 0.00080245 0.00238644 0.00229205]) 	 loss 2.712E-01 	 horizons 19.0
step 20014 	 return [0.00876501 0.00451138 0.00676033 0.01553677 0.01097991], ([0.0008059  0.00071922 0.00095407 0.00153787 0.00192083]) 	 loss 2.813E-01 	 horizons 19.0
step 20204 	 return [0.00432309 0.00919345 0.01019976 0.01050821 0.00792451], ([0.00099783 0.0024078  0.00187901 0.00141818 0.00094094]) 	 loss 2.596E-01 	 horizons 19.0
step 20394 	 return [0.00846004 0.00479319 0.00702403 0.01549182 0.01152178], ([0.00120282 0.00130271 0.00122028 0.00146845 0.00091591]) 	 loss 2.483E-01 	 horizons 19.0
step 20584 	 return [0.00568546 0.00371042 0.01166171 0.00750136 0.00556248], ([0.00102235 0.00142563 0.00055781 0.00065518 0.0006244 ]) 	 loss 2.244E-01 	 horizons 19.0
step 20774 	 return [0.00441454 0.00471038 0.01108662 0.00889326 0.00518655], ([0.00194796 0.00207028 0.00130366 0.00142    0.00209328]) 	 loss 2.366E-01 	 horizons 19.0
step 20964 	 return [0.00280573 0.01010967 0.01140077 0.01233347 0.00621002], ([0.00035676 0.00177771 0.00081827 0.00169035 0.00156343]) 	 loss 2.172E-01 	 horizons 19.0
step 21154 	 return [0.00316209 0.01219467 0.00782178 0.00872017 0.00770746], ([0.00166215 0.00201099 0.00211766 0.0026876  0.0011641 ]) 	 loss 2.413E-01 	 horizons 19.0
step 21344 	 return [0.00349424 0.01045411 0.01064231 0.0105598  0.00692183], ([0.00099598 0.00155875 0.00105386 0.0017005  0.00221075]) 	 loss 2.298E-01 	 horizons 19.0
step 21534 	 return [0.0064053  0.00884939 0.00575739 0.00795292 0.00698644], ([0.00202938 0.00182139 0.00130508 0.00251094 0.00163673]) 	 loss 2.365E-01 	 horizons 19.0
step 21724 	 return [0.00650902 0.00912391 0.00556088 0.01611655 0.00753769], ([0.00173505 0.00221614 0.00092856 0.00242445 0.00199264]) 	 loss 2.493E-01 	 horizons 19.0
step 21914 	 return [0.00444989 0.01117064 0.00922988 0.0135141  0.0048227 ], ([0.00140484 0.00115573 0.00111856 0.00205174 0.00266812]) 	 loss 2.316E-01 	 horizons 19.0
step 22104 	 return [0.00635482 0.00833465 0.00599752 0.00603659 0.006711  ], ([0.00150225 0.00219212 0.00115472 0.00246454 0.00091377]) 	 loss 2.241E-01 	 horizons 19.0
step 22294 	 return [0.00282458 0.01135028 0.010107   0.01216882 0.00641729], ([0.0010226  0.0022041  0.00120511 0.00211506 0.00197521]) 	 loss 2.460E-01 	 horizons 19.0
step 22484 	 return [0.00608969 0.00876416 0.00716643 0.016423   0.01035905], ([0.00166773 0.00168614 0.00119123 0.00267617 0.00224155]) 	 loss 2.064E-01 	 horizons 19.0
step 22674 	 return [0.00445137 0.00912253 0.00925205 0.01658456 0.00183892], ([0.00083412 0.0020497  0.00136035 0.00242391 0.0019342 ]) 	 loss 2.109E-01 	 horizons 19.0
step 22864 	 return [0.00830384 0.00675572 0.00591819 0.01796653 0.01177432], ([0.00050955 0.00212503 0.0006036  0.00145224 0.00155935]) 	 loss 2.115E-01 	 horizons 19.0
step 23054 	 return [0.00403205 0.00982462 0.01101668 0.01464563 0.00308276], ([0.00114562 0.00153151 0.00123416 0.00192971 0.00256737]) 	 loss 2.298E-01 	 horizons 19.0
step 23244 	 return [0.00506946 0.00418136 0.01058103 0.00779693 0.00706398], ([0.00205524 0.00146596 0.00169355 0.002638   0.00135853]) 	 loss 2.225E-01 	 horizons 19.0
step 23434 	 return [0.00667758 0.0061486  0.01063932 0.008243   0.00638691], ([0.0005821  0.00203464 0.00202185 0.0010379  0.00094804]) 	 loss 2.192E-01 	 horizons 19.0
step 23624 	 return [0.00462595 0.00771425 0.00922606 0.01652845 0.00760969], ([0.00073839 0.00233699 0.00135487 0.00170223 0.0023358 ]) 	 loss 2.117E-01 	 horizons 19.0
step 23814 	 return [0.00372235 0.00897678 0.01129189 0.01381696 0.00338781], ([0.00118529 0.00077342 0.00165145 0.00155207 0.00224678]) 	 loss 2.055E-01 	 horizons 19.0
step 24004 	 return [0.00540763 0.00304705 0.00870375 0.00510606 0.00352862], ([0.00223127 0.00073733 0.00243232 0.00253339 0.00194903]) 	 loss 2.142E-01 	 horizons 19.0
step 24194 	 return [0.00311631 0.0091432  0.01347061 0.01098384 0.00466994], ([0.0007103  0.00154619 0.0012083  0.0012929  0.00175432]) 	 loss 1.970E-01 	 horizons 19.0
step 24384 	 return [0.00448711 0.01010454 0.0088043  0.0151914  0.00666667], ([0.00117637 0.00145643 0.00075322 0.00183918 0.0013481 ]) 	 loss 2.086E-01 	 horizons 19.0
step 24574 	 return [0.00484307 0.00917203 0.00937306 0.01166467 0.00478859], ([0.00145126 0.00174307 0.00165887 0.00192007 0.00262705]) 	 loss 2.007E-01 	 horizons 19.0
step 24764 	 return [0.0082412  0.00760469 0.00614156 0.01855883 0.01238819], ([0.00079306 0.00161372 0.00092983 0.00077845 0.00029875]) 	 loss 2.083E-01 	 horizons 19.0
step 24954 	 return [0.00695028 0.00453484 0.01011469 0.00880564 0.00531231], ([0.00145723 0.00162485 0.00174524 0.00258256 0.00222087]) 	 loss 2.084E-01 	 horizons 19.0
step 25144 	 return [0.00616603 0.00543244 0.0107492  0.00638241 0.00726713], ([0.0009661  0.00141627 0.00095319 0.00127718 0.00135319]) 	 loss 2.113E-01 	 horizons 19.0
step 25334 	 return [0.00352621 0.00976066 0.01124024 0.01138102 0.00545825], ([0.00088346 0.00073208 0.00144701 0.00178835 0.00093514]) 	 loss 2.058E-01 	 horizons 19.0
step 25524 	 return [0.00388374 0.01238112 0.00802203 0.01756832 0.00694314], ([0.00068156 0.00333097 0.00077351 0.00179987 0.00117905]) 	 loss 1.993E-01 	 horizons 19.0
step 25714 	 return [0.00464222 0.00426798 0.01071408 0.0111137  0.00613322], ([0.00130921 0.00037873 0.00116193 0.00133569 0.00126935]) 	 loss 2.095E-01 	 horizons 19.0
step 25904 	 return [0.00501285 0.00568576 0.01094039 0.01106511 0.0045226 ], ([0.00142386 0.00237022 0.00118703 0.00162968 0.00215176]) 	 loss 1.890E-01 	 horizons 19.0
step 26094 	 return [0.00652718 0.00511663 0.010216   0.00673943 0.00709808], ([0.00121628 0.00159153 0.00084524 0.00177252 0.00120659]) 	 loss 1.795E-01 	 horizons 19.0
step 26284 	 return [0.00507979 0.00394344 0.00997655 0.01041569 0.00758549], ([0.001414   0.00131984 0.0017094  0.0014294  0.0018059 ]) 	 loss 1.997E-01 	 horizons 19.0
step 26474 	 return [0.00465703 0.00365375 0.01035481 0.0114307  0.00773404], ([0.00106904 0.00091538 0.00131054 0.00149927 0.00127251]) 	 loss 1.826E-01 	 horizons 19.0
step 26664 	 return [0.00632281 0.0087324  0.00602449 0.01311888 0.00725674], ([0.00160069 0.00124254 0.00071299 0.00186464 0.00135629]) 	 loss 2.011E-01 	 horizons 19.0
step 26854 	 return [0.00665817 0.00974498 0.00651127 0.01686541 0.01196715], ([0.00066694 0.00094939 0.00102585 0.00197223 0.00160298]) 	 loss 2.194E-01 	 horizons 19.0
step 27044 	 return [0.00560402 0.01036433 0.00869072 0.01390263 0.00781388], ([0.00031417 0.00078617 0.00057808 0.00174456 0.00157594]) 	 loss 1.908E-01 	 horizons 19.0
step 27234 	 return [0.00360463 0.00367477 0.00827334 0.0040732  0.00584925], ([0.00299063 0.00190539 0.00323941 0.00227206 0.00251786]) 	 loss 1.846E-01 	 horizons 19.0
step 27424 	 return [0.00638404 0.00591677 0.01096407 0.0084883  0.00623316], ([0.00138125 0.00231641 0.00146364 0.0008502  0.00077662]) 	 loss 1.750E-01 	 horizons 19.0
step 27614 	 return [0.00535387 0.01042905 0.00896409 0.01222024 0.0072954 ], ([0.00091748 0.00105647 0.00031573 0.00077926 0.00051499]) 	 loss 1.669E-01 	 horizons 19.0
step 27804 	 return [0.00517004 0.00364184 0.01078385 0.01136139 0.0075976 ], ([0.00039105 0.00090486 0.00136077 0.0017724  0.00166545]) 	 loss 1.753E-01 	 horizons 19.0
step 27994 	 return [0.00350845 0.01464116 0.00763884 0.01433332 0.00504792], ([0.00062762 0.00111455 0.00141601 0.00198115 0.0011858 ]) 	 loss 1.637E-01 	 horizons 19.0
step 28184 	 return [0.00707166 0.00935319 0.00610479 0.01612576 0.00935015], ([0.0009376  0.00225515 0.00115346 0.00203659 0.0026662 ]) 	 loss 1.902E-01 	 horizons 19.0
step 28374 	 return [0.00418919 0.00826457 0.01181486 0.01170576 0.00376159], ([0.00112674 0.00151156 0.00162024 0.0020653  0.00204135]) 	 loss 1.869E-01 	 horizons 19.0
step 28564 	 return [0.0072378  0.00787973 0.006711   0.01847705 0.01182497], ([0.00125817 0.00188916 0.00095774 0.0007973  0.00102136]) 	 loss 1.753E-01 	 horizons 19.0
step 28754 	 return [0.00421446 0.00978001 0.01096784 0.01382619 0.00133395], ([0.00063626 0.00099769 0.00094087 0.00133394 0.00189896]) 	 loss 1.671E-01 	 horizons 19.0
step 28944 	 return [0.0049134  0.00875855 0.00929579 0.01750654 0.00477632], ([0.00091624 0.00083308 0.00105053 0.00128428 0.00130008]) 	 loss 1.543E-01 	 horizons 19.0
step 29134 	 return [0.00883236 0.0047033  0.00717958 0.01507232 0.01196941], ([0.00102929 0.0018047  0.0010394  0.00104975 0.00034183]) 	 loss 1.704E-01 	 horizons 19.0
step 29324 	 return [0.00411007 0.01445935 0.00721501 0.01896868 0.00650353], ([0.00036274 0.00105085 0.00064877 0.00154172 0.00033041]) 	 loss 1.810E-01 	 horizons 19.0
step 29514 	 return [0.00423712 0.01327966 0.00732303 0.01655224 0.00649436], ([0.00065851 0.00135733 0.00131476 0.00225025 0.00230821]) 	 loss 1.798E-01 	 horizons 19.0
step 29704 	 return [0.00395122 0.01108947 0.00807039 0.00922768 0.00648392], ([0.00155756 0.00138394 0.00113532 0.00220397 0.00149527]) 	 loss 1.586E-01 	 horizons 19.0
step 29894 	 return [0.00645071 0.00387134 0.01025646 0.00989427 0.00514922], ([0.00112114 0.00018754 0.00055466 0.00198008 0.00142587]) 	 loss 1.770E-01 	 horizons 19.0
step 30084 	 return [0.00415446 0.0095636  0.00934752 0.01730889 0.00695422], ([0.00081211 0.0008936  0.00103717 0.00248784 0.00239014]) 	 loss 1.675E-01 	 horizons 19.0
[1;34mwandb[0m: 
[1;34mwandb[0m: 🚀 View run [33mmotndp_xian-v0__PCN-xian-g5__789__1781773540[0m at: [34mhttps://wandb.ai/johnario-tu-delft/cl_ablation/runs/xxyzjvbx[0m
[1;34mwandb[0m: Find logs at: [1;35mwandb/run-20260618_110541-xxyzjvbx/logs[0m
