/data/Projects/Assignment for DSAIT/ResearchIDM/mo-transport-network-design/.venv/lib/python3.13/site-packages/pygame/pkgdata.py:25: UserWarning: pkg_resources is deprecated as an API. See https://setuptools.pypa.io/en/latest/pkg_resources.html. The pkg_resources package is slated for removal as early as 2025-11-30. Refrain from using this package or pin to Setuptools<81.
  from pkg_resources import resource_stream, resource_exists
wandb: [wandb.login()] Loaded credentials for https://api.wandb.ai from /home/johnario/.netrc.
wandb: Currently logged in as: johnario (johnario-tu-delft) to https://api.wandb.ai. Use `wandb login --relogin` to force relogin
wandb: Tracking run with wandb version 0.27.2
wandb: Run data is saved locally in /data/Projects/Assignment for DSAIT/ResearchIDM/mo-transport-network-design/wandb/run-20260618_173214-shyhp8v2
wandb: Run `wandb offline` to turn off syncing.
wandb: Syncing run motndp_xian-v0__PCN-xian-g10__789__1781796732
wandb: ⭐️ View project at https://wandb.ai/johnario-tu-delft/cl_ablation
wandb: 🚀 View run at https://wandb.ai/johnario-tu-delft/cl_ablation/runs/shyhp8v2
/data/Projects/Assignment for DSAIT/ResearchIDM/mo-transport-network-design/morl-baselines/morl_baselines/multi_policy/pcn/pcn_tndp.py:236: UserWarning: Creating a tensor from a list of numpy.ndarrays is extremely slow. Please consider converting the list to a single numpy.ndarray with numpy.array() before converting to a tensor. (Triggered internally at /pytorch/torch/csrc/utils/tensor_new.cpp:253.)
  th.tensor(obs).to(self.device),
Namespace(env='xian', nr_groups=10, starting_loc_x=9, starting_loc_y=19, nr_stations=20, lr=0.01, batch_size=256, num_er_episodes=100, num_step_episodes=10, num_model_updates=10, num_policies=10, max_buffer_size=200, nr_layers=1, hidden_dim=128, timesteps=30000, no_log=False, seed=789, cd_threshold=0.2, project_name='cl_ablation', experiment_name='PCN-xian-g10', wandb_entity=None)
step 1934 	 return [0.00148592 0.00315902 0.00287911 0.00409085 0.00291103 0.00405693
 0.0057164  0.00292305 0.00335746 0.00399463], ([0.00253335 0.00290469 0.00263677 0.00325798 0.00284228 0.00470106
 0.00690175 0.00340913 0.00342499 0.00525121]) 	 loss 1.953E+00 	 horizons 18.1
step 2108 	 return [0.00270109 0.00254682 0.00156399 0.00191363 0.00108672 0.00230803
 0.00319239 0.00157146 0.00155708 0.00200021], ([0.00262317 0.00260485 0.00180355 0.00208925 0.0015797  0.00339541
 0.00541739 0.00314623 0.00215192 0.0033891 ]) 	 loss 1.385E+00 	 horizons 17.4
step 2294 	 return [0.00305038 0.00403708 0.00260048 0.00319306 0.00262954 0.0028676
 0.00258011 0.00080593 0.00105727 0.00196042], ([0.00247903 0.0026771  0.00214888 0.00269223 0.00357834 0.00481303
 0.00419307 0.00183612 0.00113461 0.00302092]) 	 loss 1.064E+00 	 horizons 18.6
step 2477 	 return [0.0014246  0.00232218 0.00169968 0.00037121 0.00205473 0.00112969
 0.00095895 0.00034562 0.00043071 0.00057856], ([0.00207087 0.0020039  0.0020792  0.00051019 0.00239249 0.00183024
 0.00124575 0.00077989 0.00093533 0.00115094]) 	 loss 9.922E-01 	 horizons 18.3
step 2667 	 return [0.         0.00342901 0.00280974 0.0050958  0.00263978 0.00534743
 0.00891437 0.003051   0.00373189 0.00343231], ([0.         0.00306016 0.00392558 0.00258122 0.00302573 0.00246917
 0.00507934 0.00382054 0.00348806 0.00241569]) 	 loss 9.236E-01 	 horizons 19.0
step 2857 	 return [0.00082903 0.00211312 0.00327917 0.00248831 0.00422095 0.00502049
 0.00502074 0.00239343 0.00254817 0.00386506], ([0.00166098 0.00263947 0.00298272 0.00196198 0.00285779 0.00240504
 0.00395702 0.00329637 0.00196436 0.00327092]) 	 loss 9.157E-01 	 horizons 19.0
step 3047 	 return [0.00096151 0.00432335 0.00448087 0.00423675 0.0053206  0.00698414
 0.00460856 0.00369009 0.00147492 0.00504915], ([0.00288453 0.0036365  0.0035357  0.00260311 0.00300977 0.00548926
 0.00571719 0.00280307 0.00237964 0.00527756]) 	 loss 8.648E-01 	 horizons 19.0
step 3237 	 return [0.00326011 0.00592755 0.00353731 0.00227207 0.00330449 0.00173776
 0.00111955 0.00122977 0.00123323 0.00063052], ([0.00268455 0.00365898 0.0026858  0.00101426 0.00190756 0.00345021
 0.00181635 0.00177701 0.00201337 0.00189155]) 	 loss 8.535E-01 	 horizons 19.0
step 3427 	 return [0.0009464  0.0036107  0.00458176 0.00494276 0.0041469  0.00614543
 0.00707633 0.0011931  0.0023438  0.00442417], ([0.00283921 0.00401524 0.00400291 0.00461952 0.00316639 0.00258949
 0.00846923 0.00215843 0.00136198 0.00187373]) 	 loss 8.329E-01 	 horizons 19.0
step 3617 	 return [0.00117562 0.00517913 0.00470629 0.00305177 0.00233727 0.00297582
 0.00272652 0.00229193 0.00164888 0.0014247 ], ([0.00206282 0.00400605 0.00287557 0.00275102 0.00277705 0.00414117
 0.00414409 0.00375912 0.00185046 0.00209248]) 	 loss 8.113E-01 	 horizons 19.0
step 3799 	 return [0.00040084 0.00170002 0.00286221 0.00258569 0.00235644 0.00299538
 0.00424853 0.00209278 0.0020266  0.00062819], ([0.00120253 0.00177789 0.00382097 0.00282505 0.00340481 0.00296399
 0.00337089 0.00336341 0.00196049 0.00125671]) 	 loss 7.865E-01 	 horizons 18.2
step 3989 	 return [0.00237111 0.0031596  0.0037467  0.00167314 0.00193333 0.00186941
 0.00120556 0.00016081 0.000728   0.00095755], ([0.00270423 0.00397248 0.00372505 0.00211855 0.0027918  0.00302752
 0.00169621 0.00048238 0.00119564 0.00199203]) 	 loss 7.720E-01 	 horizons 19.0
step 4179 	 return [0.         0.00168022 0.00517002 0.00400178 0.00583713 0.00713062
 0.00724485 0.00215663 0.00402053 0.00506567], ([0.         0.00251305 0.00393927 0.00489464 0.00312621 0.00296202
 0.00519134 0.00343093 0.00381788 0.00321808]) 	 loss 7.549E-01 	 horizons 19.0
step 4369 	 return [4.8168826e-05 1.4249648e-03 3.7756017e-03 5.3933584e-03 2.6671246e-03
 5.6596622e-03 8.3360802e-03 4.6484433e-03 2.8634171e-03 2.8313654e-03], ([0.00014451 0.00210428 0.0035321  0.00518882 0.00326233 0.00196655
 0.00666525 0.00434584 0.00276536 0.00206037]) 	 loss 7.352E-01 	 horizons 19.0
step 4559 	 return [0.00201353 0.00439225 0.00409837 0.00541565 0.00205342 0.00784657
 0.00937896 0.00671766 0.00306365 0.00655222], ([0.00403652 0.00428523 0.00369484 0.00252283 0.00164314 0.00469867
 0.00708458 0.00388016 0.0018205  0.00566958]) 	 loss 7.338E-01 	 horizons 19.0
step 4749 	 return [0.00310542 0.00417745 0.00343334 0.00427192 0.0035535  0.0064318
 0.00285214 0.00276846 0.00210961 0.00400046], ([0.00325154 0.0035368  0.00330477 0.00278986 0.00256529 0.00574841
 0.00390324 0.00298879 0.00241196 0.0045161 ]) 	 loss 7.546E-01 	 horizons 19.0
step 4939 	 return [0.         0.00071818 0.00834584 0.0040695  0.00777049 0.00639935
 0.00212687 0.00026194 0.00243181 0.00500834], ([0.         0.00143728 0.00291449 0.00332572 0.00216629 0.00151336
 0.00176299 0.00078569 0.00088416 0.00114724]) 	 loss 7.212E-01 	 horizons 19.0
step 5129 	 return [0.         0.00197162 0.003406   0.00468312 0.00554983 0.00972383
 0.00717813 0.00405535 0.00341472 0.00466815], ([0.         0.00323149 0.00313752 0.00373344 0.00413725 0.00454165
 0.00689909 0.00425898 0.00296841 0.00220017]) 	 loss 6.881E-01 	 horizons 19.0
step 5319 	 return [0.00052166 0.00518943 0.00307893 0.00518162 0.00343913 0.01024012
 0.00920249 0.00365671 0.00554313 0.00382151], ([0.00104332 0.00386411 0.00320963 0.00208416 0.00212739 0.00595782
 0.00645911 0.00310441 0.00298369 0.00359674]) 	 loss 6.888E-01 	 horizons 19.0
step 5509 	 return [0.00016503 0.00319796 0.00417229 0.00930026 0.00497883 0.00519878
 0.008101   0.00372118 0.00380525 0.00316179], ([0.0004951  0.00299223 0.00365675 0.00433613 0.00298587 0.00441331
 0.00591132 0.00351756 0.00220923 0.00321909]) 	 loss 6.682E-01 	 horizons 19.0
step 5699 	 return [0.         0.00105848 0.00200324 0.00569146 0.00155143 0.0089401
 0.009811   0.00683075 0.006275   0.00572012], ([0.         0.00212117 0.00203409 0.0022068  0.00152727 0.00430906
 0.00510372 0.00176096 0.00336493 0.0038331 ]) 	 loss 6.479E-01 	 horizons 19.0
step 5856 	 return [0.00241253 0.00045443 0.00103242 0.00010585 0.00084199 0.00015564
 0.00060445 0.0005676  0.00038892 0.00027132], ([0.00086325 0.00081692 0.000821   0.0002509  0.00100862 0.0002022
 0.00098065 0.00087634 0.00089391 0.00080527]) 	 loss 6.586E-01 	 horizons 15.7
step 6046 	 return [0.0032153  0.00850178 0.00587876 0.00259803 0.0041543  0.00331131
 0.00147769 0.0016773  0.00126545 0.00055846], ([0.00336552 0.00297329 0.00188014 0.00164213 0.00209743 0.00589044
 0.00296248 0.00253632 0.00226464 0.0011217 ]) 	 loss 6.274E-01 	 horizons 19.0
step 6236 	 return [0.00251462 0.00888391 0.00456641 0.00271257 0.00410519 0.00350679
 0.000952   0.00188858 0.00202636 0.00200844], ([0.00260324 0.00130404 0.00252688 0.00133832 0.00130559 0.00529819
 0.00192774 0.00237981 0.00266468 0.00376422]) 	 loss 6.248E-01 	 horizons 19.0
step 6426 	 return [0.00016985 0.00174344 0.00226942 0.00572505 0.00409437 0.00608621
 0.00810471 0.00675013 0.00560891 0.00294367], ([0.00050956 0.00304638 0.00202382 0.00243699 0.00190633 0.00398976
 0.00339609 0.00464652 0.00296086 0.0021265 ]) 	 loss 5.940E-01 	 horizons 19.0
step 6616 	 return [0.00058476 0.00185677 0.00317228 0.00707677 0.0012905  0.01006788
 0.00944001 0.00483261 0.0034198  0.00650242], ([0.00175429 0.00281324 0.00407159 0.0030326  0.00152344 0.00458515
 0.00507541 0.00328597 0.00242266 0.0043066 ]) 	 loss 5.722E-01 	 horizons 19.0
step 6806 	 return [0.00307397 0.00761453 0.00302796 0.00300944 0.0035274  0.00259229
 0.00409406 0.00119762 0.00191777 0.0006225 ], ([0.00298773 0.00277309 0.0023482  0.00220964 0.00183913 0.00507884
 0.00555497 0.00203943 0.00300492 0.00129807]) 	 loss 6.060E-01 	 horizons 19.0
step 6996 	 return [0.         0.003169   0.00275803 0.00552241 0.00354109 0.00808027
 0.00915619 0.00542856 0.00433529 0.00749087], ([0.         0.00325309 0.00306865 0.00149486 0.00291633 0.00325685
 0.00496236 0.00259653 0.00237158 0.0055128 ]) 	 loss 6.124E-01 	 horizons 19.0
step 7151 	 return [4.3962230e-03 6.0125522e-04 1.3966018e-03 4.7671729e-05 3.9106319e-04
 3.1196655e-04 0.0000000e+00 3.5058914e-04 8.8649400e-04 1.3990182e-04], ([0.00199816 0.00140892 0.00126249 0.00014302 0.00056124 0.00033287
 0.         0.0007395  0.00082851 0.00038784]) 	 loss 6.151E-01 	 horizons 15.5
step 7341 	 return [0.00359558 0.00751203 0.00561075 0.00208586 0.00361551 0.00280254
 0.00103346 0.00041173 0.001029   0.00082363], ([0.00347291 0.00302958 0.00230319 0.00183277 0.00267147 0.00475297
 0.00227684 0.00041233 0.00179682 0.00166468]) 	 loss 6.119E-01 	 horizons 19.0
step 7531 	 return [0.00018504 0.00494785 0.00332875 0.00627228 0.00391496 0.00847812
 0.01032266 0.00669092 0.00649087 0.00334788], ([0.00055511 0.00286539 0.00374794 0.00315832 0.00329113 0.00366018
 0.00624436 0.00463562 0.00225464 0.00336707]) 	 loss 6.060E-01 	 horizons 19.0
step 7721 	 return [0.         0.0022819  0.00200707 0.0064883  0.0025721  0.00784364
 0.01347641 0.00503234 0.00374957 0.00417883], ([0.         0.00290592 0.0020212  0.00263887 0.00224963 0.0039221
 0.00550965 0.00333531 0.00319246 0.00232865]) 	 loss 5.930E-01 	 horizons 19.0
step 7911 	 return [0.         0.00579491 0.00439473 0.00644777 0.00696715 0.0048144
 0.00751907 0.00150545 0.00335708 0.00511307], ([0.         0.00472565 0.00356875 0.00441907 0.0018596  0.00298052
 0.00410577 0.00193195 0.00235602 0.00210908]) 	 loss 5.915E-01 	 horizons 19.0
step 8101 	 return [0.         0.00063961 0.00104142 0.0045857  0.00057163 0.01007305
 0.0146024  0.00575689 0.00256527 0.0051686 ], ([0.         0.00191882 0.00165741 0.00166509 0.00112914 0.00414493
 0.00391925 0.00295622 0.00272526 0.00396916]) 	 loss 5.787E-01 	 horizons 19.0
step 8291 	 return [0.         0.00351881 0.00416508 0.00570056 0.00652339 0.00914498
 0.0054081  0.00183922 0.00347483 0.00603505], ([0.         0.0040313  0.00320777 0.00230974 0.00305639 0.00465165
 0.00390181 0.00293456 0.00230936 0.00332287]) 	 loss 5.276E-01 	 horizons 19.0
step 8481 	 return [0.         0.004433   0.00152879 0.00804091 0.00272024 0.00816066
 0.01467345 0.00659557 0.00596589 0.00690046], ([0.         0.0029746  0.00329552 0.00373803 0.00380478 0.00442323
 0.00610677 0.00273781 0.00317352 0.00379674]) 	 loss 5.263E-01 	 horizons 19.0
step 8671 	 return [0.0004922  0.00365701 0.00248916 0.00872836 0.00157042 0.00792618
 0.013168   0.00574038 0.00514187 0.0051504 ], ([0.00147659 0.00299065 0.00263324 0.00338994 0.00213078 0.00347955
 0.00612228 0.00420268 0.00364786 0.0040699 ]) 	 loss 5.512E-01 	 horizons 19.0
step 8861 	 return [0.         0.00504692 0.00403182 0.00549611 0.00689775 0.01004538
 0.00834557 0.00308286 0.00408832 0.00347276], ([0.         0.00334969 0.00338111 0.00353265 0.00207256 0.00412461
 0.00361415 0.00328178 0.0035952  0.00189694]) 	 loss 5.083E-01 	 horizons 19.0
step 9051 	 return [0.         0.00117169 0.00282508 0.00493533 0.00354148 0.00750529
 0.00549468 0.00556999 0.00536541 0.00434797], ([0.         0.00231024 0.00301882 0.00106375 0.00121247 0.00411683
 0.00254723 0.00344824 0.00201543 0.00252524]) 	 loss 4.932E-01 	 horizons 19.0
step 9241 	 return [0.         0.00192363 0.00377764 0.00320401 0.00713364 0.00689134
 0.00599112 0.00319008 0.00230763 0.00566876], ([0.         0.00358649 0.00218216 0.00245185 0.00248508 0.00490559
 0.0044666  0.00375984 0.00199243 0.00308298]) 	 loss 5.102E-01 	 horizons 19.0
step 9431 	 return [0.         0.00058522 0.00184283 0.00624245 0.00117834 0.0104824
 0.01011502 0.00598687 0.00414284 0.00741679], ([0.         0.00167026 0.00230931 0.00238826 0.00116998 0.00297983
 0.00398516 0.00291458 0.00219478 0.00248252]) 	 loss 4.698E-01 	 horizons 19.0
step 9621 	 return [0.0000000e+00 9.9432982e-05 9.1743999e-04 7.0183491e-03 3.2984320e-04
 9.5932176e-03 1.4202125e-02 7.5423876e-03 7.5114458e-03 4.1795112e-03], ([0.         0.0002983  0.00183551 0.00213301 0.00065998 0.0025883
 0.00233126 0.00340941 0.00275575 0.00286799]) 	 loss 4.810E-01 	 horizons 19.0
step 9811 	 return [0.         0.00594156 0.         0.00913494 0.00095953 0.01017818
 0.01434955 0.00556012 0.00406349 0.00610468], ([0.         0.00173612 0.         0.00234227 0.00117554 0.00283595
 0.00376045 0.0021037  0.00318838 0.0022243 ]) 	 loss 4.876E-01 	 horizons 19.0
step 10001 	 return [0.         0.00011666 0.00562113 0.00581527 0.00273307 0.00682192
 0.00879798 0.00512552 0.00552295 0.00585587], ([0.         0.000263   0.00135333 0.0009384  0.00163364 0.00222782
 0.003207   0.00213167 0.00162982 0.00239089]) 	 loss 4.962E-01 	 horizons 19.0
step 10191 	 return [0.         0.00618399 0.00230337 0.00805354 0.00551626 0.01144531
 0.00904807 0.00260377 0.00462443 0.0042469 ], ([0.         0.00275135 0.0023378  0.00250065 0.00265769 0.00325246
 0.00484771 0.00311903 0.00227104 0.00289606]) 	 loss 4.740E-01 	 horizons 19.0
step 10381 	 return [0.         0.00045464 0.00630455 0.00728408 0.00222082 0.01051621
 0.01659812 0.00639412 0.0050914  0.00530006], ([0.         0.00111274 0.00204894 0.00226232 0.00222055 0.00360143
 0.00471676 0.00347721 0.00276887 0.00455114]) 	 loss 4.455E-01 	 horizons 19.0
step 10571 	 return [0.00303469 0.00868809 0.00593519 0.00259929 0.0040931  0.00025024
 0.00026263 0.00067159 0.00068147 0.00059521], ([0.00228503 0.00166204 0.00075681 0.00231099 0.00197298 0.00058582
 0.0007879  0.00033579 0.0008192  0.00178564]) 	 loss 4.519E-01 	 horizons 19.0
step 10761 	 return [0.00017745 0.00670767 0.00038365 0.00661432 0.00339166 0.00862919
 0.01005893 0.00488031 0.00631365 0.00554509], ([0.00053235 0.00096385 0.00097251 0.00245653 0.00192835 0.00382167
 0.00394652 0.00370638 0.00236955 0.00334713]) 	 loss 4.197E-01 	 horizons 19.0
step 10951 	 return [0.00016648 0.00276372 0.00541801 0.0058932  0.00441762 0.00742217
 0.00994238 0.00590194 0.00501975 0.00205925], ([0.00049943 0.00216232 0.00166424 0.00215004 0.0023295  0.00431898
 0.00432362 0.00353497 0.00339681 0.0019873 ]) 	 loss 4.181E-01 	 horizons 19.0
step 11141 	 return [0.0040515  0.00683939 0.00308902 0.00387259 0.00426417 0.00034757
 0.00022246 0.00025184 0.00071056 0.        ], ([0.00178252 0.00236789 0.00200669 0.00183949 0.00175034 0.00104271
 0.00033544 0.0003847  0.00168068 0.        ]) 	 loss 4.069E-01 	 horizons 19.0
step 11331 	 return [0.00535497 0.00785547 0.00544925 0.00174045 0.00130668 0.00166956
 0.00079067 0.00040385 0.0006691  0.        ], ([0.00119307 0.00161306 0.00214796 0.00146974 0.00219456 0.00132018
 0.00131538 0.00121155 0.00133743 0.        ]) 	 loss 4.067E-01 	 horizons 19.0
step 11521 	 return [0.         0.00410829 0.         0.00444705 0.00141849 0.00993999
 0.01779906 0.00645162 0.00447014 0.00773667], ([0.         0.00295794 0.         0.00238911 0.00118752 0.003802
 0.0028596  0.00198659 0.00280419 0.00221241]) 	 loss 3.625E-01 	 horizons 19.0
step 11708 	 return [0.00407318 0.00501937 0.00223698 0.00267915 0.00288284 0.00109279
 0.00324237 0.         0.00292919 0.00120073], ([0.00316577 0.00342924 0.00121404 0.00247687 0.00193175 0.00133433
 0.00453127 0.         0.00296371 0.00176068]) 	 loss 3.697E-01 	 horizons 18.7
step 11898 	 return [0.         0.00416229 0.         0.00539456 0.00130617 0.00741799
 0.01634384 0.00881108 0.00477962 0.00481215], ([0.         0.00252791 0.         0.00161266 0.00109482 0.00340808
 0.00197386 0.00228905 0.00297084 0.0017933 ]) 	 loss 3.736E-01 	 horizons 19.0
step 12088 	 return [0.         0.00137162 0.00040485 0.00753707 0.00203276 0.01145613
 0.01574767 0.00619722 0.00266944 0.00604049], ([0.         0.00232697 0.00121454 0.00150222 0.0007727  0.00297336
 0.00319545 0.00298194 0.00252118 0.00198648]) 	 loss 3.504E-01 	 horizons 19.0
step 12278 	 return [0.         0.00756826 0.00098689 0.00710616 0.00552232 0.01216496
 0.00957775 0.00454713 0.00523791 0.00624054], ([0.         0.00114052 0.00150897 0.0012265  0.00204331 0.0016028
 0.00187156 0.00351628 0.00166655 0.00261363]) 	 loss 3.727E-01 	 horizons 19.0
step 12468 	 return [0.         0.0037019  0.00084712 0.00628675 0.00279773 0.01439733
 0.01310214 0.00691248 0.00220161 0.00621204], ([0.         0.00303033 0.00154281 0.00108394 0.00108112 0.00288948
 0.00335671 0.00258477 0.00178973 0.00514637]) 	 loss 3.637E-01 	 horizons 19.0
step 12658 	 return [0.0028186  0.00693983 0.00518961 0.00162541 0.00222417 0.00225355
 0.00347047 0.00040385 0.00241471 0.00078516], ([0.00275264 0.00187531 0.00250863 0.00160883 0.00249219 0.00162986
 0.00458363 0.00121155 0.00308822 0.00157067]) 	 loss 3.588E-01 	 horizons 19.0
step 12848 	 return [0.         0.00660414 0.00108221 0.00650546 0.00313955 0.01104541
 0.02057374 0.00553695 0.00677857 0.00402314], ([0.         0.00063514 0.00171141 0.00137013 0.00200815 0.00215247
 0.00384173 0.00178975 0.00216972 0.0023369 ]) 	 loss 3.427E-01 	 horizons 19.0
step 13038 	 return [0.         0.00021412 0.00241287 0.00475653 0.00147777 0.01098044
 0.00907377 0.00606654 0.00515235 0.00754675], ([0.         0.00043019 0.00207185 0.00133342 0.00141017 0.00288929
 0.00341846 0.00197872 0.00322811 0.00407633]) 	 loss 3.385E-01 	 horizons 19.0
step 13228 	 return [0.         0.00532652 0.00459228 0.00653927 0.00733297 0.00996489
 0.00915782 0.00315792 0.00469095 0.00558464], ([0.         0.00273957 0.00059773 0.00167399 0.00216209 0.0038734
 0.00442043 0.00305564 0.00193695 0.00362166]) 	 loss 3.401E-01 	 horizons 19.0
step 13418 	 return [0.         0.00043169 0.00443868 0.00673417 0.00208361 0.01747885
 0.01354215 0.00542769 0.00123655 0.00146382], ([0.         0.00129508 0.00294656 0.00084765 0.00121904 0.00120353
 0.00296671 0.00282762 0.00151931 0.00299476]) 	 loss 3.427E-01 	 horizons 19.0
step 13608 	 return [0.         0.00549057 0.00026858 0.00333954 0.00134487 0.00964734
 0.01336025 0.00785667 0.00190757 0.00616605], ([0.         0.00064961 0.00080574 0.00179996 0.00073773 0.00187499
 0.00353263 0.00218082 0.00133241 0.00149543]) 	 loss 3.153E-01 	 horizons 19.0
step 13798 	 return [0.         0.00625307 0.         0.00618223 0.00188398 0.01008754
 0.02211363 0.00803321 0.00358661 0.00437505], ([0.         0.00030164 0.         0.00248567 0.00094745 0.00145967
 0.00284931 0.00221861 0.00202618 0.00210201]) 	 loss 3.048E-01 	 horizons 19.0
step 13988 	 return [0.         0.00046583 0.00059938 0.00501288 0.00235371 0.01181589
 0.01451399 0.0075754  0.00557471 0.00346368], ([0.         0.00059216 0.00122187 0.00288849 0.00157224 0.00336549
 0.00363564 0.00267359 0.00236839 0.00240397]) 	 loss 2.820E-01 	 horizons 19.0
step 14178 	 return [0.         0.00789361 0.00057102 0.00586419 0.00543765 0.01281144
 0.01037935 0.00453332 0.0049326  0.00635118], ([0.         0.00115305 0.00101688 0.0012016  0.00202698 0.00285429
 0.00168846 0.00250523 0.00171713 0.00346742]) 	 loss 3.036E-01 	 horizons 19.0
step 14368 	 return [0.         0.00666075 0.         0.00475729 0.00235801 0.01009936
 0.01841869 0.00704453 0.00269471 0.00513103], ([0.         0.00066727 0.         0.00142819 0.00167112 0.00255583
 0.00338807 0.00247666 0.00131268 0.00152721]) 	 loss 3.008E-01 	 horizons 19.0
step 14558 	 return [0.         0.         0.00595082 0.00569677 0.00185989 0.01227822
 0.01937368 0.00635134 0.00285856 0.00515478], ([0.         0.         0.00235946 0.00086692 0.00033619 0.00234354
 0.00285407 0.00309008 0.00144713 0.00385438]) 	 loss 2.801E-01 	 horizons 19.0
step 14748 	 return [0.         0.00707171 0.00063873 0.0078179  0.00664702 0.01487493
 0.00898336 0.00554083 0.00455455 0.005659  ], ([0.         0.00080827 0.00127778 0.00029227 0.00213378 0.00264963
 0.00042039 0.00326147 0.00185751 0.00410138]) 	 loss 2.985E-01 	 horizons 19.0
step 14938 	 return [0.         0.00799503 0.         0.00705112 0.00422911 0.01176228
 0.0102925  0.00412873 0.00499254 0.00460097], ([0.         0.00086091 0.         0.00119587 0.00097453 0.00140255
 0.00144654 0.00261464 0.00070607 0.00271515]) 	 loss 2.967E-01 	 horizons 19.0
step 15128 	 return [0.         0.00144853 0.00130297 0.00539744 0.00318212 0.01040969
 0.01340017 0.00614674 0.00441823 0.00828938], ([0.         0.0017927  0.00185601 0.00117017 0.00219741 0.00246386
 0.00197879 0.00242687 0.00180014 0.00209823]) 	 loss 3.023E-01 	 horizons 19.0
step 15318 	 return [0.00012507 0.00749498 0.00091412 0.00474784 0.00276053 0.01071547
 0.01929722 0.00667029 0.00553516 0.00118319], ([0.00037521 0.00168674 0.00153852 0.0012743  0.00104867 0.00329693
 0.00489494 0.00324948 0.00322695 0.0011436 ]) 	 loss 2.829E-01 	 horizons 19.0
step 15508 	 return [0.         0.0058459  0.         0.0035015  0.00139505 0.00889198
 0.01792818 0.00970618 0.00454019 0.0061709 ], ([0.         0.0003917  0.         0.00089823 0.00190068 0.00145886
 0.00248773 0.00170494 0.00175751 0.00170521]) 	 loss 2.861E-01 	 horizons 19.0
step 15698 	 return [0.00064511 0.0083385  0.00015515 0.00594815 0.00445602 0.0092433
 0.01168882 0.00446353 0.00511608 0.00366109], ([0.00193534 0.00105246 0.00046544 0.0016214  0.00169611 0.00329732
 0.0045328  0.00265639 0.00233507 0.00289528]) 	 loss 2.552E-01 	 horizons 19.0
step 15888 	 return [0.         0.00618679 0.         0.00690018 0.00053573 0.00806709
 0.01467951 0.00852269 0.00363461 0.00579381], ([0.         0.00045223 0.         0.00139026 0.00109105 0.00231819
 0.00234122 0.00219061 0.00206958 0.00188866]) 	 loss 2.891E-01 	 horizons 19.0
step 16078 	 return [0.         0.00549909 0.         0.00122019 0.00365489 0.00861325
 0.01676757 0.00797797 0.00428174 0.0051452 ], ([0.         0.00091628 0.         0.00109306 0.00235249 0.00097767
 0.0040499  0.00298743 0.00159417 0.0021374 ]) 	 loss 2.585E-01 	 horizons 19.0
step 16268 	 return [0.         0.00648293 0.         0.00631134 0.00328034 0.00826722
 0.02031155 0.0073859  0.00423564 0.00394459], ([0.         0.00059421 0.         0.00162212 0.00217759 0.00204754
 0.00278912 0.00183475 0.00143811 0.00225839]) 	 loss 2.743E-01 	 horizons 19.0
step 16458 	 return [0.00359704 0.00369783 0.00646875 0.00263092 0.00373268 0.00384103
 0.00197032 0.00096454 0.00167236 0.00121573], ([0.00274529 0.00340305 0.00286349 0.00232686 0.00236745 0.00411528
 0.00324959 0.00226006 0.00334649 0.00205056]) 	 loss 2.622E-01 	 horizons 19.0
step 16648 	 return [0.         0.00798972 0.00014916 0.00677299 0.00515251 0.01302756
 0.00942545 0.00683852 0.00323971 0.00436571], ([0.         0.00101407 0.00029834 0.00088107 0.0012712  0.00170669
 0.00137802 0.0029168  0.00175111 0.00148245]) 	 loss 2.546E-01 	 horizons 19.0
step 16838 	 return [0.         0.00038158 0.         0.00573788 0.00212673 0.01294432
 0.01392315 0.00730362 0.00649941 0.00251602], ([0.         0.00046958 0.         0.00174764 0.00012494 0.00214227
 0.002777   0.00180309 0.00171177 0.00177034]) 	 loss 2.454E-01 	 horizons 19.0
step 17028 	 return [0.         0.00664297 0.         0.00655021 0.00188914 0.00964289
 0.02495994 0.00708929 0.00285205 0.00387208], ([0.         0.00067579 0.         0.00127856 0.00094677 0.00149391
 0.00128624 0.00240501 0.00052906 0.00275348]) 	 loss 2.446E-01 	 horizons 19.0
step 17218 	 return [0.         0.         0.00085145 0.00390792 0.00141691 0.01154204
 0.01172876 0.0062442  0.00523985 0.00767585], ([0.         0.         0.0013555  0.00120106 0.00030652 0.0019619
 0.00298923 0.0023152  0.00215812 0.00267543]) 	 loss 2.180E-01 	 horizons 19.0
step 17408 	 return [0.         0.00716227 0.         0.00747074 0.00346922 0.01457918
 0.01124201 0.00730767 0.00235138 0.0038516 ], ([0.         0.00051192 0.         0.00069217 0.00128652 0.00153359
 0.00183539 0.00203653 0.00176496 0.00219974]) 	 loss 2.136E-01 	 horizons 19.0
step 17598 	 return [0.         0.00768969 0.         0.00748252 0.00449116 0.010941
 0.00947883 0.00201635 0.00557639 0.00871371], ([0.         0.00083011 0.         0.0011337  0.00138947 0.00122547
 0.00132493 0.00248558 0.00104882 0.0030774 ]) 	 loss 2.241E-01 	 horizons 19.0
step 17788 	 return [0.         0.00804962 0.00040337 0.00700774 0.00584464 0.01304519
 0.01050866 0.00661042 0.00486418 0.00465766], ([0.         0.00100037 0.00098549 0.0007909  0.00137492 0.00269551
 0.00219547 0.00264379 0.00173633 0.00305777]) 	 loss 2.444E-01 	 horizons 19.0
step 17978 	 return [0.         0.00685309 0.         0.0037574  0.00259352 0.01085654
 0.02118641 0.00739371 0.003333   0.00324104], ([0.         0.00123253 0.         0.00158599 0.00134239 0.0013211
 0.00312939 0.00193612 0.00156619 0.00245558]) 	 loss 2.205E-01 	 horizons 19.0
step 18168 	 return [0.         0.00829799 0.         0.00675228 0.00295121 0.00956451
 0.01121411 0.00669767 0.00339365 0.00623662], ([0.         0.00070927 0.         0.00092129 0.00121003 0.00242754
 0.00276064 0.00243818 0.00250659 0.00246022]) 	 loss 2.200E-01 	 horizons 19.0
step 18358 	 return [0.         0.00546563 0.00359465 0.00690344 0.0069326  0.01253593
 0.00708802 0.00656662 0.00486897 0.01044307], ([0.         0.00116295 0.00193441 0.0014246  0.00215393 0.00134041
 0.00196055 0.00257756 0.00177925 0.00435482]) 	 loss 2.050E-01 	 horizons 19.0
step 18548 	 return [0.00012107 0.00179802 0.00054883 0.0084281  0.00352591 0.01055431
 0.01126076 0.006923   0.00638508 0.00502471], ([0.0003632  0.00250803 0.00120549 0.00184779 0.00147074 0.00352579
 0.00200579 0.00318968 0.00223228 0.00278967]) 	 loss 2.227E-01 	 horizons 19.0
step 18738 	 return [0.         0.00563783 0.         0.00760541 0.00048053 0.00747365
 0.01625488 0.00886725 0.00454726 0.00488173], ([0.0000000e+00 6.8218556e-05 0.0000000e+00 7.8055041e-04 1.4415943e-03
 1.2793560e-03 2.4555363e-03 2.1893380e-03 1.6335160e-03 1.7168240e-03]) 	 loss 1.970E-01 	 horizons 19.0
step 18928 	 return [0.00064511 0.00850867 0.00081866 0.00638416 0.00648734 0.00981068
 0.00901761 0.00667931 0.0036611  0.00525776], ([0.00193534 0.00097607 0.00133116 0.00128314 0.00185677 0.00343498
 0.00326046 0.00245804 0.00172351 0.00383941]) 	 loss 2.296E-01 	 horizons 19.0
step 19118 	 return [0.         0.0044888  0.00450894 0.0057371  0.00590608 0.01144094
 0.01306945 0.00516795 0.00502091 0.00440694], ([0.         0.00054552 0.00013112 0.00118327 0.00112799 0.00191674
 0.00410053 0.00283791 0.00147246 0.00289288]) 	 loss 2.067E-01 	 horizons 19.0
step 19308 	 return [0.         0.00759516 0.         0.00392454 0.00228899 0.01281689
 0.02101081 0.00904354 0.006176   0.0007675 ], ([0.0000000e+00 5.7103188e-04 0.0000000e+00 7.9471240e-04 4.0545823e-05
 1.9149182e-03 1.0764322e-03 3.7238470e-04 2.0685997e-03 1.5277856e-03]) 	 loss 1.867E-01 	 horizons 19.0
step 19498 	 return [0.         0.00934335 0.         0.00474219 0.00308465 0.01020919
 0.01427018 0.00428102 0.00810397 0.00311024], ([0.0000000e+00 1.3264362e-05 0.0000000e+00 1.0854732e-04 6.0200214e-06
 2.6501037e-04 1.5336982e-04 8.8384270e-04 1.5073627e-03 7.3999283e-04]) 	 loss 1.815E-01 	 horizons 19.0
step 19688 	 return [0.00000000e+00 8.81687831e-03 6.48788118e-05 4.86582750e-03
 2.71242997e-03 1.13670565e-02 1.94896888e-02 8.59442446e-03
 2.18193466e-03 2.63500866e-03], ([0.         0.0007445  0.00019464 0.00133702 0.00035905 0.00058592
 0.00294939 0.00054386 0.00114464 0.00225147]) 	 loss 1.695E-01 	 horizons 19.0
step 19878 	 return [0.         0.00571872 0.         0.00126366 0.00255683 0.00902962
 0.01541463 0.00716748 0.005979   0.00706975], ([0.         0.00042569 0.         0.00167869 0.00150554 0.00179519
 0.00197082 0.00238553 0.00229049 0.00156071]) 	 loss 1.696E-01 	 horizons 19.0
step 20068 	 return [0.         0.00905525 0.00031421 0.00592657 0.00571305 0.01335729
 0.01086419 0.00784623 0.00333493 0.00392461], ([0.         0.00077078 0.00038499 0.00070027 0.00115115 0.00171862
 0.00056532 0.00172718 0.00146656 0.0014122 ]) 	 loss 1.885E-01 	 horizons 19.0
step 20258 	 return [0.0000000e+00 8.8489261e-03 6.4980282e-05 6.2161046e-03 3.7533839e-03
 9.1841435e-03 1.5350124e-02 7.2126091e-03 4.7634700e-03 5.5964799e-03], ([0.         0.00069662 0.00019494 0.00099094 0.00159071 0.00165709
 0.00232147 0.00217991 0.00219756 0.00252044]) 	 loss 1.941E-01 	 horizons 19.0
step 20448 	 return [0.0000000e+00 7.0265317e-03 7.5127246e-05 7.3895440e-03 5.1864204e-03
 1.4231699e-02 9.4580017e-03 6.0998215e-03 3.5843919e-03 3.3218306e-03], ([0.         0.00045495 0.00022538 0.00060241 0.00061571 0.00140811
 0.000634   0.00273559 0.00131112 0.00092462]) 	 loss 1.839E-01 	 horizons 19.0
step 20638 	 return [0.         0.00906701 0.00015767 0.00629862 0.00575312 0.0112598
 0.00767608 0.00569913 0.00430394 0.00535624], ([0.         0.00041754 0.00031534 0.00079544 0.0014099  0.00304396
 0.00096248 0.00242245 0.00242464 0.00357641]) 	 loss 1.811E-01 	 horizons 19.0
step 20828 	 return [0.         0.00682082 0.         0.00425127 0.00226846 0.01167294
 0.02278085 0.00761018 0.0023243  0.00418499], ([0.0000000e+00 3.5876216e-04 0.0000000e+00 1.2180269e-03 7.8339130e-05
 1.3087807e-03 1.0320443e-03 8.2219148e-04 2.1809866e-04 7.4777874e-04]) 	 loss 1.597E-01 	 horizons 19.0
step 21018 	 return [0.         0.00733362 0.         0.00744818 0.00490706 0.01354149
 0.00819171 0.00814806 0.00260947 0.0039187 ], ([0.         0.00078932 0.         0.00053526 0.00049683 0.0019007
 0.00139323 0.00153503 0.00123615 0.00074628]) 	 loss 1.767E-01 	 horizons 19.0
step 21208 	 return [0.         0.00727655 0.00052803 0.00632075 0.00627482 0.01519695
 0.01024397 0.00479464 0.00489936 0.00362082], ([0.         0.00015397 0.00034568 0.001005   0.00063774 0.0007656
 0.00077637 0.00141537 0.00168005 0.00074193]) 	 loss 1.424E-01 	 horizons 19.0
step 21398 	 return [0.         0.00031749 0.         0.00680448 0.00237285 0.01291255
 0.0119775  0.00857808 0.00427464 0.00324018], ([0.         0.00049035 0.         0.00019458 0.00078296 0.00057979
 0.00094353 0.00163069 0.00199935 0.00155039]) 	 loss 1.412E-01 	 horizons 19.0
step 21588 	 return [0.         0.00054311 0.         0.0045939  0.00242308 0.01226768
 0.01190932 0.00864566 0.00213343 0.00506978], ([0.         0.00066616 0.         0.00083839 0.00089618 0.0013524
 0.00280615 0.00060885 0.00147717 0.00110633]) 	 loss 1.509E-01 	 horizons 19.0
step 21778 	 return [0.         0.0042727  0.00470257 0.0056999  0.00530137 0.01319307
 0.00712687 0.00398545 0.00578193 0.0154984 ], ([0.0000000e+00 3.5843124e-05 3.0861516e-04 9.8320108e-04 4.5169069e-04
 1.0218127e-03 8.7215769e-04 8.9098851e-04 6.9160032e-04 1.4786592e-03]) 	 loss 1.516E-01 	 horizons 19.0
step 21968 	 return [0.         0.00853043 0.         0.00619652 0.00328626 0.0089927
 0.01342058 0.00722768 0.00418476 0.00561944], ([0.         0.00037919 0.         0.00117643 0.00200218 0.00095244
 0.00253583 0.0017529  0.00140244 0.00215354]) 	 loss 1.529E-01 	 horizons 19.0
step 22158 	 return [0.         0.00837157 0.         0.00737795 0.00519806 0.0114864
 0.01014174 0.00381675 0.0052026  0.00838057], ([0.         0.00081173 0.         0.00064121 0.00049573 0.00273574
 0.00124542 0.0029048  0.00128349 0.00340109]) 	 loss 1.498E-01 	 horizons 19.0
step 22348 	 return [0.         0.00939841 0.         0.00580324 0.00520955 0.01097249
 0.0107093  0.00736156 0.00320315 0.00434507], ([0.         0.00029912 0.         0.0010508  0.00101214 0.0008408
 0.00121577 0.00074651 0.00093647 0.00107914]) 	 loss 1.619E-01 	 horizons 19.0
step 22538 	 return [0.         0.00899932 0.         0.00685588 0.00508789 0.010524
 0.009765   0.00781617 0.00353969 0.00459869], ([0.         0.00028069 0.         0.00069973 0.00078534 0.00065313
 0.00155316 0.00066697 0.00131986 0.00060096]) 	 loss 1.712E-01 	 horizons 19.0
step 22728 	 return [0.         0.00845495 0.         0.00656748 0.00467664 0.01181419
 0.01100285 0.00792517 0.00150707 0.00682284], ([0.         0.00088223 0.         0.00049147 0.0007415  0.00176422
 0.00059502 0.00208871 0.00133542 0.00260897]) 	 loss 1.513E-01 	 horizons 19.0
step 22918 	 return [0.         0.00730989 0.00178517 0.0071759  0.00794915 0.01539709
 0.00909614 0.00845306 0.00390922 0.00372542], ([0.         0.0005553  0.00150613 0.00102481 0.00190201 0.00089499
 0.00092391 0.00132664 0.00081412 0.00055095]) 	 loss 1.339E-01 	 horizons 19.0
step 23108 	 return [0.         0.00889484 0.         0.00726237 0.00508641 0.01160682
 0.01140276 0.00888411 0.00283872 0.00415508], ([0.         0.00040991 0.         0.00017801 0.00015116 0.00134034
 0.00100195 0.00091425 0.00186912 0.00161004]) 	 loss 1.512E-01 	 horizons 19.0
step 23298 	 return [0.         0.00710839 0.         0.00783909 0.00493176 0.01466066
 0.00907913 0.00633615 0.00469004 0.00415716], ([0.         0.00027309 0.         0.00052969 0.00010303 0.00117834
 0.00102242 0.00190367 0.00227434 0.00176493]) 	 loss 1.305E-01 	 horizons 19.0
step 23488 	 return [0.         0.00421621 0.0045756  0.00527371 0.00533475 0.01126948
 0.02002596 0.00602871 0.00433889 0.00356587], ([0.0000000e+00 5.2703308e-05 4.1773030e-05 1.1127180e-05 7.2189054e-05
 8.7289774e-04 5.3682568e-04 2.3386965e-03 2.0021026e-03 7.6922035e-04]) 	 loss 1.307E-01 	 horizons 19.0
step 23678 	 return [0.         0.00418702 0.00455767 0.00523259 0.00529619 0.01072527
 0.01980919 0.0051026  0.00518946 0.00373294], ([0.0000000e+00 7.4009702e-05 5.9004571e-05 1.2845582e-04 9.8445955e-05
 2.5894653e-04 3.0842714e-04 2.0181881e-03 1.9398292e-03 7.8532554e-04]) 	 loss 1.338E-01 	 horizons 19.0
step 23868 	 return [0.         0.00595859 0.00255464 0.00862615 0.0087904  0.00679765
 0.00658017 0.00161318 0.00525041 0.00581537], ([0.         0.00097975 0.00208678 0.00173988 0.00043749 0.00261061
 0.00209725 0.00161739 0.00273606 0.00086289]) 	 loss 1.270E-01 	 horizons 19.0
step 24058 	 return [0.         0.00018066 0.00026103 0.00739049 0.00430295 0.01520439
 0.00865467 0.00766589 0.00332918 0.00464892], ([0.         0.00036185 0.00078309 0.00025675 0.00144865 0.00073454
 0.00134703 0.00138882 0.00143269 0.00155594]) 	 loss 1.249E-01 	 horizons 19.0
step 24248 	 return [0.         0.0060238  0.         0.         0.00324847 0.00898821
 0.01653145 0.00479093 0.00726808 0.00593899], ([0.0000000e+00 3.2057200e-05 0.0000000e+00 0.0000000e+00 1.8922389e-03
 1.4004941e-03 1.1280662e-03 1.3450510e-03 1.6086968e-03 1.5212006e-03]) 	 loss 1.270E-01 	 horizons 19.0
step 24438 	 return [0.         0.0060065  0.         0.         0.00267973 0.00823218
 0.01647197 0.0038814  0.00673756 0.00570739], ([0.0000000e+00 1.5329371e-05 0.0000000e+00 0.0000000e+00 1.4280526e-03
 1.3970908e-05 1.2898173e-04 9.7748730e-04 3.5971394e-04 2.7924651e-04]) 	 loss 1.201E-01 	 horizons 19.0
step 24628 	 return [0.         0.00571686 0.         0.00762319 0.00191889 0.00866552
 0.01535708 0.00719653 0.0056786  0.00574367], ([0.0000000e+00 8.1506914e-05 0.0000000e+00 8.9947408e-04 2.3501753e-03
 1.6908220e-03 1.5512171e-03 2.6576929e-03 1.3030997e-03 1.4511730e-03]) 	 loss 1.264E-01 	 horizons 19.0
step 24818 	 return [0.         0.00528736 0.00028648 0.00222676 0.00300273 0.00846937
 0.01421873 0.00473889 0.00608506 0.00556574], ([0.         0.00083567 0.00085943 0.00158784 0.00190313 0.00133473
 0.00223264 0.0016653  0.00084389 0.00225545]) 	 loss 1.239E-01 	 horizons 19.0
step 25008 	 return [0.         0.00900659 0.         0.00730786 0.00434499 0.01214358
 0.01115629 0.00917607 0.00233493 0.00453921], ([0.         0.00034662 0.         0.00020944 0.00117175 0.00071038
 0.00128835 0.00104848 0.00082995 0.00124541]) 	 loss 1.531E-01 	 horizons 19.0
step 25198 	 return [0.         0.00936367 0.00055701 0.00498423 0.00376724 0.0109518
 0.01412659 0.00630126 0.0036446  0.00434948], ([0.         0.00010132 0.00146909 0.00026785 0.00140657 0.00121931
 0.00161681 0.00226406 0.00124543 0.00137267]) 	 loss 1.494E-01 	 horizons 19.0
step 25388 	 return [0.         0.0089584  0.         0.00689587 0.00550222 0.01262223
 0.00921139 0.00534362 0.00406856 0.00295971], ([0.         0.0001202  0.         0.00066792 0.00048504 0.00061132
 0.000548   0.00177774 0.00091923 0.00173813]) 	 loss 1.378E-01 	 horizons 19.0
step 25578 	 return [0.         0.00918818 0.00080247 0.00588099 0.00665816 0.01446723
 0.00777492 0.00839449 0.00280953 0.00319548], ([0.         0.00025219 0.00089927 0.00062938 0.00120319 0.0013767
 0.00104957 0.00213031 0.00095362 0.0007597 ]) 	 loss 1.395E-01 	 horizons 19.0
step 25768 	 return [0.         0.00954261 0.00070854 0.00551934 0.00629554 0.01458866
 0.00673251 0.00651216 0.00246151 0.00317817], ([0.0000000e+00 1.6867211e-04 2.3619221e-04 4.8519101e-05 2.5177444e-04
 5.7787227e-04 6.1787106e-04 1.6665760e-03 1.5397987e-03 5.4545689e-04]) 	 loss 1.485E-01 	 horizons 19.0
step 25958 	 return [0.         0.00934794 0.         0.00492067 0.00305089 0.00902211
 0.01662926 0.00370693 0.00513359 0.00751244], ([0.0000000e+00 1.5304993e-04 0.0000000e+00 4.8085619e-04 1.4774172e-04
 5.4207665e-04 5.0495262e-04 9.2640985e-06 6.4648525e-04 1.3344287e-03]) 	 loss 1.348E-01 	 horizons 19.0
step 26148 	 return [0.         0.00590374 0.         0.00027569 0.00601706 0.01073523
 0.01549717 0.00660079 0.00642263 0.00637857], ([0.         0.00068064 0.         0.00082708 0.0019593  0.00134533
 0.00119546 0.00106428 0.00176173 0.00037787]) 	 loss 1.302E-01 	 horizons 19.0
step 26338 	 return [0.         0.009269   0.         0.00466433 0.00314649 0.01119941
 0.02128601 0.00779183 0.00251163 0.0024762 ], ([0.         0.00024209 0.         0.0004897  0.00034249 0.00044959
 0.0008166  0.00073104 0.00045163 0.00123988]) 	 loss 1.427E-01 	 horizons 19.0
step 26528 	 return [0.         0.0070245  0.         0.00777954 0.00493736 0.01448226
 0.00957413 0.0057551  0.0049889  0.00383248], ([0.         0.00012201 0.         0.0005791  0.00028554 0.00086104
 0.00047805 0.00136376 0.00087607 0.001062  ]) 	 loss 1.296E-01 	 horizons 19.0
step 26718 	 return [0.0000000e+00 8.6843400e-05 5.6633301e-04 5.7965950e-03 5.5194842e-03
 1.5763318e-02 9.7153541e-03 9.5256735e-03 5.7923789e-03 4.2427913e-03], ([0.         0.00026053 0.00028317 0.00079826 0.0004888  0.0007165
 0.00160204 0.00031471 0.00223309 0.00078169]) 	 loss 1.096E-01 	 horizons 19.0
step 26908 	 return [0.         0.00607557 0.         0.00309449 0.00222805 0.01188846
 0.02277975 0.00841855 0.00333122 0.00453905], ([0.         0.00049315 0.         0.00034614 0.00025303 0.00126711
 0.001627   0.00111472 0.00177409 0.00109423]) 	 loss 1.132E-01 	 horizons 19.0
step 27098 	 return [0.         0.00636215 0.         0.00794516 0.00120587 0.01062143
 0.01355104 0.00887911 0.00315897 0.00472117], ([0.         0.00048583 0.         0.00095431 0.00220631 0.00172747
 0.00258084 0.00152859 0.00212695 0.00210115]) 	 loss 1.172E-01 	 horizons 19.0
step 27288 	 return [0.         0.00013483 0.         0.00591681 0.00301132 0.01530673
 0.01031512 0.00909686 0.00191733 0.00527214], ([0.         0.0004045  0.         0.00111808 0.00123434 0.00183929
 0.00179595 0.00073861 0.00176402 0.00212394]) 	 loss 1.197E-01 	 horizons 19.0
step 27478 	 return [0.         0.00699541 0.         0.00793051 0.00520002 0.01425092
 0.00949297 0.0067045  0.00416745 0.00420021], ([0.         0.00023239 0.         0.00016859 0.00032112 0.00045109
 0.00069506 0.00121746 0.00170172 0.00069625]) 	 loss 1.208E-01 	 horizons 19.0
step 27668 	 return [0.         0.00716746 0.         0.0079553  0.00519885 0.01468757
 0.01006037 0.00724538 0.00294373 0.00353344], ([0.         0.00044313 0.         0.00016231 0.00029896 0.00106592
 0.00073505 0.00108337 0.00065477 0.00077617]) 	 loss 1.268E-01 	 horizons 19.0
step 27858 	 return [0.         0.00663747 0.         0.00672542 0.00243746 0.01238148
 0.02408653 0.00775025 0.00227793 0.00224891], ([0.         0.00044438 0.         0.00068375 0.00021269 0.00083691
 0.00126373 0.00123294 0.00093565 0.00176486]) 	 loss 1.137E-01 	 horizons 19.0
step 28048 	 return [0.         0.00662295 0.         0.00719077 0.00260519 0.00839002
 0.01716238 0.00436524 0.00679746 0.00541958], ([0.         0.00041656 0.         0.00079952 0.00189587 0.00126303
 0.00146918 0.00130338 0.00092454 0.00051365]) 	 loss 1.155E-01 	 horizons 19.0
step 28238 	 return [0.         0.00871818 0.         0.00646072 0.00303718 0.00899867
 0.01509307 0.00714332 0.00429418 0.00662614], ([0.         0.00061351 0.         0.00041897 0.00141582 0.00178688
 0.00189715 0.00135729 0.00237379 0.00231705]) 	 loss 1.182E-01 	 horizons 19.0
step 28428 	 return [0.         0.00873519 0.         0.00577888 0.00371717 0.00798905
 0.01613853 0.00805379 0.00419354 0.0045334 ], ([0.         0.00050034 0.         0.00105992 0.00207049 0.00086998
 0.0018937  0.00105941 0.00179999 0.00177953]) 	 loss 1.114E-01 	 horizons 19.0
step 28618 	 return [0.         0.00492283 0.00042461 0.00247733 0.00251522 0.00895292
 0.01319126 0.00529304 0.00684259 0.00415461], ([0.         0.00100894 0.00127382 0.00152744 0.00184409 0.00131565
 0.00281392 0.00141456 0.00285452 0.00150035]) 	 loss 1.152E-01 	 horizons 19.0
step 28808 	 return [0.         0.00925292 0.         0.00726703 0.00534067 0.01181136
 0.01200176 0.00879166 0.00116238 0.00755086], ([0.         0.00046488 0.         0.00047386 0.00018927 0.00118855
 0.00188045 0.0009082  0.00117264 0.00224332]) 	 loss 1.150E-01 	 horizons 19.0
step 28998 	 return [0.         0.00927744 0.         0.00537998 0.00292113 0.01134156
 0.01527582 0.00878282 0.00287077 0.00274656], ([0.         0.00025677 0.         0.0010121  0.00025973 0.00081766
 0.00132771 0.00046387 0.00055431 0.00093889]) 	 loss 1.400E-01 	 horizons 19.0
step 29188 	 return [0.         0.00880724 0.         0.00699653 0.00277553 0.0106238
 0.01166035 0.00886988 0.00164515 0.00544296], ([0.0000000e+00 4.7109454e-05 0.0000000e+00 8.9554960e-05 7.6218083e-04
 6.3263555e-04 1.6238689e-03 1.1749881e-03 1.4420672e-03 1.8574053e-03]) 	 loss 1.134E-01 	 horizons 19.0
step 29378 	 return [0.         0.00757693 0.         0.00798381 0.00508021 0.01424125
 0.01027711 0.00574263 0.00472281 0.00259   ], ([0.0000000e+00 4.0335805e-04 0.0000000e+00 7.6950048e-05 1.7248938e-04
 7.9709914e-04 5.2920403e-04 1.2833043e-03 1.8511561e-03 7.5109850e-04]) 	 loss 1.180E-01 	 horizons 19.0
step 29568 	 return [0.         0.00931569 0.00039653 0.00480239 0.00355703 0.0105381
 0.01300517 0.00395081 0.00502312 0.00412918], ([0.         0.00069396 0.0003269  0.00027007 0.0010681  0.00111963
 0.00132504 0.00076283 0.00089251 0.00082206]) 	 loss 1.191E-01 	 horizons 19.0
step 29758 	 return [0.         0.00705567 0.         0.00687492 0.00420995 0.01411031
 0.01095058 0.00916008 0.0009315  0.00681116], ([0.         0.00058084 0.         0.00101725 0.00153903 0.00165852
 0.00233192 0.00088314 0.00147092 0.00107242]) 	 loss 1.210E-01 	 horizons 19.0
step 29948 	 return [0.         0.00948408 0.0007087  0.00568015 0.00624469 0.01468799
 0.00695312 0.00712581 0.00211963 0.00302815], ([0.         0.00020774 0.00023625 0.00044686 0.0006733  0.00190331
 0.00111252 0.0023976  0.00034361 0.00034504]) 	 loss 1.198E-01 	 horizons 19.0
step 30138 	 return [0.         0.00743748 0.         0.00801769 0.00503243 0.01514836
 0.00918571 0.00644298 0.00381305 0.00252501], ([0.         0.00043306 0.         0.00014331 0.00042436 0.00102832
 0.00168886 0.0009824  0.00121065 0.00015861]) 	 loss 1.250E-01 	 horizons 19.0
[1;34mwandb[0m: 
[1;34mwandb[0m: 🚀 View run [33mmotndp_xian-v0__PCN-xian-g10__789__1781796732[0m at: [34mhttps://wandb.ai/johnario-tu-delft/cl_ablation/runs/shyhp8v2[0m
[1;34mwandb[0m: Find logs at: [1;35mwandb/run-20260618_173214-shyhp8v2/logs[0m
