/data/Projects/Assignment for DSAIT/ResearchIDM/mo-transport-network-design/.venv/lib/python3.13/site-packages/pygame/pkgdata.py:25: UserWarning: pkg_resources is deprecated as an API. See https://setuptools.pypa.io/en/latest/pkg_resources.html. The pkg_resources package is slated for removal as early as 2025-11-30. Refrain from using this package or pin to Setuptools<81.
  from pkg_resources import resource_stream, resource_exists
wandb: [wandb.login()] Loaded credentials for https://api.wandb.ai from /home/johnario/.netrc.
wandb: Currently logged in as: johnario (johnario-tu-delft) to https://api.wandb.ai. Use `wandb login --relogin` to force relogin
wandb: setting up run h6jn9io8
wandb: Tracking run with wandb version 0.27.2
wandb: Run data is saved locally in /data/Projects/Assignment for DSAIT/ResearchIDM/mo-transport-network-design/wandb/run-20260618_172726-h6jn9io8
wandb: Run `wandb offline` to turn off syncing.
wandb: Syncing run motndp_xian-v0__PCN-xian-g10__42__1781796445
wandb: ⭐️ View project at https://wandb.ai/johnario-tu-delft/cl_ablation
wandb: 🚀 View run at https://wandb.ai/johnario-tu-delft/cl_ablation/runs/h6jn9io8
/data/Projects/Assignment for DSAIT/ResearchIDM/mo-transport-network-design/morl-baselines/morl_baselines/multi_policy/pcn/pcn_tndp.py:236: UserWarning: Creating a tensor from a list of numpy.ndarrays is extremely slow. Please consider converting the list to a single numpy.ndarray with numpy.array() before converting to a tensor. (Triggered internally at /pytorch/torch/csrc/utils/tensor_new.cpp:253.)
  th.tensor(obs).to(self.device),
Namespace(env='xian', nr_groups=10, starting_loc_x=9, starting_loc_y=19, nr_stations=20, lr=0.01, batch_size=256, num_er_episodes=100, num_step_episodes=10, num_model_updates=10, num_policies=10, max_buffer_size=200, nr_layers=1, hidden_dim=128, timesteps=30000, no_log=False, seed=42, cd_threshold=0.2, project_name='cl_ablation', experiment_name='PCN-xian-g10', wandb_entity=None)
step 1908 	 return [0.0026653  0.00265778 0.00402824 0.00390814 0.00340169 0.00165757
 0.00327204 0.00338044 0.00300772 0.00016469], ([0.00216728 0.00256748 0.00250231 0.00471467 0.00370114 0.00356079
 0.00321444 0.005302   0.00294749 0.00049406]) 	 loss 1.959E+00 	 horizons 18.5
step 2078 	 return [0.00441657 0.00274343 0.00231986 0.00086825 0.00186041 0.00311532
 0.0005497  0.00083236 0.00193064 0.00167179], ([0.004241   0.0026682  0.00234268 0.00157857 0.00220727 0.00606598
 0.00110441 0.00144586 0.00215216 0.00389469]) 	 loss 1.530E+00 	 horizons 17.0
step 2251 	 return [3.7115472e-03 1.7390348e-03 5.1023351e-04 3.8388505e-04 1.0478981e-03
 7.0676047e-05 2.3993741e-04 4.9430900e-04 5.4150278e-04 5.2940828e-05], ([4.3465812e-03 1.4659263e-03 6.0224609e-04 4.3922340e-04 8.5134094e-04
 2.1202816e-04 7.1739062e-04 8.6591061e-04 9.6866797e-04 8.2300496e-05]) 	 loss 1.119E+00 	 horizons 17.3
step 2441 	 return [0.00140472 0.00494476 0.00499968 0.00716087 0.00455484 0.00334772
 0.00839634 0.00390832 0.00378582 0.00351036], ([0.0024681  0.00315452 0.00275154 0.00528249 0.00405608 0.0037751
 0.00670398 0.00471038 0.0042125  0.00426598]) 	 loss 1.003E+00 	 horizons 19.0
step 2631 	 return [0.00142007 0.0032863  0.00260942 0.00423452 0.00401279 0.00346606
 0.00541564 0.00472248 0.00378897 0.00197726], ([0.00318421 0.00245937 0.00226138 0.00312351 0.00450906 0.00290329
 0.00479105 0.00299576 0.00319534 0.00250019]) 	 loss 9.690E-01 	 horizons 19.0
step 2821 	 return [0.00243452 0.00468791 0.0035693  0.00343858 0.00349768 0.00407449
 0.00534197 0.00315735 0.00300864 0.00315102], ([0.00337189 0.00357249 0.00255186 0.00271541 0.00296746 0.00441248
 0.00461303 0.00382712 0.00264254 0.00440223]) 	 loss 8.924E-01 	 horizons 19.0
step 3011 	 return [0.00193442 0.00411785 0.00261648 0.0046334  0.00236444 0.00305924
 0.00481672 0.0024744  0.00134488 0.0030278 ], ([0.0025853  0.00304256 0.00211552 0.00147967 0.00295885 0.00366677
 0.00551978 0.00286061 0.00232549 0.00400799]) 	 loss 8.806E-01 	 horizons 19.0
step 3197 	 return [0.00109888 0.00423896 0.00069503 0.00412153 0.00194889 0.00133468
 0.00452897 0.00414927 0.00362174 0.00139272], ([0.00167193 0.00234142 0.001715   0.00486655 0.00134546 0.0014134
 0.00364866 0.00380695 0.00300866 0.00172202]) 	 loss 8.681E-01 	 horizons 18.6
step 3383 	 return [0.00470999 0.00451155 0.00219841 0.00084857 0.00059709 0.00071048
 0.00019665 0.00068246 0.         0.        ], ([0.00299789 0.00337294 0.002475   0.00082675 0.00108331 0.00137162
 0.0004539  0.00149471 0.         0.        ]) 	 loss 8.427E-01 	 horizons 18.6
step 3573 	 return [0.00068856 0.00501742 0.00426759 0.00818876 0.00403188 0.00585998
 0.00618498 0.00318971 0.00544685 0.00559277], ([0.00206567 0.00256982 0.00310147 0.00468419 0.00385747 0.00468652
 0.00355461 0.0029592  0.00495063 0.00474001]) 	 loss 8.296E-01 	 horizons 19.0
step 3759 	 return [0.0011144  0.00492366 0.00523905 0.00637745 0.00376523 0.00568282
 0.0046621  0.00449719 0.00338565 0.00164348], ([0.00323144 0.00465475 0.00301875 0.005385   0.0044136  0.00477447
 0.00487855 0.00410028 0.00435534 0.00255125]) 	 loss 8.129E-01 	 horizons 18.6
step 3911 	 return [0.00064567 0.00306292 0.00314199 0.00088158 0.00110372 0.00048312
 0.00124435 0.00140935 0.00175914 0.00042653], ([0.00104909 0.00337025 0.00163639 0.00147762 0.00121538 0.00092742
 0.00344552 0.00347167 0.00162795 0.00122928]) 	 loss 7.894E-01 	 horizons 15.2
step 4097 	 return [0.00239508 0.00430029 0.00177605 0.00254756 0.00250091 0.0028446
 0.00465624 0.00250309 0.00132732 0.00241511], ([0.00302892 0.00263362 0.0015692  0.00324484 0.00205683 0.00482692
 0.00854156 0.00265229 0.00217825 0.00344045]) 	 loss 8.014E-01 	 horizons 18.6
step 4287 	 return [0.00021701 0.00395121 0.002913   0.00553495 0.00195754 0.00465495
 0.0085834  0.00605865 0.00450135 0.00510234], ([0.00065102 0.00280019 0.00254375 0.00334947 0.00173826 0.00231314
 0.00540495 0.0045132  0.0030545  0.00349041]) 	 loss 7.744E-01 	 horizons 19.0
step 4477 	 return [9.1157155e-05 3.7139312e-03 3.3696480e-03 9.6250996e-03 3.7863473e-03
 4.5105130e-03 6.2427958e-03 5.9174346e-03 7.1938969e-03 2.0063675e-03], ([0.00027347 0.00410536 0.00185909 0.00379777 0.00366296 0.0044437
 0.00406418 0.00388167 0.00401277 0.00241381]) 	 loss 7.536E-01 	 horizons 19.0
step 4667 	 return [0.00107913 0.0060214  0.00359659 0.0055245  0.00307524 0.0065903
 0.00549461 0.00475445 0.00465812 0.00380803], ([0.00323739 0.00190133 0.00229637 0.00305545 0.00321892 0.00524035
 0.00579854 0.00258309 0.0044005  0.00432338]) 	 loss 7.570E-01 	 horizons 19.0
step 4857 	 return [0.00297995 0.00502025 0.00331734 0.00122531 0.00066763 0.0004845
 0.00109653 0.00076291 0.00094284 0.00041629], ([0.00268956 0.00274517 0.00168231 0.00081421 0.00115985 0.00123588
 0.00229623 0.00202445 0.00267747 0.00124886]) 	 loss 7.270E-01 	 horizons 19.0
step 5047 	 return [0.         0.00310021 0.00544624 0.01110706 0.00561666 0.00472195
 0.00670182 0.00736122 0.00649829 0.00373603], ([0.         0.00403462 0.00273313 0.0050257  0.00411356 0.00410854
 0.0039347  0.00406325 0.00444778 0.00333336]) 	 loss 7.168E-01 	 horizons 19.0
step 5212 	 return [0.00218004 0.00342283 0.00178906 0.00077145 0.00106896 0.00051966
 0.00162864 0.00159919 0.0014311  0.00061064], ([0.00250217 0.00256454 0.00210733 0.00099114 0.00151254 0.00114429
 0.00275526 0.00281735 0.00193998 0.00119809]) 	 loss 7.263E-01 	 horizons 16.5
step 5402 	 return [0.         0.0029356  0.00560356 0.01031002 0.00489712 0.00668345
 0.01015099 0.00684384 0.00417708 0.00267436], ([0.         0.00293082 0.00299582 0.00384225 0.00354703 0.00423813
 0.0054982  0.00332681 0.00452138 0.00333437]) 	 loss 7.117E-01 	 horizons 19.0
step 5592 	 return [0.00270645 0.00649926 0.00538432 0.00370584 0.0038687  0.00219829
 0.0013209  0.00172025 0.00144572 0.00111676], ([0.00306151 0.00309732 0.00273749 0.00399312 0.00318025 0.00341667
 0.00290958 0.00324098 0.00229441 0.00196195]) 	 loss 6.967E-01 	 horizons 19.0
step 5782 	 return [0.00052166 0.0085718  0.00887183 0.00252301 0.00241525 0.00500557
 0.00162262 0.00049275 0.00053998 0.00164668], ([0.00104332 0.00527577 0.00252272 0.00425262 0.00303596 0.00363458
 0.00324542 0.00097639 0.00094832 0.00261726]) 	 loss 6.550E-01 	 horizons 19.0
step 5972 	 return [0.00290874 0.00821975 0.00532436 0.00231238 0.00285405 0.00053912
 0.00095169 0.00136489 0.00102327 0.00034348], ([0.00283354 0.0015159  0.00180545 0.00175289 0.00101333 0.00123884
 0.00248248 0.00216139 0.00199587 0.00103043]) 	 loss 6.417E-01 	 horizons 19.0
step 6162 	 return [0.00298206 0.00837003 0.00622544 0.00229386 0.00367163 0.00049804
 0.00113116 0.00050369 0.0008238  0.00035071], ([0.00163529 0.00269921 0.00141103 0.00155975 0.0018505  0.00084725
 0.00216159 0.00041126 0.00111757 0.00105212]) 	 loss 6.168E-01 	 horizons 19.0
step 6352 	 return [0.         0.0029911  0.00354332 0.00815529 0.00243613 0.00722552
 0.00885934 0.00916473 0.00605045 0.00400763], ([0.         0.00311181 0.00398766 0.00362297 0.00199961 0.00467311
 0.00359954 0.00293089 0.00456887 0.00401887]) 	 loss 6.182E-01 	 horizons 19.0
step 6542 	 return [0.         0.00605361 0.00139432 0.00463319 0.00587219 0.00737814
 0.00731186 0.00578641 0.00491151 0.00647021], ([0.         0.00051417 0.00200282 0.00417662 0.00341027 0.00441877
 0.00507796 0.00330045 0.00296698 0.00505817]) 	 loss 6.374E-01 	 horizons 19.0
step 6693 	 return [3.3788164e-03 1.9728227e-03 1.8762887e-03 7.7502325e-04 1.0920890e-03
 3.5450910e-04 9.3773974e-04 8.3815437e-05 1.5457532e-03 4.0821033e-04], ([0.00295876 0.00226422 0.00176809 0.00112527 0.00087058 0.00064277
 0.00196461 0.00025145 0.00093107 0.00114761]) 	 loss 6.396E-01 	 horizons 15.1
step 6883 	 return [0.         0.00497984 0.00089931 0.00392763 0.00204527 0.00415413
 0.00725098 0.00470969 0.00427887 0.0046513 ], ([0.         0.00219698 0.0013415  0.00355392 0.00095319 0.00302145
 0.00395896 0.00348249 0.00259286 0.00394331]) 	 loss 6.104E-01 	 horizons 19.0
step 7073 	 return [0.         0.00375098 0.00362996 0.00856545 0.00367979 0.00937273
 0.0116253  0.00761923 0.00133522 0.00578203], ([0.         0.0031468  0.00379832 0.00382355 0.00348496 0.00364392
 0.00318889 0.00338856 0.00210855 0.00243806]) 	 loss 5.986E-01 	 horizons 19.0
step 7245 	 return [0.00331114 0.00273327 0.00199082 0.00073533 0.0012258  0.00026118
 0.00108697 0.00186097 0.00148267 0.00038309], ([0.00319725 0.00247689 0.0014014  0.00077023 0.00119689 0.00040368
 0.0018472  0.00260159 0.00140953 0.00102983]) 	 loss 5.963E-01 	 horizons 17.2
step 7435 	 return [3.6861997e-03 7.2425352e-03 7.1870065e-03 2.1600283e-03 1.6170215e-03
 2.6331320e-03 4.7300487e-05 4.1095252e-04 4.3175090e-04 3.3565779e-04], ([0.0046809  0.00518891 0.00281597 0.0025223  0.00113485 0.0026672
 0.0001419  0.00066049 0.00076006 0.00067141]) 	 loss 5.746E-01 	 horizons 19.0
step 7625 	 return [0.         0.00294247 0.00700737 0.00881679 0.00661741 0.00401408
 0.00541559 0.00693079 0.00756529 0.00311741], ([0.         0.00394323 0.00260674 0.00650507 0.00430353 0.00222357
 0.0055774  0.00424622 0.00501921 0.0022374 ]) 	 loss 5.696E-01 	 horizons 19.0
step 7815 	 return [0.         0.00063117 0.00741443 0.01384839 0.01047815 0.00582133
 0.00932023 0.01133897 0.0067759  0.00213168], ([0.         0.00131192 0.00278413 0.00694576 0.00411501 0.00424282
 0.00458552 0.00420511 0.00422731 0.00227835]) 	 loss 5.498E-01 	 horizons 19.0
step 8005 	 return [0.         0.00452565 0.00062349 0.00460547 0.00215011 0.01235955
 0.01082184 0.00792612 0.00564574 0.00724325], ([0.         0.00289524 0.00134251 0.00170164 0.00154525 0.00475524
 0.00592999 0.00328561 0.00508401 0.00350286]) 	 loss 5.467E-01 	 horizons 19.0
step 8170 	 return [6.7780949e-03 9.5411995e-04 3.3914908e-03 3.4514983e-04 5.9143896e-04
 1.7195402e-04 9.4700488e-05 4.0786853e-04 1.1965182e-03 6.2719591e-05], ([0.00249624 0.0018254  0.00070306 0.00036662 0.00076359 0.00034487
 0.00028045 0.00074382 0.00099294 0.00011362]) 	 loss 5.345E-01 	 horizons 16.5
step 8360 	 return [0.         0.00348756 0.00038298 0.0052539  0.00145277 0.00683203
 0.01194621 0.00689471 0.00556082 0.00521583], ([0.         0.00280501 0.0008     0.00202195 0.00144073 0.00407747
 0.00309664 0.00437696 0.00419809 0.00227172]) 	 loss 5.100E-01 	 horizons 19.0
step 8550 	 return [0.         0.00339546 0.00406357 0.00966619 0.00708155 0.00429875
 0.00427189 0.00382409 0.00468096 0.00295117], ([0.         0.00316136 0.00301851 0.00505    0.00345452 0.00334863
 0.00347795 0.00387999 0.00376823 0.00290617]) 	 loss 5.260E-01 	 horizons 19.0
step 8740 	 return [0.         0.00326811 0.00200564 0.00873787 0.00216873 0.01112048
 0.01239047 0.00730549 0.00292623 0.00577983], ([0.         0.00309927 0.00209828 0.00357411 0.00281615 0.00404583
 0.00451638 0.00460571 0.00319884 0.00243963]) 	 loss 5.189E-01 	 horizons 19.0
step 8930 	 return [0.00040092 0.00311885 0.0021446  0.00612131 0.00148819 0.00463927
 0.01070549 0.0077437  0.00404302 0.00376173], ([0.00120276 0.00233779 0.00233448 0.00219583 0.00204387 0.00355497
 0.00628762 0.00533052 0.00406594 0.00303675]) 	 loss 4.819E-01 	 horizons 19.0
step 9120 	 return [0.         0.00463422 0.00078451 0.00356254 0.00333274 0.00687252
 0.00912098 0.00715465 0.00368086 0.00636642], ([0.         0.00217021 0.00197295 0.00282958 0.00306556 0.00343407
 0.00340091 0.00261746 0.00305738 0.00451397]) 	 loss 4.613E-01 	 horizons 19.0
step 9310 	 return [0.0000000e+00 6.8631030e-05 9.1774482e-03 1.8015197e-02 1.1798494e-02
 5.5654435e-03 7.5600073e-03 1.3682534e-02 8.2008643e-03 1.7240345e-03], ([0.         0.00020589 0.00260678 0.00315804 0.00266833 0.00249183
 0.00377386 0.00305896 0.00358651 0.00248246]) 	 loss 4.692E-01 	 horizons 19.0
step 9500 	 return [0.         0.00574515 0.00058344 0.00376888 0.00264723 0.00834274
 0.01275627 0.00793247 0.00450773 0.00401473], ([0.         0.00236792 0.00138482 0.00326043 0.00091938 0.00505128
 0.00308199 0.00150747 0.00418316 0.00310531]) 	 loss 4.657E-01 	 horizons 19.0
step 9690 	 return [0.00123031 0.00618413 0.00243454 0.0031191  0.004497   0.00424912
 0.00484745 0.0043347  0.00241436 0.00339949], ([0.00216602 0.00248583 0.00272803 0.00189137 0.00279365 0.00314619
 0.00497096 0.00410372 0.00296618 0.00312922]) 	 loss 4.527E-01 	 horizons 19.0
step 9854 	 return [5.7327216e-03 1.0444742e-03 2.6016510e-03 2.4399415e-04 5.7966856e-04
 2.0574515e-04 2.8792763e-04 5.9753429e-04 8.1360678e-04 1.4006442e-05], ([3.2372347e-03 2.0359410e-03 1.3788383e-03 4.1210681e-04 9.5236057e-04
 3.3636729e-04 4.5601840e-04 7.9982751e-04 1.0357831e-03 2.8013295e-05]) 	 loss 4.265E-01 	 horizons 16.4
step 10022 	 return [0.00579739 0.0012751  0.00265104 0.00062541 0.00072312 0.00013784
 0.00010396 0.0004386  0.00126605 0.00023357], ([0.00175669 0.0018695  0.00117853 0.00058118 0.00108921 0.00028028
 0.00030311 0.00064494 0.00083236 0.00043792]) 	 loss 4.794E-01 	 horizons 16.8
step 10202 	 return [0.00529357 0.00287482 0.00343894 0.00060206 0.00081434 0.00015805
 0.00036892 0.00078703 0.0003687  0.        ], ([0.00212179 0.00181605 0.00162608 0.0007034  0.00111681 0.00032129
 0.00058336 0.00098114 0.00078258 0.        ]) 	 loss 4.171E-01 	 horizons 18.0
step 10392 	 return [0.00291913 0.0043092  0.00548488 0.00412729 0.00457866 0.00345347
 0.00128339 0.00120805 0.00197098 0.00250112], ([0.00367146 0.00239103 0.00204528 0.00332155 0.00383173 0.00391991
 0.00162619 0.00247155 0.00237264 0.00382564]) 	 loss 4.057E-01 	 horizons 19.0
step 10582 	 return [0.         0.00570296 0.00093596 0.00247079 0.00216305 0.00589806
 0.01420922 0.00794105 0.00497358 0.00498784], ([0.         0.00081348 0.00187193 0.00337028 0.00032906 0.00425453
 0.00472443 0.00444419 0.00303839 0.00384402]) 	 loss 3.884E-01 	 horizons 19.0
step 10772 	 return [0.         0.00219534 0.00521436 0.01214934 0.00532541 0.00417612
 0.01319765 0.01251147 0.00665168 0.00308381], ([0.         0.00282195 0.00325116 0.00347269 0.00327721 0.00229361
 0.0056667  0.00344196 0.00395647 0.0030732 ]) 	 loss 3.527E-01 	 horizons 19.0
step 10962 	 return [0.0061065  0.00934575 0.00655159 0.00284548 0.00485985 0.00028517
 0.         0.00041974 0.00023193 0.        ], ([0.00349821 0.00015568 0.00060996 0.00104734 0.00153262 0.00028517
 0.         0.00041974 0.00023193 0.        ]) 	 loss 3.783E-01 	 horizons 19.0
step 11152 	 return [0.         0.00257485 0.00388368 0.01152939 0.0029472  0.00292024
 0.00643051 0.0103566  0.01038657 0.00048729], ([0.         0.00250305 0.00229691 0.00292298 0.00335648 0.0014416
 0.00401323 0.0024566  0.00209986 0.00077503]) 	 loss 3.476E-01 	 horizons 19.0
step 11342 	 return [0.00024572 0.00574938 0.00455177 0.00346863 0.00359347 0.00225207
 0.00231146 0.0067628  0.00667018 0.00604584], ([0.00073717 0.0002191  0.00240269 0.00235107 0.0020675  0.00216839
 0.00199545 0.00426443 0.00230688 0.00400992]) 	 loss 3.554E-01 	 horizons 19.0
step 11532 	 return [0.00024745 0.0001184  0.00802689 0.01843948 0.01249251 0.00507187
 0.00665834 0.00902799 0.01157834 0.00144128], ([0.00040736 0.00023915 0.00137229 0.00207397 0.00157645 0.00133141
 0.00329906 0.00348246 0.00258609 0.00181293]) 	 loss 3.557E-01 	 horizons 19.0
step 11722 	 return [0.         0.00623545 0.00082056 0.01059612 0.00740208 0.01092656
 0.01024448 0.0089032  0.0062724  0.00488005], ([0.         0.00020358 0.00188055 0.00319935 0.00282353 0.00214697
 0.00315704 0.00180387 0.00248842 0.00244813]) 	 loss 3.539E-01 	 horizons 19.0
step 11912 	 return [0.         0.00488032 0.00219262 0.0112134  0.00903208 0.00838977
 0.01091134 0.0081383  0.00477167 0.00261811], ([0.         0.00330249 0.00200905 0.00393718 0.00269825 0.00442129
 0.00515576 0.00452957 0.00373768 0.00270347]) 	 loss 3.449E-01 	 horizons 19.0
step 12102 	 return [0.         0.00124541 0.00239458 0.00482322 0.00075911 0.01083508
 0.01479607 0.00697205 0.00124302 0.00294038], ([0.         0.0017897  0.00178789 0.00129406 0.00081983 0.00283487
 0.0039898  0.00421614 0.00372907 0.00366051]) 	 loss 3.465E-01 	 horizons 19.0
step 12292 	 return [0.         0.00286764 0.00360057 0.01329013 0.00944734 0.00629951
 0.01598487 0.01114093 0.00476632 0.00189518], ([0.         0.00295043 0.00230509 0.00431044 0.00332487 0.00406374
 0.00744975 0.00318686 0.0031943  0.0015629 ]) 	 loss 3.429E-01 	 horizons 19.0
step 12482 	 return [0.         0.00646782 0.0005046  0.00466518 0.00446026 0.01051217
 0.0106915  0.00660932 0.00863698 0.01053927], ([0.         0.00053085 0.0015138  0.00259534 0.00279661 0.0036695
 0.00399064 0.00426515 0.00298395 0.0042374 ]) 	 loss 3.140E-01 	 horizons 19.0
step 12672 	 return [0.         0.0009973  0.00853879 0.01759284 0.01101689 0.0053492
 0.00846528 0.01081404 0.00752802 0.00230132], ([0.         0.0016924  0.00334861 0.00262068 0.00269855 0.00191773
 0.00546146 0.00336051 0.00371022 0.00160393]) 	 loss 3.010E-01 	 horizons 19.0
step 12862 	 return [0.         0.00020754 0.00797739 0.01890758 0.01049413 0.0045138
 0.00608496 0.01119039 0.00973245 0.00167149], ([0.         0.00041941 0.0027515  0.00233848 0.00287286 0.00192842
 0.00288481 0.00264354 0.00137044 0.00262577]) 	 loss 2.856E-01 	 horizons 19.0
step 13052 	 return [0.         0.00567904 0.         0.00288216 0.00205414 0.01008234
 0.01167196 0.00725897 0.00449588 0.00689857], ([0.         0.00095676 0.         0.00184574 0.00150224 0.00251843
 0.00271611 0.00370058 0.00310325 0.00219023]) 	 loss 3.079E-01 	 horizons 19.0
step 13242 	 return [0.         0.00506521 0.00274795 0.00997087 0.00295542 0.00314799
 0.00900268 0.00618586 0.01017132 0.0023746 ], ([0.         0.0052099  0.00185132 0.00214772 0.00196453 0.00109228
 0.00202912 0.00372861 0.00490127 0.00252442]) 	 loss 2.846E-01 	 horizons 19.0
step 13432 	 return [0.         0.00095416 0.00234794 0.00631846 0.0012152  0.01498001
 0.01393422 0.00875489 0.00119877 0.00493805], ([0.         0.00174657 0.0007973  0.00046093 0.00100865 0.00364586
 0.00177652 0.00244221 0.0022011  0.00348144]) 	 loss 3.164E-01 	 horizons 19.0
step 13622 	 return [0.00128299 0.0077086  0.00370468 0.00322892 0.00464438 0.00197576
 0.00224562 0.00324633 0.00397786 0.00375665], ([0.00170291 0.00161894 0.00243223 0.00218022 0.00195305 0.00311385
 0.00319335 0.00304171 0.00325388 0.00463095]) 	 loss 2.723E-01 	 horizons 19.0
step 13812 	 return [0.         0.00470084 0.00158738 0.0056926  0.00097881 0.01026671
 0.01757421 0.00547699 0.00207835 0.00420885], ([0.         0.00285765 0.00218311 0.00131313 0.00110721 0.0021298
 0.00246626 0.00384525 0.00405607 0.00358608]) 	 loss 2.842E-01 	 horizons 19.0
step 14002 	 return [0.         0.         0.00867748 0.01507077 0.01095667 0.00504544
 0.00608219 0.01043618 0.01162858 0.0021427 ], ([0.         0.         0.00203699 0.00283089 0.00162999 0.00149305
 0.00312981 0.00263614 0.00185091 0.00241909]) 	 loss 2.715E-01 	 horizons 19.0
step 14192 	 return [0.         0.00651343 0.00060891 0.00252001 0.00314558 0.00527219
 0.00616785 0.00590354 0.00520172 0.00825937], ([0.         0.00122459 0.00106631 0.0012798  0.00101395 0.00266894
 0.00442662 0.00367491 0.00295501 0.00280979]) 	 loss 2.631E-01 	 horizons 19.0
step 14382 	 return [0.00026501 0.00146429 0.00422624 0.0114871  0.00307977 0.00268141
 0.00615963 0.00856505 0.01136919 0.00152606], ([0.00079504 0.0018755  0.0011185  0.00288329 0.00157576 0.0012231
 0.00178178 0.00264093 0.00164919 0.00184315]) 	 loss 2.725E-01 	 horizons 19.0
step 14572 	 return [0.         0.00321782 0.00234182 0.00231853 0.00627304 0.00877743
 0.00581373 0.00378012 0.00509988 0.0067896 ], ([0.         0.00270521 0.00288999 0.00211647 0.00482506 0.00236578
 0.00268241 0.00333018 0.00260186 0.0035795 ]) 	 loss 2.833E-01 	 horizons 19.0
step 14762 	 return [0.00048742 0.00447769 0.00319455 0.00552275 0.00163715 0.00275237
 0.01196246 0.00994257 0.00742838 0.00392382], ([0.00146225 0.00194498 0.00210177 0.00210056 0.00232292 0.00223431
 0.00343069 0.00485289 0.00348186 0.0025046 ]) 	 loss 2.415E-01 	 horizons 19.0
step 14952 	 return [0.         0.00648549 0.00146243 0.01082765 0.01064871 0.00958898
 0.00746598 0.00928266 0.00486497 0.0020849 ], ([0.         0.00078133 0.00121378 0.00256147 0.00195574 0.00133424
 0.00147444 0.00166682 0.0020261  0.00212273]) 	 loss 2.642E-01 	 horizons 19.0
step 15142 	 return [0.00029497 0.00063686 0.00909378 0.01670717 0.01149091 0.00598165
 0.00479754 0.01027305 0.01106921 0.00208663], ([0.00048545 0.00128405 0.00159672 0.00232638 0.00272561 0.00096492
 0.00303212 0.00345343 0.0028871  0.0017766 ]) 	 loss 2.457E-01 	 horizons 19.0
step 15332 	 return [0.         0.00028858 0.00833858 0.01683987 0.01123158 0.0071542
 0.00935987 0.01067855 0.00875387 0.00144052], ([0.         0.00044316 0.00193406 0.00246266 0.0023269  0.00347159
 0.00372907 0.00252708 0.00343414 0.00158083]) 	 loss 2.346E-01 	 horizons 19.0
step 15522 	 return [0.         0.00659552 0.00121315 0.00220652 0.0060127  0.0056964
 0.00339838 0.00513784 0.00499574 0.00771161], ([0.         0.00154678 0.00164927 0.00102934 0.00231072 0.00117283
 0.00441954 0.0034767  0.00184335 0.00342968]) 	 loss 2.623E-01 	 horizons 19.0
step 15712 	 return [0.         0.00583721 0.00096664 0.00216313 0.00121628 0.00917768
 0.01330769 0.00803958 0.00566384 0.00780844], ([0.         0.00092113 0.00193358 0.0018305  0.00123257 0.00177793
 0.00247742 0.00286933 0.00402379 0.00255208]) 	 loss 2.373E-01 	 horizons 19.0
step 15902 	 return [0.00192094 0.00725226 0.00245316 0.00845561 0.00969606 0.00926867
 0.00550223 0.00575342 0.00512893 0.00344962], ([0.00384188 0.00118224 0.00256578 0.00327742 0.00209518 0.00475183
 0.0033538  0.00370526 0.00302432 0.00416976]) 	 loss 2.304E-01 	 horizons 19.0
step 16092 	 return [3.8271122e-05 6.2967315e-03 1.5012480e-03 1.8075457e-03 5.3970600e-03
 2.2046820e-03 3.6040607e-03 4.0888991e-03 6.9682300e-03 6.3149584e-03], ([0.00011481 0.00224586 0.00153856 0.00084942 0.0014192  0.00306872
 0.00401201 0.00231783 0.00197941 0.00414232]) 	 loss 2.028E-01 	 horizons 19.0
step 16282 	 return [0.         0.00704201 0.         0.00341078 0.00287479 0.00836503
 0.01148908 0.00723164 0.0038374  0.00557106], ([0.         0.0015207  0.         0.00127717 0.00097779 0.00111631
 0.00382688 0.00317883 0.00182733 0.00278209]) 	 loss 1.957E-01 	 horizons 19.0
step 16472 	 return [0.         0.0057434  0.00060792 0.00449524 0.00084741 0.01351688
 0.01122071 0.00602367 0.01042561 0.01496853], ([0.         0.00066054 0.00121584 0.00148098 0.00132322 0.00154662
 0.00113011 0.0022546  0.00184913 0.00300443]) 	 loss 1.966E-01 	 horizons 19.0
step 16662 	 return [0.         0.00033238 0.00777863 0.01616129 0.00977057 0.01202202
 0.01061495 0.01007744 0.00266691 0.00074972], ([0.         0.00041148 0.00234659 0.00198947 0.00279834 0.0042145
 0.00316479 0.00166732 0.00448263 0.00114522]) 	 loss 1.939E-01 	 horizons 19.0
step 16852 	 return [5.0267699e-05 1.4362541e-04 8.7906290e-03 1.7514231e-02 1.3115463e-02
 5.8090808e-03 6.9357529e-03 1.1500494e-02 1.2721060e-02 9.6260069e-04], ([0.0001508  0.00030133 0.00136898 0.00159424 0.00048527 0.00084553
 0.00207213 0.00158337 0.00198748 0.00147071]) 	 loss 1.949E-01 	 horizons 19.0
step 17042 	 return [0.         0.00152164 0.00236656 0.00792016 0.00224081 0.01690187
 0.01593308 0.00663755 0.         0.00483365], ([0.         0.00222521 0.00251834 0.00208368 0.00146937 0.00297663
 0.00309912 0.0037245  0.         0.00384483]) 	 loss 2.077E-01 	 horizons 19.0
step 17232 	 return [0.00074358 0.00143842 0.0008521  0.00739079 0.00411596 0.0056796
 0.00797967 0.00653136 0.00963185 0.00207732], ([0.0015745  0.00162502 0.00142316 0.00252758 0.00121418 0.00359088
 0.00256993 0.00362607 0.00335079 0.0026366 ]) 	 loss 2.253E-01 	 horizons 19.0
step 17422 	 return [5.3251053e-05 1.7619375e-04 1.0424201e-02 1.4481438e-02 9.3796002e-03
 6.5737413e-03 4.5119775e-03 1.1077206e-02 9.7846333e-03 3.0680068e-03], ([0.00015975 0.00036477 0.00195491 0.00214727 0.00206595 0.00210608
 0.00179904 0.00201972 0.00251128 0.00234765]) 	 loss 2.114E-01 	 horizons 19.0
step 17612 	 return [0.         0.00635603 0.00050715 0.00612781 0.00209246 0.0128114
 0.01324117 0.00729122 0.00691109 0.00851239], ([0.         0.00041979 0.00152145 0.00133054 0.00114351 0.00183652
 0.00349492 0.00365384 0.00350861 0.00330463]) 	 loss 1.908E-01 	 horizons 19.0
step 17802 	 return [0.00052295 0.00433614 0.00732187 0.01181827 0.01019453 0.00500656
 0.00441676 0.00731744 0.00457281 0.00071864], ([0.00104727 0.00257398 0.00374339 0.00540038 0.00440498 0.00289111
 0.00178553 0.0049553  0.00404148 0.00147677]) 	 loss 2.025E-01 	 horizons 19.0
step 17992 	 return [0.         0.00684992 0.0004206  0.00916208 0.00987999 0.01067906
 0.00842319 0.00893709 0.00673849 0.00439961], ([0.         0.00038745 0.00034403 0.00186356 0.00070147 0.00144022
 0.00088149 0.00103918 0.00083899 0.00085315]) 	 loss 1.920E-01 	 horizons 19.0
step 18182 	 return [0.         0.00693439 0.00097699 0.00587448 0.00486867 0.0104236
 0.01170918 0.0062796  0.00423338 0.00642604], ([0.         0.00079059 0.00195399 0.00107612 0.00198175 0.00339599
 0.00429944 0.00378596 0.00396651 0.00454803]) 	 loss 1.871E-01 	 horizons 19.0
step 18372 	 return [0.         0.00794543 0.00025333 0.00343597 0.00317253 0.00614772
 0.00591545 0.00700742 0.00469755 0.00642856], ([0.         0.00171158 0.00038766 0.00096082 0.00093846 0.00293445
 0.00326554 0.0013666  0.00211418 0.00272434]) 	 loss 2.180E-01 	 horizons 19.0
step 18562 	 return [0.00011655 0.00032232 0.00820418 0.0152955  0.00894992 0.00576034
 0.00618859 0.0107812  0.0109961  0.00199978], ([0.00023419 0.00040883 0.00125658 0.00222375 0.00216243 0.00136696
 0.00201617 0.0021083  0.00122353 0.00253272]) 	 loss 2.013E-01 	 horizons 19.0
step 18752 	 return [0.         0.         0.00823844 0.0173415  0.01179993 0.00505944
 0.00591107 0.01029589 0.0123057  0.00194364], ([0.         0.         0.00086975 0.00201464 0.00103121 0.00130068
 0.00181672 0.00232899 0.00200923 0.00174881]) 	 loss 2.068E-01 	 horizons 19.0
step 18942 	 return [0.         0.00727887 0.         0.00383468 0.00136454 0.00827257
 0.01331489 0.00799869 0.00294153 0.00711552], ([0.         0.00106953 0.         0.00098443 0.0014029  0.00085554
 0.00220527 0.00177614 0.00185324 0.00306148]) 	 loss 1.882E-01 	 horizons 19.0
step 19132 	 return [0.0002495  0.00149864 0.01028807 0.01722461 0.01156952 0.00379901
 0.00499384 0.01257487 0.00919458 0.00048688], ([0.0007485  0.00220987 0.0023401  0.00285083 0.00281579 0.00159536
 0.00282945 0.00506129 0.00226038 0.00146065]) 	 loss 1.787E-01 	 horizons 19.0
step 19322 	 return [0.00012362 0.00013474 0.01024085 0.01749525 0.01101804 0.00597108
 0.00447325 0.01209758 0.01009477 0.00229323], ([0.00037085 0.0002695  0.00226855 0.00245793 0.00277357 0.00093583
 0.00283507 0.00298507 0.00276663 0.00181803]) 	 loss 1.864E-01 	 horizons 19.0
step 19512 	 return [0.         0.00685454 0.00226724 0.00255507 0.00616805 0.00689231
 0.00030267 0.00524948 0.00590531 0.00611397], ([0.         0.00144407 0.00187087 0.00082104 0.00182957 0.0016823
 0.00090802 0.00192449 0.00060365 0.00341896]) 	 loss 1.856E-01 	 horizons 19.0
step 19702 	 return [0.001001   0.00703859 0.00111261 0.00339421 0.00411269 0.00516152
 0.00556252 0.00407127 0.00434014 0.00676052], ([0.002002   0.00135942 0.00161423 0.0010296  0.0018685  0.00327892
 0.00246855 0.00287861 0.00235535 0.0042474 ]) 	 loss 1.630E-01 	 horizons 19.0
step 19892 	 return [0.         0.00206672 0.         0.00700167 0.00661101 0.01022617
 0.00621611 0.00333442 0.00748051 0.00788259], ([0.         0.00315755 0.         0.00017142 0.00248056 0.00110627
 0.00357963 0.0034621  0.00201667 0.00213581]) 	 loss 1.725E-01 	 horizons 19.0
step 20082 	 return [0.         0.00697577 0.         0.00588491 0.00212201 0.01011564
 0.01294629 0.01021573 0.00724167 0.00778889], ([0.         0.00108066 0.         0.00143575 0.00111088 0.00232291
 0.00311045 0.00081758 0.00267257 0.00303163]) 	 loss 1.892E-01 	 horizons 19.0
step 20272 	 return [0.00150025 0.00462091 0.00245197 0.00706306 0.00470247 0.00213651
 0.00808239 0.00722567 0.00898146 0.00101208], ([0.00198556 0.00282626 0.00177062 0.0025493  0.00171538 0.00273368
 0.00289741 0.00437093 0.00422179 0.0016066 ]) 	 loss 1.853E-01 	 horizons 19.0
step 20462 	 return [0.         0.00565561 0.         0.00490558 0.00022689 0.01252679
 0.01186995 0.00675642 0.01063325 0.01470337], ([0.         0.00014343 0.         0.00143434 0.00068066 0.00050189
 0.00172844 0.00212652 0.00146111 0.00125064]) 	 loss 1.916E-01 	 horizons 19.0
step 20652 	 return [0.         0.00682984 0.00049849 0.00375678 0.00105801 0.0075261
 0.01467071 0.00650317 0.0029892  0.00447966], ([0.         0.00120544 0.00149546 0.00130897 0.0010587  0.00113987
 0.00161348 0.00291093 0.00129514 0.00228227]) 	 loss 1.592E-01 	 horizons 19.0
step 20842 	 return [0.00050821 0.00659303 0.00334399 0.01237808 0.01046088 0.00831362
 0.00748621 0.00720776 0.00468011 0.00030585], ([0.00101663 0.00043425 0.00124636 0.00117725 0.00337806 0.0030393
 0.00042687 0.00351456 0.00014538 0.00091754]) 	 loss 1.536E-01 	 horizons 19.0
step 21032 	 return [0.0000000e+00 9.9120298e-05 7.2183385e-03 1.5352422e-02 7.5657754e-03
 1.5413691e-02 1.2067159e-02 9.8692775e-03 0.0000000e+00 8.8964170e-04], ([0.         0.00029736 0.00197796 0.00239505 0.00065363 0.00327476
 0.0015853  0.00271148 0.         0.00266893]) 	 loss 1.597E-01 	 horizons 19.0
step 21222 	 return [0.         0.00607674 0.         0.0039029  0.00198698 0.0142528
 0.01265999 0.00463132 0.00871131 0.01630586], ([0.         0.00031403 0.         0.0013402  0.00099967 0.00138928
 0.00114858 0.00464024 0.00124276 0.00042022]) 	 loss 1.226E-01 	 horizons 19.0
step 21412 	 return [0.         0.00705682 0.         0.00648723 0.00313197 0.01129659
 0.01408177 0.00774698 0.00368626 0.00416063], ([0.         0.00107351 0.         0.00106651 0.00112825 0.00117549
 0.00344111 0.00305679 0.00229198 0.00278213]) 	 loss 1.262E-01 	 horizons 19.0
step 21602 	 return [0.         0.         0.0087302  0.01749258 0.01294559 0.0037223
 0.00771539 0.01094172 0.01208318 0.00081364], ([0.         0.         0.00094359 0.00167441 0.00096123 0.00208495
 0.00145747 0.00151776 0.00194462 0.00167151]) 	 loss 1.337E-01 	 horizons 19.0
step 21792 	 return [0.         0.         0.00844898 0.01714516 0.01170561 0.00566803
 0.00498849 0.00951676 0.01261656 0.00107087], ([0.         0.         0.00102127 0.00219821 0.00065703 0.00095941
 0.00139614 0.00146524 0.00121752 0.00136906]) 	 loss 1.389E-01 	 horizons 19.0
step 21982 	 return [5.3419521e-05 1.4414107e-04 7.9697613e-03 1.7913844e-02 1.1426223e-02
 5.4719527e-03 7.1767480e-03 9.9385995e-03 1.2309636e-02 1.1035868e-03], ([0.00016026 0.00028953 0.00081595 0.00093006 0.00221302 0.00195791
 0.00135545 0.00292686 0.00215852 0.00173792]) 	 loss 1.270E-01 	 horizons 19.0
step 22172 	 return [0.         0.00604939 0.00075389 0.00263332 0.00820347 0.00833102
 0.00157836 0.00579051 0.0083845  0.01036644], ([0.         0.00059918 0.00025895 0.00114709 0.00113144 0.00148522
 0.00158066 0.00257282 0.00203932 0.00159702]) 	 loss 1.146E-01 	 horizons 19.0
step 22362 	 return [0.         0.00033358 0.0102591  0.01892256 0.01362472 0.00403258
 0.00421233 0.01235768 0.00992005 0.00146855], ([0.         0.00051025 0.00163755 0.00198133 0.00217054 0.00082697
 0.00194458 0.00220485 0.00089729 0.00196963]) 	 loss 1.350E-01 	 horizons 19.0
step 22552 	 return [0.         0.00666431 0.0007235  0.0058879  0.00956636 0.0123463
 0.00665521 0.01031541 0.00717498 0.0040902 ], ([0.0000000e+00 2.9614483e-04 1.5827371e-05 1.4198604e-03 1.5108221e-03
 1.0071737e-03 9.1423932e-04 8.9261215e-04 1.1260317e-03 2.4424277e-03]) 	 loss 1.216E-01 	 horizons 19.0
step 22742 	 return [0.00010054 0.00036899 0.00780824 0.01820811 0.01264778 0.00535965
 0.00554077 0.00988276 0.01399641 0.00090431], ([0.00020107 0.00061951 0.00092852 0.00099906 0.0005735  0.00159293
 0.00107317 0.00185389 0.00196725 0.0013955 ]) 	 loss 1.318E-01 	 horizons 19.0
step 22932 	 return [0.         0.00031578 0.00668425 0.01504287 0.00744397 0.01393146
 0.01212828 0.01020053 0.         0.        ], ([0.         0.00048413 0.00078896 0.00152518 0.00063659 0.0024119
 0.0014701  0.00176302 0.         0.        ]) 	 loss 1.096E-01 	 horizons 19.0
step 23122 	 return [0.0005005  0.00977911 0.00085336 0.00409043 0.00379648 0.00357336
 0.00834404 0.00732609 0.00250906 0.00653006], ([0.0015015  0.00141778 0.00170673 0.00060344 0.00177428 0.00114803
 0.00115368 0.00248593 0.00034745 0.00263619]) 	 loss 1.331E-01 	 horizons 19.0
step 23312 	 return [0.         0.00012365 0.01132638 0.017017   0.00796812 0.00622796
 0.00510254 0.01349938 0.00857589 0.00296101], ([0.         0.00037096 0.00157811 0.001578   0.00183419 0.00145576
 0.00180504 0.00239386 0.00124576 0.00224387]) 	 loss 1.293E-01 	 horizons 19.0
step 23502 	 return [5.1425945e-05 3.1687884e-04 7.5138854e-03 1.9207310e-02 1.3880333e-02
 5.6206873e-03 9.0153692e-03 8.4558371e-03 9.5274001e-03 3.6632828e-03], ([1.5427783e-04 6.3227891e-04 3.6229173e-04 3.8537904e-04 7.5328331e-05
 6.3374831e-04 8.9616014e-04 1.7349115e-03 2.7713191e-03 1.9642334e-03]) 	 loss 1.642E-01 	 horizons 19.0
step 23692 	 return [0.         0.00611195 0.         0.00537767 0.00182746 0.01070914
 0.01211778 0.00986623 0.0066949  0.00497292], ([0.         0.00041279 0.         0.00185334 0.00094625 0.00156711
 0.00213009 0.00212267 0.00169989 0.00098761]) 	 loss 1.239E-01 	 horizons 19.0
step 23882 	 return [5.4121490e-05 9.9932728e-04 7.6176524e-03 1.8573172e-02 1.1976951e-02
 6.7018233e-03 9.8482519e-03 8.8168541e-03 1.1141429e-02 1.0023888e-03], ([0.00016236 0.00129636 0.00065383 0.0002737  0.00253132 0.00075738
 0.00113872 0.00346862 0.00269294 0.00200479]) 	 loss 1.443E-01 	 horizons 19.0
step 24072 	 return [0.         0.00629187 0.         0.00554329 0.00238839 0.01083037
 0.01080052 0.01022157 0.00507971 0.00691804], ([0.         0.00070686 0.         0.00134457 0.00059917 0.00259697
 0.00220488 0.00126161 0.00195781 0.00227677]) 	 loss 1.293E-01 	 horizons 19.0
step 24262 	 return [0.         0.00705957 0.00040328 0.00554341 0.00962907 0.00799556
 0.00393657 0.00417141 0.00653511 0.0092563 ], ([0.         0.0012695  0.00032934 0.00167679 0.00096705 0.00101573
 0.00133251 0.0022266  0.00160111 0.00234853]) 	 loss 1.236E-01 	 horizons 19.0
step 24452 	 return [0.00428536 0.00762317 0.00492618 0.00491774 0.00624921 0.00132099
 0.00505351 0.         0.00147836 0.        ], ([0.00107349 0.00136025 0.0010488  0.00120713 0.00133823 0.00073297
 0.00097637 0.         0.00113151 0.        ]) 	 loss 1.277E-01 	 horizons 19.0
step 24642 	 return [0.         0.0001144  0.00783518 0.01794863 0.0120821  0.00362006
 0.00739936 0.00920235 0.01316865 0.00262957], ([0.         0.0002288  0.00033241 0.00075593 0.00073366 0.00164575
 0.00082334 0.00165311 0.00318618 0.00183034]) 	 loss 1.299E-01 	 horizons 19.0
step 24832 	 return [0.         0.00693065 0.         0.00704207 0.00237698 0.01253782
 0.01663688 0.00839503 0.00390028 0.01076152], ([0.         0.0005788  0.         0.00038591 0.0007927  0.00247304
 0.00237272 0.00186935 0.00162319 0.00175718]) 	 loss 1.356E-01 	 horizons 19.0
step 25022 	 return [5.2794774e-05 1.1529091e-03 8.0223922e-03 1.7480481e-02 1.1770740e-02
 6.3551902e-03 7.4918256e-03 8.8091558e-03 1.2653549e-02 9.6931716e-04], ([0.00015838 0.0015029  0.00091716 0.0011263  0.00167278 0.00114272
 0.00185743 0.00250258 0.00142095 0.00148074]) 	 loss 1.116E-01 	 horizons 19.0
step 25212 	 return [0.         0.00673733 0.         0.00627656 0.00504346 0.01268594
 0.0080509  0.01077949 0.00587151 0.00365227], ([0.         0.00063619 0.         0.00131301 0.00078824 0.00184289
 0.00152363 0.0006239  0.00171507 0.00132636]) 	 loss 1.345E-01 	 horizons 19.0
step 25402 	 return [0.         0.00014412 0.01006918 0.01696633 0.00818507 0.00561971
 0.00394807 0.01127214 0.00957632 0.00371304], ([0.         0.00043237 0.00131288 0.00042439 0.00162199 0.00140061
 0.00122204 0.00168754 0.00102684 0.00218739]) 	 loss 1.119E-01 	 horizons 19.0
step 25592 	 return [0.         0.00021711 0.00817664 0.01809276 0.00844704 0.00466051
 0.00729965 0.01338808 0.01138342 0.00085489], ([0.         0.00043422 0.00205638 0.00265192 0.00192682 0.00246334
 0.00117646 0.00270762 0.00319298 0.00130594]) 	 loss 1.264E-01 	 horizons 19.0
step 25782 	 return [0.         0.00704557 0.         0.00344137 0.0006577  0.00886783
 0.01635737 0.00853217 0.00366513 0.00917344], ([0.         0.0012513  0.         0.00092764 0.00100502 0.0011619
 0.00194138 0.0022362  0.00193862 0.00212618]) 	 loss 1.213E-01 	 horizons 19.0
step 25972 	 return [0.         0.00023677 0.01239053 0.01685805 0.00788262 0.00493024
 0.00608574 0.01632317 0.00868119 0.0014733 ], ([0.         0.00047624 0.00128794 0.00218558 0.00216017 0.00189728
 0.00274782 0.00321004 0.00092622 0.0014773 ]) 	 loss 1.090E-01 	 horizons 19.0
step 26162 	 return [0.         0.00627501 0.         0.00768406 0.00193247 0.01517126
 0.00963152 0.01102675 0.00709253 0.00297667], ([0.0000000e+00 1.3905161e-04 0.0000000e+00 1.1397132e-04 3.1849535e-04
 2.3205576e-03 2.4956441e-03 8.8470674e-04 6.1494429e-05 4.3514647e-04]) 	 loss 1.035E-01 	 horizons 19.0
step 26352 	 return [0.         0.         0.0113144  0.01768238 0.00854406 0.00821931
 0.00522089 0.01210586 0.00819602 0.00282713], ([0.         0.         0.00130885 0.00204536 0.00122329 0.00098102
 0.00162806 0.001967   0.00239074 0.00157572]) 	 loss 1.058E-01 	 horizons 19.0
step 26542 	 return [0.         0.00642134 0.00091526 0.00690515 0.00227169 0.00933072
 0.0109772  0.00901608 0.00650146 0.00553726], ([0.         0.00028175 0.00184314 0.00050342 0.00081808 0.00233536
 0.00112477 0.00236763 0.00136653 0.00165247]) 	 loss 1.473E-01 	 horizons 19.0
step 26732 	 return [0.0007485  0.00371466 0.00736355 0.01173351 0.00682192 0.00239807
 0.0030984  0.00078987 0.00403959 0.00342156], ([0.00114335 0.00257603 0.00117508 0.00261873 0.00364735 0.00079909
 0.00263054 0.0023696  0.00232245 0.00289842]) 	 loss 1.157E-01 	 horizons 19.0
step 26922 	 return [0.         0.         0.0067658  0.01497544 0.00762448 0.01534038
 0.01160458 0.00994697 0.         0.        ], ([0.         0.         0.00087885 0.00303208 0.00079214 0.00241569
 0.00129652 0.00137769 0.         0.        ]) 	 loss 1.240E-01 	 horizons 19.0
step 27112 	 return [0.         0.00140981 0.0083649  0.01971564 0.01272985 0.00611191
 0.00782233 0.00665058 0.01067526 0.00197876], ([0.         0.00161979 0.00104895 0.00158402 0.00125051 0.00125641
 0.00263697 0.00119092 0.0008722  0.00173137]) 	 loss 1.294E-01 	 horizons 19.0
step 27302 	 return [0.         0.00625732 0.         0.00314476 0.00101215 0.00863382
 0.01614938 0.00917352 0.00351542 0.00519713], ([0.         0.00099853 0.         0.00043618 0.00102009 0.00096254
 0.00200301 0.00243361 0.00230636 0.00209667]) 	 loss 1.084E-01 	 horizons 19.0
step 27492 	 return [0.         0.         0.00801248 0.01826024 0.00874022 0.00574639
 0.00782773 0.01509768 0.01246684 0.00042856], ([0.         0.         0.00053284 0.00048444 0.00120226 0.00095386
 0.00039982 0.00210393 0.00113044 0.00095093]) 	 loss 1.181E-01 	 horizons 19.0
step 27682 	 return [0.         0.00643731 0.         0.00393826 0.00258738 0.01053441
 0.01492556 0.00919904 0.0071838  0.00809254], ([0.         0.00033256 0.         0.00064979 0.00100531 0.00201057
 0.00134903 0.00125908 0.00227218 0.00310322]) 	 loss 9.536E-02 	 horizons 19.0
step 27872 	 return [0.         0.00637824 0.         0.00727393 0.00238423 0.01269876
 0.01323424 0.00955757 0.00365965 0.0052708 ], ([0.         0.00030267 0.         0.00025852 0.00020089 0.00076326
 0.00023534 0.00045258 0.00117422 0.00084401]) 	 loss 9.989E-02 	 horizons 19.0
step 28062 	 return [0.         0.00638784 0.         0.00733214 0.00567202 0.01451325
 0.00746648 0.01022371 0.00467853 0.003029  ], ([0.         0.00034626 0.         0.00066313 0.00151962 0.00064354
 0.00085879 0.00141862 0.00242603 0.00126924]) 	 loss 1.094E-01 	 horizons 19.0
step 28252 	 return [0.         0.00015404 0.00821293 0.01883471 0.01356359 0.00553849
 0.00864423 0.01029613 0.01374826 0.0003265 ], ([0.0000000e+00 4.6212802e-04 5.8814540e-04 2.0812186e-03 5.9715362e-04
 5.2315148e-04 4.9358571e-04 8.4962237e-05 5.0220615e-04 9.7949349e-04]) 	 loss 1.232E-01 	 horizons 19.0
step 28442 	 return [0.         0.00748649 0.         0.00663248 0.00270866 0.01248484
 0.01834877 0.00930737 0.00294225 0.01073303], ([0.         0.00032069 0.         0.0004753  0.00024387 0.00149439
 0.00035325 0.00117846 0.00092454 0.00080194]) 	 loss 1.186E-01 	 horizons 19.0
step 28632 	 return [0.         0.00646015 0.00042267 0.00480085 0.01009662 0.00795412
 0.00342073 0.00365186 0.00618189 0.01111095], ([0.         0.0002825  0.00035059 0.00090749 0.00056926 0.00082429
 0.00021264 0.00075104 0.00130181 0.00124221]) 	 loss 9.671E-02 	 horizons 19.0
step 28822 	 return [0.         0.00734689 0.         0.00696888 0.00282821 0.01173933
 0.01480858 0.00824203 0.00375373 0.0066821 ], ([0.         0.00074478 0.         0.00089369 0.00052298 0.0011942
 0.00297532 0.0025824  0.00163101 0.00322472]) 	 loss 9.405E-02 	 horizons 19.0
step 29012 	 return [0.         0.00039039 0.00822821 0.01792532 0.01135855 0.00591325
 0.00609921 0.00917725 0.01293231 0.        ], ([0.         0.00039039 0.00099583 0.00126863 0.00163893 0.00071019
 0.00181403 0.00328376 0.00161987 0.        ]) 	 loss 1.104E-01 	 horizons 19.0
step 29202 	 return [0.00288891 0.00610439 0.00642742 0.00512544 0.00490817 0.0016942
 0.00359993 0.         0.00050427 0.00039281], ([0.00128044 0.00093513 0.00141664 0.00081064 0.00076723 0.00067958
 0.00088933 0.         0.0007857  0.00117842]) 	 loss 1.009E-01 	 horizons 19.0
step 29392 	 return [0.         0.00010684 0.01095931 0.01681322 0.01202772 0.00431131
 0.00445068 0.01193402 0.01146412 0.00376772], ([0.         0.00032052 0.00190953 0.00088742 0.00060561 0.00137334
 0.00184559 0.00096382 0.00139225 0.00168613]) 	 loss 1.069E-01 	 horizons 19.0
step 29582 	 return [0.         0.00030677 0.00760038 0.01705542 0.01323381 0.00539661
 0.00761746 0.0084863  0.01677654 0.00306935], ([0.0000000e+00 6.1353762e-04 4.6651781e-04 1.6038205e-03 6.3419269e-05
 3.4450524e-04 7.8733743e-04 1.5272953e-03 1.7187630e-03 1.0351718e-03]) 	 loss 1.026E-01 	 horizons 19.0
step 29772 	 return [0.         0.00646119 0.         0.00726656 0.00315763 0.01725621
 0.00769894 0.00880939 0.00361186 0.00310111], ([0.         0.00042018 0.         0.00096895 0.00143998 0.00106548
 0.00052428 0.00163958 0.0010666  0.00093597]) 	 loss 1.008E-01 	 horizons 19.0
step 29962 	 return [0.         0.00689138 0.00071309 0.00536964 0.01014118 0.01192425
 0.00590561 0.01005697 0.00667871 0.0028967 ], ([0.0000000e+00 3.8857618e-04 1.1889613e-05 1.3872515e-05 3.6862073e-04
 6.5264758e-05 6.6481112e-04 9.7685447e-04 6.1284285e-05 2.7577032e-04]) 	 loss 1.147E-01 	 horizons 19.0
step 30152 	 return [0.         0.0004296  0.00740943 0.02142579 0.01190768 0.00622469
 0.00647194 0.00842644 0.01141294 0.00072818], ([0.         0.00081938 0.00018077 0.00149475 0.00039131 0.00088007
 0.00166036 0.00187923 0.00105365 0.00081676]) 	 loss 9.772E-02 	 horizons 19.0
[1;34mwandb[0m: 
[1;34mwandb[0m: 🚀 View run [33mmotndp_xian-v0__PCN-xian-g10__42__1781796445[0m at: [34mhttps://wandb.ai/johnario-tu-delft/cl_ablation/runs/h6jn9io8[0m
[1;34mwandb[0m: Find logs at: [1;35mwandb/run-20260618_172726-h6jn9io8/logs[0m
