/data/Projects/Assignment for DSAIT/ResearchIDM/mo-transport-network-design/.venv/lib/python3.13/site-packages/pygame/pkgdata.py:25: UserWarning: pkg_resources is deprecated as an API. See https://setuptools.pypa.io/en/latest/pkg_resources.html. The pkg_resources package is slated for removal as early as 2025-11-30. Refrain from using this package or pin to Setuptools<81.
  from pkg_resources import resource_stream, resource_exists
wandb: [wandb.login()] Loaded credentials for https://api.wandb.ai from /home/johnario/.netrc.
wandb: Currently logged in as: johnario (johnario-tu-delft) to https://api.wandb.ai. Use `wandb login --relogin` to force relogin
wandb: setting up run 9uccpxia
wandb: Tracking run with wandb version 0.27.2
wandb: Run data is saved locally in /data/Projects/Assignment for DSAIT/ResearchIDM/mo-transport-network-design/wandb/run-20260619_020641-9uccpxia
wandb: Run `wandb offline` to turn off syncing.
wandb: Syncing run motndp_xian-v0__NSW-xian-g3__1024__1781827600
wandb: ⭐️ View project at https://wandb.ai/johnario-tu-delft/cl_ablation
wandb: 🚀 View run at https://wandb.ai/johnario-tu-delft/cl_ablation/runs/9uccpxia
/data/Projects/Assignment for DSAIT/ResearchIDM/mo-transport-network-design/morl-baselines/morl_baselines/multi_policy/gcn/gcn.py:151: UserWarning: Creating a tensor from a list of numpy.ndarrays is extremely slow. Please consider converting the list to a single numpy.ndarray with numpy.array() before converting to a tensor. (Triggered internally at /pytorch/torch/csrc/utils/tensor_new.cpp:253.)
  th.tensor(obs).to(self.device),
wandb: WARNING Artifact "run-9uccpxia-evalfront-UZ7eaQ" already exists with the same content. No new version will be created.
/data/Projects/Assignment for DSAIT/ResearchIDM/mo-transport-network-design/morl-baselines/morl_baselines/common/performance_indicators.py:144: RuntimeWarning: invalid value encountered in divide
  gi = (n + 1 - 2 * np.sum(cum_x, axis=1) / cum_x[:, -1]) / n
wandb: WARNING Artifact "run-9uccpxia-evalfront-UZ7eaQ" already exists with the same content. No new version will be created.
wandb: WARNING Artifact "run-9uccpxia-evalfront-UZ7eaQ" already exists with the same content. No new version will be created.
wandb: WARNING Artifact "run-9uccpxia-evalfront-UZ7eaQ" already exists with the same content. No new version will be created.
wandb: WARNING Artifact "run-9uccpxia-evalfront-UZ7eaQ" already exists with the same content. No new version will be created.
wandb: WARNING Artifact "run-9uccpxia-evalfront-UZ7eaQ" already exists with the same content. No new version will be created.
wandb: WARNING Artifact "run-9uccpxia-evalfront-UZ7eaQ" already exists with the same content. No new version will be created.
wandb: WARNING Artifact "run-9uccpxia-evalfront-UZ7eaQ" already exists with the same content. No new version will be created.
wandb: WARNING Artifact "run-9uccpxia-evalfront-UZ7eaQ" already exists with the same content. No new version will be created.
wandb: WARNING Artifact "run-9uccpxia-evalfront-UZ7eaQ" already exists with the same content. No new version will be created.
Namespace(env='xian', nr_groups=3, starting_loc_x=9, starting_loc_y=19, nr_stations=20, lr=0.01, batch_size=256, num_er_episodes=100, num_step_episodes=10, num_model_updates=10, num_policies=10, max_buffer_size=200, nr_layers=1, hidden_dim=128, timesteps=30000, no_log=False, seed=1024, cd_threshold=0.2, distance_ref='interpolate2', lcn_lambda=None, scheduling_method='constant', schedule_start=1.0, schedule_end=None, scheduler_warmup_fraction=0.0, scheduler_freeze_fraction=0.1, spatial_alpha=0.0, include_demand_context=False, criterion='nash', nash_mode='pareto_sized', nash_top_k=None, nash_shift=0.0, project_name='cl_ablation', experiment_name='NSW-xian-g3', wandb_entity=None)
step 1951 	 return [0.00316293 0.00384455 0.00488321], ([0.00274553 0.0028497  0.00417005]) 	 loss 1.930E+00 	 horizons 19.0
step 2128 	 return [0.00220553 0.00220484 0.00138191], ([0.00130655 0.00165879 0.0016297 ]) 	 loss 1.563E+00 	 horizons 17.7
step 2318 	 return [0.00473573 0.00473301 0.00235899], ([0.00290928 0.00215248 0.00232387]) 	 loss 1.125E+00 	 horizons 19.0
step 2508 	 return [0.00422548 0.00557328 0.00406532], ([0.00234587 0.00308744 0.00338102]) 	 loss 9.952E-01 	 horizons 19.0
step 2698 	 return [0.00418129 0.00413526 0.00305608], ([0.00230359 0.00226562 0.00278301]) 	 loss 9.363E-01 	 horizons 19.0
step 2888 	 return [0.00474198 0.00519357 0.00352323], ([0.00147877 0.00320214 0.00322704]) 	 loss 8.666E-01 	 horizons 19.0
step 3078 	 return [0.00481724 0.00685742 0.00406248], ([0.00198225 0.0020645  0.00222317]) 	 loss 8.408E-01 	 horizons 19.0
step 3268 	 return [0.00438657 0.00637393 0.00460341], ([0.00237643 0.00263669 0.00264401]) 	 loss 8.244E-01 	 horizons 19.0
step 3458 	 return [0.00480305 0.00389446 0.00249372], ([0.00278427 0.00197463 0.00263796]) 	 loss 8.055E-01 	 horizons 19.0
step 3648 	 return [0.00349648 0.0059574  0.00464437], ([0.0018115  0.00287635 0.00361669]) 	 loss 7.902E-01 	 horizons 19.0
step 3838 	 return [0.00382883 0.00574803 0.00528724], ([0.0027803  0.00227703 0.00306435]) 	 loss 7.784E-01 	 horizons 19.0
step 4028 	 return [0.00333895 0.00634503 0.00524165], ([0.00209464 0.00109696 0.00214707]) 	 loss 7.540E-01 	 horizons 19.0
step 4218 	 return [0.00445834 0.00592322 0.00459191], ([0.00221381 0.0020877  0.00222274]) 	 loss 7.521E-01 	 horizons 19.0
step 4408 	 return [0.00394781 0.00650392 0.00530837], ([0.00155318 0.0012452  0.00239686]) 	 loss 7.328E-01 	 horizons 19.0
step 4598 	 return [0.00394676 0.00803459 0.0069006 ], ([0.00208007 0.00126399 0.0013811 ]) 	 loss 7.443E-01 	 horizons 19.0
step 4788 	 return [0.00203467 0.00736442 0.00561267], ([0.00170064 0.0016783  0.00192483]) 	 loss 7.550E-01 	 horizons 19.0
step 4978 	 return [0.00386467 0.00708003 0.0058814 ], ([0.00210543 0.00173774 0.00193891]) 	 loss 7.344E-01 	 horizons 19.0
step 5168 	 return [0.00522758 0.00773945 0.00537079], ([0.00143252 0.00190498 0.0020952 ]) 	 loss 7.421E-01 	 horizons 19.0
step 5358 	 return [0.00256871 0.00774827 0.0070821 ], ([0.00244157 0.00150476 0.00204789]) 	 loss 7.455E-01 	 horizons 19.0
step 5548 	 return [0.00436985 0.00686097 0.00454809], ([0.00198699 0.00193965 0.00176955]) 	 loss 7.718E-01 	 horizons 19.0
step 5738 	 return [0.0033147  0.00738013 0.00621494], ([0.00183157 0.00137323 0.00235115]) 	 loss 7.617E-01 	 horizons 19.0
step 5928 	 return [0.00435079 0.0077367  0.00672545], ([0.00188309 0.00170782 0.00247283]) 	 loss 7.495E-01 	 horizons 19.0
step 6118 	 return [0.00499852 0.00875657 0.00607276], ([0.00207699 0.00168714 0.00230204]) 	 loss 7.128E-01 	 horizons 19.0
step 6308 	 return [0.00498346 0.0075298  0.00492535], ([0.00181712 0.00174474 0.00290464]) 	 loss 7.319E-01 	 horizons 19.0
step 6498 	 return [0.00541138 0.00968609 0.00544025], ([0.00165578 0.00218269 0.00251336]) 	 loss 7.242E-01 	 horizons 19.0
step 6688 	 return [0.00504615 0.00834624 0.00583669], ([0.00168172 0.00132289 0.0020823 ]) 	 loss 7.036E-01 	 horizons 19.0
step 6878 	 return [0.00406999 0.0077699  0.00536419], ([0.00131992 0.00205825 0.00211953]) 	 loss 7.153E-01 	 horizons 19.0
step 7068 	 return [0.00467439 0.00930297 0.00743055], ([0.00218005 0.00243783 0.00248331]) 	 loss 7.156E-01 	 horizons 19.0
step 7258 	 return [0.00527489 0.00971393 0.0076739 ], ([0.00235449 0.00140026 0.00148208]) 	 loss 7.065E-01 	 horizons 19.0
step 7448 	 return [0.00504855 0.0092734  0.00694479], ([0.00249574 0.00106428 0.00265155]) 	 loss 6.759E-01 	 horizons 19.0
step 7638 	 return [0.00504472 0.00969224 0.00766616], ([0.00192393 0.0012575  0.00224854]) 	 loss 6.513E-01 	 horizons 19.0
step 7828 	 return [0.00598586 0.01144508 0.00797703], ([0.00129685 0.0016653  0.00181455]) 	 loss 6.487E-01 	 horizons 19.0
step 8018 	 return [0.00639406 0.01024886 0.00782858], ([0.00106449 0.00127005 0.00189388]) 	 loss 6.469E-01 	 horizons 19.0
step 8208 	 return [0.00456436 0.00907503 0.00742985], ([0.00197694 0.00123503 0.00265872]) 	 loss 6.553E-01 	 horizons 19.0
step 8398 	 return [0.00469006 0.01020956 0.00766781], ([0.00201168 0.00159446 0.00196904]) 	 loss 6.409E-01 	 horizons 19.0
step 8588 	 return [0.005594   0.01049121 0.00672564], ([0.00182814 0.00275865 0.00306358]) 	 loss 6.164E-01 	 horizons 19.0
step 8778 	 return [0.00428806 0.00947848 0.00841639], ([0.00120738 0.00149646 0.00155348]) 	 loss 6.468E-01 	 horizons 19.0
step 8968 	 return [0.00504616 0.00949732 0.00732663], ([0.0022727  0.00252533 0.00284695]) 	 loss 6.257E-01 	 horizons 19.0
step 9158 	 return [0.00565169 0.00984883 0.0081222 ], ([0.00160071 0.00134198 0.00120961]) 	 loss 5.994E-01 	 horizons 19.0
step 9348 	 return [0.00529606 0.01092357 0.0082876 ], ([0.00214498 0.00170419 0.00163703]) 	 loss 6.037E-01 	 horizons 19.0
step 9538 	 return [0.00610743 0.00999148 0.00811647], ([0.00121956 0.00118156 0.00135216]) 	 loss 5.959E-01 	 horizons 19.0
step 9728 	 return [0.00511548 0.01073108 0.00914987], ([0.00206049 0.00163311 0.0013902 ]) 	 loss 5.647E-01 	 horizons 19.0
step 9918 	 return [0.00590218 0.01058038 0.00889374], ([0.00154768 0.00125429 0.00126293]) 	 loss 5.594E-01 	 horizons 19.0
step 10108 	 return [0.00669663 0.01163279 0.00850863], ([0.00121592 0.00122828 0.00174741]) 	 loss 5.654E-01 	 horizons 19.0
step 10298 	 return [0.00702906 0.01216493 0.00762905], ([0.00175458 0.0013371  0.00184276]) 	 loss 5.398E-01 	 horizons 19.0
step 10488 	 return [0.00639995 0.01134389 0.00878182], ([0.00128618 0.00137552 0.00127699]) 	 loss 5.541E-01 	 horizons 19.0
step 10678 	 return [0.00645827 0.01083882 0.00878616], ([0.0015555  0.00151825 0.00177953]) 	 loss 5.298E-01 	 horizons 19.0
step 10868 	 return [0.0064763  0.01191796 0.00802978], ([0.00196935 0.00132329 0.00150363]) 	 loss 5.169E-01 	 horizons 19.0
step 11058 	 return [0.00544341 0.01069837 0.0094354 ], ([0.00206127 0.00185959 0.00179592]) 	 loss 5.252E-01 	 horizons 19.0
step 11248 	 return [0.00718088 0.01077553 0.00807116], ([0.00138659 0.00079325 0.00100827]) 	 loss 5.247E-01 	 horizons 19.0
step 11438 	 return [0.00698601 0.01123894 0.00864455], ([0.00101167 0.00119473 0.00106924]) 	 loss 5.106E-01 	 horizons 19.0
step 11628 	 return [0.00688097 0.01099206 0.00772   ], ([0.00189232 0.00170162 0.002549  ]) 	 loss 4.853E-01 	 horizons 19.0
step 11818 	 return [0.00612868 0.01076377 0.00875894], ([0.00222235 0.00109689 0.00101762]) 	 loss 4.807E-01 	 horizons 19.0
step 12008 	 return [0.00677705 0.01188235 0.0084999 ], ([0.00130113 0.00142712 0.00047161]) 	 loss 4.664E-01 	 horizons 19.0
step 12198 	 return [0.00719317 0.01241146 0.00774149], ([0.0010275  0.00181121 0.00206679]) 	 loss 4.678E-01 	 horizons 19.0
step 12388 	 return [0.00721374 0.01068019 0.00770183], ([0.00187275 0.00128825 0.0025728 ]) 	 loss 4.285E-01 	 horizons 19.0
step 12578 	 return [0.00708849 0.01190507 0.00952758], ([0.00099371 0.00119574 0.00135384]) 	 loss 4.440E-01 	 horizons 19.0
step 12768 	 return [0.00762845 0.01117282 0.00926643], ([0.00041665 0.00094696 0.00155187]) 	 loss 4.451E-01 	 horizons 19.0
step 12958 	 return [0.0074477  0.01099942 0.00835065], ([0.00063145 0.00084003 0.00148272]) 	 loss 4.201E-01 	 horizons 19.0
step 13148 	 return [0.00732388 0.01166399 0.00836428], ([0.00091444 0.00084977 0.00316369]) 	 loss 4.044E-01 	 horizons 19.0wandb: WARNING Artifact "run-9uccpxia-evalfront-UZ7eaQ" already exists with the same content. No new version will be created.
wandb: WARNING Artifact "run-9uccpxia-evalfront-UZ7eaQ" already exists with the same content. No new version will be created.

step 13338 	 return [0.0072866 0.0109022 0.007229 ], ([0.00096321 0.00058572 0.00242239]) 	 loss 3.847E-01 	 horizons 19.0
step 13528 	 return [0.00755107 0.01203093 0.00914735], ([0.00063178 0.00103207 0.00195697]) 	 loss 3.734E-01 	 horizons 19.0
step 13718 	 return [0.00755358 0.01107143 0.00949891], ([0.00077067 0.00100264 0.00135064]) 	 loss 3.798E-01 	 horizons 19.0
step 13908 	 return [0.00784916 0.01066168 0.00899124], ([0.00142478 0.00041354 0.00196136]) 	 loss 3.484E-01 	 horizons 19.0
step 14098 	 return [0.00768611 0.0113992  0.00813401], ([0.00079317 0.00083594 0.00290553]) 	 loss 3.512E-01 	 horizons 19.0
step 14288 	 return [0.00710196 0.01229647 0.00905385], ([0.00055665 0.00120395 0.0010673 ]) 	 loss 3.687E-01 	 horizons 19.0
step 14478 	 return [0.00717486 0.01293074 0.00881616], ([0.00045571 0.00131735 0.00090241]) 	 loss 3.309E-01 	 horizons 19.0
step 14668 	 return [0.00712754 0.01258061 0.00953117], ([0.00042628 0.00140621 0.00159724]) 	 loss 3.309E-01 	 horizons 19.0
step 14858 	 return [0.00759467 0.01186615 0.00904258], ([0.00042629 0.00099734 0.00070212]) 	 loss 3.340E-01 	 horizons 19.0
step 15048 	 return [0.00738094 0.01199675 0.00969716], ([0.00055919 0.00120948 0.00184586]) 	 loss 3.111E-01 	 horizons 19.0
step 15238 	 return [0.00751386 0.01213941 0.00975192], ([0.00044244 0.00113053 0.00078191]) 	 loss 3.090E-01 	 horizons 19.0
step 15428 	 return [0.0069043  0.01241762 0.00980149], ([0.00047576 0.00082689 0.00175582]) 	 loss 3.086E-01 	 horizons 19.0
step 15618 	 return [0.0074704  0.011999   0.00995893], ([0.00034413 0.00120256 0.00183231]) 	 loss 2.944E-01 	 horizons 19.0
step 15808 	 return [0.00750797 0.01172665 0.01076935], ([0.00066488 0.00164883 0.00208507]) 	 loss 3.008E-01 	 horizons 19.0
step 15998 	 return [0.00747182 0.01242317 0.01022027], ([0.000421   0.00116767 0.00122581]) 	 loss 2.720E-01 	 horizons 19.0
step 16188 	 return [0.00756098 0.01277394 0.01028515], ([0.00093307 0.00093802 0.00208493]) 	 loss 2.835E-01 	 horizons 19.0
step 16378 	 return [0.00768404 0.01202416 0.01010416], ([0.00040695 0.00092027 0.00148037]) 	 loss 2.940E-01 	 horizons 19.0
step 16568 	 return [0.00733477 0.01228635 0.01017521], ([0.00035014 0.0010832  0.00203935]) 	 loss 2.570E-01 	 horizons 19.0
step 16758 	 return [0.0075161  0.01231866 0.00991296], ([0.00034943 0.00096442 0.00101364]) 	 loss 2.733E-01 	 horizons 19.0
step 16948 	 return [0.0070648  0.01257612 0.01095519], ([0.00028371 0.00127529 0.00197102]) 	 loss 2.971E-01 	 horizons 19.0
step 17138 	 return [0.00739037 0.01277896 0.01094951], ([0.000649   0.00149728 0.00104088]) 	 loss 3.042E-01 	 horizons 19.0
step 17328 	 return [0.0073737  0.01368891 0.01012286], ([0.00063073 0.00116179 0.00237387]) 	 loss 2.729E-01 	 horizons 19.0
step 17518 	 return [0.00737473 0.01315265 0.01132176], ([0.00038869 0.00082453 0.00117717]) 	 loss 2.907E-01 	 horizons 19.0
step 17708 	 return [0.0074392  0.01252897 0.01037733], ([0.00045678 0.00117433 0.00118411]) 	 loss 2.732E-01 	 horizons 19.0
step 17898 	 return [0.00735138 0.01307014 0.01136046], ([0.00078581 0.0011226  0.0011988 ]) 	 loss 2.748E-01 	 horizons 19.0
step 18088 	 return [0.00741515 0.01302467 0.01100724], ([0.00037618 0.00087497 0.00140371]) 	 loss 2.785E-01 	 horizons 19.0
step 18278 	 return [0.0075932  0.01214291 0.01038042], ([0.00048375 0.00084324 0.00117654]) 	 loss 2.642E-01 	 horizons 19.0
step 18468 	 return [0.00764688 0.01227593 0.01048489], ([0.00043121 0.0005422  0.00130127]) 	 loss 2.653E-01 	 horizons 19.0
step 18658 	 return [0.00727489 0.01297999 0.01124875], ([0.00040123 0.00108035 0.00098177]) 	 loss 2.735E-01 	 horizons 19.0
step 18848 	 return [0.00715639 0.01322985 0.01114209], ([0.00079008 0.0017453  0.00117691]) 	 loss 2.807E-01 	 horizons 19.0
step 19038 	 return [0.00740547 0.01294249 0.01147788], ([0.00063127 0.0013562  0.0016358 ]) 	 loss 2.708E-01 	 horizons 19.0
step 19228 	 return [0.00742919 0.0131597  0.01147845], ([0.00043873 0.0011236  0.00070748]) 	 loss 2.632E-01 	 horizons 19.0
step 19418 	 return [0.00748771 0.01327685 0.01103456], ([0.00058503 0.00083548 0.00156666]) 	 loss 2.503E-01 	 horizons 19.0
step 19608 	 return [0.0075761  0.01281639 0.01053045], ([0.0006858  0.00108977 0.00144958]) 	 loss 2.238E-01 	 horizons 19.0
step 19798 	 return [0.00737276 0.01341826 0.01169816], ([0.00055477 0.00074919 0.00090279]) 	 loss 2.431E-01 	 horizons 19.0
step 19988 	 return [0.00712995 0.01328598 0.01190737], ([0.00056601 0.00103459 0.00115295]) 	 loss 2.247E-01 	 horizons 19.0
step 20178 	 return [0.00798248 0.01181002 0.01056988], ([0.00036211 0.00073215 0.00127052]) 	 loss 2.326E-01 	 horizons 19.0
step 20368 	 return [0.00795347 0.01213662 0.01134848], ([0.00055341 0.00124747 0.00103762]) 	 loss 2.295E-01 	 horizons 19.0
step 20558 	 return [0.00771425 0.0132049  0.01068315], ([0.00040839 0.00142207 0.00108416]) 	 loss 2.293E-01 	 horizons 19.0
step 20748 	 return [0.00715134 0.01349493 0.01154767], ([0.00026914 0.00093917 0.00146759]) 	 loss 2.270E-01 	 horizons 19.0
step 20938 	 return [0.00714286 0.01372382 0.01216407], ([0.00017862 0.00041422 0.00111556]) 	 loss 2.219E-01 	 horizons 19.0
step 21128 	 return [0.00766763 0.01348384 0.01182842], ([0.00080246 0.00082727 0.00158169]) 	 loss 2.189E-01 	 horizons 19.0
step 21318 	 return [0.00732832 0.01302242 0.01211968], ([0.00049337 0.00140809 0.00142728]) 	 loss 2.099E-01 	 horizons 19.0
step 21508 	 return [0.00744505 0.01347064 0.01207379], ([0.00054493 0.00100651 0.00134819]) 	 loss 2.155E-01 	 horizons 19.0
step 21698 	 return [0.00715832 0.01361695 0.0121548 ], ([0.00016162 0.00051629 0.0010648 ]) 	 loss 1.944E-01 	 horizons 19.0
step 21888 	 return [0.00742535 0.01292563 0.0119558 ], ([0.00054639 0.00109872 0.00122315]) 	 loss 2.015E-01 	 horizons 19.0
step 22078 	 return [0.00718494 0.01366688 0.01161465], ([0.00024364 0.0009965  0.00058422]) 	 loss 1.930E-01 	 horizons 19.0
step 22268 	 return [0.00731143 0.01346951 0.01211142], ([0.00071557 0.0008547  0.00066949]) 	 loss 1.818E-01 	 horizons 19.0
step 22458 	 return [0.00725486 0.01388103 0.01233134], ([0.00022768 0.00076101 0.0009927 ]) 	 loss 1.806E-01 	 horizons 19.0
step 22648 	 return [0.00736211 0.01378659 0.01219908], ([0.00080025 0.00050181 0.00086177]) 	 loss 1.906E-01 	 horizons 19.0
step 22838 	 return [0.00744447 0.01347992 0.01204837], ([0.00064041 0.00072506 0.00112603]) 	 loss 1.969E-01 	 horizons 19.0
step 23028 	 return [0.00848247 0.01460415 0.00973941], ([0.00116842 0.00113725 0.00146791]) 	 loss 2.023E-01 	 horizons 19.0
step 23218 	 return [0.00747628 0.01340048 0.01215376], ([0.00047288 0.00036304 0.00167038]) 	 loss 1.855E-01 	 horizons 19.0
step 23408 	 return [0.00727542 0.0136145  0.01245377], ([0.00024592 0.00070533 0.00069883]) 	 loss 1.948E-01 	 horizons 19.0
step 23598 	 return [0.0072541 0.0133715 0.0121001], ([0.00031843 0.00106561 0.00141558]) 	 loss 1.801E-01 	 horizons 19.0
step 23788 	 return [0.00782345 0.01316753 0.01209738], ([0.00095862 0.00103498 0.00054693]) 	 loss 1.803E-01 	 horizons 19.0
step 23978 	 return [0.00725586 0.01362302 0.01280267], ([0.00013027 0.00082987 0.00024826]) 	 loss 1.814E-01 	 horizons 19.0
step 24168 	 return [0.00724852 0.01390639 0.01298183], ([0.0002005  0.00042893 0.00019146]) 	 loss 1.784E-01 	 horizons 19.0
step 24358 	 return [0.00813518 0.01334473 0.01187845], ([0.00112712 0.0009143  0.00143455]) 	 loss 1.841E-01 	 horizons 19.0
step 24548 	 return [0.00869963 0.01325789 0.01192757], ([0.00108914 0.00124678 0.00119024]) 	 loss 1.693E-01 	 horizons 19.0
step 24738 	 return [0.00816327 0.01292191 0.01233769], ([0.00109672 0.00087485 0.00087164]) 	 loss 1.728E-01 	 horizons 19.0
step 24928 	 return [0.0095428  0.01378076 0.01206454], ([0.00080338 0.00110553 0.00098687]) 	 loss 1.658E-01 	 horizons 19.0
step 25118 	 return [0.00917653 0.01404888 0.01131903], ([0.00090987 0.00150891 0.00182735]) 	 loss 1.808E-01 	 horizons 19.0
step 25308 	 return [0.00945805 0.01369945 0.01141483], ([0.00071092 0.00122711 0.00123245]) 	 loss 1.615E-01 	 horizons 19.0
step 25498 	 return [0.00845715 0.01408393 0.01172741], ([0.00116873 0.00102144 0.00144455]) 	 loss 1.619E-01 	 horizons 19.0
step 25688 	 return [0.00922617 0.01458304 0.01121584], ([0.001062   0.0009617  0.00130015]) 	 loss 1.575E-01 	 horizons 19.0wandb: WARNING Artifact "run-9uccpxia-evalfront-UZ7eaQ" already exists with the same content. No new version will be created.
wandb: WARNING Artifact "run-9uccpxia-evalfront-UZ7eaQ" already exists with the same content. No new version will be created.
wandb: WARNING Artifact "run-9uccpxia-evalfront-UZ7eaQ" already exists with the same content. No new version will be created.
wandb: WARNING Artifact "run-9uccpxia-evalfront-UZ7eaQ" already exists with the same content. No new version will be created.
wandb: WARNING Artifact "run-9uccpxia-evalfront-UZ7eaQ" already exists with the same content. No new version will be created.

step 25878 	 return [0.00899107 0.01441939 0.01103135], ([0.00117706 0.00135501 0.00177621]) 	 loss 1.698E-01 	 horizons 19.0
step 26068 	 return [0.0089939  0.01451887 0.01142508], ([0.00110881 0.00112257 0.00186087]) 	 loss 1.514E-01 	 horizons 19.0
step 26258 	 return [0.00977657 0.01498189 0.01097697], ([0.00026505 0.00102412 0.00141811]) 	 loss 1.722E-01 	 horizons 19.0
step 26448 	 return [0.00982156 0.01468114 0.01124551], ([0.00021473 0.00095971 0.00138531]) 	 loss 1.691E-01 	 horizons 19.0
step 26638 	 return [0.00969664 0.0145838  0.011222  ], ([0.00032416 0.00099232 0.00134525]) 	 loss 1.492E-01 	 horizons 19.0
step 26828 	 return [0.00989456 0.01407483 0.01189977], ([0.00022648 0.00110853 0.00120014]) 	 loss 1.660E-01 	 horizons 19.0
step 27018 	 return [0.00989884 0.01451121 0.01140178], ([0.00019296 0.00079615 0.00112925]) 	 loss 1.525E-01 	 horizons 19.0
step 27208 	 return [0.00997872 0.01435161 0.01192275], ([0.00011928 0.00070372 0.00095793]) 	 loss 1.484E-01 	 horizons 19.0
step 27398 	 return [0.00985481 0.0148561  0.01126171], ([0.00018515 0.00090438 0.00142125]) 	 loss 1.518E-01 	 horizons 19.0
step 27588 	 return [0.01000969 0.01448677 0.01186762], ([0.0001341  0.00051135 0.00094035]) 	 loss 1.469E-01 	 horizons 19.0
step 27778 	 return [0.01002097 0.01414534 0.01256589], ([0.00010813 0.00049844 0.00064533]) 	 loss 1.382E-01 	 horizons 19.0
step 27968 	 return [0.00982725 0.01440101 0.0124995 ], ([0.00020644 0.00083285 0.00113969]) 	 loss 1.313E-01 	 horizons 19.0
step 28158 	 return [0.01001084 0.0137082  0.01311713], ([0.00013501 0.00082264 0.00076492]) 	 loss 1.436E-01 	 horizons 19.0
step 28348 	 return [0.01005266 0.0140462  0.01290027], ([0.00013324 0.00075284 0.00056585]) 	 loss 1.252E-01 	 horizons 19.0
step 28538 	 return [0.01008528 0.01416467 0.01280168], ([0.00010396 0.0004786  0.00044262]) 	 loss 1.105E-01 	 horizons 19.0
step 28728 	 return [0.01007837 0.01421581 0.01308233], ([0.00010907 0.00042977 0.00040509]) 	 loss 1.137E-01 	 horizons 19.0
step 28918 	 return [0.01004884 0.01411026 0.01310498], ([0.00015759 0.00050658 0.00040901]) 	 loss 1.220E-01 	 horizons 19.0
step 29108 	 return [0.01012793 0.01453011 0.01304909], ([0.00012117 0.00051703 0.00052217]) 	 loss 1.235E-01 	 horizons 19.0
step 29298 	 return [0.01000082 0.01393617 0.01310442], ([0.00019487 0.00061328 0.00059602]) 	 loss 1.441E-01 	 horizons 19.0
step 29488 	 return [0.01000158 0.01379636 0.01335793], ([0.00014062 0.00057591 0.00035856]) 	 loss 1.092E-01 	 horizons 19.0
step 29678 	 return [0.01001703 0.01366671 0.01331252], ([0.00012757 0.00072565 0.00021851]) 	 loss 1.055E-01 	 horizons 19.0
step 29868 	 return [0.00992505 0.01379783 0.0126229 ], ([0.0003318  0.0012907  0.00162212]) 	 loss 1.010E-01 	 horizons 19.0
step 30058 	 return [0.01012571 0.01443117 0.01311187], ([4.7787365e-05 1.1813475e-04 2.3045152e-04]) 	 loss 1.041E-01 	 horizons 19.0
[1;34mwandb[0m: 
[1;34mwandb[0m: 🚀 View run [33mmotndp_xian-v0__NSW-xian-g3__1024__1781827600[0m at: [34mhttps://wandb.ai/johnario-tu-delft/cl_ablation/runs/9uccpxia[0m
[1;34mwandb[0m: Find logs at: [1;35mwandb/run-20260619_020641-9uccpxia/logs[0m
