/data/Projects/Assignment for DSAIT/ResearchIDM/mo-transport-network-design/.venv/lib/python3.13/site-packages/pygame/pkgdata.py:25: UserWarning: pkg_resources is deprecated as an API. See https://setuptools.pypa.io/en/latest/pkg_resources.html. The pkg_resources package is slated for removal as early as 2025-11-30. Refrain from using this package or pin to Setuptools<81.
  from pkg_resources import resource_stream, resource_exists
wandb: [wandb.login()] Loaded credentials for https://api.wandb.ai from /home/johnario/.netrc.
wandb: Currently logged in as: johnario (johnario-tu-delft) to https://api.wandb.ai. Use `wandb login --relogin` to force relogin
wandb: setting up run 4l15ebrn
wandb: Tracking run with wandb version 0.27.2
wandb: Run data is saved locally in /data/Projects/Assignment for DSAIT/ResearchIDM/mo-transport-network-design/wandb/run-20260618_110541-4l15ebrn
wandb: Run `wandb offline` to turn off syncing.
wandb: Syncing run motndp_xian-v0__PCN-xian-g3__789__1781773540
wandb: ⭐️ View project at https://wandb.ai/johnario-tu-delft/cl_ablation
wandb: 🚀 View run at https://wandb.ai/johnario-tu-delft/cl_ablation/runs/4l15ebrn
/data/Projects/Assignment for DSAIT/ResearchIDM/mo-transport-network-design/morl-baselines/morl_baselines/multi_policy/pcn/pcn_tndp.py:236: UserWarning: Creating a tensor from a list of numpy.ndarrays is extremely slow. Please consider converting the list to a single numpy.ndarray with numpy.array() before converting to a tensor. (Triggered internally at /pytorch/torch/csrc/utils/tensor_new.cpp:253.)
  th.tensor(obs).to(self.device),
wandb: WARNING Artifact "run-4l15ebrn-evalfront-V8yGVg" already exists with the same content. No new version will be created.
Namespace(env='xian', nr_groups=3, starting_loc_x=9, starting_loc_y=19, nr_stations=20, lr=0.01, batch_size=256, num_er_episodes=100, num_step_episodes=10, num_model_updates=10, num_policies=10, max_buffer_size=200, nr_layers=1, hidden_dim=128, timesteps=30000, no_log=False, seed=789, cd_threshold=0.2, project_name='cl_ablation', experiment_name='PCN-xian-g3', wandb_entity=None)
step 1960 	 return [0.00422032 0.00584801 0.00411044], ([0.00214048 0.0041518  0.00402109]) 	 loss 1.951E+00 	 horizons 19.0
step 2131 	 return [0.00199203 0.00228635 0.00204505], ([0.00158    0.00329094 0.00322431]) 	 loss 1.587E+00 	 horizons 17.1
step 2321 	 return [0.00286338 0.0043802  0.00341789], ([0.0016606  0.00163691 0.00164675]) 	 loss 1.203E+00 	 horizons 19.0
step 2511 	 return [0.00210945 0.00541166 0.00544555], ([0.00257101 0.0007055  0.00158809]) 	 loss 1.040E+00 	 horizons 19.0
step 2701 	 return [0.00192227 0.0051385  0.00494259], ([0.00152563 0.00154994 0.00164396]) 	 loss 9.644E-01 	 horizons 19.0
step 2891 	 return [0.00469801 0.00671448 0.00574651], ([0.0013101  0.00138407 0.00138494]) 	 loss 9.624E-01 	 horizons 19.0
step 3081 	 return [0.00323704 0.00613066 0.005719  ], ([0.00192007 0.00194804 0.00255369]) 	 loss 9.512E-01 	 horizons 19.0
step 3271 	 return [0.0046058 0.0069849 0.0051207], ([0.00148555 0.00167645 0.00206173]) 	 loss 9.337E-01 	 horizons 19.0
step 3461 	 return [0.00541917 0.00823092 0.00608659], ([0.00235913 0.00249193 0.00185173]) 	 loss 8.834E-01 	 horizons 19.0
step 3651 	 return [0.0040006  0.00664146 0.00500567], ([0.00092285 0.00250521 0.00261122]) 	 loss 9.204E-01 	 horizons 19.0
step 3841 	 return [0.00477852 0.00768268 0.00512113], ([0.0016907  0.00284524 0.00151605]) 	 loss 9.085E-01 	 horizons 19.0
step 4031 	 return [0.00319192 0.00552312 0.00408152], ([0.00123295 0.00219695 0.00196892]) 	 loss 8.639E-01 	 horizons 19.0
step 4221 	 return [0.00456098 0.00716461 0.00596241], ([0.00216541 0.00233619 0.00211709]) 	 loss 8.775E-01 	 horizons 19.0
step 4411 	 return [0.00435335 0.0062559  0.00490898], ([0.00249159 0.00238844 0.00257435]) 	 loss 8.673E-01 	 horizons 19.0
step 4601 	 return [0.00427454 0.00649757 0.00584676], ([0.00235743 0.00239231 0.00250114]) 	 loss 8.376E-01 	 horizons 19.0
step 4791 	 return [0.00363554 0.00573289 0.00556532], ([0.00221219 0.00185229 0.00179561]) 	 loss 8.454E-01 	 horizons 19.0
step 4981 	 return [0.00546207 0.00726691 0.00473755], ([0.00198957 0.00282529 0.00281968]) 	 loss 8.392E-01 	 horizons 19.0
step 5171 	 return [0.00402412 0.00676209 0.00544988], ([0.00216956 0.00284341 0.00296825]) 	 loss 8.215E-01 	 horizons 19.0
step 5361 	 return [0.00392641 0.00761808 0.00670535], ([0.00153621 0.00195286 0.00197595]) 	 loss 8.189E-01 	 horizons 19.0
step 5551 	 return [0.0048341  0.00623004 0.00532719], ([0.00243136 0.00269891 0.00336761]) 	 loss 8.171E-01 	 horizons 19.0
step 5741 	 return [0.00501464 0.00647636 0.00359323], ([0.00228075 0.00211409 0.00169091]) 	 loss 8.208E-01 	 horizons 19.0
step 5931 	 return [0.00505697 0.00844457 0.00611063], ([0.00163864 0.00245211 0.00212011]) 	 loss 8.207E-01 	 horizons 19.0
step 6121 	 return [0.00678185 0.00903937 0.00667435], ([0.00229363 0.00324529 0.00214656]) 	 loss 7.945E-01 	 horizons 19.0
step 6311 	 return [0.00679688 0.00851247 0.00532656], ([0.00242379 0.00318793 0.00290299]) 	 loss 7.955E-01 	 horizons 19.0
step 6501 	 return [0.00469189 0.00682735 0.0057791 ], ([0.00205855 0.00179891 0.00259716]) 	 loss 7.775E-01 	 horizons 19.0
step 6691 	 return [0.00621928 0.00927994 0.0060097 ], ([0.00140799 0.00127636 0.00169323]) 	 loss 7.584E-01 	 horizons 19.0
step 6881 	 return [0.00694593 0.00994555 0.00760137], ([0.00250687 0.00151391 0.0026357 ]) 	 loss 7.676E-01 	 horizons 19.0
step 7071 	 return [0.00499419 0.00854512 0.00558343], ([0.00198866 0.00239208 0.00144468]) 	 loss 7.606E-01 	 horizons 19.0
step 7261 	 return [0.00595094 0.00957303 0.00815417], ([0.00211377 0.00241474 0.00144534]) 	 loss 7.276E-01 	 horizons 19.0
step 7451 	 return [0.00705049 0.00910708 0.00610152], ([0.00111151 0.00259898 0.0028474 ]) 	 loss 7.241E-01 	 horizons 19.0
step 7641 	 return [0.00548274 0.01003823 0.00811249], ([0.0019431  0.00151243 0.00179272]) 	 loss 7.217E-01 	 horizons 19.0
step 7831 	 return [0.00739192 0.01164925 0.00770076], ([0.00169488 0.00150239 0.0017497 ]) 	 loss 7.091E-01 	 horizons 19.0
step 8021 	 return [0.00714993 0.01039729 0.00750512], ([0.00129667 0.00193667 0.00177509]) 	 loss 6.846E-01 	 horizons 19.0
step 8211 	 return [0.0068773  0.00993545 0.00649269], ([0.00148068 0.00271216 0.00209473]) 	 loss 6.860E-01 	 horizons 19.0
step 8401 	 return [0.00674146 0.00939329 0.00682892], ([0.00080444 0.0018367  0.00182538]) 	 loss 6.728E-01 	 horizons 19.0
step 8591 	 return [0.00666659 0.01069627 0.00755766], ([0.00097473 0.00163611 0.00177993]) 	 loss 7.126E-01 	 horizons 19.0
step 8781 	 return [0.00637401 0.00986527 0.00897058], ([0.00169553 0.00121384 0.00136574]) 	 loss 7.015E-01 	 horizons 19.0
step 8971 	 return [0.00625085 0.00981419 0.00760731], ([0.00164272 0.00171583 0.00305516]) 	 loss 6.707E-01 	 horizons 19.0
step 9161 	 return [0.00665898 0.01049754 0.00613863], ([0.00190041 0.00203938 0.00242016]) 	 loss 6.884E-01 	 horizons 19.0
step 9351 	 return [0.00709219 0.0098205  0.00810054], ([0.00154689 0.00232345 0.00210012]) 	 loss 6.569E-01 	 horizons 19.0
step 9541 	 return [0.00766814 0.01015337 0.00679388], ([0.00196546 0.00215241 0.00213657]) 	 loss 6.607E-01 	 horizons 19.0
step 9731 	 return [0.00694533 0.01140894 0.00694488], ([0.00193921 0.00187033 0.00136334]) 	 loss 6.548E-01 	 horizons 19.0
step 9921 	 return [0.00674136 0.01208573 0.00866498], ([0.00089889 0.00294649 0.00091826]) 	 loss 6.666E-01 	 horizons 19.0
step 10111 	 return [0.00706524 0.01121402 0.00825814], ([0.00047537 0.00120843 0.00126728]) 	 loss 6.391E-01 	 horizons 19.0
step 10301 	 return [0.00678492 0.01048275 0.00826594], ([0.00100327 0.00106886 0.00180142]) 	 loss 6.238E-01 	 horizons 19.0
step 10491 	 return [0.00749425 0.01223178 0.00897155], ([0.00072256 0.0012632  0.00131467]) 	 loss 5.969E-01 	 horizons 19.0
step 10681 	 return [0.0074411  0.01279285 0.00875724], ([0.00059666 0.00146812 0.00154079]) 	 loss 5.770E-01 	 horizons 19.0
step 10871 	 return [0.00782674 0.01232668 0.00810843], ([0.00118846 0.00140495 0.00167836]) 	 loss 6.076E-01 	 horizons 19.0
step 11061 	 return [0.00728337 0.01233069 0.00788571], ([0.00138344 0.00140694 0.00137395]) 	 loss 5.801E-01 	 horizons 19.0
step 11251 	 return [0.00728998 0.01200333 0.00787581], ([0.00081031 0.00194889 0.00153941]) 	 loss 5.502E-01 	 horizons 19.0
step 11441 	 return [0.00753329 0.01190456 0.0073532 ], ([0.00103193 0.00148798 0.00183202]) 	 loss 5.313E-01 	 horizons 19.0
step 11631 	 return [0.00691485 0.0124428  0.00889831], ([0.00034478 0.00094243 0.00159954]) 	 loss 5.298E-01 	 horizons 19.0
step 11821 	 return [0.00631542 0.01157511 0.00757848], ([0.0016914  0.00317047 0.00253248]) 	 loss 5.367E-01 	 horizons 19.0
step 12011 	 return [0.00850548 0.01229761 0.00821589], ([0.00140095 0.00155649 0.00206571]) 	 loss 4.896E-01 	 horizons 19.0
step 12201 	 return [0.00658232 0.01181241 0.00974667], ([0.00142943 0.00171293 0.00164412]) 	 loss 5.034E-01 	 horizons 19.0
step 12391 	 return [0.00722014 0.01159954 0.00992138], ([0.0006749  0.00075116 0.00166572]) 	 loss 4.824E-01 	 horizons 19.0
step 12581 	 return [0.00770468 0.01203196 0.01010473], ([0.00083986 0.00088454 0.00142177]) 	 loss 4.996E-01 	 horizons 19.0
step 12771 	 return [0.00760958 0.01020421 0.00858558], ([0.00041804 0.00210223 0.0020998 ]) 	 loss 4.976E-01 	 horizons 19.0
step 12961 	 return [0.00731245 0.01145578 0.00971234], ([0.00111645 0.00066715 0.00092778]) 	 loss 4.800E-01 	 horizons 19.0
step 13151 	 return [0.00697437 0.01163013 0.00995099], ([0.00189758 0.00131289 0.00157323]) 	 loss 4.816E-01 	 horizons 19.0
step 13341 	 return [0.00698409 0.01244702 0.00946619], ([0.00075665 0.00165035 0.0010596 ]) 	 loss 4.742E-01 	 horizons 19.0
step 13531 	 return [0.00743392 0.01278397 0.00958958], ([0.0003406  0.00129891 0.00075269]) 	 loss 4.297E-01 	 horizons 19.0
step 13721 	 return [0.00776628 0.0130268  0.00920208], ([0.000679   0.00170041 0.00126935]) 	 loss 4.278E-01 	 horizons 19.0
step 13911 	 return [0.00749465 0.0133603  0.00874824], ([0.000828   0.00106515 0.00161953]) 	 loss 3.974E-01 	 horizons 19.0
step 14101 	 return [0.00809671 0.01234039 0.00937526], ([0.00107349 0.00096785 0.00122039]) 	 loss 4.406E-01 	 horizons 19.0
step 14291 	 return [0.00738256 0.01221803 0.00969418], ([0.00070661 0.00119306 0.00162155]) 	 loss 4.285E-01 	 horizons 19.0
step 14481 	 return [0.00840442 0.01275512 0.00863639], ([0.00105941 0.00160762 0.00130006]) 	 loss 3.914E-01 	 horizons 19.0
step 14671 	 return [0.00738282 0.01242644 0.01010215], ([0.00048776 0.00113884 0.00090554]) 	 loss 3.877E-01 	 horizons 19.0
step 14861 	 return [0.00825441 0.0123812  0.0088273 ], ([0.00087609 0.00135613 0.00131617]) 	 loss 3.916E-01 	 horizons 19.0
step 15051 	 return [0.00828349 0.0124344  0.00920396], ([0.00101289 0.00087107 0.00149694]) 	 loss 3.774E-01 	 horizons 19.0
step 15241 	 return [0.00771741 0.0128426  0.00969544], ([0.00090838 0.00130806 0.00183975]) 	 loss 3.771E-01 	 horizons 19.0
step 15431 	 return [0.0078392  0.01309133 0.01034636], ([0.00080419 0.0011131  0.00136359]) 	 loss 3.686E-01 	 horizons 19.0
step 15621 	 return [0.00848672 0.01132445 0.00805684], ([0.00139518 0.00137573 0.00383379]) 	 loss 3.541E-01 	 horizons 19.0
step 15811 	 return [0.00800304 0.01241956 0.00905659], ([0.00093921 0.00093026 0.00147178]) 	 loss 3.424E-01 	 horizons 19.0
step 16001 	 return [0.00916184 0.01286223 0.01003845], ([0.00070384 0.00131536 0.00235242]) 	 loss 3.658E-01 	 horizons 19.0
step 16191 	 return [0.00906962 0.01285457 0.0086621 ], ([0.00068261 0.00126822 0.00200186]) 	 loss 3.594E-01 	 horizons 19.0
step 16381 	 return [0.00770334 0.01309027 0.01018998], ([0.00088093 0.00103676 0.00108666]) 	 loss 3.229E-01 	 horizons 19.0
step 16571 	 return [0.00930635 0.00984954 0.00575149], ([0.00198051 0.00183887 0.0023607 ]) 	 loss 3.253E-01 	 horizons 19.0
step 16761 	 return [0.0079668  0.01169027 0.01057391], ([0.00140344 0.00091797 0.00262961]) 	 loss 3.469E-01 	 horizons 19.0
step 16951 	 return [0.00912184 0.01297745 0.00917231], ([0.00072217 0.00116639 0.00240538]) 	 loss 3.121E-01 	 horizons 19.0
step 17141 	 return [0.0083068  0.01258533 0.01200596], ([0.00083548 0.00122094 0.00133801]) 	 loss 3.112E-01 	 horizons 19.0
step 17331 	 return [0.00957715 0.01317813 0.00715462], ([0.00037887 0.00079844 0.00155249]) 	 loss 2.967E-01 	 horizons 19.0
step 17521 	 return [0.00935244 0.01186145 0.00769482], ([0.00171245 0.00143216 0.00228834]) 	 loss 3.046E-01 	 horizons 19.0
step 17711 	 return [0.00901743 0.01195632 0.00792385], ([0.00110214 0.00205905 0.00105593]) 	 loss 2.715E-01 	 horizons 19.0
step 17901 	 return [0.00898996 0.0118345  0.01077658], ([0.00049145 0.00111001 0.00174   ]) 	 loss 2.855E-01 	 horizons 19.0
step 18091 	 return [0.00933008 0.01250864 0.00909073], ([0.00032412 0.00157041 0.00234574]) 	 loss 2.774E-01 	 horizons 19.0
step 18281 	 return [0.00996216 0.01143573 0.00658991], ([0.00104326 0.00200191 0.00191358]) 	 loss 2.622E-01 	 horizons 19.0
step 18471 	 return [0.00895181 0.01288293 0.00992209], ([0.00086381 0.00159072 0.00211439]) 	 loss 2.668E-01 	 horizons 19.0
step 18661 	 return [0.00937704 0.01216983 0.01092944], ([0.00054419 0.00127727 0.00229455]) 	 loss 2.452E-01 	 horizons 19.0
step 18851 	 return [0.00866122 0.01193739 0.01177992], ([0.00084932 0.00123334 0.00117926]) 	 loss 2.752E-01 	 horizons 19.0
step 19041 	 return [0.00966703 0.01382843 0.00759257], ([0.00046394 0.00118183 0.00112753]) 	 loss 2.325E-01 	 horizons 19.0
step 19231 	 return [0.00952041 0.01303323 0.00908292], ([0.00044415 0.0008715  0.0021327 ]) 	 loss 2.629E-01 	 horizons 19.0
step 19421 	 return [0.01089294 0.0103964  0.00518655], ([0.00115927 0.00175919 0.00219464]) 	 loss 2.108E-01 	 horizons 19.0
step 19611 	 return [0.01110665 0.0101725  0.00438459], ([0.00111834 0.00152326 0.00131873]) 	 loss 2.167E-01 	 horizons 19.0
step 19801 	 return [0.00934496 0.01363948 0.00763992], ([0.00030003 0.0008736  0.000791  ]) 	 loss 2.101E-01 	 horizons 19.0
step 19991 	 return [0.01085215 0.00992699 0.00529326], ([0.00073635 0.00152672 0.00182861]) 	 loss 2.067E-01 	 horizons 19.0
step 20181 	 return [0.00938806 0.01220564 0.01225   ], ([0.00037882 0.00164951 0.00155794]) 	 loss 1.898E-01 	 horizons 19.0
step 20371 	 return [0.00827393 0.01280319 0.01208587], ([0.00101033 0.00144215 0.00128663]) 	 loss 2.009E-01 	 horizons 19.0
step 20561 	 return [0.01099703 0.00928577 0.00458517], ([0.00064783 0.00102323 0.00114219]) 	 loss 2.212E-01 	 horizons 19.0
step 20751 	 return [0.00900794 0.01280089 0.01031445], ([0.0007182  0.00172188 0.00243441]) 	 loss 1.843E-01 	 horizons 19.0
step 20941 	 return [0.00952844 0.01279262 0.01018517], ([0.00038839 0.00150295 0.00203214]) 	 loss 1.677E-01 	 horizons 19.0
step 21131 	 return [0.00855233 0.01341673 0.01176761], ([0.00104807 0.00171789 0.00141315]) 	 loss 1.903E-01 	 horizons 19.0
step 21321 	 return [0.00935398 0.01158762 0.01291923], ([0.00030812 0.00159714 0.00101421]) 	 loss 1.816E-01 	 horizons 19.0
step 21511 	 return [0.00949518 0.01216204 0.01093878], ([0.00042536 0.00086599 0.00244899]) 	 loss 1.623E-01 	 horizons 19.0
step 21701 	 return [0.00924339 0.01157538 0.01227798], ([0.00023101 0.00063014 0.00209592]) 	 loss 1.490E-01 	 horizons 19.0
step 21891 	 return [0.0081571  0.01286861 0.0125212 ], ([0.00098983 0.00137134 0.0011485 ]) 	 loss 1.474E-01 	 horizons 19.0
step 22081 	 return [0.00932445 0.01201432 0.01195497], ([0.00027436 0.00136639 0.00210962]) 	 loss 1.546E-01 	 horizons 19.0
step 22271 	 return [0.00917731 0.01313713 0.01119141], ([0.00103926 0.00174048 0.00174205]) 	 loss 1.574E-01 	 horizons 19.0
step 22461 	 return [0.00950311 0.01347441 0.00795368], ([0.00045997 0.00062127 0.0010517 ]) 	 loss 1.646E-01 	 horizons 19.0
step 22651 	 return [0.01096685 0.0103117  0.00604095], ([0.0003696  0.00149836 0.00204061]) 	 loss 1.383E-01 	 horizons 19.0
step 22841 	 return [0.0093504  0.01256679 0.01134998], ([0.00020004 0.00205009 0.00296441]) 	 loss 1.299E-01 	 horizons 19.0
step 23031 	 return [0.00947761 0.01198427 0.01266738], ([0.00055495 0.00190761 0.00126869]) 	 loss 1.260E-01 	 horizons 19.0
step 23221 	 return [0.00933312 0.01084028 0.01290016], ([0.00049574 0.00093699 0.00088706]) 	 loss 1.215E-01 	 horizons 19.0
step 23411 	 return [0.00985856 0.01083616 0.00806644], ([0.00114057 0.00180199 0.0030931 ]) 	 loss 9.776E-02 	 horizons 19.0
step 23601 	 return [0.00937769 0.01212046 0.01220135], ([0.00041472 0.00214099 0.00161004]) 	 loss 1.245E-01 	 horizons 19.0
step 23791 	 return [0.00949324 0.01087311 0.0080455 ], ([0.00134088 0.00140799 0.0022272 ]) 	 loss 1.162E-01 	 horizons 19.0
step 23981 	 return [0.01147843 0.01010504 0.00240789], ([0.00071559 0.00044945 0.00098521]) 	 loss 1.097E-01 	 horizons 19.0
step 24171 	 return [0.00916786 0.0121072  0.01186476], ([0.00023673 0.00160143 0.00240252]) 	 loss 9.195E-02 	 horizons 19.0
step 24361 	 return [0.00915674 0.01240502 0.01150113], ([0.00020664 0.00191499 0.00273565]) 	 loss 1.034E-01 	 horizons 19.0
step 24551 	 return [0.01114187 0.00987032 0.005359  ], ([0.00032612 0.00233902 0.00119332]) 	 loss 9.079E-02 	 horizons 19.0
step 24741 	 return [0.00761995 0.0138738  0.01222675], ([0.00077022 0.00117977 0.00108057]) 	 loss 9.206E-02 	 horizons 19.0
step 24931 	 return [0.00912004 0.01152861 0.01316635], ([0.00065611 0.00105707 0.00039163]) 	 loss 9.405E-02 	 horizons 19.0
step 25121 	 return [0.0113885  0.00870933 0.00421042], ([0.00012167 0.00010467 0.00068799]) 	 loss 8.001E-02 	 horizons 19.0
step 25311 	 return [0.00931453 0.01107055 0.01328366], ([4.6309514e-04 6.4736599e-04 7.9684578e-05]) 	 loss 7.366E-02 	 horizons 19.0
step 25501 	 return [0.01114499 0.0104818  0.00483312], ([0.00063013 0.00206223 0.00122492]) 	 loss 6.875E-02 	 horizons 19.0
step 25691 	 return [0.00961432 0.01300929 0.00639637], ([0.00123811 0.00228128 0.00159579]) 	 loss 7.591E-02 	 horizons 19.0
step 25881 	 return [0.00992299 0.0145509  0.01003469], ([0.00064984 0.00186229 0.00194179]) 	 loss 7.644E-02 	 horizons 19.0
step 26071 	 return [0.00897882 0.01167339 0.01328728], ([5.7792029e-04 7.6773536e-04 7.9105506e-05]) 	 loss 6.564E-02 	 horizons 19.0
step 26261 	 return [0.00984337 0.01614593 0.0098969 ], ([9.313226e-10 0.000000e+00 9.313226e-10]) 	 loss 7.185E-02 	 horizons 19.0
step 26451 	 return [0.00956502 0.01175048 0.00778547], ([0.00130124 0.00177517 0.00128428]) 	 loss 6.847E-02 	 horizons 19.0
step 26641 	 return [0.00771448 0.01425362 0.01172225], ([0.00070901 0.00126666 0.00106481]) 	 loss 7.432E-02 	 horizons 19.0
step 26831 	 return [0.00758073 0.01509128 0.01079112], ([0.0007015  0.00040091 0.00033347]) 	 loss 6.146E-02 	 horizons 19.0
step 27021 	 return [0.00937249 0.01209454 0.0123563 ], ([0.00034077 0.00187084 0.00196035]) 	 loss 7.935E-02 	 horizons 19.0
step 27211 	 return [0.00948442 0.01343339 0.00623326], ([0.0014646  0.00289352 0.00124542]) 	 loss 6.345E-02 	 horizons 19.0
step 27401 	 return [0.0109211  0.00961056 0.00564676], ([0.00096687 0.0019701  0.00120857]) 	 loss 8.022E-02 	 horizons 19.0
step 27591 	 return [0.00737291 0.01479347 0.01091501], ([1.3728991e-05 2.2993793e-04 3.7007075e-04]) 	 loss 8.711E-02 	 horizons 19.0
step 27781 	 return [0.00865185 0.01259721 0.012897  ], ([0.00084938 0.00165966 0.00100914]) 	 loss 9.046E-02 	 horizons 19.0
step 27971 	 return [0.01203007 0.00919311 0.00361517], ([0.00056479 0.00061112 0.00035064]) 	 loss 7.215E-02 	 horizons 19.0
step 28161 	 return [0.00914748 0.01133487 0.01332291], ([1.3329092e-04 2.0440559e-04 2.4567977e-05]) 	 loss 7.982E-02 	 horizons 19.0
step 28351 	 return [0.00761603 0.01492959 0.01137455], ([0.00074422 0.00056761 0.00082277]) 	 loss 6.872E-02 	 horizons 19.0
step 28541 	 return [0.01186977 0.0089006  0.00375618], ([0.00058161 0.00045204 0.00032022]) 	 loss 7.775E-02 	 horizons 19.0
step 28731 	 return [0.00997482 0.01055069 0.01320258], ([5.2571821e-04 8.9296966e-04 8.6356842e-05]) 	 loss 7.079E-02 	 horizons 19.0
step 28921 	 return [0.01226602 0.00951609 0.00337361], ([0.00064467 0.0005136  0.00066374]) 	 loss 7.017E-02 	 horizons 19.0
step 29111 	 return [0.00999514 0.01586671 0.00966378], ([0.00030051 0.00056459 0.00054015]) 	 loss 8.443E-02 	 horizons 19.0
step 29301 	 return [0.01137299 0.00885178 0.00444716], ([0.00015104 0.00047146 0.0009141 ]) 	 loss 6.698E-02 	 horizons 19.0
step 29491 	 return [0.00936896 0.01168191 0.01329529], ([3.1341548e-04 6.6467165e-04 4.4452576e-05]) 	 loss 6.442E-02 	 horizons 19.0
step 29681 	 return [0.00928633 0.01151654 0.01330114], ([2.5086984e-04 4.1828162e-04 4.5123732e-05]) 	 loss 6.923E-02 	 horizons 19.0
step 29871 	 return [0.00730259 0.01410608 0.01249705], ([0.00012736 0.0003375  0.00050415]) 	 loss 5.581E-02 	 horizons 19.0
step 30061 	 return [0.01207684 0.00914549 0.0036158 ], ([0.00060252 0.00055734 0.00035002]) 	 loss 5.546E-02 	 horizons 19.0
[1;34mwandb[0m: 
[1;34mwandb[0m: 🚀 View run [33mmotndp_xian-v0__PCN-xian-g3__789__1781773540[0m at: [34mhttps://wandb.ai/johnario-tu-delft/cl_ablation/runs/4l15ebrn[0m
[1;34mwandb[0m: Find logs at: [1;35mwandb/run-20260618_110541-4l15ebrn/logs[0m
