/data/Projects/Assignment for DSAIT/ResearchIDM/mo-transport-network-design/.venv/lib/python3.13/site-packages/pygame/pkgdata.py:25: UserWarning: pkg_resources is deprecated as an API. See https://setuptools.pypa.io/en/latest/pkg_resources.html. The pkg_resources package is slated for removal as early as 2025-11-30. Refrain from using this package or pin to Setuptools<81.
  from pkg_resources import resource_stream, resource_exists
wandb: [wandb.login()] Loaded credentials for https://api.wandb.ai from /home/johnario/.netrc.
wandb: Currently logged in as: johnario (johnario-tu-delft) to https://api.wandb.ai. Use `wandb login --relogin` to force relogin
wandb: setting up run 7js35103
wandb: Tracking run with wandb version 0.27.2
wandb: Run data is saved locally in /data/Projects/Assignment for DSAIT/ResearchIDM/mo-transport-network-design/wandb/run-20260618_150337-7js35103
wandb: Run `wandb offline` to turn off syncing.
wandb: Syncing run motndp_xian-v0__PCN-xian-g7__1024__1781787816
wandb: ⭐️ View project at https://wandb.ai/johnario-tu-delft/cl_ablation
wandb: 🚀 View run at https://wandb.ai/johnario-tu-delft/cl_ablation/runs/7js35103
/data/Projects/Assignment for DSAIT/ResearchIDM/mo-transport-network-design/morl-baselines/morl_baselines/multi_policy/pcn/pcn_tndp.py:236: UserWarning: Creating a tensor from a list of numpy.ndarrays is extremely slow. Please consider converting the list to a single numpy.ndarray with numpy.array() before converting to a tensor. (Triggered internally at /pytorch/torch/csrc/utils/tensor_new.cpp:253.)
  th.tensor(obs).to(self.device),
Namespace(env='xian', nr_groups=7, starting_loc_x=9, starting_loc_y=19, nr_stations=20, lr=0.01, batch_size=256, num_er_episodes=100, num_step_episodes=10, num_model_updates=10, num_policies=10, max_buffer_size=200, nr_layers=1, hidden_dim=128, timesteps=30000, no_log=False, seed=1024, cd_threshold=0.2, project_name='cl_ablation', experiment_name='PCN-xian-g7', wandb_entity=None)
step 1920 	 return [0.00272154 0.002935   0.00069041 0.00156368 0.00082347 0.00142949
 0.00108117], ([0.00239215 0.00296183 0.00071101 0.00225224 0.0013565  0.00303729
 0.00103643]) 	 loss 1.958E+00 	 horizons 17.2
step 2110 	 return [0.00283397 0.00285541 0.00425662 0.00388472 0.00261016 0.00237507
 0.00311408], ([0.00225975 0.00252893 0.00225465 0.00450424 0.00190967 0.00324893
 0.0048844 ]) 	 loss 1.478E+00 	 horizons 19.0
step 2300 	 return [0.00791586 0.00454703 0.00380058 0.00376128 0.00093452 0.00108816
 0.00104891], ([0.00467982 0.00252615 0.00189809 0.00181167 0.00099386 0.00108947
 0.00211562]) 	 loss 1.099E+00 	 horizons 19.0
step 2490 	 return [0.00376245 0.00332938 0.00490787 0.00487333 0.00490529 0.00312646
 0.00310275], ([0.00510275 0.0028463  0.00277381 0.00259485 0.00481851 0.002742
 0.00400082]) 	 loss 9.722E-01 	 horizons 19.0
step 2680 	 return [0.00604747 0.00552189 0.00444179 0.00403801 0.00402578 0.00139986
 0.00136356], ([0.00448136 0.00196406 0.00273936 0.00222109 0.00650944 0.00148676
 0.00213476]) 	 loss 9.024E-01 	 horizons 19.0
step 2870 	 return [0.00739329 0.00425494 0.00408945 0.00385087 0.00338467 0.00159084
 0.00208213], ([0.00439267 0.00196668 0.00248974 0.00127815 0.00418665 0.00187446
 0.00334379]) 	 loss 8.301E-01 	 horizons 19.0
step 3060 	 return [0.00156592 0.00336216 0.00523473 0.00314008 0.00822339 0.00388028
 0.00295512], ([0.00396675 0.00242612 0.00228749 0.00191907 0.00484162 0.00288672
 0.00294754]) 	 loss 7.944E-01 	 horizons 19.0
step 3248 	 return [0.00324475 0.00271649 0.00177168 0.00088783 0.00154084 0.00045073
 0.00037121], ([0.00234507 0.00210325 0.00104192 0.0013993  0.00159901 0.00090337
 0.00075199]) 	 loss 8.155E-01 	 horizons 18.8
step 3438 	 return [0.00346318 0.00464049 0.00498833 0.00435628 0.00456966 0.00260949
 0.00367823], ([0.00512425 0.00239732 0.00375823 0.00243345 0.00476289 0.00324362
 0.00396133]) 	 loss 7.672E-01 	 horizons 19.0
step 3628 	 return [0.00725432 0.00417789 0.00502998 0.00583518 0.00333714 0.00329618
 0.00273224], ([0.00396169 0.00229043 0.00324105 0.00390454 0.00473761 0.00367584
 0.00443869]) 	 loss 7.200E-01 	 horizons 19.0
step 3818 	 return [0.00226321 0.00445316 0.00697871 0.00393802 0.0092118  0.0046595
 0.00399166], ([0.00363118 0.00211741 0.00284681 0.00200939 0.00644373 0.00439948
 0.00443598]) 	 loss 7.217E-01 	 horizons 19.0
step 4008 	 return [0.00835486 0.00527515 0.00452794 0.00431837 0.00265157 0.00192174
 0.00087569], ([0.005449   0.00131165 0.00174595 0.00160581 0.00343674 0.00314572
 0.00186549]) 	 loss 7.112E-01 	 horizons 19.0
step 4198 	 return [0.00455253 0.00323996 0.0054278  0.00555909 0.00450867 0.00359582
 0.00333952], ([0.00406285 0.00224422 0.00207231 0.00269316 0.00332306 0.00294245
 0.0039886 ]) 	 loss 6.585E-01 	 horizons 19.0
step 4388 	 return [0.00210765 0.00497845 0.00692759 0.00478837 0.00765194 0.00313952
 0.00290978], ([0.00303109 0.00224399 0.00218666 0.00333915 0.00453934 0.00187131
 0.00260571]) 	 loss 6.642E-01 	 horizons 19.0
step 4578 	 return [0.01098183 0.00560658 0.00317687 0.0033899  0.00078917 0.00060698
 0.00077219], ([0.00291195 0.00207946 0.0014801  0.0020112  0.00102662 0.00071652
 0.00231658]) 	 loss 6.665E-01 	 horizons 19.0
step 4768 	 return [0.00147215 0.00263604 0.00487312 0.00484266 0.00878293 0.00237262
 0.00501495], ([0.00273809 0.00226039 0.00227904 0.002299   0.00535121 0.00212829
 0.00391497]) 	 loss 6.642E-01 	 horizons 19.0
step 4958 	 return [0.00069651 0.00463477 0.00660977 0.00417741 0.00742589 0.00297492
 0.00410775], ([0.00071825 0.00278099 0.00267931 0.00173368 0.00617877 0.00274223
 0.00200921]) 	 loss 6.412E-01 	 horizons 19.0
step 5148 	 return [0.00160779 0.00185678 0.00681778 0.00489955 0.00964924 0.00381033
 0.00578394], ([0.0020174  0.00202685 0.00256011 0.00341283 0.00340309 0.00186123
 0.00284609]) 	 loss 6.188E-01 	 horizons 19.0
step 5338 	 return [0.01089661 0.00560114 0.00267788 0.00298269 0.00098529 0.00033937
 0.        ], ([0.00199778 0.00107215 0.00132429 0.00090785 0.00101525 0.00034905
 0.        ]) 	 loss 6.339E-01 	 horizons 19.0
step 5528 	 return [0.00262312 0.00445371 0.00395672 0.00432631 0.00503896 0.0026135
 0.00340967], ([0.00221014 0.00291412 0.00176611 0.00129374 0.00460685 0.00168666
 0.00242371]) 	 loss 5.899E-01 	 horizons 19.0
step 5718 	 return [0.0091878  0.00567209 0.00592933 0.00549142 0.00227382 0.00158346
 0.00083383], ([0.00382717 0.00224063 0.00293394 0.00362578 0.00318233 0.00210592
 0.00250148]) 	 loss 5.876E-01 	 horizons 19.0
step 5908 	 return [0.00396426 0.00209964 0.00427855 0.00762348 0.00418378 0.00569211
 0.0037353 ], ([0.00313668 0.0015771  0.00200741 0.00251285 0.00319043 0.00375137
 0.00340095]) 	 loss 5.489E-01 	 horizons 19.0
step 6098 	 return [0.01121803 0.00561555 0.00428457 0.00371345 0.00110493 0.00018154
 0.        ], ([0.00291458 0.00135875 0.00143133 0.00058412 0.00118124 0.00054463
 0.        ]) 	 loss 5.652E-01 	 horizons 19.0
step 6288 	 return [0.00299514 0.00525976 0.0055399  0.00482986 0.0057922  0.00305206
 0.0038545 ], ([0.00403568 0.00277936 0.00301842 0.0023815  0.00543388 0.00244492
 0.00316345]) 	 loss 5.394E-01 	 horizons 19.0
step 6478 	 return [0.01284261 0.0062605  0.00302751 0.00310512 0.00041617 0.00012423
 0.        ], ([0.00075745 0.00074265 0.00097987 0.00086738 0.00013883 0.00024848
 0.        ]) 	 loss 5.534E-01 	 horizons 19.0
step 6668 	 return [0.00171881 0.00369749 0.00661706 0.00710607 0.00614664 0.00453566
 0.00405623], ([0.00253976 0.00250059 0.00180701 0.0031567  0.00511243 0.00255978
 0.00491855]) 	 loss 5.180E-01 	 horizons 19.0
step 6858 	 return [0.00253185 0.00493895 0.00646882 0.00505637 0.00791496 0.00238012
 0.00336624], ([0.00233329 0.00199469 0.00404508 0.00330149 0.0067474  0.00283222
 0.0032667 ]) 	 loss 5.071E-01 	 horizons 19.0
step 7048 	 return [0.01180036 0.00565396 0.0038118  0.00330716 0.00100173 0.00020057
 0.        ], ([0.002244   0.0011162  0.00170383 0.00107649 0.00124023 0.00030932
 0.        ]) 	 loss 5.060E-01 	 horizons 19.0
step 7238 	 return [0.00030046 0.00557172 0.00822295 0.00514014 0.00995818 0.00442784
 0.00297877], ([0.00046307 0.00237672 0.00309341 0.0016188  0.00400817 0.00404239
 0.00250167]) 	 loss 4.969E-01 	 horizons 19.0
step 7428 	 return [0.00660772 0.00486348 0.00524813 0.00589622 0.00292733 0.00332144
 0.00140982], ([0.0027784  0.00229886 0.00153766 0.00234569 0.00264741 0.00288264
 0.00322332]) 	 loss 4.904E-01 	 horizons 19.0
step 7618 	 return [0.00045537 0.0035443  0.00638818 0.00269959 0.0132134  0.00477245
 0.00656517], ([0.0013661  0.00272569 0.00216639 0.00159142 0.00479034 0.0021663
 0.00315796]) 	 loss 4.872E-01 	 horizons 19.0
step 7808 	 return [0.00504815 0.00547364 0.00602389 0.00666926 0.00288536 0.00406137
 0.00197292], ([0.00273114 0.00209716 0.00249115 0.00274874 0.00317144 0.00200099
 0.00346232]) 	 loss 5.126E-01 	 horizons 19.0
step 7998 	 return [0.00061618 0.00561356 0.01003249 0.00566512 0.01391203 0.00674743
 0.003113  ], ([0.0010638  0.00242146 0.00252458 0.00232289 0.00567723 0.00468659
 0.00234258]) 	 loss 5.140E-01 	 horizons 19.0
step 8188 	 return [0.00069521 0.00300129 0.00528552 0.00307303 0.01214625 0.00469293
 0.00461941], ([0.00187775 0.00121162 0.00198379 0.00125028 0.00291503 0.00285955
 0.00209264]) 	 loss 4.955E-01 	 horizons 19.0
step 8378 	 return [0.00065664 0.00456701 0.00865128 0.00424461 0.00959083 0.00526063
 0.00283983], ([0.00091335 0.00215927 0.00280719 0.00220407 0.00426163 0.00402954
 0.00247886]) 	 loss 5.464E-01 	 horizons 19.0
step 8568 	 return [0.00052827 0.00366924 0.00698751 0.00492126 0.0102716  0.00469812
 0.00519047], ([0.00127178 0.00281493 0.00174699 0.00316354 0.00405556 0.00172701
 0.0024376 ]) 	 loss 5.050E-01 	 horizons 19.0
step 8758 	 return [0.00078949 0.00360282 0.00640745 0.00421578 0.0092856  0.00458843
 0.00621618], ([0.00161935 0.00238539 0.00207195 0.00198366 0.00311075 0.00201667
 0.00301704]) 	 loss 5.611E-01 	 horizons 19.0
step 8948 	 return [0.013157   0.00596626 0.00303214 0.00324956 0.00083034 0.00013921
 0.        ], ([0.00037123 0.00094023 0.00072222 0.00084653 0.00110414 0.00028084
 0.        ]) 	 loss 5.714E-01 	 horizons 19.0
step 9138 	 return [0.00489895 0.00392696 0.00624783 0.00716186 0.00433836 0.00371408
 0.0033666 ], ([0.00286288 0.00308724 0.0017827  0.00386097 0.00348598 0.00296143
 0.0043952 ]) 	 loss 5.483E-01 	 horizons 19.0
step 9328 	 return [0.00291575 0.00225267 0.00526368 0.0043313  0.01221861 0.00590522
 0.00500525], ([0.00259727 0.00212804 0.00193696 0.00263573 0.00328591 0.0036043
 0.00352917]) 	 loss 5.921E-01 	 horizons 19.0
step 9518 	 return [0.00074162 0.00459116 0.00828691 0.00361673 0.01186978 0.00496188
 0.0022541 ], ([0.001018   0.00240883 0.00292085 0.00115451 0.00239885 0.00430902
 0.00218153]) 	 loss 5.317E-01 	 horizons 19.0
step 9708 	 return [0.00107996 0.00538143 0.0086425  0.00508276 0.01183743 0.0046221
 0.00283626], ([0.00122463 0.00261836 0.00288293 0.00252184 0.00564897 0.00417827
 0.00206643]) 	 loss 5.223E-01 	 horizons 19.0
step 9898 	 return [0.00065762 0.00426785 0.00725889 0.00424431 0.01098389 0.00689766
 0.00380613], ([0.001767   0.00209953 0.00200472 0.00226065 0.00384019 0.00304108
 0.00331274]) 	 loss 5.369E-01 	 horizons 19.0
step 10088 	 return [0.0014816  0.00424028 0.0101779  0.0091785  0.00875284 0.00625138
 0.00350953], ([0.00183354 0.00230601 0.0024626  0.00309349 0.00494827 0.00312116
 0.00341345]) 	 loss 5.311E-01 	 horizons 19.0
step 10278 	 return [0.01247454 0.00637495 0.00236758 0.00308861 0.00032749 0.00033736
 0.        ], ([0.00160485 0.00048529 0.00075904 0.00104543 0.00021445 0.0003474
 0.        ]) 	 loss 5.188E-01 	 horizons 19.0
step 10468 	 return [0.0128059  0.00558723 0.0017536  0.002926   0.00037246 0.00103882
 0.00048917], ([0.0002067  0.00069055 0.00109254 0.00140556 0.00018645 0.0011408
 0.00097834]) 	 loss 4.933E-01 	 horizons 19.0
step 10658 	 return [0.00041304 0.00316215 0.00540467 0.00239666 0.01170933 0.00377619
 0.00531487], ([0.00123913 0.00187628 0.00120635 0.00135571 0.00342355 0.00329799
 0.00278366]) 	 loss 4.647E-01 	 horizons 19.0
step 10848 	 return [0.0051485  0.00307779 0.00461503 0.00814292 0.00740852 0.00500903
 0.00546652], ([0.00066874 0.00250512 0.00169174 0.00169898 0.00380255 0.00266197
 0.00363093]) 	 loss 4.921E-01 	 horizons 19.0
step 11038 	 return [0.00119951 0.0016614  0.00644177 0.00567201 0.00979979 0.0059871
 0.00700487], ([0.00193008 0.00144743 0.00145541 0.0027625  0.00402064 0.00224608
 0.0027917 ]) 	 loss 4.667E-01 	 horizons 19.0
step 11228 	 return [0.00635465 0.00578428 0.00507426 0.00555865 0.00261533 0.00554782
 0.00071516], ([0.00175235 0.00192294 0.00118699 0.00256325 0.00219561 0.00271363
 0.00143034]) 	 loss 4.828E-01 	 horizons 19.0
step 11418 	 return [0.00082473 0.00870157 0.00423986 0.00702971 0.00317993 0.00133232
 0.00441536], ([0.00071697 0.00212272 0.00154285 0.00232347 0.00329079 0.00096184
 0.00147008]) 	 loss 4.724E-01 	 horizons 19.0
step 11608 	 return [0.01248244 0.00631299 0.00191872 0.00263404 0.00041893 0.0004621
 0.        ], ([0.00129505 0.00048027 0.00071131 0.00085362 0.00013993 0.0003143
 0.        ]) 	 loss 4.519E-01 	 horizons 19.0
step 11798 	 return [0.00104115 0.00730472 0.01389236 0.00874673 0.0118486  0.00659538
 0.00348784], ([0.00159066 0.00220982 0.00245285 0.00268807 0.00581424 0.00585795
 0.00235686]) 	 loss 4.241E-01 	 horizons 19.0
step 11988 	 return [1.33603765e-02 5.95913362e-03 3.43460822e-03 4.89129685e-03
 4.62047901e-05 1.92975474e-03 7.06107065e-04], ([0.00299457 0.00149278 0.00260304 0.00136834 0.00013861 0.00216449
 0.0008648 ]) 	 loss 4.507E-01 	 horizons 19.0
step 12178 	 return [0.00131381 0.00205844 0.00659261 0.00516475 0.01489839 0.00664461
 0.00615517], ([0.0016105  0.00141788 0.00202782 0.00209484 0.0030339  0.0029137
 0.00368369]) 	 loss 4.202E-01 	 horizons 19.0
step 12368 	 return [0.00110092 0.0044245  0.00782317 0.0069518  0.01194819 0.00421045
 0.00502772], ([0.0017185  0.00183361 0.00205452 0.00163347 0.00378444 0.00232285
 0.00125925]) 	 loss 4.059E-01 	 horizons 19.0
step 12558 	 return [0.01300183 0.00620745 0.00253427 0.00392077 0.0003238  0.00077689
 0.00048917], ([0.00036541 0.000925   0.0015738  0.00114424 0.00021204 0.00126628
 0.00097834]) 	 loss 4.248E-01 	 horizons 19.0
step 12748 	 return [0.00325329 0.00083021 0.00620851 0.00553254 0.01129339 0.00371722
 0.00653446], ([0.00214793 0.00142423 0.00151528 0.00208435 0.0033216  0.00263308
 0.00258029]) 	 loss 3.929E-01 	 horizons 19.0
step 12938 	 return [0.00011704 0.00425892 0.00815222 0.00393839 0.01361189 0.00536777
 0.00570649], ([0.00035111 0.00230757 0.00223871 0.00168621 0.00207338 0.00202676
 0.0009193 ]) 	 loss 3.964E-01 	 horizons 19.0
step 13128 	 return [0.0062231  0.00597226 0.00450664 0.00512578 0.00327061 0.00480682
 0.0010113 ], ([0.00199435 0.00120558 0.00118156 0.00126418 0.00146103 0.00238187
 0.00155176]) 	 loss 4.367E-01 	 horizons 19.0
step 13318 	 return [0.00031369 0.00369318 0.00773838 0.0070807  0.01262785 0.00362604
 0.00412983], ([0.00094107 0.00096381 0.00156257 0.0026645  0.00270608 0.0020691
 0.00205832]) 	 loss 4.221E-01 	 horizons 19.0
step 13508 	 return [0.         0.00358489 0.00785709 0.00435412 0.01572567 0.00679227
 0.00561149], ([0.         0.00054184 0.00204896 0.00169788 0.00195286 0.00157142
 0.00158194]) 	 loss 4.031E-01 	 horizons 19.0
step 13698 	 return [0.00409549 0.00258858 0.00836991 0.00811191 0.00824293 0.00508122
 0.00471354], ([0.00089029 0.00224807 0.00333794 0.00340523 0.00404877 0.00252242
 0.00176487]) 	 loss 3.964E-01 	 horizons 19.0
step 13888 	 return [0.00621546 0.00388343 0.00878862 0.0094063  0.00143263 0.00295502
 0.        ], ([0.00281555 0.00145436 0.00105219 0.00242507 0.00179324 0.00032984
 0.        ]) 	 loss 3.722E-01 	 horizons 19.0
step 14078 	 return [0.00479728 0.00213215 0.00601358 0.00800545 0.00874094 0.00359902
 0.00379922], ([0.0022302  0.00221077 0.0018569  0.00177133 0.00290008 0.00212896
 0.00222973]) 	 loss 4.077E-01 	 horizons 19.0
step 14268 	 return [0.00465358 0.00193072 0.00657926 0.00989863 0.00906865 0.00317659
 0.00548107], ([0.0018125  0.00221106 0.0015597  0.00152246 0.00398417 0.00183984
 0.00274154]) 	 loss 3.820E-01 	 horizons 19.0
step 14458 	 return [0.00543907 0.00084953 0.00503554 0.00606091 0.01183969 0.00808984
 0.00405236], ([0.00093508 0.00139622 0.00113077 0.00149752 0.0020054  0.00279337
 0.00317896]) 	 loss 3.620E-01 	 horizons 19.0
step 14648 	 return [0.00034896 0.00674853 0.01457442 0.00923344 0.01382052 0.00376935
 0.00470996], ([0.00104689 0.00326748 0.00235395 0.0018885  0.00586042 0.00279108
 0.00234639]) 	 loss 3.238E-01 	 horizons 19.0
step 14838 	 return [0.00478035 0.00716102 0.00374613 0.00499992 0.0034139  0.00732006
 0.00243085], ([0.00102714 0.00125504 0.00128115 0.00085609 0.00230299 0.00134356
 0.00344129]) 	 loss 3.663E-01 	 horizons 19.0
step 15028 	 return [0.00278527 0.00108681 0.00606001 0.00442343 0.01298788 0.00606399
 0.0066508 ], ([0.00201026 0.00137417 0.00233807 0.00165934 0.00231492 0.00298446
 0.00226806]) 	 loss 3.300E-01 	 horizons 19.0
step 15218 	 return [0.01347587 0.00636349 0.00341708 0.00460214 0.         0.00163199
 0.00116216], ([0.00113464 0.00069623 0.00196226 0.00094388 0.         0.00163236
 0.00117885]) 	 loss 3.348E-01 	 horizons 19.0
step 15408 	 return [0.0050357  0.0019759  0.00673667 0.0093808  0.01131704 0.00448911
 0.00559919], ([0.00085101 0.00172334 0.00262275 0.00176453 0.00239402 0.00153589
 0.00317061]) 	 loss 3.595E-01 	 horizons 19.0
step 15598 	 return [0.00606755 0.00090704 0.00598389 0.00847619 0.00945452 0.003409
 0.00641476], ([0.00103592 0.00189716 0.00314945 0.00112425 0.00349754 0.00322417
 0.00162948]) 	 loss 3.480E-01 	 horizons 19.0
step 15788 	 return [0.00216515 0.00460323 0.01184132 0.01131805 0.00272915 0.00677755
 0.00157248], ([0.00147846 0.0013084  0.00338441 0.00158159 0.0024073  0.00235323
 0.00186559]) 	 loss 3.158E-01 	 horizons 19.0
step 15978 	 return [0.00390739 0.00153972 0.00653369 0.00703598 0.01141068 0.00542379
 0.00741438], ([0.00158689 0.00178755 0.00164174 0.00265522 0.00310018 0.00228836
 0.00223092]) 	 loss 3.304E-01 	 horizons 19.0
step 16168 	 return [0.         0.00079712 0.00405337 0.00473509 0.0115372  0.00692511
 0.01037037], ([0.         0.00099435 0.00157087 0.00075064 0.00190343 0.00139222
 0.00179804]) 	 loss 3.586E-01 	 horizons 19.0
step 16358 	 return [0.0005582  0.00524066 0.00999107 0.00923211 0.00829105 0.00597181
 0.00675631], ([0.00116978 0.00170337 0.00264895 0.00121585 0.00343716 0.00243812
 0.00304114]) 	 loss 3.174E-01 	 horizons 19.0
step 16548 	 return [7.9455211e-05 5.6141778e-03 1.2434387e-02 9.4324071e-03 1.0945061e-02
 4.0597036e-03 4.9967514e-03], ([0.00023837 0.00288081 0.00270345 0.00154079 0.00343638 0.00275411
 0.00282177]) 	 loss 3.221E-01 	 horizons 19.0
step 16738 	 return [0.00324416 0.00363297 0.00786163 0.00693685 0.01080238 0.00295166
 0.00695855], ([0.00166979 0.00211806 0.00183895 0.00256683 0.0037445  0.00214292
 0.00279613]) 	 loss 3.376E-01 	 horizons 19.0
step 16928 	 return [6.2122730e-05 7.5758435e-04 5.2733379e-03 4.8725726e-03 1.5237562e-02
 7.1864156e-03 5.9027420e-03], ([0.00018637 0.00123327 0.00157713 0.00119607 0.00291158 0.00179811
 0.00174601]) 	 loss 3.249E-01 	 horizons 19.0
step 17118 	 return [0.00077661 0.00248045 0.00644049 0.00824257 0.01414592 0.00566313
 0.00416649], ([0.00132768 0.00142985 0.00159835 0.00174968 0.00314045 0.00271029
 0.00174803]) 	 loss 3.248E-01 	 horizons 19.0
step 17308 	 return [0.00072335 0.00380752 0.00778651 0.00884372 0.01292715 0.00443719
 0.00500228], ([0.0014605  0.00201913 0.00212255 0.00145721 0.00308643 0.00216681
 0.002272  ]) 	 loss 3.474E-01 	 horizons 19.0
step 17498 	 return [0.01291605 0.00646866 0.00154141 0.0020873  0.00045573 0.00064062
 0.        ], ([1.6894031e-04 3.0774641e-04 1.8915579e-04 9.1023830e-06 9.6177100e-06
 4.6322340e-05 0.0000000e+00]) 	 loss 3.244E-01 	 horizons 19.0
step 17688 	 return [0.00474683 0.00194717 0.00637069 0.00892944 0.01212099 0.00663792
 0.0045459 ], ([0.0018659  0.00222474 0.00123198 0.00133446 0.00377635 0.00346657
 0.00250404]) 	 loss 2.843E-01 	 horizons 19.0
step 17878 	 return [0.         0.00369096 0.00771083 0.0052575  0.01507612 0.00534871
 0.00679397], ([0.         0.00031692 0.00143967 0.00147803 0.00188333 0.0023631
 0.00228067]) 	 loss 2.783E-01 	 horizons 19.0
step 18068 	 return [0.00321258 0.00087124 0.00745013 0.00348517 0.01205606 0.00689024
 0.00768326], ([0.00165856 0.00135053 0.00168397 0.00128173 0.00242466 0.00291167
 0.00116258]) 	 loss 2.907E-01 	 horizons 19.0
step 18258 	 return [0.         0.00363966 0.00710578 0.00480569 0.01599879 0.00555785
 0.00726596], ([0.         0.00143993 0.00148151 0.00122189 0.00194697 0.00187836
 0.00155699]) 	 loss 3.078E-01 	 horizons 19.0
step 18448 	 return [0.00087911 0.00144919 0.00618898 0.00527714 0.01198567 0.00655366
 0.01080966], ([0.0017597  0.00145795 0.0017571  0.00192284 0.00182455 0.00170407
 0.00196071]) 	 loss 3.229E-01 	 horizons 19.0
step 18638 	 return [0.000316   0.00203664 0.00600561 0.00562327 0.01699398 0.00526019
 0.00523719], ([0.00094801 0.0014865  0.0012892  0.00109666 0.00184121 0.00199521
 0.00204186]) 	 loss 3.072E-01 	 horizons 19.0
step 18828 	 return [0.         0.00073424 0.0058006  0.00639987 0.00999074 0.00687737
 0.01311272], ([0.         0.00089994 0.0003282  0.00078217 0.0008598  0.00122006
 0.00223235]) 	 loss 3.285E-01 	 horizons 19.0
step 19018 	 return [0.00182778 0.00337154 0.00958954 0.00723712 0.01353305 0.00719128
 0.00515192], ([0.00226061 0.00253829 0.00213403 0.0021643  0.00335871 0.00311379
 0.00208163]) 	 loss 3.176E-01 	 horizons 19.0
step 19208 	 return [0.00094887 0.00087296 0.004651   0.00720136 0.01514385 0.00752491
 0.00683427], ([0.00132862 0.00117902 0.00165416 0.00155767 0.00329142 0.00324764
 0.00247164]) 	 loss 2.851E-01 	 horizons 19.0
step 19398 	 return [0.00401934 0.00341533 0.00757831 0.00640687 0.01347403 0.0035567
 0.00879242], ([0.00032528 0.00153583 0.00219217 0.00140052 0.00160727 0.00148722
 0.0024243 ]) 	 loss 2.647E-01 	 horizons 19.0
step 19588 	 return [0.00590573 0.00145458 0.002866   0.00806534 0.01207544 0.00607305
 0.0034315 ], ([0.00096473 0.00107811 0.00178517 0.00148403 0.00206517 0.00246531
 0.00248307]) 	 loss 3.013E-01 	 horizons 19.0
step 19778 	 return [0.0035101  0.00655986 0.00296749 0.00472009 0.0020506  0.00498416
 0.00838338], ([0.00062056 0.00090609 0.00063045 0.00119958 0.00182405 0.00173872
 0.00111951]) 	 loss 2.918E-01 	 horizons 19.0
step 19968 	 return [0.00386923 0.00249371 0.00619801 0.00742152 0.01325005 0.00649008
 0.00612237], ([0.00064349 0.00165805 0.0020094  0.00244789 0.00159483 0.0017138
 0.00253878]) 	 loss 2.813E-01 	 horizons 19.0
step 20158 	 return [0.00417359 0.00729322 0.00369668 0.00497879 0.00402434 0.00694787
 0.00382345], ([0.0006709  0.00127948 0.00109481 0.00075923 0.00183723 0.0015395
 0.00368369]) 	 loss 2.956E-01 	 horizons 19.0
step 20348 	 return [0.0036229  0.00285346 0.00606292 0.00474105 0.01065615 0.00577327
 0.00928288], ([0.00037678 0.00144308 0.00147034 0.00112513 0.00127782 0.00112706
 0.00186912]) 	 loss 2.747E-01 	 horizons 19.0
step 20538 	 return [0.0043204  0.00351244 0.00696901 0.00895613 0.01163166 0.00385724
 0.00768842], ([0.00078538 0.00189688 0.00270425 0.00196137 0.00157317 0.00143588
 0.00304483]) 	 loss 2.565E-01 	 horizons 19.0
step 20728 	 return [0.         0.0006852  0.00635408 0.00438668 0.01736368 0.00814416
 0.00656046], ([0.         0.00109089 0.00183881 0.0013517  0.00241222 0.00100954
 0.00200423]) 	 loss 2.602E-01 	 horizons 19.0
step 20918 	 return [0.00430327 0.00197459 0.0058215  0.00427357 0.01144725 0.00615625
 0.01116001], ([0.00053996 0.00138151 0.00232397 0.00153072 0.00159188 0.00191364
 0.00201535]) 	 loss 2.601E-01 	 horizons 19.0
step 21108 	 return [0.00461176 0.00045206 0.00878898 0.00436326 0.0123815  0.00703692
 0.00701803], ([0.00059172 0.00115547 0.00167523 0.0022569  0.00187072 0.00190161
 0.00208711]) 	 loss 2.760E-01 	 horizons 19.0
step 21298 	 return [0.0042349  0.00281972 0.00799827 0.00977969 0.01366034 0.0046314
 0.00423894], ([0.00022822 0.00153805 0.0018394  0.00114432 0.00174833 0.0015155
 0.00253694]) 	 loss 2.569E-01 	 horizons 19.0
step 21488 	 return [0.         0.00213046 0.00544514 0.00907796 0.01205472 0.00608084
 0.0076429 ], ([0.         0.00120291 0.00124444 0.00164593 0.0014399  0.00229618
 0.00218991]) 	 loss 2.759E-01 	 horizons 19.0
step 21678 	 return [0.         0.00451162 0.00892018 0.0095998  0.01395453 0.00265128
 0.00487686], ([0.         0.00183051 0.00260193 0.00114856 0.00178214 0.00212549
 0.00162315]) 	 loss 2.786E-01 	 horizons 19.0
step 21868 	 return [0.         0.00148732 0.00506075 0.00627885 0.01149905 0.0068893
 0.01257724], ([0.         0.00090251 0.00105011 0.0009413  0.00155684 0.00137405
 0.00156479]) 	 loss 2.696E-01 	 horizons 19.0
step 22058 	 return [0.00456753 0.00080755 0.00952276 0.00352147 0.01106829 0.00498371
 0.00563169], ([0.00050246 0.00127821 0.00146415 0.0014307  0.00167987 0.00163537
 0.00189934]) 	 loss 2.639E-01 	 horizons 19.0
step 22248 	 return [0.0049628  0.00658624 0.00464332 0.00538512 0.00609571 0.00728617
 0.00309136], ([0.00105075 0.00146394 0.00128394 0.00043111 0.0023242  0.00155652
 0.00319819]) 	 loss 2.639E-01 	 horizons 19.0
step 22438 	 return [0.00015817 0.00350489 0.00674647 0.0081509  0.01546361 0.00603076
 0.00525323], ([0.0004745  0.00107357 0.00151636 0.00178432 0.00156113 0.00252782
 0.00308197]) 	 loss 2.560E-01 	 horizons 19.0
step 22628 	 return [0.00420152 0.00588372 0.00953389 0.00872489 0.01061256 0.00353989
 0.0086405 ], ([0.00020982 0.00153359 0.00191311 0.00144592 0.00191487 0.00128933
 0.00153798]) 	 loss 2.522E-01 	 horizons 19.0
step 22818 	 return [0.00626999 0.00416949 0.00581665 0.00680149 0.00476773 0.00553254
 0.00318808], ([0.00251363 0.00194611 0.00122295 0.00222525 0.00254484 0.00212109
 0.00324376]) 	 loss 2.309E-01 	 horizons 19.0
step 23008 	 return [0.00411408 0.00292433 0.00842157 0.00854531 0.0139555  0.00455186
 0.00628402], ([0.00040375 0.00121561 0.00255183 0.00177043 0.00218928 0.00281386
 0.00259431]) 	 loss 2.469E-01 	 horizons 19.0
step 23198 	 return [0.00533891 0.00102526 0.00361289 0.00771389 0.01016383 0.00639775
 0.00726705], ([0.00074029 0.00125511 0.00119944 0.00163322 0.0025805  0.00202125
 0.00121168]) 	 loss 2.726E-01 	 horizons 19.0
step 23388 	 return [0.         0.0010766  0.00265855 0.00565216 0.01135177 0.00919321
 0.01367984], ([0.         0.00111574 0.00133574 0.00104666 0.0014974  0.00083864
 0.00317352]) 	 loss 2.346E-01 	 horizons 19.0
step 23578 	 return [0.         0.00167477 0.00371445 0.00580051 0.01054074 0.00789787
 0.01358558], ([0.         0.00147354 0.00127952 0.00082122 0.0015932  0.00077531
 0.00226267]) 	 loss 2.374E-01 	 horizons 19.0
step 23768 	 return [0.00360027 0.00265786 0.00653816 0.01125124 0.01408315 0.00549285
 0.00282837], ([0.00122899 0.00118212 0.00103761 0.00153467 0.00093789 0.00062376
 0.00184047]) 	 loss 2.246E-01 	 horizons 19.0
step 23958 	 return [0.         0.0001971  0.00594213 0.0051232  0.02066979 0.00609485
 0.00580842], ([0.         0.00059131 0.00119914 0.0011523  0.00107346 0.00134406
 0.00139594]) 	 loss 2.675E-01 	 horizons 19.0
step 24148 	 return [0.00400678 0.00307271 0.00670777 0.00617069 0.00941605 0.00559398
 0.00954168], ([0.00065217 0.00147203 0.00177833 0.00124846 0.00218223 0.00155005
 0.00219615]) 	 loss 2.237E-01 	 horizons 19.0
step 24338 	 return [0.00469692 0.00171471 0.00710499 0.00902858 0.00839891 0.00514238
 0.00928175], ([0.00080664 0.00154589 0.0020937  0.00160234 0.00233363 0.00183318
 0.00287537]) 	 loss 2.099E-01 	 horizons 19.0
step 24528 	 return [0.00376392 0.00302839 0.00671941 0.00443774 0.01072238 0.00809547
 0.00848105], ([0.00039131 0.0010123  0.00101833 0.00130221 0.00151633 0.00100302
 0.0007858 ]) 	 loss 2.593E-01 	 horizons 19.0
step 24718 	 return [0.00487646 0.00010613 0.01011682 0.00287169 0.0106404  0.00531281
 0.00650966], ([0.00036661 0.00031839 0.00100162 0.00132275 0.00161751 0.00167741
 0.00184095]) 	 loss 2.437E-01 	 horizons 19.0
step 24908 	 return [0.         0.00360058 0.00878313 0.00941562 0.0133087  0.0073271
 0.00656075], ([0.         0.00110189 0.0015049  0.00144425 0.00224209 0.00168191
 0.00283271]) 	 loss 2.201E-01 	 horizons 19.0
step 25098 	 return [0.0048119  0.00035623 0.00851833 0.00536428 0.01075055 0.00804261
 0.0082818 ], ([0.0006223  0.00106868 0.00075866 0.00094752 0.00138995 0.00115769
 0.0005029 ]) 	 loss 2.237E-01 	 horizons 19.0
step 25288 	 return [0.00387637 0.00286924 0.00522839 0.00852574 0.01216898 0.00636356
 0.00752032], ([0.00035139 0.00052981 0.00141111 0.00105229 0.00194486 0.00097212
 0.00115331]) 	 loss 2.415E-01 	 horizons 19.0
step 25478 	 return [0.00428495 0.0019376  0.00813646 0.01046782 0.00961326 0.00597195
 0.0071131 ], ([0.00062564 0.00170737 0.00197071 0.00157372 0.00184576 0.00078653
 0.00196945]) 	 loss 2.339E-01 	 horizons 19.0
step 25668 	 return [0.         0.0001963  0.00329232 0.00545936 0.01174635 0.00898871
 0.01432058], ([0.         0.0005889  0.00116902 0.00131136 0.00178937 0.00136389
 0.00103748]) 	 loss 2.119E-01 	 horizons 19.0
step 25858 	 return [0.00499716 0.00084658 0.01132115 0.00377786 0.01531143 0.00768655
 0.00564731], ([0.00052077 0.0013268  0.00129285 0.00124075 0.00205288 0.00139956
 0.00244421]) 	 loss 2.433E-01 	 horizons 19.0
step 26048 	 return [0.0050765  0.00120085 0.00873333 0.0082072  0.01484246 0.0039561
 0.01048216], ([0.00075296 0.00163534 0.00260637 0.0005067  0.00182712 0.00194256
 0.00133605]) 	 loss 2.231E-01 	 horizons 19.0
step 26238 	 return [0.00390285 0.00246455 0.00326009 0.0056576  0.01471379 0.00782434
 0.01153638], ([9.5533404e-05 3.1672287e-04 1.1163353e-03 1.3387128e-03 1.3407454e-03
 1.0106117e-03 2.0843598e-03]) 	 loss 1.905E-01 	 horizons 19.0
step 26428 	 return [0.         0.00066605 0.00367371 0.00529821 0.01198182 0.00867711
 0.01256627], ([0.         0.00105994 0.00148847 0.00113211 0.00250811 0.00099261
 0.00198861]) 	 loss 2.166E-01 	 horizons 19.0
step 26618 	 return [0.00617526 0.00508267 0.00520796 0.0051038  0.00590692 0.0073073
 0.00301715], ([0.00138194 0.0006656  0.00104237 0.00096179 0.00168025 0.00082911
 0.00102514]) 	 loss 1.753E-01 	 horizons 19.0
step 26808 	 return [0.00424306 0.00531815 0.00970427 0.00980547 0.01030583 0.00351762
 0.00846683], ([0.00014524 0.00221333 0.00250154 0.00228464 0.00329011 0.00078005
 0.00228282]) 	 loss 1.955E-01 	 horizons 19.0
step 26998 	 return [0.00415205 0.00523399 0.00960884 0.00951385 0.0104988  0.0013421
 0.00935706], ([0.00025776 0.00129417 0.00190203 0.00120862 0.00203702 0.00169252
 0.00054135]) 	 loss 1.872E-01 	 horizons 19.0
step 27188 	 return [0.00438602 0.00406225 0.00837969 0.00619484 0.01117013 0.00453279
 0.00859094], ([0.00025806 0.00212418 0.00163513 0.00152274 0.00143766 0.00217168
 0.00152748]) 	 loss 1.783E-01 	 horizons 19.0
step 27378 	 return [0.         0.00278386 0.0051724  0.00582142 0.01081807 0.00827816
 0.01339478], ([0.         0.00041996 0.00111888 0.00066204 0.00134156 0.00120955
 0.00177717]) 	 loss 1.979E-01 	 horizons 19.0
step 27568 	 return [0.00388027 0.00323723 0.00775284 0.00883937 0.01268681 0.00535476
 0.00383275], ([0.00027026 0.00078158 0.00105407 0.00114479 0.00155753 0.00093082
 0.00142607]) 	 loss 1.864E-01 	 horizons 19.0
step 27758 	 return [0.00372318 0.0035554  0.00681608 0.01156632 0.00846975 0.00777535
 0.00585569], ([0.00071638 0.00091134 0.00070005 0.00122739 0.00151228 0.00133727
 0.00173844]) 	 loss 2.018E-01 	 horizons 19.0
step 27948 	 return [0.00330417 0.00357537 0.00691632 0.01125777 0.00806783 0.00681059
 0.00733127], ([0.0011377  0.00085329 0.00062305 0.00202427 0.00114996 0.00178658
 0.00283675]) 	 loss 1.827E-01 	 horizons 19.0
step 28138 	 return [0.00510913 0.00039039 0.00933498 0.00753751 0.01120488 0.00456187
 0.00980515], ([0.00050623 0.00081542 0.00185322 0.00091385 0.00207536 0.00160287
 0.00229684]) 	 loss 1.712E-01 	 horizons 19.0
step 28328 	 return [0.0043098  0.00349867 0.0107582  0.00468417 0.01510335 0.00453119
 0.00972405], ([4.3649696e-05 3.3900834e-04 2.1607388e-04 1.8566058e-03 1.2176023e-03
 1.5161105e-03 1.3534471e-03]) 	 loss 1.706E-01 	 horizons 19.0
step 28518 	 return [0.         0.00291482 0.00476738 0.00585378 0.00894676 0.008839
 0.01279085], ([0.         0.00040316 0.00127229 0.0014215  0.00161968 0.00114801
 0.00260315]) 	 loss 1.780E-01 	 horizons 19.0
step 28708 	 return [0.00406781 0.00304801 0.0099115  0.00588904 0.00782776 0.0053225
 0.00959893], ([0.00026648 0.00106274 0.00058304 0.001858   0.00170682 0.00230737
 0.00203139]) 	 loss 1.633E-01 	 horizons 19.0
step 28898 	 return [0.00523256 0.00382528 0.00451707 0.00662729 0.00498232 0.00579314
 0.0074627 ], ([0.00117399 0.00186413 0.00165198 0.00262664 0.00257175 0.00046799
 0.00129032]) 	 loss 1.727E-01 	 horizons 19.0
step 29088 	 return [0.00558992 0.00095609 0.00508667 0.00724063 0.01222949 0.00435997
 0.00885365], ([0.00087186 0.00137709 0.00095761 0.0022717  0.00199359 0.00130728
 0.00190469]) 	 loss 1.697E-01 	 horizons 19.0
step 29278 	 return [0.00330248 0.00323618 0.00422812 0.00423818 0.01251383 0.00789997
 0.00901306], ([0.00025792 0.0003017  0.00066703 0.00134001 0.00119572 0.00084299
 0.00081778]) 	 loss 1.580E-01 	 horizons 19.0
step 29468 	 return [0.00376985 0.00345606 0.00734285 0.00497624 0.00732669 0.00548399
 0.01281756], ([2.2912404e-04 9.0535970e-05 7.1968185e-04 8.3149946e-04 9.8130084e-04
 1.3373377e-03 9.4719912e-04]) 	 loss 1.369E-01 	 horizons 19.0
step 29658 	 return [0.00029815 0.00079972 0.006068   0.00467143 0.01846538 0.00615241
 0.00649265], ([0.00060532 0.00125741 0.00119427 0.00094086 0.00293301 0.00218162
 0.00199407]) 	 loss 1.414E-01 	 horizons 19.0
step 29848 	 return [0.00372934 0.00354489 0.0069831  0.01215029 0.00876984 0.00614535
 0.0058998 ], ([0.00036966 0.00088875 0.00081224 0.0018052  0.00080893 0.00140479
 0.00269037]) 	 loss 1.501E-01 	 horizons 19.0
step 30038 	 return [0.         0.0043926  0.01081571 0.01148701 0.01312705 0.00522826
 0.00807529], ([0.         0.00124776 0.00159221 0.00217586 0.00206045 0.00234447
 0.00253822]) 	 loss 1.508E-01 	 horizons 19.0
[1;34mwandb[0m: 
[1;34mwandb[0m: 🚀 View run [33mmotndp_xian-v0__PCN-xian-g7__1024__1781787816[0m at: [34mhttps://wandb.ai/johnario-tu-delft/cl_ablation/runs/7js35103[0m
[1;34mwandb[0m: Find logs at: [1;35mwandb/run-20260618_150337-7js35103/logs[0m
