nohup: ignoring input
ENV=xian  GROUPS_LIST=3 5 7 10  NR_STATIONS=20  HIDDEN_DIM=128  PAR=10
CONFIGS=l0 temporal spatial spatiotemporal
SEEDS=42 123 456 789 1024
project=cl_ablation  entity=<default>

start xian_g3_l0_s42
start xian_g3_l0_s123
start xian_g3_l0_s456
start xian_g3_l0_s789
start xian_g3_l0_s1024
start xian_g3_temporal_s42
start xian_g3_temporal_s123
start xian_g3_temporal_s456
start xian_g3_temporal_s789
start xian_g3_temporal_s1024
OK    xian_g3_temporal_s1024
start xian_g3_spatial_s42
OK    xian_g3_temporal_s42
start xian_g3_spatial_s123
OK    xian_g3_l0_s456
start xian_g3_spatial_s456
OK    xian_g3_temporal_s456
start xian_g3_spatial_s789
OK    xian_g3_temporal_s123
start xian_g3_spatial_s1024
OK    xian_g3_temporal_s789
start xian_g3_spatiotemporal_s42
OK    xian_g3_l0_s123
start xian_g3_spatiotemporal_s123
OK    xian_g3_l0_s789
start xian_g3_spatiotemporal_s456
OK    xian_g3_l0_s42
start xian_g3_spatiotemporal_s789
OK    xian_g3_l0_s1024
start xian_g3_spatiotemporal_s1024
OK    xian_g3_spatiotemporal_s456
start xian_g5_l0_s42
OK    xian_g3_spatial_s42
start xian_g5_l0_s123
OK    xian_g3_spatiotemporal_s789
start xian_g5_l0_s456
OK    xian_g3_spatial_s456
start xian_g5_l0_s789
OK    xian_g3_spatiotemporal_s123
start xian_g5_l0_s1024
OK    xian_g3_spatial_s789
start xian_g5_temporal_s42
OK    xian_g3_spatial_s123
start xian_g5_temporal_s123
OK    xian_g3_spatiotemporal_s42
start xian_g5_temporal_s456
OK    xian_g3_spatial_s1024
start xian_g5_temporal_s789
OK    xian_g3_spatiotemporal_s1024
start xian_g5_temporal_s1024
OK    xian_g5_temporal_s456
start xian_g5_spatial_s42
OK    xian_g5_l0_s1024
start xian_g5_spatial_s123
OK    xian_g5_l0_s42
start xian_g5_spatial_s456
OK    xian_g5_temporal_s789
start xian_g5_spatial_s789
OK    xian_g5_temporal_s42
start xian_g5_spatial_s1024
OK    xian_g5_l0_s789
start xian_g5_spatiotemporal_s42
OK    xian_g5_l0_s456
start xian_g5_spatiotemporal_s123
OK    xian_g5_l0_s123
start xian_g5_spatiotemporal_s456
OK    xian_g5_temporal_s1024
start xian_g5_spatiotemporal_s789
OK    xian_g5_temporal_s123
start xian_g5_spatiotemporal_s1024
OK    xian_g5_spatial_s42
start xian_g7_l0_s42
OK    xian_g5_spatial_s123
start xian_g7_l0_s123
OK    xian_g5_spatial_s1024
start xian_g7_l0_s456
OK    xian_g5_spatiotemporal_s456
start xian_g7_l0_s789
OK    xian_g5_spatiotemporal_s42
start xian_g7_l0_s1024
OK    xian_g5_spatial_s456
start xian_g7_temporal_s42
OK    xian_g5_spatial_s789
start xian_g7_temporal_s123
OK    xian_g5_spatiotemporal_s789
start xian_g7_temporal_s456
OK    xian_g5_spatiotemporal_s123
start xian_g7_temporal_s789
OK    xian_g5_spatiotemporal_s1024
start xian_g7_temporal_s1024
OK    xian_g7_l0_s42
start xian_g7_spatial_s42
OK    xian_g7_temporal_s123
start xian_g7_spatial_s123
OK    xian_g7_l0_s789
start xian_g7_spatial_s456
OK    xian_g7_temporal_s456
start xian_g7_spatial_s789
OK    xian_g7_l0_s1024
start xian_g7_spatial_s1024
OK    xian_g7_temporal_s42
start xian_g7_spatiotemporal_s42
OK    xian_g7_l0_s456
start xian_g7_spatiotemporal_s123
OK    xian_g7_l0_s123
start xian_g7_spatiotemporal_s456
OK    xian_g7_temporal_s1024
start xian_g7_spatiotemporal_s789
OK    xian_g7_temporal_s789
start xian_g7_spatiotemporal_s1024
OK    xian_g7_spatial_s42
start xian_g10_l0_s42
OK    xian_g7_spatial_s456
start xian_g10_l0_s123
OK    xian_g7_spatial_s123
start xian_g10_l0_s456
OK    xian_g7_spatiotemporal_s456
start xian_g10_l0_s789
OK    xian_g7_spatial_s1024
start xian_g10_l0_s1024
OK    xian_g7_spatiotemporal_s42
start xian_g10_temporal_s42
OK    xian_g7_spatiotemporal_s123
start xian_g10_temporal_s123
OK    xian_g7_spatial_s789
start xian_g10_temporal_s456
OK    xian_g7_spatiotemporal_s789
start xian_g10_temporal_s789
OK    xian_g7_spatiotemporal_s1024
start xian_g10_temporal_s1024
OK    xian_g10_l0_s42
start xian_g10_spatial_s42
OK    xian_g10_l0_s123
start xian_g10_spatial_s123
OK    xian_g10_l0_s789
start xian_g10_spatial_s456
OK    xian_g10_l0_s456
start xian_g10_spatial_s789
OK    xian_g10_temporal_s123
start xian_g10_spatial_s1024
OK    xian_g10_l0_s1024
start xian_g10_spatiotemporal_s42
OK    xian_g10_temporal_s1024
start xian_g10_spatiotemporal_s123
OK    xian_g10_temporal_s42
start xian_g10_spatiotemporal_s456
OK    xian_g10_temporal_s789
start xian_g10_spatiotemporal_s789
OK    xian_g10_temporal_s456
start xian_g10_spatiotemporal_s1024
OK    xian_g10_spatial_s42
OK    xian_g10_spatial_s456
OK    xian_g10_spatial_s789
OK    xian_g10_spatial_s123
OK    xian_g10_spatial_s1024
OK    xian_g10_spatiotemporal_s123
OK    xian_g10_spatiotemporal_s456
OK    xian_g10_spatiotemporal_s42
OK    xian_g10_spatiotemporal_s789
OK    xian_g10_spatiotemporal_s1024

All runs finished. Logs: logs/gcn_ablation/  (re-run this script to resume any FAIL/missing).
ENV=amsterdam  GROUPS_LIST=3 5 7 10  NR_STATIONS=10  HIDDEN_DIM=128  PAR=10
CONFIGS=l0 temporal spatial spatiotemporal
SEEDS=42 123 456 789 1024
project=cl_ablation  entity=<default>

start amsterdam_g3_l0_s42
start amsterdam_g3_l0_s123
start amsterdam_g3_l0_s456
start amsterdam_g3_l0_s789
start amsterdam_g3_l0_s1024
start amsterdam_g3_temporal_s42
start amsterdam_g3_temporal_s123
start amsterdam_g3_temporal_s456
start amsterdam_g3_temporal_s789
start amsterdam_g3_temporal_s1024
OK    amsterdam_g3_l0_s123
start amsterdam_g3_spatial_s42
OK    amsterdam_g3_l0_s1024
start amsterdam_g3_spatial_s123
OK    amsterdam_g3_l0_s789
start amsterdam_g3_spatial_s456
OK    amsterdam_g3_temporal_s1024
start amsterdam_g3_spatial_s789
OK    amsterdam_g3_temporal_s456
start amsterdam_g3_spatial_s1024
OK    amsterdam_g3_l0_s456
start amsterdam_g3_spatiotemporal_s42
OK    amsterdam_g3_temporal_s789
start amsterdam_g3_spatiotemporal_s123
OK    amsterdam_g3_temporal_s42
start amsterdam_g3_spatiotemporal_s456
OK    amsterdam_g3_temporal_s123
start amsterdam_g3_spatiotemporal_s789
OK    amsterdam_g3_l0_s42
start amsterdam_g3_spatiotemporal_s1024
OK    amsterdam_g3_spatial_s123
start amsterdam_g5_l0_s42
OK    amsterdam_g3_spatial_s42
start amsterdam_g5_l0_s123
OK    amsterdam_g3_spatial_s1024
start amsterdam_g5_l0_s456
OK    amsterdam_g3_spatial_s456
start amsterdam_g5_l0_s789
OK    amsterdam_g3_spatiotemporal_s42
start amsterdam_g5_l0_s1024
OK    amsterdam_g3_spatiotemporal_s456
start amsterdam_g5_temporal_s42
OK    amsterdam_g3_spatiotemporal_s789
start amsterdam_g5_temporal_s123
OK    amsterdam_g3_spatial_s789
start amsterdam_g5_temporal_s456
OK    amsterdam_g3_spatiotemporal_s123
start amsterdam_g5_temporal_s789
OK    amsterdam_g3_spatiotemporal_s1024
start amsterdam_g5_temporal_s1024
OK    amsterdam_g5_l0_s42
start amsterdam_g5_spatial_s42
OK    amsterdam_g5_l0_s123
start amsterdam_g5_spatial_s123
OK    amsterdam_g5_l0_s789
start amsterdam_g5_spatial_s456
OK    amsterdam_g5_temporal_s1024
start amsterdam_g5_spatial_s789
OK    amsterdam_g5_temporal_s456
start amsterdam_g5_spatial_s1024
OK    amsterdam_g5_l0_s456
start amsterdam_g5_spatiotemporal_s42
OK    amsterdam_g5_temporal_s123
start amsterdam_g5_spatiotemporal_s123
OK    amsterdam_g5_l0_s1024
start amsterdam_g5_spatiotemporal_s456
OK    amsterdam_g5_temporal_s42
start amsterdam_g5_spatiotemporal_s789
OK    amsterdam_g5_temporal_s789
start amsterdam_g5_spatiotemporal_s1024
OK    amsterdam_g5_spatial_s123
start amsterdam_g7_l0_s42
OK    amsterdam_g5_spatial_s42
start amsterdam_g7_l0_s123
OK    amsterdam_g5_spatial_s456
start amsterdam_g7_l0_s456
OK    amsterdam_g5_spatial_s789
start amsterdam_g7_l0_s789
OK    amsterdam_g5_spatial_s1024
start amsterdam_g7_l0_s1024
OK    amsterdam_g5_spatiotemporal_s456
start amsterdam_g7_temporal_s42
OK    amsterdam_g5_spatiotemporal_s1024
start amsterdam_g7_temporal_s123
OK    amsterdam_g5_spatiotemporal_s789
start amsterdam_g7_temporal_s456
OK    amsterdam_g5_spatiotemporal_s123
start amsterdam_g7_temporal_s789
OK    amsterdam_g5_spatiotemporal_s42
start amsterdam_g7_temporal_s1024
OK    amsterdam_g7_l0_s42
start amsterdam_g7_spatial_s42
OK    amsterdam_g7_l0_s123
start amsterdam_g7_spatial_s123
OK    amsterdam_g7_l0_s456
start amsterdam_g7_spatial_s456
OK    amsterdam_g7_l0_s1024
start amsterdam_g7_spatial_s789
OK    amsterdam_g7_l0_s789
start amsterdam_g7_spatial_s1024
OK    amsterdam_g7_temporal_s456
start amsterdam_g7_spatiotemporal_s42
OK    amsterdam_g7_temporal_s789
start amsterdam_g7_spatiotemporal_s123
OK    amsterdam_g7_temporal_s1024
start amsterdam_g7_spatiotemporal_s456
OK    amsterdam_g7_temporal_s42
start amsterdam_g7_spatiotemporal_s789
OK    amsterdam_g7_temporal_s123
start amsterdam_g7_spatiotemporal_s1024
OK    amsterdam_g7_spatial_s123
start amsterdam_g10_l0_s42
OK    amsterdam_g7_spatial_s456
start amsterdam_g10_l0_s123
OK    amsterdam_g7_spatial_s42
start amsterdam_g10_l0_s456
OK    amsterdam_g7_spatial_s789
start amsterdam_g10_l0_s789
OK    amsterdam_g7_spatiotemporal_s42
start amsterdam_g10_l0_s1024
OK    amsterdam_g7_spatial_s1024
start amsterdam_g10_temporal_s42
OK    amsterdam_g7_spatiotemporal_s456
start amsterdam_g10_temporal_s123
OK    amsterdam_g7_spatiotemporal_s789
start amsterdam_g10_temporal_s456
OK    amsterdam_g7_spatiotemporal_s123
start amsterdam_g10_temporal_s789
OK    amsterdam_g7_spatiotemporal_s1024
start amsterdam_g10_temporal_s1024
OK    amsterdam_g10_l0_s456
start amsterdam_g10_spatial_s42
OK    amsterdam_g10_l0_s42
start amsterdam_g10_spatial_s123
OK    amsterdam_g10_l0_s123
start amsterdam_g10_spatial_s456
OK    amsterdam_g10_l0_s789
start amsterdam_g10_spatial_s789
OK    amsterdam_g10_l0_s1024
start amsterdam_g10_spatial_s1024
OK    amsterdam_g10_temporal_s789
start amsterdam_g10_spatiotemporal_s42
OK    amsterdam_g10_temporal_s123
start amsterdam_g10_spatiotemporal_s123
OK    amsterdam_g10_temporal_s42
start amsterdam_g10_spatiotemporal_s456
OK    amsterdam_g10_temporal_s1024
start amsterdam_g10_spatiotemporal_s789
OK    amsterdam_g10_temporal_s456
start amsterdam_g10_spatiotemporal_s1024
OK    amsterdam_g10_spatial_s456
OK    amsterdam_g10_spatial_s1024
OK    amsterdam_g10_spatial_s42
OK    amsterdam_g10_spatial_s123
OK    amsterdam_g10_spatiotemporal_s42
OK    amsterdam_g10_spatiotemporal_s123
