/home/SinJ/mo-transport-network-design/.venv/lib/python3.13/site-packages/pygame/pkgdata.py:25: UserWarning: pkg_resources is deprecated as an API. See https://setuptools.pypa.io/en/latest/pkg_resources.html. The pkg_resources package is slated for removal as early as 2025-11-30. Refrain from using this package or pin to Setuptools<81.
  from pkg_resources import resource_stream, resource_exists
wandb: [wandb.login()] Loaded credentials for https://api.wandb.ai from /home/SinJ/.netrc.
wandb: Currently logged in as: jingyuan-sun03 (jingyuan-sun03-tu-delft) to https://api.wandb.ai. Use `wandb login --relogin` to force relogin
wandb: setting up run 1jzvqcch
wandb: Tracking run with wandb version 0.27.2
wandb: Run data is saved locally in /home/SinJ/mo-transport-network-design/wandb/run-20260615_120929-1jzvqcch
wandb: Run `wandb offline` to turn off syncing.
wandb: Syncing run motndp_amsterdam-v0__GCN-amsterdam-g10-temporal__123__1781518169
wandb: ⭐️ View project at https://wandb.ai/jingyuan-sun03-tu-delft/cl_ablation
wandb: 🚀 View run at https://wandb.ai/jingyuan-sun03-tu-delft/cl_ablation/runs/1jzvqcch
/home/SinJ/mo-transport-network-design/morl-baselines/morl_baselines/multi_policy/gcn/gcn.py:151: UserWarning: Creating a tensor from a list of numpy.ndarrays is extremely slow. Please consider converting the list to a single numpy.ndarray with numpy.array() before converting to a tensor. (Triggered internally at /pytorch/torch/csrc/utils/tensor_new.cpp:253.)
  th.tensor(obs).to(self.device),
Namespace(env='amsterdam', nr_groups=10, starting_loc_x=9, starting_loc_y=19, nr_stations=10, lr=0.01, batch_size=256, num_er_episodes=100, num_step_episodes=10, num_model_updates=10, num_policies=10, max_buffer_size=200, nr_layers=1, hidden_dim=128, timesteps=30000, no_log=False, seed=123, cd_threshold=0.2, distance_ref='interpolate2', gcn_lambda=0.0, lambda_schedule='cosine', lambda_start=1.0, lambda_end=0.0, lambda_warmup_fraction=0.1, lambda_freeze_fraction=0.1, spatial_alpha=0.0, include_demand_context=False, criterion='lorenz', nash_mode='pareto_sized', nash_top_k=None, nash_shift=0.0, project_name='cl_ablation', experiment_name='GCN-amsterdam-g10-temporal', wandb_entity=None)
step 990 	 return [0.         0.00020833 0.00066567 0.00241244 0.0034695  0.00126748
 0.00117634 0.00123032 0.00155255 0.00066689], ([0.         0.000625   0.00092975 0.00345326 0.00421811 0.00194316
 0.0012688  0.00276363 0.00291303 0.00133512]) 	 loss 2.026E+00 	 horizons 9.0
step 1080 	 return [0.         0.00073021 0.00080973 0.00079633 0.00146191 0.00127976
 0.0016218  0.00215278 0.001985   0.00136059], ([0.         0.00219062 0.00147099 0.00163062 0.00156441 0.00242951
 0.00216442 0.00296973 0.00288682 0.00211065]) 	 loss 1.792E+00 	 horizons 9.0
step 1170 	 return [0.0000000e+00 5.9617676e-05 1.6543585e-04 3.6077743e-04 1.9891832e-03
 7.2687195e-04 1.1492635e-03 2.0770526e-03 1.9099114e-03 1.7740767e-03], ([0.         0.00017885 0.00049631 0.00108233 0.00161754 0.00152668
 0.00153691 0.00269186 0.00269221 0.00284447]) 	 loss 1.322E+00 	 horizons 9.0
step 1260 	 return [0.         0.00163469 0.00088781 0.00142927 0.001998   0.00042078
 0.00143854 0.00066928 0.00097581 0.0005419 ], ([0.         0.0017952  0.00155741 0.00290347 0.0016492  0.00126235
 0.00189206 0.00059231 0.00151887 0.00162569]) 	 loss 1.145E+00 	 horizons 9.0
step 1350 	 return [0.0000000e+00 0.0000000e+00 6.3613872e-04 1.8080160e-03 2.6296095e-03
 9.3274452e-05 6.5865187e-04 7.3815655e-04 1.1555463e-03 0.0000000e+00], ([0.         0.         0.00100785 0.00229216 0.00343054 0.00027982
 0.0004277  0.0018424  0.00251588 0.        ]) 	 loss 1.052E+00 	 horizons 9.0
step 1440 	 return [0.         0.00033241 0.00122819 0.00099207 0.00134774 0.00019596
 0.00119268 0.00131233 0.00128546 0.        ], ([0.         0.00070991 0.00129539 0.00172941 0.00170712 0.00046377
 0.00086017 0.0017485  0.0018063  0.        ]) 	 loss 1.021E+00 	 horizons 9.0
step 1530 	 return [0.         0.0007322  0.00136042 0.00547759 0.00607603 0.
 0.00131099 0.00104372 0.00063275 0.        ], ([0.         0.00146474 0.0011126  0.0038001  0.00345404 0.
 0.00061305 0.00192934 0.00165647 0.        ]) 	 loss 1.010E+00 	 horizons 9.0
step 1620 	 return [0.         0.00064671 0.00135714 0.00093385 0.0020958  0.0001557
 0.00106303 0.00152266 0.00119669 0.        ], ([0.         0.00138718 0.00127048 0.00113648 0.00350554 0.00034984
 0.0006699  0.00185014 0.00185833 0.        ]) 	 loss 9.936E-01 	 horizons 9.0
step 1710 	 return [0.         0.00344909 0.00114709 0.00485838 0.00529057 0.
 0.00135049 0.00035571 0.00023482 0.        ], ([0.         0.00248336 0.00109636 0.00339612 0.00290303 0.
 0.00071555 0.00051578 0.00046991 0.        ]) 	 loss 9.597E-01 	 horizons 9.0
step 1800 	 return [0.         0.         0.         0.00063197 0.00415986 0.0049764
 0.00394268 0.00345381 0.00136572 0.0062657 ], ([0.         0.         0.         0.00189592 0.00337342 0.00142306
 0.00173665 0.00265824 0.0025977  0.00283514]) 	 loss 9.276E-01 	 horizons 9.0
step 1890 	 return [0.         0.00470647 0.00104035 0.00299837 0.00333955 0.
 0.00101855 0.00027435 0.00029498 0.        ], ([0.         0.00161661 0.0011261  0.0027563  0.00196331 0.
 0.00071443 0.00035119 0.00045557 0.        ]) 	 loss 8.816E-01 	 horizons 9.0
step 1980 	 return [0.         0.00341528 0.00113452 0.00444159 0.00443654 0.
 0.0011244  0.00082259 0.0004807  0.        ], ([0.         0.00203659 0.00134512 0.00377066 0.00345019 0.
 0.00069743 0.00056809 0.00049148 0.        ]) 	 loss 8.840E-01 	 horizons 9.0
step 2070 	 return [0.         0.0010258  0.00130762 0.0042918  0.00282096 0.
 0.00074199 0.00110891 0.00039838 0.00020713], ([0.         0.00187735 0.00118862 0.00334031 0.00271164 0.
 0.00036192 0.00194798 0.00058131 0.00062139]) 	 loss 8.273E-01 	 horizons 9.0
step 2160 	 return [0.         0.         0.         0.         0.00272828 0.00600277
 0.0050398  0.00490343 0.00522277 0.00648456], ([0.         0.         0.         0.         0.00043618 0.0018747
 0.00081757 0.00325849 0.00357629 0.00141874]) 	 loss 8.253E-01 	 horizons 9.0
step 2250 	 return [0.         0.00070847 0.00055137 0.00832675 0.01184464 0.
 0.00273578 0.00015606 0.         0.        ], ([0.         0.00164452 0.00110284 0.00330623 0.00278943 0.
 0.00086263 0.00046817 0.         0.        ]) 	 loss 7.695E-01 	 horizons 9.0
step 2340 	 return [0.         0.00032961 0.00125326 0.00283992 0.0032242  0.00046896
 0.00132177 0.00271254 0.00147459 0.00047714], ([0.         0.00098884 0.00102797 0.00247715 0.00329021 0.00119879
 0.00089702 0.00283982 0.00256071 0.00143143]) 	 loss 7.687E-01 	 horizons 9.0
step 2430 	 return [0.         0.00034507 0.00021751 0.00714106 0.01306179 0.00230197
 0.00334938 0.         0.         0.        ], ([0.         0.00103522 0.00065252 0.00256352 0.00389895 0.00164724
 0.00070306 0.         0.         0.        ]) 	 loss 7.409E-01 	 horizons 9.0
step 2520 	 return [0.         0.00408817 0.00318142 0.00497053 0.00282632 0.
 0.00066818 0.00036819 0.00021329 0.        ], ([0.0000000e+00 2.3371191e-03 6.1583222e-04 2.5221950e-03 1.9833921e-03
 0.0000000e+00 5.1250219e-05 4.0517576e-04 4.3708176e-04 0.0000000e+00]) 	 loss 7.160E-01 	 horizons 9.0
step 2610 	 return [0.00012637 0.00043895 0.00144736 0.00039821 0.00161097 0.
 0.0016855  0.00370347 0.0026399  0.        ], ([0.00037911 0.00087866 0.0012993  0.00078168 0.00156196 0.
 0.00086366 0.00185217 0.00322437 0.        ]) 	 loss 6.741E-01 	 horizons 9.0
step 2700 	 return [0.00013579 0.00037306 0.00099453 0.00111632 0.00200694 0.00037749
 0.00133357 0.00454957 0.00284    0.00037285], ([0.00040737 0.00111919 0.00110321 0.00314403 0.00285276 0.00113248
 0.00099501 0.00165445 0.0030282  0.0007475 ]) 	 loss 6.343E-01 	 horizons 9.0
step 2790 	 return [0.         0.         0.00157804 0.00066097 0.00143249 0.00027882
 0.00163814 0.00153503 0.00083297 0.        ], ([0.         0.         0.0007839  0.0007006  0.00079298 0.00046185
 0.00087629 0.00134977 0.00055836 0.        ]) 	 loss 6.125E-01 	 horizons 9.0
step 2880 	 return [0.         0.         0.         0.         0.0029127  0.00613537
 0.00466662 0.00388572 0.00348337 0.00709577], ([0.         0.         0.         0.         0.0006856  0.0015626
 0.00140158 0.00308322 0.00371622 0.00117362]) 	 loss 6.325E-01 	 horizons 9.0
step 2970 	 return [0.         0.         0.         0.         0.00327952 0.00432625
 0.00286954 0.00675362 0.00326043 0.00521206], ([0.         0.         0.         0.         0.00082279 0.00110932
 0.00219397 0.00252324 0.00225234 0.00263081]) 	 loss 5.838E-01 	 horizons 9.0
step 3060 	 return [0.0000000e+00 0.0000000e+00 7.5695245e-04 1.3665392e-04 1.1498292e-03
 4.7337824e-05 1.5808919e-03 5.0905431e-03 3.3088282e-03 7.0102379e-04], ([0.         0.         0.00099605 0.00040996 0.00153606 0.00014201
 0.00101988 0.00178831 0.00311476 0.00086813]) 	 loss 5.800E-01 	 horizons 9.0
step 3150 	 return [0.00012029 0.         0.00149538 0.00032213 0.00118034 0.
 0.00235515 0.00361239 0.00182901 0.        ], ([0.00036086 0.         0.00057801 0.00033683 0.00079023 0.
 0.00080605 0.00028921 0.0020597  0.        ]) 	 loss 5.552E-01 	 horizons 9.0
step 3240 	 return [0.         0.         0.         0.00693566 0.01224259 0.00205396
 0.00333536 0.         0.         0.        ], ([0.         0.         0.         0.00342605 0.00353895 0.00141049
 0.00094501 0.         0.         0.        ]) 	 loss 5.716E-01 	 horizons 9.0
step 3330 	 return [1.8284144e-04 6.7791450e-05 1.5043769e-03 3.0111807e-04 7.3947362e-04
 0.0000000e+00 2.0236752e-03 3.3080340e-03 1.8105969e-03 0.0000000e+00], ([0.00040588 0.00013898 0.00075052 0.00032949 0.00080287 0.
 0.00091538 0.00098142 0.00191479 0.        ]) 	 loss 5.725E-01 	 horizons 9.0
step 3420 	 return [0.0000000e+00 2.7756221e-05 1.6154808e-03 3.1715661e-04 1.0535866e-03
 0.0000000e+00 2.3539225e-03 3.9315782e-03 2.0803590e-03 0.0000000e+00], ([0.0000000e+00 8.3268656e-05 1.0292942e-03 5.1163917e-04 9.4041531e-04
 0.0000000e+00 9.3927328e-04 1.2366297e-03 2.2897883e-03 0.0000000e+00]) 	 loss 5.506E-01 	 horizons 9.0
step 3510 	 return [0.00023358 0.         0.00183953 0.00019943 0.00168915 0.
 0.00202871 0.00427784 0.00096689 0.        ], ([0.00046983 0.         0.00080548 0.00042512 0.00090446 0.
 0.00099241 0.00142238 0.00124542 0.        ]) 	 loss 5.598E-01 	 horizons 9.0
step 3600 	 return [0.         0.00462416 0.00293862 0.00285369 0.00093567 0.
 0.00064356 0.00046351 0.00084051 0.        ], ([0.0000000e+00 8.3711161e-04 7.8798778e-04 1.9843001e-03 1.0223382e-03
 0.0000000e+00 3.1936030e-05 2.0451320e-04 4.2887550e-04 0.0000000e+00]) 	 loss 5.187E-01 	 horizons 9.0
step 3690 	 return [0.0001356  0.00263097 0.0028891  0.0034893  0.00342384 0.00037772
 0.00104339 0.00104208 0.00036149 0.        ], ([0.00040681 0.00183406 0.00064812 0.00260748 0.00173163 0.00113316
 0.00066029 0.00143149 0.00055325 0.        ]) 	 loss 4.961E-01 	 horizons 9.0
step 3780 	 return [0.         0.         0.         0.         0.00298506 0.00740394
 0.00535103 0.00619579 0.00535172 0.00588325], ([0.0000000e+00 0.0000000e+00 0.0000000e+00 0.0000000e+00 4.5528614e-05
 6.6747190e-04 1.4258713e-03 2.5359427e-03 3.6964931e-03 1.2851880e-03]) 	 loss 4.876E-01 	 horizons 9.0
step 3870 	 return [0.         0.         0.00114341 0.         0.00289526 0.00214998
 0.00170242 0.00555837 0.00256698 0.00174373], ([0.         0.         0.00124202 0.         0.00115153 0.00169492
 0.00140943 0.00208639 0.00334482 0.00232579]) 	 loss 4.707E-01 	 horizons 9.0
step 3960 	 return [0.         0.         0.         0.         0.00289067 0.00639191
 0.00454825 0.00498105 0.00390061 0.00664358], ([0.         0.         0.         0.         0.00016547 0.00199254
 0.00179097 0.00239656 0.00344709 0.00133895]) 	 loss 4.516E-01 	 horizons 9.0
step 4050 	 return [0.00026017 0.         0.00145151 0.         0.0032242  0.00282446
 0.00150401 0.00589763 0.00245554 0.00077455], ([0.00052097 0.         0.0012722  0.         0.00120628 0.00215744
 0.00074979 0.00089346 0.00320945 0.00158351]) 	 loss 4.604E-01 	 horizons 9.0
step 4140 	 return [0.00012571 0.         0.00191072 0.00012328 0.00250436 0.
 0.00218458 0.00409318 0.00064975 0.        ], ([0.00037713 0.         0.00066598 0.00036983 0.0009856  0.
 0.0008356  0.00065004 0.00083948 0.        ]) 	 loss 4.534E-01 	 horizons 9.0
step 4230 	 return [0.         0.         0.         0.         0.00302424 0.0079943
 0.00592316 0.00851016 0.00754054 0.00494006], ([0.0000000e+00 0.0000000e+00 0.0000000e+00 0.0000000e+00 6.8621239e-06
 7.2506780e-04 1.6394582e-04 1.0820614e-03 2.5135144e-03 3.0833625e-04]) 	 loss 4.422E-01 	 horizons 9.0
step 4320 	 return [0.         0.00036336 0.00047985 0.01108971 0.01451107 0.00035709
 0.00296604 0.         0.         0.        ], ([0.         0.00109008 0.00096803 0.00238471 0.00269277 0.00107126
 0.00057369 0.         0.         0.        ]) 	 loss 4.513E-01 	 horizons 9.0
step 4410 	 return [0.         0.         0.         0.         0.00288205 0.00698571
 0.00510844 0.00606703 0.00251823 0.00725992], ([0.         0.         0.         0.         0.00019638 0.00170133
 0.00137428 0.00160407 0.00384717 0.00167517]) 	 loss 3.960E-01 	 horizons 9.0
step 4500 	 return [0.         0.00288434 0.00298625 0.00599112 0.00159642 0.
 0.00087075 0.00050877 0.00041299 0.        ], ([0.         0.00191011 0.00070756 0.00249929 0.00158279 0.
 0.00037905 0.00026424 0.00050943 0.        ]) 	 loss 4.101E-01 	 horizons 9.0
step 4590 	 return [0.00025601 0.0001709  0.0022355  0.00077103 0.0045441  0.00194388
 0.00256843 0.00385722 0.00055021 0.00055798], ([0.0005132  0.00051269 0.00090559 0.0023131  0.00114864 0.0025736
 0.00184156 0.0018987  0.00165062 0.00167393]) 	 loss 4.021E-01 	 horizons 9.0
step 4680 	 return [2.1826857e-04 2.6679718e-05 1.9309114e-03 5.2250928e-04 1.5731314e-03
 0.0000000e+00 1.9515890e-03 3.7075740e-03 1.1385402e-03 0.0000000e+00], ([4.3685659e-04 8.0039157e-05 8.4051630e-04 5.7021953e-04 7.6043251e-04
 0.0000000e+00 9.7083719e-04 4.7879419e-04 1.6921741e-03 0.0000000e+00]) 	 loss 3.985E-01 	 horizons 9.0
step 4770 	 return [0.         0.0026466  0.00225468 0.01129786 0.00969773 0.
 0.00215203 0.00048945 0.         0.        ], ([0.         0.00208334 0.00113246 0.00095522 0.00165757 0.
 0.00070831 0.00074766 0.         0.        ]) 	 loss 4.155E-01 	 horizons 9.0
step 4860 	 return [0.         0.00038857 0.00086959 0.00913221 0.00797118 0.00053724
 0.00201999 0.00014968 0.         0.        ], ([0.         0.00078626 0.00122225 0.00248002 0.00201054 0.00109644
 0.00069598 0.00044904 0.         0.        ]) 	 loss 4.048E-01 	 horizons 9.0
step 4950 	 return [0.         0.         0.         0.01128287 0.01599491 0.00032614
 0.00294082 0.         0.         0.        ], ([0.         0.         0.         0.00214127 0.00200464 0.00097843
 0.00057502 0.         0.         0.        ]) 	 loss 3.965E-01 	 horizons 9.0
step 5040 	 return [2.3734235e-04 6.7874862e-05 1.7968088e-03 3.9131995e-04 1.2710862e-03
 0.0000000e+00 2.6901581e-03 3.6375460e-03 4.1556550e-04 0.0000000e+00], ([0.00047567 0.00013606 0.00081249 0.00049945 0.0009218  0.
 0.00120052 0.00059468 0.00063743 0.        ]) 	 loss 3.878E-01 	 horizons 9.0
step 5130 	 return [1.05399384e-04 2.66797178e-05 1.72926835e-03 4.29330859e-04
 1.37454667e-03 0.00000000e+00 2.36912235e-03 4.47889511e-03
 1.40256679e-03 0.00000000e+00], ([3.1619813e-04 8.0039157e-05 9.9845254e-04 6.5721927e-04 8.3096355e-04
 0.0000000e+00 1.2324101e-03 1.5931344e-03 2.4987138e-03 0.0000000e+00]) 	 loss 4.026E-01 	 horizons 9.0
step 5220 	 return [0.00012088 0.         0.00174888 0.00010145 0.00344544 0.00040962
 0.00223997 0.00497811 0.00192986 0.00047171], ([0.00036265 0.         0.00064049 0.00030434 0.00127008 0.00122885
 0.0009164  0.00086295 0.00255703 0.00141514]) 	 loss 3.775E-01 	 horizons 9.0
step 5310 	 return [0.         0.00583441 0.0038237  0.00369819 0.00161867 0.
 0.00065215 0.0004469  0.0003409  0.        ], ([0.0000000e+00 1.1845839e-03 7.2144467e-04 1.2578360e-03 1.1551710e-03
 0.0000000e+00 4.2274893e-05 2.5907988e-04 4.2314435e-04 0.0000000e+00]) 	 loss 4.243E-01 	 horizons 9.0
step 5400 	 return [0.         0.00439323 0.00362265 0.00682657 0.00204672 0.
 0.00066779 0.00038049 0.00016108 0.        ], ([0.0000000e+00 6.8675604e-04 8.4536598e-04 1.3042695e-03 1.2408665e-03
 0.0000000e+00 3.4820237e-05 3.2074552e-04 3.2313867e-04 0.0000000e+00]) 	 loss 3.917E-01 	 horizons 9.0
step 5490 	 return [0.         0.         0.         0.         0.00318724 0.00522037
 0.00357138 0.00482062 0.00387256 0.00658113], ([0.         0.         0.         0.         0.00090152 0.00183865
 0.00265523 0.00262804 0.00305585 0.00227979]) 	 loss 3.925E-01 	 horizons 9.0
step 5580 	 return [0.00011635 0.00237112 0.00272678 0.0065655  0.00295337 0.
 0.00163572 0.00107133 0.00072383 0.        ], ([0.00034906 0.00157964 0.00060653 0.00366814 0.00197868 0.
 0.00041143 0.00161403 0.00047767 0.        ]) 	 loss 4.197E-01 	 horizons 9.0
step 5670 	 return [0.         0.00400786 0.00286276 0.00389897 0.00104071 0.
 0.0009872  0.00059122 0.00101932 0.        ], ([0.         0.00025236 0.00090221 0.00343374 0.00059597 0.
 0.00051644 0.00015439 0.00015851 0.        ]) 	 loss 3.667E-01 	 horizons 9.0
step 5760 	 return [0.00024527 0.         0.00199812 0.         0.00449862 0.00419704
 0.00208307 0.00622534 0.         0.        ], ([0.0004906  0.         0.00040114 0.         0.00060928 0.00095595
 0.00070976 0.00070559 0.         0.        ]) 	 loss 3.377E-01 	 horizons 9.0
step 5850 	 return [0.00048353 0.         0.00182469 0.         0.004728   0.00354391
 0.00163226 0.00605391 0.00111707 0.0009698 ], ([0.0005922  0.         0.00093446 0.         0.00129717 0.00118922
 0.00087534 0.00093925 0.00223447 0.00194081]) 	 loss 3.239E-01 	 horizons 9.0
step 5940 	 return [0.         0.00507609 0.00244217 0.00993651 0.00841937 0.
 0.00186557 0.00048447 0.         0.        ], ([0.         0.0009297  0.00089884 0.00179258 0.00083495 0.
 0.00067353 0.00074008 0.         0.        ]) 	 loss 3.314E-01 	 horizons 9.0
step 6030 	 return [0.0000000e+00 4.9539339e-03 2.9173833e-03 6.0293539e-03 4.6405224e-03
 0.0000000e+00 1.4836888e-03 3.8754399e-04 9.9271034e-05 0.0000000e+00], ([0.         0.00109773 0.00106336 0.00197906 0.00119483 0.
 0.00071856 0.00052854 0.00029781 0.        ]) 	 loss 3.193E-01 	 horizons 9.0
step 6120 	 return [0.         0.         0.         0.         0.00302552 0.006453
 0.0050203  0.00477674 0.00448499 0.00527141], ([0.         0.         0.         0.         0.00057482 0.00137231
 0.002483   0.00283525 0.00247777 0.00161895]) 	 loss 3.142E-01 	 horizons 9.0
step 6210 	 return [0.         0.         0.         0.         0.00294872 0.00488194
 0.00529117 0.0055346  0.00508261 0.00541273], ([0.         0.         0.         0.         0.00061425 0.0013819
 0.0019586  0.00262448 0.00279182 0.00207386]) 	 loss 3.339E-01 	 horizons 9.0
step 6300 	 return [3.3669439e-04 3.1882282e-05 1.9679235e-03 3.3203646e-04 1.9135142e-03
 0.0000000e+00 2.3164116e-03 3.9016791e-03 4.2798166e-04 0.0000000e+00], ([5.1687867e-04 9.5646850e-05 3.8001616e-04 5.3489004e-04 6.0816848e-04
 0.0000000e+00 1.1474916e-03 5.1041285e-04 6.5464957e-04 0.0000000e+00]) 	 loss 3.284E-01 	 horizons 9.0
step 6390 	 return [0.         0.         0.         0.         0.00266815 0.00396845
 0.0013597  0.00762588 0.00619521 0.00461182], ([0.         0.         0.         0.         0.00064989 0.00015111
 0.00185928 0.00191848 0.00213409 0.00227137]) 	 loss 3.485E-01 	 horizons 9.0
step 6480 	 return [0.         0.0039745  0.00251807 0.00280172 0.00130327 0.
 0.00088029 0.00074375 0.00111692 0.        ], ([0.         0.00038166 0.00063586 0.00278035 0.00021942 0.
 0.00044694 0.00016249 0.0001699  0.        ]) 	 loss 3.252E-01 	 horizons 9.0
step 6570 	 return [0.         0.         0.         0.00842636 0.01735749 0.00048311
 0.00300905 0.00017952 0.         0.        ], ([0.         0.         0.         0.00145519 0.0013549  0.00096621
 0.00061195 0.00053857 0.         0.        ]) 	 loss 3.098E-01 	 horizons 9.0
step 6660 	 return [0.         0.00207766 0.00405133 0.00562312 0.00360522 0.
 0.00087329 0.00064262 0.         0.        ], ([0.         0.00116294 0.0009198  0.00193479 0.00112305 0.
 0.00037642 0.00037439 0.         0.        ]) 	 loss 3.105E-01 	 horizons 9.0
step 6750 	 return [0.         0.00570419 0.00374713 0.00508573 0.00110569 0.
 0.00068398 0.00056713 0.00034506 0.        ], ([0.0000000e+00 8.3354744e-04 7.5718033e-04 1.0914804e-03 9.6722570e-04
 0.0000000e+00 3.0219282e-05 2.0615727e-04 4.2490003e-04 0.0000000e+00]) 	 loss 3.032E-01 	 horizons 9.0
step 6840 	 return [0.00011182 0.00024725 0.00230918 0.00068504 0.00171113 0.
 0.00204853 0.00113442 0.00079672 0.        ], ([0.00033546 0.00063097 0.00041008 0.00024435 0.00080306 0.
 0.00064546 0.00087072 0.00036336 0.        ]) 	 loss 2.936E-01 	 horizons 9.0
step 6930 	 return [0.         0.0040674  0.00287975 0.00507644 0.00280434 0.
 0.00119639 0.00074351 0.00085888 0.        ], ([0.         0.00087689 0.00044323 0.00197165 0.00206994 0.
 0.00058376 0.00037553 0.00072284 0.        ]) 	 loss 2.585E-01 	 horizons 9.0
step 7020 	 return [0.         0.         0.         0.         0.00356299 0.00441673
 0.00121124 0.00554182 0.0006209  0.00846705], ([0.         0.         0.         0.         0.00076593 0.0008656
 0.00096791 0.00210579 0.00094844 0.00063443]) 	 loss 3.006E-01 	 horizons 9.0
step 7110 	 return [0.         0.00419455 0.0033236  0.00573038 0.00428561 0.
 0.00141602 0.00042663 0.00012787 0.        ], ([0.         0.0008759  0.00059044 0.00251161 0.00123168 0.
 0.00066468 0.00046076 0.00038361 0.        ]) 	 loss 2.617E-01 	 horizons 9.0
step 7200 	 return [0.         0.0039069  0.00413491 0.0059745  0.00132208 0.
 0.00078581 0.0006008  0.0001789  0.        ], ([0.         0.00065327 0.00065156 0.00134578 0.00070064 0.
 0.00034617 0.00012958 0.00035847 0.        ]) 	 loss 2.922E-01 	 horizons 9.0
step 7290 	 return [5.2041840e-05 2.7062566e-05 9.1863860e-04 7.4759487e-04 9.5713447e-04
 0.0000000e+00 2.4070132e-03 3.9082919e-03 2.2151982e-03 0.0000000e+00], ([1.5612552e-04 8.1187703e-05 1.0616133e-03 3.5806949e-04 5.1777944e-04
 0.0000000e+00 9.6568593e-04 9.8304474e-04 1.9087471e-03 0.0000000e+00]) 	 loss 2.638E-01 	 horizons 9.0
step 7380 	 return [0.         0.0052743  0.00428696 0.00507177 0.00250059 0.
 0.00065125 0.00033604 0.         0.        ], ([0.0000000e+00 6.2075979e-04 4.1239592e-04 8.1340823e-04 9.1059768e-04
 0.0000000e+00 4.3814936e-05 2.8976548e-04 0.0000000e+00 0.0000000e+00]) 	 loss 2.652E-01 	 horizons 9.0
step 7470 	 return [0.         0.         0.00186573 0.         0.00312867 0.
 0.00190985 0.00598264 0.00321596 0.00033983], ([0.         0.         0.00065611 0.         0.00062951 0.
 0.00059126 0.00112136 0.00191726 0.00101948]) 	 loss 2.625E-01 	 horizons 9.0
step 7560 	 return [0.         0.         0.         0.         0.00279537 0.00522808
 0.00529473 0.00569294 0.00607094 0.00668867], ([0.         0.         0.         0.         0.00017931 0.00236267
 0.00121292 0.00293085 0.00323315 0.00121314]) 	 loss 2.594E-01 	 horizons 9.0
step 7650 	 return [0.         0.00237093 0.00264338 0.01119861 0.01048326 0.
 0.00258526 0.00051116 0.         0.        ], ([0.         0.00089021 0.00053402 0.00087708 0.00153125 0.
 0.00045817 0.00078081 0.         0.        ]) 	 loss 2.480E-01 	 horizons 9.0
step 7740 	 return [0.         0.         0.         0.         0.00310321 0.00442871
 0.00515352 0.00551207 0.         0.00947926], ([0.         0.         0.         0.         0.00083883 0.00012993
 0.00024492 0.000805   0.         0.00155439]) 	 loss 2.387E-01 	 horizons 9.0
step 7830 	 return [0.         0.         0.         0.         0.00302035 0.00439779
 0.00545336 0.00631134 0.00054701 0.00842488], ([0.         0.         0.         0.         0.00073634 0.00038087
 0.00052186 0.00137412 0.00164103 0.00152717]) 	 loss 2.594E-01 	 horizons 9.0
step 7920 	 return [0.0000000e+00 3.1269316e-03 2.8510028e-03 6.9570527e-03 5.7407869e-03
 0.0000000e+00 1.4706468e-03 1.0920411e-03 9.9485878e-05 0.0000000e+00], ([0.         0.00066268 0.00047505 0.00148607 0.00154588 0.
 0.00050857 0.00049896 0.00029846 0.        ]) 	 loss 2.765E-01 	 horizons 9.0
step 8010 	 return [0.         0.00186121 0.00207509 0.01035613 0.01164572 0.00036359
 0.0028475  0.00052134 0.         0.        ], ([0.         0.00189822 0.00084397 0.00183961 0.00144448 0.00109077
 0.00067523 0.00079637 0.         0.        ]) 	 loss 2.685E-01 	 horizons 9.0
step 8100 	 return [0.0000000e+00 6.3875280e-03 4.3904278e-03 3.9690183e-03 3.4945451e-03
 0.0000000e+00 6.5999234e-04 4.5885059e-05 0.0000000e+00 0.0000000e+00], ([0.0000000e+00 8.4756187e-04 1.3097934e-04 6.2458869e-04 4.2649283e-04
 0.0000000e+00 2.9827621e-05 1.3765517e-04 0.0000000e+00 0.0000000e+00]) 	 loss 2.708E-01 	 horizons 9.0
step 8190 	 return [0.         0.007056   0.00431224 0.00379452 0.00341339 0.
 0.00065964 0.         0.         0.        ], ([0.0000000e+00 3.2239311e-04 4.8441297e-04 9.4189297e-04 7.6030236e-05
 0.0000000e+00 2.5752099e-05 0.0000000e+00 0.0000000e+00 0.0000000e+00]) 	 loss 2.298E-01 	 horizons 9.0
step 8280 	 return [0.         0.00259322 0.0031541  0.00564057 0.00647922 0.
 0.00233482 0.00014893 0.         0.        ], ([0.         0.00071717 0.00076896 0.0016546  0.0011195  0.
 0.00042306 0.0004468  0.         0.        ]) 	 loss 2.227E-01 	 horizons 9.0
step 8370 	 return [0.         0.         0.00285219 0.00117791 0.00193521 0.
 0.00214787 0.00426781 0.0007535  0.        ], ([0.         0.         0.00061915 0.00058925 0.00046011 0.
 0.00065029 0.00070515 0.00115099 0.        ]) 	 loss 2.392E-01 	 horizons 9.0
step 8460 	 return [0.         0.         0.00254332 0.00099447 0.00220989 0.
 0.00234523 0.00526256 0.00112054 0.        ], ([0.         0.         0.00064005 0.00066552 0.00058624 0.
 0.00032491 0.00047381 0.00179352 0.        ]) 	 loss 2.349E-01 	 horizons 9.0
step 8550 	 return [0.         0.         0.         0.         0.00338456 0.00578541
 0.00497454 0.00492093 0.00168039 0.00820533], ([0.         0.         0.         0.         0.00087109 0.00146622
 0.00131488 0.00208742 0.00336136 0.00168863]) 	 loss 2.050E-01 	 horizons 9.0
step 8640 	 return [0.         0.00528652 0.00441424 0.0050028  0.00391895 0.
 0.00067928 0.         0.         0.        ], ([0.0000000e+00 5.3884106e-04 1.9816917e-04 1.0669044e-03 6.4448098e-04
 0.0000000e+00 2.1709920e-05 0.0000000e+00 0.0000000e+00 0.0000000e+00]) 	 loss 2.268E-01 	 horizons 9.0
step 8730 	 return [0.         0.         0.         0.         0.002958   0.00702415
 0.00482159 0.00763615 0.00637177 0.00605252], ([0.         0.         0.         0.         0.00015852 0.00156867
 0.00187122 0.00208729 0.00333252 0.00143308]) 	 loss 2.229E-01 	 horizons 9.0
step 8820 	 return [0.         0.00129919 0.00269145 0.01202857 0.00878922 0.
 0.00251422 0.00016333 0.         0.        ], ([0.         0.00087646 0.00074464 0.00205667 0.00141039 0.
 0.00017484 0.00048998 0.         0.        ]) 	 loss 1.784E-01 	 horizons 9.0
step 8910 	 return [0.         0.         0.         0.012034   0.01698321 0.
 0.00251228 0.         0.         0.        ], ([0.         0.         0.         0.00135893 0.00076176 0.
 0.00026184 0.         0.         0.        ]) 	 loss 2.148E-01 	 horizons 9.0
step 9000 	 return [0.         0.         0.         0.00775627 0.01782151 0.0004847
 0.00244484 0.0007092  0.         0.        ], ([0.         0.         0.         0.00129979 0.00120922 0.0009694
 0.00065903 0.00086893 0.         0.        ]) 	 loss 1.972E-01 	 horizons 9.0
step 9090 	 return [0.         0.00610277 0.00353705 0.00356165 0.00077895 0.
 0.00063497 0.00050392 0.00073072 0.        ], ([0.0000000e+00 8.6705224e-04 3.9584396e-04 1.8726857e-03 4.2168002e-04
 0.0000000e+00 4.2831587e-05 1.6753285e-04 2.5412170e-04 0.0000000e+00]) 	 loss 1.786E-01 	 horizons 9.0
step 9180 	 return [0.         0.         0.00040023 0.0078517  0.00985507 0.00099549
 0.00302001 0.         0.         0.        ], ([0.         0.         0.00074768 0.00244889 0.00138949 0.00152081
 0.00063215 0.         0.         0.        ]) 	 loss 1.947E-01 	 horizons 9.0
step 9270 	 return [0.         0.         0.00203322 0.00025045 0.00169269 0.
 0.00237091 0.00533824 0.00344624 0.        ], ([0.         0.         0.0003812  0.00051188 0.00014915 0.
 0.0003262  0.00027624 0.00146534 0.        ]) 	 loss 2.052E-01 	 horizons 9.0
step 9360 	 return [0.         0.         0.00161738 0.00027097 0.0016863  0.
 0.0026202  0.0045859  0.00215642 0.        ], ([0.         0.         0.00058217 0.00042294 0.00032895 0.
 0.00043495 0.00057848 0.00149613 0.        ]) 	 loss 1.948E-01 	 horizons 9.0
step 9450 	 return [0.         0.         0.         0.         0.00321839 0.00544096
 0.00574715 0.00714605 0.00616685 0.0062502 ], ([0.         0.         0.         0.         0.00076694 0.00144826
 0.00073944 0.00274196 0.00328665 0.001297  ]) 	 loss 1.745E-01 	 horizons 9.0
step 9540 	 return [0.         0.00503754 0.00211664 0.00825497 0.00773923 0.
 0.00195091 0.00082846 0.00025983 0.        ], ([0.         0.00084164 0.00082445 0.00253638 0.00053565 0.
 0.00053951 0.00072782 0.0007795  0.        ]) 	 loss 2.083E-01 	 horizons 9.0
step 9630 	 return [0.         0.         0.         0.         0.00300881 0.00843811
 0.00574884 0.00682418 0.00335135 0.00659991], ([0.0000000e+00 0.0000000e+00 0.0000000e+00 0.0000000e+00 1.5828857e-05
 1.1349362e-03 2.3205280e-04 2.1029254e-03 4.1045519e-03 2.2216009e-03]) 	 loss 1.715E-01 	 horizons 9.0
step 9720 	 return [0.         0.         0.         0.00776702 0.01813463 0.00096903
 0.0016827  0.00138564 0.         0.        ], ([0.         0.         0.         0.00149286 0.00062949 0.00118682
 0.0005506  0.00069356 0.         0.        ]) 	 loss 1.775E-01 	 horizons 9.0
step 9810 	 return [2.4884869e-04 3.1397962e-05 2.4922451e-03 3.6490007e-04 1.5024508e-03
 0.0000000e+00 2.1568039e-03 3.7465370e-03 1.4627756e-03 0.0000000e+00], ([4.9769756e-04 9.4193907e-05 4.7375180e-04 5.9540087e-04 1.5381526e-04
 0.0000000e+00 1.0117702e-03 5.5277732e-04 1.0167006e-03 0.0000000e+00]) 	 loss 1.707E-01 	 horizons 9.0
step 9900 	 return [0.         0.         0.         0.         0.0043866  0.00493019
 0.00563252 0.00763798 0.00585214 0.00634193], ([0.         0.         0.         0.         0.00082101 0.0009113
 0.00020454 0.00172132 0.00383163 0.00201588]) 	 loss 1.948E-01 	 horizons 9.0
step 9990 	 return [0.         0.0019421  0.0026428  0.00786216 0.00795932 0.
 0.00244471 0.00131418 0.         0.        ], ([0.         0.00061943 0.00030219 0.00092002 0.00016099 0.
 0.00065717 0.00065726 0.         0.        ]) 	 loss 1.760E-01 	 horizons 9.0
step 10080 	 return [0.         0.00282406 0.00368047 0.00777256 0.00088742 0.
 0.00087406 0.0005257  0.00090225 0.        ], ([0.0000000e+00 8.2685571e-04 5.2592583e-04 7.8778155e-04 5.4789276e-04
 0.0000000e+00 4.7460146e-04 1.6156046e-04 5.7254794e-05 0.0000000e+00]) 	 loss 1.687E-01 	 horizons 9.0
step 10170 	 return [0.         0.00513182 0.0015611  0.00571227 0.00804914 0.
 0.00207214 0.00158446 0.00025983 0.        ], ([0.0000000e+00 8.1151229e-04 5.2138814e-04 1.8957809e-03 4.5325965e-04
 0.0000000e+00 8.0239501e-05 2.2120457e-04 7.7949493e-04 0.0000000e+00]) 	 loss 1.699E-01 	 horizons 9.0
step 10260 	 return [0.         0.00585019 0.00031727 0.01051478 0.00818088 0.
 0.0024501  0.         0.         0.        ], ([0.         0.00086777 0.00095181 0.00048562 0.0002885  0.
 0.00033519 0.         0.         0.        ]) 	 loss 1.605E-01 	 horizons 9.0
step 10350 	 return [0.         0.         0.         0.00972738 0.01866058 0.
 0.00240335 0.         0.         0.        ], ([0.         0.         0.         0.00100686 0.00080259 0.
 0.00011401 0.         0.         0.        ]) 	 loss 1.421E-01 	 horizons 9.0
step 10440 	 return [0.         0.         0.         0.00640512 0.01152372 0.00494922
 0.00402432 0.00104906 0.         0.0009533 ], ([0.         0.         0.         0.00347577 0.00430021 0.00259874
 0.00068619 0.00209812 0.         0.00190661]) 	 loss 1.381E-01 	 horizons 9.0
step 10530 	 return [0.         0.00351493 0.00393708 0.00693721 0.0010585  0.
 0.00067771 0.00057551 0.0004444  0.        ], ([0.0000000e+00 2.9387744e-04 6.5990112e-04 1.1833443e-03 7.3448772e-04
 0.0000000e+00 5.0328152e-05 1.3992289e-04 4.4553724e-04 0.0000000e+00]) 	 loss 1.953E-01 	 horizons 9.0
step 10620 	 return [0.0002301  0.         0.00250689 0.00063897 0.00148062 0.
 0.00232389 0.00367185 0.00075839 0.        ], ([0.00046215 0.         0.00070391 0.00067453 0.00027269 0.
 0.00106167 0.00059412 0.00097178 0.        ]) 	 loss 1.707E-01 	 horizons 9.0
step 10710 	 return [0.         0.         0.         0.         0.00381544 0.00553386
 0.00564301 0.00854423 0.00754942 0.00539235], ([0.         0.         0.         0.         0.00101112 0.00145038
 0.00031074 0.00073992 0.00251776 0.00089158]) 	 loss 1.583E-01 	 horizons 9.0
step 10800 	 return [0.0000000e+00 5.7303021e-03 3.9723678e-03 5.2081607e-03 4.6394388e-03
 0.0000000e+00 7.1280263e-04 7.4257528e-05 0.0000000e+00 0.0000000e+00], ([0.0000000e+00 3.9295646e-04 4.2556672e-04 2.0954374e-03 6.9284945e-04
 0.0000000e+00 2.1970036e-05 2.2277256e-04 0.0000000e+00 0.0000000e+00]) 	 loss 1.533E-01 	 horizons 9.0
step 10890 	 return [0.         0.00110443 0.00255903 0.01080401 0.01131334 0.
 0.00286525 0.         0.         0.        ], ([0.         0.00148811 0.0003834  0.00016592 0.00142187 0.
 0.00069851 0.         0.         0.        ]) 	 loss 1.558E-01 	 horizons 9.0
step 10980 	 return [0.         0.         0.00227175 0.00105938 0.00235923 0.
 0.00218944 0.00526414 0.0017366  0.        ], ([0.         0.         0.00067541 0.00055695 0.0003767  0.
 0.00015805 0.0003477  0.00193965 0.        ]) 	 loss 1.742E-01 	 horizons 9.0
step 11070 	 return [0.         0.00071243 0.00188264 0.01162562 0.00937057 0.
 0.0030503  0.         0.         0.        ], ([0.         0.00087254 0.00098501 0.00080931 0.00099021 0.
 0.0006178  0.         0.         0.        ]) 	 loss 1.562E-01 	 horizons 9.0
step 11160 	 return [0.         0.00522501 0.00237851 0.00588307 0.00700989 0.
 0.00212878 0.00059006 0.         0.        ], ([0.         0.00074787 0.00080002 0.00180869 0.00042507 0.
 0.00061234 0.00052733 0.         0.        ]) 	 loss 1.481E-01 	 horizons 9.0
step 11250 	 return [0.         0.00430423 0.00194399 0.00541681 0.0078282  0.00032529
 0.00331363 0.00033423 0.         0.        ], ([0.         0.00154284 0.00075024 0.0019723  0.00060706 0.00097586
 0.0006631  0.00066846 0.         0.        ]) 	 loss 1.372E-01 	 horizons 9.0
step 11340 	 return [0.         0.00411841 0.00164546 0.00055774 0.00163284 0.
 0.00167106 0.00065935 0.00118799 0.        ], ([0.0000000e+00 3.0172555e-04 3.1317523e-04 1.6732350e-03 1.0976942e-04
 0.0000000e+00 3.3166833e-04 9.2604263e-05 6.5106819e-05 0.0000000e+00]) 	 loss 1.290E-01 	 horizons 9.0
step 11430 	 return [0.         0.00480439 0.00169717 0.00559666 0.00822261 0.
 0.00213751 0.00166506 0.         0.        ], ([0.0000000e+00 1.6869617e-03 3.9272894e-05 1.6405204e-03 5.3693354e-04
 0.0000000e+00 6.5203753e-06 1.2215972e-05 0.0000000e+00 0.0000000e+00]) 	 loss 1.462E-01 	 horizons 9.0
step 11520 	 return [0.0000000e+00 5.1521077e-03 3.9115865e-03 6.0194354e-03 3.0542202e-03
 0.0000000e+00 6.9297838e-04 4.6341377e-04 8.0660902e-05 0.0000000e+00], ([0.0000000e+00 7.6843530e-04 5.7672471e-04 1.5988708e-03 1.1412104e-03
 0.0000000e+00 4.8230777e-05 3.1711193e-04 2.4198272e-04 0.0000000e+00]) 	 loss 1.355E-01 	 horizons 9.0
step 11610 	 return [0.0005993  0.00025636 0.00131664 0.00071465 0.00015189 0.
 0.00081125 0.00199073 0.00148429 0.        ], ([3.3181641e-04 9.4845040e-05 6.4678356e-04 2.9158118e-04 4.5567457e-04
 0.0000000e+00 6.2066753e-04 6.0682232e-04 5.5986096e-04 0.0000000e+00]) 	 loss 1.663E-01 	 horizons 9.0
step 11700 	 return [0.         0.00386351 0.00238024 0.00503417 0.00657355 0.
 0.00195069 0.00112279 0.         0.        ], ([0.0000000e+00 4.4438359e-04 2.0249381e-04 5.7886587e-04 3.2297149e-04
 0.0000000e+00 8.1754471e-05 3.2608697e-04 0.0000000e+00 0.0000000e+00]) 	 loss 1.282E-01 	 horizons 9.0
step 11790 	 return [0.         0.00529378 0.00251449 0.00705743 0.00721656 0.
 0.00234336 0.         0.         0.        ], ([0.         0.00148507 0.00037181 0.00093817 0.00041129 0.
 0.00016273 0.         0.         0.        ]) 	 loss 1.154E-01 	 horizons 9.0
step 11880 	 return [0.         0.         0.00224604 0.         0.00624943 0.00410488
 0.00236504 0.00537378 0.         0.        ], ([0.0000000e+00 0.0000000e+00 3.9197537e-04 0.0000000e+00 1.6214439e-05
 1.8428603e-06 4.5696736e-04 8.8246461e-06 0.0000000e+00 0.0000000e+00]) 	 loss 1.365E-01 	 horizons 9.0
step 11970 	 return [0.00012452 0.         0.00301969 0.00084836 0.00145798 0.
 0.00187646 0.00335223 0.00071302 0.        ], ([0.00037355 0.         0.00095246 0.00069675 0.00014394 0.
 0.00069061 0.00058612 0.00108944 0.        ]) 	 loss 1.140E-01 	 horizons 9.0
step 12060 	 return [0.         0.00631322 0.00325082 0.00923483 0.00672306 0.
 0.00127164 0.         0.         0.        ], ([0.         0.00032464 0.00118714 0.00189675 0.00098438 0.
 0.00070436 0.         0.         0.        ]) 	 loss 1.240E-01 	 horizons 9.0
step 12150 	 return [0.         0.00147388 0.00252451 0.00771825 0.00816826 0.
 0.00212823 0.00166039 0.         0.        ], ([0.0000000e+00 4.9253419e-04 4.7401598e-04 1.4049830e-03 6.4070360e-04
 0.0000000e+00 1.2095674e-05 1.7855760e-05 0.0000000e+00 0.0000000e+00]) 	 loss 1.273E-01 	 horizons 9.0
step 12240 	 return [0.         0.         0.         0.         0.00424973 0.00551082
 0.0055504  0.00745162 0.0066509  0.00536417], ([0.         0.         0.         0.         0.00084184 0.00129333
 0.00160227 0.00211756 0.00255078 0.00109893]) 	 loss 1.274E-01 	 horizons 9.0
step 12330 	 return [0.         0.00194506 0.00191706 0.00804255 0.00838639 0.
 0.00214168 0.00167618 0.         0.        ], ([0.0000000e+00 1.7751819e-03 6.1673572e-04 1.1179291e-03 5.7070178e-04
 0.0000000e+00 6.9145135e-06 8.7419294e-06 0.0000000e+00 0.0000000e+00]) 	 loss 1.386E-01 	 horizons 9.0
step 12420 	 return [0.         0.00398855 0.00284217 0.01047239 0.00867209 0.
 0.00201681 0.         0.         0.        ], ([0.         0.00106758 0.00052542 0.00053046 0.00114297 0.
 0.00069093 0.         0.         0.        ]) 	 loss 1.115E-01 	 horizons 9.0
step 12510 	 return [0.         0.00451472 0.00253906 0.003393   0.00654362 0.
 0.00241018 0.00129295 0.         0.        ], ([0.0000000e+00 6.0170650e-04 8.8198693e-05 4.9009308e-04 5.2452862e-04
 0.0000000e+00 6.2608189e-04 6.4657466e-04 0.0000000e+00 0.0000000e+00]) 	 loss 1.112E-01 	 horizons 9.0
step 12600 	 return [0.         0.00338975 0.00281552 0.01210642 0.00908398 0.
 0.0023509  0.00016456 0.         0.        ], ([0.0000000e+00 1.3100355e-03 7.5673721e-05 5.1601330e-04 1.2951962e-03
 0.0000000e+00 4.5028512e-04 4.9366691e-04 0.0000000e+00 0.0000000e+00]) 	 loss 1.096E-01 	 horizons 9.0
step 12690 	 return [0.         0.         0.         0.00586365 0.00951336 0.00556796
 0.00519116 0.00157359 0.         0.00142995], ([0.         0.         0.         0.00388076 0.00441326 0.00299759
 0.00049348 0.0024037  0.         0.00218429]) 	 loss 1.262E-01 	 horizons 9.0
step 12780 	 return [0.         0.         0.00275926 0.         0.0062282  0.00410247
 0.00176673 0.00536223 0.         0.        ], ([0.0000000e+00 0.0000000e+00 2.5660812e-04 0.0000000e+00 1.0614840e-05
 1.2064353e-06 2.9915539e-04 5.7770876e-06 0.0000000e+00 0.0000000e+00]) 	 loss 1.592E-01 	 horizons 9.0
step 12870 	 return [0.         0.00359268 0.00415098 0.01040293 0.00415891 0.
 0.0013397  0.         0.         0.        ], ([0.         0.00065644 0.00024899 0.00122938 0.00054977 0.
 0.00021977 0.         0.         0.        ]) 	 loss 1.026E-01 	 horizons 9.0
step 12960 	 return [0.         0.00201691 0.00255273 0.01071659 0.00859115 0.00032589
 0.00352035 0.         0.         0.        ], ([0.         0.00105884 0.00091667 0.00039372 0.00105727 0.00097767
 0.00052661 0.         0.         0.        ]) 	 loss 1.089E-01 	 horizons 9.0
step 13050 	 return [0.         0.00140698 0.00274762 0.01349164 0.00846133 0.
 0.00257403 0.         0.         0.        ], ([0.         0.00070349 0.00047002 0.00039272 0.00057984 0.
 0.00010399 0.         0.         0.        ]) 	 loss 1.182E-01 	 horizons 9.0
step 13140 	 return [0.         0.00578594 0.00371578 0.00550189 0.00058904 0.
 0.00062968 0.00043129 0.00085255 0.        ], ([0.0000000e+00 1.9552812e-04 2.5116078e-05 1.7152033e-04 3.8563187e-04
 0.0000000e+00 4.7661943e-05 1.1247491e-04 4.9500817e-05 0.0000000e+00]) 	 loss 1.067E-01 	 horizons 9.0
step 13230 	 return [0.         0.         0.0031216  0.00147272 0.00151124 0.
 0.00232872 0.0040418  0.         0.        ], ([0.00000000e+00 0.00000000e+00 1.49023093e-04 1.33902495e-05
 1.84660341e-04 0.00000000e+00 3.73646355e-04 4.35908936e-04
 0.00000000e+00 0.00000000e+00]) 	 loss 9.710E-02 	 horizons 9.0
step 13320 	 return [0.0000000e+00 5.3269537e-03 2.9483077e-03 5.5708336e-03 3.5426295e-03
 0.0000000e+00 1.7122300e-03 5.0271301e-05 0.0000000e+00 0.0000000e+00], ([0.         0.00112458 0.00108964 0.00266235 0.00052867 0.
 0.00050346 0.00015081 0.         0.        ]) 	 loss 9.690E-02 	 horizons 9.0
step 13410 	 return [0.         0.         0.00042688 0.01103848 0.01341544 0.00292595
 0.00399552 0.         0.         0.        ], ([0.         0.         0.00085377 0.00070261 0.00071097 0.00146303
 0.00062044 0.         0.         0.        ]) 	 loss 1.040E-01 	 horizons 9.0
step 13500 	 return [0.         0.00485988 0.00425677 0.00620773 0.00109546 0.
 0.00064999 0.00052421 0.00033756 0.        ], ([0.0000000e+00 6.5697578e-04 3.8516772e-04 9.2448492e-04 2.9175388e-04
 0.0000000e+00 4.9359824e-05 1.4821974e-04 4.1342981e-04 0.0000000e+00]) 	 loss 1.092E-01 	 horizons 9.0
step 13590 	 return [0.         0.         0.         0.00656186 0.0187583  0.00218106
 0.00172856 0.00103026 0.         0.        ], ([0.0000000e+00 0.0000000e+00 0.0000000e+00 3.7343245e-06 6.8357732e-04
 7.2702009e-04 5.9328997e-04 8.4141566e-04 0.0000000e+00 0.0000000e+00]) 	 loss 1.026E-01 	 horizons 9.0
step 13680 	 return [0.         0.00315789 0.00365711 0.0087157  0.00710257 0.
 0.00187334 0.         0.         0.        ], ([0.         0.00106335 0.00060949 0.00088835 0.00096436 0.
 0.00047593 0.         0.         0.        ]) 	 loss 1.062E-01 	 horizons 9.0
step 13770 	 return [0.         0.00225453 0.00409992 0.01156259 0.00422922 0.
 0.0014372  0.         0.         0.        ], ([0.0000000e+00 7.5150927e-04 5.3282638e-05 6.8663486e-04 1.5375205e-06
 0.0000000e+00 9.0643289e-07 0.0000000e+00 0.0000000e+00 0.0000000e+00]) 	 loss 9.771E-02 	 horizons 9.0
step 13860 	 return [0.         0.         0.         0.00685523 0.01829275 0.00121166
 0.00199017 0.00122997 0.         0.        ], ([0.         0.         0.         0.00086776 0.00069904 0.00121166
 0.0005745  0.00080605 0.         0.        ]) 	 loss 7.539E-02 	 horizons 9.0
step 13950 	 return [0.         0.00378756 0.00196209 0.01032604 0.00910737 0.0003257
 0.00249977 0.00085193 0.         0.        ], ([0.         0.00128505 0.00082255 0.00224009 0.0012865  0.00097709
 0.0004266  0.00085193 0.         0.        ]) 	 loss 7.896E-02 	 horizons 9.0
step 14040 	 return [1.3560175e-04 3.5711848e-05 2.1017545e-03 1.3126477e-04 3.7584607e-03
 3.7772168e-04 1.9699591e-03 6.3838772e-03 7.5959356e-04 0.0000000e+00], ([0.00040681 0.00010714 0.000298   0.00039379 0.00040106 0.00113316
 0.00059434 0.00090097 0.0011603  0.        ]) 	 loss 9.175E-02 	 horizons 9.0
step 14130 	 return [0.         0.00272998 0.00319274 0.0082369  0.00664311 0.
 0.00236744 0.         0.         0.        ], ([0.0000000e+00 4.1400117e-04 4.0646037e-04 6.8503097e-05 3.7628872e-04
 0.0000000e+00 1.3649459e-04 0.0000000e+00 0.0000000e+00 0.0000000e+00]) 	 loss 9.404E-02 	 horizons 9.0
step 14220 	 return [0.         0.00460111 0.00315996 0.00796457 0.00426951 0.
 0.001484   0.         0.         0.        ], ([0.         0.00046107 0.00030808 0.00148702 0.00025682 0.
 0.0002509  0.         0.         0.        ]) 	 loss 9.250E-02 	 horizons 9.0
step 14310 	 return [0.         0.00563784 0.00286519 0.00770398 0.0054388  0.
 0.00070525 0.00017791 0.         0.        ], ([0.0000000e+00 7.4993860e-04 1.4688354e-03 1.6460798e-03 9.4228826e-04
 0.0000000e+00 4.8387134e-05 2.7920021e-04 0.0000000e+00 0.0000000e+00]) 	 loss 1.018E-01 	 horizons 9.0
step 14400 	 return [0.         0.         0.0018699  0.00117083 0.00298403 0.
 0.00212193 0.00519219 0.00149838 0.        ], ([0.0000000e+00 0.0000000e+00 5.0670264e-05 3.9028304e-04 3.4062538e-04
 0.0000000e+00 1.5217037e-04 3.3871186e-04 1.2234298e-03 0.0000000e+00]) 	 loss 9.832E-02 	 horizons 9.0
step 14490 	 return [0.         0.         0.00021344 0.00916265 0.01496247 0.00367175
 0.00388229 0.         0.         0.        ], ([0.0000000e+00 0.0000000e+00 6.4032624e-04 6.8157102e-04 3.9097408e-04
 2.1460513e-05 4.9238832e-04 0.0000000e+00 0.0000000e+00 0.0000000e+00]) 	 loss 9.151E-02 	 horizons 9.0
step 14580 	 return [0.         0.00234334 0.0045902  0.00682003 0.00311278 0.
 0.00111354 0.00014479 0.         0.        ], ([0.0000000e+00 5.2358815e-04 8.5047184e-05 6.2601297e-04 5.7350897e-04
 0.0000000e+00 2.5515459e-04 2.8957668e-04 0.0000000e+00 0.0000000e+00]) 	 loss 1.154E-01 	 horizons 9.0
step 14670 	 return [0.         0.00232457 0.00334523 0.00817532 0.00705929 0.
 0.00221862 0.         0.         0.        ], ([0.0000000e+00 1.1962645e-04 5.3192955e-04 5.7324120e-05 3.3284631e-04
 0.0000000e+00 1.1860496e-04 0.0000000e+00 0.0000000e+00 0.0000000e+00]) 	 loss 1.090E-01 	 horizons 9.0
step 14760 	 return [0.         0.         0.00305294 0.00148805 0.00207285 0.
 0.00226336 0.0054184  0.         0.        ], ([0.0000000e+00 0.0000000e+00 2.3283064e-10 0.0000000e+00 2.3283064e-10
 0.0000000e+00 0.0000000e+00 4.6566129e-10 0.0000000e+00 0.0000000e+00]) 	 loss 1.307E-01 	 horizons 9.0
step 14850 	 return [0.         0.         0.         0.00771632 0.01904107 0.00145465
 0.00248812 0.         0.         0.        ], ([0.         0.         0.         0.00140895 0.00060053 0.00118772
 0.0001751  0.         0.         0.        ]) 	 loss 1.104E-01 	 horizons 9.0
step 14940 	 return [0.         0.00024791 0.0035324  0.00909261 0.00605596 0.
 0.00193533 0.00065413 0.         0.        ], ([0.         0.00074372 0.00061593 0.00111754 0.00090872 0.
 0.0005301  0.00058664 0.         0.        ]) 	 loss 1.074E-01 	 horizons 9.0
step 15030 	 return [0.         0.00565509 0.00362815 0.0032226  0.00503079 0.
 0.00230272 0.         0.         0.        ], ([0.0000000e+00 3.9086153e-04 2.4449069e-04 3.3486165e-05 3.6998818e-04
 0.0000000e+00 1.3940492e-04 0.0000000e+00 0.0000000e+00 0.0000000e+00]) 	 loss 1.042E-01 	 horizons 9.0
step 15120 	 return [0.         0.00559671 0.00382337 0.00570695 0.00462104 0.
 0.00210992 0.         0.         0.        ], ([0.         0.00079439 0.00010328 0.00267648 0.00021861 0.
 0.0003488  0.         0.         0.        ]) 	 loss 8.718E-02 	 horizons 9.0
step 15210 	 return [0.0000000e+00 3.3195014e-03 4.2852117e-03 9.9220807e-03 4.7251089e-03
 0.0000000e+00 1.0686367e-03 7.6559183e-05 0.0000000e+00 0.0000000e+00], ([0.         0.00070363 0.00031639 0.00103046 0.00054141 0.
 0.00035873 0.00022968 0.         0.        ]) 	 loss 8.679E-02 	 horizons 9.0
step 15300 	 return [0.         0.00326523 0.00374647 0.00988592 0.00843993 0.
 0.00167    0.         0.         0.        ], ([0.         0.00115741 0.0006515  0.00112346 0.00085972 0.
 0.00050909 0.         0.         0.        ]) 	 loss 8.963E-02 	 horizons 9.0
step 15390 	 return [0.         0.         0.00427378 0.01306345 0.00464816 0.
 0.00120476 0.         0.         0.        ], ([0.         0.         0.0004209  0.00086256 0.00050747 0.
 0.00033479 0.         0.         0.        ]) 	 loss 9.007E-02 	 horizons 9.0
step 15480 	 return [0.00111947 0.         0.00258845 0.         0.00489202 0.00674825
 0.00115336 0.00556076 0.         0.        ], ([3.7315680e-04 0.0000000e+00 8.5447216e-05 0.0000000e+00 4.4421514e-04
 8.8206021e-04 1.7121423e-04 6.6820117e-05 0.0000000e+00 0.0000000e+00]) 	 loss 9.677E-02 	 horizons 9.0
step 15570 	 return [0.         0.00258576 0.00252764 0.01205655 0.01007619 0.
 0.00226898 0.         0.         0.        ], ([0.0000000e+00 1.8128109e-03 5.8112410e-04 5.0635176e-04 1.4124680e-03
 0.0000000e+00 1.5949614e-05 0.0000000e+00 0.0000000e+00 0.0000000e+00]) 	 loss 8.126E-02 	 horizons 9.0
step 15660 	 return [0.         0.         0.00256031 0.00065718 0.00736288 0.00369186
 0.00172463 0.0050038  0.         0.        ], ([0.         0.         0.00085344 0.00197154 0.00341466 0.00123062
 0.00017287 0.00106952 0.         0.        ]) 	 loss 8.028E-02 	 horizons 9.0
step 15750 	 return [0.         0.00219096 0.00289874 0.00980676 0.00833429 0.00065178
 0.00347297 0.         0.         0.        ], ([0.0000000e+00 8.8559050e-04 8.7199689e-05 1.0482774e-03 8.9581544e-04
 1.3035560e-03 3.8158949e-04 0.0000000e+00 0.0000000e+00 0.0000000e+00]) 	 loss 8.175E-02 	 horizons 9.0
step 15840 	 return [0.         0.00198263 0.00352916 0.00806122 0.0053035  0.
 0.0020487  0.         0.         0.        ], ([0.         0.00082107 0.00080236 0.00157798 0.00056724 0.
 0.00034226 0.         0.         0.        ]) 	 loss 7.032E-02 	 horizons 9.0
step 15930 	 return [0.         0.00577645 0.0037332  0.00521689 0.00511649 0.
 0.00213719 0.         0.         0.        ], ([0.         0.00084319 0.00018683 0.0012809  0.00092348 0.
 0.00022686 0.         0.         0.        ]) 	 loss 6.636E-02 	 horizons 9.0
step 16020 	 return [0.         0.         0.00137576 0.01229925 0.01076524 0.
 0.00230093 0.         0.         0.        ], ([0.00000000e+00 0.00000000e+00 8.71019736e-08 2.11707320e-05
 2.43603528e-04 0.00000000e+00 1.02751794e-04 0.00000000e+00
 0.00000000e+00 0.00000000e+00]) 	 loss 6.406E-02 	 horizons 9.0
step 16110 	 return [0.         0.00410919 0.00351236 0.00449965 0.00241021 0.
 0.0010276  0.00079432 0.00036939 0.        ], ([0.         0.00087757 0.00132531 0.00206223 0.00099183 0.
 0.00052299 0.00030168 0.00045444 0.        ]) 	 loss 7.792E-02 	 horizons 9.0
step 16200 	 return [0.         0.00270385 0.00340944 0.01096336 0.00961092 0.
 0.00120448 0.00032277 0.         0.        ], ([0.         0.00107917 0.00103217 0.00086834 0.00107521 0.
 0.00056544 0.00064555 0.         0.        ]) 	 loss 7.651E-02 	 horizons 9.0
step 16290 	 return [0.         0.00347578 0.00324127 0.00975242 0.00951227 0.
 0.00115642 0.         0.         0.        ], ([0.         0.00087826 0.00034123 0.00142072 0.00112391 0.
 0.00044156 0.         0.         0.        ]) 	 loss 8.144E-02 	 horizons 9.0
step 16380 	 return [1.0147736e-03 6.8031681e-05 1.7123420e-03 1.3232898e-03 1.4163514e-03
 0.0000000e+00 2.8868730e-04 3.4366543e-03 0.0000000e+00 0.0000000e+00], ([3.3827231e-04 1.3635025e-04 4.1135072e-04 3.3674474e-05 5.8110572e-06
 0.0000000e+00 1.8545510e-06 2.3270553e-04 0.0000000e+00 0.0000000e+00]) 	 loss 7.598E-02 	 horizons 9.0
step 16470 	 return [0.         0.00255586 0.00419206 0.01061493 0.00966208 0.
 0.00095301 0.         0.         0.        ], ([0.0000000e+00 2.0130041e-05 4.2928314e-05 8.2137639e-04 1.6295658e-03
 0.0000000e+00 2.5457671e-04 0.0000000e+00 0.0000000e+00 0.0000000e+00]) 	 loss 8.450E-02 	 horizons 9.0
step 16560 	 return [0.         0.         0.         0.00980537 0.01489873 0.00361952
 0.0054149  0.         0.         0.        ], ([0.0000000e+00 0.0000000e+00 0.0000000e+00 0.0000000e+00 1.8626451e-09
 0.0000000e+00 4.6566129e-10 0.0000000e+00 0.0000000e+00 0.0000000e+00]) 	 loss 8.724E-02 	 horizons 9.0
step 16650 	 return [0.         0.00210108 0.00342623 0.00368809 0.00519746 0.
 0.00274254 0.00052529 0.         0.        ], ([0.         0.00070377 0.00043944 0.00165791 0.00075403 0.
 0.00068086 0.00066388 0.         0.        ]) 	 loss 7.183E-02 	 horizons 9.0
step 16740 	 return [0.         0.         0.         0.         0.00321273 0.00751925
 0.0059789  0.0088705  0.00837696 0.0048358 ], ([0.0000000e+00 0.0000000e+00 0.0000000e+00 0.0000000e+00 5.3302408e-04
 9.4743952e-04 8.7744702e-05 3.5580058e-05 1.5691483e-05 1.2997398e-05]) 	 loss 7.645E-02 	 horizons 9.0
step 16830 	 return [0.         0.         0.         0.         0.0043002  0.00484848
 0.00569011 0.00860843 0.00751523 0.00537488], ([0.         0.         0.         0.         0.0010768  0.00103885
 0.00013079 0.0004366  0.00250567 0.00123098]) 	 loss 6.077E-02 	 horizons 9.0
step 16920 	 return [0.         0.0055796  0.00327754 0.00333777 0.00454302 0.
 0.00068833 0.00120504 0.00046122 0.        ], ([0.0000000e+00 4.1877842e-04 6.8341719e-04 7.7883364e-04 1.1164391e-03
 0.0000000e+00 7.9088728e-05 1.7473771e-04 1.0903112e-03 0.0000000e+00]) 	 loss 8.043E-02 	 horizons 9.0
step 17010 	 return [0.         0.00454423 0.00228323 0.00335576 0.00666247 0.
 0.00364699 0.         0.         0.        ], ([0.0000000e+00 8.0278842e-04 7.6798943e-04 4.4155502e-04 3.8389413e-04
 0.0000000e+00 5.8272162e-05 0.0000000e+00 0.0000000e+00 0.0000000e+00]) 	 loss 7.146E-02 	 horizons 9.0
step 17100 	 return [0.         0.00178992 0.00299806 0.0111458  0.01148233 0.
 0.00108448 0.00164556 0.         0.        ], ([0.0000000e+00 1.1641532e-10 2.3283064e-10 9.3132257e-10 9.3132257e-10
 0.0000000e+00 1.1641532e-10 1.1641532e-10 0.0000000e+00 0.0000000e+00]) 	 loss 6.908E-02 	 horizons 9.0
step 17190 	 return [0.         0.         0.         0.00980537 0.01489873 0.00361952
 0.0054149  0.         0.         0.        ], ([0.0000000e+00 0.0000000e+00 0.0000000e+00 0.0000000e+00 1.8626451e-09
 0.0000000e+00 4.6566129e-10 0.0000000e+00 0.0000000e+00 0.0000000e+00]) 	 loss 6.373E-02 	 horizons 9.0
step 17280 	 return [0.         0.00315523 0.00399231 0.006213   0.00197883 0.
 0.00063462 0.00078796 0.00050265 0.        ], ([0.0000000e+00 5.8994960e-04 3.9046907e-04 2.2894419e-03 1.1459374e-03
 0.0000000e+00 2.5799854e-05 3.0811987e-04 4.1094376e-04 0.0000000e+00]) 	 loss 6.327E-02 	 horizons 9.0
step 17370 	 return [0.         0.         0.         0.01041196 0.01797193 0.
 0.0025574  0.         0.         0.        ], ([0.         0.         0.         0.00152949 0.00116226 0.
 0.00019208 0.         0.         0.        ]) 	 loss 6.225E-02 	 horizons 9.0
step 17460 	 return [0.         0.         0.00277189 0.00109561 0.00694418 0.00369186
 0.00189039 0.00482427 0.         0.        ], ([0.         0.         0.0002187  0.00328683 0.00215856 0.00123062
 0.00067014 0.00160809 0.         0.        ]) 	 loss 7.047E-02 	 horizons 9.0
step 17550 	 return [0.         0.00220672 0.00344189 0.00270442 0.00466326 0.
 0.00200812 0.00146983 0.         0.        ], ([0.0000000e+00 3.9335381e-04 5.8187905e-04 4.0534078e-04 4.3429688e-04
 0.0000000e+00 2.0053421e-05 3.9634673e-05 0.0000000e+00 0.0000000e+00]) 	 loss 7.056E-02 	 horizons 9.0
step 17640 	 return [0.         0.         0.         0.01213144 0.01326535 0.
 0.00383379 0.         0.         0.        ], ([0.00000000e+00 0.00000000e+00 0.00000000e+00 3.54051590e-05
 5.14483545e-04 0.00000000e+00 1.14142196e-04 0.00000000e+00
 0.00000000e+00 0.00000000e+00]) 	 loss 5.998E-02 	 horizons 9.0
step 17730 	 return [0.         0.00175838 0.00293976 0.01362506 0.00854248 0.
 0.00247166 0.         0.         0.        ], ([0.0000000e+00 4.3218566e-07 1.0870228e-06 4.1512183e-05 4.2642638e-04
 0.0000000e+00 1.6775397e-04 0.0000000e+00 0.0000000e+00 0.0000000e+00]) 	 loss 6.726E-02 	 horizons 9.0
step 17820 	 return [0.         0.         0.         0.01113833 0.01748924 0.
 0.00250392 0.00017898 0.         0.        ], ([0.         0.         0.         0.00160985 0.00121358 0.
 0.00020049 0.00053694 0.         0.        ]) 	 loss 6.033E-02 	 horizons 9.0
step 17910 	 return [0.         0.         0.         0.         0.004631   0.00498197
 0.00572981 0.0086175  0.0074969  0.00518035], ([0.0000000e+00 0.0000000e+00 0.0000000e+00 0.0000000e+00 5.4240332e-04
 9.1510592e-04 4.2418160e-05 4.3877980e-04 2.4989671e-03 1.1506369e-03]) 	 loss 6.380E-02 	 horizons 9.0
step 18000 	 return [0.         0.00388853 0.0030888  0.00712326 0.0065237  0.
 0.00176574 0.00095712 0.         0.        ], ([0.         0.00124728 0.00053892 0.00072152 0.000314   0.
 0.00055195 0.00056497 0.         0.        ]) 	 loss 7.171E-02 	 horizons 9.0
step 18090 	 return [0.00127109 0.00036182 0.00221989 0.00026189 0.0014979  0.
 0.0005055  0.00268825 0.         0.        ], ([7.3857344e-05 1.2143170e-04 3.1843243e-04 5.2377913e-04 4.2022919e-05
 0.0000000e+00 1.0892252e-04 3.0982611e-04 0.0000000e+00 0.0000000e+00]) 	 loss 6.146E-02 	 horizons 9.0
step 18180 	 return [0.         0.00328893 0.00288579 0.01124268 0.00811575 0.
 0.0013802  0.00096529 0.         0.        ], ([0.         0.00123398 0.00076894 0.00134797 0.00066565 0.
 0.00046295 0.00078817 0.         0.        ]) 	 loss 6.828E-02 	 horizons 9.0
step 18270 	 return [0.0000000e+00 2.3125098e-03 3.3043169e-03 6.4599165e-03 6.5609002e-03
 0.0000000e+00 2.2706357e-03 8.6471555e-05 0.0000000e+00 0.0000000e+00], ([0.         0.00087015 0.00054851 0.00081798 0.00047342 0.
 0.00022909 0.00025941 0.         0.        ]) 	 loss 7.466E-02 	 horizons 9.0
step 18360 	 return [0.         0.00369242 0.00463132 0.0057863  0.00123418 0.
 0.00069457 0.00065312 0.         0.        ], ([0.0000000e+00 1.1121389e-06 1.5994068e-06 7.7591267e-06 2.1663151e-04
 0.0000000e+00 3.0124016e-05 7.1958661e-05 0.0000000e+00 0.0000000e+00]) 	 loss 7.412E-02 	 horizons 9.0
step 18450 	 return [0.         0.00710565 0.00449543 0.00442462 0.00334588 0.
 0.00062268 0.         0.         0.        ], ([0.0000000e+00 5.0245156e-04 1.0159246e-04 6.8148522e-04 5.0015800e-04
 0.0000000e+00 2.0663321e-05 0.0000000e+00 0.0000000e+00 0.0000000e+00]) 	 loss 7.238E-02 	 horizons 9.0
step 18540 	 return [0.         0.00158224 0.00294367 0.01349549 0.00858183 0.
 0.00237664 0.         0.         0.        ], ([0.0000000e+00 5.2741310e-04 1.4272265e-05 2.9458173e-04 9.3384698e-04
 0.0000000e+00 1.6984725e-04 0.0000000e+00 0.0000000e+00 0.0000000e+00]) 	 loss 7.613E-02 	 horizons 9.0
step 18630 	 return [0.         0.00218887 0.00388638 0.00913283 0.003001   0.
 0.00079101 0.00064566 0.         0.        ], ([0.         0.00046146 0.00065483 0.0020438  0.00041729 0.
 0.00014581 0.00022645 0.         0.        ]) 	 loss 8.148E-02 	 horizons 9.0
step 18720 	 return [0.         0.00124622 0.00288762 0.01071668 0.00985952 0.
 0.00333432 0.         0.         0.        ], ([0.         0.00081584 0.00014827 0.00019388 0.00120732 0.
 0.00044852 0.         0.         0.        ]) 	 loss 9.328E-02 	 horizons 9.0
step 18810 	 return [0.         0.00564497 0.00268271 0.00577851 0.0067701  0.
 0.00215919 0.00049304 0.         0.        ], ([0.0000000e+00 3.9040772e-04 2.0156889e-05 8.2244829e-04 3.3685131e-04
 0.0000000e+00 2.6882658e-04 5.2444974e-04 0.0000000e+00 0.0000000e+00]) 	 loss 8.847E-02 	 horizons 9.0
step 18900 	 return [0.         0.00613954 0.00383683 0.00529689 0.00521753 0.
 0.00076686 0.0006823  0.         0.        ], ([0.0000000e+00 8.4565017e-06 3.0389570e-05 7.0763507e-04 2.8665267e-05
 0.0000000e+00 1.3967603e-05 2.2743380e-04 0.0000000e+00 0.0000000e+00]) 	 loss 7.945E-02 	 horizons 9.0
step 18990 	 return [0.         0.00264715 0.00467233 0.00909477 0.00525817 0.
 0.00069377 0.         0.         0.        ], ([0.0000000e+00 2.3283064e-10 4.6566129e-10 0.0000000e+00 0.0000000e+00
 0.0000000e+00 0.0000000e+00 0.0000000e+00 0.0000000e+00 0.0000000e+00]) 	 loss 7.128E-02 	 horizons 9.0
step 19080 	 return [0.         0.00725007 0.00261093 0.00481704 0.00711331 0.
 0.00227192 0.         0.         0.        ], ([0.0000000e+00 5.1412735e-06 8.8755041e-07 9.1772527e-06 3.1713414e-04
 0.0000000e+00 1.2641847e-04 0.0000000e+00 0.0000000e+00 0.0000000e+00]) 	 loss 5.335E-02 	 horizons 9.0
step 19170 	 return [0.         0.00234984 0.00357081 0.00555384 0.00543905 0.0032477
 0.00279196 0.         0.         0.        ], ([0.0000000e+00 7.4666961e-05 3.4990779e-04 1.3374003e-03 2.5095561e-04
 9.9098426e-05 2.8333475e-04 0.0000000e+00 0.0000000e+00 0.0000000e+00]) 	 loss 6.466E-02 	 horizons 9.0
step 19260 	 return [0.         0.         0.         0.00656909 0.01777477 0.00048452
 0.00202282 0.00177744 0.         0.        ], ([0.0000000e+00 0.0000000e+00 0.0000000e+00 5.4489819e-06 3.3580064e-04
 9.6903119e-04 4.4083633e-04 3.5608886e-05 0.0000000e+00 0.0000000e+00]) 	 loss 8.892E-02 	 horizons 9.0
step 19350 	 return [0.         0.         0.         0.01271965 0.01656879 0.
 0.00259066 0.         0.         0.        ], ([0.0000000e+00 0.0000000e+00 0.0000000e+00 3.4689372e-05 3.8700568e-04
 0.0000000e+00 1.8947812e-04 0.0000000e+00 0.0000000e+00 0.0000000e+00]) 	 loss 7.737E-02 	 horizons 9.0
step 19440 	 return [0.         0.00490373 0.00256842 0.00317629 0.00620392 0.
 0.00209188 0.00160856 0.         0.        ], ([0.0000000e+00 0.0000000e+00 0.0000000e+00 4.6566129e-10 4.6566129e-10
 0.0000000e+00 2.3283064e-10 0.0000000e+00 0.0000000e+00 0.0000000e+00]) 	 loss 7.402E-02 	 horizons 9.0
step 19530 	 return [0.         0.00175864 0.00294043 0.01365048 0.00828135 0.
 0.00257439 0.         0.         0.        ], ([0.0000000e+00 2.6465867e-07 6.6566281e-07 2.5420915e-05 2.6113179e-04
 0.0000000e+00 1.0272791e-04 0.0000000e+00 0.0000000e+00 0.0000000e+00]) 	 loss 8.116E-02 	 horizons 9.0
step 19620 	 return [0.         0.00159878 0.0028845  0.01094121 0.00897881 0.00032625
 0.00355501 0.         0.         0.        ], ([0.         0.00053303 0.00027839 0.0008155  0.0008152  0.00097875
 0.00029017 0.         0.         0.        ]) 	 loss 9.017E-02 	 horizons 9.0
step 19710 	 return [0.         0.00178992 0.00299806 0.0111458  0.01148233 0.
 0.00108448 0.00164556 0.         0.        ], ([0.0000000e+00 1.1641532e-10 2.3283064e-10 9.3132257e-10 9.3132257e-10
 0.0000000e+00 1.1641532e-10 1.1641532e-10 0.0000000e+00 0.0000000e+00]) 	 loss 8.102E-02 	 horizons 9.0
step 19800 	 return [0.         0.00590879 0.0035904  0.00347611 0.00487335 0.
 0.00080271 0.0012352  0.         0.        ], ([0.         0.00036146 0.00034358 0.00055343 0.00025978 0.
 0.00036138 0.0001417  0.         0.        ]) 	 loss 7.199E-02 	 horizons 9.0
step 19890 	 return [0.         0.0023624  0.00333567 0.00766374 0.00386586 0.
 0.00138202 0.         0.         0.        ], ([0.0000000e+00 2.3283064e-10 4.6566129e-10 4.6566129e-10 4.6566129e-10
 0.0000000e+00 0.0000000e+00 0.0000000e+00 0.0000000e+00 0.0000000e+00]) 	 loss 6.080E-02 	 horizons 9.0
step 19980 	 return [0.         0.00577713 0.00378533 0.00471491 0.00458676 0.
 0.00098086 0.00123903 0.         0.        ], ([0.0000000e+00 7.0509006e-04 3.8408052e-05 5.8697507e-04 2.1521779e-04
 0.0000000e+00 2.8214193e-04 4.1459629e-04 0.0000000e+00 0.0000000e+00]) 	 loss 6.454E-02 	 horizons 9.0
step 20070 	 return [0.         0.00608405 0.00380222 0.00777563 0.00265574 0.
 0.00076071 0.00074258 0.         0.        ], ([0.000000e+00 0.000000e+00 4.656613e-10 4.656613e-10 0.000000e+00
 0.000000e+00 5.820766e-11 5.820766e-11 0.000000e+00 0.000000e+00]) 	 loss 7.364E-02 	 horizons 9.0
step 20160 	 return [0.         0.00252953 0.00434787 0.00408178 0.00335052 0.
 0.00070429 0.0008394  0.         0.        ], ([0.0000000e+00 9.3492717e-06 2.1504235e-05 5.3262840e-05 1.1079567e-05
 0.0000000e+00 4.6802961e-05 1.7974110e-04 0.0000000e+00 0.0000000e+00]) 	 loss 6.967E-02 	 horizons 9.0
step 20250 	 return [0.0000000e+00 6.0724718e-03 2.9819943e-03 4.1543446e-03 4.6913717e-03
 0.0000000e+00 2.3086991e-03 8.4411688e-05 0.0000000e+00 0.0000000e+00], ([0.         0.00040923 0.00110288 0.00138177 0.00011651 0.
 0.00016528 0.00025324 0.         0.        ]) 	 loss 7.280E-02 	 horizons 9.0
step 20340 	 return [0.         0.00360385 0.00440605 0.00293988 0.00335816 0.
 0.0006844  0.00091849 0.         0.        ], ([0.0000000e+00 1.4310703e-05 2.3463277e-05 5.4101343e-05 1.2186473e-05
 0.0000000e+00 5.1290899e-05 1.9611360e-04 0.0000000e+00 0.0000000e+00]) 	 loss 8.159E-02 	 horizons 9.0
step 20430 	 return [0.         0.00472101 0.00324214 0.0036191  0.00536467 0.
 0.00255939 0.         0.         0.        ], ([0.         0.00109264 0.00061842 0.00101765 0.00063016 0.
 0.0002899  0.         0.         0.        ]) 	 loss 9.054E-02 	 horizons 9.0
step 20520 	 return [0.         0.00328159 0.00320029 0.0105975  0.01019728 0.
 0.00090069 0.         0.         0.        ], ([0.0000000e+00 1.8024817e-05 1.4893710e-05 8.0497819e-04 7.1382558e-04
 0.0000000e+00 2.2693367e-04 0.0000000e+00 0.0000000e+00 0.0000000e+00]) 	 loss 8.013E-02 	 horizons 9.0
step 20610 	 return [0.         0.00217271 0.00275493 0.01060313 0.00917333 0.
 0.00368447 0.         0.         0.        ], ([0.0000000e+00 7.8461663e-04 4.5999131e-04 2.9569026e-05 5.6101388e-04
 0.0000000e+00 1.0804702e-04 0.0000000e+00 0.0000000e+00 0.0000000e+00]) 	 loss 7.867E-02 	 horizons 9.0
step 20700 	 return [0.         0.00615539 0.0035926  0.00704748 0.00513535 0.
 0.00075281 0.00010365 0.         0.        ], ([0.         0.00049036 0.00122257 0.00103188 0.00061408 0.
 0.00019083 0.0002073  0.         0.        ]) 	 loss 7.402E-02 	 horizons 9.0
step 20790 	 return [0.         0.00577962 0.00267754 0.00563502 0.00667861 0.
 0.00220748 0.00042983 0.         0.        ], ([0.0000000e+00 6.1078579e-04 2.5875670e-05 7.9499162e-04 1.9513123e-04
 0.0000000e+00 3.1969405e-04 4.2982717e-04 0.0000000e+00 0.0000000e+00]) 	 loss 7.105E-02 	 horizons 9.0
step 20880 	 return [0.         0.00254172 0.00416499 0.00902966 0.0080823  0.
 0.00144882 0.         0.         0.        ], ([0.0000000e+00 4.0427267e-07 1.1495471e-06 3.3008029e-05 4.4654304e-04
 0.0000000e+00 6.2291168e-05 0.0000000e+00 0.0000000e+00 0.0000000e+00]) 	 loss 7.667E-02 	 horizons 9.0
step 20970 	 return [0.         0.00393477 0.00376802 0.00612251 0.00480301 0.
 0.00081379 0.00124669 0.         0.        ], ([0.         0.00061994 0.0003744  0.0006348  0.0003357  0.
 0.00031325 0.00015585 0.         0.        ]) 	 loss 8.084E-02 	 horizons 9.0
step 21060 	 return [0.         0.00231636 0.00449292 0.0071232  0.00308533 0.
 0.00134184 0.         0.         0.        ], ([0.         0.0005075  0.00012835 0.0011937  0.00053685 0.
 0.00013499 0.         0.         0.        ]) 	 loss 7.845E-02 	 horizons 9.0
step 21150 	 return [0.         0.00736158 0.00328153 0.00276385 0.00095722 0.
 0.00063606 0.0004742  0.00046526 0.        ], ([0.0000000e+00 6.5909626e-05 3.7558569e-04 2.3285992e-04 1.5021792e-04
 0.0000000e+00 5.1008519e-05 1.6019390e-04 3.7988456e-04 0.0000000e+00]) 	 loss 8.645E-02 	 horizons 9.0
step 21240 	 return [0.         0.00228296 0.00307929 0.0083735  0.0050188  0.
 0.0007763  0.00076349 0.         0.        ], ([0.0000000e+00 6.7513778e-05 3.2120445e-04 7.0830435e-04 7.8027777e-04
 0.0000000e+00 2.8798124e-06 4.4779622e-06 0.0000000e+00 0.0000000e+00]) 	 loss 9.035E-02 	 horizons 9.0
step 21330 	 return [0.         0.00345415 0.00322423 0.00879662 0.0079376  0.
 0.00153551 0.         0.         0.        ], ([0.         0.00088301 0.00034405 0.00073862 0.00044309 0.
 0.00023139 0.         0.         0.        ]) 	 loss 9.892E-02 	 horizons 9.0
step 21420 	 return [0.0000000e+00 7.4262866e-03 2.8974074e-03 2.9982438e-03 1.2542495e-03
 0.0000000e+00 6.6882570e-04 5.8972579e-04 7.7543613e-05 0.0000000e+00], ([0.0000000e+00 3.9828723e-05 2.3026619e-04 1.4165384e-04 3.1604795e-04
 0.0000000e+00 4.5425328e-05 1.2526514e-04 2.3263083e-04 0.0000000e+00]) 	 loss 8.636E-02 	 horizons 9.0
step 21510 	 return [0.         0.00447301 0.00440247 0.00583315 0.00121469 0.
 0.00068814 0.00060468 0.         0.        ], ([0.0000000e+00 7.3227775e-04 4.5552402e-04 3.6694037e-04 2.0866707e-04
 0.0000000e+00 3.5450441e-05 2.0156882e-04 0.0000000e+00 0.0000000e+00]) 	 loss 7.955E-02 	 horizons 9.0
step 21600 	 return [0.         0.00398601 0.00279684 0.01118384 0.00768665 0.
 0.00122193 0.00145729 0.         0.        ], ([0.0000000e+00 3.5875473e-05 1.8359720e-05 2.2240661e-03 4.0174893e-04
 0.0000000e+00 3.3376805e-04 2.9803521e-04 0.0000000e+00 0.0000000e+00]) 	 loss 7.970E-02 	 horizons 9.0
step 21690 	 return [0.         0.0055965  0.00107196 0.00582979 0.0059267  0.
 0.00295011 0.         0.         0.        ], ([0.         0.00142725 0.00131357 0.00218219 0.00060592 0.
 0.00040786 0.         0.         0.        ]) 	 loss 6.507E-02 	 horizons 9.0
step 21780 	 return [0.00135658 0.00024998 0.00259282 0.         0.00404574 0.00377653
 0.00038667 0.00527062 0.         0.        ], ([8.5522504e-07 1.6365225e-04 1.2941421e-05 0.0000000e+00 1.9634272e-06
 1.0483989e-06 4.1475559e-07 9.2726004e-05 0.0000000e+00 0.0000000e+00]) 	 loss 7.855E-02 	 horizons 9.0
step 21870 	 return [0.0000000e+00 5.0911452e-03 4.6412190e-03 7.8645805e-03 3.5252303e-03
 0.0000000e+00 6.2211510e-04 5.0427741e-05 0.0000000e+00 0.0000000e+00], ([0.0000000e+00 3.8014795e-04 2.2224057e-04 7.9770345e-04 3.7513764e-05
 0.0000000e+00 3.7657446e-07 1.5128322e-04 0.0000000e+00 0.0000000e+00]) 	 loss 7.660E-02 	 horizons 9.0
step 21960 	 return [0.         0.00405277 0.00349886 0.00558883 0.00128268 0.
 0.00085203 0.00078848 0.00046156 0.        ], ([0.         0.0003072  0.00074284 0.00260167 0.00129411 0.
 0.00032225 0.00028795 0.00046156 0.        ]) 	 loss 8.352E-02 	 horizons 9.0
step 22050 	 return [0.         0.00587666 0.00370085 0.00551931 0.00125513 0.
 0.00066834 0.00076901 0.00080661 0.        ], ([0.0000000e+00 0.0000000e+00 4.6566129e-10 0.0000000e+00 1.1641532e-10
 0.0000000e+00 0.0000000e+00 5.8207661e-11 0.0000000e+00 0.0000000e+00]) 	 loss 7.491E-02 	 horizons 9.0
step 22140 	 return [0.         0.         0.         0.         0.00303263 0.00807721
 0.00597604 0.00853025 0.00754398 0.0051302 ], ([0.0000000e+00 0.0000000e+00 0.0000000e+00 0.0000000e+00 7.2981225e-06
 7.2644121e-04 9.6351228e-05 1.0563434e-03 2.5146585e-03 8.7020284e-04]) 	 loss 1.000E-01 	 horizons 9.0
step 22230 	 return [0.         0.005982   0.         0.00851698 0.00680621 0.00325698
 0.00271681 0.         0.         0.        ], ([0.0000000e+00 4.6566129e-10 0.0000000e+00 9.3132257e-10 0.0000000e+00
 0.0000000e+00 2.3283064e-10 0.0000000e+00 0.0000000e+00 0.0000000e+00]) 	 loss 8.196E-02 	 horizons 9.0
step 22320 	 return [0.         0.00721836 0.00344725 0.00304084 0.00142783 0.
 0.0006598  0.00057414 0.         0.        ], ([0.00000000e+00 2.74275575e-04 7.66351761e-04 1.00453235e-05
 3.51045921e-04 0.00000000e+00 4.74420740e-05 1.17885575e-04
 0.00000000e+00 0.00000000e+00]) 	 loss 6.904E-02 	 horizons 9.0
step 22410 	 return [0.0000000e+00 3.6162254e-03 4.3415567e-03 3.4184926e-03 3.1540547e-03
 0.0000000e+00 6.5721123e-04 1.0017193e-03 8.1068472e-05 0.0000000e+00], ([0.0000000e+00 6.2016457e-05 1.5547169e-04 1.5265997e-03 6.3271017e-04
 0.0000000e+00 4.0649134e-05 1.7287680e-04 2.4320545e-04 0.0000000e+00]) 	 loss 7.199E-02 	 horizons 9.0
step 22500 	 return [0.         0.00258555 0.00332397 0.00992615 0.00771884 0.
 0.00131121 0.         0.         0.        ], ([0.         0.00067981 0.00077286 0.00121073 0.00134704 0.
 0.00019324 0.         0.         0.        ]) 	 loss 7.205E-02 	 horizons 9.0
step 22590 	 return [0.         0.00318968 0.00401226 0.01071239 0.00457864 0.
 0.00136376 0.         0.         0.        ], ([0.0000000e+00 7.0263277e-04 3.4710261e-04 1.2366567e-03 5.2447652e-04
 0.0000000e+00 7.8792087e-05 0.0000000e+00 0.0000000e+00 0.0000000e+00]) 	 loss 7.640E-02 	 horizons 9.0
step 22680 	 return [0.         0.00420746 0.00279557 0.01172694 0.00774723 0.
 0.00120232 0.00144568 0.         0.        ], ([0.0000000e+00 6.1054382e-04 3.1352512e-05 1.7067955e-03 4.2087835e-04
 0.0000000e+00 4.4181847e-04 4.8189200e-04 0.0000000e+00 0.0000000e+00]) 	 loss 7.565E-02 	 horizons 9.0
step 22770 	 return [0.         0.00052033 0.00170151 0.0022041  0.00745937 0.00353925
 0.00351298 0.         0.         0.        ], ([0.0000000e+00 5.2033004e-04 3.5407847e-05 7.3096436e-04 1.3120107e-05
 2.1590276e-06 2.2667170e-06 0.0000000e+00 0.0000000e+00 0.0000000e+00]) 	 loss 6.303E-02 	 horizons 9.0
step 22860 	 return [0.0000000e+00 1.4066307e-03 2.6493066e-03 1.3004787e-02 8.6743245e-03
 0.0000000e+00 2.3660068e-03 8.6869775e-05 0.0000000e+00 0.0000000e+00], ([0.         0.00070332 0.00088317 0.0013117  0.0009365  0.
 0.00022498 0.00026061 0.         0.        ]) 	 loss 6.524E-02 	 horizons 9.0
step 22950 	 return [0.         0.00443549 0.00308195 0.00603433 0.00282093 0.
 0.0012833  0.         0.         0.        ], ([0.0000000e+00 0.0000000e+00 2.3283064e-10 4.6566129e-10 0.0000000e+00
 0.0000000e+00 1.1641532e-10 0.0000000e+00 0.0000000e+00 0.0000000e+00]) 	 loss 7.973E-02 	 horizons 9.0
step 23040 	 return [0.         0.00239215 0.00284827 0.00930566 0.00777137 0.00097767
 0.00342633 0.         0.         0.        ], ([0.0000000e+00 1.0273071e-03 7.1338596e-05 1.0953534e-03 6.2386610e-04
 1.4934110e-03 4.6358726e-04 0.0000000e+00 0.0000000e+00 0.0000000e+00]) 	 loss 7.091E-02 	 horizons 9.0
step 23130 	 return [0.         0.00592157 0.00375262 0.00401204 0.00488834 0.
 0.0022783  0.         0.         0.        ], ([0.0000000e+00 1.3432192e-04 4.2140044e-05 7.7421992e-04 3.1750419e-04
 0.0000000e+00 1.6106360e-04 0.0000000e+00 0.0000000e+00 0.0000000e+00]) 	 loss 9.078E-02 	 horizons 9.0
step 23220 	 return [0.         0.00270972 0.00378981 0.01132885 0.00433165 0.
 0.00142536 0.         0.         0.        ], ([0.0000000e+00 3.1286475e-04 4.4602365e-04 2.7165683e-05 3.0699495e-04
 0.0000000e+00 3.5955287e-05 0.0000000e+00 0.0000000e+00 0.0000000e+00]) 	 loss 6.407E-02 	 horizons 9.0
step 23310 	 return [0.         0.         0.         0.         0.00321273 0.00751925
 0.0059789  0.0088705  0.00837696 0.0048358 ], ([0.0000000e+00 0.0000000e+00 0.0000000e+00 0.0000000e+00 5.3302414e-04
 9.4743952e-04 8.7744709e-05 3.5580058e-05 1.5691483e-05 1.2997397e-05]) 	 loss 6.904E-02 	 horizons 9.0
step 23400 	 return [0.         0.         0.         0.         0.00445646 0.00530856
 0.00577417 0.00878748 0.00834035 0.00480547], ([0.0000000e+00 0.0000000e+00 0.0000000e+00 0.0000000e+00 7.1069878e-04
 1.2632527e-03 1.1699293e-04 4.7440080e-05 2.0921976e-05 1.7329865e-05]) 	 loss 6.119E-02 	 horizons 9.0
step 23490 	 return [0.         0.00253157 0.00435256 0.0040934  0.00334811 0.
 0.0007145  0.00080017 0.         0.        ], ([0.0000000e+00 8.1607141e-06 1.8770435e-05 4.6491623e-05 9.6710392e-06
 0.0000000e+00 4.0852978e-05 1.5689089e-04 0.0000000e+00 0.0000000e+00]) 	 loss 6.127E-02 	 horizons 9.0
step 23580 	 return [0.00134101 0.00024998 0.00258521 0.         0.00410795 0.00380485
 0.00042857 0.00540616 0.         0.        ], ([4.6265592e-05 1.6365224e-04 3.1457916e-05 0.0000000e+00 1.8765123e-04
 8.4429063e-05 1.2588767e-04 4.6078797e-04 0.0000000e+00 0.0000000e+00]) 	 loss 5.295E-02 	 horizons 9.0
step 23670 	 return [0.         0.         0.         0.00656601 0.01950034 0.00242442
 0.00237487 0.         0.         0.        ], ([0.0000000e+00 0.0000000e+00 0.0000000e+00 0.0000000e+00 1.8626451e-09
 0.0000000e+00 2.3283064e-10 0.0000000e+00 0.0000000e+00 0.0000000e+00]) 	 loss 7.446E-02 	 horizons 9.0
step 23760 	 return [0.         0.00241135 0.00382014 0.0062379  0.00532476 0.00319856
 0.00264988 0.         0.         0.        ], ([0.0000000e+00 3.8287384e-05 1.2003115e-04 3.7008507e-05 5.6153342e-05
 1.7720753e-05 2.3156210e-05 0.0000000e+00 0.0000000e+00 0.0000000e+00]) 	 loss 6.456E-02 	 horizons 9.0
step 23850 	 return [0.         0.00268831 0.00402872 0.00933432 0.00849629 0.
 0.00148501 0.         0.         0.        ], ([0.         0.00044072 0.00040604 0.00099373 0.0004678  0.
 0.00026516 0.         0.         0.        ]) 	 loss 6.368E-02 	 horizons 9.0
step 23940 	 return [0.         0.0035924  0.00438728 0.0028966  0.00336791 0.
 0.00064336 0.00107538 0.         0.        ], ([0.00000000e+00 8.58642125e-06 1.40779666e-05 3.24608081e-05
 7.31188265e-06 0.00000000e+00 3.07745431e-05 1.17668154e-04
 0.00000000e+00 0.00000000e+00]) 	 loss 6.329E-02 	 horizons 9.0
step 24030 	 return [0.0000000e+00 6.2184199e-03 4.4092536e-03 6.0435408e-03 3.5070919e-03
 0.0000000e+00 6.1937002e-04 4.8475515e-05 0.0000000e+00 0.0000000e+00], ([0.0000000e+00 1.1357618e-04 1.8261374e-04 3.0712091e-04 6.2407598e-05
 0.0000000e+00 1.2810867e-06 1.4542654e-04 0.0000000e+00 0.0000000e+00]) 	 loss 8.424E-02 	 horizons 9.0
step 24120 	 return [0.         0.00578547 0.00352387 0.00559512 0.00112823 0.
 0.00067097 0.00075044 0.00080637 0.        ], ([0.0000000e+00 1.8571733e-04 3.5539563e-04 1.3080605e-04 3.7608773e-04
 0.0000000e+00 1.0600665e-05 4.9366525e-05 4.3859440e-05 0.0000000e+00]) 	 loss 1.036E-01 	 horizons 9.0
step 24210 	 return [0.00123208 0.00038834 0.00206473 0.00052242 0.00147661 0.
 0.00045082 0.00270257 0.         0.        ], ([9.2980838e-05 2.3203047e-05 3.8501460e-04 6.3982845e-04 5.1817740e-05
 0.0000000e+00 1.3366867e-04 1.8715110e-04 0.0000000e+00 0.0000000e+00]) 	 loss 6.833E-02 	 horizons 9.0
step 24300 	 return [0.         0.00373543 0.00411189 0.00742202 0.00107753 0.
 0.00064185 0.00048995 0.00050757 0.        ], ([0.0000000e+00 8.2934443e-05 2.8868607e-04 8.1730011e-04 4.2240307e-04
 0.0000000e+00 5.0937349e-05 1.5388108e-04 4.1442612e-04 0.0000000e+00]) 	 loss 6.550E-02 	 horizons 9.0
step 24390 	 return [0.         0.00334977 0.00206527 0.01062863 0.00958791 0.
 0.00382724 0.         0.         0.        ], ([0.0000000e+00 7.8435190e-04 4.6065619e-04 1.1806190e-05 7.0036348e-04
 0.0000000e+00 1.4987960e-05 0.0000000e+00 0.0000000e+00 0.0000000e+00]) 	 loss 6.403E-02 	 horizons 9.0
step 24480 	 return [0.         0.00540164 0.0027191  0.0066453  0.00660416 0.
 0.00233628 0.00025837 0.         0.        ], ([0.0000000e+00 9.7372168e-04 2.6858046e-05 5.9185775e-05 1.8264120e-04
 0.0000000e+00 2.9250953e-04 3.9465999e-04 0.0000000e+00 0.0000000e+00]) 	 loss 6.310E-02 	 horizons 9.0
step 24570 	 return [0.0000000e+00 2.4267111e-03 4.4234712e-03 7.0192507e-03 2.9063863e-03
 0.0000000e+00 1.2595872e-03 4.8407946e-05 0.0000000e+00 0.0000000e+00], ([0.0000000e+00 3.7689868e-04 9.3596762e-05 4.8918888e-04 5.1000871e-04
 0.0000000e+00 2.1941350e-04 1.4522384e-04 0.0000000e+00 0.0000000e+00]) 	 loss 7.126E-02 	 horizons 9.0
step 24660 	 return [0.         0.         0.         0.00984013 0.01742719 0.
 0.00179589 0.00175338 0.         0.        ], ([0.0000000e+00 0.0000000e+00 0.0000000e+00 3.7612632e-04 3.6888148e-04
 0.0000000e+00 5.4114067e-04 4.4591488e-05 0.0000000e+00 0.0000000e+00]) 	 loss 6.472E-02 	 horizons 9.0
step 24750 	 return [0.00094859 0.00024012 0.0017204  0.00133456 0.00197917 0.
 0.00087978 0.00406946 0.         0.        ], ([3.1619813e-04 8.0039157e-05 4.3840689e-04 4.3116510e-05 1.7743596e-04
 0.0000000e+00 5.1945413e-04 1.3803717e-04 0.0000000e+00 0.0000000e+00]) 	 loss 5.998E-02 	 horizons 9.0
step 24840 	 return [0.         0.00578726 0.00371049 0.00323784 0.00472884 0.
 0.00241654 0.         0.         0.        ], ([0.000000e+00 4.656613e-10 0.000000e+00 0.000000e+00 4.656613e-10
 0.000000e+00 0.000000e+00 0.000000e+00 0.000000e+00 0.000000e+00]) 	 loss 8.470E-02 	 horizons 9.0
step 24930 	 return [0.         0.00610153 0.00272297 0.00435489 0.00554567 0.
 0.0021266  0.         0.         0.        ], ([0.         0.00036329 0.00143406 0.00100976 0.00056709 0.
 0.00021296 0.         0.         0.        ]) 	 loss 6.904E-02 	 horizons 9.0
step 25020 	 return [0.         0.         0.         0.         0.00481181 0.00467693
 0.00571567 0.00876376 0.00832989 0.00479681], ([0.000000e+00 0.000000e+00 0.000000e+00 0.000000e+00 4.656613e-10
 0.000000e+00 4.656613e-10 9.313226e-10 0.000000e+00 4.656613e-10]) 	 loss 8.515E-02 	 horizons 9.0
step 25110 	 return [0.0000000e+00 3.7400848e-03 4.4399416e-03 8.2829595e-03 5.3337747e-03
 0.0000000e+00 6.9244124e-04 5.2572963e-05 0.0000000e+00 0.0000000e+00], ([0.0000000e+00 4.7022075e-04 5.1787868e-04 8.7329606e-04 2.1908179e-04
 0.0000000e+00 2.6081652e-05 1.5771890e-04 0.0000000e+00 0.0000000e+00]) 	 loss 7.585E-02 	 horizons 9.0
step 25200 	 return [0.         0.         0.00213442 0.01110712 0.01456045 0.00368133
 0.00370798 0.         0.         0.        ], ([0.0000000e+00 0.0000000e+00 2.3283064e-10 9.3132257e-10 0.0000000e+00
 4.6566129e-10 0.0000000e+00 0.0000000e+00 0.0000000e+00 0.0000000e+00]) 	 loss 7.221E-02 	 horizons 9.0
step 25290 	 return [0.         0.00255692 0.0041951  0.01018671 0.00983485 0.
 0.00101334 0.         0.         0.        ], ([0.0000000e+00 1.2912988e-05 2.6022164e-05 9.8589296e-04 8.7401742e-04
 0.0000000e+00 2.7787621e-04 0.0000000e+00 0.0000000e+00 0.0000000e+00]) 	 loss 6.615E-02 	 horizons 9.0
step 25380 	 return [0.         0.00249167 0.00409473 0.00395223 0.00310442 0.
 0.00082955 0.00120493 0.         0.        ], ([0.0000000e+00 8.3445935e-05 6.8907201e-04 2.1070048e-04 5.7715626e-04
 0.0000000e+00 8.6539920e-05 2.4818713e-04 0.0000000e+00 0.0000000e+00]) 	 loss 7.271E-02 	 horizons 9.0
step 25470 	 return [0.         0.00577414 0.00237977 0.00485976 0.00681726 0.
 0.00223603 0.00025765 0.         0.        ], ([0.0000000e+00 9.5330965e-04 2.1580918e-04 9.1544724e-05 3.2351830e-04
 0.0000000e+00 2.6370719e-04 3.9357424e-04 0.0000000e+00 0.0000000e+00]) 	 loss 6.319E-02 	 horizons 9.0
step 25560 	 return [0.         0.0039002  0.00426573 0.00520594 0.00264361 0.
 0.00066276 0.00058033 0.         0.        ], ([0.0000000e+00 4.3556464e-04 1.1180159e-04 7.3424878e-04 3.6493508e-04
 0.0000000e+00 5.5880198e-05 1.1971396e-04 0.0000000e+00 0.0000000e+00]) 	 loss 6.550E-02 	 horizons 9.0
step 25650 	 return [0.0000000e+00 5.6512011e-03 3.5399930e-03 3.9858716e-03 4.8404122e-03
 0.0000000e+00 2.2736338e-03 8.4411688e-05 0.0000000e+00 0.0000000e+00], ([0.         0.00036446 0.00036985 0.00138355 0.00033938 0.
 0.00019512 0.00025324 0.         0.        ]) 	 loss 6.567E-02 	 horizons 9.0
step 25740 	 return [0.         0.00528299 0.00233314 0.00539455 0.00224791 0.
 0.00188289 0.00064608 0.00079417 0.        ], ([0.         0.00057339 0.00077797 0.00073754 0.0011265  0.
 0.00017845 0.0002184  0.00039708 0.        ]) 	 loss 6.416E-02 	 horizons 9.0
step 25830 	 return [0.         0.00696472 0.00268023 0.00466884 0.00645705 0.
 0.0024536  0.         0.         0.        ], ([0.         0.00059128 0.00036476 0.00048152 0.00039382 0.
 0.00014319 0.         0.         0.        ]) 	 loss 6.672E-02 	 horizons 9.0
step 25920 	 return [0.         0.0007108  0.00201443 0.01237296 0.0102586  0.
 0.00251676 0.         0.         0.        ], ([0.         0.00087062 0.00078229 0.00075635 0.00104959 0.
 0.00016501 0.         0.         0.        ]) 	 loss 5.878E-02 	 horizons 9.0
step 26010 	 return [0.         0.00255956 0.00420041 0.01038795 0.01001326 0.
 0.00095662 0.         0.         0.        ], ([0.0000000e+00 1.2078994e-05 2.4341502e-05 9.2221843e-04 8.1756851e-04
 0.0000000e+00 2.5992939e-04 0.0000000e+00 0.0000000e+00 0.0000000e+00]) 	 loss 6.307E-02 	 horizons 9.0
step 26100 	 return [0.         0.         0.         0.00886804 0.01514402 0.00367859
 0.00371944 0.         0.         0.        ], ([0.0000000e+00 0.0000000e+00 0.0000000e+00 9.3132257e-10 0.0000000e+00
 2.3283064e-10 0.0000000e+00 0.0000000e+00 0.0000000e+00 0.0000000e+00]) 	 loss 5.574E-02 	 horizons 9.0
step 26190 	 return [0.         0.00478595 0.00427141 0.00585495 0.00147861 0.
 0.00081613 0.00053695 0.         0.        ], ([0.0000000e+00 1.7523169e-04 5.9473165e-04 8.9693815e-05 6.7115959e-04
 0.0000000e+00 2.3358171e-04 2.6847655e-04 0.0000000e+00 0.0000000e+00]) 	 loss 5.096E-02 	 horizons 9.0
step 26280 	 return [0.         0.00132416 0.00486665 0.00862316 0.00292765 0.
 0.00127753 0.         0.         0.        ], ([0.0000000e+00 6.3213626e-08 7.5269497e-07 2.1986296e-05 3.0249482e-04
 0.0000000e+00 2.1764663e-05 0.0000000e+00 0.0000000e+00 0.0000000e+00]) 	 loss 6.141E-02 	 horizons 9.0
step 26370 	 return [0.         0.00361779 0.00442898 0.00299303 0.0034127  0.
 0.00072334 0.00069839 0.         0.        ], ([0.0000000e+00 1.1122087e-06 1.5994069e-06 2.8540383e-06 2.0016920e-04
 0.0000000e+00 3.7030655e-05 7.1958653e-05 0.0000000e+00 0.0000000e+00]) 	 loss 6.280E-02 	 horizons 9.0
step 26460 	 return [0.         0.00074549 0.00415976 0.00949325 0.00511758 0.
 0.00215334 0.         0.         0.        ], ([0.0000000e+00 1.1387579e-03 8.0740036e-05 1.0623508e-03 3.9256248e-04
 0.0000000e+00 1.1883817e-04 0.0000000e+00 0.0000000e+00 0.0000000e+00]) 	 loss 6.873E-02 	 horizons 9.0
step 26550 	 return [0.         0.00250485 0.00408166 0.01131676 0.00443349 0.
 0.00141302 0.         0.         0.        ], ([0.0000000e+00 3.5287820e-07 1.0035935e-06 3.3894554e-05 4.0957259e-04
 0.0000000e+00 4.7754213e-05 0.0000000e+00 0.0000000e+00 0.0000000e+00]) 	 loss 6.014E-02 	 horizons 9.0
step 26640 	 return [0.         0.0045374  0.00272842 0.00751519 0.00674566 0.
 0.00244585 0.         0.         0.        ], ([0.         0.00150014 0.00033164 0.00093696 0.00047557 0.
 0.00012242 0.         0.         0.        ]) 	 loss 6.778E-02 	 horizons 9.0
step 26730 	 return [0.         0.0025949  0.00389925 0.00415996 0.00375317 0.
 0.00073336 0.00065259 0.         0.        ], ([0.0000000e+00 3.9115918e-04 9.3577564e-04 7.2614016e-04 6.2613905e-04
 0.0000000e+00 1.2385336e-05 2.1761391e-04 0.0000000e+00 0.0000000e+00]) 	 loss 6.192E-02 	 horizons 9.0
step 26820 	 return [0.         0.00326289 0.00202732 0.00376058 0.00637455 0.
 0.00349905 0.         0.         0.        ], ([0.0000000e+00 4.8586394e-04 2.4971631e-04 1.2231533e-03 1.2842941e-04
 0.0000000e+00 6.4406318e-05 0.0000000e+00 0.0000000e+00 0.0000000e+00]) 	 loss 6.596E-02 	 horizons 9.0
step 26910 	 return [0.         0.00584476 0.00430768 0.00406918 0.00125246 0.
 0.000699   0.00067202 0.         0.        ], ([0.0000000e+00 9.2389389e-05 4.7778245e-05 3.7499264e-04 3.4157085e-04
 0.0000000e+00 6.3087268e-06 9.1145166e-06 0.0000000e+00 0.0000000e+00]) 	 loss 6.926E-02 	 horizons 9.0
step 27000 	 return [0.         0.00588516 0.0027232  0.00326994 0.00561008 0.
 0.0020952  0.         0.         0.        ], ([0.0000000e+00 6.2341563e-04 9.3706432e-05 5.7396817e-05 5.8408314e-04
 0.0000000e+00 2.1250888e-04 0.0000000e+00 0.0000000e+00 0.0000000e+00]) 	 loss 6.526E-02 	 horizons 9.0
step 27090 	 return [0.         0.00285348 0.00348174 0.00670939 0.00508973 0.
 0.0021394  0.         0.         0.        ], ([0.         0.00069796 0.00038804 0.0012707  0.00062582 0.
 0.0002202  0.         0.         0.        ]) 	 loss 7.051E-02 	 horizons 9.0
step 27180 	 return [0.0000000e+00 5.6347484e-03 4.1373791e-03 3.3309129e-03 2.6475054e-03
 0.0000000e+00 6.5298739e-04 5.1645830e-04 8.0660902e-05 0.0000000e+00], ([0.0000000e+00 1.5020004e-04 1.6010164e-04 8.4811402e-04 5.9162086e-04
 0.0000000e+00 4.9235128e-05 2.1144564e-04 2.4198272e-04 0.0000000e+00]) 	 loss 1.044E-01 	 horizons 9.0
step 27270 	 return [0.         0.         0.         0.         0.00445646 0.00530856
 0.00577417 0.00878748 0.00834035 0.00480547], ([0.0000000e+00 0.0000000e+00 0.0000000e+00 0.0000000e+00 7.1069878e-04
 1.2632527e-03 1.1699293e-04 4.7440080e-05 2.0921976e-05 1.7329863e-05]) 	 loss 9.263E-02 	 horizons 9.0
step 27360 	 return [0.         0.00398139 0.00240879 0.00314841 0.00545227 0.
 0.00294078 0.         0.         0.        ], ([0.         0.00104874 0.00080642 0.00029055 0.00062221 0.
 0.00046858 0.         0.         0.        ]) 	 loss 8.863E-02 	 horizons 9.0
step 27450 	 return [0.         0.00725007 0.00261093 0.00481704 0.00711331 0.
 0.00227192 0.         0.         0.        ], ([0.0000000e+00 5.1412730e-06 8.8755041e-07 9.1772527e-06 3.1713414e-04
 0.0000000e+00 1.2641847e-04 0.0000000e+00 0.0000000e+00 0.0000000e+00]) 	 loss 1.127E-01 	 horizons 9.0
step 27540 	 return [0.         0.00525808 0.00266834 0.00666281 0.00671179 0.
 0.00314163 0.         0.         0.        ], ([0.0000000e+00 8.8901070e-05 3.1044110e-05 2.4577386e-03 7.4556103e-04
 0.0000000e+00 4.1655387e-04 0.0000000e+00 0.0000000e+00 0.0000000e+00]) 	 loss 8.980E-02 	 horizons 9.0
step 27630 	 return [0.         0.00469801 0.00293218 0.00243187 0.00249605 0.
 0.00067596 0.00082642 0.00159511 0.        ], ([0.0000000e+00 6.9444004e-04 8.0836937e-04 1.5631942e-03 1.2930612e-03
 0.0000000e+00 1.2275255e-05 6.4370397e-05 5.5933581e-04 0.0000000e+00]) 	 loss 7.106E-02 	 horizons 9.0
step 27720 	 return [0.         0.0024848  0.00403594 0.00786663 0.00495268 0.
 0.00220025 0.         0.         0.        ], ([0.0000000e+00 3.5287815e-07 1.0037795e-06 7.8178937e-06 3.1863188e-04
 0.0000000e+00 9.7220298e-05 0.0000000e+00 0.0000000e+00 0.0000000e+00]) 	 loss 1.060E-01 	 horizons 9.0
step 27810 	 return [0.         0.00206807 0.00251531 0.0084634  0.00783667 0.
 0.00228938 0.00097995 0.         0.        ], ([0.0000000e+00 4.8844836e-04 4.4566163e-04 4.0088352e-04 5.2484065e-05
 0.0000000e+00 2.1966195e-04 8.0012775e-04 0.0000000e+00 0.0000000e+00]) 	 loss 7.728E-02 	 horizons 9.0
step 27900 	 return [0.         0.00415648 0.00272739 0.00682094 0.00635832 0.
 0.00298405 0.00014992 0.         0.        ], ([0.0000000e+00 1.1857559e-03 8.5284737e-05 2.1821004e-03 2.2894779e-04
 0.0000000e+00 5.2346586e-04 4.4976690e-04 0.0000000e+00 0.0000000e+00]) 	 loss 7.080E-02 	 horizons 9.0
step 27990 	 return [0.00123208 0.00038834 0.00206473 0.00052242 0.00147661 0.
 0.00045082 0.00270257 0.         0.        ], ([9.2980830e-05 2.3203047e-05 3.8501457e-04 6.3982845e-04 5.1817740e-05
 0.0000000e+00 1.3366867e-04 1.8715110e-04 0.0000000e+00 0.0000000e+00]) 	 loss 6.762E-02 	 horizons 9.0
step 28080 	 return [0.         0.00577793 0.00265165 0.00609499 0.00425331 0.
 0.0018625  0.00082616 0.         0.        ], ([0.0000000e+00 4.6566129e-10 0.0000000e+00 4.6566129e-10 0.0000000e+00
 0.0000000e+00 1.1641532e-10 5.8207661e-11 0.0000000e+00 0.0000000e+00]) 	 loss 6.415E-02 	 horizons 9.0
step 28170 	 return [0.         0.00280675 0.00254233 0.00982313 0.00885195 0.
 0.00173772 0.00032428 0.         0.        ], ([0.         0.00172671 0.00116841 0.00163452 0.00065352 0.
 0.00051116 0.00064856 0.         0.        ]) 	 loss 6.113E-02 	 horizons 9.0
step 28260 	 return [0.         0.00455226 0.00154105 0.00367075 0.00614538 0.
 0.00206543 0.00155843 0.         0.        ], ([0.0000000e+00 4.3046469e-04 1.2582656e-03 6.0557504e-04 7.1700160e-05
 0.0000000e+00 3.2398526e-05 6.1396597e-05 0.0000000e+00 0.0000000e+00]) 	 loss 6.229E-02 	 horizons 9.0
step 28350 	 return [0.         0.00558764 0.00159099 0.00503125 0.00498093 0.
 0.00210603 0.0004957  0.         0.        ], ([0.         0.00023305 0.00129904 0.00130282 0.00089115 0.
 0.00029826 0.00040473 0.         0.        ]) 	 loss 6.749E-02 	 horizons 9.0
step 28440 	 return [0.         0.0064274  0.00253465 0.00371264 0.00470455 0.
 0.00198283 0.00024738 0.         0.        ], ([0.         0.00054944 0.00135611 0.00063008 0.00032254 0.
 0.00025073 0.00037788 0.         0.        ]) 	 loss 5.677E-02 	 horizons 9.0
step 28530 	 return [0.         0.00603298 0.00243136 0.00678181 0.0064274  0.
 0.00254181 0.         0.         0.        ], ([0.0000000e+00 1.8317251e-05 8.1045413e-04 5.2577979e-04 1.7157920e-04
 0.0000000e+00 4.2113756e-05 0.0000000e+00 0.0000000e+00 0.0000000e+00]) 	 loss 5.801E-02 	 horizons 9.0
step 28620 	 return [0.         0.00524551 0.00266155 0.00493135 0.00667021 0.
 0.00193227 0.00104928 0.         0.        ], ([0.0000000e+00 4.6412082e-05 1.4928001e-05 1.3194974e-04 3.1088517e-04
 0.0000000e+00 6.7945388e-05 2.8965969e-04 0.0000000e+00 0.0000000e+00]) 	 loss 6.962E-02 	 horizons 9.0
step 28710 	 return [0.0010764  0.00018676 0.00157389 0.00131798 0.00185119 0.
 0.0005811  0.00394663 0.         0.        ], ([3.4230980e-05 1.2226183e-04 5.8298923e-07 3.3657914e-06 2.8583151e-04
 0.0000000e+00 1.9174757e-04 2.5792001e-04 0.0000000e+00 0.0000000e+00]) 	 loss 6.075E-02 	 horizons 9.0
step 28800 	 return [0.         0.         0.         0.         0.00481181 0.00467693
 0.00571567 0.00876376 0.00832989 0.00479681], ([0.000000e+00 0.000000e+00 0.000000e+00 0.000000e+00 4.656613e-10
 0.000000e+00 4.656613e-10 9.313226e-10 0.000000e+00 4.656613e-10]) 	 loss 6.765E-02 	 horizons 9.0
step 28890 	 return [0.         0.00531848 0.00238244 0.00416815 0.0044126  0.
 0.00069317 0.00085389 0.00226443 0.        ], ([0.00000000e+00 4.80591320e-04 5.15397813e-04 5.46258118e-04
 1.13634764e-04 0.00000000e+00 2.73345518e-06 6.24279483e-06
 2.88685787e-05 0.00000000e+00]) 	 loss 4.925E-02 	 horizons 9.0
step 28980 	 return [0.         0.00557526 0.00349431 0.00418559 0.00066125 0.
 0.00066282 0.00060318 0.00082952 0.        ], ([0.00000000e+00 5.65199764e-04 5.37677726e-04 1.89035642e-03
 5.60324115e-04 0.00000000e+00 4.12945847e-05 1.59183808e-04
 1.21074125e-04 0.00000000e+00]) 	 loss 5.403E-02 	 horizons 9.0
step 29070 	 return [0.         0.0051243  0.00286684 0.01048712 0.00862824 0.
 0.00230213 0.         0.         0.        ], ([0.         0.00086107 0.00043213 0.00050397 0.00041092 0.
 0.00035403 0.         0.         0.        ]) 	 loss 4.370E-02 	 horizons 9.0
step 29160 	 return [0.         0.00514752 0.00263171 0.00457444 0.00619619 0.
 0.00204164 0.00150342 0.         0.        ], ([0.0000000e+00 8.1263119e-05 2.1095711e-05 4.6604907e-04 2.5788329e-06
 0.0000000e+00 1.6748578e-05 3.5043475e-05 0.0000000e+00 0.0000000e+00]) 	 loss 4.550E-02 	 horizons 9.0
step 29250 	 return [0.         0.00296664 0.00276574 0.00288807 0.00593692 0.00344365
 0.00335797 0.         0.         0.        ], ([0.0000000e+00 2.3283064e-10 2.3283064e-10 0.0000000e+00 4.6566129e-10
 2.3283064e-10 0.0000000e+00 0.0000000e+00 0.0000000e+00 0.0000000e+00]) 	 loss 3.420E-02 	 horizons 9.0
step 29340 	 return [0.         0.00366044 0.00178951 0.00497259 0.00787768 0.
 0.00195467 0.00092214 0.00259832 0.        ], ([0.0000000e+00 4.6566129e-10 1.1641532e-10 4.6566129e-10 9.3132257e-10
 0.0000000e+00 2.3283064e-10 0.0000000e+00 2.3283064e-10 0.0000000e+00]) 	 loss 3.496E-02 	 horizons 9.0
step 29430 	 return [0.         0.         0.         0.         0.00303506 0.00783506
 0.00600815 0.00888236 0.00838219 0.00484013], ([0.000000e+00 0.000000e+00 0.000000e+00 0.000000e+00 0.000000e+00
 9.313226e-10 0.000000e+00 9.313226e-10 9.313226e-10 4.656613e-10]) 	 loss 3.163E-02 	 horizons 9.0
step 29520 	 return [0.         0.00366044 0.00178951 0.00497259 0.00787768 0.
 0.00195467 0.00092214 0.00259832 0.        ], ([0.0000000e+00 4.6566129e-10 1.1641532e-10 4.6566129e-10 9.3132257e-10
 0.0000000e+00 2.3283064e-10 0.0000000e+00 2.3283064e-10 0.0000000e+00]) 	 loss 2.613E-02 	 horizons 9.0
step 29610 	 return [0.         0.00363359 0.00268268 0.00492259 0.00769811 0.00357088
 0.00354516 0.         0.         0.        ], ([0.0000000e+00 0.0000000e+00 0.0000000e+00 4.6566129e-10 0.0000000e+00
 2.3283064e-10 4.6566129e-10 0.0000000e+00 0.0000000e+00 0.0000000e+00]) 	 loss 2.846E-02 	 horizons 9.0
step 29700 	 return [0.         0.00570812 0.00053101 0.00476465 0.00650616 0.
 0.00317648 0.00023514 0.         0.        ], ([0.0000000e+00 2.4249699e-04 1.0620372e-03 8.4389329e-05 1.5235838e-04
 0.0000000e+00 6.0818263e-04 4.9105979e-04 0.0000000e+00 0.0000000e+00]) 	 loss 2.423E-02 	 horizons 9.0
step 29790 	 return [0.         0.00605118 0.00291878 0.00307178 0.00303907 0.
 0.00068322 0.00082574 0.00204374 0.        ], ([0.0000000e+00 1.9354635e-04 3.6064349e-04 1.4958905e-06 7.0119279e-07
 0.0000000e+00 1.2279489e-07 2.1420419e-07 6.7781662e-07 0.0000000e+00]) 	 loss 2.109E-02 	 horizons 9.0
step 29880 	 return [0.         0.00365966 0.00239584 0.00351116 0.00904696 0.00360232
 0.00358216 0.         0.         0.        ], ([0.0000000e+00 4.6566129e-10 2.3283064e-10 0.0000000e+00 0.0000000e+00
 0.0000000e+00 0.0000000e+00 0.0000000e+00 0.0000000e+00 0.0000000e+00]) 	 loss 2.237E-02 	 horizons 9.0
step 29970 	 return [0.         0.00653748 0.00293936 0.00447739 0.00424316 0.
 0.00129202 0.00115902 0.         0.        ], ([0.         0.00034606 0.00043924 0.00051543 0.00049269 0.
 0.00045542 0.00028406 0.         0.        ]) 	 loss 1.508E-02 	 horizons 9.0
step 30060 	 return [0.         0.00450997 0.00402212 0.00476749 0.00267142 0.
 0.00066496 0.00058201 0.         0.        ], ([0.0000000e+00 6.0318172e-04 3.9039805e-04 1.1774640e-03 3.4557164e-04
 0.0000000e+00 5.9130442e-05 1.2253255e-04 0.0000000e+00 0.0000000e+00]) 	 loss 1.678E-02 	 horizons 9.0
[1;34mwandb[0m: 
[1;34mwandb[0m: 🚀 View run [33mmotndp_amsterdam-v0__GCN-amsterdam-g10-temporal__123__1781518169[0m at: [34mhttps://wandb.ai/jingyuan-sun03-tu-delft/cl_ablation/runs/1jzvqcch[0m
[1;34mwandb[0m: Find logs at: [1;35mwandb/run-20260615_120929-1jzvqcch/logs[0m
