/home/SinJ/mo-transport-network-design/.venv/lib/python3.13/site-packages/pygame/pkgdata.py:25: UserWarning: pkg_resources is deprecated as an API. See https://setuptools.pypa.io/en/latest/pkg_resources.html. The pkg_resources package is slated for removal as early as 2025-11-30. Refrain from using this package or pin to Setuptools<81.
  from pkg_resources import resource_stream, resource_exists
wandb: [wandb.login()] Loaded credentials for https://api.wandb.ai from /home/SinJ/.netrc.
wandb: Currently logged in as: jingyuan-sun03 (jingyuan-sun03-tu-delft) to https://api.wandb.ai. Use `wandb login --relogin` to force relogin
wandb: setting up run p2rpijxg
wandb: Tracking run with wandb version 0.27.2
wandb: Run data is saved locally in /home/SinJ/mo-transport-network-design/wandb/run-20260615_104653-p2rpijxg
wandb: Run `wandb offline` to turn off syncing.
wandb: Syncing run motndp_amsterdam-v0__GCN-amsterdam-g7-spatial__42__1781513212
wandb: ⭐️ View project at https://wandb.ai/jingyuan-sun03-tu-delft/cl_ablation
wandb: 🚀 View run at https://wandb.ai/jingyuan-sun03-tu-delft/cl_ablation/runs/p2rpijxg
/home/SinJ/mo-transport-network-design/morl-baselines/morl_baselines/multi_policy/gcn/gcn.py:151: UserWarning: Creating a tensor from a list of numpy.ndarrays is extremely slow. Please consider converting the list to a single numpy.ndarray with numpy.array() before converting to a tensor. (Triggered internally at /pytorch/torch/csrc/utils/tensor_new.cpp:253.)
  th.tensor(obs).to(self.device),
Namespace(env='amsterdam', nr_groups=7, starting_loc_x=9, starting_loc_y=19, nr_stations=10, lr=0.01, batch_size=256, num_er_episodes=100, num_step_episodes=10, num_model_updates=10, num_policies=10, max_buffer_size=200, nr_layers=1, hidden_dim=128, timesteps=30000, no_log=False, seed=42, cd_threshold=0.2, distance_ref='interpolate2', gcn_lambda=0.0, lambda_schedule='constant', lambda_start=1.0, lambda_end=None, lambda_warmup_fraction=0.0, lambda_freeze_fraction=0.1, spatial_alpha=0.5, include_demand_context=False, criterion='lorenz', nash_mode='pareto_sized', nash_top_k=None, nash_shift=0.0, project_name='cl_ablation', experiment_name='GCN-amsterdam-g7-spatial', wandb_entity=None)
step 990 	 return [0.00091569 0.00088292 0.00172213 0.00109016 0.00184866 0.0012041
 0.00126076], ([0.002073   0.00105918 0.00146864 0.00192469 0.00236962 0.00120615
 0.00263427]) 	 loss 2.034E+00 	 horizons 9.0
step 1080 	 return [0.00054246 0.00057434 0.00284057 0.00067729 0.00143909 0.00192963
 0.00148403], ([0.00109081 0.00082746 0.00326657 0.00119849 0.00117486 0.00197318
 0.00298714]) 	 loss 1.878E+00 	 horizons 9.0
step 1170 	 return [0.         0.00079123 0.00220447 0.00126751 0.00086714 0.00084024
 0.00108251], ([0.         0.00088356 0.003528   0.00218939 0.00104981 0.00149528
 0.00324754]) 	 loss 1.441E+00 	 horizons 9.0
step 1260 	 return [0.00114979 0.00027897 0.00038201 0.0004245  0.00075992 0.00070158
 0.        ], ([0.0019893  0.00083691 0.00055389 0.0004263  0.00039187 0.00051247
 0.        ]) 	 loss 1.194E+00 	 horizons 9.0
step 1350 	 return [0.00010803 0.00045807 0.0005129  0.0001306  0.00068972 0.00172911
 0.00071685], ([0.0003241  0.00067341 0.00055796 0.00022398 0.00082142 0.00233253
 0.00215055]) 	 loss 1.109E+00 	 horizons 9.0
step 1440 	 return [0.00022743 0.00102373 0.00127627 0.00046409 0.00120188 0.00185215
 0.        ], ([0.00045693 0.00068839 0.00162277 0.00081208 0.00095772 0.00190006
 0.        ]) 	 loss 1.055E+00 	 horizons 9.0
step 1530 	 return [8.7400978e-05 7.8809739e-04 2.4922930e-03 1.2298723e-04 1.5584602e-03
 3.4850023e-03 9.2834036e-04], ([0.0002622  0.00090573 0.00262254 0.00036896 0.00129203 0.00375947
 0.00152376]) 	 loss 1.052E+00 	 horizons 9.0
step 1620 	 return [0.         0.         0.00161579 0.00187128 0.00288176 0.00465692
 0.00447163], ([0.         0.         0.00091322 0.00163524 0.00086788 0.00317321
 0.00218461]) 	 loss 1.011E+00 	 horizons 9.0
step 1710 	 return [0.         0.00015809 0.00095963 0.00103984 0.00281407 0.00540844
 0.0024791 ], ([0.         0.00047428 0.00072944 0.00198003 0.00085447 0.00298773
 0.00247383]) 	 loss 1.002E+00 	 horizons 9.0
step 1800 	 return [0.         0.         0.00208954 0.00392165 0.00465078 0.00186374
 0.0052441 ], ([0.         0.         0.00061685 0.00084658 0.00148432 0.00195006
 0.00180082]) 	 loss 9.647E-01 	 horizons 9.0
step 1890 	 return [0.         0.00019693 0.0012744  0.00089403 0.00246233 0.0060312
 0.00214985], ([0.         0.0005908  0.00063993 0.00108671 0.00065923 0.00317113
 0.00211184]) 	 loss 9.833E-01 	 horizons 9.0
step 1980 	 return [0.         0.         0.00167898 0.00441532 0.00446449 0.00147567
 0.00711264], ([0.         0.         0.00055774 0.00179623 0.00132649 0.00131326
 0.00244392]) 	 loss 9.468E-01 	 horizons 9.0
step 2070 	 return [0.00100625 0.00036357 0.00093719 0.00048171 0.00072374 0.00082834
 0.        ], ([0.00151738 0.00073539 0.00200427 0.00040314 0.00032948 0.00069677
 0.        ]) 	 loss 9.065E-01 	 horizons 9.0
step 2160 	 return [0.         0.         0.00202184 0.00400487 0.00367074 0.00426411
 0.00484091], ([0.         0.         0.00053223 0.00270155 0.0013052  0.00236025
 0.00250147]) 	 loss 8.784E-01 	 horizons 9.0
step 2250 	 return [0.         0.         0.00161145 0.00424376 0.00411223 0.00213746
 0.00653399], ([0.         0.         0.00055294 0.00223965 0.00172029 0.00168246
 0.00390725]) 	 loss 8.488E-01 	 horizons 9.0
step 2340 	 return [0.         0.         0.00143175 0.00132145 0.00289281 0.00490064
 0.00443695], ([0.         0.         0.00087349 0.00137017 0.00092221 0.00286715
 0.00233822]) 	 loss 8.463E-01 	 horizons 9.0
step 2430 	 return [0.         0.         0.00162278 0.00092517 0.00285882 0.00590881
 0.00488984], ([0.         0.         0.00075475 0.00127374 0.00068518 0.00174324
 0.00243244]) 	 loss 8.174E-01 	 horizons 9.0
step 2520 	 return [0.         0.         0.00182564 0.00215726 0.00346866 0.00399875
 0.0040826 ], ([0.         0.         0.00096792 0.00154455 0.00167662 0.00288785
 0.00188458]) 	 loss 7.539E-01 	 horizons 9.0
step 2610 	 return [0.         0.         0.00191577 0.00547752 0.00400675 0.00108302
 0.00617292], ([0.         0.         0.00030685 0.00164162 0.00185953 0.00115141
 0.00170626]) 	 loss 7.611E-01 	 horizons 9.0
step 2700 	 return [0.         0.         0.00161553 0.00467703 0.0050718  0.00284636
 0.00379517], ([0.         0.         0.00084408 0.00221279 0.0009482  0.0021189
 0.00190871]) 	 loss 7.281E-01 	 horizons 9.0
step 2790 	 return [0.         0.         0.00197548 0.00462575 0.00405805 0.00104706
 0.00646391], ([0.0000000e+00 0.0000000e+00 6.7693138e-05 1.2043195e-03 1.2098611e-03
 1.3765283e-03 2.3595765e-03]) 	 loss 7.634E-01 	 horizons 9.0
step 2880 	 return [0.         0.         0.00201115 0.00543821 0.0036869  0.00078642
 0.0065914 ], ([0.0000000e+00 0.0000000e+00 4.1516185e-05 1.1501515e-03 1.0847010e-03
 1.0019693e-03 2.3967533e-03]) 	 loss 6.953E-01 	 horizons 9.0
step 2970 	 return [0.         0.         0.00068864 0.00018121 0.00309468 0.00689187
 0.00530779], ([0.         0.         0.00053785 0.00054362 0.00098644 0.0027526
 0.00248215]) 	 loss 6.881E-01 	 horizons 9.0
step 3060 	 return [0.         0.         0.00204062 0.00616527 0.00500546 0.00138596
 0.00584815], ([0.0000000e+00 0.0000000e+00 3.8272337e-05 1.2850061e-03 1.2170502e-03
 1.6998004e-03 1.8814356e-03]) 	 loss 6.686E-01 	 horizons 9.0
step 3150 	 return [0.         0.         0.00216283 0.00562996 0.00491724 0.00431812
 0.00525867], ([0.         0.         0.00034756 0.00071481 0.00072382 0.00067738
 0.00036092]) 	 loss 6.397E-01 	 horizons 9.0
step 3240 	 return [0.00335449 0.00263666 0.00334596 0.00016997 0.00062237 0.00051727
 0.        ], ([0.00156823 0.00083402 0.00168564 0.00025964 0.00038419 0.00054901
 0.        ]) 	 loss 6.172E-01 	 horizons 9.0
step 3330 	 return [0.         0.         0.00161172 0.00232844 0.00340358 0.00436897
 0.00703444], ([0.         0.         0.00053929 0.00125996 0.00176087 0.00139696
 0.00319445]) 	 loss 5.962E-01 	 horizons 9.0
step 3420 	 return [0.         0.         0.00117835 0.00142584 0.00250377 0.00461057
 0.00801476], ([0.         0.         0.0006889  0.00113223 0.00159688 0.00162751
 0.0033717 ]) 	 loss 5.951E-01 	 horizons 9.0
step 3510 	 return [0.00073945 0.00100701 0.00455927 0.00146149 0.001399   0.00124968
 0.00057326], ([0.00116428 0.00118211 0.00278128 0.00184726 0.00085283 0.00221114
 0.00114652]) 	 loss 6.035E-01 	 horizons 9.0
step 3600 	 return [0.         0.         0.0021449  0.00217788 0.00380824 0.00391304
 0.00789105], ([0.         0.         0.00075358 0.00119074 0.0018519  0.00137131
 0.00209227]) 	 loss 5.890E-01 	 horizons 9.0
step 3690 	 return [0.         0.         0.00216736 0.00570506 0.00562297 0.00195425
 0.00576668], ([0.         0.         0.00036692 0.00110411 0.00139087 0.00180756
 0.00106838]) 	 loss 5.596E-01 	 horizons 9.0
step 3780 	 return [0.00396693 0.00118291 0.00165319 0.00053924 0.00067289 0.00109795
 0.        ], ([0.00207362 0.00135677 0.00158471 0.00037863 0.00029792 0.00051867
 0.        ]) 	 loss 5.250E-01 	 horizons 9.0
step 3870 	 return [0.         0.         0.00231188 0.00140745 0.00276684 0.00490201
 0.0091083 ], ([0.         0.         0.00046505 0.00149381 0.00138218 0.0024157
 0.00270728]) 	 loss 5.109E-01 	 horizons 9.0
step 3960 	 return [0.         0.         0.00141435 0.00081302 0.0017135  0.00486952
 0.00996274], ([0.         0.         0.00047989 0.00110953 0.0013651  0.00063595
 0.00309781]) 	 loss 5.213E-01 	 horizons 9.0
step 4050 	 return [0.00202396 0.00213959 0.00423231 0.00017937 0.00046921 0.00037786
 0.        ], ([0.00163741 0.00099896 0.00176488 0.00027502 0.00015237 0.00060883
 0.        ]) 	 loss 5.152E-01 	 horizons 9.0
step 4140 	 return [0.         0.         0.00205203 0.00577602 0.00556769 0.00136552
 0.00580837], ([0.0000000e+00 0.0000000e+00 2.8704600e-05 5.2448665e-04 6.6232897e-04
 7.3922239e-04 1.0184603e-03]) 	 loss 5.233E-01 	 horizons 9.0
step 4230 	 return [0.00210683 0.00163368 0.00681075 0.00172287 0.0022082  0.0005964
 0.        ], ([0.00207051 0.00116642 0.00178646 0.00243148 0.00055845 0.00093202
 0.        ]) 	 loss 4.834E-01 	 horizons 9.0
step 4320 	 return [0.         0.         0.0024947  0.00346659 0.00380538 0.00457203
 0.00566802], ([0.         0.         0.00072893 0.00129728 0.00143984 0.00277644
 0.00142252]) 	 loss 4.919E-01 	 horizons 9.0
step 4410 	 return [0.00333945 0.00263761 0.00306309 0.00029682 0.00044061 0.0007986
 0.        ], ([1.6467135e-03 1.2533328e-03 1.8582040e-03 2.9731664e-04 2.5112191e-05
 5.1632157e-04 0.0000000e+00]) 	 loss 4.718E-01 	 horizons 9.0
step 4500 	 return [0.         0.         0.00206411 0.0071409  0.0053392  0.00142359
 0.00536238], ([0.0000000e+00 0.0000000e+00 4.7429980e-06 9.3048654e-04 5.9406471e-04
 1.1222006e-03 1.5503608e-03]) 	 loss 4.922E-01 	 horizons 9.0
step 4590 	 return [0.         0.         0.00205454 0.00592905 0.00561036 0.00377434
 0.00525033], ([0.0000000e+00 0.0000000e+00 8.0044929e-06 5.1113628e-05 8.9410204e-04
 1.6213951e-03 3.4806764e-04]) 	 loss 4.400E-01 	 horizons 9.0
step 4680 	 return [0.         0.         0.00217549 0.00570612 0.00576748 0.00316691
 0.00573084], ([0.         0.         0.00035227 0.0007179  0.00164086 0.00189166
 0.00106455]) 	 loss 4.311E-01 	 horizons 9.0
step 4770 	 return [0.         0.         0.00252327 0.00446363 0.00482723 0.00465085
 0.00617844], ([0.         0.         0.00055499 0.00117443 0.00121255 0.00085228
 0.00127676]) 	 loss 4.234E-01 	 horizons 9.0
step 4860 	 return [0.         0.         0.00200233 0.00311406 0.0050473  0.00674655
 0.00581173], ([0.         0.         0.00019178 0.0010448  0.00148986 0.00158852
 0.00186411]) 	 loss 4.069E-01 	 horizons 9.0
step 4950 	 return [0.         0.         0.00301015 0.00356747 0.00571003 0.00243706
 0.00739906], ([0.0000000e+00 0.0000000e+00 4.3809929e-04 9.7562122e-05 4.8299978e-04
 1.7172395e-03 6.0962432e-04]) 	 loss 4.061E-01 	 horizons 9.0
step 5040 	 return [0.00016426 0.00035421 0.00726385 0.00528203 0.00212341 0.
 0.        ], ([0.00049277 0.00106262 0.00169212 0.00192683 0.00041558 0.
 0.        ]) 	 loss 4.205E-01 	 horizons 9.0
step 5130 	 return [0.         0.         0.00164888 0.00215895 0.00253732 0.00467681
 0.00799486], ([0.         0.         0.00056856 0.00118849 0.00124956 0.00136718
 0.00233114]) 	 loss 3.924E-01 	 horizons 9.0
step 5220 	 return [0.00219304 0.00199281 0.00557712 0.00088965 0.00087499 0.00054653
 0.        ], ([0.00181813 0.00118021 0.00193209 0.00106325 0.00034643 0.0006885
 0.        ]) 	 loss 4.057E-01 	 horizons 9.0
step 5310 	 return [0.00223263 0.00251542 0.00562157 0.00053141 0.00116112 0.00072164
 0.        ], ([0.00146203 0.00101157 0.00229887 0.00101509 0.00024809 0.00062369
 0.        ]) 	 loss 4.031E-01 	 horizons 9.0
step 5400 	 return [0.         0.         0.00203884 0.00303372 0.00419979 0.00763272
 0.00669823], ([0.         0.         0.00024281 0.001023   0.00109279 0.00238363
 0.00123155]) 	 loss 3.977E-01 	 horizons 9.0
step 5490 	 return [0.00499829 0.00174016 0.00402877 0.00065427 0.00083527 0.00185284
 0.        ], ([0.00138135 0.00088505 0.00177332 0.00035941 0.00037317 0.00053961
 0.        ]) 	 loss 3.716E-01 	 horizons 9.0
step 5580 	 return [0.00211718 0.0020888  0.00211077 0.00061256 0.00119919 0.00204574
 0.00060027], ([0.00177638 0.00145221 0.00141036 0.00091361 0.00093091 0.00340896
 0.00136919]) 	 loss 3.580E-01 	 horizons 9.0
step 5670 	 return [0.00111982 0.00146682 0.00477904 0.00042539 0.00111158 0.00160661
 0.00062599], ([0.00125893 0.00146373 0.00263056 0.00092291 0.00104464 0.00299567
 0.00144218]) 	 loss 3.722E-01 	 horizons 9.0
step 5760 	 return [0.         0.         0.00185305 0.00798665 0.00458575 0.00280918
 0.00447089], ([0.         0.         0.00061768 0.00035718 0.00024551 0.00151049
 0.001593  ]) 	 loss 3.658E-01 	 horizons 9.0
step 5850 	 return [0.         0.         0.00233464 0.00343696 0.00457539 0.00720521
 0.00622708], ([0.         0.         0.00054749 0.0001172  0.00145438 0.00181363
 0.00087157]) 	 loss 3.877E-01 	 horizons 9.0
step 5940 	 return [0.         0.         0.00205535 0.00594927 0.00572691 0.00562365
 0.00559277], ([0.0000000e+00 0.0000000e+00 1.2426379e-06 8.6143145e-06 3.3275294e-04
 1.4193183e-04 2.7794244e-05]) 	 loss 3.227E-01 	 horizons 9.0
step 6030 	 return [0.00178639 0.00163228 0.00690235 0.00237294 0.00219386 0.00062038
 0.00030745], ([0.00132753 0.00109145 0.00178496 0.0014208  0.00054627 0.00095481
 0.00092236]) 	 loss 3.056E-01 	 horizons 9.0
step 6120 	 return [0.         0.         0.00226402 0.00344608 0.00425727 0.00805381
 0.00644837], ([0.         0.         0.00045312 0.00011561 0.00097398 0.00078905
 0.00091561]) 	 loss 3.093E-01 	 horizons 9.0
step 6210 	 return [0.         0.         0.0020888  0.00346613 0.0052655  0.00599931
 0.00719468], ([0.         0.         0.00039968 0.00010719 0.00082225 0.00100434
 0.00034317]) 	 loss 2.991E-01 	 horizons 9.0
step 6300 	 return [0.         0.         0.00205874 0.0065464  0.00566091 0.00370216
 0.00534015], ([0.0000000e+00 0.0000000e+00 5.6915324e-06 9.3047583e-04 4.9606338e-04
 1.7427743e-03 6.7441748e-04]) 	 loss 2.828E-01 	 horizons 9.0
step 6390 	 return [0.0043834  0.00229286 0.00599422 0.00053522 0.00079814 0.00144978
 0.        ], ([0.0012316  0.00018661 0.0014108  0.0003711  0.00036512 0.00059473
 0.        ]) 	 loss 2.750E-01 	 horizons 9.0
step 6480 	 return [0.00439401 0.00164646 0.00548918 0.00049092 0.00143106 0.00156114
 0.        ], ([0.00104855 0.00091008 0.00127429 0.00088862 0.00036076 0.00083919
 0.        ]) 	 loss 2.824E-01 	 horizons 9.0
step 6570 	 return [0.00467994 0.00218977 0.00470148 0.00049038 0.00076635 0.00136101
 0.        ], ([0.00090991 0.00014512 0.00107127 0.00033409 0.00038072 0.00054298
 0.        ]) 	 loss 2.828E-01 	 horizons 9.0
step 6660 	 return [0.         0.         0.00237374 0.00343722 0.00455525 0.00788717
 0.00651821], ([0.         0.         0.00053791 0.00016404 0.00135991 0.00116439
 0.00120971]) 	 loss 2.780E-01 	 horizons 9.0
step 6750 	 return [0.00434839 0.00281128 0.00349306 0.00037245 0.00092399 0.00157636
 0.        ], ([0.00053244 0.00033991 0.00152896 0.00039153 0.00036457 0.0005034
 0.        ]) 	 loss 2.824E-01 	 horizons 9.0
step 6840 	 return [0.00174658 0.00182508 0.00415199 0.00082514 0.00142969 0.00271798
 0.00090931], ([0.00130625 0.00126648 0.00108133 0.00112826 0.0003402  0.00222397
 0.00155316]) 	 loss 2.465E-01 	 horizons 9.0
step 6930 	 return [0.         0.         0.00216005 0.00345824 0.00484601 0.00826148
 0.00615436], ([0.         0.         0.00035625 0.00016263 0.00130691 0.0005525
 0.00104436]) 	 loss 2.480E-01 	 horizons 9.0
step 7020 	 return [0.         0.         0.00238412 0.00355869 0.00555421 0.00231197
 0.00856094], ([0.0000000e+00 0.0000000e+00 5.8203313e-04 8.5478896e-05 2.4819485e-04
 1.0566041e-03 9.3787973e-04]) 	 loss 2.382E-01 	 horizons 9.0
step 7110 	 return [0.00472414 0.00310499 0.001263   0.00033399 0.0004364  0.00127236
 0.        ], ([7.4357894e-04 8.3134300e-04 6.7435653e-04 2.7274055e-04 3.3151264e-05
 4.3774760e-04 0.0000000e+00]) 	 loss 2.237E-01 	 horizons 9.0
step 7200 	 return [0.00290988 0.00190218 0.00791805 0.00316789 0.00226903 0.0004685
 0.        ], ([0.00145838 0.00100331 0.00072558 0.00068965 0.00042635 0.00093703
 0.        ]) 	 loss 2.056E-01 	 horizons 9.0
step 7290 	 return [0.0040191  0.00220323 0.0050214  0.00010252 0.00133536 0.00256364
 0.        ], ([1.1847931e-03 3.2150463e-04 1.1195581e-03 3.0754719e-04 4.7274403e-05
 4.8500940e-04 0.0000000e+00]) 	 loss 2.024E-01 	 horizons 9.0
step 7380 	 return [0.         0.         0.00210086 0.00350404 0.00511186 0.00817444
 0.00593895], ([0.0000000e+00 0.0000000e+00 2.5562309e-05 1.0418127e-04 1.1029644e-03
 6.1958708e-04 8.4028312e-04]) 	 loss 1.800E-01 	 horizons 9.0
step 7470 	 return [0.00080601 0.00137592 0.01013422 0.00427055 0.00238516 0.
 0.        ], ([0.00098716 0.00116602 0.00088106 0.00184134 0.00030945 0.
 0.        ]) 	 loss 1.860E-01 	 horizons 9.0
step 7560 	 return [0.00360127 0.00253213 0.00778779 0.0028705  0.00250002 0.
 0.        ], ([0.0000000e+00 2.3283064e-10 0.0000000e+00 2.3283064e-10 0.0000000e+00
 0.0000000e+00 0.0000000e+00]) 	 loss 1.659E-01 	 horizons 9.0
step 7650 	 return [0.         0.         0.00262963 0.00344347 0.00441174 0.00708088
 0.00686359], ([0.         0.         0.00051197 0.00011956 0.00140057 0.00123916
 0.00085885]) 	 loss 1.748E-01 	 horizons 9.0
step 7740 	 return [0.         0.         0.00277873 0.00354913 0.00553511 0.00535414
 0.00628782], ([0.0000000e+00 0.0000000e+00 5.3898344e-04 7.5839962e-05 8.6337083e-04
 1.0745700e-03 1.2005826e-03]) 	 loss 1.629E-01 	 horizons 9.0
step 7830 	 return [0.00229894 0.00234449 0.00819966 0.         0.00149295 0.00227262
 0.        ], ([6.2167161e-04 7.1867413e-05 7.4800290e-04 0.0000000e+00 8.4135308e-06
 2.3121956e-05 0.0000000e+00]) 	 loss 2.157E-01 	 horizons 9.0
step 7920 	 return [0.         0.         0.00202179 0.00348597 0.00528046 0.00732904
 0.00671472], ([0.         0.         0.00016852 0.00010556 0.00088054 0.00068524
 0.00112844]) 	 loss 2.013E-01 	 horizons 9.0
step 8010 	 return [0.         0.         0.00312367 0.00358438 0.00583227 0.0050154
 0.00598719], ([0.0000000e+00 0.0000000e+00 3.3278685e-04 7.6495144e-06 1.0915471e-04
 1.1484791e-03 7.0549198e-04]) 	 loss 1.737E-01 	 horizons 9.0
step 8100 	 return [0.00204775 0.00218115 0.00704253 0.00164654 0.00200513 0.0009093
 0.        ], ([0.00057135 0.00019887 0.00105813 0.00134443 0.00041972 0.00111372
 0.        ]) 	 loss 1.263E-01 	 horizons 9.0
step 8190 	 return [0.         0.         0.00204608 0.00328731 0.00306078 0.0095904
 0.00692679], ([0.0000000e+00 0.0000000e+00 4.9782479e-06 1.3773408e-05 5.5442844e-04
 1.6364077e-03 9.6613186e-04]) 	 loss 1.310E-01 	 horizons 9.0
step 8280 	 return [0.         0.         0.00205147 0.00591364 0.00533041 0.00533976
 0.00544764], ([0.0000000e+00 0.0000000e+00 8.1544113e-07 1.3753667e-05 1.6292807e-04
 6.1178434e-04 8.4549218e-05]) 	 loss 1.526E-01 	 horizons 9.0
step 8370 	 return [0.         0.         0.00317489 0.0034301  0.00392129 0.00505767
 0.00729496], ([0.0000000e+00 0.0000000e+00 4.5091801e-05 1.2392987e-04 1.2676622e-03
 1.0252735e-03 2.0536445e-03]) 	 loss 1.197E-01 	 horizons 9.0
step 8460 	 return [0.         0.00105214 0.01152945 0.00451548 0.00243608 0.
 0.        ], ([0.         0.00094674 0.00104359 0.00198861 0.00024171 0.
 0.        ]) 	 loss 1.102E-01 	 horizons 9.0
step 8550 	 return [0.0021739  0.00235206 0.00945862 0.00288453 0.00252525 0.
 0.        ], ([4.7579472e-04 6.0045073e-05 5.5821578e-04 4.8811489e-06 8.9388423e-06
 0.0000000e+00 0.0000000e+00]) 	 loss 1.195E-01 	 horizons 9.0
step 8640 	 return [0.         0.         0.00405287 0.0038613  0.00449553 0.0034713
 0.0052433 ], ([0.         0.         0.00308605 0.00111166 0.00064044 0.00209426
 0.00204084]) 	 loss 1.214E-01 	 horizons 9.0
step 8730 	 return [0.         0.         0.00303461 0.00334011 0.00312719 0.00820407
 0.00710868], ([0.0000000e+00 0.0000000e+00 3.1082594e-04 5.8210062e-05 4.5550408e-04
 7.3582708e-04 4.4783036e-04]) 	 loss 1.121E-01 	 horizons 9.0
step 8820 	 return [0.00159364 0.00198197 0.00734499 0.00027164 0.00156664 0.0020297
 0.        ], ([0.00034965 0.0001921  0.00092758 0.00081491 0.00025159 0.00067676
 0.        ]) 	 loss 8.329E-02 	 horizons 9.0
step 8910 	 return [0.         0.         0.00312503 0.00358895 0.00597535 0.00379349
 0.00714084], ([0.0000000e+00 0.0000000e+00 3.2917835e-04 5.4957345e-06 4.7442119e-04
 5.0462800e-04 2.9074977e-04]) 	 loss 1.017E-01 	 horizons 9.0
step 9000 	 return [0.00404396 0.002183   0.00789151 0.00269062 0.00238897 0.00022754
 0.        ], ([0.00154595 0.00032419 0.00032382 0.00053855 0.00033138 0.00068261
 0.        ]) 	 loss 1.125E-01 	 horizons 9.0
step 9090 	 return [0.         0.         0.00205518 0.00331767 0.00307989 0.00923614
 0.00754568], ([0.0000000e+00 0.0000000e+00 1.5690630e-05 6.5479740e-05 4.6536012e-04
 4.5117701e-04 2.2462483e-04]) 	 loss 1.241E-01 	 horizons 9.0
step 9180 	 return [0.         0.         0.00211419 0.00355708 0.00570188 0.00617371
 0.00722048], ([0.0000000e+00 0.0000000e+00 2.3283064e-10 0.0000000e+00 4.6566129e-10
 4.6566129e-10 0.0000000e+00]) 	 loss 9.959E-02 	 horizons 9.0
step 9270 	 return [0.         0.         0.00314147 0.0033241  0.00301324 0.00767157
 0.00746112], ([0.0000000e+00 0.0000000e+00 3.9966485e-06 3.9994989e-06 5.5619545e-05
 6.2748510e-04 3.7091220e-04]) 	 loss 8.899E-02 	 horizons 9.0
step 9360 	 return [0.         0.         0.00210128 0.00351123 0.00482152 0.00792802
 0.00625725], ([0.0000000e+00 0.0000000e+00 1.7594895e-05 7.4011172e-05 7.9068018e-04
 4.9470959e-04 7.9278642e-04]) 	 loss 7.221E-02 	 horizons 9.0
step 9450 	 return [0.         0.         0.00252678 0.00498349 0.005332   0.00491048
 0.00659355], ([0.         0.         0.00058147 0.00113931 0.00056917 0.00104972
 0.00078679]) 	 loss 7.476E-02 	 horizons 9.0
step 9540 	 return [0.         0.         0.00317919 0.00343465 0.00413591 0.00672624
 0.00635031], ([0.0000000e+00 0.0000000e+00 3.7361977e-05 1.1020122e-04 1.1035508e-03
 1.0587148e-03 1.1480472e-03]) 	 loss 7.572E-02 	 horizons 9.0
step 9630 	 return [0.00479793 0.00208487 0.00568678 0.00111805 0.00146659 0.00195495
 0.        ], ([0.00063268 0.00014493 0.00057972 0.00062918 0.00029928 0.00065524
 0.        ]) 	 loss 7.391E-02 	 horizons 9.0
step 9720 	 return [0.00304102 0.00284564 0.00241667 0.0008716  0.00117152 0.00177301
 0.        ], ([3.8149935e-04 5.6851306e-04 1.2906591e-03 2.9100862e-04 4.2006664e-05
 6.0353806e-04 0.0000000e+00]) 	 loss 6.088E-02 	 horizons 9.0
step 9810 	 return [0.00546617 0.00040787 0.00774351 0.0028674  0.00249492 0.
 0.        ], ([1.2963302e-04 8.1574958e-04 1.8344819e-05 1.2243166e-06 2.0175241e-06
 0.0000000e+00 0.0000000e+00]) 	 loss 6.521E-02 	 horizons 9.0
step 9900 	 return [0.         0.         0.00310771 0.0038009  0.00492079 0.00561189
 0.00647362], ([0.         0.         0.00035239 0.00069805 0.00054904 0.00014506
 0.00065736]) 	 loss 6.082E-02 	 horizons 9.0
step 9990 	 return [0.         0.         0.00205299 0.00592412 0.00484854 0.00549248
 0.00686497], ([0.0000000e+00 0.0000000e+00 1.3899868e-06 1.2351557e-05 2.5107650e-04
 2.9561770e-04 4.2119424e-04]) 	 loss 5.649E-02 	 horizons 9.0
step 10080 	 return [0.         0.         0.00210406 0.00352308 0.00546579 0.00749383
 0.00538783], ([0.0000000e+00 0.0000000e+00 2.3306769e-05 9.1313472e-05 2.6443225e-04
 7.6772179e-04 3.4435638e-04]) 	 loss 6.916E-02 	 horizons 9.0
step 10170 	 return [0.         0.         0.00256391 0.0035708  0.00579529 0.00583088
 0.00665531], ([0.00000000e+00 0.00000000e+00 5.49504010e-04 1.49845755e-05
 9.35121861e-05 5.64309594e-04 9.51414986e-04]) 	 loss 6.790E-02 	 horizons 9.0
step 10260 	 return [0.         0.         0.00318717 0.0034705  0.00433544 0.00493873
 0.00676277], ([0.0000000e+00 0.0000000e+00 4.9660655e-05 1.2852244e-04 5.5696617e-04
 1.6740302e-03 1.1316242e-03]) 	 loss 6.910E-02 	 horizons 9.0
step 10350 	 return [0.         0.         0.00271725 0.00347703 0.00494231 0.00469373
 0.00820597], ([0.         0.         0.00059002 0.00012115 0.00128063 0.00081165
 0.00086001]) 	 loss 6.653E-02 	 horizons 9.0
step 10440 	 return [0.00209748 0.00220037 0.00666534 0.0016854  0.0018786  0.00112375
 0.        ], ([0.00039399 0.0001403  0.00105604 0.0011084  0.00045715 0.00112378
 0.        ]) 	 loss 6.624E-02 	 horizons 9.0
step 10530 	 return [0.         0.         0.0022899  0.00545134 0.00508022 0.00501321
 0.00701185], ([0.         0.         0.00047507 0.00092965 0.00048157 0.00115858
 0.00060362]) 	 loss 8.100E-02 	 horizons 9.0
step 10620 	 return [0.         0.         0.00210698 0.00353373 0.00500682 0.00781092
 0.00618673], ([0.0000000e+00 0.0000000e+00 4.9059572e-06 1.9715077e-05 5.3794973e-04
 1.1753572e-04 6.8527815e-04]) 	 loss 5.845E-02 	 horizons 9.0
step 10710 	 return [0.0025431  0.00278382 0.00657772 0.00277215 0.00238378 0.
 0.        ], ([8.2786777e-04 6.2279316e-04 3.2996868e-05 2.9280738e-05 4.2947770e-05
 0.0000000e+00 0.0000000e+00]) 	 loss 6.485E-02 	 horizons 9.0
step 10800 	 return [0.         0.00193935 0.01067254 0.0028938  0.002542   0.
 0.        ], ([0.0000000e+00 6.3406187e-04 6.2599807e-04 3.2489054e-06 5.4750190e-06
 0.0000000e+00 0.0000000e+00]) 	 loss 7.339E-02 	 horizons 9.0
step 10890 	 return [0.         0.         0.00205783 0.00595965 0.00603783 0.00474065
 0.00666038], ([0.0000000e+00 0.0000000e+00 2.5367672e-07 7.5623950e-07 1.6916038e-05
 8.8963524e-04 8.3767646e-04]) 	 loss 4.594E-02 	 horizons 9.0
step 10980 	 return [0.00434043 0.00268985 0.00363935 0.00097828 0.00117553 0.00107943
 0.        ], ([6.4390455e-04 4.2347366e-04 1.1104096e-03 9.6344738e-06 1.8146755e-05
 4.2843069e-05 0.0000000e+00]) 	 loss 5.501E-02 	 horizons 9.0
step 11070 	 return [0.         0.         0.01236138 0.00783721 0.00299246 0.
 0.        ], ([0.         0.         0.00265867 0.00220965 0.00117328 0.
 0.        ]) 	 loss 5.412E-02 	 horizons 9.0
step 11160 	 return [0.         0.         0.00312382 0.00358462 0.00584233 0.00379249
 0.00717801], ([0.0000000e+00 0.0000000e+00 3.3283030e-04 7.5159128e-06 7.5360163e-05
 5.0763693e-04 1.7921318e-04]) 	 loss 6.011E-02 	 horizons 9.0
step 11250 	 return [0.         0.00060828 0.01202233 0.00495408 0.00260325 0.
 0.        ], ([0.0000000e+00 7.4500329e-04 1.2738843e-03 2.0569924e-03 8.6839085e-05
 0.0000000e+00 0.0000000e+00]) 	 loss 5.520E-02 	 horizons 9.0
step 11340 	 return [0.00356068 0.0023143  0.00511393 0.00092464 0.00131286 0.00189254
 0.        ], ([9.7158270e-05 3.0460884e-04 7.0080406e-04 3.0915672e-04 7.9997677e-05
 3.9933360e-04 0.0000000e+00]) 	 loss 5.397E-02 	 horizons 9.0
step 11430 	 return [0.         0.         0.00313352 0.00331613 0.00290754 0.00892611
 0.00671938], ([0.0000000e+00 0.0000000e+00 2.3283064e-10 4.6566129e-10 2.3283064e-10
 0.0000000e+00 0.0000000e+00]) 	 loss 7.374E-02 	 horizons 9.0
step 11520 	 return [0.         0.         0.00321625 0.00354628 0.00458594 0.00567808
 0.00689006], ([0.0000000e+00 0.0000000e+00 2.2006691e-06 6.3814218e-06 6.4259852e-06
 6.0544717e-05 4.8290935e-06]) 	 loss 6.469E-02 	 horizons 9.0
step 11610 	 return [0.         0.         0.00321918 0.00355479 0.00457737 0.00559735
 0.0068965 ], ([0.0000000e+00 0.0000000e+00 3.6677811e-06 1.0635704e-05 1.0709977e-05
 1.0090787e-04 8.0484897e-06]) 	 loss 5.452E-02 	 horizons 9.0
step 11700 	 return [0.00656429 0.00214674 0.00422149 0.0008204  0.00081821 0.0014227
 0.        ], ([1.0684179e-04 2.4867943e-05 1.1445818e-03 1.5693734e-04 3.5589843e-04
 3.4845792e-04 0.0000000e+00]) 	 loss 4.435E-02 	 horizons 9.0
step 11790 	 return [0.00630604 0.00222981 0.00307725 0.00097736 0.00117415 0.00107433
 0.        ], ([4.54248860e-04 3.23812186e-04 1.01805210e-06 6.77537173e-08
 1.18918265e-07 2.45205598e-07 0.00000000e+00]) 	 loss 4.832E-02 	 horizons 9.0
step 11880 	 return [0.00353915 0.00248562 0.00570873 0.00095213 0.0013749  0.00219833
 0.        ], ([1.0439660e-06 8.6235821e-07 3.3191845e-04 3.1737788e-04 3.3786753e-05
 9.5722735e-06 0.0000000e+00]) 	 loss 4.769E-02 	 horizons 9.0
step 11970 	 return [0.00260404 0.0019915  0.00723395 0.00243868 0.00219028 0.00045507
 0.        ], ([0.00140922 0.00042583 0.00093084 0.00068323 0.00040133 0.00091015
 0.        ]) 	 loss 4.629E-02 	 horizons 9.0
step 12060 	 return [0.00314922 0.00330673 0.00140021 0.00095448 0.00113536 0.00143395
 0.        ], ([2.3283064e-10 4.6566129e-10 1.1641532e-10 1.1641532e-10 0.0000000e+00
 0.0000000e+00 0.0000000e+00]) 	 loss 5.353E-02 	 horizons 9.0
step 12150 	 return [0.00358815 0.00231338 0.00499366 0.00099428 0.00120931 0.00122779
 0.        ], ([8.5697626e-05 2.9984288e-04 1.7264318e-04 2.0198533e-05 4.9653274e-05
 3.1942065e-04 0.0000000e+00]) 	 loss 3.764E-02 	 horizons 9.0
step 12240 	 return [0.00249227 0.0023417  0.00689024 0.00113264 0.00149395 0.00200605
 0.        ], ([0.00069611 0.00010598 0.00095095 0.00064414 0.00031992 0.00066913
 0.        ]) 	 loss 5.134E-02 	 horizons 9.0
step 12330 	 return [0.         0.         0.00314191 0.00332492 0.00299118 0.00548031
 0.00918628], ([0.0000000e+00 0.0000000e+00 2.3283064e-10 0.0000000e+00 2.3283064e-10
 4.6566129e-10 9.3132257e-10]) 	 loss 4.395E-02 	 horizons 9.0
step 12420 	 return [0.00218216 0.00229621 0.00725619 0.00141124 0.00158618 0.00179508
 0.        ], ([4.4945977e-04 2.0051742e-05 3.4830629e-04 6.8650272e-04 4.0833178e-04
 8.9755212e-04 0.0000000e+00]) 	 loss 3.418E-02 	 horizons 9.0
step 12510 	 return [0.         0.         0.00237473 0.00330136 0.00292883 0.00942366
 0.00726513], ([0.0000000e+00 0.0000000e+00 4.9674936e-04 1.0139486e-05 4.8071775e-05
 5.4937589e-04 4.4915351e-04]) 	 loss 3.514E-02 	 horizons 9.0
step 12600 	 return [0.         0.         0.00213278 0.00317441 0.002903   0.00732651
 0.00876197], ([0.0000000e+00 0.0000000e+00 2.5030394e-04 3.6191792e-04 3.2340442e-05
 1.3752244e-03 8.2283473e-04]) 	 loss 3.117E-02 	 horizons 9.0
step 12690 	 return [0.00664977 0.00216663 0.00513716 0.00069485 0.00053349 0.00170147
 0.        ], ([6.41050719e-05 1.49207635e-05 6.86749234e-04 9.41623875e-05
 2.13539053e-04 2.09074729e-04 0.00000000e+00]) 	 loss 2.934E-02 	 horizons 9.0
step 12780 	 return [0.         0.         0.00293665 0.00336833 0.00334242 0.00744227
 0.0075012 ], ([0.00000000e+00 0.00000000e+00 4.14820475e-04 8.35233441e-05
 5.55471925e-04 1.20992576e-04 3.06600501e-04]) 	 loss 3.404E-02 	 horizons 9.0
step 12870 	 return [0.         0.         0.00211078 0.00355201 0.00547856 0.00767317
 0.00549316], ([0.0000000e+00 0.0000000e+00 2.3283064e-10 0.0000000e+00 4.6566129e-10
 9.3132257e-10 4.6566129e-10]) 	 loss 4.500E-02 	 horizons 9.0
step 12960 	 return [0.         0.         0.00205263 0.00592177 0.00476468 0.00558672
 0.00700554], ([0.0000000e+00 0.0000000e+00 7.7406878e-07 9.3987674e-06 5.0696549e-06
 6.0544717e-05 4.8292331e-06]) 	 loss 3.643E-02 	 horizons 9.0
step 13050 	 return [0.00656429 0.00214674 0.00422149 0.0008204  0.00081821 0.0014227
 0.        ], ([1.0684179e-04 2.4867943e-05 1.1445818e-03 1.5693734e-04 3.5589843e-04
 3.4845789e-04 0.0000000e+00]) 	 loss 3.312E-02 	 horizons 9.0
step 13140 	 return [0.00645745 0.00212187 0.00307691 0.00097733 0.00117411 0.00107425
 0.        ], ([0.0000000e+00 2.3283064e-10 2.3283064e-10 0.0000000e+00 0.0000000e+00
 1.1641532e-10 0.0000000e+00]) 	 loss 2.869E-02 	 horizons 9.0
step 13230 	 return [0.0035388  0.00248534 0.00559809 0.00105793 0.00136363 0.00219514
 0.        ], ([0.0000000e+00 2.3283064e-10 4.6566129e-10 1.1641532e-10 1.1641532e-10
 0.0000000e+00 0.0000000e+00]) 	 loss 3.996E-02 	 horizons 9.0
step 13320 	 return [0.         0.         0.00323455 0.00358675 0.00580731 0.00571506
 0.00553555], ([0.0000000e+00 0.0000000e+00 3.1646694e-06 2.6915498e-06 1.1708217e-04
 1.2615182e-04 1.7263304e-05]) 	 loss 2.897E-02 	 horizons 9.0
step 13410 	 return [0.         0.         0.00303988 0.00334533 0.00320576 0.0074319
 0.00757624], ([0.0000000e+00 0.0000000e+00 3.1254196e-04 5.6261077e-05 4.2324988e-04
 1.5038393e-04 2.3477964e-04]) 	 loss 2.189E-02 	 horizons 9.0
step 13500 	 return [0.0035388  0.00248534 0.00559809 0.00105793 0.00136363 0.00219514
 0.        ], ([0.0000000e+00 2.3283064e-10 4.6566129e-10 1.1641532e-10 1.1641532e-10
 0.0000000e+00 0.0000000e+00]) 	 loss 4.618E-02 	 horizons 9.0
step 13590 	 return [0.         0.         0.00206044 0.00656278 0.00601097 0.00468772
 0.00533398], ([0.0000000e+00 0.0000000e+00 3.4321295e-06 9.1959100e-04 8.2245147e-05
 1.7550437e-03 4.5982015e-04]) 	 loss 5.475E-02 	 horizons 9.0
step 13680 	 return [0.00314922 0.00330673 0.00140021 0.00095448 0.00113536 0.00143395
 0.        ], ([2.3283064e-10 4.6566129e-10 1.1641532e-10 1.1641532e-10 0.0000000e+00
 0.0000000e+00 0.0000000e+00]) 	 loss 4.820E-02 	 horizons 9.0
step 13770 	 return [0.         0.         0.0068518  0.00340095 0.00396027 0.00358615
 0.00339922], ([0.         0.         0.00446694 0.00038741 0.00126426 0.00296971
 0.00286012]) 	 loss 3.776E-02 	 horizons 9.0
step 13860 	 return [0.00481092 0.00323886 0.00331003 0.00094624 0.00110334 0.00114496
 0.        ], ([3.9711714e-04 1.1285616e-04 6.8917265e-04 9.3959265e-05 2.1347882e-04
 2.0970473e-04 0.0000000e+00]) 	 loss 6.214E-02 	 horizons 9.0
step 13950 	 return [0.         0.         0.00200654 0.00327341 0.002882   0.00750737
 0.00916932], ([0.0000000e+00 0.0000000e+00 1.2841755e-04 6.4932268e-05 4.4923599e-05
 9.0758252e-04 7.0417445e-04]) 	 loss 3.742E-02 	 horizons 9.0
step 14040 	 return [0.00181507 0.00225275 0.00982178 0.00288833 0.00253252 0.
 0.        ], ([6.0502352e-04 2.4283254e-04 4.2150414e-04 2.8175593e-06 5.1082075e-06
 0.0000000e+00 0.0000000e+00]) 	 loss 4.339E-02 	 horizons 9.0
step 14130 	 return [0.         0.         0.00303457 0.0033234  0.0030469  0.00739713
 0.00780507], ([0.0000000e+00 0.0000000e+00 3.2845300e-04 9.5107362e-06 5.3332165e-05
 4.6071546e-05 4.5170102e-04]) 	 loss 4.676E-02 	 horizons 9.0
step 14220 	 return [0.         0.         0.00241287 0.00524955 0.00599689 0.00360115
 0.00752032], ([0.0000000e+00 0.0000000e+00 5.4265733e-04 1.0837591e-03 6.1229162e-05
 8.1322988e-04 3.7992065e-04]) 	 loss 6.606E-02 	 horizons 9.0
step 14310 	 return [0.         0.         0.00205044 0.00329652 0.0029604  0.00942104
 0.00763184], ([0.0000000e+00 0.0000000e+00 2.3283064e-10 2.3283064e-10 2.3283064e-10
 0.0000000e+00 0.0000000e+00]) 	 loss 6.790E-02 	 horizons 9.0
step 14400 	 return [0.         0.         0.01171935 0.00917889 0.00275698 0.
 0.        ], ([0.         0.         0.00186523 0.00200281 0.00045154 0.
 0.        ]) 	 loss 8.194E-02 	 horizons 9.0
step 14490 	 return [0.         0.         0.00211199 0.00354931 0.0052432  0.00786989
 0.00607589], ([0.0000000e+00 0.0000000e+00 4.0771274e-06 1.1378623e-05 6.4500578e-04
 1.5213834e-04 6.6308916e-04]) 	 loss 9.552E-02 	 horizons 9.0
step 14580 	 return [0.00452565 0.00188471 0.00810533 0.00311003 0.00239269 0.00023708
 0.        ], ([0.00158268 0.00064519 0.00097286 0.00072031 0.00031916 0.00071123
 0.        ]) 	 loss 8.272E-02 	 horizons 9.0
step 14670 	 return [0.         0.         0.00300766 0.00406978 0.00599422 0.00237925
 0.00808963], ([0.0000000e+00 0.0000000e+00 4.7502117e-04 9.4462553e-04 1.9030665e-05
 8.1757299e-04 3.7266393e-04]) 	 loss 6.478E-02 	 horizons 9.0
step 14760 	 return [0.00464177 0.00308732 0.00173339 0.00095855 0.00114225 0.00135821
 0.        ], ([1.5075953e-04 5.6960063e-05 6.7345769e-04 9.5027963e-06 1.6124081e-05
 1.4157240e-04 0.0000000e+00]) 	 loss 6.244E-02 	 horizons 9.0
step 14850 	 return [0.00667114 0.00217161 0.00536607 0.00066346 0.00046231 0.00177116
 0.        ], ([0.0000000e+00 2.3283064e-10 4.6566129e-10 5.8207661e-11 5.8207661e-11
 0.0000000e+00 0.0000000e+00]) 	 loss 4.742E-02 	 horizons 9.0
step 14940 	 return [0.         0.         0.00313352 0.00331613 0.00290754 0.00892611
 0.00671938], ([0.0000000e+00 0.0000000e+00 2.3283064e-10 4.6566129e-10 2.3283064e-10
 0.0000000e+00 0.0000000e+00]) 	 loss 3.839E-02 	 horizons 9.0
step 15030 	 return [0.         0.         0.00322279 0.00356351 0.00470345 0.00556767
 0.00676577], ([0.00000000e+00 0.00000000e+00 5.52490610e-06 1.18882890e-05
 3.96192976e-04 1.12225374e-04 4.05656727e-04]) 	 loss 4.464E-02 	 horizons 9.0
step 15120 	 return [0.         0.         0.00205854 0.00596187 0.00609858 0.00587509
 0.00563835], ([0.000000e+00 0.000000e+00 0.000000e+00 4.656613e-10 0.000000e+00
 4.656613e-10 4.656613e-10]) 	 loss 4.430E-02 	 horizons 9.0
step 15210 	 return [0.         0.         0.00249347 0.00334614 0.00326797 0.00872452
 0.00677684], ([0.0000000e+00 0.0000000e+00 5.2290602e-04 8.0129037e-05 6.6841085e-04
 9.2551537e-04 8.9591590e-04]) 	 loss 4.780E-02 	 horizons 9.0
step 15300 	 return [0.         0.         0.01324761 0.00710067 0.00260137 0.
 0.        ], ([0.0000000e+00 0.0000000e+00 0.0000000e+00 4.6566129e-10 2.3283064e-10
 0.0000000e+00 0.0000000e+00]) 	 loss 6.946E-02 	 horizons 9.0
step 15390 	 return [0.         0.         0.00323452 0.00358676 0.0058024  0.00570838
 0.00553635], ([0.0000000e+00 0.0000000e+00 3.6430420e-06 3.0786180e-06 1.3650162e-04
 1.4758993e-04 1.9233308e-05]) 	 loss 5.077E-02 	 horizons 9.0
step 15480 	 return [0.         0.         0.00313352 0.00331613 0.00290754 0.00892611
 0.00671938], ([0.0000000e+00 0.0000000e+00 2.3283064e-10 4.6566129e-10 2.3283064e-10
 0.0000000e+00 0.0000000e+00]) 	 loss 5.603E-02 	 horizons 9.0
step 15570 	 return [0.         0.         0.00323691 0.00358878 0.00589176 0.005805
 0.00554895], ([0.0000000e+00 0.0000000e+00 2.3283064e-10 0.0000000e+00 0.0000000e+00
 0.0000000e+00 4.6566129e-10]) 	 loss 5.382E-02 	 horizons 9.0
step 15660 	 return [0.         0.         0.00194914 0.00348071 0.0057896  0.00377248
 0.00893367], ([0.0000000e+00 0.0000000e+00 2.0968252e-04 1.0600392e-04 9.2238959e-05
 5.3375581e-04 8.3656196e-04]) 	 loss 4.994E-02 	 horizons 9.0
step 15750 	 return [0.         0.         0.00217586 0.00571913 0.00588413 0.00379447
 0.00710028], ([0.         0.         0.00035648 0.00070721 0.00020687 0.00060695
 0.00063792]) 	 loss 5.776E-02 	 horizons 9.0
step 15840 	 return [0.         0.         0.00322365 0.0035646  0.00495618 0.00549903
 0.00631962], ([0.0000000e+00 0.0000000e+00 6.7634733e-06 1.5388843e-05 4.9315568e-04
 3.3579164e-04 7.1432424e-04]) 	 loss 5.922E-02 	 horizons 9.0
step 15930 	 return [0.00609838 0.00249415 0.00536378 0.0006634  0.00046227 0.00177109
 0.        ], ([7.1536901e-04 5.1567744e-04 1.1102497e-05 4.1912432e-07 2.6216247e-07
 1.1005843e-06 0.0000000e+00]) 	 loss 5.068E-02 	 horizons 9.0
step 16020 	 return [0.         0.         0.00204921 0.00329487 0.00288691 0.00753535
 0.00916017], ([0.0000000e+00 0.0000000e+00 0.0000000e+00 0.0000000e+00 2.3283064e-10
 4.6566129e-10 9.3132257e-10]) 	 loss 5.167E-02 	 horizons 9.0
step 16110 	 return [0.0035388  0.00248534 0.00559809 0.00105793 0.00136363 0.00219514
 0.        ], ([0.0000000e+00 2.3283064e-10 4.6566129e-10 1.1641532e-10 1.1641532e-10
 0.0000000e+00 0.0000000e+00]) 	 loss 4.523E-02 	 horizons 9.0
step 16200 	 return [0.00432065 0.00312266 0.00156573 0.00095631 0.00113846 0.00139459
 0.        ], ([5.9622736e-04 1.0121730e-04 5.0485873e-04 7.0869860e-06 1.2024262e-05
 1.0652782e-04 0.0000000e+00]) 	 loss 3.793E-02 	 horizons 9.0
step 16290 	 return [0.         0.         0.00205212 0.0059155  0.00476806 0.00562708
 0.00700232], ([0.0000000e+00 0.0000000e+00 1.1824096e-06 1.4356856e-05 7.7440245e-06
 9.2483591e-05 7.3767760e-06]) 	 loss 4.245E-02 	 horizons 9.0
step 16380 	 return [0.         0.         0.00313352 0.00331613 0.00290754 0.00892611
 0.00671938], ([0.0000000e+00 0.0000000e+00 2.3283064e-10 4.6566129e-10 2.3283064e-10
 0.0000000e+00 0.0000000e+00]) 	 loss 3.330E-02 	 horizons 9.0
step 16470 	 return [0.         0.         0.00190651 0.00345932 0.00578481 0.003675
 0.00911064], ([0.0000000e+00 0.0000000e+00 2.1390543e-04 1.0804910e-04 8.4392414e-05
 5.3803565e-04 8.5830799e-04]) 	 loss 3.976E-02 	 horizons 9.0
step 16560 	 return [0.00333766 0.00238256 0.00482839 0.00099481 0.00121282 0.00129038
 0.        ], ([4.4383563e-04 6.1528292e-05 2.1543652e-04 1.4533056e-05 4.0128827e-05
 3.3814218e-04 0.0000000e+00]) 	 loss 6.138E-02 	 horizons 9.0
step 16650 	 return [0.00428296 0.00310842 0.00139737 0.00095394 0.00113443 0.00142999
 0.        ], ([5.6686613e-04 9.9156052e-05 1.4185906e-06 2.7087518e-07 4.6533529e-07
 1.9833910e-06 0.0000000e+00]) 	 loss 3.875E-02 	 horizons 9.0
step 16740 	 return [0.00667114 0.00217161 0.00536607 0.00066346 0.00046231 0.00177116
 0.        ], ([0.0000000e+00 2.3283064e-10 4.6566129e-10 5.8207661e-11 5.8207661e-11
 0.0000000e+00 0.0000000e+00]) 	 loss 4.155E-02 	 horizons 9.0
step 16830 	 return [0.         0.         0.00316969 0.00601088 0.00476287 0.00476296
 0.00511443], ([0.         0.         0.00335931 0.00036328 0.00075509 0.00164524
 0.00182937]) 	 loss 4.231E-02 	 horizons 9.0
step 16920 	 return [0.         0.         0.00322211 0.0035633  0.0045688  0.00551663
 0.00690294], ([0.0000000e+00 0.0000000e+00 2.2006686e-06 6.3814223e-06 6.4259857e-06
 6.0544717e-05 4.8290940e-06]) 	 loss 4.098E-02 	 horizons 9.0
step 17010 	 return [0.         0.         0.00323792 0.00359026 0.00586958 0.00336569
 0.00754969], ([0.0000000e+00 0.0000000e+00 4.8273723e-06 4.7853337e-06 7.9997335e-05
 9.1042602e-04 4.7649292e-04]) 	 loss 4.642E-02 	 horizons 9.0
step 17100 	 return [0.00198331 0.00230372 0.00740796 0.00106764 0.00138142 0.00224054
 0.        ], ([2.3283064e-10 2.3283064e-10 0.0000000e+00 1.1641532e-10 0.0000000e+00
 0.0000000e+00 0.0000000e+00]) 	 loss 4.209E-02 	 horizons 9.0
step 17190 	 return [0.00525274 0.00183544 0.00777674 0.00286964 0.00249861 0.
 0.        ], ([1.3749310e-04 6.1181217e-04 1.0390626e-05 6.2836335e-07 1.0415213e-06
 0.0000000e+00 0.0000000e+00]) 	 loss 4.662E-02 	 horizons 9.0
step 17280 	 return [0.00198675 0.00230756 0.00760138 0.00096246 0.00139621 0.00225696
 0.        ], ([5.8729205e-07 4.8845544e-07 3.2753518e-04 3.2081993e-04 3.3786753e-05
 9.5722735e-06 0.0000000e+00]) 	 loss 4.480E-02 	 horizons 9.0
step 17370 	 return [0.00511353 0.00201226 0.00559101 0.00105743 0.00136277 0.00219347
 0.        ], ([0.0000000e+00 2.3283064e-10 4.6566129e-10 0.0000000e+00 1.1641532e-10
 2.3283064e-10 0.0000000e+00]) 	 loss 4.036E-02 	 horizons 9.0
step 17460 	 return [0.         0.         0.00321396 0.00354068 0.0048257  0.00500494
 0.00521783], ([0.0000000e+00 0.0000000e+00 1.2379139e-06 2.0638108e-06 2.0643360e-04
 3.7844197e-04 7.6571478e-06]) 	 loss 4.033E-02 	 horizons 9.0
step 17550 	 return [0.         0.         0.01168607 0.00932503 0.00260668 0.
 0.        ], ([0.0000000e+00 0.0000000e+00 9.3132257e-10 0.0000000e+00 2.3283064e-10
 0.0000000e+00 0.0000000e+00]) 	 loss 4.132E-02 	 horizons 9.0
step 17640 	 return [0.00201681 0.00233377 0.00968358 0.00288755 0.00253121 0.
 0.        ], ([1.2984499e-06 1.4699996e-06 3.3697859e-05 1.2535603e-06 2.7080998e-06
 0.0000000e+00 0.0000000e+00]) 	 loss 3.615E-02 	 horizons 9.0
step 17730 	 return [0.00307216 0.00243085 0.00614105 0.00106084 0.00136897 0.00220876
 0.        ], ([7.1281748e-04 8.3227569e-05 8.2938490e-04 4.4499870e-06 8.1500048e-06
 2.0803238e-05 0.0000000e+00]) 	 loss 5.616E-02 	 horizons 9.0
step 17820 	 return [0.         0.         0.00229535 0.00548733 0.00603193 0.00415568
 0.0070184 ], ([0.0000000e+00 0.0000000e+00 4.7497099e-04 9.4488403e-04 3.0653853e-05
 1.3481610e-03 9.7145676e-04]) 	 loss 4.789E-02 	 horizons 9.0
step 17910 	 return [0.00645745 0.00212187 0.00307691 0.00097733 0.00117411 0.00107425
 0.        ], ([0.0000000e+00 2.3283064e-10 2.3283064e-10 0.0000000e+00 0.0000000e+00
 1.1641532e-10 0.0000000e+00]) 	 loss 5.007E-02 	 horizons 9.0
step 18000 	 return [0.         0.         0.01168607 0.00932503 0.00260668 0.
 0.        ], ([0.0000000e+00 0.0000000e+00 9.3132257e-10 0.0000000e+00 2.3283064e-10
 0.0000000e+00 0.0000000e+00]) 	 loss 4.414E-02 	 horizons 9.0
step 18090 	 return [0.00244996 0.0023582  0.006865   0.00106472 0.00137608 0.00222692
 0.        ], ([7.1281742e-04 8.3227569e-05 8.2938484e-04 4.4499870e-06 8.1500048e-06
 2.0803238e-05 0.0000000e+00]) 	 loss 5.798E-02 	 horizons 9.0
step 18180 	 return [0.00201746 0.00233451 0.00970043 0.00288818 0.00253257 0.
 0.        ], ([2.3283064e-10 0.0000000e+00 9.3132257e-10 2.3283064e-10 0.0000000e+00
 0.0000000e+00 0.0000000e+00]) 	 loss 3.966E-02 	 horizons 9.0
step 18270 	 return [0.00520691 0.00203937 0.0077802  0.00286985 0.00249896 0.
 0.        ], ([4.6566129e-10 2.3283064e-10 4.6566129e-10 2.3283064e-10 2.3283064e-10
 0.0000000e+00 0.0000000e+00]) 	 loss 3.578E-02 	 horizons 9.0
step 18360 	 return [0.         0.         0.00210769 0.00353085 0.00542038 0.00630988
 0.00741445], ([0.0000000e+00 0.0000000e+00 1.9492047e-05 7.8661651e-05 8.4449071e-04
 4.0848996e-04 5.8190722e-04]) 	 loss 2.987E-02 	 horizons 9.0
step 18450 	 return [0.         0.         0.00205854 0.00596187 0.00609858 0.00587509
 0.00563835], ([0.000000e+00 0.000000e+00 0.000000e+00 4.656613e-10 0.000000e+00
 4.656613e-10 4.656613e-10]) 	 loss 3.737E-02 	 horizons 9.0
step 18540 	 return [0.         0.         0.00312644 0.00358822 0.0058715  0.00338788
 0.00765013], ([0.0000000e+00 0.0000000e+00 3.3552130e-04 8.5443562e-06 7.8940328e-05
 9.2723395e-04 5.0515356e-04]) 	 loss 4.493E-02 	 horizons 9.0
step 18630 	 return [0.00668543 0.00194947 0.00513385 0.00069469 0.00053339 0.0017009
 0.        ], ([1.3068524e-04 6.4999319e-04 6.8571838e-04 9.4214811e-05 2.1357174e-04
 2.0889293e-04 0.0000000e+00]) 	 loss 6.309E-02 	 horizons 9.0
step 18720 	 return [0.00520691 0.00203937 0.0077802  0.00286985 0.00249896 0.
 0.        ], ([4.6566129e-10 2.3283064e-10 4.6566129e-10 2.3283064e-10 2.3283064e-10
 0.0000000e+00 0.0000000e+00]) 	 loss 5.784E-02 	 horizons 9.0
step 18810 	 return [0.00341624 0.00162955 0.00749981 0.00189958 0.00203116 0.00090789
 0.        ], ([0.00149878 0.00106728 0.00072383 0.00116544 0.00048596 0.00111198
 0.        ]) 	 loss 3.608E-02 	 horizons 9.0
step 18900 	 return [0.00201746 0.00233451 0.00970043 0.00288818 0.00253257 0.
 0.        ], ([2.3283064e-10 0.0000000e+00 9.3132257e-10 2.3283064e-10 0.0000000e+00
 0.0000000e+00 0.0000000e+00]) 	 loss 5.297E-02 	 horizons 9.0
step 18990 	 return [0.         0.         0.01168607 0.00932503 0.00260668 0.
 0.        ], ([0.0000000e+00 0.0000000e+00 9.3132257e-10 0.0000000e+00 2.3283064e-10
 0.0000000e+00 0.0000000e+00]) 	 loss 3.348E-02 	 horizons 9.0
step 19080 	 return [0.         0.         0.00314262 0.00332545 0.00301127 0.00659831
 0.00825959], ([0.0000000e+00 0.0000000e+00 5.8491651e-07 4.3594983e-07 1.6396365e-05
 9.1283792e-04 7.5664360e-04]) 	 loss 2.650E-02 	 horizons 9.0
step 19170 	 return [0.         0.         0.00210792 0.00353815 0.00461195 0.00737108
 0.00673052], ([0.0000000e+00 0.0000000e+00 1.8346122e-06 5.5430460e-06 3.1718405e-04
 6.2635279e-04 3.1496680e-04]) 	 loss 3.749E-02 	 horizons 9.0
step 19260 	 return [0.00276666 0.00285398 0.00212969 0.00096105 0.00114875 0.00167361
 0.        ], ([5.4842280e-04 5.7213049e-04 7.3354703e-04 9.9469798e-06 2.0923240e-05
 4.3414076e-04 0.0000000e+00]) 	 loss 3.811E-02 	 horizons 9.0
step 19350 	 return [0.         0.         0.00205355 0.00592941 0.0049274  0.00531178
 0.00678784], ([0.0000000e+00 0.0000000e+00 1.3162364e-06 9.0240592e-06 3.2890451e-04
 5.3062185e-04 4.5989023e-04]) 	 loss 3.526E-02 	 horizons 9.0
step 19440 	 return [0.00272665 0.00271501 0.00200499 0.0009574  0.00114149 0.00157731
 0.        ], ([4.7867981e-04 5.3648627e-04 9.7056985e-04 9.3574390e-06 1.8743018e-05
 3.2383515e-04 0.0000000e+00]) 	 loss 3.441E-02 	 horizons 9.0
step 19530 	 return [0.00408923 0.00304826 0.00363879 0.00098076 0.00118033 0.00108957
 0.        ], ([6.9801405e-04 4.3129837e-04 8.4929814e-04 4.4517301e-06 8.1520257e-06
 2.0799387e-05 0.0000000e+00]) 	 loss 3.783E-02 	 horizons 9.0
step 19620 	 return [0.         0.         0.00215748 0.0032964  0.00292369 0.00967376
 0.00735465], ([0.0000000e+00 0.0000000e+00 3.2535710e-04 7.7606364e-06 6.2211213e-05
 6.4598472e-04 4.2344249e-04]) 	 loss 3.367E-02 	 horizons 9.0
step 19710 	 return [0.         0.         0.01244915 0.00291102 0.00257041 0.
 0.        ], ([0.0000000e+00 0.0000000e+00 9.3132257e-10 2.3283064e-10 2.3283064e-10
 0.0000000e+00 0.0000000e+00]) 	 loss 3.065E-02 	 horizons 9.0
step 19800 	 return [0.         0.         0.00205773 0.00595934 0.00603092 0.00437745
 0.00700236], ([0.0000000e+00 0.0000000e+00 2.0712615e-07 6.1746704e-07 1.3811887e-05
 7.2638411e-04 6.8395992e-04]) 	 loss 3.283E-02 	 horizons 9.0
step 19890 	 return [0.00080698 0.00122459 0.01100919 0.0028988  0.0025502  0.
 0.        ], ([9.8835048e-04 1.2352845e-03 1.3078898e-03 1.0541113e-05 1.7492139e-05
 0.0000000e+00 0.0000000e+00]) 	 loss 3.478E-02 	 horizons 9.0
step 19980 	 return [0.         0.         0.00211068 0.00354929 0.00549031 0.00775315
 0.00547167], ([0.0000000e+00 0.0000000e+00 3.0209906e-06 1.1703823e-05 1.5575717e-04
 1.2565329e-04 8.5094391e-05]) 	 loss 2.803E-02 	 horizons 9.0
step 20070 	 return [0.00351986 0.00294627 0.00401111 0.00098289 0.00118421 0.00109924
 0.        ], ([3.9721952e-05 5.3293991e-04 9.2499465e-04 4.6541099e-06 8.5466309e-06
 2.2074151e-05 0.0000000e+00]) 	 loss 3.775E-02 	 horizons 9.0
step 20160 	 return [0.00190865 0.0033167  0.00484226 0.00099512 0.00121336 0.00129136
 0.        ], ([6.0163415e-04 4.9186032e-04 2.0436484e-04 1.4759328e-05 4.0520870e-05
 3.3865852e-04 0.0000000e+00]) 	 loss 3.041E-02 	 horizons 9.0
step 20250 	 return [0.         0.         0.00210219 0.00351461 0.00462718 0.00789036
 0.00654275], ([0.0000000e+00 0.0000000e+00 1.7661088e-05 7.3829971e-05 7.4747863e-04
 5.0325476e-04 7.1642012e-04]) 	 loss 2.960E-02 	 horizons 9.0
step 20340 	 return [0.         0.         0.00323476 0.00358712 0.00581721 0.0039617
 0.00723775], ([0.0000000e+00 0.0000000e+00 2.3283064e-10 0.0000000e+00 4.6566129e-10
 0.0000000e+00 0.0000000e+00]) 	 loss 3.260E-02 	 horizons 9.0
step 20430 	 return [0.00479859 0.00210688 0.00559243 0.00105753 0.00136294 0.00219381
 0.        ], ([6.2989094e-04 1.8922947e-04 2.8312206e-06 2.0023435e-07 3.4738332e-07
 6.6775829e-07 0.0000000e+00]) 	 loss 3.291E-02 	 horizons 9.0
step 20520 	 return [0.         0.         0.00212053 0.00356752 0.00587644 0.00422026
 0.00825489], ([0.000000e+00 0.000000e+00 0.000000e+00 4.656613e-10 0.000000e+00
 4.656613e-10 0.000000e+00]) 	 loss 3.397E-02 	 horizons 9.0
step 20610 	 return [0.00020175 0.0016874  0.01074067 0.00289678 0.00254684 0.
 0.        ], ([6.0523854e-04 1.3876633e-03 1.2593186e-03 9.8998562e-06 1.6442229e-05
 0.0000000e+00 0.0000000e+00]) 	 loss 2.772E-02 	 horizons 9.0
step 20700 	 return [0.00163329 0.00355607 0.00485065 0.00099529 0.00121367 0.00129184
 0.        ], ([7.0931392e-06 3.0402933e-05 1.8914901e-04 1.5045329e-05 4.1022944e-05
 3.3941743e-04 0.0000000e+00]) 	 loss 2.916E-02 	 horizons 9.0
step 20790 	 return [0.         0.         0.01247446 0.00374722 0.0025738  0.
 0.        ], ([0.0000000e+00 0.0000000e+00 3.9618555e-04 1.6767203e-03 1.3901359e-05
 0.0000000e+00 0.0000000e+00]) 	 loss 3.708E-02 	 horizons 9.0
step 20880 	 return [0.         0.         0.00322896 0.00358206 0.00559389 0.00548294
 0.00550697], ([0.0000000e+00 0.0000000e+00 2.3283064e-10 4.6566129e-10 0.0000000e+00
 4.6566129e-10 4.6566129e-10]) 	 loss 3.986E-02 	 horizons 9.0
step 20970 	 return [0.         0.         0.00207334 0.00339359 0.00365409 0.00854086
 0.00734427], ([0.0000000e+00 0.0000000e+00 2.8795786e-05 1.1996811e-04 9.5557992e-04
 8.5248146e-04 8.7584887e-04]) 	 loss 4.252E-02 	 horizons 9.0
step 21060 	 return [0.         0.         0.00211989 0.00356647 0.00585899 0.0044156
 0.00815144], ([0.0000000e+00 0.0000000e+00 1.9019934e-06 3.1327361e-06 5.2370418e-05
 5.8603642e-04 3.1032122e-04]) 	 loss 3.616E-02 	 horizons 9.0
step 21150 	 return [0.         0.         0.00218748 0.00342445 0.00460856 0.00457721
 0.00628552], ([0.         0.         0.0003196  0.00010691 0.00058526 0.00222847
 0.00060017]) 	 loss 3.150E-02 	 horizons 9.0
step 21240 	 return [0.         0.         0.00205754 0.00595807 0.00598592 0.00419505
 0.00706128], ([0.0000000e+00 0.0000000e+00 6.2120620e-07 3.9412803e-06 1.4091593e-04
 5.6023413e-04 5.8085495e-04]) 	 loss 6.190E-02 	 horizons 9.0
step 21330 	 return [0.         0.         0.00205693 0.0059528  0.00578923 0.00576841
 0.00590541], ([0.0000000e+00 0.0000000e+00 2.2610459e-06 1.4377788e-05 5.2104116e-04
 1.4022215e-04 5.5103260e-04]) 	 loss 4.545E-02 	 horizons 9.0
step 21420 	 return [0.00339765 0.0031493  0.00363407 0.0009809  0.00118057 0.00109009
 0.        ], ([3.0204811e-04 5.0461775e-04 8.3721121e-04 4.0833456e-06 7.5138842e-06
 1.9761463e-05 0.0000000e+00]) 	 loss 5.501E-02 	 horizons 9.0
step 21510 	 return [0.         0.         0.00205762 0.00595903 0.00602402 0.00401426
 0.00734434], ([0.000000e+00 0.000000e+00 0.000000e+00 4.656613e-10 0.000000e+00
 0.000000e+00 0.000000e+00]) 	 loss 3.862E-02 	 horizons 9.0
step 21600 	 return [0.00494329 0.00320124 0.0030803  0.00097756 0.0011745  0.00107506
 0.        ], ([0.0000000e+00 0.0000000e+00 2.3283064e-10 1.1641532e-10 1.1641532e-10
 1.1641532e-10 0.0000000e+00]) 	 loss 3.638E-02 	 horizons 9.0
step 21690 	 return [0.00234217 0.00207763 0.00817149 0.0006075  0.00156342 0.00204753
 0.        ], ([0.00106294 0.00069254 0.00050954 0.00089212 0.00031423 0.00068266
 0.        ]) 	 loss 3.110E-02 	 horizons 9.0
step 21780 	 return [0.00460408 0.00307308 0.00156502 0.00095618 0.00113822 0.0013936
 0.        ], ([1.13069640e-04 4.27200430e-05 5.05093310e-04 7.12709698e-06
 1.20930599e-05 1.06179294e-04 0.00000000e+00]) 	 loss 3.940E-02 	 horizons 9.0
step 21870 	 return [0.         0.         0.00204921 0.00329487 0.00288691 0.00753535
 0.00916017], ([0.0000000e+00 0.0000000e+00 0.0000000e+00 0.0000000e+00 2.3283064e-10
 4.6566129e-10 9.3132257e-10]) 	 loss 3.913E-02 	 horizons 9.0
step 21960 	 return [0.         0.         0.00322707 0.00357243 0.00496419 0.00558901
 0.00649787], ([0.0000000e+00 0.0000000e+00 6.4427563e-06 1.0700156e-05 6.0723844e-04
 1.4139854e-04 6.2121422e-04]) 	 loss 3.354E-02 	 horizons 9.0
step 22050 	 return [0.00314922 0.00330673 0.00140021 0.00095448 0.00113536 0.00143395
 0.        ], ([2.3283064e-10 4.6566129e-10 1.1641532e-10 1.1641532e-10 0.0000000e+00
 0.0000000e+00 0.0000000e+00]) 	 loss 2.981E-02 	 horizons 9.0
step 22140 	 return [0.00280774 0.00243148 0.00870199 0.00287778 0.00251291 0.
 0.        ], ([7.93528568e-04 1.00650126e-04 9.14197357e-04 7.27037013e-06
 1.28890388e-05 0.00000000e+00 0.00000000e+00]) 	 loss 3.538E-02 	 horizons 9.0
step 22230 	 return [0.         0.         0.00211419 0.00355708 0.00570188 0.00617371
 0.00722048], ([0.0000000e+00 0.0000000e+00 2.3283064e-10 0.0000000e+00 4.6566129e-10
 4.6566129e-10 0.0000000e+00]) 	 loss 3.499E-02 	 horizons 9.0
step 22320 	 return [0.00520691 0.00203937 0.0077802  0.00286985 0.00249896 0.
 0.        ], ([4.6566129e-10 2.3283064e-10 4.6566129e-10 2.3283064e-10 2.3283064e-10
 0.0000000e+00 0.0000000e+00]) 	 loss 4.256E-02 	 horizons 9.0
step 22410 	 return [0.00360127 0.00253213 0.00778779 0.0028705  0.00250002 0.
 0.        ], ([0.0000000e+00 2.3283064e-10 0.0000000e+00 2.3283064e-10 0.0000000e+00
 0.0000000e+00 0.0000000e+00]) 	 loss 3.287E-02 	 horizons 9.0
step 22500 	 return [0.         0.         0.01186462 0.00910639 0.00260661 0.
 0.        ], ([0.0000000e+00 0.0000000e+00 5.3564890e-04 6.5590284e-04 1.9180594e-07
 0.0000000e+00 0.0000000e+00]) 	 loss 3.448E-02 	 horizons 9.0
step 22590 	 return [0.0035388  0.00248534 0.00559809 0.00105793 0.00136363 0.00219514
 0.        ], ([0.0000000e+00 2.3283064e-10 4.6566129e-10 1.1641532e-10 1.1641532e-10
 0.0000000e+00 0.0000000e+00]) 	 loss 3.347E-02 	 horizons 9.0
step 22680 	 return [0.         0.         0.00241352 0.00525027 0.00599888 0.0031978
 0.00777693], ([0.0000000e+00 0.0000000e+00 5.4364023e-04 1.0826472e-03 3.9414856e-05
 1.3439078e-03 7.7447400e-04]) 	 loss 2.621E-02 	 horizons 9.0
step 22770 	 return [0.         0.         0.00313352 0.00331613 0.00290754 0.00892611
 0.00671938], ([0.0000000e+00 0.0000000e+00 2.3283064e-10 4.6566129e-10 2.3283064e-10
 0.0000000e+00 0.0000000e+00]) 	 loss 2.526E-02 	 horizons 9.0
step 22860 	 return [0.0067068  0.00195445 0.00536277 0.0006633  0.00046221 0.0017706
 0.        ], ([1.0698200e-04 6.5148185e-04 9.9131375e-06 4.6163331e-07 2.9254588e-07
 1.6974751e-06 0.0000000e+00]) 	 loss 1.891E-02 	 horizons 9.0
step 22950 	 return [0.00667114 0.00217161 0.00536607 0.00066346 0.00046231 0.00177116
 0.        ], ([0.0000000e+00 2.3283064e-10 4.6566129e-10 5.8207661e-11 5.8207661e-11
 0.0000000e+00 0.0000000e+00]) 	 loss 1.913E-02 	 horizons 9.0
step 23040 	 return [0.         0.         0.00205831 0.00653204 0.00569687 0.00358492
 0.00663694], ([0.0000000e+00 0.0000000e+00 2.4669439e-06 8.7610603e-04 6.2127394e-04
 6.9276011e-04 1.0892764e-03]) 	 loss 2.312E-02 	 horizons 9.0
step 23130 	 return [0.00435803 0.00331243 0.00308263 0.00097783 0.00117497 0.0010759
 0.        ], ([7.1679527e-04 1.3617305e-04 2.8494142e-06 3.3175297e-07 5.6997408e-07
 1.0287936e-06 0.0000000e+00]) 	 loss 1.512E-02 	 horizons 9.0
step 23220 	 return [0.00362645 0.00345141 0.00308554 0.00097817 0.00117555 0.00107695
 0.        ], ([4.3894566e-04 8.3388615e-05 1.7449026e-06 2.0315638e-07 3.4903641e-07
 6.3000471e-07 0.0000000e+00]) 	 loss 1.326E-02 	 horizons 9.0
step 23310 	 return [0.00511353 0.00201226 0.00559101 0.00105743 0.00136277 0.00219347
 0.        ], ([0.0000000e+00 2.3283064e-10 4.6566129e-10 0.0000000e+00 1.1641532e-10
 2.3283064e-10 0.0000000e+00]) 	 loss 1.506E-02 	 horizons 9.0
step 23400 	 return [0.00198695 0.00230772 0.00771056 0.00085552 0.00140747 0.00226015
 0.        ], ([7.8305601e-07 6.5127392e-07 4.3671357e-04 4.2775983e-04 4.5049004e-05
 1.2763030e-05 0.0000000e+00]) 	 loss 1.753E-02 	 horizons 9.0
step 23490 	 return [0.00218028 0.00268062 0.0035908  0.00100113 0.00123747 0.00236023
 0.        ], ([7.4350054e-04 4.5079520e-04 7.1518315e-04 1.8835335e-05 4.5674664e-05
 3.3411328e-04 0.0000000e+00]) 	 loss 2.625E-02 	 horizons 9.0
step 23580 	 return [0.         0.         0.00412103 0.00521869 0.00439985 0.00252139
 0.00410613], ([0.         0.         0.00416406 0.00115424 0.00107618 0.00147925
 0.00228822]) 	 loss 2.526E-02 	 horizons 9.0
step 23670 	 return [0.         0.         0.00205238 0.00591864 0.00476637 0.0056069
 0.00700393], ([0.0000000e+00 0.0000000e+00 1.0320916e-06 1.2531689e-05 6.7595392e-06
 8.0726291e-05 6.4389783e-06]) 	 loss 2.806E-02 	 horizons 9.0
step 23760 	 return [0.         0.         0.0032302  0.00358305 0.00564593 0.00554127
 0.00551206], ([0.0000000e+00 0.0000000e+00 1.8940747e-06 1.5197835e-06 7.9487116e-05
 8.9102381e-05 7.7651503e-06]) 	 loss 1.901E-02 	 horizons 9.0
step 23850 	 return [0.         0.         0.00205854 0.00596187 0.00609858 0.00587509
 0.00563835], ([0.000000e+00 0.000000e+00 0.000000e+00 4.656613e-10 0.000000e+00
 4.656613e-10 4.656613e-10]) 	 loss 2.671E-02 	 horizons 9.0
step 23940 	 return [0.00338325 0.00246717 0.00577908 0.0010589  0.00136541 0.00219968
 0.        ], ([4.66648606e-04 5.44852337e-05 5.42959839e-04 2.91320021e-06
 5.33543061e-06 1.36189165e-05 0.00000000e+00]) 	 loss 2.791E-02 	 horizons 9.0
step 24030 	 return [0.         0.         0.00205798 0.00595818 0.00596502 0.00584424
 0.00577523], ([0.0000000e+00 0.0000000e+00 1.6953796e-06 1.1091213e-05 4.0067593e-04
 9.2566945e-05 4.1063767e-04]) 	 loss 1.874E-02 	 horizons 9.0
step 24120 	 return [0.00060524 0.00244509 0.00998483 0.00289086 0.00253699 0.
 0.        ], ([9.2451711e-04 8.5441774e-04 8.2146842e-04 6.7268279e-06 1.1150471e-05
 0.0000000e+00 0.0000000e+00]) 	 loss 3.538E-02 	 horizons 9.0
step 24210 	 return [0.00385375 0.00239072 0.00559668 0.00105783 0.00136346 0.00219481
 0.        ], ([6.2989094e-04 1.8922948e-04 2.8312206e-06 2.0023437e-07 3.4738332e-07
 6.6775817e-07 0.0000000e+00]) 	 loss 2.935E-02 	 horizons 9.0
step 24300 	 return [0.         0.         0.00205762 0.00595903 0.00602402 0.00401426
 0.00734434], ([0.000000e+00 0.000000e+00 0.000000e+00 4.656613e-10 0.000000e+00
 0.000000e+00 0.000000e+00]) 	 loss 3.933E-02 	 horizons 9.0
step 24390 	 return [0.00159667 0.00313181 0.00304378 0.00098388 0.00119617 0.00258316
 0.        ], ([1.1531693e-04 2.8952616e-04 8.4376597e-04 7.4623035e-06 1.4126929e-05
 1.1100692e-04 0.0000000e+00]) 	 loss 3.004E-02 	 horizons 9.0
step 24480 	 return [0.         0.         0.00205906 0.00616179 0.00605737 0.00546584
 0.00553572], ([0.0000000e+00 0.0000000e+00 2.2171660e-06 6.0189655e-04 5.9960785e-05
 1.1531672e-03 3.0138149e-04]) 	 loss 2.892E-02 	 horizons 9.0
step 24570 	 return [0.00360127 0.00253213 0.00778779 0.0028705  0.00250002 0.
 0.        ], ([0.0000000e+00 2.3283064e-10 0.0000000e+00 2.3283064e-10 0.0000000e+00
 0.0000000e+00 0.0000000e+00]) 	 loss 4.515E-02 	 horizons 9.0
step 24660 	 return [0.         0.         0.00206171 0.0033439  0.00342866 0.00909888
 0.00717672], ([0.0000000e+00 0.0000000e+00 2.2604003e-05 9.5109855e-05 9.3983981e-04
 6.4721989e-04 9.1229595e-04]) 	 loss 3.269E-02 	 horizons 9.0
step 24750 	 return [0.         0.         0.00205854 0.00596187 0.00609858 0.00587509
 0.00563835], ([0.000000e+00 0.000000e+00 0.000000e+00 4.656613e-10 0.000000e+00
 4.656613e-10 4.656613e-10]) 	 loss 2.758E-02 	 horizons 9.0
step 24840 	 return [0.         0.         0.00232958 0.00353777 0.005483   0.00768291
 0.00574386], ([0.0000000e+00 0.0000000e+00 4.2888551e-04 7.0745467e-05 8.0792955e-04
 7.5593014e-04 6.3693512e-04]) 	 loss 3.786E-02 	 horizons 9.0
step 24930 	 return [0.00201746 0.00233451 0.00970043 0.00288818 0.00253257 0.
 0.        ], ([2.3283064e-10 0.0000000e+00 9.3132257e-10 2.3283064e-10 0.0000000e+00
 0.0000000e+00 0.0000000e+00]) 	 loss 4.459E-02 	 horizons 9.0
step 25020 	 return [0.00217552 0.0023539  0.00950074 0.0028861  0.00252864 0.
 0.        ], ([4.7525254e-04 5.9420188e-05 5.7153584e-04 5.2812375e-06 9.7500506e-06
 0.0000000e+00 0.0000000e+00]) 	 loss 4.020E-02 	 horizons 9.0
step 25110 	 return [0.         0.         0.00323488 0.00358721 0.00582066 0.00414154
 0.00706848], ([0.00000000e+00 0.00000000e+00 3.58186668e-07 2.66963696e-07
 1.03587745e-05 5.39529836e-04 5.07814926e-04]) 	 loss 3.157E-02 	 horizons 9.0
step 25200 	 return [0.         0.         0.00313668 0.00331926 0.00295468 0.00846281
 0.00699992], ([0.0000000e+00 0.0000000e+00 4.8273723e-06 4.7854405e-06 7.2011644e-05
 7.0770195e-04 4.2852649e-04]) 	 loss 4.459E-02 	 horizons 9.0
step 25290 	 return [0.         0.         0.00205346 0.0059286  0.00489655 0.00559739
 0.00687027], ([0.0000000e+00 0.0000000e+00 1.6953796e-06 1.1091213e-05 4.0067593e-04
 9.2566945e-05 4.1063767e-04]) 	 loss 4.011E-02 	 horizons 9.0
step 25380 	 return [0.         0.         0.00323581 0.00358817 0.00583466 0.00376303
 0.00734173], ([0.0000000e+00 0.0000000e+00 3.1602569e-06 3.1327363e-06 5.2370549e-05
 5.9601374e-04 3.1193782e-04]) 	 loss 4.169E-02 	 horizons 9.0
step 25470 	 return [0.00337445 0.00218135 0.00493416 0.00103364 0.00131087 0.00197266
 0.        ], ([4.7879523e-04 3.9060047e-04 5.2805536e-04 2.1477043e-05 5.0369152e-05
 3.0248184e-04 0.0000000e+00]) 	 loss 4.251E-02 	 horizons 9.0
step 25560 	 return [0.         0.         0.01311447 0.00757595 0.00260617 0.
 0.        ], ([0.0000000e+00 0.0000000e+00 7.1419851e-04 8.7453710e-04 2.5574124e-07
 0.0000000e+00 0.0000000e+00]) 	 loss 6.109E-02 	 horizons 9.0
step 25650 	 return [0.         0.         0.00205325 0.00592725 0.00484685 0.0054723
 0.00686658], ([0.0000000e+00 0.0000000e+00 1.0716961e-06 7.0374458e-06 2.5158926e-04
 2.8270233e-04 4.2170344e-04]) 	 loss 4.403E-02 	 horizons 9.0
step 25740 	 return [0.         0.         0.00313563 0.00331822 0.00293897 0.00861724
 0.00690641], ([0.0000000e+00 0.0000000e+00 4.2136758e-06 4.1770750e-06 6.2856918e-05
 6.1773288e-04 3.7404857e-04]) 	 loss 4.089E-02 	 horizons 9.0
step 25830 	 return [0.00161258 0.00345515 0.00447323 0.00102886 0.00130344 0.00200203
 0.        ], ([1.3046619e-05 8.0218721e-05 1.7460436e-06 6.9518574e-06 1.5446638e-05
 6.2725041e-05 0.0000000e+00]) 	 loss 3.666E-02 	 horizons 9.0
step 25920 	 return [0.         0.         0.0020441  0.00328608 0.00280326 0.01093211
 0.00670211], ([0.0000000e+00 0.0000000e+00 2.3283064e-10 0.0000000e+00 2.3283064e-10
 0.0000000e+00 0.0000000e+00]) 	 loss 4.579E-02 	 horizons 9.0
step 26010 	 return [0.00201746 0.00233451 0.00970043 0.00288818 0.00253257 0.
 0.        ], ([2.3283064e-10 0.0000000e+00 9.3132257e-10 2.3283064e-10 0.0000000e+00
 0.0000000e+00 0.0000000e+00]) 	 loss 2.556E-02 	 horizons 9.0
step 26100 	 return [0.00201746 0.00233451 0.00970043 0.00288818 0.00253257 0.
 0.        ], ([2.3283064e-10 0.0000000e+00 9.3132257e-10 2.3283064e-10 0.0000000e+00
 0.0000000e+00 0.0000000e+00]) 	 loss 3.207E-02 	 horizons 9.0
step 26190 	 return [0.005489   0.         0.00555483 0.00105567 0.00135967 0.00218707
 0.        ], ([6.1510902e-05 0.0000000e+00 4.7936560e-06 3.3897450e-07 5.8811059e-07
 1.1304484e-06 0.0000000e+00]) 	 loss 4.011E-02 	 horizons 9.0
step 26280 	 return [0.         0.         0.002176   0.00572388 0.00605443 0.0056658
 0.00579673], ([0.0000000e+00 0.0000000e+00 3.5291872e-04 7.1225269e-04 8.1294093e-05
 5.6842814e-04 4.8034423e-04]) 	 loss 4.098E-02 	 horizons 9.0
step 26370 	 return [0.         0.         0.00321625 0.00354628 0.00458594 0.00567808
 0.00689006], ([0.0000000e+00 0.0000000e+00 2.2006689e-06 6.3814223e-06 6.4259857e-06
 6.0544717e-05 4.8290935e-06]) 	 loss 5.298E-02 	 horizons 9.0
step 26460 	 return [0.00238046 0.00305118 0.00492352 0.00104188 0.00133061 0.00209182
 0.        ], ([9.4585825e-04 4.6777885e-04 5.5078533e-04 1.4560511e-05 3.0432493e-05
 1.0195657e-04 0.0000000e+00]) 	 loss 3.072E-02 	 horizons 9.0
step 26550 	 return [0.00496203 0.00331024 0.00537089 0.00066375 0.0004625  0.00177219
 0.        ], ([4.4748856e-04 8.9063593e-05 2.2177121e-06 2.0313891e-07 1.3620593e-07
 6.3000471e-07 0.0000000e+00]) 	 loss 3.236E-02 	 horizons 9.0
step 26640 	 return [0.         0.         0.00313352 0.00331613 0.00290754 0.00892611
 0.00671938], ([0.0000000e+00 0.0000000e+00 2.3283064e-10 4.6566129e-10 2.3283064e-10
 0.0000000e+00 0.0000000e+00]) 	 loss 2.789E-02 	 horizons 9.0
step 26730 	 return [0.00075175 0.00251991 0.00763794 0.00114255 0.0015078  0.00203291
 0.        ], ([0.00169961 0.00085606 0.00032784 0.00065732 0.00033042 0.00067771
 0.        ]) 	 loss 2.569E-02 	 horizons 9.0
step 26820 	 return [0.         0.         0.0030958  0.00376312 0.00472403 0.00479476
 0.00525798], ([0.0000000e+00 0.0000000e+00 3.5333526e-04 6.6891877e-04 6.3645712e-05
 4.4353982e-04 6.5643061e-04]) 	 loss 3.398E-02 	 horizons 9.0
step 26910 	 return [0.00405453 0.00315597 0.00321237 0.00098163 0.00118422 0.00141682
 0.        ], ([7.2594121e-04 3.8891431e-04 2.5833165e-04 7.4696445e-06 1.8280469e-05
 6.8142061e-04 0.0000000e+00]) 	 loss 3.224E-02 	 horizons 9.0
step 27000 	 return [0.         0.         0.00207614 0.00354208 0.0056979  0.00425405
 0.00827968], ([0.0000000e+00 0.0000000e+00 1.3037892e-04 6.8893060e-05 4.0917369e-04
 1.3186464e-04 4.0710546e-04]) 	 loss 2.637E-02 	 horizons 9.0
step 27090 	 return [0.         0.         0.00241392 0.00525059 0.00601434 0.00340248
 0.0076243 ], ([0.0000000e+00 0.0000000e+00 5.4425962e-04 1.0821606e-03 1.4775744e-05
 9.3451224e-04 4.2764648e-04]) 	 loss 2.746E-02 	 horizons 9.0
step 27180 	 return [0.         0.         0.00203505 0.0035244  0.00597165 0.00401558
 0.00826043], ([0.0000000e+00 0.0000000e+00 1.7096208e-04 8.6239910e-05 1.9041523e-04
 4.0934820e-04 1.1084973e-05]) 	 loss 2.569E-02 	 horizons 9.0
step 27270 	 return [0.00494329 0.00320124 0.0030803  0.00097756 0.0011745  0.00107506
 0.        ], ([0.0000000e+00 0.0000000e+00 2.3283064e-10 1.1641532e-10 1.1641532e-10
 1.1641532e-10 0.0000000e+00]) 	 loss 2.410E-02 	 horizons 9.0
step 27360 	 return [0.00645745 0.00212187 0.00307691 0.00097733 0.00117411 0.00107425
 0.        ], ([0.0000000e+00 2.3283064e-10 2.3283064e-10 0.0000000e+00 0.0000000e+00
 1.1641532e-10 0.0000000e+00]) 	 loss 2.940E-02 	 horizons 9.0
step 27450 	 return [0.00645745 0.00212187 0.00307691 0.00097733 0.00117411 0.00107425
 0.        ], ([0.0000000e+00 2.3283064e-10 2.3283064e-10 0.0000000e+00 0.0000000e+00
 1.1641532e-10 0.0000000e+00]) 	 loss 2.277E-02 	 horizons 9.0
step 27540 	 return [0.         0.         0.01342678 0.00713108 0.0026051  0.
 0.        ], ([0.0000000e+00 0.0000000e+00 8.9585781e-05 1.5207753e-05 1.8677675e-06
 0.0000000e+00 0.0000000e+00]) 	 loss 2.407E-02 	 horizons 9.0
step 27630 	 return [0.00251484 0.00284819 0.00447065 0.00103396 0.00131482 0.00204867
 0.        ], ([9.0284954e-04 6.1107491e-04 3.2511412e-06 8.6225291e-06 1.9189998e-05
 7.8161836e-05 0.0000000e+00]) 	 loss 3.297E-02 	 horizons 9.0
step 27720 	 return [0.00405844 0.00301356 0.0012577  0.00095288 0.00113265 0.00143844
 0.        ], ([8.0483139e-04 3.1657296e-04 4.1923660e-04 3.2344353e-06 5.4186871e-06
 2.5114990e-05 0.0000000e+00]) 	 loss 4.869E-02 	 horizons 9.0
step 27810 	 return [0.00454356 0.00297518 0.00410626 0.00091796 0.0010352  0.00122964
 0.        ], ([0.00061092 0.00034557 0.00168027 0.00012174 0.00028322 0.00029793
 0.        ]) 	 loss 3.301E-02 	 horizons 9.0
step 27900 	 return [0.00595068 0.00215054 0.00173114 0.00095835 0.0011419  0.0013566
 0.        ], ([4.9492723e-04 3.0497648e-04 6.7288580e-04 9.4916986e-06 1.6104728e-05
 1.4117917e-04 0.0000000e+00]) 	 loss 4.097E-02 	 horizons 9.0
step 27990 	 return [0.         0.         0.00172948 0.00336272 0.00555923 0.00664192
 0.00728287], ([0.0000000e+00 0.0000000e+00 1.2823664e-04 6.4802545e-05 6.0792638e-05
 7.0558296e-04 6.5603861e-05]) 	 loss 2.846E-02 	 horizons 9.0
step 28080 	 return [0.         0.         0.00323488 0.00358721 0.00582066 0.00414154
 0.00706848], ([0.00000000e+00 0.00000000e+00 3.58186611e-07 2.66963696e-07
 1.03587745e-05 5.39529778e-04 5.07814984e-04]) 	 loss 1.844E-02 	 horizons 9.0
step 28170 	 return [0.         0.         0.0031341  0.00331656 0.00292493 0.00961989
 0.00605066], ([0.0000000e+00 0.0000000e+00 7.4884292e-07 5.6969037e-07 2.3954244e-05
 8.4979710e-04 8.1901281e-04]) 	 loss 2.484E-02 	 horizons 9.0
step 28260 	 return [0.         0.         0.00205263 0.00592177 0.00476468 0.00558672
 0.00700554], ([0.0000000e+00 0.0000000e+00 7.7406878e-07 9.3987674e-06 5.0696549e-06
 6.0544717e-05 4.8292331e-06]) 	 loss 3.896E-02 	 horizons 9.0
step 28350 	 return [0.00275788 0.00280909 0.00514954 0.00105186 0.00135191 0.00216808
 0.        ], ([9.56435804e-04 3.96513060e-04 5.49357384e-04 7.42859720e-06
 1.43564575e-05 3.31442716e-05 0.00000000e+00]) 	 loss 1.690E-02 	 horizons 9.0
step 28440 	 return [0.         0.         0.00312441 0.00358596 0.00585421 0.00560615
 0.00581602], ([0.0000000e+00 0.0000000e+00 3.3462796e-04 6.1484047e-06 7.4126765e-06
 4.6196225e-04 8.1295503e-04]) 	 loss 2.118E-02 	 horizons 9.0
step 28530 	 return [0.         0.         0.00302521 0.00331417 0.00291283 0.0089756
 0.00681063], ([0.0000000e+00 0.0000000e+00 3.2492480e-04 5.8813721e-06 1.5859679e-05
 1.4847843e-04 2.7373870e-04]) 	 loss 4.388E-02 	 horizons 9.0
step 28620 	 return [0.         0.         0.00312714 0.00359104 0.00601026 0.00339615
 0.00734879], ([0.0000000e+00 0.0000000e+00 3.2990682e-04 6.3244293e-06 4.6787685e-04
 8.6746766e-04 5.4573966e-04]) 	 loss 2.149E-02 	 horizons 9.0
step 28710 	 return [0.         0.         0.00168579 0.00333908 0.00548596 0.00425089
 0.00832066], ([0.0000000e+00 0.0000000e+00 5.8292028e-07 2.1405110e-06 4.5330566e-05
 3.1967278e-04 6.9022959e-04]) 	 loss 2.399E-02 	 horizons 9.0
step 28800 	 return [0.         0.         0.00323256 0.00358234 0.00553408 0.00506336
 0.00584838], ([0.0000000e+00 0.0000000e+00 4.2102561e-06 6.9544667e-06 3.9794765e-04
 8.3392975e-04 4.3721302e-04]) 	 loss 4.941E-02 	 horizons 9.0
step 28890 	 return [0.         0.         0.00321845 0.00355266 0.00457951 0.00561754
 0.00689489], ([0.0000000e+00 0.0000000e+00 3.5936766e-06 1.0420819e-05 1.0493592e-05
 9.8869110e-05 7.8858775e-06]) 	 loss 3.565E-02 	 horizons 9.0
step 28980 	 return [0.         0.         0.0020441  0.00328608 0.00280326 0.01093211
 0.00670211], ([0.0000000e+00 0.0000000e+00 2.3283064e-10 0.0000000e+00 2.3283064e-10
 0.0000000e+00 0.0000000e+00]) 	 loss 3.359E-02 	 horizons 9.0
step 29070 	 return [0.         0.         0.00314195 0.00332448 0.00303325 0.00769064
 0.00746748], ([0.0000000e+00 0.0000000e+00 4.2136758e-06 4.1770750e-06 6.2856918e-05
 6.1773288e-04 3.7404857e-04]) 	 loss 2.967E-02 	 horizons 9.0
step 29160 	 return [0.00179286 0.00269411 0.00539337 0.00104988 0.00134748 0.00215354
 0.        ], ([9.4638346e-04 6.9144438e-04 1.0551238e-03 1.1984297e-05 2.4083836e-05
 7.3677824e-05 0.0000000e+00]) 	 loss 2.356E-02 	 horizons 9.0
step 29250 	 return [0.         0.         0.01347157 0.00713868 0.00260604 0.
 0.        ], ([0.0000000e+00 0.0000000e+00 0.0000000e+00 4.6566129e-10 2.3283064e-10
 0.0000000e+00 0.0000000e+00]) 	 loss 4.467E-02 	 horizons 9.0
step 29340 	 return [0.         0.         0.00205762 0.00595903 0.00602402 0.00401426
 0.00734434], ([0.000000e+00 0.000000e+00 0.000000e+00 4.656613e-10 0.000000e+00
 0.000000e+00 0.000000e+00]) 	 loss 2.437E-02 	 horizons 9.0
step 29430 	 return [0.0054877  0.00020123 0.00556127 0.00105604 0.00136033 0.00218838
 0.        ], ([1.2472132e-04 6.0367881e-04 9.9132767e-06 4.6163331e-07 8.1262550e-07
 1.6974751e-06 0.0000000e+00]) 	 loss 3.430E-02 	 horizons 9.0
step 29520 	 return [0.         0.         0.00321931 0.00355478 0.00498418 0.00452041
 0.00654335], ([0.0000000e+00 0.0000000e+00 1.4415821e-05 3.4447869e-05 4.4444497e-04
 1.0306872e-03 5.3437933e-04]) 	 loss 3.408E-02 	 horizons 9.0
step 29610 	 return [0.00328386 0.00249187 0.00815347 0.00287341 0.00250518 0.
 0.        ], ([6.3482276e-04 8.0520098e-05 7.3135790e-04 5.8162959e-06 1.0311231e-05
 0.0000000e+00 0.0000000e+00]) 	 loss 4.902E-02 	 horizons 9.0
step 29700 	 return [0.         0.         0.0016864  0.003341   0.00552988 0.00458198
 0.00856071], ([0.0000000e+00 0.0000000e+00 2.7050265e-07 3.5595167e-07 1.3811700e-05
 1.1842026e-03 6.4704724e-04]) 	 loss 3.508E-02 	 horizons 9.0
step 29790 	 return [0.         0.         0.00323484 0.00358627 0.00575372 0.00538987
 0.00565945], ([0.0000000e+00 0.0000000e+00 2.2174791e-06 3.4907832e-06 1.9603371e-04
 7.4053201e-04 2.2883770e-04]) 	 loss 3.365E-02 	 horizons 9.0
step 29880 	 return [0.         0.         0.00323476 0.00358712 0.00581721 0.0039617
 0.00723775], ([0.0000000e+00 0.0000000e+00 2.3283064e-10 0.0000000e+00 4.6566129e-10
 0.0000000e+00 0.0000000e+00]) 	 loss 3.673E-02 	 horizons 9.0
step 29970 	 return [0.00085603 0.00223205 0.00737909 0.00106782 0.001382   0.002246
 0.        ], ([7.8698708e-04 4.7712063e-04 8.3600578e-05 9.5485666e-07 1.6598782e-06
 4.4055396e-06 0.0000000e+00]) 	 loss 4.144E-02 	 horizons 9.0
step 30060 	 return [0.00565179 0.         0.00774444 0.00286766 0.00249533 0.
 0.        ], ([4.0268340e-05 0.0000000e+00 3.3679885e-06 2.8987424e-07 4.7162172e-07
 0.0000000e+00 0.0000000e+00]) 	 loss 4.929E-02 	 horizons 9.0
[1;34mwandb[0m: 
[1;34mwandb[0m: 🚀 View run [33mmotndp_amsterdam-v0__GCN-amsterdam-g7-spatial__42__1781513212[0m at: [34mhttps://wandb.ai/jingyuan-sun03-tu-delft/cl_ablation/runs/p2rpijxg[0m
[1;34mwandb[0m: Find logs at: [1;35mwandb/run-20260615_104653-p2rpijxg/logs[0m
