/home/SinJ/mo-transport-network-design/.venv/lib/python3.13/site-packages/pygame/pkgdata.py:25: UserWarning: pkg_resources is deprecated as an API. See https://setuptools.pypa.io/en/latest/pkg_resources.html. The pkg_resources package is slated for removal as early as 2025-11-30. Refrain from using this package or pin to Setuptools<81.
  from pkg_resources import resource_stream, resource_exists
wandb: [wandb.login()] Loaded credentials for https://api.wandb.ai from /home/SinJ/.netrc.
wandb: Currently logged in as: jingyuan-sun03 (jingyuan-sun03-tu-delft) to https://api.wandb.ai. Use `wandb login --relogin` to force relogin
wandb: setting up run xb1qry1x
wandb: Tracking run with wandb version 0.27.2
wandb: Run data is saved locally in /home/SinJ/mo-transport-network-design/wandb/run-20260615_092930-xb1qry1x
wandb: Run `wandb offline` to turn off syncing.
wandb: Syncing run motndp_amsterdam-v0__GCN-amsterdam-g7-temporal__456__1781508570
wandb: ⭐️ View project at https://wandb.ai/jingyuan-sun03-tu-delft/cl_ablation
wandb: 🚀 View run at https://wandb.ai/jingyuan-sun03-tu-delft/cl_ablation/runs/xb1qry1x
/home/SinJ/mo-transport-network-design/morl-baselines/morl_baselines/multi_policy/gcn/gcn.py:151: UserWarning: Creating a tensor from a list of numpy.ndarrays is extremely slow. Please consider converting the list to a single numpy.ndarray with numpy.array() before converting to a tensor. (Triggered internally at /pytorch/torch/csrc/utils/tensor_new.cpp:253.)
  th.tensor(obs).to(self.device),
Namespace(env='amsterdam', nr_groups=7, starting_loc_x=9, starting_loc_y=19, nr_stations=10, lr=0.01, batch_size=256, num_er_episodes=100, num_step_episodes=10, num_model_updates=10, num_policies=10, max_buffer_size=200, nr_layers=1, hidden_dim=128, timesteps=30000, no_log=False, seed=456, cd_threshold=0.2, distance_ref='interpolate2', gcn_lambda=0.0, lambda_schedule='cosine', lambda_start=1.0, lambda_end=0.0, lambda_warmup_fraction=0.1, lambda_freeze_fraction=0.1, spatial_alpha=0.0, include_demand_context=False, criterion='lorenz', nash_mode='pareto_sized', nash_top_k=None, nash_shift=0.0, project_name='cl_ablation', experiment_name='GCN-amsterdam-g7-temporal', wandb_entity=None)
step 990 	 return [0.         0.00094859 0.00271524 0.00073029 0.00141452 0.00139854
 0.00039449], ([0.         0.0013092  0.00300094 0.00098555 0.00126634 0.00096804
 0.00118346]) 	 loss 2.029E+00 	 horizons 9.0
step 1080 	 return [5.4934557e-05 9.0472848e-04 3.1973855e-03 1.2058936e-03 2.0288280e-03
 1.1605822e-03 1.3782643e-03], ([0.0001648  0.00099945 0.00316834 0.00183576 0.00249026 0.00097921
 0.00277134]) 	 loss 1.812E+00 	 horizons 9.0
step 1170 	 return [9.6730990e-05 8.1620272e-04 8.9320529e-04 4.7138304e-04 8.5358490e-04
 9.3280931e-04 0.0000000e+00], ([0.00029019 0.00079552 0.00091346 0.00042011 0.000973   0.00090046
 0.        ]) 	 loss 1.338E+00 	 horizons 9.0
step 1260 	 return [5.9580623e-05 8.2940247e-04 2.1244199e-03 3.1564380e-03 2.5291957e-03
 2.7734414e-03 1.8282706e-03], ([0.00017874 0.00108062 0.00213431 0.00453805 0.00162049 0.00306659
 0.00395161]) 	 loss 1.170E+00 	 horizons 9.0
step 1350 	 return [0.         0.00035317 0.00239648 0.00506655 0.00350516 0.00274874
 0.00264451], ([0.         0.0010595  0.00181773 0.00522466 0.00154128 0.00345898
 0.00304184]) 	 loss 1.120E+00 	 horizons 9.0
step 1440 	 return [0.00066602 0.00112327 0.00106973 0.00018556 0.00025653 0.00068714
 0.        ], ([0.00133351 0.00129963 0.00157235 0.000299   0.00013486 0.00072023
 0.        ]) 	 loss 1.043E+00 	 horizons 9.0
step 1530 	 return [9.9262819e-05 1.2883657e-03 1.6572293e-03 1.6615671e-04 8.2643284e-04
 1.3025034e-03 0.0000000e+00], ([0.00029779 0.00098945 0.0025681  0.00025256 0.00106478 0.00145026
 0.        ]) 	 loss 1.009E+00 	 horizons 9.0
step 1620 	 return [0.0000000e+00 1.2654801e-03 3.2270015e-03 1.9597821e-04 9.7281131e-04
 1.1244058e-03 1.5763708e-05], ([0.0000000e+00 1.2376229e-03 3.2206094e-03 2.9987487e-04 8.1751461e-04
 8.9053070e-04 4.7291127e-05]) 	 loss 9.925E-01 	 horizons 9.0
step 1710 	 return [0.         0.         0.002475   0.00698901 0.00442057 0.00211571
 0.00451524], ([0.         0.         0.0011931  0.00476613 0.00124812 0.00323516
 0.00339646]) 	 loss 1.003E+00 	 horizons 9.0
step 1800 	 return [0.         0.0002851  0.0002278  0.00027762 0.0002646  0.00037762
 0.        ], ([0.         0.0005381  0.00038754 0.00034821 0.00014505 0.00037149
 0.        ]) 	 loss 9.502E-01 	 horizons 9.0
step 1890 	 return [0.         0.         0.00164981 0.0029518  0.00410714 0.00337314
 0.00573629], ([0.         0.         0.00069907 0.00192479 0.0009444  0.00281846
 0.0023321 ]) 	 loss 9.161E-01 	 horizons 9.0
step 1980 	 return [0.         0.00020525 0.0025298  0.00016862 0.00214277 0.00234911
 0.00019789], ([0.         0.00061576 0.00300475 0.00034236 0.00100574 0.00201464
 0.00059367]) 	 loss 9.000E-01 	 horizons 9.0
step 2070 	 return [0.         0.         0.00100049 0.00179237 0.0032698  0.00467568
 0.00638033], ([0.         0.         0.00063524 0.0013133  0.00090497 0.00209741
 0.00322108]) 	 loss 8.753E-01 	 horizons 9.0
step 2160 	 return [0.00131671 0.00126288 0.00264895 0.00049766 0.00063642 0.00116634
 0.        ], ([0.00149944 0.00087461 0.00229024 0.00042543 0.00029653 0.0009352
 0.        ]) 	 loss 8.626E-01 	 horizons 9.0
step 2250 	 return [5.7314424e-05 1.7860492e-03 1.2652926e-03 5.1251159e-04 5.2027922e-04
 7.7278505e-04 0.0000000e+00], ([0.00017194 0.00088671 0.00088343 0.00036314 0.00054792 0.00058995
 0.        ]) 	 loss 8.223E-01 	 horizons 9.0
step 2340 	 return [1.86458317e-04 1.12913200e-03 1.31109776e-03 1.07248547e-04
 1.20979419e-03 1.76833570e-03 1.43868965e-05], ([4.0213345e-04 1.2228015e-03 1.8287422e-03 2.2104113e-04 8.2417729e-04
 1.0729076e-03 4.3160690e-05]) 	 loss 8.237E-01 	 horizons 9.0
step 2430 	 return [0.         0.00029713 0.00120081 0.00114635 0.00268976 0.00591208
 0.0023249 ], ([0.         0.00059429 0.00095562 0.00129991 0.00070843 0.00228587
 0.00377541]) 	 loss 7.710E-01 	 horizons 9.0
step 2520 	 return [0.         0.         0.00168829 0.00334349 0.00472562 0.00105039
 0.00603003], ([0.         0.         0.0002894  0.00102029 0.00089521 0.00162237
 0.00180037]) 	 loss 7.554E-01 	 horizons 9.0
step 2610 	 return [0.         0.         0.00085732 0.00132854 0.00356949 0.00495479
 0.00616303], ([0.         0.         0.00061181 0.00137773 0.00089709 0.00150109
 0.00261704]) 	 loss 7.596E-01 	 horizons 9.0
step 2700 	 return [0.         0.         0.00090551 0.00055584 0.0034818  0.00562706
 0.00186494], ([0.         0.         0.00065995 0.00086228 0.00089062 0.00224403
 0.00236474]) 	 loss 7.103E-01 	 horizons 9.0
step 2790 	 return [0.         0.         0.00193779 0.00404478 0.00461352 0.00284951
 0.00649594], ([0.         0.         0.00013953 0.00137887 0.00102688 0.00363162
 0.00170712]) 	 loss 7.126E-01 	 horizons 9.0
step 2880 	 return [0.         0.00068926 0.00052504 0.00034613 0.00016675 0.00047606
 0.        ], ([0.0000000e+00 5.0868723e-04 3.5928097e-04 2.5275405e-04 9.6248863e-05
 3.2061274e-04 0.0000000e+00]) 	 loss 6.909E-01 	 horizons 9.0
step 2970 	 return [0.         0.         0.00077281 0.00119557 0.00263731 0.00482617
 0.00951908], ([0.         0.         0.00057941 0.00152955 0.0005669  0.00178403
 0.00438455]) 	 loss 6.773E-01 	 horizons 9.0
step 3060 	 return [0.00018646 0.00146896 0.00165891 0.         0.00249485 0.0024284
 0.        ], ([0.00040213 0.00099793 0.00099477 0.         0.00124285 0.001812
 0.        ]) 	 loss 6.640E-01 	 horizons 9.0
step 3150 	 return [0.         0.         0.0007577  0.0011474  0.00362842 0.00382792
 0.00803102], ([0.         0.         0.00043438 0.00090655 0.00032319 0.00172263
 0.00157837]) 	 loss 6.517E-01 	 horizons 9.0
step 3240 	 return [0.00019571 0.00067179 0.00212712 0.00178682 0.00247772 0.00689486
 0.00214605], ([0.00039142 0.0008329  0.00099394 0.00145897 0.00134456 0.00082619
 0.00357875]) 	 loss 6.201E-01 	 horizons 9.0
step 3330 	 return [0.00090679 0.00169045 0.00583604 0.00060393 0.00139801 0.00169279
 0.        ], ([0.00120927 0.00103305 0.00149643 0.00049399 0.00046909 0.00087815
 0.        ]) 	 loss 5.863E-01 	 horizons 9.0
step 3420 	 return [0.00196999 0.00223962 0.00253879 0.00043017 0.0007595  0.00142047
 0.        ], ([0.00164837 0.00112679 0.00081    0.00043555 0.00027113 0.00057258
 0.        ]) 	 loss 5.831E-01 	 horizons 9.0
step 3510 	 return [0.         0.         0.00225025 0.00615521 0.00492436 0.00208253
 0.00443486], ([0.         0.         0.00068692 0.00297972 0.00114269 0.0031827
 0.00209229]) 	 loss 5.813E-01 	 horizons 9.0
step 3600 	 return [0.         0.         0.00204323 0.00344879 0.00394052 0.00635638
 0.00582237], ([0.         0.         0.00055568 0.00124216 0.0015026  0.00421096
 0.00185709]) 	 loss 5.869E-01 	 horizons 9.0
step 3690 	 return [0.         0.00042676 0.007605   0.00096236 0.00253769 0.00044959
 0.        ], ([0.         0.00091385 0.00101912 0.00122915 0.00070666 0.00089936
 0.        ]) 	 loss 5.682E-01 	 horizons 9.0
step 3780 	 return [0.         0.00012104 0.00795333 0.00959204 0.00280398 0.
 0.        ], ([0.         0.00036311 0.00179859 0.0036378  0.00109938 0.
 0.        ]) 	 loss 5.316E-01 	 horizons 9.0
step 3870 	 return [0.         0.00030163 0.00178631 0.00190143 0.0029516  0.00877175
 0.00428942], ([0.         0.0006034  0.0008979  0.00142561 0.00087309 0.00266608
 0.00289432]) 	 loss 5.163E-01 	 horizons 9.0
step 3960 	 return [0.         0.000298   0.00221834 0.00207587 0.00301711 0.00831695
 0.0024066 ], ([0.         0.00059641 0.00099506 0.00136564 0.00097248 0.00169833
 0.00272461]) 	 loss 4.784E-01 	 horizons 9.0
step 4050 	 return [0.00233281 0.00223497 0.0066177  0.00041751 0.00141175 0.00217115
 0.        ], ([0.00133297 0.00033765 0.00177186 0.00051158 0.00015455 0.00077624
 0.        ]) 	 loss 4.574E-01 	 horizons 9.0
step 4140 	 return [1.7223570e-04 2.7818917e-03 3.4608201e-03 8.8711167e-05 7.1738852e-04
 6.2687800e-04 0.0000000e+00], ([0.00036777 0.00129223 0.00143984 0.00026613 0.00043425 0.00041086
 0.        ]) 	 loss 4.471E-01 	 horizons 9.0
step 4230 	 return [0.         0.         0.00256165 0.00443189 0.00316092 0.0081413
 0.00484578], ([0.         0.         0.00053744 0.00121603 0.00089807 0.00261121
 0.0009923 ]) 	 loss 4.060E-01 	 horizons 9.0
step 4320 	 return [0.         0.         0.00350157 0.01110908 0.00548512 0.00133444
 0.00160854], ([0.         0.         0.00126399 0.0042376  0.00179977 0.00266888
 0.00213794]) 	 loss 4.195E-01 	 horizons 9.0
step 4410 	 return [0.         0.00029214 0.00816623 0.00505052 0.00292107 0.
 0.        ], ([0.         0.00087641 0.00155594 0.00263639 0.00085773 0.
 0.        ]) 	 loss 3.963E-01 	 horizons 9.0
step 4500 	 return [0.00119068 0.00202187 0.00817707 0.0004289  0.0017028  0.0015697
 0.        ], ([0.00097222 0.00057654 0.00058974 0.00052602 0.00060187 0.00102868
 0.        ]) 	 loss 3.878E-01 	 horizons 9.0
step 4590 	 return [0.         0.         0.00063272 0.         0.00409199 0.00804544
 0.00254203], ([0.         0.         0.00051661 0.         0.00040998 0.00138708
 0.00200497]) 	 loss 3.972E-01 	 horizons 9.0
step 4680 	 return [0.00036331 0.001524   0.0019432  0.         0.00313862 0.00264882
 0.        ], ([0.00044497 0.00021533 0.00024073 0.         0.00081383 0.00145292
 0.        ]) 	 loss 3.775E-01 	 horizons 9.0
step 4770 	 return [0.         0.         0.00122643 0.         0.00403735 0.00755718
 0.00458726], ([0.         0.         0.0002188  0.         0.0002398  0.00150938
 0.00052709]) 	 loss 3.366E-01 	 horizons 9.0
step 4860 	 return [0.         0.         0.0006893  0.         0.0032748  0.0041029
 0.01164856], ([0.         0.         0.00028007 0.         0.00121525 0.00088831
 0.00276738]) 	 loss 3.321E-01 	 horizons 9.0
step 4950 	 return [0.         0.00014795 0.0013592  0.00032157 0.0039023  0.009684
 0.00410174], ([0.         0.00044385 0.00069776 0.00096471 0.00093172 0.00201536
 0.00189391]) 	 loss 3.080E-01 	 horizons 9.0
step 5040 	 return [0.         0.         0.00071573 0.00068857 0.00273266 0.00449226
 0.01092953], ([0.         0.         0.00040946 0.00106659 0.00099856 0.00110154
 0.00300839]) 	 loss 3.470E-01 	 horizons 9.0
step 5130 	 return [0.         0.00044842 0.00265613 0.00362335 0.00273097 0.00776631
 0.00068372], ([0.         0.00068518 0.00079169 0.00163517 0.00073944 0.00163574
 0.00149657]) 	 loss 3.256E-01 	 horizons 9.0
step 5220 	 return [0.         0.         0.00073096 0.00058254 0.00243476 0.00519607
 0.01190132], ([0.         0.         0.00042285 0.00116724 0.00083608 0.00238582
 0.00281458]) 	 loss 3.392E-01 	 horizons 9.0
step 5310 	 return [0.         0.00053221 0.00538419 0.00694658 0.00308395 0.00378871
 0.00135986], ([0.         0.0006209  0.0028938  0.00115459 0.00095443 0.00406546
 0.00217108]) 	 loss 3.053E-01 	 horizons 9.0
step 5400 	 return [0.         0.00046127 0.00257406 0.00174907 0.00312436 0.00855498
 0.00141783], ([0.         0.0007046  0.00060901 0.00143101 0.00117382 0.00191359
 0.00162484]) 	 loss 2.616E-01 	 horizons 9.0
step 5490 	 return [0.         0.         0.00140994 0.00235971 0.00325824 0.00535645
 0.00885771], ([0.         0.         0.00047261 0.00120189 0.00115787 0.00134239
 0.00333142]) 	 loss 3.004E-01 	 horizons 9.0
step 5580 	 return [3.7581916e-03 3.8862429e-03 2.8691683e-03 5.5982295e-05 4.6948073e-04
 8.5585547e-04 0.0000000e+00], ([5.7884492e-04 4.7162382e-04 7.9261779e-04 1.6794684e-04 3.4573506e-05
 4.5694792e-04 0.0000000e+00]) 	 loss 2.817E-01 	 horizons 9.0
step 5670 	 return [0.         0.         0.00091075 0.00030661 0.00326169 0.0064472
 0.00998487], ([0.         0.         0.00048856 0.00091983 0.00085483 0.00202947
 0.00237191]) 	 loss 2.773E-01 	 horizons 9.0
step 5760 	 return [0.00139156 0.00229255 0.00756132 0.00086123 0.00162853 0.00179202
 0.        ], ([0.00091099 0.00036026 0.00062731 0.00043095 0.00045016 0.00089659
 0.        ]) 	 loss 2.670E-01 	 horizons 9.0
step 5850 	 return [0.         0.         0.00215209 0.00528386 0.00368375 0.00786076
 0.0052248 ], ([0.         0.         0.00032876 0.00093459 0.00130344 0.00227289
 0.00021434]) 	 loss 2.583E-01 	 horizons 9.0
step 5940 	 return [0.         0.         0.00201562 0.00502787 0.00429633 0.0025614
 0.00536765], ([0.0000000e+00 0.0000000e+00 5.0880346e-05 7.3390757e-04 1.1713342e-03
 2.7498780e-03 1.6844132e-03]) 	 loss 2.604E-01 	 horizons 9.0
step 6030 	 return [0.         0.         0.00178209 0.0027556  0.0029877  0.00996748
 0.00444471], ([0.         0.         0.00049454 0.00092844 0.00044523 0.00181861
 0.00160333]) 	 loss 2.526E-01 	 horizons 9.0
step 6120 	 return [0.00079462 0.00194107 0.00823029 0.00053521 0.00124512 0.0020086
 0.        ], ([0.00097321 0.00055404 0.00098073 0.00053522 0.00035461 0.00067049
 0.        ]) 	 loss 2.440E-01 	 horizons 9.0
step 6210 	 return [0.         0.00030942 0.00501016 0.00656018 0.00324122 0.00459328
 0.00199698], ([0.         0.00061885 0.00346028 0.00151554 0.00085    0.00411077
 0.0019897 ]) 	 loss 2.384E-01 	 horizons 9.0
step 6300 	 return [0.         0.         0.00520686 0.0145487  0.00409268 0.
 0.        ], ([0.0000000e+00 0.0000000e+00 5.8961904e-04 8.1476965e-04 1.7031687e-05
 0.0000000e+00 0.0000000e+00]) 	 loss 2.334E-01 	 horizons 9.0
step 6390 	 return [0.         0.         0.00224669 0.00493653 0.00371698 0.00680142
 0.00531979], ([0.         0.         0.00045661 0.00095278 0.00128181 0.00243738
 0.00138733]) 	 loss 2.259E-01 	 horizons 9.0
step 6480 	 return [0.         0.00015471 0.00415336 0.006155   0.0043557  0.00285443
 0.00315393], ([0.         0.00046414 0.00331031 0.00240983 0.0013385  0.00337066
 0.0027306 ]) 	 loss 2.501E-01 	 horizons 9.0
step 6570 	 return [0.         0.         0.01037405 0.00556373 0.00302978 0.
 0.        ], ([0.0000000e+00 0.0000000e+00 4.9142382e-04 8.5250422e-06 6.6848006e-06
 0.0000000e+00 0.0000000e+00]) 	 loss 2.320E-01 	 horizons 9.0
step 6660 	 return [0.         0.         0.00052307 0.         0.00302444 0.00308132
 0.01427937], ([0.0000000e+00 0.0000000e+00 5.8207661e-11 0.0000000e+00 2.3283064e-10
 2.3283064e-10 9.3132257e-10]) 	 loss 2.312E-01 	 horizons 9.0
step 6750 	 return [0.         0.00141135 0.00910451 0.00054512 0.00217242 0.00068853
 0.        ], ([0.         0.00064753 0.00121716 0.00054525 0.0006277  0.0010518
 0.        ]) 	 loss 2.084E-01 	 horizons 9.0
step 6840 	 return [0.00030853 0.00134523 0.00170101 0.         0.00311984 0.00098182
 0.        ], ([0.0004804  0.00023901 0.00023339 0.         0.00075341 0.00137003
 0.        ]) 	 loss 2.184E-01 	 horizons 9.0
step 6930 	 return [5.7314424e-05 4.0878053e-03 2.9217112e-03 8.9746165e-05 8.5157400e-04
 8.5224269e-04 0.0000000e+00], ([0.00017194 0.0007777  0.00130858 0.00026924 0.00050512 0.00031398
 0.        ]) 	 loss 1.970E-01 	 horizons 9.0
step 7020 	 return [0.         0.         0.00743582 0.01302722 0.00355089 0.
 0.        ], ([0.         0.         0.00188396 0.00242338 0.00101395 0.
 0.        ]) 	 loss 1.939E-01 	 horizons 9.0
step 7110 	 return [0.00367468 0.00323319 0.00300329 0.00050793 0.00079263 0.00161961
 0.        ], ([0.00048751 0.00024955 0.0012392  0.00042326 0.00021927 0.00054806
 0.        ]) 	 loss 2.050E-01 	 horizons 9.0
step 7200 	 return [0.         0.         0.00058016 0.         0.00226507 0.00502127
 0.01258588], ([0.         0.         0.00018726 0.         0.00075814 0.0001764
 0.00098195]) 	 loss 2.095E-01 	 horizons 9.0
step 7290 	 return [0.         0.         0.00174266 0.00300477 0.00290927 0.00543801
 0.00828397], ([0.0000000e+00 0.0000000e+00 4.4948887e-04 7.4643031e-05 8.9072611e-04
 1.8930818e-03 6.9334754e-04]) 	 loss 1.927E-01 	 horizons 9.0
step 7380 	 return [0.00339169 0.00333856 0.00226395 0.00083738 0.00089129 0.0013744
 0.        ], ([0.00032413 0.00015778 0.00095474 0.00011754 0.00022919 0.00047537
 0.        ]) 	 loss 1.981E-01 	 horizons 9.0
step 7470 	 return [0.00133856 0.00330792 0.00204852 0.00035714 0.00136848 0.00052341
 0.        ], ([0.00146293 0.00061614 0.00074736 0.00043741 0.00049264 0.00054063
 0.        ]) 	 loss 1.924E-01 	 horizons 9.0
step 7560 	 return [0.         0.002198   0.00873426 0.00498739 0.00307014 0.
 0.        ], ([0.         0.00117349 0.00049068 0.00104208 0.00021811 0.
 0.        ]) 	 loss 1.756E-01 	 horizons 9.0
step 7650 	 return [0.         0.00030163 0.00229052 0.00166458 0.00328249 0.00865678
 0.00129824], ([0.         0.0006034  0.00057031 0.00138053 0.00113431 0.00190177
 0.00186225]) 	 loss 1.682E-01 	 horizons 9.0
step 7740 	 return [0.00078201 0.00212687 0.00100277 0.         0.00127755 0.00153576
 0.        ], ([0.0004771  0.0005723  0.00061018 0.         0.00054329 0.00132404
 0.        ]) 	 loss 1.731E-01 	 horizons 9.0
step 7830 	 return [0.         0.00061885 0.0096255  0.00834362 0.00275084 0.
 0.        ], ([0.         0.00075793 0.0008761  0.00054909 0.0006602  0.
 0.        ]) 	 loss 1.825E-01 	 horizons 9.0
step 7920 	 return [0.         0.         0.00246876 0.00387708 0.00312451 0.00683397
 0.00616374], ([0.         0.         0.0005574  0.00174338 0.0009378  0.00248784
 0.00267308]) 	 loss 1.831E-01 	 horizons 9.0
step 8010 	 return [0.         0.         0.00116298 0.         0.00403392 0.0080517
 0.00827196], ([0.         0.         0.00027349 0.         0.00043819 0.00061953
 0.00093968]) 	 loss 1.771E-01 	 horizons 9.0
step 8100 	 return [0.         0.         0.00926352 0.01089499 0.00277196 0.
 0.        ], ([0.         0.         0.00074628 0.00183821 0.0006663  0.
 0.        ]) 	 loss 1.686E-01 	 horizons 9.0
step 8190 	 return [0.         0.00029079 0.00850897 0.00286971 0.00337237 0.
 0.        ], ([0.0000000e+00 8.7236939e-04 5.5340171e-04 1.7202270e-05 2.8014908e-04
 0.0000000e+00 0.0000000e+00]) 	 loss 1.553E-01 	 horizons 9.0
step 8280 	 return [0.         0.         0.00214426 0.0033797  0.0027206  0.00524758
 0.00868854], ([0.         0.         0.00065048 0.0007262  0.00094541 0.00179088
 0.00188099]) 	 loss 1.579E-01 	 horizons 9.0
step 8370 	 return [0.         0.         0.00241657 0.00496026 0.00632151 0.00156997
 0.00636023], ([0.         0.         0.00056925 0.00109098 0.00118855 0.00240053
 0.00157229]) 	 loss 1.756E-01 	 horizons 9.0
step 8460 	 return [4.2262106e-04 1.6768221e-03 2.5074712e-03 9.9564590e-05 2.7354676e-03
 3.0404392e-03 0.0000000e+00], ([4.3192279e-04 2.6561666e-04 6.8954175e-04 2.9869375e-04 8.5265643e-04
 8.3101644e-05 0.0000000e+00]) 	 loss 1.721E-01 	 horizons 9.0
step 8550 	 return [0.         0.         0.0019686  0.00241519 0.00428063 0.00306354
 0.00741233], ([0.         0.         0.00050745 0.00121272 0.00070291 0.00175966
 0.00169615]) 	 loss 1.502E-01 	 horizons 9.0
step 8640 	 return [0.         0.         0.00681379 0.01438258 0.00400202 0.
 0.        ], ([0.         0.         0.00045436 0.00012026 0.00032874 0.
 0.        ]) 	 loss 1.583E-01 	 horizons 9.0
step 8730 	 return [0.         0.00143923 0.00190895 0.         0.00376523 0.00478509
 0.        ], ([0.0000000e+00 2.9136132e-05 4.6075354e-04 0.0000000e+00 1.2317729e-04
 1.7290504e-03 0.0000000e+00]) 	 loss 1.441E-01 	 horizons 9.0
step 8820 	 return [7.2662765e-04 1.8401280e-03 2.4636814e-03 9.3756767e-05 2.2083756e-03
 3.0120271e-03 0.0000000e+00], ([0.00036331 0.00032058 0.00093873 0.00028127 0.0005903  0.00010506
 0.        ]) 	 loss 1.462E-01 	 horizons 9.0
step 8910 	 return [0.         0.00330662 0.00652667 0.0001905  0.00060865 0.00182502
 0.        ], ([0.         0.00082739 0.00041868 0.00029144 0.00010521 0.00039492
 0.        ]) 	 loss 1.536E-01 	 horizons 9.0
step 9000 	 return [0.00037658 0.00205297 0.00423232 0.0004196  0.00246989 0.00271112
 0.        ], ([0.00059862 0.00072285 0.00165161 0.000514   0.00100007 0.00047252
 0.        ]) 	 loss 1.531E-01 	 horizons 9.0
step 9090 	 return [0.         0.00077356 0.00586728 0.00640394 0.00280484 0.00448398
 0.00150757], ([0.         0.00077356 0.00289311 0.00189149 0.0001635  0.00448599
 0.00230299]) 	 loss 1.629E-01 	 horizons 9.0
step 9180 	 return [0.00343365 0.00262847 0.00370539 0.0008476  0.00112121 0.00234286
 0.        ], ([2.1022603e-05 4.2293657e-04 4.6178649e-04 2.8397955e-04 9.5138399e-05
 6.9792190e-04 0.0000000e+00]) 	 loss 1.396E-01 	 horizons 9.0
step 9270 	 return [0.         0.         0.0086915  0.01368724 0.00211726 0.
 0.        ], ([0.         0.         0.00118974 0.00099206 0.00138946 0.
 0.        ]) 	 loss 1.276E-01 	 horizons 9.0
step 9360 	 return [0.         0.         0.00119841 0.0003058  0.00398284 0.01004778
 0.00651925], ([0.         0.         0.00044976 0.00091739 0.00042568 0.00082663
 0.00072032]) 	 loss 1.306E-01 	 horizons 9.0
step 9450 	 return [0.         0.         0.00414631 0.01567489 0.00400506 0.00073142
 0.        ], ([0.         0.         0.00071419 0.00147725 0.00035013 0.00219425
 0.        ]) 	 loss 1.176E-01 	 horizons 9.0
step 9540 	 return [0.00245723 0.0018644  0.00307038 0.00076298 0.00130849 0.00242386
 0.        ], ([0.00148712 0.00095535 0.00157528 0.00038515 0.00048481 0.00076921
 0.        ]) 	 loss 1.387E-01 	 horizons 9.0
step 9630 	 return [0.         0.0004761  0.00974405 0.00039736 0.00248093 0.00069916
 0.        ], ([0.         0.00063891 0.00086087 0.00063062 0.00070228 0.00106798
 0.        ]) 	 loss 1.437E-01 	 horizons 9.0
step 9720 	 return [0.         0.         0.0015221  0.00063026 0.00354404 0.00500515
 0.01061941], ([0.         0.         0.00054643 0.00126324 0.00092125 0.00093902
 0.00206326]) 	 loss 1.612E-01 	 horizons 9.0
step 9810 	 return [0.         0.00093003 0.00774354 0.00817279 0.00257505 0.00128935
 0.00106821], ([0.         0.00075939 0.00294922 0.00138306 0.00143857 0.00282565
 0.00213932]) 	 loss 1.488E-01 	 horizons 9.0
step 9900 	 return [0.00318736 0.0025204  0.00663479 0.00021159 0.00145485 0.00222329
 0.        ], ([1.0624540e-03 9.8493030e-05 6.8537955e-04 4.2317045e-04 4.5727451e-05
 1.6067301e-05 0.0000000e+00]) 	 loss 1.354E-01 	 horizons 9.0
step 9990 	 return [0.00181207 0.00271238 0.00357591 0.00118118 0.00109595 0.00302817
 0.        ], ([0.00163989 0.00054501 0.00079907 0.00060111 0.00028518 0.00134458
 0.        ]) 	 loss 1.603E-01 	 horizons 9.0
step 10080 	 return [0.00050902 0.00175908 0.00488435 0.00338944 0.00122429 0.00576411
 0.        ], ([0.00025457 0.00012298 0.00148431 0.00073924 0.0011094  0.00288372
 0.        ]) 	 loss 1.289E-01 	 horizons 9.0
step 10170 	 return [0.         0.         0.00236935 0.00316922 0.00158124 0.00623018
 0.00992099], ([0.         0.         0.00075444 0.00011882 0.00034311 0.00087251
 0.00124004]) 	 loss 1.471E-01 	 horizons 9.0
step 10260 	 return [0.         0.         0.0027353  0.00329712 0.00288891 0.00717375
 0.00828953], ([0.         0.         0.00063572 0.00013355 0.00113815 0.00087678
 0.00133704]) 	 loss 1.205E-01 	 horizons 9.0
step 10350 	 return [0.         0.         0.00237584 0.00518979 0.00359018 0.00665338
 0.00591723], ([0.         0.         0.00052286 0.00119089 0.00119249 0.00156605
 0.00212637]) 	 loss 1.192E-01 	 horizons 9.0
step 10440 	 return [0.         0.00263478 0.00773492 0.00535057 0.00289438 0.00075529
 0.        ], ([0.         0.00057327 0.00157059 0.00048968 0.00032742 0.00226587
 0.        ]) 	 loss 1.166E-01 	 horizons 9.0
step 10530 	 return [0.         0.         0.00166723 0.00310478 0.00181673 0.00560099
 0.01248682], ([0.0000000e+00 0.0000000e+00 1.2807929e-04 6.4500280e-05 4.5788103e-05
 6.4952334e-04 5.3391524e-04]) 	 loss 9.859E-02 	 horizons 9.0
step 10620 	 return [0.00035662 0.00118562 0.0026921  0.00181354 0.00206102 0.00816767
 0.0003453 ], ([0.00044704 0.00079398 0.00064083 0.00148208 0.00159828 0.00128188
 0.00069059]) 	 loss 1.219E-01 	 horizons 9.0
step 10710 	 return [0.         0.         0.00240874 0.00523312 0.00564249 0.00385775
 0.00653355], ([0.         0.         0.00054093 0.00108637 0.00107414 0.00145776
 0.00102148]) 	 loss 1.111E-01 	 horizons 9.0
step 10800 	 return [0.         0.         0.00216429 0.00564436 0.00503774 0.00604284
 0.00677947], ([0.         0.         0.00032631 0.00078637 0.00164557 0.00167862
 0.0016483 ]) 	 loss 8.913E-02 	 horizons 9.0
step 10890 	 return [0.         0.         0.01143886 0.00066658 0.00177734 0.00190377
 0.        ], ([0.         0.         0.00093994 0.00136622 0.0004791  0.00095192
 0.        ]) 	 loss 1.072E-01 	 horizons 9.0
step 10980 	 return [0.00314362 0.00235256 0.00382973 0.00078421 0.00129464 0.00308322
 0.        ], ([0.00084447 0.00019765 0.00034487 0.00039291 0.00029269 0.0009993
 0.        ]) 	 loss 1.004E-01 	 horizons 9.0
step 11070 	 return [0.         0.         0.0030832  0.00299329 0.00273444 0.00577428
 0.0094289 ], ([0.         0.         0.00017948 0.00099776 0.00039432 0.00084256
 0.0004584 ]) 	 loss 9.445E-02 	 horizons 9.0
step 11160 	 return [0.         0.         0.00161939 0.00277495 0.00183335 0.00549303
 0.01249294], ([0.0000000e+00 0.0000000e+00 1.5458359e-05 9.2498376e-04 9.5656025e-05
 3.2562760e-04 5.1555969e-04]) 	 loss 8.696E-02 	 horizons 9.0
step 11250 	 return [0.         0.         0.00302399 0.00355257 0.00291334 0.00878206
 0.00665014], ([0.0000000e+00 0.0000000e+00 3.3212951e-04 7.0583774e-04 5.8466379e-05
 4.6778668e-04 5.8952923e-04]) 	 loss 8.204E-02 	 horizons 9.0
step 11340 	 return [0.00343958 0.0024197  0.00421271 0.00080008 0.00126499 0.00264794
 0.        ], ([3.4645069e-05 2.9945788e-05 9.1252947e-04 4.0012645e-04 7.9933299e-05
 2.8127912e-04 0.0000000e+00]) 	 loss 6.970E-02 	 horizons 9.0
step 11430 	 return [0.         0.00154519 0.01004735 0.00580082 0.00299762 0.
 0.        ], ([0.0000000e+00 9.7670709e-06 4.8873835e-04 7.7273999e-04 2.2301621e-05
 0.0000000e+00 0.0000000e+00]) 	 loss 8.921E-02 	 horizons 9.0
step 11520 	 return [0.         0.         0.00661671 0.01340354 0.00294512 0.
 0.00253636], ([0.         0.         0.00112355 0.00136675 0.00139687 0.
 0.00166044]) 	 loss 8.868E-02 	 horizons 9.0
step 11610 	 return [3.5196170e-03 4.2907437e-03 3.9119646e-03 5.8357989e-05 5.1327777e-04
 1.1107143e-03 0.0000000e+00], ([3.2630514e-06 2.6283477e-04 6.1170096e-05 1.7507396e-04 3.2180636e-05
 5.2216701e-04 0.0000000e+00]) 	 loss 9.210E-02 	 horizons 9.0
step 11700 	 return [0.         0.         0.01144433 0.00053861 0.00225429 0.00094809
 0.        ], ([0.         0.         0.00111694 0.0010773  0.00058938 0.00116119
 0.        ]) 	 loss 8.673E-02 	 horizons 9.0
step 11790 	 return [0.00177573 0.00309229 0.00295566 0.00097797 0.00118279 0.00257806
 0.        ], ([9.4501680e-04 3.4552431e-04 3.8669660e-04 2.1433727e-05 4.7362355e-05
 1.1057629e-04 0.0000000e+00]) 	 loss 1.026E-01 	 horizons 9.0
step 11880 	 return [0.00020272 0.00110674 0.01064427 0.00371552 0.00259999 0.
 0.        ], ([0.00060815 0.00118142 0.00146997 0.00106206 0.00025597 0.
 0.        ]) 	 loss 7.505E-02 	 horizons 9.0
step 11970 	 return [0.         0.00146396 0.0033269  0.00557324 0.00196347 0.00755291
 0.        ], ([0.000000e+00 0.000000e+00 0.000000e+00 4.656613e-10 0.000000e+00
 4.656613e-10 0.000000e+00]) 	 loss 7.200E-02 	 horizons 9.0
step 12060 	 return [0.0021433  0.00232645 0.0080685  0.00032082 0.00146165 0.00227024
 0.        ], ([4.6632806e-04 5.3924305e-05 6.6717662e-04 4.9006048e-04 5.0601073e-05
 2.0270223e-05 0.0000000e+00]) 	 loss 6.507E-02 	 horizons 9.0
step 12150 	 return [0.         0.         0.00743036 0.01448967 0.00205585 0.
 0.00108701], ([0.         0.         0.00112596 0.001334   0.00152575 0.
 0.00166044]) 	 loss 6.071E-02 	 horizons 9.0
step 12240 	 return [0.         0.00154955 0.01014606 0.00580663 0.00300531 0.
 0.        ], ([0.0000000e+00 6.5475615e-06 4.9150648e-04 7.7074365e-04 2.0308657e-05
 0.0000000e+00 0.0000000e+00]) 	 loss 7.016E-02 	 horizons 9.0
step 12330 	 return [0.00067311 0.00185505 0.00413254 0.00021197 0.00244331 0.00291112
 0.        ], ([0.00047217 0.00029058 0.00134606 0.00042396 0.00053847 0.00035202
 0.        ]) 	 loss 6.380E-02 	 horizons 9.0
step 12420 	 return [0.         0.         0.00303321 0.00356403 0.00307354 0.00740276
 0.00766884], ([0.0000000e+00 0.0000000e+00 3.3221487e-04 7.1264018e-04 4.1654166e-05
 7.6516626e-05 4.7403875e-05]) 	 loss 6.052E-02 	 horizons 9.0
step 12510 	 return [0.         0.         0.01066036 0.00892028 0.00210164 0.
 0.        ], ([0.         0.         0.00055888 0.00087031 0.00108666 0.
 0.        ]) 	 loss 6.915E-02 	 horizons 9.0
step 12600 	 return [0.00028023 0.00156036 0.00337672 0.00029821 0.00266265 0.00640018
 0.        ], ([0.00035791 0.00018875 0.00042455 0.00089462 0.00099864 0.00086417
 0.        ]) 	 loss 6.215E-02 	 horizons 9.0
step 12690 	 return [0.00362489 0.00381336 0.00251639 0.0004286  0.00049815 0.00082152
 0.        ], ([0.00063732 0.00056206 0.0007009  0.00029685 0.00017387 0.00014827
 0.        ]) 	 loss 6.286E-02 	 horizons 9.0
step 12780 	 return [0.00019019 0.00235825 0.00573605 0.00160033 0.00115582 0.0036755
 0.        ], ([0.00029052 0.00036739 0.00122143 0.00111275 0.00032941 0.00228388
 0.        ]) 	 loss 5.739E-02 	 horizons 9.0
step 12870 	 return [0.00406041 0.00313021 0.00260504 0.0005002  0.00063384 0.00170857
 0.        ], ([0.00036399 0.00039209 0.00045726 0.00035276 0.00025039 0.00069425
 0.        ]) 	 loss 5.639E-02 	 horizons 9.0
step 12960 	 return [0.00085971 0.00341985 0.00575046 0.0006878  0.00069452 0.00156013
 0.        ], ([1.3968144e-03 6.7184606e-05 1.4234530e-03 2.7165600e-04 3.2360936e-04
 3.0979363e-04 0.0000000e+00]) 	 loss 6.289E-02 	 horizons 9.0
step 13050 	 return [0.         0.         0.00804876 0.01470439 0.00142098 0.
 0.00072467], ([0.         0.         0.00124359 0.00123383 0.0012193  0.
 0.00144935]) 	 loss 8.861E-02 	 horizons 9.0
step 13140 	 return [0.         0.00152559 0.00296926 0.00304297 0.00159769 0.01039074
 0.        ], ([0.0000000e+00 2.3051800e-05 1.6408940e-04 8.6359432e-05 2.0807904e-04
 2.1616214e-04 0.0000000e+00]) 	 loss 7.021E-02 	 horizons 9.0
step 13230 	 return [0.00353915 0.00248562 0.00570873 0.00095213 0.0013749  0.00219833
 0.        ], ([1.0439660e-06 8.6235821e-07 3.3191853e-04 3.1737791e-04 3.3786750e-05
 9.5722735e-06 0.0000000e+00]) 	 loss 6.850E-02 	 horizons 9.0
step 13320 	 return [0.         0.         0.00699646 0.01463639 0.00345155 0.
 0.        ], ([0.         0.         0.00066825 0.00042745 0.0013201  0.
 0.        ]) 	 loss 6.958E-02 	 horizons 9.0
step 13410 	 return [0.         0.         0.01019621 0.01014807 0.00101808 0.
 0.        ], ([0.         0.         0.00041238 0.00112333 0.00065709 0.
 0.        ]) 	 loss 5.821E-02 	 horizons 9.0
step 13500 	 return [0.         0.         0.00162454 0.00308328 0.00180146 0.00538449
 0.01266479], ([0.0000000e+00 0.0000000e+00 1.1641532e-10 0.0000000e+00 0.0000000e+00
 4.6566129e-10 0.0000000e+00]) 	 loss 7.063E-02 	 horizons 9.0
step 13590 	 return [0.         0.         0.00225593 0.00521614 0.00289683 0.01009822
 0.00621839], ([0.         0.         0.0004455  0.00094346 0.00040777 0.00145817
 0.00178533]) 	 loss 6.147E-02 	 horizons 9.0
step 13680 	 return [0.00084624 0.0018364  0.00295269 0.00300831 0.00047157 0.0070185
 0.        ], ([3.0020424e-04 1.2229510e-04 4.4340789e-04 7.5259777e-05 4.9672223e-04
 5.3336800e-05 0.0000000e+00]) 	 loss 5.885E-02 	 horizons 9.0
step 13770 	 return [0.         0.         0.0021988  0.00581786 0.00736691 0.
 0.00808868], ([0.         0.         0.00037006 0.00071567 0.0005893  0.
 0.00107245]) 	 loss 4.204E-02 	 horizons 9.0
step 13860 	 return [0.         0.         0.00214437 0.00545206 0.00310512 0.01063925
 0.00540082], ([0.0000000e+00 0.0000000e+00 3.3322838e-04 7.0849544e-04 1.3480126e-05
 1.0858240e-03 7.5122673e-04]) 	 loss 4.764E-02 	 horizons 9.0
step 13950 	 return [0.         0.         0.00201248 0.00317291 0.00280025 0.00830044
 0.00885113], ([0.         0.         0.00058946 0.00011328 0.00033846 0.00065456
 0.00080065]) 	 loss 4.290E-02 	 horizons 9.0
step 14040 	 return [0.         0.0034227  0.00674912 0.00019669 0.0005912  0.00184535
 0.        ], ([0.0000000e+00 3.4079902e-05 1.0066421e-04 3.0044271e-04 8.6682099e-05
 6.9636902e-05 0.0000000e+00]) 	 loss 4.494E-02 	 horizons 9.0
step 14130 	 return [0.00158983 0.00241862 0.00803285 0.0005347  0.00144108 0.00226873
 0.        ], ([7.9491595e-04 2.2124575e-04 5.4104812e-04 5.3469982e-04 5.6138564e-05
 1.5350231e-05 0.0000000e+00]) 	 loss 4.979E-02 	 horizons 9.0
step 14220 	 return [0.00149412 0.00200977 0.00448989 0.00257497 0.00085481 0.00573161
 0.        ], ([0.00131422 0.00029734 0.00057774 0.00100665 0.00030417 0.00219281
 0.        ]) 	 loss 5.998E-02 	 horizons 9.0
step 14310 	 return [0.0001268  0.00254486 0.00579861 0.00138197 0.00114804 0.0031623
 0.        ], ([0.00025359 0.00056411 0.00088399 0.00097669 0.00030609 0.00200072
 0.        ]) 	 loss 4.621E-02 	 horizons 9.0
step 14400 	 return [0.         0.00438088 0.00618327 0.0002969  0.00049737 0.0009523
 0.        ], ([0.0000000e+00 5.8979366e-04 7.7784987e-04 2.9689554e-04 7.0387949e-05
 3.4502262e-04 0.0000000e+00]) 	 loss 5.131E-02 	 horizons 9.0
step 14490 	 return [0.         0.         0.00269343 0.00426497 0.00298837 0.00975614
 0.00609179], ([0.0000000e+00 0.0000000e+00 5.3899898e-04 1.1620842e-03 9.8996643e-05
 1.0165778e-03 7.6863397e-04]) 	 loss 6.426E-02 	 horizons 9.0
step 14580 	 return [0.         0.         0.00203758 0.00570579 0.00218679 0.0070563
 0.01022545], ([0.0000000e+00 0.0000000e+00 2.3718611e-07 7.0761070e-07 1.2299748e-05
 8.7418646e-04 5.9068925e-04]) 	 loss 5.193E-02 	 horizons 9.0
step 14670 	 return [0.0037092  0.00414692 0.00411209 0.00023506 0.00048211 0.00085473
 0.        ], ([3.8158486e-04 4.6030621e-04 3.7656975e-04 2.8789768e-04 4.3623262e-05
 1.4834855e-04 0.0000000e+00]) 	 loss 4.848E-02 	 horizons 9.0
step 14760 	 return [0.         0.         0.0020333  0.00568822 0.00310961 0.01100119
 0.00515041], ([0.0000000e+00 0.0000000e+00 0.0000000e+00 0.0000000e+00 2.3283064e-10
 9.3132257e-10 4.6566129e-10]) 	 loss 5.438E-02 	 horizons 9.0
step 14850 	 return [0.         0.         0.00207103 0.00889183 0.00529075 0.0068261
 0.00225092], ([0.0000000e+00 0.0000000e+00 3.2757016e-05 1.5696334e-03 9.6347352e-04
 3.4671635e-04 1.1254601e-03]) 	 loss 5.208E-02 	 horizons 9.0
step 14940 	 return [0.         0.         0.00214853 0.00546846 0.00218091 0.0074149
 0.00994661], ([0.0000000e+00 0.0000000e+00 3.3240081e-04 7.1337685e-04 4.1770374e-05
 6.4107025e-04 3.2357391e-04]) 	 loss 4.651E-02 	 horizons 9.0
step 15030 	 return [0.00040543 0.00238208 0.00863846 0.00437787 0.00224773 0.
 0.        ], ([0.00081087 0.00080895 0.0004169  0.00115253 0.00039443 0.
 0.        ]) 	 loss 4.458E-02 	 horizons 9.0
step 15120 	 return [0.00321992 0.0024412  0.00570413 0.0009418  0.00134988 0.00234254
 0.        ], ([6.3864671e-04 8.8988127e-05 3.3357620e-04 3.1459436e-04 6.4871783e-05
 2.8697474e-04 0.0000000e+00]) 	 loss 4.472E-02 	 horizons 9.0
step 15210 	 return [0.00025221 0.00164687 0.00302593 0.00308159 0.0015351  0.00957127
 0.        ], ([3.0888934e-04 1.3209318e-04 1.6842991e-04 9.9823374e-05 7.9807418e-04
 3.9691135e-04 0.0000000e+00]) 	 loss 5.050E-02 	 horizons 9.0
step 15300 	 return [0.         0.         0.00260888 0.00408923 0.0029928  0.00682164
 0.00922579], ([0.         0.         0.00053886 0.0010597  0.0010985  0.00130924
 0.00095844]) 	 loss 4.262E-02 	 horizons 9.0
step 15390 	 return [0.00119977 0.00193678 0.00312201 0.00281184 0.00040595 0.00672324
 0.        ], ([0.00078655 0.00018423 0.00083542 0.00058836 0.00033076 0.00163306
 0.        ]) 	 loss 3.868E-02 	 horizons 9.0
step 15480 	 return [0.00350706 0.00349788 0.00354206 0.00090242 0.00100584 0.00119208
 0.        ], ([5.6282392e-05 3.9822804e-05 9.1775245e-04 1.2167902e-04 2.7655638e-04
 2.9482815e-04 0.0000000e+00]) 	 loss 3.714E-02 	 horizons 9.0
step 15570 	 return [0.         0.         0.00208873 0.00608495 0.00743802 0.00592586
 0.00368145], ([0.0000000e+00 0.0000000e+00 1.0247591e-05 2.6920610e-05 4.7144448e-04
 1.9893218e-03 1.8510993e-03]) 	 loss 2.791E-02 	 horizons 9.0
step 15660 	 return [0.         0.00148342 0.0043539  0.00324573 0.0017696  0.00880471
 0.        ], ([0.0000000e+00 1.1641532e-10 4.6566129e-10 4.6566129e-10 0.0000000e+00
 0.0000000e+00 0.0000000e+00]) 	 loss 2.730E-02 	 horizons 9.0
step 15750 	 return [0.00101669 0.00413329 0.00513048 0.00058782 0.0008046  0.00149737
 0.        ], ([0.0011611  0.0005608  0.00016416 0.00041062 0.00032541 0.00032618
 0.        ]) 	 loss 1.951E-02 	 horizons 9.0
step 15840 	 return [0.00097855 0.00188423 0.00279872 0.00298208 0.00026727 0.00699402
 0.        ], ([1.1641532e-10 0.0000000e+00 2.3283064e-10 2.3283064e-10 0.0000000e+00
 9.3132257e-10 0.0000000e+00]) 	 loss 2.143E-02 	 horizons 9.0
step 15930 	 return [0.00371857 0.00332465 0.0031021  0.00076576 0.00075453 0.00161668
 0.        ], ([0.00033662 0.00025021 0.00066327 0.00016458 0.00032405 0.00065985
 0.        ]) 	 loss 2.021E-02 	 horizons 9.0
step 16020 	 return [0.00346334 0.00238181 0.00457491 0.001007   0.00124641 0.00171065
 0.        ], ([2.8137652e-05 2.7634131e-05 3.5922107e-04 1.8069923e-05 4.9095990e-05
 5.3570705e-04 0.0000000e+00]) 	 loss 2.475E-02 	 horizons 9.0
step 16110 	 return [0.         0.         0.0031409  0.00332344 0.00301754 0.00784507
 0.00737397], ([0.0000000e+00 0.0000000e+00 4.8273719e-06 4.7854405e-06 7.2011637e-05
 7.0770195e-04 4.2852646e-04]) 	 loss 2.249E-02 	 horizons 9.0
step 16200 	 return [0.         0.         0.00626698 0.01304286 0.00382561 0.
 0.00253636], ([0.         0.         0.00070726 0.00082235 0.00028765 0.
 0.00166044]) 	 loss 2.023E-02 	 horizons 9.0
step 16290 	 return [0.         0.         0.00323476 0.00358712 0.00581721 0.0039617
 0.00723775], ([0.0000000e+00 0.0000000e+00 2.3283064e-10 0.0000000e+00 4.6566129e-10
 0.0000000e+00 0.0000000e+00]) 	 loss 2.326E-02 	 horizons 9.0
step 16380 	 return [0.         0.         0.01013023 0.01343688 0.00102394 0.
 0.        ], ([0.         0.         0.00048653 0.00046258 0.00066383 0.
 0.        ]) 	 loss 1.991E-02 	 horizons 9.0
step 16470 	 return [0.00347918 0.00347823 0.00308378 0.0009652  0.00114839 0.0010527
 0.        ], ([1.9209458e-06 1.9514932e-06 4.6839009e-06 2.6078802e-05 5.4556782e-05
 4.8925027e-05 0.0000000e+00]) 	 loss 2.621E-02 	 horizons 9.0
step 16560 	 return [0.         0.00135571 0.0033465  0.00558027 0.00194989 0.00915529
 0.        ], ([0.0000000e+00 4.5190426e-04 1.9440429e-06 1.8747561e-07 2.0366865e-04
 2.0963141e-06 0.0000000e+00]) 	 loss 2.097E-02 	 horizons 9.0
step 16650 	 return [0.00327747 0.00240337 0.00391362 0.00099753 0.00122255 0.00279331
 0.        ], ([4.4495004e-04 4.6712346e-05 5.5382133e-04 2.9132352e-06 5.3354302e-06
 4.0954332e-05 0.0000000e+00]) 	 loss 1.988E-02 	 horizons 9.0
step 16740 	 return [0.         0.         0.00203721 0.00570471 0.002168   0.00572096
 0.01112774], ([0.000000e+00 0.000000e+00 0.000000e+00 4.656613e-10 0.000000e+00
 4.656613e-10 0.000000e+00]) 	 loss 1.936E-02 	 horizons 9.0
step 16830 	 return [0.         0.         0.0020874  0.00812375 0.00576176 0.00665776
 0.00281365], ([0.000000e+00 0.000000e+00 0.000000e+00 9.313226e-10 0.000000e+00
 0.000000e+00 0.000000e+00]) 	 loss 1.444E-02 	 horizons 9.0
step 16920 	 return [0.00409757 0.0031521  0.00294277 0.00029249 0.00048144 0.00210009
 0.        ], ([2.9189890e-04 4.3746221e-04 4.3499237e-04 2.9249172e-04 5.7181911e-05
 5.2718405e-04 0.0000000e+00]) 	 loss 1.339E-02 	 horizons 9.0
step 17010 	 return [0.00345322 0.00239209 0.00440116 0.00101593 0.00126924 0.00214996
 0.        ], ([3.4590368e-05 4.2638858e-05 5.5549160e-04 2.0277894e-05 5.0158687e-05
 4.9144862e-04 0.0000000e+00]) 	 loss 1.663E-02 	 horizons 9.0
step 17100 	 return [0.00424421 0.00332659 0.00429643 0.         0.00061652 0.00185427
 0.        ], ([3.6255442e-04 3.6439949e-04 2.3447964e-04 0.0000000e+00 3.9092221e-05
 3.7513478e-04 0.0000000e+00]) 	 loss 1.537E-02 	 horizons 9.0
step 17190 	 return [0.00354194 0.00248792 0.00659385 0.00010579 0.00146499 0.00222386
 0.        ], ([1.0439661e-06 8.6235815e-07 3.3191845e-04 3.1737788e-04 3.3786753e-05
 9.5722735e-06 0.0000000e+00]) 	 loss 1.477E-02 	 horizons 9.0
step 17280 	 return [0.         0.         0.00314341 0.00332621 0.00271856 0.0060504
 0.00932441], ([0.0000000e+00 0.0000000e+00 2.3003745e-06 1.9706824e-06 4.1643693e-04
 8.7082211e-04 2.1098445e-04]) 	 loss 1.901E-02 	 horizons 9.0
step 17370 	 return [0.00057058 0.001778   0.00428695 0.00323468 0.00077572 0.00716954
 0.        ], ([1.9019280e-04 1.1232275e-04 1.4982793e-05 2.3462344e-06 3.5570015e-04
 1.7403347e-05 0.0000000e+00]) 	 loss 1.837E-02 	 horizons 9.0
step 17460 	 return [0.0035388  0.00248534 0.00559809 0.00105793 0.00136363 0.00219514
 0.        ], ([0.0000000e+00 2.3283064e-10 4.6566129e-10 1.1641532e-10 1.1641532e-10
 0.0000000e+00 0.0000000e+00]) 	 loss 1.361E-02 	 horizons 9.0
step 17550 	 return [0.0020055  0.00355286 0.00457341 0.00098586 0.00118966 0.00111314
 0.        ], ([7.3731988e-04 3.6825149e-05 7.4364344e-04 3.8135797e-06 6.9958619e-06
 1.7986215e-05 0.0000000e+00]) 	 loss 1.530E-02 	 horizons 9.0
step 17640 	 return [0.         0.         0.01039457 0.01358739 0.00081118 0.
 0.        ], ([0.000000e+00 0.000000e+00 9.313226e-10 0.000000e+00 0.000000e+00
 0.000000e+00 0.000000e+00]) 	 loss 1.338E-02 	 horizons 9.0
step 17730 	 return [0.         0.         0.0103361  0.01327414 0.00125178 0.
 0.        ], ([0.0000000e+00 0.0000000e+00 9.0032794e-05 6.1265536e-04 8.8156544e-04
 0.0000000e+00 0.0000000e+00]) 	 loss 1.190E-02 	 horizons 9.0
step 17820 	 return [0.         0.         0.00203752 0.00570554 0.00228733 0.00743669
 0.00979095], ([0.0000000e+00 0.0000000e+00 6.2570905e-07 2.1410178e-06 2.7747737e-04
 5.7570159e-04 1.4340624e-04]) 	 loss 1.555E-02 	 horizons 9.0
step 17910 	 return [0.         0.         0.00209377 0.00609838 0.00764851 0.0066722
 0.00281773], ([0.000000e+00 0.000000e+00 0.000000e+00 4.656613e-10 4.656613e-10
 4.656613e-10 0.000000e+00]) 	 loss 1.871E-02 	 horizons 9.0
step 18000 	 return [0.00163684 0.00357127 0.00494523 0.00098777 0.00119316 0.00112213
 0.        ], ([0.0000000e+00 0.0000000e+00 4.6566129e-10 1.1641532e-10 1.1641532e-10
 1.1641532e-10 0.0000000e+00]) 	 loss 1.221E-02 	 horizons 9.0
step 18090 	 return [0.         0.         0.00203657 0.00570195 0.00319326 0.00762976
 0.0078106 ], ([0.000000e+00 0.000000e+00 0.000000e+00 4.656613e-10 0.000000e+00
 4.656613e-10 0.000000e+00]) 	 loss 6.383E-03 	 horizons 9.0
step 18180 	 return [0.0008348  0.00179134 0.00274172 0.00089462 0.00175937 0.0042409
 0.        ], ([1.6090045e-04 6.7152032e-05 5.5456953e-04 1.3665593e-03 1.0028982e-03
 1.8024370e-03 0.0000000e+00]) 	 loss 9.892E-03 	 horizons 9.0
step 18270 	 return [0.         0.         0.00206352 0.00602412 0.00604694 0.00401902
 0.007356  ], ([0.0000000e+00 0.0000000e+00 2.3283064e-10 4.6566129e-10 0.0000000e+00
 0.0000000e+00 0.0000000e+00]) 	 loss 5.113E-03 	 horizons 9.0
step 18360 	 return [0.         0.         0.0020874  0.00812375 0.00576176 0.00665776
 0.00281365], ([0.000000e+00 0.000000e+00 0.000000e+00 9.313226e-10 0.000000e+00
 0.000000e+00 0.000000e+00]) 	 loss 9.205E-03 	 horizons 9.0
step 18450 	 return [0.         0.         0.00203773 0.00570625 0.00219484 0.00762859
 0.00983875], ([0.0000000e+00 0.0000000e+00 0.0000000e+00 0.0000000e+00 2.3283064e-10
 4.6566129e-10 9.3132257e-10]) 	 loss 1.363E-02 	 horizons 9.0
step 18540 	 return [0.         0.00153902 0.0028884  0.00300009 0.00218673 0.00989535
 0.        ], ([0.0000000e+00 0.0000000e+00 2.3283064e-10 2.3283064e-10 2.3283064e-10
 9.3132257e-10 0.0000000e+00]) 	 loss 9.432E-03 	 horizons 9.0
step 18630 	 return [0.         0.0015507  0.0098718  0.00632268 0.00299712 0.
 0.        ], ([0.0000000e+00 2.3469474e-06 7.4148411e-04 1.1757778e-03 2.7564161e-05
 0.0000000e+00 0.0000000e+00]) 	 loss 1.076E-02 	 horizons 9.0
step 18720 	 return [0.         0.00292137 0.00843146 0.00550621 0.00295888 0.
 0.        ], ([0.0000000e+00 2.3283064e-10 0.0000000e+00 0.0000000e+00 0.0000000e+00
 0.0000000e+00 0.0000000e+00]) 	 loss 4.107E-03 	 horizons 9.0
step 18810 	 return [0.00162174 0.00218264 0.0090487  0.00498501 0.00287896 0.
 0.        ], ([0.00081087 0.00031829 0.0012636  0.00103932 0.00015707 0.
 0.        ]) 	 loss 7.921E-03 	 horizons 9.0
step 18900 	 return [0.00163684 0.00357127 0.00494523 0.00098777 0.00119316 0.00112213
 0.        ], ([0.0000000e+00 0.0000000e+00 4.6566129e-10 1.1641532e-10 1.1641532e-10
 1.1641532e-10 0.0000000e+00]) 	 loss 7.570E-03 	 horizons 9.0
step 18990 	 return [0.0040645  0.00356197 0.00459166 0.0003534  0.00049141 0.0009846
 0.        ], ([6.6828041e-04 5.3516217e-04 4.0014123e-04 2.8856532e-04 8.2440172e-05
 4.5912218e-04 0.0000000e+00]) 	 loss 1.062E-02 	 horizons 9.0
step 19080 	 return [0.00361957 0.00357743 0.00537755 0.00066436 0.00046291 0.00177408
 0.        ], ([0.000000e+00 4.656613e-10 0.000000e+00 5.820766e-11 0.000000e+00
 0.000000e+00 0.000000e+00]) 	 loss 9.925E-03 	 horizons 9.0
step 19170 	 return [0.00063398 0.00181544 0.00428195 0.0032339  0.00065715 0.00716374
 0.        ], ([0.0000000e+00 2.3283064e-10 4.6566129e-10 0.0000000e+00 5.8207661e-11
 0.0000000e+00 0.0000000e+00]) 	 loss 6.126E-03 	 horizons 9.0
step 19260 	 return [0.         0.         0.0020874  0.00812375 0.00576176 0.00665776
 0.00281365], ([0.000000e+00 0.000000e+00 0.000000e+00 9.313226e-10 0.000000e+00
 0.000000e+00 0.000000e+00]) 	 loss 1.036E-02 	 horizons 9.0
step 19350 	 return [0.00354159 0.00248764 0.00648321 0.00021159 0.00145373 0.00222067
 0.        ], ([1.3919547e-06 1.1498108e-06 4.4255797e-04 4.2317048e-04 4.5049004e-05
 1.2763031e-05 0.0000000e+00]) 	 loss 4.726E-03 	 horizons 9.0
step 19440 	 return [0.00446764 0.00322101 0.0048188  0.00053254 0.00045148 0.00081111
 0.        ], ([1.4052121e-05 1.5991694e-05 1.3578097e-04 1.7751318e-04 6.1288243e-05
 3.5116341e-04 0.0000000e+00]) 	 loss 8.038E-03 	 horizons 9.0
step 19530 	 return [0.         0.         0.00323476 0.00358712 0.00581721 0.0039617
 0.00723775], ([0.0000000e+00 0.0000000e+00 2.3283064e-10 0.0000000e+00 4.6566129e-10
 0.0000000e+00 0.0000000e+00]) 	 loss 5.906E-03 	 horizons 9.0
step 19620 	 return [0.00336448 0.00353146 0.00299426 0.00097652 0.00117239 0.00106986
 0.        ], ([3.4695803e-04 1.5675348e-04 2.7558563e-04 5.1471175e-06 9.8283754e-06
 2.1900411e-05 0.0000000e+00]) 	 loss 6.409E-03 	 horizons 9.0
step 19710 	 return [0.         0.         0.0031273  0.0035928  0.00606287 0.00379614
 0.00710469], ([0.0000000e+00 0.0000000e+00 3.2238112e-04 1.7035381e-05 7.3700619e-04
 4.9667229e-04 3.9917277e-04]) 	 loss 5.152E-03 	 horizons 9.0
step 19800 	 return [0.         0.         0.00228736 0.00540899 0.00488934 0.00619666
 0.00683133], ([0.         0.         0.00047387 0.00092246 0.0013893  0.00136395
 0.00098789]) 	 loss 1.197E-02 	 horizons 9.0
step 19890 	 return [0.         0.         0.00316976 0.00340358 0.00383899 0.00502473
 0.00860173], ([0.0000000e+00 0.0000000e+00 4.2549458e-05 1.2015765e-04 1.2950459e-03
 6.9591560e-04 8.9293026e-04]) 	 loss 4.888E-03 	 horizons 9.0
step 19980 	 return [0.         0.         0.01020403 0.00820968 0.0029889  0.
 0.        ], ([0. 0. 0. 0. 0. 0. 0.]) 	 loss 7.360E-03 	 horizons 9.0
step 20070 	 return [0.         0.         0.00323476 0.00358712 0.00581721 0.0039617
 0.00723775], ([0.0000000e+00 0.0000000e+00 2.3283064e-10 0.0000000e+00 4.6566129e-10
 0.0000000e+00 0.0000000e+00]) 	 loss 8.957E-03 	 horizons 9.0
step 20160 	 return [0.00342579 0.00241894 0.00372901 0.00099656 0.00122077 0.00277966
 0.        ], ([0.0000000e+00 2.3283064e-10 2.3283064e-10 1.1641532e-10 1.1641532e-10
 2.3283064e-10 0.0000000e+00]) 	 loss 4.977E-03 	 horizons 9.0
step 20250 	 return [0.00348492 0.00316974 0.00362835 0.00095142 0.00111507 0.00149168
 0.        ], ([5.0408678e-05 4.9500447e-04 8.0879091e-04 9.5956784e-05 2.1809510e-04
 6.7574397e-04 0.0000000e+00]) 	 loss 2.727E-03 	 horizons 9.0
step 20340 	 return [0.00385776 0.00321191 0.00262163 0.00096941 0.00115885 0.00103983
 0.        ], ([3.7762278e-04 2.6729493e-04 4.6448701e-04 8.8287643e-06 1.6814796e-05
 3.7335267e-05 0.0000000e+00]) 	 loss 2.822E-03 	 horizons 9.0
step 20430 	 return [0.00348014 0.00347921 0.00308612 0.00097824 0.00117567 0.00107716
 0.        ], ([2.3283064e-10 0.0000000e+00 0.0000000e+00 1.1641532e-10 0.0000000e+00
 0.0000000e+00 0.0000000e+00]) 	 loss 2.266E-03 	 horizons 9.0
step 20520 	 return [0.00354228 0.00248821 0.00670449 0.         0.00147626 0.00222705
 0.        ], ([4.6566129e-10 0.0000000e+00 4.6566129e-10 0.0000000e+00 1.1641532e-10
 2.3283064e-10 0.0000000e+00]) 	 loss 3.081E-03 	 horizons 9.0
step 20610 	 return [0.         0.         0.0028351  0.00339572 0.00385584 0.00701936
 0.0075243 ], ([0.         0.         0.00047195 0.00010563 0.00120851 0.0005536
 0.00019889]) 	 loss 2.905E-03 	 horizons 9.0
step 20700 	 return [0.         0.         0.0020874  0.00812375 0.00576176 0.00665776
 0.00281365], ([0.000000e+00 0.000000e+00 0.000000e+00 9.313226e-10 0.000000e+00
 0.000000e+00 0.000000e+00]) 	 loss 4.268E-03 	 horizons 9.0
step 20790 	 return [0.00019866 0.0028066  0.00783372 0.00074888 0.00141952 0.00226484
 0.        ], ([5.9596635e-04 1.6640525e-04 5.0158147e-04 4.9025711e-04 5.1667597e-05
 1.4739372e-05 0.0000000e+00]) 	 loss 3.082E-03 	 horizons 9.0
step 20880 	 return [0.00424682 0.00295889 0.00274953 0.         0.0005311  0.00240019
 0.        ], ([4.6566129e-10 2.3283064e-10 2.3283064e-10 0.0000000e+00 5.8207661e-11
 2.3283064e-10 0.0000000e+00]) 	 loss 4.939E-03 	 horizons 9.0
step 20970 	 return [0.         0.00146396 0.0033269  0.00557324 0.00196347 0.00755291
 0.        ], ([0.000000e+00 0.000000e+00 0.000000e+00 4.656613e-10 0.000000e+00
 4.656613e-10 0.000000e+00]) 	 loss 2.995E-03 	 horizons 9.0
step 21060 	 return [0.00378223 0.00326537 0.00271453 0.00097117 0.00116221 0.00104729
 0.        ], ([3.6999327e-04 2.6189449e-04 4.5510248e-04 8.6503860e-06 1.6475067e-05
 3.6580943e-05 0.0000000e+00]) 	 loss 2.499E-03 	 horizons 9.0
step 21150 	 return [0.0035388  0.00248534 0.00559809 0.00105793 0.00136363 0.00219514
 0.        ], ([0.0000000e+00 2.3283064e-10 4.6566129e-10 1.1641532e-10 1.1641532e-10
 0.0000000e+00 0.0000000e+00]) 	 loss 2.051E-03 	 horizons 9.0
step 21240 	 return [0.         0.         0.00314406 0.00332657 0.00306468 0.00738178
 0.0076545 ], ([0.0000000e+00 0.0000000e+00 2.3283064e-10 2.3283064e-10 0.0000000e+00
 0.0000000e+00 0.0000000e+00]) 	 loss 2.762E-03 	 horizons 9.0
step 21330 	 return [0.         0.         0.00276189 0.00350168 0.00462972 0.00451743
 0.00904574], ([0.         0.         0.00052352 0.00011593 0.00112883 0.00063882
 0.0012697 ]) 	 loss 2.308E-03 	 horizons 9.0
step 21420 	 return [0.00162174 0.00245501 0.00867679 0.0049815  0.00287272 0.
 0.        ], ([0.00081087 0.00022644 0.00051977 0.00104633 0.00016954 0.
 0.        ]) 	 loss 2.082E-03 	 horizons 9.0
step 21510 	 return [0.00454116 0.00343958 0.00373021 0.         0.00042708 0.
 0.        ], ([4.6566129e-10 0.0000000e+00 2.3283064e-10 0.0000000e+00 2.9103830e-11
 0.0000000e+00 0.0000000e+00]) 	 loss 1.974E-03 	 horizons 9.0
step 21600 	 return [4.5224139e-03 3.4159296e-03 3.5691313e-03 0.0000000e+00 4.3240841e-04
 8.9560737e-05 0.0000000e+00], ([5.6233497e-05 7.0954207e-05 4.8323895e-04 0.0000000e+00 1.5999440e-05
 2.6868220e-04 0.0000000e+00]) 	 loss 1.607E-03 	 horizons 9.0
step 21690 	 return [0.         0.00237371 0.00920176 0.00552491 0.00298139 0.
 0.        ], ([0.0000000e+00 6.7073264e-04 9.4342540e-04 2.2901620e-05 2.7574335e-05
 0.0000000e+00 0.0000000e+00]) 	 loss 1.378E-03 	 horizons 9.0
step 21780 	 return [0.00447233 0.00322634 0.00486406 0.00059171 0.00043105 0.00069405
 0.        ], ([4.656613e-10 0.000000e+00 4.656613e-10 5.820766e-11 5.820766e-11
 5.820766e-11 0.000000e+00]) 	 loss 1.625E-03 	 horizons 9.0
step 21870 	 return [0.         0.         0.00212223 0.00357016 0.004968   0.00421207
 0.01029631], ([0.000000e+00 0.000000e+00 0.000000e+00 4.656613e-10 0.000000e+00
 0.000000e+00 0.000000e+00]) 	 loss 1.503E-03 	 horizons 9.0
step 21960 	 return [0.         0.         0.00203657 0.00570195 0.00319326 0.00762976
 0.0078106 ], ([0.000000e+00 0.000000e+00 0.000000e+00 4.656613e-10 0.000000e+00
 4.656613e-10 0.000000e+00]) 	 loss 1.620E-03 	 horizons 9.0
step 22050 	 return [0.         0.00278445 0.00862403 0.00551088 0.00296451 0.
 0.        ], ([0.0000000e+00 4.1073817e-04 5.7772768e-04 1.4024319e-05 1.6885760e-05
 0.0000000e+00 0.0000000e+00]) 	 loss 1.522E-03 	 horizons 9.0
step 22140 	 return [0.00275294 0.00248468 0.00341322 0.0008923  0.00136106 0.00273992
 0.        ], ([0.00102461 0.00042793 0.00043436 0.00029751 0.00045068 0.00015622
 0.        ]) 	 loss 1.412E-03 	 horizons 9.0
step 22230 	 return [0.00433465 0.00320596 0.00434381 0.         0.00062829 0.00194319
 0.        ], ([2.7250420e-04 9.8775425e-05 2.0294543e-04 0.0000000e+00 2.1186450e-05
 2.3577454e-04 0.0000000e+00]) 	 loss 1.193E-03 	 horizons 9.0
step 22320 	 return [0.00295784 0.00235136 0.00533486 0.00149312 0.00122234 0.00318886
 0.        ], ([0.00116193 0.00026796 0.00052645 0.00087039 0.00028259 0.00198744
 0.        ]) 	 loss 1.781E-03 	 horizons 9.0
step 22410 	 return [0.00342649 0.00241952 0.00395531 0.00079724 0.00124329 0.00278888
 0.        ], ([1.3920477e-06 1.1499041e-06 4.5261279e-04 3.9862236e-04 4.5049004e-05
 1.8435530e-05 0.0000000e+00]) 	 loss 1.960E-03 	 horizons 9.0
step 22500 	 return [0.00442549 0.00317303 0.00441146 0.         0.00063535 0.0018646
 0.        ], ([0. 0. 0. 0. 0. 0. 0.]) 	 loss 1.747E-03 	 horizons 9.0
step 22590 	 return [0.00361885 0.00357823 0.00535936 0.         0.00069331 0.00215152
 0.        ], ([3.3903889e-05 2.5315652e-05 5.4146245e-04 0.0000000e+00 4.2860302e-05
 1.6632957e-04 0.0000000e+00]) 	 loss 1.938E-03 	 horizons 9.0
step 22680 	 return [0.00198623 0.00230703 0.00748378 0.00106922 0.00138459 0.00225244
 0.        ], ([9.7383736e-07 1.1025695e-06 2.5273395e-05 5.2882831e-07 1.0582852e-06
 3.9684815e-06 0.0000000e+00]) 	 loss 3.580E-03 	 horizons 9.0
step 22770 	 return [0.00344798 0.00346653 0.00336769 0.00046962 0.00071511 0.00208158
 0.        ], ([1.5406896e-04 8.4620966e-05 1.1506685e-03 4.0797074e-04 2.9491258e-04
 5.4133910e-04 0.0000000e+00]) 	 loss 6.934E-03 	 horizons 9.0
step 22860 	 return [0.         0.         0.00203657 0.00570195 0.00319326 0.00762976
 0.0078106 ], ([0.000000e+00 0.000000e+00 0.000000e+00 4.656613e-10 0.000000e+00
 4.656613e-10 0.000000e+00]) 	 loss 6.129E-03 	 horizons 9.0
step 22950 	 return [0.         0.         0.00322557 0.00354384 0.00473635 0.00286751
 0.00978861], ([0.00000000e+00 0.00000000e+00 4.20199976e-05 1.09531225e-04
 8.99380306e-04 1.43374980e-03 9.61630489e-04]) 	 loss 4.738E-03 	 horizons 9.0
step 23040 	 return [0.002141   0.00232425 0.0073867  0.00096078 0.00139302 0.00224712
 0.        ], ([4.6593716e-04 5.3726970e-05 6.8480830e-04 3.2027831e-04 3.5388828e-05
 2.1304893e-05 0.0000000e+00]) 	 loss 2.921E-03 	 horizons 9.0
step 23130 	 return [0.00454116 0.00343958 0.00373021 0.         0.00042708 0.
 0.        ], ([4.6566129e-10 0.0000000e+00 2.3283064e-10 0.0000000e+00 2.9103830e-11
 0.0000000e+00 0.0000000e+00]) 	 loss 7.600E-03 	 horizons 9.0
step 23220 	 return [0.00063398 0.00181544 0.00428195 0.0032339  0.00065715 0.00716374
 0.        ], ([0.0000000e+00 2.3283064e-10 4.6566129e-10 0.0000000e+00 5.8207661e-11
 0.0000000e+00 0.0000000e+00]) 	 loss 3.971E-03 	 horizons 9.0
step 23310 	 return [0.         0.         0.00203692 0.00570324 0.00289373 0.00762941
 0.00841904], ([0.0000000e+00 0.0000000e+00 5.3337533e-07 1.9687620e-06 4.5753425e-04
 5.3732361e-07 9.2941656e-04]) 	 loss 2.586E-03 	 horizons 9.0
step 23400 	 return [0.         0.         0.00365101 0.00640405 0.0030983  0.00748355
 0.00136462], ([0.         0.         0.00269086 0.00110767 0.00145405 0.0027291
 0.00178061]) 	 loss 2.267E-03 	 horizons 9.0
step 23490 	 return [0.0042402  0.00295325 0.00270279 0.00058533 0.00042473 0.00202407
 0.        ], ([4.6566129e-10 0.0000000e+00 2.3283064e-10 5.8207661e-11 2.9103830e-11
 2.3283064e-10 0.0000000e+00]) 	 loss 1.047E-02 	 horizons 9.0
step 23580 	 return [0.         0.         0.00323476 0.00358712 0.00581721 0.0039617
 0.00723775], ([0.0000000e+00 0.0000000e+00 2.3283064e-10 0.0000000e+00 4.6566129e-10
 0.0000000e+00 0.0000000e+00]) 	 loss 5.620E-03 	 horizons 9.0
step 23670 	 return [0.         0.         0.00203585 0.00569907 0.00306199 0.00794623
 0.00781882], ([0.0000000e+00 0.0000000e+00 1.7697857e-06 6.9602197e-06 2.9562024e-04
 6.3323235e-04 7.7498762e-04]) 	 loss 4.333E-03 	 horizons 9.0
step 23760 	 return [0.00363015 0.00358667 0.00553985 0.         0.00070759 0.00209608
 0.        ], ([2.3283064e-10 2.3283064e-10 0.0000000e+00 0.0000000e+00 5.8207661e-11
 2.3283064e-10 0.0000000e+00]) 	 loss 1.834E-03 	 horizons 9.0
step 23850 	 return [0.00424682 0.00295889 0.00274953 0.         0.0005311  0.00240019
 0.        ], ([4.6566129e-10 2.3283064e-10 2.3283064e-10 0.0000000e+00 5.8207661e-11
 2.3283064e-10 0.0000000e+00]) 	 loss 2.611E-03 	 horizons 9.0
step 23940 	 return [0.         0.00292137 0.00843146 0.00550621 0.00295888 0.
 0.        ], ([0.0000000e+00 2.3283064e-10 0.0000000e+00 0.0000000e+00 0.0000000e+00
 0.0000000e+00 0.0000000e+00]) 	 loss 1.809E-03 	 horizons 9.0
step 24030 	 return [0.00354228 0.00248821 0.00670449 0.         0.00147626 0.00222705
 0.        ], ([4.6566129e-10 0.0000000e+00 4.6566129e-10 0.0000000e+00 1.1641532e-10
 2.3283064e-10 0.0000000e+00]) 	 loss 1.180E-03 	 horizons 9.0
step 24120 	 return [0.00361957 0.00357743 0.00537755 0.00066436 0.00046291 0.00177408
 0.        ], ([0.000000e+00 4.656613e-10 0.000000e+00 5.820766e-11 0.000000e+00
 0.000000e+00 0.000000e+00]) 	 loss 1.563E-03 	 horizons 9.0
step 24210 	 return [0.00424682 0.00295889 0.00274953 0.         0.0005311  0.00240019
 0.        ], ([4.6566129e-10 2.3283064e-10 2.3283064e-10 0.0000000e+00 5.8207661e-11
 2.3283064e-10 0.0000000e+00]) 	 loss 1.534E-03 	 horizons 9.0
step 24300 	 return [0.         0.         0.00212156 0.00356927 0.0049401  0.00226389
 0.01158344], ([0.0000000e+00 0.0000000e+00 0.0000000e+00 4.6566129e-10 4.6566129e-10
 2.3283064e-10 9.3132257e-10]) 	 loss 1.374E-03 	 horizons 9.0
step 24390 	 return [0.         0.         0.00203773 0.00570625 0.00219484 0.00762859
 0.00983875], ([0.0000000e+00 0.0000000e+00 0.0000000e+00 0.0000000e+00 2.3283064e-10
 4.6566129e-10 9.3132257e-10]) 	 loss 1.187E-03 	 horizons 9.0
step 24480 	 return [0.         0.         0.00212223 0.00357016 0.004968   0.00421207
 0.01029631], ([0.000000e+00 0.000000e+00 0.000000e+00 4.656613e-10 0.000000e+00
 0.000000e+00 0.000000e+00]) 	 loss 1.244E-03 	 horizons 9.0
step 24570 	 return [0.         0.00154712 0.00873917 0.00811872 0.00295502 0.
 0.        ], ([0.0000000e+00 1.1641532e-10 0.0000000e+00 9.3132257e-10 2.3283064e-10
 0.0000000e+00 0.0000000e+00]) 	 loss 1.196E-03 	 horizons 9.0
step 24660 	 return [0.         0.         0.00428997 0.01231009 0.00458569 0.00199733
 0.0008441 ], ([0.         0.         0.00144192 0.0027406  0.00076992 0.00305097
 0.00128938]) 	 loss 1.049E-03 	 horizons 9.0
step 24750 	 return [0.         0.         0.00203657 0.00570195 0.00319326 0.00762976
 0.0078106 ], ([0.000000e+00 0.000000e+00 0.000000e+00 4.656613e-10 0.000000e+00
 4.656613e-10 0.000000e+00]) 	 loss 1.294E-03 	 horizons 9.0
step 24840 	 return [0.         0.00060254 0.00268985 0.00592174 0.00254773 0.00791907
 0.00146353], ([0.         0.00073796 0.0006573  0.0003414  0.00056366 0.00123693
 0.00146353]) 	 loss 9.320E-04 	 horizons 9.0
step 24930 	 return [0.00363015 0.00358667 0.00553985 0.         0.00070759 0.00209608
 0.        ], ([2.3283064e-10 2.3283064e-10 0.0000000e+00 0.0000000e+00 5.8207661e-11
 2.3283064e-10 0.0000000e+00]) 	 loss 3.498E-03 	 horizons 9.0
step 25020 	 return [0.00360733 0.00346037 0.00533291 0.00069665 0.00053584 0.00170872
 0.        ], ([3.6705329e-05 3.5118873e-04 1.3390623e-04 9.6872463e-05 2.1881425e-04
 1.9608588e-04 0.0000000e+00]) 	 loss 1.458E-03 	 horizons 9.0
step 25110 	 return [0.0035388  0.00248534 0.00559809 0.00105793 0.00136363 0.00219514
 0.        ], ([0.0000000e+00 2.3283064e-10 4.6566129e-10 1.1641532e-10 1.1641532e-10
 0.0000000e+00 0.0000000e+00]) 	 loss 1.056E-03 	 horizons 9.0
step 25200 	 return [0.00065235 0.0018543  0.00328277 0.0055598  0.0007583  0.0074949
 0.        ], ([0.0000000e+00 0.0000000e+00 2.3283064e-10 4.6566129e-10 5.8207661e-11
 4.6566129e-10 0.0000000e+00]) 	 loss 9.063E-04 	 horizons 9.0
step 25290 	 return [0.         0.         0.00206394 0.00602578 0.0060644  0.00381649
 0.00746377], ([0.0000000e+00 0.0000000e+00 1.2583332e-06 4.9713062e-06 5.2370415e-05
 6.0759415e-04 3.2329108e-04]) 	 loss 7.029E-04 	 horizons 9.0
step 25380 	 return [0.         0.         0.0020874  0.00812375 0.00576176 0.00665776
 0.00281365], ([0.000000e+00 0.000000e+00 0.000000e+00 9.313226e-10 0.000000e+00
 0.000000e+00 0.000000e+00]) 	 loss 1.038E-02 	 horizons 9.0
step 25470 	 return [0.         0.         0.00203237 0.00568538 0.00303612 0.0092127
 0.00683763], ([0.000000e+00 0.000000e+00 0.000000e+00 4.656613e-10 0.000000e+00
 0.000000e+00 9.313226e-10]) 	 loss 2.494E-03 	 horizons 9.0
step 25560 	 return [0.00337919 0.00246313 0.00559579 0.00105276 0.00135113 0.00226724
 0.        ], ([4.7885397e-04 6.6630259e-05 6.9038942e-06 1.5497859e-05 3.7524871e-05
 2.1631115e-04 0.0000000e+00]) 	 loss 9.379E-04 	 horizons 9.0
step 25650 	 return [0.         0.00090381 0.00334845 0.00558046 0.00215356 0.00915739
 0.        ], ([0.0000000e+00 7.3795649e-04 3.1746085e-06 3.0614578e-07 3.3258952e-04
 3.4232664e-06 0.0000000e+00]) 	 loss 7.907E-04 	 horizons 9.0
step 25740 	 return [0.         0.         0.00206376 0.00602017 0.00611175 0.00569436
 0.0058184 ], ([0.0000000e+00 0.0000000e+00 2.0470006e-06 2.0379479e-05 2.9243900e-05
 5.6003279e-04 5.0864916e-04]) 	 loss 1.241E-03 	 horizons 9.0
step 25830 	 return [0.         0.00154712 0.00873917 0.00811872 0.00295502 0.
 0.        ], ([0.0000000e+00 1.1641532e-10 0.0000000e+00 9.3132257e-10 2.3283064e-10
 0.0000000e+00 0.0000000e+00]) 	 loss 8.038E-03 	 horizons 9.0
step 25920 	 return [0.         0.         0.00322681 0.00356221 0.00546094 0.00391386
 0.00774134], ([0.0000000e+00 0.0000000e+00 2.8582890e-05 7.9194077e-05 8.5204351e-04
 7.9191977e-04 1.0388730e-03]) 	 loss 4.606E-03 	 horizons 9.0
step 26010 	 return [0.00198655 0.00230739 0.0074922  0.0010694  0.00138495 0.00225377
 0.        ], ([2.3283064e-10 2.3283064e-10 9.3132257e-10 0.0000000e+00 1.1641532e-10
 0.0000000e+00 0.0000000e+00]) 	 loss 4.117E-03 	 horizons 9.0
step 26100 	 return [0.         0.         0.00203237 0.00568538 0.00303612 0.0092127
 0.00683763], ([0.000000e+00 0.000000e+00 0.000000e+00 4.656613e-10 0.000000e+00
 0.000000e+00 9.313226e-10]) 	 loss 5.560E-03 	 horizons 9.0
step 26190 	 return [0.0042402  0.00295325 0.00270279 0.00058533 0.00042473 0.00202407
 0.        ], ([4.6566129e-10 0.0000000e+00 2.3283064e-10 5.8207661e-11 2.9103830e-11
 2.3283064e-10 0.0000000e+00]) 	 loss 4.402E-03 	 horizons 9.0
step 26280 	 return [0.         0.00292137 0.00843146 0.00550621 0.00295888 0.
 0.        ], ([0.0000000e+00 2.3283064e-10 0.0000000e+00 0.0000000e+00 0.0000000e+00
 0.0000000e+00 0.0000000e+00]) 	 loss 5.509E-03 	 horizons 9.0
step 26370 	 return [0.         0.         0.00303577 0.0035664  0.00219084 0.00721663
 0.00959015], ([0.         0.         0.00033307 0.00071185 0.00033424 0.00057976
 0.00070383]) 	 loss 3.893E-03 	 horizons 9.0
step 26460 	 return [0.         0.         0.00222709 0.00356129 0.00573832 0.0059415
 0.00715677], ([0.0000000e+00 0.0000000e+00 3.3661016e-04 9.6770782e-06 7.2971518e-05
 5.8418204e-04 6.1833899e-04]) 	 loss 1.090E-02 	 horizons 9.0
step 26550 	 return [0.0027654  0.00239862 0.00764424 0.         0.00148691 0.00225636
 0.        ], ([7.7688566e-04 8.9594279e-05 9.3974988e-04 0.0000000e+00 1.0656193e-05
 2.9312330e-05 0.0000000e+00]) 	 loss 1.299E-02 	 horizons 9.0
step 26640 	 return [0.         0.         0.0020368  0.00570281 0.00299358 0.00762953
 0.00821623], ([0.0000000e+00 0.0000000e+00 4.6556815e-07 1.7184764e-06 3.9936864e-04
 4.6901451e-07 8.1126130e-04]) 	 loss 1.171E-02 	 horizons 9.0
step 26730 	 return [0.00427177 0.00326165 0.00468882 0.         0.00063954 0.00182604
 0.        ], ([3.2119607e-04 1.6344023e-04 4.5214343e-04 0.0000000e+00 4.5586381e-05
 2.8501372e-04 0.0000000e+00]) 	 loss 5.598E-03 	 horizons 9.0
step 26820 	 return [0.00198655 0.00230739 0.0074922  0.0010694  0.00138495 0.00225377
 0.        ], ([2.3283064e-10 2.3283064e-10 9.3132257e-10 0.0000000e+00 1.1641532e-10
 0.0000000e+00 0.0000000e+00]) 	 loss 1.213E-03 	 horizons 9.0
step 26910 	 return [0.00370484 0.00354232 0.0053262  0.0006571  0.00045972 0.00166608
 0.        ], ([2.5582893e-04 1.0532854e-04 1.5404513e-04 2.1795133e-05 9.5559117e-06
 3.2400806e-04 0.0000000e+00]) 	 loss 2.612E-03 	 horizons 9.0
step 27000 	 return [0.00361957 0.00357743 0.00537755 0.00066436 0.00046291 0.00177408
 0.        ], ([0.000000e+00 4.656613e-10 0.000000e+00 5.820766e-11 0.000000e+00
 0.000000e+00 0.000000e+00]) 	 loss 4.684E-03 	 horizons 9.0
step 27090 	 return [0.00214826 0.00232404 0.00849824 0.00018865 0.00154764 0.00205711
 0.        ], ([4.7923066e-04 4.5061603e-05 2.5724413e-04 5.6596060e-04 1.5022095e-04
 6.8570185e-04 0.0000000e+00]) 	 loss 1.974E-03 	 horizons 9.0
step 27180 	 return [0.00235022 0.00256547 0.00796509 0.00123886 0.00178701 0.00091158
 0.        ], ([0.00160826 0.00020041 0.00042119 0.00084557 0.00026064 0.00111649
 0.        ]) 	 loss 1.114E-02 	 horizons 9.0
step 27270 	 return [0.         0.         0.00203657 0.00570195 0.00319326 0.00762976
 0.0078106 ], ([0.000000e+00 0.000000e+00 0.000000e+00 4.656613e-10 0.000000e+00
 4.656613e-10 0.000000e+00]) 	 loss 3.172E-02 	 horizons 9.0
step 27360 	 return [0.         0.         0.00203773 0.00570625 0.00219484 0.00762859
 0.00983875], ([0.0000000e+00 0.0000000e+00 0.0000000e+00 0.0000000e+00 2.3283064e-10
 4.6566129e-10 9.3132257e-10]) 	 loss 1.330E-02 	 horizons 9.0
step 27450 	 return [0.         0.         0.00323691 0.00358878 0.00589176 0.005805
 0.00554895], ([0.0000000e+00 0.0000000e+00 2.3283064e-10 0.0000000e+00 0.0000000e+00
 0.0000000e+00 4.6566129e-10]) 	 loss 1.546E-02 	 horizons 9.0
step 27540 	 return [0.         0.         0.00203773 0.00570625 0.00219484 0.00762859
 0.00983875], ([0.0000000e+00 0.0000000e+00 0.0000000e+00 0.0000000e+00 2.3283064e-10
 4.6566129e-10 9.3132257e-10]) 	 loss 8.037E-03 	 horizons 9.0
step 27630 	 return [0.         0.         0.00203657 0.00570195 0.00319326 0.00762976
 0.0078106 ], ([0.000000e+00 0.000000e+00 0.000000e+00 4.656613e-10 0.000000e+00
 4.656613e-10 0.000000e+00]) 	 loss 8.289E-03 	 horizons 9.0
step 27720 	 return [0.         0.         0.00203237 0.00568538 0.00303612 0.0092127
 0.00683763], ([0.000000e+00 0.000000e+00 0.000000e+00 4.656613e-10 0.000000e+00
 0.000000e+00 9.313226e-10]) 	 loss 1.185E-03 	 horizons 9.0
step 27810 	 return [0.         0.         0.00321987 0.00558975 0.00258565 0.00914842
 0.00050918], ([0.0000000e+00 0.0000000e+00 3.9740742e-04 2.6768168e-05 7.4255280e-05
 3.9488823e-05 1.5275469e-03]) 	 loss 8.187E-04 	 horizons 9.0
step 27900 	 return [0.00198655 0.00230739 0.0074922  0.0010694  0.00138495 0.00225377
 0.        ], ([2.3283064e-10 2.3283064e-10 9.3132257e-10 0.0000000e+00 1.1641532e-10
 0.0000000e+00 0.0000000e+00]) 	 loss 4.024E-03 	 horizons 9.0
step 27990 	 return [0.         0.         0.00203657 0.00570195 0.00319326 0.00762976
 0.0078106 ], ([0.000000e+00 0.000000e+00 0.000000e+00 4.656613e-10 0.000000e+00
 4.656613e-10 0.000000e+00]) 	 loss 5.019E-03 	 horizons 9.0
step 28080 	 return [0.         0.         0.00212223 0.00357016 0.004968   0.00421207
 0.01029631], ([0.000000e+00 0.000000e+00 0.000000e+00 4.656613e-10 0.000000e+00
 0.000000e+00 0.000000e+00]) 	 loss 1.952E-03 	 horizons 9.0
step 28170 	 return [0.00358304 0.00245706 0.00764301 0.00195502 0.0019864  0.
 0.        ], ([8.7092867e-06 6.4915043e-06 2.5048578e-04 2.0544494e-04 3.5727619e-05
 0.0000000e+00 0.0000000e+00]) 	 loss 7.963E-03 	 horizons 9.0
step 28260 	 return [0.         0.         0.00206352 0.00602412 0.00604694 0.00401902
 0.007356  ], ([0.0000000e+00 0.0000000e+00 2.3283064e-10 4.6566129e-10 0.0000000e+00
 0.0000000e+00 0.0000000e+00]) 	 loss 4.831E-03 	 horizons 9.0
step 28350 	 return [0.00101359 0.00144428 0.0063942  0.00543399 0.00269116 0.00302282
 0.        ], ([0.00101359 0.00118467 0.00249934 0.00030605 0.00030619 0.00370218
 0.        ]) 	 loss 1.558E-02 	 horizons 9.0
step 28440 	 return [0.         0.         0.00321918 0.00558481 0.00260246 0.00924374
 0.0001772 ], ([0.0000000e+00 0.0000000e+00 3.9946899e-04 1.1926610e-05 1.2469491e-04
 2.4648159e-04 5.3160201e-04]) 	 loss 3.918E-03 	 horizons 9.0
step 28530 	 return [0.0035388  0.00248534 0.00559809 0.00105793 0.00136363 0.00219514
 0.        ], ([0.0000000e+00 2.3283064e-10 4.6566129e-10 1.1641532e-10 1.1641532e-10
 0.0000000e+00 0.0000000e+00]) 	 loss 6.076E-03 	 horizons 9.0
step 28620 	 return [0.         0.         0.00314406 0.00332657 0.00306468 0.00738178
 0.0076545 ], ([0.0000000e+00 0.0000000e+00 2.3283064e-10 2.3283064e-10 0.0000000e+00
 0.0000000e+00 0.0000000e+00]) 	 loss 2.079E-03 	 horizons 9.0
step 28710 	 return [0.00342579 0.00241894 0.00372901 0.00099656 0.00122077 0.00277966
 0.        ], ([0.0000000e+00 2.3283064e-10 2.3283064e-10 1.1641532e-10 1.1641532e-10
 2.3283064e-10 0.0000000e+00]) 	 loss 5.687E-03 	 horizons 9.0
step 28800 	 return [0.         0.         0.00324817 0.00360021 0.00508057 0.00196468
 0.01032512], ([0.0000000e+00 0.0000000e+00 2.3283064e-10 0.0000000e+00 0.0000000e+00
 2.3283064e-10 9.3132257e-10]) 	 loss 4.303E-03 	 horizons 9.0
step 28890 	 return [0.0035388  0.00248534 0.00559809 0.00105793 0.00136363 0.00219514
 0.        ], ([0.0000000e+00 2.3283064e-10 4.6566129e-10 1.1641532e-10 1.1641532e-10
 0.0000000e+00 0.0000000e+00]) 	 loss 8.538E-04 	 horizons 9.0
step 28980 	 return [0.         0.         0.00203773 0.00570625 0.00219484 0.00762859
 0.00983875], ([0.0000000e+00 0.0000000e+00 0.0000000e+00 0.0000000e+00 2.3283064e-10
 4.6566129e-10 9.3132257e-10]) 	 loss 1.565E-03 	 horizons 9.0
step 29070 	 return [0.00045664 0.0014444  0.0032973  0.00556396 0.00123349 0.00751313
 0.        ], ([2.9894305e-04 7.3137326e-04 2.2265938e-05 6.3511234e-06 7.4053399e-04
 2.7865886e-05 0.0000000e+00]) 	 loss 1.257E-03 	 horizons 9.0
step 29160 	 return [0.         0.         0.00206444 0.00602696 0.0061215  0.00588104
 0.00564885], ([0.0000000e+00 0.0000000e+00 2.3283064e-10 0.0000000e+00 0.0000000e+00
 0.0000000e+00 4.6566129e-10]) 	 loss 3.826E-03 	 horizons 9.0
step 29250 	 return [0.         0.         0.00212203 0.0035699  0.00495963 0.00362761
 0.01068245], ([0.00000000e+00 0.00000000e+00 3.09846342e-07 4.07580274e-07
 1.27858575e-05 8.92767450e-04 5.89833944e-04]) 	 loss 1.040E-03 	 horizons 9.0
step 29340 	 return [0.         0.         0.00293808 0.00337267 0.00359212 0.00714016
 0.0075677 ], ([0.0000000e+00 0.0000000e+00 4.1194790e-04 9.2201211e-05 1.0548780e-03
 4.8322452e-04 1.7360822e-04]) 	 loss 6.602E-03 	 horizons 9.0
step 29430 	 return [0.0035388  0.00248534 0.00559809 0.00105793 0.00136363 0.00219514
 0.        ], ([0.0000000e+00 2.3283064e-10 4.6566129e-10 1.1641532e-10 1.1641532e-10
 0.0000000e+00 0.0000000e+00]) 	 loss 2.466E-03 	 horizons 9.0
step 29520 	 return [0.         0.         0.00206444 0.00602696 0.0061215  0.00588104
 0.00564885], ([0.0000000e+00 0.0000000e+00 2.3283064e-10 0.0000000e+00 0.0000000e+00
 0.0000000e+00 4.6566129e-10]) 	 loss 4.890E-03 	 horizons 9.0
step 29610 	 return [0.0035162  0.00247206 0.00522427 0.00104565 0.00133506 0.00231204
 0.        ], ([4.5205281e-05 2.6557222e-05 7.4763363e-04 2.4548126e-05 5.7147074e-05
 2.3380909e-04 0.0000000e+00]) 	 loss 8.370E-03 	 horizons 9.0
step 29700 	 return [0.00198655 0.00230739 0.0074922  0.0010694  0.00138495 0.00225377
 0.        ], ([2.3283064e-10 2.3283064e-10 9.3132257e-10 0.0000000e+00 1.1641532e-10
 0.0000000e+00 0.0000000e+00]) 	 loss 9.972E-03 	 horizons 9.0
step 29790 	 return [0.         0.         0.00206385 0.00602046 0.00611921 0.00588044
 0.0056478 ], ([0.0000000e+00 0.0000000e+00 1.7704676e-06 1.9527321e-05 6.8765130e-06
 1.7839487e-06 3.1476836e-06]) 	 loss 2.019E-02 	 horizons 9.0
step 29880 	 return [0.         0.         0.00206385 0.00602046 0.00611921 0.00588044
 0.0056478 ], ([0.0000000e+00 0.0000000e+00 1.7704676e-06 1.9527321e-05 6.8765135e-06
 1.7839485e-06 3.1476839e-06]) 	 loss 2.158E-02 	 horizons 9.0
step 29970 	 return [0.         0.         0.00203237 0.00568538 0.00303612 0.0092127
 0.00683763], ([0.000000e+00 0.000000e+00 0.000000e+00 4.656613e-10 0.000000e+00
 0.000000e+00 9.313226e-10]) 	 loss 9.746E-03 	 horizons 9.0
step 30060 	 return [0.         0.         0.00228866 0.00545858 0.00523967 0.00530339
 0.00565689], ([0.         0.         0.00047426 0.00094366 0.00116043 0.00205212
 0.00041993]) 	 loss 1.946E-02 	 horizons 9.0
[1;34mwandb[0m: 
[1;34mwandb[0m: 🚀 View run [33mmotndp_amsterdam-v0__GCN-amsterdam-g7-temporal__456__1781508570[0m at: [34mhttps://wandb.ai/jingyuan-sun03-tu-delft/cl_ablation/runs/xb1qry1x[0m
[1;34mwandb[0m: Find logs at: [1;35mwandb/run-20260615_092930-xb1qry1x/logs[0m
