/home/SinJ/mo-transport-network-design/.venv/lib/python3.13/site-packages/pygame/pkgdata.py:25: UserWarning: pkg_resources is deprecated as an API. See https://setuptools.pypa.io/en/latest/pkg_resources.html. The pkg_resources package is slated for removal as early as 2025-11-30. Refrain from using this package or pin to Setuptools<81.
  from pkg_resources import resource_stream, resource_exists
wandb: [wandb.login()] Loaded credentials for https://api.wandb.ai from /home/SinJ/.netrc.
wandb: Currently logged in as: jingyuan-sun03 (jingyuan-sun03-tu-delft) to https://api.wandb.ai. Use `wandb login --relogin` to force relogin
wandb: setting up run doj56r5l
wandb: Tracking run with wandb version 0.27.2
wandb: Run data is saved locally in /home/SinJ/mo-transport-network-design/wandb/run-20260615_133757-doj56r5l
wandb: Run `wandb offline` to turn off syncing.
wandb: Syncing run motndp_amsterdam-v0__GCN-amsterdam-g10-spatial__123__1781523477
wandb: ⭐️ View project at https://wandb.ai/jingyuan-sun03-tu-delft/cl_ablation
wandb: 🚀 View run at https://wandb.ai/jingyuan-sun03-tu-delft/cl_ablation/runs/doj56r5l
/home/SinJ/mo-transport-network-design/morl-baselines/morl_baselines/multi_policy/gcn/gcn.py:151: UserWarning: Creating a tensor from a list of numpy.ndarrays is extremely slow. Please consider converting the list to a single numpy.ndarray with numpy.array() before converting to a tensor. (Triggered internally at /pytorch/torch/csrc/utils/tensor_new.cpp:253.)
  th.tensor(obs).to(self.device),
Namespace(env='amsterdam', nr_groups=10, starting_loc_x=9, starting_loc_y=19, nr_stations=10, lr=0.01, batch_size=256, num_er_episodes=100, num_step_episodes=10, num_model_updates=10, num_policies=10, max_buffer_size=200, nr_layers=1, hidden_dim=128, timesteps=30000, no_log=False, seed=123, cd_threshold=0.2, distance_ref='interpolate2', gcn_lambda=0.0, lambda_schedule='constant', lambda_start=1.0, lambda_end=None, lambda_warmup_fraction=0.0, lambda_freeze_fraction=0.1, spatial_alpha=0.5, include_demand_context=False, criterion='lorenz', nash_mode='pareto_sized', nash_top_k=None, nash_shift=0.0, project_name='cl_ablation', experiment_name='GCN-amsterdam-g10-spatial', wandb_entity=None)
step 990 	 return [0.         0.         0.00065171 0.00268995 0.00384763 0.00214756
 0.00207427 0.00142739 0.001127   0.00085346], ([0.         0.         0.00089333 0.00366902 0.00409474 0.0021474
 0.00253003 0.00297061 0.00196416 0.0017439 ]) 	 loss 2.035E+00 	 horizons 9.0
step 1080 	 return [6.5566681e-05 0.0000000e+00 6.9203269e-04 1.1568711e-03 1.5315773e-03
 1.1523713e-03 1.1124348e-03 3.5486899e-03 1.2450743e-03 9.3695364e-04], ([0.0001967  0.         0.00109088 0.00236123 0.00159792 0.00216185
 0.00097644 0.00323989 0.00192501 0.00281086]) 	 loss 1.833E+00 	 horizons 9.0
step 1170 	 return [0.         0.00042681 0.00041247 0.00075898 0.00131288 0.00041015
 0.00047843 0.00062101 0.000296   0.00047056], ([0.         0.00128043 0.00096663 0.00137195 0.00195152 0.00078198
 0.0003122  0.0008066  0.00050011 0.00141169]) 	 loss 1.365E+00 	 horizons 9.0
step 1260 	 return [0.         0.00021614 0.00164544 0.00101433 0.00054088 0.00027004
 0.00045332 0.0003641  0.00068752 0.        ], ([0.         0.00064842 0.00126255 0.00093519 0.00092716 0.00037998
 0.00025631 0.00054085 0.00069681 0.        ]) 	 loss 1.168E+00 	 horizons 9.0
step 1350 	 return [0.         0.00053842 0.00113196 0.00502522 0.00391385 0.
 0.00123716 0.00032475 0.00011827 0.        ], ([0.         0.00084067 0.00122154 0.00383892 0.00299596 0.
 0.00088664 0.00049202 0.00027915 0.        ]) 	 loss 1.091E+00 	 horizons 9.0
step 1440 	 return [0.0000000e+00 0.0000000e+00 3.3265824e-04 6.9948423e-05 1.0034863e-03
 3.5396419e-04 1.0873238e-03 1.7288042e-03 1.7868953e-03 7.9763494e-04], ([0.         0.         0.00069312 0.00020985 0.00095442 0.00069372
 0.00110657 0.00195684 0.00247369 0.00166842]) 	 loss 1.061E+00 	 horizons 9.0
step 1530 	 return [0.         0.         0.         0.         0.00200699 0.0031325
 0.00396795 0.003732   0.00300579 0.00481755], ([0.         0.         0.         0.         0.00113611 0.00301919
 0.00267172 0.00227903 0.00233373 0.00308448]) 	 loss 1.024E+00 	 horizons 9.0
step 1620 	 return [0.         0.         0.         0.         0.00256994 0.00386464
 0.00227266 0.00512418 0.00165621 0.00525372], ([0.         0.         0.         0.         0.00123962 0.00265672
 0.00217594 0.002139   0.00174216 0.00301904]) 	 loss 9.933E-01 	 horizons 9.0
step 1710 	 return [0.         0.00072731 0.00162596 0.00128288 0.00023638 0.00054232
 0.00033181 0.00011686 0.00060223 0.        ], ([0.         0.00218194 0.00107382 0.00074172 0.00047495 0.00059414
 0.00017535 0.0002585  0.00032188 0.        ]) 	 loss 9.900E-01 	 horizons 9.0
step 1800 	 return [0.         0.00042653 0.00161949 0.00046529 0.00215472 0.00024287
 0.00150382 0.00169285 0.00079692 0.0003487 ], ([0.         0.00085347 0.00095602 0.00055672 0.00067639 0.0007286
 0.00093379 0.00214882 0.00068513 0.00100853]) 	 loss 9.475E-01 	 horizons 9.0
step 1890 	 return [0.         0.00034919 0.00201785 0.00060514 0.00121258 0.00018847
 0.0010359  0.00140534 0.00089442 0.        ], ([0.         0.00073573 0.00167435 0.00058961 0.00086784 0.00033295
 0.0009374  0.00144688 0.00059904 0.        ]) 	 loss 9.321E-01 	 horizons 9.0
step 1980 	 return [0.         0.00067113 0.00061768 0.00803065 0.00948358 0.00036312
 0.00301501 0.00043841 0.         0.00053   ], ([0.         0.00167599 0.00104774 0.00189884 0.00354654 0.00108936
 0.00198731 0.00068053 0.         0.00158999]) 	 loss 9.322E-01 	 horizons 9.0
step 2070 	 return [0.         0.         0.00029357 0.00514978 0.00877422 0.00065498
 0.00433215 0.00016306 0.         0.        ], ([0.         0.         0.00060394 0.00404598 0.00368193 0.00100426
 0.00231357 0.00048919 0.         0.        ]) 	 loss 8.957E-01 	 horizons 9.0
step 2160 	 return [0.         0.00106167 0.00164513 0.00478895 0.00550712 0.00041504
 0.00169656 0.00096216 0.00079996 0.00051162], ([0.         0.00136836 0.00130952 0.0031384  0.0021958  0.00124511
 0.00177717 0.00057084 0.00211278 0.00153487]) 	 loss 9.064E-01 	 horizons 9.0
step 2250 	 return [0.         0.00238211 0.00130361 0.00647608 0.00373261 0.
 0.00101535 0.00092332 0.00039803 0.        ], ([0.         0.00247434 0.0011628  0.00399885 0.00224441 0.
 0.0004431  0.00053465 0.00071915 0.        ]) 	 loss 9.035E-01 	 horizons 9.0
step 2340 	 return [0.00013145 0.00028647 0.0010517  0.00139966 0.00127498 0.
 0.00128705 0.00204831 0.00101584 0.00020815], ([0.00039434 0.00066601 0.00106476 0.00308442 0.00112883 0.
 0.00121583 0.00210403 0.00085104 0.00062444]) 	 loss 8.766E-01 	 horizons 9.0
step 2430 	 return [0.         0.00296334 0.00094616 0.00483    0.00264932 0.
 0.00108448 0.00039999 0.00034665 0.        ], ([0.         0.00268997 0.00127304 0.00432485 0.00217146 0.
 0.00066397 0.00034761 0.00042731 0.        ]) 	 loss 8.466E-01 	 horizons 9.0
step 2520 	 return [3.7173196e-04 4.1647785e-04 1.8948984e-03 7.8476209e-04 1.4444772e-03
 2.4444290e-04 6.7660818e-04 1.3142562e-03 7.5142708e-04 1.0915719e-05], ([5.6828832e-04 6.7082816e-04 8.7636447e-04 4.9036701e-04 1.0395338e-03
 4.1056177e-04 5.0224917e-04 1.1696233e-03 7.4060599e-04 3.2747157e-05]) 	 loss 8.309E-01 	 horizons 9.0
step 2610 	 return [0.0000000e+00 4.4588224e-04 1.0065071e-03 7.5046672e-03 6.0058390e-03
 3.8100310e-04 2.5568348e-03 8.5840351e-05 2.3011402e-04 0.0000000e+00], ([0.         0.00089227 0.00126986 0.00257782 0.00242803 0.00114301
 0.00100109 0.00025752 0.00069034 0.        ]) 	 loss 8.347E-01 	 horizons 9.0
step 2700 	 return [0.00012096 0.00100125 0.00203015 0.00078669 0.00139661 0.00013532
 0.00066249 0.00101146 0.00138558 0.        ], ([0.00036289 0.00112566 0.00097645 0.00064607 0.0011961  0.00028047
 0.00042512 0.00079342 0.00066463 0.        ]) 	 loss 8.407E-01 	 horizons 9.0
step 2790 	 return [0.0000000e+00 6.5820123e-04 2.2339295e-03 6.5460394e-04 2.0535495e-03
 1.1605901e-04 1.1208621e-03 6.2463462e-04 1.1329646e-03 1.0758644e-05], ([0.0000000e+00 1.0063633e-03 5.9336785e-04 2.9536014e-04 9.5734920e-04
 3.4817704e-04 6.3246506e-04 4.3411073e-04 4.3592288e-04 3.2275930e-05]) 	 loss 8.042E-01 	 horizons 9.0
step 2880 	 return [0.0000000e+00 0.0000000e+00 2.2592938e-03 8.5449871e-04 9.0200023e-04
 4.1135299e-04 5.9258734e-04 6.1270839e-04 1.3355606e-03 1.0788886e-05], ([0.0000000e+00 0.0000000e+00 8.1113330e-04 5.9836335e-04 8.0984394e-04
 4.5050014e-04 1.7569124e-04 4.1269723e-04 5.5473059e-04 3.2366665e-05]) 	 loss 7.670E-01 	 horizons 9.0
step 2970 	 return [0.0000000e+00 5.1767763e-04 1.5106931e-03 4.4971453e-03 3.1808179e-03
 0.0000000e+00 1.4996357e-03 1.9151454e-03 9.9028613e-05 0.0000000e+00], ([0.         0.00095881 0.0011346  0.00354562 0.00157683 0.
 0.00072685 0.00223823 0.00029709 0.        ]) 	 loss 7.313E-01 	 horizons 9.0
step 3060 	 return [6.5566681e-05 4.4366438e-04 2.3346383e-03 8.3588605e-04 2.0743846e-03
 0.0000000e+00 8.1349240e-04 1.1160260e-03 1.2819986e-03 0.0000000e+00], ([0.0001967  0.00088769 0.00051052 0.00063651 0.00069088 0.
 0.00054402 0.00089779 0.00052102 0.        ]) 	 loss 7.401E-01 	 horizons 9.0
step 3150 	 return [0.         0.         0.         0.         0.00280779 0.00658155
 0.00706279 0.00224362 0.00523906 0.00548865], ([0.         0.         0.         0.         0.0002557  0.00157255
 0.00054361 0.00024157 0.00052383 0.00017293]) 	 loss 7.132E-01 	 horizons 9.0
step 3240 	 return [0.00024877 0.         0.00064439 0.         0.00312433 0.00496591
 0.00400741 0.00418529 0.0037114  0.00331054], ([0.00049754 0.         0.00103476 0.         0.00112208 0.00255442
 0.00276708 0.00159936 0.0024419  0.00233098]) 	 loss 6.717E-01 	 horizons 9.0
step 3330 	 return [0.         0.00283256 0.00171491 0.00752693 0.00341477 0.
 0.00069704 0.00049004 0.00031762 0.        ], ([0.0000000e+00 2.6362606e-03 1.6170192e-03 2.4000520e-03 1.2528255e-03
 0.0000000e+00 6.2707652e-05 4.1572913e-04 7.2358461e-04 0.0000000e+00]) 	 loss 6.168E-01 	 horizons 9.0
step 3420 	 return [0.         0.00577763 0.00080479 0.00426092 0.00253725 0.
 0.00067643 0.00052167 0.00018296 0.        ], ([0.0000000e+00 1.9287518e-03 1.0576247e-03 2.1959583e-03 1.3919953e-03
 0.0000000e+00 4.5433790e-05 2.8150686e-04 3.6765219e-04 0.0000000e+00]) 	 loss 6.189E-01 	 horizons 9.0
step 3510 	 return [0.         0.00062702 0.00106648 0.0081942  0.00526417 0.
 0.00098415 0.00050914 0.         0.        ], ([0.         0.00101772 0.00112626 0.00223804 0.00173967 0.
 0.00046209 0.00065157 0.         0.        ]) 	 loss 5.604E-01 	 horizons 9.0
step 3600 	 return [0.0000000e+00 4.9258873e-04 2.0389655e-03 9.6200965e-04 1.6106956e-03
 6.4819156e-05 8.2131987e-04 1.1882311e-03 1.5362195e-03 0.0000000e+00], ([0.         0.00085288 0.00069535 0.00062777 0.00064684 0.00019446
 0.00043862 0.00070562 0.00060465 0.        ]) 	 loss 5.644E-01 	 horizons 9.0
step 3690 	 return [0.         0.00045724 0.00088356 0.00918955 0.00893402 0.0003625
 0.00217714 0.00048716 0.         0.        ], ([0.         0.00137172 0.00135744 0.00292479 0.00302893 0.00108749
 0.00114939 0.00074415 0.         0.        ]) 	 loss 5.595E-01 	 horizons 9.0
step 3780 	 return [0.00049076 0.00054313 0.00176481 0.00074475 0.0011366  0.
 0.00084683 0.00238701 0.00079218 0.        ], ([0.00060208 0.00064663 0.00085607 0.00071957 0.0009402  0.
 0.00053338 0.00094346 0.00084391 0.        ]) 	 loss 5.560E-01 	 horizons 9.0
step 3870 	 return [0.         0.00334903 0.00108105 0.00657561 0.00350653 0.
 0.00096334 0.00040351 0.00030961 0.        ], ([0.         0.00306363 0.0013013  0.00321368 0.00161298 0.
 0.00058526 0.00034111 0.00070489 0.        ]) 	 loss 5.458E-01 	 horizons 9.0
step 3960 	 return [0.         0.00426884 0.0009522  0.00450293 0.00344269 0.
 0.00086857 0.00074413 0.00039834 0.        ], ([0.         0.0021425  0.00123294 0.00309591 0.00157714 0.
 0.00038755 0.00050792 0.00073045 0.        ]) 	 loss 5.377E-01 	 horizons 9.0
step 4050 	 return [0.00075363 0.0003209  0.00141941 0.00070079 0.00138473 0.00043022
 0.00058678 0.00267946 0.00101116 0.        ], ([0.00054219 0.00032102 0.0008872  0.00064804 0.00085492 0.00086347
 0.00061365 0.00080088 0.00176365 0.        ]) 	 loss 4.964E-01 	 horizons 9.0
step 4140 	 return [0.         0.00060071 0.00079757 0.00987599 0.00960225 0.0003625
 0.00235279 0.00064928 0.         0.        ], ([0.         0.00139128 0.00106084 0.00232163 0.00208433 0.00108749
 0.00101532 0.00079578 0.         0.        ]) 	 loss 4.652E-01 	 horizons 9.0
step 4230 	 return [0.         0.00159797 0.00238188 0.00856279 0.00514714 0.
 0.00118326 0.00053525 0.00023483 0.        ], ([0.         0.0017817  0.00135498 0.00284927 0.00146811 0.
 0.00067055 0.00058719 0.0007045  0.        ]) 	 loss 4.788E-01 	 horizons 9.0
step 4320 	 return [0.         0.00430076 0.00143063 0.00538818 0.00338312 0.
 0.00072966 0.00067758 0.         0.        ], ([0.         0.00201557 0.00103618 0.00192538 0.00104854 0.
 0.00013058 0.0004748  0.         0.        ]) 	 loss 4.732E-01 	 horizons 9.0
step 4410 	 return [0.         0.0017388  0.00176244 0.00786935 0.00731731 0.
 0.00196966 0.00024465 0.00024287 0.        ], ([0.         0.0017101  0.0013375  0.00206753 0.00102424 0.
 0.00089083 0.00051586 0.00072861 0.        ]) 	 loss 4.271E-01 	 horizons 9.0
step 4500 	 return [0.         0.00623197 0.00077547 0.00516554 0.00243201 0.
 0.00071623 0.00067977 0.00062456 0.        ], ([0.0000000e+00 1.2950615e-03 5.0997472e-04 2.9818988e-03 1.3268006e-03
 0.0000000e+00 6.3495951e-05 1.2509162e-04 8.9903921e-04 0.0000000e+00]) 	 loss 3.996E-01 	 horizons 9.0
step 4590 	 return [0.         0.         0.         0.01026665 0.01185168 0.0007316
 0.00209976 0.00076099 0.00037754 0.        ], ([0.         0.         0.         0.00243735 0.00281245 0.00146477
 0.00123991 0.0007769  0.00113263 0.        ]) 	 loss 3.893E-01 	 horizons 9.0
step 4680 	 return [0.         0.00070055 0.0015563  0.01039791 0.007356   0.00034746
 0.00315272 0.00033528 0.         0.        ], ([0.         0.0012162  0.00125591 0.00315352 0.00233088 0.00104239
 0.00068379 0.00067058 0.         0.        ]) 	 loss 3.865E-01 	 horizons 9.0
step 4770 	 return [0.         0.00361121 0.00165647 0.00538788 0.00573138 0.
 0.00123683 0.00104822 0.00022349 0.        ], ([0.         0.00102454 0.0013151  0.00118967 0.00106145 0.
 0.00049703 0.00058238 0.00067046 0.        ]) 	 loss 3.770E-01 	 horizons 9.0
step 4860 	 return [0.         0.         0.0014327  0.01106324 0.00691255 0.00046788
 0.00294592 0.00016031 0.         0.        ], ([0.         0.         0.00113525 0.00176396 0.00161105 0.00093583
 0.00080778 0.00048093 0.         0.        ]) 	 loss 3.625E-01 	 horizons 9.0
step 4950 	 return [0.         0.00073575 0.00191014 0.00927896 0.00889667 0.00102965
 0.00334281 0.         0.         0.        ], ([0.         0.00125107 0.00133735 0.00205356 0.00156308 0.00157348
 0.00037806 0.         0.         0.        ]) 	 loss 3.464E-01 	 horizons 9.0
step 5040 	 return [0.         0.00039578 0.00186054 0.00957904 0.00817647 0.0015142
 0.00340619 0.         0.         0.        ], ([0.         0.00118735 0.00130837 0.00309677 0.00085779 0.00156043
 0.00027996 0.         0.         0.        ]) 	 loss 3.573E-01 	 horizons 9.0
step 5130 	 return [0.         0.00778016 0.000223   0.00538014 0.00299012 0.
 0.00071711 0.00060553 0.         0.        ], ([0.0000000e+00 3.9681437e-04 4.4600217e-04 1.5539591e-03 7.6670648e-04
 0.0000000e+00 5.1398107e-05 2.2223091e-04 0.0000000e+00 0.0000000e+00]) 	 loss 3.364E-01 	 horizons 9.0
step 5220 	 return [0.         0.00207792 0.00143826 0.00901373 0.01087051 0.0014532
 0.00302593 0.00033941 0.         0.        ], ([0.         0.00248795 0.00128946 0.00284717 0.00110671 0.0017798
 0.00067717 0.00067882 0.         0.        ]) 	 loss 3.308E-01 	 horizons 9.0
step 5310 	 return [0.         0.         0.00042184 0.00881689 0.01190554 0.00206487
 0.00392913 0.00051036 0.         0.        ], ([0.         0.         0.00084368 0.00312648 0.00268386 0.00434493
 0.00078182 0.00153107 0.         0.        ]) 	 loss 3.371E-01 	 horizons 9.0
step 5400 	 return [0.         0.0013281  0.00278915 0.00903643 0.00642135 0.
 0.00098072 0.00088907 0.00023741 0.        ], ([0.         0.00115485 0.00104768 0.00242459 0.00115273 0.
 0.0004431  0.00056328 0.00071224 0.        ]) 	 loss 2.890E-01 	 horizons 9.0
step 5490 	 return [0.00062383 0.00031951 0.0015623  0.00090226 0.00113387 0.
 0.00075579 0.00290351 0.00043601 0.        ], ([0.00055161 0.00031972 0.00084461 0.00056384 0.00084601 0.
 0.00071379 0.00057917 0.00066602 0.        ]) 	 loss 2.983E-01 	 horizons 9.0
step 5580 	 return [0.         0.         0.         0.00698776 0.01422173 0.00256806
 0.00300545 0.00033184 0.         0.        ], ([0.         0.         0.         0.00266215 0.00204843 0.0016833
 0.00085728 0.00066374 0.         0.        ]) 	 loss 2.659E-01 	 horizons 9.0
step 5670 	 return [0.         0.         0.         0.0065299  0.01621096 0.00216434
 0.00266294 0.00085137 0.         0.        ], ([0.         0.         0.         0.00064108 0.00168042 0.00150619
 0.00128325 0.00085156 0.         0.        ]) 	 loss 2.665E-01 	 horizons 9.0
step 5760 	 return [0.         0.00386217 0.00201819 0.00692484 0.00476287 0.
 0.00119291 0.00097041 0.00023028 0.        ], ([0.         0.00116543 0.00114168 0.0017724  0.00097228 0.
 0.00047319 0.00056415 0.00069085 0.        ]) 	 loss 2.427E-01 	 horizons 9.0
step 5850 	 return [0.         0.00693703 0.00080569 0.00711435 0.0031676  0.
 0.0007411  0.00076978 0.0002271  0.        ], ([0.0000000e+00 1.2337707e-04 5.2744901e-04 1.2595403e-03 7.1542489e-04
 0.0000000e+00 8.0989652e-05 2.3259646e-04 6.8128621e-04 0.0000000e+00]) 	 loss 2.582E-01 	 horizons 9.0
step 5940 	 return [0.         0.         0.         0.00575762 0.01638543 0.0036488
 0.00285198 0.         0.         0.        ], ([0.0000000e+00 0.0000000e+00 0.0000000e+00 8.7496941e-04 1.3604820e-03
 1.3541618e-05 2.6756179e-04 0.0000000e+00 0.0000000e+00 0.0000000e+00]) 	 loss 2.127E-01 	 horizons 9.0
step 6030 	 return [0.00120008 0.00057869 0.00198859 0.00075628 0.00197138 0.
 0.00028404 0.00299067 0.         0.        ], ([1.8660493e-04 1.9349936e-04 3.6224254e-04 6.2827411e-04 6.8309164e-04
 0.0000000e+00 4.7833701e-06 3.5650079e-04 0.0000000e+00 0.0000000e+00]) 	 loss 2.141E-01 	 horizons 9.0
step 6120 	 return [0.00116103 0.000571   0.00201942 0.00022422 0.00230334 0.00019897
 0.00027592 0.0025703  0.00033978 0.        ], ([3.87979555e-04 1.90922539e-04 7.34805537e-04 4.56247159e-04
 8.00815236e-04 5.96899539e-04 1.30856315e-05 4.76668880e-04
 1.01935060e-03 0.00000000e+00]) 	 loss 2.017E-01 	 horizons 9.0
step 6210 	 return [0.         0.0015546  0.00284625 0.00746117 0.00791581 0.00349262
 0.00341598 0.         0.         0.        ], ([0.0000000e+00 5.1822606e-04 1.1552955e-04 8.8190992e-04 7.2972564e-04
 1.9815986e-06 2.9207210e-06 0.0000000e+00 0.0000000e+00 0.0000000e+00]) 	 loss 1.853E-01 	 horizons 9.0
step 6300 	 return [0.         0.00479037 0.         0.00549394 0.00684164 0.
 0.00175941 0.00148465 0.00034306 0.        ], ([0.         0.00168251 0.         0.00268949 0.00204169 0.
 0.0004697  0.00030038 0.00077224 0.        ]) 	 loss 1.593E-01 	 horizons 9.0
step 6390 	 return [0.         0.00225418 0.00253981 0.00893826 0.0070879  0.
 0.00202479 0.00046986 0.         0.        ], ([0.         0.00129015 0.00113405 0.00175142 0.0006086  0.
 0.00067168 0.00071785 0.         0.        ]) 	 loss 1.693E-01 	 horizons 9.0
step 6480 	 return [0.         0.0021572  0.00349747 0.00687316 0.00688586 0.
 0.00083166 0.00086935 0.         0.        ], ([0.0000000e+00 9.8617119e-04 6.2178267e-04 3.0622317e-03 1.7459464e-03
 0.0000000e+00 8.6307322e-05 5.1984057e-04 0.0000000e+00 0.0000000e+00]) 	 loss 1.637E-01 	 horizons 9.0
step 6570 	 return [0.         0.00284315 0.0027296  0.00923521 0.00574409 0.
 0.00194044 0.00033417 0.00047483 0.        ], ([0.         0.00157729 0.00127207 0.00108399 0.00106019 0.
 0.000753   0.00054247 0.00094965 0.        ]) 	 loss 1.736E-01 	 horizons 9.0
step 6660 	 return [0.         0.00230388 0.00396446 0.01072456 0.00267842 0.
 0.0007679  0.00075028 0.         0.        ], ([0.0000000e+00 7.9345849e-04 2.9926599e-04 6.7418878e-04 1.0165102e-06
 0.0000000e+00 5.3066441e-07 4.9028580e-07 0.0000000e+00 0.0000000e+00]) 	 loss 1.617E-01 	 horizons 9.0
step 6750 	 return [0.         0.00055043 0.0011944  0.01207469 0.01100881 0.
 0.00150959 0.00148378 0.         0.        ], ([0.         0.00118421 0.00124944 0.0013168  0.00141656 0.
 0.00055805 0.00049523 0.         0.        ]) 	 loss 1.287E-01 	 horizons 9.0
step 6840 	 return [0.         0.00428722 0.0019271  0.00599911 0.00815044 0.00353105
 0.00346717 0.         0.         0.        ], ([0.0000000e+00 6.8829308e-04 1.2615831e-03 7.8458071e-04 8.1201876e-04
 6.4219654e-05 8.9412359e-05 0.0000000e+00 0.0000000e+00 0.0000000e+00]) 	 loss 1.283E-01 	 horizons 9.0
step 6930 	 return [0.00129096 0.00060448 0.0022694  0.00022422 0.00241872 0.
 0.00031269 0.00295299 0.         0.        ], ([2.7539758e-05 9.1138456e-05 3.0449592e-04 4.5624716e-04 6.0006161e-04
 0.0000000e+00 9.7600998e-05 7.7080238e-04 0.0000000e+00 0.0000000e+00]) 	 loss 1.203E-01 	 horizons 9.0
step 7020 	 return [0.0000000e+00 5.5801114e-03 1.9399567e-03 3.2993644e-03 2.5493512e-03
 0.0000000e+00 6.6630158e-04 5.1523640e-04 6.9198803e-05 0.0000000e+00], ([0.0000000e+00 1.1375694e-03 1.2154252e-03 1.3785425e-03 5.9264933e-04
 0.0000000e+00 5.4377695e-05 2.7324524e-04 2.0759641e-04 0.0000000e+00]) 	 loss 1.137E-01 	 horizons 9.0
step 7110 	 return [0.         0.00235792 0.00233646 0.00733067 0.00661631 0.
 0.00215823 0.00023078 0.         0.        ], ([0.         0.00122905 0.00105429 0.00127131 0.00048349 0.
 0.00064166 0.00049175 0.         0.        ]) 	 loss 1.403E-01 	 horizons 9.0
step 7200 	 return [0.         0.00558212 0.         0.00589226 0.00270363 0.
 0.00072118 0.00072525 0.00055905 0.        ], ([0.0000000e+00 2.8169155e-03 0.0000000e+00 3.1090938e-03 9.3729509e-04
 0.0000000e+00 6.7975641e-05 8.8105808e-05 9.1993029e-04 0.0000000e+00]) 	 loss 1.330E-01 	 horizons 9.0
step 7290 	 return [0.         0.00185872 0.00216453 0.01124495 0.00645265 0.00104671
 0.00334388 0.00016673 0.         0.        ], ([0.         0.00150237 0.00113594 0.00339182 0.00134138 0.00159887
 0.00045897 0.00050019 0.         0.        ]) 	 loss 1.505E-01 	 horizons 9.0
step 7380 	 return [0.         0.00197296 0.00334263 0.00688202 0.00662771 0.
 0.00174851 0.00030574 0.         0.        ], ([0.         0.00083635 0.00058453 0.00162517 0.00077317 0.
 0.00053137 0.00061147 0.         0.        ]) 	 loss 1.468E-01 	 horizons 9.0
step 7470 	 return [0.         0.00350399 0.0028512  0.00925689 0.00604462 0.
 0.00095781 0.00142545 0.00047117 0.        ], ([0.         0.0005465  0.00049406 0.00077492 0.0008241  0.
 0.0001294  0.00027715 0.00094234 0.        ]) 	 loss 1.234E-01 	 horizons 9.0
step 7560 	 return [0.         0.00342167 0.00342475 0.00611811 0.00270347 0.
 0.00069702 0.00050308 0.         0.        ], ([0.0000000e+00 6.0059084e-04 3.9546480e-04 1.6082186e-03 4.0147780e-04
 0.0000000e+00 5.8811911e-05 3.2945463e-04 0.0000000e+00 0.0000000e+00]) 	 loss 1.434E-01 	 horizons 9.0
step 7650 	 return [0.00091751 0.00036403 0.00274641 0.00086776 0.0029927  0.
 0.00074254 0.00492386 0.00025117 0.        ], ([0.00060065 0.00032856 0.00035418 0.00171396 0.0008081  0.
 0.00071419 0.00124166 0.0007535  0.        ]) 	 loss 1.298E-01 	 horizons 9.0
step 7740 	 return [0.         0.00410709 0.00192679 0.00638403 0.00632662 0.
 0.00141259 0.00101089 0.         0.        ], ([0.         0.00170243 0.0014982  0.00154089 0.00080815 0.
 0.00066808 0.00070046 0.         0.        ]) 	 loss 1.207E-01 	 horizons 9.0
step 7830 	 return [0.         0.00270388 0.0025423  0.00973521 0.00718822 0.
 0.00179576 0.00079014 0.         0.        ], ([0.         0.00152106 0.00049387 0.00136537 0.00076432 0.
 0.0007646  0.00079027 0.         0.        ]) 	 loss 1.418E-01 	 horizons 9.0
step 7920 	 return [0.         0.0038431  0.00404964 0.00984003 0.0028478  0.
 0.00073602 0.00059597 0.         0.        ], ([0.0000000e+00 2.3939477e-04 4.5109063e-04 9.8356907e-04 3.7256535e-04
 0.0000000e+00 5.4284723e-05 2.9799185e-04 0.0000000e+00 0.0000000e+00]) 	 loss 1.316E-01 	 horizons 9.0
step 8010 	 return [0.         0.00234679 0.00345466 0.00641276 0.00694538 0.
 0.00212189 0.00016712 0.         0.        ], ([0.         0.00039816 0.00063018 0.00180644 0.00110859 0.
 0.00026543 0.00033426 0.         0.        ]) 	 loss 1.323E-01 	 horizons 9.0
step 8100 	 return [0.         0.00080848 0.00411168 0.00995712 0.0047052  0.
 0.00069016 0.00030189 0.         0.        ], ([0.0000000e+00 6.6011812e-04 1.4172969e-03 2.8208930e-03 1.6464448e-03
 0.0000000e+00 6.7241810e-05 3.6974592e-04 0.0000000e+00 0.0000000e+00]) 	 loss 1.344E-01 	 horizons 9.0
step 8190 	 return [0.         0.         0.         0.00619285 0.01665791 0.00351394
 0.00257699 0.00033259 0.         0.        ], ([0.         0.         0.         0.00011601 0.00134908 0.00037764
 0.00048741 0.00066525 0.         0.        ]) 	 loss 1.295E-01 	 horizons 9.0
step 8280 	 return [0.         0.         0.0012151  0.0130659  0.00764924 0.00071139
 0.00337962 0.         0.         0.        ], ([0.         0.         0.0014882  0.00114022 0.00094643 0.00108686
 0.00037425 0.         0.         0.        ]) 	 loss 1.191E-01 	 horizons 9.0
step 8370 	 return [0.         0.00395781 0.00175604 0.0099755  0.00936449 0.
 0.00211287 0.00117385 0.         0.        ], ([0.         0.00027856 0.00097634 0.00256925 0.00059942 0.
 0.00019108 0.00076847 0.         0.        ]) 	 loss 1.251E-01 	 horizons 9.0
step 8460 	 return [0.         0.00308815 0.00158726 0.00876942 0.00737886 0.
 0.0014403  0.00140016 0.00075108 0.        ], ([0.         0.0014079  0.00117772 0.00182523 0.00135225 0.
 0.00047986 0.00033633 0.0011474  0.        ]) 	 loss 1.232E-01 	 horizons 9.0
step 8550 	 return [0.         0.         0.00422052 0.01274709 0.00268124 0.
 0.00076934 0.00075162 0.         0.        ], ([0.0000000e+00 0.0000000e+00 0.0000000e+00 0.0000000e+00 2.3283064e-10
 0.0000000e+00 5.8207661e-11 0.0000000e+00 0.0000000e+00 0.0000000e+00]) 	 loss 1.145E-01 	 horizons 9.0
step 8640 	 return [0.         0.         0.         0.0088065  0.0162304  0.00083147
 0.00275014 0.00016854 0.         0.        ], ([0.         0.         0.         0.00144007 0.00157374 0.0013019
 0.00074914 0.00050561 0.         0.        ]) 	 loss 1.058E-01 	 horizons 9.0
step 8730 	 return [0.         0.00189863 0.00352263 0.0099979  0.00589843 0.
 0.00224587 0.00015333 0.         0.        ], ([0.         0.001913   0.00068483 0.00058952 0.00077611 0.
 0.00045402 0.00045998 0.         0.        ]) 	 loss 1.402E-01 	 horizons 9.0
step 8820 	 return [0.         0.00305533 0.00289325 0.00822334 0.00647499 0.
 0.00250333 0.         0.         0.        ], ([0.         0.00043604 0.00071257 0.00070694 0.00047985 0.
 0.0003378  0.         0.         0.        ]) 	 loss 1.192E-01 	 horizons 9.0
step 8910 	 return [0.         0.00383652 0.00223474 0.01158357 0.0089952  0.
 0.00224029 0.00067374 0.         0.        ], ([0.         0.00027387 0.0008654  0.00093055 0.00046676 0.
 0.00020801 0.00082517 0.         0.        ]) 	 loss 1.321E-01 	 horizons 9.0
step 9000 	 return [0.         0.         0.         0.00644303 0.01742996 0.00238895
 0.00112387 0.00168535 0.         0.        ], ([0.0000000e+00 0.0000000e+00 0.0000000e+00 9.3132257e-10 0.0000000e+00
 2.3283064e-10 0.0000000e+00 0.0000000e+00 0.0000000e+00 0.0000000e+00]) 	 loss 1.262E-01 	 horizons 9.0
step 9090 	 return [0.         0.         0.         0.00921313 0.01686257 0.
 0.00111585 0.0016779  0.         0.        ], ([0.0000000e+00 0.0000000e+00 0.0000000e+00 9.3132257e-10 1.8626451e-09
 0.0000000e+00 0.0000000e+00 1.1641532e-10 0.0000000e+00 0.0000000e+00]) 	 loss 1.151E-01 	 horizons 9.0
step 9180 	 return [0.         0.00219935 0.00335407 0.0058058  0.00747611 0.
 0.00199864 0.         0.         0.        ], ([0.         0.00085197 0.00130844 0.00193863 0.00070089 0.
 0.00043103 0.         0.         0.        ]) 	 loss 1.091E-01 	 horizons 9.0
step 9270 	 return [0.         0.00263276 0.0040366  0.01047908 0.00267607 0.
 0.00076713 0.00074946 0.         0.        ], ([0.0000000e+00 4.4176867e-04 1.8923543e-05 5.7992154e-05 5.6834888e-06
 0.0000000e+00 1.5801284e-06 1.7744314e-06 0.0000000e+00 0.0000000e+00]) 	 loss 1.303E-01 	 horizons 9.0
step 9360 	 return [0.         0.00297439 0.00373356 0.00777133 0.00518086 0.
 0.00212635 0.         0.         0.        ], ([0.         0.00055828 0.00043307 0.00019191 0.00038634 0.
 0.00012334 0.         0.         0.        ]) 	 loss 1.207E-01 	 horizons 9.0
step 9450 	 return [0.         0.001924   0.002697   0.01043446 0.00680776 0.
 0.00192798 0.00063118 0.         0.        ], ([0.         0.00170516 0.00096227 0.00133984 0.00048402 0.
 0.00073554 0.00077314 0.         0.        ]) 	 loss 9.279E-02 	 horizons 9.0
step 9540 	 return [0.         0.00363452 0.00359756 0.00768724 0.00515439 0.
 0.00212213 0.         0.         0.        ], ([0.         0.00049203 0.00047255 0.00031034 0.00040213 0.
 0.00012036 0.         0.         0.        ]) 	 loss 1.100E-01 	 horizons 9.0
step 9630 	 return [0.         0.00294034 0.00298174 0.00839543 0.00692875 0.
 0.00238852 0.         0.         0.        ], ([0.         0.00032285 0.0004935  0.00028069 0.00056062 0.
 0.00015371 0.         0.         0.        ]) 	 loss 1.076E-01 	 horizons 9.0
step 9720 	 return [0.         0.00253021 0.00319562 0.00777347 0.0061476  0.
 0.00114152 0.00137818 0.         0.        ], ([0.0000000e+00 7.5664086e-04 1.1636253e-03 1.1143920e-03 4.7001311e-05
 0.0000000e+00 4.4533238e-04 4.5939558e-04 0.0000000e+00 0.0000000e+00]) 	 loss 1.045E-01 	 horizons 9.0
step 9810 	 return [0.         0.00272215 0.00315549 0.00841573 0.00657518 0.
 0.00240679 0.         0.         0.        ], ([0.         0.00056169 0.00042704 0.00055682 0.00033593 0.
 0.00012741 0.         0.         0.        ]) 	 loss 1.119E-01 	 horizons 9.0
step 9900 	 return [0.         0.00396273 0.00398228 0.01004317 0.00291666 0.
 0.00076347 0.00074569 0.         0.        ], ([0.0000000e+00 1.3992050e-05 7.3442238e-06 7.8580400e-04 7.7294221e-04
 0.0000000e+00 3.2429757e-06 4.6612290e-06 0.0000000e+00 0.0000000e+00]) 	 loss 9.376E-02 	 horizons 9.0
step 9990 	 return [0.         0.00387144 0.002753   0.00651261 0.00761891 0.00348902
 0.00340864 0.         0.         0.        ], ([0.0000000e+00 0.0000000e+00 2.3283064e-10 0.0000000e+00 4.6566129e-10
 0.0000000e+00 0.0000000e+00 0.0000000e+00 0.0000000e+00 0.0000000e+00]) 	 loss 8.585E-02 	 horizons 9.0
step 10080 	 return [0.         0.00553734 0.0006692  0.00592304 0.00727609 0.
 0.00180079 0.00079691 0.         0.        ], ([0.         0.00182897 0.00106839 0.0017888  0.00041072 0.
 0.00051798 0.00079731 0.         0.        ]) 	 loss 9.317E-02 	 horizons 9.0
step 10170 	 return [0.         0.00387627 0.00274442 0.00951585 0.00455398 0.
 0.000695   0.00084251 0.00235937 0.        ], ([0.0000000e+00 1.1546073e-06 3.4519496e-07 1.5321280e-05 9.0845861e-05
 0.0000000e+00 2.0540499e-05 9.1111673e-05 1.0577753e-05 0.0000000e+00]) 	 loss 1.030E-01 	 horizons 9.0
step 10260 	 return [0.         0.00260718 0.00381393 0.00792677 0.0066521  0.
 0.00237757 0.         0.         0.        ], ([0.         0.00026418 0.00038786 0.00100493 0.00039254 0.
 0.00012292 0.         0.         0.        ]) 	 loss 9.772E-02 	 horizons 9.0
step 10350 	 return [0.         0.0024084  0.00293646 0.00815551 0.00713954 0.
 0.00218888 0.         0.         0.        ], ([0.0000000e+00 3.6273338e-04 5.0534545e-05 3.5398636e-05 2.5885849e-04
 0.0000000e+00 8.8212924e-05 0.0000000e+00 0.0000000e+00 0.0000000e+00]) 	 loss 9.348E-02 	 horizons 9.0
step 10440 	 return [0.         0.00158277 0.00285067 0.01359968 0.00840585 0.
 0.00251457 0.00016876 0.         0.        ], ([0.         0.00052759 0.00026921 0.0001517  0.0004313  0.
 0.00019662 0.00050627 0.         0.        ]) 	 loss 1.343E-01 	 horizons 9.0
step 10530 	 return [0.         0.         0.00020772 0.01185924 0.01422377 0.
 0.00118908 0.00165814 0.         0.        ], ([0.0000000e+00 0.0000000e+00 6.2314852e-04 4.9693504e-04 7.6927262e-04
 0.0000000e+00 2.7593970e-04 1.6893766e-05 0.0000000e+00 0.0000000e+00]) 	 loss 1.070E-01 	 horizons 9.0
step 10620 	 return [0.         0.00024715 0.00374025 0.01017123 0.0065071  0.
 0.00231319 0.00015462 0.         0.        ], ([0.         0.00074146 0.00124788 0.00102841 0.00030887 0.
 0.00043599 0.00046386 0.         0.        ]) 	 loss 1.083E-01 	 horizons 9.0
step 10710 	 return [6.3928805e-04 6.2795931e-05 2.0740870e-03 1.3277833e-03 1.1405179e-03
 0.0000000e+00 5.2083039e-04 3.5162263e-03 3.9768629e-04 0.0000000e+00], ([0.00025868 0.00018839 0.00040351 0.00021641 0.00057026 0.
 0.00059448 0.00066516 0.00082793 0.        ]) 	 loss 1.031E-01 	 horizons 9.0
step 10800 	 return [0.         0.00720722 0.00022648 0.00739442 0.00301935 0.
 0.00068943 0.00061964 0.         0.        ], ([0.0000000e+00 2.3096656e-04 4.5303800e-04 1.0366697e-03 3.6689625e-04
 0.0000000e+00 7.0668786e-05 1.2242964e-04 0.0000000e+00 0.0000000e+00]) 	 loss 9.012E-02 	 horizons 9.0
step 10890 	 return [0.         0.         0.         0.00988387 0.01602503 0.00072478
 0.00279212 0.         0.         0.        ], ([0.         0.         0.         0.00090393 0.00170888 0.00110712
 0.00010953 0.         0.         0.        ]) 	 loss 7.566E-02 	 horizons 9.0
step 10980 	 return [0.         0.00083757 0.00283466 0.01059246 0.00743246 0.
 0.0011881  0.00143025 0.         0.        ], ([0.0000000e+00 1.3573992e-03 7.1479604e-05 9.2381006e-04 2.7574788e-04
 0.0000000e+00 4.5751754e-04 4.7675066e-04 0.0000000e+00 0.0000000e+00]) 	 loss 7.912E-02 	 horizons 9.0
step 11070 	 return [0.00037316 0.         0.00076799 0.         0.00345196 0.00710207
 0.00526967 0.00341547 0.00387333 0.00390418], ([0.00057001 0.         0.00117312 0.         0.00086037 0.00099121
 0.00281227 0.00160024 0.00253618 0.00255602]) 	 loss 8.567E-02 	 horizons 9.0
step 11160 	 return [0.         0.00177142 0.00296724 0.01087066 0.01003045 0.00023951
 0.00288804 0.         0.         0.        ], ([0.0000000e+00 1.1265193e-05 1.8302630e-05 7.5004552e-04 1.6214115e-03
 7.1852899e-04 4.3672501e-04 0.0000000e+00 0.0000000e+00 0.0000000e+00]) 	 loss 9.016E-02 	 horizons 9.0
step 11250 	 return [0.         0.00131601 0.00206749 0.01078121 0.00799435 0.00297432
 0.00320506 0.         0.         0.        ], ([0.         0.00118497 0.0013546  0.00316822 0.00112113 0.00057888
 0.00030386 0.         0.         0.        ]) 	 loss 8.249E-02 	 horizons 9.0
step 11340 	 return [0.         0.         0.         0.00544623 0.01319678 0.00172511
 0.00597785 0.         0.         0.00264998], ([0.         0.         0.         0.00111059 0.00323283 0.00176768
 0.00120831 0.         0.         0.00264998]) 	 loss 8.163E-02 	 horizons 9.0
step 11430 	 return [0.         0.00144391 0.00480426 0.0088414  0.00564788 0.
 0.000665   0.         0.         0.        ], ([0.0000000e+00 3.0223929e-04 4.7652569e-04 1.4343235e-03 4.0336369e-04
 0.0000000e+00 2.9789637e-05 0.0000000e+00 0.0000000e+00 0.0000000e+00]) 	 loss 1.008E-01 	 horizons 9.0
step 11520 	 return [0.         0.00778734 0.0008504  0.0050769  0.00314925 0.
 0.00069153 0.00050707 0.         0.        ], ([0.0000000e+00 3.0993784e-04 5.9363188e-04 1.3534888e-03 7.4485852e-04
 0.0000000e+00 6.3893713e-05 2.7577570e-04 0.0000000e+00 0.0000000e+00]) 	 loss 7.750E-02 	 horizons 9.0
step 11610 	 return [0.         0.00284275 0.0029241  0.00795768 0.0067628  0.
 0.00232413 0.00015428 0.         0.        ], ([0.         0.0010089  0.00066255 0.00066679 0.00085088 0.
 0.00044286 0.00046284 0.         0.        ]) 	 loss 8.478E-02 	 horizons 9.0
step 11700 	 return [0.         0.00071883 0.00268501 0.01034474 0.00826205 0.
 0.00116075 0.00143578 0.         0.        ], ([0.         0.0011078  0.00030395 0.00099805 0.00124396 0.
 0.00035755 0.00047872 0.         0.        ]) 	 loss 9.683E-02 	 horizons 9.0
step 11790 	 return [0.         0.00297837 0.00339827 0.00491658 0.00741219 0.
 0.00221278 0.         0.         0.        ], ([0.0000000e+00 3.1195508e-04 4.4461738e-04 5.4302063e-06 2.9909288e-04
 0.0000000e+00 9.9306824e-05 0.0000000e+00 0.0000000e+00 0.0000000e+00]) 	 loss 7.505E-02 	 horizons 9.0
step 11880 	 return [0.         0.00516881 0.00200806 0.0067499  0.00307845 0.
 0.00065274 0.00050986 0.         0.        ], ([0.0000000e+00 7.8961917e-04 1.3534696e-03 1.3755208e-03 4.1347396e-04
 0.0000000e+00 5.6636803e-05 1.9968049e-04 0.0000000e+00 0.0000000e+00]) 	 loss 8.388E-02 	 horizons 9.0
step 11970 	 return [0.         0.00049996 0.00393659 0.00780871 0.00723608 0.
 0.00092402 0.00061946 0.         0.        ], ([0.         0.00099994 0.00091436 0.00176584 0.0010985  0.
 0.0004423  0.00030973 0.         0.        ]) 	 loss 1.091E-01 	 horizons 9.0
step 12060 	 return [0.00064455 0.00016596 0.00279776 0.00086625 0.00228862 0.
 0.00129628 0.00463248 0.00050233 0.        ], ([0.00064527 0.0001663  0.00033618 0.0007113  0.00086169 0.
 0.00100347 0.0009909  0.00100466 0.        ]) 	 loss 1.072E-01 	 horizons 9.0
step 12150 	 return [0.         0.00159216 0.0029718  0.0108908  0.00961498 0.00023951
 0.00303211 0.         0.         0.        ], ([0.0000000e+00 5.3083769e-04 2.9642519e-05 8.2629337e-04 1.7463160e-03
 7.1852887e-04 5.1475206e-04 0.0000000e+00 0.0000000e+00 0.0000000e+00]) 	 loss 1.246E-01 	 horizons 9.0
step 12240 	 return [0.         0.00692079 0.00110888 0.00554307 0.00280028 0.
 0.00070627 0.00065264 0.         0.        ], ([0.00000000e+00 1.25037401e-03 4.20262193e-04 1.52880815e-03
 3.26310954e-04 0.00000000e+00 6.13428056e-05 1.14755974e-04
 0.00000000e+00 0.00000000e+00]) 	 loss 8.534E-02 	 horizons 9.0
step 12330 	 return [0.         0.00250764 0.00409299 0.00629107 0.0067799  0.
 0.00078213 0.00077001 0.         0.        ], ([0.0000000e+00 8.5585079e-06 2.0902320e-05 1.5808658e-03 1.2088948e-03
 0.0000000e+00 2.9864327e-06 3.6084480e-06 0.0000000e+00 0.0000000e+00]) 	 loss 8.763E-02 	 horizons 9.0
step 12420 	 return [0.         0.         0.00207416 0.01101982 0.00784628 0.
 0.00103848 0.00159078 0.         0.        ], ([0.0000000e+00 0.0000000e+00 9.8847237e-04 9.8280027e-04 8.0765691e-04
 0.0000000e+00 1.3884246e-05 1.8157692e-05 0.0000000e+00 0.0000000e+00]) 	 loss 7.373E-02 	 horizons 9.0
step 12510 	 return [0.         0.00533969 0.00141198 0.00471092 0.00595531 0.
 0.00163488 0.00061476 0.         0.        ], ([0.         0.00161789 0.00120287 0.00081389 0.00061762 0.
 0.00052646 0.00075293 0.         0.        ]) 	 loss 8.072E-02 	 horizons 9.0
step 12600 	 return [0.         0.         0.00020772 0.01172266 0.01435976 0.
 0.0011968  0.00166996 0.         0.        ], ([0.0000000e+00 0.0000000e+00 6.2314852e-04 1.0518990e-03 1.0039135e-03
 0.0000000e+00 2.7331978e-04 1.1602962e-05 0.0000000e+00 0.0000000e+00]) 	 loss 8.327E-02 	 horizons 9.0
step 12690 	 return [0.         0.00338386 0.00264044 0.00934386 0.00723065 0.
 0.0022626  0.0001588  0.         0.        ], ([0.         0.0006267  0.00041644 0.00077075 0.00077093 0.
 0.00044443 0.00047639 0.         0.        ]) 	 loss 9.319E-02 	 horizons 9.0
step 12780 	 return [0.         0.00352306 0.00110864 0.00761129 0.01140737 0.00365245
 0.00365142 0.         0.         0.        ], ([0.0000000e+00 2.8750021e-04 9.0521364e-04 2.5295625e-03 8.3354261e-04
 2.8333175e-06 4.9749247e-06 0.0000000e+00 0.0000000e+00 0.0000000e+00]) 	 loss 8.703E-02 	 horizons 9.0
step 12870 	 return [0.00130844 0.00033852 0.00251935 0.         0.00296238 0.
 0.00038081 0.00544124 0.         0.        ], ([4.5734923e-06 1.8650435e-06 9.7764660e-06 0.0000000e+00 6.2157289e-04
 0.0000000e+00 1.1227807e-04 1.4336387e-04 0.0000000e+00 0.0000000e+00]) 	 loss 8.812E-02 	 horizons 9.0
step 12960 	 return [0.         0.00744412 0.00033422 0.00670796 0.0030751  0.
 0.00067303 0.00059128 0.         0.        ], ([0.0000000e+00 2.6645637e-04 5.1053468e-04 1.5801922e-03 3.6601629e-04
 0.0000000e+00 6.7738518e-05 1.1908920e-04 0.0000000e+00 0.0000000e+00]) 	 loss 7.962E-02 	 horizons 9.0
step 13050 	 return [0.         0.         0.00021043 0.00931903 0.01349863 0.00341121
 0.00353873 0.         0.         0.        ], ([0.         0.         0.0006313  0.00066548 0.00146727 0.00048886
 0.00025669 0.         0.         0.        ]) 	 loss 9.393E-02 	 horizons 9.0
step 13140 	 return [0.         0.         0.00042087 0.00710283 0.0165337  0.00277079
 0.00298912 0.         0.         0.        ], ([0.         0.         0.00084173 0.00194753 0.0017992  0.00057742
 0.00039576 0.         0.         0.        ]) 	 loss 1.179E-01 	 horizons 9.0
step 13230 	 return [0.         0.00378402 0.0039414  0.00725843 0.00511032 0.
 0.00219019 0.         0.         0.        ], ([0.0000000e+00 4.4121745e-04 9.3383656e-05 4.1732594e-04 4.7963439e-04
 0.0000000e+00 1.4296954e-04 0.0000000e+00 0.0000000e+00 0.0000000e+00]) 	 loss 9.273E-02 	 horizons 9.0
step 13320 	 return [0.         0.00504572 0.00028212 0.00856027 0.00853743 0.
 0.00227229 0.         0.         0.        ], ([0.0000000e+00 1.0986828e-03 5.9518259e-04 1.8717694e-03 1.0325515e-03
 0.0000000e+00 9.4626121e-05 0.0000000e+00 0.0000000e+00 0.0000000e+00]) 	 loss 9.317E-02 	 horizons 9.0
step 13410 	 return [0.         0.00613722 0.0003659  0.00595968 0.00692032 0.
 0.00212791 0.00031773 0.         0.        ], ([0.         0.00171495 0.00073181 0.00179797 0.00047395 0.
 0.00056205 0.00063545 0.         0.        ]) 	 loss 9.533E-02 	 horizons 9.0
step 13500 	 return [0.         0.00380865 0.00482104 0.00494689 0.00603299 0.
 0.0006336  0.         0.         0.        ], ([0.000000e+00 0.000000e+00 4.656613e-10 4.656613e-10 4.656613e-10
 0.000000e+00 5.820766e-11 0.000000e+00 0.000000e+00 0.000000e+00]) 	 loss 8.513E-02 	 horizons 9.0
step 13590 	 return [0.         0.         0.         0.0084686  0.01678587 0.00182779
 0.00179904 0.00016779 0.         0.        ], ([0.         0.         0.         0.00233687 0.00030688 0.00182779
 0.00092294 0.00050337 0.         0.        ]) 	 loss 8.280E-02 	 horizons 9.0
step 13680 	 return [0.         0.00174291 0.00242426 0.008384   0.00730529 0.
 0.00128933 0.00023236 0.         0.        ], ([0.         0.00160968 0.00150529 0.00180743 0.00069238 0.
 0.00080391 0.00035493 0.         0.        ]) 	 loss 8.949E-02 	 horizons 9.0
step 13770 	 return [0.         0.0003868  0.00378261 0.00910286 0.00717475 0.
 0.00076308 0.00046471 0.         0.        ], ([0.0000000e+00 5.9084606e-04 9.0771250e-04 1.9792006e-03 8.2356064e-04
 0.0000000e+00 2.9839968e-05 3.7943668e-04 0.0000000e+00 0.0000000e+00]) 	 loss 9.200E-02 	 horizons 9.0
step 13860 	 return [0.         0.00701838 0.         0.00478084 0.00668829 0.
 0.00241998 0.         0.         0.        ], ([0.0000000e+00 8.1448037e-05 0.0000000e+00 1.2843567e-05 3.6030417e-04
 0.0000000e+00 1.4356429e-04 0.0000000e+00 0.0000000e+00 0.0000000e+00]) 	 loss 9.825E-02 	 horizons 9.0
step 13950 	 return [0.00130844 0.00033852 0.00251935 0.         0.00296238 0.
 0.00038081 0.00544124 0.         0.        ], ([4.5734923e-06 1.8650435e-06 9.7764660e-06 0.0000000e+00 6.2157289e-04
 0.0000000e+00 1.1227807e-04 1.4336388e-04 0.0000000e+00 0.0000000e+00]) 	 loss 1.108E-01 	 horizons 9.0
step 14040 	 return [0.         0.         0.         0.01222428 0.01140658 0.00120245
 0.00310734 0.         0.         0.        ], ([0.         0.         0.         0.00130857 0.00169881 0.00120245
 0.00038643 0.         0.         0.        ]) 	 loss 1.106E-01 	 horizons 9.0
step 14130 	 return [0.         0.0017563  0.00293297 0.01287887 0.00698135 0.0023951
 0.0029035  0.         0.         0.        ], ([0.0000000e+00 1.1641532e-10 0.0000000e+00 0.0000000e+00 4.6566129e-10
 2.3283064e-10 2.3283064e-10 0.0000000e+00 0.0000000e+00 0.0000000e+00]) 	 loss 1.011E-01 	 horizons 9.0
step 14220 	 return [0.         0.00173019 0.00241443 0.0073661  0.0053417  0.00042166
 0.00351605 0.00029341 0.00054445 0.00054485], ([0.         0.00071345 0.00089236 0.00245925 0.00122762 0.00126498
 0.00123997 0.00088023 0.00163335 0.00163454]) 	 loss 8.967E-02 	 horizons 9.0
step 14310 	 return [0.         0.         0.         0.0062272  0.01713021 0.0035293
 0.00271986 0.         0.         0.        ], ([0.0000000e+00 0.0000000e+00 0.0000000e+00 9.6280964e-05 1.9364544e-04
 3.7881202e-04 4.9847181e-06 0.0000000e+00 0.0000000e+00 0.0000000e+00]) 	 loss 9.761E-02 	 horizons 9.0
step 14400 	 return [0.         0.00175873 0.00294065 0.01365896 0.00819431 0.
 0.00260863 0.         0.         0.        ], ([0.0000000e+00 2.3283064e-10 2.3283064e-10 1.8626451e-09 9.3132257e-10
 0.0000000e+00 0.0000000e+00 0.0000000e+00 0.0000000e+00 0.0000000e+00]) 	 loss 9.981E-02 	 horizons 9.0
step 14490 	 return [0.         0.00496607 0.00134556 0.00615318 0.00564709 0.
 0.00084398 0.00126992 0.00047117 0.        ], ([0.         0.00137848 0.00169395 0.00203757 0.00082395 0.
 0.00014644 0.0002989  0.00094234 0.        ]) 	 loss 7.819E-02 	 horizons 9.0
step 14580 	 return [0.         0.         0.00422052 0.01274709 0.00268124 0.
 0.00076934 0.00075162 0.         0.        ], ([0.0000000e+00 0.0000000e+00 0.0000000e+00 0.0000000e+00 2.3283064e-10
 0.0000000e+00 5.8207661e-11 0.0000000e+00 0.0000000e+00 0.0000000e+00]) 	 loss 7.890E-02 	 horizons 9.0
step 14670 	 return [0.00114755 0.00062796 0.00135523 0.0006805  0.         0.
 0.00059217 0.00180891 0.0014744  0.        ], ([1.1641532e-10 5.8207661e-11 1.1641532e-10 5.8207661e-11 0.0000000e+00
 0.0000000e+00 5.8207661e-11 2.3283064e-10 1.1641532e-10 0.0000000e+00]) 	 loss 7.597E-02 	 horizons 9.0
step 14760 	 return [0.         0.         0.         0.00921313 0.01686257 0.
 0.00111585 0.0016779  0.         0.        ], ([0.0000000e+00 0.0000000e+00 0.0000000e+00 9.3132257e-10 1.8626451e-09
 0.0000000e+00 0.0000000e+00 1.1641532e-10 0.0000000e+00 0.0000000e+00]) 	 loss 7.742E-02 	 horizons 9.0
step 14850 	 return [0.0008707  0.         0.00179198 0.         0.00421331 0.00721288
 0.00298247 0.00454579 0.00165265 0.00167708], ([0.00057001 0.         0.00117312 0.         0.00081055 0.00026062
 0.00288118 0.00158441 0.00252447 0.00256178]) 	 loss 7.166E-02 	 horizons 9.0
step 14940 	 return [0.         0.00383444 0.00230046 0.00928195 0.00779535 0.
 0.0014626  0.0014036  0.00077343 0.        ], ([0.         0.00016961 0.0005056  0.00321705 0.00011665 0.
 0.00041315 0.00033126 0.00118143 0.        ]) 	 loss 7.796E-02 	 horizons 9.0
step 15030 	 return [0.         0.00484268 0.00440237 0.0083571  0.00336322 0.
 0.00065062 0.00014883 0.         0.        ], ([0.0000000e+00 5.7313690e-04 5.3410983e-04 1.1667190e-03 3.5212000e-04
 0.0000000e+00 5.5894419e-05 2.9765585e-04 0.0000000e+00 0.0000000e+00]) 	 loss 6.362E-02 	 horizons 9.0
step 15120 	 return [0.0008707  0.         0.00179198 0.         0.00421331 0.00721288
 0.00298247 0.00454579 0.00165265 0.00167708], ([0.00057001 0.         0.00117312 0.         0.00081055 0.00026062
 0.00288118 0.00158441 0.00252447 0.00256178]) 	 loss 6.225E-02 	 horizons 9.0
step 15210 	 return [0.         0.00687354 0.00115049 0.00773106 0.0030287  0.
 0.00068966 0.0006214  0.         0.        ], ([0.0000000e+00 7.0312526e-06 6.9587259e-07 2.2269553e-05 3.7595563e-04
 0.0000000e+00 6.9799484e-05 1.1993112e-04 0.0000000e+00 0.0000000e+00]) 	 loss 5.973E-02 	 horizons 9.0
step 15300 	 return [0.         0.         0.         0.01062889 0.01535747 0.
 0.00129525 0.00168059 0.         0.        ], ([0.0000000e+00 0.0000000e+00 0.0000000e+00 1.4288228e-03 1.7736744e-03
 0.0000000e+00 3.6380065e-04 1.0670213e-05 0.0000000e+00 0.0000000e+00]) 	 loss 5.573E-02 	 horizons 9.0
step 15390 	 return [0.         0.00344193 0.00271333 0.00805571 0.00632355 0.
 0.00114014 0.00140748 0.         0.        ], ([0.         0.00145036 0.00103121 0.00184874 0.00031873 0.
 0.0003544  0.0004695  0.         0.        ]) 	 loss 6.288E-02 	 horizons 9.0
step 15480 	 return [0.         0.00439078 0.00066509 0.01050469 0.00927527 0.00023896
 0.00206573 0.00117394 0.         0.        ], ([0.         0.00132926 0.00106002 0.00028972 0.00103358 0.00071687
 0.00041729 0.00076862 0.         0.        ]) 	 loss 6.020E-02 	 horizons 9.0
step 15570 	 return [0.         0.00231103 0.00253922 0.00727865 0.00613178 0.
 0.00129437 0.00122295 0.         0.        ], ([0.         0.00240344 0.00126961 0.00124323 0.00016139 0.
 0.00061027 0.00061147 0.         0.        ]) 	 loss 6.654E-02 	 horizons 9.0
step 15660 	 return [0.         0.00390072 0.00391771 0.00985006 0.00272114 0.
 0.00074605 0.00071826 0.         0.        ], ([0.0000000e+00 1.6960426e-04 1.8458196e-04 1.3494011e-03 2.3387256e-04
 0.0000000e+00 4.2201169e-05 7.1550232e-05 0.0000000e+00 0.0000000e+00]) 	 loss 6.839E-02 	 horizons 9.0
step 15750 	 return [0.         0.00371266 0.00286498 0.00950851 0.00704053 0.
 0.00234253 0.         0.         0.        ], ([0.         0.00037891 0.00011296 0.00084887 0.00036046 0.
 0.00018023 0.         0.         0.        ]) 	 loss 6.196E-02 	 horizons 9.0
step 15840 	 return [0.         0.00401132 0.002811   0.01179654 0.00885233 0.
 0.00235965 0.         0.         0.        ], ([0.0000000e+00 1.9884935e-06 9.3831142e-07 1.6052922e-03 3.6107100e-04
 0.0000000e+00 1.5332321e-04 0.0000000e+00 0.0000000e+00 0.0000000e+00]) 	 loss 5.986E-02 	 horizons 9.0
step 15930 	 return [0.         0.00378489 0.00477838 0.00787667 0.00359284 0.
 0.00062751 0.         0.         0.        ], ([0.0000000e+00 2.3283064e-10 0.0000000e+00 0.0000000e+00 2.3283064e-10
 0.0000000e+00 5.8207661e-11 0.0000000e+00 0.0000000e+00 0.0000000e+00]) 	 loss 7.327E-02 	 horizons 9.0
step 16020 	 return [0.         0.         0.         0.01226723 0.01493596 0.
 0.00110918 0.00167136 0.         0.        ], ([0.0000000e+00 0.0000000e+00 0.0000000e+00 0.0000000e+00 0.0000000e+00
 0.0000000e+00 0.0000000e+00 1.1641532e-10 0.0000000e+00 0.0000000e+00]) 	 loss 6.842E-02 	 horizons 9.0
step 16110 	 return [0.         0.00289868 0.00193138 0.00862837 0.00839853 0.00023665
 0.0023623  0.         0.         0.        ], ([0.         0.00037024 0.00029287 0.00058625 0.00067575 0.00070996
 0.00021035 0.         0.         0.        ]) 	 loss 6.963E-02 	 horizons 9.0
step 16200 	 return [0.         0.00270152 0.0034299  0.0077418  0.00683818 0.
 0.00234659 0.         0.         0.        ], ([0.         0.00052209 0.00059386 0.00134768 0.00053637 0.
 0.00018884 0.         0.         0.        ]) 	 loss 6.919E-02 	 horizons 9.0
step 16290 	 return [0.         0.00516651 0.         0.00729425 0.00697347 0.
 0.0014155  0.00124114 0.00126057 0.        ], ([0.         0.00087862 0.         0.00203704 0.00171223 0.
 0.00036647 0.00035649 0.00126071 0.        ]) 	 loss 8.621E-02 	 horizons 9.0
step 16380 	 return [0.         0.00323938 0.00248294 0.00905431 0.00743766 0.
 0.00237493 0.         0.         0.        ], ([0.         0.00049621 0.00053734 0.00073251 0.00072378 0.
 0.00018661 0.         0.         0.        ]) 	 loss 7.079E-02 	 horizons 9.0
step 16470 	 return [0.         0.00379012 0.00283036 0.01115567 0.00914107 0.
 0.0024304  0.         0.         0.        ], ([0.0000000e+00 6.6510902e-04 5.7441215e-05 2.1167495e-03 1.2182652e-03
 0.0000000e+00 1.6301085e-04 0.0000000e+00 0.0000000e+00 0.0000000e+00]) 	 loss 6.898E-02 	 horizons 9.0
step 16560 	 return [0.         0.00716112 0.00011498 0.00773909 0.0030305  0.
 0.0006904  0.00062223 0.         0.        ], ([0.0000000e+00 1.1371909e-04 3.4493848e-04 2.5608597e-05 3.7555743e-04
 0.0000000e+00 7.0298309e-05 1.2021942e-04 0.0000000e+00 0.0000000e+00]) 	 loss 7.344E-02 	 horizons 9.0
step 16650 	 return [0.         0.         0.00043024 0.01113242 0.0068209  0.
 0.00098603 0.00116    0.         0.        ], ([0.         0.         0.00129073 0.00063772 0.00076965 0.
 0.00018073 0.00051379 0.         0.        ]) 	 loss 7.230E-02 	 horizons 9.0
step 16740 	 return [0.         0.00291598 0.00223863 0.00838135 0.0094489  0.00362143
 0.00360999 0.         0.         0.        ], ([0.0000000e+00 9.8309515e-04 4.9712538e-04 7.7873265e-06 1.5040609e-04
 3.1585143e-05 3.2469019e-05 0.0000000e+00 0.0000000e+00 0.0000000e+00]) 	 loss 8.703E-02 	 horizons 9.0
step 16830 	 return [0.         0.         0.         0.         0.00243051 0.0042223
 0.00601441 0.00379314 0.00556234 0.00547438], ([0.0000000e+00 0.0000000e+00 0.0000000e+00 0.0000000e+00 6.2047038e-06
 5.7048169e-06 9.0786815e-04 8.5903751e-04 1.1783465e-04 2.5911957e-05]) 	 loss 8.386E-02 	 horizons 9.0
step 16920 	 return [0.         0.0024855  0.00404291 0.01049841 0.00267796 0.
 0.00076766 0.00075005 0.         0.        ], ([0.0000000e+00 0.0000000e+00 4.6566129e-10 9.3132257e-10 2.3283064e-10
 0.0000000e+00 5.8207661e-11 5.8207661e-11 0.0000000e+00 0.0000000e+00]) 	 loss 8.157E-02 	 horizons 9.0
step 17010 	 return [0.00127894 0.00056148 0.00237923 0.0002453  0.00275196 0.
 0.00028103 0.00262384 0.         0.        ], ([3.8185437e-05 1.2986636e-04 6.0735267e-05 4.9060944e-04 1.1200625e-04
 0.0000000e+00 4.8804909e-06 9.5131902e-05 0.0000000e+00 0.0000000e+00]) 	 loss 6.800E-02 	 horizons 9.0
step 17100 	 return [0.         0.00236472 0.00400084 0.00525361 0.00768298 0.
 0.00203095 0.         0.         0.        ], ([0.         0.00041141 0.00022977 0.00103463 0.00040738 0.
 0.00022565 0.         0.         0.        ]) 	 loss 8.012E-02 	 horizons 9.0
step 17190 	 return [0.         0.00332339 0.00351672 0.00746623 0.00504684 0.
 0.00087085 0.00136195 0.         0.        ], ([0.0000000e+00 5.4677168e-04 4.8045296e-04 8.9957129e-04 1.0742026e-03
 0.0000000e+00 1.0771396e-04 7.2434217e-05 0.0000000e+00 0.0000000e+00]) 	 loss 6.452E-02 	 horizons 9.0
step 17280 	 return [0.         0.00275414 0.00221975 0.00690805 0.00597236 0.
 0.00115649 0.001413   0.         0.        ], ([0.         0.00074801 0.00051874 0.00092175 0.00064331 0.
 0.00028252 0.00029186 0.         0.        ]) 	 loss 7.723E-02 	 horizons 9.0
step 17370 	 return [0.         0.         0.         0.00632921 0.01610999 0.
 0.00713058 0.         0.         0.00529996], ([0.0000000e+00 0.0000000e+00 0.0000000e+00 4.6566129e-10 1.8626451e-09
 0.0000000e+00 9.3132257e-10 0.0000000e+00 0.0000000e+00 4.6566129e-10]) 	 loss 6.770E-02 	 horizons 9.0
step 17460 	 return [0.         0.00743793 0.00083862 0.00506258 0.00351049 0.
 0.00067507 0.00026509 0.         0.        ], ([0.0000000e+00 1.0193639e-03 8.6197536e-04 1.3334830e-03 9.0547604e-04
 0.0000000e+00 5.8447979e-05 3.3176906e-04 0.0000000e+00 0.0000000e+00]) 	 loss 6.237E-02 	 horizons 9.0
step 17550 	 return [0.         0.00293723 0.00231972 0.00972067 0.00982852 0.00023915
 0.00189591 0.00099029 0.         0.        ], ([0.         0.00099669 0.00116274 0.00183896 0.00138813 0.00071744
 0.00071428 0.0008087  0.         0.        ]) 	 loss 7.880E-02 	 horizons 9.0
step 17640 	 return [0.         0.00603813 0.         0.00820492 0.00811547 0.
 0.00104848 0.00159702 0.         0.        ], ([0.0000000e+00 2.6123158e-05 0.0000000e+00 2.5440278e-03 7.6309271e-04
 0.0000000e+00 4.7469248e-06 7.8302146e-06 0.0000000e+00 0.0000000e+00]) 	 loss 7.049E-02 	 horizons 9.0
step 17730 	 return [0.         0.00144584 0.00482049 0.00825719 0.00580325 0.
 0.00065281 0.         0.         0.        ], ([0.0000000e+00 3.0158614e-04 4.8146234e-04 1.1704756e-03 3.7771603e-04
 0.0000000e+00 2.6844700e-05 0.0000000e+00 0.0000000e+00 0.0000000e+00]) 	 loss 6.539E-02 	 horizons 9.0
step 17820 	 return [0.         0.00150846 0.00074143 0.0110736  0.01246677 0.00291321
 0.00324082 0.         0.         0.        ], ([0.         0.00184748 0.00090807 0.00023397 0.00116092 0.00060903
 0.00034464 0.         0.         0.        ]) 	 loss 6.240E-02 	 horizons 9.0
step 17910 	 return [0.         0.         0.         0.         0.00297517 0.00761099
 0.00738355 0.00212556 0.00550885 0.00559026], ([0.0000000e+00 0.0000000e+00 0.0000000e+00 0.0000000e+00 2.3283064e-10
 4.6566129e-10 4.6566129e-10 0.0000000e+00 0.0000000e+00 4.6566129e-10]) 	 loss 4.951E-02 	 horizons 9.0
step 18000 	 return [0.         0.00697268 0.00022907 0.00492322 0.00523946 0.
 0.0007391  0.00050546 0.         0.        ], ([0.0000000e+00 8.3261140e-04 4.5816731e-04 1.4583595e-04 2.2638400e-04
 0.0000000e+00 4.4918888e-05 3.3823092e-04 0.0000000e+00 0.0000000e+00]) 	 loss 4.064E-02 	 horizons 9.0
step 18090 	 return [0.         0.00172539 0.00288081 0.00778404 0.00767708 0.00349265
 0.00341555 0.         0.         0.        ], ([0.0000000e+00 2.3283064e-10 0.0000000e+00 4.6566129e-10 4.6566129e-10
 4.6566129e-10 0.0000000e+00 0.0000000e+00 0.0000000e+00 0.0000000e+00]) 	 loss 4.350E-02 	 horizons 9.0
step 18180 	 return [0.         0.         0.         0.00644357 0.01732329 0.00215005
 0.0012178  0.00169188 0.         0.        ], ([0.0000000e+00 0.0000000e+00 0.0000000e+00 1.6277658e-06 3.2003562e-04
 7.1668427e-04 2.8178125e-04 1.9576144e-05 0.0000000e+00 0.0000000e+00]) 	 loss 4.185E-02 	 horizons 9.0
step 18270 	 return [0.         0.         0.00305677 0.01232729 0.01078001 0.
 0.00106809 0.00162115 0.         0.        ], ([0.0000000e+00 0.0000000e+00 2.3283064e-10 0.0000000e+00 0.0000000e+00
 0.0000000e+00 1.1641532e-10 0.0000000e+00 0.0000000e+00 0.0000000e+00]) 	 loss 4.713E-02 	 horizons 9.0
step 18360 	 return [0.         0.00602526 0.         0.01001671 0.00889209 0.
 0.00238731 0.         0.         0.        ], ([0.         0.00013011 0.         0.0017521  0.00029426 0.
 0.00039463 0.         0.         0.        ]) 	 loss 3.564E-02 	 horizons 9.0
step 18450 	 return [0.         0.00605165 0.         0.01058737 0.00787289 0.
 0.00105211 0.0016035  0.         0.        ], ([0.0000000e+00 4.6566129e-10 0.0000000e+00 9.3132257e-10 0.0000000e+00
 0.0000000e+00 1.1641532e-10 1.1641532e-10 0.0000000e+00 0.0000000e+00]) 	 loss 3.748E-02 	 horizons 9.0
step 18540 	 return [0.         0.00254555 0.00250139 0.0092455  0.00971165 0.00301685
 0.00327001 0.         0.         0.        ], ([0.         0.00095802 0.00054705 0.00086099 0.00021928 0.00061775
 0.00035373 0.         0.         0.        ]) 	 loss 3.360E-02 	 horizons 9.0
step 18630 	 return [0.         0.         0.         0.00644303 0.01742996 0.00238895
 0.00112387 0.00168535 0.         0.        ], ([0.0000000e+00 0.0000000e+00 0.0000000e+00 9.3132257e-10 0.0000000e+00
 2.3283064e-10 0.0000000e+00 0.0000000e+00 0.0000000e+00 0.0000000e+00]) 	 loss 3.149E-02 	 horizons 9.0
step 18720 	 return [0.         0.         0.         0.01421127 0.01193818 0.
 0.00109505 0.00165601 0.         0.        ], ([0.000000e+00 0.000000e+00 0.000000e+00 6.488756e-04 9.992651e-04
 0.000000e+00 4.725113e-06 5.127228e-06 0.000000e+00 0.000000e+00]) 	 loss 2.858E-02 	 horizons 9.0
step 18810 	 return [0.         0.00786199 0.00111473 0.00430752 0.00270475 0.
 0.0007141  0.00066962 0.         0.        ], ([0.0000000e+00 9.4987454e-06 5.5669807e-07 1.1275522e-05 2.9613159e-04
 0.0000000e+00 5.0557548e-05 9.5944881e-05 0.0000000e+00 0.0000000e+00]) 	 loss 3.328E-02 	 horizons 9.0
step 18900 	 return [0.0013007  0.0006616  0.00183337 0.00078412 0.00168132 0.
 0.00028309 0.00301781 0.         0.        ], ([3.1036794e-05 1.8654991e-05 2.8883087e-04 4.0751850e-04 5.6334434e-04
 0.0000000e+00 2.5410695e-06 2.2330323e-04 0.0000000e+00 0.0000000e+00]) 	 loss 4.085E-02 	 horizons 9.0
step 18990 	 return [0.         0.00248509 0.00391047 0.00534651 0.00723755 0.
 0.00219814 0.         0.         0.        ], ([0.0000000e+00 2.0174597e-05 2.0346878e-04 5.3895637e-04 9.4649731e-04
 0.0000000e+00 2.2531794e-04 0.0000000e+00 0.0000000e+00 0.0000000e+00]) 	 loss 3.571E-02 	 horizons 9.0
step 19080 	 return [0.         0.         0.         0.01333051 0.010028   0.00240527
 0.00293083 0.         0.         0.        ], ([0.0000000e+00 0.0000000e+00 0.0000000e+00 3.3469496e-05 3.1563454e-06
 2.2470492e-07 5.1325196e-07 0.0000000e+00 0.0000000e+00 0.0000000e+00]) 	 loss 3.714E-02 	 horizons 9.0
step 19170 	 return [0.         0.         0.00422052 0.01274709 0.00268124 0.
 0.00076934 0.00075162 0.         0.        ], ([0.0000000e+00 0.0000000e+00 0.0000000e+00 0.0000000e+00 2.3283064e-10
 0.0000000e+00 5.8207661e-11 0.0000000e+00 0.0000000e+00 0.0000000e+00]) 	 loss 3.990E-02 	 horizons 9.0
step 19260 	 return [0.         0.0043151  0.00136368 0.00438051 0.00659056 0.
 0.00101171 0.00107806 0.         0.        ], ([0.         0.00126329 0.00147941 0.00067899 0.00097232 0.
 0.00034314 0.00050863 0.         0.        ]) 	 loss 3.897E-02 	 horizons 9.0
step 19350 	 return [0.         0.00597487 0.00175457 0.00292889 0.00249243 0.
 0.00068346 0.00062616 0.         0.        ], ([0.0000000e+00 7.0210499e-06 6.3777776e-07 1.2917734e-05 3.3338487e-04
 0.0000000e+00 5.0739236e-05 1.0991866e-04 0.0000000e+00 0.0000000e+00]) 	 loss 4.013E-02 	 horizons 9.0
step 19440 	 return [0.         0.         0.00210433 0.01070412 0.01384724 0.00366809
 0.00368019 0.         0.         0.        ], ([0.0000000e+00 0.0000000e+00 2.3283064e-10 0.0000000e+00 9.3132257e-10
 0.0000000e+00 0.0000000e+00 0.0000000e+00 0.0000000e+00 0.0000000e+00]) 	 loss 3.591E-02 	 horizons 9.0
step 19530 	 return [0.00124386 0.         0.00255997 0.         0.00474395 0.00704227
 0.00109629 0.00558304 0.         0.        ], ([1.1641532e-10 0.0000000e+00 2.3283064e-10 0.0000000e+00 4.6566129e-10
 4.6566129e-10 0.0000000e+00 4.6566129e-10 0.0000000e+00 0.0000000e+00]) 	 loss 3.805E-02 	 horizons 9.0
step 19620 	 return [0.         0.00299809 0.00334881 0.00609413 0.00639196 0.
 0.00107281 0.00120617 0.         0.        ], ([0.         0.00138743 0.00115454 0.00112497 0.00076064 0.
 0.0004949  0.00049955 0.         0.        ]) 	 loss 4.060E-02 	 horizons 9.0
step 19710 	 return [0.         0.00361198 0.00241113 0.00898645 0.00617756 0.
 0.00123906 0.00136937 0.00049522 0.        ], ([0.         0.00067021 0.00086036 0.00171747 0.00094688 0.
 0.00039396 0.00033177 0.00099057 0.        ]) 	 loss 4.839E-02 	 horizons 9.0
step 19800 	 return [0.00110166 0.00027818 0.00239111 0.00100722 0.00225867 0.
 0.0005487  0.00343095 0.         0.        ], ([3.6919513e-04 9.3638439e-05 2.5709084e-04 5.0945184e-04 4.1705181e-04
 0.0000000e+00 5.7749060e-04 9.6762530e-04 0.0000000e+00 0.0000000e+00]) 	 loss 6.115E-02 	 horizons 9.0
step 19890 	 return [0.         0.003557   0.00381894 0.00715921 0.00564722 0.
 0.00209472 0.         0.         0.        ], ([0.         0.00059419 0.00027765 0.00059306 0.00021632 0.
 0.00018971 0.         0.         0.        ]) 	 loss 5.391E-02 	 horizons 9.0
step 19980 	 return [0.         0.00569499 0.         0.00483057 0.00941173 0.00363205
 0.00360708 0.         0.         0.        ], ([0.0000000e+00 6.2276777e-05 0.0000000e+00 4.6464147e-06 3.8308281e-06
 5.6079625e-07 1.0415703e-06 0.0000000e+00 0.0000000e+00 0.0000000e+00]) 	 loss 5.427E-02 	 horizons 9.0
step 20070 	 return [0.         0.         0.         0.         0.00297517 0.00761099
 0.00738355 0.00212556 0.00550885 0.00559026], ([0.0000000e+00 0.0000000e+00 0.0000000e+00 0.0000000e+00 2.3283064e-10
 4.6566129e-10 4.6566129e-10 0.0000000e+00 0.0000000e+00 4.6566129e-10]) 	 loss 5.795E-02 	 horizons 9.0
step 20160 	 return [0.         0.00785487 0.00111431 0.00429907 0.00292685 0.
 0.00067618 0.00059766 0.         0.        ], ([0.00000000e+00 1.18734315e-05 6.95872586e-07 1.40944021e-05
 3.70164518e-04 0.00000000e+00 6.31969306e-05 1.19931094e-04
 0.00000000e+00 0.00000000e+00]) 	 loss 4.848E-02 	 horizons 9.0
step 20250 	 return [0.         0.00371059 0.00166794 0.01019395 0.01114488 0.00365784
 0.00366095 0.         0.         0.        ], ([0.0000000e+00 1.7976260e-04 5.5598054e-04 1.6827612e-03 3.3471789e-04
 2.7471565e-06 3.9369620e-06 0.0000000e+00 0.0000000e+00 0.0000000e+00]) 	 loss 4.816E-02 	 horizons 9.0
step 20340 	 return [0.         0.00399564 0.00399962 0.00765306 0.00522946 0.
 0.00077314 0.0007989  0.         0.        ], ([0.0000000e+00 2.4849211e-05 1.2402982e-05 9.1875925e-05 3.2165652e-04
 0.0000000e+00 6.6446992e-05 2.1016345e-04 0.0000000e+00 0.0000000e+00]) 	 loss 3.294E-02 	 horizons 9.0
step 20430 	 return [0.         0.00119836 0.00291001 0.00936833 0.00946376 0.00322806
 0.00337493 0.         0.         0.        ], ([0.0000000e+00 7.8451069e-04 9.5514944e-05 1.5222158e-03 3.0408133e-04
 5.4179452e-04 2.9831077e-04 0.0000000e+00 0.0000000e+00 0.0000000e+00]) 	 loss 4.496E-02 	 horizons 9.0
step 20520 	 return [0.         0.         0.00416493 0.01059358 0.00616474 0.
 0.00099544 0.00153328 0.         0.        ], ([0.0000000e+00 0.0000000e+00 4.6566129e-10 9.3132257e-10 4.6566129e-10
 0.0000000e+00 0.0000000e+00 1.1641532e-10 0.0000000e+00 0.0000000e+00]) 	 loss 4.018E-02 	 horizons 9.0
step 20610 	 return [0.         0.00174286 0.00291495 0.00482659 0.01010469 0.00349692
 0.00342392 0.         0.         0.        ], ([0.0000000e+00 1.1641532e-10 2.3283064e-10 4.6566129e-10 0.0000000e+00
 2.3283064e-10 0.0000000e+00 0.0000000e+00 0.0000000e+00 0.0000000e+00]) 	 loss 4.341E-02 	 horizons 9.0
step 20700 	 return [0.         0.00263416 0.00398673 0.00559675 0.00747532 0.
 0.00097224 0.00061837 0.         0.        ], ([0.         0.00043612 0.00032622 0.00122216 0.00067894 0.
 0.00039512 0.00030918 0.         0.        ]) 	 loss 3.463E-02 	 horizons 9.0
step 20790 	 return [0.         0.00246311 0.00385445 0.00528535 0.00738916 0.
 0.00218142 0.         0.         0.        ], ([0.0000000e+00 8.9699046e-05 4.2341335e-04 5.9051719e-04 8.1963080e-04
 0.0000000e+00 2.1447543e-04 0.0000000e+00 0.0000000e+00 0.0000000e+00]) 	 loss 3.809E-02 	 horizons 9.0
step 20880 	 return [0.         0.00277861 0.00336827 0.00829416 0.00562996 0.
 0.00116654 0.00129715 0.00023741 0.        ], ([0.         0.00073767 0.00061974 0.00118997 0.00092468 0.
 0.00041421 0.00030799 0.00071224 0.        ]) 	 loss 3.686E-02 	 horizons 9.0
step 20970 	 return [0.         0.00017587 0.00306321 0.01271434 0.01095274 0.
 0.00123299 0.00147462 0.         0.        ], ([0.0000000e+00 5.2761886e-04 4.3012824e-05 3.6736098e-04 9.7405526e-04
 0.0000000e+00 4.5861999e-04 4.9167650e-04 0.0000000e+00 0.0000000e+00]) 	 loss 4.187E-02 	 horizons 9.0
step 21060 	 return [0.         0.00263504 0.00401692 0.00525693 0.00672615 0.
 0.00104591 0.00127787 0.         0.        ], ([0.         0.00043119 0.00012552 0.00077835 0.00053459 0.
 0.00031825 0.00042781 0.         0.        ]) 	 loss 3.915E-02 	 horizons 9.0
step 21150 	 return [0.         0.00369184 0.00400701 0.00771752 0.00528419 0.
 0.00073307 0.00081532 0.         0.        ], ([0.0000000e+00 6.0366228e-04 2.3926790e-05 1.9476684e-04 2.4180961e-04
 0.0000000e+00 6.1512590e-05 1.8333852e-04 0.0000000e+00 0.0000000e+00]) 	 loss 4.132E-02 	 horizons 9.0
step 21240 	 return [0.         0.00376532 0.00185073 0.00515264 0.01214499 0.00365514
 0.00365313 0.         0.         0.        ], ([0.000000e+00 0.000000e+00 0.000000e+00 4.656613e-10 9.313226e-10
 4.656613e-10 0.000000e+00 0.000000e+00 0.000000e+00 0.000000e+00]) 	 loss 3.908E-02 	 horizons 9.0
step 21330 	 return [0.         0.         0.00416493 0.01059358 0.00616474 0.
 0.00099544 0.00153328 0.         0.        ], ([0.0000000e+00 0.0000000e+00 4.6566129e-10 9.3132257e-10 4.6566129e-10
 0.0000000e+00 0.0000000e+00 1.1641532e-10 0.0000000e+00 0.0000000e+00]) 	 loss 3.667E-02 	 horizons 9.0
step 21420 	 return [0.         0.         0.         0.         0.00297517 0.00761099
 0.00738355 0.00212556 0.00550885 0.00559026], ([0.0000000e+00 0.0000000e+00 0.0000000e+00 0.0000000e+00 2.3283064e-10
 4.6566129e-10 4.6566129e-10 0.0000000e+00 0.0000000e+00 4.6566129e-10]) 	 loss 3.690E-02 	 horizons 9.0
step 21510 	 return [0.         0.         0.00431038 0.01573725 0.00701887 0.
 0.00076398 0.         0.         0.        ], ([0.0000000e+00 0.0000000e+00 4.6566129e-10 1.8626451e-09 0.0000000e+00
 0.0000000e+00 5.8207661e-11 0.0000000e+00 0.0000000e+00 0.0000000e+00]) 	 loss 3.629E-02 	 horizons 9.0
step 21600 	 return [0.         0.00424431 0.0022024  0.00617681 0.00797797 0.0035177
 0.00344847 0.         0.         0.        ], ([0.0000000e+00 7.4572716e-04 1.1011999e-03 6.7160057e-04 7.1812997e-04
 5.7355879e-05 7.9649129e-05 0.0000000e+00 0.0000000e+00 0.0000000e+00]) 	 loss 3.459E-02 	 horizons 9.0
step 21690 	 return [0.         0.00361075 0.00089942 0.00931039 0.009074   0.
 0.00171737 0.00165363 0.         0.        ], ([0.0000000e+00 1.1922235e-03 1.3738815e-03 1.3782374e-03 1.6400944e-03
 0.0000000e+00 4.1434885e-04 9.1213415e-06 0.0000000e+00 0.0000000e+00]) 	 loss 3.159E-02 	 horizons 9.0
step 21780 	 return [0.         0.00687354 0.00115049 0.00773106 0.0030287  0.
 0.00068966 0.0006214  0.         0.        ], ([0.0000000e+00 7.0312526e-06 6.9587259e-07 2.2269553e-05 3.7595563e-04
 0.0000000e+00 6.9799484e-05 1.1993112e-04 0.0000000e+00 0.0000000e+00]) 	 loss 4.388E-02 	 horizons 9.0
step 21870 	 return [0.         0.00114497 0.00336624 0.01033819 0.00977313 0.
 0.00076567 0.         0.         0.        ], ([0.0000000e+00 2.5984598e-06 1.2274947e-05 1.2089750e-04 2.0771222e-04
 0.0000000e+00 5.4202624e-06 0.0000000e+00 0.0000000e+00 0.0000000e+00]) 	 loss 4.329E-02 	 horizons 9.0
step 21960 	 return [0.         0.         0.00021043 0.006826   0.01663151 0.0025184
 0.00306659 0.         0.         0.        ], ([0.         0.         0.0006313  0.00131041 0.00165238 0.00038325
 0.0005106  0.         0.         0.        ]) 	 loss 4.028E-02 	 horizons 9.0
step 22050 	 return [0.         0.         0.00375802 0.01084661 0.00648515 0.
 0.00235956 0.         0.         0.        ], ([0.         0.         0.00125267 0.0004871  0.00023921 0.
 0.00029788 0.         0.         0.        ]) 	 loss 3.722E-02 	 horizons 9.0
step 22140 	 return [0.         0.00231929 0.00239515 0.00931452 0.01123716 0.
 0.0012647  0.00164666 0.         0.        ], ([0.0000000e+00 1.0641494e-03 1.1976147e-03 2.7974336e-03 4.6398843e-04
 0.0000000e+00 3.6628789e-04 1.5395774e-05 0.0000000e+00 0.0000000e+00]) 	 loss 3.595E-02 	 horizons 9.0
step 22230 	 return [0.         0.00178205 0.00298381 0.01094841 0.01124498 0.
 0.00263313 0.         0.         0.        ], ([0.0000000e+00 8.9307559e-06 1.3787096e-05 1.8467398e-04 3.2941191e-04
 0.0000000e+00 1.8469895e-05 0.0000000e+00 0.0000000e+00 0.0000000e+00]) 	 loss 3.741E-02 	 horizons 9.0
step 22320 	 return [0.         0.         0.00021043 0.00776567 0.01667261 0.00253667
 0.00294564 0.         0.         0.        ], ([0.         0.         0.0006313  0.00138495 0.00121559 0.00037763
 0.00028059 0.         0.         0.        ]) 	 loss 3.039E-02 	 horizons 9.0
step 22410 	 return [0.         0.         0.00302178 0.01428988 0.00698749 0.00239618
 0.00290598 0.         0.         0.        ], ([0.0000000e+00 0.0000000e+00 2.3283064e-10 0.0000000e+00 0.0000000e+00
 2.3283064e-10 2.3283064e-10 0.0000000e+00 0.0000000e+00 0.0000000e+00]) 	 loss 2.905E-02 	 horizons 9.0
step 22500 	 return [0.         0.00574552 0.         0.00482786 0.00923306 0.00361788
 0.0035875  0.         0.         0.        ], ([0.0000000e+00 2.9267228e-05 0.0000000e+00 1.7251494e-05 5.4351735e-04
 4.3590997e-05 6.0797014e-05 0.0000000e+00 0.0000000e+00 0.0000000e+00]) 	 loss 3.347E-02 	 horizons 9.0
step 22590 	 return [0.         0.0017563  0.00293297 0.01287887 0.00698135 0.0023951
 0.0029035  0.         0.         0.        ], ([0.0000000e+00 1.1641532e-10 0.0000000e+00 0.0000000e+00 4.6566129e-10
 2.3283064e-10 2.3283064e-10 0.0000000e+00 0.0000000e+00 0.0000000e+00]) 	 loss 3.048E-02 	 horizons 9.0
step 22680 	 return [0.         0.         0.00302178 0.01428988 0.00698749 0.00239618
 0.00290598 0.         0.         0.        ], ([0.0000000e+00 0.0000000e+00 2.3283064e-10 0.0000000e+00 0.0000000e+00
 2.3283064e-10 2.3283064e-10 0.0000000e+00 0.0000000e+00 0.0000000e+00]) 	 loss 3.326E-02 	 horizons 9.0
step 22770 	 return [0.         0.00142632 0.00280501 0.01112413 0.01161398 0.00023951
 0.00236808 0.00034159 0.         0.        ], ([0.         0.00071326 0.00035707 0.00062527 0.00166192 0.00071853
 0.00025989 0.0006832  0.         0.        ]) 	 loss 2.782E-02 	 horizons 9.0
step 22860 	 return [0.         0.00179516 0.00300354 0.01118729 0.01224073 0.
 0.00244596 0.         0.         0.        ], ([0.0000000e+00 4.3224270e-07 1.0870228e-06 3.5287067e-05 4.0217928e-04
 0.0000000e+00 1.7585918e-04 0.0000000e+00 0.0000000e+00 0.0000000e+00]) 	 loss 3.414E-02 	 horizons 9.0
step 22950 	 return [0.         0.00360794 0.00379815 0.00459411 0.00512569 0.
 0.0007321  0.00059636 0.         0.        ], ([0.0000000e+00 2.5167078e-04 5.6432880e-04 1.6515102e-03 4.8581438e-04
 0.0000000e+00 4.9977145e-05 2.9827122e-04 0.0000000e+00 0.0000000e+00]) 	 loss 3.903E-02 	 horizons 9.0
step 23040 	 return [0.0000000e+00 8.3982302e-03 2.2272274e-04 4.6633137e-03 3.4831304e-03
 0.0000000e+00 6.1937515e-04 9.5546493e-05 0.0000000e+00 0.0000000e+00], ([0.0000000e+00 2.7761946e-04 4.4544550e-04 1.8917081e-04 9.3060262e-05
 0.0000000e+00 3.1938775e-06 1.9109299e-04 0.0000000e+00 0.0000000e+00]) 	 loss 3.316E-02 	 horizons 9.0
step 23130 	 return [0.         0.         0.         0.01074018 0.01589926 0.
 0.00111252 0.00167463 0.         0.        ], ([0.0000000e+00 0.0000000e+00 0.0000000e+00 1.5270500e-03 9.6330140e-04
 0.0000000e+00 3.3355902e-06 3.2685930e-06 0.0000000e+00 0.0000000e+00]) 	 loss 4.055E-02 	 horizons 9.0
step 23220 	 return [0.         0.00250925 0.00409758 0.00497069 0.00753442 0.
 0.00082905 0.00096258 0.         0.        ], ([0.0000000e+00 8.2274664e-06 1.9061101e-05 4.5224977e-05 3.5521580e-04
 0.0000000e+00 6.7945366e-05 2.8965974e-04 0.0000000e+00 0.0000000e+00]) 	 loss 3.415E-02 	 horizons 9.0
step 23310 	 return [0.         0.002496   0.00406494 0.00845435 0.00503718 0.
 0.00077739 0.00076404 0.         0.        ], ([0.0000000e+00 3.4979778e-06 7.3442225e-06 6.8135565e-04 7.8640645e-04
 0.0000000e+00 3.2429930e-06 4.6612458e-06 0.0000000e+00 0.0000000e+00]) 	 loss 2.896E-02 	 horizons 9.0
step 23400 	 return [0.         0.         0.         0.00619511 0.01706567 0.00365557
 0.0027182  0.         0.         0.        ], ([0.0000000e+00 0.0000000e+00 0.0000000e+00 0.0000000e+00 1.8626451e-09
 4.6566129e-10 2.3283064e-10 0.0000000e+00 0.0000000e+00 0.0000000e+00]) 	 loss 3.952E-02 	 horizons 9.0
step 23490 	 return [0.00114755 0.00062796 0.00135523 0.0006805  0.         0.
 0.00059217 0.00180891 0.0014744  0.        ], ([1.1641532e-10 5.8207661e-11 1.1641532e-10 5.8207661e-11 0.0000000e+00
 0.0000000e+00 5.8207661e-11 2.3283064e-10 1.1641532e-10 0.0000000e+00]) 	 loss 3.146E-02 	 horizons 9.0
step 23580 	 return [0.         0.0017563  0.00293297 0.01287887 0.00698135 0.0023951
 0.0029035  0.         0.         0.        ], ([0.0000000e+00 1.1641532e-10 0.0000000e+00 0.0000000e+00 4.6566129e-10
 2.3283064e-10 2.3283064e-10 0.0000000e+00 0.0000000e+00 0.0000000e+00]) 	 loss 3.540E-02 	 horizons 9.0
step 23670 	 return [0.         0.         0.00189787 0.01281626 0.00777173 0.
 0.00225049 0.         0.         0.        ], ([0.         0.         0.00124914 0.00102629 0.00037389 0.
 0.00051035 0.         0.         0.        ]) 	 loss 2.822E-02 	 horizons 9.0
step 23760 	 return [0.         0.         0.00305591 0.01169355 0.00992825 0.00240045
 0.00291925 0.         0.         0.        ], ([0.0000000e+00 0.0000000e+00 2.3283064e-10 9.3132257e-10 9.3132257e-10
 0.0000000e+00 0.0000000e+00 0.0000000e+00 0.0000000e+00 0.0000000e+00]) 	 loss 3.159E-02 	 horizons 9.0
step 23850 	 return [0.         0.00130491 0.00202625 0.00837299 0.00745313 0.
 0.00112234 0.00158834 0.         0.        ], ([0.0000000e+00 4.8931973e-04 2.8187918e-04 1.1049256e-03 5.0398172e-05
 0.0000000e+00 2.7622844e-04 9.2919527e-06 0.0000000e+00 0.0000000e+00]) 	 loss 3.630E-02 	 horizons 9.0
step 23940 	 return [0.         0.00566398 0.         0.00482178 0.00922805 0.00361715
 0.00358614 0.         0.         0.        ], ([0.0000000e+00 8.2945640e-05 0.0000000e+00 1.5884587e-05 5.4185838e-04
 4.3349697e-05 6.0351002e-05 0.0000000e+00 0.0000000e+00 0.0000000e+00]) 	 loss 3.195E-02 	 horizons 9.0
step 24030 	 return [0.         0.00744332 0.00011344 0.00501793 0.00528213 0.
 0.00075165 0.00065847 0.         0.        ], ([0.0000000e+00 2.3915530e-04 3.4032945e-04 1.0478523e-04 2.1370471e-04
 0.0000000e+00 4.5526609e-05 2.3084511e-04 0.0000000e+00 0.0000000e+00]) 	 loss 3.225E-02 	 horizons 9.0
step 24120 	 return [0.         0.00171194 0.00284748 0.00837181 0.00926469 0.00358275
 0.00357022 0.         0.         0.        ], ([0.0000000e+00 1.1641532e-10 0.0000000e+00 0.0000000e+00 0.0000000e+00
 0.0000000e+00 4.6566129e-10 0.0000000e+00 0.0000000e+00 0.0000000e+00]) 	 loss 4.235E-02 	 horizons 9.0
step 24210 	 return [0.         0.         0.00210433 0.01070412 0.01384724 0.00366809
 0.00368019 0.         0.         0.        ], ([0.0000000e+00 0.0000000e+00 2.3283064e-10 0.0000000e+00 9.3132257e-10
 0.0000000e+00 0.0000000e+00 0.0000000e+00 0.0000000e+00 0.0000000e+00]) 	 loss 3.403E-02 	 horizons 9.0
step 24300 	 return [0.0000000e+00 8.0795269e-03 1.0209882e-03 4.7373474e-03 5.1827021e-03
 0.0000000e+00 7.0867699e-04 5.1841849e-05 0.0000000e+00 0.0000000e+00], ([0.0000000e+00 2.4336320e-04 3.4032942e-04 1.0031181e-04 2.4361107e-04
 0.0000000e+00 2.8292325e-05 1.5552554e-04 0.0000000e+00 0.0000000e+00]) 	 loss 3.128E-02 	 horizons 9.0
step 24390 	 return [0.         0.00405787 0.0024777  0.00634471 0.00779844 0.00350336
 0.00342855 0.         0.         0.        ], ([0.0000000e+00 5.5929535e-04 8.2589994e-04 5.0370040e-04 5.3859747e-04
 4.3016902e-05 5.9736845e-05 0.0000000e+00 0.0000000e+00 0.0000000e+00]) 	 loss 2.418E-02 	 horizons 9.0
step 24480 	 return [0.00114755 0.00062796 0.00135523 0.0006805  0.         0.
 0.00059217 0.00180891 0.0014744  0.        ], ([1.1641532e-10 5.8207661e-11 1.1641532e-10 5.8207661e-11 0.0000000e+00
 0.0000000e+00 5.8207661e-11 2.3283064e-10 1.1641532e-10 0.0000000e+00]) 	 loss 3.292E-02 	 horizons 9.0
step 24570 	 return [0.         0.         0.00287809 0.01283053 0.01108694 0.
 0.00127102 0.00165521 0.         0.        ], ([0.0000000e+00 0.0000000e+00 4.1753252e-04 1.6020090e-04 8.2381075e-04
 0.0000000e+00 3.6971446e-04 1.6182476e-05 0.0000000e+00 0.0000000e+00]) 	 loss 2.977E-02 	 horizons 9.0
step 24660 	 return [0.00123502 0.00031306 0.0023377  0.00085857 0.00275151 0.
 0.00030095 0.00362375 0.         0.        ], ([4.9566879e-05 1.7277656e-05 1.2211724e-04 5.6206377e-04 3.4150618e-04
 0.0000000e+00 1.5523314e-05 1.2367520e-03 0.0000000e+00 0.0000000e+00]) 	 loss 3.154E-02 	 horizons 9.0
step 24750 	 return [0.         0.00103749 0.003493   0.01074211 0.01007043 0.
 0.00084897 0.         0.         0.        ], ([0.         0.00034583 0.00026981 0.00012367 0.00097752 0.
 0.00020112 0.         0.         0.        ]) 	 loss 2.904E-02 	 horizons 9.0
step 24840 	 return [0.         0.         0.         0.01537952 0.00701786 0.00240033
 0.00291602 0.         0.         0.        ], ([0.0000000e+00 0.0000000e+00 0.0000000e+00 0.0000000e+00 9.3132257e-10
 0.0000000e+00 2.3283064e-10 0.0000000e+00 0.0000000e+00 0.0000000e+00]) 	 loss 2.831E-02 	 horizons 9.0
step 24930 	 return [0.         0.         0.         0.0120402  0.01537603 0.
 0.00254891 0.00016779 0.         0.        ], ([0.         0.         0.         0.00094236 0.00049551 0.
 0.00047769 0.00050337 0.         0.        ]) 	 loss 2.190E-02 	 horizons 9.0
step 25020 	 return [0.         0.         0.00422052 0.01274709 0.00268124 0.
 0.00076934 0.00075162 0.         0.        ], ([0.0000000e+00 0.0000000e+00 0.0000000e+00 0.0000000e+00 2.3283064e-10
 0.0000000e+00 5.8207661e-11 0.0000000e+00 0.0000000e+00 0.0000000e+00]) 	 loss 2.364E-02 	 horizons 9.0
step 25110 	 return [0.         0.00178992 0.00299806 0.0111458  0.01148233 0.
 0.00108448 0.00164556 0.         0.        ], ([0.0000000e+00 1.1641532e-10 2.3283064e-10 9.3132257e-10 9.3132257e-10
 0.0000000e+00 1.1641532e-10 1.1641532e-10 0.0000000e+00 0.0000000e+00]) 	 loss 2.565E-02 	 horizons 9.0
step 25200 	 return [0.00123614 0.00041313 0.0020898  0.00113851 0.00218881 0.
 0.00028867 0.00290408 0.         0.        ], ([5.1281015e-05 1.7013795e-04 2.5655804e-04 1.3443627e-04 5.1803200e-04
 0.0000000e+00 3.2414634e-06 1.3743051e-04 0.0000000e+00 0.0000000e+00]) 	 loss 3.245E-02 	 horizons 9.0
step 25290 	 return [0.         0.         0.00302334 0.01227726 0.01110543 0.
 0.00262716 0.         0.         0.        ], ([0.0000000e+00 0.0000000e+00 1.2073880e-04 4.2206430e-04 1.7877649e-04
 0.0000000e+00 9.3092203e-06 0.0000000e+00 0.0000000e+00 0.0000000e+00]) 	 loss 3.131E-02 	 horizons 9.0
step 25380 	 return [0.         0.         0.         0.01237675 0.01521596 0.
 0.00270856 0.         0.         0.        ], ([0.0000000e+00 0.0000000e+00 0.0000000e+00 4.4860688e-05 1.0215118e-05
 0.0000000e+00 8.3381315e-07 0.0000000e+00 0.0000000e+00 0.0000000e+00]) 	 loss 2.696E-02 	 horizons 9.0
step 25470 	 return [0.         0.00387963 0.00362899 0.00423523 0.00567372 0.
 0.00116859 0.         0.         0.        ], ([0.0000000e+00 8.6929205e-05 1.4599680e-03 8.7160652e-04 4.4002454e-04
 0.0000000e+00 6.5522391e-04 0.0000000e+00 0.0000000e+00 0.0000000e+00]) 	 loss 2.699E-02 	 horizons 9.0
step 25560 	 return [0.         0.00256686 0.00397784 0.00491821 0.00736535 0.
 0.00078975 0.00118275 0.         0.        ], ([0.0000000e+00 2.0199819e-04 2.9302176e-04 4.1389227e-05 3.1524868e-04
 0.0000000e+00 1.2701545e-04 2.3131349e-04 0.0000000e+00 0.0000000e+00]) 	 loss 3.608E-02 	 horizons 9.0
step 25650 	 return [0.         0.00382639 0.00452303 0.00476898 0.00594318 0.
 0.00076735 0.         0.         0.        ], ([0.0000000e+00 5.3233052e-05 8.9404412e-04 5.3374784e-04 2.6945892e-04
 0.0000000e+00 4.0124104e-04 0.0000000e+00 0.0000000e+00 0.0000000e+00]) 	 loss 3.221E-02 	 horizons 9.0
step 25740 	 return [0.         0.00230095 0.00352699 0.007084   0.00577092 0.
 0.00083794 0.00133341 0.00047483 0.        ], ([0.         0.0002962  0.00034193 0.00182639 0.00066841 0.
 0.0001603  0.00025118 0.00094965 0.        ]) 	 loss 3.839E-02 	 horizons 9.0
step 25830 	 return [0.0000000e+00 3.7682927e-03 4.6772528e-03 4.7951671e-03 5.9759356e-03
 0.0000000e+00 6.3191686e-04 5.0084793e-05 0.0000000e+00 0.0000000e+00], ([0.00000000e+00 1.21070596e-04 4.31372609e-04 4.55182133e-04
 1.71176318e-04 0.00000000e+00 5.06092420e-06 1.50254389e-04
 0.00000000e+00 0.00000000e+00]) 	 loss 7.255E-02 	 horizons 9.0
step 25920 	 return [0.         0.00178905 0.00299385 0.01104478 0.01227249 0.
 0.00232868 0.         0.         0.        ], ([0.0000000e+00 8.7988938e-06 1.3460355e-05 1.7466395e-04 5.0084194e-04
 0.0000000e+00 9.8067721e-05 0.0000000e+00 0.0000000e+00 0.0000000e+00]) 	 loss 4.173E-02 	 horizons 9.0
step 26010 	 return [0.00129803 0.00062641 0.0024096  0.         0.00280796 0.
 0.00027859 0.00257628 0.         0.        ], ([1.1641532e-10 5.8207661e-11 0.0000000e+00 0.0000000e+00 2.3283064e-10
 0.0000000e+00 2.9103830e-11 2.3283064e-10 0.0000000e+00 0.0000000e+00]) 	 loss 5.338E-02 	 horizons 9.0
step 26100 	 return [0.         0.         0.         0.         0.00242431 0.0042166
 0.00692228 0.00293411 0.00544451 0.00544847], ([0.0000000e+00 0.0000000e+00 0.0000000e+00 0.0000000e+00 2.3283064e-10
 0.0000000e+00 4.6566129e-10 0.0000000e+00 4.6566129e-10 4.6566129e-10]) 	 loss 4.874E-02 	 horizons 9.0
step 26190 	 return [0.         0.         0.         0.00655341 0.01710127 0.0034166
 0.00302192 0.         0.         0.        ], ([0.         0.         0.         0.00087021 0.00041167 0.00051344
 0.0009001  0.         0.         0.        ]) 	 loss 3.913E-02 	 horizons 9.0
step 26280 	 return [0.00120257 0.00030175 0.00225776 0.00122652 0.00252794 0.
 0.00029079 0.00281411 0.         0.        ], ([0.0000000e+00 0.0000000e+00 2.3283064e-10 1.1641532e-10 2.3283064e-10
 0.0000000e+00 2.9103830e-11 0.0000000e+00 0.0000000e+00 0.0000000e+00]) 	 loss 4.505E-02 	 horizons 9.0
step 26370 	 return [0.         0.00521786 0.0047153  0.00759868 0.00353773 0.
 0.00062224 0.         0.         0.        ], ([0.000000e+00 0.000000e+00 4.656613e-10 0.000000e+00 0.000000e+00
 0.000000e+00 5.820766e-11 0.000000e+00 0.000000e+00 0.000000e+00]) 	 loss 6.333E-02 	 horizons 9.0
step 26460 	 return [0.00104858 0.00027156 0.00201939 0.         0.00291399 0.00017107
 0.00032128 0.0051173  0.00070617 0.        ], ([5.2429223e-04 1.3578059e-04 1.0096958e-03 0.0000000e+00 7.1836362e-04
 3.4214064e-04 6.7793299e-06 7.9124339e-04 1.4123305e-03 0.0000000e+00]) 	 loss 4.243E-02 	 horizons 9.0
step 26550 	 return [0.00130158 0.00033572 0.00250469 0.         0.00203003 0.
 0.00054922 0.00522619 0.         0.        ], ([4.5734928e-06 1.8650433e-06 9.7764660e-06 0.0000000e+00 6.2157289e-04
 0.0000000e+00 1.1227805e-04 1.4336388e-04 0.0000000e+00 0.0000000e+00]) 	 loss 8.975E-02 	 horizons 9.0
step 26640 	 return [0.         0.00320066 0.00393127 0.00655516 0.00640797 0.
 0.00151422 0.0002852  0.         0.        ], ([0.         0.0007327  0.00031178 0.00131635 0.00141161 0.
 0.00066561 0.00035542 0.         0.        ]) 	 loss 3.777E-02 	 horizons 9.0
step 26730 	 return [0.         0.00270407 0.00367183 0.00895305 0.00639781 0.
 0.00070262 0.00015788 0.         0.        ], ([0.0000000e+00 1.1328143e-03 3.0227873e-04 9.5663976e-04 2.6431298e-04
 0.0000000e+00 4.9916041e-05 2.4115888e-04 0.0000000e+00 0.0000000e+00]) 	 loss 3.791E-02 	 horizons 9.0
step 26820 	 return [0.         0.         0.00257754 0.01336668 0.00815616 0.
 0.00260238 0.         0.         0.        ], ([0.0000000e+00 0.0000000e+00 0.0000000e+00 0.0000000e+00 9.3132257e-10
 0.0000000e+00 2.3283064e-10 0.0000000e+00 0.0000000e+00 0.0000000e+00]) 	 loss 4.424E-02 	 horizons 9.0
step 26910 	 return [0.         0.00683914 0.00115219 0.00476319 0.00551537 0.
 0.00199536 0.         0.         0.        ], ([0.0000000e+00 9.3132257e-10 1.1641532e-10 4.6566129e-10 4.6566129e-10
 0.0000000e+00 2.3283064e-10 0.0000000e+00 0.0000000e+00 0.0000000e+00]) 	 loss 3.416E-02 	 horizons 9.0
step 27000 	 return [0.         0.00114497 0.00336624 0.01033819 0.00977313 0.
 0.00076567 0.         0.         0.        ], ([0.0000000e+00 2.5984598e-06 1.2274947e-05 1.2089750e-04 2.0771222e-04
 0.0000000e+00 5.4202624e-06 0.0000000e+00 0.0000000e+00 0.0000000e+00]) 	 loss 2.728E-02 	 horizons 9.0
step 27090 	 return [0.         0.00354052 0.00479614 0.00813207 0.00359358 0.
 0.00062768 0.         0.         0.        ], ([0.0000000e+00 7.3311594e-04 5.3282638e-05 7.6620455e-04 2.2208553e-06
 0.0000000e+00 5.0459050e-07 0.0000000e+00 0.0000000e+00 0.0000000e+00]) 	 loss 2.071E-02 	 horizons 9.0
step 27180 	 return [0.         0.00561852 0.00028901 0.01034062 0.00781555 0.
 0.0010176  0.00153171 0.00024411 0.        ], ([0.         0.0012994  0.00086704 0.00074024 0.00017202 0.
 0.00010353 0.00021536 0.00073232 0.        ]) 	 loss 2.309E-02 	 horizons 9.0
step 27270 	 return [0.0012993  0.00033479 0.0024998  0.         0.00171924 0.
 0.00060536 0.00515451 0.         0.        ], ([1.1641532e-10 2.9103830e-11 0.0000000e+00 0.0000000e+00 0.0000000e+00
 0.0000000e+00 5.8207661e-11 4.6566129e-10 0.0000000e+00 0.0000000e+00]) 	 loss 2.708E-02 	 horizons 9.0
step 27360 	 return [0.         0.00017607 0.00212239 0.01211082 0.00772033 0.
 0.00367938 0.         0.         0.        ], ([0.0000000e+00 5.2820862e-04 1.3896830e-03 9.4346073e-04 4.1232101e-04
 0.0000000e+00 7.9700556e-05 0.0000000e+00 0.0000000e+00 0.0000000e+00]) 	 loss 2.844E-02 	 horizons 9.0
step 27450 	 return [0.         0.00392138 0.00396271 0.00737797 0.00448658 0.
 0.00092147 0.00139177 0.         0.        ], ([0.000000e+00 4.656613e-10 4.656613e-10 0.000000e+00 4.656613e-10
 0.000000e+00 0.000000e+00 0.000000e+00 0.000000e+00 0.000000e+00]) 	 loss 3.173E-02 	 horizons 9.0
step 27540 	 return [0.         0.         0.00213914 0.01232111 0.00954263 0.00168032
 0.00316935 0.         0.         0.        ], ([0.         0.         0.00140039 0.00095882 0.00065003 0.00110003
 0.0003857  0.         0.         0.        ]) 	 loss 2.750E-02 	 horizons 9.0
step 27630 	 return [0.         0.00198374 0.00288089 0.01108319 0.01127137 0.
 0.00117638 0.00164901 0.         0.        ], ([0.00000000e+00 5.81440516e-04 3.51493596e-04 1.87855214e-04
 6.32880663e-04 0.00000000e+00 2.75705679e-04 1.03624425e-05
 0.00000000e+00 0.00000000e+00]) 	 loss 3.539E-02 	 horizons 9.0
step 27720 	 return [0.         0.00219849 0.0026833  0.00648823 0.00641512 0.
 0.00251975 0.         0.         0.        ], ([0.0000000e+00 0.0000000e+00 2.3283064e-10 0.0000000e+00 4.6566129e-10
 0.0000000e+00 2.3283064e-10 0.0000000e+00 0.0000000e+00 0.0000000e+00]) 	 loss 2.176E-02 	 horizons 9.0
step 27810 	 return [0.         0.00786674 0.00111501 0.00431316 0.00255668 0.
 0.00073938 0.00071759 0.         0.        ], ([0.0000000e+00 9.3132257e-10 0.0000000e+00 4.6566129e-10 2.3283064e-10
 0.0000000e+00 5.8207661e-11 5.8207661e-11 0.0000000e+00 0.0000000e+00]) 	 loss 3.353E-02 	 horizons 9.0
step 27900 	 return [0.         0.0001108  0.00417577 0.00755002 0.00767532 0.
 0.00077363 0.00082595 0.         0.        ], ([0.0000000e+00 3.3241490e-04 3.3568978e-04 8.9114998e-05 3.2746588e-04
 0.0000000e+00 3.7839734e-05 1.5428985e-04 0.0000000e+00 0.0000000e+00]) 	 loss 3.706E-02 	 horizons 9.0
step 27990 	 return [0.         0.00606864 0.         0.01060074 0.00899017 0.
 0.00225576 0.         0.         0.        ], ([0.0000000e+00 0.0000000e+00 0.0000000e+00 9.3132257e-10 9.3132257e-10
 0.0000000e+00 2.3283064e-10 0.0000000e+00 0.0000000e+00 0.0000000e+00]) 	 loss 2.696E-02 	 horizons 9.0
step 28080 	 return [0.         0.00177377 0.00296711 0.01010648 0.009913   0.00239937
 0.00291677 0.         0.         0.        ], ([0.0000000e+00 2.3283064e-10 0.0000000e+00 9.3132257e-10 0.0000000e+00
 2.3283064e-10 2.3283064e-10 0.0000000e+00 0.0000000e+00 0.0000000e+00]) 	 loss 2.046E-02 	 horizons 9.0
step 28170 	 return [0.         0.00179481 0.00300265 0.01115847 0.01256911 0.
 0.00230237 0.         0.         0.        ], ([0.0000000e+00 1.1641532e-10 2.3283064e-10 0.0000000e+00 0.0000000e+00
 0.0000000e+00 2.3283064e-10 0.0000000e+00 0.0000000e+00 0.0000000e+00]) 	 loss 2.574E-02 	 horizons 9.0
step 28260 	 return [0.         0.00180474 0.00288977 0.01124365 0.01127302 0.
 0.00117655 0.00164917 0.         0.        ], ([0.0000000e+00 8.3414599e-04 3.5544118e-04 5.3583633e-04 6.3345028e-04
 0.0000000e+00 2.7565012e-04 1.0320841e-05 0.0000000e+00 0.0000000e+00]) 	 loss 2.804E-02 	 horizons 9.0
step 28350 	 return [0.         0.         0.00305591 0.01169355 0.00992825 0.00240045
 0.00291925 0.         0.         0.        ], ([0.0000000e+00 0.0000000e+00 2.3283064e-10 9.3132257e-10 9.3132257e-10
 0.0000000e+00 0.0000000e+00 0.0000000e+00 0.0000000e+00 0.0000000e+00]) 	 loss 1.886E-02 	 horizons 9.0
step 28440 	 return [0.         0.         0.         0.01398887 0.01096807 0.
 0.00273084 0.         0.         0.        ], ([0.         0.         0.         0.00024102 0.00080155 0.
 0.00027024 0.         0.         0.        ]) 	 loss 2.550E-02 	 horizons 9.0
step 28530 	 return [0.         0.         0.         0.01443974 0.01160636 0.
 0.0010936  0.00165442 0.         0.        ], ([0.000000e+00 0.000000e+00 0.000000e+00 0.000000e+00 9.313226e-10
 0.000000e+00 0.000000e+00 0.000000e+00 0.000000e+00 0.000000e+00]) 	 loss 4.189E-02 	 horizons 9.0
step 28620 	 return [0.         0.00604579 0.         0.00992452 0.00692119 0.00238956
 0.00288899 0.         0.         0.        ], ([0.0000000e+00 0.0000000e+00 0.0000000e+00 0.0000000e+00 4.6566129e-10
 2.3283064e-10 2.3283064e-10 0.0000000e+00 0.0000000e+00 0.0000000e+00]) 	 loss 2.358E-02 	 horizons 9.0
step 28710 	 return [0.         0.         0.00306359 0.01241795 0.01104584 0.
 0.00262406 0.         0.         0.        ], ([0.0000000e+00 0.0000000e+00 0.0000000e+00 9.3132257e-10 0.0000000e+00
 0.0000000e+00 2.3283064e-10 0.0000000e+00 0.0000000e+00 0.0000000e+00]) 	 loss 2.553E-02 	 horizons 9.0
step 28800 	 return [0.         0.         0.         0.         0.00297517 0.00761099
 0.00738355 0.00212556 0.00550885 0.00559026], ([0.0000000e+00 0.0000000e+00 0.0000000e+00 0.0000000e+00 2.3283064e-10
 4.6566129e-10 4.6566129e-10 0.0000000e+00 0.0000000e+00 4.6566129e-10]) 	 loss 2.456E-02 	 horizons 9.0
step 28890 	 return [0.         0.0017563  0.00293297 0.01287887 0.00698135 0.0023951
 0.0029035  0.         0.         0.        ], ([0.0000000e+00 1.1641532e-10 0.0000000e+00 0.0000000e+00 4.6566129e-10
 2.3283064e-10 2.3283064e-10 0.0000000e+00 0.0000000e+00 0.0000000e+00]) 	 loss 2.347E-02 	 horizons 9.0
step 28980 	 return [0.0012993  0.00033479 0.0024998  0.         0.00171924 0.
 0.00060536 0.00515451 0.         0.        ], ([1.1641532e-10 2.9103830e-11 0.0000000e+00 0.0000000e+00 0.0000000e+00
 0.0000000e+00 5.8207661e-11 4.6566129e-10 0.0000000e+00 0.0000000e+00]) 	 loss 2.717E-02 	 horizons 9.0
step 29070 	 return [0.         0.00301225 0.00148058 0.00497735 0.01131408 0.00368521
 0.00386302 0.00038313 0.00055088 0.00055903], ([0.         0.00150613 0.00074029 0.00194423 0.00279146 0.00170293
 0.00127032 0.00077198 0.00165265 0.00167708]) 	 loss 2.455E-02 	 horizons 9.0
step 29160 	 return [0.         0.00566879 0.00018295 0.00551252 0.00861482 0.
 0.00113774 0.00159675 0.         0.        ], ([0.0000000e+00 9.7638700e-04 5.4885558e-04 1.1258321e-03 5.1073980e-04
 0.0000000e+00 2.7619620e-04 1.1092728e-05 0.0000000e+00 0.0000000e+00]) 	 loss 3.713E-02 	 horizons 9.0
step 29250 	 return [0.         0.00021286 0.00124803 0.0096671  0.00846168 0.
 0.00279433 0.         0.         0.        ], ([0.         0.00042572 0.00049272 0.00045406 0.00088938 0.
 0.00043781 0.         0.         0.        ]) 	 loss 2.084E-02 	 horizons 9.0
step 29340 	 return [0.         0.         0.         0.01442852 0.01160522 0.
 0.00109349 0.00165431 0.         0.        ], ([0.0000000e+00 0.0000000e+00 0.0000000e+00 3.3645800e-05 3.4181401e-06
 0.0000000e+00 3.4812837e-07 3.2378591e-07 0.0000000e+00 0.0000000e+00]) 	 loss 5.594E-02 	 horizons 9.0
step 29430 	 return [0.         0.00735825 0.00114579 0.00423036 0.00275042 0.
 0.00069753 0.00064267 0.         0.        ], ([0.00000000e+00 9.99215059e-04 6.26104156e-05 1.44968202e-04
 3.61816521e-04 0.00000000e+00 5.58419524e-05 1.08119755e-04
 0.00000000e+00 0.00000000e+00]) 	 loss 3.680E-02 	 horizons 9.0
step 29520 	 return [0.         0.         0.         0.00913627 0.01613074 0.00379126
 0.00572216 0.         0.         0.        ], ([0.0000000e+00 0.0000000e+00 0.0000000e+00 0.0000000e+00 1.8626451e-09
 0.0000000e+00 4.6566129e-10 0.0000000e+00 0.0000000e+00 0.0000000e+00]) 	 loss 3.226E-02 	 horizons 9.0
step 29610 	 return [0.         0.         0.00302178 0.01428988 0.00698749 0.00239618
 0.00290598 0.         0.         0.        ], ([0.0000000e+00 0.0000000e+00 2.3283064e-10 0.0000000e+00 0.0000000e+00
 2.3283064e-10 2.3283064e-10 0.0000000e+00 0.0000000e+00 0.0000000e+00]) 	 loss 2.896E-02 	 horizons 9.0
step 29700 	 return [0.         0.00786437 0.00111487 0.00431034 0.00263071 0.
 0.00072674 0.00069361 0.         0.        ], ([0.0000000e+00 7.1240588e-06 4.1752355e-07 8.4566418e-06 2.2209871e-04
 0.0000000e+00 3.7918158e-05 7.1958661e-05 0.0000000e+00 0.0000000e+00]) 	 loss 3.177E-02 	 horizons 9.0
step 29790 	 return [0.         0.00839484 0.00034033 0.0047358  0.00415812 0.
 0.00065979 0.         0.         0.        ], ([0.0000000e+00 1.7565260e-04 5.1986182e-04 2.7104608e-05 7.6970179e-04
 0.0000000e+00 4.7536749e-05 0.0000000e+00 0.0000000e+00 0.0000000e+00]) 	 loss 2.891E-02 	 horizons 9.0
step 29880 	 return [0.00124386 0.         0.00255997 0.         0.00474395 0.00704227
 0.00109629 0.00558304 0.         0.        ], ([1.1641532e-10 0.0000000e+00 2.3283064e-10 0.0000000e+00 4.6566129e-10
 4.6566129e-10 0.0000000e+00 4.6566129e-10 0.0000000e+00 0.0000000e+00]) 	 loss 2.624E-02 	 horizons 9.0
step 29970 	 return [0.         0.00250156 0.0040766  0.00490646 0.00801036 0.
 0.00201417 0.         0.         0.        ], ([0.0000000e+00 2.3283064e-10 4.6566129e-10 4.6566129e-10 0.0000000e+00
 0.0000000e+00 0.0000000e+00 0.0000000e+00 0.0000000e+00 0.0000000e+00]) 	 loss 1.899E-02 	 horizons 9.0
step 30060 	 return [0.         0.0053629  0.0005506  0.00516941 0.00905517 0.00360374
 0.00356794 0.         0.         0.        ], ([0.0000000e+00 7.4572710e-04 1.1012000e-03 6.7160052e-04 7.1813003e-04
 5.7355875e-05 7.9649129e-05 0.0000000e+00 0.0000000e+00 0.0000000e+00]) 	 loss 2.580E-02 	 horizons 9.0
[1;34mwandb[0m: 
[1;34mwandb[0m: 🚀 View run [33mmotndp_amsterdam-v0__GCN-amsterdam-g10-spatial__123__1781523477[0m at: [34mhttps://wandb.ai/jingyuan-sun03-tu-delft/cl_ablation/runs/doj56r5l[0m
[1;34mwandb[0m: Find logs at: [1;35mwandb/run-20260615_133757-doj56r5l/logs[0m
