/home/SinJ/mo-transport-network-design/.venv/lib/python3.13/site-packages/pygame/pkgdata.py:25: UserWarning: pkg_resources is deprecated as an API. See https://setuptools.pypa.io/en/latest/pkg_resources.html. The pkg_resources package is slated for removal as early as 2025-11-30. Refrain from using this package or pin to Setuptools<81.
  from pkg_resources import resource_stream, resource_exists
wandb: [wandb.login()] Loaded credentials for https://api.wandb.ai from /home/SinJ/.netrc.
wandb: Currently logged in as: jingyuan-sun03 (jingyuan-sun03-tu-delft) to https://api.wandb.ai. Use `wandb login --relogin` to force relogin
wandb: setting up run 3urfsktv
wandb: Tracking run with wandb version 0.27.2
wandb: Run data is saved locally in /home/SinJ/mo-transport-network-design/wandb/run-20260615_105008-3urfsktv
wandb: Run `wandb offline` to turn off syncing.
wandb: Syncing run motndp_amsterdam-v0__GCN-amsterdam-g7-spatiotemporal__1024__1781513408
wandb: ⭐️ View project at https://wandb.ai/jingyuan-sun03-tu-delft/cl_ablation
wandb: 🚀 View run at https://wandb.ai/jingyuan-sun03-tu-delft/cl_ablation/runs/3urfsktv
/home/SinJ/mo-transport-network-design/morl-baselines/morl_baselines/multi_policy/gcn/gcn.py:151: UserWarning: Creating a tensor from a list of numpy.ndarrays is extremely slow. Please consider converting the list to a single numpy.ndarray with numpy.array() before converting to a tensor. (Triggered internally at /pytorch/torch/csrc/utils/tensor_new.cpp:253.)
  th.tensor(obs).to(self.device),
Namespace(env='amsterdam', nr_groups=7, starting_loc_x=9, starting_loc_y=19, nr_stations=10, lr=0.01, batch_size=256, num_er_episodes=100, num_step_episodes=10, num_model_updates=10, num_policies=10, max_buffer_size=200, nr_layers=1, hidden_dim=128, timesteps=30000, no_log=False, seed=1024, cd_threshold=0.2, distance_ref='interpolate2', gcn_lambda=0.0, lambda_schedule='cosine', lambda_start=1.0, lambda_end=0.0, lambda_warmup_fraction=0.1, lambda_freeze_fraction=0.1, spatial_alpha=0.5, include_demand_context=False, criterion='lorenz', nash_mode='pareto_sized', nash_top_k=None, nash_shift=0.0, project_name='cl_ablation', experiment_name='GCN-amsterdam-g7-spatiotemporal', wandb_entity=None)
step 990 	 return [0.         0.00028197 0.00111095 0.00216188 0.00137605 0.00131613
 0.00065343], ([0.         0.00058619 0.00240673 0.0035762  0.00188773 0.00230953
 0.00196028]) 	 loss 2.043E+00 	 horizons 9.0
step 1080 	 return [0.00037638 0.00128356 0.0031043  0.00111953 0.0008977  0.00182799
 0.        ], ([0.00075882 0.00122728 0.00299454 0.00131658 0.00085962 0.00267581
 0.        ]) 	 loss 1.831E+00 	 horizons 9.0
step 1170 	 return [0.         0.00078071 0.00160154 0.00277116 0.00268102 0.00264541
 0.00119658], ([0.         0.00072487 0.00185873 0.00372053 0.00232633 0.00376007
 0.00241234]) 	 loss 1.319E+00 	 horizons 9.0
step 1260 	 return [0.0000000e+00 8.1067308e-05 1.2155636e-03 3.6357220e-03 4.3901107e-03
 5.6166728e-03 3.3343197e-03], ([0.         0.0002432  0.00074213 0.00333448 0.00231759 0.00151247
 0.00199409]) 	 loss 1.174E+00 	 horizons 9.0
step 1350 	 return [8.7283421e-05 1.0753722e-03 7.0616696e-04 4.9002364e-04 3.8901586e-04
 9.5768290e-04 0.0000000e+00], ([0.00026185 0.00074906 0.00117971 0.00047838 0.00034602 0.00075639
 0.        ]) 	 loss 1.064E+00 	 horizons 9.0
step 1440 	 return [0.         0.         0.00148541 0.0049086  0.00415478 0.00425021
 0.00330582], ([0.         0.         0.0004804  0.00423533 0.00213848 0.00264644
 0.00362365]) 	 loss 1.032E+00 	 horizons 9.0
step 1530 	 return [9.7855016e-05 1.0421742e-03 1.1381547e-03 6.3105358e-04 4.0509616e-04
 1.3606653e-03 0.0000000e+00], ([0.00029357 0.00063159 0.0011407  0.00083112 0.00044872 0.00197532
 0.        ]) 	 loss 1.023E+00 	 horizons 9.0
step 1620 	 return [0.         0.         0.00207434 0.00968836 0.00691144 0.00591196
 0.00146362], ([0.0000000e+00 0.0000000e+00 9.8934404e-05 2.4625850e-03 1.8850489e-03
 1.7863932e-03 1.9850133e-03]) 	 loss 1.005E+00 	 horizons 9.0
step 1710 	 return [1.3376959e-03 1.4962852e-03 3.9751320e-03 8.7343957e-05 5.8976869e-04
 6.9498317e-04 0.0000000e+00], ([0.00145659 0.00125805 0.00194771 0.00026203 0.00017252 0.00076419
 0.        ]) 	 loss 9.578E-01 	 horizons 9.0
step 1800 	 return [0.00066396 0.00108328 0.00896078 0.00228528 0.00201042 0.00022782
 0.        ], ([0.00091165 0.00112615 0.00169003 0.00233053 0.00077514 0.00068347
 0.        ]) 	 loss 9.402E-01 	 horizons 9.0
step 1890 	 return [0.         0.00020771 0.00466544 0.00490605 0.00261761 0.
 0.        ], ([0.         0.00036004 0.00279852 0.00374524 0.00187887 0.
 0.        ]) 	 loss 8.934E-01 	 horizons 9.0
step 1980 	 return [0.         0.         0.00186322 0.00690816 0.00552582 0.00468029
 0.00407013], ([0.         0.         0.00035673 0.0041278  0.00272264 0.00214997
 0.00384997]) 	 loss 9.367E-01 	 horizons 9.0
step 2070 	 return [0.00050338 0.00106487 0.00069337 0.00043448 0.00055982 0.00050715
 0.        ], ([0.00084196 0.00091317 0.00080966 0.00036386 0.00045859 0.00062475
 0.        ]) 	 loss 8.749E-01 	 horizons 9.0
step 2160 	 return [0.         0.00039329 0.00691306 0.00551303 0.00259526 0.00075872
 0.        ], ([0.         0.00065073 0.00357438 0.00315489 0.00118516 0.00227615
 0.        ]) 	 loss 8.508E-01 	 horizons 9.0
step 2250 	 return [0.         0.         0.00106575 0.00235081 0.00380269 0.00552357
 0.00763825], ([0.         0.         0.00078266 0.00408638 0.00216894 0.00258649
 0.00434964]) 	 loss 8.409E-01 	 horizons 9.0
step 2340 	 return [0.00049007 0.00159078 0.00267293 0.00054222 0.00097784 0.00167636
 0.        ], ([0.00074096 0.00086568 0.002081   0.00085358 0.00080607 0.00169734
 0.        ]) 	 loss 8.435E-01 	 horizons 9.0
step 2430 	 return [0.         0.00021815 0.00131413 0.00214254 0.00247997 0.00624456
 0.00492183], ([0.         0.00065446 0.00049407 0.00146907 0.00078509 0.00269254
 0.00363779]) 	 loss 7.725E-01 	 horizons 9.0
step 2520 	 return [0.         0.         0.00212803 0.00559367 0.0057076  0.00546516
 0.00529864], ([0.         0.         0.00042323 0.00376145 0.00248553 0.00171324
 0.00334397]) 	 loss 7.844E-01 	 horizons 9.0
step 2610 	 return [2.2978189e-03 2.0682958e-03 2.8917273e-03 6.1658488e-05 4.8000351e-04
 8.1357715e-04 0.0000000e+00], ([1.5034687e-03 9.1402268e-04 1.2349152e-03 1.8497545e-04 7.5446762e-05
 7.2762422e-04 0.0000000e+00]) 	 loss 7.194E-01 	 horizons 9.0
step 2700 	 return [0.         0.         0.00106702 0.00077449 0.00298276 0.00524992
 0.00559986], ([0.         0.         0.00050786 0.00083196 0.00103588 0.002529
 0.00247715]) 	 loss 7.118E-01 	 horizons 9.0
step 2790 	 return [1.1810452e-03 1.7304491e-03 4.1676401e-03 8.3134488e-05 6.3842128e-04
 8.1531459e-04 0.0000000e+00], ([0.00141204 0.0010633  0.00103955 0.0002494  0.00022616 0.00079862
 0.        ]) 	 loss 6.899E-01 	 horizons 9.0
step 2880 	 return [0.00286854 0.0023386  0.00293923 0.00014851 0.00055221 0.00094687
 0.        ], ([0.00164937 0.00064983 0.00093985 0.00030548 0.00016235 0.0004304
 0.        ]) 	 loss 6.982E-01 	 horizons 9.0
step 2970 	 return [0.0004202  0.00117211 0.00170219 0.0003037  0.00046836 0.00064602
 0.        ], ([0.00126059 0.00106768 0.00147664 0.00031583 0.00047995 0.00045074
 0.        ]) 	 loss 6.336E-01 	 horizons 9.0
step 3060 	 return [5.4379161e-05 1.5410851e-03 8.8913291e-04 5.7189132e-04 1.0253576e-03
 1.7945042e-03 0.0000000e+00], ([0.00016314 0.00066542 0.00042031 0.00044176 0.00064523 0.00064004
 0.        ]) 	 loss 6.067E-01 	 horizons 9.0
step 3150 	 return [0.         0.         0.00210081 0.01021211 0.00720549 0.00578316
 0.00233072], ([0.0000000e+00 0.0000000e+00 1.0469671e-05 2.0078220e-03 1.0939543e-03
 1.5395830e-03 2.5331036e-03]) 	 loss 6.407E-01 	 horizons 9.0
step 3240 	 return [0.0000000e+00 1.3471814e-03 1.5937109e-03 4.1432613e-05 1.9637488e-03
 3.3238519e-03 0.0000000e+00], ([0.         0.00079196 0.00141301 0.0001243  0.00111767 0.00187829
 0.        ]) 	 loss 6.030E-01 	 horizons 9.0
step 3330 	 return [0.00186212 0.00291831 0.00287143 0.         0.00046078 0.0005446
 0.        ], ([1.2380762e-03 8.0443837e-04 1.0688072e-03 0.0000000e+00 5.8819074e-05
 6.0100708e-04 0.0000000e+00]) 	 loss 5.765E-01 	 horizons 9.0
step 3420 	 return [0.00182993 0.00198601 0.00136931 0.00049256 0.00062092 0.00093021
 0.        ], ([0.00105714 0.0004115  0.00097939 0.00040944 0.00028346 0.00028756
 0.        ]) 	 loss 5.618E-01 	 horizons 9.0
step 3510 	 return [0.         0.         0.00180552 0.00282181 0.00465735 0.00445315
 0.00766298], ([0.         0.         0.00031825 0.00158703 0.00201713 0.0025075
 0.00226038]) 	 loss 5.187E-01 	 horizons 9.0
step 3600 	 return [1.6213031e-03 2.2085211e-03 5.9465198e-03 6.0112459e-05 8.0373569e-04
 1.1815279e-03 0.0000000e+00], ([0.00148652 0.00157185 0.00136511 0.00018034 0.00039231 0.00087727
 0.        ]) 	 loss 5.240E-01 	 horizons 9.0
step 3690 	 return [0.00014108 0.00086354 0.00449386 0.00038517 0.0015923  0.00288843
 0.        ], ([0.00042324 0.0005854  0.00283929 0.00068518 0.0008823  0.00231406
 0.        ]) 	 loss 4.702E-01 	 horizons 9.0
step 3780 	 return [0.         0.         0.00210973 0.01210024 0.00818344 0.00702494
 0.        ], ([0.0000000e+00 0.0000000e+00 6.3566254e-06 7.2823284e-04 2.2735675e-04
 6.9861748e-04 0.0000000e+00]) 	 loss 4.994E-01 	 horizons 9.0
step 3870 	 return [0.         0.         0.00155159 0.00356693 0.00252779 0.00457102
 0.00882431], ([0.         0.         0.00049715 0.00149899 0.0013967  0.00208677
 0.0023407 ]) 	 loss 4.498E-01 	 horizons 9.0
step 3960 	 return [0.         0.         0.00177978 0.00258337 0.00120305 0.00445662
 0.01135707], ([0.         0.         0.00063485 0.00070593 0.00162059 0.00220834
 0.00159667]) 	 loss 4.540E-01 	 horizons 9.0
step 4050 	 return [0.         0.         0.00205394 0.01040895 0.0053667  0.00516988
 0.00221091], ([0.0000000e+00 0.0000000e+00 9.4199699e-05 2.0187129e-03 2.2319937e-03
 1.2778003e-03 1.9178804e-03]) 	 loss 4.135E-01 	 horizons 9.0
step 4140 	 return [0.00016332 0.00080723 0.00548206 0.         0.00107396 0.00171744
 0.        ], ([0.00048996 0.0007906  0.00225402 0.         0.00063425 0.00202311
 0.        ]) 	 loss 4.512E-01 	 horizons 9.0
step 4230 	 return [0.00216074 0.00143063 0.00734526 0.00029326 0.00134244 0.00132639
 0.        ], ([0.00131117 0.0011028  0.00215636 0.00087979 0.00052456 0.00095293
 0.        ]) 	 loss 4.283E-01 	 horizons 9.0
step 4320 	 return [0.0000000e+00 1.2267114e-03 1.1308510e-03 5.6244695e-05 2.0960374e-03
 4.0804516e-03 0.0000000e+00], ([0.         0.00069114 0.00055618 0.00016873 0.00052795 0.00120606
 0.        ]) 	 loss 4.397E-01 	 horizons 9.0
step 4410 	 return [0.         0.         0.00209989 0.00819342 0.00773554 0.00647714
 0.00596812], ([0.000000e+00 0.000000e+00 0.000000e+00 0.000000e+00 4.656613e-10
 4.656613e-10 0.000000e+00]) 	 loss 4.037E-01 	 horizons 9.0
step 4500 	 return [0.00273816 0.00151942 0.00633405 0.0002829  0.00165577 0.00172464
 0.        ], ([0.00112356 0.00138264 0.00049687 0.00084869 0.00041199 0.0008655
 0.        ]) 	 loss 3.676E-01 	 horizons 9.0
step 4590 	 return [0.00035114 0.0008412  0.00960751 0.00178461 0.00146433 0.00041076
 0.        ], ([0.00070229 0.00105972 0.00180132 0.00167776 0.00079519 0.00082351
 0.        ]) 	 loss 3.377E-01 	 horizons 9.0
step 4680 	 return [0.         0.         0.00140143 0.00260627 0.00169371 0.00590286
 0.00954058], ([0.         0.         0.00065258 0.00122733 0.00127958 0.00139718
 0.00386914]) 	 loss 3.249E-01 	 horizons 9.0
step 4770 	 return [0.00219773 0.00226058 0.00606674 0.00010496 0.0013662  0.00215241
 0.        ], ([6.9760502e-04 8.3470729e-04 1.1623475e-03 3.1487955e-04 2.0838359e-04
 7.6554948e-05 0.0000000e+00]) 	 loss 3.477E-01 	 horizons 9.0
step 4860 	 return [0.         0.00031153 0.00061715 0.00029774 0.00292818 0.0080486
 0.00218203], ([0.         0.00062737 0.00079613 0.00089323 0.00087254 0.00185446
 0.00196963]) 	 loss 3.276E-01 	 horizons 9.0
step 4950 	 return [0.00044983 0.00158146 0.00319652 0.00032038 0.00180058 0.00415459
 0.        ], ([0.00078329 0.0011422  0.00230081 0.00096115 0.0009908  0.00371393
 0.        ]) 	 loss 3.272E-01 	 horizons 9.0
step 5040 	 return [0.         0.0004529  0.00910109 0.00498815 0.00284362 0.
 0.        ], ([0.         0.00069196 0.00121371 0.00130851 0.00074772 0.
 0.        ]) 	 loss 3.218E-01 	 horizons 9.0
step 5130 	 return [0.         0.0002238  0.00811043 0.00055922 0.00086087 0.00098278
 0.        ], ([0.         0.00018285 0.00154092 0.0011188  0.00039357 0.00098425
 0.        ]) 	 loss 3.169E-01 	 horizons 9.0
step 5220 	 return [0.         0.         0.00201813 0.00673553 0.00703694 0.00612814
 0.00547465], ([0.         0.         0.0001236  0.00332098 0.00104195 0.00083242
 0.00189704]) 	 loss 3.161E-01 	 horizons 9.0
step 5310 	 return [0.00187309 0.00236166 0.00617909 0.00027986 0.00139114 0.00113485
 0.        ], ([0.00074738 0.0006756  0.00210755 0.00083957 0.00042746 0.00097601
 0.        ]) 	 loss 3.044E-01 	 horizons 9.0
step 5400 	 return [0.0016015  0.00195464 0.00923017 0.         0.00150177 0.00087131
 0.        ], ([0.00053866 0.00065348 0.0011759  0.         0.00069996 0.00106877
 0.        ]) 	 loss 3.148E-01 	 horizons 9.0
step 5490 	 return [0.         0.00015277 0.0091801  0.00692942 0.00304309 0.00076847
 0.        ], ([0.         0.00045831 0.00257414 0.0022955  0.00099221 0.00230541
 0.        ]) 	 loss 2.948E-01 	 horizons 9.0
step 5580 	 return [0.         0.         0.00054053 0.00047768 0.00271827 0.00969006
 0.0055086 ], ([0.         0.         0.00062351 0.00096861 0.0008913  0.00179484
 0.00183943]) 	 loss 2.948E-01 	 horizons 9.0
step 5670 	 return [0.00460179 0.00171489 0.00086486 0.00067046 0.00079393 0.00118903
 0.        ], ([0.00145217 0.00099673 0.00100274 0.00034332 0.00022285 0.00024854
 0.        ]) 	 loss 3.490E-01 	 horizons 9.0
step 5760 	 return [0.         0.         0.00167794 0.00183919 0.00208698 0.00452939
 0.00927229], ([0.         0.         0.00072718 0.00102782 0.00139612 0.00292854
 0.00277306]) 	 loss 3.447E-01 	 horizons 9.0
step 5850 	 return [0.00071982 0.00191386 0.00673805 0.00029791 0.00065409 0.00186478
 0.        ], ([0.00110087 0.00131689 0.00281289 0.00089373 0.00011365 0.00192001
 0.        ]) 	 loss 3.549E-01 	 horizons 9.0
step 5940 	 return [0.         0.         0.00187122 0.00238701 0.00557407 0.00522711
 0.00707222], ([0.0000000e+00 0.0000000e+00 8.8968460e-05 7.4823026e-04 1.6239947e-03
 1.3655443e-03 1.5710678e-03]) 	 loss 3.447E-01 	 horizons 9.0
step 6030 	 return [0.00016314 0.00173393 0.00116665 0.         0.00206096 0.00362452
 0.        ], ([0.0002492  0.00072884 0.00045706 0.         0.00058446 0.00202086
 0.        ]) 	 loss 3.193E-01 	 horizons 9.0
step 6120 	 return [0.         0.00039773 0.00054192 0.0002541  0.00316307 0.00702186
 0.00031128], ([0.         0.00060816 0.00032567 0.00050914 0.00043634 0.00180198
 0.00093383]) 	 loss 3.314E-01 	 horizons 9.0
step 6210 	 return [0.         0.00142289 0.01007108 0.00348051 0.00211275 0.
 0.        ], ([0.         0.0008273  0.000978   0.00079093 0.00088012 0.
 0.        ]) 	 loss 3.257E-01 	 horizons 9.0
step 6300 	 return [0.         0.         0.00186471 0.00224436 0.00559795 0.00451193
 0.00711118], ([0.         0.         0.00035906 0.00049512 0.00133776 0.00315281
 0.00184822]) 	 loss 2.923E-01 	 horizons 9.0
step 6390 	 return [0.00259051 0.00292386 0.00641284 0.00010491 0.0013483  0.00104379
 0.        ], ([0.00075333 0.00087727 0.00160864 0.00031473 0.00059337 0.00104483
 0.        ]) 	 loss 2.874E-01 	 horizons 9.0
step 6480 	 return [0.         0.0004599  0.01021253 0.00438463 0.00337618 0.
 0.        ], ([0.         0.00070253 0.00098894 0.00222499 0.00087018 0.
 0.        ]) 	 loss 2.933E-01 	 horizons 9.0
step 6570 	 return [0.         0.00091102 0.00086126 0.         0.0028153  0.00694815
 0.        ], ([0.         0.000786   0.00058198 0.         0.00051843 0.00182849
 0.        ]) 	 loss 3.108E-01 	 horizons 9.0
step 6660 	 return [0.         0.00015367 0.00370481 0.00990688 0.00394429 0.00176647
 0.00057138], ([0.         0.000461   0.00312893 0.00177873 0.00137379 0.00278621
 0.00114277]) 	 loss 2.908E-01 	 horizons 9.0
step 6750 	 return [0.         0.         0.00195917 0.00961919 0.00227027 0.00613702
 0.0051646 ], ([0.         0.         0.00011631 0.00143562 0.002214   0.00133043
 0.00077024]) 	 loss 2.996E-01 	 horizons 9.0
step 6840 	 return [0.         0.00030734 0.00909909 0.00787796 0.0029717  0.00076847
 0.        ], ([0.         0.00061467 0.00247192 0.00228999 0.00101365 0.00230541
 0.        ]) 	 loss 2.698E-01 	 horizons 9.0
step 6930 	 return [0.00575194 0.00180069 0.00166183 0.00079639 0.00092771 0.00111952
 0.        ], ([0.00094991 0.00088624 0.00055327 0.00026611 0.00015928 0.00024182
 0.        ]) 	 loss 2.644E-01 	 horizons 9.0
step 7020 	 return [0.00138669 0.00252498 0.00896371 0.00027986 0.00140305 0.00063659
 0.        ], ([0.00069494 0.00054959 0.00161251 0.00083957 0.00075422 0.00097359
 0.        ]) 	 loss 2.785E-01 	 horizons 9.0
step 7110 	 return [0.         0.00091701 0.00908239 0.00611573 0.00333198 0.
 0.        ], ([0.         0.00074874 0.00061028 0.00163075 0.0005256  0.
 0.        ]) 	 loss 2.590E-01 	 horizons 9.0
step 7200 	 return [0.00069544 0.00250004 0.00856479 0.00056203 0.00181771 0.00158934
 0.        ], ([0.00086163 0.00052745 0.00074346 0.00112406 0.00090106 0.00104069
 0.        ]) 	 loss 2.391E-01 	 horizons 9.0
step 7290 	 return [0.         0.         0.00176356 0.00229838 0.00599496 0.00568503
 0.00670712], ([0.0000000e+00 0.0000000e+00 2.4402355e-04 6.5161940e-04 1.0172382e-03
 6.8904663e-04 4.6941605e-05]) 	 loss 2.728E-01 	 horizons 9.0
step 7380 	 return [0.00307894 0.00062492 0.00601766 0.         0.0014419  0.00213717
 0.        ], ([5.6530396e-04 1.0803685e-03 6.9287332e-04 0.0000000e+00 6.1315717e-05
 1.9644792e-04 0.0000000e+00]) 	 loss 2.469E-01 	 horizons 9.0
step 7470 	 return [0.         0.         0.00188005 0.00372067 0.00462164 0.00577119
 0.00702292], ([0.0000000e+00 0.0000000e+00 8.8299268e-05 2.4240557e-03 1.9756290e-03
 2.1551899e-03 1.1384850e-03]) 	 loss 2.730E-01 	 horizons 9.0
step 7560 	 return [0.00228142 0.00286963 0.00517907 0.         0.00111545 0.00201878
 0.        ], ([0.00063594 0.00092131 0.00070822 0.         0.00036104 0.0001853
 0.        ]) 	 loss 2.682E-01 	 horizons 9.0
step 7650 	 return [0.         0.00153797 0.00143202 0.         0.00251461 0.00534141
 0.        ], ([0.         0.00034037 0.0003747  0.         0.00023015 0.0013078
 0.        ]) 	 loss 2.577E-01 	 horizons 9.0
step 7740 	 return [0.0009269  0.00186763 0.00954932 0.00112323 0.00227459 0.00046843
 0.        ], ([0.00093058 0.00035872 0.00153394 0.00137568 0.00080846 0.00093685
 0.        ]) 	 loss 2.517E-01 	 horizons 9.0
step 7830 	 return [0.00336854 0.00251296 0.00360505 0.00047168 0.00055745 0.00163468
 0.        ], ([0.00071971 0.00086621 0.00056239 0.00032322 0.00020939 0.00018837
 0.        ]) 	 loss 2.560E-01 	 horizons 9.0
step 7920 	 return [0.00167362 0.00233874 0.00568304 0.00029821 0.00133991 0.00266758
 0.        ], ([0.00051233 0.00048854 0.00129421 0.00089462 0.00035812 0.0014437
 0.        ]) 	 loss 2.416E-01 	 horizons 9.0
step 8010 	 return [9.7855016e-05 1.3997059e-03 1.7849596e-03 1.1914346e-03 1.7375834e-03
 7.0019914e-03 4.9028860e-04], ([0.00029357 0.0005006  0.00087195 0.0014592  0.0009264  0.00080873
 0.00147087]) 	 loss 2.594E-01 	 horizons 9.0
step 8100 	 return [0.00274224 0.00162943 0.0078193  0.0005702  0.00197174 0.00113488
 0.        ], ([0.00082452 0.00106943 0.00087899 0.00114041 0.00048165 0.0011351
 0.        ]) 	 loss 2.312E-01 	 horizons 9.0
step 8190 	 return [0.00276243 0.00185116 0.00535909 0.00016864 0.00124625 0.00205445
 0.        ], ([0.0005146  0.00084427 0.00105216 0.00034565 0.00034158 0.00012434
 0.        ]) 	 loss 2.334E-01 	 horizons 9.0
step 8280 	 return [0.00270431 0.00319889 0.00710148 0.         0.0013289  0.
 0.        ], ([0.0006121  0.00066904 0.0014531  0.         0.00064839 0.
 0.        ]) 	 loss 2.655E-01 	 horizons 9.0
step 8370 	 return [0.00373669 0.0025253  0.00358715 0.00049564 0.00060871 0.00127637
 0.        ], ([0.00052434 0.00064306 0.00082139 0.00034772 0.00024088 0.00054838
 0.        ]) 	 loss 2.463E-01 	 horizons 9.0
step 8460 	 return [0.00055233 0.00162885 0.00243137 0.00230452 0.00113307 0.00741044
 0.0001711 ], ([0.00046203 0.00056776 0.00068817 0.0011959  0.00121016 0.00102045
 0.0005133 ]) 	 loss 2.393E-01 	 horizons 9.0
step 8550 	 return [0.00229207 0.00382793 0.00415374 0.00010123 0.00089964 0.00167689
 0.        ], ([0.00022302 0.0005238  0.00080959 0.00030368 0.00030504 0.00040081
 0.        ]) 	 loss 2.265E-01 	 horizons 9.0
step 8640 	 return [0.         0.         0.00214298 0.01242834 0.00411071 0.00686854
 0.        ], ([0.         0.         0.00046372 0.00058871 0.00051273 0.00229
 0.        ]) 	 loss 2.272E-01 	 horizons 9.0
step 8730 	 return [0.         0.         0.00208033 0.00946413 0.00464406 0.00312665
 0.0031883 ], ([0.0000000e+00 0.0000000e+00 1.1892373e-05 1.0587277e-03 1.4022659e-03
 1.4763149e-03 1.4884369e-03]) 	 loss 2.317E-01 	 horizons 9.0
step 8820 	 return [0.00369585 0.00086542 0.00563317 0.00034208 0.00100801 0.00207037
 0.        ], ([0.00086117 0.00097366 0.00086609 0.00043596 0.00041589 0.00015138
 0.        ]) 	 loss 2.241E-01 	 horizons 9.0
step 8910 	 return [0.00354217 0.00044096 0.00513092 0.00104911 0.00134748 0.00216357
 0.        ], ([3.8914202e-04 8.8191201e-04 3.3325152e-04 3.4523960e-06 7.0513606e-06
 1.8905497e-05 0.0000000e+00]) 	 loss 2.146E-01 	 horizons 9.0
step 9000 	 return [0.         0.00137953 0.01008158 0.00255221 0.00345205 0.00023747
 0.        ], ([0.         0.00045984 0.00049398 0.00085074 0.00063872 0.0007124
 0.        ]) 	 loss 2.330E-01 	 horizons 9.0
step 9090 	 return [0.         0.         0.00209989 0.00819342 0.00773554 0.00647714
 0.00596812], ([0.000000e+00 0.000000e+00 0.000000e+00 0.000000e+00 4.656613e-10
 4.656613e-10 0.000000e+00]) 	 loss 2.141E-01 	 horizons 9.0
step 9180 	 return [0.         0.         0.00209989 0.00819342 0.00773554 0.00647714
 0.00596812], ([0.000000e+00 0.000000e+00 0.000000e+00 0.000000e+00 4.656613e-10
 4.656613e-10 0.000000e+00]) 	 loss 1.938E-01 	 horizons 9.0
step 9270 	 return [0.         0.         0.00102159 0.002116   0.00079819 0.00724918
 0.01303709], ([0.         0.         0.00014616 0.00037592 0.00076244 0.00105368
 0.00096324]) 	 loss 1.727E-01 	 horizons 9.0
step 9360 	 return [0.         0.00030656 0.01085163 0.00284557 0.00369867 0.
 0.        ], ([0.0000000e+00 6.1312399e-04 4.6735737e-04 4.8896300e-06 1.6857497e-05
 0.0000000e+00 0.0000000e+00]) 	 loss 1.793E-01 	 horizons 9.0
step 9450 	 return [0.         0.         0.00231954 0.00425534 0.00616222 0.00762016
 0.00569939], ([0.         0.         0.00051988 0.0009422  0.00201602 0.00122643
 0.0011453 ]) 	 loss 1.734E-01 	 horizons 9.0
step 9540 	 return [0.         0.         0.         0.         0.00390691 0.00890341
 0.00739356], ([0.         0.         0.         0.         0.00056789 0.00076227
 0.00068126]) 	 loss 1.797E-01 	 horizons 9.0
step 9630 	 return [0.         0.         0.00203363 0.00569035 0.00308326 0.00873781
 0.00712952], ([0.0000000e+00 0.0000000e+00 1.9221357e-06 7.5937965e-06 7.2011637e-05
 7.2539155e-04 4.4586934e-04]) 	 loss 1.769E-01 	 horizons 9.0
step 9720 	 return [0.00052749 0.00156799 0.01018662 0.00010375 0.00157497 0.
 0.        ], ([0.00080575 0.0008518  0.00132662 0.00031124 0.00069286 0.
 0.        ]) 	 loss 1.536E-01 	 horizons 9.0
step 9810 	 return [0.         0.00079291 0.0013848  0.0008934  0.00267209 0.00897316
 0.00106592], ([0.         0.00080263 0.00114563 0.00136469 0.00128511 0.00200395
 0.00169089]) 	 loss 1.798E-01 	 horizons 9.0
step 9900 	 return [0.         0.         0.01075122 0.00585893 0.00274523 0.
 0.        ], ([0.         0.         0.0011752  0.00111634 0.00101524 0.
 0.        ]) 	 loss 1.840E-01 	 horizons 9.0
step 9990 	 return [0.00223005 0.00167549 0.00822389 0.00085531 0.00237906 0.00022857
 0.        ], ([0.00069613 0.00117703 0.00077532 0.0013065  0.00029477 0.0006857
 0.        ]) 	 loss 1.787E-01 	 horizons 9.0
step 10080 	 return [0.00207633 0.00212173 0.00865391 0.00047299 0.00232063 0.
 0.        ], ([0.00064256 0.00023905 0.0007843  0.00096987 0.00036512 0.
 0.        ]) 	 loss 1.594E-01 	 horizons 9.0
step 10170 	 return [0.00025045 0.00279245 0.00418734 0.00028371 0.00044471 0.00057697
 0.        ], ([7.5134065e-04 1.3835802e-03 1.0607658e-03 2.8374529e-04 3.5958892e-05
 3.2293593e-04 0.0000000e+00]) 	 loss 1.671E-01 	 horizons 9.0
step 10260 	 return [0.         0.         0.00217057 0.00364741 0.00728302 0.00888176
 0.00279709], ([0.0000000e+00 0.0000000e+00 2.3283064e-10 0.0000000e+00 9.3132257e-10
 0.0000000e+00 2.3283064e-10]) 	 loss 1.687E-01 	 horizons 9.0
step 10350 	 return [0.00155399 0.00253331 0.00834468 0.         0.00218885 0.00044363
 0.        ], ([0.00051992 0.00075305 0.0010088  0.         0.00056282 0.00088726
 0.        ]) 	 loss 1.676E-01 	 horizons 9.0
step 10440 	 return [0.00253892 0.00129683 0.00796885 0.00264142 0.00236978 0.
 0.        ], ([0.00099157 0.00105887 0.00091378 0.00036914 0.00015999 0.
 0.        ]) 	 loss 1.550E-01 	 horizons 9.0
step 10530 	 return [0.         0.00152769 0.00845312 0.00559654 0.00359035 0.
 0.        ], ([0.0000000e+00 0.0000000e+00 0.0000000e+00 4.6566129e-10 2.3283064e-10
 0.0000000e+00 0.0000000e+00]) 	 loss 1.526E-01 	 horizons 9.0
step 10620 	 return [0.         0.         0.00217151 0.00365488 0.00738756 0.00849982
 0.00379296], ([0.0000000e+00 0.0000000e+00 9.3679409e-07 7.4675772e-06 1.0453211e-04
 3.8194004e-04 9.9587464e-04]) 	 loss 1.548E-01 	 horizons 9.0
step 10710 	 return [0.         0.         0.00208355 0.00415015 0.00142528 0.00337284
 0.01210563], ([0.         0.         0.00039634 0.00130546 0.00105254 0.00174013
 0.00084861]) 	 loss 1.357E-01 	 horizons 9.0
step 10800 	 return [0.         0.         0.0020184  0.00636584 0.00412816 0.00183559
 0.00880876], ([0.         0.         0.00010488 0.00185426 0.00098257 0.002517
 0.00364008]) 	 loss 1.394E-01 	 horizons 9.0
step 10890 	 return [0.00211459 0.00238119 0.00690616 0.00028401 0.00176233 0.00154397
 0.        ], ([0.00069642 0.00054116 0.00128207 0.00085203 0.00045482 0.00101174
 0.        ]) 	 loss 1.549E-01 	 horizons 9.0
step 10980 	 return [0.         0.         0.00185199 0.00985598 0.00167624 0.00667429
 0.00548326], ([0.0000000e+00 0.0000000e+00 9.5467345e-05 5.3367403e-04 5.9339858e-04
 2.4318247e-06 9.2454566e-06]) 	 loss 1.509E-01 	 horizons 9.0
step 11070 	 return [0.         0.         0.01156353 0.         0.00153588 0.00237467
 0.        ], ([0.0000000e+00 0.0000000e+00 9.3132257e-10 0.0000000e+00 1.1641532e-10
 2.3283064e-10 0.0000000e+00]) 	 loss 1.290E-01 	 horizons 9.0
step 11160 	 return [0.00417519 0.00275044 0.00438047 0.         0.00080977 0.00169719
 0.        ], ([0.00030694 0.00047791 0.00044203 0.         0.00028972 0.0006373
 0.        ]) 	 loss 1.329E-01 	 horizons 9.0
step 11250 	 return [0.00250261 0.00427626 0.00291063 0.00011295 0.0004844  0.00093277
 0.        ], ([1.2466239e-06 4.9802882e-04 4.1366075e-04 2.2589197e-04 5.1095471e-05
 3.2359848e-04 0.0000000e+00]) 	 loss 1.230E-01 	 horizons 9.0
step 11340 	 return [0.         0.         0.00270722 0.01164887 0.00486499 0.00621835
 0.00024755], ([0.         0.         0.00244073 0.0012252  0.00107876 0.0023097
 0.0004951 ]) 	 loss 1.508E-01 	 horizons 9.0
step 11430 	 return [0.00326903 0.00143573 0.00732024 0.00236983 0.00238367 0.
 0.        ], ([0.00064107 0.00082138 0.00065871 0.00087599 0.00019272 0.
 0.        ]) 	 loss 1.223E-01 	 horizons 9.0
step 11520 	 return [0.         0.000895   0.01049793 0.00043331 0.00140545 0.00233032
 0.        ], ([0.0000000e+00 9.7183167e-04 1.2166811e-03 5.3071609e-04 2.2036878e-04
 4.4725937e-05 0.0000000e+00]) 	 loss 1.333E-01 	 horizons 9.0
step 11610 	 return [0.         0.00100662 0.01104666 0.0001888  0.00151853 0.0014183
 0.        ], ([0.         0.00122659 0.00121038 0.00056641 0.00018361 0.00115809
 0.        ]) 	 loss 1.359E-01 	 horizons 9.0
step 11700 	 return [0.00103692 0.0018369  0.00417807 0.00147163 0.00300647 0.0008698
 0.00148211], ([0.00097113 0.00161315 0.00266    0.00148804 0.00101371 0.00087497
 0.00181521]) 	 loss 1.633E-01 	 horizons 9.0
step 11790 	 return [0.         0.         0.01073291 0.00725238 0.00246077 0.
 0.        ], ([0.         0.         0.00161826 0.00124329 0.00116222 0.
 0.        ]) 	 loss 2.170E-01 	 horizons 9.0
step 11880 	 return [0.         0.00135881 0.0083792  0.00615183 0.00326275 0.
 0.        ], ([0.         0.00045359 0.00134414 0.00056437 0.00051555 0.
 0.        ]) 	 loss 1.553E-01 	 horizons 9.0
step 11970 	 return [0.00444007 0.00325066 0.00271043 0.00011353 0.0004698  0.00083998
 0.        ], ([1.16420284e-04 3.19783459e-04 3.35029072e-05 2.27065597e-04
 2.65932267e-05 1.23701786e-04 0.00000000e+00]) 	 loss 1.594E-01 	 horizons 9.0
step 12060 	 return [0.00123402 0.00226602 0.00385893 0.00139502 0.001407   0.00496996
 0.00049216], ([0.0009582  0.00101576 0.00231319 0.00116179 0.00096331 0.00354308
 0.00147647]) 	 loss 1.430E-01 	 horizons 9.0
step 12150 	 return [0.         0.         0.00210706 0.01068316 0.00804975 0.00694554
 0.00238725], ([0.0000000e+00 0.0000000e+00 5.8581750e-06 2.0328651e-03 2.5655222e-04
 3.8245021e-04 2.9237699e-03]) 	 loss 1.599E-01 	 horizons 9.0
step 12240 	 return [0.00188169 0.0031066  0.00486451 0.00010413 0.00130757 0.00152325
 0.        ], ([4.4171425e-04 5.8958621e-04 7.9667551e-04 3.1237683e-04 4.4834094e-05
 3.6458531e-04 0.0000000e+00]) 	 loss 1.497E-01 	 horizons 9.0
step 12330 	 return [2.5040763e-03 3.7338578e-03 3.9058614e-03 6.4622378e-05 7.4978778e-04
 1.7249000e-03 0.0000000e+00], ([0.00037759 0.00057528 0.00058115 0.00019387 0.00026362 0.00034934
 0.        ]) 	 loss 1.513E-01 	 horizons 9.0
step 12420 	 return [0.00318448 0.00273626 0.00352751 0.00047679 0.00079079 0.00151921
 0.        ], ([0.00086506 0.00075688 0.00081684 0.00041022 0.00032578 0.00037397
 0.        ]) 	 loss 1.307E-01 	 horizons 9.0
step 12510 	 return [0.00429987 0.00354641 0.00266224 0.00011285 0.00046821 0.00083225
 0.        ], ([5.9326261e-04 4.0922654e-04 1.7368713e-04 2.2569177e-04 2.6284013e-05
 1.2892962e-04 0.0000000e+00]) 	 loss 1.507E-01 	 horizons 9.0
step 12600 	 return [0.00255784 0.00171952 0.00853464 0.00142297 0.00215242 0.
 0.        ], ([0.00128188 0.00089814 0.00135495 0.00121967 0.00056986 0.
 0.        ]) 	 loss 1.413E-01 	 horizons 9.0
step 12690 	 return [0.00176843 0.0023651  0.00677629 0.0025057  0.0023738  0.
 0.        ], ([0.00089876 0.00084771 0.0013133  0.00040312 0.00038202 0.
 0.        ]) 	 loss 1.231E-01 	 horizons 9.0
step 12780 	 return [0.         0.         0.0033272  0.01147891 0.00413651 0.
 0.        ], ([0.         0.         0.00048471 0.00031271 0.00075786 0.
 0.        ]) 	 loss 1.339E-01 	 horizons 9.0
step 12870 	 return [0.         0.00153281 0.00991692 0.00283579 0.00366496 0.
 0.        ], ([0.0000000e+00 0.0000000e+00 0.0000000e+00 2.3283064e-10 2.3283064e-10
 0.0000000e+00 0.0000000e+00]) 	 loss 1.466E-01 	 horizons 9.0
step 12960 	 return [0.         0.         0.00377211 0.01118722 0.00427495 0.
 0.        ], ([0.         0.         0.00155164 0.00065038 0.00079151 0.
 0.        ]) 	 loss 1.373E-01 	 horizons 9.0
step 13050 	 return [0.0001261  0.0014015  0.00200272 0.00167634 0.00233453 0.00832071
 0.00079999], ([0.00025221 0.00095488 0.00115947 0.00141036 0.00143612 0.00169798
 0.00163301]) 	 loss 1.258E-01 	 horizons 9.0
step 13140 	 return [0.00248684 0.0037753  0.00777192 0.         0.00053323 0.
 0.        ], ([4.9049966e-05 7.2120992e-04 1.0377744e-03 0.0000000e+00 1.0760297e-05
 0.0000000e+00 0.0000000e+00]) 	 loss 1.465E-01 	 horizons 9.0
step 13230 	 return [0.00331275 0.002096   0.00558418 0.         0.0014373  0.00211866
 0.        ], ([1.4016122e-04 3.3927188e-04 5.3405172e-05 0.0000000e+00 2.0237821e-05
 7.8549259e-05 0.0000000e+00]) 	 loss 1.222E-01 	 horizons 9.0
step 13320 	 return [0.00052826 0.00313254 0.00837002 0.00159237 0.00207983 0.
 0.        ], ([0.00080695 0.00087796 0.00084765 0.00084238 0.00031934 0.
 0.        ]) 	 loss 1.099E-01 	 horizons 9.0
step 13410 	 return [0.00176791 0.00217141 0.00946665 0.00010277 0.00079547 0.00198816
 0.        ], ([1.1245744e-08 6.3814218e-07 2.1590720e-04 3.0831617e-04 1.3600719e-04
 6.6271931e-04 0.0000000e+00]) 	 loss 1.097E-01 	 horizons 9.0
step 13500 	 return [0.         0.         0.01130927 0.00285089 0.00371643 0.
 0.        ], ([0. 0. 0. 0. 0. 0. 0.]) 	 loss 1.022E-01 	 horizons 9.0
step 13590 	 return [0.00174494 0.00247488 0.00749775 0.         0.00166791 0.00180041
 0.        ], ([0.00020847 0.00076705 0.00097762 0.         0.00037006 0.00090094
 0.        ]) 	 loss 9.961E-02 	 horizons 9.0
step 13680 	 return [0.00198819 0.00230865 0.00857556 0.         0.00149722 0.00228435
 0.        ], ([9.7390739e-07 1.1025695e-06 2.5273395e-05 0.0000000e+00 1.0583550e-06
 3.9684819e-06 0.0000000e+00]) 	 loss 1.185E-01 	 horizons 9.0
step 13770 	 return [0.         0.         0.00177481 0.00221532 0.00247387 0.0033513
 0.01322713], ([0.         0.         0.00055255 0.00044103 0.00078038 0.00116374
 0.00151415]) 	 loss 1.164E-01 	 horizons 9.0
step 13860 	 return [0.00012645 0.00216512 0.00283969 0.00279571 0.00135835 0.00720251
 0.        ], ([0.0002529  0.00017661 0.00058266 0.00040891 0.00039656 0.00063916
 0.        ]) 	 loss 1.232E-01 	 horizons 9.0
step 13950 	 return [0.         0.         0.00982597 0.00838705 0.00337564 0.
 0.        ], ([0.         0.         0.00014832 0.00178359 0.00085674 0.
 0.        ]) 	 loss 1.119E-01 	 horizons 9.0
step 14040 	 return [0.00234515 0.00320075 0.00577645 0.         0.00131489 0.00020562
 0.        ], ([8.1643520e-05 4.0277006e-04 1.1088232e-03 0.0000000e+00 3.5301381e-04
 6.1687065e-04 0.0000000e+00]) 	 loss 9.704E-02 	 horizons 9.0
step 14130 	 return [0.0033567  0.001417   0.00890773 0.00200834 0.00220956 0.0007124
 0.        ], ([0.00226514 0.0009594  0.0017388  0.00131477 0.00044103 0.00108821
 0.        ]) 	 loss 9.427E-02 	 horizons 9.0
step 14220 	 return [0.00061902 0.00217582 0.00435233 0.00229874 0.00097166 0.00556754
 0.        ], ([0.00061572 0.00037653 0.00209483 0.00087871 0.00057737 0.00217885
 0.        ]) 	 loss 9.441E-02 	 horizons 9.0
step 14310 	 return [4.4152038e-03 3.1746305e-03 2.6394487e-03 5.6422945e-05 4.9061794e-04
 9.6464669e-04 0.0000000e+00], ([1.2717453e-04 4.2406080e-04 3.0647565e-04 1.6926882e-04 4.5771030e-05
 3.0203207e-04 0.0000000e+00]) 	 loss 9.091E-02 	 horizons 9.0
step 14400 	 return [3.3860239e-03 2.2114455e-03 6.4294348e-03 6.5883411e-05 6.8683235e-04
 2.0779697e-03 0.0000000e+00], ([9.6130394e-04 3.2653628e-04 8.6277782e-04 1.9765024e-04 7.6424716e-05
 1.0864636e-04 0.0000000e+00]) 	 loss 8.997E-02 	 horizons 9.0
step 14490 	 return [0.00351154 0.002857   0.00337738 0.00019202 0.00125127 0.00082073
 0.        ], ([6.5960712e-04 5.5378530e-04 9.3513861e-04 3.8403939e-04 9.4809329e-05
 4.1055522e-04 0.0000000e+00]) 	 loss 1.122E-01 	 horizons 9.0
step 14580 	 return [0.         0.         0.00128091 0.00235655 0.00079581 0.00716911
 0.0134271 ], ([0.         0.         0.00066902 0.00033716 0.00060279 0.00163637
 0.00067661]) 	 loss 1.231E-01 	 horizons 9.0
step 14670 	 return [0.00065018 0.00195021 0.00258625 0.00210963 0.00100266 0.00714503
 0.        ], ([0.00043767 0.00013184 0.00052178 0.0013826  0.0010697  0.00091305
 0.        ]) 	 loss 1.104E-01 	 horizons 9.0
step 14760 	 return [0.00074779 0.00417091 0.00419586 0.         0.00052308 0.00134618
 0.        ], ([1.1422836e-03 6.7842455e-04 6.7264127e-04 0.0000000e+00 4.6544166e-05
 2.8758007e-04 0.0000000e+00]) 	 loss 9.498E-02 	 horizons 9.0
step 14850 	 return [0.         0.         0.00259925 0.00493605 0.00773702 0.00608796
 0.00481767], ([0.0000000e+00 0.0000000e+00 5.9679482e-04 1.2496914e-03 1.5223076e-04
 6.7686109e-04 2.2571676e-05]) 	 loss 9.533E-02 	 horizons 9.0
step 14940 	 return [0.00016731 0.00157765 0.01079926 0.00029247 0.00129509 0.00161322
 0.        ], ([0.00050193 0.00082749 0.00114804 0.00061502 0.00039358 0.00105706
 0.        ]) 	 loss 8.916E-02 	 horizons 9.0
step 15030 	 return [0.00221283 0.00318415 0.00446175 0.         0.00074577 0.00201148
 0.        ], ([2.10650876e-04 6.84049883e-05 1.17960204e-04 0.00000000e+00
 1.70741681e-04 1.54534006e-04 0.00000000e+00]) 	 loss 6.784E-02 	 horizons 9.0
step 15120 	 return [0.00329003 0.00257489 0.00747851 0.         0.0007273  0.00215122
 0.        ], ([6.1831006e-04 3.6406514e-04 3.2298394e-05 0.0000000e+00 1.1980170e-06
 4.0487553e-06 0.0000000e+00]) 	 loss 8.463E-02 	 horizons 9.0
step 15210 	 return [0.00023582 0.00359016 0.00570716 0.         0.00081455 0.00198506
 0.        ], ([0.00070747 0.00034464 0.00108625 0.         0.00022259 0.00021734
 0.        ]) 	 loss 7.363E-02 	 horizons 9.0
step 15300 	 return [0.         0.00227986 0.01147671 0.         0.00056216 0.
 0.        ], ([0.0000000e+00 1.7514011e-04 2.9568348e-04 0.0000000e+00 7.0579671e-07
 0.0000000e+00 0.0000000e+00]) 	 loss 6.861E-02 	 horizons 9.0
step 15390 	 return [0.00576292 0.00211276 0.0014656  0.00089535 0.0010047  0.00124508
 0.        ], ([5.0917995e-04 2.7728677e-04 2.3051523e-04 2.1742240e-05 4.5779929e-05
 8.0861326e-05 0.0000000e+00]) 	 loss 7.826E-02 	 horizons 9.0
step 15480 	 return [0.00023091 0.00269624 0.00491176 0.00171267 0.00181247 0.00019554
 0.        ], ([0.00069272 0.00028786 0.0002833  0.00063134 0.00020836 0.00058663
 0.        ]) 	 loss 6.889E-02 	 horizons 9.0
step 15570 	 return [0.00256445 0.00250755 0.00511002 0.00020982 0.00120666 0.00191106
 0.        ], ([0.00078119 0.00087696 0.00115208 0.00041964 0.00025494 0.00029895
 0.        ]) 	 loss 1.033E-01 	 horizons 9.0
step 15660 	 return [0.         0.         0.00210256 0.00741716 0.00796014 0.00615454
 0.0038721 ], ([0.0000000e+00 0.0000000e+00 4.6439468e-06 2.4629117e-03 1.4953912e-04
 5.5163744e-04 1.9360520e-03]) 	 loss 7.682E-02 	 horizons 9.0
step 15750 	 return [0.00665613 0.00272372 0.00152581 0.00081122 0.00079675 0.00061477
 0.        ], ([8.22557951e-04 2.26635850e-04 5.01039554e-04 6.48781861e-05
 1.19530414e-04 2.94185797e-04 0.00000000e+00]) 	 loss 7.203E-02 	 horizons 9.0
step 15840 	 return [0.         0.00061108 0.00918738 0.00563137 0.00361563 0.
 0.        ], ([0.0000000e+00 7.4841140e-04 5.9951970e-04 2.8440531e-05 2.0646134e-05
 0.0000000e+00 0.0000000e+00]) 	 loss 5.809E-02 	 horizons 9.0
step 15930 	 return [0.00209427 0.00219119 0.00804341 0.00045018 0.00109133 0.00167235
 0.        ], ([0.00070568 0.00011827 0.00164683 0.00046669 0.00055453 0.00084467
 0.        ]) 	 loss 7.241E-02 	 horizons 9.0
step 16020 	 return [0.         0.         0.0080911  0.00927307 0.00364041 0.00095769
 0.00023416], ([0.0000000e+00 0.0000000e+00 3.7284822e-03 6.0392532e-04 8.4934582e-05
 1.9153883e-03 4.6831256e-04]) 	 loss 6.741E-02 	 horizons 9.0
step 16110 	 return [0.         0.00030873 0.00879136 0.00944572 0.00314409 0.00019794
 0.        ], ([0.         0.00061746 0.00112829 0.00088712 0.0012624  0.00059383
 0.        ]) 	 loss 5.641E-02 	 horizons 9.0
step 16200 	 return [0.00658796 0.00254694 0.00254321 0.00022467 0.00057511 0.00096236
 0.        ], ([0.00082624 0.00025788 0.00076921 0.0003493  0.00013784 0.00036532
 0.        ]) 	 loss 5.107E-02 	 horizons 9.0
step 16290 	 return [0.00159733 0.00215761 0.00838441 0.00282124 0.00359889 0.
 0.        ], ([7.9866615e-04 3.1240078e-04 7.6625426e-04 7.2784719e-06 3.3033451e-05
 0.0000000e+00 0.0000000e+00]) 	 loss 5.516E-02 	 horizons 9.0
step 16380 	 return [0.00177121 0.002171   0.00979532 0.00190473 0.00205598 0.
 0.        ], ([2.3283064e-10 2.3283064e-10 9.3132257e-10 0.0000000e+00 2.3283064e-10
 0.0000000e+00 0.0000000e+00]) 	 loss 5.379E-02 	 horizons 9.0
step 16470 	 return [0.         0.         0.00209989 0.00819342 0.00773554 0.00647714
 0.00596812], ([0.000000e+00 0.000000e+00 0.000000e+00 0.000000e+00 4.656613e-10
 4.656613e-10 0.000000e+00]) 	 loss 4.446E-02 	 horizons 9.0
step 16560 	 return [0.00232602 0.00215214 0.00525553 0.00126626 0.00181338 0.00100046
 0.        ], ([0.00153204 0.00022601 0.00060838 0.00129082 0.00042798 0.00100046
 0.        ]) 	 loss 4.037E-02 	 horizons 9.0
step 16650 	 return [0.0016696  0.00366323 0.00749953 0.         0.00072826 0.00215295
 0.        ], ([6.2326433e-07 1.7226907e-06 2.5076421e-05 0.0000000e+00 1.0583375e-06
 3.9685519e-06 0.0000000e+00]) 	 loss 4.943E-02 	 horizons 9.0
step 16740 	 return [0.         0.00015088 0.01198343 0.00250711 0.00135    0.
 0.        ], ([0.         0.00045265 0.00045142 0.00050194 0.00025028 0.
 0.        ]) 	 loss 4.898E-02 	 horizons 9.0
step 16830 	 return [9.9761446e-04 3.6520041e-03 3.2329527e-03 5.6714623e-05 7.5791328e-04
 7.8211928e-04 0.0000000e+00], ([0.0009357  0.00098952 0.00055148 0.00017014 0.00038203 0.00063687
 0.        ]) 	 loss 5.486E-02 	 horizons 9.0
step 16920 	 return [0.         0.         0.00795047 0.00956074 0.00347283 0.00070178
 0.00038332], ([0.         0.         0.00354522 0.00056158 0.00095649 0.00151551
 0.00083619]) 	 loss 6.227E-02 	 horizons 9.0
step 17010 	 return [0.0001268  0.00222223 0.00558448 0.00167993 0.00130647 0.00462165
 0.00033899], ([0.00025359 0.00083847 0.00254174 0.00150035 0.00032758 0.00238083
 0.00101696]) 	 loss 7.999E-02 	 horizons 9.0
step 17100 	 return [0.00078284 0.00195888 0.00280816 0.00298424 0.00050127 0.00700814
 0.        ], ([3.9142006e-04 1.4930087e-04 1.8880237e-05 4.3272971e-06 4.6800092e-04
 2.8247385e-05 0.0000000e+00]) 	 loss 4.094E-02 	 horizons 9.0
step 17190 	 return [0.         0.00123353 0.01018921 0.00960263 0.00166328 0.
 0.        ], ([0.         0.00061677 0.00099482 0.00056002 0.00125024 0.
 0.        ]) 	 loss 2.934E-02 	 horizons 9.0
step 17280 	 return [0.         0.         0.00217244 0.00366234 0.00749209 0.00811788
 0.00478884], ([0.000000e+00 0.000000e+00 0.000000e+00 4.656613e-10 0.000000e+00
 0.000000e+00 4.656613e-10]) 	 loss 3.989E-02 	 horizons 9.0
step 17370 	 return [0.00147886 0.00088433 0.00202515 0.00174959 0.00342321 0.00200117
 0.00153116], ([0.00239298 0.00110501 0.00146514 0.00119746 0.00164793 0.00090401
 0.00134714]) 	 loss 2.943E-02 	 horizons 9.0
step 17460 	 return [0.         0.         0.00209992 0.00799265 0.00775052 0.0064173
 0.00585532], ([0.0000000e+00 0.0000000e+00 1.0442461e-07 6.0231314e-04 4.4951175e-05
 1.7952612e-04 3.3839696e-04]) 	 loss 6.352E-02 	 horizons 9.0
step 17550 	 return [0.0001268  0.00149183 0.00280924 0.00310302 0.00191828 0.00746355
 0.00124135], ([0.00025359 0.00099082 0.0008822  0.00017467 0.00133145 0.00106219
 0.00196579]) 	 loss 3.694E-02 	 horizons 9.0
step 17640 	 return [0.00359096 0.00251707 0.00766554 0.00285876 0.00248555 0.
 0.        ], ([3.0941097e-05 4.5188452e-05 3.6677139e-04 3.5239056e-05 4.3413787e-05
 0.0000000e+00 0.0000000e+00]) 	 loss 6.442E-02 	 horizons 9.0
step 17730 	 return [0.         0.00123144 0.01037573 0.0090589  0.0019042  0.
 0.        ], ([0.         0.00061573 0.00072942 0.0006734  0.00092584 0.
 0.        ]) 	 loss 3.522E-02 	 horizons 9.0
step 17820 	 return [0.00165117 0.00339702 0.00643949 0.00021741 0.00078044 0.00237086
 0.        ], ([0.00029393 0.00052489 0.00153297 0.00065224 0.00024523 0.0015898
 0.        ]) 	 loss 3.951E-02 	 horizons 9.0
step 17910 	 return [0.0043816  0.00310886 0.00440284 0.         0.00065079 0.00192732
 0.        ], ([5.3756867e-05 7.8597797e-05 1.0559291e-05 0.0000000e+00 1.8918188e-05
 7.6822173e-05 0.0000000e+00]) 	 loss 3.296E-02 	 horizons 9.0
step 18000 	 return [0.00175809 0.00120201 0.00358808 0.00266466 0.0046097  0.00128403
 0.00184518], ([1.4354767e-03 9.8143320e-04 2.0981198e-03 6.6223183e-05 2.8009824e-03
 1.5726057e-03 2.2598715e-03]) 	 loss 2.310E-02 	 horizons 9.0
step 18090 	 return [0.         0.00154226 0.01069202 0.00964123 0.00102548 0.
 0.        ], ([0.0000000e+00 2.7889387e-06 4.7441197e-05 5.7431386e-04 5.1293091e-04
 0.0000000e+00 0.0000000e+00]) 	 loss 5.803E-02 	 horizons 9.0
step 18180 	 return [0.00273318 0.00218569 0.00434101 0.00050629 0.00131574 0.00149441
 0.        ], ([3.7664239e-04 4.8884971e-04 1.4600023e-03 5.0628936e-04 8.2644889e-05
 6.1552931e-04 0.0000000e+00]) 	 loss 4.453E-02 	 horizons 9.0
step 18270 	 return [0.         0.         0.00271498 0.00493905 0.0077491  0.00586038
 0.00481847], ([0.0000000e+00 0.0000000e+00 6.1474694e-04 1.2466576e-03 1.3627787e-04
 1.8341700e-05 2.1662330e-05]) 	 loss 5.470E-02 	 horizons 9.0
step 18360 	 return [0.         0.000461   0.0111653  0.00704488 0.00204395 0.
 0.        ], ([0.0000000e+00 7.0419657e-04 3.7194625e-04 9.4775599e-04 4.8399625e-06
 0.0000000e+00 0.0000000e+00]) 	 loss 3.269E-02 	 horizons 9.0
step 18450 	 return [0.         0.         0.01102547 0.01149655 0.00113488 0.
 0.        ], ([0.         0.         0.00139241 0.00060248 0.00108584 0.
 0.        ]) 	 loss 3.360E-02 	 horizons 9.0
step 18540 	 return [0.0053721  0.00301283 0.00283096 0.00023073 0.00046089 0.0007963
 0.        ], ([1.0705773e-03 4.8682158e-04 1.3440243e-04 2.8262139e-04 3.2836793e-05
 1.4017738e-04 0.0000000e+00]) 	 loss 2.789E-02 	 horizons 9.0
step 18630 	 return [0.         0.00138859 0.01073043 0.00978552 0.00089728 0.
 0.        ], ([0.0000000e+00 4.6286886e-04 9.0776390e-05 4.3097659e-04 3.8468774e-04
 0.0000000e+00 0.0000000e+00]) 	 loss 2.205E-02 	 horizons 9.0
step 18720 	 return [0.00177121 0.002171   0.00979532 0.00190473 0.00205598 0.
 0.        ], ([2.3283064e-10 2.3283064e-10 9.3132257e-10 0.0000000e+00 2.3283064e-10
 0.0000000e+00 0.0000000e+00]) 	 loss 2.299E-02 	 horizons 9.0
step 18810 	 return [0.00407776 0.00217825 0.00272213 0.00067089 0.00118958 0.00135648
 0.        ], ([0.00106054 0.0004099  0.00088631 0.00044103 0.00011968 0.00038868
 0.        ]) 	 loss 2.923E-02 	 horizons 9.0
step 18900 	 return [0.         0.         0.00210023 0.00618571 0.00788538 0.00587872
 0.00484013], ([0.000000e+00 0.000000e+00 0.000000e+00 4.656613e-10 9.313226e-10
 0.000000e+00 4.656613e-10]) 	 loss 3.321E-02 	 horizons 9.0
step 18990 	 return [0.         0.00154087 0.0106683  0.00935408 0.00128195 0.
 0.        ], ([0.0000000e+00 3.4157381e-06 5.8103364e-05 7.0338789e-04 6.2820950e-04
 0.0000000e+00 0.0000000e+00]) 	 loss 2.541E-02 	 horizons 9.0
step 19080 	 return [0.00484819 0.0023301  0.00537553 0.         0.00070125 0.00208557
 0.        ], ([6.8369450e-04 6.5466092e-04 2.9894037e-04 0.0000000e+00 5.5583746e-06
 9.6221456e-06 0.0000000e+00]) 	 loss 3.067E-02 	 horizons 9.0
step 19170 	 return [0.         0.         0.01054023 0.01166861 0.00077254 0.00049862
 0.00028691], ([0.0000000e+00 0.0000000e+00 2.8481430e-03 8.6302578e-05 1.1876982e-06
 1.4958720e-03 8.6071721e-04]) 	 loss 3.603E-02 	 horizons 9.0
step 19260 	 return [0.         0.         0.00217244 0.00366234 0.00749209 0.00811788
 0.00478884], ([0.000000e+00 0.000000e+00 0.000000e+00 4.656613e-10 0.000000e+00
 0.000000e+00 4.656613e-10]) 	 loss 4.176E-02 	 horizons 9.0
step 19350 	 return [0.         0.00073889 0.00237136 0.00263282 0.00574919 0.00192604
 0.00276777], ([0.0000000e+00 9.0495555e-04 1.6570081e-03 6.0341856e-05 2.8058814e-03
 1.5726056e-03 2.2598715e-03]) 	 loss 2.308E-02 	 horizons 9.0
step 19440 	 return [0.         0.         0.00098193 0.00228166 0.00058472 0.00765573
 0.01358798], ([0.0000000e+00 0.0000000e+00 8.0696776e-07 1.2895558e-06 5.2299583e-07
 8.1737386e-04 1.3699188e-04]) 	 loss 4.863E-02 	 horizons 9.0
step 19530 	 return [0.00543372 0.002595   0.00247404 0.         0.00080126 0.00124476
 0.        ], ([0.00124848 0.00035756 0.00088584 0.         0.00037261 0.00022895
 0.        ]) 	 loss 2.350E-02 	 horizons 9.0
step 19620 	 return [0.         0.         0.00217244 0.00366234 0.00749209 0.00811788
 0.00478884], ([0.000000e+00 0.000000e+00 0.000000e+00 4.656613e-10 0.000000e+00
 0.000000e+00 4.656613e-10]) 	 loss 3.029E-02 	 horizons 9.0
step 19710 	 return [0.         0.         0.01148961 0.01169737 0.00077293 0.
 0.        ], ([0.000000e+00 0.000000e+00 9.313226e-10 9.313226e-10 0.000000e+00
 0.000000e+00 0.000000e+00]) 	 loss 1.163E-02 	 horizons 9.0
step 19800 	 return [0.         0.00185455 0.00409054 0.0032754  0.00178524 0.00690205
 0.00045967], ([0.         0.00061818 0.00065061 0.00011057 0.00189653 0.00088155
 0.00137901]) 	 loss 9.369E-03 	 horizons 9.0
step 19890 	 return [0.00176606 0.00216588 0.00849927 0.004518   0.00199583 0.
 0.        ], ([2.3283064e-10 0.0000000e+00 9.3132257e-10 4.6566129e-10 0.0000000e+00
 0.0000000e+00 0.0000000e+00]) 	 loss 3.588E-02 	 horizons 9.0
step 19980 	 return [0.00272679 0.00299617 0.00819175 0.00013017 0.0005265  0.00033576
 0.        ], ([5.6408037e-04 2.1418715e-04 1.3944218e-03 2.6052052e-04 3.5331639e-05
 6.7428465e-04 0.0000000e+00]) 	 loss 2.514E-02 	 horizons 9.0
step 20070 	 return [0.00117183 0.00187469 0.00314561 0.00104081 0.00149634 0.00149318
 0.        ], ([1.9559362e-03 8.1492006e-05 8.8276190e-04 9.3871064e-04 4.1416378e-04
 7.6145178e-04 0.0000000e+00]) 	 loss 2.186E-02 	 horizons 9.0
step 20160 	 return [0.         0.         0.01167428 0.00655267 0.00181543 0.
 0.        ], ([0.         0.         0.00060193 0.00025707 0.00047408 0.
 0.        ]) 	 loss 4.652E-02 	 horizons 9.0
step 20250 	 return [0.00278994 0.0016843  0.00549674 0.00054254 0.00162882 0.00175013
 0.        ], ([0.0009384  0.00032584 0.00038385 0.00108509 0.00034449 0.0008752
 0.        ]) 	 loss 2.384E-02 	 horizons 9.0
step 20340 	 return [0.00271383 0.00229783 0.00737791 0.00067551 0.00046933 0.00183406
 0.        ], ([1.0221851e-03 3.3202150e-04 3.0241223e-04 2.7795388e-06 1.6417381e-06
 1.4297913e-05 0.0000000e+00]) 	 loss 2.283E-02 	 horizons 9.0
step 20430 	 return [0.         0.         0.00207968 0.00842566 0.00732986 0.0064469
 0.00565892], ([0.0000000e+00 0.0000000e+00 6.0618066e-05 6.9673703e-04 1.2170385e-03
 9.0728390e-05 9.2759531e-04]) 	 loss 2.136E-02 	 horizons 9.0
step 20520 	 return [0.00035321 0.00248897 0.01045174 0.00434664 0.00099445 0.
 0.        ], ([7.0642395e-04 1.7312483e-04 1.5876952e-03 8.6169959e-05 6.4388703e-04
 0.0000000e+00 0.0000000e+00]) 	 loss 3.485E-02 	 horizons 9.0
step 20610 	 return [0.00265643 0.00224343 0.00353717 0.00070877 0.00130587 0.00193364
 0.        ], ([2.8392117e-04 3.1815816e-04 4.9519975e-04 4.6400155e-04 5.1402334e-05
 1.4267072e-05 0.0000000e+00]) 	 loss 1.492E-02 	 horizons 9.0
step 20700 	 return [0.00360127 0.00253213 0.00778779 0.0028705  0.00250002 0.
 0.        ], ([0.0000000e+00 2.3283064e-10 0.0000000e+00 2.3283064e-10 0.0000000e+00
 0.0000000e+00 0.0000000e+00]) 	 loss 2.032E-02 	 horizons 9.0
step 20790 	 return [0.00300544 0.00157591 0.00522403 0.         0.0014356  0.00213065
 0.        ], ([2.4268334e-04 2.9267944e-04 1.3573512e-03 0.0000000e+00 6.8967500e-05
 1.8805100e-04 0.0000000e+00]) 	 loss 1.383E-02 	 horizons 9.0
step 20880 	 return [0.00710912 0.00271551 0.00299881 0.00046501 0.00044269 0.00071106
 0.        ], ([3.5127057e-04 2.4516886e-04 2.4498177e-05 2.3250391e-04 3.5721790e-05
 1.2896502e-04 0.0000000e+00]) 	 loss 1.977E-02 	 horizons 9.0
step 20970 	 return [0.00370043 0.00206502 0.00563025 0.         0.0012326  0.00216255
 0.        ], ([9.3589706e-04 8.3230267e-04 7.4542499e-05 0.0000000e+00 3.4448266e-04
 4.6385729e-05 0.0000000e+00]) 	 loss 1.190E-02 	 horizons 9.0
step 21060 	 return [0.00038039 0.00170745 0.00501775 0.0029119  0.0008938  0.00669448
 0.        ], ([0.00031058 0.00057961 0.00218196 0.00097064 0.00030821 0.00144001
 0.        ]) 	 loss 1.081E-02 	 horizons 9.0
step 21150 	 return [0.00189884 0.00225216 0.00807637 0.0010187  0.00123966 0.00154097
 0.        ], ([1.07426029e-04 6.76459895e-05 7.30295666e-04 1.11987865e-04
 2.67028954e-04 1.01449527e-03 0.00000000e+00]) 	 loss 1.477E-02 	 horizons 9.0
step 21240 	 return [0.00571655 0.0019964  0.00125368 0.00094572 0.00111665 0.00141635
 0.        ], ([6.7569059e-04 7.8160832e-05 4.1789332e-04 2.2737348e-05 5.0033683e-05
 2.5701744e-05 0.0000000e+00]) 	 loss 9.076E-03 	 horizons 9.0
step 21330 	 return [0.         0.         0.0113371  0.0111688  0.00077185 0.
 0.        ], ([0.0000000e+00 0.0000000e+00 2.3295965e-04 8.0740452e-04 1.6502731e-06
 0.0000000e+00 0.0000000e+00]) 	 loss 1.040E-02 	 horizons 9.0
step 21420 	 return [0.         0.         0.00310081 0.00358701 0.00757999 0.00585489
 0.00499133], ([0.0000000e+00 0.0000000e+00 6.8675139e-04 3.1614664e-04 9.8490440e-05
 3.8572398e-05 5.8357499e-04]) 	 loss 9.289E-03 	 horizons 9.0
step 21510 	 return [0.00052982 0.00212135 0.01098921 0.00447212 0.00106674 0.
 0.        ], ([0.00080931 0.00019498 0.00164989 0.00028676 0.00063801 0.
 0.        ]) 	 loss 1.057E-02 	 horizons 9.0
step 21600 	 return [0.         0.         0.01126958 0.0099203  0.00206394 0.
 0.        ], ([0.0000000e+00 0.0000000e+00 2.0639971e-04 7.1069336e-04 5.7075172e-06
 0.0000000e+00 0.0000000e+00]) 	 loss 1.287E-02 	 horizons 9.0
step 21690 	 return [0.         0.         0.00217244 0.00366234 0.00749209 0.00811788
 0.00478884], ([0.000000e+00 0.000000e+00 0.000000e+00 4.656613e-10 0.000000e+00
 0.000000e+00 4.656613e-10]) 	 loss 1.376E-02 	 horizons 9.0
step 21780 	 return [0.00333438 0.00220494 0.00457457 0.00093804 0.00134472 0.00212901
 0.        ], ([1.0512304e-06 4.8845550e-07 3.2859674e-04 3.1267863e-04 3.3786750e-05
 9.5722735e-06 0.0000000e+00]) 	 loss 1.112E-02 	 horizons 9.0
step 21870 	 return [0.00473867 0.00242997 0.00427718 0.00057369 0.00046783 0.00163854
 0.        ], ([1.38427407e-04 2.57913256e-04 4.94742417e-05 1.91401778e-04
 5.59589898e-05 1.05429266e-04 0.00000000e+00]) 	 loss 1.371E-02 	 horizons 9.0
step 21960 	 return [0.00288853 0.00198378 0.00332234 0.00091132 0.00128356 0.00192762
 0.        ], ([8.3979688e-07 3.7397254e-07 3.2569520e-04 3.0377359e-04 3.3786750e-05
 9.5722735e-06 0.0000000e+00]) 	 loss 4.588E-02 	 horizons 9.0
step 22050 	 return [0.         0.00219635 0.0121808  0.00431331 0.00057457 0.
 0.        ], ([0.000000e+00 0.000000e+00 9.313226e-10 4.656613e-10 5.820766e-11
 0.000000e+00 0.000000e+00]) 	 loss 3.559E-02 	 horizons 9.0
step 22140 	 return [0.00474169 0.00233798 0.00427228 0.00057536 0.00046862 0.00165411
 0.        ], ([6.4591513e-05 7.5280004e-05 5.1736049e-05 1.9196179e-04 5.5874279e-05
 1.0212640e-04 0.0000000e+00]) 	 loss 4.137E-02 	 horizons 9.0
step 22230 	 return [0.00332426 0.00224009 0.00619898 0.00275578 0.00236458 0.
 0.        ], ([2.6221469e-04 1.6491860e-04 5.8815128e-04 3.4432313e-05 4.5020868e-05
 0.0000000e+00 0.0000000e+00]) 	 loss 4.115E-02 	 horizons 9.0
step 22320 	 return [5.1228995e-03 3.2872898e-03 5.5162250e-03 6.6368390e-05 6.8203278e-04
 2.0617801e-03 0.0000000e+00], ([3.9019151e-06 2.2455820e-06 4.8690752e-05 1.9910517e-04 7.3193383e-05
 9.6600343e-05 0.0000000e+00]) 	 loss 5.899E-02 	 horizons 9.0
step 22410 	 return [0.00252089 0.00263043 0.00825249 0.00287319 0.00250462 0.
 0.        ], ([1.6503105e-03 1.5014777e-04 7.0983672e-04 4.0971418e-06 7.0289452e-06
 0.0000000e+00 0.0000000e+00]) 	 loss 2.103E-02 	 horizons 9.0
step 22500 	 return [0.         0.         0.00209989 0.00819342 0.00773554 0.00647714
 0.00596812], ([0.000000e+00 0.000000e+00 0.000000e+00 0.000000e+00 4.656613e-10
 4.656613e-10 0.000000e+00]) 	 loss 3.158E-02 	 horizons 9.0
step 22590 	 return [0.0010814  0.00191732 0.0099768  0.00072952 0.00056982 0.00193759
 0.        ], ([0.00088526 0.00033863 0.0012631  0.00011339 0.00027173 0.00010665
 0.        ]) 	 loss 1.748E-02 	 horizons 9.0
step 22680 	 return [0.         0.         0.00277301 0.01123247 0.00140094 0.00505568
 0.00296322], ([0.         0.         0.00155753 0.00140937 0.00126653 0.00252784
 0.00148161]) 	 loss 1.547E-02 	 horizons 9.0
step 22770 	 return [0.         0.00206061 0.00430741 0.00323854 0.00115307 0.0071959
 0.        ], ([0.000000e+00 0.000000e+00 4.656613e-10 0.000000e+00 0.000000e+00
 9.313226e-10 0.000000e+00]) 	 loss 7.041E-02 	 horizons 9.0
step 22860 	 return [0.         0.00235623 0.01189607 0.00431105 0.00057395 0.
 0.        ], ([0.0000000e+00 1.9581318e-04 3.4872832e-04 2.7644369e-06 7.5452846e-07
 0.0000000e+00 0.0000000e+00]) 	 loss 1.730E-02 	 horizons 9.0
step 22950 	 return [0.00031699 0.00199877 0.00454292 0.00319685 0.00103772 0.00646023
 0.        ], ([0.00031699 0.00025125 0.00074905 0.00011735 0.00053433 0.00215346
 0.        ]) 	 loss 1.135E-02 	 horizons 9.0
step 23040 	 return [0.00740736 0.00291944 0.00304643 0.         0.00051414 0.00096899
 0.        ], ([0.000000e+00 0.000000e+00 0.000000e+00 0.000000e+00 5.820766e-11
 0.000000e+00 0.000000e+00]) 	 loss 1.284E-02 	 horizons 9.0
step 23130 	 return [0.         0.         0.01148961 0.01169737 0.00077293 0.
 0.        ], ([0.000000e+00 0.000000e+00 9.313226e-10 9.313226e-10 0.000000e+00
 0.000000e+00 0.000000e+00]) 	 loss 1.215E-02 	 horizons 9.0
step 23220 	 return [0.         0.00260551 0.00984366 0.00288608 0.00252755 0.
 0.        ], ([0.00000000e+00 5.29982150e-04 8.73631332e-04 1.04319315e-05
 1.91540676e-05 0.00000000e+00 0.00000000e+00]) 	 loss 8.943E-03 	 horizons 9.0
step 23310 	 return [0.00405943 0.00292733 0.00371147 0.00097998 0.00117886 0.0010853
 0.        ], ([7.2168640e-04 4.6028840e-04 7.7064865e-04 2.6972061e-06 4.8781803e-06
 1.1703401e-05 0.0000000e+00]) 	 loss 2.008E-02 	 horizons 9.0
step 23400 	 return [0.00347588 0.00293127 0.00389831 0.00098115 0.00118099 0.00109047
 0.        ], ([9.9998615e-06 5.4799946e-04 8.1592536e-04 3.1278075e-06 5.7247348e-06
 1.4554196e-05 0.0000000e+00]) 	 loss 2.784E-02 	 horizons 9.0
step 23490 	 return [0.00324115 0.00227892 0.00805818 0.00269253 0.00239234 0.00023428
 0.        ], ([0.00108038 0.00075964 0.00081116 0.00053393 0.00032303 0.00070283
 0.        ]) 	 loss 1.860E-02 	 horizons 9.0
step 23580 	 return [0.00594178 0.00202245 0.00139298 0.0009533  0.00113332 0.00142492
 0.        ], ([4.6566129e-10 2.3283064e-10 1.1641532e-10 1.1641532e-10 1.1641532e-10
 1.1641532e-10 0.0000000e+00]) 	 loss 1.127E-02 	 horizons 9.0
step 23670 	 return [0.         0.00131429 0.01106244 0.001157   0.00106531 0.00044903
 0.        ], ([0.         0.0007319  0.00034691 0.00112712 0.00024246 0.00089806
 0.        ]) 	 loss 1.195E-02 	 horizons 9.0
step 23760 	 return [0.         0.         0.01148961 0.01169737 0.00077293 0.
 0.        ], ([0.000000e+00 0.000000e+00 9.313226e-10 9.313226e-10 0.000000e+00
 0.000000e+00 0.000000e+00]) 	 loss 1.726E-02 	 horizons 9.0
step 23850 	 return [0.00734589 0.00290291 0.00283519 0.00054848 0.00047506 0.00066616
 0.        ], ([1.38619114e-04 3.45915942e-05 4.92386636e-04 1.97589543e-04
 1.23410442e-04 1.08158034e-04 0.00000000e+00]) 	 loss 1.771E-02 	 horizons 9.0
step 23940 	 return [0.         0.00290216 0.00963207 0.0028857  0.00252686 0.
 0.        ], ([0.0000000e+00 2.3283064e-10 9.3132257e-10 0.0000000e+00 2.3283064e-10
 0.0000000e+00 0.0000000e+00]) 	 loss 1.207E-02 	 horizons 9.0
step 24030 	 return [0.00057023 0.00163322 0.00395956 0.0032623  0.00112548 0.00724047
 0.00054765], ([1.9008032e-04 5.4440973e-04 6.9208653e-04 9.5651907e-05 1.4384470e-03
 7.0461840e-04 1.6429618e-03]) 	 loss 1.363E-02 	 horizons 9.0
step 24120 	 return [0.00063259 0.00181272 0.00386206 0.00322188 0.00061736 0.0079323
 0.        ], ([1.6942100e-06 3.3272822e-06 5.1426823e-04 1.4720092e-05 4.8736576e-05
 9.4130129e-04 0.0000000e+00]) 	 loss 4.760E-02 	 horizons 9.0
step 24210 	 return [0.         0.         0.00210013 0.00678802 0.00784042 0.00605825
 0.00517853], ([0.0000000e+00 0.0000000e+00 1.5951117e-07 9.2004868e-04 6.8664041e-05
 2.7423067e-04 5.1690999e-04]) 	 loss 2.265E-02 	 horizons 9.0
step 24300 	 return [0.00685876 0.00293119 0.00169378 0.00067259 0.000584   0.00069901
 0.        ], ([0.0004005  0.0003567  0.00065127 0.00013115 0.00020631 0.00017637
 0.        ]) 	 loss 2.634E-02 	 horizons 9.0
step 24390 	 return [0.00344052 0.00250907 0.00794111 0.00287133 0.00250145 0.
 0.        ], ([4.8225926e-04 6.9191141e-05 4.5993316e-04 2.4860722e-06 4.2823845e-06
 0.0000000e+00 0.0000000e+00]) 	 loss 3.200E-02 	 horizons 9.0
step 24480 	 return [0.         0.000461   0.01088499 0.008626   0.00221766 0.
 0.        ], ([0.         0.0007042  0.00047696 0.00029491 0.00048441 0.
 0.        ]) 	 loss 2.021E-02 	 horizons 9.0
step 24570 	 return [0.00534577 0.00181978 0.00125284 0.00093012 0.0010824  0.00131655
 0.        ], ([1.7819281e-03 6.0659432e-04 4.1761558e-04 3.6621317e-05 8.0318590e-05
 2.3119668e-04 0.0000000e+00]) 	 loss 2.541E-02 	 horizons 9.0
step 24660 	 return [0.00050441 0.00185836 0.00334201 0.00320778 0.00066664 0.00889994
 0.        ], ([2.5220710e-04 9.9436242e-05 3.2187425e-04 1.0346225e-05 2.1912021e-04
 5.6812185e-04 0.0000000e+00]) 	 loss 3.023E-02 	 horizons 9.0
step 24750 	 return [0.00177709 0.00226424 0.00959727 0.00200139 0.00210056 0.
 0.        ], ([0.00080536 0.00019231 0.00060321 0.0002897  0.00013316 0.
 0.        ]) 	 loss 2.073E-02 	 horizons 9.0
step 24840 	 return [0.         0.         0.00228817 0.00366535 0.00750416 0.0078903
 0.00478964], ([0.0000000e+00 0.0000000e+00 3.4718527e-04 9.0141775e-06 3.6220019e-05
 6.8275409e-04 2.3898203e-06]) 	 loss 1.664E-02 	 horizons 9.0
step 24930 	 return [0.00063398 0.00181544 0.00428195 0.0032339  0.00065715 0.00716374
 0.        ], ([0.0000000e+00 2.3283064e-10 4.6566129e-10 0.0000000e+00 5.8207661e-11
 0.0000000e+00 0.0000000e+00]) 	 loss 1.555E-02 	 horizons 9.0
step 25020 	 return [0.00253478 0.00257613 0.00345843 0.00101479 0.00127638 0.00193262
 0.        ], ([4.54488676e-04 1.10868736e-04 5.00318361e-04 5.04572017e-06
 9.23182779e-06 1.81933392e-05 0.00000000e+00]) 	 loss 1.414E-02 	 horizons 9.0
step 25110 	 return [0.00360127 0.00253213 0.00778779 0.0028705  0.00250002 0.
 0.        ], ([0.0000000e+00 2.3283064e-10 0.0000000e+00 2.3283064e-10 0.0000000e+00
 0.0000000e+00 0.0000000e+00]) 	 loss 1.404E-02 	 horizons 9.0
step 25200 	 return [0.00233101 0.00266299 0.00529536 0.00271834 0.00232209 0.
 0.        ], ([2.3283064e-10 0.0000000e+00 4.6566129e-10 0.0000000e+00 2.3283064e-10
 0.0000000e+00 0.0000000e+00]) 	 loss 9.264E-03 	 horizons 9.0
step 25290 	 return [0.         0.         0.00755001 0.01038262 0.00453286 0.00134325
 0.00028761], ([0.         0.         0.00318645 0.00110019 0.00146611 0.0026974
 0.00086284]) 	 loss 6.771E-03 	 horizons 9.0
step 25380 	 return [0.         0.         0.00209989 0.00819342 0.00773554 0.00647714
 0.00596812], ([0.000000e+00 0.000000e+00 0.000000e+00 0.000000e+00 4.656613e-10
 4.656613e-10 0.000000e+00]) 	 loss 1.964E-02 	 horizons 9.0
step 25470 	 return [0.00283033 0.00204865 0.00332176 0.00091132 0.0012835  0.00192753
 0.        ], ([1.7374930e-04 1.9498433e-04 3.2394656e-04 3.0377359e-04 3.3627879e-05
 9.2993723e-06 0.0000000e+00]) 	 loss 2.527E-02 	 horizons 9.0
step 25560 	 return [0.00339401 0.00224731 0.00480134 0.00072158 0.00133776 0.00201393
 0.        ], ([1.2079884e-04 2.7665013e-04 4.9352722e-04 4.7245162e-04 4.8886464e-05
 6.7943169e-05 0.0000000e+00]) 	 loss 3.053E-02 	 horizons 9.0
step 25650 	 return [0.00315434 0.00150451 0.00467335 0.001049   0.00134716 0.00216377
 0.        ], ([2.4583770e-04 2.3346253e-04 2.8207031e-04 2.8279635e-06 5.5849300e-06
 1.4027003e-05 0.0000000e+00]) 	 loss 1.673E-02 	 horizons 9.0
step 25740 	 return [0.         0.00255608 0.01154015 0.00430823 0.00057318 0.
 0.        ], ([0.0000000e+00 1.1991060e-04 2.1355161e-04 1.6928650e-06 4.6205244e-07
 0.0000000e+00 0.0000000e+00]) 	 loss 1.560E-02 	 horizons 9.0
step 25830 	 return [0.0047392  0.00288686 0.00323142 0.00098577 0.00119628 0.00124931
 0.        ], ([8.9337915e-04 4.8779973e-04 4.1270902e-04 1.6786777e-05 4.4067059e-05
 3.4906325e-04 0.0000000e+00]) 	 loss 7.335E-03 	 horizons 9.0
step 25920 	 return [0.         0.         0.00271498 0.00493905 0.0077491  0.00586038
 0.00481847], ([0.0000000e+00 0.0000000e+00 6.1474700e-04 1.2466576e-03 1.3627787e-04
 1.8341700e-05 2.1662330e-05]) 	 loss 1.551E-02 	 horizons 9.0
step 26010 	 return [6.3397601e-05 1.9813238e-03 4.5311898e-03 3.3024971e-03 1.3190995e-03
 6.4730905e-03 0.0000000e+00], ([0.00019019 0.00017239 0.00067986 0.00019342 0.00067968 0.00215772
 0.        ]) 	 loss 8.423E-03 	 horizons 9.0
step 26100 	 return [0.00291434 0.00211597 0.00303242 0.00100677 0.0012586  0.00187538
 0.        ], ([7.8293546e-05 3.9692249e-04 5.4407108e-04 1.7429993e-05 4.1081628e-05
 1.4714309e-04 0.0000000e+00]) 	 loss 9.575E-03 	 horizons 9.0
step 26190 	 return [0.00198591 0.00230666 0.00747535 0.00106905 0.00138424 0.00225112
 0.        ], ([1.2984500e-06 1.4700928e-06 3.3697859e-05 7.0510430e-07 1.4110467e-06
 5.2913092e-06 0.0000000e+00]) 	 loss 1.634E-02 	 horizons 9.0
step 26280 	 return [0.00177121 0.002171   0.00979532 0.00190473 0.00205598 0.
 0.        ], ([2.3283064e-10 2.3283064e-10 9.3132257e-10 0.0000000e+00 2.3283064e-10
 0.0000000e+00 0.0000000e+00]) 	 loss 1.083E-02 	 horizons 9.0
step 26370 	 return [0.00241073 0.00214745 0.00477521 0.00122903 0.00164977 0.0014512
 0.        ], ([0.0015789  0.00020628 0.00051306 0.00105931 0.00043507 0.00095144
 0.        ]) 	 loss 8.563E-03 	 horizons 9.0
step 26460 	 return [0.         0.00138301 0.0102655  0.00843282 0.00220661 0.
 0.        ], ([0.         0.000461   0.00099493 0.00017935 0.0004658  0.
 0.        ]) 	 loss 1.197E-02 	 horizons 9.0
step 26550 	 return [0.00072025 0.00279425 0.00902699 0.00287766 0.00251229 0.
 0.        ], ([1.4405090e-03 1.3105971e-04 6.1959622e-04 3.5762787e-06 6.1353667e-06
 0.0000000e+00 0.0000000e+00]) 	 loss 1.093E-02 	 horizons 9.0
step 26640 	 return [0.00348014 0.00347921 0.00308612 0.00097824 0.00117567 0.00107716
 0.        ], ([2.3283064e-10 0.0000000e+00 0.0000000e+00 1.1641532e-10 0.0000000e+00
 0.0000000e+00 0.0000000e+00]) 	 loss 1.478E-02 	 horizons 9.0
step 26730 	 return [0.         0.00239519 0.0043685  0.00253042 0.0018982  0.
 0.        ], ([0.0000000e+00 6.7952689e-04 6.3126186e-05 8.8178291e-05 2.0725708e-04
 0.0000000e+00 0.0000000e+00]) 	 loss 8.359E-03 	 horizons 9.0
step 26820 	 return [0.         0.         0.00210023 0.00618571 0.00788538 0.00587872
 0.00484013], ([0.000000e+00 0.000000e+00 0.000000e+00 4.656613e-10 9.313226e-10
 0.000000e+00 4.656613e-10]) 	 loss 4.503E-02 	 horizons 9.0
step 26910 	 return [0.         0.00206061 0.00430741 0.00323854 0.00115307 0.0071959
 0.        ], ([0.000000e+00 0.000000e+00 4.656613e-10 0.000000e+00 0.000000e+00
 9.313226e-10 0.000000e+00]) 	 loss 1.094E-02 	 horizons 9.0
step 27000 	 return [0.         0.         0.00209989 0.00819342 0.00773554 0.00647714
 0.00596812], ([0.000000e+00 0.000000e+00 0.000000e+00 0.000000e+00 4.656613e-10
 4.656613e-10 0.000000e+00]) 	 loss 1.102E-02 	 horizons 9.0
step 27090 	 return [0.         0.         0.01122216 0.00854572 0.00205862 0.
 0.        ], ([0.0000000e+00 0.0000000e+00 9.3132257e-10 9.3132257e-10 2.3283064e-10
 0.0000000e+00 0.0000000e+00]) 	 loss 9.874E-03 	 horizons 9.0
step 27180 	 return [0.00192832 0.00090078 0.00668158 0.00283578 0.00247029 0.
 0.        ], ([5.8578973e-04 2.7731890e-04 4.6260840e-05 3.7819145e-06 3.2112000e-06
 0.0000000e+00 0.0000000e+00]) 	 loss 6.851E-03 	 horizons 9.0
step 27270 	 return [0.         0.         0.00994954 0.00955467 0.00368019 0.
 0.        ], ([0.0000000e+00 0.0000000e+00 9.3132257e-10 0.0000000e+00 2.3283064e-10
 0.0000000e+00 0.0000000e+00]) 	 loss 5.744E-02 	 horizons 9.0
step 27360 	 return [0.         0.         0.01137278 0.01027565 0.0020668  0.
 0.        ], ([0.0000000e+00 0.0000000e+00 0.0000000e+00 0.0000000e+00 2.3283064e-10
 0.0000000e+00 0.0000000e+00]) 	 loss 1.885E-02 	 horizons 9.0
step 27450 	 return [0.00063328 0.00181408 0.00407201 0.00322789 0.00063725 0.00754802
 0.        ], ([1.3833165e-06 2.7167143e-06 4.1989825e-04 1.2018905e-05 3.9793249e-05
 7.6856930e-04 0.0000000e+00]) 	 loss 8.549E-03 	 horizons 9.0
step 27540 	 return [0.00525291 0.00233575 0.00435846 0.00019546 0.00077691 0.00183138
 0.        ], ([0.00067585 0.0003033  0.00077092 0.00039092 0.00019938 0.000383
 0.        ]) 	 loss 8.693E-03 	 horizons 9.0
step 27630 	 return [0.0035006  0.00245343 0.00732189 0.00060775 0.00049454 0.00186159
 0.        ], ([3.1232729e-04 2.9210829e-05 5.7869856e-06 2.0258386e-04 7.5970456e-05
 9.1818365e-05 0.0000000e+00]) 	 loss 1.629E-02 	 horizons 9.0
step 27720 	 return [0.00177121 0.002171   0.00979532 0.00190473 0.00205598 0.
 0.        ], ([2.3283064e-10 2.3283064e-10 9.3132257e-10 0.0000000e+00 2.3283064e-10
 0.0000000e+00 0.0000000e+00]) 	 loss 1.757E-02 	 horizons 9.0
step 27810 	 return [0.00016731 0.00169312 0.01041199 0.00087975 0.00124299 0.00089575
 0.        ], ([0.00050193 0.00089629 0.00122899 0.00088019 0.00055204 0.00109707
 0.        ]) 	 loss 1.250E-02 	 horizons 9.0
step 27900 	 return [0.00348349 0.00233099 0.00446479 0.00102863 0.00130304 0.00200122
 0.        ], ([4.4261291e-05 5.9844369e-05 2.1832063e-06 6.9518105e-06 1.5446638e-05
 6.2725128e-05 0.0000000e+00]) 	 loss 2.238E-02 	 horizons 9.0
step 27990 	 return [0.00494329 0.00320124 0.0030803  0.00097756 0.0011745  0.00107506
 0.        ], ([0.0000000e+00 0.0000000e+00 2.3283064e-10 1.1641532e-10 1.1641532e-10
 1.1641532e-10 0.0000000e+00]) 	 loss 1.263E-02 	 horizons 9.0
step 28080 	 return [0.         0.         0.01148961 0.01169737 0.00077293 0.
 0.        ], ([0.000000e+00 0.000000e+00 9.313226e-10 9.313226e-10 0.000000e+00
 0.000000e+00 0.000000e+00]) 	 loss 1.303E-02 	 horizons 9.0
step 28170 	 return [0.         0.00206061 0.00430741 0.00323854 0.00115307 0.0071959
 0.        ], ([0.000000e+00 0.000000e+00 4.656613e-10 0.000000e+00 0.000000e+00
 9.313226e-10 0.000000e+00]) 	 loss 1.006E-02 	 horizons 9.0
step 28260 	 return [0.         0.00205382 0.00325496 0.0032085  0.00105203 0.00912222
 0.        ], ([0.0000000e+00 2.3283064e-10 2.3283064e-10 0.0000000e+00 1.1641532e-10
 0.0000000e+00 0.0000000e+00]) 	 loss 1.061E-02 	 horizons 9.0
step 28350 	 return [0.00349456 0.00234595 0.00446425 0.0010269  0.00129918 0.00198554
 0.        ], ([3.3195971e-05 4.4883276e-05 1.6374048e-06 5.2138580e-06 1.1584978e-05
 4.7043850e-05 0.0000000e+00]) 	 loss 1.137E-02 	 horizons 9.0
step 28440 	 return [0.00594178 0.00202245 0.00139298 0.0009533  0.00113332 0.00142492
 0.        ], ([4.6566129e-10 2.3283064e-10 1.1641532e-10 1.1641532e-10 1.1641532e-10
 1.1641532e-10 0.0000000e+00]) 	 loss 1.109E-02 	 horizons 9.0
step 28530 	 return [0.         0.         0.00994954 0.00955467 0.00368019 0.
 0.        ], ([0.0000000e+00 0.0000000e+00 9.3132257e-10 0.0000000e+00 2.3283064e-10
 0.0000000e+00 0.0000000e+00]) 	 loss 1.205E-02 	 horizons 9.0
step 28620 	 return [0.00551322 0.00229762 0.00353041 0.00097298 0.00112332 0.00042936
 0.        ], ([7.2004047e-04 1.4882973e-04 3.7220700e-04 3.3331564e-06 4.1078172e-05
 5.2585348e-04 0.0000000e+00]) 	 loss 2.467E-02 	 horizons 9.0
step 28710 	 return [0.         0.00154398 0.0039871  0.00323649 0.00162229 0.0078111
 0.        ], ([0.0000000e+00 5.9212517e-04 5.0773518e-04 1.4112049e-05 4.4893377e-04
 9.2445046e-04 0.0000000e+00]) 	 loss 1.726E-02 	 horizons 9.0
step 28800 	 return [0.00520691 0.00203937 0.0077802  0.00286985 0.00249896 0.
 0.        ], ([4.6566129e-10 2.3283064e-10 4.6566129e-10 2.3283064e-10 2.3283064e-10
 0.0000000e+00 0.0000000e+00]) 	 loss 1.562E-02 	 horizons 9.0
step 28890 	 return [0.         0.         0.00332973 0.00369239 0.00761282 0.00584204
 0.00479681], ([0.0000000e+00 0.0000000e+00 2.3283064e-10 0.0000000e+00 4.6566129e-10
 4.6566129e-10 4.6566129e-10]) 	 loss 1.235E-02 	 horizons 9.0
step 28980 	 return [0.00244999 0.00225951 0.00439752 0.00102388 0.00129308 0.00196667
 0.        ], ([0.0000000e+00 0.0000000e+00 4.6566129e-10 0.0000000e+00 1.1641532e-10
 2.3283064e-10 0.0000000e+00]) 	 loss 8.514E-03 	 horizons 9.0
step 29070 	 return [0.00639509 0.00211535 0.00307455 0.00097706 0.00117363 0.00107339
 0.        ], ([9.3132257e-10 0.0000000e+00 0.0000000e+00 0.0000000e+00 1.1641532e-10
 0.0000000e+00 0.0000000e+00]) 	 loss 7.943E-03 	 horizons 9.0
step 29160 	 return [0.         0.         0.0021014  0.00680144 0.00792276 0.00601663
 0.00435612], ([0.0000000e+00 0.0000000e+00 3.4829602e-06 1.8471837e-03 1.1215433e-04
 4.1372809e-04 1.4520391e-03]) 	 loss 8.629E-03 	 horizons 9.0
step 29250 	 return [0.         0.         0.00217244 0.00366234 0.00749209 0.00811788
 0.00478884], ([0.000000e+00 0.000000e+00 0.000000e+00 4.656613e-10 0.000000e+00
 0.000000e+00 4.656613e-10]) 	 loss 2.389E-02 	 horizons 9.0
step 29340 	 return [0.00520691 0.00203937 0.0077802  0.00286985 0.00249896 0.
 0.        ], ([4.6566129e-10 2.3283064e-10 4.6566129e-10 2.3283064e-10 2.3283064e-10
 0.0000000e+00 0.0000000e+00]) 	 loss 1.350E-02 	 horizons 9.0
step 29430 	 return [0.00324115 0.00243155 0.00794466 0.00269162 0.00239075 0.00023102
 0.        ], ([0.00108038 0.00030173 0.0004706  0.00053665 0.00032781 0.00069307
 0.        ]) 	 loss 8.391E-03 	 horizons 9.0
step 29520 	 return [0.         0.00181278 0.00431721 0.00323981 0.00142897 0.00720624
 0.        ], ([0.00000000e+00 3.03528446e-04 1.19946635e-05 1.55536657e-06
 3.37907375e-04 1.26644427e-05 0.00000000e+00]) 	 loss 6.506E-03 	 horizons 9.0
step 29610 	 return [0.         0.00118673 0.004226   0.00324702 0.00191544 0.00870235
 0.        ], ([0.0000000e+00 5.9336663e-04 3.7865824e-04 5.1738139e-06 2.9534614e-04
 5.1925163e-04 0.0000000e+00]) 	 loss 7.405E-03 	 horizons 9.0
step 29700 	 return [0.         0.00029061 0.00388658 0.00240813 0.00178864 0.
 0.        ], ([0.0000000e+00 1.3487259e-04 4.5998991e-04 2.0443575e-04 2.0084783e-06
 0.0000000e+00 0.0000000e+00]) 	 loss 3.424E-02 	 horizons 9.0
step 29790 	 return [0.00360127 0.00253213 0.00778779 0.0028705  0.00250002 0.
 0.        ], ([0.0000000e+00 2.3283064e-10 0.0000000e+00 2.3283064e-10 0.0000000e+00
 0.0000000e+00 0.0000000e+00]) 	 loss 6.685E-02 	 horizons 9.0
step 29880 	 return [0.00475778 0.00230221 0.00326638 0.00079515 0.00078674 0.001174
 0.        ], ([0.0002151  0.00012731 0.00102564 0.0001652  0.00034154 0.00046687
 0.        ]) 	 loss 3.011E-02 	 horizons 9.0
step 29970 	 return [0.00495961 0.00232356 0.0035365  0.         0.00060082 0.0017661
 0.        ], ([6.3336272e-05 2.0103264e-04 1.7682475e-03 0.0000000e+00 7.1218259e-05
 2.0077554e-04 0.0000000e+00]) 	 loss 1.207E-02 	 horizons 9.0
step 30060 	 return [0.         0.         0.00286681 0.00368037 0.00756453 0.00675238
 0.00479362], ([0.0000000e+00 0.0000000e+00 5.6695117e-04 1.4720091e-05 5.9147042e-05
 1.1149327e-03 3.9025604e-06]) 	 loss 4.548E-02 	 horizons 9.0
[1;34mwandb[0m: 
[1;34mwandb[0m: 🚀 View run [33mmotndp_amsterdam-v0__GCN-amsterdam-g7-spatiotemporal__1024__1781513408[0m at: [34mhttps://wandb.ai/jingyuan-sun03-tu-delft/cl_ablation/runs/3urfsktv[0m
[1;34mwandb[0m: Find logs at: [1;35mwandb/run-20260615_105008-3urfsktv/logs[0m
