/home/SinJ/mo-transport-network-design/.venv/lib/python3.13/site-packages/pygame/pkgdata.py:25: UserWarning: pkg_resources is deprecated as an API. See https://setuptools.pypa.io/en/latest/pkg_resources.html. The pkg_resources package is slated for removal as early as 2025-11-30. Refrain from using this package or pin to Setuptools<81.
  from pkg_resources import resource_stream, resource_exists
wandb: [wandb.login()] Loaded credentials for https://api.wandb.ai from /home/SinJ/.netrc.
wandb: Currently logged in as: jingyuan-sun03 (jingyuan-sun03-tu-delft) to https://api.wandb.ai. Use `wandb login --relogin` to force relogin
wandb: setting up run 4klu1zim
wandb: Tracking run with wandb version 0.27.2
wandb: Run data is saved locally in /home/SinJ/mo-transport-network-design/wandb/run-20260615_092931-4klu1zim
wandb: Run `wandb offline` to turn off syncing.
wandb: Syncing run motndp_amsterdam-v0__GCN-amsterdam-g7-temporal__123__1781508570
wandb: ⭐️ View project at https://wandb.ai/jingyuan-sun03-tu-delft/cl_ablation
wandb: 🚀 View run at https://wandb.ai/jingyuan-sun03-tu-delft/cl_ablation/runs/4klu1zim
/home/SinJ/mo-transport-network-design/morl-baselines/morl_baselines/multi_policy/gcn/gcn.py:151: UserWarning: Creating a tensor from a list of numpy.ndarrays is extremely slow. Please consider converting the list to a single numpy.ndarray with numpy.array() before converting to a tensor. (Triggered internally at /pytorch/torch/csrc/utils/tensor_new.cpp:253.)
  th.tensor(obs).to(self.device),
Namespace(env='amsterdam', nr_groups=7, starting_loc_x=9, starting_loc_y=19, nr_stations=10, lr=0.01, batch_size=256, num_er_episodes=100, num_step_episodes=10, num_model_updates=10, num_policies=10, max_buffer_size=200, nr_layers=1, hidden_dim=128, timesteps=30000, no_log=False, seed=123, cd_threshold=0.2, distance_ref='interpolate2', gcn_lambda=0.0, lambda_schedule='cosine', lambda_start=1.0, lambda_end=0.0, lambda_warmup_fraction=0.1, lambda_freeze_fraction=0.1, spatial_alpha=0.0, include_demand_context=False, criterion='lorenz', nash_mode='pareto_sized', nash_top_k=None, nash_shift=0.0, project_name='cl_ablation', experiment_name='GCN-amsterdam-g7-temporal', wandb_entity=None)
step 990 	 return [0.00034479 0.00075769 0.00265666 0.00087005 0.00102578 0.00172866
 0.00064303], ([0.00090995 0.00086304 0.0030707  0.00139432 0.00077641 0.00311288
 0.00129103]) 	 loss 2.034E+00 	 horizons 9.0
step 1080 	 return [0.         0.00039396 0.000992   0.00109944 0.00110253 0.00061456
 0.00169436], ([0.         0.00062084 0.00127963 0.0026755  0.0013875  0.00159418
 0.00378135]) 	 loss 1.927E+00 	 horizons 9.0
step 1170 	 return [0.         0.00055626 0.00482744 0.00186532 0.00113592 0.00167503
 0.00033242], ([0.         0.00130805 0.00413734 0.00245109 0.00091262 0.00249199
 0.00099726]) 	 loss 1.502E+00 	 horizons 9.0
step 1260 	 return [0.00017443 0.00064741 0.00284865 0.00199328 0.00179113 0.00287604
 0.00081265], ([0.00052328 0.00083166 0.00334667 0.00284259 0.00126396 0.00411458
 0.00165526]) 	 loss 1.196E+00 	 horizons 9.0
step 1350 	 return [0.         0.         0.00351272 0.00677197 0.00387763 0.00294493
 0.00332568], ([0.         0.         0.0022916  0.00496622 0.0015326  0.00398821
 0.00333594]) 	 loss 1.102E+00 	 horizons 9.0
step 1440 	 return [0.         0.00015499 0.00672582 0.00798467 0.00223158 0.
 0.        ], ([0.         0.00046497 0.00246942 0.00431107 0.00132473 0.
 0.        ]) 	 loss 1.034E+00 	 horizons 9.0
step 1530 	 return [0.         0.         0.0017859  0.00521374 0.00428633 0.00471708
 0.00462151], ([0.         0.         0.0004246  0.00332342 0.00105346 0.00361648
 0.00237106]) 	 loss 9.965E-01 	 horizons 9.0
step 1620 	 return [0.         0.         0.00187551 0.00499514 0.0034513  0.00498625
 0.00556144], ([0.         0.         0.00032362 0.00292005 0.00149187 0.0022727
 0.00202539]) 	 loss 9.324E-01 	 horizons 9.0
step 1710 	 return [0.         0.         0.00151401 0.00301838 0.0031304  0.00216502
 0.00750559], ([0.         0.         0.00076864 0.00271421 0.00149088 0.00220887
 0.00414386]) 	 loss 9.354E-01 	 horizons 9.0
step 1800 	 return [0.         0.         0.00191041 0.005126   0.00387572 0.0021594
 0.00672803], ([0.         0.         0.00016749 0.00281081 0.00124372 0.00185337
 0.00175275]) 	 loss 8.884E-01 	 horizons 9.0
step 1890 	 return [0.         0.         0.00215592 0.00210455 0.00173076 0.00250552
 0.00854613], ([0.         0.         0.00066384 0.00031015 0.00121376 0.00272414
 0.00307991]) 	 loss 8.717E-01 	 horizons 9.0
step 1980 	 return [0.         0.         0.00201354 0.00737531 0.00430664 0.0033087
 0.00700859], ([0.         0.         0.00010335 0.00191732 0.00126371 0.00297282
 0.00158806]) 	 loss 8.126E-01 	 horizons 9.0
step 2070 	 return [0.         0.         0.00186781 0.00505332 0.00357345 0.00262738
 0.00613001], ([0.         0.         0.00022363 0.00303077 0.00166854 0.00252681
 0.00255672]) 	 loss 7.995E-01 	 horizons 9.0
step 2160 	 return [0.00177932 0.00182625 0.00452998 0.00023601 0.00110035 0.00097595
 0.        ], ([0.00178846 0.00133473 0.00242538 0.00037085 0.00039512 0.00073858
 0.        ]) 	 loss 7.593E-01 	 horizons 9.0
step 2250 	 return [0.00027851 0.00087861 0.00698916 0.00041114 0.00162148 0.00081916
 0.        ], ([0.00055705 0.00053415 0.0030599  0.00068514 0.00076236 0.00111121
 0.        ]) 	 loss 7.861E-01 	 horizons 9.0
step 2340 	 return [0.00068799 0.00099155 0.0040384  0.00048854 0.00142272 0.00083724
 0.00106916], ([0.00120188 0.00093743 0.00220669 0.00087472 0.00070545 0.00138727
 0.00320748]) 	 loss 7.485E-01 	 horizons 9.0
step 2430 	 return [0.         0.00104641 0.00818754 0.00215856 0.00184014 0.00020909
 0.        ], ([0.         0.00116681 0.00215639 0.00176136 0.00058277 0.00062726
 0.        ]) 	 loss 7.488E-01 	 horizons 9.0
step 2520 	 return [0.         0.00015429 0.00594022 0.01099828 0.00378685 0.
 0.00036267], ([0.         0.00046288 0.00208766 0.00279492 0.00149514 0.
 0.00108802]) 	 loss 6.932E-01 	 horizons 9.0
step 2610 	 return [0.00030999 0.00073499 0.00701305 0.00189773 0.00211719 0.00020727
 0.        ], ([0.00092997 0.00081091 0.00186255 0.00201234 0.00050019 0.00062182
 0.        ]) 	 loss 6.599E-01 	 horizons 9.0
step 2700 	 return [0.         0.         0.00123384 0.0013177  0.00323641 0.00541647
 0.00429927], ([0.         0.         0.00057785 0.00160603 0.00095946 0.00251625
 0.00329068]) 	 loss 6.722E-01 	 horizons 9.0
step 2790 	 return [0.         0.         0.00251892 0.00856974 0.00413616 0.00335426
 0.00598498], ([0.         0.         0.00138144 0.00219822 0.00127297 0.00342902
 0.00263108]) 	 loss 6.349E-01 	 horizons 9.0
step 2880 	 return [0.         0.00026616 0.00954791 0.00585908 0.00268114 0.
 0.        ], ([0.         0.0005407  0.00244746 0.00321242 0.00081601 0.
 0.        ]) 	 loss 6.085E-01 	 horizons 9.0
step 2970 	 return [0.00017443 0.00167625 0.00716765 0.00077105 0.00172452 0.00072556
 0.        ], ([0.00052328 0.00100735 0.00100197 0.00091142 0.00058567 0.00113644
 0.        ]) 	 loss 5.953E-01 	 horizons 9.0
step 3060 	 return [2.1968370e-05 5.8820006e-04 1.0872616e-03 1.0231193e-04 3.0911290e-03
 5.5430862e-03 1.9526773e-03], ([6.5905107e-05 7.0082420e-04 6.4451486e-04 3.0693578e-04 8.5167703e-04
 2.6621092e-03 2.7137827e-03]) 	 loss 5.963E-01 	 horizons 9.0
step 3150 	 return [0.         0.         0.00190095 0.00372108 0.00406461 0.00507486
 0.00604568], ([0.         0.         0.00010743 0.00201759 0.00139126 0.00286279
 0.00172085]) 	 loss 5.731E-01 	 horizons 9.0
step 3240 	 return [0.         0.         0.0017929  0.00222614 0.00276125 0.00261197
 0.00831397], ([0.0000000e+00 0.0000000e+00 7.1283925e-05 1.0064103e-03 1.5504851e-03
 2.4929668e-03 1.9980262e-03]) 	 loss 5.519E-01 	 horizons 9.0
step 3330 	 return [0.         0.         0.00206853 0.00794439 0.00491046 0.00555071
 0.00539693], ([0.0000000e+00 0.0000000e+00 3.0814834e-05 1.1612143e-03 2.0172209e-03
 1.5551184e-03 7.9397985e-04]) 	 loss 5.225E-01 	 horizons 9.0
step 3420 	 return [0.         0.00080407 0.00771904 0.00456344 0.00262676 0.
 0.        ], ([0.         0.00082334 0.00248184 0.00384451 0.00064408 0.
 0.        ]) 	 loss 5.087E-01 	 horizons 9.0
step 3510 	 return [0.00024387 0.00078636 0.00792943 0.00135875 0.00193261 0.00019253
 0.        ], ([0.00073162 0.00087666 0.00199142 0.00139622 0.00068809 0.00057758
 0.        ]) 	 loss 5.203E-01 	 horizons 9.0
step 3600 	 return [0.         0.         0.0021416  0.00256803 0.00245755 0.00337399
 0.00762204], ([0.         0.         0.00075908 0.00243578 0.00180476 0.00303842
 0.00440349]) 	 loss 4.911E-01 	 horizons 9.0
step 3690 	 return [0.         0.         0.00208833 0.00629588 0.00390862 0.00292605
 0.00593795], ([0.         0.         0.00035628 0.00242567 0.00121079 0.0029042
 0.00136976]) 	 loss 5.041E-01 	 horizons 9.0
step 3780 	 return [0.         0.         0.01104785 0.0051593  0.00269845 0.00023781
 0.        ], ([0.         0.         0.00162132 0.00444787 0.00072769 0.00071343
 0.        ]) 	 loss 4.564E-01 	 horizons 9.0
step 3870 	 return [0.         0.         0.00222264 0.00483286 0.00385797 0.0040913
 0.00743073], ([0.         0.         0.0004934  0.00189557 0.00144592 0.00384604
 0.00108467]) 	 loss 4.342E-01 	 horizons 9.0
step 3960 	 return [0.         0.         0.00196905 0.00484687 0.00412307 0.00618844
 0.00626301], ([0.0000000e+00 0.0000000e+00 9.0594564e-05 2.5221363e-03 2.0735567e-03
 3.2491568e-03 1.1773583e-03]) 	 loss 4.219E-01 	 horizons 9.0
step 4050 	 return [0.00040134 0.00174627 0.00649458 0.00062624 0.00131672 0.00110693
 0.        ], ([0.00120403 0.00115037 0.00123952 0.00126276 0.00054664 0.00113038
 0.        ]) 	 loss 3.905E-01 	 horizons 9.0
step 4140 	 return [0.         0.         0.00280452 0.00405132 0.00402005 0.00383188
 0.00546248], ([0.         0.         0.00243422 0.00237963 0.00128366 0.00242861
 0.00251682]) 	 loss 4.244E-01 	 horizons 9.0
step 4230 	 return [0.         0.00030651 0.01099043 0.00461378 0.00240481 0.00022558
 0.        ], ([0.         0.00061304 0.00168634 0.00214944 0.00060083 0.00067674
 0.        ]) 	 loss 3.680E-01 	 horizons 9.0
step 4320 	 return [6.5905115e-05 1.3026858e-03 9.5139456e-04 0.0000000e+00 2.5908146e-03
 3.1041997e-03 0.0000000e+00], ([0.00010067 0.00055654 0.00034799 0.         0.00073817 0.00238032
 0.        ]) 	 loss 4.054E-01 	 horizons 9.0
step 4410 	 return [0.         0.00046029 0.0098979  0.00760489 0.00256777 0.00011955
 0.        ], ([0.         0.00070317 0.00172991 0.00300391 0.00119153 0.00035865
 0.        ]) 	 loss 3.671E-01 	 horizons 9.0
step 4500 	 return [0.         0.         0.00755052 0.01057078 0.00328157 0.
 0.        ], ([0.         0.         0.00202685 0.00228812 0.00134632 0.
 0.        ]) 	 loss 4.008E-01 	 horizons 9.0
step 4590 	 return [0.         0.         0.00198852 0.00709643 0.00338361 0.00438461
 0.00643666], ([0.         0.         0.00010261 0.00133471 0.00098518 0.00337071
 0.00094304]) 	 loss 3.639E-01 	 horizons 9.0
step 4680 	 return [0.0009989  0.0019575  0.00613193 0.00035297 0.00124228 0.00143432
 0.        ], ([0.00127096 0.00108613 0.00107338 0.0004437  0.00072612 0.00110479
 0.        ]) 	 loss 3.530E-01 	 horizons 9.0
step 4770 	 return [0.00019967 0.00096881 0.0096523  0.00344618 0.00232371 0.00024027
 0.        ], ([0.000599   0.00102354 0.00193682 0.0014029  0.00064691 0.00072081
 0.        ]) 	 loss 3.605E-01 	 horizons 9.0
step 4860 	 return [0.         0.         0.00206722 0.00822048 0.00582645 0.0049397
 0.0049867 ], ([0.0000000e+00 0.0000000e+00 5.7785379e-05 2.3570392e-04 3.2194660e-04
 2.0210966e-03 9.2727481e-04]) 	 loss 3.673E-01 	 horizons 9.0
step 4950 	 return [0.         0.00159666 0.00775278 0.00117789 0.00214607 0.00022106
 0.        ], ([0.         0.00066297 0.00117556 0.00164403 0.0004042  0.00066318
 0.        ]) 	 loss 3.422E-01 	 horizons 9.0
step 5040 	 return [0.         0.00015429 0.00952501 0.00953437 0.00286386 0.
 0.        ], ([0.         0.00046288 0.00258793 0.00244014 0.00104185 0.
 0.        ]) 	 loss 3.704E-01 	 horizons 9.0
step 5130 	 return [8.7873479e-05 1.4332049e-03 1.3161569e-03 3.8676299e-04 1.4310444e-03
 2.4600201e-03 1.7202404e-04], ([0.00010762 0.00093958 0.00112607 0.00050947 0.00119662 0.00294998
 0.00051607]) 	 loss 3.499E-01 	 horizons 9.0
step 5220 	 return [0.         0.         0.00203645 0.00314034 0.00542224 0.00637885
 0.00688165], ([0.         0.         0.00040681 0.00160965 0.00109805 0.00288188
 0.00129244]) 	 loss 3.281E-01 	 horizons 9.0
step 5310 	 return [0.         0.         0.0019404  0.00211157 0.00209189 0.00292353
 0.00901937], ([0.         0.         0.00051339 0.00090992 0.00094648 0.00214261
 0.00201706]) 	 loss 3.231E-01 	 horizons 9.0
step 5400 	 return [0.         0.         0.00341736 0.01005811 0.00420095 0.00145701
 0.00516384], ([0.         0.         0.00212591 0.00289021 0.00089505 0.00195095
 0.00354969]) 	 loss 3.222E-01 	 horizons 9.0
step 5490 	 return [0.         0.00122691 0.00871291 0.00094583 0.0016292  0.00079194
 0.        ], ([0.         0.0014428  0.00068824 0.00082675 0.00028601 0.00101294
 0.        ]) 	 loss 2.999E-01 	 horizons 9.0
step 5580 	 return [0.         0.         0.00192902 0.00208951 0.00236708 0.0025553
 0.00964944], ([0.         0.         0.00062452 0.00090976 0.0012006  0.00186076
 0.00175859]) 	 loss 3.591E-01 	 horizons 9.0
step 5670 	 return [0.00038449 0.00088948 0.00475844 0.00101429 0.00157489 0.00172999
 0.00086316], ([0.0008237  0.0004633  0.00134922 0.00098964 0.0008279  0.00181668
 0.00172632]) 	 loss 3.144E-01 	 horizons 9.0
step 5760 	 return [0.         0.         0.00137734 0.00161771 0.00162523 0.00319272
 0.01040017], ([0.         0.         0.00080279 0.000879   0.00084353 0.00155415
 0.00191864]) 	 loss 3.110E-01 	 horizons 9.0
step 5850 	 return [0.         0.         0.00190513 0.0034424  0.00305067 0.00136183
 0.00895263], ([0.0000000e+00 0.0000000e+00 8.1475664e-05 1.2529850e-03 1.1026572e-03
 1.3914072e-03 1.3727029e-03]) 	 loss 2.957E-01 	 horizons 9.0
step 5940 	 return [0.         0.00116093 0.00955831 0.00586192 0.00211727 0.
 0.        ], ([0.         0.00082    0.00191317 0.00272915 0.00076106 0.
 0.        ]) 	 loss 3.083E-01 	 horizons 9.0
step 6030 	 return [0.0020278  0.00202478 0.00542329 0.0001925  0.00155691 0.00109712
 0.        ], ([0.00169115 0.00089733 0.00052606 0.00038511 0.0005217  0.00118332
 0.        ]) 	 loss 2.782E-01 	 horizons 9.0
step 6120 	 return [0.         0.         0.00118807 0.00059573 0.00180482 0.0048387
 0.01163615], ([0.         0.         0.00013699 0.0009166  0.00053939 0.00050584
 0.00192192]) 	 loss 2.967E-01 	 horizons 9.0
step 6210 	 return [0.00135642 0.00175178 0.00568758 0.00085244 0.00147857 0.0017067
 0.        ], ([0.00129492 0.00088555 0.00082695 0.00087639 0.00038251 0.00116445
 0.        ]) 	 loss 2.981E-01 	 horizons 9.0
step 6300 	 return [0.00035859 0.00297499 0.00705417 0.00079857 0.00162256 0.0004234
 0.        ], ([0.00107578 0.00056589 0.00135404 0.00136018 0.00056429 0.00084688
 0.        ]) 	 loss 3.208E-01 	 horizons 9.0
step 6390 	 return [0.         0.         0.00135858 0.00135137 0.0011122  0.00446411
 0.01132896], ([0.         0.         0.0006166  0.00106017 0.00071524 0.00201692
 0.00200041]) 	 loss 3.027E-01 	 horizons 9.0
step 6480 	 return [0.         0.00015303 0.00066725 0.         0.00385294 0.00797466
 0.00528291], ([0.         0.00030606 0.00058505 0.         0.00037058 0.00298596
 0.00313133]) 	 loss 3.044E-01 	 horizons 9.0
step 6570 	 return [0.         0.         0.00238906 0.00226621 0.00369848 0.00277256
 0.00847251], ([0.         0.         0.00058592 0.00047735 0.00134504 0.00170624
 0.00129297]) 	 loss 2.876E-01 	 horizons 9.0
step 6660 	 return [0.         0.00134059 0.00960637 0.00606721 0.00295241 0.
 0.        ], ([0.         0.0004579  0.0010996  0.00127176 0.00037832 0.
 0.        ]) 	 loss 2.798E-01 	 horizons 9.0
step 6750 	 return [0.         0.         0.0019063  0.0020569  0.0026131  0.00599161
 0.00813994], ([0.         0.         0.00093903 0.00073012 0.00067847 0.00183214
 0.00225346]) 	 loss 2.881E-01 	 horizons 9.0
step 6840 	 return [0.         0.         0.00174305 0.00166705 0.00195159 0.00534235
 0.01025848], ([0.         0.         0.00079312 0.00113578 0.00094697 0.00115333
 0.00178521]) 	 loss 2.620E-01 	 horizons 9.0
step 6930 	 return [0.         0.00045981 0.01087986 0.00592938 0.00270282 0.00071433
 0.        ], ([0.         0.00070238 0.00188185 0.00223036 0.00071568 0.00109159
 0.        ]) 	 loss 2.584E-01 	 horizons 9.0
step 7020 	 return [0.         0.         0.00224821 0.00519702 0.00325347 0.0022886
 0.00720982], ([0.         0.         0.00045891 0.00092512 0.0007708  0.00227298
 0.00119432]) 	 loss 2.602E-01 	 horizons 9.0
step 7110 	 return [0.         0.         0.0024021  0.00555059 0.00474168 0.0053134
 0.00633663], ([0.         0.         0.00054107 0.00141938 0.00141643 0.00220506
 0.00061359]) 	 loss 2.404E-01 	 horizons 9.0
step 7200 	 return [0.00054822 0.00237316 0.00788449 0.00040852 0.00134786 0.00222055
 0.        ], ([0.00083959 0.00052714 0.00105131 0.00050137 0.00026972 0.00080297
 0.        ]) 	 loss 2.744E-01 	 horizons 9.0
step 7290 	 return [0.         0.         0.00247488 0.00161742 0.00302895 0.00846435
 0.00743145], ([0.         0.         0.000545   0.00161847 0.00063722 0.00177718
 0.00243051]) 	 loss 2.611E-01 	 horizons 9.0
step 7380 	 return [0.00198922 0.00151137 0.0066347  0.0028111  0.00273885 0.
 0.        ], ([8.4152247e-04 5.3526595e-04 8.8794681e-05 3.5427624e-05 4.1387169e-04
 0.0000000e+00 0.0000000e+00]) 	 loss 2.596E-01 	 horizons 9.0
step 7470 	 return [0.         0.         0.00202638 0.0056317  0.00202507 0.0107931
 0.00621798], ([0.0000000e+00 0.0000000e+00 2.7321332e-06 2.5587409e-05 4.7251998e-04
 7.8870689e-05 5.4435752e-04]) 	 loss 2.910E-01 	 horizons 9.0
step 7560 	 return [0.         0.         0.0011574  0.00017849 0.00373216 0.00982792
 0.00611971], ([0.0000000e+00 0.0000000e+00 8.9370034e-05 5.3547084e-04 4.2372485e-04
 1.6123170e-03 1.1261168e-03]) 	 loss 2.322E-01 	 horizons 9.0
step 7650 	 return [0.00082606 0.00091098 0.00997049 0.00100061 0.00174962 0.00161972
 0.        ], ([0.00165211 0.00074389 0.0013785  0.00157323 0.00056423 0.00106057
 0.        ]) 	 loss 2.488E-01 	 horizons 9.0
step 7740 	 return [0.         0.00030201 0.01136063 0.00721854 0.00313711 0.
 0.        ], ([0.         0.00060402 0.00114291 0.00106839 0.00057636 0.
 0.        ]) 	 loss 2.452E-01 	 horizons 9.0
step 7830 	 return [0.00221052 0.00201179 0.00782268 0.00177668 0.00205987 0.00035188
 0.        ], ([0.00153322 0.00044655 0.00096289 0.00103663 0.00042877 0.00074563
 0.        ]) 	 loss 2.418E-01 	 horizons 9.0
step 7920 	 return [0.         0.00092078 0.01028107 0.00325078 0.00299161 0.00024027
 0.        ], ([0.         0.00066807 0.0010733  0.00062189 0.00068938 0.00072081
 0.        ]) 	 loss 2.366E-01 	 horizons 9.0
step 8010 	 return [0.         0.         0.00186887 0.00795076 0.00472695 0.00533891
 0.00530806], ([0.         0.         0.00062315 0.00025448 0.00160506 0.00113816
 0.00075618]) 	 loss 2.420E-01 	 horizons 9.0
step 8100 	 return [0.         0.         0.00283756 0.00654353 0.00562253 0.00320105
 0.00493046], ([0.         0.         0.00083861 0.00309982 0.00105945 0.00250509
 0.00256961]) 	 loss 2.318E-01 	 horizons 9.0
step 8190 	 return [0.         0.00046358 0.00771619 0.00916203 0.00233528 0.
 0.        ], ([0.         0.00070813 0.00172851 0.00142775 0.0014161  0.
 0.        ]) 	 loss 2.296E-01 	 horizons 9.0
step 8280 	 return [0.         0.         0.00225196 0.00662227 0.00308083 0.00680453
 0.00586233], ([0.         0.         0.0006868  0.00277973 0.00041726 0.00304727
 0.00203023]) 	 loss 2.506E-01 	 horizons 9.0
step 8370 	 return [0.         0.         0.00074315 0.00055626 0.00173179 0.00543108
 0.01188135], ([0.         0.         0.00049357 0.00090621 0.00016772 0.00101462
 0.00107558]) 	 loss 2.300E-01 	 horizons 9.0
step 8460 	 return [0.         0.         0.0018918  0.00284528 0.00208442 0.00811453
 0.00896801], ([0.         0.         0.00088468 0.00046938 0.00036674 0.00111356
 0.00234138]) 	 loss 2.032E-01 	 horizons 9.0
step 8550 	 return [0.         0.         0.00186336 0.00875633 0.00397104 0.0062947
 0.00484037], ([0.0000000e+00 0.0000000e+00 3.6590520e-04 8.7531784e-04 2.1222348e-03
 2.8610395e-04 8.3742991e-05]) 	 loss 2.069E-01 	 horizons 9.0
step 8640 	 return [0.         0.         0.00146531 0.00253942 0.00124209 0.00472635
 0.01169657], ([0.         0.         0.00037767 0.00057469 0.00158446 0.00212263
 0.0011493 ]) 	 loss 1.966E-01 	 horizons 9.0
step 8730 	 return [0.         0.         0.00437513 0.01128123 0.00507164 0.00298989
 0.00238564], ([0.         0.         0.00228721 0.00314145 0.00096048 0.00299017
 0.00238572]) 	 loss 2.024E-01 	 horizons 9.0
step 8820 	 return [0.00219984 0.00285324 0.00640483 0.00163522 0.00183286 0.
 0.        ], ([0.00073343 0.0001429  0.00024779 0.00054534 0.0002294  0.
 0.        ]) 	 loss 1.857E-01 	 horizons 9.0
step 8910 	 return [0.         0.         0.00138373 0.00199613 0.00138881 0.00581668
 0.01146646], ([0.         0.         0.00033936 0.00110676 0.00057907 0.00099765
 0.00111561]) 	 loss 2.030E-01 	 horizons 9.0
step 9000 	 return [0.         0.         0.003828   0.010941   0.00453981 0.00190733
 0.00151214], ([0.         0.         0.00221024 0.003009   0.00100387 0.0023891
 0.00186982]) 	 loss 1.750E-01 	 horizons 9.0
step 9090 	 return [0.         0.         0.00639316 0.01341683 0.00417889 0.
 0.        ], ([0.         0.         0.00167769 0.00228707 0.00052735 0.
 0.        ]) 	 loss 2.108E-01 	 horizons 9.0
step 9180 	 return [0.         0.00250799 0.00572042 0.00064885 0.0019698  0.00197525
 0.00069735], ([0.         0.00133536 0.00160755 0.00129777 0.00058381 0.00349939
 0.00159559]) 	 loss 1.985E-01 	 horizons 9.0
step 9270 	 return [0.         0.00015429 0.01017614 0.00848015 0.00335195 0.
 0.        ], ([0.         0.00046288 0.00193794 0.00232042 0.00113187 0.
 0.        ]) 	 loss 1.978E-01 	 horizons 9.0
step 9360 	 return [0.         0.         0.00311437 0.00327323 0.00174555 0.01048519
 0.00621202], ([0.0000000e+00 0.0000000e+00 2.7681236e-07 1.9529837e-07 2.0032427e-04
 1.9568392e-05 4.9243623e-04]) 	 loss 1.870E-01 	 horizons 9.0
step 9450 	 return [0.00359941 0.00095022 0.00515993 0.00108637 0.0017353  0.00108575
 0.        ], ([0.00047685 0.00100417 0.00108354 0.00098228 0.0005919  0.00091386
 0.        ]) 	 loss 1.707E-01 	 horizons 9.0
step 9540 	 return [0.         0.         0.00190782 0.00282394 0.00420138 0.00382851
 0.00874167], ([0.         0.         0.00051568 0.00063754 0.00166883 0.00153537
 0.00172382]) 	 loss 2.056E-01 	 horizons 9.0
step 9630 	 return [0.         0.00137867 0.01028064 0.0029796  0.00345834 0.
 0.        ], ([0.         0.00045963 0.00088219 0.00041195 0.0004023  0.
 0.        ]) 	 loss 1.864E-01 	 horizons 9.0
step 9720 	 return [0.         0.         0.01032339 0.00401812 0.0016408  0.00402441
 0.00111109], ([0.         0.         0.00360433 0.00037232 0.00023846 0.00324347
 0.00225229]) 	 loss 1.869E-01 	 horizons 9.0
step 9810 	 return [0.         0.         0.00200974 0.00916565 0.00362438 0.0036751
 0.0037231 ], ([0.         0.         0.00011412 0.00069806 0.00146579 0.00194604
 0.00136361]) 	 loss 1.726E-01 	 horizons 9.0
step 9900 	 return [0.         0.00045959 0.01019416 0.00934878 0.00279832 0.
 0.        ], ([0.         0.00070209 0.00219845 0.00201049 0.00072822 0.
 0.        ]) 	 loss 1.505E-01 	 horizons 9.0
step 9990 	 return [0.         0.00110608 0.00954814 0.00622898 0.0018044  0.
 0.        ], ([0.         0.00109545 0.00096524 0.00116836 0.00048728 0.
 0.        ]) 	 loss 1.502E-01 	 horizons 9.0
step 10080 	 return [0.00176989 0.0019565  0.00724452 0.00277959 0.00234935 0.
 0.        ], ([0.00139734 0.0006786  0.00081117 0.00012948 0.00025712 0.
 0.        ]) 	 loss 1.873E-01 	 horizons 9.0
step 10170 	 return [0.         0.00137336 0.0101732  0.00347457 0.0032438  0.
 0.        ], ([0.         0.00045799 0.00087842 0.00128446 0.00048912 0.
 0.        ]) 	 loss 1.735E-01 	 horizons 9.0
step 10260 	 return [0.         0.00165141 0.00938911 0.00028147 0.0017507  0.00163468
 0.        ], ([0.         0.00043934 0.00132618 0.00084441 0.00040126 0.00107019
 0.        ]) 	 loss 1.504E-01 	 horizons 9.0
step 10350 	 return [0.         0.         0.0020379  0.00619556 0.00297359 0.00938999
 0.0056434 ], ([0.0000000e+00 0.0000000e+00 8.5391821e-06 7.3552580e-04 1.5946559e-04
 2.0548748e-03 6.1547471e-04]) 	 loss 1.755E-01 	 horizons 9.0
step 10440 	 return [0.         0.         0.00200393 0.00947073 0.00342145 0.00397078
 0.00357218], ([0.         0.         0.00011322 0.0005934  0.0016896  0.00213126
 0.0011133 ]) 	 loss 1.560E-01 	 horizons 9.0
step 10530 	 return [0.         0.         0.01021005 0.00705606 0.00379681 0.00072628
 0.        ], ([0.         0.         0.00204596 0.00059754 0.00080171 0.00110941
 0.        ]) 	 loss 1.519E-01 	 horizons 9.0
step 10620 	 return [0.         0.00121818 0.01054859 0.00052859 0.00174127 0.00187982
 0.        ], ([0.         0.00060914 0.00073175 0.00126696 0.00046126 0.00094019
 0.        ]) 	 loss 1.465E-01 	 horizons 9.0
step 10710 	 return [0.         0.         0.00605616 0.0123805  0.00435984 0.
 0.        ], ([0.         0.         0.00291206 0.0026396  0.00094534 0.
 0.        ]) 	 loss 1.378E-01 	 horizons 9.0
step 10800 	 return [0.         0.         0.00255635 0.00289366 0.00330276 0.00243595
 0.00852306], ([0.         0.         0.00062086 0.00074097 0.0010685  0.00158026
 0.00157008]) 	 loss 1.503E-01 	 horizons 9.0
step 10890 	 return [0.00055045 0.00190067 0.00920903 0.         0.00185299 0.00091094
 0.        ], ([0.00084305 0.00042118 0.00054638 0.         0.00041711 0.00111615
 0.        ]) 	 loss 1.526E-01 	 horizons 9.0
step 10980 	 return [0.         0.         0.00298346 0.00402546 0.0048306  0.00566922
 0.00663004], ([0.0000000e+00 0.0000000e+00 4.6411355e-04 9.6260756e-04 4.8504950e-04
 5.8095535e-05 5.1682635e-04]) 	 loss 1.447E-01 	 horizons 9.0
step 11070 	 return [0.         0.         0.00219064 0.0068935  0.00658106 0.00534376
 0.00513077], ([0.         0.         0.00038396 0.00176025 0.00138989 0.00125664
 0.00121268]) 	 loss 1.368E-01 	 horizons 9.0
step 11160 	 return [0.         0.         0.00320347 0.01092994 0.00643225 0.0003915
 0.00083967], ([0.         0.         0.00208847 0.00285553 0.00138478 0.00117449
 0.00170422]) 	 loss 1.404E-01 	 horizons 9.0
step 11250 	 return [0.         0.00015101 0.00978037 0.00770176 0.00313832 0.00072628
 0.        ], ([0.         0.00045302 0.00169377 0.00106732 0.00094179 0.00110941
 0.        ]) 	 loss 1.636E-01 	 horizons 9.0
step 11340 	 return [0.         0.         0.00188398 0.00890729 0.00523158 0.00241137
 0.00301469], ([0.         0.         0.00041788 0.00145548 0.00137627 0.00257289
 0.00209069]) 	 loss 1.505E-01 	 horizons 9.0
step 11430 	 return [0.         0.         0.00209388 0.00816873 0.00670175 0.00600555
 0.0055694 ], ([0.0000000e+00 0.0000000e+00 4.9639184e-06 2.4189481e-05 8.4526755e-04
 6.6111068e-04 5.3979445e-04]) 	 loss 1.605E-01 	 horizons 9.0
step 11520 	 return [0.         0.00046288 0.0075967  0.00915854 0.00225639 0.
 0.        ], ([0.         0.00070706 0.00198449 0.00192699 0.00120103 0.
 0.        ]) 	 loss 1.535E-01 	 horizons 9.0
step 11610 	 return [0.         0.         0.00207121 0.00338882 0.00225979 0.00902359
 0.00867768], ([0.         0.         0.00062196 0.00081262 0.00046925 0.00077493
 0.00149945]) 	 loss 1.458E-01 	 horizons 9.0
step 11700 	 return [0.         0.         0.00194426 0.01148034 0.00695516 0.00122906
 0.00057099], ([0.         0.         0.000315   0.00181428 0.00170347 0.00245813
 0.00114198]) 	 loss 1.373E-01 	 horizons 9.0
step 11790 	 return [0.         0.         0.00175129 0.00286324 0.00184415 0.00589598
 0.01073605], ([0.         0.         0.00079374 0.00044177 0.00144451 0.00115106
 0.00168383]) 	 loss 1.314E-01 	 horizons 9.0
step 11880 	 return [0.00015385 0.00251564 0.00793855 0.00201581 0.00222041 0.
 0.        ], ([0.00046155 0.0004978  0.00102786 0.00148549 0.00044903 0.
 0.        ]) 	 loss 1.357E-01 	 horizons 9.0
step 11970 	 return [0.         0.         0.00220082 0.00310764 0.00269543 0.00921036
 0.0075795 ], ([0.         0.         0.00079698 0.0003026  0.00036473 0.0007279
 0.00093378]) 	 loss 1.430E-01 	 horizons 9.0
step 12060 	 return [0.         0.00046288 0.00684893 0.01083872 0.00154914 0.
 0.        ], ([0.         0.00070706 0.00113598 0.00111261 0.00115139 0.
 0.        ]) 	 loss 1.166E-01 	 horizons 9.0
step 12150 	 return [0.         0.00107299 0.01080362 0.00664082 0.00231143 0.
 0.        ], ([0.         0.00070257 0.00117644 0.00070087 0.00060771 0.
 0.        ]) 	 loss 1.279E-01 	 horizons 9.0
step 12240 	 return [0.         0.         0.00293735 0.00485203 0.00719263 0.00549458
 0.00484874], ([0.         0.         0.00060131 0.00210965 0.00118465 0.00116875
 0.00097064]) 	 loss 1.296E-01 	 horizons 9.0
step 12330 	 return [0.001196   0.00223732 0.00886602 0.0028587  0.0028332  0.
 0.        ], ([8.3162339e-04 4.0705464e-04 5.7309406e-04 2.7044260e-05 4.9045874e-04
 0.0000000e+00 0.0000000e+00]) 	 loss 1.098E-01 	 horizons 9.0
step 12420 	 return [0.00220487 0.00167386 0.00773607 0.00198781 0.00221562 0.00046843
 0.        ], ([0.00144705 0.00041551 0.00153487 0.00130135 0.0004     0.00093685
 0.        ]) 	 loss 1.015E-01 	 horizons 9.0
step 12510 	 return [0.         0.00061071 0.01046653 0.0018868  0.00209763 0.00119159
 0.        ], ([0.         0.00074799 0.00077547 0.00191397 0.00056264 0.00119162
 0.        ]) 	 loss 8.523E-02 	 horizons 9.0
step 12600 	 return [0.         0.         0.00727662 0.00791418 0.00421423 0.00231213
 0.00028761], ([0.         0.         0.00264931 0.00199271 0.00135985 0.00160294
 0.00086284]) 	 loss 1.094E-01 	 horizons 9.0
step 12690 	 return [0.         0.         0.00922974 0.00784328 0.00446294 0.00048419
 0.        ], ([0.         0.         0.00045762 0.00140641 0.00045497 0.00096837
 0.        ]) 	 loss 9.650E-02 	 horizons 9.0
step 12780 	 return [0.00061998 0.00141348 0.00910216 0.0019962  0.00133689 0.00157601
 0.        ], ([0.00123996 0.0010598  0.00126399 0.00166166 0.00066916 0.00103207
 0.        ]) 	 loss 8.042E-02 	 horizons 9.0
step 12870 	 return [0.         0.         0.00303369 0.00332026 0.00164576 0.00606477
 0.00991318], ([0.0000000e+00 0.0000000e+00 3.2678471e-04 7.3607384e-06 3.9099003e-04
 9.0146903e-04 4.8716637e-04]) 	 loss 1.056E-01 	 horizons 9.0
step 12960 	 return [0.         0.         0.00858018 0.00688986 0.00359902 0.00240898
 0.        ], ([0.00000000e+00 0.00000000e+00 3.45687586e-04 6.15745783e-04
 1.15489784e-04 3.58521247e-05 0.00000000e+00]) 	 loss 9.883E-02 	 horizons 9.0
step 13050 	 return [0.         0.         0.00320408 0.00392686 0.00756156 0.00545791
 0.00503676], ([0.         0.         0.00037695 0.0007034  0.00015377 0.00115238
 0.00071986]) 	 loss 9.329E-02 	 horizons 9.0
step 13140 	 return [0.         0.00046288 0.00854683 0.00990158 0.00180254 0.
 0.        ], ([0.         0.00070706 0.001715   0.00181469 0.00080556 0.
 0.        ]) 	 loss 7.934E-02 	 horizons 9.0
step 13230 	 return [0.         0.         0.00666234 0.01442267 0.0041116  0.
 0.        ], ([0.0000000e+00 0.0000000e+00 4.6566129e-10 1.8626451e-09 4.6566129e-10
 0.0000000e+00 0.0000000e+00]) 	 loss 8.314E-02 	 horizons 9.0
step 13320 	 return [0.         0.         0.00216028 0.00330087 0.00207359 0.00937239
 0.00932804], ([0.0000000e+00 0.0000000e+00 3.2441242e-04 5.0878148e-06 2.7798233e-04
 1.4876007e-04 8.6955319e-04]) 	 loss 6.914E-02 	 horizons 9.0
step 13410 	 return [0.0040799  0.003181   0.00525091 0.         0.00053477 0.00102037
 0.        ], ([7.9809624e-04 1.0195384e-04 6.4530072e-04 0.0000000e+00 3.9566771e-06
 8.6390410e-06 0.0000000e+00]) 	 loss 6.749E-02 	 horizons 9.0
step 13500 	 return [0.         0.         0.00231445 0.0142546  0.00395664 0.
 0.        ], ([0.0000000e+00 0.0000000e+00 4.9820525e-04 9.2697405e-04 2.0657852e-05
 0.0000000e+00 0.0000000e+00]) 	 loss 7.585E-02 	 horizons 9.0
step 13590 	 return [0.0006051  0.00176617 0.00927729 0.00336461 0.00349906 0.
 0.        ], ([0.00092434 0.00037091 0.00069349 0.00107004 0.00027227 0.
 0.        ]) 	 loss 9.392E-02 	 horizons 9.0
step 13680 	 return [0.00444468 0.00292255 0.00474379 0.00012192 0.00051343 0.00108551
 0.        ], ([6.8679568e-05 8.7867223e-04 5.8961217e-04 2.4470076e-04 3.9889241e-05
 2.2074621e-04 0.0000000e+00]) 	 loss 8.877E-02 	 horizons 9.0
step 13770 	 return [0.         0.         0.00313395 0.00331646 0.00292224 0.00928006
 0.00638561], ([0.0000000e+00 0.0000000e+00 8.5923818e-07 6.6217035e-07 2.9398780e-05
 7.0791063e-04 6.6754740e-04]) 	 loss 7.847E-02 	 horizons 9.0
step 13860 	 return [0.         0.         0.00643864 0.01264945 0.00276101 0.
 0.        ], ([0.         0.         0.00164166 0.00153543 0.00160827 0.
 0.        ]) 	 loss 4.781E-02 	 horizons 9.0
step 13950 	 return [0.         0.00271193 0.0094669  0.00292064 0.00248706 0.
 0.        ], ([0.         0.00039563 0.00039021 0.00053864 0.00016839 0.
 0.        ]) 	 loss 6.084E-02 	 horizons 9.0
step 14040 	 return [0.         0.00108265 0.01006897 0.00623488 0.00277983 0.
 0.        ], ([0.         0.0007088  0.00162473 0.00101129 0.0006856  0.
 0.        ]) 	 loss 6.469E-02 	 horizons 9.0
step 14130 	 return [0.         0.         0.00304365 0.003352   0.00244439 0.00725992
 0.00940407], ([0.0000000e+00 0.0000000e+00 3.0982259e-04 6.8357353e-05 1.0858295e-03
 3.6206667e-04 7.2786293e-04]) 	 loss 6.271E-02 	 horizons 9.0
step 14220 	 return [0.         0.00015522 0.01154883 0.00686433 0.00355804 0.
 0.        ], ([0.         0.00046567 0.00065863 0.00043818 0.00038613 0.
 0.        ]) 	 loss 5.380E-02 	 horizons 9.0
step 14310 	 return [0.         0.00159669 0.01052313 0.00536496 0.00245588 0.
 0.        ], ([0.         0.00066394 0.00081346 0.00058153 0.00073217 0.
 0.        ]) 	 loss 7.818E-02 	 horizons 9.0
step 14400 	 return [0.00315924 0.00198829 0.00251541 0.00012951 0.00107703 0.0014731
 0.        ], ([0.00086343 0.00051817 0.00098614 0.00025903 0.00031191 0.00012672
 0.        ]) 	 loss 6.034E-02 	 horizons 9.0
step 14490 	 return [0.         0.00105847 0.01148582 0.00342075 0.00214902 0.00096108
 0.        ], ([0.         0.00094994 0.00074656 0.00063978 0.00049102 0.00117707
 0.        ]) 	 loss 6.131E-02 	 horizons 9.0
step 14580 	 return [0.         0.00396853 0.00702429 0.0001897  0.00064312 0.00216323
 0.        ], ([0.0000000e+00 3.8657119e-05 7.2364754e-04 2.9014584e-04 1.2715507e-04
 1.6164829e-04 0.0000000e+00]) 	 loss 6.814E-02 	 horizons 9.0
step 14670 	 return [0.         0.00137559 0.009948   0.00467819 0.0030768  0.
 0.        ], ([0.         0.00045865 0.00059031 0.00154368 0.00041061 0.
 0.        ]) 	 loss 9.206E-02 	 horizons 9.0
step 14760 	 return [0.         0.00130062 0.00216084 0.00029715 0.00283683 0.00927089
 0.00047472], ([0.         0.00046033 0.00073152 0.00089146 0.0004533  0.00110508
 0.00142417]) 	 loss 8.209E-02 	 horizons 9.0
step 14850 	 return [0.         0.         0.00805048 0.01072697 0.00138453 0.
 0.        ], ([0.         0.         0.00135154 0.0005478  0.0012242  0.
 0.        ]) 	 loss 8.949E-02 	 horizons 9.0
step 14940 	 return [0.00367362 0.00080862 0.00712157 0.00284641 0.00247809 0.
 0.        ], ([4.6399975e-04 8.3791325e-04 3.7659967e-04 1.0694213e-05 9.8438459e-06
 0.0000000e+00 0.0000000e+00]) 	 loss 8.324E-02 	 horizons 9.0
step 15030 	 return [0.         0.         0.00461493 0.01601927 0.00412289 0.
 0.        ], ([0.0000000e+00 0.0000000e+00 6.8247237e-04 5.3220050e-04 3.7640327e-06
 0.0000000e+00 0.0000000e+00]) 	 loss 6.029E-02 	 horizons 9.0
step 15120 	 return [0.         0.         0.00330136 0.0036609  0.00707759 0.00545778
 0.00535982], ([0.0000000e+00 0.0000000e+00 4.3339111e-05 4.8105259e-05 8.1762817e-04
 7.4843137e-04 9.6469995e-04]) 	 loss 5.152E-02 	 horizons 9.0
step 15210 	 return [0.         0.         0.00869541 0.00668461 0.00356052 0.00242094
 0.        ], ([0.0000000e+00 0.0000000e+00 9.3132257e-10 9.3132257e-10 4.6566129e-10
 2.3283064e-10 0.0000000e+00]) 	 loss 4.682E-02 	 horizons 9.0
step 15300 	 return [0.         0.         0.00267946 0.00542158 0.00346619 0.00988905
 0.00479742], ([0.         0.         0.00200621 0.0011704  0.00092919 0.00260211
 0.00167052]) 	 loss 5.331E-02 	 horizons 9.0
step 15390 	 return [0.00266305 0.00170113 0.0055134  0.00052215 0.00104494 0.00225693
 0.        ], ([0.00103926 0.00068423 0.00083867 0.00044117 0.00034781 0.00042298
 0.        ]) 	 loss 5.203E-02 	 horizons 9.0
step 15480 	 return [0.         0.         0.00952493 0.00676833 0.00372316 0.00145256
 0.        ], ([0.         0.         0.00158563 0.00016142 0.00059432 0.00118601
 0.        ]) 	 loss 5.987E-02 	 horizons 9.0
step 15570 	 return [0.00086584 0.0038049  0.00611361 0.         0.00141803 0.
 0.        ], ([0.00173168 0.00057686 0.00152734 0.         0.00031262 0.
 0.        ]) 	 loss 4.546E-02 	 horizons 9.0
step 15660 	 return [0.         0.00182755 0.00718784 0.00066856 0.00127637 0.00305979
 0.00049883], ([0.         0.00077099 0.00202665 0.00105935 0.00071866 0.00187903
 0.00149649]) 	 loss 5.708E-02 	 horizons 9.0
step 15750 	 return [2.7142414e-03 2.6280233e-03 6.2139453e-03 6.7339453e-05 7.4052764e-04
 1.9766372e-03 0.0000000e+00], ([0.00054731 0.00012245 0.00055623 0.00020202 0.00020095 0.00028767
 0.        ]) 	 loss 7.482E-02 	 horizons 9.0
step 15840 	 return [0.         0.         0.0110842  0.00956128 0.00365459 0.
 0.        ], ([0.         0.         0.00169255 0.00094146 0.00077294 0.
 0.        ]) 	 loss 7.066E-02 	 horizons 9.0
step 15930 	 return [0.         0.         0.0113259  0.0080704  0.00383188 0.
 0.        ], ([0.         0.         0.00113381 0.00124595 0.00063193 0.
 0.        ]) 	 loss 4.961E-02 	 horizons 9.0
step 16020 	 return [0.         0.         0.00322369 0.0035617  0.00509354 0.00572301
 0.00635108], ([0.0000000e+00 0.0000000e+00 1.0013841e-05 2.1484955e-05 6.1906187e-04
 3.0310486e-05 6.5813563e-04]) 	 loss 5.184E-02 	 horizons 9.0
step 16110 	 return [0.         0.00148222 0.00506253 0.00258255 0.00146067 0.00623001
 0.        ], ([0.         0.00091719 0.00158728 0.00129131 0.00029555 0.00271511
 0.        ]) 	 loss 4.739E-02 	 horizons 9.0
step 16200 	 return [0.         0.00288944 0.00954348 0.00288382 0.00252341 0.
 0.        ], ([0.0000000e+00 1.9418851e-05 1.3531622e-04 2.8658653e-06 5.2715495e-06
 0.0000000e+00 0.0000000e+00]) 	 loss 4.721E-02 	 horizons 9.0
step 16290 	 return [0.         0.         0.00314425 0.0033266  0.00224746 0.0076897
 0.00906123], ([0.0000000e+00 0.0000000e+00 5.3625554e-06 5.2351506e-06 3.3003784e-04
 6.1820191e-04 1.1709243e-03]) 	 loss 3.818E-02 	 horizons 9.0
step 16380 	 return [0.         0.         0.00249191 0.00478591 0.00315577 0.00814339
 0.00740961], ([0.         0.         0.00056324 0.00110373 0.00080579 0.00141356
 0.00111872]) 	 loss 3.048E-02 	 horizons 9.0
step 16470 	 return [0.         0.00361919 0.00744233 0.00192629 0.001792   0.
 0.        ], ([0.         0.000257   0.0003921  0.00030124 0.00035416 0.
 0.        ]) 	 loss 2.631E-02 	 horizons 9.0
step 16560 	 return [0.         0.         0.00292509 0.00380462 0.00210492 0.0074302
 0.0096851 ], ([0.0000000e+00 0.0000000e+00 4.4367876e-04 9.5081324e-04 4.4957735e-05
 9.9194236e-05 7.6823679e-05]) 	 loss 2.879E-02 	 horizons 9.0
step 16650 	 return [0.00020272 0.00113106 0.00931073 0.00596098 0.00255196 0.
 0.        ], ([0.00060815 0.00092954 0.00126649 0.00068467 0.00038212 0.
 0.        ]) 	 loss 2.946E-02 	 horizons 9.0
step 16740 	 return [0.00378504 0.00330126 0.00317868 0.00050788 0.00042664 0.00098581
 0.        ], ([6.8710832e-04 2.4430186e-04 5.8323878e-04 1.6929387e-04 3.5384921e-05
 1.0493651e-05 0.0000000e+00]) 	 loss 4.828E-02 	 horizons 9.0
step 16830 	 return [0.00430462 0.00286231 0.0029486  0.00056479 0.00041508 0.00094385
 0.        ], ([3.9955976e-05 6.5205817e-04 8.6694432e-05 2.5234422e-06 1.4395307e-06
 1.0756717e-04 0.0000000e+00]) 	 loss 5.096E-02 	 horizons 9.0
step 16920 	 return [0.00294543 0.00359558 0.00299276 0.00056476 0.00041514 0.00098587
 0.        ], ([2.3283064e-10 0.0000000e+00 0.0000000e+00 0.0000000e+00 0.0000000e+00
 0.0000000e+00 0.0000000e+00]) 	 loss 4.704E-02 	 horizons 9.0
step 17010 	 return [0.00178517 0.0022655  0.00771106 0.00085411 0.00132932 0.00224026
 0.        ], ([5.9505802e-04 1.1521402e-04 6.3513994e-04 4.2705474e-04 1.9671503e-04
 1.4908603e-05 0.0000000e+00]) 	 loss 3.564E-02 	 horizons 9.0
step 17100 	 return [0.         0.00254387 0.00920024 0.00552577 0.00140662 0.
 0.        ], ([0.0000000e+00 4.1407998e-06 4.9192243e-04 5.1429501e-04 1.1753005e-04
 0.0000000e+00 0.0000000e+00]) 	 loss 5.122E-02 	 horizons 9.0
step 17190 	 return [0.00413028 0.         0.00749577 0.00285426 0.00248431 0.
 0.        ], ([0.0000000e+00 0.0000000e+00 9.3132257e-10 2.3283064e-10 2.3283064e-10
 0.0000000e+00 0.0000000e+00]) 	 loss 2.894E-02 	 horizons 9.0
step 17280 	 return [0.00194017 0.00226111 0.00556067 0.00094107 0.00108951 0.00276329
 0.        ], ([2.3283064e-10 0.0000000e+00 4.6566129e-10 0.0000000e+00 1.1641532e-10
 2.3283064e-10 0.0000000e+00]) 	 loss 2.232E-02 	 horizons 9.0
step 17370 	 return [0.00388298 0.00188645 0.00643114 0.00026392 0.00059941 0.00187712
 0.        ], ([0.00037867 0.00106922 0.00116359 0.00032328 0.00012653 0.0003376
 0.        ]) 	 loss 2.234E-02 	 horizons 9.0
step 17460 	 return [0.         0.         0.0122212  0.00733042 0.00338214 0.
 0.        ], ([0.         0.         0.00116315 0.00074667 0.00068148 0.
 0.        ]) 	 loss 2.580E-02 	 horizons 9.0
step 17550 	 return [0.00360083 0.00243318 0.00495958 0.00135936 0.00200008 0.
 0.        ], ([0.00067562 0.0004854  0.00034307 0.00135936 0.0003228  0.
 0.        ]) 	 loss 2.408E-02 	 horizons 9.0
step 17640 	 return [0.         0.         0.00332973 0.00369239 0.00761282 0.00584204
 0.00479681], ([0.0000000e+00 0.0000000e+00 2.3283064e-10 0.0000000e+00 4.6566129e-10
 4.6566129e-10 4.6566129e-10]) 	 loss 5.709E-02 	 horizons 9.0
step 17730 	 return [0.00413028 0.         0.00749577 0.00285426 0.00248431 0.
 0.        ], ([0.0000000e+00 0.0000000e+00 9.3132257e-10 2.3283064e-10 2.3283064e-10
 0.0000000e+00 0.0000000e+00]) 	 loss 3.919E-02 	 horizons 9.0
step 17820 	 return [0.         0.00145108 0.00954352 0.00373459 0.00198683 0.00117844
 0.        ], ([0.         0.00145108 0.000238   0.00108658 0.00054072 0.00117844
 0.        ]) 	 loss 2.329E-02 	 horizons 9.0
step 17910 	 return [0.         0.         0.00313472 0.00331702 0.00294101 0.01064877
 0.0050466 ], ([0.0000000e+00 0.0000000e+00 2.3283064e-10 0.0000000e+00 2.3283064e-10
 9.3132257e-10 4.6566129e-10]) 	 loss 2.919E-02 	 horizons 9.0
step 18000 	 return [0.         0.0028937  0.0091472  0.00286546 0.00284415 0.
 0.        ], ([0.0000000e+00 1.2920720e-05 7.4065069e-04 3.0908883e-05 4.8466981e-04
 0.0000000e+00 0.0000000e+00]) 	 loss 3.264E-02 	 horizons 9.0
step 18090 	 return [3.5769269e-03 2.4607074e-03 7.3915934e-03 6.7339453e-05 6.9861382e-04
 2.1071765e-03 0.0000000e+00], ([1.9851836e-06 1.3894398e-06 5.2022002e-05 2.0201835e-04 7.6804085e-05
 9.6600372e-05 0.0000000e+00]) 	 loss 1.697E-02 	 horizons 9.0
step 18180 	 return [0.00152345 0.00015251 0.         0.00079216 0.00081464 0.00076963
 0.        ], ([0.00234377 0.00030502 0.         0.00012491 0.00020708 0.00021192
 0.        ]) 	 loss 2.278E-02 	 horizons 9.0
step 18270 	 return [0.00202717 0.00234179 0.0084169  0.00550467 0.00295749 0.
 0.        ], ([2.3283064e-10 2.3283064e-10 9.3132257e-10 4.6566129e-10 0.0000000e+00
 0.0000000e+00 0.0000000e+00]) 	 loss 3.544E-02 	 horizons 9.0
step 18360 	 return [0.         0.00148274 0.00461537 0.00302234 0.00171749 0.00822158
 0.        ], ([0.0000000e+00 2.0444857e-06 7.8438554e-04 6.7016768e-04 1.5634827e-04
 1.7493792e-03 0.0000000e+00]) 	 loss 2.061E-02 	 horizons 9.0
step 18450 	 return [0.00234074 0.00262257 0.00688087 0.00263701 0.00236568 0.
 0.        ], ([0.00137226 0.00069042 0.00044082 0.00037462 0.00018246 0.
 0.        ]) 	 loss 1.931E-02 	 horizons 9.0
step 18540 	 return [0.         0.         0.00332973 0.00369239 0.00761282 0.00584204
 0.00479681], ([0.0000000e+00 0.0000000e+00 2.3283064e-10 0.0000000e+00 4.6566129e-10
 4.6566129e-10 4.6566129e-10]) 	 loss 2.457E-02 	 horizons 9.0
step 18630 	 return [0.00141902 0.00209803 0.00897503 0.0047097  0.00305712 0.
 0.        ], ([0.00092897 0.00037235 0.00089709 0.00121441 0.00032819 0.
 0.        ]) 	 loss 2.396E-02 	 horizons 9.0
step 18720 	 return [0.         0.         0.00317649 0.00364764 0.00689631 0.00603686
 0.0050953 ], ([0.0000000e+00 0.0000000e+00 3.3758878e-04 4.9448819e-05 8.5360609e-04
 6.9474796e-04 3.6721406e-04]) 	 loss 1.893E-02 	 horizons 9.0
step 18810 	 return [0.00235366 0.00157067 0.0054818  0.00244231 0.00220646 0.00043348
 0.        ], ([0.00051027 0.00046412 0.00051048 0.00069678 0.00043034 0.00086696
 0.        ]) 	 loss 1.727E-02 	 horizons 9.0
step 18900 	 return [0.00194091 0.00226175 0.005565   0.00096063 0.00113422 0.00280915
 0.        ], ([1.1228196e-06 9.7328461e-07 6.6021598e-06 2.9877021e-05 6.8298716e-05
 7.0063368e-05 0.0000000e+00]) 	 loss 4.254E-02 	 horizons 9.0
step 18990 	 return [0.         0.         0.00313352 0.00331613 0.00290754 0.00892611
 0.00671938], ([0.0000000e+00 0.0000000e+00 2.3283064e-10 4.6566129e-10 2.3283064e-10
 0.0000000e+00 0.0000000e+00]) 	 loss 2.512E-02 	 horizons 9.0
step 19080 	 return [0.00202202 0.00163522 0.00501425 0.00281014 0.00262542 0.00037805
 0.00054713], ([0.00132646 0.00061158 0.00067238 0.00025587 0.00087761 0.00113416
 0.0016414 ]) 	 loss 1.877E-02 	 horizons 9.0
step 19170 	 return [6.7236477e-05 2.7517916e-03 9.6176025e-03 3.0179992e-03 2.3821946e-03
 0.0000000e+00 0.0000000e+00], ([2.0170942e-04 3.5407374e-04 7.5456337e-05 3.9919643e-04 4.3172418e-04
 0.0000000e+00 0.0000000e+00]) 	 loss 3.995E-02 	 horizons 9.0
step 19260 	 return [0.00178126 0.00207154 0.00943457 0.00342672 0.00250977 0.
 0.        ], ([0.00060115 0.00069492 0.0008891  0.00108985 0.00016102 0.
 0.        ]) 	 loss 3.269E-02 	 horizons 9.0
step 19350 	 return [0.00337946 0.00208182 0.00665668 0.00282308 0.00245558 0.
 0.        ], ([1.3977941e-04 3.1319715e-04 5.8709829e-05 1.0131672e-05 1.0567438e-05
 0.0000000e+00 0.0000000e+00]) 	 loss 2.554E-02 	 horizons 9.0
step 19440 	 return [0.00243868 0.00157752 0.00513941 0.00093797 0.00108963 0.00219223
 0.        ], ([0.00091477 0.00028821 0.0007862  0.00013711 0.00031704 0.00037642
 0.        ]) 	 loss 2.081E-02 	 horizons 9.0
step 19530 	 return [0.00509549 0.00091263 0.00509895 0.         0.00170043 0.
 0.        ], ([2.2714876e-04 1.1177358e-03 4.0426757e-04 0.0000000e+00 2.3353425e-05
 0.0000000e+00 0.0000000e+00]) 	 loss 2.727E-02 	 horizons 9.0
step 19620 	 return [0.00392132 0.00147217 0.00343027 0.00051173 0.00047869 0.00164468
 0.        ], ([1.8588216e-04 5.8660097e-04 5.0148903e-04 2.5586382e-04 6.5820430e-05
 2.3048744e-04 0.0000000e+00]) 	 loss 1.810E-02 	 horizons 9.0
step 19710 	 return [0.00528096 0.         0.00542903 0.         0.00171949 0.
 0.        ], ([4.656613e-10 0.000000e+00 0.000000e+00 0.000000e+00 0.000000e+00
 0.000000e+00 0.000000e+00]) 	 loss 3.376E-02 	 horizons 9.0
step 19800 	 return [0.00504748 0.00028677 0.00534269 0.         0.00171422 0.
 0.        ], ([3.7687770e-04 6.7490438e-04 2.4640583e-04 0.0000000e+00 1.4167072e-05
 0.0000000e+00 0.0000000e+00]) 	 loss 1.465E-02 	 horizons 9.0
step 19890 	 return [0.00428029 0.00292722 0.00424373 0.00064739 0.00045363 0.0017034
 0.        ], ([8.6551525e-05 2.3919801e-04 2.9320174e-05 2.0529897e-06 9.8135513e-07
 1.1974772e-05 0.0000000e+00]) 	 loss 2.353E-02 	 horizons 9.0
step 19980 	 return [0.00359048 0.00220199 0.00703993 0.         0.00071869 0.00212788
 0.        ], ([3.0185611e-04 6.4932217e-04 7.5607136e-04 0.0000000e+00 1.1277961e-05
 2.3715607e-05 0.0000000e+00]) 	 loss 1.748E-02 	 horizons 9.0
step 20070 	 return [0.         0.         0.00222287 0.00774332 0.00772327 0.00641363
 0.00585099], ([0.0000000e+00 0.0000000e+00 3.6895261e-04 1.3503081e-03 3.6815556e-05
 1.9053115e-04 3.5139444e-04]) 	 loss 1.490E-02 	 horizons 9.0
step 20160 	 return [0.         0.00290216 0.00963207 0.0028857  0.00252686 0.
 0.        ], ([0.0000000e+00 2.3283064e-10 9.3132257e-10 0.0000000e+00 2.3283064e-10
 0.0000000e+00 0.0000000e+00]) 	 loss 1.083E-02 	 horizons 9.0
step 20250 	 return [0.00315194 0.00216613 0.00637451 0.         0.00070843 0.00210818
 0.        ], ([2.7865247e-04 1.9315058e-04 6.7719055e-04 0.0000000e+00 1.0333761e-05
 2.0426067e-05 0.0000000e+00]) 	 loss 1.446E-02 	 horizons 9.0
step 20340 	 return [4.6400083e-03 2.4225563e-03 4.5749703e-03 6.5354674e-05 1.5499154e-03
 1.7393244e-04 0.0000000e+00], ([2.8228253e-04 3.0071457e-04 8.1157959e-05 1.9606405e-04 3.6444893e-04
 5.2179734e-04 0.0000000e+00]) 	 loss 2.164E-02 	 horizons 9.0
step 20430 	 return [0.         0.         0.00222287 0.00774332 0.00772327 0.00641363
 0.00585099], ([0.0000000e+00 0.0000000e+00 3.6895261e-04 1.3503081e-03 3.6815556e-05
 1.9053115e-04 3.5139444e-04]) 	 loss 1.279E-02 	 horizons 9.0
step 20520 	 return [0.         0.         0.0033126  0.00366978 0.00723608 0.00622245
 0.00393316], ([0.0000000e+00 0.0000000e+00 3.8330349e-05 4.0920026e-05 6.9244602e-04
 3.3887185e-04 1.0717327e-03]) 	 loss 1.656E-02 	 horizons 9.0
step 20610 	 return [0.00017712 0.00252163 0.00961814 0.00442898 0.00126805 0.
 0.        ], ([0.00053136 0.00011733 0.00016786 0.00107099 0.00029104 0.
 0.        ]) 	 loss 2.891E-02 	 horizons 9.0
step 20700 	 return [0.00359902 0.00246144 0.00771814 0.00169792 0.00197705 0.
 0.        ], ([2.6178581e-05 4.8608031e-06 2.6880591e-05 5.6597224e-04 6.4006446e-05
 0.0000000e+00 0.0000000e+00]) 	 loss 2.629E-02 	 horizons 9.0
step 20790 	 return [0.00550925 0.00135386 0.00131088 0.00055375 0.00040837 0.00088105
 0.        ], ([4.6566129e-10 1.1641532e-10 1.1641532e-10 0.0000000e+00 0.0000000e+00
 5.8207661e-11 0.0000000e+00]) 	 loss 3.242E-02 	 horizons 9.0
step 20880 	 return [0.         0.00256825 0.00971557 0.00421557 0.00108704 0.
 0.        ], ([0.0000000e+00 0.0000000e+00 0.0000000e+00 4.6566129e-10 1.1641532e-10
 0.0000000e+00 0.0000000e+00]) 	 loss 2.076E-02 	 horizons 9.0
step 20970 	 return [0.00344935 0.00223842 0.00662732 0.00281801 0.00245029 0.
 0.        ], ([0.0000000e+00 0.0000000e+00 9.3132257e-10 2.3283064e-10 0.0000000e+00
 0.0000000e+00 0.0000000e+00]) 	 loss 1.652E-02 	 horizons 9.0
step 21060 	 return [0.00338748 0.00210595 0.00518954 0.00065807 0.00045931 0.00175941
 0.        ], ([5.1696511e-04 8.4654443e-05 7.0043461e-04 3.6957633e-06 2.2391901e-06
 1.6400585e-05 0.0000000e+00]) 	 loss 1.114E-02 	 horizons 9.0
step 21150 	 return [0.00528096 0.         0.00542903 0.         0.00171949 0.
 0.        ], ([4.656613e-10 0.000000e+00 0.000000e+00 0.000000e+00 0.000000e+00
 0.000000e+00 0.000000e+00]) 	 loss 2.462E-02 	 horizons 9.0
step 21240 	 return [0.         0.00290216 0.00963207 0.0028857  0.00252686 0.
 0.        ], ([0.0000000e+00 2.3283064e-10 9.3132257e-10 0.0000000e+00 2.3283064e-10
 0.0000000e+00 0.0000000e+00]) 	 loss 1.121E-02 	 horizons 9.0
step 21330 	 return [0.00410719 0.00244883 0.00430237 0.00065149 0.00045559 0.00172735
 0.        ], ([1.3220965e-04 3.6538098e-04 4.4787310e-05 3.1359939e-06 1.4990445e-06
 1.8291765e-05 0.0000000e+00]) 	 loss 1.138E-02 	 horizons 9.0
step 21420 	 return [0.00410719 0.00244883 0.00430237 0.00065149 0.00045559 0.00172735
 0.        ], ([1.3220965e-04 3.6538101e-04 4.4787314e-05 3.1359941e-06 1.4990444e-06
 1.8291767e-05 0.0000000e+00]) 	 loss 7.750E-03 	 horizons 9.0
step 21510 	 return [0.00150988 0.00209826 0.00960385 0.00273938 0.00222208 0.
 0.        ], ([0.00076342 0.00030315 0.00075137 0.00014728 0.0003064  0.
 0.        ]) 	 loss 9.391E-03 	 horizons 9.0
step 21600 	 return [0.00365403 0.0024748  0.00763763 0.         0.00178503 0.
 0.        ], ([4.656613e-10 0.000000e+00 0.000000e+00 0.000000e+00 0.000000e+00
 0.000000e+00 0.000000e+00]) 	 loss 5.489E-02 	 horizons 9.0
step 21690 	 return [0.00183728 0.00252114 0.00751252 0.00231334 0.00144647 0.
 0.        ], ([0.0012474  0.00086023 0.00127516 0.00129753 0.00032001 0.
 0.        ]) 	 loss 2.608E-02 	 horizons 9.0
step 21780 	 return [0.         0.         0.0022788  0.00365491 0.00732805 0.00788211
 0.00486446], ([0.0000000e+00 0.0000000e+00 3.1905266e-04 2.2299773e-05 4.9210561e-04
 7.0732494e-04 2.2685886e-04]) 	 loss 2.808E-02 	 horizons 9.0
step 21870 	 return [0.00361068 0.00246184 0.00729088 0.00047154 0.00054512 0.00191449
 0.        ], ([2.8423794e-05 1.9600629e-06 7.7299395e-05 3.0869606e-04 1.1724784e-04
 1.4722506e-04 0.0000000e+00]) 	 loss 1.953E-02 	 horizons 9.0
step 21960 	 return [0.00304253 0.00148879 0.00472966 0.00123106 0.00167146 0.00151601
 0.        ], ([0.00017229 0.00024995 0.0003141  0.00052299 0.00049496 0.00099246
 0.        ]) 	 loss 2.063E-02 	 horizons 9.0
step 22050 	 return [0.00024885 0.0025046  0.00941238 0.00406973 0.00118302 0.
 0.        ], ([0.00074656 0.00034985 0.0008351  0.00082282 0.00022329 0.
 0.        ]) 	 loss 4.640E-02 	 horizons 9.0
step 22140 	 return [0.00017486 0.00188862 0.00588476 0.00526521 0.00272288 0.
 0.        ], ([5.2459416e-04 3.2397013e-04 4.9152860e-04 5.7790148e-05 1.4923279e-04
 0.0000000e+00 0.0000000e+00]) 	 loss 1.928E-02 	 horizons 9.0
step 22230 	 return [0.00378801 0.00228448 0.00433367 0.00065371 0.00045668 0.00173984
 0.        ], ([4.6524408e-04 1.4970489e-04 3.9642678e-06 3.2435636e-07 2.1586894e-07
 1.0316726e-06 0.0000000e+00]) 	 loss 1.535E-02 	 horizons 9.0
step 22320 	 return [0.00360741 0.00046074 0.00573237 0.00105459 0.00135777 0.00218745
 0.        ], ([8.1205135e-04 9.2148758e-04 8.3779660e-04 6.5257773e-06 1.1823512e-05
 2.6544556e-05 0.0000000e+00]) 	 loss 1.152E-02 	 horizons 9.0
step 22410 	 return [0.         0.00030653 0.01043898 0.00551482 0.00244476 0.
 0.        ], ([0.         0.00061306 0.00079093 0.00099393 0.00024771 0.
 0.        ]) 	 loss 9.616E-03 	 horizons 9.0
step 22500 	 return [0.00198331 0.00230372 0.00740796 0.00106764 0.00138142 0.00224054
 0.        ], ([2.3283064e-10 2.3283064e-10 0.0000000e+00 1.1641532e-10 0.0000000e+00
 0.0000000e+00 0.0000000e+00]) 	 loss 1.948E-02 	 horizons 9.0
step 22590 	 return [0.         0.00134993 0.00437253 0.00270478 0.00231118 0.
 0.        ], ([0.0000000e+00 1.1641532e-10 0.0000000e+00 0.0000000e+00 2.3283064e-10
 0.0000000e+00 0.0000000e+00]) 	 loss 7.870E-03 	 horizons 9.0
step 22680 	 return [0.00437801 0.00294839 0.00459645 0.         0.0016701  0.
 0.        ], ([1.4642751e-04 2.2227272e-04 2.4575741e-06 0.0000000e+00 5.7450967e-07
 0.0000000e+00 0.0000000e+00]) 	 loss 7.886E-03 	 horizons 9.0
step 22770 	 return [0.00229981 0.00169819 0.00724353 0.00284932 0.00248328 0.
 0.        ], ([1.0184511e-03 3.7420620e-04 9.3506812e-04 1.1629015e-05 1.2620630e-05
 0.0000000e+00 0.0000000e+00]) 	 loss 5.266E-03 	 horizons 9.0
step 22860 	 return [0.00043292 0.00160617 0.00526727 0.00156705 0.00139676 0.
 0.        ], ([0.00129876 0.00113896 0.00047843 0.00052303 0.00023469 0.
 0.        ]) 	 loss 4.966E-02 	 horizons 9.0
step 22950 	 return [0.00129977 0.00207416 0.00638023 0.00278093 0.00309683 0.
 0.        ], ([6.5262616e-04 3.3190186e-04 4.9393083e-04 4.1687061e-05 4.0546426e-04
 0.0000000e+00 0.0000000e+00]) 	 loss 6.508E-02 	 horizons 9.0
step 23040 	 return [0.         0.         0.00209989 0.00819342 0.00773554 0.00647714
 0.00596812], ([0.000000e+00 0.000000e+00 0.000000e+00 0.000000e+00 4.656613e-10
 4.656613e-10 0.000000e+00]) 	 loss 2.622E-02 	 horizons 9.0
step 23130 	 return [0.00303202 0.00136897 0.00476454 0.00104504 0.00133703 0.00224162
 0.        ], ([4.6383418e-04 5.1980384e-04 3.4486409e-04 1.2942414e-05 3.2850512e-05
 2.2486641e-04 0.0000000e+00]) 	 loss 1.752E-02 	 horizons 9.0
step 23220 	 return [0.00528096 0.         0.00542903 0.         0.00171949 0.
 0.        ], ([4.656613e-10 0.000000e+00 0.000000e+00 0.000000e+00 0.000000e+00
 0.000000e+00 0.000000e+00]) 	 loss 2.322E-02 	 horizons 9.0
step 23310 	 return [0.00142294 0.00128171 0.00650005 0.00281777 0.00245199 0.
 0.        ], ([4.6372737e-04 3.1841465e-04 1.1720604e-04 1.1726231e-05 1.2609821e-05
 0.0000000e+00 0.0000000e+00]) 	 loss 1.004E-02 	 horizons 9.0
step 23400 	 return [0.00335122 0.0019903  0.00442904 0.         0.00166041 0.
 0.        ], ([6.4023765e-04 6.7572168e-04 1.0905930e-04 0.0000000e+00 6.2182662e-06
 0.0000000e+00 0.0000000e+00]) 	 loss 8.522E-02 	 horizons 9.0
step 23490 	 return [0.0043537  0.00300594 0.00297783 0.00056398 0.00041463 0.00097991
 0.        ], ([1.0727271e-04 2.2114582e-04 9.8738826e-07 9.3126445e-08 6.3693776e-08
 6.2948095e-07 0.0000000e+00]) 	 loss 3.585E-02 	 horizons 9.0
step 23580 	 return [0.00363654 0.00246492 0.00731045 0.0004042  0.00057091 0.00194703
 0.        ], ([3.3076064e-06 2.2689462e-06 8.4951804e-05 3.3002917e-04 1.2556154e-04
 1.5774771e-04 0.0000000e+00]) 	 loss 1.037E-02 	 horizons 9.0
step 23670 	 return [0.         0.         0.00210055 0.01196293 0.0076332  0.00060678
 0.00050758], ([0.0000000e+00 0.0000000e+00 3.6192359e-06 1.2736409e-03 5.2107999e-04
 1.8203311e-03 1.5227421e-03]) 	 loss 1.588E-02 	 horizons 9.0
step 23760 	 return [0.00304552 0.00142831 0.00459461 0.00104911 0.00134748 0.00216573
 0.        ], ([2.3283064e-10 1.1641532e-10 4.6566129e-10 1.1641532e-10 0.0000000e+00
 2.3283064e-10 0.0000000e+00]) 	 loss 3.233E-02 	 horizons 9.0
step 23850 	 return [0.00430914 0.00300695 0.00423396 0.0006467  0.0004533  0.00169941
 0.        ], ([0.0000000e+00 2.3283064e-10 4.6566129e-10 0.0000000e+00 0.0000000e+00
 1.1641532e-10 0.0000000e+00]) 	 loss 1.361E-02 	 horizons 9.0
step 23940 	 return [0.00083991 0.00191411 0.00687594 0.00105696 0.00135884 0.00228847
 0.        ], ([5.9257005e-04 3.8282166e-04 4.6359384e-04 1.7038721e-05 4.0294046e-05
 2.0946053e-04 0.0000000e+00]) 	 loss 2.229E-02 	 horizons 9.0
step 24030 	 return [0.00344935 0.00223842 0.00662732 0.00281801 0.00245029 0.
 0.        ], ([0.0000000e+00 0.0000000e+00 9.3132257e-10 2.3283064e-10 0.0000000e+00
 0.0000000e+00 0.0000000e+00]) 	 loss 9.378E-02 	 horizons 9.0
step 24120 	 return [0.00443977 0.00226943 0.00315892 0.00058755 0.0004255  0.00119274
 0.        ], ([3.2256945e-04 5.6612451e-04 3.7340831e-04 3.5694509e-05 1.6397235e-05
 3.2271986e-04 0.0000000e+00]) 	 loss 2.898E-02 	 horizons 9.0
step 24210 	 return [0.         0.00290216 0.00963207 0.0028857  0.00252686 0.
 0.        ], ([0.0000000e+00 2.3283064e-10 9.3132257e-10 0.0000000e+00 2.3283064e-10
 0.0000000e+00 0.0000000e+00]) 	 loss 2.119E-02 	 horizons 9.0
step 24300 	 return [0.00246114 0.00277183 0.00518394 0.00075918 0.00138256 0.00017728
 0.        ], ([0.00204772 0.00030356 0.00058833 0.00081745 0.00036445 0.00053184
 0.        ]) 	 loss 2.842E-02 	 horizons 9.0
step 24390 	 return [0.0063658  0.00222224 0.00135089 0.00055614 0.00040985 0.00089656
 0.        ], ([6.9937750e-04 7.0902531e-04 3.2664691e-05 1.9568122e-06 1.2023693e-06
 1.2664444e-05 0.0000000e+00]) 	 loss 2.037E-02 	 horizons 9.0
step 24480 	 return [0.00205291 0.00217974 0.00547703 0.00101055 0.00124944 0.00284113
 0.        ], ([3.3086911e-04 2.5047731e-04 2.9414165e-04 1.2851623e-05 3.2678527e-05
 2.2513380e-04 0.0000000e+00]) 	 loss 2.966E-02 	 horizons 9.0
step 24570 	 return [5.0494010e-03 2.0368274e-04 5.4622712e-03 6.6109074e-05 1.5936584e-03
 1.7728019e-04 0.0000000e+00], ([6.9467217e-04 6.1104819e-04 9.9724799e-05 1.9832721e-04 3.7750567e-04
 5.3184055e-04 0.0000000e+00]) 	 loss 1.543E-02 	 horizons 9.0
step 24660 	 return [0.00364862 0.00246575 0.00773171 0.00188688 0.001999   0.
 0.        ], ([2.3283064e-10 2.3283064e-10 0.0000000e+00 0.0000000e+00 0.0000000e+00
 0.0000000e+00 0.0000000e+00]) 	 loss 9.257E-03 	 horizons 9.0
step 24750 	 return [0.00304552 0.00142831 0.00459461 0.00104911 0.00134748 0.00216573
 0.        ], ([2.3283064e-10 1.1641532e-10 4.6566129e-10 1.1641532e-10 0.0000000e+00
 2.3283064e-10 0.0000000e+00]) 	 loss 1.165E-02 	 horizons 9.0
step 24840 	 return [0.00243873 0.00289023 0.00628098 0.00182328 0.00183488 0.
 0.        ], ([2.3283064e-10 2.3283064e-10 4.6566129e-10 2.3283064e-10 1.1641532e-10
 0.0000000e+00 0.0000000e+00]) 	 loss 8.620E-03 	 horizons 9.0
step 24930 	 return [0.0015361  0.00208527 0.00771977 0.00331772 0.00342159 0.
 0.        ], ([0.00058449 0.00025925 0.00042211 0.00100492 0.00031158 0.
 0.        ]) 	 loss 1.024E-02 	 horizons 9.0
step 25020 	 return [0.00693684 0.00280116 0.00137756 0.00055774 0.00041083 0.0009069
 0.        ], ([0.0000000e+00 2.3283064e-10 1.1641532e-10 5.8207661e-11 0.0000000e+00
 5.8207661e-11 0.0000000e+00]) 	 loss 7.755E-03 	 horizons 9.0
step 25110 	 return [0.00183322 0.00222946 0.00787052 0.00306797 0.00350265 0.
 0.        ], ([0.00040103 0.00018628 0.00033108 0.0007532  0.00023474 0.
 0.        ]) 	 loss 1.038E-02 	 horizons 9.0
step 25200 	 return [0.         0.         0.00217244 0.00366234 0.00749209 0.00811788
 0.00478884], ([0.000000e+00 0.000000e+00 0.000000e+00 4.656613e-10 0.000000e+00
 0.000000e+00 4.656613e-10]) 	 loss 6.460E-03 	 horizons 9.0
step 25290 	 return [0.         0.00153631 0.01176409 0.00644079 0.00203045 0.
 0.        ], ([0.0000000e+00 3.6507845e-06 4.2742395e-04 3.1204824e-04 8.1050734e-05
 0.0000000e+00 0.0000000e+00]) 	 loss 7.437E-03 	 horizons 9.0
step 25380 	 return [0.         0.         0.00332973 0.00369239 0.00761282 0.00584204
 0.00479681], ([0.0000000e+00 0.0000000e+00 2.3283064e-10 0.0000000e+00 4.6566129e-10
 4.6566129e-10 4.6566129e-10]) 	 loss 1.143E-02 	 horizons 9.0
step 25470 	 return [0.000198   0.00252639 0.00795151 0.00281619 0.00357984 0.
 0.        ], ([3.0245015e-04 5.3091906e-04 9.8255441e-05 3.1492514e-06 7.1107820e-06
 0.0000000e+00 0.0000000e+00]) 	 loss 2.749E-02 	 horizons 9.0
step 25560 	 return [0.0043292  0.00302248 0.00459563 0.         0.00166991 0.
 0.        ], ([0.0000000e+00 2.3283064e-10 0.0000000e+00 0.0000000e+00 0.0000000e+00
 0.0000000e+00 0.0000000e+00]) 	 loss 2.475E-02 	 horizons 9.0
step 25650 	 return [0.00481729 0.00228157 0.00460382 0.         0.00167182 0.
 0.        ], ([4.6566129e-10 2.3283064e-10 0.0000000e+00 0.0000000e+00 0.0000000e+00
 0.0000000e+00 0.0000000e+00]) 	 loss 1.507E-02 	 horizons 9.0
step 25740 	 return [0.00352718 0.00241866 0.00557961 0.00061213 0.0004397  0.00240675
 0.        ], ([3.0797306e-05 3.1960521e-06 2.4090159e-06 1.3459464e-07 9.0238295e-08
 9.8550652e-07 0.0000000e+00]) 	 loss 1.424E-02 	 horizons 9.0
step 25830 	 return [0.00469849 0.00234393 0.00298169 0.00056433 0.00041486 0.00098226
 0.        ], ([4.5952016e-05 2.8460288e-06 1.7910264e-06 1.2803358e-07 8.6089130e-08
 9.2727134e-07 0.0000000e+00]) 	 loss 5.636E-02 	 horizons 9.0
step 25920 	 return [0.00162561 0.00192455 0.00607636 0.00105707 0.00136196 0.00220044
 0.        ], ([1.12406626e-04 1.16611758e-04 3.45436390e-04 2.18858486e-06
 3.99285955e-06 6.41369252e-06 0.00000000e+00]) 	 loss 3.329E-02 	 horizons 9.0
step 26010 	 return [0.00350801 0.00242885 0.00531467 0.         0.00069058 0.00206545
 0.        ], ([6.5951917e-04 4.7662790e-04 7.5506908e-04 0.0000000e+00 1.3570533e-05
 3.5955363e-05 0.0000000e+00]) 	 loss 3.654E-02 	 horizons 9.0
step 26100 	 return [0.00185132 0.00187736 0.0060314  0.00105692 0.00136173 0.00219921
 0.        ], ([6.7396101e-04 1.9313749e-04 3.8454670e-04 2.2797965e-06 4.1320682e-06
 7.7385685e-06 0.0000000e+00]) 	 loss 4.063E-02 	 horizons 9.0
step 26190 	 return [0.         0.         0.00209989 0.00819342 0.00773554 0.00647714
 0.00596812], ([0.000000e+00 0.000000e+00 0.000000e+00 0.000000e+00 4.656613e-10
 4.656613e-10 0.000000e+00]) 	 loss 3.187E-02 	 horizons 9.0
step 26280 	 return [0.00312348 0.00145803 0.00677541 0.00284348 0.00247694 0.
 0.        ], ([2.8880360e-05 3.1960519e-06 1.6085201e-06 1.7041081e-07 2.7432222e-07
 0.0000000e+00 0.0000000e+00]) 	 loss 3.264E-02 	 horizons 9.0
step 26370 	 return [0.00528096 0.         0.00542903 0.         0.00171949 0.
 0.        ], ([4.656613e-10 0.000000e+00 0.000000e+00 0.000000e+00 0.000000e+00
 0.000000e+00 0.000000e+00]) 	 loss 4.225E-02 	 horizons 9.0
step 26460 	 return [0.00058603 0.00148061 0.00455826 0.00270757 0.00231348 0.
 0.        ], ([1.1720618e-03 2.6136407e-04 3.7146342e-04 5.5780629e-06 4.6103260e-06
 0.0000000e+00 0.0000000e+00]) 	 loss 3.224E-02 	 horizons 9.0
step 26550 	 return [0.00194213 0.00226281 0.0055722  0.00099323 0.00120874 0.0028856
 0.        ], ([9.8007740e-07 8.4955246e-07 5.7628381e-06 2.6078800e-05 5.9616010e-05
 6.1156315e-05 0.0000000e+00]) 	 loss 3.038E-02 	 horizons 9.0
step 26640 	 return [0.00481729 0.00228157 0.00460382 0.         0.00167182 0.
 0.        ], ([4.6566129e-10 2.3283064e-10 0.0000000e+00 0.0000000e+00 0.0000000e+00
 0.0000000e+00 0.0000000e+00]) 	 loss 2.640E-02 	 horizons 9.0
step 26730 	 return [0.00589632 0.00305237 0.00404782 0.         0.00049082 0.00030529
 0.        ], ([6.2481675e-04 4.4377017e-04 5.8186892e-04 0.0000000e+00 2.8360701e-05
 4.6633207e-04 0.0000000e+00]) 	 loss 1.785E-02 	 horizons 9.0
step 26820 	 return [0.00405441 0.00228541 0.0052064  0.00039543 0.00187241 0.
 0.        ], ([0.0015184  0.00108001 0.00048737 0.00063147 0.00026769 0.
 0.        ]) 	 loss 3.358E-02 	 horizons 9.0
step 26910 	 return [0.00353899 0.00241739 0.00722159 0.00036473 0.00186967 0.
 0.        ], ([0.00022278 0.00011068 0.00063616 0.00072947 0.0002211  0.
 0.        ]) 	 loss 5.967E-02 	 horizons 9.0
step 27000 	 return [0.         0.00287396 0.00801584 0.00281825 0.0035845  0.
 0.        ], ([0.0000000e+00 2.3283064e-10 9.3132257e-10 2.3283064e-10 0.0000000e+00
 0.0000000e+00 0.0000000e+00]) 	 loss 5.480E-02 	 horizons 9.0
step 27090 	 return [0.00243873 0.00289023 0.00628098 0.00182328 0.00183488 0.
 0.        ], ([2.3283064e-10 2.3283064e-10 4.6566129e-10 2.3283064e-10 1.1641532e-10
 0.0000000e+00 0.0000000e+00]) 	 loss 5.650E-02 	 horizons 9.0
step 27180 	 return [0.00066085 0.00170308 0.00911366 0.00287257 0.00250851 0.
 0.        ], ([5.8207661e-11 1.1641532e-10 0.0000000e+00 0.0000000e+00 2.3283064e-10
 0.0000000e+00 0.0000000e+00]) 	 loss 3.372E-02 	 horizons 9.0
step 27270 	 return [0.00205789 0.00226891 0.00722896 0.00147989 0.00165469 0.00134432
 0.        ], ([0.00065318 0.00032457 0.00045407 0.00056777 0.00036416 0.00109763
 0.        ]) 	 loss 3.488E-02 	 horizons 9.0
step 27360 	 return [0.00265281 0.00171342 0.00435589 0.0012187  0.00174872 0.00182063
 0.00029289], ([0.00132995 0.00082975 0.00050558 0.00035366 0.00060307 0.00155716
 0.00087868]) 	 loss 3.047E-02 	 horizons 9.0
step 27450 	 return [0.         0.00287396 0.00801584 0.00281825 0.0035845  0.
 0.        ], ([0.0000000e+00 2.3283064e-10 9.3132257e-10 2.3283064e-10 0.0000000e+00
 0.0000000e+00 0.0000000e+00]) 	 loss 5.756E-02 	 horizons 9.0
step 27540 	 return [0.00351912 0.0023696  0.00728595 0.00225906 0.00217899 0.
 0.        ], ([8.4086285e-05 1.0979294e-04 5.3956796e-04 4.5624492e-04 2.2129036e-04
 0.0000000e+00 0.0000000e+00]) 	 loss 4.615E-02 	 horizons 9.0
step 27630 	 return [0.00479279 0.00288127 0.0017865  0.00055604 0.00040974 0.00097112
 0.        ], ([5.8157154e-04 2.4297961e-04 1.4586707e-03 9.6864787e-06 5.9600475e-06
 1.0513495e-05 0.0000000e+00]) 	 loss 8.437E-02 	 horizons 9.0
step 27720 	 return [0.00209445 0.00164767 0.00563213 0.00105482 0.00135791 0.00218918
 0.        ], ([8.3743484e-04 3.1585363e-04 9.2823710e-04 5.1454299e-06 9.3989947e-06
 2.0191777e-05 0.0000000e+00]) 	 loss 8.359E-02 	 horizons 9.0
step 27810 	 return [0.00441192 0.00209339 0.00440912 0.00019488 0.0006155  0.0019498
 0.        ], ([3.4424651e-04 3.0171315e-04 9.8780270e-05 2.9769624e-04 1.0530946e-04
 1.5498603e-04 0.0000000e+00]) 	 loss 6.233E-02 	 horizons 9.0
step 27900 	 return [0.0038248  0.00245195 0.00725718 0.00010928 0.00184933 0.
 0.        ], ([0.00044545 0.00042266 0.00076092 0.00032783 0.00020611 0.
 0.        ]) 	 loss 8.357E-02 	 horizons 9.0
step 27990 	 return [0.00348286 0.00245026 0.00772165 0.00180875 0.00205058 0.
 0.        ], ([4.9726735e-04 4.6477584e-05 3.0182677e-05 2.3441043e-04 1.5474285e-04
 0.0000000e+00 0.0000000e+00]) 	 loss 7.395E-02 	 horizons 9.0
step 28080 	 return [0.00189127 0.00205176 0.00670473 0.00283671 0.00247035 0.
 0.        ], ([6.09380251e-04 4.53717599e-04 1.50164691e-04 1.42511126e-05
 1.43276875e-05 0.00000000e+00 0.00000000e+00]) 	 loss 7.642E-02 	 horizons 9.0
step 28170 	 return [0.00131495 0.00200158 0.00727423 0.00106596 0.00137842 0.00223474
 0.        ], ([6.6836725e-04 3.0225373e-04 1.5691861e-04 2.0232526e-06 3.6670394e-06
 8.2717079e-06 0.0000000e+00]) 	 loss 6.541E-02 	 horizons 9.0
step 28260 	 return [0.00313435 0.00235407 0.00674749 0.00170499 0.00148132 0.
 0.        ], ([0.00024632 0.00022107 0.00036484 0.00020378 0.0003667  0.
 0.        ]) 	 loss 5.295E-02 	 horizons 9.0
step 28350 	 return [0.00315802 0.00159019 0.00459219 0.00105177 0.00145228 0.00194585
 0.        ], ([1.2311354e-04 3.1234528e-04 4.7102159e-05 9.7614493e-06 3.1783793e-04
 6.4872479e-04 0.0000000e+00]) 	 loss 7.062E-02 	 horizons 9.0
step 28440 	 return [0.00665636 0.00217682 0.00573872 0.         0.00174476 0.
 0.        ], ([0.0000000e+00 0.0000000e+00 4.6566129e-10 0.0000000e+00 2.3283064e-10
 0.0000000e+00 0.0000000e+00]) 	 loss 6.652E-02 	 horizons 9.0
step 28530 	 return [0.00477579 0.00224868 0.00405438 0.00016937 0.00055363 0.00145377
 0.        ], ([0.00014571 0.00027089 0.00091475 0.00025872 0.00011486 0.00049651
 0.        ]) 	 loss 8.865E-02 	 horizons 9.0
step 28620 	 return [0.00336189 0.00209669 0.00544238 0.00019544 0.00062785 0.00198436
 0.        ], ([6.3150073e-04 8.8451758e-05 7.4701587e-04 2.9854802e-04 1.1275315e-04
 1.6899407e-04 0.0000000e+00]) 	 loss 5.858E-02 	 horizons 9.0
step 28710 	 return [0.00516227 0.00155285 0.00563831 0.         0.00173388 0.
 0.        ], ([4.9803121e-04 2.0798924e-04 3.3472290e-05 0.0000000e+00 3.6268495e-06
 0.0000000e+00 0.0000000e+00]) 	 loss 5.600E-02 	 horizons 9.0
step 28800 	 return [0.00289978 0.00147405 0.00473127 0.00104983 0.0013488  0.00216899
 0.        ], ([4.3721244e-04 1.3720951e-04 4.0998351e-04 2.1700750e-06 3.9457109e-06
 9.7703651e-06 0.0000000e+00]) 	 loss 4.869E-02 	 horizons 9.0
step 28890 	 return [0.00322472 0.00189484 0.00451728 0.00104503 0.00133912 0.00214187
 0.        ], ([1.4736787e-04 3.8092793e-04 6.3149346e-05 3.3310594e-06 6.8306872e-06
 1.9486655e-05 0.0000000e+00]) 	 loss 4.606E-02 	 horizons 9.0
step 28980 	 return [0.         0.         0.00217244 0.00366234 0.00749209 0.00811788
 0.00478884], ([0.000000e+00 0.000000e+00 0.000000e+00 4.656613e-10 0.000000e+00
 0.000000e+00 4.656613e-10]) 	 loss 5.029E-02 	 horizons 9.0
step 29070 	 return [0.00198331 0.00230372 0.00740796 0.00106764 0.00138142 0.00224054
 0.        ], ([2.3283064e-10 2.3283064e-10 0.0000000e+00 1.1641532e-10 0.0000000e+00
 0.0000000e+00 0.0000000e+00]) 	 loss 5.556E-02 	 horizons 9.0
step 29160 	 return [0.00198331 0.00230372 0.00740796 0.00106764 0.00138142 0.00224054
 0.        ], ([2.3283064e-10 2.3283064e-10 0.0000000e+00 1.1641532e-10 0.0000000e+00
 0.0000000e+00 0.0000000e+00]) 	 loss 4.877E-02 	 horizons 9.0
step 29250 	 return [0.         0.         0.00217244 0.00366234 0.00749209 0.00811788
 0.00478884], ([0.000000e+00 0.000000e+00 0.000000e+00 4.656613e-10 0.000000e+00
 0.000000e+00 4.656613e-10]) 	 loss 5.198E-02 	 horizons 9.0
step 29340 	 return [0.00363384 0.00246306 0.00724108 0.00067367 0.00046839 0.00181823
 0.        ], ([4.6566129e-10 2.3283064e-10 0.0000000e+00 5.8207661e-11 0.0000000e+00
 0.0000000e+00 0.0000000e+00]) 	 loss 2.841E-02 	 horizons 9.0
step 29430 	 return [0.         0.         0.00333181 0.00369394 0.00762325 0.0058682
 0.0049548 ], ([0.0000000e+00 0.0000000e+00 1.0397284e-06 7.7486038e-07 5.2167102e-06
 1.3082101e-05 7.8994970e-05]) 	 loss 3.642E-02 	 horizons 9.0
step 29520 	 return [0.00331736 0.00212844 0.00447882 0.001043   0.00133496 0.00212998
 0.        ], ([9.3748167e-05 2.3338982e-04 3.8629594e-05 2.0375749e-06 4.1783746e-06
 1.1922677e-05 0.0000000e+00]) 	 loss 4.635E-02 	 horizons 9.0
step 29610 	 return [0.00305142 0.00142896 0.00459491 0.00104913 0.00134753 0.00216582
 0.        ], ([1.7685537e-05 1.9571742e-06 8.9965806e-07 8.2422133e-08 1.4158432e-07
 2.5564816e-07 0.0000000e+00]) 	 loss 3.785E-02 	 horizons 9.0
step 29700 	 return [0.         0.         0.00209989 0.00819342 0.00773554 0.00647714
 0.00596812], ([0.000000e+00 0.000000e+00 0.000000e+00 0.000000e+00 4.656613e-10
 4.656613e-10 0.000000e+00]) 	 loss 4.201E-02 	 horizons 9.0
step 29790 	 return [0.00184987 0.00224388 0.00738702 0.00106738 0.00138097 0.00223979
 0.        ], ([4.0032461e-04 1.7952366e-04 6.2822925e-05 7.6596626e-07 1.3487880e-06
 2.2272814e-06 0.0000000e+00]) 	 loss 3.737E-02 	 horizons 9.0
step 29880 	 return [0.         0.         0.00217244 0.00366234 0.00749209 0.00811788
 0.00478884], ([0.000000e+00 0.000000e+00 0.000000e+00 4.656613e-10 0.000000e+00
 0.000000e+00 4.656613e-10]) 	 loss 2.553E-02 	 horizons 9.0
step 29970 	 return [0.00205291 0.00217974 0.00547703 0.00101055 0.00124944 0.00284113
 0.        ], ([3.3086911e-04 2.5047731e-04 2.9414165e-04 1.2851623e-05 3.2678527e-05
 2.2513379e-04 0.0000000e+00]) 	 loss 1.788E-02 	 horizons 9.0
step 30060 	 return [0.00198986 0.00199618 0.00598669 0.00101119 0.00125462 0.00205259
 0.        ], ([0.0008036  0.00022129 0.00051792 0.00011436 0.00026681 0.00033046
 0.        ]) 	 loss 2.243E-02 	 horizons 9.0
[1;34mwandb[0m: 
[1;34mwandb[0m: 🚀 View run [33mmotndp_amsterdam-v0__GCN-amsterdam-g7-temporal__123__1781508570[0m at: [34mhttps://wandb.ai/jingyuan-sun03-tu-delft/cl_ablation/runs/4klu1zim[0m
[1;34mwandb[0m: Find logs at: [1;35mwandb/run-20260615_092931-4klu1zim/logs[0m
