/home/SinJ/mo-transport-network-design/.venv/lib/python3.13/site-packages/pygame/pkgdata.py:25: UserWarning: pkg_resources is deprecated as an API. See https://setuptools.pypa.io/en/latest/pkg_resources.html. The pkg_resources package is slated for removal as early as 2025-11-30. Refrain from using this package or pin to Setuptools<81.
  from pkg_resources import resource_stream, resource_exists
wandb: [wandb.login()] Loaded credentials for https://api.wandb.ai from /home/SinJ/.netrc.
wandb: Currently logged in as: jingyuan-sun03 (jingyuan-sun03-tu-delft) to https://api.wandb.ai. Use `wandb login --relogin` to force relogin
wandb: setting up run 03agoj1g
wandb: Tracking run with wandb version 0.27.2
wandb: Run data is saved locally in /home/SinJ/mo-transport-network-design/wandb/run-20260615_083149-03agoj1g
wandb: Run `wandb offline` to turn off syncing.
wandb: Syncing run motndp_amsterdam-v0__GCN-amsterdam-g5-spatiotemporal__123__1781505109
wandb: ⭐️ View project at https://wandb.ai/jingyuan-sun03-tu-delft/cl_ablation
wandb: 🚀 View run at https://wandb.ai/jingyuan-sun03-tu-delft/cl_ablation/runs/03agoj1g
/home/SinJ/mo-transport-network-design/morl-baselines/morl_baselines/multi_policy/gcn/gcn.py:151: UserWarning: Creating a tensor from a list of numpy.ndarrays is extremely slow. Please consider converting the list to a single numpy.ndarray with numpy.array() before converting to a tensor. (Triggered internally at /pytorch/torch/csrc/utils/tensor_new.cpp:253.)
  th.tensor(obs).to(self.device),
Namespace(env='amsterdam', nr_groups=5, starting_loc_x=9, starting_loc_y=19, nr_stations=10, lr=0.01, batch_size=256, num_er_episodes=100, num_step_episodes=10, num_model_updates=10, num_policies=10, max_buffer_size=200, nr_layers=1, hidden_dim=128, timesteps=30000, no_log=False, seed=123, cd_threshold=0.2, distance_ref='interpolate2', gcn_lambda=0.0, lambda_schedule='cosine', lambda_start=1.0, lambda_end=0.0, lambda_warmup_fraction=0.1, lambda_freeze_fraction=0.1, spatial_alpha=0.5, include_demand_context=False, criterion='lorenz', nash_mode='pareto_sized', nash_top_k=None, nash_shift=0.0, project_name='cl_ablation', experiment_name='GCN-amsterdam-g5-spatiotemporal', wandb_entity=None)
step 990 	 return [0.00018448 0.00250335 0.00103806 0.00130151 0.00093488], ([0.00055344 0.00284721 0.00127097 0.00159253 0.00194598]) 	 loss 2.047E+00 	 horizons 9.0
step 1080 	 return [0.         0.00109888 0.00155391 0.00200093 0.00105976], ([0.         0.00156534 0.00193685 0.00205789 0.00227588]) 	 loss 1.883E+00 	 horizons 9.0
step 1170 	 return [0.00037333 0.00242273 0.00134231 0.00152729 0.        ], ([0.00111998 0.00258007 0.00176176 0.00140041 0.        ]) 	 loss 1.425E+00 	 horizons 9.0
step 1260 	 return [0.         0.00141571 0.00186521 0.00210757 0.00189527], ([0.         0.00243339 0.00198635 0.0017093  0.00312425]) 	 loss 1.197E+00 	 horizons 9.0
step 1350 	 return [0.         0.         0.003586   0.00402188 0.00523615], ([0.         0.         0.00218389 0.00142423 0.0018773 ]) 	 loss 1.109E+00 	 horizons 9.0
step 1440 	 return [0.         0.0002771  0.00495056 0.00416999 0.00421618], ([0.         0.00083129 0.001532   0.00147387 0.0022382 ]) 	 loss 1.060E+00 	 horizons 9.0
step 1530 	 return [0.         0.00433433 0.00364198 0.00144724 0.00067591], ([0.         0.00247275 0.00147954 0.00149109 0.00202772]) 	 loss 9.978E-01 	 horizons 9.0
step 1620 	 return [0.         0.00046793 0.00404671 0.00313644 0.00583779], ([0.         0.00095963 0.00168887 0.00150929 0.00317193]) 	 loss 9.897E-01 	 horizons 9.0
step 1710 	 return [0.00048924 0.00379589 0.00136102 0.00212116 0.00104644], ([0.00097924 0.00329451 0.0013759  0.00178337 0.00174358]) 	 loss 9.633E-01 	 horizons 9.0
step 1800 	 return [0.00014235 0.00188704 0.00254503 0.00275078 0.00416792], ([0.00042705 0.0021808  0.00224743 0.00203029 0.00424324]) 	 loss 9.479E-01 	 horizons 9.0
step 1890 	 return [0.         0.         0.00523294 0.00475751 0.00663768], ([0.         0.         0.00101404 0.0011471  0.0010768 ]) 	 loss 9.290E-01 	 horizons 9.0
step 1980 	 return [0.00189812 0.00327736 0.00054181 0.00118158 0.        ], ([0.00120523 0.00183964 0.00012469 0.00051166 0.        ]) 	 loss 8.914E-01 	 horizons 9.0
step 2070 	 return [0.00022261 0.00506864 0.00237703 0.00150354 0.00052858], ([0.00066783 0.00240821 0.00193819 0.00091514 0.00158574]) 	 loss 8.904E-01 	 horizons 9.0
step 2160 	 return [0.00029001 0.00605469 0.00268993 0.00122338 0.        ], ([0.00061984 0.00296053 0.00168646 0.00141418 0.        ]) 	 loss 8.666E-01 	 horizons 9.0
step 2250 	 return [0.         0.         0.00592458 0.00468857 0.00547667], ([0.         0.         0.00140462 0.00117379 0.00149101]) 	 loss 8.331E-01 	 horizons 9.0
step 2340 	 return [0.         0.         0.00536694 0.00482405 0.00584522], ([0.         0.         0.00089515 0.00116097 0.00071916]) 	 loss 7.667E-01 	 horizons 9.0
step 2430 	 return [0.         0.         0.00645975 0.00454709 0.00579767], ([0.         0.         0.00050489 0.00163132 0.00185287]) 	 loss 7.470E-01 	 horizons 9.0
step 2520 	 return [0.000312   0.00422364 0.00079087 0.00089392 0.        ], ([0.00056802 0.00208525 0.00051946 0.0004194  0.        ]) 	 loss 7.186E-01 	 horizons 9.0
step 2610 	 return [0.         0.         0.00554617 0.00490542 0.00553494], ([0.         0.         0.00107517 0.00117595 0.00136533]) 	 loss 7.202E-01 	 horizons 9.0
step 2700 	 return [0.         0.         0.00503656 0.00476943 0.00651047], ([0.         0.         0.00123194 0.00208516 0.00245079]) 	 loss 6.964E-01 	 horizons 9.0
step 2790 	 return [0.         0.         0.00578807 0.00555698 0.00598689], ([0.         0.         0.00081546 0.00179082 0.00043288]) 	 loss 6.690E-01 	 horizons 9.0
step 2880 	 return [0.         0.00537494 0.00371641 0.00128065 0.        ], ([0.         0.00156323 0.00148946 0.00031479 0.        ]) 	 loss 6.178E-01 	 horizons 9.0
step 2970 	 return [0.         0.         0.00595821 0.0054117  0.00609645], ([0.         0.         0.00109955 0.00165595 0.00126132]) 	 loss 6.284E-01 	 horizons 9.0
step 3060 	 return [0.         0.00159368 0.00175477 0.00329152 0.00137976], ([0.         0.00267803 0.00181149 0.00135919 0.00182295]) 	 loss 6.213E-01 	 horizons 9.0
step 3150 	 return [0.         0.         0.0060206  0.00562711 0.00588732], ([0.         0.         0.00026364 0.00205466 0.00033157]) 	 loss 6.026E-01 	 horizons 9.0
step 3240 	 return [0.         0.00685536 0.00507611 0.00122403 0.        ], ([0.         0.00131414 0.0006787  0.00017309 0.        ]) 	 loss 5.578E-01 	 horizons 9.0
step 3330 	 return [0.         0.         0.00471541 0.00522155 0.00695924], ([0.         0.         0.00112352 0.0020126  0.00254655]) 	 loss 5.130E-01 	 horizons 9.0
step 3420 	 return [0.00244909 0.00455798 0.00058942 0.00122166 0.        ], ([0.00107483 0.00115376 0.00021976 0.00047178 0.        ]) 	 loss 5.127E-01 	 horizons 9.0
step 3510 	 return [0.00010673 0.00813047 0.0025928  0.00110122 0.        ], ([0.0003202  0.00096665 0.00085353 0.00026372 0.        ]) 	 loss 5.256E-01 	 horizons 9.0
step 3600 	 return [0.00085956 0.00574691 0.00092897 0.00133026 0.        ], ([0.00107466 0.00105181 0.00041444 0.00026984 0.        ]) 	 loss 4.868E-01 	 horizons 9.0
step 3690 	 return [0.         0.00526284 0.00583199 0.00134151 0.00030305], ([0.         0.00303136 0.00075612 0.00086382 0.00090915]) 	 loss 4.978E-01 	 horizons 9.0
step 3780 	 return [0.         0.00714883 0.00416419 0.00137132 0.        ], ([0.         0.00173674 0.00175406 0.00023407 0.        ]) 	 loss 4.912E-01 	 horizons 9.0
step 3870 	 return [0.         0.         0.00586655 0.00722717 0.00598612], ([0.         0.         0.00071158 0.00069778 0.00047969]) 	 loss 5.047E-01 	 horizons 9.0
step 3960 	 return [0.         0.         0.00397988 0.00441218 0.00820428], ([0.         0.         0.00076848 0.00216057 0.00204522]) 	 loss 4.756E-01 	 horizons 9.0
step 4050 	 return [0.         0.00728457 0.00569864 0.00119126 0.        ], ([0.         0.0010954  0.00086072 0.00017885 0.        ]) 	 loss 4.812E-01 	 horizons 9.0
step 4140 	 return [0.00091697 0.00772726 0.00070981 0.00124419 0.        ], ([0.00142376 0.00124765 0.00032861 0.00020174 0.        ]) 	 loss 4.423E-01 	 horizons 9.0
step 4230 	 return [0.         0.         0.00581649 0.00572029 0.0054182 ], ([0.         0.         0.00081694 0.00161997 0.00097892]) 	 loss 4.652E-01 	 horizons 9.0
step 4320 	 return [0.         0.         0.00657241 0.00513492 0.00510854], ([0.         0.         0.00073218 0.00229827 0.00104257]) 	 loss 4.595E-01 	 horizons 9.0
step 4410 	 return [0.         0.00066626 0.00665508 0.00350174 0.00464612], ([0.         0.00199877 0.00124693 0.00125504 0.00188096]) 	 loss 4.232E-01 	 horizons 9.0
step 4500 	 return [0.         0.00040532 0.00097573 0.00386299 0.00073754], ([0.         0.00041112 0.00031185 0.00067292 0.00221263]) 	 loss 4.135E-01 	 horizons 9.0
step 4590 	 return [0.         0.00890404 0.0033616  0.00124912 0.        ], ([0.         0.00095813 0.00144095 0.00023285 0.        ]) 	 loss 4.143E-01 	 horizons 9.0
step 4680 	 return [0.         0.00803926 0.00511697 0.00150011 0.        ], ([0.         0.00098947 0.00148494 0.00022841 0.        ]) 	 loss 4.060E-01 	 horizons 9.0
step 4770 	 return [0.         0.00759193 0.00641871 0.00125644 0.        ], ([0.         0.00117478 0.00091486 0.00017218 0.        ]) 	 loss 3.928E-01 	 horizons 9.0
step 4860 	 return [0.         0.008632   0.00444213 0.00132271 0.        ], ([0.         0.0005581  0.00160847 0.00025932 0.        ]) 	 loss 3.742E-01 	 horizons 9.0
step 4950 	 return [0.         0.         0.00370501 0.00316488 0.00918115], ([0.         0.         0.00152042 0.00136118 0.00219669]) 	 loss 3.722E-01 	 horizons 9.0
step 5040 	 return [0.         0.00083528 0.00731708 0.00379628 0.00427121], ([0.         0.00127603 0.0008036  0.0013205  0.00156534]) 	 loss 3.655E-01 	 horizons 9.0
step 5130 	 return [0.00010436 0.00716055 0.00311558 0.00150872 0.        ], ([0.00031308 0.00112966 0.00093114 0.00016546 0.        ]) 	 loss 3.489E-01 	 horizons 9.0
step 5220 	 return [0.         0.00193319 0.0081597  0.00374814 0.00346083], ([0.         0.00126567 0.00049088 0.00042744 0.00029808]) 	 loss 3.369E-01 	 horizons 9.0
step 5310 	 return [0.         0.00863532 0.00512199 0.00106565 0.        ], ([0.         0.00062823 0.000925   0.00047267 0.        ]) 	 loss 3.524E-01 	 horizons 9.0
step 5400 	 return [0.00022183 0.00842323 0.00120714 0.00118262 0.        ], ([0.00044398 0.00155555 0.00081197 0.00049563 0.        ]) 	 loss 2.981E-01 	 horizons 9.0
step 5490 	 return [0.         0.         0.00451694 0.0060766  0.00599402], ([0.         0.         0.00131182 0.00074999 0.00124478]) 	 loss 3.217E-01 	 horizons 9.0
step 5580 	 return [0.00283462 0.00466129 0.00087868 0.00120326 0.        ], ([0.00054384 0.00080316 0.00038363 0.00034172 0.        ]) 	 loss 3.171E-01 	 horizons 9.0
step 5670 	 return [0.         0.00252167 0.00816587 0.00374768 0.00252219], ([0.         0.00084123 0.00070303 0.00023907 0.00165126]) 	 loss 3.010E-01 	 horizons 9.0
step 5760 	 return [0.         0.0076273  0.00569903 0.00135068 0.        ], ([0.         0.00109551 0.00060334 0.00020584 0.        ]) 	 loss 2.981E-01 	 horizons 9.0
step 5850 	 return [0.         0.0005529  0.0071417  0.00350686 0.00469573], ([0.         0.00110584 0.00082715 0.00037699 0.00108945]) 	 loss 2.906E-01 	 horizons 9.0
step 5940 	 return [0.00063953 0.00788737 0.00342487 0.00127241 0.        ], ([0.00052219 0.00079175 0.00059615 0.00013004 0.        ]) 	 loss 2.856E-01 	 horizons 9.0
step 6030 	 return [0.         0.         0.00689419 0.00344487 0.00455138], ([0.         0.         0.00057866 0.00049915 0.0007091 ]) 	 loss 2.760E-01 	 horizons 9.0
step 6120 	 return [0.00276966 0.00456157 0.00079257 0.00113116 0.        ], ([0.00103097 0.00192684 0.00031712 0.00043237 0.        ]) 	 loss 2.866E-01 	 horizons 9.0
step 6210 	 return [0.         0.         0.00426474 0.00236419 0.00933835], ([0.         0.         0.00101166 0.00146891 0.00305841]) 	 loss 2.898E-01 	 horizons 9.0
step 6300 	 return [0.00167684 0.00760527 0.00101546 0.00133018 0.        ], ([0.00104774 0.00095279 0.00040877 0.00034251 0.        ]) 	 loss 2.645E-01 	 horizons 9.0
step 6390 	 return [0.00269156 0.00669752 0.00071662 0.00111912 0.        ], ([0.0010394  0.00156724 0.00030027 0.00039017 0.        ]) 	 loss 2.763E-01 	 horizons 9.0
step 6480 	 return [0.         0.00720622 0.00654786 0.00119935 0.        ], ([0.0000000e+00 6.5025029e-04 5.6613819e-04 5.6819168e-05 0.0000000e+00]) 	 loss 2.610E-01 	 horizons 9.0
step 6570 	 return [0.         0.00633387 0.00773861 0.00189001 0.        ], ([0.         0.00159596 0.00049697 0.00110922 0.        ]) 	 loss 2.349E-01 	 horizons 9.0
step 6660 	 return [0.         0.0043034  0.00864707 0.00261178 0.        ], ([0.         0.00130329 0.00030286 0.00135723 0.        ]) 	 loss 2.581E-01 	 horizons 9.0
step 6750 	 return [0.         0.00519035 0.00841469 0.001939   0.        ], ([0.         0.00129484 0.00041341 0.00104755 0.        ]) 	 loss 2.439E-01 	 horizons 9.0
step 6840 	 return [0.00262052 0.00684094 0.00101019 0.00137566 0.        ], ([0.0007564  0.00088334 0.00039117 0.00020901 0.        ]) 	 loss 2.500E-01 	 horizons 9.0
step 6930 	 return [0.         0.0022785  0.00860407 0.00354766 0.0025833 ], ([0.         0.00114283 0.00133406 0.00059729 0.00175357]) 	 loss 2.479E-01 	 horizons 9.0
step 7020 	 return [0.         0.         0.00373143 0.00254645 0.01029445], ([0.         0.         0.00096542 0.00082408 0.00228148]) 	 loss 2.392E-01 	 horizons 9.0
step 7110 	 return [0.0026187  0.00719352 0.00090437 0.00113006 0.        ], ([0.00042952 0.00058046 0.00034235 0.00044788 0.        ]) 	 loss 2.217E-01 	 horizons 9.0
step 7200 	 return [0.00030371 0.00864264 0.0025624  0.00102989 0.00082549], ([0.00063937 0.00300203 0.00088151 0.00100269 0.00247647]) 	 loss 2.218E-01 	 horizons 9.0
step 7290 	 return [0.0035673  0.00534792 0.00092422 0.00076709 0.        ], ([0.00061597 0.00082846 0.00032794 0.00046618 0.        ]) 	 loss 2.020E-01 	 horizons 9.0
step 7380 	 return [0.00168511 0.00782102 0.00076078 0.00141387 0.        ], ([0.00107863 0.00111713 0.00036014 0.00012722 0.        ]) 	 loss 2.403E-01 	 horizons 9.0
step 7470 	 return [0.         0.00586045 0.00793703 0.00185177 0.        ], ([0.         0.00098112 0.00066623 0.00115714 0.        ]) 	 loss 2.297E-01 	 horizons 9.0
step 7560 	 return [0.         0.00583141 0.00829527 0.00175458 0.        ], ([0.         0.0010269  0.00042765 0.00109806 0.        ]) 	 loss 2.356E-01 	 horizons 9.0
step 7650 	 return [0.         0.         0.00670535 0.0063658  0.00545275], ([0.         0.         0.00105216 0.002015   0.00094375]) 	 loss 2.064E-01 	 horizons 9.0
step 7740 	 return [0.         0.         0.00634384 0.00584342 0.00759789], ([0.         0.         0.00049372 0.00162722 0.00136698]) 	 loss 2.245E-01 	 horizons 9.0
step 7830 	 return [0.00394217 0.00489494 0.00059146 0.00081107 0.        ], ([0.00055089 0.00113068 0.00031045 0.00060672 0.        ]) 	 loss 2.057E-01 	 horizons 9.0
step 7920 	 return [0.         0.00271645 0.008597   0.00390726 0.00076062], ([0.0000000e+00 2.2205268e-04 7.3866569e-04 4.2067066e-05 1.5236912e-03]) 	 loss 2.446E-01 	 horizons 9.0
step 8010 	 return [0.         0.         0.0061056  0.00508727 0.00769799], ([0.000000e+00 0.000000e+00 0.000000e+00 0.000000e+00 4.656613e-10]) 	 loss 1.913E-01 	 horizons 9.0
step 8100 	 return [0.         0.0090567  0.00504266 0.00143394 0.        ], ([0.         0.00057692 0.00056977 0.00016844 0.        ]) 	 loss 2.514E-01 	 horizons 9.0
step 8190 	 return [0.         0.00893678 0.00532431 0.00123958 0.        ], ([0.         0.00042694 0.0001765  0.00017814 0.        ]) 	 loss 2.230E-01 	 horizons 9.0
step 8280 	 return [0.0022228  0.00677161 0.00138108 0.00153191 0.00063867], ([0.00095758 0.00243031 0.00121003 0.00041688 0.00191602]) 	 loss 2.162E-01 	 horizons 9.0
step 8370 	 return [0.         0.00792829 0.00726119 0.00101561 0.        ], ([0.         0.00073446 0.00071831 0.00027162 0.        ]) 	 loss 2.252E-01 	 horizons 9.0
step 8460 	 return [0.00210862 0.00786849 0.00066637 0.00138865 0.        ], ([5.2733137e-04 3.5391405e-04 2.7502826e-04 9.5419673e-05 0.0000000e+00]) 	 loss 1.772E-01 	 horizons 9.0
step 8550 	 return [0.         0.00746819 0.00747957 0.00110708 0.        ], ([0.         0.00102965 0.00076139 0.00014866 0.        ]) 	 loss 1.870E-01 	 horizons 9.0
step 8640 	 return [0.         0.00537927 0.00854581 0.0020579  0.        ], ([0.         0.00067476 0.00049858 0.00142319 0.        ]) 	 loss 1.955E-01 	 horizons 9.0
step 8730 	 return [0.         0.00300493 0.00904723 0.00351827 0.        ], ([0.         0.00055327 0.00047256 0.00069661 0.        ]) 	 loss 2.043E-01 	 horizons 9.0
step 8820 	 return [0.00032157 0.00976817 0.00264196 0.00090965 0.        ], ([0.0004912  0.00081498 0.00048184 0.0005327  0.        ]) 	 loss 1.953E-01 	 horizons 9.0
step 8910 	 return [0.00259429 0.00747309 0.00076264 0.00140103 0.        ], ([0.00039772 0.00084349 0.00035937 0.00013344 0.        ]) 	 loss 2.128E-01 	 horizons 9.0
step 9000 	 return [0.         0.00224622 0.00819535 0.00399564 0.0034836 ], ([0.         0.00112529 0.0011222  0.00130392 0.00135771]) 	 loss 1.837E-01 	 horizons 9.0
step 9090 	 return [0.         0.00285023 0.0091674  0.00326413 0.00216908], ([0.         0.00011211 0.00119745 0.00057626 0.00177105]) 	 loss 1.578E-01 	 horizons 9.0
step 9180 	 return [0.         0.         0.00705306 0.00393233 0.00463143], ([0.         0.         0.00107872 0.00129644 0.00078682]) 	 loss 1.726E-01 	 horizons 9.0
step 9270 	 return [0.         0.00887479 0.00630609 0.00138705 0.        ], ([0.         0.00075889 0.00044534 0.00014698 0.        ]) 	 loss 1.796E-01 	 horizons 9.0
step 9360 	 return [0.         0.         0.00614749 0.00690593 0.00814849], ([0.000000e+00 0.000000e+00 0.000000e+00 4.656613e-10 9.313226e-10]) 	 loss 1.836E-01 	 horizons 9.0
step 9450 	 return [0.         0.00858874 0.0062172  0.0012495  0.        ], ([0.         0.00077965 0.00065073 0.00011698 0.        ]) 	 loss 1.712E-01 	 horizons 9.0
step 9540 	 return [0.         0.00581538 0.00858015 0.00118284 0.        ], ([0.         0.0002686  0.00035705 0.00034978 0.        ]) 	 loss 1.698E-01 	 horizons 9.0
step 9630 	 return [0.         0.00514412 0.0087007  0.00204943 0.        ], ([0.         0.0005529  0.00043621 0.00111396 0.        ]) 	 loss 1.652E-01 	 horizons 9.0
step 9720 	 return [0.00133563 0.00823706 0.00067652 0.00138014 0.        ], ([0.00072896 0.0005556  0.00027552 0.00010873 0.        ]) 	 loss 1.608E-01 	 horizons 9.0
step 9810 	 return [0.00412845 0.00570407 0.00039558 0.00047826 0.        ], ([5.5315846e-04 7.1278639e-04 9.9895347e-05 4.8105192e-04 0.0000000e+00]) 	 loss 1.870E-01 	 horizons 9.0
step 9900 	 return [0.         0.00709673 0.00801109 0.00134709 0.        ], ([0.         0.00058171 0.00056481 0.00031264 0.        ]) 	 loss 1.681E-01 	 horizons 9.0
step 9990 	 return [0.         0.00083528 0.00745046 0.00349256 0.00465025], ([0.         0.0012759  0.00062881 0.00033688 0.00075715]) 	 loss 1.521E-01 	 horizons 9.0
step 10080 	 return [0.0005332  0.00848836 0.00384151 0.00122492 0.        ], ([0.0005332  0.0011649  0.00077392 0.00023403 0.        ]) 	 loss 1.531E-01 	 horizons 9.0
step 10170 	 return [0.00053503 0.00778131 0.00436814 0.00165175 0.        ], ([0.00053504 0.00086273 0.00125401 0.00035855 0.        ]) 	 loss 1.599E-01 	 horizons 9.0
step 10260 	 return [0.         0.0068157  0.00815019 0.00128205 0.        ], ([0.         0.00085739 0.00061872 0.00031639 0.        ]) 	 loss 1.855E-01 	 horizons 9.0
step 10350 	 return [0.         0.00346853 0.00900115 0.00335989 0.00072486], ([0.         0.0009666  0.00125426 0.00094879 0.00144971]) 	 loss 1.631E-01 	 horizons 9.0
step 10440 	 return [0.         0.0028004  0.00915427 0.00359291 0.00072197], ([0.0000000e+00 7.3693765e-05 8.5627416e-04 4.4996178e-04 1.4439418e-03]) 	 loss 1.560E-01 	 horizons 9.0
step 10530 	 return [0.         0.00767891 0.00772093 0.00116141 0.        ], ([0.         0.00028309 0.00030048 0.00028533 0.        ]) 	 loss 1.717E-01 	 horizons 9.0
step 10620 	 return [0.         0.00730478 0.00766745 0.00132708 0.        ], ([0.         0.00071176 0.00035178 0.00018114 0.        ]) 	 loss 1.555E-01 	 horizons 9.0
step 10710 	 return [0.         0.         0.00614749 0.00690593 0.00814849], ([0.000000e+00 0.000000e+00 0.000000e+00 4.656613e-10 9.313226e-10]) 	 loss 1.667E-01 	 horizons 9.0
step 10800 	 return [0.00189739 0.00764608 0.00128913 0.0015251  0.        ], ([0.00075589 0.00079265 0.00074287 0.00015993 0.        ]) 	 loss 1.588E-01 	 horizons 9.0
step 10890 	 return [0.00124538 0.00822321 0.00305883 0.00121409 0.        ], ([0.00034669 0.00084998 0.00012765 0.00024092 0.        ]) 	 loss 1.529E-01 	 horizons 9.0
step 10980 	 return [0.         0.         0.00346866 0.00281594 0.01082652], ([0.         0.         0.00025028 0.00081777 0.00053542]) 	 loss 1.596E-01 	 horizons 9.0
step 11070 	 return [0.         0.         0.00455612 0.00448608 0.00799539], ([0.         0.         0.00131684 0.00114927 0.00143307]) 	 loss 1.525E-01 	 horizons 9.0
step 11160 	 return [0.         0.00614138 0.00824058 0.00127448 0.        ], ([0.         0.00046686 0.00071476 0.00040081 0.        ]) 	 loss 1.550E-01 	 horizons 9.0
step 11250 	 return [0.         0.00879497 0.00535531 0.00144424 0.        ], ([0.         0.00072402 0.00024496 0.00019945 0.        ]) 	 loss 1.437E-01 	 horizons 9.0
step 11340 	 return [0.         0.00667153 0.00805871 0.00117513 0.        ], ([0.         0.00106    0.00075756 0.00021321 0.        ]) 	 loss 1.400E-01 	 horizons 9.0
step 11430 	 return [0.00053149 0.00799671 0.00466673 0.00137048 0.        ], ([0.00053149 0.00085805 0.00054428 0.00030748 0.        ]) 	 loss 1.369E-01 	 horizons 9.0
step 11520 	 return [0.00417753 0.0046414  0.00093553 0.00061935 0.        ], ([0.00017162 0.00071608 0.00029544 0.00034634 0.        ]) 	 loss 1.704E-01 	 horizons 9.0
step 11610 	 return [0.00209447 0.0076929  0.00094816 0.00114738 0.        ], ([0.00052083 0.00046072 0.0003703  0.00044258 0.        ]) 	 loss 1.556E-01 	 horizons 9.0
step 11700 	 return [0.         0.         0.00452125 0.00296506 0.01072186], ([0.         0.         0.00122537 0.00119087 0.00242584]) 	 loss 1.726E-01 	 horizons 9.0
step 11790 	 return [0.00462299 0.00524813 0.00048885 0.00053047 0.        ], ([0.00052285 0.00056358 0.00024419 0.00049452 0.        ]) 	 loss 1.619E-01 	 horizons 9.0
step 11880 	 return [0.         0.00257619 0.00867809 0.00367628 0.00298231], ([0.         0.00086475 0.00154085 0.00123185 0.00236124]) 	 loss 1.626E-01 	 horizons 9.0
step 11970 	 return [0.         0.00494887 0.00863665 0.00235314 0.        ], ([0.         0.00089396 0.0004523  0.00142191 0.        ]) 	 loss 1.425E-01 	 horizons 9.0
step 12060 	 return [0.         0.00729521 0.00831135 0.00115485 0.        ], ([0.         0.00061985 0.00094592 0.00047766 0.        ]) 	 loss 1.384E-01 	 horizons 9.0
step 12150 	 return [0.00063672 0.00761249 0.00435895 0.00146651 0.        ], ([0.00051992 0.00123292 0.00063508 0.00034095 0.        ]) 	 loss 1.467E-01 	 horizons 9.0
step 12240 	 return [0.         0.00030119 0.00881218 0.00393093 0.0034323 ], ([0.         0.00090357 0.00148167 0.00188437 0.00169098]) 	 loss 1.443E-01 	 horizons 9.0
step 12330 	 return [0.00338973 0.00578948 0.00148083 0.0016614  0.        ], ([2.3283064e-10 4.6566129e-10 1.1641532e-10 0.0000000e+00 0.0000000e+00]) 	 loss 1.447E-01 	 horizons 9.0
step 12420 	 return [0.00010708 0.00892617 0.0060809  0.00119156 0.        ], ([0.00032124 0.00083931 0.00056262 0.00030251 0.        ]) 	 loss 1.358E-01 	 horizons 9.0
step 12510 	 return [0.         0.         0.00395662 0.00291011 0.01157307], ([0.         0.         0.00087213 0.00135837 0.00029101]) 	 loss 1.259E-01 	 horizons 9.0
step 12600 	 return [0.         0.00693714 0.00773817 0.00170813 0.        ], ([0.         0.00088647 0.00015838 0.00082376 0.        ]) 	 loss 1.396E-01 	 horizons 9.0
step 12690 	 return [0.         0.         0.00389072 0.00226733 0.01215013], ([0.         0.         0.00076591 0.00143336 0.00089052]) 	 loss 1.392E-01 	 horizons 9.0
step 12780 	 return [0.         0.0069169  0.00839148 0.00107872 0.        ], ([0.         0.00070911 0.00073572 0.00035469 0.        ]) 	 loss 1.308E-01 	 horizons 9.0
step 12870 	 return [0.         0.01065733 0.00229382 0.00018353 0.        ], ([0.0000000e+00 9.3132257e-10 2.3283064e-10 1.4551915e-11 0.0000000e+00]) 	 loss 1.375E-01 	 horizons 9.0
step 12960 	 return [0.00237033 0.0077106  0.00058206 0.00058684 0.        ], ([0.00014971 0.00026629 0.00030905 0.00050302 0.        ]) 	 loss 1.264E-01 	 horizons 9.0
step 13050 	 return [0.00512012 0.00547704 0.00033255 0.00016534 0.        ], ([0.0000000e+00 4.6566129e-10 2.9103830e-11 1.4551915e-11 0.0000000e+00]) 	 loss 1.125E-01 	 horizons 9.0
step 13140 	 return [0.         0.         0.00614749 0.00690593 0.00814849], ([0.000000e+00 0.000000e+00 0.000000e+00 4.656613e-10 9.313226e-10]) 	 loss 1.099E-01 	 horizons 9.0
step 13230 	 return [0.         0.00744413 0.00769574 0.00147792 0.        ], ([0.         0.00035015 0.00016826 0.00026289 0.        ]) 	 loss 1.145E-01 	 horizons 9.0
step 13320 	 return [0.         0.01054356 0.00448326 0.00137213 0.        ], ([0.0000000e+00 6.5827277e-05 2.1875370e-05 3.7783873e-05 0.0000000e+00]) 	 loss 9.615E-02 	 horizons 9.0
step 13410 	 return [0.         0.         0.00342866 0.0019275  0.01340317], ([0.         0.         0.00044935 0.00072045 0.00098801]) 	 loss 9.883E-02 	 horizons 9.0
step 13500 	 return [0.         0.00797582 0.0073658  0.00113593 0.        ], ([0.         0.00012392 0.00020539 0.00012331 0.        ]) 	 loss 9.146E-02 	 horizons 9.0
step 13590 	 return [0.00179438 0.00770873 0.00107177 0.00130799 0.        ], ([0.00060408 0.00053722 0.00040829 0.00043238 0.        ]) 	 loss 1.350E-01 	 horizons 9.0
step 13680 	 return [0.         0.         0.00614749 0.00690593 0.00814849], ([0.000000e+00 0.000000e+00 0.000000e+00 4.656613e-10 9.313226e-10]) 	 loss 1.145E-01 	 horizons 9.0
step 13770 	 return [0.00328417 0.00575052 0.00138914 0.00162957 0.        ], ([2.9662161e-04 7.9292228e-04 2.7171412e-04 9.1596354e-05 0.0000000e+00]) 	 loss 9.014E-02 	 horizons 9.0
step 13860 	 return [0.0007502  0.00846892 0.00262285 0.00147888 0.        ], ([0.00049112 0.00032931 0.00072413 0.00015015 0.        ]) 	 loss 8.489E-02 	 horizons 9.0
step 13950 	 return [0.         0.01061476 0.00452783 0.00123471 0.        ], ([0.00000000e+00 1.16169766e-04 9.87657040e-05 3.50553397e-04
 0.00000000e+00]) 	 loss 8.751E-02 	 horizons 9.0
step 14040 	 return [0.00031895 0.00880392 0.00433537 0.00146434 0.        ], ([0.0004872  0.00144665 0.0003165  0.00032395 0.        ]) 	 loss 8.210E-02 	 horizons 9.0
step 14130 	 return [0.00365755 0.00584862 0.00101182 0.00064253 0.        ], ([0.00021681 0.00032556 0.00021142 0.00030438 0.        ]) 	 loss 8.944E-02 	 horizons 9.0
step 14220 	 return [0.00021434 0.00891079 0.00184264 0.00165408 0.        ], ([0.00042868 0.00017183 0.00062713 0.00013671 0.        ]) 	 loss 7.942E-02 	 horizons 9.0
step 14310 	 return [0.00426376 0.00528409 0.00068223 0.00078314 0.        ], ([0.00026465 0.0007628  0.00029328 0.00044311 0.        ]) 	 loss 1.016E-01 	 horizons 9.0
step 14400 	 return [0.00232508 0.00756334 0.00085666 0.00143635 0.        ], ([0.0005304  0.00067914 0.00041582 0.00015937 0.        ]) 	 loss 1.056E-01 	 horizons 9.0
step 14490 	 return [0.00336734 0.00495124 0.0014642  0.00162646 0.        ], ([6.592367e-06 5.496880e-05 3.982298e-05 9.304061e-05 0.000000e+00]) 	 loss 9.361E-02 	 horizons 9.0
step 14580 	 return [0.00211596 0.00739904 0.0014131  0.00164983 0.        ], ([0.00035526 0.00029142 0.00026691 0.00012214 0.        ]) 	 loss 9.258E-02 	 horizons 9.0
step 14670 	 return [0.         0.00943213 0.00639285 0.00138607 0.        ], ([0.0000000e+00 1.3320644e-04 2.9958558e-04 7.0423441e-05 0.0000000e+00]) 	 loss 8.747E-02 	 horizons 9.0
step 14760 	 return [0.0034633  0.00501843 0.0014439  0.00154198 0.        ], ([0.0002813  0.00014659 0.00010072 0.00034649 0.        ]) 	 loss 7.527E-02 	 horizons 9.0
step 14850 	 return [0.         0.00717925 0.00666147 0.00148167 0.        ], ([0.         0.00057944 0.00062255 0.00056295 0.        ]) 	 loss 7.286E-02 	 horizons 9.0
step 14940 	 return [0.         0.01004908 0.00470381 0.00139589 0.        ], ([0.0000000e+00 6.5556081e-04 3.7048809e-04 2.8974191e-05 0.0000000e+00]) 	 loss 9.651E-02 	 horizons 9.0
step 15030 	 return [0.00244282 0.00697252 0.00067528 0.00102972 0.        ], ([9.8357639e-05 1.5444731e-03 2.5005234e-04 3.7107864e-04 0.0000000e+00]) 	 loss 8.008E-02 	 horizons 9.0
step 15120 	 return [0.00346158 0.00549866 0.00118002 0.00141981 0.        ], ([0.00011295 0.00067998 0.00039373 0.00035581 0.        ]) 	 loss 8.973E-02 	 horizons 9.0
step 15210 	 return [0.         0.00864463 0.00658535 0.00182753 0.        ], ([0.         0.00068144 0.00039828 0.00035877 0.        ]) 	 loss 8.317E-02 	 horizons 9.0
step 15300 	 return [0.         0.00801607 0.007237   0.00181103 0.        ], ([0.         0.00069715 0.00052245 0.0004073  0.        ]) 	 loss 9.684E-02 	 horizons 9.0
step 15390 	 return [0.00431282 0.00560818 0.00103279 0.00065178 0.        ], ([1.1227652e-05 2.9996596e-04 2.1794188e-04 2.9857084e-04 0.0000000e+00]) 	 loss 1.021E-01 	 horizons 9.0
step 15480 	 return [0.         0.00946156 0.00640363 0.0013634  0.        ], ([0.0000000e+00 1.3251239e-04 2.9799671e-04 8.8888512e-05 0.0000000e+00]) 	 loss 6.476E-02 	 horizons 9.0
step 15570 	 return [0.         0.         0.00582392 0.00341905 0.00852932], ([0.         0.         0.001294   0.000289   0.00206411]) 	 loss 7.486E-02 	 horizons 9.0
step 15660 	 return [0.00164775 0.00787254 0.00204996 0.00152429 0.        ], ([0.00058045 0.00064783 0.00089239 0.00016545 0.        ]) 	 loss 9.342E-02 	 horizons 9.0
step 15750 	 return [0.00372952 0.0057989  0.00102718 0.00066737 0.        ], ([0.00028893 0.00029569 0.00023078 0.00032916 0.        ]) 	 loss 9.891E-02 	 horizons 9.0
step 15840 	 return [0.00424587 0.00463911 0.00097605 0.00072468 0.        ], ([3.3569599e-05 5.2147429e-04 2.4947137e-04 3.4062396e-04 0.0000000e+00]) 	 loss 8.022E-02 	 horizons 9.0
step 15930 	 return [0.         0.         0.00360908 0.00390208 0.01113529], ([0.         0.         0.00085206 0.00021457 0.00067996]) 	 loss 7.151E-02 	 horizons 9.0
step 16020 	 return [0.00064302 0.00820202 0.00246077 0.00150675 0.        ], ([0.00052503 0.00044716 0.00077909 0.00015443 0.        ]) 	 loss 6.834E-02 	 horizons 9.0
step 16110 	 return [0.00133158 0.0079427  0.00301808 0.00121015 0.        ], ([0.00039697 0.00095384 0.00012039 0.00026046 0.        ]) 	 loss 9.182E-02 	 horizons 9.0
step 16200 	 return [0.0010674  0.00786717 0.0036118  0.00126547 0.        ], ([4.3153532e-06 7.0005638e-04 5.1491911e-04 1.1715364e-04 0.0000000e+00]) 	 loss 7.255E-02 	 horizons 9.0
step 16290 	 return [0.0028904  0.00664469 0.00120807 0.0012468  0.        ], ([0.00049934 0.00089079 0.00033721 0.00050054 0.        ]) 	 loss 8.911E-02 	 horizons 9.0
step 16380 	 return [0.         0.00993611 0.00570062 0.00137311 0.        ], ([0.0000000e+00 5.5161421e-04 9.7625307e-04 4.1985877e-05 0.0000000e+00]) 	 loss 6.803E-02 	 horizons 9.0
step 16470 	 return [0.00299035 0.00716142 0.00102535 0.00086262 0.        ], ([0.00039183 0.00062706 0.00029484 0.00044493 0.        ]) 	 loss 6.756E-02 	 horizons 9.0
step 16560 	 return [0.         0.01054356 0.00448326 0.00137213 0.        ], ([0.0000000e+00 6.5827269e-05 2.1875370e-05 3.7783877e-05 0.0000000e+00]) 	 loss 7.521E-02 	 horizons 9.0
step 16650 	 return [0.         0.00977206 0.00657952 0.00038366 0.        ], ([0.         0.00034462 0.00053784 0.00038697 0.        ]) 	 loss 7.573E-02 	 horizons 9.0
step 16740 	 return [0.00432405 0.00590814 0.00081485 0.00095035 0.        ], ([1.3751010e-05 3.6738178e-04 2.6692322e-04 3.6567310e-04 0.0000000e+00]) 	 loss 9.412E-02 	 horizons 9.0
step 16830 	 return [0.00105122 0.00828054 0.00291562 0.00134779 0.        ], ([0.00043529 0.00066035 0.00047656 0.00020428 0.        ]) 	 loss 7.174E-02 	 horizons 9.0
step 16920 	 return [0.00381128 0.00602327 0.00086985 0.00087639 0.        ], ([0.0003248  0.00046658 0.00027234 0.00037373 0.        ]) 	 loss 7.335E-02 	 horizons 9.0
step 17010 	 return [0.00381128 0.00602327 0.00086985 0.00087639 0.        ], ([0.0003248  0.00046658 0.00027234 0.00037373 0.        ]) 	 loss 7.535E-02 	 horizons 9.0
step 17100 	 return [0.00107192 0.00861843 0.003113   0.00135043 0.        ], ([2.5806810e-07 6.2836989e-05 1.9724959e-05 3.7020487e-05 0.0000000e+00]) 	 loss 6.893E-02 	 horizons 9.0
step 17190 	 return [0.00239671 0.00795581 0.00059945 0.00130193 0.        ], ([1.3063908e-06 6.2943625e-05 1.6652375e-05 3.4629546e-05 0.0000000e+00]) 	 loss 6.554E-02 	 horizons 9.0
step 17280 	 return [0.00306439 0.00772809 0.00066157 0.00120891 0.        ], ([0.00033343 0.00026519 0.00016749 0.00023452 0.        ]) 	 loss 7.551E-02 	 horizons 9.0
step 17370 	 return [0.00425955 0.00616035 0.00065145 0.0011744  0.        ], ([0.000218   0.00024773 0.00016344 0.00022397 0.        ]) 	 loss 6.907E-02 	 horizons 9.0
step 17460 	 return [0.00344663 0.0066975  0.00082053 0.00096241 0.        ], ([0.00017463 0.00092205 0.00026319 0.00037533 0.        ]) 	 loss 6.429E-02 	 horizons 9.0
step 17550 	 return [0.00010708 0.00888194 0.00544876 0.00111284 0.        ], ([0.00032124 0.00058158 0.00015733 0.00017321 0.        ]) 	 loss 5.839E-02 	 horizons 9.0
step 17640 	 return [0.0019701  0.00545179 0.00192338 0.00103313 0.        ], ([0.00016799 0.0013262  0.00074655 0.00025303 0.        ]) 	 loss 6.507E-02 	 horizons 9.0
step 17730 	 return [0.00239487 0.00783633 0.00064392 0.00124757 0.        ], ([2.7121550e-06 2.1625885e-04 1.7414417e-04 2.4851013e-04 0.0000000e+00]) 	 loss 6.746E-02 	 horizons 9.0
step 17820 	 return [0.         0.         0.00395903 0.0033756  0.01213926], ([0.         0.         0.00034601 0.00102826 0.00118059]) 	 loss 6.513E-02 	 horizons 9.0
step 17910 	 return [0.00150494 0.00755206 0.00297359 0.00108136 0.        ], ([0.00043302 0.0010673  0.0001401  0.00027034 0.        ]) 	 loss 5.894E-02 	 horizons 9.0
step 18000 	 return [0.00096459 0.00853169 0.0031908  0.00140679 0.        ], ([0.00032153 0.00015391 0.00026859 0.00010601 0.        ]) 	 loss 5.611E-02 	 horizons 9.0
step 18090 	 return [0.00176471 0.00690198 0.00288673 0.00092596 0.        ], ([0.0003465  0.00083258 0.00010508 0.00022735 0.        ]) 	 loss 6.083E-02 	 horizons 9.0
step 18180 	 return [0.         0.00784428 0.0073559  0.00104418 0.        ], ([0.         0.00020494 0.00016794 0.00021801 0.        ]) 	 loss 6.134E-02 	 horizons 9.0
step 18270 	 return [0.00367616 0.00637817 0.00065193 0.00117536 0.        ], ([0.00021035 0.00030666 0.00016328 0.00022429 0.        ]) 	 loss 5.943E-02 	 horizons 9.0
step 18360 	 return [0.00104559 0.00485689 0.00440349 0.00177814 0.        ], ([5.9719314e-06 7.8109064e-04 8.8852925e-05 2.2943779e-04 0.0000000e+00]) 	 loss 3.349E-02 	 horizons 9.0
step 18450 	 return [0.00338225 0.00725746 0.00060485 0.00126689 0.        ], ([1.8272045e-04 6.3447142e-04 5.9990998e-06 1.3689302e-05 0.0000000e+00]) 	 loss 3.423E-02 	 horizons 9.0
step 18540 	 return [0.00150319 0.00730958 0.00301498 0.00106596 0.        ], ([0.00043496 0.0010276  0.00023808 0.00027734 0.        ]) 	 loss 3.978E-02 	 horizons 9.0
step 18630 	 return [0.00106329 0.00718369 0.00413182 0.00112006 0.        ], ([2.5806810e-07 2.0179159e-05 6.2604754e-06 3.7020542e-05 0.0000000e+00]) 	 loss 4.984E-02 	 horizons 9.0
step 18720 	 return [0.         0.         0.00412519 0.00383854 0.01159704], ([0.0000000e+00 0.0000000e+00 2.6670992e-04 4.5024022e-05 7.8365483e-05]) 	 loss 4.107E-02 	 horizons 9.0
step 18810 	 return [0.         0.         0.00614749 0.00690593 0.00814849], ([0.000000e+00 0.000000e+00 0.000000e+00 4.656613e-10 9.313226e-10]) 	 loss 4.775E-02 	 horizons 9.0
step 18900 	 return [0.00174417 0.00660256 0.00270143 0.00090065 0.        ], ([0.00058139 0.0003506  0.00039828 0.00026508 0.        ]) 	 loss 3.854E-02 	 horizons 9.0
step 18990 	 return [0.00106314 0.00717133 0.00412798 0.00114273 0.        ], ([2.4140061e-07 1.8875875e-05 5.8561391e-06 3.4629546e-05 0.0000000e+00]) 	 loss 4.246E-02 	 horizons 9.0
step 19080 	 return [0.00167162 0.00702198 0.00216764 0.00095362 0.        ], ([0.00040684 0.00081919 0.00101817 0.00021589 0.        ]) 	 loss 3.904E-02 	 horizons 9.0
step 19170 	 return [0.00095364 0.00659522 0.00446566 0.00132375 0.        ], ([0.00031799 0.00101195 0.00059014 0.00041612 0.        ]) 	 loss 3.951E-02 	 horizons 9.0
step 19260 	 return [0.00200184 0.00755495 0.00182103 0.00162857 0.        ], ([0.00046507 0.00050609 0.00063793 0.00012395 0.        ]) 	 loss 4.936E-02 	 horizons 9.0
step 19350 	 return [0.00115844 0.00838464 0.00307867 0.00130871 0.        ], ([2.5984156e-04 6.3500146e-04 8.3028943e-05 1.6813663e-04 0.0000000e+00]) 	 loss 3.874E-02 	 horizons 9.0
step 19440 	 return [0.00106298 0.00715897 0.00412415 0.0011654  0.        ], ([0.0000000e+00 0.0000000e+00 0.0000000e+00 1.1641532e-10 0.0000000e+00]) 	 loss 4.082E-02 	 horizons 9.0
step 19530 	 return [0.         0.         0.00614749 0.00690593 0.00814849], ([0.000000e+00 0.000000e+00 0.000000e+00 4.656613e-10 9.313226e-10]) 	 loss 3.928E-02 	 horizons 9.0
step 19620 	 return [0.         0.         0.00406306 0.00132483 0.01449214], ([0.0000000e+00 0.0000000e+00 4.6566129e-10 1.1641532e-10 0.0000000e+00]) 	 loss 3.649E-02 	 horizons 9.0
step 19710 	 return [0.00106303 0.00716309 0.00412543 0.00115784 0.        ], ([1.5803380e-07 1.2357160e-05 3.8337425e-06 2.2670360e-05 0.0000000e+00]) 	 loss 4.260E-02 	 horizons 9.0
step 19800 	 return [0.00107176 0.00857996 0.00310092 0.0013731  0.        ], ([1.5803380e-07 3.8479640e-05 1.2079021e-05 2.2670325e-05 0.0000000e+00]) 	 loss 3.677E-02 	 horizons 9.0
step 19890 	 return [0.00433528 0.00620811 0.0005969  0.00124892 0.        ], ([4.6566129e-10 0.0000000e+00 5.8207661e-11 1.1641532e-10 0.0000000e+00]) 	 loss 3.529E-02 	 horizons 9.0
step 19980 	 return [0.00152375 0.00785676 0.00096086 0.00146137 0.        ], ([0.00058023 0.00045592 0.0004421  0.00018914 0.        ]) 	 loss 4.342E-02 	 horizons 9.0
step 20070 	 return [0.0007457  0.00699901 0.00487546 0.00129827 0.        ], ([0.00048818 0.0002448  0.00083675 0.00050919 0.        ]) 	 loss 3.848E-02 	 horizons 9.0
step 20160 	 return [0.00433528 0.00620811 0.0005969  0.00124892 0.        ], ([4.6566129e-10 0.0000000e+00 5.8207661e-11 1.1641532e-10 0.0000000e+00]) 	 loss 4.118E-02 	 horizons 9.0
step 20250 	 return [0.         0.00418894 0.00942107 0.00259264 0.00081485], ([0.         0.00230007 0.0012178  0.00193428 0.00244455]) 	 loss 3.807E-02 	 horizons 9.0
step 20340 	 return [0.00104904 0.00510487 0.00454194 0.00160433 0.        ], ([1.0875567e-05 1.0166808e-03 2.1766202e-04 5.0057733e-04 0.0000000e+00]) 	 loss 5.424E-02 	 horizons 9.0
step 20430 	 return [0.00372179 0.0055694  0.00111277 0.00118877 0.        ], ([0.00039556 0.00062976 0.00036484 0.00047989 0.        ]) 	 loss 3.702E-02 	 horizons 9.0
step 20520 	 return [0.         0.         0.00406306 0.00132483 0.01449214], ([0.0000000e+00 0.0000000e+00 4.6566129e-10 1.1641532e-10 0.0000000e+00]) 	 loss 4.234E-02 	 horizons 9.0
step 20610 	 return [0.         0.00346652 0.00938993 0.00349747 0.        ], ([0.         0.00126295 0.00025438 0.00093873 0.        ]) 	 loss 4.054E-02 	 horizons 9.0
step 20700 	 return [0.         0.0046045  0.00780032 0.00404221 0.00181239], ([0.0000000e+00 1.7359013e-04 8.2695170e-04 3.9824081e-05 1.8123866e-03]) 	 loss 4.554E-02 	 horizons 9.0
step 20790 	 return [0.         0.00462921 0.00796198 0.00404123 0.00144971], ([0.0000000e+00 1.7843281e-04 8.1467879e-04 4.0524850e-05 1.7755268e-03]) 	 loss 3.812E-02 	 horizons 9.0
step 20880 	 return [0.00234991 0.00715066 0.00149995 0.00168763 0.        ], ([3.4660505e-04 4.5372636e-04 6.3716429e-06 8.7419758e-06 0.0000000e+00]) 	 loss 3.478E-02 	 horizons 9.0
step 20970 	 return [0.00184962 0.00647289 0.00291272 0.00084617 0.        ], ([2.6504125e-04 3.8398339e-05 2.3561537e-04 1.0165794e-04 0.0000000e+00]) 	 loss 3.075E-02 	 horizons 9.0
step 21060 	 return [0.00105213 0.00561943 0.00439483 0.00152271 0.        ], ([1.0667080e-05 1.2528091e-03 2.3828942e-04 4.3468934e-04 0.0000000e+00]) 	 loss 3.613E-02 	 horizons 9.0
step 21150 	 return [0.00199743 0.0074682  0.00131675 0.00162423 0.        ], ([0.0004739  0.0003326  0.00037065 0.00013263 0.        ]) 	 loss 2.507E-02 	 horizons 9.0
step 21240 	 return [0.00223438 0.0073019  0.00150207 0.00169054 0.        ], ([2.3283064e-10 4.6566129e-10 1.1641532e-10 2.3283064e-10 0.0000000e+00]) 	 loss 2.082E-02 	 horizons 9.0
step 21330 	 return [0.00223438 0.0073019  0.00150207 0.00169054 0.        ], ([2.3283064e-10 4.6566129e-10 1.1641532e-10 2.3283064e-10 0.0000000e+00]) 	 loss 2.123E-02 	 horizons 9.0
step 21420 	 return [0.00430808 0.00579047 0.00059007 0.00126286 0.        ], ([4.1602107e-05 6.3879945e-04 1.3191189e-05 2.8874405e-05 0.0000000e+00]) 	 loss 2.088E-02 	 horizons 9.0
step 21510 	 return [0.00106324 0.00717957 0.00413054 0.00112761 0.        ], ([2.6338967e-07 2.0595267e-05 6.3895714e-06 3.7783931e-05 0.0000000e+00]) 	 loss 2.751E-02 	 horizons 9.0
step 21600 	 return [0.         0.         0.0042262  0.00402525 0.01113675], ([0.0000000e+00 0.0000000e+00 3.6305097e-05 6.0517457e-04 1.4592307e-03]) 	 loss 3.462E-02 	 horizons 9.0
step 21690 	 return [0.         0.         0.00421409 0.00382353 0.01162316], ([0.000000e+00 0.000000e+00 4.656613e-10 0.000000e+00 9.313226e-10]) 	 loss 2.754E-02 	 horizons 9.0
step 21780 	 return [0.         0.00448095 0.00699199 0.00404712 0.00362576], ([0.0000000e+00 5.7378838e-05 2.2682620e-05 3.5714118e-05 1.2099829e-06]) 	 loss 2.204E-02 	 horizons 9.0
step 21870 	 return [0.00433528 0.00620811 0.0005969  0.00124892 0.        ], ([4.6566129e-10 0.0000000e+00 5.8207661e-11 1.1641532e-10 0.0000000e+00]) 	 loss 2.540E-02 	 horizons 9.0
step 21960 	 return [0.00433247 0.00613312 0.00065139 0.00117428 0.        ], ([8.4207395e-06 2.2497447e-04 1.6345643e-04 2.2392813e-04 0.0000000e+00]) 	 loss 2.833E-02 	 horizons 9.0
step 22050 	 return [0.00425543 0.00499821 0.000582   0.00122648 0.        ], ([1.5618140e-05 2.9379211e-04 3.8940678e-05 5.5546243e-05 0.0000000e+00]) 	 loss 3.052E-02 	 horizons 9.0
step 22140 	 return [0.         0.00614727 0.00698811 0.00175331 0.        ], ([0.         0.00106673 0.00073146 0.00031189 0.        ]) 	 loss 3.139E-02 	 horizons 9.0
step 22230 	 return [0.00182304 0.00516022 0.00275836 0.00099047 0.        ], ([2.5338502e-04 8.5639377e-04 4.6590940e-04 6.8844711e-05 0.0000000e+00]) 	 loss 3.480E-02 	 horizons 9.0
step 22320 	 return [0.00484095 0.00593152 0.00033228 0.00016516 0.        ], ([4.656613e-10 4.656613e-10 2.910383e-11 0.000000e+00 0.000000e+00]) 	 loss 4.675E-02 	 horizons 9.0
step 22410 	 return [0.0019163  0.004755   0.00325841 0.00062555 0.        ], ([4.2625470e-06 5.6175518e-06 2.2683728e-04 1.2807611e-04 0.0000000e+00]) 	 loss 3.984E-02 	 horizons 9.0
step 22500 	 return [0.0043719  0.0061057  0.00033283 0.00016553 0.        ], ([5.7446881e-04 2.1333365e-04 6.7699398e-07 4.5513377e-07 0.0000000e+00]) 	 loss 3.826E-02 	 horizons 9.0
step 22590 	 return [0.         0.         0.00421409 0.00382353 0.01162316], ([0.000000e+00 0.000000e+00 4.656613e-10 0.000000e+00 9.313226e-10]) 	 loss 2.931E-02 	 horizons 9.0
step 22680 	 return [0.00338771 0.00570749 0.0014805  0.00166101 0.        ], ([6.0572520e-06 2.4597475e-04 1.0066666e-06 1.1796133e-06 0.0000000e+00]) 	 loss 3.657E-02 	 horizons 9.0
step 22770 	 return [0.0034438  0.00558402 0.00119005 0.00152385 0.        ], ([0.0001064  0.00066118 0.00039043 0.00018049 0.        ]) 	 loss 2.429E-02 	 horizons 9.0
step 22860 	 return [0.0047228  0.00572527 0.00038482 0.00038113 0.        ], ([0.00023629 0.0004125  0.00010508 0.00043193 0.        ]) 	 loss 5.313E-02 	 horizons 9.0
step 22950 	 return [0.         0.         0.00406306 0.00132483 0.01449214], ([0.0000000e+00 0.0000000e+00 4.6566129e-10 1.1641532e-10 0.0000000e+00]) 	 loss 3.790E-02 	 horizons 9.0
step 23040 	 return [0.         0.00444581 0.0069781  0.00406899 0.00362502], ([0.0000000e+00 5.3672986e-05 2.1217646e-05 3.3407498e-05 1.1318355e-06]) 	 loss 3.422E-02 	 horizons 9.0
step 23130 	 return [0.00106496 0.00718778 0.00430499 0.0009925  0.        ], ([2.9129908e-06 2.4773366e-05 3.3613257e-04 1.9466021e-04 0.0000000e+00]) 	 loss 3.650E-02 	 horizons 9.0
step 23220 	 return [0.00106298 0.00715897 0.00412415 0.0011654  0.        ], ([0.0000000e+00 0.0000000e+00 0.0000000e+00 1.1641532e-10 0.0000000e+00]) 	 loss 3.276E-02 	 horizons 9.0
step 23310 	 return [0.00073052 0.00520533 0.00491982 0.00190072 0.        ], ([4.7823641e-04 9.2996482e-04 7.4347696e-04 7.0423361e-05 0.0000000e+00]) 	 loss 3.616E-02 	 horizons 9.0
step 23400 	 return [0.00484095 0.00593152 0.00033228 0.00016516 0.        ], ([4.656613e-10 4.656613e-10 2.910383e-11 0.000000e+00 0.000000e+00]) 	 loss 4.177E-02 	 horizons 9.0
step 23490 	 return [0.00193812 0.00649393 0.00282854 0.00079717 0.        ], ([3.2298266e-07 1.6476028e-05 1.1300482e-05 3.0227096e-05 0.0000000e+00]) 	 loss 3.166E-02 	 horizons 9.0
step 23580 	 return [0.00425023 0.00490028 0.00059498 0.00124499 0.        ], ([4.6566129e-10 0.0000000e+00 0.0000000e+00 1.1641532e-10 0.0000000e+00]) 	 loss 3.668E-02 	 horizons 9.0
step 23670 	 return [0.00211811 0.00742842 0.00166155 0.00165956 0.        ], ([3.4880079e-04 3.7956869e-04 4.7844695e-04 9.2965842e-05 0.0000000e+00]) 	 loss 2.604E-02 	 horizons 9.0
step 23760 	 return [0.00484095 0.00593152 0.00033228 0.00016516 0.        ], ([4.656613e-10 4.656613e-10 2.910383e-11 0.000000e+00 0.000000e+00]) 	 loss 2.556E-02 	 horizons 9.0
step 23850 	 return [0.         0.00451737 0.00715829 0.00403885 0.00326333], ([0.0000000e+00 1.0056116e-04 4.9006433e-04 3.4171513e-05 1.0877782e-03]) 	 loss 2.691E-02 	 horizons 9.0
step 23940 	 return [0.         0.         0.00406306 0.00132483 0.01449214], ([0.0000000e+00 0.0000000e+00 4.6566129e-10 1.1641532e-10 0.0000000e+00]) 	 loss 2.987E-02 	 horizons 9.0
step 24030 	 return [0.00305916 0.00629898 0.0013944  0.00163658 0.        ], ([5.0664996e-04 7.9148955e-04 2.7358974e-04 9.4615956e-05 0.0000000e+00]) 	 loss 2.798E-02 	 horizons 9.0
step 24120 	 return [0.00484095 0.00593152 0.00033228 0.00016516 0.        ], ([4.656613e-10 4.656613e-10 2.910383e-11 0.000000e+00 0.000000e+00]) 	 loss 2.804E-02 	 horizons 9.0
step 24210 	 return [0.00486887 0.00588607 0.00033231 0.00016518 0.        ], ([8.3750434e-05 1.3634384e-04 8.0571048e-08 5.5220152e-08 0.0000000e+00]) 	 loss 2.559E-02 	 horizons 9.0
step 24300 	 return [0.00075025 0.00834913 0.00287274 0.00146984 0.        ], ([0.00049115 0.00037954 0.00073248 0.00015441 0.        ]) 	 loss 2.073E-02 	 horizons 9.0
step 24390 	 return [0.         0.         0.00614749 0.00690593 0.00814849], ([0.000000e+00 0.000000e+00 0.000000e+00 4.656613e-10 9.313226e-10]) 	 loss 2.910E-02 	 horizons 9.0
step 24480 	 return [0.00042874 0.00829034 0.00364024 0.00157525 0.        ], ([0.00052509 0.00025461 0.00043556 0.00017553 0.        ]) 	 loss 2.734E-02 	 horizons 9.0
step 24570 	 return [0.00106324 0.00717957 0.00413054 0.00112761 0.        ], ([2.6338967e-07 2.0595267e-05 6.3895714e-06 3.7783931e-05 0.0000000e+00]) 	 loss 4.713E-02 	 horizons 9.0
step 24660 	 return [0.0042825  0.00483837 0.0005416  0.00102789 0.        ], ([0.00029518 0.00010824 0.00010562 0.00043193 0.        ]) 	 loss 3.484E-02 	 horizons 9.0
step 24750 	 return [0.0010503  0.00537142 0.00442828 0.00157652 0.        ], ([1.0405987e-05 1.1837833e-03 2.1709751e-04 4.4300267e-04 0.0000000e+00]) 	 loss 8.360E-02 	 horizons 9.0
step 24840 	 return [0.0007503  0.00844798 0.0033746  0.00146662 0.        ], ([0.00049119 0.00024288 0.00040692 0.00016675 0.        ]) 	 loss 5.675E-02 	 horizons 9.0
step 24930 	 return [0.00042781 0.0081367  0.00373893 0.00156128 0.        ], ([0.00052396 0.00039092 0.00042199 0.00020029 0.        ]) 	 loss 5.414E-02 	 horizons 9.0
step 25020 	 return [0.         0.0045278  0.00701051 0.00401796 0.00362675], ([0.000000e+00 0.000000e+00 4.656613e-10 0.000000e+00 0.000000e+00]) 	 loss 5.782E-02 	 horizons 9.0
step 25110 	 return [0.00427612 0.0051003  0.00054199 0.00102812 0.        ], ([0.00028242 0.00041561 0.00010485 0.00043148 0.        ]) 	 loss 4.067E-02 	 horizons 9.0
step 25200 	 return [0.         0.00451609 0.00700588 0.00402525 0.0036265 ], ([0.0000000e+00 3.5137218e-05 1.3890210e-05 2.1870339e-05 7.4096027e-07]) 	 loss 3.756E-02 	 horizons 9.0
step 25290 	 return [0.00323306 0.0077755  0.00060975 0.00127806 0.        ], ([4.6566129e-10 9.3132257e-10 0.0000000e+00 1.1641532e-10 0.0000000e+00]) 	 loss 4.887E-02 	 horizons 9.0
step 25380 	 return [0.00323205 0.00773447 0.00059889 0.00130073 0.        ], ([1.5477381e-06 6.2677304e-05 1.6594598e-05 3.4629491e-05 0.0000000e+00]) 	 loss 4.147E-02 	 horizons 9.0
step 25470 	 return [0.00323239 0.00774814 0.00060251 0.00129318 0.        ], ([1.3509766e-06 5.4709239e-05 1.4484953e-05 3.0227098e-05 0.0000000e+00]) 	 loss 4.420E-02 	 horizons 9.0
step 25560 	 return [0.         0.0045278  0.00701051 0.00401796 0.00362675], ([0.000000e+00 0.000000e+00 4.656613e-10 0.000000e+00 0.000000e+00]) 	 loss 3.790E-02 	 horizons 9.0
step 25650 	 return [0.00433528 0.00620811 0.0005969  0.00124892 0.        ], ([4.6566129e-10 0.0000000e+00 5.8207661e-11 1.1641532e-10 0.0000000e+00]) 	 loss 4.430E-02 	 horizons 9.0
step 25740 	 return [0.00293183 0.00739735 0.00056512 0.00123328 0.        ], ([4.7364357e-04 5.7968113e-04 2.8128554e-05 2.2324832e-04 0.0000000e+00]) 	 loss 3.754E-02 	 horizons 9.0
step 25830 	 return [0.00323239 0.00774814 0.00060251 0.00129318 0.        ], ([1.3509764e-06 5.4709242e-05 1.4484953e-05 3.0227102e-05 0.0000000e+00]) 	 loss 5.162E-02 	 horizons 9.0
step 25920 	 return [0.         0.0045278  0.00701051 0.00401796 0.00362675], ([0.000000e+00 0.000000e+00 4.656613e-10 0.000000e+00 0.000000e+00]) 	 loss 5.145E-02 	 horizons 9.0
step 26010 	 return [0.00319073 0.00620351 0.00129947 0.00160009 0.        ], ([0.000398   0.00082807 0.00036273 0.00012263 0.        ]) 	 loss 4.595E-02 	 horizons 9.0
step 26100 	 return [0.00084865 0.00687504 0.00422199 0.00124574 0.        ], ([0.00042437 0.00077841 0.00073855 0.0003641  0.        ]) 	 loss 4.084E-02 	 horizons 9.0
step 26190 	 return [0.         0.         0.00421409 0.00382353 0.01162316], ([0.000000e+00 0.000000e+00 4.656613e-10 0.000000e+00 9.313226e-10]) 	 loss 6.016E-02 	 horizons 9.0
step 26280 	 return [0.00323273 0.00776182 0.00060613 0.00128562 0.        ], ([1.0132325e-06 4.1031923e-05 1.0863714e-05 2.2670325e-05 0.0000000e+00]) 	 loss 4.821E-02 	 horizons 9.0
step 26370 	 return [0.00337372 0.0059744  0.0013901  0.00163063 0.        ], ([4.8012593e-05 5.5477401e-04 2.7218790e-04 9.2331742e-05 0.0000000e+00]) 	 loss 3.482E-02 	 horizons 9.0
step 26460 	 return [0.         0.00808444 0.00399575 0.00171757 0.        ], ([0.000000e+00 0.000000e+00 4.656613e-10 0.000000e+00 0.000000e+00]) 	 loss 3.759E-02 	 horizons 9.0
step 26550 	 return [0.00239529 0.00788713 0.00058128 0.00133972 0.        ], ([1.1403114e-06 5.4941698e-05 1.4535384e-05 3.0227146e-05 0.0000000e+00]) 	 loss 8.237E-02 	 horizons 9.0
step 26640 	 return [0.         0.00451609 0.00700588 0.00402525 0.0036265 ], ([0.0000000e+00 3.5137218e-05 1.3890210e-05 2.1870337e-05 7.4096022e-07]) 	 loss 4.973E-02 	 horizons 9.0
step 26730 	 return [0.0049773  0.00459355 0.00033098 0.00016442 0.        ], ([1.0903712e-04 6.1717886e-04 1.0620652e-06 6.3020696e-07 0.0000000e+00]) 	 loss 4.176E-02 	 horizons 9.0
step 26820 	 return [0.00223438 0.0073019  0.00150207 0.00169054 0.        ], ([2.3283064e-10 4.6566129e-10 1.1641532e-10 2.3283064e-10 0.0000000e+00]) 	 loss 5.942E-02 	 horizons 9.0
step 26910 	 return [0.00323104 0.00769343 0.00058802 0.00132341 0.        ], ([1.6546015e-06 6.7004861e-05 1.7740373e-05 3.7020487e-05 0.0000000e+00]) 	 loss 5.241E-02 	 horizons 9.0
step 27000 	 return [0.00223438 0.0073019  0.00150207 0.00169054 0.        ], ([2.3283064e-10 4.6566129e-10 1.1641532e-10 2.3283064e-10 0.0000000e+00]) 	 loss 5.570E-02 	 horizons 9.0
step 27090 	 return [0.00083881 0.00575548 0.00451076 0.00162233 0.        ], ([0.00041947 0.00154377 0.00033599 0.00030189 0.        ]) 	 loss 4.286E-02 	 horizons 9.0
step 27180 	 return [0.00010635 0.00863798 0.00322772 0.00130731 0.        ], ([3.1905112e-04 4.8272291e-04 3.0360746e-04 7.9984478e-05 0.0000000e+00]) 	 loss 6.183E-02 	 horizons 9.0
step 27270 	 return [0.00323306 0.0077755  0.00060975 0.00127806 0.        ], ([4.6566129e-10 9.3132257e-10 0.0000000e+00 1.1641532e-10 0.0000000e+00]) 	 loss 4.679E-02 	 horizons 9.0
step 27360 	 return [0.0032391  0.00520341 0.00126764 0.00161609 0.        ], ([0.00037254 0.00045385 0.00033349 0.00010685 0.        ]) 	 loss 5.033E-02 	 horizons 9.0
step 27450 	 return [0.00063878 0.00724049 0.00421744 0.00107187 0.        ], ([5.2156433e-04 7.3955751e-05 2.5332760e-04 1.6031026e-04 0.0000000e+00]) 	 loss 8.041E-02 	 horizons 9.0
step 27540 	 return [0.00328172 0.0047641  0.00131094 0.00166938 0.        ], ([1.3343803e-05 3.9294793e-04 3.3067804e-04 2.6536454e-05 0.0000000e+00]) 	 loss 7.087E-02 	 horizons 9.0
step 27630 	 return [0.0017967  0.00744943 0.00238418 0.00132654 0.        ], ([0.00049012 0.00083213 0.00072821 0.00036465 0.        ]) 	 loss 9.907E-02 	 horizons 9.0
step 27720 	 return [0.         0.0045278  0.00701051 0.00401796 0.00362675], ([0.000000e+00 0.000000e+00 4.656613e-10 0.000000e+00 0.000000e+00]) 	 loss 5.968E-02 	 horizons 9.0
step 27810 	 return [0.00338973 0.00578948 0.00148083 0.0016614  0.        ], ([2.3283064e-10 4.6566129e-10 1.1641532e-10 0.0000000e+00 0.0000000e+00]) 	 loss 5.744E-02 	 horizons 9.0
step 27900 	 return [0.0025973  0.00691768 0.00140653 0.00164067 0.        ], ([0.00052096 0.00076611 0.00026556 0.00012117 0.        ]) 	 loss 3.303E-02 	 horizons 9.0
step 27990 	 return [0.0010436  0.00459653 0.0044331  0.00185462 0.        ], ([1.1641532e-10 0.0000000e+00 4.6566129e-10 0.0000000e+00 0.0000000e+00]) 	 loss 3.585E-02 	 horizons 9.0
step 28080 	 return [0.00239472 0.00785966 0.00057401 0.00135483 0.        ], ([2.3283064e-10 9.3132257e-10 5.8207661e-11 1.1641532e-10 0.0000000e+00]) 	 loss 4.182E-02 	 horizons 9.0
step 28170 	 return [0.         0.00804689 0.00459705 0.00119737 0.        ], ([0.         0.00085221 0.00056119 0.00011687 0.        ]) 	 loss 3.761E-02 	 horizons 9.0
step 28260 	 return [0.         0.         0.00614749 0.00690593 0.00814849], ([0.000000e+00 0.000000e+00 0.000000e+00 4.656613e-10 9.313226e-10]) 	 loss 4.010E-02 	 horizons 9.0
step 28350 	 return [0.00338973 0.00578948 0.00148083 0.0016614  0.        ], ([2.3283064e-10 4.6566129e-10 1.1641532e-10 0.0000000e+00 0.0000000e+00]) 	 loss 2.914E-02 	 horizons 9.0
step 28440 	 return [0.         0.00881491 0.00313208 0.0013214  0.        ], ([0.0000000e+00 5.1537900e-05 1.6155745e-05 3.0227098e-05 0.0000000e+00]) 	 loss 3.594E-02 	 horizons 9.0
step 28530 	 return [0.00349415 0.00686892 0.00060118 0.0012585  0.        ], ([1.7091932e-04 5.9349363e-04 5.6116442e-06 1.2805169e-05 0.0000000e+00]) 	 loss 5.205E-02 	 horizons 9.0
step 28620 	 return [0.00120633 0.00804349 0.00231246 0.001514   0.        ], ([0.00078558 0.00061449 0.00080871 0.0001806  0.        ]) 	 loss 3.406E-02 	 horizons 9.0
step 28710 	 return [0.         0.0045278  0.00701051 0.00401796 0.00362675], ([0.000000e+00 0.000000e+00 4.656613e-10 0.000000e+00 0.000000e+00]) 	 loss 3.397E-02 	 horizons 9.0
step 28800 	 return [0.00338489 0.00688705 0.00074242 0.00123753 0.        ], ([0.00017624 0.00096297 0.0002934  0.00027119 0.        ]) 	 loss 2.937E-02 	 horizons 9.0
step 28890 	 return [0.00432677 0.00607733 0.00059671 0.00124853 0.        ], ([2.5515488e-05 3.9234938e-04 5.7786235e-07 1.1795784e-06 0.0000000e+00]) 	 loss 4.770E-02 	 horizons 9.0
step 28980 	 return [0.         0.0045278  0.00701051 0.00401796 0.00362675], ([0.000000e+00 0.000000e+00 4.656613e-10 0.000000e+00 0.000000e+00]) 	 loss 3.394E-02 	 horizons 9.0
step 29070 	 return [0.00289279 0.00685204 0.00103469 0.001493   0.        ], ([0.00049694 0.00106363 0.00044632 0.00017042 0.        ]) 	 loss 3.128E-02 	 horizons 9.0
step 29160 	 return [0.         0.0045278  0.00701051 0.00401796 0.00362675], ([0.000000e+00 0.000000e+00 4.656613e-10 0.000000e+00 0.000000e+00]) 	 loss 3.334E-02 	 horizons 9.0
step 29250 	 return [0.         0.00454102 0.00711545 0.00391315 0.0029014 ], ([0.0000000e+00 2.6445276e-05 2.0988508e-04 2.0962802e-04 1.4506994e-03]) 	 loss 2.474E-02 	 horizons 9.0
step 29340 	 return [0.         0.0045278  0.00701051 0.00401796 0.00362675], ([0.000000e+00 0.000000e+00 4.656613e-10 0.000000e+00 0.000000e+00]) 	 loss 3.069E-02 	 horizons 9.0
step 29430 	 return [0.         0.         0.00406306 0.00132483 0.01449214], ([0.0000000e+00 0.0000000e+00 4.6566129e-10 1.1641532e-10 0.0000000e+00]) 	 loss 3.044E-02 	 horizons 9.0
step 29520 	 return [0.00106345 0.00719604 0.00413565 0.00109739 0.        ], ([1.580338e-07 1.235716e-05 3.833743e-06 2.267036e-05 0.000000e+00]) 	 loss 2.832E-02 	 horizons 9.0
step 29610 	 return [0.00190928 0.00474675 0.00287928 0.00083145 0.        ], ([6.8987201e-06 8.8675670e-06 3.7131424e-04 2.0414620e-04 0.0000000e+00]) 	 loss 2.451E-02 	 horizons 9.0
step 29700 	 return [0.00448916 0.00606216 0.00033269 0.00016544 0.        ], ([5.3736643e-04 1.9955535e-04 6.3326985e-07 4.2573868e-07 0.0000000e+00]) 	 loss 3.073E-02 	 horizons 9.0
step 29790 	 return [0.         0.0045278  0.00701051 0.00401796 0.00362675], ([0.000000e+00 0.000000e+00 4.656613e-10 0.000000e+00 0.000000e+00]) 	 loss 2.316E-02 	 horizons 9.0
step 29880 	 return [0.00314905 0.00756808 0.00058193 0.00126679 0.        ], ([2.4641273e-04 3.9954495e-04 2.8737719e-05 1.6369547e-04 0.0000000e+00]) 	 loss 2.676E-02 	 horizons 9.0
step 29970 	 return [0.         0.00451609 0.00700588 0.00402525 0.0036265 ], ([0.0000000e+00 3.5137218e-05 1.3890210e-05 2.1870344e-05 7.4096022e-07]) 	 loss 2.798E-02 	 horizons 9.0
step 30060 	 return [0.00042524 0.00823145 0.00479742 0.00135751 0.        ], ([0.00052081 0.00089507 0.00054995 0.00030612 0.        ]) 	 loss 2.374E-02 	 horizons 9.0
[1;34mwandb[0m: 
[1;34mwandb[0m: 🚀 View run [33mmotndp_amsterdam-v0__GCN-amsterdam-g5-spatiotemporal__123__1781505109[0m at: [34mhttps://wandb.ai/jingyuan-sun03-tu-delft/cl_ablation/runs/03agoj1g[0m
[1;34mwandb[0m: Find logs at: [1;35mwandb/run-20260615_083149-03agoj1g/logs[0m
