/home/SinJ/mo-transport-network-design/.venv/lib/python3.13/site-packages/pygame/pkgdata.py:25: UserWarning: pkg_resources is deprecated as an API. See https://setuptools.pypa.io/en/latest/pkg_resources.html. The pkg_resources package is slated for removal as early as 2025-11-30. Refrain from using this package or pin to Setuptools<81.
  from pkg_resources import resource_stream, resource_exists
wandb: [wandb.login()] Loaded credentials for https://api.wandb.ai from /home/SinJ/.netrc.
wandb: Currently logged in as: jingyuan-sun03 (jingyuan-sun03-tu-delft) to https://api.wandb.ai. Use `wandb login --relogin` to force relogin
wandb: setting up run s5cnrvxd
wandb: Tracking run with wandb version 0.27.2
wandb: Run data is saved locally in /home/SinJ/mo-transport-network-design/wandb/run-20260615_073307-s5cnrvxd
wandb: Run `wandb offline` to turn off syncing.
wandb: Syncing run motndp_amsterdam-v0__GCN-amsterdam-g5-l0__42__1781501586
wandb: ⭐️ View project at https://wandb.ai/jingyuan-sun03-tu-delft/cl_ablation
wandb: 🚀 View run at https://wandb.ai/jingyuan-sun03-tu-delft/cl_ablation/runs/s5cnrvxd
/home/SinJ/mo-transport-network-design/morl-baselines/morl_baselines/multi_policy/gcn/gcn.py:151: UserWarning: Creating a tensor from a list of numpy.ndarrays is extremely slow. Please consider converting the list to a single numpy.ndarray with numpy.array() before converting to a tensor. (Triggered internally at /pytorch/torch/csrc/utils/tensor_new.cpp:253.)
  th.tensor(obs).to(self.device),
Namespace(env='amsterdam', nr_groups=5, starting_loc_x=9, starting_loc_y=19, nr_stations=10, lr=0.01, batch_size=256, num_er_episodes=100, num_step_episodes=10, num_model_updates=10, num_policies=10, max_buffer_size=200, nr_layers=1, hidden_dim=128, timesteps=30000, no_log=False, seed=42, cd_threshold=0.2, distance_ref='interpolate2', gcn_lambda=0.0, lambda_schedule='constant', lambda_start=1.0, lambda_end=None, lambda_warmup_fraction=0.0, lambda_freeze_fraction=0.1, spatial_alpha=0.0, include_demand_context=False, criterion='lorenz', nash_mode='pareto_sized', nash_top_k=None, nash_shift=0.0, project_name='cl_ablation', experiment_name='GCN-amsterdam-g5-l0', wandb_entity=None)
step 990 	 return [0.00054492 0.00143619 0.00151067 0.00147244 0.00126076], ([0.00085687 0.00227936 0.00195887 0.00154593 0.00263427]) 	 loss 2.041E+00 	 horizons 9.0
step 1080 	 return [0.00022617 0.00232116 0.00081986 0.00120057 0.        ], ([0.00049991 0.00241784 0.00089715 0.0011511  0.        ]) 	 loss 1.888E+00 	 horizons 9.0
step 1170 	 return [0.00013246 0.00080741 0.00051762 0.00091766 0.00076532], ([0.00039737 0.00063372 0.0007722  0.00120896 0.001579  ]) 	 loss 1.415E+00 	 horizons 9.0
step 1260 	 return [0.         0.         0.0047584  0.00416333 0.00565657], ([0.         0.         0.00179516 0.0007943  0.00247565]) 	 loss 1.192E+00 	 horizons 9.0
step 1350 	 return [0.00020149 0.00116243 0.00097447 0.00149391 0.        ], ([0.00060447 0.0016346  0.00122042 0.00176679 0.        ]) 	 loss 1.087E+00 	 horizons 9.0
step 1440 	 return [0.         0.00348186 0.0020352  0.00121779 0.00020351], ([0.         0.00344232 0.00229473 0.00106325 0.00061054]) 	 loss 1.029E+00 	 horizons 9.0
step 1530 	 return [0.00093943 0.00380664 0.00269867 0.00225172 0.00146046], ([0.00098788 0.00359373 0.00139053 0.00191407 0.00179647]) 	 loss 1.020E+00 	 horizons 9.0
step 1620 	 return [0.         0.00237361 0.00491947 0.00234881 0.00223197], ([0.         0.00211252 0.00164305 0.0015201  0.00351521]) 	 loss 9.973E-01 	 horizons 9.0
step 1710 	 return [0.00020149 0.00045819 0.00302803 0.00268748 0.00451352], ([0.00060447 0.00092672 0.00194946 0.00133761 0.00381891]) 	 loss 9.631E-01 	 horizons 9.0
step 1800 	 return [0.         0.         0.0054763  0.00468117 0.00637364], ([0.         0.         0.00088025 0.00111979 0.00098049]) 	 loss 9.647E-01 	 horizons 9.0
step 1890 	 return [0.         0.         0.00447953 0.00530479 0.00581937], ([0.         0.         0.00216993 0.00096335 0.00223807]) 	 loss 8.875E-01 	 horizons 9.0
step 1980 	 return [0.         0.         0.00572697 0.00510359 0.0064977 ], ([0.         0.         0.00073709 0.0003815  0.00123834]) 	 loss 8.936E-01 	 horizons 9.0
step 2070 	 return [0.         0.         0.00602301 0.00489734 0.00595662], ([0.         0.         0.0001441  0.00089876 0.00140244]) 	 loss 8.666E-01 	 horizons 9.0
step 2160 	 return [0.         0.         0.00507514 0.00552723 0.00622894], ([0.         0.         0.00132571 0.00096484 0.00284262]) 	 loss 7.988E-01 	 horizons 9.0
step 2250 	 return [0.         0.00341354 0.00388204 0.0019086  0.00062616], ([0.         0.00230597 0.00125371 0.0015586  0.00125243]) 	 loss 7.689E-01 	 horizons 9.0
step 2340 	 return [0.00079294 0.00227835 0.0015064  0.00172884 0.00014164], ([0.00083082 0.00287089 0.00090033 0.00118241 0.00042491]) 	 loss 7.455E-01 	 horizons 9.0
step 2430 	 return [0.00021265 0.00653367 0.00258825 0.0011648  0.        ], ([0.0004253  0.00186879 0.00155641 0.00094338 0.        ]) 	 loss 7.267E-01 	 horizons 9.0
step 2520 	 return [0.00241432 0.00471418 0.00071452 0.00111609 0.        ], ([0.00096384 0.00138509 0.00023331 0.0003831  0.        ]) 	 loss 6.935E-01 	 horizons 9.0
step 2610 	 return [0.0005724  0.00358976 0.00307886 0.0020869  0.00127148], ([0.00078273 0.00321868 0.00150375 0.00146999 0.0025733 ]) 	 loss 6.914E-01 	 horizons 9.0
step 2700 	 return [0.         0.         0.00596994 0.00423857 0.00629766], ([0.         0.         0.00014803 0.00160296 0.00185306]) 	 loss 6.634E-01 	 horizons 9.0
step 2790 	 return [0.00146435 0.00545728 0.00067977 0.0003891  0.        ], ([0.00136102 0.00142545 0.00074243 0.00029615 0.        ]) 	 loss 6.097E-01 	 horizons 9.0
step 2880 	 return [0.         0.         0.00597082 0.00503137 0.00630107], ([0.         0.         0.00038274 0.00054634 0.00076959]) 	 loss 6.320E-01 	 horizons 9.0
step 2970 	 return [0.         0.         0.00562769 0.00504338 0.00631971], ([0.         0.         0.00078128 0.00062471 0.00077324]) 	 loss 5.884E-01 	 horizons 9.0
step 3060 	 return [0.00119283 0.00463526 0.00145204 0.00111602 0.        ], ([0.00107307 0.00176383 0.00091672 0.00113093 0.        ]) 	 loss 5.523E-01 	 horizons 9.0
step 3150 	 return [0.00010635 0.00596447 0.00452873 0.00137115 0.        ], ([0.00031905 0.0013257  0.00113873 0.0003236  0.        ]) 	 loss 4.984E-01 	 horizons 9.0
step 3240 	 return [0.         0.         0.0034939  0.00474877 0.00835549], ([0.         0.         0.00130004 0.00132385 0.00188621]) 	 loss 5.166E-01 	 horizons 9.0
step 3330 	 return [0.00241046 0.00531133 0.00076141 0.00112461 0.        ], ([0.0011243  0.00275681 0.00042374 0.0002293  0.        ]) 	 loss 5.208E-01 	 horizons 9.0
step 3420 	 return [0.0023207  0.0040224  0.00064367 0.0011419  0.        ], ([0.00079872 0.00230142 0.00026835 0.00040893 0.        ]) 	 loss 4.991E-01 	 horizons 9.0
step 3510 	 return [0.         0.00649384 0.00441221 0.00172369 0.00013883], ([0.         0.00232363 0.0011106  0.0010182  0.00041649]) 	 loss 4.800E-01 	 horizons 9.0
step 3600 	 return [0.00209846 0.00633143 0.00142107 0.00105391 0.        ], ([0.00111992 0.00145882 0.0009367  0.0002377  0.        ]) 	 loss 4.706E-01 	 horizons 9.0
step 3690 	 return [0.00013852 0.00026903 0.00283459 0.0035059  0.00912083], ([0.00041557 0.00080708 0.00170285 0.0014807  0.00396313]) 	 loss 4.675E-01 	 horizons 9.0
step 3780 	 return [0.         0.         0.00608036 0.00495256 0.00640494], ([0.         0.         0.00014748 0.00092393 0.00114579]) 	 loss 4.881E-01 	 horizons 9.0
step 3870 	 return [0.00054924 0.00660676 0.00315344 0.00129934 0.        ], ([0.00089013 0.00095003 0.00101662 0.00017386 0.        ]) 	 loss 4.269E-01 	 horizons 9.0
step 3960 	 return [0.         0.         0.00574443 0.00559422 0.00617143], ([0.         0.         0.00073446 0.00060893 0.00116206]) 	 loss 4.019E-01 	 horizons 9.0
step 4050 	 return [0.         0.         0.00310375 0.00400239 0.01014523], ([0.         0.         0.0012679  0.00164636 0.0030214 ]) 	 loss 4.182E-01 	 horizons 9.0
step 4140 	 return [0.00316576 0.00582438 0.00094013 0.00095915 0.        ], ([0.00044673 0.00121373 0.00075456 0.00028426 0.        ]) 	 loss 4.057E-01 	 horizons 9.0
step 4230 	 return [0.         0.00562079 0.00456165 0.00133725 0.0001578 ], ([0.         0.0021308  0.00099324 0.00068499 0.00047339]) 	 loss 3.867E-01 	 horizons 9.0
step 4320 	 return [0.         0.         0.00601871 0.00494833 0.00644759], ([0.         0.         0.00014825 0.0005923  0.00061933]) 	 loss 3.824E-01 	 horizons 9.0
step 4410 	 return [0.         0.         0.00601543 0.004949   0.00605254], ([0.         0.         0.00015264 0.00081077 0.000645  ]) 	 loss 3.511E-01 	 horizons 9.0
step 4500 	 return [0.         0.00614372 0.00520026 0.00165571 0.00013883], ([0.         0.00216482 0.00067321 0.00103564 0.00041649]) 	 loss 3.744E-01 	 horizons 9.0
step 4590 	 return [0.00022241 0.00812204 0.00196709 0.00139865 0.        ], ([6.6724239e-04 8.0951757e-04 1.2460448e-03 4.2183325e-05 0.0000000e+00]) 	 loss 3.379E-01 	 horizons 9.0
step 4680 	 return [0.00118147 0.00799705 0.00176033 0.00116199 0.        ], ([0.00122072 0.00125207 0.00103649 0.00014258 0.        ]) 	 loss 3.465E-01 	 horizons 9.0
step 4770 	 return [0.         0.         0.00609369 0.00505074 0.0068579 ], ([0.0000000e+00 0.0000000e+00 8.7578155e-06 2.5666184e-05 5.8719516e-04]) 	 loss 3.186E-01 	 horizons 9.0
step 4860 	 return [0.         0.         0.00612313 0.00507632 0.00766986], ([0.0000000e+00 0.0000000e+00 4.8215345e-05 4.0894873e-05 2.5501064e-04]) 	 loss 3.312E-01 	 horizons 9.0
step 4950 	 return [0.         0.         0.00606254 0.00510978 0.00691831], ([0.         0.         0.00011322 0.0003762  0.00094988]) 	 loss 2.958E-01 	 horizons 9.0
step 5040 	 return [0.0001063  0.0074105  0.00458993 0.00132746 0.        ], ([0.00031889 0.00101877 0.00037531 0.00017639 0.        ]) 	 loss 2.623E-01 	 horizons 9.0
step 5130 	 return [0.000762   0.00712187 0.00366989 0.00119677 0.        ], ([0.00086005 0.00114773 0.00056195 0.00027444 0.        ]) 	 loss 2.434E-01 	 horizons 9.0
step 5220 	 return [0.0001063  0.00578056 0.00520326 0.00199333 0.        ], ([0.00031889 0.00196601 0.00133929 0.00159475 0.        ]) 	 loss 2.507E-01 	 horizons 9.0
step 5310 	 return [0.         0.         0.00610671 0.00519035 0.00746244], ([0.0000000e+00 0.0000000e+00 1.2651220e-06 3.0086222e-04 8.8472589e-04]) 	 loss 2.448E-01 	 horizons 9.0
step 5400 	 return [0.         0.         0.00610693 0.0050897  0.0077496 ], ([0.0000000e+00 0.0000000e+00 1.1548776e-07 2.1178295e-07 4.4956801e-06]) 	 loss 2.352E-01 	 horizons 9.0
step 5490 	 return [0.00109095 0.00727137 0.00313285 0.00118886 0.        ], ([0.00085973 0.00101788 0.00105784 0.00036133 0.        ]) 	 loss 2.478E-01 	 horizons 9.0
step 5580 	 return [0.         0.00580531 0.0053691  0.00167388 0.        ], ([0.         0.00261139 0.00104524 0.00074644 0.        ]) 	 loss 2.196E-01 	 horizons 9.0
step 5670 	 return [0.00120546 0.00669502 0.00362773 0.00131586 0.        ], ([0.00092157 0.00076295 0.00088825 0.00029442 0.        ]) 	 loss 2.176E-01 	 horizons 9.0
step 5760 	 return [0.00063779 0.00755924 0.00422923 0.00119956 0.        ], ([5.2075036e-04 7.8003033e-04 2.1056131e-04 8.1178216e-05 0.0000000e+00]) 	 loss 1.914E-01 	 horizons 9.0
step 5850 	 return [0.         0.         0.00610228 0.0050596  0.00769063], ([0.0000000e+00 0.0000000e+00 1.4254975e-05 9.0854395e-05 1.8899149e-04]) 	 loss 1.997E-01 	 horizons 9.0
step 5940 	 return [0.00085899 0.0071431  0.00365741 0.00120844 0.        ], ([0.00065577 0.00084959 0.00084892 0.0001323  0.        ]) 	 loss 1.778E-01 	 horizons 9.0
step 6030 	 return [0.         0.         0.00603345 0.0051923  0.00745343], ([0.         0.         0.00022035 0.00030793 0.00088555]) 	 loss 1.766E-01 	 horizons 9.0
step 6120 	 return [0.00042519 0.00728779 0.00440338 0.00127186 0.        ], ([0.00052075 0.00069073 0.00036871 0.00015105 0.        ]) 	 loss 1.415E-01 	 horizons 9.0
step 6210 	 return [0.00140114 0.00735486 0.00338976 0.00108833 0.        ], ([0.00052173 0.00077083 0.00080631 0.00032501 0.        ]) 	 loss 1.431E-01 	 horizons 9.0
step 6300 	 return [0.         0.         0.00610693 0.0050897  0.0077496 ], ([0.0000000e+00 0.0000000e+00 1.1548400e-07 2.1178295e-07 4.4956805e-06]) 	 loss 1.223E-01 	 horizons 9.0
step 6390 	 return [0.00231471 0.00610295 0.00241706 0.00141234 0.        ], ([0.00029669 0.00037114 0.0004306  0.00012123 0.        ]) 	 loss 1.030E-01 	 horizons 9.0
step 6480 	 return [0.00095668 0.0072315  0.0040848  0.0011835  0.        ], ([3.1889314e-04 2.1759169e-04 1.1803579e-04 5.4304397e-05 0.0000000e+00]) 	 loss 1.094E-01 	 horizons 9.0
step 6570 	 return [0.00117821 0.00704057 0.0039786  0.00118883 0.        ], ([3.4550918e-04 3.6914335e-04 4.4093066e-04 9.8106793e-05 0.0000000e+00]) 	 loss 8.972E-02 	 horizons 9.0
step 6660 	 return [0.00224095 0.00604004 0.00270483 0.00139685 0.        ], ([0.00049752 0.00046831 0.00054216 0.00014293 0.        ]) 	 loss 9.918E-02 	 horizons 9.0
step 6750 	 return [0.00219822 0.00610499 0.00271578 0.0014106  0.        ], ([0.00047929 0.00038016 0.00053622 0.0001295  0.        ]) 	 loss 1.415E-01 	 horizons 9.0
step 6840 	 return [0.0001063  0.00752877 0.00455184 0.00137876 0.        ], ([0.00031889 0.00234944 0.00086134 0.00058706 0.        ]) 	 loss 1.309E-01 	 horizons 9.0
step 6930 	 return [0.         0.         0.00610687 0.00508959 0.00774736], ([0.000000e+00 0.000000e+00 4.656613e-10 4.656613e-10 4.656613e-10]) 	 loss 1.660E-01 	 horizons 9.0
step 7020 	 return [0.         0.00682725 0.0055055  0.00154884 0.        ], ([0.         0.00255422 0.00104001 0.00055366 0.        ]) 	 loss 1.312E-01 	 horizons 9.0
step 7110 	 return [0.         0.         0.00610704 0.00508991 0.0077541 ], ([0.0000000e+00 0.0000000e+00 1.4143843e-07 2.5937985e-07 5.5060618e-06]) 	 loss 1.248E-01 	 horizons 9.0
step 7200 	 return [0.0018691  0.00630456 0.00308557 0.00136866 0.        ], ([0.00052762 0.00056844 0.00068362 0.00015188 0.        ]) 	 loss 1.166E-01 	 horizons 9.0
step 7290 	 return [0.         0.00305045 0.00622552 0.00247751 0.00063021], ([0.         0.00367529 0.00088404 0.00092139 0.00077184]) 	 loss 9.457E-02 	 horizons 9.0
step 7380 	 return [0.00153256 0.00648306 0.00347394 0.00135403 0.        ], ([0.00074549 0.00057775 0.00085184 0.00015422 0.        ]) 	 loss 1.127E-01 	 horizons 9.0
step 7470 	 return [0.         0.         0.00610704 0.00508991 0.0077541 ], ([0.0000000e+00 0.0000000e+00 1.4143843e-07 2.5937985e-07 5.5060618e-06]) 	 loss 8.552E-02 	 horizons 9.0
step 7560 	 return [0.         0.         0.0061069  0.00508965 0.00774848], ([0.0000000e+00 0.0000000e+00 8.6618009e-08 1.5883712e-07 3.3717604e-06]) 	 loss 7.103E-02 	 horizons 9.0
step 7650 	 return [0.00106298 0.00715897 0.00412415 0.0011654  0.        ], ([0.0000000e+00 0.0000000e+00 0.0000000e+00 1.1641532e-10 0.0000000e+00]) 	 loss 7.613E-02 	 horizons 9.0
step 7740 	 return [0.00263332 0.00531446 0.00256711 0.00144057 0.        ], ([0.00017083 0.00020711 0.00026168 0.00010169 0.        ]) 	 loss 7.911E-02 	 horizons 9.0
step 7830 	 return [0.00218523 0.0059199  0.00280234 0.00144411 0.        ], ([4.1046756e-04 4.9286050e-04 4.4060251e-04 9.2905058e-05 0.0000000e+00]) 	 loss 8.828E-02 	 horizons 9.0
step 7920 	 return [0.00251459 0.00545645 0.00265466 0.00147464 0.        ], ([1.9630291e-04 3.1246786e-04 7.8229806e-07 4.2273112e-07 0.0000000e+00]) 	 loss 6.823E-02 	 horizons 9.0
step 8010 	 return [0.0010639  0.00730391 0.0040227  0.00117937 0.        ], ([2.6064513e-06 4.2125306e-04 3.0862656e-04 7.0778871e-05 0.0000000e+00]) 	 loss 7.223E-02 	 horizons 9.0
step 8100 	 return [0.         0.         0.0061071  0.00509002 0.00775635], ([0.0000000e+00 0.0000000e+00 1.1548400e-07 2.1178283e-07 4.4956801e-06]) 	 loss 6.869E-02 	 horizons 9.0
step 8190 	 return [0.         0.         0.00610705 0.00508986 0.00775391], ([0.0000000e+00 0.0000000e+00 1.7021675e-07 4.1786694e-07 7.3487531e-06]) 	 loss 5.619E-02 	 horizons 9.0
step 8280 	 return [0.00106472 0.0074406  0.0039187  0.00120845 0.        ], ([3.4923664e-06 5.6326285e-04 4.1090278e-04 8.6104505e-05 0.0000000e+00]) 	 loss 6.142E-02 	 horizons 9.0
step 8370 	 return [0.00106488 0.00745296 0.00392253 0.00118578 0.        ], ([3.42096268e-06 5.57369669e-04 4.12856753e-04 1.02787206e-04
 0.00000000e+00]) 	 loss 6.563E-02 	 horizons 9.0
step 8460 	 return [0.         0.         0.00611294 0.0049069  0.00789115], ([0.0000000e+00 0.0000000e+00 1.7440563e-05 5.4950599e-04 4.0143577e-04]) 	 loss 6.082E-02 	 horizons 9.0
step 8550 	 return [0.00095668 0.00709567 0.00420809 0.00119909 0.        ], ([0.00031889 0.00018989 0.00025182 0.00010107 0.        ]) 	 loss 5.234E-02 	 horizons 9.0
step 8640 	 return [0.00106303 0.00716309 0.00412543 0.00115784 0.        ], ([1.5803379e-07 1.2357160e-05 3.8337430e-06 2.2670360e-05 0.0000000e+00]) 	 loss 6.858E-02 	 horizons 9.0
step 8730 	 return [0.00106472 0.0074406  0.0039187  0.00120845 0.        ], ([3.4923667e-06 5.6326279e-04 4.1090278e-04 8.6104505e-05 0.0000000e+00]) 	 loss 5.889E-02 	 horizons 9.0
step 8820 	 return [0.         0.         0.00472404 0.00502271 0.00917475], ([0.         0.         0.00113071 0.00058339 0.00138413]) 	 loss 7.071E-02 	 horizons 9.0
step 8910 	 return [0.00106303 0.00716309 0.00412543 0.00115784 0.        ], ([1.580338e-07 1.235716e-05 3.833743e-06 2.267036e-05 0.000000e+00]) 	 loss 8.375E-02 	 horizons 9.0
step 9000 	 return [0.         0.         0.00610713 0.00509007 0.00775747], ([0.0000000e+00 0.0000000e+00 8.6612999e-08 1.5883739e-07 3.3717602e-06]) 	 loss 5.999E-02 	 horizons 9.0
step 9090 	 return [0.00106298 0.00715897 0.00412415 0.0011654  0.        ], ([0.0000000e+00 0.0000000e+00 0.0000000e+00 1.1641532e-10 0.0000000e+00]) 	 loss 5.780E-02 	 horizons 9.0
step 9180 	 return [0.00088589 0.0062891  0.00404048 0.0014915  0.        ], ([1.0849930e-03 2.9013635e-04 1.1305411e-03 1.3240120e-05 0.0000000e+00]) 	 loss 6.611E-02 	 horizons 9.0
step 9270 	 return [0.00106298 0.00715897 0.00412415 0.0011654  0.        ], ([0.0000000e+00 0.0000000e+00 0.0000000e+00 1.1641532e-10 0.0000000e+00]) 	 loss 8.079E-02 	 horizons 9.0
step 9360 	 return [0.         0.         0.0061053  0.00517153 0.00731478], ([0.0000000e+00 0.0000000e+00 2.8436725e-06 1.2434910e-04 6.7793659e-04]) 	 loss 6.933E-02 	 horizons 9.0
step 9450 	 return [0.         0.         0.00613053 0.00489523 0.0078652 ], ([0.0000000e+00 0.0000000e+00 5.2058414e-05 5.4500403e-04 5.3418986e-04]) 	 loss 5.421E-02 	 horizons 9.0
step 9540 	 return [0.00106385 0.00729979 0.00402142 0.00118692 0.        ], ([2.6192747e-06 4.2244710e-04 3.0817708e-04 6.4578373e-05 0.0000000e+00]) 	 loss 6.349E-02 	 horizons 9.0
step 9630 	 return [0.         0.         0.00611157 0.00498918 0.00746643], ([0.0000000e+00 0.0000000e+00 1.8216047e-05 5.8943720e-04 8.6784171e-04]) 	 loss 5.790E-02 	 horizons 9.0
step 9720 	 return [0.         0.         0.00427329 0.00497954 0.00936471], ([0.         0.         0.00078656 0.00069563 0.00172524]) 	 loss 5.893E-02 	 horizons 9.0
step 9810 	 return [0.         0.         0.0061249  0.0050795  0.00773832], ([0.0000000e+00 0.0000000e+00 5.0154893e-05 3.7521422e-05 1.9404656e-04]) 	 loss 6.192E-02 	 horizons 9.0
step 9900 	 return [0.00095673 0.00709979 0.00420937 0.00119153 0.        ], ([0.00031891 0.00019166 0.00025143 0.00010601 0.        ]) 	 loss 5.287E-02 	 horizons 9.0
step 9990 	 return [0.00264632 0.00539079 0.00253886 0.00149589 0.        ], ([9.6651029e-06 4.1668955e-04 3.4586622e-04 6.4578438e-05 0.0000000e+00]) 	 loss 5.606E-02 	 horizons 9.0
step 10080 	 return [0.         0.         0.00611858 0.00486304 0.00739846], ([0.0000000e+00 0.0000000e+00 2.7492921e-05 8.0764049e-04 1.2265828e-03]) 	 loss 4.772E-02 	 horizons 9.0
step 10170 	 return [0.00293755 0.00649664 0.00163195 0.001414   0.        ], ([0.00027552 0.00076073 0.00066734 0.00021689 0.        ]) 	 loss 4.531E-02 	 horizons 9.0
step 10260 	 return [0.00106422 0.00732862 0.00403037 0.00113403 0.        ], ([2.5049906e-06 4.1315550e-04 3.1119969e-04 8.7446715e-05 0.0000000e+00]) 	 loss 7.171E-02 	 horizons 9.0
step 10350 	 return [0.0002126  0.00665259 0.00479568 0.00143493 0.        ], ([0.00042519 0.00025319 0.00033577 0.00013476 0.        ]) 	 loss 7.060E-02 	 horizons 9.0
step 10440 	 return [0.         0.         0.00380076 0.00516392 0.01003803], ([0.0000000e+00 0.0000000e+00 4.8114769e-05 9.9144690e-04 1.4137975e-03]) 	 loss 7.449E-02 	 horizons 9.0
step 10530 	 return [0.00096028 0.00789259 0.00348697 0.00123708 0.        ], ([0.00032012 0.00071981 0.0007347  0.0001206  0.        ]) 	 loss 5.948E-02 	 horizons 9.0
step 10620 	 return [0.         0.         0.00612293 0.0047578  0.00806209], ([0.0000000e+00 0.0000000e+00 2.5118465e-05 7.5099274e-04 8.2436699e-04]) 	 loss 8.102E-02 	 horizons 9.0
step 10710 	 return [0.00106298 0.00715897 0.00412415 0.0011654  0.        ], ([0.0000000e+00 0.0000000e+00 0.0000000e+00 1.1641532e-10 0.0000000e+00]) 	 loss 5.834E-02 	 horizons 9.0
step 10800 	 return [0.         0.         0.00611183 0.00509839 0.00793829], ([0.000000e+00 0.000000e+00 4.656613e-10 4.656613e-10 9.313226e-10]) 	 loss 5.381E-02 	 horizons 9.0
step 10890 	 return [0.         0.         0.00611043 0.00509591 0.00788439], ([0.0000000e+00 0.0000000e+00 2.1399032e-06 3.7900697e-06 8.2348073e-05]) 	 loss 5.596E-02 	 horizons 9.0
step 10980 	 return [0.00286638 0.00571948 0.0023072  0.00133996 0.        ], ([0.00027347 0.00057268 0.00042493 0.0001646  0.        ]) 	 loss 6.955E-02 	 horizons 9.0
step 11070 	 return [0.         0.         0.00495761 0.00453351 0.0096093 ], ([0.         0.         0.00117918 0.00087174 0.00141705]) 	 loss 5.183E-02 	 horizons 9.0
step 11160 	 return [0.00106298 0.00715897 0.00412415 0.0011654  0.        ], ([0.0000000e+00 0.0000000e+00 0.0000000e+00 1.1641532e-10 0.0000000e+00]) 	 loss 7.015E-02 	 horizons 9.0
step 11250 	 return [0.00053149 0.00618988 0.00466862 0.0015101  0.00015755], ([0.00053149 0.00208476 0.00064884 0.00060606 0.00047265]) 	 loss 5.287E-02 	 horizons 9.0
step 11340 	 return [0.00095678 0.00710391 0.00421065 0.00118397 0.        ], ([0.00031893 0.00019332 0.00025102 0.00011022 0.        ]) 	 loss 5.907E-02 	 horizons 9.0
step 11430 	 return [0.00106298 0.00715897 0.00412415 0.0011654  0.        ], ([0.0000000e+00 0.0000000e+00 0.0000000e+00 1.1641532e-10 0.0000000e+00]) 	 loss 4.742E-02 	 horizons 9.0
step 11520 	 return [0.         0.         0.0061053  0.00525624 0.00694285], ([0.0000000e+00 0.0000000e+00 5.3276667e-06 1.2888304e-04 8.1277848e-04]) 	 loss 4.994E-02 	 horizons 9.0
step 11610 	 return [0.00106298 0.00715897 0.00412415 0.0011654  0.        ], ([0.0000000e+00 0.0000000e+00 0.0000000e+00 1.1641532e-10 0.0000000e+00]) 	 loss 3.792E-02 	 horizons 9.0
step 11700 	 return [0.00106472 0.0074406  0.0039187  0.00120845 0.        ], ([3.4923664e-06 5.6326285e-04 4.1090281e-04 8.6104505e-05 0.0000000e+00]) 	 loss 4.273E-02 	 horizons 9.0
step 11790 	 return [0.         0.         0.00610965 0.00515101 0.00760648], ([0.0000000e+00 0.0000000e+00 4.3500213e-06 1.0523256e-04 6.6363084e-04]) 	 loss 4.566E-02 	 horizons 9.0
step 11880 	 return [0.         0.         0.00610422 0.00528255 0.00677694], ([0.00000000e+00 0.00000000e+00 4.98357576e-06 1.20559045e-04
 7.60284602e-04]) 	 loss 4.380E-02 	 horizons 9.0
step 11970 	 return [0.00260026 0.00532008 0.00265432 0.00147445 0.        ], ([1.2851042e-04 2.0455825e-04 5.1213425e-07 2.7674250e-07 0.0000000e+00]) 	 loss 4.151E-02 	 horizons 9.0
step 12060 	 return [0.         0.         0.00611074 0.0051247  0.00777239], ([0.0000000e+00 0.0000000e+00 3.2625162e-06 7.8924415e-05 4.9772311e-04]) 	 loss 4.256E-02 	 horizons 9.0
step 12150 	 return [0.00106565 0.00759425 0.00382    0.00122242 0.        ], ([4.0837413e-06 6.6571572e-04 4.6471419e-04 8.9260546e-05 0.0000000e+00]) 	 loss 4.022E-02 	 horizons 9.0
step 12240 	 return [0.         0.         0.00611183 0.00509839 0.00793829], ([0.000000e+00 0.000000e+00 4.656613e-10 4.656613e-10 9.313226e-10]) 	 loss 3.474E-02 	 horizons 9.0
step 12330 	 return [0.00212623 0.0058922  0.00309532 0.00138176 0.        ], ([0.00070727 0.00085298 0.00067353 0.00014165 0.        ]) 	 loss 2.785E-02 	 horizons 9.0
step 12420 	 return [0.00095755 0.00747076 0.00390202 0.00115413 0.        ], ([0.00031919 0.00062721 0.00044582 0.00012355 0.        ]) 	 loss 2.225E-02 	 horizons 9.0
step 12510 	 return [0.         0.00325768 0.00601501 0.00287233 0.00047265], ([0.         0.00401326 0.00093391 0.00148176 0.00072199]) 	 loss 3.192E-02 	 horizons 9.0
step 12600 	 return [0.00309611 0.00646487 0.00172967 0.00124862 0.        ], ([2.1039677e-04 8.7994893e-05 1.1420482e-04 2.2050069e-04 0.0000000e+00]) 	 loss 6.707E-02 	 horizons 9.0
step 12690 	 return [0.00106652 0.00773506 0.00371727 0.00124395 0.        ], ([4.3441710e-06 7.0643635e-04 4.9844180e-04 9.8401746e-05 0.0000000e+00]) 	 loss 2.226E-02 	 horizons 9.0
step 12780 	 return [0.         0.         0.0044629  0.00452382 0.01026257], ([0.         0.         0.00107979 0.00061275 0.00164882]) 	 loss 2.179E-02 	 horizons 9.0
step 12870 	 return [0.00106298 0.00715897 0.00412415 0.0011654  0.        ], ([0.0000000e+00 0.0000000e+00 0.0000000e+00 1.1641532e-10 0.0000000e+00]) 	 loss 2.626E-02 	 horizons 9.0
step 12960 	 return [0.00095668 0.00728933 0.00413394 0.00116726 0.        ], ([3.1889314e-04 3.9107082e-04 2.9364735e-05 5.6031618e-06 0.0000000e+00]) 	 loss 2.002E-02 	 horizons 9.0
step 13050 	 return [0.         0.         0.00611183 0.00509839 0.00793829], ([0.000000e+00 0.000000e+00 4.656613e-10 4.656613e-10 9.313226e-10]) 	 loss 1.906E-02 	 horizons 9.0
step 13140 	 return [0.00106565 0.00759425 0.00382    0.00122242 0.        ], ([4.0837413e-06 6.6571572e-04 4.6471422e-04 8.9260546e-05 0.0000000e+00]) 	 loss 1.697E-02 	 horizons 9.0
step 13230 	 return [0.00106298 0.00715897 0.00412415 0.0011654  0.        ], ([0.0000000e+00 0.0000000e+00 0.0000000e+00 1.1641532e-10 0.0000000e+00]) 	 loss 1.771E-02 	 horizons 9.0
step 13320 	 return [0.00106298 0.00715897 0.00412415 0.0011654  0.        ], ([0.0000000e+00 0.0000000e+00 0.0000000e+00 1.1641532e-10 0.0000000e+00]) 	 loss 1.907E-02 	 horizons 9.0
step 13410 	 return [0.00309289 0.00632597 0.00184496 0.00122709 0.        ], ([0.00021696 0.00036398 0.00028284 0.00018386 0.        ]) 	 loss 2.186E-02 	 horizons 9.0
step 13500 	 return [0.         0.00787035 0.00560957 0.00119549 0.        ], ([0.000000e+00 6.274837e-04 8.958208e-04 4.281460e-06 0.000000e+00]) 	 loss 2.329E-02 	 horizons 9.0
step 13590 	 return [0.00299091 0.00650886 0.00167257 0.00135887 0.        ], ([0.00025768 0.00010777 0.00013987 0.00027006 0.        ]) 	 loss 1.964E-02 	 horizons 9.0
step 13680 	 return [0.         0.         0.00610313 0.00530886 0.00661103], ([0.0000000e+00 0.0000000e+00 4.3500213e-06 1.0523256e-04 6.6363084e-04]) 	 loss 2.769E-02 	 horizons 9.0
step 13770 	 return [0.         0.         0.00603189 0.00439127 0.00786999], ([0.         0.         0.0008171  0.00094465 0.00271104]) 	 loss 2.339E-02 	 horizons 9.0
step 13860 	 return [0.00304351 0.00648687 0.00170112 0.00130375 0.        ], ([0.00024104 0.00010081 0.00013084 0.00025262 0.        ]) 	 loss 2.949E-02 	 horizons 9.0
step 13950 	 return [0.00275474 0.00548569 0.00248067 0.00140716 0.        ], ([0.00022328 0.00046759 0.00034695 0.0001344  0.        ]) 	 loss 2.335E-02 	 horizons 9.0
step 14040 	 return [0.00106298 0.00715897 0.00412415 0.0011654  0.        ], ([0.0000000e+00 0.0000000e+00 0.0000000e+00 1.1641532e-10 0.0000000e+00]) 	 loss 1.604E-02 	 horizons 9.0
step 14130 	 return [0.00042519 0.00778409 0.00425895 0.00120891 0.        ], ([5.2075036e-04 7.7965390e-04 2.3977719e-04 9.8245881e-05 0.0000000e+00]) 	 loss 2.757E-02 	 horizons 9.0
step 14220 	 return [0.         0.         0.00473243 0.00494171 0.00939363], ([0.         0.         0.00113929 0.00082288 0.00125758]) 	 loss 2.965E-02 	 horizons 9.0
step 14310 	 return [0.00106298 0.00715897 0.00412415 0.0011654  0.        ], ([0.0000000e+00 0.0000000e+00 0.0000000e+00 1.1641532e-10 0.0000000e+00]) 	 loss 3.191E-02 	 horizons 9.0
step 14400 	 return [0.         0.00652599 0.00496356 0.00150231 0.        ], ([0.0000000e+00 0.0000000e+00 0.0000000e+00 1.1641532e-10 0.0000000e+00]) 	 loss 3.585E-02 	 horizons 9.0
step 14490 	 return [0.00107094 0.00845197 0.00320767 0.00134402 0.        ], ([2.6625121e-06 4.3395688e-04 3.0590533e-04 6.6583569e-05 0.0000000e+00]) 	 loss 2.967E-02 	 horizons 9.0
step 14580 	 return [0.00107187 0.00860561 0.00310897 0.00135799 0.        ], ([2.414006e-07 5.877862e-05 1.845101e-05 3.462949e-05 0.000000e+00]) 	 loss 2.792E-02 	 horizons 9.0
step 14670 	 return [0.         0.         0.00610984 0.00509478 0.00786108], ([0.0000000e+00 0.0000000e+00 2.4386766e-06 4.4409767e-06 9.4695351e-05]) 	 loss 3.739E-02 	 horizons 9.0
step 14760 	 return [0.00106909 0.00814468 0.00340507 0.00131608 0.        ], ([4.0010086e-06 6.4529857e-04 4.7074832e-04 9.8645105e-05 0.0000000e+00]) 	 loss 4.527E-02 	 horizons 9.0
step 14850 	 return [0.00270108 0.00669858 0.00178481 0.00132676 0.        ], ([0.00065193 0.00072003 0.00046746 0.00024832 0.        ]) 	 loss 2.476E-02 	 horizons 9.0
step 14940 	 return [0.00106298 0.00715897 0.00412415 0.0011654  0.        ], ([0.0000000e+00 0.0000000e+00 0.0000000e+00 1.1641532e-10 0.0000000e+00]) 	 loss 3.878E-02 	 horizons 9.0
step 15030 	 return [0.00111669 0.00849372 0.00309587 0.00126331 0.        ], ([1.3372388e-04 5.2197382e-04 9.8314660e-05 1.7821911e-04 0.0000000e+00]) 	 loss 2.159E-02 	 horizons 9.0
step 15120 	 return [0.         0.         0.00377015 0.0045372  0.01091781], ([0.0000000e+00 0.0000000e+00 4.0646635e-05 7.5712393e-04 9.9406485e-04]) 	 loss 3.810E-02 	 horizons 9.0
step 15210 	 return [0.         0.         0.00610095 0.00536148 0.00627922], ([0.000000e+00 0.000000e+00 4.656613e-10 0.000000e+00 4.656613e-10]) 	 loss 3.320E-02 	 horizons 9.0
step 15300 	 return [0.         0.         0.00611183 0.00509839 0.00793829], ([0.000000e+00 0.000000e+00 4.656613e-10 4.656613e-10 9.313226e-10]) 	 loss 2.793E-02 	 horizons 9.0
step 15390 	 return [0.         0.00846254 0.00422203 0.00118407 0.        ], ([0.0000000e+00 0.0000000e+00 0.0000000e+00 1.1641532e-10 0.0000000e+00]) 	 loss 2.556E-02 	 horizons 9.0
step 15480 	 return [0.         0.         0.00611183 0.00509839 0.00793829], ([0.000000e+00 0.000000e+00 4.656613e-10 4.656613e-10 9.313226e-10]) 	 loss 3.665E-02 	 horizons 9.0
step 15570 	 return [0.         0.         0.00611183 0.00509839 0.00793829], ([0.000000e+00 0.000000e+00 4.656613e-10 4.656613e-10 9.313226e-10]) 	 loss 2.107E-02 	 horizons 9.0
step 15660 	 return [0.         0.00858203 0.00443092 0.00118842 0.        ], ([0.0000000e+00 4.0844455e-04 5.8843009e-04 3.9467286e-06 0.0000000e+00]) 	 loss 1.859E-02 	 horizons 9.0
step 15750 	 return [0.00095668 0.00709567 0.00420809 0.00119909 0.        ], ([0.00031889 0.00018989 0.00025182 0.00010107 0.        ]) 	 loss 4.436E-02 	 horizons 9.0
step 15840 	 return [0.         0.         0.00611183 0.00509839 0.00793829], ([0.000000e+00 0.000000e+00 4.656613e-10 4.656613e-10 9.313226e-10]) 	 loss 2.251E-02 	 horizons 9.0
step 15930 	 return [0.         0.         0.00422329 0.00406946 0.01098738], ([0.         0.         0.00095959 0.00041399 0.00120669]) 	 loss 2.395E-02 	 horizons 9.0
step 16020 	 return [0.00106298 0.00715897 0.00412415 0.0011654  0.        ], ([0.0000000e+00 0.0000000e+00 0.0000000e+00 1.1641532e-10 0.0000000e+00]) 	 loss 3.236E-02 	 horizons 9.0
step 16110 	 return [0.00246295 0.00587378 0.00236612 0.00142921 0.        ], ([0.00018793 0.00072106 0.00044688 0.00015828 0.        ]) 	 loss 1.412E-02 	 horizons 9.0
step 16200 	 return [0.00106298 0.00715897 0.00412415 0.0011654  0.        ], ([0.0000000e+00 0.0000000e+00 0.0000000e+00 1.1641532e-10 0.0000000e+00]) 	 loss 2.680E-02 	 horizons 9.0
step 16290 	 return [0.00240468 0.00586337 0.0025414  0.00134303 0.        ], ([0.00046302 0.00076154 0.00065443 0.00016101 0.        ]) 	 loss 2.190E-02 	 horizons 9.0
step 16380 	 return [0.00107171 0.00856713 0.00309689 0.00138066 0.        ], ([1.1641532e-10 9.3132257e-10 2.3283064e-10 1.1641532e-10 0.0000000e+00]) 	 loss 2.216E-02 	 horizons 9.0
step 16470 	 return [0.00107176 0.00857996 0.00310092 0.0013731  0.        ], ([1.5803380e-07 3.8479644e-05 1.2079022e-05 2.2670325e-05 0.0000000e+00]) 	 loss 2.038E-02 	 horizons 9.0
step 16560 	 return [0.         0.         0.00611086 0.00509664 0.00790058], ([0.0000000e+00 0.0000000e+00 1.9507943e-06 3.5227897e-06 7.5541931e-05]) 	 loss 4.335E-02 	 horizons 9.0
step 16650 	 return [0.00107181 0.00859278 0.00310494 0.00136555 0.        ], ([2.1071172e-07 5.1306186e-05 1.6105361e-05 3.0227100e-05 0.0000000e+00]) 	 loss 2.429E-02 	 horizons 9.0
step 16740 	 return [0.00107001 0.00829832 0.00330637 0.00133005 0.        ], ([3.5221542e-06 5.7093811e-04 4.0906307e-04 8.5306827e-05 0.0000000e+00]) 	 loss 2.908E-02 	 horizons 9.0
step 16830 	 return [0.         0.         0.00611183 0.00509839 0.00793829], ([0.000000e+00 0.000000e+00 4.656613e-10 4.656613e-10 9.313226e-10]) 	 loss 2.157E-02 	 horizons 9.0
step 16920 	 return [0.00107187 0.00860561 0.00310897 0.00135799 0.        ], ([2.414006e-07 5.877862e-05 1.845101e-05 3.462949e-05 0.000000e+00]) 	 loss 3.054E-02 	 horizons 9.0
step 17010 	 return [0.0002126  0.00665259 0.00479568 0.00143493 0.        ], ([0.00042519 0.00025319 0.00033577 0.00013476 0.        ]) 	 loss 2.118E-02 	 horizons 9.0
step 17100 	 return [0.0026431  0.00525189 0.00265415 0.00147436 0.        ], ([0. 0. 0. 0. 0.]) 	 loss 2.885E-02 	 horizons 9.0
step 17190 	 return [0.00106298 0.00715897 0.00412415 0.0011654  0.        ], ([0.0000000e+00 0.0000000e+00 0.0000000e+00 1.1641532e-10 0.0000000e+00]) 	 loss 1.669E-02 	 horizons 9.0
step 17280 	 return [0.00245548 0.00623368 0.00204807 0.00124001 0.        ], ([0.00012283 0.00064273 0.00039677 0.00015342 0.        ]) 	 loss 1.625E-02 	 horizons 9.0
step 17370 	 return [0.00152368 0.00666889 0.00353683 0.00128935 0.        ], ([0.00056424 0.00060023 0.00071931 0.00015181 0.        ]) 	 loss 2.044E-02 	 horizons 9.0
step 17460 	 return [0.00276119 0.00576348 0.0022501  0.00145022 0.        ], ([0.00022042 0.00063042 0.00050303 0.00017681 0.        ]) 	 loss 1.554E-02 	 horizons 9.0
step 17550 	 return [0.         0.         0.00374354 0.00404154 0.01156858], ([0.000000e+00 0.000000e+00 4.656613e-10 0.000000e+00 0.000000e+00]) 	 loss 1.903E-02 	 horizons 9.0
step 17640 	 return [0.0014085  0.00679141 0.00368366 0.00125836 0.        ], ([0.0005278  0.00056147 0.00067286 0.00014201 0.        ]) 	 loss 2.432E-02 	 horizons 9.0
step 17730 	 return [0.00085038 0.00749295 0.00414756 0.00117011 0.        ], ([4.2519084e-04 6.6794903e-04 4.6814235e-05 9.4204215e-06 0.0000000e+00]) 	 loss 1.817E-02 	 horizons 9.0
step 17820 	 return [0.00042519 0.00709087 0.00443424 0.0014106  0.        ], ([0.00052075 0.00057178 0.00043473 0.00021508 0.        ]) 	 loss 2.158E-02 	 horizons 9.0
step 17910 	 return [0.00320131 0.00642087 0.00178677 0.00113837 0.        ], ([2.3283064e-10 0.0000000e+00 2.3283064e-10 1.1641532e-10 0.0000000e+00]) 	 loss 1.446E-02 	 horizons 9.0
step 18000 	 return [0.00117815 0.00703645 0.00397732 0.00119639 0.        ], ([3.4552673e-04 3.6756604e-04 4.4048819e-04 9.2965849e-05 0.0000000e+00]) 	 loss 1.338E-02 	 horizons 9.0
step 18090 	 return [0.00107213 0.00866974 0.0031291  0.0013202  0.        ], ([2.1071173e-07 5.1306190e-05 1.6105361e-05 3.0227098e-05 0.0000000e+00]) 	 loss 1.737E-02 	 horizons 9.0
step 18180 	 return [0.00107187 0.00860561 0.00310897 0.00135799 0.        ], ([2.4140061e-07 5.8778616e-05 1.8451012e-05 3.4629495e-05 0.0000000e+00]) 	 loss 1.818E-02 	 horizons 9.0
step 18270 	 return [0.00221473 0.00593375 0.00265585 0.00147528 0.        ], ([2.3283064e-10 4.6566129e-10 2.3283064e-10 1.1641532e-10 0.0000000e+00]) 	 loss 2.390E-02 	 horizons 9.0
step 18360 	 return [0.         0.0063851  0.00550583 0.00141111 0.        ], ([0.         0.00110801 0.00094052 0.00013932 0.        ]) 	 loss 2.779E-02 	 horizons 9.0
step 18450 	 return [0.00106298 0.00715897 0.00412415 0.0011654  0.        ], ([0.0000000e+00 0.0000000e+00 0.0000000e+00 1.1641532e-10 0.0000000e+00]) 	 loss 6.152E-02 	 horizons 9.0
step 18540 	 return [0.         0.         0.00611183 0.00509839 0.00793829], ([0.000000e+00 0.000000e+00 4.656613e-10 4.656613e-10 9.313226e-10]) 	 loss 6.397E-02 	 horizons 9.0
step 18630 	 return [0.00217349 0.00661884 0.00257534 0.00118056 0.        ], ([7.8712252e-04 5.3171749e-04 1.0451769e-03 9.8635726e-05 0.0000000e+00]) 	 loss 4.276E-02 	 horizons 9.0
step 18720 	 return [0.00158782 0.00695716 0.00318982 0.00115507 0.        ], ([6.4279250e-04 2.4716323e-04 1.1443202e-03 1.2653835e-05 0.0000000e+00]) 	 loss 5.679E-02 	 horizons 9.0
step 18810 	 return [0.         0.         0.00519722 0.00498786 0.0088845 ], ([0.         0.         0.001133   0.00073643 0.0011282 ]) 	 loss 3.282E-02 	 horizons 9.0
step 18900 	 return [0.         0.00652599 0.00496356 0.00150231 0.        ], ([0.0000000e+00 0.0000000e+00 0.0000000e+00 1.1641532e-10 0.0000000e+00]) 	 loss 2.774E-02 	 horizons 9.0
step 18990 	 return [0.00031889 0.00671588 0.00471174 0.00140124 0.        ], ([0.00048712 0.00029007 0.00038467 0.00015439 0.        ]) 	 loss 1.865E-02 	 horizons 9.0
step 19080 	 return [0.         0.         0.00494265 0.00455174 0.00968137], ([0.         0.         0.00118176 0.00072105 0.0016299 ]) 	 loss 1.541E-02 	 horizons 9.0
step 19170 	 return [0.         0.         0.00611183 0.00509839 0.00793829], ([0.000000e+00 0.000000e+00 4.656613e-10 4.656613e-10 9.313226e-10]) 	 loss 3.054E-02 	 horizons 9.0
step 19260 	 return [0.00221473 0.00593375 0.00265585 0.00147528 0.        ], ([2.3283064e-10 4.6566129e-10 2.3283064e-10 1.1641532e-10 0.0000000e+00]) 	 loss 1.718E-02 	 horizons 9.0
step 19350 	 return [0.00106298 0.00715897 0.00412415 0.0011654  0.        ], ([0.0000000e+00 0.0000000e+00 0.0000000e+00 1.1641532e-10 0.0000000e+00]) 	 loss 1.212E-02 	 horizons 9.0
step 19440 	 return [0.00106298 0.00715897 0.00412415 0.0011654  0.        ], ([0.0000000e+00 0.0000000e+00 0.0000000e+00 1.1641532e-10 0.0000000e+00]) 	 loss 1.745E-02 	 horizons 9.0
step 19530 	 return [0.         0.         0.0061053  0.00525624 0.00694285], ([0.0000000e+00 0.0000000e+00 5.3276663e-06 1.2888304e-04 8.1277848e-04]) 	 loss 1.069E-02 	 horizons 9.0
step 19620 	 return [0.         0.         0.00610422 0.00528255 0.00677694], ([0.00000000e+00 0.00000000e+00 4.98357576e-06 1.20559045e-04
 7.60284602e-04]) 	 loss 1.438E-02 	 horizons 9.0
step 19710 	 return [0.         0.         0.00611183 0.00509839 0.00793829], ([0.000000e+00 0.000000e+00 4.656613e-10 4.656613e-10 9.313226e-10]) 	 loss 1.545E-02 	 horizons 9.0
step 19800 	 return [0.00107012 0.00831527 0.00331167 0.00131494 0.        ], ([3.4477468e-06 5.7009445e-04 4.0973909e-04 9.9571756e-05 0.0000000e+00]) 	 loss 1.279E-02 	 horizons 9.0
step 19890 	 return [0.00107171 0.00856713 0.00309689 0.00138066 0.        ], ([1.1641532e-10 9.3132257e-10 2.3283064e-10 1.1641532e-10 0.0000000e+00]) 	 loss 1.637E-02 	 horizons 9.0
step 19980 	 return [0.00209956 0.00605628 0.00280268 0.0014443  0.        ], ([3.4552676e-04 3.6756604e-04 4.4048828e-04 9.2965849e-05 0.0000000e+00]) 	 loss 2.382E-02 	 horizons 9.0
step 20070 	 return [0.00221473 0.00593375 0.00265585 0.00147528 0.        ], ([2.3283064e-10 4.6566129e-10 2.3283064e-10 1.1641532e-10 0.0000000e+00]) 	 loss 2.010E-02 	 horizons 9.0
step 20160 	 return [0.00117815 0.00703645 0.00397732 0.00119639 0.        ], ([3.4552673e-04 3.6756604e-04 4.4048819e-04 9.2965849e-05 0.0000000e+00]) 	 loss 1.925E-02 	 horizons 9.0
step 20250 	 return [0.00107171 0.00856713 0.00309689 0.00138066 0.        ], ([1.1641532e-10 9.3132257e-10 2.3283064e-10 1.1641532e-10 0.0000000e+00]) 	 loss 1.967E-02 	 horizons 9.0
step 20340 	 return [0.         0.         0.00611183 0.00509839 0.00793829], ([0.000000e+00 0.000000e+00 4.656613e-10 4.656613e-10 9.313226e-10]) 	 loss 1.018E-02 	 horizons 9.0
step 20430 	 return [0.         0.         0.00610915 0.00515008 0.00758673], ([0.00000000e+00 0.00000000e+00 4.36262599e-06 1.05733656e-04
 6.56361342e-04]) 	 loss 1.809E-02 	 horizons 9.0
step 20520 	 return [0.00107223 0.00869539 0.00313716 0.00130509 0.        ], ([1.1641532e-10 0.0000000e+00 2.3283064e-10 1.1641532e-10 0.0000000e+00]) 	 loss 1.467E-02 	 horizons 9.0
step 20610 	 return [0.         0.         0.00374354 0.00404154 0.01156858], ([0.000000e+00 0.000000e+00 4.656613e-10 0.000000e+00 0.000000e+00]) 	 loss 2.776E-02 	 horizons 9.0
step 20700 	 return [0.00135787 0.00847476 0.00135117 0.00133031 0.        ], ([7.4860710e-04 5.4250273e-04 1.1429030e-03 4.8772148e-05 0.0000000e+00]) 	 loss 2.542E-02 	 horizons 9.0
step 20790 	 return [0.         0.00745956 0.00619603 0.00119829 0.        ], ([0.0000000e+00 0.0000000e+00 0.0000000e+00 1.1641532e-10 0.0000000e+00]) 	 loss 7.804E-02 	 horizons 9.0
step 20880 	 return [0.00107187 0.00860561 0.00310897 0.00135799 0.        ], ([2.4140061e-07 5.8778620e-05 1.8451008e-05 3.4629495e-05 0.0000000e+00]) 	 loss 2.864E-02 	 horizons 9.0
step 20970 	 return [0.         0.         0.00611074 0.0051247  0.00777239], ([0.0000000e+00 0.0000000e+00 3.2625160e-06 7.8924415e-05 4.9772306e-04]) 	 loss 3.360E-02 	 horizons 9.0
step 21060 	 return [0.00106298 0.00715897 0.00412415 0.0011654  0.        ], ([0.0000000e+00 0.0000000e+00 0.0000000e+00 1.1641532e-10 0.0000000e+00]) 	 loss 3.828E-02 	 horizons 9.0
step 21150 	 return [0.00106298 0.00715897 0.00412415 0.0011654  0.        ], ([0.0000000e+00 0.0000000e+00 0.0000000e+00 1.1641532e-10 0.0000000e+00]) 	 loss 3.199E-02 	 horizons 9.0
step 21240 	 return [0.00106298 0.00715897 0.00412415 0.0011654  0.        ], ([0.0000000e+00 0.0000000e+00 0.0000000e+00 1.1641532e-10 0.0000000e+00]) 	 loss 2.834E-02 	 horizons 9.0
step 21330 	 return [0.00107185 0.00640406 0.00427528 0.00139383 0.        ], ([0.00049555 0.00189192 0.0010395  0.00058928 0.        ]) 	 loss 1.888E-02 	 horizons 9.0
step 21420 	 return [0.         0.         0.00611031 0.0050956  0.00787905], ([0.0000000e+00 0.0000000e+00 2.3251280e-06 4.2642287e-06 9.0500100e-05]) 	 loss 3.120E-02 	 horizons 9.0
step 21510 	 return [0.00106298 0.00715897 0.00412415 0.0011654  0.        ], ([0.0000000e+00 0.0000000e+00 0.0000000e+00 1.1641532e-10 0.0000000e+00]) 	 loss 3.546E-02 	 horizons 9.0
step 21600 	 return [0.00260026 0.00532008 0.00265432 0.00147445 0.        ], ([1.2851042e-04 2.0455825e-04 5.1213431e-07 2.7674250e-07 0.0000000e+00]) 	 loss 2.976E-02 	 horizons 9.0
step 21690 	 return [0.0001063  0.00866186 0.00422948 0.00118659 0.        ], ([3.1889314e-04 5.0096179e-04 3.5110676e-05 7.0653159e-06 0.0000000e+00]) 	 loss 2.562E-02 	 horizons 9.0
step 21780 	 return [0.00221473 0.00593375 0.00265585 0.00147528 0.        ], ([2.3283064e-10 4.6566129e-10 2.3283064e-10 1.1641532e-10 0.0000000e+00]) 	 loss 5.683E-02 	 horizons 9.0
step 21870 	 return [0.         0.0059569  0.00517758 0.00166606 0.        ], ([0.         0.00170727 0.00064206 0.00049125 0.        ]) 	 loss 4.137E-02 	 horizons 9.0
step 21960 	 return [0.         0.         0.00611183 0.00509839 0.00793829], ([0.000000e+00 0.000000e+00 4.656613e-10 4.656613e-10 9.313226e-10]) 	 loss 2.353E-02 	 horizons 9.0
step 22050 	 return [0.00321266 0.00690801 0.00130148 0.00122448 0.        ], ([1.3901231e-05 5.9662521e-04 5.9436139e-04 1.0545616e-04 0.0000000e+00]) 	 loss 3.420E-02 	 horizons 9.0
step 22140 	 return [0.         0.         0.00612817 0.00508529 0.0078641 ], ([0.0000000e+00 0.0000000e+00 4.9031481e-05 3.9309172e-05 2.2256999e-04]) 	 loss 2.539E-02 	 horizons 9.0
step 22230 	 return [0.00223438 0.0073019  0.00150207 0.00169054 0.        ], ([2.3283064e-10 4.6566129e-10 1.1641532e-10 2.3283064e-10 0.0000000e+00]) 	 loss 2.778E-02 	 horizons 9.0
step 22320 	 return [0.00199326 0.00542389 0.00310064 0.00164173 0.        ], ([0.00066442 0.0015296  0.00133437 0.00049935 0.        ]) 	 loss 2.235E-02 	 horizons 9.0
step 22410 	 return [0.         0.         0.00374354 0.00404154 0.01156858], ([0.000000e+00 0.000000e+00 4.656613e-10 0.000000e+00 0.000000e+00]) 	 loss 2.153E-02 	 horizons 9.0
step 22500 	 return [0.00245548 0.00623368 0.00204807 0.00124001 0.        ], ([0.00012283 0.00064273 0.00039677 0.00015342 0.        ]) 	 loss 1.807E-02 	 horizons 9.0
step 22590 	 return [0.00145895 0.00818487 0.00058311 0.00134512 0.        ], ([6.1386125e-04 1.7632234e-04 1.3657205e-05 3.3065349e-05 0.0000000e+00]) 	 loss 2.388E-02 	 horizons 9.0
step 22680 	 return [0.         0.         0.00611183 0.00509839 0.00793829], ([0.000000e+00 0.000000e+00 4.656613e-10 4.656613e-10 9.313226e-10]) 	 loss 4.140E-02 	 horizons 9.0
step 22770 	 return [0.00201094 0.00743423 0.00140432 0.00160357 0.        ], ([0.00067031 0.00039699 0.00029324 0.00026094 0.        ]) 	 loss 1.307E-02 	 horizons 9.0
step 22860 	 return [0.         0.         0.00611183 0.00509839 0.00793829], ([0.000000e+00 0.000000e+00 4.656613e-10 4.656613e-10 9.313226e-10]) 	 loss 1.865E-02 	 horizons 9.0
step 22950 	 return [0.00320131 0.00642087 0.00178677 0.00113837 0.        ], ([2.3283064e-10 0.0000000e+00 2.3283064e-10 1.1641532e-10 0.0000000e+00]) 	 loss 1.534E-02 	 horizons 9.0
step 23040 	 return [0.00106298 0.00715897 0.00412415 0.0011654  0.        ], ([0.0000000e+00 0.0000000e+00 0.0000000e+00 1.1641532e-10 0.0000000e+00]) 	 loss 7.131E-03 	 horizons 9.0
step 23130 	 return [0.00106298 0.00715897 0.00412415 0.0011654  0.        ], ([0.0000000e+00 0.0000000e+00 0.0000000e+00 1.1641532e-10 0.0000000e+00]) 	 loss 8.379E-03 	 horizons 9.0
step 23220 	 return [0.         0.         0.00611074 0.0051247  0.00777239], ([0.0000000e+00 0.0000000e+00 3.2625160e-06 7.8924415e-05 4.9772311e-04]) 	 loss 4.667E-03 	 horizons 9.0
step 23310 	 return [0.00106385 0.00729979 0.00402142 0.00118692 0.        ], ([2.6192747e-06 4.2244710e-04 3.0817706e-04 6.4578380e-05 0.0000000e+00]) 	 loss 1.134E-02 	 horizons 9.0
step 23400 	 return [0.         0.         0.00611183 0.00509839 0.00793829], ([0.000000e+00 0.000000e+00 4.656613e-10 4.656613e-10 9.313226e-10]) 	 loss 4.571E-03 	 horizons 9.0
step 23490 	 return [0.         0.00538781 0.0053916  0.00182981 0.        ], ([0.         0.00227636 0.00085608 0.00065499 0.        ]) 	 loss 2.116E-03 	 horizons 9.0
step 23580 	 return [0.00106308 0.00716721 0.00412671 0.00115028 0.        ], ([2.1071172e-07 1.6476213e-05 5.1116572e-06 3.0227147e-05 0.0000000e+00]) 	 loss 1.206E-02 	 horizons 9.0
step 23670 	 return [0.00106308 0.00716721 0.00412671 0.00115028 0.        ], ([2.1071176e-07 1.6476215e-05 5.1116572e-06 3.0227147e-05 0.0000000e+00]) 	 loss 7.168E-03 	 horizons 9.0
step 23760 	 return [0.00221473 0.00593375 0.00265585 0.00147528 0.        ], ([2.3283064e-10 4.6566129e-10 2.3283064e-10 1.1641532e-10 0.0000000e+00]) 	 loss 1.552E-02 	 horizons 9.0
step 23850 	 return [0.00267532 0.00664086 0.00150126 0.00168962 0.        ], ([2.3283064e-10 4.6566129e-10 1.1641532e-10 0.0000000e+00 0.0000000e+00]) 	 loss 1.260E-02 	 horizons 9.0
step 23940 	 return [0.00115103 0.00844258 0.00083607 0.00117733 0.        ], ([0.00027128 0.00013174 0.00066406 0.00033328 0.        ]) 	 loss 1.708E-02 	 horizons 9.0
step 24030 	 return [0.00200184 0.00755495 0.00182103 0.00162857 0.        ], ([0.00046507 0.00050609 0.00063793 0.00012395 0.        ]) 	 loss 3.311E-02 	 horizons 9.0
step 24120 	 return [0.00095681 0.00866176 0.00111229 0.00130922 0.        ], ([3.1896919e-04 4.3403354e-04 1.0024448e-03 3.7792284e-05 0.0000000e+00]) 	 loss 1.428E-02 	 horizons 9.0
step 24210 	 return [0.         0.         0.00611183 0.00509839 0.00793829], ([0.000000e+00 0.000000e+00 4.656613e-10 4.656613e-10 9.313226e-10]) 	 loss 2.580E-02 	 horizons 9.0
step 24300 	 return [0.00221473 0.00593375 0.00265585 0.00147528 0.        ], ([2.3283064e-10 4.6566129e-10 2.3283064e-10 1.1641532e-10 0.0000000e+00]) 	 loss 1.310E-02 	 horizons 9.0
step 24390 	 return [0.00106298 0.00715897 0.00412415 0.0011654  0.        ], ([0.0000000e+00 0.0000000e+00 0.0000000e+00 1.1641532e-10 0.0000000e+00]) 	 loss 1.525E-02 	 horizons 9.0
step 24480 	 return [0.         0.         0.00611183 0.00509839 0.00793829], ([0.000000e+00 0.000000e+00 4.656613e-10 4.656613e-10 9.313226e-10]) 	 loss 1.459E-02 	 horizons 9.0
step 24570 	 return [0.         0.         0.00611074 0.0051247  0.00777239], ([0.0000000e+00 0.0000000e+00 3.2625160e-06 7.8924415e-05 4.9772311e-04]) 	 loss 1.231E-02 	 horizons 9.0
step 24660 	 return [0.         0.00846163 0.00450891 0.00122122 0.        ], ([0.0000000e+00 7.6351897e-04 6.0220307e-04 9.3738388e-05 0.0000000e+00]) 	 loss 1.502E-02 	 horizons 9.0
step 24750 	 return [0.00230041 0.00579738 0.00265551 0.0014751  0.        ], ([1.7134724e-04 2.7274434e-04 6.8284567e-07 3.6898999e-07 0.0000000e+00]) 	 loss 4.094E-02 	 horizons 9.0
step 24840 	 return [0.         0.         0.00610857 0.00517732 0.00744057], ([0.0000000e+00 0.0000000e+00 4.9835758e-06 1.2055904e-04 7.6028466e-04]) 	 loss 2.311E-02 	 horizons 9.0
step 24930 	 return [0.0011775  0.00824128 0.00066959 0.00139665 0.        ], ([3.5229186e-04 3.1312541e-04 2.7749289e-04 9.7966426e-05 0.0000000e+00]) 	 loss 2.347E-02 	 horizons 9.0
step 25020 	 return [0.         0.00882885 0.00424118 0.00118895 0.        ], ([0.0000000e+00 9.3132257e-10 4.6566129e-10 1.1641532e-10 0.0000000e+00]) 	 loss 4.327E-02 	 horizons 9.0
step 25110 	 return [0.         0.         0.00611183 0.00509839 0.00793829], ([0.000000e+00 0.000000e+00 4.656613e-10 4.656613e-10 9.313226e-10]) 	 loss 2.744E-02 	 horizons 9.0
step 25200 	 return [0.00106303 0.00716309 0.00412543 0.00115784 0.        ], ([1.5803377e-07 1.2357159e-05 3.8337430e-06 2.2670360e-05 0.0000000e+00]) 	 loss 3.397E-02 	 horizons 9.0
step 25290 	 return [0.00107208 0.00865692 0.00312508 0.00132776 0.        ], ([2.414006e-07 5.877862e-05 1.845101e-05 3.462949e-05 0.000000e+00]) 	 loss 2.228E-02 	 horizons 9.0
step 25380 	 return [0.00221473 0.00593375 0.00265585 0.00147528 0.        ], ([2.3283064e-10 4.6566129e-10 2.3283064e-10 1.1641532e-10 0.0000000e+00]) 	 loss 2.587E-02 	 horizons 9.0
step 25470 	 return [0.         0.         0.00611183 0.00509839 0.00793829], ([0.000000e+00 0.000000e+00 4.656613e-10 4.656613e-10 9.313226e-10]) 	 loss 1.567E-02 	 horizons 9.0
step 25560 	 return [0.00105134 0.00716344 0.00180276 0.00114873 0.        ], ([0.0000000e+00 0.0000000e+00 2.3283064e-10 0.0000000e+00 0.0000000e+00]) 	 loss 2.165E-02 	 horizons 9.0
step 25650 	 return [0.         0.         0.00611183 0.00509839 0.00793829], ([0.000000e+00 0.000000e+00 4.656613e-10 4.656613e-10 9.313226e-10]) 	 loss 7.296E-02 	 horizons 9.0
step 25740 	 return [0.         0.         0.00611183 0.00509839 0.00793829], ([0.000000e+00 0.000000e+00 4.656613e-10 4.656613e-10 9.313226e-10]) 	 loss 3.342E-02 	 horizons 9.0
step 25830 	 return [0.         0.         0.00611183 0.00509839 0.00793829], ([0.000000e+00 0.000000e+00 4.656613e-10 4.656613e-10 9.313226e-10]) 	 loss 3.923E-02 	 horizons 9.0
step 25920 	 return [0.00344554 0.00548036 0.00178543 0.00113744 0.        ], ([2.1765160e-04 4.7054977e-04 1.2252360e-06 7.4104321e-07 0.0000000e+00]) 	 loss 2.053E-02 	 horizons 9.0
step 26010 	 return [0.         0.         0.00611183 0.00509839 0.00793829], ([0.000000e+00 0.000000e+00 4.656613e-10 4.656613e-10 9.313226e-10]) 	 loss 5.056E-02 	 horizons 9.0
step 26100 	 return [0.         0.00988645 0.00381756 0.00138434 0.        ], ([0.000000e+00 6.052813e-04 9.311897e-04 3.666904e-05 0.000000e+00]) 	 loss 4.021E-02 	 horizons 9.0
step 26190 	 return [0.         0.00652599 0.00496356 0.00150231 0.        ], ([0.0000000e+00 0.0000000e+00 0.0000000e+00 1.1641532e-10 0.0000000e+00]) 	 loss 3.361E-02 	 horizons 9.0
step 26280 	 return [0.00177179 0.00603207 0.00265899 0.00147685 0.        ], ([8.8589313e-04 2.0200299e-04 6.6978137e-06 3.3340534e-06 0.0000000e+00]) 	 loss 1.394E-02 	 horizons 9.0
step 26370 	 return [0.00266565 0.00622417 0.00184713 0.00162504 0.        ], ([1.4763687e-05 6.3650380e-04 5.2831939e-04 9.8645207e-05 0.0000000e+00]) 	 loss 2.841E-02 	 horizons 9.0
step 26460 	 return [0.00221473 0.00593375 0.00265585 0.00147528 0.        ], ([2.3283064e-10 4.6566129e-10 2.3283064e-10 1.1641532e-10 0.0000000e+00]) 	 loss 1.447E-02 	 horizons 9.0
step 26550 	 return [0.00107213 0.00866974 0.0031291  0.0013202  0.        ], ([2.1071172e-07 5.1306190e-05 1.6105361e-05 3.0227095e-05 0.0000000e+00]) 	 loss 1.497E-02 	 horizons 9.0
step 26640 	 return [0.00142626 0.00639935 0.00332815 0.00138555 0.        ], ([0.00087022 0.00053264 0.00085285 0.00014434 0.        ]) 	 loss 1.491E-02 	 horizons 9.0
step 26730 	 return [0.00053149 0.00680166 0.00408439 0.00132952 0.        ], ([0.00053149 0.00036425 0.00079681 0.00016429 0.        ]) 	 loss 1.688E-02 	 horizons 9.0
step 26820 	 return [0.         0.         0.00611183 0.00509839 0.00793829], ([0.000000e+00 0.000000e+00 4.656613e-10 4.656613e-10 9.313226e-10]) 	 loss 1.431E-02 	 horizons 9.0
step 26910 	 return [0.00223438 0.0073019  0.00150207 0.00169054 0.        ], ([2.3283064e-10 4.6566129e-10 1.1641532e-10 2.3283064e-10 0.0000000e+00]) 	 loss 9.404E-03 	 horizons 9.0
step 27000 	 return [0.00107208 0.00865692 0.00312508 0.00132776 0.        ], ([2.414006e-07 5.877862e-05 1.845101e-05 3.462949e-05 0.000000e+00]) 	 loss 1.321E-02 	 horizons 9.0
step 27090 	 return [0.00221473 0.00593375 0.00265585 0.00147528 0.        ], ([2.3283064e-10 4.6566129e-10 2.3283064e-10 1.1641532e-10 0.0000000e+00]) 	 loss 1.385E-02 	 horizons 9.0
step 27180 	 return [0.0026431  0.00525189 0.00265415 0.00147436 0.        ], ([0. 0. 0. 0. 0.]) 	 loss 1.655E-02 	 horizons 9.0
step 27270 	 return [0.0026431  0.00525189 0.00265415 0.00147436 0.        ], ([0. 0. 0. 0. 0.]) 	 loss 1.379E-02 	 horizons 9.0
step 27360 	 return [0.         0.         0.00611183 0.00509839 0.00793829], ([0.000000e+00 0.000000e+00 4.656613e-10 4.656613e-10 9.313226e-10]) 	 loss 1.520E-02 	 horizons 9.0
step 27450 	 return [0.00260026 0.00532008 0.00265432 0.00147445 0.        ], ([1.2851042e-04 2.0455825e-04 5.1213431e-07 2.7674250e-07 0.0000000e+00]) 	 loss 9.097E-03 	 horizons 9.0
step 27540 	 return [0.00107223 0.00869539 0.00313716 0.00130509 0.        ], ([1.1641532e-10 0.0000000e+00 2.3283064e-10 1.1641532e-10 0.0000000e+00]) 	 loss 9.984E-03 	 horizons 9.0
step 27630 	 return [0.00221473 0.00593375 0.00265585 0.00147528 0.        ], ([2.3283064e-10 4.6566129e-10 2.3283064e-10 1.1641532e-10 0.0000000e+00]) 	 loss 1.340E-02 	 horizons 9.0
step 27720 	 return [0.00106308 0.00716721 0.00412671 0.00115028 0.        ], ([2.1071172e-07 1.6476213e-05 5.1116572e-06 3.0227147e-05 0.0000000e+00]) 	 loss 1.085E-02 	 horizons 9.0
step 27810 	 return [0.         0.         0.00611183 0.00509839 0.00793829], ([0.000000e+00 0.000000e+00 4.656613e-10 4.656613e-10 9.313226e-10]) 	 loss 1.207E-02 	 horizons 9.0
step 27900 	 return [0.00267532 0.00664086 0.00150126 0.00168962 0.        ], ([2.3283064e-10 4.6566129e-10 1.1641532e-10 0.0000000e+00 0.0000000e+00]) 	 loss 1.573E-02 	 horizons 9.0
step 27990 	 return [0.00107115 0.00849457 0.00322103 0.00131379 0.        ], ([2.5611048e-06 4.3568361e-04 3.0588967e-04 8.2717786e-05 0.0000000e+00]) 	 loss 1.738E-02 	 horizons 9.0
step 28080 	 return [0.00105209 0.00827379 0.00060161 0.00130708 0.        ], ([3.9912748e-06 5.4810476e-05 1.6415179e-05 3.6185469e-05 0.0000000e+00]) 	 loss 2.105E-02 	 horizons 9.0
step 28170 	 return [0.0026431  0.00525189 0.00265415 0.00147436 0.        ], ([0. 0. 0. 0. 0.]) 	 loss 4.480E-02 	 horizons 9.0
step 28260 	 return [0.         0.0088379  0.00424432 0.00117383 0.        ], ([0.0000000e+00 1.8107890e-05 6.2663103e-06 3.0227100e-05 0.0000000e+00]) 	 loss 2.220E-02 	 horizons 9.0
step 28350 	 return [0.00106303 0.00716309 0.00412543 0.00115784 0.        ], ([1.5803379e-07 1.2357160e-05 3.8337430e-06 2.2670360e-05 0.0000000e+00]) 	 loss 4.138E-02 	 horizons 9.0
step 28440 	 return [0.         0.00730522 0.00447966 0.00160994 0.        ], ([0.         0.00077922 0.0004839  0.00010763 0.        ]) 	 loss 3.105E-02 	 horizons 9.0
step 28530 	 return [0.00223438 0.0073019  0.00150207 0.00169054 0.        ], ([2.3283064e-10 4.6566129e-10 1.1641532e-10 2.3283064e-10 0.0000000e+00]) 	 loss 3.427E-02 	 horizons 9.0
step 28620 	 return [0.00186572 0.00630266 0.00239993 0.00137732 0.        ], ([0.00053313 0.00056351 0.00039094 0.00014965 0.        ]) 	 loss 1.747E-02 	 horizons 9.0
step 28710 	 return [0.00221473 0.00593375 0.00265585 0.00147528 0.        ], ([2.3283064e-10 4.6566129e-10 2.3283064e-10 1.1641532e-10 0.0000000e+00]) 	 loss 3.680E-02 	 horizons 9.0
step 28800 	 return [0.         0.         0.00616695 0.00487564 0.00786058], ([0.000000e+00 0.000000e+00 7.311734e-05 5.404301e-04 6.073810e-04]) 	 loss 1.625E-02 	 horizons 9.0
step 28890 	 return [0.00106303 0.00716309 0.00412543 0.00115784 0.        ], ([1.5803379e-07 1.2357159e-05 3.8337430e-06 2.2670360e-05 0.0000000e+00]) 	 loss 2.022E-02 	 horizons 9.0
step 28980 	 return [0.00221473 0.00593375 0.00265585 0.00147528 0.        ], ([2.3283064e-10 4.6566129e-10 2.3283064e-10 1.1641532e-10 0.0000000e+00]) 	 loss 1.818E-02 	 horizons 9.0
step 29070 	 return [0.         0.         0.00610857 0.00517732 0.00744057], ([0.00000000e+00 0.00000000e+00 4.98357576e-06 1.20559045e-04
 7.60284660e-04]) 	 loss 1.617E-02 	 horizons 9.0
step 29160 	 return [0.00085501 0.00855349 0.00344805 0.00127545 0.        ], ([4.2752409e-04 1.0944437e-03 4.4359750e-04 7.7547505e-05 0.0000000e+00]) 	 loss 1.848E-02 	 horizons 9.0
step 29250 	 return [0.00177179 0.00603207 0.00265899 0.00147685 0.        ], ([8.8589313e-04 2.0200296e-04 6.6978146e-06 3.3340534e-06 0.0000000e+00]) 	 loss 2.875E-02 	 horizons 9.0
step 29340 	 return [0.         0.         0.00611838 0.00532206 0.00637093], ([0.0000000e+00 0.0000000e+00 5.2293995e-05 1.1823359e-04 2.7515314e-04]) 	 loss 3.014E-02 	 horizons 9.0
step 29430 	 return [0.         0.         0.00615325 0.00524324 0.00655437], ([0.0000000e+00 0.0000000e+00 7.9880403e-05 1.8060479e-04 4.2030335e-04]) 	 loss 3.052E-02 	 horizons 9.0
step 29520 	 return [0.00144116 0.00686216 0.00179268 0.00114247 0.        ], ([6.1139039e-04 1.3597774e-04 2.8559427e-06 1.8988759e-06 0.0000000e+00]) 	 loss 2.145E-02 	 horizons 9.0
step 29610 	 return [0.         0.         0.0061772  0.00504598 0.00764153], ([0.0000000e+00 0.0000000e+00 8.0068072e-05 6.4191605e-05 3.6345524e-04]) 	 loss 5.266E-02 	 horizons 9.0
step 29700 	 return [0.00106298 0.00715897 0.00412415 0.0011654  0.        ], ([0.0000000e+00 0.0000000e+00 0.0000000e+00 1.1641532e-10 0.0000000e+00]) 	 loss 3.182E-02 	 horizons 9.0
step 29790 	 return [0.         0.00652599 0.00496356 0.00150231 0.        ], ([0.0000000e+00 0.0000000e+00 0.0000000e+00 1.1641532e-10 0.0000000e+00]) 	 loss 3.708E-02 	 horizons 9.0
step 29880 	 return [0.00221473 0.00593375 0.00265585 0.00147528 0.        ], ([2.3283064e-10 4.6566129e-10 2.3283064e-10 1.1641532e-10 0.0000000e+00]) 	 loss 3.810E-02 	 horizons 9.0
step 29970 	 return [0.00105011 0.00825932 0.00060866 0.00129096 0.        ], ([1.5803380e-07 4.1977408e-05 1.1071045e-05 2.2670360e-05 0.0000000e+00]) 	 loss 3.896E-02 	 horizons 9.0
step 30060 	 return [0.00107218 0.00868257 0.00313313 0.00131265 0.        ], ([1.5803379e-07 3.8479644e-05 1.2079022e-05 2.2670325e-05 0.0000000e+00]) 	 loss 3.256E-02 	 horizons 9.0
[1;34mwandb[0m: 
[1;34mwandb[0m: 🚀 View run [33mmotndp_amsterdam-v0__GCN-amsterdam-g5-l0__42__1781501586[0m at: [34mhttps://wandb.ai/jingyuan-sun03-tu-delft/cl_ablation/runs/s5cnrvxd[0m
[1;34mwandb[0m: Find logs at: [1;35mwandb/run-20260615_073307-s5cnrvxd/logs[0m
