/home/SinJ/mo-transport-network-design/.venv/lib/python3.13/site-packages/pygame/pkgdata.py:25: UserWarning: pkg_resources is deprecated as an API. See https://setuptools.pypa.io/en/latest/pkg_resources.html. The pkg_resources package is slated for removal as early as 2025-11-30. Refrain from using this package or pin to Setuptools<81.
  from pkg_resources import resource_stream, resource_exists
wandb: [wandb.login()] Loaded credentials for https://api.wandb.ai from /home/SinJ/.netrc.
wandb: Currently logged in as: jingyuan-sun03 (jingyuan-sun03-tu-delft) to https://api.wandb.ai. Use `wandb login --relogin` to force relogin
wandb: Tracking run with wandb version 0.27.2
wandb: Run data is saved locally in /home/SinJ/mo-transport-network-design/wandb/run-20260615_092821-904184c1
wandb: Run `wandb offline` to turn off syncing.
wandb: Syncing run motndp_amsterdam-v0__GCN-amsterdam-g7-l0__456__1781508500
wandb: ⭐️ View project at https://wandb.ai/jingyuan-sun03-tu-delft/cl_ablation
wandb: 🚀 View run at https://wandb.ai/jingyuan-sun03-tu-delft/cl_ablation/runs/904184c1
/home/SinJ/mo-transport-network-design/morl-baselines/morl_baselines/multi_policy/gcn/gcn.py:151: UserWarning: Creating a tensor from a list of numpy.ndarrays is extremely slow. Please consider converting the list to a single numpy.ndarray with numpy.array() before converting to a tensor. (Triggered internally at /pytorch/torch/csrc/utils/tensor_new.cpp:253.)
  th.tensor(obs).to(self.device),
Namespace(env='amsterdam', nr_groups=7, starting_loc_x=9, starting_loc_y=19, nr_stations=10, lr=0.01, batch_size=256, num_er_episodes=100, num_step_episodes=10, num_model_updates=10, num_policies=10, max_buffer_size=200, nr_layers=1, hidden_dim=128, timesteps=30000, no_log=False, seed=456, cd_threshold=0.2, distance_ref='interpolate2', gcn_lambda=0.0, lambda_schedule='constant', lambda_start=1.0, lambda_end=None, lambda_warmup_fraction=0.0, lambda_freeze_fraction=0.1, spatial_alpha=0.0, include_demand_context=False, criterion='lorenz', nash_mode='pareto_sized', nash_top_k=None, nash_shift=0.0, project_name='cl_ablation', experiment_name='GCN-amsterdam-g7-l0', wandb_entity=None)
step 990 	 return [5.7962770e-05 8.0014952e-04 2.0696081e-03 5.3339906e-04 1.3487544e-03
 1.1760832e-03 3.9448505e-04], ([0.00017389 0.00076861 0.00253931 0.0010142  0.00156313 0.00115854
 0.00118346]) 	 loss 2.041E+00 	 horizons 9.0
step 1080 	 return [0.00047661 0.0010016  0.00226453 0.00133243 0.00175693 0.00060652
 0.00152275], ([0.0010144  0.00092011 0.00288327 0.00176882 0.00257334 0.00080494
 0.00304573]) 	 loss 1.832E+00 	 horizons 9.0
step 1170 	 return [0.00082416 0.00090107 0.00201507 0.00055779 0.00098239 0.00176957
 0.        ], ([0.00134215 0.00095595 0.0019088  0.00039458 0.00081519 0.0028513
 0.        ]) 	 loss 1.395E+00 	 horizons 9.0
step 1260 	 return [0.0004349  0.00134659 0.00174257 0.00073239 0.0012156  0.0023475
 0.00124917], ([0.00088142 0.00085602 0.00156755 0.00089557 0.00110462 0.00250934
 0.0037475 ]) 	 loss 1.213E+00 	 horizons 9.0
step 1350 	 return [0.         0.00130423 0.0021782  0.00074263 0.0013681  0.00188942
 0.        ], ([0.         0.00109484 0.00234049 0.00195584 0.00094496 0.00271531
 0.        ]) 	 loss 1.148E+00 	 horizons 9.0
step 1440 	 return [0.00035722 0.00053884 0.00281118 0.00123327 0.00172472 0.00254965
 0.00029872], ([0.00087699 0.00070236 0.00370745 0.0020407  0.00111164 0.00354062
 0.00089617]) 	 loss 1.096E+00 	 horizons 9.0
step 1530 	 return [0.         0.00135027 0.00053764 0.00023926 0.00038444 0.00097377
 0.        ], ([0.         0.00081776 0.00047976 0.00027902 0.00037118 0.00075598
 0.        ]) 	 loss 1.070E+00 	 horizons 9.0
step 1620 	 return [0.         0.00091109 0.00369635 0.00017465 0.00148063 0.00119264
 0.        ], ([0.         0.00078307 0.00307228 0.00032567 0.00105316 0.00163013
 0.        ]) 	 loss 1.042E+00 	 horizons 9.0
step 1710 	 return [0.         0.00030571 0.00116109 0.00138382 0.00310436 0.00608961
 0.00252425], ([0.         0.00091713 0.00068926 0.00237489 0.00125574 0.00388414
 0.00292117]) 	 loss 1.048E+00 	 horizons 9.0
step 1800 	 return [0.00102412 0.00169897 0.00149825 0.00015322 0.00062731 0.00101685
 0.        ], ([0.00155988 0.00095777 0.00154305 0.00027964 0.00028037 0.00063347
 0.        ]) 	 loss 9.962E-01 	 horizons 9.0
step 1890 	 return [0.00297116 0.0018344  0.003078   0.00043012 0.00091302 0.00037833
 0.        ], ([0.00191557 0.00093134 0.00263263 0.00043164 0.00031424 0.00039573
 0.        ]) 	 loss 9.634E-01 	 horizons 9.0
step 1980 	 return [0.00044039 0.00141132 0.00124096 0.00011209 0.00078028 0.00102108
 0.        ], ([0.00088085 0.00084061 0.00085902 0.00022418 0.00058561 0.00078431
 0.        ]) 	 loss 9.395E-01 	 horizons 9.0
step 2070 	 return [0.00013994 0.00164854 0.00096721 0.00012017 0.00132211 0.00174599
 0.        ], ([0.00028702 0.00079524 0.00075549 0.0002581  0.00063617 0.00055207
 0.        ]) 	 loss 9.125E-01 	 horizons 9.0
step 2160 	 return [0.         0.         0.0015657  0.00191468 0.00287451 0.00513258
 0.00344788], ([0.         0.         0.00078013 0.00140954 0.00085249 0.0027197
 0.00215575]) 	 loss 9.085E-01 	 horizons 9.0
step 2250 	 return [0.00110486 0.00151397 0.00189557 0.00029203 0.00052383 0.00034128
 0.        ], ([0.00140676 0.00076452 0.00158464 0.0003636  0.00033581 0.00037045
 0.        ]) 	 loss 8.656E-01 	 horizons 9.0
step 2340 	 return [0.00134618 0.00179864 0.00611311 0.00040032 0.00160368 0.00040636
 0.0006594 ], ([0.00143709 0.00097394 0.0017933  0.00065726 0.00089846 0.00121908
 0.0019782 ]) 	 loss 8.149E-01 	 horizons 9.0
step 2430 	 return [0.         0.         0.00124846 0.00261642 0.00309573 0.00387853
 0.0045197 ], ([0.         0.         0.00052745 0.00240716 0.0014437  0.00256843
 0.00311336]) 	 loss 7.907E-01 	 horizons 9.0
step 2520 	 return [0.         0.         0.00182645 0.00469384 0.00570952 0.00080232
 0.00539791], ([0.         0.         0.0003127  0.00162042 0.00139042 0.00124878
 0.00141705]) 	 loss 7.844E-01 	 horizons 9.0
step 2610 	 return [0.00049085 0.0011683  0.00188579 0.00032923 0.00138949 0.00113971
 0.00053818], ([0.00079818 0.00090174 0.00188827 0.00055953 0.00081429 0.00096211
 0.00161453]) 	 loss 7.416E-01 	 horizons 9.0
step 2700 	 return [0.         0.         0.00174892 0.00373554 0.00410818 0.00187706
 0.0050263 ], ([0.         0.         0.00078315 0.00154217 0.00115208 0.00191369
 0.0025358 ]) 	 loss 7.248E-01 	 horizons 9.0
step 2790 	 return [0.         0.00054611 0.00185224 0.00126383 0.00270114 0.00388039
 0.00125346], ([0.         0.00085558 0.00084204 0.00132578 0.00103553 0.00276728
 0.00221163]) 	 loss 7.373E-01 	 horizons 9.0
step 2880 	 return [0.         0.         0.00193621 0.00682653 0.00693266 0.0014389
 0.00496662], ([0.         0.         0.00031834 0.0020023  0.0006247  0.00094198
 0.00135942]) 	 loss 6.998E-01 	 horizons 9.0
step 2970 	 return [6.4376938e-05 5.1077735e-04 4.0341564e-03 3.1313964e-03 3.8685214e-03
 2.4145860e-03 2.8501195e-03], ([0.00019313 0.00089666 0.00252687 0.00238989 0.00180713 0.00229635
 0.00238298]) 	 loss 6.512E-01 	 horizons 9.0
step 3060 	 return [0.00028163 0.00171413 0.00192061 0.00059605 0.00218406 0.00269691
 0.        ], ([0.0003548  0.00066205 0.00074828 0.00119211 0.00123528 0.00248077
 0.        ]) 	 loss 6.602E-01 	 horizons 9.0
step 3150 	 return [0.0001201  0.00204521 0.00227233 0.         0.000977   0.00073356
 0.        ], ([0.00024116 0.00073636 0.00137566 0.         0.00066669 0.00081971
 0.        ]) 	 loss 6.595E-01 	 horizons 9.0
step 3240 	 return [0.00016283 0.00193175 0.00196832 0.00014631 0.00159256 0.00148878
 0.        ], ([0.00024877 0.00070665 0.00148558 0.0003094  0.00075399 0.00096097
 0.        ]) 	 loss 6.412E-01 	 horizons 9.0
step 3330 	 return [5.1041530e-05 1.8970802e-03 1.6915919e-03 6.1784248e-04 1.4827045e-03
 3.5124193e-03 0.0000000e+00], ([0.00015312 0.00048229 0.00092144 0.0012367  0.00082941 0.00270293
 0.        ]) 	 loss 6.136E-01 	 horizons 9.0
step 3420 	 return [0.00211974 0.00238667 0.00585609 0.00045396 0.00109045 0.00108803
 0.        ], ([0.00147409 0.00046834 0.00134457 0.00046197 0.00046006 0.00101031
 0.        ]) 	 loss 5.980E-01 	 horizons 9.0
step 3510 	 return [0.00300099 0.00197367 0.00476202 0.00036813 0.0011132  0.00079819
 0.        ], ([0.00151032 0.00094643 0.00227752 0.00045153 0.000289   0.00090112
 0.        ]) 	 loss 6.474E-01 	 horizons 9.0
step 3600 	 return [0.00032212 0.00160267 0.00549004 0.00062189 0.00138956 0.00037161
 0.        ], ([0.00073107 0.00094359 0.00131112 0.00057322 0.00056215 0.00066432
 0.        ]) 	 loss 6.421E-01 	 horizons 9.0
step 3690 	 return [0.00044142 0.00156321 0.00603585 0.00193935 0.00245446 0.00070869
 0.00056488], ([0.0008889  0.0011033  0.00214158 0.00223647 0.00141674 0.0017612
 0.00169465]) 	 loss 6.410E-01 	 horizons 9.0
step 3780 	 return [0.00036486 0.00131211 0.00568823 0.00365267 0.00216529 0.
 0.        ], ([0.00073284 0.00121483 0.0024552  0.00318588 0.00112018 0.
 0.        ]) 	 loss 6.115E-01 	 horizons 9.0
step 3870 	 return [0.00251625 0.00183572 0.0040469  0.00045437 0.00076856 0.00073961
 0.        ], ([0.00130479 0.00065529 0.00145663 0.00039384 0.00031375 0.00063373
 0.        ]) 	 loss 6.133E-01 	 horizons 9.0
step 3960 	 return [0.0009266  0.00175695 0.00604272 0.00239775 0.0029161  0.
 0.        ], ([0.00115347 0.00092481 0.00242899 0.00272856 0.00091426 0.
 0.        ]) 	 loss 6.112E-01 	 horizons 9.0
step 4050 	 return [0.00181588 0.00189848 0.00732484 0.00181513 0.00233768 0.0003438
 0.        ], ([0.00089022 0.00068033 0.0011603  0.0018989  0.00098285 0.00073282
 0.        ]) 	 loss 6.303E-01 	 horizons 9.0
step 4140 	 return [0.         0.         0.00207278 0.00723047 0.00656033 0.00212747
 0.00467647], ([0.0000000e+00 0.0000000e+00 5.6491895e-06 9.8099618e-04 5.9978256e-04
 6.5265206e-04 5.9917779e-04]) 	 loss 6.219E-01 	 horizons 9.0
step 4230 	 return [0.00346635 0.00120542 0.00331807 0.00080106 0.00093781 0.00123308
 0.        ], ([0.00105875 0.00101899 0.00146198 0.00028815 0.00023708 0.00090143
 0.        ]) 	 loss 5.678E-01 	 horizons 9.0
step 4320 	 return [5.5003962e-05 9.1846864e-04 2.3155934e-03 2.2599299e-03 2.5273734e-03
 5.9005800e-03 1.8791668e-03], ([0.00016501 0.00079252 0.00068502 0.00124588 0.00167334 0.00273524
 0.00236508]) 	 loss 5.913E-01 	 horizons 9.0
step 4410 	 return [0.         0.00025507 0.00533338 0.00415438 0.00223212 0.
 0.        ], ([0.         0.00037763 0.00363775 0.00231285 0.00103401 0.
 0.        ]) 	 loss 5.879E-01 	 horizons 9.0
step 4500 	 return [0.00202534 0.00236249 0.00395524 0.00020414 0.00049172 0.00036099
 0.        ], ([0.00146663 0.00068528 0.00146326 0.00032079 0.00015953 0.00047188
 0.        ]) 	 loss 5.587E-01 	 horizons 9.0
step 4590 	 return [0.00298243 0.00201566 0.00658985 0.00069332 0.00126667 0.00065407
 0.        ], ([0.00074638 0.00078577 0.00118767 0.00062028 0.00030528 0.00086484
 0.        ]) 	 loss 5.297E-01 	 horizons 9.0
step 4680 	 return [0.00375583 0.00178613 0.00321568 0.00072755 0.0009216  0.00121821
 0.        ], ([0.00121801 0.00068087 0.00204959 0.00036552 0.00020591 0.00085556
 0.        ]) 	 loss 5.394E-01 	 horizons 9.0
step 4770 	 return [0.00112273 0.00229854 0.00708937 0.00146408 0.00222555 0.
 0.        ], ([0.00107461 0.00055804 0.00086508 0.00080558 0.0007537  0.
 0.        ]) 	 loss 5.177E-01 	 horizons 9.0
step 4860 	 return [0.00308386 0.00195002 0.00665763 0.00030265 0.00141728 0.00130454
 0.        ], ([0.00077588 0.0011303  0.00115206 0.00046231 0.0005111  0.00132556
 0.        ]) 	 loss 5.084E-01 	 horizons 9.0
step 4950 	 return [0.00357161 0.00158162 0.00304744 0.00057094 0.00107042 0.00137736
 0.        ], ([0.00106042 0.0004846  0.00106782 0.00038854 0.00050992 0.00088248
 0.        ]) 	 loss 5.017E-01 	 horizons 9.0
step 5040 	 return [0.00472014 0.00097419 0.00242111 0.00076772 0.00087517 0.00160954
 0.        ], ([0.00126387 0.00121027 0.00070982 0.00027238 0.00020713 0.00065334
 0.        ]) 	 loss 5.255E-01 	 horizons 9.0
step 5130 	 return [0.00468386 0.00107882 0.00217307 0.00087024 0.00095306 0.00116755
 0.        ], ([0.00079781 0.00086192 0.00121733 0.00010424 0.00018335 0.00063154
 0.        ]) 	 loss 5.147E-01 	 horizons 9.0
step 5220 	 return [0.00198458 0.00251847 0.00420292 0.00053573 0.00108923 0.00061888
 0.        ], ([0.00134733 0.00063007 0.00105934 0.00045012 0.00027572 0.00074576
 0.        ]) 	 loss 4.562E-01 	 horizons 9.0
step 5310 	 return [0.00037853 0.0014797  0.00284866 0.00079996 0.00191006 0.00319691
 0.00029151], ([0.0004728  0.00076309 0.00089131 0.00102362 0.00083155 0.00268251
 0.00087454]) 	 loss 4.366E-01 	 horizons 9.0
step 5400 	 return [0.00026278 0.00160479 0.00667986 0.00172198 0.00168542 0.00365266
 0.        ], ([0.00060312 0.00068774 0.00235823 0.00164755 0.0009152  0.00327897
 0.        ]) 	 loss 4.169E-01 	 horizons 9.0
step 5490 	 return [0.00113318 0.00189201 0.0051442  0.00076507 0.00124133 0.00167845
 0.        ], ([9.5334835e-04 7.6975167e-04 1.3040873e-03 5.4747157e-04 8.3371509e-05
 7.8809320e-04 0.0000000e+00]) 	 loss 4.123E-01 	 horizons 9.0
step 5580 	 return [0.00272988 0.00183442 0.00322347 0.00083072 0.00102088 0.00235405
 0.        ], ([0.00084544 0.00040611 0.00105267 0.00027758 0.00011902 0.00046123
 0.        ]) 	 loss 4.196E-01 	 horizons 9.0
step 5670 	 return [0.         0.00073698 0.00453362 0.00477489 0.00316688 0.00526325
 0.00163849], ([0.         0.00073707 0.00277926 0.00215978 0.00130873 0.00360128
 0.00250482]) 	 loss 3.907E-01 	 horizons 9.0
step 5760 	 return [0.00307202 0.00119832 0.0033196  0.00095095 0.00112236 0.00229824
 0.        ], ([7.4056856e-04 8.4023474e-04 6.0441927e-04 3.0600742e-05 6.9808309e-05
 4.7349898e-04 0.0000000e+00]) 	 loss 3.778E-01 	 horizons 9.0
step 5850 	 return [0.00299795 0.00182018 0.00246265 0.00081507 0.00104898 0.00248921
 0.        ], ([3.6949152e-04 7.0298131e-04 7.1401580e-04 2.7196112e-04 8.8296059e-05
 8.1845319e-05 0.0000000e+00]) 	 loss 3.715E-01 	 horizons 9.0
step 5940 	 return [0.00335521 0.00113411 0.0031417  0.00082169 0.00106334 0.0023996
 0.        ], ([7.6710468e-04 1.2049424e-03 7.8338111e-04 2.7419694e-04 9.0399742e-05
 4.9025385e-04 0.0000000e+00]) 	 loss 3.442E-01 	 horizons 9.0
step 6030 	 return [0.00089868 0.00157327 0.00743466 0.00070689 0.0014533  0.00200298
 0.        ], ([0.00034017 0.00027483 0.00070681 0.00062598 0.00020109 0.00067007
 0.        ]) 	 loss 3.376E-01 	 horizons 9.0
step 6120 	 return [0.00300236 0.00164839 0.00234521 0.00091135 0.00103131 0.002493
 0.        ], ([3.2759539e-04 9.0400269e-04 6.6210987e-04 2.8701621e-05 6.5414526e-05
 1.0346741e-04 0.0000000e+00]) 	 loss 3.408E-01 	 horizons 9.0
step 6210 	 return [0.00384673 0.00203741 0.00310066 0.00094519 0.00110698 0.00132795
 0.        ], ([6.6575053e-04 9.4090565e-04 5.3249765e-04 3.0544958e-05 6.4222171e-05
 6.1170163e-04 0.0000000e+00]) 	 loss 3.320E-01 	 horizons 9.0
step 6300 	 return [0.00146    0.00200799 0.00709046 0.0005125  0.00136031 0.00242306
 0.        ], ([0.00093227 0.00032199 0.00102482 0.00051367 0.00011993 0.00031353
 0.        ]) 	 loss 3.264E-01 	 horizons 9.0
step 6390 	 return [0.         0.         0.00206189 0.0059968  0.00576072 0.00330134
 0.00551966], ([0.0000000e+00 0.0000000e+00 7.4253076e-06 5.5531691e-05 5.9788174e-04
 1.6884245e-03 4.9603044e-04]) 	 loss 3.219E-01 	 horizons 9.0
step 6480 	 return [0.0037578  0.00230018 0.00476354 0.00017702 0.00051072 0.00100138
 0.        ], ([6.6770363e-04 2.1056805e-04 2.1760422e-04 2.7040890e-04 5.9952003e-05
 3.1905592e-04 0.0000000e+00]) 	 loss 3.006E-01 	 horizons 9.0
step 6570 	 return [0.         0.00132604 0.00320828 0.00536879 0.0022633  0.00791269
 0.00052193], ([0.         0.00044233 0.00036858 0.00061802 0.00095436 0.00063182
 0.0015658 ]) 	 loss 2.795E-01 	 horizons 9.0
step 6660 	 return [0.         0.         0.00185942 0.00435029 0.00490958 0.00672662
 0.00545049], ([0.         0.         0.00061969 0.00132908 0.00203986 0.00325058
 0.00269781]) 	 loss 3.104E-01 	 horizons 9.0
step 6750 	 return [0.         0.         0.00202598 0.00543365 0.00547074 0.00570163
 0.00537847], ([0.         0.         0.00010696 0.00098599 0.00109045 0.00150177
 0.00053396]) 	 loss 2.755E-01 	 horizons 9.0
step 6840 	 return [0.         0.         0.00206161 0.00600729 0.00559798 0.00455152
 0.00576981], ([0.0000000e+00 0.0000000e+00 1.6851639e-06 1.6166063e-05 4.8822658e-05
 5.2149215e-04 3.1282034e-04]) 	 loss 2.605E-01 	 horizons 9.0
step 6930 	 return [0.         0.         0.00206486 0.00602754 0.00599899 0.00351521
 0.00584893], ([0.0000000e+00 0.0000000e+00 6.0490329e-06 3.1892730e-05 8.1519556e-04
 1.1218983e-03 6.3660409e-04]) 	 loss 2.694E-01 	 horizons 9.0
step 7020 	 return [0.00140982 0.00254852 0.00817809 0.00059412 0.00168648 0.00159745
 0.        ], ([0.00123957 0.00026106 0.00051574 0.00077032 0.00033978 0.00104581
 0.        ]) 	 loss 2.672E-01 	 horizons 9.0
step 7110 	 return [0.00474144 0.00292548 0.00438011 0.00011806 0.00057307 0.00083174
 0.        ], ([0.00066106 0.00073657 0.00066707 0.00023612 0.00021308 0.00030299
 0.        ]) 	 loss 2.582E-01 	 horizons 9.0
step 7200 	 return [0.00271445 0.00174807 0.00630341 0.00050942 0.00134877 0.0023217
 0.        ], ([1.2522183e-03 4.0330569e-04 7.7531283e-04 5.0994207e-04 9.9785902e-05
 3.2636488e-04 0.0000000e+00]) 	 loss 2.428E-01 	 horizons 9.0
step 7290 	 return [0.         0.         0.00206361 0.00602149 0.00592272 0.00538055
 0.00563409], ([0.0000000e+00 0.0000000e+00 1.0183568e-06 6.7019009e-06 2.4345751e-04
 6.1296677e-04 1.8070359e-05]) 	 loss 2.337E-01 	 horizons 9.0
step 7380 	 return [0.00079518 0.00168852 0.00756145 0.00063372 0.00141036 0.0023235
 0.        ], ([5.0737587e-04 2.6586029e-04 7.2047103e-04 5.1767996e-04 7.7355122e-05
 2.0820198e-04 0.0000000e+00]) 	 loss 2.014E-01 	 horizons 9.0
step 7470 	 return [0.         0.         0.00160127 0.00344899 0.00684049 0.00376382
 0.00523642], ([0.         0.         0.00030724 0.00080885 0.00157201 0.00181803
 0.00087934]) 	 loss 2.156E-01 	 horizons 9.0
step 7560 	 return [0.00308444 0.00227083 0.00460875 0.00041121 0.00045903 0.00078118
 0.        ], ([3.9052995e-04 3.1904157e-04 4.0034181e-04 2.6922108e-04 4.6677502e-05
 1.5228089e-04 0.0000000e+00]) 	 loss 2.125E-01 	 horizons 9.0
step 7650 	 return [0.0018951  0.00209354 0.00610255 0.00071414 0.00130955 0.00219723
 0.        ], ([5.7654915e-04 3.4953799e-04 6.1094941e-04 4.6809862e-04 8.5791660e-05
 6.2978029e-04 0.0000000e+00]) 	 loss 2.134E-01 	 horizons 9.0
step 7740 	 return [0.         0.         0.0023841  0.00632553 0.00591106 0.00496175
 0.00504284], ([0.         0.         0.00096416 0.00092922 0.00027055 0.00178251
 0.00168349]) 	 loss 1.780E-01 	 horizons 9.0
step 7830 	 return [6.5234723e-05 1.3608383e-03 4.2042485e-03 5.4356987e-03 1.7932411e-03
 7.1922587e-03 0.0000000e+00], ([0.0001957  0.00046808 0.00264048 0.0004105  0.00036634 0.00166712
 0.        ]) 	 loss 1.780E-01 	 horizons 9.0
step 7920 	 return [0.         0.         0.00206376 0.00602268 0.0059691  0.0054393
 0.00569969], ([0.0000000e+00 0.0000000e+00 1.0552271e-06 6.5678532e-06 2.3295583e-04
 6.9618109e-04 1.7772526e-04]) 	 loss 1.756E-01 	 horizons 9.0
step 8010 	 return [0.00074868 0.00150822 0.00566751 0.00146384 0.00119803 0.003051
 0.        ], ([0.00102548 0.00074431 0.00094644 0.00136596 0.00017611 0.00151557
 0.        ]) 	 loss 1.607E-01 	 horizons 9.0
step 8100 	 return [0.         0.         0.00199284 0.00530483 0.00353031 0.00805357
 0.006618  ], ([0.0000000e+00 0.0000000e+00 9.6419579e-05 7.8095275e-04 1.4604379e-03
 2.3200084e-03 6.5929483e-04]) 	 loss 1.598E-01 	 horizons 9.0
step 8190 	 return [0.         0.00147668 0.00333259 0.00557533 0.00193903 0.00803342
 0.        ], ([0.0000000e+00 1.9423065e-05 8.6860482e-06 3.1921429e-06 3.7334034e-05
 7.3398143e-04 0.0000000e+00]) 	 loss 1.317E-01 	 horizons 9.0
step 8280 	 return [0.         0.         0.00203052 0.00547194 0.00593899 0.00522014
 0.00521584], ([0.         0.         0.00010916 0.00098761 0.00088802 0.00097248
 0.00030841]) 	 loss 1.368E-01 	 horizons 9.0
step 8370 	 return [0.         0.00148939 0.00333827 0.00557742 0.00191459 0.00851392
 0.        ], ([0.0000000e+00 2.0764131e-05 9.2857754e-06 3.4125444e-06 3.9911756e-05
 7.8465918e-04 0.0000000e+00]) 	 loss 1.202E-01 	 horizons 9.0
step 8460 	 return [0.00178115 0.00221416 0.00761262 0.00062805 0.00138493 0.00238645
 0.        ], ([5.9388689e-04 2.5414847e-04 8.5876300e-04 5.1331037e-04 9.0894995e-05
 2.8760912e-04 0.0000000e+00]) 	 loss 1.287E-01 	 horizons 9.0
step 8550 	 return [0.         0.         0.00196796 0.00437373 0.00583026 0.00592693
 0.0055061 ], ([0.         0.         0.00017369 0.00107421 0.00228766 0.002713
 0.00108732]) 	 loss 1.144E-01 	 horizons 9.0
step 8640 	 return [0.         0.         0.00203561 0.0037573  0.00661227 0.00567764
 0.0051051 ], ([0.         0.         0.00017085 0.00064919 0.00140449 0.00203348
 0.00071075]) 	 loss 1.088E-01 	 horizons 9.0
step 8730 	 return [0.0044312  0.00305392 0.0047971  0.00017737 0.00052279 0.00108903
 0.        ], ([3.1153153e-04 3.2607804e-04 1.9891041e-04 2.7093597e-04 7.1601033e-05
 4.1228734e-04 0.0000000e+00]) 	 loss 1.060E-01 	 horizons 9.0
step 8820 	 return [0.00234839 0.002704   0.00466439 0.00068032 0.00085555 0.00147211
 0.        ], ([4.0780935e-05 8.1788625e-05 1.0812242e-03 3.6143797e-04 2.6237630e-04
 4.4505965e-04 0.0000000e+00]) 	 loss 9.398E-02 	 horizons 9.0
step 8910 	 return [0.         0.         0.00187165 0.00368557 0.00729279 0.00412776
 0.00484684], ([0.         0.         0.00019851 0.00067354 0.00143225 0.00175786
 0.00066388]) 	 loss 9.050E-02 	 horizons 9.0
step 9000 	 return [0.         0.         0.00187165 0.00368557 0.00729279 0.00412776
 0.00484684], ([0.         0.         0.00019851 0.00067354 0.00143225 0.00175786
 0.00066388]) 	 loss 7.597E-02 	 horizons 9.0
step 9090 	 return [0.         0.         0.0017968  0.00343462 0.00782394 0.00342384
 0.00463143], ([0.0000000e+00 0.0000000e+00 1.7096206e-04 8.6239903e-05 1.7455650e-04
 4.1677337e-04 1.7363765e-05]) 	 loss 7.196E-02 	 horizons 9.0
step 9180 	 return [0.         0.         0.00202163 0.00372828 0.00559679 0.00793391
 0.00566224], ([0.         0.         0.00016861 0.00065789 0.00087362 0.00056556
 0.00039185]) 	 loss 6.256E-02 	 horizons 9.0
step 9270 	 return [0.         0.         0.00191803 0.00348479 0.00719417 0.00488943
 0.00488221], ([0.         0.         0.00022084 0.00012345 0.00064076 0.00147379
 0.00041749]) 	 loss 5.721E-02 	 horizons 9.0
step 9360 	 return [0.         0.         0.0020274  0.00350682 0.00574049 0.00780198
 0.00546883], ([0.0000000e+00 0.0000000e+00 1.6976798e-04 8.3595842e-05 3.5803378e-04
 3.7216514e-04 1.2489701e-04]) 	 loss 6.221E-02 	 horizons 9.0
step 9450 	 return [0.         0.         0.00186596 0.00344388 0.00656556 0.00630268
 0.00525009], ([0.         0.         0.00021343 0.00011539 0.000722   0.00162869
 0.00041846]) 	 loss 6.078E-02 	 horizons 9.0
step 9540 	 return [0.00229187 0.0022885  0.0055704  0.00125631 0.00120586 0.00312415
 0.        ], ([0.00089851 0.00017528 0.0008804  0.00148824 0.00017934 0.00149446
 0.        ]) 	 loss 5.089E-02 	 horizons 9.0
step 9630 	 return [0.         0.         0.00211876 0.00379558 0.0063516  0.00625046
 0.00519617], ([0.0000000e+00 0.0000000e+00 3.0822623e-05 6.3034741e-04 1.3646925e-03
 2.0223141e-03 7.0361642e-04]) 	 loss 4.886E-02 	 horizons 9.0
step 9720 	 return [0.         0.         0.00178617 0.00364245 0.00738007 0.00391937
 0.00485552], ([0.         0.         0.00015157 0.00068401 0.00145382 0.00179158
 0.00066083]) 	 loss 4.948E-02 	 horizons 9.0
step 9810 	 return [0.00198456 0.00230514 0.00754771 0.00095488 0.00137919 0.00223679
 0.        ], ([1.8216024e-06 1.9330989e-06 3.4709438e-04 3.1886404e-04 5.8855589e-05
 3.7611255e-05 0.0000000e+00]) 	 loss 6.022E-02 	 horizons 9.0
step 9900 	 return [0.         0.         0.0019527  0.00400457 0.00712963 0.00414141
 0.00553003], ([0.         0.         0.00019936 0.00101581 0.00051091 0.00099967
 0.00081041]) 	 loss 6.000E-02 	 horizons 9.0
step 9990 	 return [0.         0.         0.00203237 0.00568538 0.00303612 0.0092127
 0.00683763], ([0.000000e+00 0.000000e+00 0.000000e+00 4.656613e-10 0.000000e+00
 0.000000e+00 9.313226e-10]) 	 loss 8.107E-02 	 horizons 9.0
step 10080 	 return [0.         0.         0.00205662 0.00595885 0.00545843 0.00583786
 0.00533305], ([0.000000e+00 0.000000e+00 0.000000e+00 4.656613e-10 4.656613e-10
 4.656613e-10 4.656613e-10]) 	 loss 7.428E-02 	 horizons 9.0
step 10170 	 return [0.00065235 0.0018543  0.00328277 0.0055598  0.0007583  0.0074949
 0.        ], ([0.0000000e+00 0.0000000e+00 2.3283064e-10 4.6566129e-10 5.8207661e-11
 4.6566129e-10 0.0000000e+00]) 	 loss 4.453E-02 	 horizons 9.0
step 10260 	 return [0.         0.         0.00209598 0.00358554 0.00751846 0.00415319
 0.00460105], ([0.00000000e+00 0.00000000e+00 1.28221538e-04 6.46799381e-05
 1.30917353e-04 3.12580029e-04 1.30228245e-05]) 	 loss 4.610E-02 	 horizons 9.0
step 10350 	 return [0.         0.         0.00212809 0.00381493 0.00703095 0.00475292
 0.0048208 ], ([0.0000000e+00 0.0000000e+00 3.1905296e-05 6.2348606e-04 1.3316122e-03
 1.4865929e-03 6.7227776e-04]) 	 loss 2.712E-02 	 horizons 9.0
step 10440 	 return [0.00260337 0.00237353 0.00666195 0.00104415 0.00132955 0.00218624
 0.        ], ([7.6380518e-04 9.1759546e-05 8.7461132e-04 2.7740334e-05 6.4193089e-05
 4.8024216e-05 0.0000000e+00]) 	 loss 3.202E-02 	 horizons 9.0
step 10530 	 return [0.         0.         0.00211541 0.00355873 0.00577643 0.00800124
 0.00553513], ([0.0000000e+00 0.0000000e+00 2.3283064e-10 0.0000000e+00 4.6566129e-10
 9.3132257e-10 0.0000000e+00]) 	 loss 3.492E-02 	 horizons 9.0
step 10620 	 return [0.         0.         0.00213079 0.00384797 0.00727685 0.00402395
 0.00492294], ([0.0000000e+00 0.0000000e+00 2.2145588e-05 7.2633743e-04 4.1809794e-04
 9.9620305e-04 5.5925915e-04]) 	 loss 6.489E-02 	 horizons 9.0
step 10710 	 return [0.00198162 0.00230126 0.0074982  0.00094761 0.00136283 0.00221982
 0.        ], ([6.6344792e-06 9.2236814e-06 3.7387799e-04 3.1690756e-04 7.3844436e-05
 5.3177195e-05 0.0000000e+00]) 	 loss 6.469E-02 	 horizons 9.0
step 10800 	 return [0.         0.         0.00203237 0.00568538 0.00303612 0.0092127
 0.00683763], ([0.000000e+00 0.000000e+00 0.000000e+00 4.656613e-10 0.000000e+00
 0.000000e+00 9.313226e-10]) 	 loss 7.181E-02 	 horizons 9.0
step 10890 	 return [0.         0.00131757 0.00319754 0.00558474 0.00207808 0.00789774
 0.00051504], ([0.0000000e+00 4.3918882e-04 3.8808156e-04 3.4494744e-05 3.4384383e-04
 1.0344823e-03 1.5451239e-03]) 	 loss 3.905E-02 	 horizons 9.0
step 10980 	 return [0.         0.         0.00204898 0.00526005 0.00358418 0.0089704
 0.00657713], ([0.0000000e+00 0.0000000e+00 3.3215805e-05 8.5066125e-04 1.0961264e-03
 4.8458055e-04 5.2100047e-04]) 	 loss 2.928E-02 	 horizons 9.0
step 11070 	 return [0.0021419  0.00232456 0.007282   0.00107116 0.00149239 0.00202177
 0.        ], ([4.7144966e-04 5.7634134e-05 4.9179490e-04 8.2571014e-06 3.2820736e-04
 6.7395373e-04 0.0000000e+00]) 	 loss 2.862E-02 	 horizons 9.0
step 11160 	 return [0.00198428 0.00230482 0.00743323 0.00106817 0.00138248 0.00224451
 0.        ], ([1.4875611e-06 1.6842027e-06 3.8605744e-05 8.0779847e-07 1.6165573e-06
 6.0619559e-06 0.0000000e+00]) 	 loss 2.676E-02 	 horizons 9.0
step 11250 	 return [0.         0.         0.00213872 0.0036071  0.00747482 0.00425739
 0.0045967 ], ([0.000000e+00 0.000000e+00 0.000000e+00 0.000000e+00 4.656613e-10
 0.000000e+00 4.656613e-10]) 	 loss 4.330E-02 	 horizons 9.0
step 11340 	 return [0.         0.         0.0020333  0.00568822 0.00310961 0.01100119
 0.00515041], ([0.0000000e+00 0.0000000e+00 0.0000000e+00 0.0000000e+00 2.3283064e-10
 9.3132257e-10 4.6566129e-10]) 	 loss 1.828E-02 	 horizons 9.0
step 11430 	 return [0.         0.         0.00206444 0.00602696 0.0061215  0.00588104
 0.00564885], ([0.0000000e+00 0.0000000e+00 2.3283064e-10 0.0000000e+00 0.0000000e+00
 0.0000000e+00 4.6566129e-10]) 	 loss 1.932E-02 	 horizons 9.0
step 11520 	 return [0.         0.         0.00203274 0.00568652 0.00306552 0.00992809
 0.00616274], ([0.0000000e+00 0.0000000e+00 4.5157643e-07 1.3915718e-06 3.6006004e-05
 8.7617914e-04 8.2656438e-04]) 	 loss 2.822E-02 	 horizons 9.0
step 11610 	 return [0.00198591 0.00230666 0.00747535 0.00106905 0.00138424 0.00225112
 0.        ], ([1.2984500e-06 1.4700928e-06 3.3697859e-05 7.0510436e-07 1.4110468e-06
 5.2913092e-06 0.0000000e+00]) 	 loss 3.096E-02 	 horizons 9.0
step 11700 	 return [0.00198623 0.00230703 0.00748378 0.00106922 0.00138459 0.00225244
 0.        ], ([9.7383759e-07 1.1025695e-06 2.5273395e-05 5.2882831e-07 1.0582851e-06
 3.9684815e-06 0.0000000e+00]) 	 loss 3.151E-02 	 horizons 9.0
step 11790 	 return [0.         0.         0.0020333  0.00568822 0.00310961 0.01100119
 0.00515041], ([0.0000000e+00 0.0000000e+00 0.0000000e+00 0.0000000e+00 2.3283064e-10
 9.3132257e-10 4.6566129e-10]) 	 loss 2.760E-02 	 horizons 9.0
step 11880 	 return [0.00058711 0.0018215  0.00389014 0.00511199 0.00082321 0.00697644
 0.        ], ([1.9570417e-04 9.8377554e-05 1.8221071e-03 1.3434419e-03 1.9470963e-04
 1.5554035e-03 0.0000000e+00]) 	 loss 1.773E-02 	 horizons 9.0
step 11970 	 return [0.         0.         0.00203237 0.00568538 0.00303612 0.0092127
 0.00683763], ([0.000000e+00 0.000000e+00 0.000000e+00 4.656613e-10 0.000000e+00
 0.000000e+00 9.313226e-10]) 	 loss 3.748E-02 	 horizons 9.0
step 12060 	 return [0.0035388  0.00248534 0.00559809 0.00105793 0.00136363 0.00219514
 0.        ], ([0.0000000e+00 2.3283064e-10 4.6566129e-10 1.1641532e-10 1.1641532e-10
 0.0000000e+00 0.0000000e+00]) 	 loss 4.649E-02 	 horizons 9.0
step 12150 	 return [0.0017879  0.00236277 0.00749374 0.00106945 0.00138503 0.00225393
 0.        ], ([5.9596641e-04 1.6611285e-04 4.6089290e-06 1.5014088e-07 2.6053749e-07
 5.0074885e-07 0.0000000e+00]) 	 loss 2.531E-02 	 horizons 9.0
step 12240 	 return [0.         0.         0.0020333  0.00568822 0.00310961 0.01100119
 0.00515041], ([0.0000000e+00 0.0000000e+00 0.0000000e+00 0.0000000e+00 2.3283064e-10
 9.3132257e-10 4.6566129e-10]) 	 loss 1.611E-02 	 horizons 9.0
step 12330 	 return [0.         0.         0.00211774 0.00356357 0.00594627 0.00762686
 0.00544129], ([0.0000000e+00 0.0000000e+00 6.9934404e-06 1.4509912e-05 5.0951733e-04
 1.1231576e-03 2.8152746e-04]) 	 loss 1.319E-02 	 horizons 9.0
step 12420 	 return [0.         0.         0.00206444 0.00602696 0.0061215  0.00588104
 0.00564885], ([0.0000000e+00 0.0000000e+00 2.3283064e-10 0.0000000e+00 0.0000000e+00
 0.0000000e+00 4.6566129e-10]) 	 loss 1.914E-02 	 horizons 9.0
step 12510 	 return [0.0035388  0.00248534 0.00559809 0.00105793 0.00136363 0.00219514
 0.        ], ([0.0000000e+00 2.3283064e-10 4.6566129e-10 1.1641532e-10 1.1641532e-10
 0.0000000e+00 0.0000000e+00]) 	 loss 1.127E-02 	 horizons 9.0
step 12600 	 return [0.         0.         0.0020333  0.00568822 0.00310961 0.01100119
 0.00515041], ([0.0000000e+00 0.0000000e+00 0.0000000e+00 0.0000000e+00 2.3283064e-10
 9.3132257e-10 4.6566129e-10]) 	 loss 7.121E-03 	 horizons 9.0
step 12690 	 return [0.00385375 0.00239072 0.00559668 0.00105783 0.00136346 0.00219481
 0.        ], ([6.2989088e-04 1.8922947e-04 2.8312206e-06 2.0023435e-07 3.4738332e-07
 6.6775829e-07 0.0000000e+00]) 	 loss 6.840E-03 	 horizons 9.0
step 12780 	 return [0.00198655 0.00230739 0.0074922  0.0010694  0.00138495 0.00225377
 0.        ], ([2.3283064e-10 2.3283064e-10 9.3132257e-10 0.0000000e+00 1.1641532e-10
 0.0000000e+00 0.0000000e+00]) 	 loss 9.401E-03 	 horizons 9.0
step 12870 	 return [0.0035433  0.00235513 0.0059755  0.00106012 0.00136772 0.00220653
 0.        ], ([9.8885200e-04 1.8476894e-04 7.5835706e-04 4.6434789e-06 8.6183663e-06
 2.3625653e-05 0.0000000e+00]) 	 loss 8.362E-03 	 horizons 9.0
step 12960 	 return [0.00198655 0.00230739 0.0074922  0.0010694  0.00138495 0.00225377
 0.        ], ([2.3283064e-10 2.3283064e-10 9.3132257e-10 0.0000000e+00 1.1641532e-10
 0.0000000e+00 0.0000000e+00]) 	 loss 7.553E-03 	 horizons 9.0
step 13050 	 return [0.         0.         0.00206172 0.00599474 0.00572615 0.00586503
 0.00619674], ([0.0000000e+00 0.0000000e+00 8.1692115e-06 9.6677439e-05 1.1860497e-03
 4.8024114e-05 1.6436679e-03]) 	 loss 1.159E-02 	 horizons 9.0
step 13140 	 return [0.         0.         0.00212008 0.0035684  0.00611611 0.00725247
 0.00534744], ([0.0000000e+00 0.0000000e+00 9.3245881e-06 1.9346549e-05 6.7935640e-04
 1.4975435e-03 3.7536991e-04]) 	 loss 6.381E-03 	 horizons 9.0
step 13230 	 return [0.         0.         0.00203302 0.00568737 0.00308757 0.01046464
 0.00565658], ([0.0000000e+00 0.0000000e+00 4.2241109e-07 1.3016961e-06 3.3680535e-05
 8.1959058e-04 7.7318016e-04]) 	 loss 2.437E-02 	 horizons 9.0
step 13320 	 return [0.         0.         0.00203237 0.00568538 0.00303612 0.0092127
 0.00683763], ([0.000000e+00 0.000000e+00 0.000000e+00 4.656613e-10 0.000000e+00
 0.000000e+00 9.313226e-10]) 	 loss 2.489E-02 	 horizons 9.0
step 13410 	 return [0.         0.         0.0020411  0.00577322 0.00350238 0.00715272
 0.00767329], ([0.00000000e+00 0.00000000e+00 1.03566563e-05 1.21787714e-04
 1.33002934e-03 1.68256869e-03 2.34570121e-03]) 	 loss 1.964E-02 	 horizons 9.0
step 13500 	 return [0.         0.         0.00203237 0.00568538 0.00303612 0.0092127
 0.00683763], ([0.000000e+00 0.000000e+00 0.000000e+00 4.656613e-10 0.000000e+00
 0.000000e+00 9.313226e-10]) 	 loss 3.491E-02 	 horizons 9.0
step 13590 	 return [0.         0.         0.0020332  0.00568794 0.00310226 0.01082234
 0.00531913], ([0.0000000e+00 0.0000000e+00 2.7653294e-07 8.5216016e-07 2.2049086e-05
 5.3654797e-04 5.0616520e-04]) 	 loss 2.059E-02 	 horizons 9.0
step 13680 	 return [0.         0.         0.00206435 0.00602668 0.00611404 0.00569484
 0.00581956], ([0.0000000e+00 0.0000000e+00 2.7653309e-07 8.5216016e-07 2.2367109e-05
 5.5860577e-04 5.1214686e-04]) 	 loss 3.808E-02 	 horizons 9.0
step 13770 	 return [0.         0.         0.0020961  0.00358574 0.00738365 0.00414639
 0.00502741], ([0.0000000e+00 0.0000000e+00 1.2843413e-04 6.4968182e-05 2.1858767e-04
 3.3026401e-04 8.7521557e-04]) 	 loss 6.119E-02 	 horizons 9.0
step 13860 	 return [0.00338358 0.00246754 0.0057875  0.00105907 0.00136577 0.002201
 0.        ], ([4.6567468e-04 5.3382668e-05 5.6823326e-04 3.4420284e-06 6.3937168e-06
 1.7587399e-05 0.0000000e+00]) 	 loss 5.983E-02 	 horizons 9.0
step 13950 	 return [0.00198655 0.00230739 0.0074922  0.0010694  0.00138495 0.00225377
 0.        ], ([2.3283064e-10 2.3283064e-10 9.3132257e-10 0.0000000e+00 1.1641532e-10
 0.0000000e+00 0.0000000e+00]) 	 loss 4.655E-02 	 horizons 9.0
step 14040 	 return [0.00198655 0.00230739 0.0074922  0.0010694  0.00138495 0.00225377
 0.        ], ([2.3283064e-10 2.3283064e-10 9.3132257e-10 0.0000000e+00 1.1641532e-10
 0.0000000e+00 0.0000000e+00]) 	 loss 3.913E-02 	 horizons 9.0
step 14130 	 return [0.         0.         0.00206444 0.00602696 0.0061215  0.00588104
 0.00564885], ([0.0000000e+00 0.0000000e+00 2.3283064e-10 0.0000000e+00 0.0000000e+00
 0.0000000e+00 4.6566129e-10]) 	 loss 3.614E-02 	 horizons 9.0
step 14220 	 return [0.         0.         0.00203581 0.00569906 0.00243112 0.00695924
 0.00971181], ([0.0000000e+00 0.0000000e+00 2.2573006e-06 8.9674377e-06 3.9614318e-04
 1.5774114e-03 1.9190618e-03]) 	 loss 3.658E-02 	 horizons 9.0
step 14310 	 return [0.         0.         0.0021393  0.00360817 0.00685561 0.00228188
 0.00805637], ([0.0000000e+00 0.0000000e+00 9.0328979e-07 1.3642012e-06 2.7149936e-04
 1.1374242e-06 8.9389191e-04]) 	 loss 4.332E-02 	 horizons 9.0
step 14400 	 return [0.         0.         0.00203727 0.00570486 0.00217068 0.00591172
 0.01099884], ([0.0000000e+00 0.0000000e+00 1.5527478e-07 4.6324121e-07 8.0520749e-06
 5.7228940e-04 3.8669686e-04]) 	 loss 4.955E-02 	 horizons 9.0
step 14490 	 return [0.         0.         0.00211529 0.00355856 0.00576898 0.00781849
 0.00570366], ([0.0000000e+00 0.0000000e+00 3.6789567e-07 4.9648810e-07 2.2367247e-05
 5.4825895e-04 5.0560560e-04]) 	 loss 3.640E-02 	 horizons 9.0
step 14580 	 return [0.00198623 0.00230703 0.00748378 0.00106922 0.00138459 0.00225244
 0.        ], ([9.7383759e-07 1.1025695e-06 2.5273395e-05 5.2882831e-07 1.0582852e-06
 3.9684815e-06 0.0000000e+00]) 	 loss 4.261E-02 	 horizons 9.0
step 14670 	 return [0.00198655 0.00230739 0.0074922  0.0010694  0.00138495 0.00225377
 0.        ], ([2.3283064e-10 2.3283064e-10 9.3132257e-10 0.0000000e+00 1.1641532e-10
 0.0000000e+00 0.0000000e+00]) 	 loss 2.915E-02 	 horizons 9.0
step 14760 	 return [0.00511353 0.00201226 0.00559101 0.00105743 0.00136277 0.00219347
 0.        ], ([0.0000000e+00 2.3283064e-10 4.6566129e-10 0.0000000e+00 1.1641532e-10
 2.3283064e-10 0.0000000e+00]) 	 loss 2.940E-02 	 horizons 9.0
step 14850 	 return [6.5234723e-05 1.8542961e-04 2.1582425e-03 5.6753820e-03 2.8744836e-03
 1.0650558e-02 4.6353722e-03], ([1.9570418e-04 5.5628881e-04 3.7484226e-04 3.8526297e-05 7.0539309e-04
 1.0518855e-03 1.5451239e-03]) 	 loss 3.731E-02 	 horizons 9.0
step 14940 	 return [0.0035388  0.00248534 0.00559809 0.00105793 0.00136363 0.00219514
 0.        ], ([0.0000000e+00 2.3283064e-10 4.6566129e-10 1.1641532e-10 1.1641532e-10
 0.0000000e+00 0.0000000e+00]) 	 loss 3.565E-02 	 horizons 9.0
step 15030 	 return [0.00065235 0.0018543  0.00328277 0.0055598  0.0007583  0.0074949
 0.        ], ([0.0000000e+00 0.0000000e+00 2.3283064e-10 4.6566129e-10 5.8207661e-11
 4.6566129e-10 0.0000000e+00]) 	 loss 3.407E-02 	 horizons 9.0
step 15120 	 return [0.         0.         0.00213552 0.00359991 0.00681313 0.00385113
 0.00657096], ([0.00000000e+00 0.00000000e+00 6.70946247e-06 1.49362395e-05
 9.61980782e-04 7.85938697e-04 2.09958316e-03]) 	 loss 3.651E-02 	 horizons 9.0
step 15210 	 return [0.         0.         0.00213136 0.00359209 0.00694294 0.00483228
 0.00538384], ([0.0000000e+00 0.0000000e+00 1.1244628e-05 2.2922655e-05 8.1246707e-04
 8.7817217e-04 1.2023657e-03]) 	 loss 4.105E-02 	 horizons 9.0
step 15300 	 return [0.         0.         0.00208109 0.00489877 0.00439    0.00475491
 0.00924872], ([0.0000000e+00 0.0000000e+00 4.8815025e-05 1.0569511e-03 2.2287839e-03
 1.3664553e-03 2.0245526e-03]) 	 loss 5.018E-02 	 horizons 9.0
step 15390 	 return [0.         0.         0.00211419 0.00355708 0.00570188 0.00617371
 0.00722048], ([0.0000000e+00 0.0000000e+00 2.3283064e-10 0.0000000e+00 4.6566129e-10
 4.6566129e-10 0.0000000e+00]) 	 loss 2.606E-02 	 horizons 9.0
step 15480 	 return [0.         0.         0.0020333  0.00568822 0.00310961 0.01100119
 0.00515041], ([0.0000000e+00 0.0000000e+00 0.0000000e+00 0.0000000e+00 2.3283064e-10
 9.3132257e-10 4.6566129e-10]) 	 loss 2.229E-02 	 horizons 9.0
step 15570 	 return [0.         0.         0.00211536 0.00355865 0.00577243 0.00799668
 0.00553474], ([0.0000000e+00 0.0000000e+00 1.6498380e-07 2.2952447e-07 1.2008474e-05
 1.3680943e-05 1.1731871e-06]) 	 loss 3.393E-02 	 horizons 9.0
step 15660 	 return [0.         0.         0.00206418 0.00602541 0.00606849 0.00568955
 0.00570707], ([0.0000000e+00 0.0000000e+00 8.0291642e-07 4.6569858e-06 1.5903375e-04
 5.7447486e-04 1.7466978e-04]) 	 loss 3.872E-02 	 horizons 9.0
step 15750 	 return [0.         0.         0.0020333  0.00568822 0.00310961 0.01100119
 0.00515041], ([0.0000000e+00 0.0000000e+00 0.0000000e+00 0.0000000e+00 2.3283064e-10
 9.3132257e-10 4.6566129e-10]) 	 loss 3.060E-02 	 horizons 9.0
step 15840 	 return [0.         0.         0.0020333  0.00568822 0.00310961 0.01100119
 0.00515041], ([0.0000000e+00 0.0000000e+00 0.0000000e+00 0.0000000e+00 2.3283064e-10
 9.3132257e-10 4.6566129e-10]) 	 loss 2.731E-02 	 horizons 9.0
step 15930 	 return [0.00065235 0.0018543  0.00328277 0.0055598  0.0007583  0.0074949
 0.        ], ([0.0000000e+00 0.0000000e+00 2.3283064e-10 4.6566129e-10 5.8207661e-11
 4.6566129e-10 0.0000000e+00]) 	 loss 2.498E-02 	 horizons 9.0
step 16020 	 return [0.00065235 0.0018543  0.00328277 0.0055598  0.0007583  0.0074949
 0.        ], ([0.0000000e+00 0.0000000e+00 2.3283064e-10 4.6566129e-10 5.8207661e-11
 4.6566129e-10 0.0000000e+00]) 	 loss 2.773E-02 	 horizons 9.0
step 16110 	 return [0.         0.         0.00212143 0.00356885 0.00504139 0.00440823
 0.00998873], ([0.0000000e+00 0.0000000e+00 2.4144072e-06 3.9262227e-06 2.2016327e-04
 5.8849429e-04 9.2275022e-04]) 	 loss 2.578E-02 	 horizons 9.0
step 16200 	 return [0.         0.         0.00214043 0.00360974 0.00674942 0.00424919
 0.00709649], ([0.000000e+00 0.000000e+00 0.000000e+00 0.000000e+00 9.313226e-10
 0.000000e+00 9.313226e-10]) 	 loss 2.251E-02 	 horizons 9.0
step 16290 	 return [0.         0.         0.00213107 0.0038478  0.00716174 0.00421636
 0.00519602], ([0.0000000e+00 0.0000000e+00 2.4102532e-05 7.2033546e-04 5.3802971e-04
 1.1765098e-04 9.9464727e-04]) 	 loss 2.309E-02 	 horizons 9.0
step 16380 	 return [0.00185313 0.00226208 0.00707126 0.00151844 0.00132228 0.00277788
 0.        ], ([0.00040026 0.00013593 0.00126283 0.00134712 0.00018799 0.00157234
 0.        ]) 	 loss 2.782E-02 	 horizons 9.0
step 16470 	 return [0.         0.         0.00213958 0.00360842 0.00711212 0.00425329
 0.0058466 ], ([0.0000000e+00 0.0000000e+00 8.5413916e-07 1.3224781e-06 3.6270238e-04
 4.0961895e-06 1.2498917e-03]) 	 loss 2.502E-02 	 horizons 9.0
step 16560 	 return [0.         0.         0.00207877 0.00554107 0.00618152 0.0036717
 0.00758547], ([0.0000000e+00 0.0000000e+00 3.0493269e-05 9.6610893e-04 2.6916843e-04
 6.9462677e-04 4.5892518e-04]) 	 loss 2.207E-02 	 horizons 9.0
step 16650 	 return [0.         0.         0.00211419 0.00355708 0.00570188 0.00617371
 0.00722048], ([0.0000000e+00 0.0000000e+00 2.3283064e-10 0.0000000e+00 4.6566129e-10
 4.6566129e-10 0.0000000e+00]) 	 loss 2.054E-02 	 horizons 9.0
step 16740 	 return [0.         0.         0.00209045 0.00419665 0.00495034 0.00836012
 0.00592549], ([0.0000000e+00 0.0000000e+00 3.8017824e-05 9.7460503e-04 1.2532049e-03
 5.5830186e-04 5.9713819e-04]) 	 loss 2.990E-02 	 horizons 9.0
step 16830 	 return [0.0035388  0.00248534 0.00559809 0.00105793 0.00136363 0.00219514
 0.        ], ([0.0000000e+00 2.3283064e-10 4.6566129e-10 1.1641532e-10 1.1641532e-10
 0.0000000e+00 0.0000000e+00]) 	 loss 2.215E-02 	 horizons 9.0
step 16920 	 return [0.         0.         0.00203773 0.00570625 0.00219484 0.00762859
 0.00983875], ([0.0000000e+00 0.0000000e+00 0.0000000e+00 0.0000000e+00 2.3283064e-10
 4.6566129e-10 9.3132257e-10]) 	 loss 2.750E-02 	 horizons 9.0
step 17010 	 return [0.         0.         0.00213982 0.00360894 0.00672282 0.00247913
 0.00836263], ([0.0000000e+00 0.0000000e+00 2.0291193e-07 2.6682403e-07 8.8674951e-06
 5.9002248e-04 4.2204841e-04]) 	 loss 1.833E-02 	 horizons 9.0
step 17100 	 return [0.00495606 0.00205957 0.00559172 0.00105748 0.00136285 0.00219364
 0.        ], ([4.7241812e-04 1.4192209e-04 2.1234155e-06 1.5017581e-07 2.6053760e-07
 5.0081877e-07 0.0000000e+00]) 	 loss 1.787E-02 	 horizons 9.0
step 17190 	 return [0.         0.         0.00206444 0.00602696 0.0061215  0.00588104
 0.00564885], ([0.0000000e+00 0.0000000e+00 2.3283064e-10 0.0000000e+00 0.0000000e+00
 0.0000000e+00 4.6566129e-10]) 	 loss 2.338E-02 	 horizons 9.0
step 17280 	 return [0.         0.         0.00212223 0.00357016 0.004968   0.00421207
 0.01029631], ([0.000000e+00 0.000000e+00 0.000000e+00 4.656613e-10 0.000000e+00
 0.000000e+00 0.000000e+00]) 	 loss 2.299E-02 	 horizons 9.0
step 17370 	 return [0.00354105 0.00242023 0.0057868  0.00105902 0.00136568 0.00220084
 0.        ], ([6.9922762e-04 1.4597258e-04 5.6847313e-04 3.4619331e-06 6.4278820e-06
 1.7650063e-05 0.0000000e+00]) 	 loss 2.139E-02 	 horizons 9.0
step 17460 	 return [0.         0.         0.00203237 0.00568538 0.00303612 0.0092127
 0.00683763], ([0.000000e+00 0.000000e+00 0.000000e+00 4.656613e-10 0.000000e+00
 0.000000e+00 9.313226e-10]) 	 loss 2.828E-02 	 horizons 9.0
step 17550 	 return [0.         0.         0.00206444 0.00602696 0.0061215  0.00588104
 0.00564885], ([0.0000000e+00 0.0000000e+00 2.3283064e-10 0.0000000e+00 0.0000000e+00
 0.0000000e+00 4.6566129e-10]) 	 loss 1.931E-02 	 horizons 9.0
step 17640 	 return [0.         0.         0.00213958 0.00360842 0.00711212 0.00425329
 0.0058466 ], ([0.0000000e+00 0.0000000e+00 8.5413922e-07 1.3224781e-06 3.6270238e-04
 4.0961895e-06 1.2498917e-03]) 	 loss 2.364E-02 	 horizons 9.0
step 17730 	 return [0.         0.         0.0020333  0.00568822 0.00310961 0.01100119
 0.00515041], ([0.0000000e+00 0.0000000e+00 0.0000000e+00 0.0000000e+00 2.3283064e-10
 9.3132257e-10 4.6566129e-10]) 	 loss 2.048E-02 	 horizons 9.0
step 17820 	 return [0.         0.         0.00206444 0.00602696 0.0061215  0.00588104
 0.00564885], ([0.0000000e+00 0.0000000e+00 2.3283064e-10 0.0000000e+00 0.0000000e+00
 0.0000000e+00 4.6566129e-10]) 	 loss 2.648E-02 	 horizons 9.0
step 17910 	 return [0.         0.         0.00214043 0.00360974 0.00674942 0.00424919
 0.00709649], ([0.000000e+00 0.000000e+00 0.000000e+00 0.000000e+00 9.313226e-10
 0.000000e+00 9.313226e-10]) 	 loss 1.738E-02 	 horizons 9.0
step 18000 	 return [0.         0.         0.00211293 0.00378231 0.00476139 0.00455912
 0.01007187], ([0.0000000e+00 0.0000000e+00 2.5351672e-05 6.4081122e-04 8.9172274e-04
 7.0145202e-04 9.8225684e-04]) 	 loss 1.620E-02 	 horizons 9.0
step 18090 	 return [0.         0.         0.00206444 0.00602696 0.0061215  0.00588104
 0.00564885], ([0.0000000e+00 0.0000000e+00 2.3283064e-10 0.0000000e+00 0.0000000e+00
 0.0000000e+00 4.6566129e-10]) 	 loss 1.869E-02 	 horizons 9.0
step 18180 	 return [0.         0.         0.00213976 0.00360885 0.00671986 0.00228245
 0.00850332], ([0.0000000e+00 0.0000000e+00 0.0000000e+00 0.0000000e+00 0.0000000e+00
 2.3283064e-10 9.3132257e-10]) 	 loss 1.838E-02 	 horizons 9.0
step 18270 	 return [0.         0.         0.0020333  0.00568822 0.00310961 0.01100119
 0.00515041], ([0.0000000e+00 0.0000000e+00 0.0000000e+00 0.0000000e+00 2.3283064e-10
 9.3132257e-10 4.6566129e-10]) 	 loss 2.427E-02 	 horizons 9.0
step 18360 	 return [0.         0.         0.00203237 0.00568538 0.00303612 0.0092127
 0.00683763], ([0.000000e+00 0.000000e+00 0.000000e+00 4.656613e-10 0.000000e+00
 0.000000e+00 9.313226e-10]) 	 loss 2.737E-02 	 horizons 9.0
step 18450 	 return [0.         0.         0.00206408 0.00602583 0.00609167 0.00513623
 0.00633171], ([0.0000000e+00 0.0000000e+00 4.5157643e-07 1.3915717e-06 3.6525336e-05
 9.1219938e-04 8.3633227e-04]) 	 loss 3.235E-02 	 horizons 9.0
step 18540 	 return [0.00198655 0.00230739 0.0074922  0.0010694  0.00138495 0.00225377
 0.        ], ([2.3283064e-10 2.3283064e-10 9.3132257e-10 0.0000000e+00 1.1641532e-10
 0.0000000e+00 0.0000000e+00]) 	 loss 2.578E-02 	 horizons 9.0
step 18630 	 return [0.00198655 0.00230739 0.0074922  0.0010694  0.00138495 0.00225377
 0.        ], ([2.3283064e-10 2.3283064e-10 9.3132257e-10 0.0000000e+00 1.1641532e-10
 0.0000000e+00 0.0000000e+00]) 	 loss 2.243E-02 	 horizons 9.0
step 18720 	 return [0.00185301 0.00226188 0.00717201 0.00141132 0.00133319 0.00277975
 0.        ], ([0.00040022 0.00013587 0.00133766 0.00141909 0.00019457 0.00157176
 0.        ]) 	 loss 2.233E-02 	 horizons 9.0
step 18810 	 return [0.         0.         0.00214043 0.00360974 0.00674942 0.00424919
 0.00709649], ([0.000000e+00 0.000000e+00 0.000000e+00 0.000000e+00 9.313226e-10
 0.000000e+00 9.313226e-10]) 	 loss 3.610E-02 	 horizons 9.0
step 18900 	 return [0.         0.         0.00203773 0.00570625 0.00219484 0.00762859
 0.00983875], ([0.0000000e+00 0.0000000e+00 0.0000000e+00 0.0000000e+00 2.3283064e-10
 4.6566129e-10 9.3132257e-10]) 	 loss 3.087E-02 	 horizons 9.0
step 18990 	 return [0.         0.         0.00214037 0.00360965 0.00674646 0.00405252
 0.00723717], ([0.0000000e+00 0.0000000e+00 2.0291193e-07 2.6682403e-07 8.8674942e-06
 5.9002248e-04 4.2204838e-04]) 	 loss 3.041E-02 	 horizons 9.0
step 19080 	 return [0.00511353 0.00201226 0.00559101 0.00105743 0.00136277 0.00219347
 0.        ], ([0.0000000e+00 2.3283064e-10 4.6566129e-10 0.0000000e+00 1.1641532e-10
 2.3283064e-10 0.0000000e+00]) 	 loss 2.935E-02 	 horizons 9.0
step 19170 	 return [0.         0.         0.00213416 0.00359762 0.00697515 0.00463901
 0.00562142], ([0.0000000e+00 0.0000000e+00 1.0007837e-05 2.0298894e-05 6.9587427e-04
 7.6735736e-04 1.2556233e-03]) 	 loss 1.862E-02 	 horizons 9.0
step 19260 	 return [0.         0.         0.00203237 0.00568538 0.00303612 0.0092127
 0.00683763], ([0.000000e+00 0.000000e+00 0.000000e+00 4.656613e-10 0.000000e+00
 0.000000e+00 9.313226e-10]) 	 loss 1.760E-02 	 horizons 9.0
step 19350 	 return [0.         0.         0.00211419 0.00355708 0.00570188 0.00617371
 0.00722048], ([0.0000000e+00 0.0000000e+00 2.3283064e-10 0.0000000e+00 4.6566129e-10
 4.6566129e-10 0.0000000e+00]) 	 loss 1.508E-02 	 horizons 9.0
step 19440 	 return [0.         0.         0.0020333  0.00568822 0.00310961 0.01100119
 0.00515041], ([0.0000000e+00 0.0000000e+00 0.0000000e+00 0.0000000e+00 2.3283064e-10
 9.3132257e-10 4.6566129e-10]) 	 loss 1.450E-02 	 horizons 9.0
step 19530 	 return [0.         0.         0.00211541 0.00355873 0.00577643 0.00800124
 0.00553513], ([0.0000000e+00 0.0000000e+00 2.3283064e-10 0.0000000e+00 4.6566129e-10
 9.3132257e-10 0.0000000e+00]) 	 loss 1.468E-02 	 horizons 9.0
step 19620 	 return [0.         0.         0.00206444 0.00602696 0.0061215  0.00588104
 0.00564885], ([0.0000000e+00 0.0000000e+00 2.3283064e-10 0.0000000e+00 0.0000000e+00
 0.0000000e+00 4.6566129e-10]) 	 loss 1.141E-02 	 horizons 9.0
step 19710 	 return [0.         0.         0.00211419 0.00355708 0.00570188 0.00617371
 0.00722048], ([0.0000000e+00 0.0000000e+00 2.3283064e-10 0.0000000e+00 4.6566129e-10
 4.6566129e-10 0.0000000e+00]) 	 loss 1.115E-02 	 horizons 9.0
step 19800 	 return [0.         0.         0.00212524 0.00409319 0.00662384 0.00457556
 0.00680696], ([0.0000000e+00 0.0000000e+00 3.0395106e-05 9.6688914e-04 2.5116894e-04
 6.5273797e-04 5.7905650e-04]) 	 loss 1.301E-02 	 horizons 9.0
step 19890 	 return [0.00065235 0.0018543  0.00328277 0.0055598  0.0007583  0.0074949
 0.        ], ([0.0000000e+00 0.0000000e+00 2.3283064e-10 4.6566129e-10 5.8207661e-11
 4.6566129e-10 0.0000000e+00]) 	 loss 1.400E-02 	 horizons 9.0
step 19980 	 return [0.         0.         0.00210221 0.00481789 0.00642209 0.00448557
 0.00682475], ([0.0000000e+00 0.0000000e+00 3.7952406e-05 1.2085057e-03 3.1637491e-04
 1.3372388e-03 1.0802739e-03]) 	 loss 1.310E-02 	 horizons 9.0
step 20070 	 return [0.00065948 0.001643   0.00493968 0.00379437 0.00164822 0.00526052
 0.00101836], ([0.00072765 0.00089285 0.00262662 0.00220761 0.00086632 0.00348523
 0.00203673]) 	 loss 9.505E-03 	 horizons 9.0
step 20160 	 return [0.         0.         0.0021389  0.00360736 0.00740228 0.00425657
 0.00484668], ([0.0000000e+00 0.0000000e+00 5.1248350e-07 7.9348683e-07 2.1762146e-04
 2.4577137e-06 7.4993505e-04]) 	 loss 3.274E-02 	 horizons 9.0
step 20250 	 return [0.         0.         0.00206275 0.00602152 0.00602348 0.00527579
 0.00563127], ([0.0000000e+00 0.0000000e+00 2.5897352e-06 8.3240266e-06 1.4972237e-04
 9.2453230e-04 2.6849084e-05]) 	 loss 8.573E-03 	 horizons 9.0
step 20340 	 return [0.         0.         0.00203773 0.00570625 0.00219484 0.00762859
 0.00983875], ([0.0000000e+00 0.0000000e+00 0.0000000e+00 0.0000000e+00 2.3283064e-10
 4.6566129e-10 9.3132257e-10]) 	 loss 2.343E-02 	 horizons 9.0
step 20430 	 return [0.00065235 0.0018543  0.00328277 0.0055598  0.0007583  0.0074949
 0.        ], ([0.0000000e+00 0.0000000e+00 2.3283064e-10 4.6566129e-10 5.8207661e-11
 4.6566129e-10 0.0000000e+00]) 	 loss 1.683E-02 	 horizons 9.0
step 20520 	 return [0.         0.         0.00206444 0.00602696 0.0061215  0.00588104
 0.00564885], ([0.0000000e+00 0.0000000e+00 2.3283064e-10 0.0000000e+00 0.0000000e+00
 0.0000000e+00 4.6566129e-10]) 	 loss 1.533E-02 	 horizons 9.0
step 20610 	 return [0.         0.         0.00213976 0.00360885 0.00671986 0.00228245
 0.00850332], ([0.0000000e+00 0.0000000e+00 0.0000000e+00 0.0000000e+00 0.0000000e+00
 2.3283064e-10 9.3132257e-10]) 	 loss 1.962E-02 	 horizons 9.0
step 20700 	 return [0.         0.         0.0021403  0.00360956 0.00674351 0.00385584
 0.00737785], ([0.00000000e+00 0.00000000e+00 2.70549208e-07 3.55765224e-07
 1.18233265e-05 7.86696619e-04 5.62731235e-04]) 	 loss 1.787E-02 	 horizons 9.0
step 20790 	 return [0.         0.         0.00214043 0.00360974 0.00674942 0.00424919
 0.00709649], ([0.000000e+00 0.000000e+00 0.000000e+00 0.000000e+00 9.313226e-10
 0.000000e+00 9.313226e-10]) 	 loss 2.079E-02 	 horizons 9.0
step 20880 	 return [0.0035388  0.00248534 0.00559809 0.00105793 0.00136363 0.00219514
 0.        ], ([0.0000000e+00 2.3283064e-10 4.6566129e-10 1.1641532e-10 1.1641532e-10
 0.0000000e+00 0.0000000e+00]) 	 loss 1.681E-02 	 horizons 9.0
step 20970 	 return [0.         0.         0.00211517 0.0035584  0.00576152 0.00763574
 0.0058722 ], ([0.000000e+00 0.000000e+00 4.905276e-07 6.619842e-07 2.982300e-05
 7.310118e-04 6.741408e-04]) 	 loss 1.708E-02 	 horizons 9.0
step 21060 	 return [0.         0.         0.0020333  0.00568822 0.00310961 0.01100119
 0.00515041], ([0.0000000e+00 0.0000000e+00 0.0000000e+00 0.0000000e+00 2.3283064e-10
 9.3132257e-10 4.6566129e-10]) 	 loss 1.715E-02 	 horizons 9.0
step 21150 	 return [0.         0.         0.00211541 0.00355873 0.00577643 0.00800124
 0.00553513], ([0.0000000e+00 0.0000000e+00 2.3283064e-10 0.0000000e+00 4.6566129e-10
 9.3132257e-10 0.0000000e+00]) 	 loss 1.717E-02 	 horizons 9.0
step 21240 	 return [0.00511353 0.00201226 0.00559101 0.00105743 0.00136277 0.00219347
 0.        ], ([0.0000000e+00 2.3283064e-10 4.6566129e-10 0.0000000e+00 1.1641532e-10
 2.3283064e-10 0.0000000e+00]) 	 loss 1.823E-02 	 horizons 9.0
step 21330 	 return [0.         0.         0.00203237 0.00568538 0.00303612 0.0092127
 0.00683763], ([0.000000e+00 0.000000e+00 0.000000e+00 4.656613e-10 0.000000e+00
 0.000000e+00 9.313226e-10]) 	 loss 1.747E-02 	 horizons 9.0
step 21420 	 return [0.         0.         0.00210711 0.0037714  0.0055024  0.00812239
 0.00566538], ([0.0000000e+00 0.0000000e+00 2.4911853e-05 6.3799595e-04 8.2209479e-04
 3.6343542e-04 3.9075036e-04]) 	 loss 2.141E-02 	 horizons 9.0
step 21510 	 return [0.         0.         0.0020333  0.00568822 0.00310961 0.01100119
 0.00515041], ([0.0000000e+00 0.0000000e+00 0.0000000e+00 0.0000000e+00 2.3283064e-10
 9.3132257e-10 4.6566129e-10]) 	 loss 1.090E-02 	 horizons 9.0
step 21600 	 return [0.         0.         0.0020333  0.00568822 0.00310961 0.01100119
 0.00515041], ([0.0000000e+00 0.0000000e+00 0.0000000e+00 0.0000000e+00 2.3283064e-10
 9.3132257e-10 4.6566129e-10]) 	 loss 1.986E-02 	 horizons 9.0
step 21690 	 return [0.00032958 0.00060194 0.00284071 0.005197   0.00245939 0.00841132
 0.00358185], ([0.00061067 0.00092701 0.00167149 0.00136464 0.00086868 0.0030673
 0.002345  ]) 	 loss 1.295E-02 	 horizons 9.0
step 21780 	 return [0.         0.         0.00203237 0.00568538 0.00303612 0.0092127
 0.00683763], ([0.000000e+00 0.000000e+00 0.000000e+00 4.656613e-10 0.000000e+00
 0.000000e+00 9.313226e-10]) 	 loss 3.491E-02 	 horizons 9.0
step 21870 	 return [0.00065235 0.0018543  0.00328277 0.0055598  0.0007583  0.0074949
 0.        ], ([0.0000000e+00 0.0000000e+00 2.3283064e-10 4.6566129e-10 5.8207661e-11
 4.6566129e-10 0.0000000e+00]) 	 loss 1.327E-02 	 horizons 9.0
step 21960 	 return [0.         0.         0.00211541 0.00355873 0.00577643 0.00800124
 0.00553513], ([0.0000000e+00 0.0000000e+00 2.3283064e-10 0.0000000e+00 4.6566129e-10
 9.3132257e-10 0.0000000e+00]) 	 loss 2.253E-02 	 horizons 9.0
step 22050 	 return [0.         0.         0.0020333  0.00568822 0.00310961 0.01100119
 0.00515041], ([0.0000000e+00 0.0000000e+00 0.0000000e+00 0.0000000e+00 2.3283064e-10
 9.3132257e-10 4.6566129e-10]) 	 loss 2.014E-02 	 horizons 9.0
step 22140 	 return [0.00065235 0.0018543  0.00328277 0.0055598  0.0007583  0.0074949
 0.        ], ([0.0000000e+00 0.0000000e+00 2.3283064e-10 4.6566129e-10 5.8207661e-11
 4.6566129e-10 0.0000000e+00]) 	 loss 1.147E-02 	 horizons 9.0
step 22230 	 return [0.         0.         0.00208177 0.00440882 0.00465394 0.00793301
 0.00656134], ([0.0000000e+00 0.0000000e+00 4.0337869e-05 1.0423110e-03 1.3211971e-03
 1.2587917e-03 6.9109444e-04]) 	 loss 5.540E-03 	 horizons 9.0
step 22320 	 return [0.         0.         0.0020402  0.0057377  0.00257677 0.00669078
 0.00993536], ([0.0000000e+00 0.0000000e+00 8.0866303e-06 9.6422824e-05 1.1816442e-03
 9.3889999e-04 1.5526733e-03]) 	 loss 4.387E-03 	 horizons 9.0
step 22410 	 return [0.         0.         0.00211505 0.00355823 0.00575407 0.00745299
 0.00604073], ([0.0000000e+00 0.0000000e+00 5.6196996e-07 7.5839807e-07 3.4166536e-05
 8.3747925e-04 7.7232538e-04]) 	 loss 6.485E-03 	 horizons 9.0
step 22500 	 return [0.0035388  0.00248534 0.00559809 0.00105793 0.00136363 0.00219514
 0.        ], ([0.0000000e+00 2.3283064e-10 4.6566129e-10 1.1641532e-10 1.1641532e-10
 0.0000000e+00 0.0000000e+00]) 	 loss 6.858E-03 	 horizons 9.0
step 22590 	 return [0.         0.         0.00214043 0.00360974 0.00674942 0.00424919
 0.00709649], ([0.000000e+00 0.000000e+00 0.000000e+00 0.000000e+00 9.313226e-10
 0.000000e+00 9.313226e-10]) 	 loss 5.840E-03 	 horizons 9.0
step 22680 	 return [0.         0.         0.00211419 0.00355708 0.00570188 0.00617371
 0.00722048], ([0.0000000e+00 0.0000000e+00 2.3283064e-10 0.0000000e+00 4.6566129e-10
 4.6566129e-10 0.0000000e+00]) 	 loss 7.877E-03 	 horizons 9.0
step 22770 	 return [0.         0.         0.00212062 0.00356754 0.00511477 0.0046044
 0.00968115], ([0.0000000e+00 0.0000000e+00 3.2192095e-06 5.2349646e-06 2.9355101e-04
 7.8465900e-04 1.2303333e-03]) 	 loss 6.835E-03 	 horizons 9.0
step 22860 	 return [0.         0.         0.00211541 0.00355873 0.00577643 0.00800124
 0.00553513], ([0.0000000e+00 0.0000000e+00 2.3283064e-10 0.0000000e+00 4.6566129e-10
 9.3132257e-10 0.0000000e+00]) 	 loss 4.148E-03 	 horizons 9.0
step 22950 	 return [0.         0.         0.0020333  0.00568822 0.00310961 0.01100119
 0.00515041], ([0.0000000e+00 0.0000000e+00 0.0000000e+00 0.0000000e+00 2.3283064e-10
 9.3132257e-10 4.6566129e-10]) 	 loss 8.155E-03 	 horizons 9.0
step 23040 	 return [0.         0.         0.00203237 0.00568538 0.00303612 0.0092127
 0.00683763], ([0.000000e+00 0.000000e+00 0.000000e+00 4.656613e-10 0.000000e+00
 0.000000e+00 9.313226e-10]) 	 loss 6.836E-03 	 horizons 9.0
step 23130 	 return [0.         0.         0.00203237 0.00568538 0.00303612 0.0092127
 0.00683763], ([0.000000e+00 0.000000e+00 0.000000e+00 4.656613e-10 0.000000e+00
 0.000000e+00 9.313226e-10]) 	 loss 8.642E-03 	 horizons 9.0
step 23220 	 return [0.         0.         0.00211541 0.00355873 0.00577643 0.00800124
 0.00553513], ([0.0000000e+00 0.0000000e+00 2.3283064e-10 0.0000000e+00 4.6566129e-10
 9.3132257e-10 0.0000000e+00]) 	 loss 4.116E-03 	 horizons 9.0
step 23310 	 return [0.00065235 0.0018543  0.00328277 0.0055598  0.0007583  0.0074949
 0.        ], ([0.0000000e+00 0.0000000e+00 2.3283064e-10 4.6566129e-10 5.8207661e-11
 4.6566129e-10 0.0000000e+00]) 	 loss 1.986E-02 	 horizons 9.0
step 23400 	 return [0.         0.         0.00209402 0.00505802 0.00631611 0.00332439
 0.00781493], ([0.0000000e+00 0.0000000e+00 3.7346475e-05 1.1832367e-03 3.2966264e-04
 8.5074065e-04 5.6206633e-04]) 	 loss 2.152E-02 	 horizons 9.0
step 23490 	 return [0.         0.         0.00213872 0.0036071  0.00747482 0.00425739
 0.0045967 ], ([0.000000e+00 0.000000e+00 0.000000e+00 0.000000e+00 4.656613e-10
 0.000000e+00 4.656613e-10]) 	 loss 2.023E-02 	 horizons 9.0
step 23580 	 return [0.00511353 0.00201226 0.00559101 0.00105743 0.00136277 0.00219347
 0.        ], ([0.0000000e+00 2.3283064e-10 4.6566129e-10 0.0000000e+00 1.1641532e-10
 2.3283064e-10 0.0000000e+00]) 	 loss 1.266E-02 	 horizons 9.0
step 23670 	 return [0.         0.         0.00211541 0.00355873 0.00577643 0.00800124
 0.00553513], ([0.0000000e+00 0.0000000e+00 2.3283064e-10 0.0000000e+00 4.6566129e-10
 9.3132257e-10 0.0000000e+00]) 	 loss 1.211E-02 	 horizons 9.0
step 23760 	 return [0.00495606 0.00205957 0.00559172 0.00105748 0.00136285 0.00219364
 0.        ], ([4.7241815e-04 1.4192209e-04 2.1234155e-06 1.5017581e-07 2.6053749e-07
 5.0081877e-07 0.0000000e+00]) 	 loss 2.501E-02 	 horizons 9.0
step 23850 	 return [0.         0.         0.0020372  0.00570416 0.00227897 0.007787
 0.00953864], ([0.0000000e+00 0.0000000e+00 1.6075093e-06 6.2601644e-06 2.5238379e-04
 4.7523197e-04 9.0033590e-04]) 	 loss 2.303E-02 	 horizons 9.0
step 23940 	 return [0.         0.         0.00211388 0.00355658 0.00570913 0.00760293
 0.00552341], ([0.0000000e+00 0.0000000e+00 3.0748547e-06 4.2935835e-06 1.3461336e-04
 7.9663284e-04 2.3435801e-05]) 	 loss 1.558E-02 	 horizons 9.0
step 24030 	 return [0.         0.         0.00206444 0.00602696 0.0061215  0.00588104
 0.00564885], ([0.0000000e+00 0.0000000e+00 2.3283064e-10 0.0000000e+00 0.0000000e+00
 0.0000000e+00 4.6566129e-10]) 	 loss 3.270E-02 	 horizons 9.0
step 24120 	 return [0.00065235 0.0018543  0.00328277 0.0055598  0.0007583  0.0074949
 0.        ], ([0.0000000e+00 0.0000000e+00 2.3283064e-10 4.6566129e-10 5.8207661e-11
 4.6566129e-10 0.0000000e+00]) 	 loss 1.955E-02 	 horizons 9.0
step 24210 	 return [0.         0.         0.00211541 0.00355873 0.00577643 0.00800124
 0.00553513], ([0.0000000e+00 0.0000000e+00 2.3283064e-10 0.0000000e+00 4.6566129e-10
 9.3132257e-10 0.0000000e+00]) 	 loss 2.058E-02 	 horizons 9.0
step 24300 	 return [0.         0.         0.00212183 0.00356963 0.00495126 0.00304316
 0.01106859], ([0.0000000e+00 0.0000000e+00 3.3123970e-07 4.3572163e-07 1.3668656e-05
 9.5440855e-04 6.3055899e-04]) 	 loss 2.121E-02 	 horizons 9.0
step 24390 	 return [0.00198655 0.00230739 0.0074922  0.0010694  0.00138495 0.00225377
 0.        ], ([2.3283064e-10 2.3283064e-10 9.3132257e-10 0.0000000e+00 1.1641532e-10
 0.0000000e+00 0.0000000e+00]) 	 loss 3.379E-02 	 horizons 9.0
step 24480 	 return [0.         0.         0.0020333  0.00568822 0.00310961 0.01100119
 0.00515041], ([0.0000000e+00 0.0000000e+00 0.0000000e+00 0.0000000e+00 2.3283064e-10
 9.3132257e-10 4.6566129e-10]) 	 loss 3.553E-02 	 horizons 9.0
step 24570 	 return [0.         0.         0.00212514 0.0040929  0.00661638 0.00438936
 0.00697768], ([0.0000000e+00 0.0000000e+00 3.0580159e-05 9.6632133e-04 2.6660212e-04
 5.0193921e-04 4.4964973e-04]) 	 loss 2.846E-02 	 horizons 9.0
step 24660 	 return [0.         0.         0.00210388 0.00482026 0.00654797 0.0037497
 0.00722711], ([0.0000000e+00 0.0000000e+00 4.0783969e-05 1.2039054e-03 6.6988642e-04
 7.4257178e-04 1.0951192e-03]) 	 loss 2.727E-02 	 horizons 9.0
step 24750 	 return [0.         0.         0.00206444 0.00602696 0.0061215  0.00588104
 0.00564885], ([0.0000000e+00 0.0000000e+00 2.3283064e-10 0.0000000e+00 0.0000000e+00
 0.0000000e+00 4.6566129e-10]) 	 loss 4.472E-02 	 horizons 9.0
step 24840 	 return [0.         0.         0.00204783 0.00583276 0.00372703 0.00522638
 0.00944833], ([0.0000000e+00 0.0000000e+00 1.3004035e-05 1.5683183e-04 1.9095264e-03
 7.9179433e-04 2.1093148e-03]) 	 loss 2.476E-02 	 horizons 9.0
step 24930 	 return [0.00511353 0.00201226 0.00559101 0.00105743 0.00136277 0.00219347
 0.        ], ([0.0000000e+00 2.3283064e-10 4.6566129e-10 0.0000000e+00 1.1641532e-10
 2.3283064e-10 0.0000000e+00]) 	 loss 1.709E-02 	 horizons 9.0
step 25020 	 return [0.         0.         0.00214043 0.00360974 0.00674942 0.00424919
 0.00709649], ([0.000000e+00 0.000000e+00 0.000000e+00 0.000000e+00 9.313226e-10
 0.000000e+00 9.313226e-10]) 	 loss 2.137E-02 	 horizons 9.0
step 25110 	 return [0.         0.         0.00213872 0.0036071  0.00747482 0.00425739
 0.0045967 ], ([0.000000e+00 0.000000e+00 0.000000e+00 0.000000e+00 4.656613e-10
 0.000000e+00 4.656613e-10]) 	 loss 2.379E-02 	 horizons 9.0
step 25200 	 return [0.00198655 0.00230739 0.0074922  0.0010694  0.00138495 0.00225377
 0.        ], ([2.3283064e-10 2.3283064e-10 9.3132257e-10 0.0000000e+00 1.1641532e-10
 0.0000000e+00 0.0000000e+00]) 	 loss 2.129E-02 	 horizons 9.0
step 25290 	 return [0.00416869 0.00229611 0.00559526 0.00105773 0.00136329 0.00219447
 0.        ], ([7.7145570e-04 2.3175785e-04 3.4675229e-06 2.4523601e-07 4.2545594e-07
 8.1783355e-07 0.0000000e+00]) 	 loss 1.920E-02 	 horizons 9.0
step 25380 	 return [0.         0.         0.00213872 0.0036071  0.00747482 0.00425739
 0.0045967 ], ([0.000000e+00 0.000000e+00 0.000000e+00 0.000000e+00 4.656613e-10
 0.000000e+00 4.656613e-10]) 	 loss 1.332E-02 	 horizons 9.0
step 25470 	 return [0.         0.         0.00214043 0.00360974 0.00674942 0.00424919
 0.00709649], ([0.000000e+00 0.000000e+00 0.000000e+00 0.000000e+00 9.313226e-10
 0.000000e+00 9.313226e-10]) 	 loss 1.141E-02 	 horizons 9.0
step 25560 	 return [0.00198623 0.00230703 0.00748378 0.00106922 0.00138459 0.00225244
 0.        ], ([9.7383759e-07 1.1025695e-06 2.5273395e-05 5.2882831e-07 1.0582851e-06
 3.9684815e-06 0.0000000e+00]) 	 loss 1.499E-02 	 horizons 9.0
step 25650 	 return [0.         0.         0.00203283 0.0056868  0.00307287 0.01010694
 0.00599402], ([0.0000000e+00 0.0000000e+00 4.6088829e-07 1.4202670e-06 3.6748475e-05
 8.9424656e-04 8.4360881e-04]) 	 loss 1.767E-02 	 horizons 9.0
step 25740 	 return [0.         0.         0.0020333  0.00568822 0.00310961 0.01100119
 0.00515041], ([0.0000000e+00 0.0000000e+00 0.0000000e+00 0.0000000e+00 2.3283064e-10
 9.3132257e-10 4.6566129e-10]) 	 loss 1.360E-02 	 horizons 9.0
step 25830 	 return [0.         0.         0.00214825 0.00362323 0.00751729 0.00428661
 0.00547451], ([0.0000000e+00 0.0000000e+00 1.0291420e-05 1.7631983e-05 6.9662521e-04
 4.2584110e-05 1.3290268e-03]) 	 loss 1.888E-02 	 horizons 9.0
step 25920 	 return [0.         0.         0.00206557 0.00622726 0.00617675 0.005494
 0.00551286], ([0.0000000e+00 0.0000000e+00 3.5254452e-06 6.0131133e-04 1.7948955e-04
 1.1462234e-03 4.0666785e-04]) 	 loss 1.356E-02 	 horizons 9.0
step 26010 	 return [0.0035388  0.00248534 0.00559809 0.00105793 0.00136363 0.00219514
 0.        ], ([0.0000000e+00 2.3283064e-10 4.6566129e-10 1.1641532e-10 1.1641532e-10
 0.0000000e+00 0.0000000e+00]) 	 loss 1.467E-02 	 horizons 9.0
step 26100 	 return [0.0035388  0.00248534 0.00559809 0.00105793 0.00136363 0.00219514
 0.        ], ([0.0000000e+00 2.3283064e-10 4.6566129e-10 1.1641532e-10 1.1641532e-10
 0.0000000e+00 0.0000000e+00]) 	 loss 1.128E-02 	 horizons 9.0
step 26190 	 return [0.         0.         0.00203773 0.00570625 0.00219484 0.00762859
 0.00983875], ([0.0000000e+00 0.0000000e+00 0.0000000e+00 0.0000000e+00 2.3283064e-10
 4.6566129e-10 9.3132257e-10]) 	 loss 1.061E-02 	 horizons 9.0
step 26280 	 return [0.         0.         0.00216083 0.0036448  0.0083064  0.00433863
 0.00429142], ([0.0000000e+00 0.0000000e+00 2.3283064e-10 4.6566129e-10 9.3132257e-10
 0.0000000e+00 0.0000000e+00]) 	 loss 8.547E-03 	 horizons 9.0
step 26370 	 return [0.00065235 0.0018543  0.00328277 0.0055598  0.0007583  0.0074949
 0.        ], ([0.0000000e+00 0.0000000e+00 2.3283064e-10 4.6566129e-10 5.8207661e-11
 4.6566129e-10 0.0000000e+00]) 	 loss 7.587E-03 	 horizons 9.0
step 26460 	 return [0.         0.         0.00203489 0.00569533 0.0031304  0.00826293
 0.00742141], ([0.0000000e+00 0.0000000e+00 2.0548496e-06 8.1181106e-06 7.6983684e-05
 7.7547622e-04 4.7665436e-04]) 	 loss 2.462E-03 	 horizons 9.0
step 26550 	 return [0.00065235 0.0018543  0.00328277 0.0055598  0.0007583  0.0074949
 0.        ], ([0.0000000e+00 0.0000000e+00 2.3283064e-10 4.6566129e-10 5.8207661e-11
 4.6566129e-10 0.0000000e+00]) 	 loss 1.316E-02 	 horizons 9.0
step 26640 	 return [0.00511353 0.00201226 0.00559101 0.00105743 0.00136277 0.00219347
 0.        ], ([0.0000000e+00 2.3283064e-10 4.6566129e-10 0.0000000e+00 1.1641532e-10
 2.3283064e-10 0.0000000e+00]) 	 loss 1.415E-02 	 horizons 9.0
step 26730 	 return [0.         0.         0.00212223 0.00357016 0.004968   0.00421207
 0.01029631], ([0.000000e+00 0.000000e+00 0.000000e+00 4.656613e-10 0.000000e+00
 0.000000e+00 0.000000e+00]) 	 loss 1.042E-02 	 horizons 9.0
step 26820 	 return [0.00511353 0.00201226 0.00559101 0.00105743 0.00136277 0.00219347
 0.        ], ([0.0000000e+00 2.3283064e-10 4.6566129e-10 0.0000000e+00 1.1641532e-10
 2.3283064e-10 0.0000000e+00]) 	 loss 5.726E-03 	 horizons 9.0
step 26910 	 return [0.         0.         0.00214043 0.00360974 0.00674942 0.00424919
 0.00709649], ([0.000000e+00 0.000000e+00 0.000000e+00 0.000000e+00 9.313226e-10
 0.000000e+00 9.313226e-10]) 	 loss 5.780E-03 	 horizons 9.0
step 27000 	 return [0.00198655 0.00230739 0.0074922  0.0010694  0.00138495 0.00225377
 0.        ], ([2.3283064e-10 2.3283064e-10 9.3132257e-10 0.0000000e+00 1.1641532e-10
 0.0000000e+00 0.0000000e+00]) 	 loss 4.309E-03 	 horizons 9.0
step 27090 	 return [0.         0.         0.00217128 0.00366059 0.00757352 0.00773996
 0.0047391 ], ([0.0000000e+00 0.0000000e+00 3.4837285e-06 5.2643936e-06 2.4429307e-04
 1.1337751e-03 1.4922512e-04]) 	 loss 1.111E-02 	 horizons 9.0
step 27180 	 return [0.         0.         0.0020333  0.00568822 0.00310961 0.01100119
 0.00515041], ([0.0000000e+00 0.0000000e+00 0.0000000e+00 0.0000000e+00 2.3283064e-10
 9.3132257e-10 4.6566129e-10]) 	 loss 2.065E-01 	 horizons 9.0
step 27270 	 return [0.         0.         0.00204591 0.0058481  0.00444084 0.00724881
 0.00553867], ([0.0000000e+00 0.0000000e+00 1.2884364e-05 1.6070383e-04 1.3540968e-03
 3.4223828e-03 4.8027394e-04]) 	 loss 5.638E-02 	 horizons 9.0
step 27360 	 return [0.         0.         0.00203773 0.00570625 0.00219484 0.00762859
 0.00983875], ([0.0000000e+00 0.0000000e+00 0.0000000e+00 0.0000000e+00 2.3283064e-10
 4.6566129e-10 9.3132257e-10]) 	 loss 5.599E-02 	 horizons 9.0
step 27450 	 return [0.         0.         0.00212367 0.00357558 0.00613343 0.00481336
 0.00741081], ([0.00000000e+00 0.00000000e+00 1.06891175e-05 2.18870828e-05
 5.74686623e-04 1.24555326e-03 6.15188037e-04]) 	 loss 3.638E-02 	 horizons 9.0
step 27540 	 return [0.         0.         0.00203405 0.00569201 0.00309897 0.00857952
 0.00722682], ([0.0000000e+00 0.0000000e+00 2.0548493e-06 8.1181106e-06 7.6983684e-05
 7.7547616e-04 4.7665439e-04]) 	 loss 2.549E-02 	 horizons 9.0
step 27630 	 return [0.         0.         0.00217244 0.00366234 0.00749209 0.00811788
 0.00478884], ([0.000000e+00 0.000000e+00 0.000000e+00 4.656613e-10 0.000000e+00
 0.000000e+00 4.656613e-10]) 	 loss 3.457E-02 	 horizons 9.0
step 27720 	 return [0.00065235 0.0018543  0.00328277 0.0055598  0.0007583  0.0074949
 0.        ], ([0.0000000e+00 0.0000000e+00 2.3283064e-10 4.6566129e-10 5.8207661e-11
 4.6566129e-10 0.0000000e+00]) 	 loss 3.765E-02 	 horizons 9.0
step 27810 	 return [0.00198655 0.00230739 0.0074922  0.0010694  0.00138495 0.00225377
 0.        ], ([2.3283064e-10 2.3283064e-10 9.3132257e-10 0.0000000e+00 1.1641532e-10
 0.0000000e+00 0.0000000e+00]) 	 loss 1.984E-02 	 horizons 9.0
step 27900 	 return [0.         0.         0.00203573 0.00569864 0.00316183 0.00794635
 0.007616  ], ([0.0000000e+00 0.0000000e+00 1.6777775e-06 6.6284092e-06 6.2856918e-05
 6.3317362e-04 3.8918667e-04]) 	 loss 1.593E-02 	 horizons 9.0
step 27990 	 return [0.         0.         0.0020333  0.00568822 0.00310961 0.01100119
 0.00515041], ([0.0000000e+00 0.0000000e+00 0.0000000e+00 0.0000000e+00 2.3283064e-10
 9.3132257e-10 4.6566129e-10]) 	 loss 1.964E-02 	 horizons 9.0
step 28080 	 return [0.         0.         0.00212235 0.00357339 0.00617868 0.00540265
 0.00678677], ([0.00000000e+00 0.00000000e+00 1.12534235e-05 2.28587232e-05
 7.17016344e-04 9.44405270e-04 1.13897747e-03]) 	 loss 2.063E-02 	 horizons 9.0
step 28170 	 return [0.         0.         0.00217244 0.00366234 0.00749209 0.00811788
 0.00478884], ([0.000000e+00 0.000000e+00 0.000000e+00 4.656613e-10 0.000000e+00
 0.000000e+00 4.656613e-10]) 	 loss 2.203E-02 	 horizons 9.0
step 28260 	 return [0.00198655 0.00230739 0.0074922  0.0010694  0.00138495 0.00225377
 0.        ], ([2.3283064e-10 2.3283064e-10 9.3132257e-10 0.0000000e+00 1.1641532e-10
 0.0000000e+00 0.0000000e+00]) 	 loss 1.580E-02 	 horizons 9.0
step 28350 	 return [0.         0.         0.00206582 0.00535334 0.00462932 0.00679381
 0.00692187], ([0.0000000e+00 0.0000000e+00 4.6523550e-05 8.6898479e-04 1.8080708e-03
 1.6730328e-03 1.1382792e-03]) 	 loss 1.846E-02 	 horizons 9.0
step 28440 	 return [0.         0.         0.00203727 0.00570486 0.00217068 0.00591172
 0.01099884], ([0.0000000e+00 0.0000000e+00 1.5527478e-07 4.6324121e-07 8.0520749e-06
 5.7228934e-04 3.8669686e-04]) 	 loss 2.241E-02 	 horizons 9.0
step 28530 	 return [0.         0.         0.00211298 0.00480323 0.00636757 0.00652563
 0.00531428], ([0.0000000e+00 0.0000000e+00 5.9935046e-05 1.1445472e-03 1.3687088e-03
 2.1964407e-03 6.3290517e-04]) 	 loss 2.172E-02 	 horizons 9.0
step 28620 	 return [0.         0.         0.00211541 0.00355873 0.00577643 0.00800124
 0.00553513], ([0.0000000e+00 0.0000000e+00 2.3283064e-10 0.0000000e+00 4.6566129e-10
 9.3132257e-10 0.0000000e+00]) 	 loss 2.456E-02 	 horizons 9.0
step 28710 	 return [0.0035388  0.00248534 0.00559809 0.00105793 0.00136363 0.00219514
 0.        ], ([0.0000000e+00 2.3283064e-10 4.6566129e-10 1.1641532e-10 1.1641532e-10
 0.0000000e+00 0.0000000e+00]) 	 loss 1.798E-02 	 horizons 9.0
step 28800 	 return [0.00026094 0.00074172 0.00252861 0.00560098 0.00181678 0.00932555
 0.00292649], ([3.1958357e-04 9.0841582e-04 6.1577087e-04 3.6584763e-05 8.6990470e-04
 1.5842954e-03 2.3906229e-03]) 	 loss 1.759E-02 	 horizons 9.0
step 28890 	 return [0.         0.         0.00216    0.00364093 0.00731707 0.00733412
 0.00482504], ([0.0000000e+00 0.0000000e+00 1.9943265e-05 3.5009158e-05 5.1359035e-04
 1.5387542e-03 2.4853059e-04]) 	 loss 4.567E-02 	 horizons 9.0
step 28980 	 return [0.         0.         0.0020333  0.00568822 0.00310961 0.01100119
 0.00515041], ([0.0000000e+00 0.0000000e+00 0.0000000e+00 0.0000000e+00 2.3283064e-10
 9.3132257e-10 4.6566129e-10]) 	 loss 2.057E-02 	 horizons 9.0
step 29070 	 return [0.         0.         0.00206444 0.00602696 0.0061215  0.00588104
 0.00564885], ([0.0000000e+00 0.0000000e+00 2.3283064e-10 0.0000000e+00 0.0000000e+00
 0.0000000e+00 4.6566129e-10]) 	 loss 2.605E-02 	 horizons 9.0
step 29160 	 return [0.00511353 0.00201226 0.00559101 0.00105743 0.00136277 0.00219347
 0.        ], ([0.0000000e+00 2.3283064e-10 4.6566129e-10 0.0000000e+00 1.1641532e-10
 2.3283064e-10 0.0000000e+00]) 	 loss 2.164E-02 	 horizons 9.0
step 29250 	 return [0.         0.         0.00203773 0.00570625 0.00219484 0.00762859
 0.00983875], ([0.0000000e+00 0.0000000e+00 0.0000000e+00 0.0000000e+00 2.3283064e-10
 4.6566129e-10 9.3132257e-10]) 	 loss 2.526E-02 	 horizons 9.0
step 29340 	 return [0.         0.         0.00217244 0.00366234 0.00749209 0.00811788
 0.00478884], ([0.000000e+00 0.000000e+00 0.000000e+00 4.656613e-10 0.000000e+00
 0.000000e+00 4.656613e-10]) 	 loss 2.095E-02 	 horizons 9.0
step 29430 	 return [0.         0.         0.00211419 0.00355708 0.00570188 0.00617371
 0.00722048], ([0.0000000e+00 0.0000000e+00 2.3283064e-10 0.0000000e+00 4.6566129e-10
 4.6566129e-10 0.0000000e+00]) 	 loss 1.212E-02 	 horizons 9.0
step 29520 	 return [0.0035388  0.00248534 0.00559809 0.00105793 0.00136363 0.00219514
 0.        ], ([0.0000000e+00 2.3283064e-10 4.6566129e-10 1.1641532e-10 1.1641532e-10
 0.0000000e+00 0.0000000e+00]) 	 loss 1.174E-02 	 horizons 9.0
step 29610 	 return [0.         0.         0.00206352 0.00602412 0.00604694 0.00401902
 0.007356  ], ([0.0000000e+00 0.0000000e+00 2.3283064e-10 4.6566129e-10 0.0000000e+00
 0.0000000e+00 0.0000000e+00]) 	 loss 7.510E-03 	 horizons 9.0
step 29700 	 return [0.00198655 0.00230739 0.0074922  0.0010694  0.00138495 0.00225377
 0.        ], ([2.3283064e-10 2.3283064e-10 9.3132257e-10 0.0000000e+00 1.1641532e-10
 0.0000000e+00 0.0000000e+00]) 	 loss 8.161E-03 	 horizons 9.0
step 29790 	 return [0.00065235 0.0018543  0.00328277 0.0055598  0.0007583  0.0074949
 0.        ], ([0.0000000e+00 0.0000000e+00 2.3283064e-10 4.6566129e-10 5.8207661e-11
 4.6566129e-10 0.0000000e+00]) 	 loss 1.005E-02 	 horizons 9.0
step 29880 	 return [0.0035388  0.00248534 0.00559809 0.00105793 0.00136363 0.00219514
 0.        ], ([0.0000000e+00 2.3283064e-10 4.6566129e-10 1.1641532e-10 1.1641532e-10
 0.0000000e+00 0.0000000e+00]) 	 loss 9.046E-03 	 horizons 9.0
step 29970 	 return [0.00198655 0.00230739 0.0074922  0.0010694  0.00138495 0.00225377
 0.        ], ([2.3283064e-10 2.3283064e-10 9.3132257e-10 0.0000000e+00 1.1641532e-10
 0.0000000e+00 0.0000000e+00]) 	 loss 7.031E-03 	 horizons 9.0
step 30060 	 return [0.00322835 0.00244975 0.00597691 0.00106022 0.0013679  0.00220687
 0.        ], ([6.2089961e-04 7.1176888e-05 7.5764419e-04 4.5893712e-06 8.5249540e-06
 2.3449868e-05 0.0000000e+00]) 	 loss 9.553E-03 	 horizons 9.0
[1;34mwandb[0m: 
[1;34mwandb[0m: 🚀 View run [33mmotndp_amsterdam-v0__GCN-amsterdam-g7-l0__456__1781508500[0m at: [34mhttps://wandb.ai/jingyuan-sun03-tu-delft/cl_ablation/runs/904184c1[0m
[1;34mwandb[0m: Find logs at: [1;35mwandb/run-20260615_092821-904184c1/logs[0m
