/home/SinJ/mo-transport-network-design/.venv/lib/python3.13/site-packages/pygame/pkgdata.py:25: UserWarning: pkg_resources is deprecated as an API. See https://setuptools.pypa.io/en/latest/pkg_resources.html. The pkg_resources package is slated for removal as early as 2025-11-30. Refrain from using this package or pin to Setuptools<81.
  from pkg_resources import resource_stream, resource_exists
wandb: [wandb.login()] Loaded credentials for https://api.wandb.ai from /home/SinJ/.netrc.
wandb: Currently logged in as: jingyuan-sun03 (jingyuan-sun03-tu-delft) to https://api.wandb.ai. Use `wandb login --relogin` to force relogin
wandb: setting up run oxiegrl9
wandb: Tracking run with wandb version 0.27.2
wandb: Run data is saved locally in /home/SinJ/mo-transport-network-design/wandb/run-20260615_104908-oxiegrl9
wandb: Run `wandb offline` to turn off syncing.
wandb: Syncing run motndp_amsterdam-v0__GCN-amsterdam-g7-spatiotemporal__42__1781513348
wandb: ⭐️ View project at https://wandb.ai/jingyuan-sun03-tu-delft/cl_ablation
wandb: 🚀 View run at https://wandb.ai/jingyuan-sun03-tu-delft/cl_ablation/runs/oxiegrl9
/home/SinJ/mo-transport-network-design/morl-baselines/morl_baselines/multi_policy/gcn/gcn.py:151: UserWarning: Creating a tensor from a list of numpy.ndarrays is extremely slow. Please consider converting the list to a single numpy.ndarray with numpy.array() before converting to a tensor. (Triggered internally at /pytorch/torch/csrc/utils/tensor_new.cpp:253.)
  th.tensor(obs).to(self.device),
Namespace(env='amsterdam', nr_groups=7, starting_loc_x=9, starting_loc_y=19, nr_stations=10, lr=0.01, batch_size=256, num_er_episodes=100, num_step_episodes=10, num_model_updates=10, num_policies=10, max_buffer_size=200, nr_layers=1, hidden_dim=128, timesteps=30000, no_log=False, seed=42, cd_threshold=0.2, distance_ref='interpolate2', gcn_lambda=0.0, lambda_schedule='cosine', lambda_start=1.0, lambda_end=0.0, lambda_warmup_fraction=0.1, lambda_freeze_fraction=0.1, spatial_alpha=0.5, include_demand_context=False, criterion='lorenz', nash_mode='pareto_sized', nash_top_k=None, nash_shift=0.0, project_name='cl_ablation', experiment_name='GCN-amsterdam-g7-spatiotemporal', wandb_entity=None)
step 990 	 return [0.00058176 0.00052442 0.00190984 0.00145842 0.00276132 0.00202602
 0.00183191], ([0.00117719 0.00108773 0.00220051 0.00202355 0.00268849 0.00255328
 0.00290433]) 	 loss 2.019E+00 	 horizons 9.0
step 1080 	 return [0.00025604 0.00021666 0.0025732  0.00028982 0.00212603 0.00297949
 0.0014876 ], ([0.00052408 0.00054781 0.00303639 0.00070929 0.00116622 0.00246984
 0.00299335]) 	 loss 1.840E+00 	 horizons 9.0
step 1170 	 return [0.         0.00115503 0.0014275  0.00026731 0.00053228 0.00146817
 0.        ], ([0.         0.00129959 0.00160015 0.00029087 0.000921   0.00277115
 0.        ]) 	 loss 1.393E+00 	 horizons 9.0
step 1260 	 return [0.00020725 0.00026213 0.00401978 0.00190121 0.00205874 0.00172999
 0.0019456 ], ([0.00062175 0.00078638 0.00329495 0.00246019 0.00151477 0.00203423
 0.00307697]) 	 loss 1.229E+00 	 horizons 9.0
step 1350 	 return [0.0000000e+00 8.7455395e-05 1.2642242e-03 2.2978403e-03 3.1115727e-03
 4.5652911e-03 3.8959426e-03], ([0.         0.00026237 0.00099019 0.00271235 0.00173033 0.0032668
 0.0030384 ]) 	 loss 1.123E+00 	 horizons 9.0
step 1440 	 return [0.00021739 0.00088425 0.00567536 0.00119134 0.00142419 0.00173315
 0.00031391], ([0.00065218 0.00094929 0.00361055 0.00180403 0.00091223 0.00300696
 0.00094173]) 	 loss 1.074E+00 	 horizons 9.0
step 1530 	 return [0.00192619 0.00060222 0.00093816 0.00055837 0.0010271  0.00152973
 0.00046602], ([0.00181181 0.00070047 0.00194633 0.00037805 0.00074766 0.00287016
 0.00139807]) 	 loss 1.043E+00 	 horizons 9.0
step 1620 	 return [0.0000000e+00 5.8970025e-05 4.0237475e-03 2.5189209e-03 2.6584368e-03
 1.8050466e-03 1.9111704e-03], ([0.         0.00017691 0.00255782 0.00248789 0.00139052 0.00277829
 0.00319256]) 	 loss 1.005E+00 	 horizons 9.0
step 1710 	 return [0.         0.00077843 0.00190846 0.00102148 0.00190689 0.00224184
 0.        ], ([0.         0.00100074 0.00218692 0.00224525 0.0014625  0.00182883
 0.        ]) 	 loss 1.002E+00 	 horizons 9.0
step 1800 	 return [0.00051239 0.00085758 0.00455864 0.0002201  0.00156403 0.00186481
 0.00038469], ([0.00103703 0.00098209 0.00376931 0.00045292 0.00110309 0.00177842
 0.00115408]) 	 loss 9.693E-01 	 horizons 9.0
step 1890 	 return [0.0000000e+00 6.8019272e-04 2.4376218e-03 4.6167806e-05 2.5446112e-03
 3.7216961e-03 1.9901099e-04], ([0.         0.00086983 0.00235544 0.0001385  0.00122029 0.00315453
 0.00059703]) 	 loss 9.299E-01 	 horizons 9.0
step 1980 	 return [0.         0.         0.0050016  0.00547907 0.00411994 0.00188159
 0.00205087], ([0.         0.         0.00383018 0.00217185 0.00191655 0.00290394
 0.0027764 ]) 	 loss 9.347E-01 	 horizons 9.0
step 2070 	 return [0.00115392 0.00150765 0.00302376 0.00034105 0.00108465 0.00169104
 0.        ], ([0.00107565 0.00137122 0.00319513 0.00041782 0.0008825  0.00189112
 0.        ]) 	 loss 9.155E-01 	 horizons 9.0
step 2160 	 return [0.         0.00047305 0.00576635 0.00118352 0.00131461 0.00098962
 0.00053959], ([0.         0.00091264 0.00342308 0.00161916 0.00114318 0.00156811
 0.00110237]) 	 loss 9.083E-01 	 horizons 9.0
step 2250 	 return [0.0000000e+00 4.9376231e-05 9.2192236e-03 3.3764844e-03 2.4020993e-03
 2.2286377e-04 0.0000000e+00], ([0.         0.00014813 0.00075275 0.00320466 0.00094293 0.00066859
 0.        ]) 	 loss 8.772E-01 	 horizons 9.0
step 2340 	 return [0.0000000e+00 3.7764472e-05 5.4975888e-03 5.8734068e-03 3.0128593e-03
 0.0000000e+00 9.9326181e-04], ([0.         0.00011329 0.00381299 0.00251931 0.00220834 0.
 0.00297979]) 	 loss 8.541E-01 	 horizons 9.0
step 2430 	 return [0.00171033 0.00246557 0.00467636 0.00050183 0.00089295 0.00110829
 0.        ], ([0.00160006 0.00060344 0.00294943 0.00043215 0.000357   0.00107066
 0.        ]) 	 loss 8.538E-01 	 horizons 9.0
step 2520 	 return [0.         0.00022466 0.00158983 0.00063236 0.00297912 0.00702318
 0.00181754], ([0.         0.00067397 0.00097964 0.00096645 0.00090612 0.00162278
 0.00209138]) 	 loss 8.468E-01 	 horizons 9.0
step 2610 	 return [0.         0.0003547  0.00735917 0.00243779 0.00153212 0.00020757
 0.        ], ([0.         0.00047794 0.00195045 0.0021277  0.00053749 0.00062271
 0.        ]) 	 loss 7.917E-01 	 horizons 9.0
step 2700 	 return [0.         0.00019613 0.00126851 0.         0.00317112 0.00655
 0.00100462], ([0.         0.00058838 0.00080532 0.         0.00077659 0.00237262
 0.00138279]) 	 loss 7.805E-01 	 horizons 9.0
step 2790 	 return [0.         0.0001651  0.00836657 0.0011337  0.00154823 0.0003286
 0.        ], ([0.         0.00039039 0.00200143 0.0020788  0.00047783 0.00068731
 0.        ]) 	 loss 7.474E-01 	 horizons 9.0
step 2880 	 return [0.         0.00022466 0.00170055 0.00021849 0.00334318 0.00698166
 0.0027691 ], ([0.         0.00067397 0.00067336 0.00065548 0.00081079 0.00226152
 0.00257838]) 	 loss 7.569E-01 	 horizons 9.0
step 2970 	 return [0.         0.00020731 0.00514311 0.00665419 0.00243454 0.
 0.        ], ([0.         0.00029064 0.00293149 0.00340899 0.00086572 0.
 0.        ]) 	 loss 7.188E-01 	 horizons 9.0
step 3060 	 return [0.         0.00155189 0.00363715 0.00065616 0.00138691 0.0011546
 0.        ], ([0.         0.00119922 0.00270376 0.00107027 0.00089589 0.00094115
 0.        ]) 	 loss 6.988E-01 	 horizons 9.0
step 3150 	 return [0.         0.         0.00232861 0.01050982 0.00673679 0.00479417
 0.00414395], ([0.         0.         0.0006856  0.00242515 0.00067864 0.00249114
 0.00265384]) 	 loss 7.047E-01 	 horizons 9.0
step 3240 	 return [3.4248969e-04 9.4895699e-04 6.1747171e-03 9.7107491e-05 1.2643884e-03
 3.7320150e-04 0.0000000e+00], ([0.00068498 0.00073995 0.0017994  0.00029132 0.00066471 0.0005827
 0.        ]) 	 loss 6.891E-01 	 horizons 9.0
step 3330 	 return [0.         0.00044051 0.00137573 0.00020738 0.00308045 0.00676932
 0.0012709 ], ([0.         0.00073037 0.00159067 0.00062214 0.00060315 0.00323882
 0.0015596 ]) 	 loss 6.687E-01 	 horizons 9.0
step 3420 	 return [0.         0.         0.00315556 0.00825662 0.00446344 0.00057883
 0.00290137], ([0.         0.         0.00187423 0.00492167 0.00083639 0.00173648
 0.00312694]) 	 loss 6.713E-01 	 horizons 9.0
step 3510 	 return [0.00077551 0.0013503  0.00310966 0.00038654 0.00150983 0.00281371
 0.00019924], ([0.00088368 0.00088085 0.00195066 0.00047348 0.00059297 0.00168307
 0.00059772]) 	 loss 6.367E-01 	 horizons 9.0
step 3600 	 return [0.         0.         0.0023203  0.00807448 0.00720874 0.00633188
 0.00398983], ([0.         0.         0.00051054 0.00384064 0.0007163  0.00040243
 0.00192517]) 	 loss 6.564E-01 	 horizons 9.0
step 3690 	 return [6.5234723e-05 6.0143648e-04 2.4191688e-03 1.6581487e-03 2.8401301e-03
 8.3409371e-03 3.7360128e-03], ([0.0001957  0.0009206  0.00103223 0.00223189 0.0012224  0.00169875
 0.00309617]) 	 loss 6.154E-01 	 horizons 9.0
step 3780 	 return [0.         0.         0.00263685 0.00974465 0.00656152 0.00465675
 0.00306986], ([0.         0.         0.00116781 0.00372147 0.00111461 0.00238069
 0.00230906]) 	 loss 6.138E-01 	 horizons 9.0
step 3870 	 return [0.00012863 0.00188133 0.00568817 0.00164121 0.00165953 0.00287124
 0.        ], ([0.0002573  0.00096706 0.00155712 0.00217781 0.00088428 0.00309026
 0.        ]) 	 loss 5.449E-01 	 horizons 9.0
step 3960 	 return [9.5579984e-05 6.2081602e-04 1.3559435e-03 3.4105062e-04 3.1213013e-03
 6.5628975e-03 5.0371944e-04], ([0.00028674 0.00095003 0.00143303 0.00071397 0.00086017 0.00266918
 0.00102623]) 	 loss 5.278E-01 	 horizons 9.0
step 4050 	 return [0.00298463 0.00106495 0.00154609 0.00073669 0.00096689 0.00184952
 0.        ], ([0.00128264 0.00107286 0.00221837 0.00037026 0.00021228 0.00059283
 0.        ]) 	 loss 5.414E-01 	 horizons 9.0
step 4140 	 return [0.         0.00020995 0.00201103 0.00436468 0.00545361 0.00417668
 0.00630175], ([0.         0.00062984 0.00052249 0.00181166 0.00179292 0.00315573
 0.00291516]) 	 loss 4.928E-01 	 horizons 9.0
step 4230 	 return [0.00062105 0.00121892 0.00758172 0.00060342 0.00169091 0.00120884
 0.        ], ([0.00102358 0.00096071 0.00213166 0.001197   0.00058323 0.00122112
 0.        ]) 	 loss 4.996E-01 	 horizons 9.0
step 4320 	 return [0.         0.         0.00204595 0.00611768 0.00658124 0.00553702
 0.00485108], ([0.0000000e+00 0.0000000e+00 8.3365601e-05 2.4822436e-03 1.3989892e-03
 7.1455690e-04 1.5965382e-03]) 	 loss 5.093E-01 	 horizons 9.0
step 4410 	 return [6.4461718e-05 1.8081268e-03 6.3903816e-03 7.9552160e-04 2.7416497e-03
 0.0000000e+00 0.0000000e+00], ([0.00019339 0.00100373 0.0011901  0.00159105 0.00058842 0.
 0.        ]) 	 loss 4.761E-01 	 horizons 9.0
step 4500 	 return [0.0000000e+00 4.1247891e-05 7.1488572e-03 2.8997648e-03 2.4348630e-03
 0.0000000e+00 0.0000000e+00], ([0.         0.00012374 0.00245944 0.00278656 0.00048409 0.
 0.        ]) 	 loss 4.522E-01 	 horizons 9.0
step 4590 	 return [0.         0.         0.00208031 0.00713197 0.00700283 0.00663501
 0.004213  ], ([0.0000000e+00 0.0000000e+00 3.8313065e-05 2.6609439e-03 2.0150568e-03
 1.4883761e-03 2.2090219e-03]) 	 loss 4.299E-01 	 horizons 9.0
step 4680 	 return [0.         0.00059783 0.01008791 0.00093365 0.0019169  0.00046067
 0.        ], ([0.         0.00086189 0.00156081 0.0016303  0.0005137  0.00092135
 0.        ]) 	 loss 3.964E-01 	 horizons 9.0
step 4770 	 return [0.         0.         0.00209101 0.00882364 0.0074824  0.00644356
 0.00360113], ([0.0000000e+00 0.0000000e+00 3.4912344e-05 3.0265092e-03 1.0923746e-03
 5.8344600e-04 2.5340167e-03]) 	 loss 3.880E-01 	 horizons 9.0
step 4860 	 return [0.00186338 0.00156202 0.00662726 0.         0.00151983 0.00235466
 0.        ], ([0.00148324 0.00087788 0.00062012 0.         0.00035519 0.0008509
 0.        ]) 	 loss 3.670E-01 	 horizons 9.0
step 4950 	 return [0.00018191 0.00244068 0.00575319 0.00020004 0.00181027 0.00036555
 0.        ], ([0.00054574 0.00101988 0.0013343  0.00040017 0.00049701 0.00079864
 0.        ]) 	 loss 3.812E-01 	 horizons 9.0
step 5040 	 return [0.00073913 0.00234134 0.00650243 0.00030633 0.00194259 0.00033228
 0.        ], ([0.00092368 0.00137837 0.0012318  0.00046809 0.0006777  0.00070137
 0.        ]) 	 loss 3.454E-01 	 horizons 9.0
step 5130 	 return [0.         0.00056083 0.00887372 0.00154316 0.00278699 0.
 0.00090853], ([0.         0.00089448 0.00312448 0.0022054  0.00121553 0.
 0.00272559]) 	 loss 3.613E-01 	 horizons 9.0
step 5220 	 return [0.0004276  0.0024118  0.00752553 0.00020695 0.00199088 0.00066069
 0.        ], ([0.00072296 0.00100782 0.00097487 0.00041396 0.00065158 0.00100943
 0.        ]) 	 loss 3.388E-01 	 horizons 9.0
step 5310 	 return [0.00306308 0.00213265 0.00250824 0.00043936 0.00085984 0.00184335
 0.        ], ([0.00140481 0.00078423 0.00181229 0.00045106 0.00029586 0.00049537
 0.        ]) 	 loss 3.431E-01 	 horizons 9.0
step 5400 	 return [0.         0.         0.0020313  0.0052842  0.00678962 0.00314351
 0.00601096], ([0.0000000e+00 0.0000000e+00 7.4952921e-05 1.2866308e-03 1.2108102e-03
 1.7603491e-03 1.1317156e-03]) 	 loss 3.389E-01 	 horizons 9.0
step 5490 	 return [0.00278709 0.00212043 0.0059917  0.00020085 0.00151273 0.00202405
 0.        ], ([0.0011226  0.00096597 0.00094542 0.00040171 0.00036705 0.00104995
 0.        ]) 	 loss 3.268E-01 	 horizons 9.0
step 5580 	 return [0.         0.00021614 0.00330144 0.00439372 0.00299007 0.00347376
 0.00227454], ([0.         0.00035104 0.00215863 0.00130865 0.00147238 0.00321372
 0.0031003 ]) 	 loss 3.136E-01 	 horizons 9.0
step 5670 	 return [0.         0.         0.00694339 0.00726087 0.00158999 0.00063157
 0.00036581], ([0.         0.         0.00264762 0.00185661 0.00056497 0.00189472
 0.00109744]) 	 loss 3.412E-01 	 horizons 9.0
step 5760 	 return [0.         0.         0.00209544 0.00653518 0.00783316 0.00599626
 0.00506345], ([0.0000000e+00 0.0000000e+00 2.2213906e-06 8.2912075e-04 4.8812668e-05
 2.4043844e-04 4.5233406e-04]) 	 loss 3.517E-01 	 horizons 9.0
step 5850 	 return [0.00154343 0.00235003 0.00841396 0.         0.00225473 0.00091676
 0.        ], ([0.00111136 0.0003582  0.0007711  0.         0.00065796 0.00112281
 0.        ]) 	 loss 2.927E-01 	 horizons 9.0
step 5940 	 return [0.         0.         0.002088   0.00609555 0.00763037 0.00471346
 0.005545  ], ([0.0000000e+00 0.0000000e+00 9.6769372e-06 3.8286082e-05 3.4704906e-04
 1.7758716e-03 1.0810561e-03]) 	 loss 2.948E-01 	 horizons 9.0
step 6030 	 return [0.         0.         0.00173276 0.00366221 0.00616044 0.00432529
 0.00664194], ([0.         0.         0.00067621 0.00135345 0.00144132 0.00210157
 0.00125789]) 	 loss 2.541E-01 	 horizons 9.0
step 6120 	 return [0.         0.00042123 0.00795548 0.00932301 0.00143066 0.00020008
 0.00071963], ([0.         0.000609   0.00199013 0.00110039 0.00188986 0.00060023
 0.0021589 ]) 	 loss 2.605E-01 	 horizons 9.0
step 6210 	 return [4.7753062e-04 1.9921071e-03 9.2013525e-03 6.8809779e-05 1.1591242e-03
 6.3091697e-04 0.0000000e+00], ([0.00095521 0.0014321  0.00270372 0.00020643 0.00070854 0.00096741
 0.        ]) 	 loss 2.298E-01 	 horizons 9.0
step 6300 	 return [0.         0.         0.00209981 0.00898241 0.00729529 0.006206
 0.00542164], ([0.0000000e+00 0.0000000e+00 2.9741955e-06 1.5927384e-03 6.8398000e-04
 6.8975450e-04 1.2490284e-03]) 	 loss 2.432E-01 	 horizons 9.0
step 6390 	 return [0.         0.         0.00195511 0.00534278 0.00648226 0.00383093
 0.00624945], ([0.         0.         0.00030726 0.00113923 0.00166171 0.00341465
 0.00092068]) 	 loss 2.724E-01 	 horizons 9.0
step 6480 	 return [0.00308105 0.00274043 0.00345699 0.00019327 0.00128847 0.00128656
 0.        ], ([0.00062291 0.00078635 0.00129038 0.00038658 0.00011426 0.00101215
 0.        ]) 	 loss 2.357E-01 	 horizons 9.0
step 6570 	 return [0.00196323 0.00306312 0.0019547  0.00049273 0.00099577 0.00111402
 0.        ], ([0.00113205 0.00086622 0.00134524 0.00041258 0.00035151 0.00052547
 0.        ]) 	 loss 2.588E-01 	 horizons 9.0
step 6660 	 return [0.         0.         0.00097273 0.00019337 0.00380997 0.00838763
 0.0024953 ], ([0.         0.         0.00019819 0.00058012 0.00054107 0.00161398
 0.00061935]) 	 loss 2.643E-01 	 horizons 9.0
step 6750 	 return [0.00222088 0.00221429 0.0078942  0.00010694 0.00170029 0.00181603
 0.        ], ([0.00056429 0.00027881 0.00091766 0.00032082 0.00044444 0.00090844
 0.        ]) 	 loss 2.512E-01 	 horizons 9.0
step 6840 	 return [0.         0.00019307 0.00119064 0.         0.00354464 0.0096541
 0.00202233], ([0.         0.00057921 0.00030435 0.         0.00086643 0.00261525
 0.00093447]) 	 loss 2.528E-01 	 horizons 9.0
step 6930 	 return [0.00122905 0.00236518 0.00687538 0.         0.002353   0.00190322
 0.        ], ([0.00138789 0.00038365 0.00185046 0.         0.00060099 0.00232091
 0.        ]) 	 loss 2.497E-01 	 horizons 9.0
step 7020 	 return [0.0001583  0.00224427 0.00666886 0.         0.00301756 0.
 0.        ], ([0.00047491 0.00078633 0.00131985 0.         0.0005163  0.
 0.        ]) 	 loss 2.370E-01 	 horizons 9.0
step 7110 	 return [6.5234723e-05 1.6550530e-03 3.2848655e-03 5.3378232e-03 1.4924346e-03
 7.8845574e-03 0.0000000e+00], ([1.9570418e-04 8.3069800e-04 6.2788924e-05 6.8943982e-04 6.0754269e-04
 1.0732999e-03 0.0000000e+00]) 	 loss 2.576E-01 	 horizons 9.0
step 7200 	 return [0.         0.00058715 0.00216536 0.00159596 0.00232019 0.00446333
 0.00063474], ([0.         0.00085196 0.00168997 0.00137034 0.00082234 0.00287109
 0.00096981]) 	 loss 2.089E-01 	 horizons 9.0
step 7290 	 return [0.00208924 0.00206768 0.00286694 0.00031385 0.00139376 0.00308284
 0.        ], ([0.00135766 0.00030994 0.00044889 0.00068399 0.00032663 0.00124738
 0.        ]) 	 loss 2.315E-01 	 horizons 9.0
step 7380 	 return [0.00017583 0.00218551 0.0091861  0.         0.0017823  0.00090892
 0.        ], ([0.00052749 0.00089574 0.00105014 0.         0.0004518  0.00111332
 0.        ]) 	 loss 2.237E-01 	 horizons 9.0
step 7470 	 return [0.00142695 0.00257126 0.00681419 0.         0.00132482 0.0026283
 0.        ], ([0.0015228  0.00021834 0.00130567 0.         0.00020532 0.0003308
 0.        ]) 	 loss 2.129E-01 	 horizons 9.0
step 7560 	 return [0.         0.         0.0017119  0.00274411 0.00393766 0.00654519
 0.00499285], ([0.         0.         0.00093332 0.00129454 0.00218729 0.00279593
 0.00211519]) 	 loss 2.299E-01 	 horizons 9.0
step 7650 	 return [0.         0.         0.00133468 0.00243739 0.00248077 0.00970083
 0.00438545], ([0.         0.         0.00060659 0.00033306 0.00048238 0.00168147
 0.00106013]) 	 loss 2.453E-01 	 horizons 9.0
step 7740 	 return [0.00495682 0.00038052 0.00134591 0.00068703 0.00093236 0.00179902
 0.        ], ([0.00109902 0.00076349 0.00106602 0.00035876 0.0002445  0.00033522
 0.        ]) 	 loss 2.337E-01 	 horizons 9.0
step 7830 	 return [0.         0.         0.00099021 0.00020895 0.00314793 0.0097633
 0.00615754], ([0.         0.         0.00026771 0.00062686 0.00041627 0.00082134
 0.00094976]) 	 loss 2.290E-01 	 horizons 9.0
step 7920 	 return [6.5234723e-05 2.0578997e-03 7.0590349e-03 1.2036888e-03 2.7442672e-03
 2.1886693e-03 0.0000000e+00], ([0.0001957  0.00055196 0.0021862  0.00193388 0.00113311 0.00334414
 0.        ]) 	 loss 2.099E-01 	 horizons 9.0
step 8010 	 return [0.00054043 0.00218518 0.00216878 0.00017478 0.00174823 0.0024463
 0.        ], ([0.00074598 0.00048207 0.00114565 0.00034959 0.00051595 0.00149069
 0.        ]) 	 loss 2.013E-01 	 horizons 9.0
step 8100 	 return [0.         0.         0.00184255 0.00307011 0.00433176 0.00242662
 0.00907846], ([0.         0.         0.00093002 0.00095773 0.00192081 0.00349397
 0.00205331]) 	 loss 2.105E-01 	 horizons 9.0
step 8190 	 return [0.         0.00101258 0.00880465 0.00399247 0.00206899 0.
 0.        ], ([0.0000000e+00 1.2401502e-03 1.0327136e-03 2.1190448e-05 3.8858887e-04
 0.0000000e+00 0.0000000e+00]) 	 loss 2.137E-01 	 horizons 9.0
step 8280 	 return [0.00524554 0.00068872 0.00396148 0.00047659 0.00093247 0.00178182
 0.        ], ([0.00150124 0.00105785 0.00181854 0.00041012 0.00035593 0.00055391
 0.        ]) 	 loss 2.116E-01 	 horizons 9.0
step 8370 	 return [0.00277392 0.00240448 0.00766132 0.00010694 0.00203937 0.00113965
 0.        ], ([7.8580063e-04 9.5779673e-05 7.6902990e-04 3.2081988e-04 5.6522473e-04
 1.1396812e-03 0.0000000e+00]) 	 loss 2.198E-01 	 horizons 9.0
step 8460 	 return [0.         0.00152063 0.00934379 0.         0.0034408  0.
 0.        ], ([0.0000000e+00 3.9731617e-06 4.5392392e-04 0.0000000e+00 2.4754071e-04
 0.0000000e+00 0.0000000e+00]) 	 loss 2.160E-01 	 horizons 9.0
step 8550 	 return [0.0032405  0.00188909 0.00628786 0.         0.00153467 0.0015587
 0.        ], ([0.0005214  0.00091418 0.00084472 0.         0.00029869 0.00088147
 0.        ]) 	 loss 1.914E-01 	 horizons 9.0
step 8640 	 return [0.         0.         0.00209989 0.00819342 0.00773554 0.00647714
 0.00596812], ([0.000000e+00 0.000000e+00 0.000000e+00 0.000000e+00 4.656613e-10
 4.656613e-10 0.000000e+00]) 	 loss 1.702E-01 	 horizons 9.0
step 8730 	 return [0.         0.00127279 0.00941905 0.00404533 0.00172329 0.
 0.        ], ([0.0000000e+00 1.2728591e-03 7.4725453e-04 8.9017485e-05 3.9730204e-04
 0.0000000e+00 0.0000000e+00]) 	 loss 1.708E-01 	 horizons 9.0
step 8820 	 return [6.1022496e-05 2.1253428e-03 2.7895272e-03 1.3109690e-03 2.0375974e-03
 6.5302090e-03 0.0000000e+00], ([0.00018307 0.00016295 0.00070036 0.0010704  0.0004017  0.00035218
 0.        ]) 	 loss 1.754E-01 	 horizons 9.0
step 8910 	 return [0.         0.00197356 0.00252081 0.00152946 0.00205061 0.00660216
 0.00019368], ([0.         0.00066473 0.00056835 0.00100127 0.00051349 0.00032926
 0.00058104]) 	 loss 1.589E-01 	 horizons 9.0
step 9000 	 return [0.0035313  0.00269948 0.00666177 0.00010579 0.00143401 0.00077722
 0.        ], ([0.00016697 0.00066104 0.00089315 0.00031738 0.00010322 0.00099475
 0.        ]) 	 loss 1.612E-01 	 horizons 9.0
step 9090 	 return [0.         0.0006259  0.0090597  0.00956138 0.00107571 0.
 0.        ], ([0.         0.00076657 0.00142924 0.00063173 0.00081871 0.
 0.        ]) 	 loss 1.602E-01 	 horizons 9.0
step 9180 	 return [0.         0.         0.00146785 0.00248012 0.00448111 0.00054905
 0.01056047], ([0.         0.         0.00066117 0.00038816 0.00134902 0.00164716
 0.00020752]) 	 loss 1.749E-01 	 horizons 9.0
step 9270 	 return [0.00308836 0.00244288 0.00744511 0.         0.00227186 0.0006857
 0.        ], ([7.2001864e-04 8.7633278e-05 7.4557122e-04 0.0000000e+00 5.0689164e-04
 1.0474267e-03 0.0000000e+00]) 	 loss 1.509E-01 	 horizons 9.0
step 9360 	 return [0.         0.         0.00244647 0.00055488 0.00326843 0.00717744
 0.00886478], ([0.         0.         0.00051798 0.00113197 0.0006932  0.00145818
 0.00138105]) 	 loss 1.658E-01 	 horizons 9.0
step 9450 	 return [0.00306644 0.00241908 0.00758109 0.         0.00224168 0.00045713
 0.        ], ([0.00075481 0.00010885 0.00110099 0.         0.00047303 0.00091427
 0.        ]) 	 loss 1.400E-01 	 horizons 9.0
step 9540 	 return [0.         0.00012374 0.00301578 0.00587304 0.00547783 0.00120665
 0.00279425], ([0.         0.00018902 0.00127161 0.0003873  0.0029047  0.00098522
 0.00228149]) 	 loss 1.594E-01 	 horizons 9.0
step 9630 	 return [0.00355496 0.00026296 0.00444566 0.00019845 0.00131298 0.00270507
 0.        ], ([7.5124996e-04 5.2600278e-04 5.7033525e-04 3.9689528e-04 6.4427310e-05
 1.7042880e-04 0.0000000e+00]) 	 loss 1.371E-01 	 horizons 9.0
step 9720 	 return [0.         0.00020995 0.00925408 0.00055679 0.00333744 0.00075271
 0.        ], ([0.         0.00062984 0.00208244 0.00167036 0.00069178 0.00225812
 0.        ]) 	 loss 1.428E-01 	 horizons 9.0
step 9810 	 return [0.         0.00097617 0.00426426 0.00194384 0.00241708 0.00690279
 0.00137648], ([0.         0.00098811 0.00183008 0.00158714 0.00115161 0.00241705
 0.00210394]) 	 loss 1.529E-01 	 horizons 9.0
step 9900 	 return [0.         0.         0.0018384  0.00074509 0.00309824 0.01054561
 0.00573901], ([0.         0.         0.00069817 0.00115713 0.00079023 0.00113361
 0.00094826]) 	 loss 1.434E-01 	 horizons 9.0
step 9990 	 return [0.00558989 0.00149367 0.00313729 0.00028568 0.00117335 0.00136979
 0.        ], ([0.00102762 0.00153814 0.00141224 0.00043639 0.00016803 0.00029052
 0.        ]) 	 loss 1.698E-01 	 horizons 9.0
step 10080 	 return [0.         0.         0.00220759 0.00451668 0.00578242 0.0059011
 0.00485992], ([0.         0.         0.0007826  0.00135258 0.00192393 0.00348706
 0.00114601]) 	 loss 1.429E-01 	 horizons 9.0
step 10170 	 return [0.         0.00180042 0.00552153 0.00259083 0.00142837 0.00599418
 0.        ], ([0.         0.00062146 0.00248544 0.00129542 0.00070758 0.00246138
 0.        ]) 	 loss 1.037E-01 	 horizons 9.0
step 10260 	 return [0.         0.00284734 0.00862763 0.         0.00270773 0.
 0.        ], ([0.0000000e+00 4.5132922e-05 4.6523203e-04 0.0000000e+00 2.4476449e-04
 0.0000000e+00 0.0000000e+00]) 	 loss 1.138E-01 	 horizons 9.0
step 10350 	 return [0.00205029 0.00224725 0.00794292 0.00010579 0.00137444 0.00222122
 0.        ], ([0.00051447 0.00015074 0.00111731 0.00031738 0.00021915 0.00040841
 0.        ]) 	 loss 1.274E-01 	 horizons 9.0
step 10440 	 return [0.         0.         0.00204265 0.00276358 0.00252727 0.01002399
 0.00615462], ([0.         0.         0.00106985 0.00050665 0.00080608 0.00129944
 0.00138659]) 	 loss 1.386E-01 	 horizons 9.0
step 10530 	 return [0.         0.00123146 0.01186502 0.00458079 0.00192198 0.00019595
 0.        ], ([0.         0.00061574 0.00070602 0.00095902 0.00061115 0.00058786
 0.        ]) 	 loss 1.245E-01 	 horizons 9.0
step 10620 	 return [0.         0.         0.00211184 0.01234299 0.00825922 0.00725781
 0.        ], ([0.000000e+00 0.000000e+00 0.000000e+00 9.313226e-10 9.313226e-10
 9.313226e-10 0.000000e+00]) 	 loss 1.331E-01 	 horizons 9.0
step 10710 	 return [0.         0.00164849 0.00431366 0.00323925 0.00140141 0.00720189
 0.        ], ([0.0000000e+00 8.2424271e-04 1.2486615e-05 1.4223158e-06 4.9669796e-04
 1.1992082e-05 0.0000000e+00]) 	 loss 1.194E-01 	 horizons 9.0
step 10800 	 return [0.00190306 0.00239586 0.00274104 0.00112385 0.00113531 0.00325394
 0.        ], ([0.00117632 0.00063917 0.00084971 0.00077494 0.00024132 0.0024897
 0.        ]) 	 loss 1.061E-01 	 horizons 9.0
step 10890 	 return [0.         0.0006259  0.00880448 0.00920777 0.00100262 0.
 0.        ], ([0.         0.00076657 0.00067137 0.001111   0.00040189 0.
 0.        ]) 	 loss 1.184E-01 	 horizons 9.0
step 10980 	 return [0.0024521  0.00206165 0.00422546 0.         0.0015048  0.00187192
 0.        ], ([0.00050455 0.00051275 0.00067975 0.         0.00043361 0.00102303
 0.        ]) 	 loss 1.234E-01 	 horizons 9.0
step 11070 	 return [0.         0.         0.00918662 0.00642581 0.00121474 0.00022672
 0.        ], ([0.         0.         0.00031979 0.00081413 0.00032556 0.00068015
 0.        ]) 	 loss 1.192E-01 	 horizons 9.0
step 11160 	 return [0.         0.0008795  0.00985622 0.         0.00154635 0.00208935
 0.        ], ([0.0000000e+00 9.4672502e-04 2.2046483e-04 0.0000000e+00 9.8950135e-05
 6.9653121e-04 0.0000000e+00]) 	 loss 1.189E-01 	 horizons 9.0
step 11250 	 return [0.00139271 0.00235257 0.00371289 0.00010413 0.00153387 0.0020041
 0.        ], ([0.0005532  0.00066434 0.00051242 0.00031238 0.00023858 0.00041471
 0.        ]) 	 loss 1.111E-01 	 horizons 9.0
step 11340 	 return [0.         0.         0.00211101 0.01232546 0.00807622 0.00716057
 0.0002947 ], ([0.0000000e+00 0.0000000e+00 2.5134534e-06 5.2586103e-05 5.4899522e-04
 2.9171538e-04 8.8411494e-04]) 	 loss 1.009E-01 	 horizons 9.0
step 11430 	 return [0.00415254 0.00250338 0.00371467 0.00048797 0.00095248 0.00146704
 0.        ], ([0.00058875 0.00051886 0.00187655 0.00040851 0.00038958 0.00075596
 0.        ]) 	 loss 9.579E-02 	 horizons 9.0
step 11520 	 return [2.9760215e-03 2.4074514e-03 7.4318871e-03 6.7515735e-05 7.0082443e-04
 2.1190033e-03 0.0000000e+00], ([4.9417710e-04 4.5934248e-05 4.9833452e-05 2.0254722e-04 7.7233643e-05
 9.6138829e-05 0.0000000e+00]) 	 loss 1.075E-01 	 horizons 9.0
step 11610 	 return [0.00373574 0.00013351 0.00474206 0.         0.00133612 0.00271766
 0.        ], ([5.6027737e-04 4.0051620e-04 3.1089620e-04 0.0000000e+00 4.0772233e-05
 1.7428551e-04 0.0000000e+00]) 	 loss 9.597E-02 	 horizons 9.0
step 11700 	 return [0.         0.00132958 0.01195906 0.         0.00167467 0.
 0.        ], ([0.         0.00075572 0.00102328 0.         0.00028422 0.
 0.        ]) 	 loss 9.148E-02 	 horizons 9.0
step 11790 	 return [0.00415216 0.00205617 0.00422091 0.00040447 0.00059168 0.00199109
 0.        ], ([0.00089319 0.00056757 0.00089569 0.00033774 0.00016253 0.00021733
 0.        ]) 	 loss 1.025E-01 	 horizons 9.0
step 11880 	 return [0.         0.00046296 0.01014691 0.00575019 0.00188247 0.00070707
 0.        ], ([0.         0.00070723 0.00091401 0.00165291 0.00060959 0.00108006
 0.        ]) 	 loss 1.093E-01 	 horizons 9.0
step 11970 	 return [0.00285069 0.0021498  0.00763211 0.         0.00148615 0.00225497
 0.        ], ([8.9529622e-04 7.2155986e-04 9.5249229e-04 0.0000000e+00 1.1616993e-05
 3.0952993e-05 0.0000000e+00]) 	 loss 1.140E-01 	 horizons 9.0
step 12060 	 return [0.00198851 0.00230902 0.00858399 0.         0.00149757 0.00228567
 0.        ], ([2.3283064e-10 0.0000000e+00 9.3132257e-10 0.0000000e+00 1.1641532e-10
 0.0000000e+00 0.0000000e+00]) 	 loss 1.046E-01 	 horizons 9.0
step 12150 	 return [0.         0.00264954 0.00806943 0.         0.00179851 0.00066647
 0.        ], ([0.         0.00145695 0.001486   0.         0.00040334 0.0010181
 0.        ]) 	 loss 9.785E-02 	 horizons 9.0
step 12240 	 return [0.00259109 0.00338713 0.00353555 0.00067313 0.00084043 0.00174123
 0.        ], ([0.00096496 0.00055964 0.00080945 0.00035245 0.0002431  0.00038798
 0.        ]) 	 loss 1.132E-01 	 horizons 9.0
step 12330 	 return [0.00192487 0.0022698  0.00885863 0.         0.00260198 0.
 0.        ], ([1.0905291e-04 7.0765644e-05 1.8816552e-05 0.0000000e+00 7.4690470e-05
 0.0000000e+00 0.0000000e+00]) 	 loss 1.310E-01 	 horizons 9.0
step 12420 	 return [0.0044232  0.00217914 0.00162188 0.00066436 0.00087757 0.00174082
 0.        ], ([0.00052064 0.00116916 0.00102574 0.00034347 0.00021726 0.00051052
 0.        ]) 	 loss 1.031E-01 	 horizons 9.0
step 12510 	 return [0.00063398 0.00181544 0.00428195 0.0032339  0.00065715 0.00716374
 0.        ], ([0.0000000e+00 2.3283064e-10 4.6566129e-10 0.0000000e+00 5.8207661e-11
 0.0000000e+00 0.0000000e+00]) 	 loss 1.193E-01 	 horizons 9.0
step 12600 	 return [0.00408026 0.         0.00403648 0.00059534 0.00125696 0.00275727
 0.        ], ([1.5830746e-04 0.0000000e+00 4.9821165e-04 4.8609544e-04 5.3652526e-05
 1.6366124e-05 0.0000000e+00]) 	 loss 1.025E-01 	 horizons 9.0
step 12690 	 return [0.         0.         0.00307013 0.00409044 0.0066873  0.00684607
 0.00486252], ([0.         0.         0.0005192  0.0007961  0.00185105 0.00200807
 0.00013143]) 	 loss 1.058E-01 	 horizons 9.0
step 12780 	 return [0.         0.         0.01225885 0.00481287 0.00059944 0.00022672
 0.        ], ([0.0000000e+00 0.0000000e+00 1.3671146e-03 9.2444319e-04 5.8894660e-05
 6.8014674e-04 0.0000000e+00]) 	 loss 9.029E-02 	 horizons 9.0
step 12870 	 return [0.00518884 0.00266516 0.00175199 0.00087264 0.00095101 0.00184791
 0.        ], ([6.7804725e-04 5.1084597e-04 1.8037963e-06 2.4517897e-07 4.2545594e-07
 2.6577309e-06 0.0000000e+00]) 	 loss 8.659E-02 	 horizons 9.0
step 12960 	 return [0.00456926 0.00296204 0.00174    0.00080064 0.00094729 0.00185308
 0.        ], ([0.00031031 0.00040164 0.00084282 0.00026854 0.00014513 0.00030473
 0.        ]) 	 loss 8.532E-02 	 horizons 9.0
step 13050 	 return [0.00035406 0.00163992 0.01117318 0.00020915 0.00076269 0.00191927
 0.        ], ([0.00070813 0.00026668 0.0006687  0.00031949 0.00030398 0.00065528
 0.        ]) 	 loss 7.856E-02 	 horizons 9.0
step 13140 	 return [0.         0.         0.00211184 0.01234299 0.00825922 0.00725781
 0.        ], ([0.000000e+00 0.000000e+00 0.000000e+00 9.313226e-10 9.313226e-10
 9.313226e-10 0.000000e+00]) 	 loss 8.053E-02 	 horizons 9.0
step 13230 	 return [0.         0.00396738 0.00684355 0.         0.00241007 0.
 0.        ], ([0.0000000e+00 0.0000000e+00 0.0000000e+00 0.0000000e+00 2.3283064e-10
 0.0000000e+00 0.0000000e+00]) 	 loss 7.395E-02 	 horizons 9.0
step 13320 	 return [0.00407869 0.00236415 0.00425989 0.00034982 0.00062241 0.00191497
 0.        ], ([0.00024832 0.0005401  0.00088438 0.00035515 0.00015414 0.00014946
 0.        ]) 	 loss 6.752E-02 	 horizons 9.0
step 13410 	 return [0.00017157 0.00268091 0.00845443 0.00026225 0.00086043 0.00219622
 0.        ], ([0.00051471 0.00019031 0.00147713 0.00040719 0.00025212 0.00046114
 0.        ]) 	 loss 6.394E-02 	 horizons 9.0
step 13500 	 return [0.         0.         0.00314524 0.00332793 0.00067559 0.00549052
 0.01111127], ([0.0000000e+00 0.0000000e+00 2.3283064e-10 0.0000000e+00 5.8207661e-11
 4.6566129e-10 9.3132257e-10]) 	 loss 6.968E-02 	 horizons 9.0
step 13590 	 return [0.00342857 0.00242124 0.00463423 0.00019931 0.00131087 0.00281653
 0.        ], ([1.3920477e-06 1.1499041e-06 4.5261285e-04 3.9862233e-04 4.5048997e-05
 1.8435529e-05 0.0000000e+00]) 	 loss 6.285E-02 	 horizons 9.0
step 13680 	 return [0.00194867 0.00228524 0.00885453 0.         0.00261828 0.
 0.        ], ([9.5189171e-05 6.1769322e-05 1.6424432e-05 0.0000000e+00 6.5195185e-05
 0.0000000e+00 0.0000000e+00]) 	 loss 5.895E-02 	 horizons 9.0
step 13770 	 return [0.         0.         0.01040302 0.00665852 0.00212879 0.00019794
 0.        ], ([0.         0.         0.001216   0.00122616 0.00064339 0.00059383
 0.        ]) 	 loss 5.753E-02 	 horizons 9.0
step 13860 	 return [0.00546566 0.00245661 0.00175125 0.00087254 0.00095084 0.00184683
 0.        ], ([6.7804725e-04 5.1084597e-04 1.8037964e-06 2.4517897e-07 4.2545594e-07
 2.6577309e-06 0.0000000e+00]) 	 loss 7.949E-02 	 horizons 9.0
step 13950 	 return [0.0037782  0.00308007 0.00187663 0.00063555 0.00109437 0.00156115
 0.        ], ([0.00061113 0.00037612 0.00055482 0.00041739 0.00012348 0.00026757
 0.        ]) 	 loss 8.458E-02 	 horizons 9.0
step 14040 	 return [0.0022815  0.00214518 0.00760008 0.00021275 0.00131339 0.00223499
 0.        ], ([7.4216333e-04 3.0987369e-04 1.3181631e-03 4.2550772e-04 2.8483939e-04
 2.9962079e-05 0.0000000e+00]) 	 loss 7.743E-02 	 horizons 9.0
step 14130 	 return [0.         0.000771   0.01109818 0.00510945 0.00155837 0.00117336
 0.        ], ([0.         0.000771   0.00141227 0.00095527 0.00042297 0.00117398
 0.        ]) 	 loss 9.470E-02 	 horizons 9.0
step 14220 	 return [0.         0.         0.01014032 0.00620074 0.00201716 0.
 0.        ], ([0.         0.         0.00093625 0.0011565  0.00046594 0.
 0.        ]) 	 loss 7.564E-02 	 horizons 9.0
step 14310 	 return [0.         0.00185455 0.00431053 0.0032389  0.00127724 0.00719889
 0.        ], ([0.0000000e+00 6.1818212e-04 9.3649614e-06 1.0667368e-06 3.7252353e-04
 8.9940613e-06 0.0000000e+00]) 	 loss 8.914E-02 	 horizons 9.0
step 14400 	 return [2.3734372e-03 2.7458218e-03 5.9756609e-03 6.5403976e-05 6.7824067e-04
 2.0647440e-03 0.0000000e+00], ([3.0398287e-05 7.0222282e-05 6.3943939e-05 1.9621190e-04 7.3688672e-05
 1.1120967e-04 0.0000000e+00]) 	 loss 7.688E-02 	 horizons 9.0
step 14490 	 return [0.00405566 0.0008721  0.00531153 0.00062093 0.00137178 0.0023084
 0.        ], ([8.1117870e-04 9.1809809e-04 8.5620367e-04 5.0744833e-04 8.9619090e-05
 2.3121671e-04 0.0000000e+00]) 	 loss 8.417E-02 	 horizons 9.0
step 14580 	 return [0.         0.00227762 0.00821587 0.00407159 0.00170157 0.
 0.        ], ([0.0000000e+00 7.5920601e-04 3.0216400e-04 2.9077556e-04 4.8757789e-05
 0.0000000e+00 0.0000000e+00]) 	 loss 7.244E-02 	 horizons 9.0
step 14670 	 return [0.         0.00061289 0.01100602 0.00468771 0.00246999 0.
 0.        ], ([0.         0.00075064 0.00068104 0.00084297 0.00032016 0.
 0.        ]) 	 loss 7.166E-02 	 horizons 9.0
step 14760 	 return [0.0062371  0.         0.00192146 0.00084375 0.00089626 0.00186604
 0.        ], ([1.6075038e-04 0.0000000e+00 5.7355897e-04 8.1159349e-05 1.5456190e-04
 1.2827238e-04 0.0000000e+00]) 	 loss 1.093E-01 	 horizons 9.0
step 14850 	 return [0.00349261 0.0023821  0.00649248 0.00010579 0.00146338 0.00222092
 0.        ], ([1.4786527e-04 3.1738682e-04 4.2452471e-04 3.1737788e-04 3.3595308e-05
 1.2275960e-05 0.0000000e+00]) 	 loss 8.286E-02 	 horizons 9.0
step 14940 	 return [0.00299629 0.00311673 0.00168947 0.00094836 0.00112117 0.00173955
 0.        ], ([4.7163357e-04 4.0695749e-04 6.0061243e-04 2.3273606e-05 5.3228796e-05
 5.0124555e-04 0.0000000e+00]) 	 loss 6.064E-02 	 horizons 9.0
step 15030 	 return [0.00400859 0.00282671 0.00473743 0.00019407 0.00061252 0.00202237
 0.        ], ([0.00030622 0.00050553 0.00046758 0.00029676 0.00010337 0.00016583
 0.        ]) 	 loss 7.186E-02 	 horizons 9.0
step 15120 	 return [0.         0.         0.00210347 0.0121677  0.00642924 0.00628543
 0.00294705], ([0.0000000e+00 0.0000000e+00 0.0000000e+00 0.0000000e+00 4.6566129e-10
 0.0000000e+00 2.3283064e-10]) 	 loss 7.141E-02 	 horizons 9.0
step 15210 	 return [0.         0.         0.00209151 0.00814771 0.00599166 0.00550476
 0.00814849], ([0.000000e+00 0.000000e+00 0.000000e+00 9.313226e-10 0.000000e+00
 4.656613e-10 9.313226e-10]) 	 loss 6.854E-02 	 horizons 9.0
step 15300 	 return [0.         0.         0.00666234 0.01442267 0.0041116  0.
 0.        ], ([0.0000000e+00 0.0000000e+00 4.6566129e-10 1.8626451e-09 4.6566129e-10
 0.0000000e+00 0.0000000e+00]) 	 loss 5.620E-02 	 horizons 9.0
step 15390 	 return [0.00069256 0.00193076 0.00411775 0.00276649 0.00072443 0.00624148
 0.        ], ([0.00043076 0.00025337 0.00032842 0.00093481 0.00013456 0.00184452
 0.        ]) 	 loss 5.883E-02 	 horizons 9.0
step 15480 	 return [0.00491939 0.00329358 0.00507414 0.00041913 0.00060905 0.0019088
 0.        ], ([0.00045306 0.00011467 0.0011096  0.0003475  0.00016211 0.0001533
 0.        ]) 	 loss 6.979E-02 	 horizons 9.0
step 15570 	 return [0.         0.00209946 0.0033047  0.00556786 0.00126248 0.00752706
 0.        ], ([0.0000000e+00 0.0000000e+00 2.3283064e-10 4.6566129e-10 1.1641532e-10
 0.0000000e+00 0.0000000e+00]) 	 loss 3.878E-02 	 horizons 9.0
step 15660 	 return [0.00338691 0.00247029 0.00689244 0.         0.00147839 0.00223291
 0.        ], ([4.6613140e-04 5.3756565e-05 5.6384993e-04 0.0000000e+00 6.3937159e-06
 1.7587397e-05 0.0000000e+00]) 	 loss 5.460E-02 	 horizons 9.0
step 15750 	 return [0.         0.00093886 0.00944763 0.00803842 0.0016652  0.
 0.        ], ([0.         0.00076657 0.00080295 0.00221224 0.00108673 0.
 0.        ]) 	 loss 4.376E-02 	 horizons 9.0
step 15840 	 return [0.         0.         0.0103138  0.00624774 0.00210042 0.
 0.        ], ([0.         0.         0.00079922 0.0011092  0.00035706 0.
 0.        ]) 	 loss 4.110E-02 	 horizons 9.0
step 15930 	 return [0.00650456 0.00042046 0.00317461 0.00084787 0.00088739 0.00154045
 0.        ], ([0.00033794 0.00084139 0.00153547 0.00012837 0.00029254 0.00033063
 0.        ]) 	 loss 4.067E-02 	 horizons 9.0
step 16020 	 return [0.00533453 0.         0.00399432 0.0009012  0.00124274 0.00270837
 0.        ], ([6.4957465e-05 0.0000000e+00 6.2052719e-04 3.0095738e-04 5.1543651e-05
 1.7406291e-04 0.0000000e+00]) 	 loss 3.836E-02 	 horizons 9.0
step 16110 	 return [0.         0.         0.01059566 0.00656875 0.00116823 0.00157352
 0.        ], ([0.         0.         0.00111414 0.00082294 0.00060496 0.00103511
 0.        ]) 	 loss 2.936E-02 	 horizons 9.0
step 16200 	 return [0.         0.         0.00972054 0.00705648 0.00294804 0.
 0.        ], ([0.         0.         0.00131158 0.00061354 0.00101751 0.
 0.        ]) 	 loss 4.808E-02 	 horizons 9.0
step 16290 	 return [0.0041949  0.00307953 0.00190561 0.00095093 0.00112331 0.00126623
 0.        ], ([5.5069895e-04 1.4298741e-04 5.1842019e-04 2.6666041e-05 5.8044650e-05
 2.7758995e-04 0.0000000e+00]) 	 loss 6.317E-02 	 horizons 9.0
step 16380 	 return [0.00460081 0.00307056 0.00157506 0.00091332 0.00104278 0.00163954
 0.        ], ([3.4415629e-05 1.1711731e-05 1.7840088e-04 4.0478422e-05 9.1416143e-05
 2.1054380e-04 0.0000000e+00]) 	 loss 5.567E-02 	 horizons 9.0
step 16470 	 return [0.00333403 0.00220478 0.00446504 0.00104226 0.00133346 0.00212582
 0.        ], ([2.3283064e-10 2.3283064e-10 4.6566129e-10 1.1641532e-10 1.1641532e-10
 2.3283064e-10 0.0000000e+00]) 	 loss 4.130E-02 	 horizons 9.0
step 16560 	 return [0.00207083 0.00212638 0.00850225 0.00076064 0.00065228 0.00194574
 0.        ], ([0.00062055 0.0002511  0.00171767 0.00014645 0.00035166 0.00011753
 0.        ]) 	 loss 3.970E-02 	 horizons 9.0
step 16650 	 return [0.005312   0.         0.00369509 0.00099452 0.00121719 0.00276109
 0.        ], ([4.6566129e-10 0.0000000e+00 0.0000000e+00 0.0000000e+00 1.1641532e-10
 2.3283064e-10 0.0000000e+00]) 	 loss 5.262E-02 	 horizons 9.0
step 16740 	 return [0.00613831 0.00234839 0.00353367 0.00091438 0.0010314  0.00121311
 0.        ], ([0.00051356 0.00046608 0.00091824 0.00012535 0.00028447 0.00027943
 0.        ]) 	 loss 3.344E-02 	 horizons 9.0
step 16830 	 return [0.         0.         0.00209151 0.00814771 0.00599166 0.00550476
 0.00814849], ([0.000000e+00 0.000000e+00 0.000000e+00 9.313226e-10 0.000000e+00
 4.656613e-10 9.313226e-10]) 	 loss 4.462E-02 	 horizons 9.0
step 16920 	 return [0.0037838  0.0025456  0.00348429 0.00100421 0.00124318 0.00170663
 0.        ], ([9.8469830e-04 5.4023892e-04 6.4182008e-04 2.7916556e-05 6.8893984e-05
 5.3977367e-04 0.0000000e+00]) 	 loss 3.269E-02 	 horizons 9.0
step 17010 	 return [6.3397601e-05 2.0360905e-03 4.3048672e-03 3.2380777e-03 1.1034742e-03
 7.1926801e-03 0.0000000e+00], ([1.9019279e-04 7.3549731e-05 7.6375900e-06 1.3937706e-06 1.4877497e-04
 9.6479889e-06 0.0000000e+00]) 	 loss 3.569E-02 	 horizons 9.0
step 17100 	 return [0.00405369 0.00317762 0.00168352 0.00088931 0.00098839 0.00176835
 0.        ], ([6.8458403e-04 1.2663833e-04 1.4343878e-04 3.2248721e-05 7.2902098e-05
 1.6970104e-04 0.0000000e+00]) 	 loss 2.408E-02 	 horizons 9.0
step 17190 	 return [0.00352158 0.00231233 0.00737957 0.00075406 0.00064933 0.00191447
 0.        ], ([0.00106086 0.00018775 0.00119228 0.00015176 0.00035673 0.0001412
 0.        ]) 	 loss 3.009E-02 	 horizons 9.0
step 17280 	 return [0.         0.00206061 0.00430741 0.00323854 0.00115307 0.0071959
 0.        ], ([0.000000e+00 0.000000e+00 4.656613e-10 0.000000e+00 0.000000e+00
 9.313226e-10 0.000000e+00]) 	 loss 3.306E-02 	 horizons 9.0
step 17370 	 return [0.         0.00209946 0.0033047  0.00556786 0.00126248 0.00752706
 0.        ], ([0.0000000e+00 0.0000000e+00 2.3283064e-10 4.6566129e-10 1.1641532e-10
 0.0000000e+00 0.0000000e+00]) 	 loss 2.292E-02 	 horizons 9.0
step 17460 	 return [0.00196489 0.00229398 0.00780602 0.00085552 0.00133273 0.00225249
 0.        ], ([6.5661574e-05 4.0788880e-05 6.6294603e-04 4.2775983e-04 1.9708009e-04
 1.7320157e-05 0.0000000e+00]) 	 loss 2.479E-02 	 horizons 9.0
step 17550 	 return [0.00660999 0.00216555 0.00537931 0.00059686 0.00048647 0.00180251
 0.        ], ([5.1617158e-06 1.3894401e-06 4.8690898e-05 1.9895501e-04 7.3031049e-05
 9.6600386e-05 0.0000000e+00]) 	 loss 2.511E-02 	 horizons 9.0
step 17640 	 return [0.         0.00202191 0.00221928 0.00218496 0.00182911 0.00681853
 0.        ], ([0.0000000e+00 6.7397085e-04 4.6970790e-06 3.6740939e-08 3.0499056e-04
 2.5763175e-06 0.0000000e+00]) 	 loss 2.619E-02 	 horizons 9.0
step 17730 	 return [0.         0.         0.00209875 0.00818766 0.00756791 0.00643293
 0.00585914], ([0.0000000e+00 0.0000000e+00 3.3952294e-06 1.7268954e-05 5.0289213e-04
 1.3262252e-04 3.2694000e-04]) 	 loss 2.530E-02 	 horizons 9.0
step 17820 	 return [0.         0.         0.01042768 0.00984571 0.00080714 0.
 0.        ], ([0.0000000e+00 0.0000000e+00 9.3132257e-10 0.0000000e+00 1.1641532e-10
 0.0000000e+00 0.0000000e+00]) 	 loss 2.544E-02 	 horizons 9.0
step 17910 	 return [0.00052188 0.00190333 0.00328715 0.00556141 0.00085914 0.00750134
 0.        ], ([2.6093889e-04 9.8066317e-05 8.7710096e-06 3.2234934e-06 2.0166965e-04
 1.2864171e-05 0.0000000e+00]) 	 loss 4.938E-02 	 horizons 9.0
step 18000 	 return [0.00077809 0.00196319 0.00514745 0.00258805 0.00092442 0.00619456
 0.        ], ([0.00065312 0.00019727 0.0017183  0.00129402 0.00034499 0.00195448
 0.        ]) 	 loss 4.035E-02 	 horizons 9.0
step 18090 	 return [0.         0.00209946 0.0033047  0.00556786 0.00126248 0.00752706
 0.        ], ([0.0000000e+00 0.0000000e+00 2.3283064e-10 4.6566129e-10 1.1641532e-10
 0.0000000e+00 0.0000000e+00]) 	 loss 2.442E-02 	 horizons 9.0
step 18180 	 return [0.         0.         0.00210347 0.0121677  0.00642924 0.00628543
 0.00294705], ([0.0000000e+00 0.0000000e+00 0.0000000e+00 0.0000000e+00 4.6566129e-10
 0.0000000e+00 2.3283064e-10]) 	 loss 2.578E-02 	 horizons 9.0
step 18270 	 return [0.         0.         0.00210347 0.0121677  0.00642924 0.00628543
 0.00294705], ([0.0000000e+00 0.0000000e+00 0.0000000e+00 0.0000000e+00 4.6566129e-10
 0.0000000e+00 2.3283064e-10]) 	 loss 1.471E-02 	 horizons 9.0
step 18360 	 return [0.00311238 0.00202275 0.00288379 0.00099694 0.00123353 0.00205864
 0.        ], ([9.8339131e-04 5.7929690e-05 5.4379023e-04 2.0520716e-05 4.9896935e-05
 3.4639510e-04 0.0000000e+00]) 	 loss 1.755E-02 	 horizons 9.0
step 18450 	 return [0.00321582 0.00333237 0.00175701 0.00087352 0.00095252 0.0018563
 0.        ], ([2.3283064e-10 0.0000000e+00 0.0000000e+00 0.0000000e+00 1.1641532e-10
 0.0000000e+00 0.0000000e+00]) 	 loss 2.382E-02 	 horizons 9.0
step 18540 	 return [0.         0.00030641 0.01151856 0.00580046 0.00203972 0.
 0.        ], ([0.         0.00061282 0.00024076 0.0012376  0.00044528 0.
 0.        ]) 	 loss 2.722E-02 	 horizons 9.0
step 18630 	 return [0.005312   0.         0.00369509 0.00099452 0.00121719 0.00276109
 0.        ], ([4.6566129e-10 0.0000000e+00 0.0000000e+00 0.0000000e+00 1.1641532e-10
 2.3283064e-10 0.0000000e+00]) 	 loss 2.737E-02 	 horizons 9.0
step 18720 	 return [0.         0.         0.01042768 0.00984571 0.00080714 0.
 0.        ], ([0.0000000e+00 0.0000000e+00 9.3132257e-10 0.0000000e+00 1.1641532e-10
 0.0000000e+00 0.0000000e+00]) 	 loss 2.263E-02 	 horizons 9.0
step 18810 	 return [0.00178966 0.0022287  0.00871993 0.         0.00149856 0.00228783
 0.        ], ([5.9655367e-04 2.4095918e-04 4.0783241e-04 0.0000000e+00 2.9675082e-06
 6.4792812e-06 0.0000000e+00]) 	 loss 2.771E-02 	 horizons 9.0
step 18900 	 return [0.00257038 0.00174751 0.00534811 0.         0.00159571 0.00296781
 0.        ], ([0.00102019 0.00037367 0.00091725 0.         0.00027476 0.00155366
 0.        ]) 	 loss 3.166E-02 	 horizons 9.0
step 18990 	 return [0.         0.         0.00981978 0.01362022 0.00113992 0.
 0.        ], ([0.         0.         0.00105248 0.00026748 0.00099056 0.
 0.        ]) 	 loss 4.621E-02 	 horizons 9.0
step 19080 	 return [0.00456639 0.00305884 0.00139666 0.0009538  0.00113419 0.00142899
 0.        ], ([0.0000000e+00 2.3283064e-10 1.1641532e-10 0.0000000e+00 0.0000000e+00
 1.1641532e-10 0.0000000e+00]) 	 loss 2.956E-02 	 horizons 9.0
step 19170 	 return [0.00689122 0.         0.00482366 0.00064323 0.00045258 0.00191051
 0.        ], ([1.1251179e-04 0.0000000e+00 7.7348831e-04 2.8123359e-05 1.3094036e-05
 2.2280680e-04 0.0000000e+00]) 	 loss 1.785E-02 	 horizons 9.0
step 19260 	 return [0.         0.         0.01061157 0.00648388 0.00147536 0.00239811
 0.        ], ([0.0000000e+00 0.0000000e+00 7.5179531e-05 1.0843180e-04 2.3035822e-04
 3.8855709e-05 0.0000000e+00]) 	 loss 2.232E-02 	 horizons 9.0
step 19350 	 return [0.00697426 0.         0.00539495 0.00039699 0.00055783 0.00189345
 0.        ], ([1.1490733e-05 0.0000000e+00 7.9511665e-05 3.2413827e-04 1.1840990e-04
 1.5774771e-04 0.0000000e+00]) 	 loss 1.433E-02 	 horizons 9.0
step 19440 	 return [0.00353915 0.00248562 0.00570873 0.00095213 0.0013749  0.00219833
 0.        ], ([1.0439660e-06 8.6235821e-07 3.3191853e-04 3.1737791e-04 3.3786750e-05
 9.5722735e-06 0.0000000e+00]) 	 loss 2.303E-02 	 horizons 9.0
step 19530 	 return [0.00158157 0.00340992 0.0034148  0.00087905 0.00096254 0.00198112
 0.        ], ([1.1641532e-10 2.3283064e-10 2.3283064e-10 0.0000000e+00 1.1641532e-10
 2.3283064e-10 0.0000000e+00]) 	 loss 2.363E-02 	 horizons 9.0
step 19620 	 return [0.         0.00107243 0.01137273 0.00450601 0.00260087 0.
 0.        ], ([0.         0.00070207 0.0003848  0.00076786 0.00044735 0.
 0.        ]) 	 loss 1.880E-02 	 horizons 9.0
step 19710 	 return [0.         0.         0.01143624 0.00657025 0.00179879 0.
 0.        ], ([0.         0.         0.00052005 0.00074133 0.0001323  0.
 0.        ]) 	 loss 2.436E-02 	 horizons 9.0
step 19800 	 return [0.00198655 0.00230739 0.0074922  0.0010694  0.00138495 0.00225377
 0.        ], ([2.3283064e-10 2.3283064e-10 9.3132257e-10 0.0000000e+00 1.1641532e-10
 0.0000000e+00 0.0000000e+00]) 	 loss 2.316E-02 	 horizons 9.0
step 19890 	 return [0.         0.         0.01042768 0.00984571 0.00080714 0.
 0.        ], ([0.0000000e+00 0.0000000e+00 9.3132257e-10 0.0000000e+00 1.1641532e-10
 0.0000000e+00 0.0000000e+00]) 	 loss 3.011E-02 	 horizons 9.0
step 19980 	 return [0.         0.00015412 0.01111099 0.00620225 0.00110519 0.00203666
 0.        ], ([0.         0.00046237 0.00073071 0.00112573 0.00045308 0.00069794
 0.        ]) 	 loss 3.858E-02 	 horizons 9.0
step 20070 	 return [0.00198851 0.00230902 0.00858399 0.         0.00149757 0.00228567
 0.        ], ([2.3283064e-10 0.0000000e+00 9.3132257e-10 0.0000000e+00 1.1641532e-10
 0.0000000e+00 0.0000000e+00]) 	 loss 3.686E-02 	 horizons 9.0
step 20160 	 return [0.00354317 0.00128416 0.0048457  0.00104831 0.00134526 0.00215165
 0.        ], ([9.9754112e-04 7.1274024e-04 4.2738480e-04 8.3763452e-06 1.7707529e-05
 6.1687446e-05 0.0000000e+00]) 	 loss 3.875E-02 	 horizons 9.0
step 20250 	 return [0.         0.         0.01145677 0.00522891 0.00124411 0.00232128
 0.        ], ([0.         0.         0.00066389 0.00106613 0.00037641 0.00012798
 0.        ]) 	 loss 6.693E-02 	 horizons 9.0
step 20340 	 return [0.         0.00123299 0.01254698 0.0043904  0.00184227 0.
 0.        ], ([0.         0.0006165  0.00044478 0.00031029 0.00042452 0.
 0.        ]) 	 loss 4.400E-02 	 horizons 9.0
step 20430 	 return [0.         0.00046943 0.00971051 0.00978903 0.00080383 0.
 0.        ], ([0.0000000e+00 7.1706413e-04 6.5395358e-04 4.8964852e-05 2.7519613e-06
 0.0000000e+00 0.0000000e+00]) 	 loss 4.789E-02 	 horizons 9.0
step 20520 	 return [0.00610473 0.00233253 0.0030757  0.00097716 0.00117381 0.00107373
 0.        ], ([5.8071839e-04 4.3435916e-04 2.3012051e-06 2.0018778e-07 3.4733677e-07
 6.6771173e-07 0.0000000e+00]) 	 loss 4.356E-02 	 horizons 9.0
step 20610 	 return [0.         0.00138627 0.0125935  0.00429834 0.00175181 0.
 0.        ], ([0.0000000e+00 4.6209904e-04 4.9557758e-04 1.6154456e-05 2.8439512e-04
 0.0000000e+00 0.0000000e+00]) 	 loss 3.316E-02 	 horizons 9.0
step 20700 	 return [0.         0.         0.01278692 0.00434352 0.00068458 0.
 0.        ], ([0.0000000e+00 0.0000000e+00 2.5709337e-04 3.3663120e-05 3.1448441e-04
 0.0000000e+00 0.0000000e+00]) 	 loss 2.761E-02 	 horizons 9.0
step 20790 	 return [0.         0.         0.01018841 0.01377778 0.00081119 0.
 0.        ], ([0.000000e+00 0.000000e+00 6.184853e-04 5.711678e-04 5.388866e-08
 0.000000e+00 0.000000e+00]) 	 loss 3.841E-02 	 horizons 9.0
step 20880 	 return [0.         0.         0.0021043  0.01218523 0.00661224 0.00638267
 0.00265234], ([0.0000000e+00 0.0000000e+00 2.5134536e-06 5.2586107e-05 5.4899522e-04
 2.9171541e-04 8.8411494e-04]) 	 loss 4.591E-02 	 horizons 9.0
step 20970 	 return [0.00198851 0.00230902 0.00858399 0.         0.00149757 0.00228567
 0.        ], ([2.3283064e-10 0.0000000e+00 9.3132257e-10 0.0000000e+00 1.1641532e-10
 0.0000000e+00 0.0000000e+00]) 	 loss 4.180E-02 	 horizons 9.0
step 21060 	 return [0.00457563 0.0027055  0.0015558  0.00093907 0.00110078 0.00176427
 0.        ], ([8.7754609e-04 4.5133819e-04 1.9827807e-04 3.3257787e-05 7.4997813e-05
 4.9015053e-04 0.0000000e+00]) 	 loss 4.817E-02 	 horizons 9.0
step 21150 	 return [0.         0.         0.01188675 0.00478798 0.00154048 0.00240704
 0.        ], ([0.0000000e+00 0.0000000e+00 7.2722434e-04 8.8806916e-04 3.3820586e-05
 9.6505264e-06 0.0000000e+00]) 	 loss 3.164E-02 	 horizons 9.0
step 21240 	 return [0.         0.         0.01117592 0.0063614  0.00076104 0.00219439
 0.        ], ([0.         0.         0.00063423 0.00084759 0.00026184 0.00015677
 0.        ]) 	 loss 3.512E-02 	 horizons 9.0
step 21330 	 return [0.00504851 0.00307442 0.00520287 0.0006857  0.00051192 0.00178511
 0.        ], ([5.6046789e-04 4.2287342e-04 1.2891936e-03 6.2309635e-05 1.4620254e-04
 2.6447820e-05 0.0000000e+00]) 	 loss 4.169E-02 	 horizons 9.0
step 21420 	 return [0.         0.00153948 0.01239225 0.00429127 0.0018453  0.
 0.        ], ([0.00000000e+00 3.72405634e-06 5.71164768e-04 1.34420725e-05
 3.71370465e-04 0.00000000e+00 0.00000000e+00]) 	 loss 4.764E-02 	 horizons 9.0
step 21510 	 return [0.00661171 0.00216601 0.00539554 0.00053055 0.00051081 0.00183471
 0.        ], ([6.8822874e-06 1.8525869e-06 6.4921187e-05 2.6527332e-04 9.7374737e-05
 1.2880052e-04 0.0000000e+00]) 	 loss 4.277E-02 	 horizons 9.0
step 21600 	 return [0.         0.         0.00833296 0.01549128 0.00081136 0.
 0.        ], ([0.000000e+00 0.000000e+00 9.313226e-10 9.313226e-10 0.000000e+00
 0.000000e+00 0.000000e+00]) 	 loss 5.196E-02 	 horizons 9.0
step 21690 	 return [0.         0.         0.00210024 0.00859085 0.00760491 0.00645797
 0.00566601], ([0.0000000e+00 0.0000000e+00 1.0739313e-06 1.1922844e-03 3.9188974e-04
 5.7513407e-05 9.0632105e-04]) 	 loss 3.904E-02 	 horizons 9.0
step 21780 	 return [0.         0.         0.00209151 0.00814771 0.00599166 0.00550476
 0.00814849], ([0.000000e+00 0.000000e+00 0.000000e+00 9.313226e-10 0.000000e+00
 4.656613e-10 9.313226e-10]) 	 loss 4.073E-02 	 horizons 9.0
step 21870 	 return [0.00501678 0.0017746  0.00390673 0.00100204 0.00123391 0.00271681
 0.        ], ([1.7083074e-04 5.9153372e-04 5.5041444e-04 1.7949425e-05 4.2047646e-05
 1.7633321e-04 0.0000000e+00]) 	 loss 4.195E-02 	 horizons 9.0
step 21960 	 return [0.         0.         0.0115621  0.00680814 0.00163675 0.
 0.        ], ([0.0000000e+00 0.0000000e+00 0.0000000e+00 9.3132257e-10 1.1641532e-10
 0.0000000e+00 0.0000000e+00]) 	 loss 4.718E-02 	 horizons 9.0
step 22050 	 return [0.00342579 0.00241894 0.00372901 0.00099656 0.00122077 0.00277966
 0.        ], ([0.0000000e+00 2.3283064e-10 2.3283064e-10 1.1641532e-10 1.1641532e-10
 2.3283064e-10 0.0000000e+00]) 	 loss 3.966E-02 	 horizons 9.0
step 22140 	 return [0.         0.00125181 0.00924141 0.00887221 0.00126046 0.
 0.        ], ([0.         0.0006259  0.00060929 0.00179568 0.00094993 0.
 0.        ]) 	 loss 2.641E-02 	 horizons 9.0
step 22230 	 return [0.         0.00140829 0.00885546 0.00939466 0.00088866 0.
 0.        ], ([0.         0.00046943 0.00027537 0.00098372 0.0002663  0.
 0.        ]) 	 loss 2.649E-02 	 horizons 9.0
step 22320 	 return [0.         0.         0.01090281 0.0064826  0.0009212  0.00224538
 0.        ], ([0.         0.         0.0001977  0.00081343 0.00035614 0.00014863
 0.        ]) 	 loss 2.899E-02 	 horizons 9.0
step 22410 	 return [0.         0.         0.01308704 0.00457962 0.00160753 0.
 0.        ], ([0.000000e+00 0.000000e+00 6.352937e-04 7.313176e-04 8.575456e-05
 0.000000e+00 0.000000e+00]) 	 loss 3.537E-02 	 horizons 9.0
step 22500 	 return [0.         0.         0.01118119 0.00517756 0.00137007 0.00236175
 0.        ], ([0.0000000e+00 0.0000000e+00 4.7187848e-04 2.8021345e-04 1.9542794e-04
 2.7085351e-05 0.0000000e+00]) 	 loss 2.930E-02 	 horizons 9.0
step 22590 	 return [0.00205452 0.00227104 0.00823054 0.00053355 0.00114015 0.00223321
 0.        ], ([5.0542224e-04 9.6014599e-05 1.2680510e-03 5.3356233e-04 3.2028940e-04
 2.8677010e-05 0.0000000e+00]) 	 loss 7.181E-02 	 horizons 9.0
step 22680 	 return [0.00198714 0.00230788 0.00781974 0.00074858 0.00141873 0.00226334
 0.        ], ([8.9710335e-07 7.4612797e-07 5.0031825e-04 4.9006048e-04 5.1610117e-05
 1.4621888e-05 0.0000000e+00]) 	 loss 3.211E-02 	 horizons 9.0
step 22770 	 return [0.         0.         0.01218212 0.00425004 0.00268454 0.
 0.        ], ([0.0000000e+00 0.0000000e+00 2.5301831e-04 4.4445889e-05 8.3562285e-05
 0.0000000e+00 0.0000000e+00]) 	 loss 2.493E-02 	 horizons 9.0
step 22860 	 return [0.00416258 0.0027763  0.00620058 0.00026303 0.00078697 0.00189317
 0.        ], ([0.0007136  0.00038338 0.00173085 0.0004093  0.00020782 0.00041949
 0.        ]) 	 loss 3.666E-02 	 horizons 9.0
step 22950 	 return [0.         0.         0.01164796 0.00491196 0.00135079 0.00236706
 0.        ], ([0.0000000e+00 0.0000000e+00 6.3739892e-04 8.0178358e-04 2.8782137e-04
 4.5413719e-05 0.0000000e+00]) 	 loss 3.931E-02 	 horizons 9.0
step 23040 	 return [0.00295805 0.00164528 0.00347966 0.00100919 0.00125553 0.00242016
 0.        ], ([4.5001172e-04 3.4049575e-04 9.1263471e-04 3.2727392e-05 7.5315053e-05
 2.1601537e-04 0.0000000e+00]) 	 loss 3.669E-02 	 horizons 9.0
step 23130 	 return [0.         0.         0.01078396 0.00573921 0.00128638 0.00232337
 0.        ], ([0.         0.         0.00042162 0.00079584 0.00033344 0.00012507
 0.        ]) 	 loss 5.652E-02 	 horizons 9.0
step 23220 	 return [0.         0.00206061 0.00430741 0.00323854 0.00115307 0.0071959
 0.        ], ([0.000000e+00 0.000000e+00 4.656613e-10 0.000000e+00 0.000000e+00
 9.313226e-10 0.000000e+00]) 	 loss 4.180E-02 	 horizons 9.0
step 23310 	 return [0.         0.00030832 0.01235417 0.00510823 0.00129328 0.
 0.        ], ([0.         0.00061665 0.00083671 0.00118611 0.00059153 0.
 0.        ]) 	 loss 2.757E-02 	 horizons 9.0
step 23400 	 return [0.         0.         0.01088441 0.00419995 0.00362771 0.
 0.        ], ([0.0000000e+00 0.0000000e+00 1.1198176e-04 1.7574755e-05 5.8497535e-06
 0.0000000e+00 0.0000000e+00]) 	 loss 2.512E-02 	 horizons 9.0
step 23490 	 return [0.00117105 0.00246821 0.00907245 0.         0.00112432 0.00224821
 0.        ], ([9.5827429e-04 2.2650656e-04 4.8853207e-04 0.0000000e+00 3.7325360e-04
 3.7468792e-05 0.0000000e+00]) 	 loss 3.953E-02 	 horizons 9.0
step 23580 	 return [0.00198812 0.0023087  0.00836563 0.00021388 0.00147505 0.00227929
 0.        ], ([7.8305601e-07 6.5127381e-07 4.3671354e-04 4.2775983e-04 4.5049004e-05
 1.2763031e-05 0.0000000e+00]) 	 loss 4.328E-02 	 horizons 9.0
step 23670 	 return [0.00662548 0.00216971 0.00552538 0.         0.00070556 0.00209231
 0.        ], ([0.0000000e+00 2.3283064e-10 4.6566129e-10 0.0000000e+00 5.8207661e-11
 0.0000000e+00 0.0000000e+00]) 	 loss 3.712E-02 	 horizons 9.0
step 23760 	 return [0.00368219 0.00252242 0.00676127 0.00069493 0.00051736 0.00183255
 0.        ], ([3.1767777e-04 1.8661616e-04 1.6692709e-03 5.9306207e-05 1.4466743e-04
 5.8434434e-06 0.0000000e+00]) 	 loss 3.178E-02 	 horizons 9.0
step 23850 	 return [0.         0.         0.01252355 0.00460301 0.00066567 0.0021517
 0.        ], ([0.0000000e+00 0.0000000e+00 8.9742236e-05 3.2589858e-04 1.4465350e-04
 1.5774765e-04 0.0000000e+00]) 	 loss 4.245E-02 	 horizons 9.0
step 23940 	 return [0.         0.         0.00221533 0.00770218 0.00615378 0.00553848
 0.00781332], ([0.         0.         0.00037147 0.0013366  0.00048635 0.00010118
 0.0010055 ]) 	 loss 5.166E-02 	 horizons 9.0
step 24030 	 return [0.00198851 0.00230902 0.00858399 0.         0.00149757 0.00228567
 0.        ], ([2.3283064e-10 0.0000000e+00 9.3132257e-10 0.0000000e+00 1.1641532e-10
 0.0000000e+00 0.0000000e+00]) 	 loss 4.251E-02 	 horizons 9.0
step 24120 	 return [0.         0.         0.01168829 0.00656196 0.00166368 0.
 0.        ], ([0.0000000e+00 0.0000000e+00 3.7856557e-04 7.3852477e-04 8.0779158e-05
 0.0000000e+00 0.0000000e+00]) 	 loss 4.205E-02 	 horizons 9.0
step 24210 	 return [0.         0.         0.0132988  0.00433584 0.00163611 0.
 0.        ], ([0.000000e+00 0.000000e+00 9.313226e-10 4.656613e-10 0.000000e+00
 0.000000e+00 0.000000e+00]) 	 loss 3.770E-02 	 horizons 9.0
step 24300 	 return [0.         0.00206061 0.00430741 0.00323854 0.00115307 0.0071959
 0.        ], ([0.000000e+00 0.000000e+00 4.656613e-10 0.000000e+00 0.000000e+00
 9.313226e-10 0.000000e+00]) 	 loss 4.034E-02 	 horizons 9.0
step 24390 	 return [0.         0.         0.01243357 0.00451038 0.00262974 0.
 0.        ], ([0.         0.         0.00036485 0.0007661  0.00033521 0.
 0.        ]) 	 loss 3.156E-02 	 horizons 9.0
step 24480 	 return [0.         0.         0.0115621  0.00680814 0.00163675 0.
 0.        ], ([0.0000000e+00 0.0000000e+00 0.0000000e+00 9.3132257e-10 1.1641532e-10
 0.0000000e+00 0.0000000e+00]) 	 loss 3.856E-02 	 horizons 9.0
step 24570 	 return [0.00443133 0.0030862  0.00143269 0.00094577 0.00111603 0.00147172
 0.        ], ([4.0517157e-04 8.2057421e-05 1.0810447e-04 2.4083900e-05 5.4500670e-05
 1.2819112e-04 0.0000000e+00]) 	 loss 3.365E-02 	 horizons 9.0
step 24660 	 return [0.         0.         0.01164432 0.00512275 0.00155184 0.00241043
 0.        ], ([0.0000000e+00 0.0000000e+00 8.6369750e-04 1.0818443e-03 2.4443759e-07
 5.1066115e-07 0.0000000e+00]) 	 loss 2.769E-02 	 horizons 9.0
step 24750 	 return [0.00435801 0.002682   0.00145218 0.00092992 0.00108072 0.00181446
 0.        ], ([7.8338117e-04 4.9683359e-04 5.1899150e-04 3.7686132e-05 8.5202038e-05
 4.7158555e-04 0.0000000e+00]) 	 loss 3.233E-02 	 horizons 9.0
step 24840 	 return [0.         0.00015412 0.01285827 0.00434892 0.00068483 0.
 0.        ], ([0.0000000e+00 4.6237180e-04 4.3036045e-05 1.7475151e-05 3.1522097e-04
 0.0000000e+00 0.0000000e+00]) 	 loss 3.533E-02 	 horizons 9.0
step 24930 	 return [0.         0.         0.01245104 0.00424576 0.00284719 0.
 0.        ], ([0.0000000e+00 0.0000000e+00 4.8488556e-04 9.4112011e-06 2.6212452e-04
 0.0000000e+00 0.0000000e+00]) 	 loss 4.890E-02 	 horizons 9.0
step 25020 	 return [0.         0.         0.01015939 0.00668619 0.00186619 0.00190494
 0.        ], ([0.         0.         0.0013942  0.00032791 0.00058671 0.0009536
 0.        ]) 	 loss 4.476E-02 	 horizons 9.0
step 25110 	 return [0.         0.         0.00209989 0.00819342 0.00773554 0.00647714
 0.00596812], ([0.000000e+00 0.000000e+00 0.000000e+00 0.000000e+00 4.656613e-10
 4.656613e-10 0.000000e+00]) 	 loss 5.255E-02 	 horizons 9.0
step 25200 	 return [0.         0.         0.00833296 0.01549128 0.00081136 0.
 0.        ], ([0.000000e+00 0.000000e+00 9.313226e-10 9.313226e-10 0.000000e+00
 0.000000e+00 0.000000e+00]) 	 loss 3.280E-02 	 horizons 9.0
step 25290 	 return [0.         0.00015412 0.01276647 0.0044784  0.00066658 0.0003917
 0.        ], ([0.         0.00046237 0.00018145 0.00026244 0.00032331 0.0007834
 0.        ]) 	 loss 3.157E-02 	 horizons 9.0
step 25380 	 return [0.         0.         0.01212747 0.00430698 0.00113587 0.00230881
 0.        ], ([0.         0.         0.00071516 0.0002623  0.00041956 0.00013017
 0.        ]) 	 loss 2.839E-02 	 horizons 9.0
step 25470 	 return [0.00213091 0.00223027 0.0091294  0.         0.00074565 0.00219777
 0.        ], ([7.26001512e-04 1.17289455e-04 8.18437547e-04 0.00000000e+00
 8.95559788e-06 2.25838266e-05 0.00000000e+00]) 	 loss 3.034E-02 	 horizons 9.0
step 25560 	 return [0.00342579 0.00241894 0.00372901 0.00099656 0.00122077 0.00277966
 0.        ], ([0.0000000e+00 2.3283064e-10 2.3283064e-10 1.1641532e-10 1.1641532e-10
 2.3283064e-10 0.0000000e+00]) 	 loss 2.758E-02 	 horizons 9.0
step 25650 	 return [0.00616087 0.00250019 0.00538143 0.00059702 0.00048657 0.00180301
 0.        ], ([6.8719161e-04 5.1087147e-04 4.8087350e-05 1.9900517e-04 7.2998468e-05
 9.6436343e-05 0.0000000e+00]) 	 loss 2.561E-02 	 horizons 9.0
step 25740 	 return [0.00178977 0.0021852  0.00933398 0.00010694 0.00081361 0.00221353
 0.        ], ([6.5593740e-05 4.0731717e-05 6.1392406e-04 3.2081985e-04 1.9044452e-04
 1.3410206e-05 0.0000000e+00]) 	 loss 2.261E-02 	 horizons 9.0
step 25830 	 return [0.00511119 0.00328055 0.00537015 0.00066368 0.00046245 0.00177198
 0.        ], ([4.6566129e-10 4.6566129e-10 4.6566129e-10 5.8207661e-11 0.0000000e+00
 1.1641532e-10 0.0000000e+00]) 	 loss 1.950E-02 	 horizons 9.0
step 25920 	 return [6.6237561e-03 2.1692505e-03 5.5091470e-03 6.6318331e-05 6.8121852e-04
 2.0601109e-03 0.0000000e+00], ([5.1617167e-06 1.3894401e-06 4.8690894e-05 1.9895501e-04 7.3031057e-05
 9.6600379e-05 0.0000000e+00]) 	 loss 1.669E-02 	 horizons 9.0
step 26010 	 return [0.         0.00015648 0.01019291 0.00880129 0.00102905 0.00072332
 0.        ], ([0.         0.00046943 0.00044912 0.00154105 0.00034245 0.00110489
 0.        ]) 	 loss 1.917E-02 	 horizons 9.0
step 26100 	 return [0.         0.00185455 0.00431053 0.0032389  0.00127724 0.00719889
 0.        ], ([0.0000000e+00 6.1818206e-04 9.3649614e-06 1.0667369e-06 3.7252353e-04
 8.9940613e-06 0.0000000e+00]) 	 loss 2.550E-02 	 horizons 9.0
step 26190 	 return [0.         0.00140829 0.00892207 0.00941877 0.00107596 0.00024209
 0.        ], ([0.000000e+00 4.694287e-04 7.555308e-05 9.113891e-04 8.281878e-04
 7.262805e-04 0.000000e+00]) 	 loss 3.557E-02 	 horizons 9.0
step 26280 	 return [0.         0.         0.00933933 0.00619458 0.00363507 0.
 0.        ], ([0.0000000e+00 0.0000000e+00 5.5235322e-04 6.5901625e-04 5.0326344e-07
 0.0000000e+00 0.0000000e+00]) 	 loss 2.627E-02 	 horizons 9.0
step 26370 	 return [0.         0.00138742 0.01236036 0.00427209 0.00184805 0.
 0.        ], ([0.0000000e+00 4.6247404e-04 5.1505805e-04 8.7408924e-05 3.2224361e-04
 0.0000000e+00 0.0000000e+00]) 	 loss 2.841E-02 	 horizons 9.0
step 26460 	 return [0.         0.         0.00833296 0.01549128 0.00081136 0.
 0.        ], ([0.000000e+00 0.000000e+00 9.313226e-10 9.313226e-10 0.000000e+00
 0.000000e+00 0.000000e+00]) 	 loss 3.044E-02 	 horizons 9.0
step 26550 	 return [0.         0.         0.01017061 0.01353106 0.00080974 0.
 0.        ], ([0.0000000e+00 0.0000000e+00 9.3132257e-10 1.8626451e-09 1.1641532e-10
 0.0000000e+00 0.0000000e+00]) 	 loss 2.246E-02 	 horizons 9.0
step 26640 	 return [0.         0.00015648 0.0101999  0.00920615 0.00106601 0.
 0.        ], ([0.         0.00046943 0.0005868  0.00121169 0.00056337 0.
 0.        ]) 	 loss 2.968E-02 	 horizons 9.0
step 26730 	 return [0.         0.         0.00889172 0.01328465 0.00080724 0.
 0.        ], ([0.0000000e+00 0.0000000e+00 4.2629687e-04 8.2134822e-05 8.3405178e-07
 0.0000000e+00 0.0000000e+00]) 	 loss 2.157E-02 	 horizons 9.0
step 26820 	 return [0.         0.         0.00209989 0.00819342 0.00773554 0.00647714
 0.00596812], ([0.000000e+00 0.000000e+00 0.000000e+00 0.000000e+00 4.656613e-10
 4.656613e-10 0.000000e+00]) 	 loss 1.907E-02 	 horizons 9.0
step 26910 	 return [0.00045664 0.00192785 0.00328935 0.00556222 0.00090956 0.00750455
 0.        ], ([2.9894305e-04 1.1234907e-04 1.0048454e-05 3.6929764e-06 2.3104160e-04
 1.4737760e-05 0.0000000e+00]) 	 loss 1.874E-02 	 horizons 9.0
step 27000 	 return [0.         0.         0.01228931 0.00474941 0.00244559 0.
 0.        ], ([0.         0.         0.00038825 0.00103011 0.00047586 0.
 0.        ]) 	 loss 1.737E-02 	 horizons 9.0
step 27090 	 return [0.         0.         0.00209151 0.00814771 0.00599166 0.00550476
 0.00814849], ([0.000000e+00 0.000000e+00 0.000000e+00 9.313226e-10 0.000000e+00
 4.656613e-10 9.313226e-10]) 	 loss 2.595E-02 	 horizons 9.0
step 27180 	 return [0.         0.         0.00209151 0.00814771 0.00599166 0.00550476
 0.00814849], ([0.000000e+00 0.000000e+00 0.000000e+00 9.313226e-10 0.000000e+00
 4.656613e-10 9.313226e-10]) 	 loss 3.336E-02 	 horizons 9.0
step 27270 	 return [0.00511353 0.00201226 0.00559101 0.00105743 0.00136277 0.00219347
 0.        ], ([0.0000000e+00 2.3283064e-10 4.6566129e-10 0.0000000e+00 1.1641532e-10
 2.3283064e-10 0.0000000e+00]) 	 loss 2.004E-02 	 horizons 9.0
step 27360 	 return [0.00139059 0.00243758 0.00811449 0.00074858 0.00119485 0.00224098
 0.        ], ([9.1035361e-04 1.9885563e-04 9.5056253e-04 4.9006048e-04 2.9037573e-04
 1.9522027e-05 0.0000000e+00]) 	 loss 2.063E-02 	 horizons 9.0
step 27450 	 return [0.00176791 0.00217162 0.00953862 0.         0.00075013 0.00220906
 0.        ], ([1.1641532e-10 2.3283064e-10 9.3132257e-10 0.0000000e+00 5.8207661e-11
 2.3283064e-10 0.0000000e+00]) 	 loss 2.289E-02 	 horizons 9.0
step 27540 	 return [0.         0.         0.01296643 0.00434323 0.00182504 0.
 0.        ], ([0.0000000e+00 0.0000000e+00 2.1758811e-04 4.8316401e-06 1.2368524e-04
 0.0000000e+00 0.0000000e+00]) 	 loss 2.449E-02 	 horizons 9.0
step 27630 	 return [0.         0.         0.00209151 0.00814771 0.00599166 0.00550476
 0.00814849], ([0.000000e+00 0.000000e+00 0.000000e+00 9.313226e-10 0.000000e+00
 4.656613e-10 9.313226e-10]) 	 loss 2.983E-02 	 horizons 9.0
step 27720 	 return [0.0035388  0.00248534 0.00559809 0.00105793 0.00136363 0.00219514
 0.        ], ([0.0000000e+00 2.3283064e-10 4.6566129e-10 1.1641532e-10 1.1641532e-10
 0.0000000e+00 0.0000000e+00]) 	 loss 2.165E-02 	 horizons 9.0
step 27810 	 return [0.00019866 0.00171223 0.0107006  0.00035454 0.00083451 0.00218371
 0.        ], ([0.00059597 0.00041754 0.00134382 0.00045041 0.00030136 0.00013303
 0.        ]) 	 loss 2.409E-02 	 horizons 9.0
step 27900 	 return [0.         0.00138727 0.01243083 0.00426903 0.00167486 0.00023888
 0.        ], ([0.0000000e+00 4.6242299e-04 6.0363259e-04 8.9502013e-05 1.1450197e-04
 7.1663788e-04 0.0000000e+00]) 	 loss 2.769E-02 	 horizons 9.0
step 27990 	 return [0.         0.         0.01223987 0.00422809 0.00147257 0.00239267
 0.        ], ([0.0000000e+00 0.0000000e+00 1.5552746e-04 3.9535964e-05 2.2960217e-04
 3.7533620e-05 0.0000000e+00]) 	 loss 2.446E-02 	 horizons 9.0
step 28080 	 return [0.00234028 0.00024882 0.00067045 0.00077603 0.00098463 0.00088756
 0.        ], ([0.00040067 0.00074646 0.00201135 0.00025868 0.00016388 0.00044649
 0.        ]) 	 loss 4.148E-02 	 horizons 9.0
step 28170 	 return [0.         0.         0.01239898 0.00425893 0.00139807 0.00238411
 0.        ], ([0.0000000e+00 0.0000000e+00 9.8919867e-05 3.8995408e-05 3.0714425e-04
 5.1807612e-05 0.0000000e+00]) 	 loss 4.399E-02 	 horizons 9.0
step 28260 	 return [0.00511353 0.00201226 0.00559101 0.00105743 0.00136277 0.00219347
 0.        ], ([0.0000000e+00 2.3283064e-10 4.6566129e-10 0.0000000e+00 1.1641532e-10
 2.3283064e-10 0.0000000e+00]) 	 loss 3.670E-02 	 horizons 9.0
step 28350 	 return [0.         0.00030641 0.01270637 0.00432592 0.00193106 0.
 0.        ], ([0.0000000e+00 6.1281689e-04 7.4111292e-04 3.0761890e-05 3.4200342e-04
 0.0000000e+00 0.0000000e+00]) 	 loss 3.300E-02 	 horizons 9.0
step 28440 	 return [0.00553726 0.         0.00666226 0.         0.00147268 0.00221972
 0.        ], ([4.6566129e-10 0.0000000e+00 4.6566129e-10 0.0000000e+00 1.1641532e-10
 2.3283064e-10 0.0000000e+00]) 	 loss 2.988E-02 	 horizons 9.0
step 28530 	 return [0.0019861  0.00230682 0.00758453 0.00096211 0.0013955  0.00225431
 0.        ], ([1.5116462e-06 1.6245367e-06 3.3480427e-04 3.2070314e-04 3.4050365e-05
 1.1683735e-05 0.0000000e+00]) 	 loss 3.554E-02 	 horizons 9.0
step 28620 	 return [0.         0.         0.01234952 0.00423943 0.00155164 0.00241002
 0.        ], ([0.0000000e+00 0.0000000e+00 9.3132257e-10 4.6566129e-10 1.1641532e-10
 2.3283064e-10 0.0000000e+00]) 	 loss 3.610E-02 	 horizons 9.0
step 28710 	 return [0.00178966 0.00235225 0.00868224 0.         0.00142294 0.00227822
 0.        ], ([5.9655367e-04 1.2969312e-04 2.9475408e-04 0.0000000e+00 2.2388228e-04
 2.2352444e-05 0.0000000e+00]) 	 loss 3.517E-02 	 horizons 9.0
step 28800 	 return [0.         0.0003106  0.01072663 0.00662931 0.00094749 0.00172328
 0.        ], ([0.         0.00062122 0.00094832 0.00153804 0.00045503 0.0008794
 0.        ]) 	 loss 5.749E-02 	 horizons 9.0
step 28890 	 return [0.00511119 0.00328055 0.00537015 0.00066368 0.00046245 0.00177198
 0.        ], ([4.6566129e-10 4.6566129e-10 4.6566129e-10 5.8207661e-11 0.0000000e+00
 1.1641532e-10 0.0000000e+00]) 	 loss 7.348E-02 	 horizons 9.0
step 28980 	 return [6.5234723e-05 2.0399760e-03 4.2049489e-03 3.4706686e-03 1.1135896e-03
 7.2257975e-03 0.0000000e+00], ([1.9570420e-04 6.1893224e-05 3.0739323e-04 6.9637818e-04 1.1842854e-04
 8.9702138e-05 0.0000000e+00]) 	 loss 6.336E-02 	 horizons 9.0
step 29070 	 return [0.00157933 0.00338649 0.00298848 0.00096001 0.00114537 0.00150179
 0.        ], ([1.1641532e-10 0.0000000e+00 2.3283064e-10 0.0000000e+00 0.0000000e+00
 1.1641532e-10 0.0000000e+00]) 	 loss 5.487E-02 	 horizons 9.0
step 29160 	 return [0.00346728 0.00198463 0.00338889 0.00100214 0.00123993 0.0020162
 0.        ], ([1.3651578e-03 9.4813574e-04 1.5951494e-03 4.0880415e-05 9.2288050e-05
 4.9302902e-04 0.0000000e+00]) 	 loss 4.301E-02 	 horizons 9.0
step 29250 	 return [0.         0.         0.01234952 0.00423943 0.00155164 0.00241002
 0.        ], ([0.0000000e+00 0.0000000e+00 9.3132257e-10 4.6566129e-10 1.1641532e-10
 2.3283064e-10 0.0000000e+00]) 	 loss 9.938E-02 	 horizons 9.0
step 29340 	 return [0.00111866 0.00129801 0.00229794 0.00415054 0.00080981 0.00546805
 0.        ], ([7.1230589e-04 8.4974524e-04 1.5043539e-03 2.1526888e-03 7.8683050e-05
 3.0960659e-03 0.0000000e+00]) 	 loss 4.239E-02 	 horizons 9.0
step 29430 	 return [0.         0.         0.01254186 0.00453649 0.0006952  0.0021839
 0.        ], ([0.0000000e+00 0.0000000e+00 8.3946172e-05 3.0485020e-04 1.3531097e-04
 1.4755942e-04 0.0000000e+00]) 	 loss 4.375E-02 	 horizons 9.0
step 29520 	 return [0.         0.         0.01091616 0.00626396 0.00114063 0.00228167
 0.        ], ([0.         0.         0.00028278 0.00084326 0.00042413 0.0001668
 0.        ]) 	 loss 3.750E-02 	 horizons 9.0
step 29610 	 return [0.         0.00076602 0.01157926 0.0042848  0.00257662 0.
 0.        ], ([0.0000000e+00 7.6602102e-04 2.9297359e-04 1.9677216e-05 5.5734999e-06
 0.0000000e+00 0.0000000e+00]) 	 loss 3.462E-02 	 horizons 9.0
step 29700 	 return [0.00198851 0.00230902 0.00858399 0.         0.00149757 0.00228567
 0.        ], ([2.3283064e-10 0.0000000e+00 9.3132257e-10 0.0000000e+00 1.1641532e-10
 0.0000000e+00 0.0000000e+00]) 	 loss 4.665E-02 	 horizons 9.0
step 29790 	 return [0.00106792 0.00181941 0.00939298 0.         0.00184508 0.00163949
 0.        ], ([0.00163127 0.00044572 0.00159471 0.         0.00049663 0.0010733
 0.        ]) 	 loss 4.703E-02 	 horizons 9.0
step 29880 	 return [0.0014214  0.0034142  0.00298946 0.00096008 0.00114548 0.00150229
 0.        ], ([4.7380014e-04 8.3104329e-05 2.9554592e-06 2.0315638e-07 3.4900148e-07
 1.4875433e-06 0.0000000e+00]) 	 loss 4.210E-02 	 horizons 9.0
step 29970 	 return [0.         0.         0.01180822 0.00430553 0.00259822 0.
 0.        ], ([0.0000000e+00 0.0000000e+00 1.9205929e-04 3.1630509e-06 4.8083763e-05
 0.0000000e+00 0.0000000e+00]) 	 loss 3.595E-02 	 horizons 9.0
step 30060 	 return [6.8980977e-03 0.0000000e+00 5.0804475e-03 9.5176234e-05 7.4562954e-04
 2.0190296e-03 0.0000000e+00], ([0.0002707  0.         0.00123566 0.00028553 0.00012833 0.00020287
 0.        ]) 	 loss 3.276E-02 	 horizons 9.0
[1;34mwandb[0m: 
[1;34mwandb[0m: 🚀 View run [33mmotndp_amsterdam-v0__GCN-amsterdam-g7-spatiotemporal__42__1781513348[0m at: [34mhttps://wandb.ai/jingyuan-sun03-tu-delft/cl_ablation/runs/oxiegrl9[0m
[1;34mwandb[0m: Find logs at: [1;35mwandb/run-20260615_104908-oxiegrl9/logs[0m
