/home/SinJ/mo-transport-network-design/.venv/lib/python3.13/site-packages/pygame/pkgdata.py:25: UserWarning: pkg_resources is deprecated as an API. See https://setuptools.pypa.io/en/latest/pkg_resources.html. The pkg_resources package is slated for removal as early as 2025-11-30. Refrain from using this package or pin to Setuptools<81.
  from pkg_resources import resource_stream, resource_exists
wandb: [wandb.login()] Loaded credentials for https://api.wandb.ai from /home/SinJ/.netrc.
wandb: Currently logged in as: jingyuan-sun03 (jingyuan-sun03-tu-delft) to https://api.wandb.ai. Use `wandb login --relogin` to force relogin
wandb: setting up run k8tnbfi9
wandb: Tracking run with wandb version 0.27.2
wandb: Run data is saved locally in /home/SinJ/mo-transport-network-design/wandb/run-20260615_083154-k8tnbfi9
wandb: Run `wandb offline` to turn off syncing.
wandb: Syncing run motndp_amsterdam-v0__GCN-amsterdam-g5-spatiotemporal__789__1781505113
wandb: ⭐️ View project at https://wandb.ai/jingyuan-sun03-tu-delft/cl_ablation
wandb: 🚀 View run at https://wandb.ai/jingyuan-sun03-tu-delft/cl_ablation/runs/k8tnbfi9
/home/SinJ/mo-transport-network-design/morl-baselines/morl_baselines/multi_policy/gcn/gcn.py:151: UserWarning: Creating a tensor from a list of numpy.ndarrays is extremely slow. Please consider converting the list to a single numpy.ndarray with numpy.array() before converting to a tensor. (Triggered internally at /pytorch/torch/csrc/utils/tensor_new.cpp:253.)
  th.tensor(obs).to(self.device),
Namespace(env='amsterdam', nr_groups=5, starting_loc_x=9, starting_loc_y=19, nr_stations=10, lr=0.01, batch_size=256, num_er_episodes=100, num_step_episodes=10, num_model_updates=10, num_policies=10, max_buffer_size=200, nr_layers=1, hidden_dim=128, timesteps=30000, no_log=False, seed=789, cd_threshold=0.2, distance_ref='interpolate2', gcn_lambda=0.0, lambda_schedule='cosine', lambda_start=1.0, lambda_end=0.0, lambda_warmup_fraction=0.1, lambda_freeze_fraction=0.1, spatial_alpha=0.5, include_demand_context=False, criterion='lorenz', nash_mode='pareto_sized', nash_top_k=None, nash_shift=0.0, project_name='cl_ablation', experiment_name='GCN-amsterdam-g5-spatiotemporal', wandb_entity=None)
step 990 	 return [8.6526023e-05 2.3791434e-03 1.4243320e-03 1.7862180e-03 4.8134304e-04], ([0.00025958 0.00240025 0.00217156 0.00159116 0.00144403]) 	 loss 2.023E+00 	 horizons 9.0
step 1080 	 return [0.00010752 0.00184445 0.00045274 0.00091981 0.        ], ([0.00032256 0.0020197  0.00039088 0.00121163 0.        ]) 	 loss 1.804E+00 	 horizons 9.0
step 1170 	 return [0.00013333 0.00116666 0.00225277 0.00209605 0.00205651], ([0.00039999 0.00141257 0.00198208 0.00118887 0.00270341]) 	 loss 1.359E+00 	 horizons 9.0
step 1260 	 return [0.         0.00150225 0.00354714 0.00238094 0.00180567], ([0.         0.0017505  0.00283738 0.00128264 0.00247882]) 	 loss 1.195E+00 	 horizons 9.0
step 1350 	 return [0.         0.00142114 0.00153522 0.00251462 0.00100472], ([0.         0.00224891 0.00163167 0.00123017 0.00154842]) 	 loss 1.143E+00 	 horizons 9.0
step 1440 	 return [0.         0.00214652 0.00230908 0.00201757 0.0003151 ], ([0.         0.00214797 0.00218829 0.00127361 0.00094531]) 	 loss 1.071E+00 	 horizons 9.0
step 1530 	 return [0.         0.0029264  0.00316337 0.00196497 0.00245646], ([0.         0.00273316 0.00237038 0.00139657 0.00337216]) 	 loss 1.064E+00 	 horizons 9.0
step 1620 	 return [0.         0.         0.00392302 0.00301577 0.00448551], ([0.         0.         0.0027535  0.00111281 0.00221241]) 	 loss 1.021E+00 	 horizons 9.0
step 1710 	 return [0.         0.00217951 0.00672199 0.00198445 0.00169934], ([0.         0.00176686 0.002427   0.00119083 0.00262222]) 	 loss 9.926E-01 	 horizons 9.0
step 1800 	 return [8.3847226e-05 2.5888842e-03 9.4496319e-04 1.5110433e-03 6.9702632e-04], ([0.00025154 0.00208729 0.0007963  0.00157798 0.00139501]) 	 loss 1.004E+00 	 horizons 9.0
step 1890 	 return [0.         0.         0.00312846 0.00329323 0.00457956], ([0.         0.         0.00280141 0.00104307 0.00287101]) 	 loss 9.298E-01 	 horizons 9.0
step 1980 	 return [0.         0.00060099 0.002537   0.00329202 0.00276595], ([0.         0.00180296 0.00264546 0.00081158 0.0024208 ]) 	 loss 9.446E-01 	 horizons 9.0
step 2070 	 return [0.         0.00292167 0.00693067 0.00114998 0.00136332], ([0.         0.00194951 0.00286996 0.00092647 0.00275196]) 	 loss 9.290E-01 	 horizons 9.0
step 2160 	 return [0.         0.00220982 0.00779842 0.00245843 0.00155462], ([0.         0.00187115 0.00172087 0.00110056 0.00245259]) 	 loss 9.240E-01 	 horizons 9.0
step 2250 	 return [0.         0.00068293 0.00760854 0.00390832 0.00285443], ([0.         0.001071   0.00260967 0.00188969 0.00277222]) 	 loss 8.917E-01 	 horizons 9.0
step 2340 	 return [0.         0.0005743  0.00659545 0.00443267 0.00420922], ([0.         0.00121792 0.00287449 0.00173223 0.00322567]) 	 loss 8.402E-01 	 horizons 9.0
step 2430 	 return [0.         0.00244983 0.00775834 0.00179735 0.00066162], ([0.         0.001734   0.00238049 0.00139688 0.00198486]) 	 loss 8.029E-01 	 horizons 9.0
step 2520 	 return [0.         0.         0.00445978 0.00291448 0.0055628 ], ([0.         0.         0.00214538 0.00167645 0.00293852]) 	 loss 7.568E-01 	 horizons 9.0
step 2610 	 return [0.         0.00157057 0.00939714 0.00468611 0.00118559], ([0.         0.00109199 0.0017508  0.00178778 0.00184472]) 	 loss 7.621E-01 	 horizons 9.0
step 2700 	 return [0.         0.00078594 0.00825172 0.00342422 0.00319651], ([0.         0.00122701 0.00270846 0.00132127 0.00336624]) 	 loss 7.307E-01 	 horizons 9.0
step 2790 	 return [0.         0.00019659 0.00766345 0.00446618 0.00436889], ([0.         0.00058977 0.00219614 0.00143538 0.00238074]) 	 loss 6.880E-01 	 horizons 9.0
step 2880 	 return [0.         0.00078636 0.00702137 0.00513439 0.00331086], ([0.         0.00096309 0.00301083 0.00086166 0.00290131]) 	 loss 6.563E-01 	 horizons 9.0
step 2970 	 return [0.00045053 0.00494268 0.00147623 0.00101189 0.        ], ([0.00077694 0.00182101 0.00134449 0.00023583 0.        ]) 	 loss 6.122E-01 	 horizons 9.0
step 3060 	 return [0.         0.0019838  0.00929723 0.00189809 0.00131469], ([0.         0.00142555 0.00135994 0.00125389 0.00211113]) 	 loss 6.104E-01 	 horizons 9.0
step 3150 	 return [0.         0.00416375 0.00765435 0.00170533 0.00076025], ([0.         0.00231519 0.00198922 0.00131267 0.00152299]) 	 loss 5.839E-01 	 horizons 9.0
step 3240 	 return [0.         0.00038869 0.00328904 0.00374272 0.00662244], ([0.         0.00116608 0.00091308 0.00124639 0.00283048]) 	 loss 5.489E-01 	 horizons 9.0
step 3330 	 return [0.0004379  0.0023695  0.00057007 0.00120333 0.        ], ([0.00048312 0.00132155 0.00045475 0.00090941 0.        ]) 	 loss 5.561E-01 	 horizons 9.0
step 3420 	 return [0.         0.00078636 0.00875864 0.00504281 0.0026674 ], ([0.         0.00096309 0.00177986 0.00104277 0.00229959]) 	 loss 5.589E-01 	 horizons 9.0
step 3510 	 return [0.00084033 0.00343657 0.00050369 0.00052417 0.        ], ([0.0005938  0.00149325 0.00028817 0.00035424 0.        ]) 	 loss 5.133E-01 	 horizons 9.0
step 3600 	 return [0.00071534 0.0016279  0.00056189 0.00124869 0.        ], ([0.00102619 0.00110564 0.00029113 0.00079543 0.        ]) 	 loss 4.706E-01 	 horizons 9.0
step 3690 	 return [0.         0.00377307 0.008872   0.00155349 0.00036204], ([0.         0.00107633 0.00162521 0.00126213 0.00108613]) 	 loss 4.751E-01 	 horizons 9.0
step 3780 	 return [0.         0.0055581  0.00416772 0.00151598 0.        ], ([0.         0.00139197 0.00199649 0.00049551 0.        ]) 	 loss 4.748E-01 	 horizons 9.0
step 3870 	 return [0.00026405 0.00244669 0.00101115 0.00217282 0.        ], ([0.0004236  0.00184629 0.001411   0.00115247 0.        ]) 	 loss 4.586E-01 	 horizons 9.0
step 3960 	 return [0.0007763  0.00473    0.00110283 0.00087151 0.        ], ([0.00080566 0.00148653 0.00122022 0.00045889 0.        ]) 	 loss 4.729E-01 	 horizons 9.0
step 4050 	 return [0.00039441 0.00447918 0.00095864 0.00083515 0.        ], ([0.00041231 0.00140072 0.00092553 0.00041881 0.        ]) 	 loss 5.003E-01 	 horizons 9.0
step 4140 	 return [0.         0.00592549 0.00566938 0.00155637 0.        ], ([0.         0.00116615 0.00149813 0.0005398  0.        ]) 	 loss 4.943E-01 	 horizons 9.0
step 4230 	 return [7.7184326e-05 6.2817819e-03 4.3990472e-03 1.4580183e-03 0.0000000e+00], ([0.00023155 0.001314   0.00095972 0.00030324 0.        ]) 	 loss 4.674E-01 	 horizons 9.0
step 4320 	 return [0.0026181  0.0020676  0.00071013 0.0008756  0.        ], ([0.00106443 0.00211143 0.00040612 0.00030003 0.        ]) 	 loss 4.972E-01 	 horizons 9.0
step 4410 	 return [0.         0.00078649 0.00908928 0.00487313 0.00229782], ([0.         0.00096325 0.00229251 0.00109078 0.0024221 ]) 	 loss 4.661E-01 	 horizons 9.0
step 4500 	 return [0.00074974 0.00286689 0.00098231 0.00073803 0.        ], ([0.00032965 0.00132406 0.00062851 0.00014798 0.        ]) 	 loss 4.048E-01 	 horizons 9.0
step 4590 	 return [0.         0.00272778 0.01084266 0.00397964 0.        ], ([0.         0.00088415 0.00059201 0.0008332  0.        ]) 	 loss 4.194E-01 	 horizons 9.0
step 4680 	 return [0.         0.00020249 0.00747776 0.00381165 0.00456443], ([0.         0.00060748 0.00132965 0.00082855 0.00112543]) 	 loss 4.025E-01 	 horizons 9.0
step 4770 	 return [0.00354762 0.00135322 0.00041205 0.00083299 0.        ], ([3.1169987e-04 1.6841805e-03 9.4757452e-05 2.8916265e-04 0.0000000e+00]) 	 loss 3.953E-01 	 horizons 9.0
step 4860 	 return [0.         0.00568133 0.00582569 0.00138835 0.        ], ([0.         0.00129434 0.00140236 0.00047973 0.        ]) 	 loss 3.334E-01 	 horizons 9.0
step 4950 	 return [0.         0.         0.00685466 0.0062966  0.00503161], ([0.         0.         0.00140073 0.00131947 0.00174305]) 	 loss 3.333E-01 	 horizons 9.0
step 5040 	 return [0.         0.         0.00630739 0.00624703 0.00594824], ([0.         0.         0.00040522 0.00120239 0.0005957 ]) 	 loss 3.130E-01 	 horizons 9.0
step 5130 	 return [0.         0.         0.00936773 0.00738864 0.00179044], ([0.         0.         0.00208345 0.00019174 0.00273494]) 	 loss 2.932E-01 	 horizons 9.0
step 5220 	 return [0.         0.         0.00533942 0.00529503 0.00586247], ([0.         0.         0.00124517 0.00128413 0.00140552]) 	 loss 2.697E-01 	 horizons 9.0
step 5310 	 return [0.         0.         0.00641671 0.00644097 0.0057184 ], ([0.         0.         0.00053476 0.00115482 0.00059733]) 	 loss 2.622E-01 	 horizons 9.0
step 5400 	 return [0.         0.00020249 0.00875649 0.00461144 0.00383652], ([0.         0.00060748 0.00087637 0.00084418 0.0016032 ]) 	 loss 2.424E-01 	 horizons 9.0
step 5490 	 return [0.         0.00649356 0.00563525 0.00162918 0.        ], ([0.         0.00106023 0.00082329 0.00054352 0.        ]) 	 loss 2.528E-01 	 horizons 9.0
step 5580 	 return [0.         0.00391197 0.00810761 0.00177219 0.00072066], ([0.         0.00184081 0.0010568  0.00123008 0.00144133]) 	 loss 2.412E-01 	 horizons 9.0
step 5670 	 return [0.         0.         0.00475429 0.00425113 0.00671025], ([0.         0.         0.00133118 0.00082365 0.00155236]) 	 loss 2.387E-01 	 horizons 9.0
step 5760 	 return [0.         0.00557348 0.00572767 0.00158579 0.        ], ([0.         0.00142916 0.00125034 0.00061937 0.        ]) 	 loss 2.290E-01 	 horizons 9.0
step 5850 	 return [0.         0.00028143 0.00933528 0.00391735 0.00359909], ([0.000000e+00 8.442897e-04 5.183155e-04 7.715029e-04 2.973610e-05]) 	 loss 2.196E-01 	 horizons 9.0
step 5940 	 return [0.         0.00103526 0.00840725 0.00384323 0.00348646], ([0.         0.00178045 0.00147285 0.00097673 0.00138665]) 	 loss 1.859E-01 	 horizons 9.0
step 6030 	 return [0.         0.00570676 0.00815891 0.00159136 0.00036243], ([0.         0.00115854 0.00126932 0.00123674 0.00108728]) 	 loss 1.727E-01 	 horizons 9.0
step 6120 	 return [0.         0.         0.0063149  0.00738687 0.00589864], ([0.         0.         0.00038911 0.00088397 0.00020844]) 	 loss 1.718E-01 	 horizons 9.0
step 6210 	 return [0.00022205 0.00747972 0.00540956 0.00190119 0.        ], ([0.00066615 0.0007894  0.0012573  0.00050518 0.        ]) 	 loss 1.506E-01 	 horizons 9.0
step 6300 	 return [0.         0.00121755 0.00681782 0.00362302 0.00563076], ([0.         0.00099415 0.00086156 0.00017557 0.00093763]) 	 loss 1.557E-01 	 horizons 9.0
step 6390 	 return [0.         0.00020249 0.00410101 0.00435999 0.0070169 ], ([0.         0.00060748 0.00113855 0.00071255 0.0006576 ]) 	 loss 1.443E-01 	 horizons 9.0
step 6480 	 return [0.00036781 0.00166382 0.00111332 0.00322422 0.        ], ([0.00056183 0.00033085 0.00171802 0.00030119 0.        ]) 	 loss 1.305E-01 	 horizons 9.0
step 6570 	 return [0.         0.00702039 0.00724531 0.00131627 0.        ], ([0.         0.00182266 0.00169319 0.00075508 0.        ]) 	 loss 1.498E-01 	 horizons 9.0
step 6660 	 return [0.         0.00561802 0.00849998 0.00080516 0.        ], ([0.         0.00025745 0.00038344 0.00031624 0.        ]) 	 loss 1.212E-01 	 horizons 9.0
step 6750 	 return [0.00247546 0.00525448 0.00130653 0.00167371 0.        ], ([0.00097154 0.00133105 0.00062042 0.00071301 0.        ]) 	 loss 1.028E-01 	 horizons 9.0
step 6840 	 return [0.         0.0060093  0.00815581 0.0009597  0.        ], ([0.         0.00117348 0.00106072 0.00053137 0.        ]) 	 loss 1.124E-01 	 horizons 9.0
step 6930 	 return [0.         0.00138948 0.00859529 0.00373839 0.00386458], ([0.         0.00183495 0.0012306  0.000521   0.00075575]) 	 loss 1.003E-01 	 horizons 9.0
step 7020 	 return [0.         0.         0.00609272 0.00613562 0.00643963], ([0.         0.         0.00070971 0.00049073 0.00039395]) 	 loss 1.003E-01 	 horizons 9.0
step 7110 	 return [0.         0.00520319 0.00814555 0.00156534 0.00036267], ([0.         0.00050384 0.00073664 0.0013328  0.00108802]) 	 loss 8.736E-02 	 horizons 9.0
step 7200 	 return [0.         0.00467568 0.00936496 0.00098772 0.        ], ([0.         0.00142477 0.00114488 0.00086146 0.        ]) 	 loss 9.602E-02 	 horizons 9.0
step 7290 	 return [0.00349726 0.00461426 0.00100645 0.00143712 0.        ], ([0.00056508 0.00080803 0.00039434 0.00017267 0.        ]) 	 loss 7.999E-02 	 horizons 9.0
step 7380 	 return [0.0002203  0.00755162 0.00334284 0.00137651 0.        ], ([0.00066091 0.00032698 0.00135423 0.00010522 0.        ]) 	 loss 9.943E-02 	 horizons 9.0
step 7470 	 return [0.00155085 0.00760961 0.00266656 0.00199177 0.        ], ([0.00101529 0.00078797 0.00082685 0.00023427 0.        ]) 	 loss 1.062E-01 	 horizons 9.0
step 7560 	 return [0.         0.00597802 0.00813752 0.00096576 0.        ], ([0.         0.00089163 0.00098054 0.00053203 0.        ]) 	 loss 9.253E-02 	 horizons 9.0
step 7650 	 return [0.00058996 0.00529091 0.00255634 0.00161727 0.        ], ([0.00076687 0.0009041  0.00130075 0.00020471 0.        ]) 	 loss 7.445E-02 	 horizons 9.0
step 7740 	 return [0.0034068  0.00394521 0.00093391 0.0015301  0.        ], ([0.00075706 0.00085    0.00039542 0.00016725 0.        ]) 	 loss 1.388E-01 	 horizons 9.0
step 7830 	 return [0.         0.0055322  0.00862779 0.00069975 0.        ], ([0.000000e+00 4.656613e-10 9.313226e-10 5.820766e-11 0.000000e+00]) 	 loss 1.092E-01 	 horizons 9.0
step 7920 	 return [0.         0.         0.00903526 0.00504501 0.00372573], ([0.         0.         0.00051768 0.00010335 0.00051586]) 	 loss 8.487E-02 	 horizons 9.0
step 8010 	 return [0.         0.         0.00929416 0.00473492 0.00356693], ([0.0000000e+00 0.0000000e+00 1.7267950e-04 6.8908202e-04 2.6302318e-05]) 	 loss 7.260E-02 	 horizons 9.0
step 8100 	 return [0.         0.         0.0061852  0.00768153 0.00596812], ([0.000000e+00 0.000000e+00 4.656613e-10 0.000000e+00 0.000000e+00]) 	 loss 5.786E-02 	 horizons 9.0
step 8190 	 return [0.00057757 0.00413666 0.00211642 0.00184565 0.        ], ([0.00060875 0.00153547 0.00127609 0.00086664 0.        ]) 	 loss 5.324E-02 	 horizons 9.0
step 8280 	 return [0.         0.         0.00667315 0.00323185 0.00557087], ([0.         0.         0.00089356 0.00072702 0.00091121]) 	 loss 8.306E-02 	 horizons 9.0
step 8370 	 return [0.         0.0083544  0.00545399 0.0017551  0.        ], ([0.         0.00099871 0.00071066 0.00060281 0.        ]) 	 loss 5.466E-02 	 horizons 9.0
step 8460 	 return [0.         0.         0.00581095 0.00368523 0.00649081], ([0.0000000e+00 0.0000000e+00 9.2895418e-05 3.4506619e-04 1.1940827e-03]) 	 loss 6.549E-02 	 horizons 9.0
step 8550 	 return [0.         0.00832897 0.00591591 0.00208227 0.        ], ([0.         0.00121289 0.00083535 0.00018881 0.        ]) 	 loss 7.053E-02 	 horizons 9.0
step 8640 	 return [0.00384913 0.00445248 0.00077969 0.0013808  0.        ], ([0.00061386 0.00095589 0.00034901 0.00015078 0.        ]) 	 loss 7.139E-02 	 horizons 9.0
step 8730 	 return [0.         0.00829769 0.00589763 0.00208834 0.        ], ([0.         0.00101696 0.00067248 0.00015075 0.        ]) 	 loss 6.465E-02 	 horizons 9.0
step 8820 	 return [0.         0.0055322  0.00862779 0.00069975 0.        ], ([0.000000e+00 4.656613e-10 9.313226e-10 5.820766e-11 0.000000e+00]) 	 loss 6.934E-02 	 horizons 9.0
step 8910 	 return [0.         0.         0.00955318 0.00370129 0.00360638], ([0.0000000e+00 0.0000000e+00 1.7267949e-04 6.8908202e-04 2.6302318e-05]) 	 loss 7.150E-02 	 horizons 9.0
step 9000 	 return [0.00199392 0.00723271 0.00242711 0.00203849 0.        ], ([0.0006647  0.00032226 0.00080557 0.00021758 0.        ]) 	 loss 6.898E-02 	 horizons 9.0
step 9090 	 return [0.00141974 0.0077803  0.00153914 0.00125937 0.        ], ([1.1592107e-03 1.3555938e-04 1.1455853e-03 4.9566756e-06 0.0000000e+00]) 	 loss 9.762E-02 	 horizons 9.0
step 9180 	 return [0.         0.00746017 0.00611203 0.00204879 0.        ], ([0.         0.00093639 0.00072952 0.00017293 0.        ]) 	 loss 8.034E-02 	 horizons 9.0
step 9270 	 return [0.         0.0029672  0.00635981 0.00333543 0.00465246], ([0.         0.00145441 0.00069739 0.00078363 0.00244134]) 	 loss 6.356E-02 	 horizons 9.0
step 9360 	 return [0.         0.         0.00509282 0.00344851 0.00740367], ([0.         0.         0.00143226 0.00024237 0.00212044]) 	 loss 7.446E-02 	 horizons 9.0
step 9450 	 return [0.         0.00060748 0.00828127 0.00392237 0.00470799], ([0.         0.00092794 0.00125401 0.00070691 0.00114657]) 	 loss 8.073E-02 	 horizons 9.0
step 9540 	 return [0.00038738 0.00550916 0.00176913 0.00139288 0.        ], ([0.00038738 0.00038977 0.00145957 0.00023048 0.        ]) 	 loss 5.826E-02 	 horizons 9.0
step 9630 	 return [0.         0.00851453 0.00602985 0.00174723 0.        ], ([0.         0.00127845 0.00093322 0.00062692 0.        ]) 	 loss 1.418E-01 	 horizons 9.0
step 9720 	 return [0.         0.00027448 0.00951892 0.00412414 0.00322479], ([0.         0.00082344 0.00073363 0.00098606 0.00107538]) 	 loss 9.682E-02 	 horizons 9.0
step 9810 	 return [0.         0.00117954 0.01074353 0.00609726 0.        ], ([0.         0.00096309 0.00040332 0.0007696  0.        ]) 	 loss 7.813E-02 	 horizons 9.0
step 9900 	 return [0.         0.00205306 0.01123525 0.00391352 0.        ], ([0.         0.00138775 0.0012891  0.0006978  0.        ]) 	 loss 7.572E-02 	 horizons 9.0
step 9990 	 return [0.         0.00237218 0.00681713 0.00368963 0.00562805], ([0.         0.00075412 0.00037351 0.00012258 0.00100426]) 	 loss 6.311E-02 	 horizons 9.0
step 10080 	 return [0.         0.00045939 0.01041202 0.00688619 0.        ], ([0.         0.00137817 0.00095893 0.00113077 0.        ]) 	 loss 8.396E-02 	 horizons 9.0
step 10170 	 return [0.         0.         0.0047106  0.00313492 0.00939458], ([0.         0.         0.00133008 0.00015623 0.00174753]) 	 loss 6.728E-02 	 horizons 9.0
step 10260 	 return [0.         0.00205498 0.00665306 0.00361724 0.00613102], ([0.000000e+00 0.000000e+00 0.000000e+00 0.000000e+00 4.656613e-10]) 	 loss 5.992E-02 	 horizons 9.0
step 10350 	 return [0.         0.         0.00892019 0.00729776 0.00240238], ([0.         0.         0.00172563 0.00034418 0.00223768]) 	 loss 6.549E-02 	 horizons 9.0
step 10440 	 return [0.         0.00039318 0.01069571 0.00693966 0.        ], ([0.0000000e+00 7.8635704e-04 7.1924187e-05 6.4691168e-04 0.0000000e+00]) 	 loss 7.393E-02 	 horizons 9.0
step 10530 	 return [0.00066615 0.00769337 0.0031834  0.00209309 0.        ], ([0.00101755 0.0005848  0.00092888 0.00019352 0.        ]) 	 loss 8.911E-02 	 horizons 9.0
step 10620 	 return [0.         0.00196706 0.01161637 0.00378247 0.        ], ([0.0000000e+00 3.9038721e-07 3.5483664e-04 6.2112068e-04 0.0000000e+00]) 	 loss 8.849E-02 	 horizons 9.0
step 10710 	 return [0.         0.00779257 0.00619474 0.00202376 0.        ], ([0.         0.0006859  0.00048517 0.00011051 0.        ]) 	 loss 7.956E-02 	 horizons 9.0
step 10800 	 return [0.         0.0088105  0.00581869 0.00185892 0.        ], ([0.         0.00074843 0.00079355 0.00051469 0.        ]) 	 loss 6.659E-02 	 horizons 9.0
step 10890 	 return [0.         0.         0.00401282 0.00407575 0.0076069 ], ([0.         0.         0.00082248 0.0002803  0.00078802]) 	 loss 6.402E-02 	 horizons 9.0
step 10980 	 return [0.         0.         0.01073167 0.00726312 0.        ], ([0.000000e+00 0.000000e+00 0.000000e+00 9.313226e-10 0.000000e+00]) 	 loss 7.360E-02 	 horizons 9.0
step 11070 	 return [0.         0.00028794 0.00911353 0.00511176 0.00315269], ([0.         0.00086383 0.00037912 0.00065442 0.0010597 ]) 	 loss 7.000E-02 	 horizons 9.0
step 11160 	 return [0.         0.00390444 0.00721841 0.00390507 0.00387436], ([0.         0.00092063 0.00056749 0.00024288 0.00075224]) 	 loss 6.418E-02 	 horizons 9.0
step 11250 	 return [0.00141945 0.00766731 0.00216989 0.00129249 0.        ], ([1.1589782e-03 5.7200275e-05 1.9250526e-03 3.6213303e-05 0.0000000e+00]) 	 loss 7.565E-02 	 horizons 9.0
step 11340 	 return [0.         0.         0.00942367 0.0042181  0.00358666], ([0.0000000e+00 0.0000000e+00 2.1584936e-04 8.6135254e-04 3.2877899e-05]) 	 loss 6.523E-02 	 horizons 9.0
step 11430 	 return [0.00428661 0.00487756 0.00058896 0.00126059 0.        ], ([3.3970923e-06 5.0592422e-05 1.2525172e-05 3.0227098e-05 0.0000000e+00]) 	 loss 6.383E-02 	 horizons 9.0
step 11520 	 return [0.         0.00379906 0.00750706 0.00385774 0.00362161], ([0.0000000e+00 8.4587635e-04 6.7674642e-04 2.9089264e-04 6.3173770e-06]) 	 loss 5.749E-02 	 horizons 9.0
step 11610 	 return [0.00214969 0.00696152 0.00089641 0.00158948 0.        ], ([0.00059146 0.00163521 0.00070448 0.00069861 0.        ]) 	 loss 4.980E-02 	 horizons 9.0
step 11700 	 return [0.         0.00234326 0.00830904 0.00408776 0.0032397 ], ([0.         0.00201673 0.00101813 0.00071422 0.00108034]) 	 loss 8.542E-02 	 horizons 9.0
step 11790 	 return [0.         0.00196706 0.01161637 0.00378247 0.        ], ([0.0000000e+00 3.9038721e-07 3.5483667e-04 6.2112068e-04 0.0000000e+00]) 	 loss 6.998E-02 	 horizons 9.0
step 11880 	 return [0.         0.         0.00294765 0.00361784 0.01066337], ([0.         0.         0.00042774 0.00043457 0.00275955]) 	 loss 7.060E-02 	 horizons 9.0
step 11970 	 return [0.00133229 0.0074712  0.00283237 0.00218059 0.        ], ([1.0878103e-03 3.1082396e-04 4.9369322e-04 6.4659503e-06 0.0000000e+00]) 	 loss 7.651E-02 	 horizons 9.0
step 12060 	 return [0.00236566 0.00764279 0.00059701 0.00127853 0.        ], ([1.1403114e-06 5.3654239e-05 1.3519801e-05 3.0227098e-05 0.0000000e+00]) 	 loss 7.275E-02 	 horizons 9.0
step 12150 	 return [0.         0.00643298 0.00667994 0.00176741 0.        ], ([0.         0.00116335 0.00103315 0.00053864 0.        ]) 	 loss 6.727E-02 	 horizons 9.0
step 12240 	 return [0.00234358 0.00736222 0.00068062 0.00134892 0.        ], ([4.92194522e-05 5.48442011e-04 2.70875840e-04 1.17857904e-04
 0.00000000e+00]) 	 loss 6.607E-02 	 horizons 9.0
step 12330 	 return [0.         0.         0.01002424 0.0051481  0.00248764], ([0.         0.         0.0012471  0.00010486 0.00162855]) 	 loss 6.195E-02 	 horizons 9.0
step 12420 	 return [0.         0.00426751 0.00714471 0.00399664 0.00362439], ([0.0000000e+00 5.0967373e-04 5.1096751e-04 2.3582675e-04 1.6416212e-06]) 	 loss 6.581E-02 	 horizons 9.0
step 12510 	 return [0.00426812 0.00470487 0.00059394 0.00126536 0.        ], ([5.7805890e-05 5.5308227e-04 1.1433334e-05 4.1171916e-05 0.0000000e+00]) 	 loss 6.819E-02 	 horizons 9.0
step 12600 	 return [0.00223477 0.00725023 0.00238205 0.00209652 0.        ], ([4.2868407e-05 9.5085983e-05 6.0402602e-04 2.5251135e-04 0.0000000e+00]) 	 loss 6.381E-02 	 horizons 9.0
step 12690 	 return [0.         0.00413348 0.01055102 0.00357211 0.        ], ([0.000000e+00 4.656613e-10 9.313226e-10 4.656613e-10 0.000000e+00]) 	 loss 7.667E-02 	 horizons 9.0
step 12780 	 return [0.00022518 0.00720949 0.0039217  0.00192219 0.        ], ([0.00067555 0.0010612  0.00132197 0.0003497  0.        ]) 	 loss 7.981E-02 	 horizons 9.0
step 12870 	 return [0.00054367 0.0091302  0.00363985 0.00157353 0.        ], ([0.00073639 0.00117075 0.0007628  0.00032839 0.        ]) 	 loss 1.426E-01 	 horizons 9.0
step 12960 	 return [0.         0.00776128 0.00617645 0.00202983 0.        ], ([0.000000e+00 0.000000e+00 4.656613e-10 0.000000e+00 0.000000e+00]) 	 loss 1.321E-01 	 horizons 9.0
step 13050 	 return [0.         0.00060748 0.00746698 0.00336223 0.00572115], ([0.         0.00092794 0.00061852 0.0002248  0.00032323]) 	 loss 9.540E-02 	 horizons 9.0
step 13140 	 return [0.         0.00575511 0.00838266 0.00083276 0.        ], ([0.         0.00066872 0.0007354  0.00039902 0.        ]) 	 loss 9.660E-02 	 horizons 9.0
step 13230 	 return [0.00424962 0.00453218 0.00059893 0.00127013 0.        ], ([7.7378005e-05 7.4134837e-04 7.4088807e-06 4.9305938e-05 0.0000000e+00]) 	 loss 7.583E-02 	 horizons 9.0
step 13320 	 return [0.00236452 0.00758914 0.00058349 0.00130876 0.        ], ([1.3965905e-06 6.5712753e-05 1.6558306e-05 3.7020487e-05 0.0000000e+00]) 	 loss 7.382E-02 	 horizons 9.0
step 13410 	 return [0.00010722 0.00839426 0.00290282 0.00199504 0.        ], ([0.00032167 0.0007216  0.0005666  0.00034255 0.        ]) 	 loss 7.089E-02 	 horizons 9.0
step 13500 	 return [0.         0.00448095 0.00699199 0.00404712 0.00362576], ([0.0000000e+00 5.7378838e-05 2.2682618e-05 3.5714118e-05 1.2099829e-06]) 	 loss 8.907E-02 	 horizons 9.0
step 13590 	 return [0.         0.0002136  0.00894838 0.00497212 0.00373097], ([0.         0.0006408  0.00055312 0.00023123 0.00051436]) 	 loss 8.066E-02 	 horizons 9.0
step 13680 	 return [0.00236509 0.00761597 0.00059025 0.00129365 0.        ], ([1.3965904e-06 6.5712753e-05 1.6558306e-05 3.7020487e-05 0.0000000e+00]) 	 loss 7.829E-02 	 horizons 9.0
step 13770 	 return [7.6445198e-05 7.1603754e-03 4.7027506e-03 2.4729327e-03 0.0000000e+00], ([0.00015289 0.00254957 0.00080081 0.00050224 0.        ]) 	 loss 8.472E-02 	 horizons 9.0
step 13860 	 return [0.         0.00764543 0.00501706 0.00213404 0.        ], ([0.         0.00081361 0.00072893 0.00010977 0.        ]) 	 loss 8.411E-02 	 horizons 9.0
step 13950 	 return [0.00237392 0.00768671 0.00058496 0.00131351 0.        ], ([1.4304501e-05 1.5762720e-04 1.6865875e-05 3.8355065e-05 0.0000000e+00]) 	 loss 1.061E-01 	 horizons 9.0
step 14040 	 return [0.         0.00413348 0.01055102 0.00357211 0.        ], ([0.000000e+00 4.656613e-10 9.313226e-10 4.656613e-10 0.000000e+00]) 	 loss 1.030E-01 	 horizons 9.0
step 14130 	 return [0.         0.00428052 0.00697477 0.00397789 0.00387718], ([0.         0.00074185 0.00010724 0.00012022 0.00075128]) 	 loss 9.145E-02 	 horizons 9.0
step 14220 	 return [0.         0.         0.00611449 0.00283155 0.00779966], ([0.         0.         0.00031736 0.00023008 0.00121223]) 	 loss 8.714E-02 	 horizons 9.0
step 14310 	 return [0.         0.         0.00612721 0.00624332 0.00637564], ([0.0000000e+00 0.0000000e+00 3.4568086e-05 3.1270730e-04 5.0954416e-04]) 	 loss 1.058E-01 	 horizons 9.0
step 14400 	 return [0.00166758 0.00565768 0.0027182  0.0024551  0.        ], ([0.00084079 0.00233238 0.00054728 0.00054991 0.        ]) 	 loss 8.771E-02 	 horizons 9.0
step 14490 	 return [0.         0.         0.00612838 0.00304068 0.00794142], ([0.         0.         0.00034512 0.00018818 0.00092871]) 	 loss 1.193E-01 	 horizons 9.0
step 14580 	 return [0.         0.         0.00895146 0.00758389 0.00294705], ([0.0000000e+00 0.0000000e+00 9.3132257e-10 9.3132257e-10 2.3283064e-10]) 	 loss 8.735E-02 	 horizons 9.0
step 14670 	 return [0.00236452 0.00758914 0.00058349 0.00130876 0.        ], ([1.3965905e-06 6.5712753e-05 1.6558306e-05 3.7020487e-05 0.0000000e+00]) 	 loss 6.069E-02 	 horizons 9.0
step 14760 	 return [0.         0.00776454 0.00527987 0.00188422 0.        ], ([0.         0.00131322 0.00103054 0.00022702 0.        ]) 	 loss 6.245E-02 	 horizons 9.0
step 14850 	 return [0.00273739 0.00654583 0.00217956 0.00200107 0.        ], ([0.00056502 0.00114384 0.00079376 0.00034252 0.        ]) 	 loss 8.930E-02 	 horizons 9.0
step 14940 	 return [0.         0.         0.00569877 0.00297638 0.00866006], ([0.0000000e+00 0.0000000e+00 7.7114225e-04 8.9380148e-05 7.6284370e-04]) 	 loss 6.894E-02 	 horizons 9.0
step 15030 	 return [0.         0.         0.00467559 0.00317073 0.01003475], ([0.         0.         0.00127801 0.00065133 0.0012263 ]) 	 loss 6.890E-02 	 horizons 9.0
step 15120 	 return [0.         0.00921807 0.00535042 0.00199396 0.        ], ([0.         0.00064703 0.0004609  0.00031675 0.        ]) 	 loss 6.831E-02 	 horizons 9.0
step 15210 	 return [0.         0.00932815 0.00527149 0.00204983 0.        ], ([0.         0.00057907 0.00041211 0.00030668 0.        ]) 	 loss 7.826E-02 	 horizons 9.0
step 15300 	 return [0.00238944 0.00583868 0.00058615 0.00122549 0.        ], ([4.7700779e-04 1.4697357e-04 2.4200210e-06 6.3817083e-06 0.0000000e+00]) 	 loss 7.160E-02 	 horizons 9.0
step 15390 	 return [0.00318364 0.00545144 0.0025697  0.00216523 0.        ], ([4.82783944e-04 7.04712991e-04 1.03871498e-05 1.13933065e-05
 0.00000000e+00]) 	 loss 9.412E-02 	 horizons 9.0
step 15480 	 return [0.00239158 0.00782724 0.00057361 0.00135324 0.        ], ([9.4015613e-06 9.7252305e-05 1.2122852e-06 4.7527492e-06 0.0000000e+00]) 	 loss 8.575E-02 	 horizons 9.0
step 15570 	 return [0.         0.00410092 0.00731596 0.003917   0.003624  ], ([0.0000000e+00 6.7958503e-04 6.8057666e-04 3.1255774e-04 2.0289103e-06]) 	 loss 9.751E-02 	 horizons 9.0
step 15660 	 return [0.         0.00738343 0.00777226 0.00135668 0.        ], ([0.0000000e+00 3.5886136e-05 1.3760991e-05 2.2670325e-05 0.0000000e+00]) 	 loss 7.837E-02 	 horizons 9.0
step 15750 	 return [0.00237478 0.00772663 0.00059484 0.00129084 0.        ], ([1.3054731e-05 8.7086672e-05 1.3637082e-05 4.1889434e-05 0.0000000e+00]) 	 loss 1.219E-01 	 horizons 9.0
step 15840 	 return [0.00268583 0.00690206 0.00118035 0.00156524 0.        ], ([0.00048393 0.00112983 0.00090946 0.00039303 0.        ]) 	 loss 7.755E-02 	 horizons 9.0
step 15930 	 return [0.00236908 0.00768862 0.00060079 0.00127256 0.        ], ([8.5463280e-06 5.7011606e-05 8.9275645e-06 2.7423072e-05 0.0000000e+00]) 	 loss 7.037E-02 	 horizons 9.0
step 16020 	 return [0.         0.00451609 0.00700588 0.00402525 0.0036265 ], ([0.0000000e+00 3.5137218e-05 1.3890210e-05 2.1870344e-05 7.4096022e-07]) 	 loss 7.243E-02 	 horizons 9.0
step 16110 	 return [0.         0.         0.00248225 0.0040191  0.01063568], ([0.0000000e+00 0.0000000e+00 3.6031615e-05 2.9466700e-04 3.6047641e-03]) 	 loss 7.305E-02 	 horizons 9.0
step 16200 	 return [0.         0.00303509 0.00680265 0.0037994  0.00512831], ([0.         0.00121885 0.00016993 0.00018067 0.00122602]) 	 loss 8.400E-02 	 horizons 9.0
step 16290 	 return [0.         0.         0.0062705  0.00618206 0.0063645 ], ([0.         0.         0.00039531 0.00049648 0.00054298]) 	 loss 5.867E-02 	 horizons 9.0
step 16380 	 return [0.         0.00038954 0.00603142 0.00282101 0.00812714], ([0.         0.00116861 0.00035918 0.00057812 0.0032028 ]) 	 loss 6.098E-02 	 horizons 9.0
step 16470 	 return [0.00365097 0.00314526 0.00092327 0.00162667 0.        ], ([0.00111117 0.00067239 0.00069049 0.00068299 0.        ]) 	 loss 5.688E-02 	 horizons 9.0
step 16560 	 return [0.         0.00161994 0.00670381 0.00363552 0.00611893], ([0.0000000e+00 8.0997217e-04 5.7407840e-05 1.0924125e-04 1.7466582e-05]) 	 loss 4.428E-02 	 horizons 9.0
step 16650 	 return [0.0037235  0.00295325 0.0008369  0.0015978  0.        ], ([0.00111411 0.0002887  0.00066947 0.00068717 0.        ]) 	 loss 4.973E-02 	 horizons 9.0
step 16740 	 return [0.         0.         0.00613873 0.00634755 0.00654549], ([0.000000e+00 0.000000e+00 4.656613e-10 4.656613e-10 4.656613e-10]) 	 loss 3.615E-02 	 horizons 9.0
step 16830 	 return [0.00330761 0.00541814 0.00257188 0.00216677 0.        ], ([3.5192864e-04 7.0878398e-04 7.3783804e-06 9.9216577e-06 0.0000000e+00]) 	 loss 3.026E-02 	 horizons 9.0
step 16920 	 return [0.         0.         0.0061852  0.00768153 0.00596812], ([0.000000e+00 0.000000e+00 4.656613e-10 0.000000e+00 0.000000e+00]) 	 loss 3.279E-02 	 horizons 9.0
step 17010 	 return [0.         0.         0.00596916 0.00068465 0.01234695], ([0.000000e+00 0.000000e+00 4.656613e-10 0.000000e+00 0.000000e+00]) 	 loss 2.010E-02 	 horizons 9.0
step 17100 	 return [0.         0.         0.00596916 0.00068465 0.01234695], ([0.000000e+00 0.000000e+00 4.656613e-10 0.000000e+00 0.000000e+00]) 	 loss 2.871E-02 	 horizons 9.0
step 17190 	 return [0.         0.         0.00457819 0.00297788 0.01149748], ([0.         0.         0.00168439 0.00028266 0.00184948]) 	 loss 2.245E-02 	 horizons 9.0
step 17280 	 return [0.00380703 0.00471293 0.00102881 0.00148647 0.        ], ([0.00044069 0.00056076 0.00044891 0.00017327 0.        ]) 	 loss 2.200E-02 	 horizons 9.0
step 17370 	 return [0.00330134 0.00527531 0.00058941 0.00123292 0.        ], ([6.5499143e-04 2.9364787e-04 3.8083153e-06 8.2224578e-06 0.0000000e+00]) 	 loss 2.791E-02 	 horizons 9.0
step 17460 	 return [0.         0.         0.00613873 0.00634755 0.00654549], ([0.000000e+00 0.000000e+00 4.656613e-10 4.656613e-10 4.656613e-10]) 	 loss 3.206E-02 	 horizons 9.0
step 17550 	 return [0.         0.         0.00595349 0.0027471  0.00998739], ([0.0000000e+00 0.0000000e+00 0.0000000e+00 2.3283064e-10 9.3132257e-10]) 	 loss 2.233E-02 	 horizons 9.0
step 17640 	 return [0.         0.         0.0061588  0.00713861 0.00749438], ([0.0000000e+00 0.0000000e+00 1.7282257e-05 3.5542468e-04 9.9917001e-04]) 	 loss 1.956E-02 	 horizons 9.0
step 17730 	 return [0.         0.         0.0025103  0.00340808 0.01354379], ([0.0000000e+00 0.0000000e+00 1.4834224e-05 2.5203626e-04 6.5650581e-04]) 	 loss 3.842E-02 	 horizons 9.0
step 17820 	 return [0.         0.00449266 0.00699662 0.00403983 0.00362601], ([0.0000000e+00 5.3672986e-05 2.1217646e-05 3.3407498e-05 1.1318355e-06]) 	 loss 2.659E-02 	 horizons 9.0
step 17910 	 return [0.00284643 0.00542843 0.00058461 0.00123554 0.        ], ([6.3916418e-04 2.9721300e-04 9.5082405e-06 2.1050126e-05 0.0000000e+00]) 	 loss 2.718E-02 	 horizons 9.0
step 18000 	 return [0.0033219  0.00544965 0.00236988 0.0020826  0.        ], ([0.00030906 0.00080334 0.00059862 0.00024259 0.        ]) 	 loss 4.632E-02 	 horizons 9.0
step 18090 	 return [0.00177978 0.00795354 0.00279516 0.00187018 0.        ], ([0.00057814 0.00050099 0.00024636 0.0003997  0.        ]) 	 loss 3.433E-02 	 horizons 9.0
step 18180 	 return [0.         0.0045278  0.00701051 0.00401796 0.00362675], ([0.000000e+00 0.000000e+00 4.656613e-10 0.000000e+00 0.000000e+00]) 	 loss 3.349E-02 	 horizons 9.0
step 18270 	 return [0.00295433 0.005352   0.00058167 0.00124382 0.        ], ([5.4844533e-04 2.6768580e-04 1.0673681e-05 3.2855831e-05 0.0000000e+00]) 	 loss 3.013E-02 	 horizons 9.0
step 18360 	 return [0.         0.         0.00251524 0.00332407 0.01376263], ([0.0000000e+00 0.0000000e+00 2.3283064e-10 0.0000000e+00 0.0000000e+00]) 	 loss 3.485E-02 	 horizons 9.0
step 18450 	 return [0.         0.0045278  0.00701051 0.00401796 0.00362675], ([0.000000e+00 0.000000e+00 4.656613e-10 0.000000e+00 0.000000e+00]) 	 loss 3.199E-02 	 horizons 9.0
step 18540 	 return [0.00342492 0.00518187 0.00256942 0.00216346 0.        ], ([4.6566129e-10 0.0000000e+00 2.3283064e-10 2.3283064e-10 0.0000000e+00]) 	 loss 3.310E-02 	 horizons 9.0
step 18630 	 return [0.         0.         0.00251524 0.00332407 0.01376263], ([0.0000000e+00 0.0000000e+00 2.3283064e-10 0.0000000e+00 0.0000000e+00]) 	 loss 3.277E-02 	 horizons 9.0
step 18720 	 return [0.         0.         0.00612565 0.00612026 0.00699572], ([0.0000000e+00 0.0000000e+00 2.5975005e-05 7.4929942e-04 7.5584906e-04]) 	 loss 2.466E-02 	 horizons 9.0
step 18810 	 return [0.         0.00202793 0.0066729  0.00368285 0.006128  ], ([0.0000000e+00 9.0143876e-06 6.6152775e-06 2.1870410e-05 1.0076444e-06]) 	 loss 5.720E-02 	 horizons 9.0
step 18900 	 return [0.00428746 0.00489021 0.00059209 0.00125303 0.        ], ([2.5478191e-06 3.7944315e-05 9.3938779e-06 2.2670325e-05 0.0000000e+00]) 	 loss 2.088E-02 	 horizons 9.0
step 18990 	 return [0.00409487 0.00304948 0.00061374 0.00136874 0.        ], ([4.6566129e-10 2.3283064e-10 5.8207661e-11 1.1641532e-10 0.0000000e+00]) 	 loss 3.140E-02 	 horizons 9.0
step 19080 	 return [0.00428576 0.00486491 0.00058583 0.00126815 0.        ], ([3.8918579e-06 5.7960900e-05 1.4349386e-05 3.4629491e-05 0.0000000e+00]) 	 loss 1.870E-02 	 horizons 9.0
step 19170 	 return [0.00342492 0.00518187 0.00256942 0.00216346 0.        ], ([4.6566129e-10 0.0000000e+00 2.3283064e-10 2.3283064e-10 0.0000000e+00]) 	 loss 1.821E-02 	 horizons 9.0
step 19260 	 return [0.         0.00202493 0.00667511 0.00369014 0.00612766], ([0.0000000e+00 2.3283064e-10 0.0000000e+00 0.0000000e+00 0.0000000e+00]) 	 loss 2.106E-02 	 horizons 9.0
step 19350 	 return [0.00428746 0.00489021 0.00059209 0.00125303 0.        ], ([2.5478191e-06 3.7944315e-05 9.3938779e-06 2.2670325e-05 0.0000000e+00]) 	 loss 1.915E-02 	 horizons 9.0
step 19440 	 return [0.         0.         0.00614749 0.00690593 0.00814849], ([0.000000e+00 0.000000e+00 0.000000e+00 4.656613e-10 9.313226e-10]) 	 loss 2.772E-02 	 horizons 9.0
step 19530 	 return [0.         0.0045278  0.00701051 0.00401796 0.00362675], ([0.000000e+00 0.000000e+00 4.656613e-10 0.000000e+00 0.000000e+00]) 	 loss 2.099E-02 	 horizons 9.0
step 19620 	 return [0.         0.         0.00613325 0.00635522 0.00789774], ([0.0000000e+00 0.0000000e+00 2.2381513e-05 8.4135158e-04 5.0998665e-04]) 	 loss 2.869E-02 	 horizons 9.0
step 19710 	 return [0.         0.00378595 0.00690327 0.00389774 0.00437803], ([0.         0.00113319 0.00016381 0.00018363 0.0011476 ]) 	 loss 4.235E-02 	 horizons 9.0
step 19800 	 return [0.00428746 0.00489021 0.00059209 0.00125303 0.        ], ([2.5478191e-06 3.7944315e-05 9.3938779e-06 2.2670325e-05 0.0000000e+00]) 	 loss 2.525E-02 	 horizons 9.0
step 19890 	 return [0.         0.0045278  0.00701051 0.00401796 0.00362675], ([0.000000e+00 0.000000e+00 4.656613e-10 0.000000e+00 0.000000e+00]) 	 loss 2.229E-02 	 horizons 9.0
step 19980 	 return [0.         0.         0.00614749 0.00690593 0.00814849], ([0.000000e+00 0.000000e+00 0.000000e+00 4.656613e-10 9.313226e-10]) 	 loss 2.728E-02 	 horizons 9.0
step 20070 	 return [0.         0.         0.00561123 0.00259855 0.01060087], ([0.         0.         0.00103201 0.00066075 0.00126714]) 	 loss 2.986E-02 	 horizons 9.0
step 20160 	 return [0.         0.0045278  0.00701051 0.00401796 0.00362675], ([0.000000e+00 0.000000e+00 4.656613e-10 0.000000e+00 0.000000e+00]) 	 loss 2.169E-02 	 horizons 9.0
step 20250 	 return [0.00400882 0.00492152 0.00117158 0.00155838 0.        ], ([0.00041821 0.00017326 0.00091465 0.00039655 0.        ]) 	 loss 2.392E-02 	 horizons 9.0
step 20340 	 return [0.00388968 0.00502537 0.00059275 0.00124014 0.        ], ([6.0891605e-04 1.8714507e-04 3.7717980e-06 8.1503249e-06 0.0000000e+00]) 	 loss 3.524E-02 	 horizons 9.0
step 20430 	 return [0.         0.         0.00251524 0.00332407 0.01376263], ([0.0000000e+00 0.0000000e+00 2.3283064e-10 0.0000000e+00 0.0000000e+00]) 	 loss 3.374E-02 	 horizons 9.0
step 20520 	 return [0.00428576 0.00486491 0.00058583 0.00126815 0.        ], ([3.8918579e-06 5.7960908e-05 1.4349386e-05 3.4629487e-05 0.0000000e+00]) 	 loss 3.195E-02 	 horizons 9.0
step 20610 	 return [0.         0.         0.00251524 0.00332407 0.01376263], ([0.0000000e+00 0.0000000e+00 2.3283064e-10 0.0000000e+00 0.0000000e+00]) 	 loss 4.153E-02 	 horizons 9.0
step 20700 	 return [0.         0.         0.00251524 0.00332407 0.01376263], ([0.0000000e+00 0.0000000e+00 2.3283064e-10 0.0000000e+00 0.0000000e+00]) 	 loss 3.132E-02 	 horizons 9.0
step 20790 	 return [0.         0.00204596 0.00665967 0.00363911 0.00613001], ([0.0000000e+00 1.3769705e-05 1.0105003e-05 3.3407603e-05 1.5392023e-06]) 	 loss 3.810E-02 	 horizons 9.0
step 20880 	 return [0.         0.00205498 0.00665306 0.00361724 0.00613102], ([0.000000e+00 0.000000e+00 0.000000e+00 0.000000e+00 4.656613e-10]) 	 loss 4.442E-02 	 horizons 9.0
step 20970 	 return [0.         0.         0.00260225 0.00331611 0.01348123], ([0.0000000e+00 0.0000000e+00 2.6103033e-04 2.3862440e-05 8.4421301e-04]) 	 loss 5.246E-02 	 horizons 9.0
step 21060 	 return [0.00428746 0.00489021 0.00059209 0.00125303 0.        ], ([2.5478191e-06 3.7944315e-05 9.3938779e-06 2.2670325e-05 0.0000000e+00]) 	 loss 4.747E-02 	 horizons 9.0
step 21150 	 return [0.         0.00481456 0.00708714 0.00375108 0.00326407], ([0.         0.00086028 0.0002299  0.00080065 0.00108802]) 	 loss 3.852E-02 	 horizons 9.0
step 21240 	 return [0.0022972  0.00747736 0.00259393 0.00219644 0.        ], ([1.3612707e-04 2.0138138e-04 2.4272597e-07 2.7667267e-07 0.0000000e+00]) 	 loss 3.469E-02 	 horizons 9.0
step 21330 	 return [0.         0.00205197 0.00665526 0.00362453 0.00613069], ([0.0000000e+00 9.0143876e-06 6.6152775e-06 2.1870410e-05 1.0076446e-06]) 	 loss 3.682E-02 	 horizons 9.0
step 21420 	 return [0.00419773 0.00486752 0.00077698 0.00137506 0.        ], ([0.00025763 0.00012056 0.00059766 0.0002652  0.        ]) 	 loss 3.340E-02 	 horizons 9.0
step 21510 	 return [0.         0.00020249 0.00620025 0.00658435 0.00794641], ([0.         0.00060748 0.00015829 0.00096474 0.00060625]) 	 loss 3.420E-02 	 horizons 9.0
step 21600 	 return [0.00418791 0.00484132 0.0007706  0.00139004 0.        ], ([0.0002814  0.00012126 0.00059933 0.00025907 0.        ]) 	 loss 3.521E-02 	 horizons 9.0
step 21690 	 return [0.         0.00205197 0.00665526 0.00362453 0.00613069], ([0.0000000e+00 9.0143876e-06 6.6152775e-06 2.1870410e-05 1.0076446e-06]) 	 loss 3.479E-02 	 horizons 9.0
step 21780 	 return [0.         0.00830962 0.0050877  0.00222356 0.        ], ([0.0000000e+00 0.0000000e+00 4.6566129e-10 2.3283064e-10 0.0000000e+00]) 	 loss 3.321E-02 	 horizons 9.0
step 21870 	 return [0.         0.00401646 0.00696817 0.00399432 0.00387124], ([0.0000000e+00 1.3399572e-03 5.4416803e-05 1.9547108e-04 7.3758699e-04]) 	 loss 5.554E-02 	 horizons 9.0
step 21960 	 return [0.         0.00020249 0.00620025 0.00658435 0.00794641], ([0.         0.00060748 0.00015829 0.00096474 0.00060625]) 	 loss 6.232E-02 	 horizons 9.0
step 22050 	 return [0.         0.00040499 0.00620953 0.00187611 0.00984845], ([0.         0.00080997 0.00034071 0.00146263 0.00306008]) 	 loss 4.352E-02 	 horizons 9.0
step 22140 	 return [0.         0.00205197 0.00665526 0.00362453 0.00613069], ([0.0000000e+00 9.0143876e-06 6.6152775e-06 2.1870410e-05 1.0076446e-06]) 	 loss 5.322E-02 	 horizons 9.0
step 22230 	 return [0.         0.00205498 0.00665306 0.00361724 0.00613102], ([0.000000e+00 0.000000e+00 0.000000e+00 0.000000e+00 4.656613e-10]) 	 loss 4.859E-02 	 horizons 9.0
step 22320 	 return [0.00225182 0.00754449 0.00259401 0.00219653 0.        ], ([2.3283064e-10 0.0000000e+00 2.3283064e-10 0.0000000e+00 0.0000000e+00]) 	 loss 4.394E-02 	 horizons 9.0
step 22410 	 return [0.         0.00451609 0.00700588 0.00402525 0.0036265 ], ([0.0000000e+00 3.5137218e-05 1.3890210e-05 2.1870339e-05 7.4096027e-07]) 	 loss 4.558E-02 	 horizons 9.0
step 22500 	 return [0.         0.         0.00614749 0.00690593 0.00814849], ([0.000000e+00 0.000000e+00 0.000000e+00 4.656613e-10 9.313226e-10]) 	 loss 4.536E-02 	 horizons 9.0
step 22590 	 return [0.         0.         0.00614342 0.00672429 0.00810837], ([0.0000000e+00 0.0000000e+00 1.2184493e-05 5.4489961e-04 1.2033940e-04]) 	 loss 4.352E-02 	 horizons 9.0
step 22680 	 return [0.00295955 0.00531124 0.00058699 0.00122769 0.        ], ([2.3283064e-10 0.0000000e+00 0.0000000e+00 1.1641532e-10 0.0000000e+00]) 	 loss 4.277E-02 	 horizons 9.0
step 22770 	 return [0.00337623 0.00517648 0.0025687  0.00216264 0.        ], ([3.9754123e-05 4.4014728e-06 5.8560084e-07 6.6772634e-07 0.0000000e+00]) 	 loss 5.156E-02 	 horizons 9.0
step 22860 	 return [0.         0.0045278  0.00701051 0.00401796 0.00362675], ([0.000000e+00 0.000000e+00 4.656613e-10 0.000000e+00 0.000000e+00]) 	 loss 5.044E-02 	 horizons 9.0
step 22950 	 return [0.00428661 0.00487756 0.00058896 0.00126059 0.        ], ([3.3970923e-06 5.0592422e-05 1.2525171e-05 3.0227096e-05 0.0000000e+00]) 	 loss 4.181E-02 	 horizons 9.0
step 23040 	 return [0.         0.00205197 0.00665526 0.00362453 0.00613069], ([0.0000000e+00 9.0143876e-06 6.6152775e-06 2.1870410e-05 1.0076446e-06]) 	 loss 4.234E-02 	 horizons 9.0
step 23130 	 return [0.00428152 0.00480167 0.00057017 0.00130593 0.        ], ([3.3970923e-06 5.0592425e-05 1.2525171e-05 3.0227102e-05 0.0000000e+00]) 	 loss 4.338E-02 	 horizons 9.0
step 23220 	 return [0.00385322 0.00499177 0.00156979 0.0017347  0.        ], ([0.00042831 0.00019344 0.00099966 0.0004293  0.        ]) 	 loss 4.666E-02 	 horizons 9.0
step 23310 	 return [0.         0.00204296 0.00666188 0.0036464  0.00612968], ([0.00000000e+00 1.47204337e-05 1.08027025e-05 3.57142344e-05
 1.64547646e-06]) 	 loss 5.156E-02 	 horizons 9.0
step 23400 	 return [0.         0.00451609 0.00700588 0.00402525 0.0036265 ], ([0.0000000e+00 3.5137218e-05 1.3890210e-05 2.1870339e-05 7.4096027e-07]) 	 loss 5.212E-02 	 horizons 9.0
step 23490 	 return [0.00304643 0.00599267 0.00257909 0.00217651 0.        ], ([4.8525044e-04 1.0154474e-03 1.1853421e-05 1.5978761e-05 0.0000000e+00]) 	 loss 4.763E-02 	 horizons 9.0
step 23580 	 return [0.00295955 0.00531124 0.00058699 0.00122769 0.        ], ([2.3283064e-10 0.0000000e+00 0.0000000e+00 1.1641532e-10 0.0000000e+00]) 	 loss 5.662E-02 	 horizons 9.0
step 23670 	 return [0.         0.00279682 0.00676029 0.00373746 0.00537974], ([0.         0.00113319 0.00016381 0.00018363 0.0011476 ]) 	 loss 5.301E-02 	 horizons 9.0
step 23760 	 return [0.         0.         0.00511318 0.00163548 0.01177561], ([0.         0.         0.00132813 0.00151811 0.0018313 ]) 	 loss 4.724E-02 	 horizons 9.0
step 23850 	 return [0.         0.00205498 0.00665306 0.00361724 0.00613102], ([0.000000e+00 0.000000e+00 0.000000e+00 0.000000e+00 4.656613e-10]) 	 loss 4.985E-02 	 horizons 9.0
step 23940 	 return [0.00270558 0.00687322 0.0025932  0.00219561 0.        ], ([2.3283064e-10 0.0000000e+00 2.3283064e-10 0.0000000e+00 0.0000000e+00]) 	 loss 4.561E-02 	 horizons 9.0
step 24030 	 return [0.00428237 0.00481432 0.0005733  0.00129838 0.        ], ([3.8918579e-06 5.7960904e-05 1.4349386e-05 3.4629495e-05 0.0000000e+00]) 	 loss 4.360E-02 	 horizons 9.0
step 24120 	 return [0.         0.00451609 0.00700588 0.00402525 0.0036265 ], ([0.0000000e+00 3.5137218e-05 1.3890210e-05 2.1870339e-05 7.4096027e-07]) 	 loss 4.059E-02 	 horizons 9.0
step 24210 	 return [0.00085779 0.00877442 0.00356659 0.00131167 0.        ], ([4.2889392e-04 1.5805363e-04 8.5887685e-04 1.3157633e-05 0.0000000e+00]) 	 loss 4.730E-02 	 horizons 9.0
step 24300 	 return [0.         0.         0.00614749 0.00690593 0.00814849], ([0.000000e+00 0.000000e+00 0.000000e+00 4.656613e-10 9.313226e-10]) 	 loss 5.701E-02 	 horizons 9.0
step 24390 	 return [0.00428067 0.00478902 0.00056704 0.00131349 0.        ], ([2.5478191e-06 3.7944315e-05 9.3938779e-06 2.2670325e-05 0.0000000e+00]) 	 loss 4.719E-02 	 horizons 9.0
step 24480 	 return [0.00320912 0.00568928 0.00257655 0.00217311 0.        ], ([3.2964241e-04 7.7507022e-04 1.0899892e-05 1.4732960e-05 0.0000000e+00]) 	 loss 4.990E-02 	 horizons 9.0
step 24570 	 return [0.         0.         0.00294341 0.00345011 0.01212489], ([0.         0.         0.00055284 0.00097055 0.00289434]) 	 loss 4.272E-02 	 horizons 9.0
step 24660 	 return [0.         0.0045278  0.00701051 0.00401796 0.00362675], ([0.000000e+00 0.000000e+00 4.656613e-10 0.000000e+00 0.000000e+00]) 	 loss 4.692E-02 	 horizons 9.0
step 24750 	 return [0.00381179 0.00497463 0.00156607 0.00174157 0.        ], ([0.00046802 0.00019826 0.00100216 0.00042053 0.        ]) 	 loss 6.246E-02 	 horizons 9.0
step 24840 	 return [0.00336811 0.00517559 0.00256858 0.00216251 0.        ], ([3.7186575e-05 4.1172007e-06 5.4777934e-07 6.2460072e-07 0.0000000e+00]) 	 loss 5.052E-02 	 horizons 9.0
step 24930 	 return [0.00428152 0.00480167 0.00057017 0.00130593 0.        ], ([3.3970923e-06 5.0592422e-05 1.2525171e-05 3.0227100e-05 0.0000000e+00]) 	 loss 5.993E-02 	 horizons 9.0
step 25020 	 return [0.         0.         0.00328915 0.00232445 0.01412739], ([0.         0.         0.00077391 0.00099962 0.00036476]) 	 loss 5.592E-02 	 horizons 9.0
step 25110 	 return [0.         0.00759491 0.00677392 0.00134341 0.        ], ([0.000000e+00 9.313226e-10 4.656613e-10 0.000000e+00 0.000000e+00]) 	 loss 7.590E-02 	 horizons 9.0
step 25200 	 return [0.         0.         0.00406306 0.00132483 0.01449214], ([0.0000000e+00 0.0000000e+00 4.6566129e-10 1.1641532e-10 0.0000000e+00]) 	 loss 6.454E-02 	 horizons 9.0
step 25290 	 return [0.00277751 0.00670408 0.00259082 0.0021924  0.        ], ([2.1580160e-04 5.0740252e-04 7.1356544e-06 9.6449858e-06 0.0000000e+00]) 	 loss 5.704E-02 	 horizons 9.0
step 25380 	 return [0.         0.00040499 0.00625301 0.00626277 0.00774432], ([0.         0.00080997 0.00021105 0.00128631 0.00080833]) 	 loss 3.923E-02 	 horizons 9.0
step 25470 	 return [0.         0.         0.00251524 0.00332407 0.01376263], ([0.0000000e+00 0.0000000e+00 2.3283064e-10 0.0000000e+00 0.0000000e+00]) 	 loss 3.783E-02 	 horizons 9.0
step 25560 	 return [0.         0.         0.00328224 0.00266463 0.01326272], ([0.         0.         0.00076704 0.00076756 0.0011166 ]) 	 loss 3.246E-02 	 horizons 9.0
step 25650 	 return [0.         0.         0.0042521  0.00146705 0.01404167], ([0.         0.         0.00056713 0.00042668 0.00135143]) 	 loss 2.728E-02 	 horizons 9.0
step 25740 	 return [0.         0.         0.00614749 0.00690593 0.00814849], ([0.000000e+00 0.000000e+00 0.000000e+00 4.656613e-10 9.313226e-10]) 	 loss 2.672E-02 	 horizons 9.0
step 25830 	 return [0.         0.00205498 0.00665306 0.00361724 0.00613102], ([0.000000e+00 0.000000e+00 0.000000e+00 0.000000e+00 4.656613e-10]) 	 loss 2.851E-02 	 horizons 9.0
step 25920 	 return [0.00342492 0.00518187 0.00256942 0.00216346 0.        ], ([4.6566129e-10 0.0000000e+00 2.3283064e-10 2.3283064e-10 0.0000000e+00]) 	 loss 2.812E-02 	 horizons 9.0
step 26010 	 return [0.         0.00161994 0.00656958 0.0043333  0.00653183], ([0.         0.00080997 0.00021105 0.00128631 0.00080833]) 	 loss 2.754E-02 	 horizons 9.0
step 26100 	 return [0.00427982 0.00477637 0.00056391 0.00132105 0.        ], ([4.656613e-10 4.656613e-10 5.820766e-11 0.000000e+00 0.000000e+00]) 	 loss 3.556E-02 	 horizons 9.0
step 26190 	 return [0.00340057 0.00517918 0.00256906 0.00216305 0.        ], ([3.7186579e-05 4.1172007e-06 5.4777934e-07 6.2460077e-07 0.0000000e+00]) 	 loss 3.103E-02 	 horizons 9.0
step 26280 	 return [0.         0.00204897 0.00665747 0.00363182 0.00613035], ([0.0000000e+00 1.2019184e-05 8.8203697e-06 2.9160548e-05 1.3435259e-06]) 	 loss 3.332E-02 	 horizons 9.0
step 26370 	 return [0.         0.00020249 0.00603975 0.0009852  0.01172502], ([0.         0.00060748 0.00021179 0.00090165 0.00186579]) 	 loss 3.787E-02 	 horizons 9.0
step 26460 	 return [0.0022972  0.00747736 0.00259393 0.00219644 0.        ], ([1.3612706e-04 2.0138139e-04 2.4272597e-07 2.7667267e-07 0.0000000e+00]) 	 loss 3.421E-02 	 horizons 9.0
step 26550 	 return [0.00245079 0.00705569 0.00269559 0.00202185 0.        ], ([0.0007215  0.00093367 0.00021103 0.00034004 0.        ]) 	 loss 3.216E-02 	 horizons 9.0
step 26640 	 return [0.         0.         0.00251524 0.00332407 0.01376263], ([0.0000000e+00 0.0000000e+00 2.3283064e-10 0.0000000e+00 0.0000000e+00]) 	 loss 3.533E-02 	 horizons 9.0
step 26730 	 return [0.         0.         0.00406306 0.00132483 0.01449214], ([0.0000000e+00 0.0000000e+00 4.6566129e-10 1.1641532e-10 0.0000000e+00]) 	 loss 3.376E-02 	 horizons 9.0
step 26820 	 return [0.         0.         0.00463489 0.00113277 0.01384859], ([0.         0.         0.00087348 0.00029337 0.00098305]) 	 loss 2.960E-02 	 horizons 9.0
step 26910 	 return [0.00270558 0.00687322 0.0025932  0.00219561 0.        ], ([2.3283064e-10 0.0000000e+00 2.3283064e-10 0.0000000e+00 0.0000000e+00]) 	 loss 2.259E-02 	 horizons 9.0
step 27000 	 return [0.0034168  0.00518098 0.0025693  0.00216333 0.        ], ([2.4344330e-05 2.6953408e-06 3.5860575e-07 4.0889719e-07 0.0000000e+00]) 	 loss 2.072E-02 	 horizons 9.0
step 27090 	 return [0.         0.00203995 0.00666408 0.00365369 0.00612934], ([0.0000000e+00 1.5023979e-05 1.1025461e-05 3.6450685e-05 1.6794074e-06]) 	 loss 2.759E-02 	 horizons 9.0
step 27180 	 return [0.         0.00403324 0.00693902 0.00393782 0.0041276 ], ([0.         0.00098913 0.00014298 0.00016029 0.00100171]) 	 loss 2.426E-02 	 horizons 9.0
step 27270 	 return [0.00045036 0.0081566  0.00458896 0.00221815 0.        ], ([9.0072880e-04 3.0605457e-04 9.9747442e-04 1.0810511e-05 0.0000000e+00]) 	 loss 3.160E-02 	 horizons 9.0
step 27360 	 return [0.         0.00205498 0.00665306 0.00361724 0.00613102], ([0.000000e+00 0.000000e+00 0.000000e+00 0.000000e+00 4.656613e-10]) 	 loss 3.200E-02 	 horizons 9.0
step 27450 	 return [0.         0.00161994 0.00653392 0.00308904 0.00737152], ([0.         0.00080997 0.00028238 0.0012022  0.00248772]) 	 loss 3.215E-02 	 horizons 9.0
step 27540 	 return [0.00107223 0.00869539 0.00313716 0.00130509 0.        ], ([1.1641532e-10 0.0000000e+00 2.3283064e-10 1.1641532e-10 0.0000000e+00]) 	 loss 4.199E-02 	 horizons 9.0
step 27630 	 return [0.         0.00830962 0.0050877  0.00222356 0.        ], ([0.0000000e+00 0.0000000e+00 4.6566129e-10 2.3283064e-10 0.0000000e+00]) 	 loss 4.217E-02 	 horizons 9.0
step 27720 	 return [0.00423389 0.00477327 0.00056372 0.00132056 0.        ], ([7.0162700e-05 4.7488434e-06 2.8477271e-07 7.4367392e-07 0.0000000e+00]) 	 loss 3.945E-02 	 horizons 9.0
step 27810 	 return [0.         0.00830962 0.0050877  0.00222356 0.        ], ([0.0000000e+00 0.0000000e+00 4.6566129e-10 2.3283064e-10 0.0000000e+00]) 	 loss 4.926E-02 	 horizons 9.0
step 27900 	 return [0.00382296 0.00484229 0.00059037 0.00124955 0.        ], ([4.6365804e-04 5.0233099e-05 8.9684308e-06 2.4055076e-05 0.0000000e+00]) 	 loss 4.753E-02 	 horizons 9.0
step 27990 	 return [0.00166203 0.00811994 0.00286558 0.00175081 0.        ], ([0.00058979 0.00057545 0.00027157 0.00044572 0.        ]) 	 loss 6.480E-02 	 horizons 9.0
step 28080 	 return [0.00270558 0.00687322 0.0025932  0.00219561 0.        ], ([2.3283064e-10 0.0000000e+00 2.3283064e-10 0.0000000e+00 0.0000000e+00]) 	 loss 5.640E-02 	 horizons 9.0
step 28170 	 return [0.         0.         0.00406306 0.00132483 0.01449214], ([0.0000000e+00 0.0000000e+00 4.6566129e-10 1.1641532e-10 0.0000000e+00]) 	 loss 3.992E-02 	 horizons 9.0
step 28260 	 return [0.         0.         0.00267002 0.00312414 0.01383558], ([0.         0.         0.00046435 0.00059977 0.00021885]) 	 loss 4.656E-02 	 horizons 9.0
step 28350 	 return [0.00270558 0.00687322 0.0025932  0.00219561 0.        ], ([2.3283064e-10 0.0000000e+00 2.3283064e-10 0.0000000e+00 0.0000000e+00]) 	 loss 4.294E-02 	 horizons 9.0
step 28440 	 return [0.         0.00060748 0.00629765 0.00557792 0.00746201], ([0.         0.00092794 0.00024758 0.00141372 0.0008866 ]) 	 loss 3.812E-02 	 horizons 9.0
step 28530 	 return [0.         0.00451609 0.00700588 0.00402525 0.0036265 ], ([0.0000000e+00 3.5137218e-05 1.3890210e-05 2.1870339e-05 7.4096027e-07]) 	 loss 3.676E-02 	 horizons 9.0
step 28620 	 return [0.00354979 0.00507505 0.00205852 0.0019437  0.        ], ([0.00036753 0.00016249 0.00081418 0.00034551 0.        ]) 	 loss 4.192E-02 	 horizons 9.0
step 28710 	 return [0.         0.00403988 0.00721635 0.00414598 0.00361871], ([0.0000000e+00 1.3476460e-03 6.6414569e-04 3.1286210e-04 2.1672335e-05]) 	 loss 3.833E-02 	 horizons 9.0
step 28800 	 return [0.         0.         0.00251524 0.00332407 0.01376263], ([0.0000000e+00 0.0000000e+00 2.3283064e-10 0.0000000e+00 0.0000000e+00]) 	 loss 3.584E-02 	 horizons 9.0
step 28890 	 return [0.         0.0022635  0.00670402 0.00373021 0.00587732], ([0.0000000e+00 7.1572361e-04 8.6730208e-05 1.2021562e-04 7.5101526e-04]) 	 loss 3.769E-02 	 horizons 9.0
step 28980 	 return [0.00340869 0.00518008 0.00256918 0.00216319 0.        ], ([3.2459106e-05 3.5937876e-06 4.7814103e-07 5.4519626e-07 0.0000000e+00]) 	 loss 3.360E-02 	 horizons 9.0
step 29070 	 return [0.         0.00422476 0.00734612 0.00420991 0.00326309], ([0.         0.00075498 0.0010688  0.00047987 0.0010877 ]) 	 loss 3.916E-02 	 horizons 9.0
step 29160 	 return [0.         0.00203094 0.0066707  0.00367556 0.00612833], ([0.00000000e+00 1.20191835e-05 8.82036966e-06 2.91605465e-05
 1.34352581e-06]) 	 loss 5.257E-02 	 horizons 9.0
step 29250 	 return [0.00225182 0.00754449 0.00259401 0.00219653 0.        ], ([2.3283064e-10 0.0000000e+00 2.3283064e-10 0.0000000e+00 0.0000000e+00]) 	 loss 5.021E-02 	 horizons 9.0
step 29340 	 return [0.00425087 0.0047996  0.00057003 0.00130561 0.        ], ([6.0108661e-05 4.9188318e-05 1.2397418e-05 3.0476462e-05 0.0000000e+00]) 	 loss 5.398E-02 	 horizons 9.0
step 29430 	 return [0.         0.00202493 0.00667511 0.00369014 0.00612766], ([0.0000000e+00 2.3283064e-10 0.0000000e+00 0.0000000e+00 0.0000000e+00]) 	 loss 5.014E-02 	 horizons 9.0
step 29520 	 return [0.00414028 0.00481292 0.00076415 0.00140466 0.        ], ([0.00027419 0.00012008 0.00060136 0.00025248 0.        ]) 	 loss 4.845E-02 	 horizons 9.0
step 29610 	 return [0.00428661 0.00487756 0.00058896 0.00126059 0.        ], ([3.3970923e-06 5.0592422e-05 1.2525172e-05 3.0227098e-05 0.0000000e+00]) 	 loss 4.941E-02 	 horizons 9.0
step 29700 	 return [0.         0.         0.00406306 0.00132483 0.01449214], ([0.0000000e+00 0.0000000e+00 4.6566129e-10 1.1641532e-10 0.0000000e+00]) 	 loss 4.956E-02 	 horizons 9.0
step 29790 	 return [0.         0.         0.00614749 0.00690593 0.00814849], ([0.000000e+00 0.000000e+00 0.000000e+00 4.656613e-10 9.313226e-10]) 	 loss 5.095E-02 	 horizons 9.0
step 29880 	 return [0.00378375 0.00495223 0.00145687 0.00169079 0.        ], ([0.00043811 0.000189   0.00094498 0.00039694 0.        ]) 	 loss 4.375E-02 	 horizons 9.0
step 29970 	 return [0.00243332 0.00727598 0.00259369 0.00219616 0.        ], ([2.2229456e-04 3.2885440e-04 3.9636981e-07 4.5180457e-07 0.0000000e+00]) 	 loss 4.489E-02 	 horizons 9.0
step 30060 	 return [0.00225182 0.00754449 0.00259401 0.00219653 0.        ], ([2.3283064e-10 0.0000000e+00 2.3283064e-10 0.0000000e+00 0.0000000e+00]) 	 loss 4.903E-02 	 horizons 9.0
[1;34mwandb[0m: 
[1;34mwandb[0m: 🚀 View run [33mmotndp_amsterdam-v0__GCN-amsterdam-g5-spatiotemporal__789__1781505113[0m at: [34mhttps://wandb.ai/jingyuan-sun03-tu-delft/cl_ablation/runs/k8tnbfi9[0m
[1;34mwandb[0m: Find logs at: [1;35mwandb/run-20260615_083154-k8tnbfi9/logs[0m
