/home/SinJ/mo-transport-network-design/.venv/lib/python3.13/site-packages/pygame/pkgdata.py:25: UserWarning: pkg_resources is deprecated as an API. See https://setuptools.pypa.io/en/latest/pkg_resources.html. The pkg_resources package is slated for removal as early as 2025-11-30. Refrain from using this package or pin to Setuptools<81.
  from pkg_resources import resource_stream, resource_exists
wandb: [wandb.login()] Loaded credentials for https://api.wandb.ai from /home/SinJ/.netrc.
wandb: Currently logged in as: jingyuan-sun03 (jingyuan-sun03-tu-delft) to https://api.wandb.ai. Use `wandb login --relogin` to force relogin
wandb: setting up run ojn78sf8
wandb: Tracking run with wandb version 0.27.2
wandb: Run data is saved locally in /home/SinJ/mo-transport-network-design/wandb/run-20260615_083211-ojn78sf8
wandb: Run `wandb offline` to turn off syncing.
wandb: Syncing run motndp_amsterdam-v0__GCN-amsterdam-g5-spatiotemporal__1024__1781505131
wandb: ⭐️ View project at https://wandb.ai/jingyuan-sun03-tu-delft/cl_ablation
wandb: 🚀 View run at https://wandb.ai/jingyuan-sun03-tu-delft/cl_ablation/runs/ojn78sf8
/home/SinJ/mo-transport-network-design/morl-baselines/morl_baselines/multi_policy/gcn/gcn.py:151: UserWarning: Creating a tensor from a list of numpy.ndarrays is extremely slow. Please consider converting the list to a single numpy.ndarray with numpy.array() before converting to a tensor. (Triggered internally at /pytorch/torch/csrc/utils/tensor_new.cpp:253.)
  th.tensor(obs).to(self.device),
Namespace(env='amsterdam', nr_groups=5, starting_loc_x=9, starting_loc_y=19, nr_stations=10, lr=0.01, batch_size=256, num_er_episodes=100, num_step_episodes=10, num_model_updates=10, num_policies=10, max_buffer_size=200, nr_layers=1, hidden_dim=128, timesteps=30000, no_log=False, seed=1024, cd_threshold=0.2, distance_ref='interpolate2', gcn_lambda=0.0, lambda_schedule='cosine', lambda_start=1.0, lambda_end=0.0, lambda_warmup_fraction=0.1, lambda_freeze_fraction=0.1, spatial_alpha=0.5, include_demand_context=False, criterion='lorenz', nash_mode='pareto_sized', nash_top_k=None, nash_shift=0.0, project_name='cl_ablation', experiment_name='GCN-amsterdam-g5-spatiotemporal', wandb_entity=None)
step 990 	 return [0.         0.00102011 0.00122254 0.00080813 0.        ], ([0.         0.00133309 0.00236575 0.0012694  0.        ]) 	 loss 2.053E+00 	 horizons 9.0
step 1080 	 return [0.         0.00257237 0.00224161 0.00091884 0.00091937], ([0.         0.0024712  0.00294229 0.00094084 0.00193843]) 	 loss 1.827E+00 	 horizons 9.0
step 1170 	 return [0.00027003 0.00265745 0.00290993 0.00160079 0.0008918 ], ([0.00081009 0.00273562 0.00281333 0.00176439 0.00179044]) 	 loss 1.328E+00 	 horizons 9.0
step 1260 	 return [0.0000000e+00 4.4421387e-05 2.8247631e-03 2.6304692e-03 3.6710061e-03], ([0.         0.00013326 0.00227398 0.00127162 0.00242622]) 	 loss 1.184E+00 	 horizons 9.0
step 1350 	 return [0.00058666 0.00279505 0.00122316 0.00128029 0.00103368], ([0.0014379  0.00261518 0.00163445 0.00121878 0.00234994]) 	 loss 1.101E+00 	 horizons 9.0
step 1440 	 return [0.         0.00033605 0.00588522 0.00447703 0.0048585 ], ([0.         0.00069331 0.00165333 0.00100409 0.00260058]) 	 loss 1.062E+00 	 horizons 9.0
step 1530 	 return [0.         0.00015325 0.00557538 0.00403041 0.00464104], ([0.         0.00036646 0.0014127  0.00157719 0.00288527]) 	 loss 9.816E-01 	 horizons 9.0
step 1620 	 return [0.         0.00233253 0.00618878 0.00307877 0.00164457], ([0.         0.00307188 0.00148424 0.00217899 0.0025604 ]) 	 loss 9.225E-01 	 horizons 9.0
step 1710 	 return [0.00025955 0.00482573 0.0016981  0.00092851 0.        ], ([0.00040395 0.00172785 0.00117079 0.00023952 0.        ]) 	 loss 9.233E-01 	 horizons 9.0
step 1800 	 return [0.         0.00033209 0.00647148 0.00377528 0.00382721], ([0.         0.00085731 0.00184316 0.00211669 0.00276475]) 	 loss 9.381E-01 	 horizons 9.0
step 1890 	 return [0.         0.00051494 0.00718805 0.00482746 0.00318523], ([0.         0.00118503 0.00141298 0.00174876 0.00273386]) 	 loss 8.822E-01 	 horizons 9.0
step 1980 	 return [0.         0.00012154 0.0062934  0.0050477  0.00436413], ([0.         0.00036463 0.00183608 0.00142871 0.00249865]) 	 loss 8.248E-01 	 horizons 9.0
step 2070 	 return [0.         0.00407998 0.00641999 0.00103528 0.        ], ([0.         0.00224688 0.00180345 0.00055716 0.        ]) 	 loss 8.240E-01 	 horizons 9.0
step 2160 	 return [0.00195579 0.00093837 0.00048222 0.00091012 0.        ], ([0.00161102 0.00107324 0.00011261 0.00027998 0.        ]) 	 loss 8.004E-01 	 horizons 9.0
step 2250 	 return [0.         0.         0.00822134 0.00417662 0.00272628], ([0.         0.         0.00181849 0.00122527 0.00292195]) 	 loss 7.574E-01 	 horizons 9.0
step 2340 	 return [0.         0.         0.0067279  0.00528192 0.00530871], ([0.         0.         0.00126068 0.00041353 0.00294508]) 	 loss 7.024E-01 	 horizons 9.0
step 2430 	 return [0.0000000e+00 2.9753437e-05 4.0165083e-03 3.6678072e-03 6.5889433e-03], ([0.0000000e+00 8.9260306e-05 1.3157775e-03 1.3860994e-03 2.5020065e-03]) 	 loss 6.773E-01 	 horizons 9.0
step 2520 	 return [0.00035331 0.00382125 0.00214793 0.00118878 0.        ], ([0.00056562 0.00242849 0.00161625 0.00096591 0.        ]) 	 loss 6.459E-01 	 horizons 9.0
step 2610 	 return [0.         0.00012154 0.00815384 0.00446506 0.00265629], ([0.         0.00036463 0.00179083 0.00117809 0.00334   ]) 	 loss 6.474E-01 	 horizons 9.0
step 2700 	 return [0.         0.         0.0060647  0.00502988 0.00714776], ([0.         0.         0.00011827 0.00057827 0.00098386]) 	 loss 6.158E-01 	 horizons 9.0
step 2790 	 return [0.         0.00313531 0.00835591 0.00125303 0.        ], ([0.         0.00210358 0.00195425 0.00108138 0.        ]) 	 loss 5.294E-01 	 horizons 9.0
step 2880 	 return [0.00025085 0.00674082 0.0018001  0.0011616  0.        ], ([0.00051065 0.00081144 0.00084233 0.00028306 0.        ]) 	 loss 5.162E-01 	 horizons 9.0
step 2970 	 return [0.         0.00244696 0.00961583 0.00106238 0.        ], ([0.         0.00136502 0.00142819 0.00080023 0.        ]) 	 loss 4.978E-01 	 horizons 9.0
step 3060 	 return [0.00023976 0.00758611 0.00255933 0.00130464 0.        ], ([0.00071927 0.00135545 0.0010474  0.0002602  0.        ]) 	 loss 4.308E-01 	 horizons 9.0
step 3150 	 return [0.00029326 0.00015247 0.0005712  0.00089477 0.        ], ([8.7977620e-04 4.5741902e-04 7.5342607e-05 5.0894145e-05 0.0000000e+00]) 	 loss 4.519E-01 	 horizons 9.0
step 3240 	 return [0.         0.         0.00429076 0.00453478 0.00604202], ([0.         0.         0.00122478 0.001653   0.00202395]) 	 loss 4.418E-01 	 horizons 9.0
step 3330 	 return [0.         0.         0.00264055 0.00363498 0.00659084], ([0.         0.         0.00111737 0.0017438  0.00253429]) 	 loss 4.608E-01 	 horizons 9.0
step 3420 	 return [0.00128685 0.00165346 0.00044665 0.00061577 0.        ], ([0.00147324 0.00143494 0.00013247 0.00029812 0.        ]) 	 loss 4.496E-01 	 horizons 9.0
step 3510 	 return [0.         0.00714764 0.004666   0.00128645 0.        ], ([0.         0.00158817 0.00181596 0.00056001 0.        ]) 	 loss 4.343E-01 	 horizons 9.0
step 3600 	 return [0.         0.00692464 0.00364515 0.00110404 0.        ], ([0.         0.00140233 0.00106537 0.00031209 0.        ]) 	 loss 4.064E-01 	 horizons 9.0
step 3690 	 return [0.         0.         0.00805107 0.00511598 0.00124603], ([0.         0.         0.00143041 0.00029431 0.00196169]) 	 loss 3.760E-01 	 horizons 9.0
step 3780 	 return [0.         0.00276504 0.00826542 0.00205549 0.        ], ([0.         0.00194527 0.00143307 0.00141235 0.        ]) 	 loss 3.757E-01 	 horizons 9.0
step 3870 	 return [0.         0.         0.00457644 0.00561448 0.00609561], ([0.         0.         0.00127565 0.0008474  0.00114877]) 	 loss 4.130E-01 	 horizons 9.0
step 3960 	 return [0.         0.         0.00734522 0.00449102 0.00331327], ([0.         0.         0.00141295 0.00098093 0.00236621]) 	 loss 3.655E-01 	 horizons 9.0
step 4050 	 return [0.         0.00120853 0.00923369 0.00267855 0.        ], ([0.         0.00189125 0.0014408  0.00108141 0.        ]) 	 loss 3.568E-01 	 horizons 9.0
step 4140 	 return [0.         0.0037334  0.00919775 0.000721   0.        ], ([0.         0.00186964 0.0015526  0.00013599 0.        ]) 	 loss 3.136E-01 	 horizons 9.0
step 4230 	 return [0.         0.         0.01009115 0.00378417 0.        ], ([0.         0.         0.00076141 0.00121004 0.        ]) 	 loss 3.057E-01 	 horizons 9.0
step 4320 	 return [0.         0.00833127 0.00413454 0.00123987 0.        ], ([0.         0.00076052 0.00061073 0.00037238 0.        ]) 	 loss 2.740E-01 	 horizons 9.0
step 4410 	 return [0.         0.00543792 0.00759265 0.00079798 0.        ], ([0.         0.00193563 0.00092457 0.00040272 0.        ]) 	 loss 2.686E-01 	 horizons 9.0
step 4500 	 return [0.00082331 0.00702005 0.00115345 0.00126893 0.        ], ([0.00141519 0.00109985 0.00077122 0.00022579 0.        ]) 	 loss 2.873E-01 	 horizons 9.0
step 4590 	 return [0.         0.00733451 0.00477287 0.00111658 0.        ], ([0.         0.00106109 0.00148362 0.00059757 0.        ]) 	 loss 2.915E-01 	 horizons 9.0
step 4680 	 return [0.00010708 0.00694629 0.00322229 0.00124532 0.        ], ([0.00032124 0.00093649 0.00079264 0.00034107 0.        ]) 	 loss 2.826E-01 	 horizons 9.0
step 4770 	 return [0.         0.         0.00610635 0.00611452 0.00481529], ([0.00000000e+00 0.00000000e+00 1.02795675e-05 6.47541165e-05
 2.10114758e-05]) 	 loss 2.716E-01 	 horizons 9.0
step 4860 	 return [0.         0.00058483 0.00436328 0.00486995 0.00312685], ([0.         0.00058497 0.00125004 0.00087696 0.00393382]) 	 loss 2.338E-01 	 horizons 9.0
step 4950 	 return [0.         0.         0.0060959  0.00504687 0.00729483], ([0.0000000e+00 0.0000000e+00 2.2440254e-05 8.5939464e-05 9.6035813e-04]) 	 loss 2.306E-01 	 horizons 9.0
step 5040 	 return [0.         0.00185488 0.01066758 0.00085842 0.        ], ([0.         0.00069198 0.00038873 0.00053508 0.        ]) 	 loss 2.316E-01 	 horizons 9.0
step 5130 	 return [0.         0.00705609 0.0064092  0.00107371 0.        ], ([0.         0.00077521 0.00136774 0.00041855 0.        ]) 	 loss 2.074E-01 	 horizons 9.0
step 5220 	 return [0.         0.00767845 0.00632477 0.00130343 0.        ], ([0.         0.00105235 0.00118166 0.00060548 0.        ]) 	 loss 1.846E-01 	 horizons 9.0
step 5310 	 return [0.         0.         0.00603568 0.00586922 0.00508901], ([0.         0.         0.00103045 0.00090314 0.0005639 ]) 	 loss 2.171E-01 	 horizons 9.0
step 5400 	 return [0.         0.         0.00875109 0.00524401 0.00048783], ([0.         0.         0.00105351 0.00054479 0.0014635 ]) 	 loss 1.941E-01 	 horizons 9.0
step 5490 	 return [0.004435   0.00310113 0.00036126 0.00053646 0.        ], ([5.8917556e-04 7.2455138e-04 5.4978886e-05 4.2459249e-04 0.0000000e+00]) 	 loss 2.019E-01 	 horizons 9.0
step 5580 	 return [0.         0.         0.0034894  0.00544431 0.00719961], ([0.         0.         0.00023892 0.00092011 0.00111349]) 	 loss 1.993E-01 	 horizons 9.0
step 5670 	 return [0.         0.0025354  0.01045451 0.00073215 0.        ], ([0.         0.00099699 0.00061252 0.0001321  0.        ]) 	 loss 2.073E-01 	 horizons 9.0
step 5760 	 return [0.         0.00777919 0.0062249  0.00108474 0.        ], ([0.         0.00133805 0.00168395 0.00060884 0.        ]) 	 loss 1.875E-01 	 horizons 9.0
step 5850 	 return [0.         0.00806271 0.00442756 0.00137588 0.        ], ([0.         0.00128528 0.00052588 0.000324   0.        ]) 	 loss 1.922E-01 	 horizons 9.0
step 5940 	 return [0.         0.00223781 0.01075911 0.00068833 0.        ], ([0.00000000e+00 8.78295046e-04 3.56720775e-05 1.01902536e-07
 0.00000000e+00]) 	 loss 1.839E-01 	 horizons 9.0
step 6030 	 return [0.         0.         0.00890391 0.0049633  0.00032026], ([0.         0.         0.00069149 0.00082827 0.00096077]) 	 loss 1.762E-01 	 horizons 9.0
step 6120 	 return [0.         0.00094759 0.00475937 0.00502682 0.00066863], ([0.         0.00047379 0.00151584 0.00046118 0.00200589]) 	 loss 1.548E-01 	 horizons 9.0
step 6210 	 return [0.         0.00815604 0.00592261 0.00116927 0.        ], ([0.         0.00131777 0.00111384 0.0006036  0.        ]) 	 loss 1.584E-01 	 horizons 9.0
step 6300 	 return [0.         0.00437736 0.00998816 0.00100345 0.        ], ([0.         0.00188047 0.00100464 0.00095233 0.        ]) 	 loss 1.745E-01 	 horizons 9.0
step 6390 	 return [0.00021343 0.00796947 0.00412982 0.00147502 0.        ], ([0.00042686 0.00081133 0.00086241 0.00054043 0.        ]) 	 loss 1.787E-01 	 horizons 9.0
step 6480 	 return [0.         0.00282426 0.01074422 0.00068844 0.        ], ([0.0000000e+00 1.3410156e-03 5.7675385e-05 6.8392410e-08 0.0000000e+00]) 	 loss 1.703E-01 	 horizons 9.0
step 6570 	 return [0.         0.00770743 0.00666919 0.00103573 0.        ], ([0.         0.00097558 0.00068032 0.00053945 0.        ]) 	 loss 1.365E-01 	 horizons 9.0
step 6660 	 return [0.0016187  0.00788927 0.00192266 0.00123361 0.        ], ([0.00110239 0.00135818 0.0008902  0.00017662 0.        ]) 	 loss 1.421E-01 	 horizons 9.0
step 6750 	 return [0.         0.         0.00503428 0.00541222 0.00732293], ([0.         0.         0.00131365 0.00039514 0.00051981]) 	 loss 1.489E-01 	 horizons 9.0
step 6840 	 return [0.         0.00413653 0.00944671 0.00076744 0.        ], ([0.         0.00152825 0.00071108 0.00018304 0.        ]) 	 loss 1.348E-01 	 horizons 9.0
step 6930 	 return [0.         0.         0.00398591 0.00597568 0.00632088], ([0.         0.         0.00112174 0.00015917 0.00073088]) 	 loss 1.418E-01 	 horizons 9.0
step 7020 	 return [0.00294949 0.00619065 0.00092529 0.00058812 0.        ], ([0.00195158 0.00226128 0.00072096 0.00044739 0.        ]) 	 loss 1.426E-01 	 horizons 9.0
step 7110 	 return [0.         0.00107118 0.0104507  0.00222419 0.        ], ([0.         0.00153733 0.00062827 0.00133299 0.        ]) 	 loss 1.804E-01 	 horizons 9.0
step 7200 	 return [0.00304177 0.00405772 0.00067284 0.00073779 0.        ], ([0.001506   0.00094002 0.00049709 0.00048586 0.        ]) 	 loss 1.656E-01 	 horizons 9.0
step 7290 	 return [0.         0.00891188 0.00614239 0.00083727 0.        ], ([0.         0.00044013 0.00043075 0.00028265 0.        ]) 	 loss 1.672E-01 	 horizons 9.0
step 7380 	 return [0.00396091 0.00437211 0.00090841 0.0010225  0.        ], ([0.00055373 0.00136203 0.00058568 0.00034675 0.        ]) 	 loss 1.415E-01 	 horizons 9.0
step 7470 	 return [0.         0.         0.00566155 0.00524537 0.00754242], ([0.         0.         0.00091358 0.0003118  0.00041019]) 	 loss 1.580E-01 	 horizons 9.0
step 7560 	 return [0.         0.00765658 0.00713027 0.00084028 0.        ], ([0.         0.00091637 0.00070447 0.00044525 0.        ]) 	 loss 1.379E-01 	 horizons 9.0
step 7650 	 return [0.         0.         0.00613073 0.00616528 0.00515822], ([0.0000000e+00 0.0000000e+00 1.2946130e-05 3.6429171e-04 8.6329813e-04]) 	 loss 1.282E-01 	 horizons 9.0
step 7740 	 return [0.00196269 0.00613621 0.00234223 0.00106894 0.        ], ([0.00055455 0.00098825 0.00078579 0.00010748 0.        ]) 	 loss 1.365E-01 	 horizons 9.0
step 7830 	 return [0.00095797 0.0073847  0.00407647 0.00110643 0.        ], ([3.1933544e-04 4.5277117e-04 3.3609514e-04 8.0536163e-05 0.0000000e+00]) 	 loss 1.199E-01 	 horizons 9.0
step 7920 	 return [0.         0.         0.00975879 0.00461668 0.        ], ([0.         0.         0.00058976 0.00078258 0.        ]) 	 loss 1.185E-01 	 horizons 9.0
step 8010 	 return [0.         0.00620596 0.00773118 0.00092929 0.        ], ([0.         0.00063011 0.00040258 0.00024435 0.        ]) 	 loss 1.215E-01 	 horizons 9.0
step 8100 	 return [0.00197518 0.0073332  0.00202594 0.00115767 0.        ], ([0.00059285 0.00091374 0.00082278 0.00023031 0.        ]) 	 loss 1.484E-01 	 horizons 9.0
step 8190 	 return [0.         0.         0.00804871 0.00498745 0.00309894], ([0.         0.         0.00170092 0.0005408  0.00379541]) 	 loss 1.202E-01 	 horizons 9.0
step 8280 	 return [0.         0.0084505  0.00628898 0.00123914 0.        ], ([0.         0.00089587 0.0008045  0.00061292 0.        ]) 	 loss 1.121E-01 	 horizons 9.0
step 8370 	 return [0.00151713 0.00727715 0.00276129 0.0011079  0.        ], ([0.00078036 0.00079613 0.00088813 0.00016158 0.        ]) 	 loss 1.195E-01 	 horizons 9.0
step 8460 	 return [0.         0.00458006 0.01066871 0.00068852 0.        ], ([0.0000000e+00 8.7790086e-04 3.7757400e-05 4.4773341e-08 0.0000000e+00]) 	 loss 1.131E-01 	 horizons 9.0
step 8550 	 return [0.0021421  0.00693922 0.00180669 0.00110891 0.        ], ([7.1405573e-04 4.7203468e-04 5.5237499e-04 8.9923335e-05 0.0000000e+00]) 	 loss 1.043E-01 	 horizons 9.0
step 8640 	 return [0.         0.00679258 0.00926845 0.00068691 0.        ], ([0.0000000e+00 3.9007154e-04 5.5151916e-04 6.7619260e-07 0.0000000e+00]) 	 loss 1.031E-01 	 horizons 9.0
step 8730 	 return [0.0016985  0.00671394 0.00284446 0.00120632 0.        ], ([0.00079349 0.00049568 0.00109882 0.00020284 0.        ]) 	 loss 1.121E-01 	 horizons 9.0
step 8820 	 return [0.         0.00757186 0.00760156 0.00074936 0.        ], ([0.         0.00055989 0.00068431 0.00024292 0.        ]) 	 loss 1.241E-01 	 horizons 9.0
step 8910 	 return [0.         0.         0.00986743 0.00452355 0.        ], ([0.         0.         0.00080609 0.00095558 0.        ]) 	 loss 1.147E-01 	 horizons 9.0
step 9000 	 return [0.         0.         0.00446157 0.0047624  0.00808409], ([0.         0.         0.00092064 0.00092573 0.00191733]) 	 loss 1.038E-01 	 horizons 9.0
step 9090 	 return [0.00135672 0.0080371  0.00282102 0.00127401 0.        ], ([0.00073857 0.00089039 0.00071585 0.00018299 0.        ]) 	 loss 1.107E-01 	 horizons 9.0
step 9180 	 return [0.         0.         0.00390857 0.00471866 0.00914837], ([0.         0.         0.00025445 0.00078173 0.00156795]) 	 loss 1.096E-01 	 horizons 9.0
step 9270 	 return [0.00424243 0.00407485 0.00055016 0.00085961 0.        ], ([0.00081714 0.00195312 0.00028235 0.00042573 0.        ]) 	 loss 1.143E-01 	 horizons 9.0
step 9360 	 return [0.         0.00019597 0.01081305 0.00295788 0.        ], ([0.         0.00058792 0.00027511 0.00084074 0.        ]) 	 loss 1.061E-01 	 horizons 9.0
step 9450 	 return [0.00214515 0.00624631 0.00220725 0.00127457 0.        ], ([0.00072988 0.0006413  0.00054554 0.00020443 0.        ]) 	 loss 1.171E-01 	 horizons 9.0
step 9540 	 return [0.00167243 0.00642734 0.00208424 0.00106827 0.        ], ([0.00095495 0.00063463 0.00076939 0.00020229 0.        ]) 	 loss 1.379E-01 	 horizons 9.0
step 9630 	 return [0.         0.         0.00726355 0.00380339 0.0061443 ], ([0.         0.         0.00087272 0.00085187 0.00104945]) 	 loss 1.277E-01 	 horizons 9.0
step 9720 	 return [0.         0.00028175 0.01074927 0.00269804 0.        ], ([0.         0.00084524 0.00060615 0.00048151 0.        ]) 	 loss 1.289E-01 	 horizons 9.0
step 9810 	 return [0.         0.         0.00872288 0.00491449 0.00132048], ([0.         0.         0.00117875 0.00069604 0.00269014]) 	 loss 1.313E-01 	 horizons 9.0
step 9900 	 return [0.         0.00057229 0.01055487 0.00251427 0.        ], ([0.         0.00114572 0.00066868 0.00076712 0.        ]) 	 loss 1.141E-01 	 horizons 9.0
step 9990 	 return [0.         0.00056349 0.01014172 0.00359525 0.        ], ([0.         0.00112698 0.00083854 0.00044962 0.        ]) 	 loss 1.579E-01 	 horizons 9.0
step 10080 	 return [0.00319711 0.00554272 0.00130373 0.00078537 0.        ], ([0.0011878  0.00098955 0.0007696  0.00041091 0.        ]) 	 loss 1.138E-01 	 horizons 9.0
step 10170 	 return [0.         0.0011237  0.00830209 0.00381217 0.00172645], ([0.         0.00137625 0.00116942 0.00042618 0.0034529 ]) 	 loss 1.201E-01 	 horizons 9.0
step 10260 	 return [0.00315175 0.00662337 0.00037412 0.00034551 0.        ], ([1.0738965e-03 1.9197457e-03 7.4287622e-05 3.2758972e-04 0.0000000e+00]) 	 loss 1.229E-01 	 horizons 9.0
step 10350 	 return [0.00158    0.00795729 0.0025596  0.00126521 0.        ], ([0.00062315 0.00091791 0.00071646 0.0001624  0.        ]) 	 loss 1.406E-01 	 horizons 9.0
step 10440 	 return [0.         0.         0.01005431 0.00326989 0.00232421], ([0.         0.         0.0025842  0.00119128 0.00355028]) 	 loss 1.262E-01 	 horizons 9.0
step 10530 	 return [0.         0.00335454 0.0098898  0.00068712 0.        ], ([0.0000000e+00 7.5907557e-04 3.8316139e-04 7.1176333e-07 0.0000000e+00]) 	 loss 1.311E-01 	 horizons 9.0
step 10620 	 return [0.0006498  0.00617502 0.00605762 0.00079467 0.        ], ([0.0007259  0.00084104 0.00159711 0.00027268 0.        ]) 	 loss 1.133E-01 	 horizons 9.0
step 10710 	 return [0.00335251 0.00552779 0.00153141 0.00099189 0.        ], ([0.00046992 0.00045399 0.00052546 0.00013999 0.        ]) 	 loss 1.096E-01 	 horizons 9.0
step 10800 	 return [0.00325937 0.00646191 0.0010044  0.00085954 0.        ], ([0.00052825 0.00105908 0.00065281 0.00045874 0.        ]) 	 loss 1.175E-01 	 horizons 9.0
step 10890 	 return [0.         0.         0.01053096 0.00359204 0.        ], ([0.         0.         0.00038609 0.00051232 0.        ]) 	 loss 1.093E-01 	 horizons 9.0
step 10980 	 return [0.00145696 0.00770358 0.00172651 0.0006854  0.        ], ([0.00128586 0.00138529 0.00082877 0.00051284 0.        ]) 	 loss 1.006E-01 	 horizons 9.0
step 11070 	 return [0.000965   0.0068374  0.00473023 0.00104629 0.        ], ([0.00032168 0.00166151 0.00117635 0.00048877 0.        ]) 	 loss 1.091E-01 	 horizons 9.0
step 11160 	 return [0.         0.         0.01152878 0.00267626 0.        ], ([0.         0.         0.00043456 0.0003725  0.        ]) 	 loss 1.063E-01 	 horizons 9.0
step 11250 	 return [0.         0.00699589 0.00891706 0.00075289 0.        ], ([0.         0.00052983 0.00081865 0.00019875 0.        ]) 	 loss 9.780E-02 	 horizons 9.0
step 11340 	 return [0.         0.01009123 0.00439889 0.00141855 0.        ], ([0.         0.00100415 0.00020198 0.00015117 0.        ]) 	 loss 8.867E-02 	 horizons 9.0
step 11430 	 return [0.0000000e+00 3.5151774e-05 6.7961030e-03 4.8668333e-03 3.7105642e-03], ([0.         0.00010546 0.00076266 0.0021978  0.00191583]) 	 loss 1.149E-01 	 horizons 9.0
step 11520 	 return [0.         0.00576763 0.0100542  0.00068784 0.        ], ([0.0000000e+00 8.9493254e-04 6.0191751e-04 7.0064561e-07 0.0000000e+00]) 	 loss 1.065E-01 	 horizons 9.0
step 11610 	 return [0.         0.         0.00741175 0.00375928 0.0061444 ], ([0.         0.         0.00085424 0.0008709  0.00104938]) 	 loss 9.152E-02 	 horizons 9.0
step 11700 	 return [0.00106607 0.00764461 0.00383572 0.00116196 0.        ], ([4.0384402e-06 6.8800361e-04 4.5733212e-04 9.6274613e-05 0.0000000e+00]) 	 loss 7.863E-02 	 horizons 9.0
step 11790 	 return [0.         0.         0.00399008 0.00467712 0.00900011], ([0.         0.         0.00065733 0.00138129 0.00242167]) 	 loss 6.990E-02 	 horizons 9.0
step 11880 	 return [0.         0.00673069 0.00901475 0.0008122  0.        ], ([0.         0.00040533 0.00068916 0.00026934 0.        ]) 	 loss 8.252E-02 	 horizons 9.0
step 11970 	 return [0.00107126 0.00852022 0.00322908 0.00129868 0.        ], ([2.5924949e-06 4.4291705e-04 3.0303243e-04 7.5727941e-05 0.0000000e+00]) 	 loss 8.613E-02 	 horizons 9.0
step 12060 	 return [0.         0.00625587 0.0085093  0.00166196 0.        ], ([0.         0.00103175 0.00068726 0.00124061 0.        ]) 	 loss 7.950E-02 	 horizons 9.0
step 12150 	 return [0.         0.         0.00623395 0.00580306 0.00600302], ([0.         0.         0.00010376 0.00058254 0.00142424]) 	 loss 9.568E-02 	 horizons 9.0
step 12240 	 return [0.00118742 0.00840497 0.00306157 0.00131601 0.        ], ([0.00034848 0.00058117 0.00063439 0.00012264 0.        ]) 	 loss 1.079E-01 	 horizons 9.0
step 12330 	 return [0.00239877 0.00714273 0.00135792 0.00124159 0.        ], ([0.00010232 0.00058617 0.00051404 0.00021499 0.        ]) 	 loss 9.317E-02 	 horizons 9.0
step 12420 	 return [0.00174487 0.00729994 0.00198709 0.00127498 0.        ], ([0.00095123 0.00071234 0.00078351 0.00021869 0.        ]) 	 loss 9.112E-02 	 horizons 9.0
step 12510 	 return [0.00359354 0.00550279 0.00147025 0.00121245 0.        ], ([1.7916636e-05 5.7503046e-04 4.6222008e-04 2.1070077e-04 0.0000000e+00]) 	 loss 1.143E-01 	 horizons 9.0
step 12600 	 return [0.00412398 0.00507751 0.00107553 0.00117355 0.        ], ([4.3806268e-04 1.8230639e-04 5.8675051e-04 9.1180460e-05 0.0000000e+00]) 	 loss 1.095E-01 	 horizons 9.0
step 12690 	 return [0.0047247  0.00418002 0.0003216  0.0002266  0.        ], ([2.3124683e-04 8.2611683e-04 2.5346979e-05 1.3729802e-04 0.0000000e+00]) 	 loss 1.142E-01 	 horizons 9.0
step 12780 	 return [0.00480313 0.00449244 0.00031083 0.00015803 0.        ], ([2.5823948e-04 6.5749977e-04 2.2219027e-05 7.4527848e-06 0.0000000e+00]) 	 loss 1.036E-01 	 horizons 9.0
step 12870 	 return [0.00257042 0.00772355 0.00037279 0.00028266 0.        ], ([3.5266523e-04 3.6566920e-04 7.8835117e-05 3.3149269e-04 0.0000000e+00]) 	 loss 9.187E-02 	 horizons 9.0
step 12960 	 return [0.00238162 0.00630158 0.00224009 0.00132237 0.        ], ([0.00045351 0.0012068  0.00070103 0.0001687  0.        ]) 	 loss 8.440E-02 	 horizons 9.0
step 13050 	 return [0.         0.00477925 0.01013633 0.00069357 0.        ], ([0.0000000e+00 9.8503416e-04 1.0211488e-03 6.3486655e-06 0.0000000e+00]) 	 loss 7.321E-02 	 horizons 9.0
step 13140 	 return [0.         0.         0.00619678 0.0047813  0.00787384], ([0.0000000e+00 0.0000000e+00 6.0944451e-05 7.4870023e-04 1.5168524e-03]) 	 loss 1.054E-01 	 horizons 9.0
step 13230 	 return [0.00347257 0.00570299 0.00155728 0.00110514 0.        ], ([3.5854278e-04 8.6079061e-04 4.7372951e-04 8.6529712e-05 0.0000000e+00]) 	 loss 9.381E-02 	 horizons 9.0
step 13320 	 return [0.         0.         0.00612031 0.00623491 0.00503202], ([0.         0.         0.00059507 0.00013138 0.00057568]) 	 loss 7.574E-02 	 horizons 9.0
step 13410 	 return [0.00346848 0.00557041 0.00167577 0.00108362 0.        ], ([3.5696989e-04 8.0886687e-04 3.5513833e-04 6.5214183e-05 0.0000000e+00]) 	 loss 8.023E-02 	 horizons 9.0
step 13500 	 return [0.         0.         0.00414952 0.00404548 0.01021202], ([0.0000000e+00 0.0000000e+00 1.4088987e-04 6.5052925e-05 1.4750195e-05]) 	 loss 7.274E-02 	 horizons 9.0
step 13590 	 return [0.         0.00959914 0.00541552 0.00103159 0.        ], ([0.         0.00084828 0.00082865 0.00034497 0.        ]) 	 loss 7.369E-02 	 horizons 9.0
step 13680 	 return [0.         0.         0.00416338 0.00422718 0.00986623], ([0.         0.         0.00015127 0.00054174 0.00103583]) 	 loss 9.319E-02 	 horizons 9.0
step 13770 	 return [0.         0.00688243 0.00813256 0.00113585 0.        ], ([0.         0.00090135 0.00061078 0.00030352 0.        ]) 	 loss 7.093E-02 	 horizons 9.0
step 13860 	 return [0.         0.00028143 0.00704915 0.00477808 0.00455109], ([0.         0.00084429 0.00087534 0.00083437 0.00324832]) 	 loss 7.278E-02 	 horizons 9.0
step 13950 	 return [0.00425632 0.00631744 0.00034467 0.00017095 0.        ], ([0.0000000e+00 0.0000000e+00 2.9103830e-11 1.4551915e-11 0.0000000e+00]) 	 loss 9.146E-02 	 horizons 9.0
step 14040 	 return [0.         0.00432125 0.00865336 0.00281446 0.        ], ([0.         0.00130196 0.00031488 0.00137463 0.        ]) 	 loss 8.326E-02 	 horizons 9.0
step 14130 	 return [0.00075754 0.00788341 0.00374034 0.00150221 0.        ], ([0.00070385 0.00080553 0.00040707 0.0002855  0.        ]) 	 loss 6.360E-02 	 horizons 9.0
step 14220 	 return [0.00096398 0.00858804 0.00323283 0.00130835 0.        ], ([3.2133691e-04 5.3106039e-04 3.0313665e-04 7.9881560e-05 0.0000000e+00]) 	 loss 6.440E-02 	 horizons 9.0
step 14310 	 return [0.         0.00773794 0.00671713 0.00089876 0.        ], ([0.         0.00130308 0.00106183 0.00027845 0.        ]) 	 loss 7.648E-02 	 horizons 9.0
step 14400 	 return [0.         0.         0.00439347 0.00406211 0.01005847], ([0.         0.         0.00059095 0.00011495 0.0004754 ]) 	 loss 8.782E-02 	 horizons 9.0
step 14490 	 return [0.00245287 0.00784544 0.00034651 0.00017217 0.        ], ([2.3283064e-10 9.3132257e-10 2.9103830e-11 1.4551915e-11 0.0000000e+00]) 	 loss 5.984E-02 	 horizons 9.0
step 14580 	 return [0.00361613 0.00622881 0.00096475 0.00121256 0.        ], ([1.8764911e-05 6.0753466e-04 5.4296787e-04 9.8645207e-05 0.0000000e+00]) 	 loss 5.405E-02 	 horizons 9.0
step 14670 	 return [0.0022167  0.00607057 0.00254048 0.00149681 0.        ], ([5.893386e-06 4.104443e-04 3.461357e-04 6.457837e-05 0.000000e+00]) 	 loss 4.852E-02 	 horizons 9.0
step 14760 	 return [0.00509252 0.0045113  0.0003346  0.00019848 0.        ], ([5.3216289e-05 4.3926827e-04 8.3371297e-06 1.0082192e-04 0.0000000e+00]) 	 loss 4.437E-02 	 horizons 9.0
step 14850 	 return [0.         0.         0.00619419 0.00517327 0.00722915], ([0.0000000e+00 0.0000000e+00 8.5129061e-05 7.7691197e-04 1.6063235e-03]) 	 loss 3.862E-02 	 horizons 9.0
step 14940 	 return [0.00187366 0.00535728 0.00473966 0.0013136  0.        ], ([0.00079971 0.00063026 0.0010289  0.00066693 0.        ]) 	 loss 4.349E-02 	 horizons 9.0
step 15030 	 return [0.         0.00812589 0.00628852 0.00162903 0.        ], ([0.         0.00086478 0.00072191 0.00040432 0.        ]) 	 loss 4.910E-02 	 horizons 9.0
step 15120 	 return [0.00287353 0.00691852 0.00108387 0.00119231 0.        ], ([0.00058293 0.00132087 0.00057994 0.00010649 0.        ]) 	 loss 5.487E-02 	 horizons 9.0
step 15210 	 return [0.00264954 0.00552968 0.00242357 0.00151741 0.        ], ([1.2886804e-05 5.5558607e-04 4.6115500e-04 8.6104592e-05 0.0000000e+00]) 	 loss 4.772E-02 	 horizons 9.0
step 15300 	 return [0.00120236 0.00845282 0.00299019 0.00131121 0.        ], ([3.9090385e-04 6.0219434e-04 4.0103021e-04 6.6449247e-05 0.0000000e+00]) 	 loss 5.436E-02 	 horizons 9.0
step 15390 	 return [0.         0.01058305 0.00449639 0.00134946 0.        ], ([0.0000000e+00 5.2661824e-05 1.7500297e-05 3.0227102e-05 0.0000000e+00]) 	 loss 5.917E-02 	 horizons 9.0
step 15480 	 return [0.00373713 0.00488146 0.00155564 0.00112109 0.        ], ([0.0002697  0.00113168 0.00047587 0.00010612 0.        ]) 	 loss 4.484E-02 	 horizons 9.0
step 15570 	 return [0.00222257 0.00505298 0.00338224 0.00200888 0.00098388], ([0.00077176 0.00170598 0.00062868 0.00079549 0.00295163]) 	 loss 8.110E-02 	 horizons 9.0
step 15660 	 return [0.         0.         0.0061247  0.0048848  0.00801283], ([0.0000000e+00 0.0000000e+00 2.7238313e-05 3.1282575e-04 4.0551438e-04]) 	 loss 7.133E-02 	 horizons 9.0
step 15750 	 return [0.00274351 0.00552973 0.00233671 0.00148372 0.        ], ([0.00028003 0.00055557 0.00049042 0.00014329 0.        ]) 	 loss 8.871E-02 	 horizons 9.0
step 15840 	 return [0.         0.         0.00418138 0.00377888 0.01051563], ([0.0000000e+00 0.0000000e+00 4.5309920e-05 7.3474064e-04 8.9607848e-04]) 	 loss 9.473E-02 	 horizons 9.0
step 15930 	 return [0.         0.00755169 0.00701505 0.00141377 0.        ], ([0.         0.00011332 0.0005285  0.00020537 0.        ]) 	 loss 8.183E-02 	 horizons 9.0
step 16020 	 return [0.00251238 0.00554307 0.00378517 0.0018913  0.        ], ([0.00048296 0.00055236 0.00011725 0.00026716 0.        ]) 	 loss 7.021E-02 	 horizons 9.0
step 16110 	 return [0.         0.         0.00344415 0.00275137 0.01206241], ([0.         0.         0.00076768 0.00129545 0.00249741]) 	 loss 5.104E-02 	 horizons 9.0
step 16200 	 return [0.         0.00710226 0.00844702 0.00108433 0.        ], ([0.         0.00035901 0.0008208  0.0003243  0.        ]) 	 loss 8.930E-02 	 horizons 9.0
step 16290 	 return [0.         0.0099713  0.00532976 0.00135463 0.        ], ([0.0000000e+00 9.3826436e-04 1.0128496e-03 3.5059937e-05 0.0000000e+00]) 	 loss 4.099E-02 	 horizons 9.0
step 16380 	 return [0.         0.         0.0042506  0.00401986 0.0103991 ], ([0.00000000e+00 0.00000000e+00 1.08229186e-04 7.88327361e-06
 3.64322594e-04]) 	 loss 4.384E-02 	 horizons 9.0
step 16470 	 return [0.         0.00710226 0.00844702 0.00108433 0.        ], ([0.         0.00035901 0.0008208  0.0003243  0.        ]) 	 loss 4.586E-02 	 horizons 9.0
step 16560 	 return [0.         0.         0.00488572 0.00402917 0.0100342 ], ([0.         0.         0.0007643  0.00068244 0.001063  ]) 	 loss 4.643E-02 	 horizons 9.0
step 16650 	 return [0.00131191 0.00767139 0.00360202 0.00160849 0.        ], ([0.0006791  0.0011424  0.00061166 0.00036488 0.        ]) 	 loss 6.017E-02 	 horizons 9.0
step 16740 	 return [0.         0.         0.00466734 0.00386819 0.01044788], ([0.         0.         0.00068196 0.00056057 0.00074465]) 	 loss 6.734E-02 	 horizons 9.0
step 16830 	 return [0.00425609 0.0046105  0.00080448 0.00114677 0.        ], ([0.00034484 0.00104106 0.00049928 0.00016345 0.        ]) 	 loss 6.754E-02 	 horizons 9.0
step 16920 	 return [0.         0.         0.00614848 0.00461174 0.00836679], ([0.0000000e+00 0.0000000e+00 2.7238311e-05 3.1282575e-04 4.0551444e-04]) 	 loss 6.205E-02 	 horizons 9.0
step 17010 	 return [0.         0.         0.00612805 0.00520851 0.00745663], ([0.0000000e+00 0.0000000e+00 6.3539992e-05 3.5673269e-04 8.7216793e-04]) 	 loss 4.851E-02 	 horizons 9.0
step 17100 	 return [0.0029524  0.00609109 0.00170282 0.00149498 0.        ], ([0.00043052 0.00067347 0.0003422  0.00025888 0.        ]) 	 loss 5.411E-02 	 horizons 9.0
step 17190 	 return [0.00358493 0.00214134 0.00065251 0.00139482 0.        ], ([3.8154595e-04 7.6731807e-04 1.2214162e-04 8.5714692e-06 0.0000000e+00]) 	 loss 6.238E-02 	 horizons 9.0
step 17280 	 return [0.         0.0067327  0.00599469 0.00202899 0.        ], ([0.0000000e+00 3.2046367e-04 1.8245519e-04 6.2075749e-05 0.0000000e+00]) 	 loss 4.983E-02 	 horizons 9.0
step 17370 	 return [0.         0.         0.00412977 0.00206055 0.01278864], ([0.         0.         0.00016864 0.00097177 0.00083045]) 	 loss 4.694E-02 	 horizons 9.0
step 17460 	 return [0.00375206 0.00372013 0.0012344  0.00130059 0.        ], ([0.00017571 0.00181422 0.00053292 0.00020909 0.        ]) 	 loss 4.447E-02 	 horizons 9.0
step 17550 	 return [0.         0.         0.00611876 0.00495307 0.00792434], ([0.0000000e+00 0.0000000e+00 2.3775550e-05 2.7305671e-04 3.5396195e-04]) 	 loss 4.272E-02 	 horizons 9.0
step 17640 	 return [0.00505704 0.00421846 0.00034016 0.0002657  0.        ], ([8.1289218e-05 6.7099329e-04 1.2735176e-05 1.5400801e-04 0.0000000e+00]) 	 loss 4.074E-02 	 horizons 9.0
step 17730 	 return [0.         0.00985652 0.00591229 0.00135941 0.        ], ([0.0000000e+00 4.6681191e-04 9.3090854e-04 2.9498766e-05 0.0000000e+00]) 	 loss 3.842E-02 	 horizons 9.0
step 17820 	 return [0.         0.00654181 0.00586692 0.00202687 0.        ], ([0.0000000e+00 2.5220154e-04 5.6575541e-04 5.5704942e-05 0.0000000e+00]) 	 loss 3.908E-02 	 horizons 9.0
step 17910 	 return [0.00444136 0.00537654 0.00049584 0.00081725 0.        ], ([9.2978829e-05 5.7433354e-04 1.2321991e-04 5.2755960e-04 0.0000000e+00]) 	 loss 5.231E-02 	 horizons 9.0
step 18000 	 return [0.0027377  0.00661089 0.00139799 0.00163957 0.        ], ([0.00029172 0.00067616 0.00026593 0.00012307 0.        ]) 	 loss 4.413E-02 	 horizons 9.0
step 18090 	 return [0.         0.         0.00586407 0.00243245 0.01134839], ([0.         0.         0.0004666  0.0010847  0.00121827]) 	 loss 3.916E-02 	 horizons 9.0
step 18180 	 return [0.00359462 0.00525842 0.00178658 0.00113004 0.        ], ([1.8193807e-05 1.5618580e-05 2.7587421e-06 2.2557844e-05 0.0000000e+00]) 	 loss 3.252E-02 	 horizons 9.0
step 18270 	 return [0.00042735 0.00751814 0.00480079 0.00149086 0.        ], ([0.0005234  0.00166487 0.00127039 0.00046031 0.        ]) 	 loss 6.947E-02 	 horizons 9.0
step 18360 	 return [0.         0.         0.00570048 0.00220709 0.01173746], ([0.         0.         0.00061572 0.00066033 0.00021083]) 	 loss 5.465E-02 	 horizons 9.0
step 18450 	 return [0.         0.00299617 0.00766831 0.00364823 0.00412558], ([0.         0.00036373 0.00044784 0.00029272 0.00102651]) 	 loss 5.457E-02 	 horizons 9.0
step 18540 	 return [0.00329822 0.00660139 0.00108374 0.00119179 0.        ], ([0.00047476 0.00115703 0.00058046 0.00010578 0.        ]) 	 loss 5.290E-02 	 horizons 9.0
step 18630 	 return [0.         0.0009859  0.00550723 0.00183409 0.00591305], ([0.         0.00143876 0.00113644 0.0007326  0.00591305]) 	 loss 6.159E-02 	 horizons 9.0
step 18720 	 return [0.00486978 0.00502155 0.00036232 0.00027516 0.        ], ([2.9455739e-04 5.0248788e-04 7.8352496e-05 3.2445398e-04 0.0000000e+00]) 	 loss 1.876E-01 	 horizons 9.0
step 18810 	 return [0.00431863 0.00526919 0.00059906 0.00125393 0.        ], ([3.2606290e-04 6.8106147e-04 5.2359887e-06 1.1850241e-05 0.0000000e+00]) 	 loss 8.360E-02 	 horizons 9.0
step 18900 	 return [0.00441835 0.00474324 0.00057232 0.0011724  0.        ], ([3.7744356e-04 5.1785860e-04 7.0916547e-05 2.2383399e-04 0.0000000e+00]) 	 loss 8.468E-02 	 horizons 9.0
step 18990 	 return [0.         0.         0.00613659 0.00474827 0.00818981], ([0.0000000e+00 0.0000000e+00 2.9719433e-05 3.4132085e-04 4.4245250e-04]) 	 loss 5.326E-02 	 horizons 9.0
step 19080 	 return [0.00492883 0.0049942  0.00033583 0.0001668  0.        ], ([2.7714262e-04 5.1397190e-04 6.1216797e-06 2.9425601e-06 0.0000000e+00]) 	 loss 4.954E-02 	 horizons 9.0
step 19170 	 return [0.00260011 0.00770524 0.00072867 0.0012574  0.        ], ([4.1275797e-04 8.0419949e-04 3.5515838e-04 6.5175256e-05 0.0000000e+00]) 	 loss 4.823E-02 	 horizons 9.0
step 19260 	 return [0.00223218 0.00605104 0.0037478  0.00198127 0.        ], ([0.0000000e+00 4.6566129e-10 4.6566129e-10 2.3283064e-10 0.0000000e+00]) 	 loss 5.656E-02 	 horizons 9.0
step 19350 	 return [0.00362584 0.00543717 0.00167627 0.00108384 0.        ], ([8.5872585e-07 3.9645785e-04 3.5565911e-04 6.4432767e-05 0.0000000e+00]) 	 loss 4.645E-02 	 horizons 9.0
step 19440 	 return [0.00064215 0.00823324 0.00355916 0.0014939  0.        ], ([0.00052432 0.00042427 0.00046369 0.00019291 0.        ]) 	 loss 5.271E-02 	 horizons 9.0
step 19530 	 return [0.0043809  0.00604837 0.00034492 0.00017113 0.        ], ([1.2458465e-04 2.6906608e-04 2.5614281e-07 1.7187993e-07 0.0000000e+00]) 	 loss 5.231E-02 	 horizons 9.0
step 19620 	 return [0.00450549 0.0057793  0.00034518 0.0001713  0.        ], ([0.000000e+00 0.000000e+00 2.910383e-11 0.000000e+00 0.000000e+00]) 	 loss 5.818E-02 	 horizons 9.0
step 19710 	 return [0.         0.         0.00611281 0.00502133 0.00783585], ([0.0000000e+00 0.0000000e+00 1.7831660e-05 2.0479252e-04 2.6547149e-04]) 	 loss 5.047E-02 	 horizons 9.0
step 19800 	 return [0.         0.00954554 0.00651899 0.00136368 0.        ], ([0.0000000e+00 4.9952418e-05 1.8319115e-05 3.0227146e-05 0.0000000e+00]) 	 loss 6.321E-02 	 horizons 9.0
step 19890 	 return [0.00362555 0.00530501 0.00179482 0.00106237 0.        ], ([0.000000e+00 4.656613e-10 0.000000e+00 0.000000e+00 0.000000e+00]) 	 loss 6.590E-02 	 horizons 9.0
step 19980 	 return [0.         0.00326897 0.00733243 0.0034287  0.00489546], ([0.         0.00045467 0.0005598  0.0003659  0.00128314]) 	 loss 4.927E-02 	 horizons 9.0
step 20070 	 return [0.00292461 0.00597638 0.00159567 0.00141182 0.        ], ([0.000586   0.00064482 0.00016421 0.00027682 0.        ]) 	 loss 6.786E-02 	 horizons 9.0
step 20160 	 return [0.         0.0030871  0.00755635 0.00357505 0.00438221], ([0.         0.00041671 0.00051306 0.00033535 0.00117602]) 	 loss 7.784E-02 	 horizons 9.0
step 20250 	 return [0.00292499 0.00525202 0.00239356 0.00137329 0.        ], ([4.3059417e-04 1.9184019e-07 3.9805355e-04 1.5439268e-04 0.0000000e+00]) 	 loss 4.581E-02 	 horizons 9.0
step 20340 	 return [0.         0.         0.00614923 0.00532742 0.00716591], ([0.0000000e+00 0.0000000e+00 8.4719992e-05 4.7564364e-04 1.1628905e-03]) 	 loss 4.884E-02 	 horizons 9.0
step 20430 	 return [0.000963   0.00823387 0.00351308 0.0013912  0.        ], ([0.00032102 0.00063091 0.00064599 0.00028582 0.        ]) 	 loss 6.428E-02 	 horizons 9.0
step 20520 	 return [0.         0.         0.00585491 0.00220713 0.01136359], ([0.         0.         0.00046262 0.00061491 0.00059063]) 	 loss 7.261E-02 	 horizons 9.0
step 20610 	 return [0.         0.01058305 0.00449639 0.00134946 0.        ], ([0.0000000e+00 5.2661824e-05 1.7500297e-05 3.0227100e-05 0.0000000e+00]) 	 loss 7.972E-02 	 horizons 9.0
step 20700 	 return [0.00107208 0.00865691 0.00312508 0.00132776 0.        ], ([2.4140061e-07 5.8778620e-05 1.8451012e-05 3.4629495e-05 0.0000000e+00]) 	 loss 4.287E-02 	 horizons 9.0
step 20790 	 return [0.         0.00910828 0.00538416 0.00220204 0.        ], ([0.0000000e+00 6.7349890e-04 3.9614461e-04 8.6104505e-05 0.0000000e+00]) 	 loss 4.489E-02 	 horizons 9.0
step 20880 	 return [0.         0.00281129 0.00789034 0.00380188 0.00361208], ([0.0000000e+00 9.0143176e-06 5.6449312e-06 2.1870339e-05 7.4096027e-07]) 	 loss 4.329E-02 	 horizons 9.0
step 20970 	 return [0.         0.00345083 0.00710851 0.00328234 0.00540872], ([0.         0.00041671 0.00051306 0.00033535 0.00117602]) 	 loss 4.902E-02 	 horizons 9.0
step 21060 	 return [0.00358007 0.00506909 0.00152347 0.00147916 0.        ], ([2.6524001e-06 1.2006622e-04 1.7866644e-04 2.2512682e-04 0.0000000e+00]) 	 loss 4.332E-02 	 horizons 9.0
step 21150 	 return [0.         0.         0.00610687 0.00508959 0.00774736], ([0.000000e+00 0.000000e+00 4.656613e-10 4.656613e-10 4.656613e-10]) 	 loss 4.901E-02 	 horizons 9.0
step 21240 	 return [0.         0.00056286 0.0065006  0.00469184 0.00669078], ([0.         0.00112572 0.00070421 0.00060804 0.00168237]) 	 loss 4.131E-02 	 horizons 9.0
step 21330 	 return [0.         0.00912789 0.00493441 0.00181795 0.        ], ([0.         0.00094244 0.00031664 0.00040561 0.        ]) 	 loss 4.628E-02 	 horizons 9.0
step 21420 	 return [0.         0.         0.00611281 0.00502133 0.00783585], ([0.0000000e+00 0.0000000e+00 1.7831660e-05 2.0479252e-04 2.6547149e-04]) 	 loss 6.399E-02 	 horizons 9.0
step 21510 	 return [0.         0.         0.0061747  0.004797   0.00717764], ([0.         0.         0.00013571 0.00058541 0.00113944]) 	 loss 6.241E-02 	 horizons 9.0
step 21600 	 return [0.         0.0033599  0.00722047 0.00335552 0.00515209], ([0.         0.00044548 0.00054849 0.00035851 0.00125722]) 	 loss 6.780E-02 	 horizons 9.0
step 21690 	 return [0.         0.00421665 0.00487243 0.0017043  0.00247144], ([0.         0.0020887  0.00201155 0.00116155 0.00302688]) 	 loss 5.546E-02 	 horizons 9.0
step 21780 	 return [0.         0.01014525 0.00464566 0.00134221 0.        ], ([0.0000000e+00 8.9619239e-04 2.9226753e-04 2.2577609e-05 0.0000000e+00]) 	 loss 1.877E-01 	 horizons 9.0
step 21870 	 return [0.00362459 0.00529532 0.00179309 0.00107748 0.        ], ([1.9256026e-06 1.9391999e-05 3.4689440e-06 3.0227147e-05 0.0000000e+00]) 	 loss 6.015E-02 	 horizons 9.0
step 21960 	 return [0.00107218 0.00868257 0.00313313 0.00131265 0.        ], ([1.5803379e-07 3.8479644e-05 1.2079022e-05 2.2670325e-05 0.0000000e+00]) 	 loss 4.988E-02 	 horizons 9.0
step 22050 	 return [0.00010722 0.00989448 0.00320493 0.00134824 0.        ], ([3.2167046e-04 5.7615404e-04 3.3099746e-05 3.6250669e-05 0.0000000e+00]) 	 loss 4.535E-02 	 horizons 9.0
step 22140 	 return [0.         0.00290223 0.00777838 0.0037287  0.00386871], ([0.         0.00027395 0.0003353  0.00022303 0.00076997]) 	 loss 5.787E-02 	 horizons 9.0
step 22230 	 return [0.         0.00326897 0.00733243 0.0034287  0.00489546], ([0.         0.00045467 0.0005598  0.0003659  0.00128314]) 	 loss 5.926E-02 	 horizons 9.0
step 22320 	 return [0.         0.00947013 0.0054545  0.00206578 0.        ], ([0.0000000e+00 5.0192324e-05 5.3682254e-04 3.5860942e-04 0.0000000e+00]) 	 loss 5.796E-02 	 horizons 9.0
step 22410 	 return [0.0000000e+00 5.4230921e-05 5.9003010e-03 2.9505575e-03 4.6871374e-03], ([0.         0.00016269 0.00105402 0.00074817 0.00158823]) 	 loss 4.035E-02 	 horizons 9.0
step 22500 	 return [0.         0.00932938 0.00538308 0.00224611 0.        ], ([0.0000000e+00 3.4695768e-04 5.9097406e-04 3.0505937e-06 0.0000000e+00]) 	 loss 1.398E-01 	 horizons 9.0
step 22590 	 return [0.00362813 0.00649439 0.00072784 0.00125566 0.        ], ([8.5872597e-07 3.9645788e-04 3.5565908e-04 6.4432774e-05 0.0000000e+00]) 	 loss 4.917E-02 	 horizons 9.0
step 22680 	 return [0.         0.00873713 0.00499486 0.0016172  0.        ], ([0.         0.00063429 0.00059203 0.00039804 0.        ]) 	 loss 3.799E-02 	 horizons 9.0
step 22770 	 return [0.         0.0028143  0.00789223 0.00379459 0.00361232], ([0.0000000e+00 2.3283064e-10 9.3132257e-10 0.0000000e+00 0.0000000e+00]) 	 loss 7.414E-02 	 horizons 9.0
step 22860 	 return [0.         0.         0.00610687 0.00508959 0.00774736], ([0.000000e+00 0.000000e+00 4.656613e-10 4.656613e-10 4.656613e-10]) 	 loss 3.832E-02 	 horizons 9.0
step 22950 	 return [0.00326814 0.00554147 0.00146955 0.00161559 0.        ], ([4.0679329e-04 7.3483709e-04 5.3490821e-05 1.6434047e-04 0.0000000e+00]) 	 loss 2.908E-02 	 horizons 9.0
step 23040 	 return [0.00075056 0.00918055 0.00316151 0.00131971 0.        ], ([4.9135974e-04 7.4187655e-04 3.8833627e-05 2.9657764e-05 0.0000000e+00]) 	 loss 3.603E-02 	 horizons 9.0
step 23130 	 return [0.00511026 0.00465772 0.00033182 0.00016488 0.        ], ([0.0000000e+00 4.6566129e-10 2.9103830e-11 1.4551915e-11 0.0000000e+00]) 	 loss 4.166E-02 	 horizons 9.0
step 23220 	 return [0.00085742 0.00853358 0.0033017  0.00145857 0.        ], ([0.00042871 0.00037208 0.00058087 0.00025452 0.        ]) 	 loss 3.297E-02 	 horizons 9.0
step 23310 	 return [0.         0.01018823 0.00378688 0.00144252 0.        ], ([0.         0.00063383 0.00070783 0.00026271 0.        ]) 	 loss 4.761E-02 	 horizons 9.0
step 23400 	 return [0.         0.00954553 0.00651899 0.00136368 0.        ], ([0.0000000e+00 4.9952421e-05 1.8319115e-05 3.0227147e-05 0.0000000e+00]) 	 loss 3.366E-02 	 horizons 9.0
step 23490 	 return [0.         0.         0.00607997 0.00489592 0.00662721], ([0.0000000e+00 0.0000000e+00 3.7783662e-05 1.8789107e-04 1.1217144e-03]) 	 loss 3.282E-02 	 horizons 9.0
step 23580 	 return [0.         0.00372364 0.00677263 0.0030628  0.0061786 ], ([0.0000000e+00 0.0000000e+00 9.3132257e-10 2.3283064e-10 4.6566129e-10]) 	 loss 5.519E-02 	 horizons 9.0
step 23670 	 return [0.         0.01021885 0.00465113 0.00134242 0.        ], ([0.0000000e+00 7.6702720e-04 3.0344908e-04 2.2526719e-05 0.0000000e+00]) 	 loss 4.344E-02 	 horizons 9.0
step 23760 	 return [0.         0.0067495  0.00614558 0.00120937 0.        ], ([0.0000000e+00 4.1206546e-05 3.0025520e-05 2.6631108e-04 0.0000000e+00]) 	 loss 2.896E-02 	 horizons 9.0
step 23850 	 return [0.00323306 0.0077755  0.00060975 0.00127806 0.        ], ([4.6566129e-10 9.3132257e-10 0.0000000e+00 1.1641532e-10 0.0000000e+00]) 	 loss 4.880E-02 	 horizons 9.0
step 23940 	 return [0.         0.0087626  0.00464082 0.00124614 0.        ], ([0.         0.0005851  0.0006562  0.00010842 0.        ]) 	 loss 4.126E-02 	 horizons 9.0
step 24030 	 return [0.00431834 0.00513682 0.00071762 0.00123245 0.        ], ([3.3647026e-04 5.1062508e-04 3.5908961e-04 5.7375742e-05 0.0000000e+00]) 	 loss 6.829E-02 	 horizons 9.0
step 24120 	 return [0.00377978 0.00588352 0.00119965 0.00116426 0.        ], ([0.00027831 0.0005968  0.00059519 0.00010237 0.        ]) 	 loss 3.793E-02 	 horizons 9.0
step 24210 	 return [0.         0.00372364 0.00677263 0.0030628  0.0061786 ], ([0.0000000e+00 0.0000000e+00 9.3132257e-10 2.3283064e-10 4.6566129e-10]) 	 loss 2.849E-02 	 horizons 9.0
step 24300 	 return [0.         0.00427135 0.00594974 0.00258412 0.00494288], ([0.         0.0011251  0.00194784 0.00098345 0.00247144]) 	 loss 4.124E-02 	 horizons 9.0
step 24390 	 return [0.00407492 0.00646033 0.00057552 0.00114977 0.        ], ([3.1947237e-04 3.8343197e-04 7.7003941e-05 3.2642888e-04 0.0000000e+00]) 	 loss 8.436E-02 	 horizons 9.0
step 24480 	 return [0.         0.         0.0061014  0.00506869 0.00754592], ([0.0000000e+00 0.0000000e+00 1.6422382e-05 6.2704748e-05 6.0431671e-04]) 	 loss 4.444E-02 	 horizons 9.0
step 24570 	 return [0.         0.00918061 0.00540226 0.00122265 0.        ], ([0.         0.00043545 0.00053154 0.00030715 0.        ]) 	 loss 3.912E-02 	 horizons 9.0
step 24660 	 return [0.         0.00252986 0.00771181 0.00393138 0.00402558], ([0.         0.00084334 0.00053501 0.00038668 0.00124059]) 	 loss 7.601E-02 	 horizons 9.0
step 24750 	 return [0.         0.         0.00611281 0.00502133 0.00783585], ([0.0000000e+00 0.0000000e+00 1.7831659e-05 2.0479252e-04 2.6547146e-04]) 	 loss 4.577E-02 	 horizons 9.0
step 24840 	 return [0.00379264 0.00654572 0.00060696 0.00127179 0.        ], ([2.7171976e-04 1.6881354e-04 5.0292469e-06 1.1434347e-05 0.0000000e+00]) 	 loss 4.961E-02 	 horizons 9.0
step 24930 	 return [0.00200896 0.00610853 0.00397857 0.00198397 0.        ], ([6.6965312e-04 1.7245040e-04 6.9231214e-04 8.1078842e-06 0.0000000e+00]) 	 loss 4.971E-02 	 horizons 9.0
step 25020 	 return [0.         0.01039407 0.00348283 0.00133734 0.        ], ([0.0000000e+00 8.0330807e-05 5.0031382e-04 2.4251693e-05 0.0000000e+00]) 	 loss 3.832E-02 	 horizons 9.0
step 25110 	 return [0.00132082 0.00668164 0.00479429 0.0012484  0.        ], ([0.00084415 0.00048806 0.00140126 0.0005154  0.        ]) 	 loss 3.467E-02 	 horizons 9.0
step 25200 	 return [0.         0.00931015 0.00524317 0.00188319 0.        ], ([0.0000000e+00 1.6805001e-04 9.7768454e-05 4.4526390e-04 0.0000000e+00]) 	 loss 5.416E-02 	 horizons 9.0
step 25290 	 return [0.00107197 0.00863126 0.00311702 0.00134287 0.        ], ([2.6338967e-07 6.4132735e-05 2.0131702e-05 3.7783873e-05 0.0000000e+00]) 	 loss 5.748E-02 	 horizons 9.0
step 25380 	 return [0.         0.00927285 0.00490384 0.00163144 0.        ], ([0.         0.00132955 0.00101129 0.00052114 0.        ]) 	 loss 5.008E-02 	 horizons 9.0
step 25470 	 return [0.         0.         0.0061014  0.00506869 0.00754592], ([0.0000000e+00 0.0000000e+00 1.6422382e-05 6.2704741e-05 6.0431671e-04]) 	 loss 4.055E-02 	 horizons 9.0
step 25560 	 return [0.00385425 0.00713668 0.00034501 0.00017117 0.        ], ([2.3596224e-04 4.4992813e-04 2.4180406e-07 1.4734061e-07 0.0000000e+00]) 	 loss 3.714E-02 	 horizons 9.0
step 25650 	 return [0.00348582 0.00541915 0.00151098 0.00160864 0.        ], ([9.6088952e-05 3.7725546e-04 9.1516646e-05 1.5706451e-04 0.0000000e+00]) 	 loss 3.979E-02 	 horizons 9.0
step 25740 	 return [0.00451213 0.00493072 0.00059664 0.00124839 0.        ], ([1.5234388e-05 1.0302291e-06 9.7486193e-08 1.9422734e-07 0.0000000e+00]) 	 loss 3.715E-02 	 horizons 9.0
step 25830 	 return [0.         0.00955802 0.00652357 0.00135612 0.        ], ([0.0000000e+00 3.7464310e-05 1.3739335e-05 2.2670360e-05 0.0000000e+00]) 	 loss 3.996E-02 	 horizons 9.0
step 25920 	 return [0.         0.00084025 0.00570389 0.00317796 0.00469774], ([0.         0.00123725 0.00066049 0.00070522 0.00235969]) 	 loss 3.753E-02 	 horizons 9.0
step 26010 	 return [0.         0.00138952 0.00516502 0.00248636 0.00319271], ([0.         0.0012205  0.00119763 0.00152989 0.00323009]) 	 loss 1.065E-01 	 horizons 9.0
step 26100 	 return [0.         0.         0.00611281 0.00502133 0.00783585], ([0.0000000e+00 0.0000000e+00 1.7831660e-05 2.0479254e-04 2.6547149e-04]) 	 loss 1.363E-01 	 horizons 9.0
step 26190 	 return [0.00239757 0.00799701 0.00061035 0.00127926 0.        ], ([2.3283064e-10 0.0000000e+00 0.0000000e+00 1.1641532e-10 0.0000000e+00]) 	 loss 6.032E-02 	 horizons 9.0
step 26280 	 return [0.00335456 0.00596339 0.00178802 0.00112289 0.        ], ([1.8631162e-04 5.8087398e-04 3.7825698e-06 3.0045483e-05 0.0000000e+00]) 	 loss 4.835E-02 	 horizons 9.0
step 26370 	 return [0.00451451 0.00501578 0.00057151 0.00114072 0.        ], ([1.17467835e-05 2.54507671e-04 7.54445937e-05 3.23140936e-04
 0.00000000e+00]) 	 loss 5.113E-02 	 horizons 9.0
step 26460 	 return [0.         0.         0.00611281 0.00502133 0.00783585], ([0.0000000e+00 0.0000000e+00 1.7831660e-05 2.0479254e-04 2.6547149e-04]) 	 loss 4.525E-02 	 horizons 9.0
step 26550 	 return [0.         0.010317   0.00321977 0.00135131 0.        ], ([0.0000000e+00 6.0648366e-05 1.9773724e-05 3.4629549e-05 0.0000000e+00]) 	 loss 3.001E-02 	 horizons 9.0
step 26640 	 return [0.00190099 0.00670862 0.00479472 0.00082681 0.        ], ([0.00054648 0.00074947 0.00070026 0.00024066 0.        ]) 	 loss 3.178E-02 	 horizons 9.0
step 26730 	 return [0.00357383 0.00526818 0.00153853 0.00122059 0.        ], ([9.6547883e-05 3.1507370e-04 2.3295342e-04 4.2570668e-04 0.0000000e+00]) 	 loss 4.622E-02 	 horizons 9.0
step 26820 	 return [0.00354992 0.00545238 0.00241493 0.00196085 0.        ], ([0.00017431 0.00048425 0.00031408 0.00041124 0.        ]) 	 loss 7.064E-02 	 horizons 9.0
step 26910 	 return [0.00351975 0.00519531 0.00257047 0.00216472 0.        ], ([1.4369097e-04 1.8304643e-05 1.8332245e-06 2.1422220e-06 0.0000000e+00]) 	 loss 6.595E-02 	 horizons 9.0
step 27000 	 return [0.00010722 0.01019057 0.00322316 0.00132629 0.        ], ([3.2167049e-04 4.9839128e-04 2.8668830e-05 7.0653505e-06 0.0000000e+00]) 	 loss 5.551E-02 	 horizons 9.0
step 27090 	 return [0.         0.00290523 0.00778027 0.00372141 0.00386895], ([0.         0.0002728  0.00033588 0.00021954 0.00076988]) 	 loss 4.517E-02 	 horizons 9.0
step 27180 	 return [0.         0.00944503 0.00518609 0.00224509 0.        ], ([0.0000000e+00 9.3132257e-10 4.6566129e-10 2.3283064e-10 0.0000000e+00]) 	 loss 3.310E-02 	 horizons 9.0
step 27270 	 return [0.         0.0033599  0.00722047 0.00335552 0.00515209], ([0.         0.00044548 0.00054849 0.00035851 0.00125722]) 	 loss 4.299E-02 	 horizons 9.0
step 27360 	 return [0.         0.         0.00602586 0.00309454 0.00938885], ([0.0000000e+00 0.0000000e+00 2.1451649e-05 1.4582906e-03 2.9850136e-03]) 	 loss 4.046E-02 	 horizons 9.0
step 27450 	 return [0.         0.         0.00609592 0.00504779 0.00734448], ([0.0000000e+00 0.0000000e+00 2.1896512e-05 8.3606319e-05 8.0575555e-04]) 	 loss 3.164E-02 	 horizons 9.0
step 27540 	 return [0.         0.         0.00610687 0.00508959 0.00774736], ([0.000000e+00 0.000000e+00 4.656613e-10 4.656613e-10 4.656613e-10]) 	 loss 2.917E-02 	 horizons 9.0
step 27630 	 return [0.00296693 0.00769156 0.00034596 0.00017179 0.        ], ([6.2960183e-04 1.8846513e-04 6.7702246e-07 4.5513380e-07 0.0000000e+00]) 	 loss 3.496E-02 	 horizons 9.0
step 27720 	 return [0.         0.00954554 0.00651899 0.00136368 0.        ], ([0.0000000e+00 4.9952421e-05 1.8319115e-05 3.0227147e-05 0.0000000e+00]) 	 loss 3.029E-02 	 horizons 9.0
step 27810 	 return [0.         0.00911407 0.00672276 0.00152633 0.        ], ([0.         0.00136933 0.00058384 0.00053329 0.        ]) 	 loss 2.908E-02 	 horizons 9.0
step 27900 	 return [0.00450549 0.0057793  0.00034518 0.0001713  0.        ], ([0.000000e+00 0.000000e+00 2.910383e-11 0.000000e+00 0.000000e+00]) 	 loss 5.017E-02 	 horizons 9.0
step 27990 	 return [0.         0.00952056 0.00650983 0.00137879 0.        ], ([0.0000000e+00 6.1178966e-05 2.2436241e-05 3.7020542e-05 0.0000000e+00]) 	 loss 3.485E-02 	 horizons 9.0
step 28080 	 return [0.00450691 0.0056945  0.00037033 0.00027902 0.        ], ([4.2778447e-06 2.5442062e-04 7.5452692e-05 3.2315697e-04 0.0000000e+00]) 	 loss 2.281E-02 	 horizons 9.0
step 28170 	 return [0.         0.00372364 0.00677263 0.0030628  0.0061786 ], ([0.0000000e+00 0.0000000e+00 9.3132257e-10 2.3283064e-10 4.6566129e-10]) 	 loss 3.906E-02 	 horizons 9.0
step 28260 	 return [0.00386713 0.00650435 0.00060575 0.00126902 0.        ], ([3.0647175e-04 1.9393544e-04 5.7886273e-06 1.3153533e-05 0.0000000e+00]) 	 loss 3.491E-02 	 horizons 9.0
step 28350 	 return [0.         0.00954554 0.00651899 0.00136368 0.        ], ([0.0000000e+00 4.9952414e-05 1.8319115e-05 3.0227147e-05 0.0000000e+00]) 	 loss 3.385E-02 	 horizons 9.0
step 28440 	 return [0.         0.01060938 0.00450514 0.00133435 0.        ], ([0.0000000e+00 0.0000000e+00 0.0000000e+00 1.1641532e-10 0.0000000e+00]) 	 loss 3.314E-02 	 horizons 9.0
step 28530 	 return [0.00450549 0.0057793  0.00034518 0.0001713  0.        ], ([0.000000e+00 0.000000e+00 2.910383e-11 0.000000e+00 0.000000e+00]) 	 loss 2.662E-02 	 horizons 9.0
step 28620 	 return [0.         0.00173358 0.00612808 0.00311845 0.00583817], ([0.         0.00155602 0.00071768 0.00034605 0.00038824]) 	 loss 2.976E-02 	 horizons 9.0
step 28710 	 return [0.00247479 0.00673014 0.00203155 0.00144127 0.        ], ([1.5108782e-04 9.5575517e-05 3.6770175e-04 4.9465941e-04 0.0000000e+00]) 	 loss 5.026E-02 	 horizons 9.0
step 28800 	 return [0.00267786 0.0053814  0.00389338 0.00184954 0.        ], ([1.3500731e-05 6.7342298e-05 4.4185945e-04 3.9242918e-04 0.0000000e+00]) 	 loss 4.389E-02 	 horizons 9.0
step 28890 	 return [0.         0.01060938 0.00450514 0.00133435 0.        ], ([0.0000000e+00 0.0000000e+00 0.0000000e+00 1.1641532e-10 0.0000000e+00]) 	 loss 3.384E-02 	 horizons 9.0
step 28980 	 return [0.         0.00994724 0.00570561 0.00136555 0.        ], ([0.000000e+00 4.899927e-04 9.982282e-04 3.279967e-05 0.000000e+00]) 	 loss 1.698E-02 	 horizons 9.0
step 29070 	 return [0.         0.00372364 0.00677263 0.0030628  0.0061786 ], ([0.0000000e+00 0.0000000e+00 9.3132257e-10 2.3283064e-10 4.6566129e-10]) 	 loss 2.968E-02 	 horizons 9.0
step 29160 	 return [0.         0.00290523 0.00778027 0.00372141 0.00386895], ([0.         0.0002728  0.00033588 0.00021954 0.00076988]) 	 loss 2.475E-02 	 horizons 9.0
step 29250 	 return [0.         0.         0.00477578 0.00364621 0.01100563], ([0.         0.         0.00061745 0.00071576 0.00024423]) 	 loss 3.068E-02 	 horizons 9.0
step 29340 	 return [0.         0.01060938 0.00450514 0.00133435 0.        ], ([0.0000000e+00 0.0000000e+00 0.0000000e+00 1.1641532e-10 0.0000000e+00]) 	 loss 2.447E-02 	 horizons 9.0
step 29430 	 return [0.00365508 0.00662988 0.00060946 0.00127748 0.        ], ([1.7453185e-05 2.1872763e-06 1.1165779e-07 2.2246203e-07 0.0000000e+00]) 	 loss 2.507E-02 	 horizons 9.0
step 29520 	 return [0.         0.00955802 0.00652357 0.00135612 0.        ], ([0.0000000e+00 3.7464310e-05 1.3739335e-05 2.2670360e-05 0.0000000e+00]) 	 loss 2.437E-02 	 horizons 9.0
step 29610 	 return [0.00362459 0.00529532 0.00179309 0.00107748 0.        ], ([1.9256026e-06 1.9391999e-05 3.4689438e-06 3.0227147e-05 0.0000000e+00]) 	 loss 2.962E-02 	 horizons 9.0
step 29700 	 return [0.         0.         0.00611876 0.00495307 0.00792434], ([0.0000000e+00 0.0000000e+00 2.3775550e-05 2.7305671e-04 3.5396195e-04]) 	 loss 2.677E-02 	 horizons 9.0
step 29790 	 return [0.00223218 0.00605104 0.0037478  0.00198127 0.        ], ([0.0000000e+00 4.6566129e-10 4.6566129e-10 2.3283064e-10 0.0000000e+00]) 	 loss 2.791E-02 	 horizons 9.0
step 29880 	 return [0.00362965 0.00543764 0.00167629 0.00108389 0.        ], ([1.2284518e-05 3.9788979e-04 3.5558600e-04 6.4578402e-05 0.0000000e+00]) 	 loss 2.575E-02 	 horizons 9.0
step 29970 	 return [0.0037223  0.00444255 0.00129286 0.00126152 0.        ], ([0.00043585 0.00051288 0.00014151 0.00037078 0.        ]) 	 loss 2.151E-02 	 horizons 9.0
step 30060 	 return [0.00328839 0.00496058 0.00147628 0.00165611 0.        ], ([4.656613e-10 0.000000e+00 0.000000e+00 0.000000e+00 0.000000e+00]) 	 loss 4.469E-02 	 horizons 9.0
[1;34mwandb[0m: 
[1;34mwandb[0m: 🚀 View run [33mmotndp_amsterdam-v0__GCN-amsterdam-g5-spatiotemporal__1024__1781505131[0m at: [34mhttps://wandb.ai/jingyuan-sun03-tu-delft/cl_ablation/runs/ojn78sf8[0m
[1;34mwandb[0m: Find logs at: [1;35mwandb/run-20260615_083211-ojn78sf8/logs[0m
