/home/SinJ/mo-transport-network-design/.venv/lib/python3.13/site-packages/pygame/pkgdata.py:25: UserWarning: pkg_resources is deprecated as an API. See https://setuptools.pypa.io/en/latest/pkg_resources.html. The pkg_resources package is slated for removal as early as 2025-11-30. Refrain from using this package or pin to Setuptools<81.
  from pkg_resources import resource_stream, resource_exists
wandb: [wandb.login()] Loaded credentials for https://api.wandb.ai from /home/SinJ/.netrc.
wandb: Currently logged in as: jingyuan-sun03 (jingyuan-sun03-tu-delft) to https://api.wandb.ai. Use `wandb login --relogin` to force relogin
wandb: setting up run xyybovdw
wandb: Tracking run with wandb version 0.27.2
wandb: Run data is saved locally in /home/SinJ/mo-transport-network-design/wandb/run-20260615_082955-xyybovdw
wandb: Run `wandb offline` to turn off syncing.
wandb: Syncing run motndp_amsterdam-v0__GCN-amsterdam-g5-spatial__42__1781504994
wandb: ⭐️ View project at https://wandb.ai/jingyuan-sun03-tu-delft/cl_ablation
wandb: 🚀 View run at https://wandb.ai/jingyuan-sun03-tu-delft/cl_ablation/runs/xyybovdw
/home/SinJ/mo-transport-network-design/morl-baselines/morl_baselines/multi_policy/gcn/gcn.py:151: UserWarning: Creating a tensor from a list of numpy.ndarrays is extremely slow. Please consider converting the list to a single numpy.ndarray with numpy.array() before converting to a tensor. (Triggered internally at /pytorch/torch/csrc/utils/tensor_new.cpp:253.)
  th.tensor(obs).to(self.device),
Namespace(env='amsterdam', nr_groups=5, starting_loc_x=9, starting_loc_y=19, nr_stations=10, lr=0.01, batch_size=256, num_er_episodes=100, num_step_episodes=10, num_model_updates=10, num_policies=10, max_buffer_size=200, nr_layers=1, hidden_dim=128, timesteps=30000, no_log=False, seed=42, cd_threshold=0.2, distance_ref='interpolate2', gcn_lambda=0.0, lambda_schedule='constant', lambda_start=1.0, lambda_end=None, lambda_warmup_fraction=0.0, lambda_freeze_fraction=0.1, spatial_alpha=0.5, include_demand_context=False, criterion='lorenz', nash_mode='pareto_sized', nash_top_k=None, nash_shift=0.0, project_name='cl_ablation', experiment_name='GCN-amsterdam-g5-spatial', wandb_entity=None)
step 990 	 return [0.00054492 0.00122016 0.00119692 0.00154956 0.00122161], ([0.00085687 0.00164271 0.00140267 0.00165437 0.00253473]) 	 loss 2.029E+00 	 horizons 9.0
step 1080 	 return [0.00016068 0.00207028 0.00096737 0.0014987  0.00066664], ([0.00048204 0.00232925 0.00084537 0.00126969 0.00199993]) 	 loss 1.868E+00 	 horizons 9.0
step 1170 	 return [0.00013246 0.00132709 0.00118615 0.00065046 0.00053153], ([0.00039737 0.00101519 0.00181557 0.00056232 0.0015946 ]) 	 loss 1.416E+00 	 horizons 9.0
step 1260 	 return [0.00112621 0.00114493 0.00045117 0.00094184 0.00016807], ([0.00082514 0.0018542  0.0002932  0.0007551  0.00050421]) 	 loss 1.199E+00 	 horizons 9.0
step 1350 	 return [0.         0.00148979 0.00194221 0.00190678 0.00142781], ([0.         0.00191264 0.00119532 0.00117671 0.00177341]) 	 loss 1.122E+00 	 horizons 9.0
step 1440 	 return [0.         0.00185119 0.00047248 0.00070772 0.        ], ([0.         0.00182551 0.00037634 0.0008207  0.        ]) 	 loss 1.081E+00 	 horizons 9.0
step 1530 	 return [0.         0.00012111 0.00354228 0.00332934 0.00445521], ([0.         0.00036333 0.0022294  0.0015979  0.0028198 ]) 	 loss 1.076E+00 	 horizons 9.0
step 1620 	 return [0.         0.         0.0033901  0.0033071  0.00697309], ([0.         0.         0.00134038 0.00096578 0.00238398]) 	 loss 1.032E+00 	 horizons 9.0
step 1710 	 return [0.00039186 0.00192288 0.00042016 0.0004814  0.        ], ([0.00083069 0.00187516 0.00039423 0.00035397 0.        ]) 	 loss 9.980E-01 	 horizons 9.0
step 1800 	 return [0.         0.         0.00491508 0.00452735 0.00553596], ([0.         0.         0.00105938 0.00181507 0.00128699]) 	 loss 9.803E-01 	 horizons 9.0
step 1890 	 return [0.00146692 0.00147818 0.00042746 0.00089674 0.00041008], ([0.00125275 0.0021261  0.00017499 0.00099444 0.00123024]) 	 loss 9.351E-01 	 horizons 9.0
step 1980 	 return [0.         0.00133055 0.00337139 0.00190303 0.00173827], ([0.         0.00108184 0.0017225  0.00165074 0.0027385 ]) 	 loss 9.357E-01 	 horizons 9.0
step 2070 	 return [0.0003301  0.00481275 0.00326427 0.00102213 0.        ], ([0.00071228 0.0020946  0.0013472  0.00059397 0.        ]) 	 loss 9.207E-01 	 horizons 9.0
step 2160 	 return [9.6105141e-05 2.6567273e-03 3.0695416e-03 1.2365005e-03 3.5178292e-04], ([0.00028832 0.00161    0.00118626 0.00122881 0.00105535]) 	 loss 9.131E-01 	 horizons 9.0
step 2250 	 return [0.00151726 0.00421452 0.00084442 0.00089416 0.        ], ([0.00128132 0.00194838 0.00060142 0.00038955 0.        ]) 	 loss 8.819E-01 	 horizons 9.0
step 2340 	 return [0.         0.00199851 0.00647378 0.00269616 0.00026632], ([0.         0.00151013 0.00232505 0.00221464 0.00079896]) 	 loss 8.869E-01 	 horizons 9.0
step 2430 	 return [0.         0.00048638 0.00277894 0.00297724 0.00199999], ([0.         0.00098065 0.00160064 0.00119447 0.00143283]) 	 loss 8.499E-01 	 horizons 9.0
step 2520 	 return [0.         0.000721   0.0083763  0.0055866  0.00075102], ([0.         0.00091086 0.00144046 0.00121472 0.00157942]) 	 loss 8.118E-01 	 horizons 9.0
step 2610 	 return [0.         0.         0.00621261 0.00676951 0.00552977], ([0.         0.         0.0011869  0.00107285 0.0022943 ]) 	 loss 7.859E-01 	 horizons 9.0
step 2700 	 return [0.00144988 0.00515383 0.00077657 0.00108178 0.        ], ([0.0010686  0.00197347 0.00053387 0.00027752 0.        ]) 	 loss 7.341E-01 	 horizons 9.0
step 2790 	 return [0.         0.00144776 0.00808998 0.00453867 0.        ], ([0.         0.00158114 0.00116285 0.00242612 0.        ]) 	 loss 6.728E-01 	 horizons 9.0
step 2880 	 return [0.         0.         0.00604311 0.00600444 0.00471054], ([0.         0.         0.00129474 0.0013064  0.00231038]) 	 loss 6.911E-01 	 horizons 9.0
step 2970 	 return [0.         0.00397746 0.00408373 0.00099894 0.        ], ([0.         0.00089208 0.00146863 0.00029154 0.        ]) 	 loss 6.563E-01 	 horizons 9.0
step 3060 	 return [0.         0.00058977 0.00827925 0.00612046 0.00162395], ([0.         0.00090089 0.00182243 0.00063789 0.00251909]) 	 loss 6.289E-01 	 horizons 9.0
step 3150 	 return [0.         0.00090189 0.00237959 0.00335141 0.0034004 ], ([0.         0.00184086 0.00264361 0.00123183 0.00251164]) 	 loss 5.931E-01 	 horizons 9.0
step 3240 	 return [0.0028744  0.00378377 0.00074235 0.0011149  0.        ], ([0.00089334 0.00155958 0.00029341 0.00021909 0.        ]) 	 loss 5.752E-01 	 horizons 9.0
step 3330 	 return [0.         0.         0.00266199 0.00353711 0.00859726], ([0.         0.         0.0012618  0.00051869 0.00202226]) 	 loss 5.657E-01 	 horizons 9.0
step 3420 	 return [0.         0.         0.00643516 0.00694649 0.00486901], ([0.         0.         0.0008901  0.00101151 0.0019888 ]) 	 loss 5.628E-01 	 horizons 9.0
step 3510 	 return [0.         0.         0.00609478 0.00725798 0.00597404], ([0.         0.         0.00025566 0.00091027 0.00050075]) 	 loss 5.082E-01 	 horizons 9.0
step 3600 	 return [0.00232829 0.00641225 0.00115813 0.00150348 0.        ], ([0.00051789 0.00122501 0.00061007 0.00026979 0.        ]) 	 loss 4.953E-01 	 horizons 9.0
step 3690 	 return [0.00258216 0.00643716 0.00161973 0.00156749 0.        ], ([0.00047843 0.00103841 0.00057099 0.00026558 0.        ]) 	 loss 4.699E-01 	 horizons 9.0
step 3780 	 return [0.         0.         0.00589026 0.00705289 0.00589413], ([0.         0.         0.00081681 0.00127366 0.00047872]) 	 loss 4.365E-01 	 horizons 9.0
step 3870 	 return [0.         0.         0.0052688  0.00382224 0.00679609], ([0.         0.         0.00101838 0.00096026 0.00206128]) 	 loss 3.936E-01 	 horizons 9.0
step 3960 	 return [0.         0.         0.00426323 0.00471466 0.00706778], ([0.         0.         0.00150095 0.00112659 0.00263741]) 	 loss 3.876E-01 	 horizons 9.0
step 4050 	 return [0.         0.         0.0046589  0.00464669 0.00770553], ([0.         0.         0.00137321 0.00116193 0.00171991]) 	 loss 4.056E-01 	 horizons 9.0
step 4140 	 return [0.         0.         0.0034987  0.00374625 0.00920853], ([0.         0.         0.00139766 0.0012977  0.00225841]) 	 loss 3.830E-01 	 horizons 9.0
step 4230 	 return [0.         0.         0.00480376 0.00366969 0.00807843], ([0.         0.         0.00110759 0.00102523 0.00254455]) 	 loss 4.199E-01 	 horizons 9.0
step 4320 	 return [0.         0.         0.00617724 0.0074221  0.00614111], ([0.0000000e+00 0.0000000e+00 2.3878925e-05 7.7827758e-04 5.1895954e-04]) 	 loss 3.717E-01 	 horizons 9.0
step 4410 	 return [0.         0.         0.00395983 0.00333831 0.00837395], ([0.         0.         0.00145519 0.00129524 0.00216483]) 	 loss 3.704E-01 	 horizons 9.0
step 4500 	 return [0.         0.         0.00610392 0.00752498 0.00585099], ([0.         0.         0.00024384 0.00046964 0.00035139]) 	 loss 3.600E-01 	 horizons 9.0
step 4590 	 return [0.00305873 0.00408342 0.00135196 0.00142356 0.        ], ([0.00022522 0.00093123 0.00043428 0.0001985  0.        ]) 	 loss 3.459E-01 	 horizons 9.0
step 4680 	 return [0.         0.         0.00606139 0.00661962 0.00585872], ([0.         0.         0.00025333 0.00139676 0.00066104]) 	 loss 3.373E-01 	 horizons 9.0
step 4770 	 return [0.         0.00374018 0.01040902 0.00341202 0.        ], ([0.         0.00060285 0.00028854 0.00045761 0.        ]) 	 loss 2.811E-01 	 horizons 9.0
step 4860 	 return [0.         0.00252615 0.00807298 0.00324509 0.        ], ([0.         0.00166033 0.00147875 0.00075993 0.        ]) 	 loss 2.891E-01 	 horizons 9.0
step 4950 	 return [0.00164612 0.0064146  0.00315953 0.00207662 0.        ], ([9.1657246e-04 5.8369414e-04 5.9059612e-04 9.5790252e-05 0.0000000e+00]) 	 loss 2.642E-01 	 horizons 9.0
step 5040 	 return [0.         0.         0.00280748 0.00356895 0.01070057], ([0.         0.         0.001045   0.00112318 0.0016516 ]) 	 loss 2.447E-01 	 horizons 9.0
step 5130 	 return [0.         0.00277522 0.01053778 0.00481408 0.        ], ([0.0000000e+00 9.9262292e-04 2.1326734e-05 1.0186918e-03 0.0000000e+00]) 	 loss 2.740E-01 	 horizons 9.0
step 5220 	 return [0.         0.00206056 0.00976495 0.00404398 0.        ], ([0.         0.00149995 0.00096716 0.00139385 0.        ]) 	 loss 2.402E-01 	 horizons 9.0
step 5310 	 return [0.         0.00275599 0.01053319 0.00481332 0.        ], ([0.0000000e+00 9.6766622e-04 2.2856451e-05 1.0196146e-03 0.0000000e+00]) 	 loss 2.267E-01 	 horizons 9.0
step 5400 	 return [0.         0.         0.0061852  0.00768153 0.00596812], ([0.000000e+00 0.000000e+00 4.656613e-10 0.000000e+00 0.000000e+00]) 	 loss 2.403E-01 	 horizons 9.0
step 5490 	 return [0.         0.         0.00609958 0.00739525 0.00608302], ([0.         0.         0.00025686 0.00085883 0.0003447 ]) 	 loss 1.707E-01 	 horizons 9.0
step 5580 	 return [0.         0.0026897  0.00909981 0.00329499 0.        ], ([0.         0.00045683 0.00040378 0.00026775 0.        ]) 	 loss 1.718E-01 	 horizons 9.0
step 5670 	 return [0.00264292 0.00600995 0.00304621 0.00209833 0.        ], ([4.0511839e-04 9.0384582e-04 5.7222735e-04 9.6734235e-05 0.0000000e+00]) 	 loss 1.540E-01 	 horizons 9.0
step 5760 	 return [0.0025686  0.00620131 0.00292551 0.00204164 0.        ], ([0.00050757 0.00090344 0.00053854 0.00022687 0.        ]) 	 loss 1.479E-01 	 horizons 9.0
step 5850 	 return [0.00314224 0.00530774 0.00134655 0.00150127 0.        ], ([0.00040266 0.00085038 0.00050706 0.00026124 0.        ]) 	 loss 1.232E-01 	 horizons 9.0
step 5940 	 return [0.         0.         0.00462493 0.00544376 0.00816188], ([0.         0.         0.00108213 0.00061177 0.00154129]) 	 loss 1.265E-01 	 horizons 9.0
step 6030 	 return [0.         0.         0.00610392 0.00752498 0.00585099], ([0.         0.         0.00024384 0.00046964 0.00035139]) 	 loss 1.254E-01 	 horizons 9.0
step 6120 	 return [0.00205504 0.00619207 0.00363434 0.00200374 0.        ], ([6.9741503e-04 5.3677830e-04 3.4683506e-04 6.4340311e-05 0.0000000e+00]) 	 loss 9.016E-02 	 horizons 9.0
step 6210 	 return [0.         0.         0.00409744 0.00324568 0.00974964], ([0.         0.         0.00109404 0.00142053 0.00228263]) 	 loss 8.425E-02 	 horizons 9.0
step 6300 	 return [0.         0.00196589 0.01055186 0.00564583 0.        ], ([0.0000000e+00 2.3283064e-10 0.0000000e+00 4.6566129e-10 0.0000000e+00]) 	 loss 8.732E-02 	 horizons 9.0
step 6390 	 return [0.00089553 0.00543016 0.00533644 0.00214457 0.        ], ([0.00109682 0.00146803 0.00230839 0.00075298 0.        ]) 	 loss 6.861E-02 	 horizons 9.0
step 6480 	 return [0.00298317 0.00555872 0.00261263 0.00203779 0.        ], ([0.00069399 0.00073318 0.0004403  0.00032635 0.        ]) 	 loss 5.324E-02 	 horizons 9.0
step 6570 	 return [0.         0.00196589 0.01055186 0.00564583 0.        ], ([0.0000000e+00 2.3283064e-10 0.0000000e+00 4.6566129e-10 0.0000000e+00]) 	 loss 4.907E-02 	 horizons 9.0
step 6660 	 return [0.00250672 0.00636289 0.00316894 0.00208659 0.        ], ([0.0002097  0.00102394 0.00057715 0.00010626 0.        ]) 	 loss 4.488E-02 	 horizons 9.0
step 6750 	 return [0.00330545 0.00482173 0.0012746  0.0014641  0.        ], ([0.00048008 0.0007389  0.00052082 0.00025107 0.        ]) 	 loss 5.002E-02 	 horizons 9.0
step 6840 	 return [0.         0.         0.00612948 0.00586555 0.00717902], ([0.0000000e+00 0.0000000e+00 3.6475660e-05 1.1888387e-03 7.9272379e-04]) 	 loss 7.988E-02 	 horizons 9.0
step 6930 	 return [0.         0.         0.00252564 0.00364725 0.01270746], ([0.         0.         0.00082192 0.0011895  0.00173584]) 	 loss 6.835E-02 	 horizons 9.0
step 7020 	 return [0.         0.00295488 0.00892156 0.00316331 0.        ], ([0.0000000e+00 9.4811810e-05 2.6794152e-05 3.1761517e-04 0.0000000e+00]) 	 loss 7.210E-02 	 horizons 9.0
step 7110 	 return [0.         0.         0.00617724 0.0074221  0.00614111], ([0.0000000e+00 0.0000000e+00 2.3878925e-05 7.7827764e-04 5.1895954e-04]) 	 loss 7.002E-02 	 horizons 9.0
step 7200 	 return [0.00022322 0.00559704 0.00502084 0.00199547 0.        ], ([6.6965312e-04 1.1957949e-03 1.6315437e-03 1.3287110e-05 0.0000000e+00]) 	 loss 6.051E-02 	 horizons 9.0
step 7290 	 return [0.         0.         0.00610687 0.00508959 0.00774736], ([0.000000e+00 0.000000e+00 4.656613e-10 4.656613e-10 4.656613e-10]) 	 loss 5.799E-02 	 horizons 9.0
step 7380 	 return [0.         0.         0.00325864 0.00421382 0.0116624 ], ([0.         0.         0.00077897 0.00162356 0.00227712]) 	 loss 8.968E-02 	 horizons 9.0
step 7470 	 return [0.00412753 0.00477866 0.0005664  0.00131187 0.        ], ([2.4592505e-06 3.7944315e-05 9.3380504e-06 2.2670325e-05 0.0000000e+00]) 	 loss 5.876E-02 	 horizons 9.0
step 7560 	 return [0.00249689 0.00563579 0.00374677 0.00198072 0.        ], ([2.1613525e-04 3.3905348e-04 8.3608364e-07 4.5180457e-07 0.0000000e+00]) 	 loss 5.071E-02 	 horizons 9.0
step 7650 	 return [0.00254262 0.00570869 0.00363088 0.00200157 0.        ], ([1.9975174e-04 6.4810208e-04 3.4676769e-04 6.3033855e-05 0.0000000e+00]) 	 loss 4.607E-02 	 horizons 9.0
step 7740 	 return [0.         0.00277522 0.01053778 0.00481408 0.        ], ([0.0000000e+00 9.9262281e-04 2.1326736e-05 1.0186918e-03 0.0000000e+00]) 	 loss 4.194E-02 	 horizons 9.0
step 7830 	 return [0.00327656 0.00544993 0.00229059 0.00197896 0.        ], ([0.00030533 0.00080363 0.00061788 0.00036948 0.        ]) 	 loss 3.823E-02 	 horizons 9.0
step 7920 	 return [0.         0.         0.00222861 0.00331218 0.0137066 ], ([0.         0.         0.00045643 0.00057826 0.00021885]) 	 loss 4.158E-02 	 horizons 9.0
step 8010 	 return [0.00257644 0.00648847 0.00293552 0.0021257  0.        ], ([3.2766376e-04 9.9593680e-04 5.3068734e-04 9.5594471e-05 0.0000000e+00]) 	 loss 3.885E-02 	 horizons 9.0
step 8100 	 return [0.00223218 0.00605104 0.0037478  0.00198127 0.        ], ([0.0000000e+00 4.6566129e-10 4.6566129e-10 2.3283064e-10 0.0000000e+00]) 	 loss 3.740E-02 	 horizons 9.0
step 8190 	 return [0.         0.         0.00420336 0.00571618 0.00870301], ([0.0000000e+00 0.0000000e+00 7.5999426e-04 4.5272667e-05 1.3926896e-03]) 	 loss 3.741E-02 	 horizons 9.0
step 8280 	 return [0.         0.         0.00610452 0.0052819  0.00727757], ([0.0000000e+00 0.0000000e+00 1.9384413e-05 4.0150309e-04 9.6794026e-04]) 	 loss 4.043E-02 	 horizons 9.0
step 8370 	 return [0.00360992 0.00635779 0.00081744 0.0012939  0.        ], ([0.00012749 0.00062942 0.00048869 0.00011579 0.        ]) 	 loss 4.627E-02 	 horizons 9.0
step 8460 	 return [0.00364289 0.00605709 0.00097808 0.00149414 0.        ], ([0.00020374 0.00068003 0.00079522 0.00033507 0.        ]) 	 loss 5.245E-02 	 horizons 9.0
step 8550 	 return [0.00282672 0.00633831 0.00270144 0.00216386 0.        ], ([2.5865596e-04 7.2425167e-04 3.4832806e-04 6.2217012e-05 0.0000000e+00]) 	 loss 5.840E-02 	 horizons 9.0
step 8640 	 return [0.00388767 0.00514251 0.00062768 0.00132001 0.        ], ([3.2935504e-04 9.9480036e-04 1.5261125e-04 6.1165687e-05 0.0000000e+00]) 	 loss 4.378E-02 	 horizons 9.0
step 8730 	 return [0.         0.00236094 0.01054252 0.00522958 0.        ], ([0.0000000e+00 7.9009618e-04 1.8662215e-05 8.3251193e-04 0.0000000e+00]) 	 loss 4.517E-02 	 horizons 9.0
step 8820 	 return [0.00044644 0.00651752 0.0037635  0.00198906 0.        ], ([8.9287088e-04 2.4113923e-04 8.4528119e-06 4.1655599e-06 0.0000000e+00]) 	 loss 4.796E-02 	 horizons 9.0
step 8910 	 return [0.00268942 0.0062241  0.0030523  0.00210599 0.        ], ([1.31124843e-05 7.06389255e-04 5.66478760e-04 1.02580736e-04
 0.00000000e+00]) 	 loss 7.212E-02 	 horizons 9.0
step 9000 	 return [0.00334784 0.00576879 0.00162193 0.00128373 0.        ], ([0.00048355 0.00104573 0.00057276 0.00030503 0.        ]) 	 loss 8.571E-02 	 horizons 9.0
step 9090 	 return [0.00335965 0.00547502 0.00205597 0.00167171 0.        ], ([0.00034714 0.00079586 0.00061639 0.00049421 0.        ]) 	 loss 5.297E-02 	 horizons 9.0
step 9180 	 return [0.         0.00449332 0.00637147 0.00199521 0.        ], ([0.0000000e+00 7.1085244e-04 1.0532210e-04 4.3622917e-06 0.0000000e+00]) 	 loss 4.488E-02 	 horizons 9.0
step 9270 	 return [0.00285942 0.00591367 0.00217827 0.00165083 0.        ], ([0.00048435 0.00074078 0.00038995 0.00051127 0.        ]) 	 loss 5.477E-02 	 horizons 9.0
step 9360 	 return [0.         0.         0.0061463  0.00649615 0.00661265], ([0.0000000e+00 0.0000000e+00 2.8169034e-05 9.1008528e-04 6.1999395e-04]) 	 loss 5.162E-02 	 horizons 9.0
step 9450 	 return [0.00350752 0.00609511 0.00130109 0.00122417 0.        ], ([0.00018228 0.00107369 0.00059408 0.00010562 0.        ]) 	 loss 4.640E-02 	 horizons 9.0
step 9540 	 return [0.00223218 0.00605104 0.0037478  0.00198127 0.        ], ([0.0000000e+00 4.6566129e-10 4.6566129e-10 2.3283064e-10 0.0000000e+00]) 	 loss 6.537E-02 	 horizons 9.0
step 9630 	 return [0.         0.00403731 0.01052811 0.00356833 0.        ], ([0.0000000e+00 9.6174655e-05 2.2908209e-05 3.7758143e-06 0.0000000e+00]) 	 loss 5.066E-02 	 horizons 9.0
step 9720 	 return [0.         0.         0.00359059 0.00168571 0.01406711], ([0.0000000e+00 0.0000000e+00 2.1935792e-05 3.2496368e-04 8.8814483e-04]) 	 loss 5.651E-02 	 horizons 9.0
step 9810 	 return [0.00201092 0.00640706 0.00351789 0.00202536 0.        ], ([6.7033363e-04 7.2349177e-04 4.5981316e-04 8.8206543e-05 0.0000000e+00]) 	 loss 5.652E-02 	 horizons 9.0
step 9900 	 return [0.         0.         0.00371507 0.00363556 0.01188126], ([0.         0.         0.00011717 0.00205816 0.0024819 ]) 	 loss 5.355E-02 	 horizons 9.0
step 9990 	 return [0.         0.         0.00378537 0.00487046 0.01039212], ([0.0000000e+00 0.0000000e+00 9.3734830e-05 1.6465317e-03 1.9855227e-03]) 	 loss 4.856E-02 	 horizons 9.0
step 10080 	 return [0.00362074 0.00525653 0.00178615 0.00113793 0.        ], ([4.6566129e-10 0.0000000e+00 2.3283064e-10 1.1641532e-10 0.0000000e+00]) 	 loss 4.239E-02 	 horizons 9.0
step 10170 	 return [0.00349814 0.00551685 0.00166494 0.00115962 0.        ], ([3.6780667e-04 7.8093779e-04 3.6364124e-04 6.5068503e-05 0.0000000e+00]) 	 loss 4.622E-02 	 horizons 9.0
step 10260 	 return [0.00339887 0.00706246 0.00069562 0.00132437 0.        ], ([2.0744737e-04 7.7746832e-04 3.6640116e-04 8.7336302e-05 0.0000000e+00]) 	 loss 4.567E-02 	 horizons 9.0
step 10350 	 return [0.         0.         0.00383224 0.00569372 0.00939936], ([0.000000e+00 0.000000e+00 4.656613e-10 4.656613e-10 0.000000e+00]) 	 loss 4.359E-02 	 horizons 9.0
step 10440 	 return [0.00258905 0.00579606 0.00351568 0.00202359 0.        ], ([1.6861585e-04 8.7421422e-04 4.6083154e-04 8.6473490e-05 0.0000000e+00]) 	 loss 4.582E-02 	 horizons 9.0
step 10530 	 return [0.00342686 0.00519798 0.0023336  0.00185485 0.        ], ([1.2692338e-04 3.8330258e-05 3.5839068e-04 4.6933099e-04 0.0000000e+00]) 	 loss 3.414E-02 	 horizons 9.0
step 10620 	 return [0.         0.         0.00383224 0.00569372 0.00939936], ([0.000000e+00 0.000000e+00 4.656613e-10 4.656613e-10 0.000000e+00]) 	 loss 3.365E-02 	 horizons 9.0
step 10710 	 return [0.00346841 0.00633333 0.00117983 0.00124574 0.        ], ([0.00019528 0.00112428 0.00060632 0.00010781 0.        ]) 	 loss 3.607E-02 	 horizons 9.0
step 10800 	 return [0.00334138 0.00594677 0.00186473 0.00124061 0.        ], ([0.00018758 0.0005811  0.0002345  0.00030716 0.        ]) 	 loss 3.183E-02 	 horizons 9.0
step 10890 	 return [0.00223218 0.00605104 0.0037478  0.00198127 0.        ], ([0.0000000e+00 4.6566129e-10 4.6566129e-10 2.3283064e-10 0.0000000e+00]) 	 loss 2.814E-02 	 horizons 9.0
step 10980 	 return [0.         0.         0.00611643 0.00546698 0.0073868 ], ([0.0000000e+00 0.0000000e+00 1.4601189e-05 5.7647022e-04 5.5076339e-04]) 	 loss 2.236E-02 	 horizons 9.0
step 11070 	 return [0.00334573 0.00672528 0.00075779 0.00135009 0.        ], ([2.0011634e-04 1.4103863e-03 3.9090961e-04 8.8997200e-05 0.0000000e+00]) 	 loss 3.164E-02 	 horizons 9.0
step 11160 	 return [0.00362074 0.00525653 0.00178615 0.00113793 0.        ], ([4.6566129e-10 0.0000000e+00 2.3283064e-10 1.1641532e-10 0.0000000e+00]) 	 loss 2.886E-02 	 horizons 9.0
step 11250 	 return [0.         0.         0.00238075 0.00311943 0.01377955], ([0.         0.         0.00060858 0.00077102 0.00029181]) 	 loss 2.837E-02 	 horizons 9.0
step 11340 	 return [0.         0.         0.00383224 0.00569372 0.00939936], ([0.000000e+00 0.000000e+00 4.656613e-10 4.656613e-10 0.000000e+00]) 	 loss 2.546E-02 	 horizons 9.0
step 11430 	 return [0.         0.00666001 0.00376875 0.00199163 0.        ], ([0.000000e+00 0.000000e+00 4.656613e-10 0.000000e+00 0.000000e+00]) 	 loss 2.234E-02 	 horizons 9.0
step 11520 	 return [0.00362074 0.00525653 0.00178615 0.00113793 0.        ], ([4.6566129e-10 0.0000000e+00 2.3283064e-10 1.1641532e-10 0.0000000e+00]) 	 loss 2.784E-02 	 horizons 9.0
step 11610 	 return [0.00330261 0.00670794 0.00105863 0.00126747 0.        ], ([0.00035436 0.00118678 0.00059402 0.00010577 0.        ]) 	 loss 1.910E-02 	 horizons 9.0
step 11700 	 return [0.         0.00196589 0.01055186 0.00564583 0.        ], ([0.0000000e+00 2.3283064e-10 0.0000000e+00 4.6566129e-10 0.0000000e+00]) 	 loss 2.447E-02 	 horizons 9.0
step 11790 	 return [0.         0.         0.00610687 0.00508959 0.00774736], ([0.000000e+00 0.000000e+00 4.656613e-10 4.656613e-10 4.656613e-10]) 	 loss 2.970E-02 	 horizons 9.0
step 11880 	 return [0.         0.00196589 0.01055186 0.00564583 0.        ], ([0.0000000e+00 2.3283064e-10 0.0000000e+00 4.6566129e-10 0.0000000e+00]) 	 loss 2.685E-02 	 horizons 9.0
step 11970 	 return [0.         0.         0.00617736 0.00742233 0.00614604], ([0.0000000e+00 0.0000000e+00 2.3498387e-05 7.7757967e-04 5.3377089e-04]) 	 loss 4.065E-02 	 horizons 9.0
step 12060 	 return [0.         0.00326645 0.01055135 0.0044016  0.        ], ([0.0000000e+00 1.0618977e-03 4.1108433e-07 1.0159151e-03 0.0000000e+00]) 	 loss 3.006E-02 	 horizons 9.0
step 12150 	 return [0.         0.         0.00405456 0.00572538 0.00888871], ([0.0000000e+00 0.0000000e+00 6.6695001e-04 9.4969757e-05 1.5319492e-03]) 	 loss 1.752E-02 	 horizons 9.0
step 12240 	 return [0.         0.00196589 0.01055186 0.00564583 0.        ], ([0.0000000e+00 2.3283064e-10 0.0000000e+00 4.6566129e-10 0.0000000e+00]) 	 loss 4.300E-02 	 horizons 9.0
step 12330 	 return [0.00365833 0.00646047 0.00057276 0.00135026 0.        ], ([3.3538090e-06 3.5285484e-05 6.1775791e-07 2.9347138e-06 0.0000000e+00]) 	 loss 2.749E-02 	 horizons 9.0
step 12420 	 return [0.         0.00196589 0.01055186 0.00564583 0.        ], ([0.0000000e+00 2.3283064e-10 0.0000000e+00 4.6566129e-10 0.0000000e+00]) 	 loss 2.098E-02 	 horizons 9.0
step 12510 	 return [0.00223218 0.00605104 0.0037478  0.00198127 0.        ], ([0.0000000e+00 4.6566129e-10 4.6566129e-10 2.3283064e-10 0.0000000e+00]) 	 loss 2.551E-02 	 horizons 9.0
step 12600 	 return [0.         0.         0.0061852  0.00768153 0.00596812], ([0.000000e+00 0.000000e+00 4.656613e-10 0.000000e+00 0.000000e+00]) 	 loss 2.390E-02 	 horizons 9.0
step 12690 	 return [0.         0.         0.0035979  0.00157739 0.01436316], ([0.0000000e+00 0.0000000e+00 0.0000000e+00 0.0000000e+00 1.8626451e-09]) 	 loss 2.537E-02 	 horizons 9.0
step 12780 	 return [0.00223218 0.00605104 0.0037478  0.00198127 0.        ], ([0.0000000e+00 4.6566129e-10 4.6566129e-10 2.3283064e-10 0.0000000e+00]) 	 loss 3.374E-02 	 horizons 9.0
step 12870 	 return [0.00321504 0.00549848 0.00257253 0.00216763 0.        ], ([2.5745697e-04 6.5118913e-04 8.6195760e-06 1.1057407e-05 0.0000000e+00]) 	 loss 3.079E-02 	 horizons 9.0
step 12960 	 return [0.00267336 0.00535895 0.00374609 0.00198035 0.        ], ([0.0000000e+00 4.6566129e-10 0.0000000e+00 2.3283064e-10 0.0000000e+00]) 	 loss 1.692E-02 	 horizons 9.0
step 13050 	 return [0.         0.00196589 0.01055186 0.00564583 0.        ], ([0.0000000e+00 2.3283064e-10 0.0000000e+00 4.6566129e-10 0.0000000e+00]) 	 loss 2.424E-02 	 horizons 9.0
step 13140 	 return [0.         0.         0.0061852  0.00768153 0.00596812], ([0.000000e+00 0.000000e+00 4.656613e-10 0.000000e+00 0.000000e+00]) 	 loss 2.522E-02 	 horizons 9.0
step 13230 	 return [0.         0.         0.0061852  0.00768153 0.00596812], ([0.000000e+00 0.000000e+00 4.656613e-10 0.000000e+00 0.000000e+00]) 	 loss 2.811E-02 	 horizons 9.0
step 13320 	 return [0.00267336 0.00535895 0.00374609 0.00198035 0.        ], ([0.0000000e+00 4.6566129e-10 0.0000000e+00 2.3283064e-10 0.0000000e+00]) 	 loss 1.639E-02 	 horizons 9.0
step 13410 	 return [0.00223218 0.00605104 0.0037478  0.00198127 0.        ], ([0.0000000e+00 4.6566129e-10 4.6566129e-10 2.3283064e-10 0.0000000e+00]) 	 loss 2.805E-02 	 horizons 9.0
step 13500 	 return [0.         0.         0.00610687 0.00508959 0.00774736], ([0.000000e+00 0.000000e+00 4.656613e-10 4.656613e-10 4.656613e-10]) 	 loss 2.096E-02 	 horizons 9.0
step 13590 	 return [0.00355301 0.0057958  0.00069883 0.00138657 0.        ], ([2.0899216e-04 1.3120591e-03 2.5245367e-04 7.4133888e-05 0.0000000e+00]) 	 loss 1.983E-02 	 horizons 9.0
step 13680 	 return [0.0022763  0.00598183 0.00374763 0.00198118 0.        ], ([1.3235529e-04 2.0762699e-04 5.1199464e-07 2.7667275e-07 0.0000000e+00]) 	 loss 4.309E-02 	 horizons 9.0
step 13770 	 return [0.00286645 0.00622538 0.00143042 0.00133812 0.        ], ([0.00080089 0.00108507 0.00046321 0.00022609 0.        ]) 	 loss 2.722E-02 	 horizons 9.0
step 13860 	 return [0.         0.         0.00610687 0.00508959 0.00774736], ([0.000000e+00 0.000000e+00 4.656613e-10 4.656613e-10 4.656613e-10]) 	 loss 5.154E-02 	 horizons 9.0
step 13950 	 return [0.         0.00196589 0.01055186 0.00564583 0.        ], ([0.0000000e+00 2.3283064e-10 0.0000000e+00 4.6566129e-10 0.0000000e+00]) 	 loss 2.699E-02 	 horizons 9.0
step 14040 	 return [0.0035788  0.00537297 0.00178621 0.00113798 0.        ], ([1.2582877e-04 3.4930068e-04 1.8691654e-07 1.3096745e-07 0.0000000e+00]) 	 loss 2.706E-02 	 horizons 9.0
step 14130 	 return [0.         0.         0.00362284 0.00272562 0.01248226], ([0.         0.         0.00010939 0.00155641 0.00200485]) 	 loss 2.102E-02 	 horizons 9.0
step 14220 	 return [0.00359949 0.00590146 0.00087872 0.00132713 0.        ], ([0.00015559 0.00102928 0.00049057 0.00010905 0.        ]) 	 loss 3.309E-02 	 horizons 9.0
step 14310 	 return [0.0035671  0.00647651 0.00081596 0.00131023 0.        ], ([1.6944963e-04 7.5368403e-04 4.8509231e-04 8.6148335e-05 0.0000000e+00]) 	 loss 3.227E-02 	 horizons 9.0
step 14400 	 return [0.         0.00666001 0.00376875 0.00199163 0.        ], ([0.000000e+00 0.000000e+00 4.656613e-10 0.000000e+00 0.000000e+00]) 	 loss 4.367E-02 	 horizons 9.0
step 14490 	 return [0.         0.         0.00405433 0.0057037  0.00905127], ([0.0000000e+00 0.0000000e+00 6.6625053e-04 2.9923811e-05 1.0442587e-03]) 	 loss 3.749E-02 	 horizons 9.0
step 14580 	 return [0.         0.         0.00289402 0.00239524 0.01334998], ([0.         0.         0.00087797 0.00078071 0.00043561]) 	 loss 3.786E-02 	 horizons 9.0
step 14670 	 return [0.         0.00177596 0.00863273 0.00306706 0.        ], ([0.         0.00086479 0.00030948 0.00035708 0.        ]) 	 loss 4.027E-02 	 horizons 9.0
step 14760 	 return [0.00267336 0.00535895 0.00374609 0.00198035 0.        ], ([0.0000000e+00 4.6566129e-10 0.0000000e+00 2.3283064e-10 0.0000000e+00]) 	 loss 5.197E-02 	 horizons 9.0
step 14850 	 return [0.         0.         0.00359701 0.00147142 0.01431888], ([0.0000000e+00 0.0000000e+00 2.6806722e-06 3.1790149e-04 1.3283807e-04]) 	 loss 4.609E-02 	 horizons 9.0
step 14940 	 return [0.00229293 0.00730423 0.00270819 0.00217315 0.        ], ([1.2682038e-04 6.4923218e-04 3.4597024e-04 6.4321757e-05 0.0000000e+00]) 	 loss 4.048E-02 	 horizons 9.0
step 15030 	 return [0.00341425 0.00574971 0.00166506 0.00115971 0.        ], ([3.7796819e-04 8.3996181e-04 3.6368283e-04 6.5039632e-05 0.0000000e+00]) 	 loss 3.619E-02 	 horizons 9.0
step 15120 	 return [0.00233613 0.00710738 0.00282443 0.0021533  0.        ], ([1.6861585e-04 8.7421422e-04 4.6083156e-04 8.6473490e-05 0.0000000e+00]) 	 loss 3.279E-02 	 horizons 9.0
step 15210 	 return [0.00223218 0.00605104 0.0037478  0.00198127 0.        ], ([0.0000000e+00 4.6566129e-10 4.6566129e-10 2.3283064e-10 0.0000000e+00]) 	 loss 3.526E-02 	 horizons 9.0
step 15300 	 return [0.         0.         0.00359123 0.00167686 0.01385002], ([0.0000000e+00 0.0000000e+00 8.1783355e-06 1.2182058e-04 6.2847487e-04]) 	 loss 3.608E-02 	 horizons 9.0
step 15390 	 return [0.         0.         0.0035979  0.00157739 0.01436316], ([0.0000000e+00 0.0000000e+00 0.0000000e+00 0.0000000e+00 1.8626451e-09]) 	 loss 2.717E-02 	 horizons 9.0
step 15480 	 return [0.00360366 0.00610696 0.00063543 0.00136666 0.        ], ([1.5621074e-04 9.7841676e-04 1.8943800e-04 5.6059707e-05 0.0000000e+00]) 	 loss 2.609E-02 	 horizons 9.0
step 15570 	 return [0.         0.00196589 0.01055186 0.00564583 0.        ], ([0.0000000e+00 2.3283064e-10 0.0000000e+00 4.6566129e-10 0.0000000e+00]) 	 loss 4.615E-02 	 horizons 9.0
step 15660 	 return [0.         0.         0.00610687 0.00508959 0.00774736], ([0.000000e+00 0.000000e+00 4.656613e-10 4.656613e-10 4.656613e-10]) 	 loss 3.585E-02 	 horizons 9.0
step 15750 	 return [0.00223218 0.00605104 0.0037478  0.00198127 0.        ], ([0.0000000e+00 4.6566129e-10 4.6566129e-10 2.3283064e-10 0.0000000e+00]) 	 loss 4.160E-02 	 horizons 9.0
step 15840 	 return [0.         0.00196589 0.01055186 0.00564583 0.        ], ([0.0000000e+00 2.3283064e-10 0.0000000e+00 4.6566129e-10 0.0000000e+00]) 	 loss 2.945E-02 	 horizons 9.0
step 15930 	 return [0.         0.         0.00614338 0.00648095 0.00648775], ([0.0000000e+00 0.0000000e+00 1.3939664e-05 4.0019129e-04 1.7321161e-04]) 	 loss 3.193E-02 	 horizons 9.0
step 16020 	 return [0.00362074 0.00525653 0.00178615 0.00113793 0.        ], ([4.6566129e-10 0.0000000e+00 2.3283064e-10 1.1641532e-10 0.0000000e+00]) 	 loss 2.843E-02 	 horizons 9.0
step 16110 	 return [0.         0.00662588 0.0060555  0.0020083  0.        ], ([0. 0. 0. 0. 0.]) 	 loss 3.228E-02 	 horizons 9.0
step 16200 	 return [0.         0.         0.00610687 0.00508959 0.00774736], ([0.000000e+00 0.000000e+00 4.656613e-10 4.656613e-10 4.656613e-10]) 	 loss 2.488E-02 	 horizons 9.0
step 16290 	 return [0.00365613 0.00644568 0.00057579 0.00134036 0.        ], ([2.3429409e-06 4.3391512e-05 1.0523810e-05 2.2932834e-05 0.0000000e+00]) 	 loss 3.150E-02 	 horizons 9.0
step 16380 	 return [0.00223218 0.00605104 0.0037478  0.00198127 0.        ], ([0.0000000e+00 4.6566129e-10 4.6566129e-10 2.3283064e-10 0.0000000e+00]) 	 loss 2.522E-02 	 horizons 9.0
step 16470 	 return [0.         0.         0.00611006 0.00521539 0.00762717], ([0.0000000e+00 0.0000000e+00 9.5587229e-06 3.7738832e-04 3.6055926e-04]) 	 loss 2.333E-02 	 horizons 9.0
step 16560 	 return [0.00267336 0.00535895 0.00374609 0.00198035 0.        ], ([0.0000000e+00 4.6566129e-10 0.0000000e+00 2.3283064e-10 0.0000000e+00]) 	 loss 2.755E-02 	 horizons 9.0
step 16650 	 return [0.00229201 0.00717659 0.0028246  0.00215339 0.        ], ([1.2725158e-04 7.5189472e-04 4.6117304e-04 8.6289278e-05 0.0000000e+00]) 	 loss 1.950E-02 	 horizons 9.0
step 16740 	 return [0.00363645 0.00574517 0.00130092 0.00122345 0.        ], ([1.9326406e-05 5.9876143e-04 5.9428514e-04 1.0474952e-04 0.0000000e+00]) 	 loss 1.939E-02 	 horizons 9.0
step 16830 	 return [0.         0.         0.00364477 0.00240066 0.0133704 ], ([0.0000000e+00 0.0000000e+00 9.3734823e-05 1.6465316e-03 1.9855227e-03]) 	 loss 2.953E-02 	 horizons 9.0
step 16920 	 return [0.         0.00599692 0.00625397 0.00213569 0.        ], ([0.         0.00188686 0.0005954  0.00038218 0.        ]) 	 loss 3.861E-02 	 horizons 9.0
step 17010 	 return [0.         0.         0.00383224 0.00569372 0.00939936], ([0.000000e+00 0.000000e+00 4.656613e-10 4.656613e-10 0.000000e+00]) 	 loss 4.960E-02 	 horizons 9.0
step 17100 	 return [0.00365613 0.0064458  0.00057588 0.00134036 0.        ], ([3.4565574e-06 6.1838335e-05 1.1217500e-05 2.0909496e-05 0.0000000e+00]) 	 loss 3.058E-02 	 horizons 9.0
step 17190 	 return [0.         0.         0.00383224 0.00569372 0.00939936], ([0.000000e+00 0.000000e+00 4.656613e-10 4.656613e-10 0.000000e+00]) 	 loss 2.801E-02 	 horizons 9.0
step 17280 	 return [0.00271981 0.00643622 0.00186584 0.00124146 0.        ], ([0.00042402 0.00043387 0.00023413 0.00030688 0.        ]) 	 loss 1.658E-02 	 horizons 9.0
step 17370 	 return [0.0032852  0.006188   0.00178665 0.00113828 0.        ], ([1.6777171e-04 4.6573428e-04 2.4922193e-07 1.7462301e-07 0.0000000e+00]) 	 loss 2.338E-02 	 horizons 9.0
step 17460 	 return [0.00379216 0.00544967 0.00063528 0.00134735 0.        ], ([3.1181209e-04 1.0997202e-03 1.8989581e-04 6.6297529e-05 0.0000000e+00]) 	 loss 2.629E-02 	 horizons 9.0
step 17550 	 return [0.         0.         0.0061852  0.00768153 0.00596812], ([0.000000e+00 0.000000e+00 4.656613e-10 0.000000e+00 0.000000e+00]) 	 loss 2.720E-02 	 horizons 9.0
step 17640 	 return [0.00226378 0.0071391  0.00262925 0.00206878 0.        ], ([0.00044992 0.00065477 0.00044057 0.00031329 0.        ]) 	 loss 1.979E-02 	 horizons 9.0
step 17730 	 return [0.00022322 0.00659911 0.00376666 0.00199059 0.        ], ([6.6965312e-04 1.8269056e-04 6.2861482e-06 3.1073112e-06 0.0000000e+00]) 	 loss 4.470E-02 	 horizons 9.0
step 17820 	 return [0.0029843  0.00600111 0.00132631 0.00164513 0.00054904], ([0.00103942 0.00222739 0.00150229 0.00057621 0.00164711]) 	 loss 3.662E-02 	 horizons 9.0
step 17910 	 return [0.00334377 0.00517289 0.00256822 0.0021621  0.        ], ([2.3283064e-10 0.0000000e+00 2.3283064e-10 2.3283064e-10 0.0000000e+00]) 	 loss 4.389E-02 	 horizons 9.0
step 18000 	 return [0.00331528 0.00542249 0.00241193 0.00195735 0.        ], ([5.6983907e-05 4.9919169e-04 3.1257980e-04 4.0949107e-04 0.0000000e+00]) 	 loss 2.233E-02 	 horizons 9.0
step 18090 	 return [0.         0.00662588 0.0060555  0.0020083  0.        ], ([0. 0. 0. 0. 0.]) 	 loss 3.531E-02 	 horizons 9.0
step 18180 	 return [0.         0.         0.00451513 0.00551336 0.00892285], ([0.         0.         0.00104312 0.00027551 0.00072954]) 	 loss 3.323E-02 	 horizons 9.0
step 18270 	 return [0.         0.00662588 0.0060555  0.0020083  0.        ], ([0. 0. 0. 0. 0.]) 	 loss 4.343E-02 	 horizons 9.0
step 18360 	 return [0.00223218 0.00605104 0.0037478  0.00198127 0.        ], ([0.0000000e+00 4.6566129e-10 4.6566129e-10 2.3283064e-10 0.0000000e+00]) 	 loss 2.860E-02 	 horizons 9.0
step 18450 	 return [0.00316626 0.00735445 0.00063871 0.00137856 0.        ], ([1.9028359e-04 8.5282046e-04 1.9552538e-04 7.4783064e-05 0.0000000e+00]) 	 loss 2.522E-02 	 horizons 9.0
step 18540 	 return [0.         0.         0.00618055 0.00754813 0.00602586], ([0.0000000e+00 0.0000000e+00 1.3939664e-05 4.0019135e-04 1.7321164e-04]) 	 loss 2.863E-02 	 horizons 9.0
step 18630 	 return [0.00258905 0.00579606 0.00351568 0.00202359 0.        ], ([1.6861585e-04 8.7421422e-04 4.6083154e-04 8.6473490e-05 0.0000000e+00]) 	 loss 2.945E-02 	 horizons 9.0
step 18720 	 return [0.         0.00666001 0.00376875 0.00199163 0.        ], ([0.000000e+00 0.000000e+00 4.656613e-10 0.000000e+00 0.000000e+00]) 	 loss 2.749E-02 	 horizons 9.0
step 18810 	 return [0.         0.         0.00611006 0.00521539 0.00762717], ([0.0000000e+00 0.0000000e+00 9.5587229e-06 3.7738832e-04 3.6055926e-04]) 	 loss 3.295E-02 	 horizons 9.0
step 18900 	 return [0.00289322 0.00631247 0.00258331 0.00218145 0.        ], ([2.94953992e-04 7.46030826e-04 9.87496514e-06 1.26678515e-05
 0.00000000e+00]) 	 loss 2.975E-02 	 horizons 9.0
step 18990 	 return [0.         0.00422658 0.00779229 0.00214601 0.        ], ([0.         0.00074828 0.00139333 0.0003897  0.        ]) 	 loss 2.959E-02 	 horizons 9.0
step 19080 	 return [0.         0.         0.00610687 0.00508959 0.00774736], ([0.000000e+00 0.000000e+00 4.656613e-10 4.656613e-10 4.656613e-10]) 	 loss 6.421E-02 	 horizons 9.0
step 19170 	 return [0.         0.00307079 0.0103765  0.00417816 0.        ], ([0.         0.00166174 0.00033807 0.00092762 0.        ]) 	 loss 3.299E-02 	 horizons 9.0
step 19260 	 return [0.         0.         0.00610687 0.00508959 0.00774736], ([0.000000e+00 0.000000e+00 4.656613e-10 4.656613e-10 4.656613e-10]) 	 loss 2.775E-02 	 horizons 9.0
step 19350 	 return [0.         0.         0.00614949 0.00662195 0.00649247], ([0.0000000e+00 0.0000000e+00 2.5171397e-05 7.8536454e-04 4.9157266e-04]) 	 loss 2.601E-02 	 horizons 9.0
step 19440 	 return [0.         0.         0.00611055 0.00521627 0.00764626], ([0.0000000e+00 0.0000000e+00 9.5090563e-06 3.7710415e-04 3.7131357e-04]) 	 loss 2.359E-02 	 horizons 9.0
step 19530 	 return [0.00362989 0.00551407 0.00154533 0.00116587 0.        ], ([1.6006819e-05 4.9119996e-04 4.8598697e-04 9.8127523e-05 0.0000000e+00]) 	 loss 2.466E-02 	 horizons 9.0
step 19620 	 return [0.         0.         0.00613873 0.00634755 0.00654549], ([0.000000e+00 0.000000e+00 4.656613e-10 4.656613e-10 4.656613e-10]) 	 loss 2.556E-02 	 horizons 9.0
step 19710 	 return [0.00225182 0.00754449 0.00259401 0.00219653 0.        ], ([2.3283064e-10 0.0000000e+00 2.3283064e-10 0.0000000e+00 0.0000000e+00]) 	 loss 3.835E-02 	 horizons 9.0
step 19800 	 return [0.         0.         0.00618055 0.00754813 0.00602586], ([0.0000000e+00 0.0000000e+00 1.3939664e-05 4.0019132e-04 1.7321161e-04]) 	 loss 2.475E-02 	 horizons 9.0
step 19890 	 return [0.         0.00405654 0.01053269 0.00356909 0.        ], ([0.0000000e+00 9.4231531e-05 2.2445369e-05 3.6995277e-06 0.0000000e+00]) 	 loss 2.730E-02 	 horizons 9.0
step 19980 	 return [0.00256881 0.00635814 0.0019443  0.00134407 0.        ], ([0.00038748 0.00059262 0.00031196 0.00040901 0.        ]) 	 loss 1.715E-02 	 horizons 9.0
step 20070 	 return [0.         0.00662588 0.0060555  0.0020083  0.        ], ([0. 0. 0. 0. 0.]) 	 loss 2.832E-02 	 horizons 9.0
step 20160 	 return [0.00327941 0.00533569 0.00257038 0.00216486 0.        ], ([1.9309272e-04 4.8839184e-04 6.4646824e-06 8.2930546e-06 0.0000000e+00]) 	 loss 2.760E-02 	 horizons 9.0
step 20250 	 return [0.         0.         0.0035503  0.00239289 0.01228176], ([0.0000000e+00 0.0000000e+00 3.2509677e-05 6.6065771e-04 1.2516135e-03]) 	 loss 2.521E-02 	 horizons 9.0
step 20340 	 return [0.         0.         0.00611006 0.00521539 0.00762717], ([0.0000000e+00 0.0000000e+00 9.5587229e-06 3.7738832e-04 3.6055926e-04]) 	 loss 6.175E-02 	 horizons 9.0
step 20430 	 return [0.00331609 0.00741013 0.00057351 0.00135354 0.        ], ([1.7280066e-04 4.5718771e-04 6.3306693e-08 1.7471612e-07 0.0000000e+00]) 	 loss 3.771E-02 	 horizons 9.0
step 20520 	 return [0.         0.00196589 0.01055186 0.00564583 0.        ], ([0.0000000e+00 2.3283064e-10 0.0000000e+00 4.6566129e-10 0.0000000e+00]) 	 loss 2.352E-02 	 horizons 9.0
step 20610 	 return [0.         0.         0.00611006 0.00521539 0.00762717], ([0.0000000e+00 0.0000000e+00 9.5587229e-06 3.7738832e-04 3.6055926e-04]) 	 loss 2.825E-02 	 horizons 9.0
step 20700 	 return [0.00203642 0.0076415  0.00089594 0.00141757 0.        ], ([0.00085981 0.00098781 0.00066418 0.00025681 0.        ]) 	 loss 2.680E-02 	 horizons 9.0
step 20790 	 return [0.00270067 0.0068081  0.00259011 0.00219033 0.        ], ([1.6354493e-06 2.1706051e-05 1.0295773e-06 1.7608285e-06 0.0000000e+00]) 	 loss 3.227E-02 	 horizons 9.0
step 20880 	 return [0.00270067 0.0068081  0.00259011 0.00219033 0.        ], ([1.6354493e-06 2.1706053e-05 1.0295772e-06 1.7608285e-06 0.0000000e+00]) 	 loss 3.284E-02 	 horizons 9.0
step 20970 	 return [0.         0.         0.00357597 0.00190236 0.01347502], ([0.0000000e+00 0.0000000e+00 3.3507469e-05 4.9639016e-04 1.3566635e-03]) 	 loss 3.652E-02 	 horizons 9.0
step 21060 	 return [0.         0.         0.00356866 0.00201068 0.01317897], ([0.0000000e+00 0.0000000e+00 3.5820998e-05 5.3066341e-04 1.4503343e-03]) 	 loss 5.224E-02 	 horizons 9.0
step 21150 	 return [0.00223218 0.00605104 0.0037478  0.00198127 0.        ], ([0.0000000e+00 4.6566129e-10 4.6566129e-10 2.3283064e-10 0.0000000e+00]) 	 loss 4.838E-02 	 horizons 9.0
step 21240 	 return [0.00330103 0.00554728 0.00233379 0.00185498 0.        ], ([6.5283260e-05 5.7189591e-04 3.5810514e-04 4.6913099e-04 0.0000000e+00]) 	 loss 3.842E-02 	 horizons 9.0
step 21330 	 return [0.         0.         0.00610687 0.00508959 0.00774736], ([0.000000e+00 0.000000e+00 4.656613e-10 4.656613e-10 4.656613e-10]) 	 loss 2.679E-02 	 horizons 9.0
step 21420 	 return [0.00276449 0.00663807 0.00258762 0.00218698 0.        ], ([1.9309271e-04 4.8839184e-04 6.4646829e-06 8.2930555e-06 0.0000000e+00]) 	 loss 3.467E-02 	 horizons 9.0
step 21510 	 return [0.00332952 0.00529769 0.00249008 0.00205973 0.        ], ([4.2737927e-05 3.7439374e-04 2.3443485e-04 3.0711832e-04 0.0000000e+00]) 	 loss 3.481E-02 	 horizons 9.0
step 21600 	 return [0.00366026 0.00651433 0.00058694 0.00132003 0.        ], ([3.2174642e-06 6.0898175e-05 1.7124048e-05 3.8312355e-05 0.0000000e+00]) 	 loss 3.144E-02 	 horizons 9.0
step 21690 	 return [0.         0.00662588 0.0060555  0.0020083  0.        ], ([0. 0. 0. 0. 0.]) 	 loss 3.289E-02 	 horizons 9.0
step 21780 	 return [0.00247652 0.00717991 0.00259224 0.00219372 0.        ], ([2.2470314e-04 3.6515092e-04 2.0251143e-06 3.2628043e-06 0.0000000e+00]) 	 loss 3.335E-02 	 horizons 9.0
step 21870 	 return [0.         0.         0.00383224 0.00569372 0.00939936], ([0.000000e+00 0.000000e+00 4.656613e-10 4.656613e-10 0.000000e+00]) 	 loss 4.158E-02 	 horizons 9.0
step 21960 	 return [0.         0.         0.00464597 0.00510608 0.00837985], ([0.         0.         0.00102131 0.00154772 0.00162621]) 	 loss 2.401E-02 	 horizons 9.0
step 22050 	 return [0.         0.         0.0061852  0.00768153 0.00596812], ([0.000000e+00 0.000000e+00 4.656613e-10 0.000000e+00 0.000000e+00]) 	 loss 5.690E-02 	 horizons 9.0
step 22140 	 return [0.0032469  0.00532105 0.00249023 0.00205985 0.        ], ([0.00029061 0.00044447 0.00023397 0.00030676 0.        ]) 	 loss 4.263E-02 	 horizons 9.0
step 22230 	 return [0.         0.         0.00358121 0.00182606 0.01308029], ([0. 0. 0. 0. 0.]) 	 loss 2.120E-02 	 horizons 9.0
step 22320 	 return [0.0029606  0.00598121 0.00257853 0.0021756  0.        ], ([3.1298032e-04 8.1980863e-04 1.1319192e-05 1.4166445e-05 0.0000000e+00]) 	 loss 2.338E-02 	 horizons 9.0
step 22410 	 return [0.00201682 0.0068551  0.00317176 0.00208994 0.        ], ([0.00067234 0.00082024 0.00057605 0.00010871 0.        ]) 	 loss 3.136E-02 	 horizons 9.0
step 22500 	 return [0.         0.00196589 0.01055186 0.00564583 0.        ], ([0.0000000e+00 2.3283064e-10 0.0000000e+00 4.6566129e-10 0.0000000e+00]) 	 loss 3.447E-02 	 horizons 9.0
step 22590 	 return [0.00223218 0.00605104 0.0037478  0.00198127 0.        ], ([0.0000000e+00 4.6566129e-10 4.6566129e-10 2.3283064e-10 0.0000000e+00]) 	 loss 2.218E-02 	 horizons 9.0
step 22680 	 return [0.         0.         0.00610687 0.00508959 0.00774736], ([0.000000e+00 0.000000e+00 4.656613e-10 4.656613e-10 4.656613e-10]) 	 loss 2.012E-02 	 horizons 9.0
step 22770 	 return [0.         0.         0.00613873 0.00634755 0.00654549], ([0.000000e+00 0.000000e+00 4.656613e-10 4.656613e-10 4.656613e-10]) 	 loss 3.951E-02 	 horizons 9.0
step 22860 	 return [0.00330103 0.00554728 0.00233379 0.00185498 0.        ], ([6.5283260e-05 5.7189591e-04 3.5810514e-04 4.6913099e-04 0.0000000e+00]) 	 loss 3.133E-02 	 horizons 9.0
step 22950 	 return [0.         0.         0.00610687 0.00508959 0.00774736], ([0.000000e+00 0.000000e+00 4.656613e-10 4.656613e-10 4.656613e-10]) 	 loss 2.717E-02 	 horizons 9.0
step 23040 	 return [0.         0.         0.00383738 0.00576245 0.0088679 ], ([0.0000000e+00 0.0000000e+00 1.0280311e-05 1.3745352e-04 1.0629201e-03]) 	 loss 1.458E-02 	 horizons 9.0
step 23130 	 return [0.00270013 0.00680086 0.00258977 0.00218974 0.        ], ([2.3283064e-10 0.0000000e+00 2.3283064e-10 2.3283064e-10 0.0000000e+00]) 	 loss 3.165E-02 	 horizons 9.0
step 23220 	 return [0.         0.         0.00610687 0.00508959 0.00774736], ([0.000000e+00 0.000000e+00 4.656613e-10 4.656613e-10 4.656613e-10]) 	 loss 2.500E-02 	 horizons 9.0
step 23310 	 return [0.00223218 0.00605104 0.0037478  0.00198127 0.        ], ([0.0000000e+00 4.6566129e-10 4.6566129e-10 2.3283064e-10 0.0000000e+00]) 	 loss 1.767E-02 	 horizons 9.0
step 23400 	 return [0.         0.         0.00383224 0.00569372 0.00939936], ([0.000000e+00 0.000000e+00 4.656613e-10 4.656613e-10 0.000000e+00]) 	 loss 1.968E-02 	 horizons 9.0
step 23490 	 return [0.00044644 0.00653822 0.00376456 0.00198956 0.        ], ([8.9287088e-04 2.4358742e-04 8.3815312e-06 4.1430817e-06 0.0000000e+00]) 	 loss 1.420E-02 	 horizons 9.0
step 23580 	 return [0.         0.00196589 0.01055186 0.00564583 0.        ], ([0.0000000e+00 2.3283064e-10 0.0000000e+00 4.6566129e-10 0.0000000e+00]) 	 loss 1.687E-02 	 horizons 9.0
step 23670 	 return [0.         0.         0.00373208 0.00423769 0.01059504], ([0.         0.         0.00012267 0.00180061 0.00164884]) 	 loss 1.313E-02 	 horizons 9.0
step 23760 	 return [0.00334377 0.00517289 0.00256822 0.0021621  0.        ], ([2.3283064e-10 0.0000000e+00 2.3283064e-10 2.3283064e-10 0.0000000e+00]) 	 loss 1.307E-02 	 horizons 9.0
step 23850 	 return [0.         0.         0.00244173 0.00342903 0.01247566], ([0.         0.         0.00074433 0.00023089 0.00256585]) 	 loss 1.722E-02 	 horizons 9.0
step 23940 	 return [0.         0.         0.0061852  0.00768153 0.00596812], ([0.000000e+00 0.000000e+00 4.656613e-10 0.000000e+00 0.000000e+00]) 	 loss 1.597E-02 	 horizons 9.0
step 24030 	 return [0.         0.00196589 0.01055186 0.00564583 0.        ], ([0.0000000e+00 2.3283064e-10 0.0000000e+00 4.6566129e-10 0.0000000e+00]) 	 loss 8.727E-03 	 horizons 9.0
step 24120 	 return [0.00334377 0.00517289 0.00256822 0.0021621  0.        ], ([2.3283064e-10 0.0000000e+00 2.3283064e-10 2.3283064e-10 0.0000000e+00]) 	 loss 1.682E-02 	 horizons 9.0
step 24210 	 return [0.00334377 0.00517289 0.00256822 0.0021621  0.        ], ([2.3283064e-10 0.0000000e+00 2.3283064e-10 2.3283064e-10 0.0000000e+00]) 	 loss 7.842E-03 	 horizons 9.0
step 24300 	 return [0.         0.         0.00613873 0.00634755 0.00654549], ([0.000000e+00 0.000000e+00 4.656613e-10 4.656613e-10 4.656613e-10]) 	 loss 1.405E-02 	 horizons 9.0
step 24390 	 return [0.         0.00196589 0.01055186 0.00564583 0.        ], ([0.0000000e+00 2.3283064e-10 0.0000000e+00 4.6566129e-10 0.0000000e+00]) 	 loss 1.183E-02 	 horizons 9.0
step 24480 	 return [0.00334377 0.00517289 0.00256822 0.0021621  0.        ], ([2.3283064e-10 0.0000000e+00 2.3283064e-10 2.3283064e-10 0.0000000e+00]) 	 loss 1.584E-02 	 horizons 9.0
step 24570 	 return [0.00325784 0.00618461 0.00186573 0.00123314 0.        ], ([0.00012817 0.00048553 0.00023418 0.00031047 0.        ]) 	 loss 1.500E-02 	 horizons 9.0
step 24660 	 return [0.         0.         0.0035979  0.00157739 0.01436316], ([0.0000000e+00 0.0000000e+00 0.0000000e+00 0.0000000e+00 1.8626451e-09]) 	 loss 1.323E-02 	 horizons 9.0
step 24750 	 return [0.         0.         0.0061852  0.00768153 0.00596812], ([0.000000e+00 0.000000e+00 4.656613e-10 0.000000e+00 0.000000e+00]) 	 loss 1.190E-02 	 horizons 9.0
step 24840 	 return [0.00223218 0.00605104 0.0037478  0.00198127 0.        ], ([0.0000000e+00 4.6566129e-10 4.6566129e-10 2.3283064e-10 0.0000000e+00]) 	 loss 1.326E-02 	 horizons 9.0
step 24930 	 return [0.         0.         0.00613873 0.00634755 0.00654549], ([0.000000e+00 0.000000e+00 4.656613e-10 4.656613e-10 4.656613e-10]) 	 loss 1.359E-02 	 horizons 9.0
step 25020 	 return [0.00223218 0.00605104 0.0037478  0.00198127 0.        ], ([0.0000000e+00 4.6566129e-10 4.6566129e-10 2.3283064e-10 0.0000000e+00]) 	 loss 1.112E-02 	 horizons 9.0
step 25110 	 return [0.         0.         0.00615182 0.00668539 0.00671522], ([0.0000000e+00 0.0000000e+00 3.0049963e-05 9.7228144e-04 8.0646906e-04]) 	 loss 1.648E-02 	 horizons 9.0
step 25200 	 return [0.00326879 0.00740051 0.0006948  0.00133206 0.        ], ([1.1731605e-04 7.1465754e-04 3.6378362e-04 6.4709406e-05 0.0000000e+00]) 	 loss 1.527E-02 	 horizons 9.0
step 25290 	 return [0.00334377 0.00517289 0.00256822 0.0021621  0.        ], ([2.3283064e-10 0.0000000e+00 2.3283064e-10 2.3283064e-10 0.0000000e+00]) 	 loss 1.585E-02 	 horizons 9.0
step 25380 	 return [0.         0.         0.00615732 0.00688114 0.00631454], ([0.0000000e+00 0.0000000e+00 2.2763374e-05 6.5350969e-04 2.8285338e-04]) 	 loss 1.315E-02 	 horizons 9.0
step 25470 	 return [0.00363399 0.0056467  0.0014268  0.0011874  0.        ], ([1.9276858e-05 5.8663305e-04 5.5089092e-04 9.6660180e-05 0.0000000e+00]) 	 loss 1.694E-02 	 horizons 9.0
step 25560 	 return [0.00223218 0.00605104 0.0037478  0.00198127 0.        ], ([0.0000000e+00 4.6566129e-10 4.6566129e-10 2.3283064e-10 0.0000000e+00]) 	 loss 1.360E-02 	 horizons 9.0
step 25650 	 return [0.         0.00662588 0.0060555  0.0020083  0.        ], ([0. 0. 0. 0. 0.]) 	 loss 2.147E-02 	 horizons 9.0
step 25740 	 return [0.         0.         0.0022209  0.00353634 0.01336202], ([0.0000000e+00 0.0000000e+00 4.3329954e-04 9.4205468e-05 8.1489561e-04]) 	 loss 1.743E-02 	 horizons 9.0
step 25830 	 return [0.         0.00366243 0.01045226 0.00376956 0.        ], ([0.         0.00122384 0.00025129 0.00059991 0.        ]) 	 loss 1.881E-02 	 horizons 9.0
step 25920 	 return [0.00268942 0.0062241  0.0030523  0.00210599 0.        ], ([1.31124843e-05 7.06389197e-04 5.66478760e-04 1.02580736e-04
 0.00000000e+00]) 	 loss 2.706E-02 	 horizons 9.0
step 26010 	 return [0.00267336 0.00535895 0.00374609 0.00198035 0.        ], ([0.0000000e+00 4.6566129e-10 0.0000000e+00 2.3283064e-10 0.0000000e+00]) 	 loss 1.583E-02 	 horizons 9.0
step 26100 	 return [0.         0.0066566  0.00399743 0.0019933  0.        ], ([0.0000000e+00 1.0240170e-05 6.8602595e-04 5.0005733e-06 0.0000000e+00]) 	 loss 2.233E-02 	 horizons 9.0
step 26190 	 return [0.         0.         0.00613936 0.00654266 0.00806826], ([0.0000000e+00 0.0000000e+00 1.6245991e-05 7.2653271e-04 1.6045253e-04]) 	 loss 1.575E-02 	 horizons 9.0
step 26280 	 return [0.003453   0.00669674 0.0008942  0.00141273 0.        ], ([0.00020341 0.0009004  0.0006649  0.00025792 0.        ]) 	 loss 2.270E-02 	 horizons 9.0
step 26370 	 return [0.         0.00196589 0.01055186 0.00564583 0.        ], ([0.0000000e+00 2.3283064e-10 0.0000000e+00 4.6566129e-10 0.0000000e+00]) 	 loss 2.331E-02 	 horizons 9.0
step 26460 	 return [0.         0.00196589 0.01055186 0.00564583 0.        ], ([0.0000000e+00 2.3283064e-10 0.0000000e+00 4.6566129e-10 0.0000000e+00]) 	 loss 1.466E-02 	 horizons 9.0
step 26550 	 return [0.         0.         0.00343074 0.00199395 0.01313563], ([0.         0.         0.00045142 0.00050366 0.00016601]) 	 loss 2.010E-02 	 horizons 9.0
step 26640 	 return [0.         0.00666146 0.00514166 0.00200209 0.        ], ([0.0000000e+00 7.4204305e-05 1.1192319e-03 7.7050163e-06 0.0000000e+00]) 	 loss 1.363E-02 	 horizons 9.0
step 26730 	 return [0.         0.00098295 0.00836853 0.00666368 0.00298406], ([0.         0.00098295 0.00218333 0.00101785 0.00298406]) 	 loss 1.930E-02 	 horizons 9.0
step 26820 	 return [0.         0.00685978 0.00560636 0.00200927 0.        ], ([0.0000000e+00 4.6781643e-04 8.9828559e-04 1.9440427e-06 0.0000000e+00]) 	 loss 1.666E-02 	 horizons 9.0
step 26910 	 return [0.00324325 0.00630444 0.00178671 0.00113833 0.        ], ([1.2582878e-04 3.4930071e-04 1.8691655e-07 1.3096729e-07 0.0000000e+00]) 	 loss 2.005E-02 	 horizons 9.0
step 27000 	 return [0.         0.         0.0035979  0.00157739 0.01436316], ([0.0000000e+00 0.0000000e+00 0.0000000e+00 0.0000000e+00 1.8626451e-09]) 	 loss 2.072E-02 	 horizons 9.0
step 27090 	 return [0.         0.         0.0035979  0.00157739 0.01436316], ([0.0000000e+00 0.0000000e+00 0.0000000e+00 0.0000000e+00 1.8626451e-09]) 	 loss 2.378E-02 	 horizons 9.0
step 27180 	 return [0.0036593  0.00648734 0.0005798  0.00133515 0.        ], ([2.9151197e-06 4.7291323e-05 1.3779569e-05 3.1796193e-05 0.0000000e+00]) 	 loss 1.337E-02 	 horizons 9.0
step 27270 	 return [0.         0.         0.0035979  0.00157739 0.01436316], ([0.0000000e+00 0.0000000e+00 0.0000000e+00 0.0000000e+00 1.8626451e-09]) 	 loss 2.282E-02 	 horizons 9.0
step 27360 	 return [0.00224986 0.00739514 0.00270939 0.00217501 0.        ], ([5.8933856e-06 4.4803365e-04 3.4613570e-04 6.4578438e-05 0.0000000e+00]) 	 loss 1.753E-02 	 horizons 9.0
step 27450 	 return [0.00362483 0.00538046 0.00166487 0.00115946 0.        ], ([1.2284448e-05 3.7176674e-04 3.6383112e-04 6.4578373e-05 0.0000000e+00]) 	 loss 2.470E-02 	 horizons 9.0
step 27540 	 return [0.00223218 0.00605104 0.0037478  0.00198127 0.        ], ([0.0000000e+00 4.6566129e-10 4.6566129e-10 2.3283064e-10 0.0000000e+00]) 	 loss 2.536E-02 	 horizons 9.0
step 27630 	 return [0.         0.         0.00207646 0.00350494 0.01363365], ([0.0000000e+00 0.0000000e+00 2.3283064e-10 2.3283064e-10 9.3132257e-10]) 	 loss 2.098E-02 	 horizons 9.0
step 27720 	 return [0.00249689 0.00563579 0.00374677 0.00198072 0.        ], ([2.1613526e-04 3.3905348e-04 8.3608364e-07 4.5180457e-07 0.0000000e+00]) 	 loss 2.165E-02 	 horizons 9.0
step 27810 	 return [0.00200896 0.00611194 0.00374989 0.00198231 0.        ], ([6.6965318e-04 1.8269056e-04 6.2861477e-06 3.1073112e-06 0.0000000e+00]) 	 loss 2.384E-02 	 horizons 9.0
step 27900 	 return [0.         0.         0.00364477 0.00240066 0.0133704 ], ([0.0000000e+00 0.0000000e+00 9.3734830e-05 1.6465317e-03 1.9855227e-03]) 	 loss 3.126E-02 	 horizons 9.0
step 27990 	 return [0.00326879 0.00740051 0.0006948  0.00133206 0.        ], ([1.1731604e-04 7.1465760e-04 3.6378362e-04 6.4709406e-05 0.0000000e+00]) 	 loss 2.010E-02 	 horizons 9.0
step 28080 	 return [0.         0.         0.00614749 0.00690593 0.00814849], ([0.000000e+00 0.000000e+00 0.000000e+00 4.656613e-10 9.313226e-10]) 	 loss 1.642E-02 	 horizons 9.0
step 28170 	 return [0.         0.         0.00616257 0.00721617 0.00727634], ([0.0000000e+00 0.0000000e+00 1.8475510e-05 3.7996500e-04 1.0681577e-03]) 	 loss 1.577E-02 	 horizons 9.0
step 28260 	 return [0.         0.00471413 0.00721275 0.00256307 0.        ], ([0.         0.00258617 0.00139936 0.00067648 0.        ]) 	 loss 1.536E-02 	 horizons 9.0
step 28350 	 return [0.00223218 0.00605104 0.0037478  0.00198127 0.        ], ([0.0000000e+00 4.6566129e-10 4.6566129e-10 2.3283064e-10 0.0000000e+00]) 	 loss 3.418E-02 	 horizons 9.0
step 28440 	 return [0.         0.         0.00614749 0.00690593 0.00814849], ([0.000000e+00 0.000000e+00 0.000000e+00 4.656613e-10 9.313226e-10]) 	 loss 4.043E-02 	 horizons 9.0
step 28530 	 return [0.         0.         0.0035979  0.00157739 0.01436316], ([0.0000000e+00 0.0000000e+00 0.0000000e+00 0.0000000e+00 1.8626451e-09]) 	 loss 2.894E-02 	 horizons 9.0
step 28620 	 return [0.00236453 0.00584341 0.00374729 0.001981   0.        ], ([2.0217603e-04 3.1715547e-04 7.8208461e-07 4.2262445e-07 0.0000000e+00]) 	 loss 2.131E-02 	 horizons 9.0
step 28710 	 return [0.         0.         0.0035979  0.00157739 0.01436316], ([0.0000000e+00 0.0000000e+00 0.0000000e+00 0.0000000e+00 1.8626451e-09]) 	 loss 1.900E-02 	 horizons 9.0
step 28800 	 return [0.00225182 0.00754449 0.00259401 0.00219653 0.        ], ([2.3283064e-10 0.0000000e+00 2.3283064e-10 0.0000000e+00 0.0000000e+00]) 	 loss 2.230E-02 	 horizons 9.0
step 28890 	 return [0.00362218 0.00527108 0.00178875 0.00111526 0.        ], ([2.2060549e-06 2.2216325e-05 3.9741744e-06 3.4629542e-05 0.0000000e+00]) 	 loss 1.739E-02 	 horizons 9.0
step 28980 	 return [0.         0.00677939 0.00607022 0.00201153 0.        ], ([0.00000000e+00 1.00496494e-04 9.63553885e-06 2.11504289e-06
 0.00000000e+00]) 	 loss 1.938E-02 	 horizons 9.0
step 29070 	 return [0.00321504 0.00549848 0.00257253 0.00216763 0.        ], ([2.57456966e-04 6.51189126e-04 8.61957596e-06 1.10574065e-05
 0.00000000e+00]) 	 loss 1.819E-02 	 horizons 9.0
step 29160 	 return [0.00223218 0.00605104 0.0037478  0.00198127 0.        ], ([0.0000000e+00 4.6566129e-10 4.6566129e-10 2.3283064e-10 0.0000000e+00]) 	 loss 1.371E-02 	 horizons 9.0
step 29250 	 return [0.00267336 0.00535895 0.00374609 0.00198035 0.        ], ([0.0000000e+00 4.6566129e-10 0.0000000e+00 2.3283064e-10 0.0000000e+00]) 	 loss 1.785E-02 	 horizons 9.0
step 29340 	 return [0.00362074 0.00525653 0.00178615 0.00113793 0.        ], ([4.6566129e-10 0.0000000e+00 2.3283064e-10 1.1641532e-10 0.0000000e+00]) 	 loss 1.803E-02 	 horizons 9.0
step 29430 	 return [0.00379896 0.00596538 0.00057882 0.00131628 0.        ], ([2.19931389e-04 7.02367921e-04 1.02053245e-05 4.74163098e-05
 0.00000000e+00]) 	 loss 2.040E-02 	 horizons 9.0
step 29520 	 return [0.         0.         0.00376194 0.00445882 0.0108885 ], ([0.         0.         0.00010739 0.00188634 0.0022747 ]) 	 loss 2.645E-02 	 horizons 9.0
step 29610 	 return [0.         0.         0.00207646 0.00350494 0.01363365], ([0.0000000e+00 0.0000000e+00 2.3283064e-10 2.3283064e-10 9.3132257e-10]) 	 loss 2.725E-02 	 horizons 9.0
step 29700 	 return [0.         0.00666001 0.00376875 0.00199163 0.        ], ([0.000000e+00 0.000000e+00 4.656613e-10 0.000000e+00 0.000000e+00]) 	 loss 2.478E-02 	 horizons 9.0
step 29790 	 return [0.         0.00684518 0.00607653 0.00201291 0.        ], ([0.000000e+00 9.313226e-10 4.656613e-10 0.000000e+00 0.000000e+00]) 	 loss 3.726E-02 	 horizons 9.0
step 29880 	 return [0.         0.         0.00611499 0.00545286 0.00782758], ([0.0000000e+00 0.0000000e+00 1.6245989e-05 7.2653283e-04 1.6045253e-04]) 	 loss 3.641E-02 	 horizons 9.0
step 29970 	 return [0.00322969 0.00763873 0.00057354 0.00135363 0.        ], ([0.0000000e+00 0.0000000e+00 5.8207661e-11 1.1641532e-10 0.0000000e+00]) 	 loss 2.362E-02 	 horizons 9.0
step 30060 	 return [0.00365661 0.00645911 0.00057931 0.0013328  0.        ], ([2.5428158e-06 5.4373584e-05 1.4021048e-05 3.0569910e-05 0.0000000e+00]) 	 loss 2.339E-02 	 horizons 9.0
[1;34mwandb[0m: 
[1;34mwandb[0m: 🚀 View run [33mmotndp_amsterdam-v0__GCN-amsterdam-g5-spatial__42__1781504994[0m at: [34mhttps://wandb.ai/jingyuan-sun03-tu-delft/cl_ablation/runs/xyybovdw[0m
[1;34mwandb[0m: Find logs at: [1;35mwandb/run-20260615_082955-xyybovdw/logs[0m
