/home/SinJ/mo-transport-network-design/.venv/lib/python3.13/site-packages/pygame/pkgdata.py:25: UserWarning: pkg_resources is deprecated as an API. See https://setuptools.pypa.io/en/latest/pkg_resources.html. The pkg_resources package is slated for removal as early as 2025-11-30. Refrain from using this package or pin to Setuptools<81.
  from pkg_resources import resource_stream, resource_exists
wandb: [wandb.login()] Loaded credentials for https://api.wandb.ai from /home/SinJ/.netrc.
wandb: Currently logged in as: jingyuan-sun03 (jingyuan-sun03-tu-delft) to https://api.wandb.ai. Use `wandb login --relogin` to force relogin
wandb: setting up run qrnhjth1
wandb: Tracking run with wandb version 0.27.2
wandb: Run data is saved locally in /home/SinJ/mo-transport-network-design/wandb/run-20260615_073343-qrnhjth1
wandb: Run `wandb offline` to turn off syncing.
wandb: Syncing run motndp_amsterdam-v0__GCN-amsterdam-g5-l0__789__1781501622
wandb: ⭐️ View project at https://wandb.ai/jingyuan-sun03-tu-delft/cl_ablation
wandb: 🚀 View run at https://wandb.ai/jingyuan-sun03-tu-delft/cl_ablation/runs/qrnhjth1
/home/SinJ/mo-transport-network-design/morl-baselines/morl_baselines/multi_policy/gcn/gcn.py:151: UserWarning: Creating a tensor from a list of numpy.ndarrays is extremely slow. Please consider converting the list to a single numpy.ndarray with numpy.array() before converting to a tensor. (Triggered internally at /pytorch/torch/csrc/utils/tensor_new.cpp:253.)
  th.tensor(obs).to(self.device),
Namespace(env='amsterdam', nr_groups=5, starting_loc_x=9, starting_loc_y=19, nr_stations=10, lr=0.01, batch_size=256, num_er_episodes=100, num_step_episodes=10, num_model_updates=10, num_policies=10, max_buffer_size=200, nr_layers=1, hidden_dim=128, timesteps=30000, no_log=False, seed=789, cd_threshold=0.2, distance_ref='interpolate2', gcn_lambda=0.0, lambda_schedule='constant', lambda_start=1.0, lambda_end=None, lambda_warmup_fraction=0.0, lambda_freeze_fraction=0.1, spatial_alpha=0.0, include_demand_context=False, criterion='lorenz', nash_mode='pareto_sized', nash_top_k=None, nash_shift=0.0, project_name='cl_ablation', experiment_name='GCN-amsterdam-g5-l0', wandb_entity=None)
step 990 	 return [0.00076088 0.00283341 0.00181266 0.00179303 0.00176115], ([0.00105472 0.0025041  0.00225943 0.00149876 0.00363126]) 	 loss 2.009E+00 	 horizons 9.0
step 1080 	 return [0.0007131  0.00195693 0.00096433 0.00111501 0.00086564], ([0.00109081 0.00161734 0.00186851 0.0011955  0.00259693]) 	 loss 1.848E+00 	 horizons 9.0
step 1170 	 return [0.         0.00210233 0.00349383 0.00196421 0.00063011], ([0.         0.00241981 0.00362714 0.00148946 0.00189032]) 	 loss 1.423E+00 	 horizons 9.0
step 1260 	 return [0.00017098 0.00102562 0.00187915 0.00296936 0.00268861], ([0.00051293 0.00142608 0.00184366 0.00199928 0.00330354]) 	 loss 1.221E+00 	 horizons 9.0
step 1350 	 return [6.0087339e-05 5.1828064e-03 2.6537648e-03 9.8462286e-04 0.0000000e+00], ([0.00018026 0.00240862 0.00213086 0.00060093 0.        ]) 	 loss 1.146E+00 	 horizons 9.0
step 1440 	 return [0.00038756 0.0021797  0.00081956 0.00078028 0.        ], ([0.00088052 0.00260872 0.00051708 0.00032369 0.        ]) 	 loss 1.089E+00 	 horizons 9.0
step 1530 	 return [0.0002555  0.00104508 0.00161847 0.0026007  0.00093719], ([0.00076649 0.00155743 0.00128622 0.00131707 0.00159353]) 	 loss 1.079E+00 	 horizons 9.0
step 1620 	 return [0.         0.00105966 0.00788564 0.00391619 0.0023018 ], ([0.         0.00164936 0.00307547 0.00105873 0.00372489]) 	 loss 1.016E+00 	 horizons 9.0
step 1710 	 return [0.         0.         0.00222735 0.0031117  0.00529909], ([0.         0.         0.00096803 0.00066376 0.00239369]) 	 loss 9.980E-01 	 horizons 9.0
step 1800 	 return [0.         0.00145378 0.01004919 0.0045469  0.00105483], ([0.         0.00181192 0.00207998 0.0012914  0.00213236]) 	 loss 9.418E-01 	 horizons 9.0
step 1890 	 return [0.00020699 0.00236974 0.00229924 0.00221029 0.00104958], ([0.00043783 0.00298522 0.00218839 0.00140872 0.00216005]) 	 loss 9.115E-01 	 horizons 9.0
step 1980 	 return [0.00041633 0.0035417  0.00091841 0.00219684 0.00027235], ([0.00070981 0.00318447 0.00053934 0.00097234 0.00081706]) 	 loss 9.460E-01 	 horizons 9.0
step 2070 	 return [0.         0.         0.00432253 0.00480891 0.00560772], ([0.         0.         0.00225548 0.00149151 0.00305158]) 	 loss 9.227E-01 	 horizons 9.0
step 2160 	 return [0.         0.         0.00526698 0.00585144 0.00610377], ([0.         0.         0.00118959 0.00190356 0.00101075]) 	 loss 9.074E-01 	 horizons 9.0
step 2250 	 return [0.         0.         0.00574103 0.0058038  0.00644293], ([0.         0.         0.00088227 0.00151343 0.00094883]) 	 loss 8.845E-01 	 horizons 9.0
step 2340 	 return [2.1852416e-04 4.1951914e-03 2.7727555e-03 1.6400337e-03 8.8650588e-05], ([0.00065557 0.00240428 0.00160022 0.00077395 0.00026595]) 	 loss 8.546E-01 	 horizons 9.0
step 2430 	 return [0.         0.         0.00418779 0.00513085 0.00683318], ([0.         0.         0.00108684 0.00104429 0.0010871 ]) 	 loss 8.475E-01 	 horizons 9.0
step 2520 	 return [0.         0.         0.00502751 0.00596744 0.00651741], ([0.         0.         0.0012542  0.0020409  0.00151044]) 	 loss 8.045E-01 	 horizons 9.0
step 2610 	 return [0.         0.         0.00420834 0.00599816 0.00692986], ([0.         0.         0.00130307 0.00133919 0.00115079]) 	 loss 7.574E-01 	 horizons 9.0
step 2700 	 return [0.         0.         0.00517214 0.00615341 0.00539366], ([0.         0.         0.00126943 0.00111078 0.00150948]) 	 loss 7.197E-01 	 horizons 9.0
step 2790 	 return [0.00190556 0.00527316 0.00064415 0.00094956 0.        ], ([0.00132681 0.00143365 0.00033376 0.00045947 0.        ]) 	 loss 6.624E-01 	 horizons 9.0
step 2880 	 return [0.         0.00365415 0.00467923 0.00200811 0.00101934], ([0.         0.00247968 0.00212109 0.00123146 0.00204022]) 	 loss 6.586E-01 	 horizons 9.0
step 2970 	 return [0.         0.00199871 0.00695925 0.0026283  0.        ], ([0.         0.00286517 0.00134213 0.00109706 0.        ]) 	 loss 6.499E-01 	 horizons 9.0
step 3060 	 return [0.         0.         0.00604876 0.00756919 0.0058381 ], ([0.         0.         0.00040932 0.000337   0.00039007]) 	 loss 6.107E-01 	 horizons 9.0
step 3150 	 return [0.         0.00735776 0.0048239  0.00158218 0.        ], ([0.         0.00188793 0.00144882 0.0002768  0.        ]) 	 loss 6.415E-01 	 horizons 9.0
step 3240 	 return [0.00126679 0.00232421 0.00045112 0.00045339 0.        ], ([0.00116101 0.00103708 0.00025834 0.00016038 0.        ]) 	 loss 5.771E-01 	 horizons 9.0
step 3330 	 return [0.         0.         0.00539522 0.00593053 0.00596651], ([0.         0.         0.00120524 0.00116347 0.00066203]) 	 loss 5.853E-01 	 horizons 9.0
step 3420 	 return [0.         0.         0.00516117 0.0061213  0.00608919], ([0.         0.         0.00132667 0.00092819 0.00092188]) 	 loss 5.670E-01 	 horizons 9.0
step 3510 	 return [0.         0.00639754 0.00484391 0.00134643 0.        ], ([0.         0.00122205 0.00098143 0.00021707 0.        ]) 	 loss 5.276E-01 	 horizons 9.0
step 3600 	 return [0.00010115 0.00656912 0.00153474 0.0013704  0.        ], ([0.00030344 0.00115234 0.00078479 0.00032086 0.        ]) 	 loss 4.940E-01 	 horizons 9.0
step 3690 	 return [5.3021628e-05 3.7068538e-03 1.1445744e-03 2.0882632e-03 2.2408561e-04], ([0.00015906 0.00267077 0.00061666 0.00143671 0.00067226]) 	 loss 5.047E-01 	 horizons 9.0
step 3780 	 return [0.         0.00714542 0.00489468 0.00153337 0.        ], ([0.         0.00206241 0.00069417 0.00041974 0.        ]) 	 loss 5.217E-01 	 horizons 9.0
step 3870 	 return [0.         0.         0.00447613 0.0058371  0.00641627], ([0.         0.         0.00136973 0.00100303 0.00121583]) 	 loss 5.210E-01 	 horizons 9.0
step 3960 	 return [0.00177968 0.00674399 0.00090822 0.00124279 0.        ], ([0.00091085 0.00113856 0.0003133  0.00035719 0.        ]) 	 loss 4.777E-01 	 horizons 9.0
step 4050 	 return [0.00180196 0.00687511 0.00075009 0.00117604 0.        ], ([0.00086329 0.00174583 0.00033825 0.00041338 0.        ]) 	 loss 5.074E-01 	 horizons 9.0
step 4140 	 return [0.00122516 0.00671765 0.00155875 0.00126714 0.        ], ([0.00137284 0.00075194 0.00066438 0.00042654 0.        ]) 	 loss 4.678E-01 	 horizons 9.0
step 4230 	 return [0.00294549 0.00328983 0.00052064 0.00115412 0.        ], ([0.0011073  0.0017673  0.0001129  0.00041208 0.        ]) 	 loss 4.497E-01 	 horizons 9.0
step 4320 	 return [0.00208456 0.00597983 0.00109911 0.00109542 0.        ], ([0.00091608 0.00142179 0.00039776 0.00055415 0.        ]) 	 loss 4.686E-01 	 horizons 9.0
step 4410 	 return [0.         0.00622488 0.00331364 0.00127553 0.        ], ([0.         0.00120085 0.00134542 0.00024178 0.        ]) 	 loss 4.540E-01 	 horizons 9.0
step 4500 	 return [0.00304283 0.00615424 0.00108698 0.00139701 0.        ], ([0.00049857 0.00079056 0.00034083 0.00019396 0.        ]) 	 loss 4.734E-01 	 horizons 9.0
step 4590 	 return [0.00076247 0.00823521 0.00107242 0.00121487 0.        ], ([0.00100714 0.00109418 0.00063939 0.00026831 0.        ]) 	 loss 4.983E-01 	 horizons 9.0
step 4680 	 return [0.         0.0071986  0.0032232  0.00134254 0.        ], ([0.         0.00113081 0.00083308 0.00042432 0.        ]) 	 loss 4.494E-01 	 horizons 9.0
step 4770 	 return [0.         0.00723684 0.00195947 0.00138989 0.        ], ([0.         0.00084737 0.00061373 0.00012987 0.        ]) 	 loss 4.440E-01 	 horizons 9.0
step 4860 	 return [0.00068571 0.00672826 0.00120486 0.0013784  0.        ], ([0.00089699 0.00150805 0.00079586 0.00016384 0.        ]) 	 loss 4.219E-01 	 horizons 9.0
step 4950 	 return [0.00076166 0.00781251 0.0010965  0.00147724 0.        ], ([0.00086365 0.00055955 0.00039689 0.00017708 0.        ]) 	 loss 4.707E-01 	 horizons 9.0
step 5040 	 return [0.00245214 0.00675902 0.00114972 0.00150924 0.        ], ([0.00087524 0.0008946  0.00036055 0.00021719 0.        ]) 	 loss 4.360E-01 	 horizons 9.0
step 5130 	 return [0.00164737 0.007282   0.00113907 0.00145105 0.        ], ([0.00092446 0.00093965 0.00037994 0.00020653 0.        ]) 	 loss 3.976E-01 	 horizons 9.0
step 5220 	 return [0.00221823 0.00706247 0.00121195 0.0015629  0.        ], ([0.00073603 0.00079705 0.00031811 0.00010271 0.        ]) 	 loss 3.699E-01 	 horizons 9.0
step 5310 	 return [0.00118028 0.00784945 0.00093603 0.00119512 0.        ], ([0.0006035  0.00048793 0.00054663 0.00029643 0.        ]) 	 loss 3.510E-01 	 horizons 9.0
step 5400 	 return [0.00238511 0.00694368 0.00063137 0.00114426 0.        ], ([0.00109665 0.00084997 0.00021442 0.00034102 0.        ]) 	 loss 3.298E-01 	 horizons 9.0
step 5490 	 return [0.0022175  0.00708671 0.00130697 0.00160801 0.        ], ([1.3296395e-05 1.2474509e-04 2.0097886e-04 8.7237102e-05 0.0000000e+00]) 	 loss 3.369E-01 	 horizons 9.0
step 5580 	 return [0.         0.00778415 0.00234161 0.00155821 0.        ], ([0.         0.00036832 0.00134361 0.00030703 0.        ]) 	 loss 3.510E-01 	 horizons 9.0
step 5670 	 return [0.00300936 0.00639563 0.00111486 0.00146126 0.        ], ([0.0004917  0.00076818 0.00035567 0.00020117 0.        ]) 	 loss 3.313E-01 	 horizons 9.0
step 5760 	 return [0.         0.         0.00620709 0.00726369 0.00563354], ([0.0000000e+00 0.0000000e+00 5.7568905e-05 6.3830643e-04 5.1117147e-04]) 	 loss 2.901E-01 	 horizons 9.0
step 5850 	 return [0.00310959 0.00584629 0.00125516 0.0014987  0.        ], ([0.00042016 0.00050823 0.00019291 0.00016124 0.        ]) 	 loss 2.537E-01 	 horizons 9.0
step 5940 	 return [0.00267911 0.00637427 0.0013766  0.00156555 0.        ], ([5.7833770e-04 7.1290910e-04 3.5772377e-05 9.4674193e-05 0.0000000e+00]) 	 loss 2.472E-01 	 horizons 9.0
step 6030 	 return [0.         0.00795911 0.0030759  0.00200768 0.        ], ([0.         0.0003352  0.00062463 0.00024064 0.        ]) 	 loss 2.768E-01 	 horizons 9.0
step 6120 	 return [0.0014369  0.00733007 0.00128384 0.00154145 0.        ], ([0.00100132 0.00031772 0.00023965 0.00012567 0.        ]) 	 loss 2.642E-01 	 horizons 9.0
step 6210 	 return [0.00233768 0.00700582 0.00141068 0.00163723 0.        ], ([3.5089671e-04 4.2175304e-04 5.0691870e-05 2.2200802e-05 0.0000000e+00]) 	 loss 2.408E-01 	 horizons 9.0
step 6300 	 return [0.00210888 0.00704496 0.00111707 0.00147288 0.        ], ([0.00056181 0.00061317 0.00034033 0.00022192 0.        ]) 	 loss 2.353E-01 	 horizons 9.0
step 6390 	 return [0.         0.         0.00617724 0.0074221  0.00614111], ([0.0000000e+00 0.0000000e+00 2.3878925e-05 7.7827758e-04 5.1895954e-04]) 	 loss 2.196E-01 	 horizons 9.0
step 6480 	 return [0.         0.00731122 0.00337822 0.00203545 0.        ], ([0.         0.00120437 0.00102098 0.00029256 0.        ]) 	 loss 2.268E-01 	 horizons 9.0
step 6570 	 return [0.         0.         0.00617724 0.0074221  0.00614111], ([0.0000000e+00 0.0000000e+00 2.3878925e-05 7.7827764e-04 5.1895954e-04]) 	 loss 2.538E-01 	 horizons 9.0
step 6660 	 return [0.         0.         0.00616928 0.00716268 0.00631409], ([0.0000000e+00 0.0000000e+00 3.1838568e-05 1.0377035e-03 6.9194607e-04]) 	 loss 2.140E-01 	 horizons 9.0
step 6750 	 return [0.0012323  0.00733746 0.00168277 0.00177044 0.        ], ([0.00127898 0.00053431 0.0004533  0.00020759 0.        ]) 	 loss 2.123E-01 	 horizons 9.0
step 6840 	 return [0.         0.00652569 0.00564095 0.0016898  0.        ], ([0.         0.00126818 0.00076835 0.00052592 0.        ]) 	 loss 2.043E-01 	 horizons 9.0
step 6930 	 return [0.00134254 0.0068025  0.00330098 0.00196981 0.        ], ([0.00109619 0.00075921 0.00077127 0.00025666 0.        ]) 	 loss 2.128E-01 	 horizons 9.0
step 7020 	 return [0.00200034 0.00726255 0.00128282 0.00154106 0.        ], ([0.00066687 0.00040743 0.00024475 0.00013831 0.        ]) 	 loss 2.039E-01 	 horizons 9.0
step 7110 	 return [0.         0.         0.0061852  0.00768153 0.00596812], ([0.000000e+00 0.000000e+00 4.656613e-10 0.000000e+00 0.000000e+00]) 	 loss 1.900E-01 	 horizons 9.0
step 7200 	 return [0.00111245 0.00753111 0.00205645 0.001873   0.        ], ([0.00111248 0.00070039 0.00054326 0.00026182 0.        ]) 	 loss 1.841E-01 	 horizons 9.0
step 7290 	 return [0.0024657  0.00671511 0.00193282 0.00173341 0.        ], ([0.0004834  0.00061434 0.00053257 0.00023652 0.        ]) 	 loss 1.568E-01 	 horizons 9.0
step 7380 	 return [0.00223101 0.00616779 0.00363136 0.00200121 0.        ], ([3.5081059e-06 3.5024690e-04 3.4932190e-04 5.9825696e-05 0.0000000e+00]) 	 loss 1.648E-01 	 horizons 9.0
step 7470 	 return [0.0019996  0.00701212 0.00270812 0.00209074 0.        ], ([0.00066654 0.00041725 0.00034744 0.00021189 0.        ]) 	 loss 1.433E-01 	 horizons 9.0
step 7560 	 return [0.         0.         0.0061852  0.00768153 0.00596812], ([0.000000e+00 0.000000e+00 4.656613e-10 0.000000e+00 0.000000e+00]) 	 loss 1.595E-01 	 horizons 9.0
step 7650 	 return [0.00156921 0.00702601 0.00283966 0.00200975 0.        ], ([0.00102734 0.00067376 0.00045511 0.00027604 0.        ]) 	 loss 1.433E-01 	 horizons 9.0
step 7740 	 return [0.00156386 0.00707656 0.00272112 0.00202527 0.        ], ([0.00102385 0.00049397 0.00034406 0.00027653 0.        ]) 	 loss 1.234E-01 	 horizons 9.0
step 7830 	 return [0.         0.         0.00617724 0.0074221  0.00614111], ([0.0000000e+00 0.0000000e+00 2.3878925e-05 7.7827764e-04 5.1895954e-04]) 	 loss 1.259E-01 	 horizons 9.0
step 7920 	 return [0.         0.         0.0061852  0.00768153 0.00596812], ([0.000000e+00 0.000000e+00 4.656613e-10 0.000000e+00 0.000000e+00]) 	 loss 9.470E-02 	 horizons 9.0
step 8010 	 return [0.         0.         0.0061852  0.00768153 0.00596812], ([0.000000e+00 0.000000e+00 4.656613e-10 0.000000e+00 0.000000e+00]) 	 loss 9.334E-02 	 horizons 9.0
step 8100 	 return [0.         0.         0.0061852  0.00768153 0.00596812], ([0.000000e+00 0.000000e+00 4.656613e-10 0.000000e+00 0.000000e+00]) 	 loss 6.564E-02 	 horizons 9.0
step 8190 	 return [0.         0.         0.0061852  0.00768153 0.00596812], ([0.000000e+00 0.000000e+00 4.656613e-10 0.000000e+00 0.000000e+00]) 	 loss 7.160E-02 	 horizons 9.0
step 8280 	 return [0.00343229 0.00601202 0.00257277 0.00216739 0.        ], ([2.3283064e-10 0.0000000e+00 0.0000000e+00 2.3283064e-10 0.0000000e+00]) 	 loss 5.592E-02 	 horizons 9.0
step 8370 	 return [0.00223511 0.0073598  0.00258767 0.00218685 0.        ], ([1.4672390e-05 1.4347816e-04 4.4427943e-06 6.4872788e-06 0.0000000e+00]) 	 loss 6.101E-02 	 horizons 9.0
step 8460 	 return [0.00066965 0.00765129 0.00294895 0.00214244 0.        ], ([0.00102291 0.00104761 0.00052297 0.00010551 0.        ]) 	 loss 7.017E-02 	 horizons 9.0
step 8550 	 return [0.00222919 0.00730185 0.00258589 0.00218427 0.        ], ([1.3325670e-05 1.2863135e-04 3.9200031e-06 5.6729727e-06 0.0000000e+00]) 	 loss 5.659E-02 	 horizons 9.0
step 8640 	 return [0.00282639 0.00661528 0.00257808 0.00217404 0.        ], ([6.0590415e-04 6.0325651e-04 5.3091208e-06 6.6488283e-06 0.0000000e+00]) 	 loss 3.103E-02 	 horizons 9.0
step 8730 	 return [0.         0.         0.0061852  0.00768153 0.00596812], ([0.000000e+00 0.000000e+00 4.656613e-10 0.000000e+00 0.000000e+00]) 	 loss 3.534E-02 	 horizons 9.0
step 8820 	 return [0.         0.         0.0061852  0.00768153 0.00596812], ([0.000000e+00 0.000000e+00 4.656613e-10 0.000000e+00 0.000000e+00]) 	 loss 2.945E-02 	 horizons 9.0
step 8910 	 return [0.00331425 0.00616527 0.0025749  0.00217031 0.        ], ([3.5414100e-04 4.5974070e-04 6.3717134e-06 8.7420458e-06 0.0000000e+00]) 	 loss 2.725E-02 	 horizons 9.0
step 9000 	 return [0.         0.         0.0061852  0.00768153 0.00596812], ([0.000000e+00 0.000000e+00 4.656613e-10 0.000000e+00 0.000000e+00]) 	 loss 1.424E-02 	 horizons 9.0
step 9090 	 return [0.         0.00614261 0.00580067 0.00246931 0.        ], ([0.         0.00146694 0.00307985 0.00071702 0.        ]) 	 loss 1.035E-02 	 horizons 9.0
step 9180 	 return [0.00225147 0.00753725 0.00259367 0.00219595 0.        ], ([1.0466202e-06 2.1705911e-05 1.0296470e-06 1.7608285e-06 0.0000000e+00]) 	 loss 4.726E-02 	 horizons 9.0
step 9270 	 return [0.00248408 0.00719093 0.00258802 0.00218795 0.        ], ([4.74190572e-04 5.96958329e-04 8.24012295e-06 1.13179485e-05
 0.00000000e+00]) 	 loss 4.812E-03 	 horizons 9.0
step 9360 	 return [0.00276536 0.00681731 0.00258369 0.00218203 0.        ], ([5.6025165e-04 6.9067959e-04 9.3856061e-06 1.2742815e-05 0.0000000e+00]) 	 loss 7.664E-03 	 horizons 9.0
step 9450 	 return [0.00225147 0.00753725 0.00259367 0.00219595 0.        ], ([1.0466202e-06 2.1705911e-05 1.0296470e-06 1.7608285e-06 0.0000000e+00]) 	 loss 1.592E-02 	 horizons 9.0
step 9540 	 return [0.00089287 0.0075088  0.00356074 0.00212351 0.        ], ([0.00109354 0.00122001 0.00091747 0.00011627 0.        ]) 	 loss 6.560E-03 	 horizons 9.0
step 9630 	 return [0.         0.         0.0061852  0.00768153 0.00596812], ([0.000000e+00 0.000000e+00 4.656613e-10 0.000000e+00 0.000000e+00]) 	 loss 3.775E-02 	 horizons 9.0
step 9720 	 return [0.00225182 0.00754449 0.00259401 0.00219653 0.        ], ([2.3283064e-10 0.0000000e+00 2.3283064e-10 0.0000000e+00 0.0000000e+00]) 	 loss 9.278E-03 	 horizons 9.0
step 9810 	 return [0.00343229 0.00601202 0.00257277 0.00216739 0.        ], ([2.3283064e-10 0.0000000e+00 0.0000000e+00 2.3283064e-10 0.0000000e+00]) 	 loss 4.899E-03 	 horizons 9.0
step 9900 	 return [0.00225182 0.00754449 0.00259401 0.00219653 0.        ], ([2.3283064e-10 0.0000000e+00 2.3283064e-10 0.0000000e+00 0.0000000e+00]) 	 loss 5.250E-03 	 horizons 9.0
step 9990 	 return [0.00112591 0.00776907 0.00259707 0.00220021 0.        ], ([1.1259109e-03 2.3574455e-04 3.3604981e-06 4.0640643e-06 0.0000000e+00]) 	 loss 3.821E-03 	 horizons 9.0
step 10080 	 return [0.0025962  0.00704837 0.00259114 0.00219257 0.        ], ([3.5101149e-04 4.7355355e-04 6.2388981e-06 8.6121809e-06 0.0000000e+00]) 	 loss 8.393E-03 	 horizons 9.0
step 10170 	 return [0.         0.         0.0061852  0.00768153 0.00596812], ([0.000000e+00 0.000000e+00 4.656613e-10 0.000000e+00 0.000000e+00]) 	 loss 1.076E-02 	 horizons 9.0
step 10260 	 return [0.00234257 0.00741023 0.00259385 0.00219635 0.        ], ([1.8150276e-04 2.6850851e-04 3.2363459e-07 3.6889688e-07 0.0000000e+00]) 	 loss 5.465E-03 	 horizons 9.0
step 10350 	 return [0.00022518 0.00803827 0.0028494  0.00220652 0.        ], ([6.7554659e-04 1.9694505e-04 7.4610458e-04 6.5884969e-06 0.0000000e+00]) 	 loss 5.905E-03 	 horizons 9.0
step 10440 	 return [0.         0.         0.0061852  0.00768153 0.00596812], ([0.000000e+00 0.000000e+00 4.656613e-10 0.000000e+00 0.000000e+00]) 	 loss 1.007E-02 	 horizons 9.0
step 10530 	 return [0.00224986 0.00739514 0.00270939 0.00217501 0.        ], ([5.8933856e-06 4.4803365e-04 3.4613561e-04 6.4578438e-05 0.0000000e+00]) 	 loss 3.675E-03 	 horizons 9.0
step 10620 	 return [0.         0.         0.0061852  0.00768153 0.00596812], ([0.000000e+00 0.000000e+00 4.656613e-10 0.000000e+00 0.000000e+00]) 	 loss 4.205E-03 	 horizons 9.0
step 10710 	 return [0.         0.         0.0061852  0.00768153 0.00596812], ([0.000000e+00 0.000000e+00 4.656613e-10 0.000000e+00 0.000000e+00]) 	 loss 3.844E-03 	 horizons 9.0
step 10800 	 return [0.00022518 0.00793632 0.00259928 0.00220285 0.        ], ([6.7554659e-04 1.6007328e-04 2.5088516e-06 3.0758433e-06 0.0000000e+00]) 	 loss 4.155E-03 	 horizons 9.0
step 10890 	 return [0.00225182 0.00754449 0.00259401 0.00219653 0.        ], ([2.3283064e-10 0.0000000e+00 2.3283064e-10 0.0000000e+00 0.0000000e+00]) 	 loss 7.818E-03 	 horizons 9.0
step 10980 	 return [0.         0.         0.0061852  0.00768153 0.00596812], ([0.000000e+00 0.000000e+00 4.656613e-10 0.000000e+00 0.000000e+00]) 	 loss 4.530E-03 	 horizons 9.0
step 11070 	 return [0.         0.00806482 0.00296811 0.00218828 0.        ], ([0.0000000e+00 6.0575694e-04 7.8583159e-04 6.7558576e-05 0.0000000e+00]) 	 loss 4.065E-03 	 horizons 9.0
step 11160 	 return [0.00273287 0.00685422 0.00259124 0.00219288 0.        ], ([2.6954716e-04 3.4476939e-04 6.1606816e-06 8.5005631e-06 0.0000000e+00]) 	 loss 1.068E-02 	 horizons 9.0
step 11250 	 return [0.00022518 0.00803979 0.00260128 0.00220535 0.        ], ([6.7554659e-04 1.7625045e-04 2.7022359e-06 3.2987275e-06 0.0000000e+00]) 	 loss 4.159E-03 	 horizons 9.0
step 11340 	 return [0.00234257 0.00741023 0.00259385 0.00219635 0.        ], ([1.8150275e-04 2.6850851e-04 3.2363457e-07 3.6889688e-07 0.0000000e+00]) 	 loss 4.874E-03 	 horizons 9.0
step 11430 	 return [0.0024787  0.00720885 0.00259361 0.00219607 0.        ], ([2.2687844e-04 3.3563562e-04 4.0454327e-07 4.6112112e-07 0.0000000e+00]) 	 loss 4.217E-03 	 horizons 9.0
step 11520 	 return [0.         0.         0.0061852  0.00768153 0.00596812], ([0.000000e+00 0.000000e+00 4.656613e-10 0.000000e+00 0.000000e+00]) 	 loss 4.240E-03 	 horizons 9.0
step 11610 	 return [0.         0.         0.0061852  0.00768153 0.00596812], ([0.000000e+00 0.000000e+00 4.656613e-10 0.000000e+00 0.000000e+00]) 	 loss 3.453E-03 	 horizons 9.0
step 11700 	 return [0.         0.         0.0061852  0.00768153 0.00596812], ([0.000000e+00 0.000000e+00 4.656613e-10 0.000000e+00 0.000000e+00]) 	 loss 2.977E-03 	 horizons 9.0
step 11790 	 return [0.00270558 0.00687322 0.0025932  0.00219561 0.        ], ([2.3283064e-10 0.0000000e+00 2.3283064e-10 0.0000000e+00 0.0000000e+00]) 	 loss 2.810E-03 	 horizons 9.0
step 11880 	 return [0.00022518 0.00801909 0.00260088 0.00220485 0.        ], ([6.7554659e-04 1.7801394e-04 2.7825445e-06 3.4065179e-06 0.0000000e+00]) 	 loss 3.280E-03 	 horizons 9.0
step 11970 	 return [0.         0.         0.0061852  0.00768153 0.00596812], ([0.000000e+00 0.000000e+00 4.656613e-10 0.000000e+00 0.000000e+00]) 	 loss 4.004E-03 	 horizons 9.0
step 12060 	 return [0.00225182 0.00754449 0.00259401 0.00219653 0.        ], ([2.3283064e-10 0.0000000e+00 2.3283064e-10 0.0000000e+00 0.0000000e+00]) 	 loss 3.000E-03 	 horizons 9.0
step 12150 	 return [0.00067555 0.00792512 0.00259958 0.00220328 0.        ], ([1.0319144e-03 2.5644226e-04 3.8284120e-06 4.6558303e-06 0.0000000e+00]) 	 loss 2.657E-03 	 horizons 9.0
step 12240 	 return [0.00270558 0.00687322 0.0025932  0.00219561 0.        ], ([2.3283064e-10 0.0000000e+00 2.3283064e-10 0.0000000e+00 0.0000000e+00]) 	 loss 7.616E-03 	 horizons 9.0
step 12330 	 return [0.         0.00780404 0.00308218 0.0021645  0.        ], ([0.0000000e+00 6.7786354e-04 8.0910139e-04 8.9081383e-05 0.0000000e+00]) 	 loss 5.343E-03 	 horizons 9.0
step 12420 	 return [0.00256945 0.0070746  0.00259345 0.00219589 0.        ], ([2.0793751e-04 3.0761515e-04 3.7077004e-07 4.2262445e-07 0.0000000e+00]) 	 loss 8.887E-03 	 horizons 9.0
step 12510 	 return [0.00225182 0.00754449 0.00259401 0.00219653 0.        ], ([2.3283064e-10 0.0000000e+00 2.3283064e-10 0.0000000e+00 0.0000000e+00]) 	 loss 3.759E-03 	 horizons 9.0
step 12600 	 return [0.00225182 0.00754449 0.00259401 0.00219653 0.        ], ([2.3283064e-10 0.0000000e+00 2.3283064e-10 0.0000000e+00 0.0000000e+00]) 	 loss 3.071E-03 	 horizons 9.0
step 12690 	 return [0.00343229 0.00601202 0.00257277 0.00216739 0.        ], ([2.3283064e-10 0.0000000e+00 0.0000000e+00 2.3283064e-10 0.0000000e+00]) 	 loss 2.433E-03 	 horizons 9.0
step 12780 	 return [0.00261483 0.00700747 0.00259336 0.0021958  0.        ], ([1.8150276e-04 2.6850851e-04 3.2363459e-07 3.6889688e-07 0.0000000e+00]) 	 loss 2.156E-03 	 horizons 9.0
step 12870 	 return [0.         0.         0.0061852  0.00768153 0.00596812], ([0.000000e+00 0.000000e+00 4.656613e-10 0.000000e+00 0.000000e+00]) 	 loss 2.236E-03 	 horizons 9.0
step 12960 	 return [0.00225182 0.00754449 0.00259401 0.00219653 0.        ], ([2.3283064e-10 0.0000000e+00 2.3283064e-10 0.0000000e+00 0.0000000e+00]) 	 loss 1.717E-03 	 horizons 9.0
step 13050 	 return [0.00225182 0.00754449 0.00259401 0.00219653 0.        ], ([2.3283064e-10 0.0000000e+00 2.3283064e-10 0.0000000e+00 0.0000000e+00]) 	 loss 1.773E-03 	 horizons 9.0
step 13140 	 return [0.         0.         0.0061852  0.00768153 0.00596812], ([0.000000e+00 0.000000e+00 4.656613e-10 0.000000e+00 0.000000e+00]) 	 loss 2.187E-03 	 horizons 9.0
step 13230 	 return [0.00306894 0.00644262 0.00258299 0.0021815  0.        ], ([3.6335655e-04 4.3059886e-04 1.0214979e-05 1.4108954e-05 0.0000000e+00]) 	 loss 1.818E-03 	 horizons 9.0
step 13320 	 return [0.00225182 0.00754449 0.00259401 0.00219653 0.        ], ([2.3283064e-10 0.0000000e+00 2.3283064e-10 0.0000000e+00 0.0000000e+00]) 	 loss 1.630E-03 	 horizons 9.0
step 13410 	 return [0.         0.         0.0061852  0.00768153 0.00596812], ([0.000000e+00 0.000000e+00 4.656613e-10 0.000000e+00 0.000000e+00]) 	 loss 1.448E-03 	 horizons 9.0
step 13500 	 return [0.00225182 0.00754449 0.00259401 0.00219653 0.        ], ([2.3283064e-10 0.0000000e+00 2.3283064e-10 0.0000000e+00 0.0000000e+00]) 	 loss 1.505E-03 	 horizons 9.0
step 13590 	 return [0.         0.         0.0061852  0.00768153 0.00596812], ([0.000000e+00 0.000000e+00 4.656613e-10 0.000000e+00 0.000000e+00]) 	 loss 1.306E-03 	 horizons 9.0
step 13680 	 return [0.00270558 0.00687322 0.0025932  0.00219561 0.        ], ([2.3283064e-10 0.0000000e+00 2.3283064e-10 0.0000000e+00 0.0000000e+00]) 	 loss 1.132E-03 	 horizons 9.0
step 13770 	 return [0.         0.         0.0061852  0.00768153 0.00596812], ([0.000000e+00 0.000000e+00 4.656613e-10 0.000000e+00 0.000000e+00]) 	 loss 1.442E-03 	 horizons 9.0
step 13860 	 return [0.00285092 0.00670098 0.00258912 0.00218997 0.        ], ([2.9068525e-04 3.4447908e-04 8.1719827e-06 1.1287164e-05 0.0000000e+00]) 	 loss 1.313E-03 	 horizons 9.0
step 13950 	 return [0.00225182 0.00754449 0.00259401 0.00219653 0.        ], ([2.3283064e-10 0.0000000e+00 2.3283064e-10 0.0000000e+00 0.0000000e+00]) 	 loss 1.213E-03 	 horizons 9.0
step 14040 	 return [0.00225182 0.00754449 0.00259401 0.00219653 0.        ], ([2.3283064e-10 0.0000000e+00 2.3283064e-10 0.0000000e+00 0.0000000e+00]) 	 loss 1.342E-03 	 horizons 9.0
step 14130 	 return [0.         0.00805573 0.00260133 0.00220539 0.        ], ([0.0000000e+00 9.4829629e-05 1.8359251e-06 2.2992008e-06 0.0000000e+00]) 	 loss 1.235E-03 	 horizons 9.0
step 14220 	 return [0.00277825 0.0067871  0.00259116 0.00219279 0.        ], ([2.1801396e-04 2.5835933e-04 6.1289870e-06 8.4653730e-06 0.0000000e+00]) 	 loss 1.083E-02 	 horizons 9.0
step 14310 	 return [0.         0.         0.0061852  0.00768153 0.00596812], ([0.000000e+00 0.000000e+00 4.656613e-10 0.000000e+00 0.000000e+00]) 	 loss 2.753E-03 	 horizons 9.0
step 14400 	 return [0.00225182 0.00754449 0.00259401 0.00219653 0.        ], ([2.3283064e-10 0.0000000e+00 2.3283064e-10 0.0000000e+00 0.0000000e+00]) 	 loss 1.966E-03 	 horizons 9.0
step 14490 	 return [0.00256945 0.0070746  0.00259345 0.00219589 0.        ], ([2.0793753e-04 3.0761512e-04 3.7077004e-07 4.2262451e-07 0.0000000e+00]) 	 loss 1.134E-03 	 horizons 9.0
step 14580 	 return [0.00234257 0.00741023 0.00259385 0.00219635 0.        ], ([1.8150275e-04 2.6850851e-04 3.2363468e-07 3.6889688e-07 0.0000000e+00]) 	 loss 1.070E-03 	 horizons 9.0
step 14670 	 return [0.00225182 0.00754449 0.00259401 0.00219653 0.        ], ([2.3283064e-10 0.0000000e+00 2.3283064e-10 0.0000000e+00 0.0000000e+00]) 	 loss 9.192E-04 	 horizons 9.0
step 14760 	 return [0.00343229 0.00601202 0.00257277 0.00216739 0.        ], ([2.3283064e-10 0.0000000e+00 0.0000000e+00 2.3283064e-10 0.0000000e+00]) 	 loss 8.215E-04 	 horizons 9.0
step 14850 	 return [0.00225182 0.00754449 0.00259401 0.00219653 0.        ], ([2.3283064e-10 0.0000000e+00 2.3283064e-10 0.0000000e+00 0.0000000e+00]) 	 loss 9.375E-04 	 horizons 9.0
step 14940 	 return [0.         0.         0.0061852  0.00768153 0.00596812], ([0.000000e+00 0.000000e+00 4.656613e-10 0.000000e+00 0.000000e+00]) 	 loss 8.050E-04 	 horizons 9.0
step 15030 	 return [0.00256945 0.0070746  0.00259345 0.00219589 0.        ], ([2.0793751e-04 3.0761515e-04 3.7077004e-07 4.2262445e-07 0.0000000e+00]) 	 loss 7.947E-04 	 horizons 9.0
step 15120 	 return [0.00234257 0.00741023 0.00259385 0.00219635 0.        ], ([1.8150275e-04 2.6850851e-04 3.2363457e-07 3.6889688e-07 0.0000000e+00]) 	 loss 8.224E-04 	 horizons 9.0
step 15210 	 return [0.00225182 0.00754449 0.00259401 0.00219653 0.        ], ([2.3283064e-10 0.0000000e+00 2.3283064e-10 0.0000000e+00 0.0000000e+00]) 	 loss 7.928E-04 	 horizons 9.0
step 15300 	 return [0.00067555 0.00780096 0.00259718 0.00220027 0.        ], ([1.0319144e-03 1.6790045e-04 2.0706570e-06 2.4472954e-06 0.0000000e+00]) 	 loss 7.914E-04 	 horizons 9.0
step 15390 	 return [0.         0.         0.0061852  0.00768153 0.00596812], ([0.000000e+00 0.000000e+00 4.656613e-10 0.000000e+00 0.000000e+00]) 	 loss 8.535E-04 	 horizons 9.0
step 15480 	 return [0.00270558 0.00687322 0.0025932  0.00219561 0.        ], ([2.3283064e-10 0.0000000e+00 2.3283064e-10 0.0000000e+00 0.0000000e+00]) 	 loss 6.538E-04 	 horizons 9.0
step 15570 	 return [0.         0.         0.0061852  0.00768153 0.00596812], ([0.000000e+00 0.000000e+00 4.656613e-10 0.000000e+00 0.000000e+00]) 	 loss 6.778E-04 	 horizons 9.0
step 15660 	 return [0.00225182 0.00754449 0.00259401 0.00219653 0.        ], ([2.3283064e-10 0.0000000e+00 2.3283064e-10 0.0000000e+00 0.0000000e+00]) 	 loss 6.625E-04 	 horizons 9.0
step 15750 	 return [0.00225182 0.00754449 0.00259401 0.00219653 0.        ], ([2.3283064e-10 0.0000000e+00 2.3283064e-10 0.0000000e+00 0.0000000e+00]) 	 loss 6.861E-04 	 horizons 9.0
step 15840 	 return [0.00225182 0.00754449 0.00259401 0.00219653 0.        ], ([2.3283064e-10 0.0000000e+00 2.3283064e-10 0.0000000e+00 0.0000000e+00]) 	 loss 6.911E-04 	 horizons 9.0
step 15930 	 return [0.00270558 0.00687322 0.0025932  0.00219561 0.        ], ([2.3283064e-10 0.0000000e+00 2.3283064e-10 0.0000000e+00 0.0000000e+00]) 	 loss 5.879E-04 	 horizons 9.0
step 16020 	 return [0.         0.         0.0061852  0.00768153 0.00596812], ([0.000000e+00 0.000000e+00 4.656613e-10 0.000000e+00 0.000000e+00]) 	 loss 6.626E-04 	 horizons 9.0
step 16110 	 return [0.         0.         0.0061852  0.00768153 0.00596812], ([0.000000e+00 0.000000e+00 4.656613e-10 0.000000e+00 0.000000e+00]) 	 loss 5.901E-04 	 horizons 9.0
step 16200 	 return [0.         0.         0.0061852  0.00768153 0.00596812], ([0.000000e+00 0.000000e+00 4.656613e-10 0.000000e+00 0.000000e+00]) 	 loss 5.159E-04 	 horizons 9.0
step 16290 	 return [0.00225182 0.00754449 0.00259401 0.00219653 0.        ], ([2.3283064e-10 0.0000000e+00 2.3283064e-10 0.0000000e+00 0.0000000e+00]) 	 loss 4.810E-04 	 horizons 9.0
step 16380 	 return [0.00225182 0.00754449 0.00259401 0.00219653 0.        ], ([2.3283064e-10 0.0000000e+00 2.3283064e-10 0.0000000e+00 0.0000000e+00]) 	 loss 4.950E-04 	 horizons 9.0
step 16470 	 return [0.         0.         0.0061852  0.00768153 0.00596812], ([0.000000e+00 0.000000e+00 4.656613e-10 0.000000e+00 0.000000e+00]) 	 loss 4.094E-04 	 horizons 9.0
step 16560 	 return [0.00225182 0.00754449 0.00259401 0.00219653 0.        ], ([2.3283064e-10 0.0000000e+00 2.3283064e-10 0.0000000e+00 0.0000000e+00]) 	 loss 4.441E-04 	 horizons 9.0
step 16650 	 return [0.00225182 0.00754449 0.00259401 0.00219653 0.        ], ([2.3283064e-10 0.0000000e+00 2.3283064e-10 0.0000000e+00 0.0000000e+00]) 	 loss 3.804E-04 	 horizons 9.0
step 16740 	 return [0.         0.         0.0061852  0.00768153 0.00596812], ([0.000000e+00 0.000000e+00 4.656613e-10 0.000000e+00 0.000000e+00]) 	 loss 3.752E-04 	 horizons 9.0
step 16830 	 return [0.00225182 0.00754449 0.00259401 0.00219653 0.        ], ([2.3283064e-10 0.0000000e+00 2.3283064e-10 0.0000000e+00 0.0000000e+00]) 	 loss 3.158E-04 	 horizons 9.0
step 16920 	 return [0.00343229 0.00601202 0.00257277 0.00216739 0.        ], ([2.3283064e-10 0.0000000e+00 0.0000000e+00 2.3283064e-10 0.0000000e+00]) 	 loss 3.174E-04 	 horizons 9.0
step 17010 	 return [0.         0.00791088 0.00259853 0.00220187 0.        ], ([0.0000000e+00 0.0000000e+00 2.3283064e-10 0.0000000e+00 0.0000000e+00]) 	 loss 3.660E-04 	 horizons 9.0
step 17100 	 return [0.         0.         0.0061852  0.00768153 0.00596812], ([0.000000e+00 0.000000e+00 4.656613e-10 0.000000e+00 0.000000e+00]) 	 loss 3.964E-04 	 horizons 9.0
step 17190 	 return [0.00225182 0.00754449 0.00259401 0.00219653 0.        ], ([2.3283064e-10 0.0000000e+00 2.3283064e-10 0.0000000e+00 0.0000000e+00]) 	 loss 3.161E-04 	 horizons 9.0
step 17280 	 return [0.00270558 0.00687322 0.0025932  0.00219561 0.        ], ([2.3283064e-10 0.0000000e+00 2.3283064e-10 0.0000000e+00 0.0000000e+00]) 	 loss 2.762E-04 	 horizons 9.0
step 17370 	 return [0.00270558 0.00687322 0.0025932  0.00219561 0.        ], ([2.3283064e-10 0.0000000e+00 2.3283064e-10 0.0000000e+00 0.0000000e+00]) 	 loss 3.277E-04 	 horizons 9.0
step 17460 	 return [0.         0.         0.0061852  0.00768153 0.00596812], ([0.000000e+00 0.000000e+00 4.656613e-10 0.000000e+00 0.000000e+00]) 	 loss 3.490E-04 	 horizons 9.0
step 17550 	 return [0.         0.         0.0061852  0.00768153 0.00596812], ([0.000000e+00 0.000000e+00 4.656613e-10 0.000000e+00 0.000000e+00]) 	 loss 3.312E-04 	 horizons 9.0
step 17640 	 return [0.00256945 0.0070746  0.00259345 0.00219589 0.        ], ([2.0793751e-04 3.0761515e-04 3.7077004e-07 4.2262445e-07 0.0000000e+00]) 	 loss 3.330E-04 	 horizons 9.0
step 17730 	 return [0.00202664 0.00758113 0.00259446 0.00219707 0.        ], ([6.7554653e-04 1.0991665e-04 1.3555633e-06 1.6021310e-06 0.0000000e+00]) 	 loss 2.955E-04 	 horizons 9.0
step 17820 	 return [0.00022518 0.00787424 0.00259808 0.00220134 0.        ], ([6.7554659e-04 1.0991665e-04 1.3555631e-06 1.6021312e-06 0.0000000e+00]) 	 loss 3.057E-04 	 horizons 9.0
step 17910 	 return [0.00225182 0.00754449 0.00259401 0.00219653 0.        ], ([2.3283064e-10 0.0000000e+00 2.3283064e-10 0.0000000e+00 0.0000000e+00]) 	 loss 3.638E-04 	 horizons 9.0
step 18000 	 return [0.00225182 0.00754449 0.00259401 0.00219653 0.        ], ([2.3283064e-10 0.0000000e+00 2.3283064e-10 0.0000000e+00 0.0000000e+00]) 	 loss 2.716E-04 	 horizons 9.0
step 18090 	 return [0.00234257 0.00741023 0.00259385 0.00219635 0.        ], ([1.8150276e-04 2.6850851e-04 3.2363468e-07 3.6889688e-07 0.0000000e+00]) 	 loss 2.886E-04 	 horizons 9.0
step 18180 	 return [0.         0.         0.0061852  0.00768153 0.00596812], ([0.000000e+00 0.000000e+00 4.656613e-10 0.000000e+00 0.000000e+00]) 	 loss 2.891E-04 	 horizons 9.0
step 18270 	 return [0.00270558 0.00687322 0.0025932  0.00219561 0.        ], ([2.3283064e-10 0.0000000e+00 2.3283064e-10 0.0000000e+00 0.0000000e+00]) 	 loss 2.780E-04 	 horizons 9.0
step 18360 	 return [0.         0.         0.0061852  0.00768153 0.00596812], ([0.000000e+00 0.000000e+00 4.656613e-10 0.000000e+00 0.000000e+00]) 	 loss 3.301E-04 	 horizons 9.0
step 18450 	 return [0.00343229 0.00601202 0.00257277 0.00216739 0.        ], ([2.3283064e-10 0.0000000e+00 0.0000000e+00 2.3283064e-10 0.0000000e+00]) 	 loss 2.983E-04 	 horizons 9.0
step 18540 	 return [0.00252408 0.00714173 0.00259353 0.00219598 0.        ], ([2.2229456e-04 3.2885440e-04 3.9636981e-07 4.5180457e-07 0.0000000e+00]) 	 loss 3.283E-04 	 horizons 9.0
step 18630 	 return [0.00270558 0.00687322 0.0025932  0.00219561 0.        ], ([2.3283064e-10 0.0000000e+00 2.3283064e-10 0.0000000e+00 0.0000000e+00]) 	 loss 3.173E-04 	 horizons 9.0
step 18720 	 return [0.00225182 0.00754449 0.00259401 0.00219653 0.        ], ([2.3283064e-10 0.0000000e+00 2.3283064e-10 0.0000000e+00 0.0000000e+00]) 	 loss 4.057E-04 	 horizons 9.0
step 18810 	 return [0.         0.         0.0061852  0.00768153 0.00596812], ([0.000000e+00 0.000000e+00 4.656613e-10 0.000000e+00 0.000000e+00]) 	 loss 3.323E-04 	 horizons 9.0
step 18900 	 return [0.         0.         0.0061852  0.00768153 0.00596812], ([0.000000e+00 0.000000e+00 4.656613e-10 0.000000e+00 0.000000e+00]) 	 loss 3.319E-04 	 horizons 9.0
step 18990 	 return [0.00270558 0.00687322 0.0025932  0.00219561 0.        ], ([2.3283064e-10 0.0000000e+00 2.3283064e-10 0.0000000e+00 0.0000000e+00]) 	 loss 2.990E-04 	 horizons 9.0
step 19080 	 return [0.         0.         0.0061852  0.00768153 0.00596812], ([0.000000e+00 0.000000e+00 4.656613e-10 0.000000e+00 0.000000e+00]) 	 loss 2.854E-04 	 horizons 9.0
step 19170 	 return [0.00180146 0.00761777 0.00259492 0.0021976  0.        ], ([9.0072874e-04 1.4655553e-04 1.8074177e-06 2.1361745e-06 0.0000000e+00]) 	 loss 2.785E-04 	 horizons 9.0
step 19260 	 return [0.         0.         0.0061852  0.00768153 0.00596812], ([0.000000e+00 0.000000e+00 4.656613e-10 0.000000e+00 0.000000e+00]) 	 loss 2.883E-04 	 horizons 9.0
step 19350 	 return [0.00270558 0.00687322 0.0025932  0.00219561 0.        ], ([2.3283064e-10 0.0000000e+00 2.3283064e-10 0.0000000e+00 0.0000000e+00]) 	 loss 2.473E-04 	 horizons 9.0
step 19440 	 return [0.00225182 0.00754449 0.00259401 0.00219653 0.        ], ([2.3283064e-10 0.0000000e+00 2.3283064e-10 0.0000000e+00 0.0000000e+00]) 	 loss 2.774E-04 	 horizons 9.0
step 19530 	 return [0.0024787  0.00720885 0.00259361 0.00219607 0.        ], ([2.2687844e-04 3.3563562e-04 4.0454327e-07 4.6112112e-07 0.0000000e+00]) 	 loss 2.511E-04 	 horizons 9.0
step 19620 	 return [0.00225182 0.00754449 0.00259401 0.00219653 0.        ], ([2.3283064e-10 0.0000000e+00 2.3283064e-10 0.0000000e+00 0.0000000e+00]) 	 loss 2.869E-04 	 horizons 9.0
step 19710 	 return [0.         0.         0.0061852  0.00768153 0.00596812], ([0.000000e+00 0.000000e+00 4.656613e-10 0.000000e+00 0.000000e+00]) 	 loss 2.627E-04 	 horizons 9.0
step 19800 	 return [0.00270558 0.00687322 0.0025932  0.00219561 0.        ], ([2.3283064e-10 0.0000000e+00 2.3283064e-10 0.0000000e+00 0.0000000e+00]) 	 loss 2.340E-04 	 horizons 9.0
step 19890 	 return [0.00314161 0.0063565  0.00258094 0.00217868 0.        ], ([3.56015255e-04 4.21898963e-04 1.00085945e-05 1.38238966e-05
 0.00000000e+00]) 	 loss 2.650E-04 	 horizons 9.0
step 19980 	 return [0.00270558 0.00687322 0.0025932  0.00219561 0.        ], ([2.3283064e-10 0.0000000e+00 2.3283064e-10 0.0000000e+00 0.0000000e+00]) 	 loss 2.344E-04 	 horizons 9.0
step 20070 	 return [0.00180146 0.00761777 0.00259492 0.0021976  0.        ], ([9.0072874e-04 1.4655553e-04 1.8074179e-06 2.1361745e-06 0.0000000e+00]) 	 loss 2.428E-04 	 horizons 9.0
step 20160 	 return [0.00225182 0.00754449 0.00259401 0.00219653 0.        ], ([2.3283064e-10 0.0000000e+00 2.3283064e-10 0.0000000e+00 0.0000000e+00]) 	 loss 2.542E-04 	 horizons 9.0
step 20250 	 return [0.         0.         0.0061852  0.00768153 0.00596812], ([0.000000e+00 0.000000e+00 4.656613e-10 0.000000e+00 0.000000e+00]) 	 loss 2.366E-04 	 horizons 9.0
step 20340 	 return [0.00225182 0.00754449 0.00259401 0.00219653 0.        ], ([2.3283064e-10 0.0000000e+00 2.3283064e-10 0.0000000e+00 0.0000000e+00]) 	 loss 2.584E-04 	 horizons 9.0
step 20430 	 return [0.00225182 0.00754449 0.00259401 0.00219653 0.        ], ([2.3283064e-10 0.0000000e+00 2.3283064e-10 0.0000000e+00 0.0000000e+00]) 	 loss 2.402E-04 	 horizons 9.0
step 20520 	 return [0.00321428 0.00627038 0.0025789  0.00217586 0.        ], ([3.3302180e-04 3.9465036e-04 9.3621829e-06 1.2931071e-05 0.0000000e+00]) 	 loss 2.093E-04 	 horizons 9.0
step 20610 	 return [0.         0.0077651  0.0027145  0.00218035 0.        ], ([0.0000000e+00 4.3734000e-04 3.4789412e-04 6.4578373e-05 0.0000000e+00]) 	 loss 2.160E-04 	 horizons 9.0
step 20700 	 return [0.         0.         0.0061852  0.00768153 0.00596812], ([0.000000e+00 0.000000e+00 4.656613e-10 0.000000e+00 0.000000e+00]) 	 loss 1.056E-03 	 horizons 9.0
step 20790 	 return [0.00335962 0.00609814 0.00257482 0.00217022 0.        ], ([2.1801393e-04 2.5835930e-04 6.1289875e-06 8.4653730e-06 0.0000000e+00]) 	 loss 6.122E-04 	 horizons 9.0
step 20880 	 return [0.00223218 0.00605104 0.0037478  0.00198127 0.        ], ([0.0000000e+00 4.6566129e-10 4.6566129e-10 2.3283064e-10 0.0000000e+00]) 	 loss 3.753E-04 	 horizons 9.0
step 20970 	 return [0.00223414 0.00620039 0.00363242 0.0020028  0.        ], ([5.8933856e-06 4.4803374e-04 3.4613561e-04 6.4578438e-05 0.0000000e+00]) 	 loss 1.154E-02 	 horizons 9.0
step 21060 	 return [0.00225182 0.00754449 0.00259401 0.00219653 0.        ], ([2.3283064e-10 0.0000000e+00 2.3283064e-10 0.0000000e+00 0.0000000e+00]) 	 loss 5.615E-03 	 horizons 9.0
step 21150 	 return [0.00343155 0.005929   0.00257244 0.002167   0.        ], ([2.2123336e-06 2.4904328e-04 1.0066666e-06 1.1796132e-06 0.0000000e+00]) 	 loss 1.240E-03 	 horizons 9.0
step 21240 	 return [0.0022972  0.00747736 0.00259393 0.00219644 0.        ], ([1.3612707e-04 2.0138138e-04 2.4272597e-07 2.7667267e-07 0.0000000e+00]) 	 loss 1.548E-03 	 horizons 9.0
step 21330 	 return [0.00343229 0.00601202 0.00257277 0.00216739 0.        ], ([2.3283064e-10 0.0000000e+00 0.0000000e+00 2.3283064e-10 0.0000000e+00]) 	 loss 5.025E-04 	 horizons 9.0
step 21420 	 return [0.00202664 0.00758113 0.00259446 0.00219707 0.        ], ([6.7554659e-04 1.0991665e-04 1.3555634e-06 1.6021309e-06 0.0000000e+00]) 	 loss 2.514E-04 	 horizons 9.0
step 21510 	 return [0.00270558 0.00687322 0.0025932  0.00219561 0.        ], ([2.3283064e-10 0.0000000e+00 2.3283064e-10 0.0000000e+00 0.0000000e+00]) 	 loss 2.414E-04 	 horizons 9.0
step 21600 	 return [0.00225182 0.00754449 0.00259401 0.00219653 0.        ], ([2.3283064e-10 0.0000000e+00 2.3283064e-10 0.0000000e+00 0.0000000e+00]) 	 loss 1.576E-04 	 horizons 9.0
step 21690 	 return [0.00225182 0.00754449 0.00259401 0.00219653 0.        ], ([2.3283064e-10 0.0000000e+00 2.3283064e-10 0.0000000e+00 0.0000000e+00]) 	 loss 1.459E-04 	 horizons 9.0
step 21780 	 return [0.         0.         0.0061852  0.00768153 0.00596812], ([0.000000e+00 0.000000e+00 4.656613e-10 0.000000e+00 0.000000e+00]) 	 loss 1.443E-04 	 horizons 9.0
step 21870 	 return [0.00292359 0.00661486 0.00258707 0.00218715 0.        ], ([3.3302180e-04 3.9465036e-04 9.3621829e-06 1.2931072e-05 0.0000000e+00]) 	 loss 1.344E-04 	 horizons 9.0
step 21960 	 return [0.         0.         0.0061852  0.00768153 0.00596812], ([0.000000e+00 0.000000e+00 4.656613e-10 0.000000e+00 0.000000e+00]) 	 loss 1.285E-04 	 horizons 9.0
step 22050 	 return [0.0022972  0.00747736 0.00259393 0.00219644 0.        ], ([1.3612707e-04 2.0138138e-04 2.4272597e-07 2.7667267e-07 0.0000000e+00]) 	 loss 1.058E-04 	 horizons 9.0
step 22140 	 return [0.00225182 0.00754449 0.00259401 0.00219653 0.        ], ([2.3283064e-10 0.0000000e+00 2.3283064e-10 0.0000000e+00 0.0000000e+00]) 	 loss 1.007E-04 	 horizons 9.0
step 22230 	 return [0.00225182 0.00754449 0.00259401 0.00219653 0.        ], ([2.3283064e-10 0.0000000e+00 2.3283064e-10 0.0000000e+00 0.0000000e+00]) 	 loss 9.744E-05 	 horizons 9.0
step 22320 	 return [0.00022322 0.00772489 0.00271346 0.00217981 0.        ], ([6.6965312e-04 5.5795029e-04 3.4478010e-04 6.6180575e-05 0.0000000e+00]) 	 loss 9.083E-05 	 horizons 9.0
step 22410 	 return [0.00225182 0.00754449 0.00259401 0.00219653 0.        ], ([2.3283064e-10 0.0000000e+00 2.3283064e-10 0.0000000e+00 0.0000000e+00]) 	 loss 1.344E-02 	 horizons 9.0
step 22500 	 return [0.         0.00791088 0.00259853 0.00220187 0.        ], ([0.0000000e+00 0.0000000e+00 2.3283064e-10 0.0000000e+00 0.0000000e+00]) 	 loss 3.556E-04 	 horizons 9.0
step 22590 	 return [0.00270558 0.00687322 0.0025932  0.00219561 0.        ], ([2.3283064e-10 0.0000000e+00 2.3283064e-10 0.0000000e+00 0.0000000e+00]) 	 loss 3.153E-04 	 horizons 9.0
step 22680 	 return [0.00270558 0.00687322 0.0025932  0.00219561 0.        ], ([2.3283064e-10 0.0000000e+00 2.3283064e-10 0.0000000e+00 0.0000000e+00]) 	 loss 1.950E-04 	 horizons 9.0
step 22770 	 return [0.         0.         0.0061852  0.00768153 0.00596812], ([0.000000e+00 0.000000e+00 4.656613e-10 0.000000e+00 0.000000e+00]) 	 loss 1.949E-04 	 horizons 9.0
step 22860 	 return [0.00270558 0.00687322 0.0025932  0.00219561 0.        ], ([2.3283064e-10 0.0000000e+00 2.3283064e-10 0.0000000e+00 0.0000000e+00]) 	 loss 1.753E-04 	 horizons 9.0
step 22950 	 return [0.         0.         0.0061852  0.00768153 0.00596812], ([0.000000e+00 0.000000e+00 4.656613e-10 0.000000e+00 0.000000e+00]) 	 loss 1.981E-04 	 horizons 9.0
step 23040 	 return [0.         0.         0.0061852  0.00768153 0.00596812], ([0.000000e+00 0.000000e+00 4.656613e-10 0.000000e+00 0.000000e+00]) 	 loss 1.641E-04 	 horizons 9.0
step 23130 	 return [0.00270558 0.00687322 0.0025932  0.00219561 0.        ], ([2.3283064e-10 0.0000000e+00 2.3283064e-10 0.0000000e+00 0.0000000e+00]) 	 loss 1.685E-04 	 horizons 9.0
step 23220 	 return [0.         0.         0.0061852  0.00768153 0.00596812], ([0.000000e+00 0.000000e+00 4.656613e-10 0.000000e+00 0.000000e+00]) 	 loss 1.600E-04 	 horizons 9.0
step 23310 	 return [0.         0.         0.0061852  0.00768153 0.00596812], ([0.000000e+00 0.000000e+00 4.656613e-10 0.000000e+00 0.000000e+00]) 	 loss 1.305E-04 	 horizons 9.0
step 23400 	 return [0.00225182 0.00754449 0.00259401 0.00219653 0.        ], ([2.3283064e-10 0.0000000e+00 2.3283064e-10 0.0000000e+00 0.0000000e+00]) 	 loss 1.258E-04 	 horizons 9.0
step 23490 	 return [0.         0.         0.0061852  0.00768153 0.00596812], ([0.000000e+00 0.000000e+00 4.656613e-10 0.000000e+00 0.000000e+00]) 	 loss 1.211E-04 	 horizons 9.0
step 23580 	 return [0.00225182 0.00754449 0.00259401 0.00219653 0.        ], ([2.3283064e-10 0.0000000e+00 2.3283064e-10 0.0000000e+00 0.0000000e+00]) 	 loss 1.059E-04 	 horizons 9.0
step 23670 	 return [0.         0.         0.0061852  0.00768153 0.00596812], ([0.000000e+00 0.000000e+00 4.656613e-10 0.000000e+00 0.000000e+00]) 	 loss 9.635E-05 	 horizons 9.0
step 23760 	 return [0.0022972  0.00747736 0.00259393 0.00219644 0.        ], ([1.3612707e-04 2.0138138e-04 2.4272597e-07 2.7667267e-07 0.0000000e+00]) 	 loss 1.057E-04 	 horizons 9.0
step 23850 	 return [0.         0.         0.0061852  0.00768153 0.00596812], ([0.000000e+00 0.000000e+00 4.656613e-10 0.000000e+00 0.000000e+00]) 	 loss 9.847E-05 	 horizons 9.0
step 23940 	 return [0.         0.         0.0061852  0.00768153 0.00596812], ([0.000000e+00 0.000000e+00 4.656613e-10 0.000000e+00 0.000000e+00]) 	 loss 9.147E-05 	 horizons 9.0
step 24030 	 return [0.00225182 0.00754449 0.00259401 0.00219653 0.        ], ([2.3283064e-10 0.0000000e+00 2.3283064e-10 0.0000000e+00 0.0000000e+00]) 	 loss 1.007E-04 	 horizons 9.0
step 24120 	 return [0.00225182 0.00754449 0.00259401 0.00219653 0.        ], ([2.3283064e-10 0.0000000e+00 2.3283064e-10 0.0000000e+00 0.0000000e+00]) 	 loss 7.271E-05 	 horizons 9.0
step 24210 	 return [0.00022518 0.00787424 0.00259808 0.00220134 0.        ], ([6.7554659e-04 1.0991665e-04 1.3555632e-06 1.6021309e-06 0.0000000e+00]) 	 loss 8.306E-05 	 horizons 9.0
step 24300 	 return [0.00270558 0.00687322 0.0025932  0.00219561 0.        ], ([2.3283064e-10 0.0000000e+00 2.3283064e-10 0.0000000e+00 0.0000000e+00]) 	 loss 1.207E-04 	 horizons 9.0
step 24390 	 return [0.00225182 0.00754449 0.00259401 0.00219653 0.        ], ([2.3283064e-10 0.0000000e+00 2.3283064e-10 0.0000000e+00 0.0000000e+00]) 	 loss 8.283E-05 	 horizons 9.0
step 24480 	 return [0.00270558 0.00687322 0.0025932  0.00219561 0.        ], ([2.3283064e-10 0.0000000e+00 2.3283064e-10 0.0000000e+00 0.0000000e+00]) 	 loss 9.067E-05 	 horizons 9.0
step 24570 	 return [0.00270558 0.00687322 0.0025932  0.00219561 0.        ], ([2.3283064e-10 0.0000000e+00 2.3283064e-10 0.0000000e+00 0.0000000e+00]) 	 loss 1.013E-04 	 horizons 9.0
step 24660 	 return [0.00252408 0.00714173 0.00259353 0.00219598 0.        ], ([2.2229458e-04 3.2885440e-04 3.9636981e-07 4.5180457e-07 0.0000000e+00]) 	 loss 9.075E-05 	 horizons 9.0
step 24750 	 return [0.         0.         0.0061852  0.00768153 0.00596812], ([0.000000e+00 0.000000e+00 4.656613e-10 0.000000e+00 0.000000e+00]) 	 loss 7.800E-05 	 horizons 9.0
step 24840 	 return [0.         0.         0.0061852  0.00768153 0.00596812], ([0.000000e+00 0.000000e+00 4.656613e-10 0.000000e+00 0.000000e+00]) 	 loss 9.320E-05 	 horizons 9.0
step 24930 	 return [0.00225182 0.00754449 0.00259401 0.00219653 0.        ], ([2.3283064e-10 0.0000000e+00 2.3283064e-10 0.0000000e+00 0.0000000e+00]) 	 loss 8.875E-05 	 horizons 9.0
step 25020 	 return [0.00343229 0.00601202 0.00257277 0.00216739 0.        ], ([2.3283064e-10 0.0000000e+00 0.0000000e+00 2.3283064e-10 0.0000000e+00]) 	 loss 8.287E-05 	 horizons 9.0
step 25110 	 return [0.0026602  0.00694034 0.00259328 0.0021957  0.        ], ([1.3612707e-04 2.0138138e-04 2.4272597e-07 2.7667267e-07 0.0000000e+00]) 	 loss 1.166E-04 	 horizons 9.0
step 25200 	 return [0.00343229 0.00601202 0.00257277 0.00216739 0.        ], ([2.3283064e-10 0.0000000e+00 0.0000000e+00 2.3283064e-10 0.0000000e+00]) 	 loss 1.082E-04 	 horizons 9.0
step 25290 	 return [0.00225182 0.00754449 0.00259401 0.00219653 0.        ], ([2.3283064e-10 0.0000000e+00 2.3283064e-10 0.0000000e+00 0.0000000e+00]) 	 loss 1.042E-04 	 horizons 9.0
step 25380 	 return [0.00225182 0.00754449 0.00259401 0.00219653 0.        ], ([2.3283064e-10 0.0000000e+00 2.3283064e-10 0.0000000e+00 0.0000000e+00]) 	 loss 1.034E-04 	 horizons 9.0
step 25470 	 return [0.00225182 0.00754449 0.00259401 0.00219653 0.        ], ([2.3283064e-10 0.0000000e+00 2.3283064e-10 0.0000000e+00 0.0000000e+00]) 	 loss 1.141E-04 	 horizons 9.0
step 25560 	 return [0.         0.         0.0061852  0.00768153 0.00596812], ([0.000000e+00 0.000000e+00 4.656613e-10 0.000000e+00 0.000000e+00]) 	 loss 1.090E-04 	 horizons 9.0
step 25650 	 return [0.         0.         0.0061852  0.00768153 0.00596812], ([0.000000e+00 0.000000e+00 4.656613e-10 0.000000e+00 0.000000e+00]) 	 loss 1.104E-04 	 horizons 9.0
step 25740 	 return [0.00225182 0.00754449 0.00259401 0.00219653 0.        ], ([2.3283064e-10 0.0000000e+00 2.3283064e-10 0.0000000e+00 0.0000000e+00]) 	 loss 1.044E-04 	 horizons 9.0
step 25830 	 return [0.00225182 0.00754449 0.00259401 0.00219653 0.        ], ([2.3283064e-10 0.0000000e+00 2.3283064e-10 0.0000000e+00 0.0000000e+00]) 	 loss 1.069E-04 	 horizons 9.0
step 25920 	 return [0.00328695 0.00618426 0.00257686 0.00217304 0.        ], ([2.9068525e-04 3.4447908e-04 8.1719827e-06 1.1287164e-05 0.0000000e+00]) 	 loss 1.060E-04 	 horizons 9.0
step 26010 	 return [0.00225182 0.00754449 0.00259401 0.00219653 0.        ], ([2.3283064e-10 0.0000000e+00 2.3283064e-10 0.0000000e+00 0.0000000e+00]) 	 loss 1.132E-04 	 horizons 9.0
step 26100 	 return [0.00225182 0.00754449 0.00259401 0.00219653 0.        ], ([2.3283064e-10 0.0000000e+00 2.3283064e-10 0.0000000e+00 0.0000000e+00]) 	 loss 9.519E-05 	 horizons 9.0
step 26190 	 return [0.00343229 0.00601202 0.00257277 0.00216739 0.        ], ([2.3283064e-10 0.0000000e+00 0.0000000e+00 2.3283064e-10 0.0000000e+00]) 	 loss 8.859E-05 	 horizons 9.0
step 26280 	 return [0.00270558 0.00687322 0.0025932  0.00219561 0.        ], ([2.3283064e-10 0.0000000e+00 2.3283064e-10 0.0000000e+00 0.0000000e+00]) 	 loss 9.620E-05 	 horizons 9.0
step 26370 	 return [0.         0.00791088 0.00259853 0.00220187 0.        ], ([0.0000000e+00 0.0000000e+00 2.3283064e-10 0.0000000e+00 0.0000000e+00]) 	 loss 1.007E-04 	 horizons 9.0
step 26460 	 return [0.00225182 0.00754449 0.00259401 0.00219653 0.        ], ([2.3283064e-10 0.0000000e+00 2.3283064e-10 0.0000000e+00 0.0000000e+00]) 	 loss 9.913E-05 	 horizons 9.0
step 26550 	 return [0.00225182 0.00754449 0.00259401 0.00219653 0.        ], ([2.3283064e-10 0.0000000e+00 2.3283064e-10 0.0000000e+00 0.0000000e+00]) 	 loss 8.793E-05 	 horizons 9.0
step 26640 	 return [0.00225182 0.00754449 0.00259401 0.00219653 0.        ], ([2.3283064e-10 0.0000000e+00 2.3283064e-10 0.0000000e+00 0.0000000e+00]) 	 loss 8.642E-05 	 horizons 9.0
step 26730 	 return [0.00225182 0.00754449 0.00259401 0.00219653 0.        ], ([2.3283064e-10 0.0000000e+00 2.3283064e-10 0.0000000e+00 0.0000000e+00]) 	 loss 7.442E-05 	 horizons 9.0
step 26820 	 return [0.00225182 0.00754449 0.00259401 0.00219653 0.        ], ([2.3283064e-10 0.0000000e+00 2.3283064e-10 0.0000000e+00 0.0000000e+00]) 	 loss 7.865E-05 	 horizons 9.0
step 26910 	 return [0.00225182 0.00754449 0.00259401 0.00219653 0.        ], ([2.3283064e-10 0.0000000e+00 2.3283064e-10 0.0000000e+00 0.0000000e+00]) 	 loss 7.524E-05 	 horizons 9.0
step 27000 	 return [0.00225182 0.00754449 0.00259401 0.00219653 0.        ], ([2.3283064e-10 0.0000000e+00 2.3283064e-10 0.0000000e+00 0.0000000e+00]) 	 loss 6.914E-05 	 horizons 9.0
step 27090 	 return [0.00343229 0.00601202 0.00257277 0.00216739 0.        ], ([2.3283064e-10 0.0000000e+00 0.0000000e+00 2.3283064e-10 0.0000000e+00]) 	 loss 6.212E-05 	 horizons 9.0
step 27180 	 return [0.00225182 0.00754449 0.00259401 0.00219653 0.        ], ([2.3283064e-10 0.0000000e+00 2.3283064e-10 0.0000000e+00 0.0000000e+00]) 	 loss 6.105E-05 	 horizons 9.0
step 27270 	 return [0.00225182 0.00754449 0.00259401 0.00219653 0.        ], ([2.3283064e-10 0.0000000e+00 2.3283064e-10 0.0000000e+00 0.0000000e+00]) 	 loss 5.253E-05 	 horizons 9.0
step 27360 	 return [0.00022322 0.00772489 0.00271346 0.00217981 0.        ], ([6.6965312e-04 5.5795035e-04 3.4478010e-04 6.6180575e-05 0.0000000e+00]) 	 loss 5.934E-05 	 horizons 9.0
step 27450 	 return [0.00225182 0.00754449 0.00259401 0.00219653 0.        ], ([2.3283064e-10 0.0000000e+00 2.3283064e-10 0.0000000e+00 0.0000000e+00]) 	 loss 6.943E-05 	 horizons 9.0
step 27540 	 return [0.         0.         0.0061852  0.00768153 0.00596812], ([0.000000e+00 0.000000e+00 4.656613e-10 0.000000e+00 0.000000e+00]) 	 loss 5.217E-05 	 horizons 9.0
step 27630 	 return [0.00225182 0.00754449 0.00259401 0.00219653 0.        ], ([2.3283064e-10 0.0000000e+00 2.3283064e-10 0.0000000e+00 0.0000000e+00]) 	 loss 6.510E-05 	 horizons 9.0
step 27720 	 return [0.00343229 0.00601202 0.00257277 0.00216739 0.        ], ([2.3283064e-10 0.0000000e+00 0.0000000e+00 2.3283064e-10 0.0000000e+00]) 	 loss 4.903E-05 	 horizons 9.0
step 27810 	 return [0.         0.         0.0061852  0.00768153 0.00596812], ([0.000000e+00 0.000000e+00 4.656613e-10 0.000000e+00 0.000000e+00]) 	 loss 6.205E-05 	 horizons 9.0
step 27900 	 return [0.00270558 0.00687322 0.0025932  0.00219561 0.        ], ([2.3283064e-10 0.0000000e+00 2.3283064e-10 0.0000000e+00 0.0000000e+00]) 	 loss 5.383E-05 	 horizons 9.0
step 27990 	 return [0.00225182 0.00754449 0.00259401 0.00219653 0.        ], ([2.3283064e-10 0.0000000e+00 2.3283064e-10 0.0000000e+00 0.0000000e+00]) 	 loss 7.624E-05 	 horizons 9.0
step 28080 	 return [0.00343229 0.00601202 0.00257277 0.00216739 0.        ], ([2.3283064e-10 0.0000000e+00 0.0000000e+00 2.3283064e-10 0.0000000e+00]) 	 loss 6.163E-05 	 horizons 9.0
step 28170 	 return [0.0026602  0.00694034 0.00259328 0.0021957  0.        ], ([1.3612707e-04 2.0138138e-04 2.4272597e-07 2.7667267e-07 0.0000000e+00]) 	 loss 6.378E-05 	 horizons 9.0
step 28260 	 return [0.00234257 0.00741023 0.00259385 0.00219635 0.        ], ([1.8150276e-04 2.6850851e-04 3.2363459e-07 3.6889688e-07 0.0000000e+00]) 	 loss 6.825E-05 	 horizons 9.0
step 28350 	 return [0.00270558 0.00687322 0.0025932  0.00219561 0.        ], ([2.3283064e-10 0.0000000e+00 2.3283064e-10 0.0000000e+00 0.0000000e+00]) 	 loss 6.394E-05 	 horizons 9.0
step 28440 	 return [0.         0.         0.0061852  0.00768153 0.00596812], ([0.000000e+00 0.000000e+00 4.656613e-10 0.000000e+00 0.000000e+00]) 	 loss 7.444E-05 	 horizons 9.0
step 28530 	 return [0.         0.         0.0061852  0.00768153 0.00596812], ([0.000000e+00 0.000000e+00 4.656613e-10 0.000000e+00 0.000000e+00]) 	 loss 7.218E-05 	 horizons 9.0
step 28620 	 return [0.00270558 0.00687322 0.0025932  0.00219561 0.        ], ([2.3283064e-10 0.0000000e+00 2.3283064e-10 0.0000000e+00 0.0000000e+00]) 	 loss 7.420E-05 	 horizons 9.0
step 28710 	 return [0.00343229 0.00601202 0.00257277 0.00216739 0.        ], ([2.3283064e-10 0.0000000e+00 0.0000000e+00 2.3283064e-10 0.0000000e+00]) 	 loss 8.254E-05 	 horizons 9.0
step 28800 	 return [0.00225182 0.00754449 0.00259401 0.00219653 0.        ], ([2.3283064e-10 0.0000000e+00 2.3283064e-10 0.0000000e+00 0.0000000e+00]) 	 loss 7.027E-05 	 horizons 9.0
step 28890 	 return [0.         0.         0.0061852  0.00768153 0.00596812], ([0.000000e+00 0.000000e+00 4.656613e-10 0.000000e+00 0.000000e+00]) 	 loss 6.951E-05 	 horizons 9.0
step 28980 	 return [0.00225182 0.00754449 0.00259401 0.00219653 0.        ], ([2.3283064e-10 0.0000000e+00 2.3283064e-10 0.0000000e+00 0.0000000e+00]) 	 loss 6.289E-05 	 horizons 9.0
step 29070 	 return [0.00335962 0.00609814 0.00257482 0.00217022 0.        ], ([2.1801394e-04 2.5835933e-04 6.1289875e-06 8.4653730e-06 0.0000000e+00]) 	 loss 6.788E-05 	 horizons 9.0
step 29160 	 return [0.00180146 0.00761777 0.00259492 0.0021976  0.        ], ([9.0072874e-04 1.4655553e-04 1.8074177e-06 2.1361745e-06 0.0000000e+00]) 	 loss 6.404E-05 	 horizons 9.0
step 29250 	 return [0.00225182 0.00754449 0.00259401 0.00219653 0.        ], ([2.3283064e-10 0.0000000e+00 2.3283064e-10 0.0000000e+00 0.0000000e+00]) 	 loss 5.946E-05 	 horizons 9.0
step 29340 	 return [0.00277825 0.0067871  0.00259116 0.00219279 0.        ], ([2.1801396e-04 2.5835933e-04 6.1289870e-06 8.4653730e-06 0.0000000e+00]) 	 loss 6.847E-05 	 horizons 9.0
step 29430 	 return [0.00225182 0.00754449 0.00259401 0.00219653 0.        ], ([2.3283064e-10 0.0000000e+00 2.3283064e-10 0.0000000e+00 0.0000000e+00]) 	 loss 7.241E-05 	 horizons 9.0
step 29520 	 return [0.00321428 0.00627038 0.0025789  0.00217586 0.        ], ([3.3302174e-04 3.9465036e-04 9.3621829e-06 1.2931071e-05 0.0000000e+00]) 	 loss 6.760E-05 	 horizons 9.0
step 29610 	 return [0.00285092 0.00670098 0.00258912 0.00218997 0.        ], ([2.9068525e-04 3.4447908e-04 8.1719827e-06 1.1287164e-05 0.0000000e+00]) 	 loss 7.044E-05 	 horizons 9.0
step 29700 	 return [0.         0.         0.0061852  0.00768153 0.00596812], ([0.000000e+00 0.000000e+00 4.656613e-10 0.000000e+00 0.000000e+00]) 	 loss 7.375E-05 	 horizons 9.0
step 29790 	 return [0.00225182 0.00754449 0.00259401 0.00219653 0.        ], ([2.3283064e-10 0.0000000e+00 2.3283064e-10 0.0000000e+00 0.0000000e+00]) 	 loss 6.505E-05 	 horizons 9.0
step 29880 	 return [0.00045036 0.0078376  0.00259763 0.00220081 0.        ], ([9.0072874e-04 1.4655553e-04 1.8074176e-06 2.1361745e-06 0.0000000e+00]) 	 loss 6.912E-05 	 horizons 9.0
step 29970 	 return [0.         0.         0.0061852  0.00768153 0.00596812], ([0.000000e+00 0.000000e+00 4.656613e-10 0.000000e+00 0.000000e+00]) 	 loss 7.152E-05 	 horizons 9.0
step 30060 	 return [0.         0.         0.0061852  0.00768153 0.00596812], ([0.000000e+00 0.000000e+00 4.656613e-10 0.000000e+00 0.000000e+00]) 	 loss 6.478E-05 	 horizons 9.0
[1;34mwandb[0m: 
[1;34mwandb[0m: 🚀 View run [33mmotndp_amsterdam-v0__GCN-amsterdam-g5-l0__789__1781501622[0m at: [34mhttps://wandb.ai/jingyuan-sun03-tu-delft/cl_ablation/runs/qrnhjth1[0m
[1;34mwandb[0m: Find logs at: [1;35mwandb/run-20260615_073343-qrnhjth1/logs[0m
