/home/SinJ/mo-transport-network-design/.venv/lib/python3.13/site-packages/pygame/pkgdata.py:25: UserWarning: pkg_resources is deprecated as an API. See https://setuptools.pypa.io/en/latest/pkg_resources.html. The pkg_resources package is slated for removal as early as 2025-11-30. Refrain from using this package or pin to Setuptools<81.
  from pkg_resources import resource_stream, resource_exists
wandb: [wandb.login()] Loaded credentials for https://api.wandb.ai from /home/SinJ/.netrc.
wandb: Currently logged in as: jingyuan-sun03 (jingyuan-sun03-tu-delft) to https://api.wandb.ai. Use `wandb login --relogin` to force relogin
wandb: setting up run 1qkuc5bc
wandb: Tracking run with wandb version 0.27.2
wandb: Run data is saved locally in /home/SinJ/mo-transport-network-design/wandb/run-20260615_073407-1qkuc5bc
wandb: Run `wandb offline` to turn off syncing.
wandb: Syncing run motndp_amsterdam-v0__GCN-amsterdam-g5-temporal__123__1781501647
wandb: ⭐️ View project at https://wandb.ai/jingyuan-sun03-tu-delft/cl_ablation
wandb: 🚀 View run at https://wandb.ai/jingyuan-sun03-tu-delft/cl_ablation/runs/1qkuc5bc
/home/SinJ/mo-transport-network-design/morl-baselines/morl_baselines/multi_policy/gcn/gcn.py:151: UserWarning: Creating a tensor from a list of numpy.ndarrays is extremely slow. Please consider converting the list to a single numpy.ndarray with numpy.array() before converting to a tensor. (Triggered internally at /pytorch/torch/csrc/utils/tensor_new.cpp:253.)
  th.tensor(obs).to(self.device),
Namespace(env='amsterdam', nr_groups=5, starting_loc_x=9, starting_loc_y=19, nr_stations=10, lr=0.01, batch_size=256, num_er_episodes=100, num_step_episodes=10, num_model_updates=10, num_policies=10, max_buffer_size=200, nr_layers=1, hidden_dim=128, timesteps=30000, no_log=False, seed=123, cd_threshold=0.2, distance_ref='interpolate2', gcn_lambda=0.0, lambda_schedule='cosine', lambda_start=1.0, lambda_end=0.0, lambda_warmup_fraction=0.1, lambda_freeze_fraction=0.1, spatial_alpha=0.0, include_demand_context=False, criterion='lorenz', nash_mode='pareto_sized', nash_top_k=None, nash_shift=0.0, project_name='cl_ablation', experiment_name='GCN-amsterdam-g5-temporal', wandb_entity=None)
step 990 	 return [0.0001244  0.00136722 0.00112034 0.00132118 0.00066689], ([0.0003732  0.00246671 0.00119274 0.00161104 0.00133512]) 	 loss 2.027E+00 	 horizons 9.0
step 1080 	 return [0.         0.00039649 0.00089815 0.00136494 0.00139577], ([0.         0.00092794 0.00177376 0.00142495 0.00320784]) 	 loss 1.821E+00 	 horizons 9.0
step 1170 	 return [0.0003191  0.00183194 0.00046463 0.00130638 0.00070771], ([0.00095729 0.00175418 0.00024141 0.00146782 0.00152345]) 	 loss 1.389E+00 	 horizons 9.0
step 1260 	 return [0.         0.0019406  0.00247803 0.00189787 0.00057291], ([0.         0.002223   0.0027937  0.00170362 0.00114583]) 	 loss 1.197E+00 	 horizons 9.0
step 1350 	 return [0.         0.00284048 0.00331741 0.00202581 0.00104373], ([0.         0.00286632 0.00237556 0.00141238 0.00175508]) 	 loss 1.120E+00 	 horizons 9.0
step 1440 	 return [0.         0.00184256 0.00305678 0.0023794  0.0028814 ], ([0.         0.00271769 0.00195119 0.00145087 0.00255202]) 	 loss 1.084E+00 	 horizons 9.0
step 1530 	 return [0.         0.00105064 0.00529564 0.00254585 0.00164582], ([0.         0.00154009 0.0019492  0.00135187 0.00345429]) 	 loss 1.033E+00 	 horizons 9.0
step 1620 	 return [0.         0.         0.00595643 0.00406352 0.00560647], ([0.         0.         0.00184902 0.00157323 0.00318972]) 	 loss 1.005E+00 	 horizons 9.0
step 1710 	 return [0.         0.0024927  0.00251259 0.00219799 0.00138663], ([0.         0.00229617 0.00125753 0.00179605 0.00183949]) 	 loss 9.604E-01 	 horizons 9.0
step 1800 	 return [0.         0.         0.00554493 0.00436337 0.0059224 ], ([0.         0.         0.00086073 0.00113864 0.00203897]) 	 loss 9.020E-01 	 horizons 9.0
step 1890 	 return [0.         0.         0.0067558  0.00328206 0.0023931 ], ([0.         0.         0.00168081 0.00125272 0.0034182 ]) 	 loss 9.101E-01 	 horizons 9.0
step 1980 	 return [0.         0.00374669 0.00335424 0.0010914  0.00047094], ([0.         0.00211874 0.00158127 0.00064012 0.00141281]) 	 loss 8.582E-01 	 horizons 9.0
step 2070 	 return [0.00178692 0.00314699 0.00041302 0.00063073 0.        ], ([1.2557546e-03 2.0582257e-03 9.5965566e-05 3.5340749e-04 0.0000000e+00]) 	 loss 8.384E-01 	 horizons 9.0
step 2160 	 return [0.00179451 0.00173092 0.00047398 0.00088633 0.        ], ([0.00143839 0.00167102 0.00011277 0.00031275 0.        ]) 	 loss 8.064E-01 	 horizons 9.0
step 2250 	 return [0.         0.         0.0065143  0.00404077 0.00500865], ([0.         0.         0.00093401 0.00151908 0.00257396]) 	 loss 7.568E-01 	 horizons 9.0
step 2340 	 return [0.         0.00090113 0.00615724 0.00240279 0.00084393], ([0.         0.00124899 0.00088478 0.00148083 0.00172305]) 	 loss 7.443E-01 	 horizons 9.0
step 2430 	 return [0.         0.00073505 0.00141136 0.00330486 0.00033119], ([0.         0.00079784 0.00094768 0.00120887 0.00099356]) 	 loss 6.926E-01 	 horizons 9.0
step 2520 	 return [0.         0.00061615 0.00728919 0.00256783 0.00063289], ([0.         0.00184845 0.00056239 0.00067957 0.00077513]) 	 loss 6.953E-01 	 horizons 9.0
step 2610 	 return [0.         0.         0.00478962 0.00402282 0.00708523], ([0.         0.         0.0015207  0.00103147 0.00268115]) 	 loss 6.595E-01 	 horizons 9.0
step 2700 	 return [0.         0.         0.0069208  0.00338399 0.00242491], ([0.         0.         0.00068811 0.00091945 0.00150326]) 	 loss 6.445E-01 	 horizons 9.0
step 2790 	 return [0.00138921 0.00381287 0.00042416 0.00066208 0.        ], ([0.00140461 0.00049621 0.00011423 0.00040173 0.        ]) 	 loss 6.084E-01 	 horizons 9.0
step 2880 	 return [0.         0.         0.00530399 0.0037286  0.00653533], ([0.         0.         0.00094153 0.00101378 0.00216928]) 	 loss 5.757E-01 	 horizons 9.0
step 2970 	 return [0.         0.         0.00665245 0.00326474 0.00268669], ([0.         0.         0.00148245 0.00082583 0.00363514]) 	 loss 5.974E-01 	 horizons 9.0
step 3060 	 return [0.00189583 0.00393117 0.00043824 0.00075652 0.        ], ([1.1140262e-03 1.7478316e-03 9.1033675e-05 3.6503046e-04 0.0000000e+00]) 	 loss 5.800E-01 	 horizons 9.0
step 3150 	 return [0.000754   0.00439717 0.00049254 0.0009154  0.        ], ([1.1831233e-03 1.6547451e-03 6.4010550e-05 2.3952569e-04 0.0000000e+00]) 	 loss 5.813E-01 	 horizons 9.0
step 3240 	 return [0.         0.         0.00605772 0.00480662 0.00626638], ([0.0000000e+00 0.0000000e+00 3.4539731e-05 5.4675707e-04 1.6444442e-03]) 	 loss 5.725E-01 	 horizons 9.0
step 3330 	 return [0.00061896 0.00457743 0.00049442 0.00092632 0.        ], ([0.00098578 0.00148481 0.00010058 0.00035476 0.        ]) 	 loss 5.391E-01 	 horizons 9.0
step 3420 	 return [0.00116456 0.00572002 0.00073132 0.00096019 0.        ], ([0.00097717 0.00129446 0.00046893 0.00031128 0.        ]) 	 loss 5.502E-01 	 horizons 9.0
step 3510 	 return [0.         0.0010192  0.00242568 0.00367896 0.00080464], ([0.         0.00084389 0.00105037 0.00104772 0.00163276]) 	 loss 5.292E-01 	 horizons 9.0
step 3600 	 return [0.00305223 0.00230229 0.00039406 0.00084193 0.        ], ([6.5704662e-04 1.0428034e-03 6.7141162e-05 3.3989266e-04 0.0000000e+00]) 	 loss 5.349E-01 	 horizons 9.0
step 3690 	 return [0.         0.00389425 0.00511978 0.00108875 0.        ], ([0.         0.00274988 0.00152791 0.00066571 0.        ]) 	 loss 5.064E-01 	 horizons 9.0
step 3780 	 return [0.00217294 0.00148383 0.00048712 0.00109808 0.        ], ([0.00150776 0.00121702 0.00011814 0.00021887 0.        ]) 	 loss 5.084E-01 	 horizons 9.0
step 3870 	 return [0.0014413  0.00627499 0.00092275 0.00120963 0.        ], ([0.0012028  0.00124283 0.00071912 0.0002504  0.        ]) 	 loss 5.013E-01 	 horizons 9.0
step 3960 	 return [0.         0.         0.00750204 0.00358752 0.00222255], ([0.         0.         0.00072593 0.00108135 0.00187643]) 	 loss 4.808E-01 	 horizons 9.0
step 4050 	 return [0.         0.         0.00506449 0.00366287 0.00774774], ([0.         0.         0.00110956 0.00130699 0.00260044]) 	 loss 4.986E-01 	 horizons 9.0
step 4140 	 return [0.         0.00049254 0.00758378 0.00377545 0.00188448], ([0.         0.00147762 0.00097755 0.00104543 0.0022753 ]) 	 loss 4.855E-01 	 horizons 9.0
step 4230 	 return [0.0034132  0.00221855 0.0004655  0.00112245 0.        ], ([0.0005968  0.00100338 0.00011128 0.00021981 0.        ]) 	 loss 5.321E-01 	 horizons 9.0
step 4320 	 return [0.         0.         0.00521912 0.00404202 0.00678937], ([0.         0.         0.00116892 0.00152752 0.00300138]) 	 loss 4.694E-01 	 horizons 9.0
step 4410 	 return [0.         0.00580988 0.00547363 0.00157957 0.        ], ([0.         0.002701   0.00186991 0.00122927 0.        ]) 	 loss 4.607E-01 	 horizons 9.0
step 4500 	 return [0.00255185 0.0039313  0.00063585 0.00127446 0.        ], ([0.00076623 0.0010085  0.00035437 0.00041642 0.        ]) 	 loss 4.665E-01 	 horizons 9.0
step 4590 	 return [0.00181709 0.00551049 0.00149085 0.00155057 0.        ], ([0.00092914 0.0015456  0.00076172 0.00045863 0.        ]) 	 loss 4.609E-01 	 horizons 9.0
step 4680 	 return [0.         0.00750503 0.00446307 0.00127451 0.        ], ([0.         0.00221098 0.0017754  0.00053752 0.        ]) 	 loss 4.688E-01 	 horizons 9.0
step 4770 	 return [0.         0.00467577 0.00713781 0.00213392 0.00047122], ([0.         0.00273255 0.00160522 0.00139153 0.00141366]) 	 loss 4.480E-01 	 horizons 9.0
step 4860 	 return [0.         0.         0.00590817 0.00370282 0.00712581], ([0.         0.         0.00088895 0.00104978 0.00258012]) 	 loss 4.197E-01 	 horizons 9.0
step 4950 	 return [0.         0.         0.00562963 0.00381667 0.00816642], ([0.         0.         0.00110112 0.00136008 0.00201882]) 	 loss 3.998E-01 	 horizons 9.0
step 5040 	 return [0.         0.         0.00114773 0.00278835 0.01060785], ([0.         0.         0.0005478  0.00047095 0.00301831]) 	 loss 3.873E-01 	 horizons 9.0
step 5130 	 return [0.         0.         0.00683191 0.00466961 0.00520915], ([0.         0.         0.00086181 0.00077707 0.00116406]) 	 loss 3.884E-01 	 horizons 9.0
step 5220 	 return [0.         0.         0.00536613 0.00348197 0.00815128], ([0.         0.         0.00081231 0.00046695 0.00192449]) 	 loss 3.614E-01 	 horizons 9.0
step 5310 	 return [0.         0.00019672 0.00809112 0.00492919 0.00172282], ([0.         0.00059016 0.00151738 0.00095204 0.00265042]) 	 loss 4.029E-01 	 horizons 9.0
step 5400 	 return [0.         0.00643368 0.00608437 0.00128713 0.        ], ([0.         0.00154801 0.00175478 0.00054408 0.        ]) 	 loss 3.758E-01 	 horizons 9.0
step 5490 	 return [0.         0.         0.00706857 0.00523211 0.00448378], ([0.         0.         0.00099097 0.00120683 0.00150937]) 	 loss 3.791E-01 	 horizons 9.0
step 5580 	 return [0.         0.         0.00731236 0.00478454 0.00303804], ([0.         0.         0.00142081 0.00064988 0.00262654]) 	 loss 3.825E-01 	 horizons 9.0
step 5670 	 return [0.         0.         0.00176428 0.00253337 0.01194971], ([0.         0.         0.00081791 0.00011135 0.00044207]) 	 loss 3.702E-01 	 horizons 9.0
step 5760 	 return [0.         0.         0.00640877 0.00477063 0.00590332], ([0.         0.         0.00046865 0.00098123 0.00110779]) 	 loss 3.341E-01 	 horizons 9.0
step 5850 	 return [0.         0.         0.005882   0.00478341 0.00736501], ([0.         0.         0.00086095 0.00086031 0.00201505]) 	 loss 3.606E-01 	 horizons 9.0
step 5940 	 return [0.00041777 0.00704225 0.00317345 0.00173518 0.        ], ([0.00051231 0.00119589 0.00087175 0.00055427 0.        ]) 	 loss 3.393E-01 	 horizons 9.0
step 6030 	 return [0.         0.         0.00616754 0.00471458 0.00719676], ([0.         0.         0.00012091 0.00095082 0.00167021]) 	 loss 3.289E-01 	 horizons 9.0
step 6120 	 return [0.         0.         0.00613286 0.00480052 0.00777165], ([0.0000000e+00 0.0000000e+00 7.3397066e-05 8.7243435e-04 1.1492526e-03]) 	 loss 3.317E-01 	 horizons 9.0
step 6210 	 return [0.         0.00094354 0.00880629 0.00392785 0.        ], ([0.         0.00161121 0.00045599 0.00171818 0.        ]) 	 loss 3.244E-01 	 horizons 9.0
step 6300 	 return [0.00021278 0.00785744 0.00380028 0.0016424  0.        ], ([0.00042556 0.00110599 0.00068317 0.00055993 0.        ]) 	 loss 3.026E-01 	 horizons 9.0
step 6390 	 return [0.00192465 0.00616015 0.00051004 0.00103194 0.        ], ([7.8039896e-04 6.6390593e-04 6.6183449e-05 2.6630983e-04 0.0000000e+00]) 	 loss 3.253E-01 	 horizons 9.0
step 6480 	 return [0.         0.         0.00655428 0.00479559 0.00665998], ([0.         0.         0.00070652 0.00056982 0.00135711]) 	 loss 2.849E-01 	 horizons 9.0
step 6570 	 return [0.         0.         0.00696382 0.00589813 0.00522967], ([0.         0.         0.00137913 0.00116305 0.00205285]) 	 loss 2.632E-01 	 horizons 9.0
step 6660 	 return [0.00010643 0.00688316 0.0034874  0.00198606 0.        ], ([0.00031929 0.00067651 0.00065158 0.00017974 0.        ]) 	 loss 2.798E-01 	 horizons 9.0
step 6750 	 return [0.00050212 0.00670282 0.00259721 0.00195272 0.        ], ([0.00050285 0.00093675 0.00018266 0.00037923 0.        ]) 	 loss 2.875E-01 	 horizons 9.0
step 6840 	 return [0.00010643 0.007291   0.0053555  0.00180626 0.        ], ([0.00031929 0.00093552 0.00091984 0.00027195 0.        ]) 	 loss 2.680E-01 	 horizons 9.0
step 6930 	 return [0.         0.         0.00589594 0.00512403 0.00720422], ([0.         0.         0.00053426 0.00064691 0.00097615]) 	 loss 2.935E-01 	 horizons 9.0
step 7020 	 return [0.00114411 0.00696569 0.00161239 0.00174891 0.        ], ([0.00075089 0.00119724 0.0008136  0.00037268 0.        ]) 	 loss 2.635E-01 	 horizons 9.0
step 7110 	 return [0.         0.00808487 0.00396078 0.00193901 0.        ], ([0.         0.00069453 0.00113865 0.00028067 0.        ]) 	 loss 2.445E-01 	 horizons 9.0
step 7200 	 return [0.00225034 0.00624323 0.00101755 0.00158009 0.        ], ([0.00074165 0.00122698 0.00038693 0.00023289 0.        ]) 	 loss 2.712E-01 	 horizons 9.0
step 7290 	 return [0.         0.         0.00612892 0.0059697  0.00689618], ([0.0000000e+00 0.0000000e+00 1.4992289e-05 5.7718129e-04 5.3583190e-04]) 	 loss 2.400E-01 	 horizons 9.0
step 7380 	 return [0.         0.         0.00629149 0.00500532 0.00721583], ([0.         0.         0.00056019 0.00071881 0.00089204]) 	 loss 2.395E-01 	 horizons 9.0
step 7470 	 return [0.         0.0073058  0.00569319 0.00181686 0.        ], ([0.         0.00154468 0.00059159 0.00049017 0.        ]) 	 loss 2.030E-01 	 horizons 9.0
step 7560 	 return [0.         0.00288849 0.00852099 0.00286096 0.        ], ([0.         0.00239079 0.00067222 0.00206239 0.        ]) 	 loss 2.055E-01 	 horizons 9.0
step 7650 	 return [0.         0.         0.00614165 0.00636276 0.00667039], ([0.0000000e+00 0.0000000e+00 2.5026426e-05 8.1985234e-04 5.8306742e-04]) 	 loss 2.003E-01 	 horizons 9.0
step 7740 	 return [0.         0.00397661 0.00954605 0.00166313 0.        ], ([0.         0.00189768 0.00128979 0.00149256 0.        ]) 	 loss 1.841E-01 	 horizons 9.0
step 7830 	 return [0.         0.         0.00616197 0.00701454 0.00625681], ([0.0000000e+00 0.0000000e+00 2.3232771e-05 6.6698552e-04 2.8868602e-04]) 	 loss 1.886E-01 	 horizons 9.0
step 7920 	 return [0.00251675 0.00443611 0.00082493 0.00143177 0.        ], ([0.0005166  0.00089005 0.00037883 0.00021484 0.        ]) 	 loss 1.738E-01 	 horizons 9.0
step 8010 	 return [0.         0.         0.00660677 0.00575929 0.00574834], ([0.         0.         0.00070212 0.0017302  0.00083935]) 	 loss 1.811E-01 	 horizons 9.0
step 8100 	 return [0.00047317 0.00733836 0.00340035 0.00143369 0.        ], ([0.00059227 0.0006918  0.00089714 0.00059825 0.        ]) 	 loss 1.493E-01 	 horizons 9.0
step 8190 	 return [0.         0.00345309 0.00924436 0.00191234 0.        ], ([0.         0.00234098 0.00097048 0.00191337 0.        ]) 	 loss 1.550E-01 	 horizons 9.0
step 8280 	 return [0.         0.00859131 0.00369407 0.00196386 0.        ], ([0.         0.00082124 0.00110982 0.00039677 0.        ]) 	 loss 1.755E-01 	 horizons 9.0
step 8370 	 return [0.         0.00020576 0.00869134 0.00639265 0.00183953], ([0.         0.00061728 0.00145427 0.00120852 0.00186578]) 	 loss 1.689E-01 	 horizons 9.0
step 8460 	 return [0.         0.         0.00646182 0.00767176 0.00566601], ([0.0000000e+00 0.0000000e+00 8.2988018e-04 2.9290284e-05 9.0632105e-04]) 	 loss 1.551E-01 	 horizons 9.0
step 8550 	 return [0.         0.         0.00627308 0.0061863  0.00641828], ([0.         0.         0.00040305 0.00048378 0.00038165]) 	 loss 1.223E-01 	 horizons 9.0
step 8640 	 return [0.         0.         0.0061199  0.00547314 0.00752045], ([0.0000000e+00 0.0000000e+00 1.2328983e-05 5.7243754e-04 6.3826196e-04]) 	 loss 1.152E-01 	 horizons 9.0
step 8730 	 return [0.         0.00402451 0.00955023 0.00130559 0.        ], ([0.         0.00171902 0.00111756 0.00121029 0.        ]) 	 loss 1.248E-01 	 horizons 9.0
step 8820 	 return [0.         0.00181619 0.01012246 0.00268776 0.        ], ([0.         0.00224291 0.0007055  0.00172138 0.        ]) 	 loss 1.090E-01 	 horizons 9.0
step 8910 	 return [0.         0.00819316 0.00307966 0.00207637 0.        ], ([0.         0.00072552 0.00076456 0.00026851 0.        ]) 	 loss 1.067E-01 	 horizons 9.0
step 9000 	 return [0.         0.0069187  0.00691761 0.00120876 0.        ], ([0.         0.00168082 0.00129443 0.00070385 0.        ]) 	 loss 1.042E-01 	 horizons 9.0
step 9090 	 return [0.00120775 0.00775535 0.00295829 0.00170989 0.        ], ([0.00079314 0.00083369 0.00054699 0.00034891 0.        ]) 	 loss 1.105E-01 	 horizons 9.0
step 9180 	 return [0.00188209 0.00659202 0.00102561 0.00152402 0.        ], ([0.00056589 0.0013802  0.0007572  0.00031048 0.        ]) 	 loss 1.193E-01 	 horizons 9.0
step 9270 	 return [0.         0.00844018 0.0047024  0.0018675  0.        ], ([0.         0.00094327 0.00039392 0.00030868 0.        ]) 	 loss 1.031E-01 	 horizons 9.0
step 9360 	 return [0.         0.00901113 0.00507139 0.00214338 0.        ], ([0.         0.00069387 0.00019285 0.0002698  0.        ]) 	 loss 9.734E-02 	 horizons 9.0
step 9450 	 return [0.         0.00863438 0.00546203 0.00219913 0.        ], ([0.0000000e+00 1.6213023e-03 5.5188645e-04 9.1920898e-05 0.0000000e+00]) 	 loss 9.259E-02 	 horizons 9.0
step 9540 	 return [0.0022605  0.00784233 0.00059194 0.00127934 0.        ], ([4.0771716e-04 3.9356950e-04 5.3032567e-05 6.6500570e-06 0.0000000e+00]) 	 loss 8.790E-02 	 horizons 9.0
step 9630 	 return [0.00010643 0.00812442 0.00504081 0.00216692 0.        ], ([0.00031929 0.00055561 0.00014066 0.00016993 0.        ]) 	 loss 8.616E-02 	 horizons 9.0
step 9720 	 return [0.0024899  0.00681269 0.001061   0.00155449 0.        ], ([0.0006707  0.00105662 0.00080799 0.0003592  0.        ]) 	 loss 8.543E-02 	 horizons 9.0
step 9810 	 return [0.         0.         0.00766611 0.00622882 0.00372547], ([0.         0.         0.00064105 0.00069469 0.00131138]) 	 loss 8.422E-02 	 horizons 9.0
step 9900 	 return [0.         0.         0.00691859 0.00485494 0.00601666], ([0.         0.         0.00065872 0.00019878 0.00156901]) 	 loss 7.160E-02 	 horizons 9.0
step 9990 	 return [0.         0.         0.00610935 0.00509399 0.00784283], ([0.0000000e+00 0.0000000e+00 2.4791807e-06 4.4000335e-06 9.5468713e-05]) 	 loss 9.405E-02 	 horizons 9.0
step 10080 	 return [0.         0.         0.0081155  0.00761572 0.00275117], ([0.         0.         0.00126629 0.00048986 0.00230504]) 	 loss 8.517E-02 	 horizons 9.0
step 10170 	 return [0.         0.00355766 0.00958604 0.00177678 0.        ], ([0.         0.001865   0.00090795 0.00216021 0.        ]) 	 loss 6.836E-02 	 horizons 9.0
step 10260 	 return [0.         0.00507491 0.00714535 0.00170109 0.        ], ([0.         0.00023241 0.00066852 0.0005229  0.        ]) 	 loss 6.352E-02 	 horizons 9.0
step 10350 	 return [0.         0.         0.00813444 0.00769821 0.00355867], ([0.         0.         0.00127663 0.00024917 0.00179791]) 	 loss 6.470E-02 	 horizons 9.0
step 10440 	 return [0.         0.         0.00689471 0.00476781 0.00513453], ([0.0000000e+00 0.0000000e+00 6.8796478e-04 9.2072769e-05 4.8862415e-04]) 	 loss 7.012E-02 	 horizons 9.0
step 10530 	 return [0.         0.         0.00612917 0.00597017 0.00690605], ([0.0000000e+00 0.0000000e+00 1.4601189e-05 5.7647022e-04 5.5076339e-04]) 	 loss 7.488E-02 	 horizons 9.0
step 10620 	 return [0.         0.         0.00427516 0.00410455 0.00800104], ([0.         0.         0.00063628 0.00090109 0.00226076]) 	 loss 7.155E-02 	 horizons 9.0
step 10710 	 return [0.00239722 0.00798983 0.00061013 0.00127867 0.        ], ([1.0466204e-06 2.1537022e-05 6.5895722e-07 1.7608631e-06 0.0000000e+00]) 	 loss 7.385E-02 	 horizons 9.0
step 10800 	 return [0.         0.00942362 0.00535289 0.00204284 0.        ], ([0.         0.00011247 0.00040362 0.00040775 0.        ]) 	 loss 7.181E-02 	 horizons 9.0
step 10890 	 return [0.         0.00157376 0.01159013 0.00351463 0.        ], ([0.         0.00078688 0.00037745 0.00037448 0.        ]) 	 loss 6.325E-02 	 horizons 9.0
step 10980 	 return [0.         0.00723387 0.00667858 0.00182777 0.        ], ([0.         0.0014051  0.00104081 0.00036171 0.        ]) 	 loss 5.245E-02 	 horizons 9.0
step 11070 	 return [0.00153779 0.00752416 0.00121114 0.0015893  0.        ], ([0.0007627  0.00091539 0.00080871 0.00034415 0.        ]) 	 loss 6.441E-02 	 horizons 9.0
step 11160 	 return [0.         0.00944503 0.00518609 0.00224509 0.        ], ([0.0000000e+00 9.3132257e-10 4.6566129e-10 2.3283064e-10 0.0000000e+00]) 	 loss 5.541E-02 	 horizons 9.0
step 11250 	 return [0.         0.         0.00839821 0.00760342 0.00355126], ([0.0000000e+00 0.0000000e+00 1.1065070e-03 3.9053706e-05 1.2084282e-03]) 	 loss 5.033E-02 	 horizons 9.0
step 11340 	 return [0.         0.00558304 0.00796437 0.00101952 0.        ], ([0.         0.00130825 0.00083995 0.00052377 0.        ]) 	 loss 3.658E-02 	 horizons 9.0
step 11430 	 return [0.00348837 0.00250933 0.00060259 0.00108368 0.        ], ([7.2655705e-04 1.0248834e-03 3.8859020e-05 1.4692726e-05 0.0000000e+00]) 	 loss 3.478E-02 	 horizons 9.0
step 11520 	 return [0.0033256  0.00566192 0.00246655 0.00212138 0.        ], ([0.00055482 0.00059078 0.00032179 0.0001441  0.        ]) 	 loss 4.057E-02 	 horizons 9.0
step 11610 	 return [0.         0.00040551 0.00750364 0.00453018 0.00527241], ([0.0000000e+00 8.1102300e-04 4.2804328e-05 4.0955728e-04 1.8259510e-06]) 	 loss 4.061E-02 	 horizons 9.0
step 11700 	 return [0.         0.00462883 0.00858325 0.00133175 0.        ], ([0.         0.00186293 0.00016352 0.00126455 0.        ]) 	 loss 3.778E-02 	 horizons 9.0
step 11790 	 return [0.0036166  0.00529043 0.00257205 0.00216656 0.        ], ([6.1435712e-05 2.4052933e-04 2.4265614e-07 2.7667278e-07 0.0000000e+00]) 	 loss 4.526E-02 	 horizons 9.0
step 11880 	 return [0.         0.00020276 0.00748519 0.00461987 0.00511154], ([0.0000000e+00 6.0826720e-04 3.6552636e-05 3.0352661e-04 2.4613593e-04]) 	 loss 4.562E-02 	 horizons 9.0
step 11970 	 return [0.         0.00177047 0.01159046 0.00372225 0.        ], ([0.         0.00059016 0.00043256 0.00044045 0.        ]) 	 loss 4.823E-02 	 horizons 9.0
step 12060 	 return [0.         0.0046641  0.00963324 0.00070185 0.        ], ([0.0000000e+00 7.0880528e-04 8.2094560e-04 1.7143992e-06 0.0000000e+00]) 	 loss 4.079E-02 	 horizons 9.0
step 12150 	 return [0.         0.00518205 0.00863618 0.00100746 0.        ], ([0.0000000e+00 1.0504446e-03 2.5171415e-05 9.2313770e-04 0.0000000e+00]) 	 loss 3.305E-02 	 horizons 9.0
step 12240 	 return [0.         0.         0.00839821 0.00760342 0.00355126], ([0.0000000e+00 0.0000000e+00 1.1065069e-03 3.9053706e-05 1.2084282e-03]) 	 loss 4.142E-02 	 horizons 9.0
step 12330 	 return [0.         0.00755703 0.00731335 0.00194426 0.        ], ([0.         0.00115316 0.00065749 0.00046649 0.        ]) 	 loss 2.739E-02 	 horizons 9.0
step 12420 	 return [0.         0.00845433 0.0058965  0.00174226 0.        ], ([0.         0.00033023 0.0002368  0.00016761 0.        ]) 	 loss 3.018E-02 	 horizons 9.0
step 12510 	 return [0.         0.         0.0061382  0.00612637 0.00703566], ([0.0000000e+00 0.0000000e+00 3.8372702e-05 1.2697823e-03 8.7164418e-04]) 	 loss 3.272E-02 	 horizons 9.0
step 12600 	 return [0.         0.00835681 0.00726501 0.00220344 0.        ], ([0.         0.00037215 0.00020962 0.00016761 0.        ]) 	 loss 3.818E-02 	 horizons 9.0
step 12690 	 return [0.         0.         0.01025188 0.00710604 0.        ], ([0.         0.         0.00058594 0.00066405 0.        ]) 	 loss 4.216E-02 	 horizons 9.0
step 12780 	 return [0.00021286 0.00794614 0.00517147 0.00200284 0.        ], ([0.00042572 0.0007444  0.00044109 0.00027048 0.        ]) 	 loss 3.855E-02 	 horizons 9.0
step 12870 	 return [0.         0.0102507  0.00451875 0.00136729 0.        ], ([0.0000000e+00 1.0760319e-03 4.0835374e-05 9.8827302e-05 0.0000000e+00]) 	 loss 3.037E-02 	 horizons 9.0
step 12960 	 return [0.         0.00101378 0.00724618 0.00450051 0.00514637], ([0.         0.00101378 0.00086049 0.00100085 0.00136811]) 	 loss 3.231E-02 	 horizons 9.0
step 13050 	 return [0.         0.00558908 0.0083975  0.0007904  0.        ], ([0.         0.00023875 0.00058954 0.0003018  0.        ]) 	 loss 1.915E-02 	 horizons 9.0
step 13140 	 return [0.         0.         0.00895146 0.00758389 0.00294705], ([0.0000000e+00 0.0000000e+00 9.3132257e-10 9.3132257e-10 2.3283064e-10]) 	 loss 2.698E-02 	 horizons 9.0
step 13230 	 return [0.         0.00081102 0.00724112 0.0043577  0.00545742], ([0.         0.0009933  0.00059119 0.00053126 0.00037276]) 	 loss 2.513E-02 	 horizons 9.0
step 13320 	 return [0.00106498 0.00614862 0.00474007 0.00144594 0.        ], ([1.3479497e-06 6.1791576e-04 2.4244767e-04 4.2238450e-04 0.0000000e+00]) 	 loss 2.170E-02 	 horizons 9.0
step 13410 	 return [0.         0.00437473 0.00996839 0.00070255 0.        ], ([0.0000000e+00 5.7873706e-04 6.7029934e-04 1.3998010e-06 0.0000000e+00]) 	 loss 2.380E-02 	 horizons 9.0
step 13500 	 return [0.         0.00431695 0.00963946 0.00100227 0.        ], ([0.         0.0009921  0.0008135  0.00090057 0.        ]) 	 loss 2.860E-02 	 horizons 9.0
step 13590 	 return [0.         0.00811364 0.00536587 0.00189964 0.        ], ([0.         0.00042687 0.00051714 0.0002645  0.        ]) 	 loss 2.043E-02 	 horizons 9.0
step 13680 	 return [0.         0.00196719 0.01173464 0.00357543 0.        ], ([0.0000000e+00 2.3283064e-10 9.3132257e-10 0.0000000e+00 0.0000000e+00]) 	 loss 3.445E-02 	 horizons 9.0
step 13770 	 return [0.00225182 0.00754449 0.00259401 0.00219653 0.        ], ([2.3283064e-10 0.0000000e+00 2.3283064e-10 0.0000000e+00 0.0000000e+00]) 	 loss 1.321E-02 	 horizons 9.0
step 13860 	 return [0.00159539 0.0082907  0.00061297 0.00128476 0.        ], ([6.5497862e-04 2.3979472e-04 2.1401404e-06 4.4878757e-06 0.0000000e+00]) 	 loss 2.011E-02 	 horizons 9.0
step 13950 	 return [0.         0.00951392 0.0062431  0.00150896 0.        ], ([0.0000000e+00 9.9327124e-05 5.3079036e-04 3.7228936e-04 0.0000000e+00]) 	 loss 1.106E-02 	 horizons 9.0
step 14040 	 return [0.         0.         0.00872107 0.00738213 0.00300923], ([0.         0.         0.00069118 0.0006053  0.00018654]) 	 loss 3.461E-02 	 horizons 9.0
step 14130 	 return [0.00264832 0.00662844 0.00143038 0.00166372 0.        ], ([0.0006841  0.00088151 0.00070509 0.00030635 0.        ]) 	 loss 2.310E-02 	 horizons 9.0
step 14220 	 return [0.         0.00923398 0.00262067 0.00222802 0.        ], ([0.0000000e+00 5.7704932e-05 1.0653399e-06 1.2143983e-06 0.0000000e+00]) 	 loss 2.607E-02 	 horizons 9.0
step 14310 	 return [0.         0.00203357 0.00758487 0.00369648 0.00526925], ([0.00000000e+00 1.20191835e-05 8.75070691e-06 2.91603628e-05
 9.87947033e-07]) 	 loss 3.346E-02 	 horizons 9.0
step 14400 	 return [0.0006406  0.00525039 0.00528062 0.00060369 0.        ], ([5.2305165e-04 4.1347381e-04 6.8161236e-05 3.0837571e-06 0.0000000e+00]) 	 loss 2.870E-02 	 horizons 9.0
step 14490 	 return [0.00270558 0.00687322 0.0025932  0.00219561 0.        ], ([2.3283064e-10 0.0000000e+00 2.3283064e-10 0.0000000e+00 0.0000000e+00]) 	 loss 2.057E-02 	 horizons 9.0
step 14580 	 return [0.         0.00758738 0.00751218 0.00193342 0.        ], ([0.         0.00102258 0.00051385 0.00048033 0.        ]) 	 loss 1.522E-02 	 horizons 9.0
step 14670 	 return [0.         0.         0.00610536 0.00507573 0.00769867], ([0.0000000e+00 0.0000000e+00 1.7806085e-05 6.5104308e-05 6.5770152e-04]) 	 loss 1.812E-02 	 horizons 9.0
step 14760 	 return [0.         0.00830962 0.0050877  0.00222356 0.        ], ([0.0000000e+00 0.0000000e+00 4.6566129e-10 2.3283064e-10 0.0000000e+00]) 	 loss 2.637E-02 	 horizons 9.0
step 14850 	 return [0.         0.00344991 0.01073287 0.0015649  0.        ], ([0.         0.00097067 0.00065582 0.0013162  0.        ]) 	 loss 3.999E-02 	 horizons 9.0
step 14940 	 return [0.         0.         0.00589211 0.00450557 0.00841113], ([0.         0.         0.00056097 0.00098657 0.00164151]) 	 loss 8.731E-02 	 horizons 9.0
step 15030 	 return [0.         0.00848086 0.00719514 0.0022593  0.        ], ([0.0000000e+00 0.0000000e+00 9.3132257e-10 2.3283064e-10 0.0000000e+00]) 	 loss 3.072E-02 	 horizons 9.0
step 15120 	 return [0.         0.         0.00610036 0.00510904 0.00745141], ([0.0000000e+00 0.0000000e+00 2.8676626e-05 7.4306759e-04 1.3841485e-03]) 	 loss 2.133E-02 	 horizons 9.0
step 15210 	 return [0.         0.0018248  0.00757854 0.00381345 0.00526922], ([0.0000000e+00 6.0826726e-04 3.2103246e-05 3.0716797e-04 1.3694633e-06]) 	 loss 2.303E-02 	 horizons 9.0
step 15300 	 return [0.00254029 0.00682058 0.00256583 0.0021401  0.        ], ([4.9587322e-04 1.5791701e-04 8.2130777e-05 1.6654366e-04 0.0000000e+00]) 	 loss 1.433E-02 	 horizons 9.0
step 15390 	 return [0.         0.         0.00589762 0.00326116 0.00929594], ([0.0000000e+00 0.0000000e+00 4.0465052e-04 1.2270125e-04 7.3315779e-05]) 	 loss 3.288E-02 	 horizons 9.0
step 15480 	 return [0.         0.         0.00552204 0.00341253 0.01003478], ([0.         0.         0.00085874 0.0002698  0.00104011]) 	 loss 2.290E-02 	 horizons 9.0
step 15570 	 return [0.00225182 0.00754449 0.00259401 0.00219653 0.        ], ([2.3283064e-10 0.0000000e+00 2.3283064e-10 0.0000000e+00 0.0000000e+00]) 	 loss 4.073E-02 	 horizons 9.0
step 15660 	 return [0.         0.00848086 0.00719514 0.0022593  0.        ], ([0.0000000e+00 0.0000000e+00 9.3132257e-10 2.3283064e-10 0.0000000e+00]) 	 loss 2.639E-02 	 horizons 9.0
step 15750 	 return [0.         0.00898804 0.00645903 0.00207289 0.        ], ([0.         0.00050904 0.00087063 0.00036222 0.        ]) 	 loss 1.620E-02 	 horizons 9.0
step 15840 	 return [0.         0.00935258 0.00666155 0.00153071 0.        ], ([0.         0.00043586 0.0002668  0.0003643  0.        ]) 	 loss 1.721E-02 	 horizons 9.0
step 15930 	 return [0.00225182 0.00754449 0.00259401 0.00219653 0.        ], ([2.3283064e-10 0.0000000e+00 2.3283064e-10 0.0000000e+00 0.0000000e+00]) 	 loss 1.132E-02 	 horizons 9.0
step 16020 	 return [0.         0.00202756 0.00758924 0.00371106 0.00526876], ([0.0000000e+00 2.3283064e-10 0.0000000e+00 0.0000000e+00 0.0000000e+00]) 	 loss 9.045E-03 	 horizons 9.0
step 16110 	 return [0.         0.00830962 0.0050877  0.00222356 0.        ], ([0.0000000e+00 0.0000000e+00 4.6566129e-10 2.3283064e-10 0.0000000e+00]) 	 loss 5.350E-03 	 horizons 9.0
step 16200 	 return [0.         0.00957051 0.00652815 0.00134856 0.        ], ([0.0000000e+00 9.3132257e-10 4.6566129e-10 1.1641532e-10 0.0000000e+00]) 	 loss 1.004E-02 	 horizons 9.0
step 16290 	 return [0.00225182 0.00754449 0.00259401 0.00219653 0.        ], ([2.3283064e-10 0.0000000e+00 2.3283064e-10 0.0000000e+00 0.0000000e+00]) 	 loss 8.447E-03 	 horizons 9.0
step 16380 	 return [0.         0.00798621 0.00740822 0.00237832 0.        ], ([0.         0.00113253 0.00045661 0.00056824 0.        ]) 	 loss 5.122E-03 	 horizons 9.0
step 16470 	 return [0.         0.         0.00596111 0.00331505 0.00960473], ([0.         0.         0.00058423 0.0001701  0.00067303]) 	 loss 8.692E-03 	 horizons 9.0
step 16560 	 return [0.         0.00848086 0.00719514 0.0022593  0.        ], ([0.0000000e+00 0.0000000e+00 9.3132257e-10 2.3283064e-10 0.0000000e+00]) 	 loss 1.149E-02 	 horizons 9.0
step 16650 	 return [0.         0.00521137 0.00783599 0.00268779 0.        ], ([0.         0.00204953 0.00059964 0.00156085 0.        ]) 	 loss 4.144E-03 	 horizons 9.0
step 16740 	 return [0.         0.         0.00440996 0.00376757 0.01139953], ([0.         0.         0.0005876  0.00016789 0.0006709 ]) 	 loss 3.874E-02 	 horizons 9.0
step 16830 	 return [0.         0.00957051 0.00652815 0.00134856 0.        ], ([0.0000000e+00 9.3132257e-10 4.6566129e-10 1.1641532e-10 0.0000000e+00]) 	 loss 9.628E-03 	 horizons 9.0
step 16920 	 return [0.00270558 0.00687322 0.0025932  0.00219561 0.        ], ([2.3283064e-10 0.0000000e+00 2.3283064e-10 0.0000000e+00 0.0000000e+00]) 	 loss 4.371E-03 	 horizons 9.0
step 17010 	 return [0.         0.         0.00440996 0.00376756 0.01139953], ([0.         0.         0.0005876  0.00016789 0.0006709 ]) 	 loss 4.426E-03 	 horizons 9.0
step 17100 	 return [0.0026602  0.00694034 0.00259328 0.0021957  0.        ], ([1.3612708e-04 2.0138138e-04 2.4272597e-07 2.7667275e-07 0.0000000e+00]) 	 loss 7.557E-03 	 horizons 9.0
step 17190 	 return [0.0026602  0.00694034 0.00259328 0.0021957  0.        ], ([1.3612707e-04 2.0138138e-04 2.4272597e-07 2.7667267e-07 0.0000000e+00]) 	 loss 4.976E-03 	 horizons 9.0
step 17280 	 return [0.         0.         0.0061852  0.00768153 0.00596812], ([0.000000e+00 0.000000e+00 4.656613e-10 0.000000e+00 0.000000e+00]) 	 loss 1.976E-03 	 horizons 9.0
step 17370 	 return [0.         0.00830962 0.0050877  0.00222356 0.        ], ([0.0000000e+00 0.0000000e+00 4.6566129e-10 2.3283064e-10 0.0000000e+00]) 	 loss 5.607E-03 	 horizons 9.0
step 17460 	 return [0.         0.00948268 0.00558871 0.00197613 0.        ], ([0.0000000e+00 5.7502533e-05 6.1500742e-04 4.1083869e-04 0.0000000e+00]) 	 loss 6.712E-03 	 horizons 9.0
step 17550 	 return [0.00221601 0.00745932 0.0025933  0.00219594 0.        ], ([1.0745045e-04 2.5550541e-04 2.1341027e-06 1.7804559e-06 0.0000000e+00]) 	 loss 6.906E-03 	 horizons 9.0
step 17640 	 return [0.         0.0028785  0.00825987 0.0033638  0.        ], ([0.         0.00126779 0.00067252 0.00076547 0.        ]) 	 loss 3.358E-03 	 horizons 9.0
step 17730 	 return [0.         0.         0.00421409 0.00382353 0.01162316], ([0.000000e+00 0.000000e+00 4.656613e-10 0.000000e+00 9.313226e-10]) 	 loss 3.444E-02 	 horizons 9.0
step 17820 	 return [0.0032669  0.00325656 0.00128779 0.00156661 0.        ], ([9.7869903e-05 1.5125737e-03 1.5589666e-04 7.5821627e-05 0.0000000e+00]) 	 loss 6.993E-03 	 horizons 9.0
step 17910 	 return [0.         0.         0.00617275 0.00326391 0.00938683], ([0.000000e+00 0.000000e+00 4.656613e-10 4.656613e-10 9.313226e-10]) 	 loss 3.972E-02 	 horizons 9.0
step 18000 	 return [0.00202664 0.00760182 0.00259486 0.00219757 0.        ], ([6.7554653e-04 1.7199721e-04 2.5574584e-06 3.1073112e-06 0.0000000e+00]) 	 loss 1.401E-02 	 horizons 9.0
step 18090 	 return [0.         0.00848086 0.00719514 0.0022593  0.        ], ([0.0000000e+00 0.0000000e+00 9.3132257e-10 2.3283064e-10 0.0000000e+00]) 	 loss 1.077E-02 	 horizons 9.0
step 18180 	 return [0.         0.00101547 0.00706357 0.0041841  0.00543195], ([0.         0.00101551 0.00039292 0.00050895 0.00069638]) 	 loss 1.070E-02 	 horizons 9.0
step 18270 	 return [0.         0.01060938 0.00450514 0.00133435 0.        ], ([0.0000000e+00 0.0000000e+00 0.0000000e+00 1.1641532e-10 0.0000000e+00]) 	 loss 3.517E-02 	 horizons 9.0
step 18360 	 return [0.         0.         0.00613873 0.00634755 0.00654549], ([0.000000e+00 0.000000e+00 4.656613e-10 4.656613e-10 4.656613e-10]) 	 loss 1.836E-02 	 horizons 9.0
step 18450 	 return [0.         0.00202793 0.0066729  0.00368285 0.006128  ], ([0.0000000e+00 9.0143885e-06 6.6152775e-06 2.1870408e-05 1.0076444e-06]) 	 loss 9.407E-03 	 horizons 9.0
step 18540 	 return [0.         0.         0.00613873 0.00634755 0.00654549], ([0.000000e+00 0.000000e+00 4.656613e-10 4.656613e-10 4.656613e-10]) 	 loss 9.685E-03 	 horizons 9.0
step 18630 	 return [0.         0.         0.00421409 0.00382353 0.01162316], ([0.000000e+00 0.000000e+00 4.656613e-10 0.000000e+00 9.313226e-10]) 	 loss 1.305E-02 	 horizons 9.0
step 18720 	 return [0.         0.         0.00611183 0.00509839 0.00793829], ([0.000000e+00 0.000000e+00 4.656613e-10 4.656613e-10 9.313226e-10]) 	 loss 5.982E-03 	 horizons 9.0
step 18810 	 return [0.         0.00957051 0.00652815 0.00134856 0.        ], ([0.0000000e+00 9.3132257e-10 4.6566129e-10 1.1641532e-10 0.0000000e+00]) 	 loss 1.127E-02 	 horizons 9.0
step 18900 	 return [0.00270558 0.00687322 0.0025932  0.00219561 0.        ], ([2.3283064e-10 0.0000000e+00 2.3283064e-10 0.0000000e+00 0.0000000e+00]) 	 loss 1.018E-02 	 horizons 9.0
step 18990 	 return [0.         0.00848086 0.00719514 0.0022593  0.        ], ([0.0000000e+00 0.0000000e+00 9.3132257e-10 2.3283064e-10 0.0000000e+00]) 	 loss 1.182E-02 	 horizons 9.0
step 19080 	 return [0.         0.00182544 0.00664924 0.00368009 0.00600493], ([0.0000000e+00 6.0854666e-04 7.0562011e-05 2.2509952e-05 3.6931687e-04]) 	 loss 8.440E-03 	 horizons 9.0
step 19170 	 return [0.         0.00944503 0.00518609 0.00224509 0.        ], ([0.0000000e+00 9.3132257e-10 4.6566129e-10 2.3283064e-10 0.0000000e+00]) 	 loss 1.764E-02 	 horizons 9.0
step 19260 	 return [0.00270558 0.00687322 0.0025932  0.00219561 0.        ], ([2.3283064e-10 0.0000000e+00 2.3283064e-10 0.0000000e+00 0.0000000e+00]) 	 loss 1.293E-02 	 horizons 9.0
step 19350 	 return [0.         0.00204296 0.00666188 0.0036464  0.00612968], ([0.00000000e+00 1.47204337e-05 1.08027025e-05 3.57142344e-05
 1.64547657e-06]) 	 loss 1.366E-02 	 horizons 9.0
step 19440 	 return [0.         0.00204859 0.00757393 0.00366003 0.00527049], ([0.0000000e+00 1.3769704e-05 1.0025195e-05 3.3407388e-05 1.1318355e-06]) 	 loss 1.866E-02 	 horizons 9.0
step 19530 	 return [0.         0.00205224 0.00674669 0.00362662 0.00604471], ([0.0000000e+00 9.1355914e-06 2.7363669e-04 2.2072649e-05 2.5782787e-04]) 	 loss 3.097E-02 	 horizons 9.0
step 19620 	 return [0.         0.00935258 0.00666155 0.00153071 0.        ], ([0.         0.00043586 0.0002668  0.0003643  0.        ]) 	 loss 3.405E-02 	 horizons 9.0
step 19710 	 return [0.         0.00203958 0.00758049 0.0036819  0.00526975], ([0.0000000e+00 1.4720434e-05 1.0717383e-05 3.5714005e-05 1.2099830e-06]) 	 loss 3.207E-02 	 horizons 9.0
step 19800 	 return [0.         0.01037941 0.00456339 0.00142327 0.        ], ([0.         0.00068993 0.00017477 0.00026676 0.        ]) 	 loss 4.002E-02 	 horizons 9.0
step 19890 	 return [0.00345277 0.00593184 0.00257269 0.0021673  0.        ], ([6.1435712e-05 2.4052935e-04 2.4265611e-07 2.7667267e-07 0.0000000e+00]) 	 loss 3.786E-02 	 horizons 9.0
step 19980 	 return [0.00180146 0.00765915 0.00259572 0.00219861 0.        ], ([9.0072880e-04 2.2932963e-04 3.4099444e-06 4.1430817e-06 0.0000000e+00]) 	 loss 3.514E-02 	 horizons 9.0
step 20070 	 return [0.00277825 0.0067871  0.00259116 0.00219279 0.        ], ([2.1801393e-04 2.5835930e-04 6.1289875e-06 8.4653730e-06 0.0000000e+00]) 	 loss 3.253E-02 	 horizons 9.0
step 20160 	 return [0.         0.         0.00613873 0.00634755 0.00654549], ([0.000000e+00 0.000000e+00 4.656613e-10 4.656613e-10 4.656613e-10]) 	 loss 3.112E-02 	 horizons 9.0
step 20250 	 return [0.00225182 0.00754449 0.00259401 0.00219653 0.        ], ([2.3283064e-10 0.0000000e+00 2.3283064e-10 0.0000000e+00 0.0000000e+00]) 	 loss 3.404E-02 	 horizons 9.0
step 20340 	 return [0.         0.00203657 0.00758268 0.00368919 0.0052695 ], ([0.0000000e+00 1.3769706e-05 1.0025194e-05 3.3407396e-05 1.1318355e-06]) 	 loss 2.844E-02 	 horizons 9.0
step 20430 	 return [0.         0.0014185  0.00690116 0.00408053 0.00566335], ([0.         0.00092863 0.00059694 0.00083411 0.0005138 ]) 	 loss 3.816E-02 	 horizons 9.0
step 20520 	 return [0.         0.00203004 0.00740423 0.00369959 0.00544079], ([0.0000000e+00 9.2477485e-06 3.6461759e-04 2.2075508e-05 3.4343882e-04]) 	 loss 3.670E-02 	 horizons 9.0
step 20610 	 return [0.00396244 0.00184937 0.00062798 0.00107464 0.        ], ([4.6566129e-10 0.0000000e+00 0.0000000e+00 1.1641532e-10 0.0000000e+00]) 	 loss 4.655E-02 	 horizons 9.0
step 20700 	 return [0.00348489 0.00517034 0.0024609  0.00211369 0.        ], ([1.4198261e-04 6.0105045e-05 3.2696381e-04 1.5108188e-04 0.0000000e+00]) 	 loss 3.532E-02 	 horizons 9.0
step 20790 	 return [0.         0.         0.0061852  0.00768153 0.00596812], ([0.000000e+00 0.000000e+00 4.656613e-10 0.000000e+00 0.000000e+00]) 	 loss 3.840E-02 	 horizons 9.0
step 20880 	 return [0.         0.00204322 0.00675331 0.00364849 0.0060437 ], ([0.0000000e+00 1.4954171e-05 2.7155163e-04 3.4538185e-05 2.5749489e-04]) 	 loss 3.328E-02 	 horizons 9.0
step 20970 	 return [0.         0.00204258 0.00757831 0.00367461 0.00526999], ([0.0000000e+00 1.5023979e-05 1.0938385e-05 3.6450452e-05 1.2349337e-06]) 	 loss 4.176E-02 	 horizons 9.0
step 21060 	 return [0.         0.00202546 0.00685794 0.00369433 0.00595588], ([0.0000000e+00 1.0508113e-06 3.6565404e-04 8.3679324e-06 3.4356161e-04]) 	 loss 3.903E-02 	 horizons 9.0
step 21150 	 return [0.         0.00203958 0.00758049 0.0036819  0.00526975], ([0.0000000e+00 1.4720434e-05 1.0717384e-05 3.5714005e-05 1.2099830e-06]) 	 loss 3.891E-02 	 horizons 9.0
step 21240 	 return [0.00270558 0.00687322 0.0025932  0.00219561 0.        ], ([2.3283064e-10 0.0000000e+00 2.3283064e-10 0.0000000e+00 0.0000000e+00]) 	 loss 4.863E-02 	 horizons 9.0
step 21330 	 return [0.00345277 0.00593184 0.00257269 0.0021673  0.        ], ([6.1435727e-05 2.4052935e-04 2.4265611e-07 2.7667267e-07 0.0000000e+00]) 	 loss 4.856E-02 	 horizons 9.0
step 21420 	 return [0.00225182 0.00754449 0.00259401 0.00219653 0.        ], ([2.3283064e-10 0.0000000e+00 2.3283064e-10 0.0000000e+00 0.0000000e+00]) 	 loss 3.617E-02 	 horizons 9.0
step 21510 	 return [0.00225182 0.00754449 0.00259401 0.00219653 0.        ], ([2.3283064e-10 0.0000000e+00 2.3283064e-10 0.0000000e+00 0.0000000e+00]) 	 loss 3.696E-02 	 horizons 9.0
step 21600 	 return [0.         0.00203657 0.00758268 0.00368919 0.0052695 ], ([0.0000000e+00 1.3769704e-05 1.0025194e-05 3.3407388e-05 1.1318355e-06]) 	 loss 3.156E-02 	 horizons 9.0
step 21690 	 return [0.         0.         0.0062705  0.00618206 0.0063645 ], ([0.         0.         0.00039531 0.00049648 0.00054298]) 	 loss 3.118E-02 	 horizons 9.0
step 21780 	 return [0.00270558 0.00687322 0.0025932  0.00219561 0.        ], ([2.3283064e-10 0.0000000e+00 2.3283064e-10 0.0000000e+00 0.0000000e+00]) 	 loss 3.043E-02 	 horizons 9.0
step 21870 	 return [0.         0.         0.00421409 0.00382353 0.01162316], ([0.000000e+00 0.000000e+00 4.656613e-10 0.000000e+00 9.313226e-10]) 	 loss 3.020E-02 	 horizons 9.0
step 21960 	 return [0.         0.         0.0061852  0.00768153 0.00596812], ([0.000000e+00 0.000000e+00 4.656613e-10 0.000000e+00 0.000000e+00]) 	 loss 2.704E-02 	 horizons 9.0
step 22050 	 return [0.         0.00203056 0.00758706 0.00370377 0.00526901], ([0.0000000e+00 9.0143885e-06 6.5630297e-06 2.1870270e-05 7.4096016e-07]) 	 loss 2.263E-02 	 horizons 9.0
step 22140 	 return [0.         0.00205498 0.00665306 0.00361724 0.00613102], ([0.000000e+00 0.000000e+00 0.000000e+00 0.000000e+00 4.656613e-10]) 	 loss 3.226E-02 	 horizons 9.0
step 22230 	 return [0.         0.00204296 0.00666188 0.0036464  0.00612968], ([0.00000000e+00 1.47204328e-05 1.08027025e-05 3.57142308e-05
 1.64547657e-06]) 	 loss 3.072E-02 	 horizons 9.0
step 22320 	 return [0.         0.00204322 0.00675331 0.00364849 0.0060437 ], ([0.0000000e+00 1.4954171e-05 2.7155166e-04 3.4538185e-05 2.5749486e-04]) 	 loss 3.730E-02 	 horizons 9.0
step 22410 	 return [0.         0.         0.00611183 0.00509839 0.00793829], ([0.000000e+00 0.000000e+00 4.656613e-10 4.656613e-10 9.313226e-10]) 	 loss 4.663E-02 	 horizons 9.0
step 22500 	 return [0.         0.         0.0061852  0.00768153 0.00596812], ([0.000000e+00 0.000000e+00 4.656613e-10 0.000000e+00 0.000000e+00]) 	 loss 3.824E-02 	 horizons 9.0
step 22590 	 return [0.         0.00204232 0.00748687 0.00367252 0.00535597], ([0.00000000e+00 1.47799665e-05 2.78130115e-04 3.89940469e-05
 2.58352113e-04]) 	 loss 3.187E-02 	 horizons 9.0
step 22680 	 return [0.00431896 0.00395411 0.0005516  0.001122   0.        ], ([0.0000000e+00 0.0000000e+00 5.8207661e-11 1.1641532e-10 0.0000000e+00]) 	 loss 3.810E-02 	 horizons 9.0
step 22770 	 return [0.00305012 0.002831   0.00064379 0.00166457 0.        ], ([1.9424838e-04 7.9264690e-04 5.2675928e-06 5.4315897e-05 0.0000000e+00]) 	 loss 3.121E-02 	 horizons 9.0
step 22860 	 return [0.         0.00202977 0.00731282 0.0036975  0.00552668], ([0.0000000e+00 9.3511853e-06 4.1752626e-04 2.1879410e-05 3.9343818e-04]) 	 loss 9.663E-02 	 horizons 9.0
step 22950 	 return [0.         0.00204897 0.00665747 0.00363182 0.00613035], ([0.0000000e+00 1.2019184e-05 8.8203697e-06 2.9160552e-05 1.3435258e-06]) 	 loss 4.410E-02 	 horizons 9.0
step 23040 	 return [0.00431896 0.00395411 0.0005516  0.001122   0.        ], ([0.0000000e+00 0.0000000e+00 5.8207661e-11 1.1641532e-10 0.0000000e+00]) 	 loss 4.444E-02 	 horizons 9.0
step 23130 	 return [0.         0.         0.0061852  0.00768153 0.00596812], ([0.000000e+00 0.000000e+00 4.656613e-10 0.000000e+00 0.000000e+00]) 	 loss 3.808E-02 	 horizons 9.0
step 23220 	 return [0.         0.         0.0061852  0.00768153 0.00596812], ([0.000000e+00 0.000000e+00 4.656613e-10 0.000000e+00 0.000000e+00]) 	 loss 3.118E-02 	 horizons 9.0
step 23310 	 return [0.         0.         0.0061852  0.00768153 0.00596812], ([0.000000e+00 0.000000e+00 4.656613e-10 0.000000e+00 0.000000e+00]) 	 loss 2.995E-02 	 horizons 9.0
step 23400 	 return [0.         0.00203657 0.00758268 0.00368919 0.0052695 ], ([0.0000000e+00 1.3769705e-05 1.0025194e-05 3.3407388e-05 1.1318355e-06]) 	 loss 2.660E-02 	 horizons 9.0
step 23490 	 return [0.         0.00203958 0.00758049 0.0036819  0.00526975], ([0.0000000e+00 1.4720434e-05 1.0717384e-05 3.5714005e-05 1.2099830e-06]) 	 loss 2.601E-02 	 horizons 9.0
step 23580 	 return [0.00306894 0.00644262 0.00258299 0.0021815  0.        ], ([3.6335652e-04 4.3059886e-04 1.0214979e-05 1.4108955e-05 0.0000000e+00]) 	 loss 2.684E-02 	 horizons 9.0
step 23670 	 return [0.         0.00203394 0.00666849 0.00366827 0.00612867], ([0.0000000e+00 1.3769705e-05 1.0105004e-05 3.3407603e-05 1.5392023e-06]) 	 loss 3.883E-02 	 horizons 9.0
step 23760 	 return [0.         0.         0.0061852  0.00768153 0.00596812], ([0.000000e+00 0.000000e+00 4.656613e-10 0.000000e+00 0.000000e+00]) 	 loss 3.798E-02 	 horizons 9.0
step 23850 	 return [0.         0.00203394 0.00666849 0.00366827 0.00612867], ([0.0000000e+00 1.3769705e-05 1.0105004e-05 3.3407603e-05 1.5392023e-06]) 	 loss 3.128E-02 	 horizons 9.0
step 23940 	 return [0.         0.00817535 0.00334808 0.00221189 0.        ], ([0.0000000e+00 8.7899483e-05 1.1388438e-03 7.6385022e-06 0.0000000e+00]) 	 loss 4.153E-02 	 horizons 9.0
step 24030 	 return [0.00363708 0.00521025 0.00257196 0.00216647 0.        ], ([2.3283064e-10 0.0000000e+00 2.3283064e-10 2.3283064e-10 0.0000000e+00]) 	 loss 1.213E-01 	 horizons 9.0
step 24120 	 return [0.00225182 0.00754449 0.00259401 0.00219653 0.        ], ([2.3283064e-10 0.0000000e+00 2.3283064e-10 0.0000000e+00 0.0000000e+00]) 	 loss 8.975E-02 	 horizons 9.0
step 24210 	 return [0.00225182 0.00754449 0.00259401 0.00219653 0.        ], ([2.3283064e-10 0.0000000e+00 2.3283064e-10 0.0000000e+00 0.0000000e+00]) 	 loss 6.027E-02 	 horizons 9.0
step 24300 	 return [0.00146212 0.00585235 0.00055596 0.00113114 0.        ], ([2.1508726e-04 4.6111782e-05 5.5823250e-07 1.1988942e-06 0.0000000e+00]) 	 loss 2.797E-02 	 horizons 9.0
step 24390 	 return [0.         0.00203657 0.00758268 0.00368919 0.0052695 ], ([0.0000000e+00 1.3769704e-05 1.0025194e-05 3.3407388e-05 1.1318355e-06]) 	 loss 4.893E-02 	 horizons 9.0
step 24480 	 return [0.         0.         0.0061852  0.00768153 0.00596812], ([0.000000e+00 0.000000e+00 4.656613e-10 0.000000e+00 0.000000e+00]) 	 loss 3.155E-02 	 horizons 9.0
step 24570 	 return [0.         0.         0.0061852  0.00768153 0.00596812], ([0.000000e+00 0.000000e+00 4.656613e-10 0.000000e+00 0.000000e+00]) 	 loss 3.158E-02 	 horizons 9.0
step 24660 	 return [0.         0.         0.0061852  0.00768153 0.00596812], ([0.000000e+00 0.000000e+00 4.656613e-10 0.000000e+00 0.000000e+00]) 	 loss 3.036E-02 	 horizons 9.0
step 24750 	 return [0.00431896 0.00395411 0.0005516  0.001122   0.        ], ([0.0000000e+00 0.0000000e+00 5.8207661e-11 1.1641532e-10 0.0000000e+00]) 	 loss 2.249E-02 	 horizons 9.0
step 24840 	 return [0.00270558 0.00687322 0.0025932  0.00219561 0.        ], ([2.3283064e-10 0.0000000e+00 2.3283064e-10 0.0000000e+00 0.0000000e+00]) 	 loss 2.371E-02 	 horizons 9.0
step 24930 	 return [0.00338934 0.00578338 0.00257645 0.00217258 0.        ], ([3.5319442e-04 6.4611761e-04 8.3815175e-06 1.1524646e-05 0.0000000e+00]) 	 loss 2.839E-02 	 horizons 9.0
step 25020 	 return [0.00363708 0.00521025 0.00257196 0.00216647 0.        ], ([2.3283064e-10 0.0000000e+00 2.3283064e-10 2.3283064e-10 0.0000000e+00]) 	 loss 2.740E-02 	 horizons 9.0
step 25110 	 return [0.         0.0018248  0.00753104 0.00372764 0.00526474], ([0.0000000e+00 6.0826726e-04 1.7460789e-04 4.9728784e-05 1.2051920e-05]) 	 loss 2.235E-02 	 horizons 9.0
step 25200 	 return [0.00010222 0.00791338 0.0025959  0.0022003  0.        ], ([3.0666875e-04 6.1329559e-04 1.9898707e-05 1.9783318e-05 0.0000000e+00]) 	 loss 3.257E-02 	 horizons 9.0
step 25290 	 return [0.         0.00182845 0.00661434 0.00369214 0.00612191], ([0.0000000e+00 6.0959754e-04 1.6782724e-04 6.1698156e-05 1.9533163e-05]) 	 loss 2.927E-02 	 horizons 9.0
step 25380 	 return [0.00431896 0.00395411 0.0005516  0.001122   0.        ], ([0.0000000e+00 0.0000000e+00 5.8207661e-11 1.1641532e-10 0.0000000e+00]) 	 loss 3.001E-02 	 horizons 9.0
step 25470 	 return [0.00363708 0.00521025 0.00257196 0.00216647 0.        ], ([2.3283064e-10 0.0000000e+00 2.3283064e-10 2.3283064e-10 0.0000000e+00]) 	 loss 2.220E-02 	 horizons 9.0
step 25560 	 return [0.         0.00203056 0.00758706 0.00370377 0.00526901], ([0.0000000e+00 9.0143885e-06 6.5630297e-06 2.1870270e-05 7.4096016e-07]) 	 loss 1.985E-02 	 horizons 9.0
step 25650 	 return [0.         0.         0.00613873 0.00634755 0.00654549], ([0.000000e+00 0.000000e+00 4.656613e-10 4.656613e-10 4.656613e-10]) 	 loss 1.839E-02 	 horizons 9.0
step 25740 	 return [0.         0.         0.00611143 0.00527211 0.00780656], ([0.0000000e+00 0.0000000e+00 1.2109784e-05 5.4461253e-04 1.2740050e-04]) 	 loss 1.709E-02 	 horizons 9.0
step 25830 	 return [0.         0.         0.00610687 0.00508959 0.00774736], ([0.000000e+00 0.000000e+00 4.656613e-10 4.656613e-10 4.656613e-10]) 	 loss 3.559E-02 	 horizons 9.0
step 25920 	 return [0.         0.00203394 0.00666849 0.00366827 0.00612867], ([0.0000000e+00 1.3769704e-05 1.0105004e-05 3.3407603e-05 1.5392023e-06]) 	 loss 2.346E-02 	 horizons 9.0
step 26010 	 return [0.         0.         0.00610687 0.00508959 0.00774736], ([0.000000e+00 0.000000e+00 4.656613e-10 4.656613e-10 4.656613e-10]) 	 loss 1.979E-02 	 horizons 9.0
step 26100 	 return [0.00225182 0.00754449 0.00259401 0.00219653 0.        ], ([2.3283064e-10 0.0000000e+00 2.3283064e-10 0.0000000e+00 0.0000000e+00]) 	 loss 2.787E-02 	 horizons 9.0
step 26190 	 return [0.00252408 0.00714173 0.00259353 0.00219598 0.        ], ([2.2229458e-04 3.2885440e-04 3.9636981e-07 4.5180457e-07 0.0000000e+00]) 	 loss 2.177E-02 	 horizons 9.0
step 26280 	 return [0.         0.00203357 0.00758487 0.00369648 0.00526925], ([0.00000000e+00 1.20191835e-05 8.75070691e-06 2.91603610e-05
 9.87947033e-07]) 	 loss 2.380E-02 	 horizons 9.0
step 26370 	 return [0.00270558 0.00687322 0.0025932  0.00219561 0.        ], ([2.3283064e-10 0.0000000e+00 2.3283064e-10 0.0000000e+00 0.0000000e+00]) 	 loss 1.931E-02 	 horizons 9.0
step 26460 	 return [0.         0.00202546 0.00685794 0.00369433 0.00595588], ([0.0000000e+00 1.0508113e-06 3.6565401e-04 8.3679333e-06 3.4356152e-04]) 	 loss 2.788E-02 	 horizons 9.0
step 26550 	 return [0.         0.00203056 0.00758706 0.00370377 0.00526901], ([0.0000000e+00 9.0143876e-06 6.5630297e-06 2.1870272e-05 7.4096022e-07]) 	 loss 1.949E-02 	 horizons 9.0
step 26640 	 return [0.00270558 0.00687322 0.0025932  0.00219561 0.        ], ([2.3283064e-10 0.0000000e+00 2.3283064e-10 0.0000000e+00 0.0000000e+00]) 	 loss 1.678E-02 	 horizons 9.0
step 26730 	 return [0.00363708 0.00521025 0.00257196 0.00216647 0.        ], ([2.3283064e-10 0.0000000e+00 2.3283064e-10 2.3283064e-10 0.0000000e+00]) 	 loss 2.294E-02 	 horizons 9.0
step 26820 	 return [0.0028714  0.0066208  0.00258904 0.00218988 0.        ], ([3.3478873e-04 5.3572061e-04 8.3357172e-06 1.1473467e-05 0.0000000e+00]) 	 loss 2.103E-02 	 horizons 9.0
step 26910 	 return [0.         0.00202493 0.00667511 0.00369014 0.00612766], ([0.0000000e+00 2.3283064e-10 0.0000000e+00 0.0000000e+00 0.0000000e+00]) 	 loss 2.003E-02 	 horizons 9.0
step 27000 	 return [0.         0.00203357 0.00758487 0.00369648 0.00526925], ([0.0000000e+00 1.2019184e-05 8.7507069e-06 2.9160363e-05 9.8794692e-07]) 	 loss 1.928E-02 	 horizons 9.0
step 27090 	 return [0.         0.00202493 0.00667511 0.00369014 0.00612766], ([0.0000000e+00 2.3283064e-10 0.0000000e+00 0.0000000e+00 0.0000000e+00]) 	 loss 1.904E-02 	 horizons 9.0
step 27180 	 return [0.00225182 0.00754449 0.00259401 0.00219653 0.        ], ([2.3283064e-10 0.0000000e+00 2.3283064e-10 0.0000000e+00 0.0000000e+00]) 	 loss 2.079E-02 	 horizons 9.0
step 27270 	 return [0.00270558 0.00687322 0.0025932  0.00219561 0.        ], ([2.3283064e-10 0.0000000e+00 2.3283064e-10 0.0000000e+00 0.0000000e+00]) 	 loss 2.297E-02 	 horizons 9.0
step 27360 	 return [0.         0.00202756 0.00758924 0.00371106 0.00526876], ([0.0000000e+00 2.3283064e-10 0.0000000e+00 0.0000000e+00 0.0000000e+00]) 	 loss 1.433E-02 	 horizons 9.0
step 27450 	 return [0.         0.00202756 0.00758924 0.00371106 0.00526876], ([0.0000000e+00 2.3283064e-10 0.0000000e+00 0.0000000e+00 0.0000000e+00]) 	 loss 1.597E-02 	 horizons 9.0
step 27540 	 return [0.         0.00202793 0.0066729  0.00368285 0.006128  ], ([0.0000000e+00 9.0143876e-06 6.6152775e-06 2.1870410e-05 1.0076444e-06]) 	 loss 2.280E-02 	 horizons 9.0
step 27630 	 return [0.         0.00811781 0.00260254 0.00220689 0.        ], ([0.0000000e+00 9.3132257e-10 2.3283064e-10 2.3283064e-10 0.0000000e+00]) 	 loss 2.426E-02 	 horizons 9.0
step 27720 	 return [0.         0.         0.00614342 0.00672429 0.00810837], ([0.0000000e+00 0.0000000e+00 1.2184494e-05 5.4489967e-04 1.2033940e-04]) 	 loss 2.229E-02 	 horizons 9.0
step 27810 	 return [0.         0.00202546 0.00685794 0.00369433 0.00595588], ([0.0000000e+00 1.0508113e-06 3.6565398e-04 8.3679333e-06 3.4356155e-04]) 	 loss 2.315E-02 	 horizons 9.0
step 27900 	 return [0.00010606 0.00815468 0.00240376 0.00211504 0.        ], ([0.00031818 0.0001106  0.00059635 0.00027554 0.        ]) 	 loss 2.528E-02 	 horizons 9.0
step 27990 	 return [0.         0.00202756 0.00758924 0.00371106 0.00526876], ([0.0000000e+00 2.3283064e-10 0.0000000e+00 0.0000000e+00 0.0000000e+00]) 	 loss 1.143E-02 	 horizons 9.0
step 28080 	 return [0.         0.00202756 0.00758924 0.00371106 0.00526876], ([0.0000000e+00 2.3283064e-10 0.0000000e+00 0.0000000e+00 0.0000000e+00]) 	 loss 1.875E-02 	 horizons 9.0
step 28170 	 return [0.         0.00203094 0.0066707  0.00367556 0.00612833], ([0.00000000e+00 1.20191835e-05 8.82036966e-06 2.91605465e-05
 1.34352592e-06]) 	 loss 2.078E-02 	 horizons 9.0
step 28260 	 return [0.         0.00202899 0.00703858 0.00369122 0.00578435], ([0.0000000e+00 9.6118629e-06 4.4519381e-04 2.0008330e-05 4.2047325e-04]) 	 loss 1.801E-02 	 horizons 9.0
step 28350 	 return [0.00363708 0.00521025 0.00257196 0.00216647 0.        ], ([2.3283064e-10 0.0000000e+00 2.3283064e-10 2.3283064e-10 0.0000000e+00]) 	 loss 2.250E-02 	 horizons 9.0
step 28440 	 return [0.00225182 0.00754449 0.00259401 0.00219653 0.        ], ([2.3283064e-10 0.0000000e+00 2.3283064e-10 0.0000000e+00 0.0000000e+00]) 	 loss 1.609E-02 	 horizons 9.0
step 28530 	 return [0.         0.00203056 0.00758706 0.00370377 0.00526901], ([0.0000000e+00 9.0143876e-06 6.5630297e-06 2.1870272e-05 7.4096022e-07]) 	 loss 1.888E-02 	 horizons 9.0
step 28620 	 return [0.         0.00203394 0.00666849 0.00366827 0.00612867], ([0.0000000e+00 1.3769705e-05 1.0105003e-05 3.3407603e-05 1.5392023e-06]) 	 loss 1.266E-02 	 horizons 9.0
step 28710 	 return [0.00225182 0.00754449 0.00259401 0.00219653 0.        ], ([2.3283064e-10 0.0000000e+00 2.3283064e-10 0.0000000e+00 0.0000000e+00]) 	 loss 1.640E-02 	 horizons 9.0
step 28800 	 return [0.00285092 0.00670098 0.00258912 0.00218997 0.        ], ([2.9068525e-04 3.4447914e-04 8.1719836e-06 1.1287165e-05 0.0000000e+00]) 	 loss 2.456E-02 	 horizons 9.0
step 28890 	 return [0.00343229 0.00601202 0.00257277 0.00216739 0.        ], ([2.3283064e-10 0.0000000e+00 0.0000000e+00 2.3283064e-10 0.0000000e+00]) 	 loss 1.892E-02 	 horizons 9.0
step 28980 	 return [0.         0.00811781 0.00260254 0.00220689 0.        ], ([0.0000000e+00 9.3132257e-10 2.3283064e-10 2.3283064e-10 0.0000000e+00]) 	 loss 1.741E-02 	 horizons 9.0
step 29070 	 return [0.00225182 0.00754449 0.00259401 0.00219653 0.        ], ([2.3283064e-10 0.0000000e+00 2.3283064e-10 0.0000000e+00 0.0000000e+00]) 	 loss 2.245E-02 	 horizons 9.0
step 29160 	 return [0.         0.00202756 0.00758924 0.00371106 0.00526876], ([0.0000000e+00 2.3283064e-10 0.0000000e+00 0.0000000e+00 0.0000000e+00]) 	 loss 2.315E-02 	 horizons 9.0
step 29250 	 return [0.         0.00161994 0.00665196 0.00372539 0.00603133], ([0.0000000e+00 8.0997212e-04 2.0556088e-04 7.0644048e-05 2.6826659e-04]) 	 loss 7.991E-03 	 horizons 9.0
step 29340 	 return [0.00343229 0.00601202 0.00257277 0.00216739 0.        ], ([2.3283064e-10 0.0000000e+00 0.0000000e+00 2.3283064e-10 0.0000000e+00]) 	 loss 1.998E-02 	 horizons 9.0
step 29430 	 return [0.         0.00204296 0.00666188 0.0036464  0.00612968], ([0.00000000e+00 1.47204328e-05 1.08027025e-05 3.57142344e-05
 1.64547657e-06]) 	 loss 1.841E-02 	 horizons 9.0
step 29520 	 return [0.         0.00203056 0.00758706 0.00370377 0.00526901], ([0.0000000e+00 9.0143876e-06 6.5630297e-06 2.1870270e-05 7.4096022e-07]) 	 loss 2.253E-02 	 horizons 9.0
step 29610 	 return [0.00335962 0.00609814 0.00257482 0.00217022 0.        ], ([2.1801394e-04 2.5835933e-04 6.1289875e-06 8.4653730e-06 0.0000000e+00]) 	 loss 2.193E-02 	 horizons 9.0
step 29700 	 return [0.00252408 0.00714173 0.00259353 0.00219598 0.        ], ([2.2229458e-04 3.2885440e-04 3.9636981e-07 4.5180457e-07 0.0000000e+00]) 	 loss 2.123E-02 	 horizons 9.0
step 29790 	 return [0.00285092 0.00670098 0.00258912 0.00218997 0.        ], ([2.9068525e-04 3.4447908e-04 8.1719827e-06 1.1287164e-05 0.0000000e+00]) 	 loss 1.731E-02 	 horizons 9.0
step 29880 	 return [0.         0.00811781 0.00260254 0.00220689 0.        ], ([0.0000000e+00 9.3132257e-10 2.3283064e-10 2.3283064e-10 0.0000000e+00]) 	 loss 1.822E-02 	 horizons 9.0
step 29970 	 return [0.00363708 0.00521025 0.00257196 0.00216647 0.        ], ([2.3283064e-10 0.0000000e+00 2.3283064e-10 2.3283064e-10 0.0000000e+00]) 	 loss 1.390E-02 	 horizons 9.0
step 30060 	 return [0.         0.00202756 0.00758924 0.00371106 0.00526876], ([0.0000000e+00 2.3283064e-10 0.0000000e+00 0.0000000e+00 0.0000000e+00]) 	 loss 1.943E-02 	 horizons 9.0
[1;34mwandb[0m: 
[1;34mwandb[0m: 🚀 View run [33mmotndp_amsterdam-v0__GCN-amsterdam-g5-temporal__123__1781501647[0m at: [34mhttps://wandb.ai/jingyuan-sun03-tu-delft/cl_ablation/runs/1qkuc5bc[0m
[1;34mwandb[0m: Find logs at: [1;35mwandb/run-20260615_073407-1qkuc5bc/logs[0m
