/home/SinJ/mo-transport-network-design/.venv/lib/python3.13/site-packages/pygame/pkgdata.py:25: UserWarning: pkg_resources is deprecated as an API. See https://setuptools.pypa.io/en/latest/pkg_resources.html. The pkg_resources package is slated for removal as early as 2025-11-30. Refrain from using this package or pin to Setuptools<81.
  from pkg_resources import resource_stream, resource_exists
wandb: [wandb.login()] Loaded credentials for https://api.wandb.ai from /home/SinJ/.netrc.
wandb: Currently logged in as: jingyuan-sun03 (jingyuan-sun03-tu-delft) to https://api.wandb.ai. Use `wandb login --relogin` to force relogin
wandb: setting up run z6i3vcpt
wandb: Tracking run with wandb version 0.27.2
wandb: Run data is saved locally in /home/SinJ/mo-transport-network-design/wandb/run-20260615_092739-z6i3vcpt
wandb: Run `wandb offline` to turn off syncing.
wandb: Syncing run motndp_amsterdam-v0__GCN-amsterdam-g7-l0__123__1781508459
wandb: ⭐️ View project at https://wandb.ai/jingyuan-sun03-tu-delft/cl_ablation
wandb: 🚀 View run at https://wandb.ai/jingyuan-sun03-tu-delft/cl_ablation/runs/z6i3vcpt
/home/SinJ/mo-transport-network-design/morl-baselines/morl_baselines/multi_policy/gcn/gcn.py:151: UserWarning: Creating a tensor from a list of numpy.ndarrays is extremely slow. Please consider converting the list to a single numpy.ndarray with numpy.array() before converting to a tensor. (Triggered internally at /pytorch/torch/csrc/utils/tensor_new.cpp:253.)
  th.tensor(obs).to(self.device),
Namespace(env='amsterdam', nr_groups=7, starting_loc_x=9, starting_loc_y=19, nr_stations=10, lr=0.01, batch_size=256, num_er_episodes=100, num_step_episodes=10, num_model_updates=10, num_policies=10, max_buffer_size=200, nr_layers=1, hidden_dim=128, timesteps=30000, no_log=False, seed=123, cd_threshold=0.2, distance_ref='interpolate2', gcn_lambda=0.0, lambda_schedule='constant', lambda_start=1.0, lambda_end=None, lambda_warmup_fraction=0.0, lambda_freeze_fraction=0.1, spatial_alpha=0.0, include_demand_context=False, criterion='lorenz', nash_mode='pareto_sized', nash_top_k=None, nash_shift=0.0, project_name='cl_ablation', experiment_name='GCN-amsterdam-g7-l0', wandb_entity=None)
step 990 	 return [0.         0.00080619 0.00367867 0.00182706 0.00135786 0.00183377
 0.00093488], ([0.         0.00090393 0.00329945 0.00170904 0.00091702 0.00329007
 0.00194598]) 	 loss 2.021E+00 	 horizons 9.0
step 1080 	 return [0.         0.00051705 0.00200653 0.001517   0.00155754 0.00280625
 0.00203898], ([0.         0.00088786 0.00303293 0.00241068 0.00165016 0.00325835
 0.00330158]) 	 loss 1.874E+00 	 horizons 9.0
step 1170 	 return [0.00041393 0.00072937 0.00275109 0.00019746 0.00099446 0.00190256
 0.00017444], ([0.0012418  0.00096344 0.00268846 0.00031091 0.00105327 0.00243054
 0.00052333]) 	 loss 1.471E+00 	 horizons 9.0
step 1260 	 return [0.         0.00091873 0.0018291  0.00081446 0.00185761 0.00284558
 0.00088826], ([0.         0.00099289 0.00193077 0.00170262 0.00183025 0.00343129
 0.00178238]) 	 loss 1.199E+00 	 horizons 9.0
step 1350 	 return [0.         0.00043146 0.00102263 0.00137445 0.00293546 0.00617453
 0.00223099], ([0.         0.00087863 0.00074132 0.00229628 0.00152539 0.00378423
 0.00285649]) 	 loss 1.098E+00 	 horizons 9.0
step 1440 	 return [0.         0.0007718  0.00298452 0.00063436 0.00155161 0.00366345
 0.        ], ([0.         0.00095306 0.00396194 0.00105847 0.0012719  0.00465895
 0.        ]) 	 loss 1.075E+00 	 horizons 9.0
step 1530 	 return [0.         0.         0.00532516 0.00676099 0.00327907 0.00114062
 0.00119774], ([0.         0.         0.00408329 0.00304896 0.00140891 0.00230319
 0.00214449]) 	 loss 1.049E+00 	 horizons 9.0
step 1620 	 return [0.00060627 0.00051318 0.00088573 0.00025641 0.00071926 0.00061149
 0.        ], ([0.00181882 0.00079632 0.00163003 0.00033612 0.00096429 0.00087657
 0.        ]) 	 loss 1.005E+00 	 horizons 9.0
step 1710 	 return [0.         0.         0.0013248  0.00170449 0.00261719 0.0052708
 0.00538228], ([0.         0.         0.00086296 0.00209482 0.00060309 0.00287954
 0.00259415]) 	 loss 9.778E-01 	 horizons 9.0
step 1800 	 return [0.         0.         0.00197964 0.00447682 0.00380513 0.00469622
 0.0053563 ], ([0.         0.         0.00085427 0.0024098  0.00151156 0.00323649
 0.00312504]) 	 loss 9.520E-01 	 horizons 9.0
step 1890 	 return [0.         0.         0.00159731 0.0009982  0.00282035 0.00580827
 0.00378688], ([0.         0.         0.00063108 0.00162185 0.00113509 0.00211735
 0.00236044]) 	 loss 9.424E-01 	 horizons 9.0
step 1980 	 return [0.         0.         0.00178925 0.00310492 0.00231151 0.00621521
 0.00366488], ([0.         0.         0.00071933 0.00201919 0.00094985 0.00242129
 0.00407619]) 	 loss 9.031E-01 	 horizons 9.0
step 2070 	 return [0.         0.         0.00191957 0.00601949 0.00500582 0.00371523
 0.00377108], ([0.         0.         0.00022175 0.00216985 0.00075357 0.00211673
 0.00184494]) 	 loss 8.625E-01 	 horizons 9.0
step 2160 	 return [0.         0.         0.00188178 0.00459383 0.00366303 0.00439256
 0.00294074], ([0.         0.         0.00020837 0.00182    0.00167111 0.00345585
 0.00204132]) 	 loss 8.385E-01 	 horizons 9.0
step 2250 	 return [0.00035597 0.00028684 0.00805154 0.0029644  0.00198168 0.00020659
 0.        ], ([0.00106792 0.00074592 0.00208282 0.00234341 0.00068622 0.00061978
 0.        ]) 	 loss 8.365E-01 	 horizons 9.0
step 2340 	 return [0.         0.00135617 0.00160618 0.00014146 0.00111365 0.0026291
 0.        ], ([0.         0.00101399 0.0018926  0.00029555 0.00094812 0.00300931
 0.        ]) 	 loss 7.704E-01 	 horizons 9.0
step 2430 	 return [0.0000000e+00 5.6615891e-04 7.3947542e-04 7.3771742e-05 3.0977041e-03
 6.9056926e-03 1.7419161e-04], ([0.         0.00088438 0.00096342 0.00022132 0.0010133  0.00223171
 0.00052257]) 	 loss 7.755E-01 	 horizons 9.0
step 2520 	 return [0.         0.         0.00211155 0.0022261  0.00365103 0.00615153
 0.00358996], ([0.         0.         0.00068498 0.00188173 0.00098879 0.00210562
 0.00214318]) 	 loss 7.273E-01 	 horizons 9.0
step 2610 	 return [0.         0.         0.00147603 0.00054947 0.0032657  0.00871672
 0.00537758], ([0.         0.         0.00110403 0.0016484  0.0010124  0.00203697
 0.00300903]) 	 loss 7.024E-01 	 horizons 9.0
step 2700 	 return [0.         0.         0.00201271 0.00545665 0.00333811 0.00682955
 0.0025367 ], ([0.0000000e+00 0.0000000e+00 3.2605880e-05 5.2823359e-04 1.4016026e-03
 2.4885589e-03 2.3040432e-03]) 	 loss 6.935E-01 	 horizons 9.0
step 2790 	 return [0.         0.         0.00086374 0.000103   0.00247694 0.00679108
 0.00832208], ([0.         0.         0.00075171 0.00030901 0.00086453 0.00154953
 0.00174933]) 	 loss 6.360E-01 	 horizons 9.0
step 2880 	 return [0.         0.         0.00129606 0.00055053 0.00178374 0.00583945
 0.00915444], ([0.         0.         0.00093749 0.00165158 0.00104715 0.0009975
 0.00340462]) 	 loss 6.516E-01 	 horizons 9.0
step 2970 	 return [0.00129331 0.00106911 0.0014655  0.00061807 0.00097822 0.00199475
 0.        ], ([0.00143284 0.00138038 0.00143795 0.00033017 0.00044364 0.00127554
 0.        ]) 	 loss 6.126E-01 	 horizons 9.0
step 3060 	 return [0.         0.00015299 0.00102473 0.00051018 0.00306457 0.00936039
 0.00448048], ([0.         0.00045896 0.00093816 0.00103291 0.00113479 0.0023314
 0.00324577]) 	 loss 6.262E-01 	 horizons 9.0
step 3150 	 return [0.         0.         0.00138071 0.00061469 0.00327242 0.00849969
 0.00568446], ([0.         0.         0.00084162 0.00123133 0.00088387 0.00158802
 0.00401271]) 	 loss 5.902E-01 	 horizons 9.0
step 3240 	 return [0.         0.         0.00195245 0.00118484 0.00264083 0.0073412
 0.006851  ], ([0.         0.         0.00048313 0.00147475 0.00086254 0.0023031
 0.00294238]) 	 loss 5.922E-01 	 horizons 9.0
step 3330 	 return [0.         0.         0.00242211 0.00190738 0.00356142 0.00613437
 0.00639408], ([0.         0.         0.00062093 0.0018246  0.0014646  0.00255682
 0.00290003]) 	 loss 5.837E-01 	 horizons 9.0
step 3420 	 return [0.         0.         0.00189878 0.00197679 0.00279502 0.0053542
 0.006031  ], ([0.         0.         0.00065188 0.001707   0.00073819 0.0010058
 0.00288644]) 	 loss 5.302E-01 	 horizons 9.0
step 3510 	 return [0.         0.         0.00192347 0.00569607 0.00482491 0.00236703
 0.00378439], ([0.         0.         0.00021563 0.00156241 0.00079064 0.0017786
 0.00098648]) 	 loss 5.305E-01 	 horizons 9.0
step 3600 	 return [0.         0.         0.00213475 0.         0.00341929 0.00866449
 0.00534062], ([0.         0.         0.00047047 0.         0.00063242 0.00176428
 0.00148449]) 	 loss 4.941E-01 	 horizons 9.0
step 3690 	 return [0.         0.         0.00232963 0.00443224 0.00383592 0.00586574
 0.00429378], ([0.         0.         0.00052875 0.00130456 0.00133671 0.0031273
 0.00180508]) 	 loss 4.941E-01 	 horizons 9.0
step 3780 	 return [0.00198424 0.0015107  0.00167729 0.00030886 0.00119805 0.00085413
 0.        ], ([0.00221138 0.0014251  0.00102203 0.00038721 0.00086716 0.00055017
 0.        ]) 	 loss 4.882E-01 	 horizons 9.0
step 3870 	 return [0.         0.00057998 0.00458199 0.00101136 0.00213816 0.00174557
 0.0006294 ], ([0.         0.00073518 0.00301941 0.00160816 0.00088737 0.00221115
 0.00104283]) 	 loss 4.851E-01 	 horizons 9.0
step 3960 	 return [0.00078544 0.00074197 0.0032085  0.00105412 0.00184456 0.00330879
 0.0001442 ], ([0.00173336 0.00117927 0.00284173 0.00105401 0.00082667 0.00341229
 0.00043259]) 	 loss 4.863E-01 	 horizons 9.0
step 4050 	 return [0.         0.         0.00234303 0.00204638 0.00378088 0.00644407
 0.0040166 ], ([0.         0.         0.00054053 0.00115279 0.00168533 0.00259322
 0.00254228]) 	 loss 4.752E-01 	 horizons 9.0
step 4140 	 return [0.         0.         0.00187377 0.00211961 0.00392661 0.00390473
 0.00667173], ([0.         0.         0.00072887 0.00023807 0.00157843 0.00209972
 0.0014812 ]) 	 loss 4.834E-01 	 horizons 9.0
step 4230 	 return [0.         0.         0.00184656 0.00238512 0.0058191  0.00575963
 0.00452316], ([0.0000000e+00 0.0000000e+00 6.3683394e-05 1.1333848e-03 3.2718005e-04
 1.5241776e-03 1.5836026e-04]) 	 loss 4.686E-01 	 horizons 9.0
step 4320 	 return [0.         0.         0.00222205 0.00467586 0.00351374 0.00742023
 0.00312982], ([0.         0.         0.00046969 0.0012836  0.00137037 0.00285745
 0.00122813]) 	 loss 4.446E-01 	 horizons 9.0
step 4410 	 return [0.00245161 0.00076864 0.00527459 0.00045761 0.0015609  0.00027273
 0.        ], ([0.00234549 0.001099   0.00107432 0.00108375 0.00036498 0.0008182
 0.        ]) 	 loss 4.288E-01 	 horizons 9.0
step 4500 	 return [0.         0.         0.00204802 0.00586909 0.00496713 0.00342743
 0.00491446], ([0.0000000e+00 0.0000000e+00 1.1446140e-05 7.2397896e-05 1.0631322e-03
 1.2147073e-03 5.5775390e-04]) 	 loss 4.587E-01 	 horizons 9.0
step 4590 	 return [0.00053755 0.00085361 0.00763007 0.00226459 0.00152305 0.00039712
 0.        ], ([0.00115645 0.00115396 0.00230847 0.0020702  0.00051638 0.00090843
 0.        ]) 	 loss 4.213E-01 	 horizons 9.0
step 4680 	 return [0.         0.         0.00251101 0.00389745 0.00306687 0.00903797
 0.0029449 ], ([0.         0.         0.00050573 0.0016996  0.00056206 0.00122984
 0.00161754]) 	 loss 4.121E-01 	 horizons 9.0
step 4770 	 return [0.         0.         0.002062   0.00595521 0.00636022 0.00298912
 0.00588523], ([0.0000000e+00 0.0000000e+00 2.0993502e-05 1.5290928e-04 1.6118092e-03
 1.5767572e-03 1.7564162e-03]) 	 loss 3.869E-01 	 horizons 9.0
step 4860 	 return [0.         0.         0.00257308 0.00434019 0.00311178 0.00729735
 0.00462067], ([0.         0.         0.00056242 0.00109428 0.00130581 0.00214939
 0.00120966]) 	 loss 3.885E-01 	 horizons 9.0
step 4950 	 return [0.         0.         0.00204417 0.00644709 0.00599359 0.0036106
 0.00491768], ([0.0000000e+00 0.0000000e+00 4.7588535e-05 1.4343554e-03 6.5889175e-04
 2.0945503e-03 1.6464877e-03]) 	 loss 3.600E-01 	 horizons 9.0
step 5040 	 return [0.         0.         0.00204929 0.00590308 0.00562132 0.00384866
 0.00551249], ([0.00000000e+00 0.00000000e+00 1.08023869e-05 1.21876794e-04
 4.50031192e-04 3.03728739e-05 2.01823525e-04]) 	 loss 3.564E-01 	 horizons 9.0
step 5130 	 return [0.00193335 0.00134827 0.00693814 0.0022324  0.00229103 0.
 0.        ], ([0.00191841 0.00091504 0.0012923  0.0021103  0.0005033  0.
 0.        ]) 	 loss 3.104E-01 	 horizons 9.0
step 5220 	 return [0.00310819 0.00088907 0.00539334 0.00037805 0.00181863 0.00055454
 0.        ], ([0.00217081 0.00097591 0.00087092 0.00085683 0.00046266 0.00110933
 0.        ]) 	 loss 3.401E-01 	 horizons 9.0
step 5310 	 return [1.7739706e-03 1.1974763e-03 5.6239972e-03 1.3489422e-03 1.9780793e-03
 7.0494149e-05 0.0000000e+00], ([0.00160117 0.001229   0.00094858 0.00185004 0.0006405  0.00021148
 0.        ]) 	 loss 3.006E-01 	 horizons 9.0
step 5400 	 return [0.00275586 0.00174138 0.00199511 0.00031538 0.00072697 0.00119648
 0.        ], ([0.0013769  0.00180703 0.00154404 0.0003924  0.00038319 0.00073214
 0.        ]) 	 loss 3.360E-01 	 horizons 9.0
step 5490 	 return [0.         0.         0.00204807 0.00587863 0.00544269 0.0043184
 0.00502729], ([0.0000000e+00 0.0000000e+00 3.8663425e-06 4.5640762e-05 5.1586755e-04
 9.5305982e-04 6.0197839e-04]) 	 loss 3.127E-01 	 horizons 9.0
step 5580 	 return [6.1022496e-05 1.3852351e-03 4.0152078e-03 5.8858335e-04 2.5550197e-03
 2.1983865e-03 0.0000000e+00], ([0.00018307 0.00079453 0.00160601 0.00118112 0.00042162 0.00349387
 0.        ]) 	 loss 3.216E-01 	 horizons 9.0
step 5670 	 return [0.         0.         0.00517497 0.007032   0.00311513 0.
 0.00103246], ([0.         0.         0.00307085 0.00161301 0.00095507 0.
 0.00157711]) 	 loss 3.304E-01 	 horizons 9.0
step 5760 	 return [0.00137032 0.00260164 0.00158323 0.00056727 0.0010963  0.00085805
 0.        ], ([0.00140769 0.00136823 0.00137902 0.00037898 0.00066901 0.00064724
 0.        ]) 	 loss 3.077E-01 	 horizons 9.0
step 5850 	 return [0.         0.         0.00154059 0.         0.00351045 0.00809143
 0.00910349], ([0.         0.         0.00038491 0.         0.00034729 0.00054969
 0.00059298]) 	 loss 2.895E-01 	 horizons 9.0
step 5940 	 return [0.00270093 0.00164639 0.00463324 0.00052817 0.00129275 0.0012095
 0.        ], ([0.00144362 0.0013665  0.00132508 0.00044233 0.00053444 0.0010071
 0.        ]) 	 loss 2.487E-01 	 horizons 9.0
step 6030 	 return [0.         0.         0.00198998 0.00307183 0.00407588 0.00498568
 0.00449968], ([0.         0.         0.00030433 0.00105987 0.00133237 0.00127219
 0.00095392]) 	 loss 3.098E-01 	 horizons 9.0
step 6120 	 return [0.00193539 0.00211539 0.00495052 0.00088376 0.00141787 0.00126559
 0.        ], ([0.00148499 0.0013601  0.00173229 0.00115725 0.00052656 0.00173866
 0.        ]) 	 loss 2.803E-01 	 horizons 9.0
step 6210 	 return [0.00221926 0.00251839 0.00511064 0.00030231 0.0011842  0.00118762
 0.        ], ([0.00108773 0.00088484 0.00114454 0.00038188 0.00043307 0.00122937
 0.        ]) 	 loss 2.887E-01 	 horizons 9.0
step 6300 	 return [0.         0.         0.00207108 0.00601664 0.0069033  0.00324394
 0.00493011], ([0.0000000e+00 0.0000000e+00 1.7223112e-05 7.4914838e-05 1.4300562e-03
 1.1607495e-03 1.4045661e-03]) 	 loss 2.768E-01 	 horizons 9.0
step 6390 	 return [0.00132481 0.00253169 0.00569255 0.00025761 0.00138474 0.00039131
 0.        ], ([0.00089699 0.00070049 0.00053381 0.0004066  0.00035969 0.00067507
 0.        ]) 	 loss 2.637E-01 	 horizons 9.0
step 6480 	 return [0.         0.         0.00206826 0.00600612 0.00678193 0.00399617
 0.0048224 ], ([0.0000000e+00 0.0000000e+00 1.6852611e-05 6.9830596e-05 1.1742612e-03
 1.2051660e-03 1.0408126e-03]) 	 loss 2.810E-01 	 horizons 9.0
step 6570 	 return [0.00048112 0.00138591 0.00736081 0.0020054  0.00217182 0.00088796
 0.        ], ([0.00073665 0.00078959 0.00180686 0.00131917 0.00050228 0.00266388
 0.        ]) 	 loss 2.931E-01 	 horizons 9.0
step 6660 	 return [0.         0.         0.00206859 0.00600738 0.00684616 0.00344413
 0.00559039], ([0.0000000e+00 0.0000000e+00 1.4516644e-05 6.9444162e-05 1.5617636e-03
 1.6610785e-03 1.3564358e-03]) 	 loss 2.722E-01 	 horizons 9.0
step 6750 	 return [0.00155724 0.00243217 0.00270825 0.00088494 0.00098811 0.00140762
 0.        ], ([1.3638804e-03 1.3390341e-03 7.2166510e-04 9.7313365e-05 1.9235954e-04
 7.3555118e-04 0.0000000e+00]) 	 loss 2.668E-01 	 horizons 9.0
step 6840 	 return [0.00200903 0.00251825 0.00280141 0.00081351 0.00108247 0.00115337
 0.        ], ([0.0009443  0.00067866 0.00109381 0.00027182 0.00018929 0.0007449
 0.        ]) 	 loss 2.631E-01 	 horizons 9.0
step 6930 	 return [0.         0.         0.00190335 0.00236545 0.00466526 0.00443902
 0.00730011], ([0.         0.         0.00063912 0.00053348 0.00103001 0.00119816
 0.00150079]) 	 loss 2.409E-01 	 horizons 9.0
step 7020 	 return [0.00232576 0.00163001 0.00677699 0.00086928 0.00204458 0.00039259
 0.        ], ([0.00088989 0.00091549 0.00144797 0.00106205 0.00056105 0.00089342
 0.        ]) 	 loss 2.677E-01 	 horizons 9.0
step 7110 	 return [0.0020092  0.00160828 0.00773267 0.00083416 0.00203802 0.00018974
 0.        ], ([0.00107343 0.00084534 0.00126179 0.00120456 0.00068214 0.00056922
 0.        ]) 	 loss 2.141E-01 	 horizons 9.0
step 7200 	 return [0.00203045 0.00217148 0.00583434 0.00036249 0.00141415 0.00140194
 0.        ], ([0.0007355  0.0005272  0.00119021 0.00045362 0.00065948 0.00126372
 0.        ]) 	 loss 2.264E-01 	 horizons 9.0
step 7290 	 return [0.00016864 0.00044292 0.00776543 0.00273243 0.00177927 0.
 0.        ], ([0.00050592 0.00055902 0.00137416 0.00071544 0.00033816 0.
 0.        ]) 	 loss 2.332E-01 	 horizons 9.0
step 7380 	 return [0.00198036 0.00235575 0.00457055 0.00073371 0.00115359 0.00119213
 0.        ], ([0.00057529 0.00081536 0.00116038 0.00036717 0.0002345  0.00087565
 0.        ]) 	 loss 2.441E-01 	 horizons 9.0
step 7470 	 return [0.         0.         0.00186997 0.01048762 0.0055445  0.00642579
 0.00060338], ([0.0000000e+00 0.0000000e+00 8.8673791e-05 1.6568927e-03 7.2153757e-04
 2.3469890e-03 1.2068420e-03]) 	 loss 2.444E-01 	 horizons 9.0
step 7560 	 return [0.         0.         0.0020906  0.00609089 0.00773009 0.00413652
 0.0031215 ], ([0.0000000e+00 0.0000000e+00 1.4430144e-06 3.1669640e-07 3.1810318e-04
 6.8999338e-04 4.0313628e-04]) 	 loss 2.227E-01 	 horizons 9.0
step 7650 	 return [0.         0.         0.0022735  0.00526714 0.00362602 0.00991529
 0.00522621], ([0.         0.         0.00048122 0.00083957 0.00111286 0.00207758
 0.00015941]) 	 loss 2.106E-01 	 horizons 9.0
step 7740 	 return [0.         0.         0.00274877 0.00353949 0.00313452 0.0052853
 0.00529177], ([0.         0.         0.00051835 0.00083453 0.00119524 0.00184853
 0.00130565]) 	 loss 2.161E-01 	 horizons 9.0
step 7830 	 return [0.0008112  0.00169896 0.0083896  0.00151468 0.00225226 0.00029921
 0.        ], ([0.00081554 0.00072395 0.00108187 0.00153693 0.00046128 0.00089762
 0.        ]) 	 loss 2.179E-01 	 horizons 9.0
step 7920 	 return [0.         0.         0.00205882 0.00596343 0.0060831  0.00488108
 0.00636224], ([0.0000000e+00 0.0000000e+00 1.5043604e-06 6.1052256e-06 5.8638609e-05
 1.5409437e-03 1.1458016e-03]) 	 loss 2.053E-01 	 horizons 9.0
step 8010 	 return [0.         0.         0.00217669 0.0054478  0.00551034 0.00483567
 0.00611966], ([0.         0.         0.00035335 0.0009385  0.00083629 0.00164517
 0.00092932]) 	 loss 2.320E-01 	 horizons 9.0
step 8100 	 return [0.         0.         0.00208022 0.00480112 0.00350901 0.00365046
 0.00449358], ([0.         0.         0.00037186 0.0015229  0.00104494 0.00184365
 0.00142735]) 	 loss 2.123E-01 	 horizons 9.0
step 8190 	 return [0.00170573 0.00188572 0.00570888 0.00052205 0.00127245 0.00074281
 0.        ], ([0.00022935 0.00057895 0.00093773 0.00043684 0.00042728 0.00079843
 0.        ]) 	 loss 2.200E-01 	 horizons 9.0
step 8280 	 return [0.         0.         0.00206702 0.00572234 0.00607167 0.00512803
 0.00534497], ([0.0000000e+00 0.0000000e+00 3.3478354e-05 6.9312553e-04 4.2089276e-04
 1.0591813e-03 7.9857750e-04]) 	 loss 2.096E-01 	 horizons 9.0
step 8370 	 return [0.00214154 0.00199009 0.00419193 0.00067798 0.0009982  0.00179245
 0.        ], ([0.00086863 0.00070158 0.00088493 0.00036297 0.00030191 0.00086346
 0.        ]) 	 loss 1.948E-01 	 horizons 9.0
step 8460 	 return [0.00063495 0.00191436 0.00673846 0.00061109 0.00153973 0.00197104
 0.        ], ([0.00078204 0.0005693  0.00114434 0.00050027 0.00044994 0.00131433
 0.        ]) 	 loss 2.117E-01 	 horizons 9.0
step 8550 	 return [0.         0.         0.00229387 0.00309715 0.00368728 0.00681206
 0.00602981], ([0.         0.         0.00045516 0.00052172 0.00115347 0.0025558
 0.00130994]) 	 loss 1.930E-01 	 horizons 9.0
step 8640 	 return [0.00014165 0.00088223 0.00585376 0.0011792  0.00172597 0.00222637
 0.00064555], ([0.00042495 0.00061049 0.00216339 0.00120898 0.00050666 0.00158643
 0.00108462]) 	 loss 1.942E-01 	 horizons 9.0
step 8730 	 return [0.         0.         0.00226346 0.00498026 0.00285661 0.00891009
 0.00516521], ([0.         0.         0.00045599 0.00099283 0.0010823  0.00189079
 0.0005573 ]) 	 loss 2.006E-01 	 horizons 9.0
step 8820 	 return [0.         0.         0.00266752 0.00368135 0.00361878 0.00768714
 0.0062239 ], ([0.         0.         0.0006002  0.00069375 0.00112581 0.00219501
 0.00085056]) 	 loss 1.657E-01 	 horizons 9.0
step 8910 	 return [0.0016344  0.00209717 0.00552493 0.00056973 0.00105311 0.00261178
 0.        ], ([0.00109211 0.00054696 0.00084878 0.00046536 0.0002502  0.00034142
 0.        ]) 	 loss 1.650E-01 	 horizons 9.0
step 9000 	 return [0.00198493 0.00253484 0.00468506 0.0006417  0.00084316 0.00158019
 0.        ], ([0.00075467 0.00110699 0.00063223 0.00034977 0.00032758 0.00079527
 0.        ]) 	 loss 1.731E-01 	 horizons 9.0
step 9090 	 return [0.00064019 0.00240447 0.00658234 0.00026372 0.00123089 0.00265736
 0.        ], ([0.00078837 0.00053599 0.00079455 0.0004104  0.0002611  0.00046373
 0.        ]) 	 loss 1.956E-01 	 horizons 9.0
step 9180 	 return [0.00028314 0.00122408 0.00777037 0.00057783 0.00170144 0.00193908
 0.        ], ([0.00056629 0.00072311 0.00115372 0.00110699 0.00056565 0.00130295
 0.        ]) 	 loss 1.950E-01 	 horizons 9.0
step 9270 	 return [0.         0.         0.00250347 0.00408003 0.00415181 0.00576214
 0.0055538 ], ([0.         0.         0.00058284 0.00079867 0.00110597 0.00167102
 0.00056753]) 	 loss 2.110E-01 	 horizons 9.0
step 9360 	 return [0.00092611 0.0012635  0.00590062 0.00201712 0.00238801 0.
 0.        ], ([0.00075992 0.00032605 0.00089658 0.00112218 0.00011738 0.
 0.        ]) 	 loss 1.909E-01 	 horizons 9.0
step 9450 	 return [0.         0.         0.00240151 0.00327151 0.00605851 0.00470909
 0.00705799], ([0.         0.         0.00055956 0.00062603 0.00042655 0.00133318
 0.00153288]) 	 loss 1.721E-01 	 horizons 9.0
step 9540 	 return [0.0001268  0.00136297 0.0054314  0.00207669 0.00139325 0.00446702
 0.        ], ([0.00025359 0.00083174 0.00167906 0.0013336  0.00060386 0.00256143
 0.        ]) 	 loss 1.770E-01 	 horizons 9.0
step 9630 	 return [0.00016426 0.00113419 0.00535829 0.00278319 0.00229358 0.00068811
 0.        ], ([0.00049277 0.00085386 0.00058416 0.00013973 0.00016112 0.00206434
 0.        ]) 	 loss 2.008E-01 	 horizons 9.0
step 9720 	 return [0.00108484 0.00140211 0.00635594 0.00078573 0.00157139 0.0021922
 0.        ], ([0.00072155 0.00063242 0.00186874 0.00114824 0.00043258 0.00178524
 0.        ]) 	 loss 1.897E-01 	 horizons 9.0
step 9810 	 return [0.         0.         0.00217047 0.00569044 0.00552265 0.00473968
 0.00552249], ([0.         0.         0.00035477 0.00070148 0.00018299 0.00090496
 0.00070525]) 	 loss 1.775E-01 	 horizons 9.0
step 9900 	 return [0.         0.         0.0020577  0.00595915 0.00603783 0.00564205
 0.00562976], ([0.0000000e+00 0.0000000e+00 1.6090991e-06 5.1721063e-06 9.0225622e-05
 5.9468544e-04 1.6735597e-05]) 	 loss 1.577E-01 	 horizons 9.0
step 9990 	 return [0.00072027 0.00092266 0.00462491 0.00121374 0.00152975 0.00199837
 0.00060955], ([0.00072493 0.00105493 0.00185835 0.00121837 0.00028251 0.00120166
 0.00074656]) 	 loss 1.414E-01 	 horizons 9.0
step 10080 	 return [0.         0.00030643 0.00417929 0.00452882 0.00186971 0.00599809
 0.00093287], ([0.         0.00054469 0.00253542 0.0012012  0.00057298 0.00306441
 0.00186574]) 	 loss 1.587E-01 	 horizons 9.0
step 10170 	 return [0.         0.         0.00313879 0.00332135 0.00298611 0.00815394
 0.00718694], ([0.0000000e+00 0.0000000e+00 5.2670948e-06 5.2213436e-06 7.8571145e-05
 7.7216612e-04 4.6756072e-04]) 	 loss 1.589E-01 	 horizons 9.0
step 10260 	 return [0.         0.         0.00205863 0.00596678 0.00605393 0.00546762
 0.00597747], ([0.0000000e+00 0.0000000e+00 1.8165057e-06 1.9639810e-05 1.6422968e-05
 7.2668347e-04 6.8344240e-04]) 	 loss 1.394E-01 	 horizons 9.0
step 10350 	 return [0.         0.         0.00215685 0.00329535 0.00290797 0.00982487
 0.00726168], ([0.0000000e+00 0.0000000e+00 3.2557116e-04 8.3531095e-06 7.0276423e-05
 7.3920301e-04 4.5338372e-04]) 	 loss 1.126E-01 	 horizons 9.0
step 10440 	 return [0.         0.         0.00245163 0.00356818 0.00577139 0.00511942
 0.00743254], ([0.0000000e+00 0.0000000e+00 5.1268644e-04 1.3015032e-05 7.2478251e-05
 1.0580927e-03 4.1123907e-04]) 	 loss 1.029E-01 	 horizons 9.0
step 10530 	 return [6.3397601e-05 8.5092522e-04 3.5380237e-03 4.3597380e-03 1.4165142e-03
 7.0974440e-03 0.0000000e+00], ([0.00019019 0.00085187 0.00079892 0.0011282  0.00065011 0.00022592
 0.        ]) 	 loss 1.144E-01 	 horizons 9.0
step 10620 	 return [0.         0.         0.00265017 0.00360799 0.0052342  0.00586977
 0.00655427], ([0.         0.         0.00056953 0.00020288 0.00108741 0.00087506
 0.0008434 ]) 	 loss 1.069E-01 	 horizons 9.0
step 10710 	 return [0.         0.         0.00291796 0.00331325 0.00293383 0.00887066
 0.00699539], ([0.0000000e+00 0.0000000e+00 4.3377100e-04 8.9161504e-06 4.8345624e-05
 5.3330342e-04 4.2164460e-04]) 	 loss 1.044E-01 	 horizons 9.0
step 10800 	 return [0.         0.         0.00256622 0.00357536 0.00585275 0.00411684
 0.00784803], ([0.0000000e+00 0.0000000e+00 5.4586033e-04 9.6043541e-06 2.9020655e-05
 1.2666725e-04 4.9829175e-04]) 	 loss 9.378E-02 	 horizons 9.0
step 10890 	 return [0.         0.         0.00205936 0.00597372 0.00606713 0.0058359
 0.00563693], ([0.0000000e+00 0.0000000e+00 2.4430863e-06 2.6297492e-05 1.9366742e-05
 1.5150598e-05 5.0553149e-06]) 	 loss 9.769E-02 	 horizons 9.0
step 10980 	 return [0.00348835 0.00239196 0.00424851 0.00043404 0.00113764 0.00259897
 0.        ], ([0.00013789 0.00090247 0.00056746 0.00044483 0.00027276 0.00036911
 0.        ]) 	 loss 1.155E-01 	 horizons 9.0
step 11070 	 return [0.         0.         0.00203289 0.00568693 0.00306959 0.01095407
 0.0051465 ], ([0.0000000e+00 0.0000000e+00 0.0000000e+00 4.6566129e-10 2.3283064e-10
 0.0000000e+00 4.6566129e-10]) 	 loss 1.087E-01 	 horizons 9.0
step 11160 	 return [0.         0.         0.0020496  0.00588725 0.00514347 0.0048955
 0.0051898 ], ([0.0000000e+00 0.0000000e+00 3.1726763e-06 3.2328218e-05 3.8291479e-04
 7.1029656e-04 3.5725467e-04]) 	 loss 9.383E-02 	 horizons 9.0
step 11250 	 return [0.         0.         0.00206041 0.00530857 0.00565139 0.00548378
 0.00614644], ([0.0000000e+00 0.0000000e+00 4.1275583e-05 1.0222326e-03 8.7171665e-04
 8.0005155e-04 9.1117009e-04]) 	 loss 9.952E-02 	 horizons 9.0
step 11340 	 return [0.0005666  0.00134459 0.00794317 0.         0.00187689 0.00172445
 0.        ], ([0.00069394 0.00013842 0.00056417 0.         0.00060916 0.00142276
 0.        ]) 	 loss 1.026E-01 	 horizons 9.0
step 11430 	 return [0.         0.         0.00212053 0.00356752 0.00587644 0.00422026
 0.00825489], ([0.000000e+00 0.000000e+00 0.000000e+00 4.656613e-10 0.000000e+00
 4.656613e-10 0.000000e+00]) 	 loss 9.972E-02 	 horizons 9.0
step 11520 	 return [0.00025359 0.00163734 0.00686746 0.00184913 0.0011081  0.00475898
 0.        ], ([0.00031058 0.00016016 0.00279881 0.00196228 0.00040147 0.00247124
 0.        ]) 	 loss 7.715E-02 	 horizons 9.0
step 11610 	 return [0.00268025 0.00241074 0.00442939 0.0009644  0.00115018 0.00227353
 0.        ], ([9.5382729e-04 4.0505289e-05 6.8705884e-04 2.8100369e-05 6.7836212e-05
 2.6997679e-04 0.0000000e+00]) 	 loss 7.610E-02 	 horizons 9.0
step 11700 	 return [0.00372909 0.00222935 0.00553309 0.00093616 0.00142655 0.00200199
 0.        ], ([0.00061302 0.00074335 0.00023112 0.00031384 0.0003539  0.00069915
 0.        ]) 	 loss 8.119E-02 	 horizons 9.0
step 11790 	 return [0.         0.         0.00257299 0.00358501 0.00602587 0.0039579
 0.00752556], ([0.0000000e+00 0.0000000e+00 5.4480910e-04 2.2868966e-05 4.1480019e-04
 1.2333443e-03 1.5775568e-03]) 	 loss 7.737E-02 	 horizons 9.0
step 11880 	 return [0.         0.         0.00302346 0.00355321 0.00292374 0.0091289
 0.00656209], ([0.000000e+00 0.000000e+00 3.301893e-04 7.112391e-04 4.861441e-05
 6.083901e-04 4.718634e-04]) 	 loss 8.126E-02 	 horizons 9.0
step 11970 	 return [0.         0.         0.00288322 0.00400456 0.00528108 0.00667468
 0.00580256], ([0.         0.         0.00053943 0.00084046 0.00112311 0.00142473
 0.00051755]) 	 loss 7.169E-02 	 horizons 9.0
step 12060 	 return [0.         0.         0.00287206 0.00350057 0.00498102 0.00690528
 0.00617373], ([0.         0.         0.00049716 0.00011458 0.00125545 0.00096106
 0.00096941]) 	 loss 4.829E-02 	 horizons 9.0
step 12150 	 return [0.         0.         0.00205814 0.00596058 0.00605855 0.00583022
 0.00563444], ([0.000000e+00 0.000000e+00 0.000000e+00 0.000000e+00 0.000000e+00
 4.656613e-10 4.656613e-10]) 	 loss 4.848E-02 	 horizons 9.0
step 12240 	 return [0.00057058 0.00180513 0.00418247 0.00346608 0.00068611 0.00719613
 0.        ], ([1.9019280e-04 3.0939980e-05 2.9846691e-04 6.9653755e-04 8.6896129e-05
 9.7168886e-05 0.0000000e+00]) 	 loss 5.459E-02 	 horizons 9.0
step 12330 	 return [0.         0.         0.00301173 0.003582   0.00582867 0.00619923
 0.00554227], ([0.0000000e+00 0.0000000e+00 4.4843607e-04 1.2018905e-05 4.6131951e-05
 8.7820273e-04 5.5266541e-06]) 	 loss 4.728E-02 	 horizons 9.0
step 12420 	 return [0.         0.         0.00203284 0.00568677 0.00306624 0.01077994
 0.00531562], ([0.0000000e+00 0.0000000e+00 1.5534467e-07 4.6296049e-07 1.0040683e-05
 5.2241387e-04 5.0733844e-04]) 	 loss 3.783E-02 	 horizons 9.0
step 12510 	 return [0.         0.         0.00283596 0.00339655 0.00345094 0.00700745
 0.00831736], ([0.         0.         0.00047251 0.0001051  0.00152435 0.00054602
 0.00109759]) 	 loss 4.316E-02 	 horizons 9.0
step 12600 	 return [0.         0.         0.00203289 0.00568693 0.00306959 0.01095407
 0.0051465 ], ([0.0000000e+00 0.0000000e+00 0.0000000e+00 4.6566129e-10 2.3283064e-10
 0.0000000e+00 4.6566129e-10]) 	 loss 4.282E-02 	 horizons 9.0
step 12690 	 return [0.00293401 0.00237752 0.00605985 0.00075414 0.00154695 0.00241597
 0.        ], ([0.00099318 0.00020738 0.00075873 0.0009701  0.00051774 0.00187127
 0.        ]) 	 loss 4.494E-02 	 horizons 9.0
step 12780 	 return [0.         0.         0.00205814 0.00596058 0.00605855 0.00583022
 0.00563444], ([0.000000e+00 0.000000e+00 0.000000e+00 0.000000e+00 0.000000e+00
 4.656613e-10 4.656613e-10]) 	 loss 5.816E-02 	 horizons 9.0
step 12870 	 return [0.         0.         0.00258893 0.0033012  0.00285875 0.01010138
 0.00654347], ([0.0000000e+00 0.0000000e+00 5.4483081e-04 1.5114714e-05 5.6287110e-05
 9.6308155e-04 4.9902179e-04]) 	 loss 4.838E-02 	 horizons 9.0
step 12960 	 return [0.         0.         0.00205814 0.00596058 0.00605855 0.00583022
 0.00563444], ([0.000000e+00 0.000000e+00 0.000000e+00 0.000000e+00 0.000000e+00
 4.656613e-10 4.656613e-10]) 	 loss 4.023E-02 	 horizons 9.0
step 13050 	 return [0.         0.         0.00256317 0.00357023 0.00576892 0.00527341
 0.00716156], ([0.0000000e+00 0.0000000e+00 5.4859795e-04 1.4299922e-05 6.9201757e-05
 1.0276431e-03 6.1994256e-04]) 	 loss 3.661E-02 	 horizons 9.0
step 13140 	 return [0.         0.         0.00304076 0.00334941 0.00331584 0.00742391
 0.00743709], ([0.0000000e+00 0.0000000e+00 3.0863116e-04 6.9520851e-05 8.0707512e-04
 1.7815434e-04 6.3531863e-04]) 	 loss 2.398E-02 	 horizons 9.0
step 13230 	 return [0.0035388  0.00248534 0.00559809 0.00105793 0.00136363 0.00219514
 0.        ], ([0.0000000e+00 2.3283064e-10 4.6566129e-10 1.1641532e-10 1.1641532e-10
 0.0000000e+00 0.0000000e+00]) 	 loss 3.018E-02 	 horizons 9.0
step 13320 	 return [0.         0.         0.0020441  0.00328608 0.00280326 0.01093211
 0.00670211], ([0.0000000e+00 0.0000000e+00 2.3283064e-10 0.0000000e+00 2.3283064e-10
 0.0000000e+00 0.0000000e+00]) 	 loss 1.983E-02 	 horizons 9.0
step 13410 	 return [0.         0.         0.00314693 0.00332922 0.00208244 0.0073806
 0.00964669], ([0.0000000e+00 0.0000000e+00 2.3283064e-10 0.0000000e+00 2.3283064e-10
 9.3132257e-10 0.0000000e+00]) 	 loss 1.876E-02 	 horizons 9.0
step 13500 	 return [0.00092103 0.00174858 0.00680653 0.00162629 0.00128834 0.0042307
 0.        ], ([0.00089951 0.00066781 0.00242015 0.00190375 0.00039428 0.00239741
 0.        ]) 	 loss 1.522E-02 	 horizons 9.0
step 13590 	 return [0.         0.         0.00233893 0.00356413 0.0057424  0.00553597
 0.00732738], ([0.0000000e+00 0.0000000e+00 4.4791598e-04 1.1904512e-05 6.3761283e-05
 9.7646104e-04 3.0924488e-04]) 	 loss 2.464E-02 	 horizons 9.0
step 13680 	 return [0.         0.         0.00211419 0.00355708 0.00570188 0.00617371
 0.00722048], ([0.0000000e+00 0.0000000e+00 2.3283064e-10 0.0000000e+00 4.6566129e-10
 4.6566129e-10 0.0000000e+00]) 	 loss 7.105E-03 	 horizons 9.0
step 13770 	 return [0.         0.         0.00302482 0.0033133  0.0029038  0.00947124
 0.0063831 ], ([0.0000000e+00 0.0000000e+00 3.2690677e-04 9.0802887e-06 3.6020268e-05
 8.3591166e-04 6.6826766e-04]) 	 loss 5.324E-03 	 horizons 9.0
step 13860 	 return [0.         0.         0.00315571 0.00335501 0.00245592 0.00703871
 0.0094058 ], ([0.0000000e+00 0.0000000e+00 2.6349211e-05 7.7371529e-05 1.1204286e-03
 1.0256706e-03 7.2268181e-04]) 	 loss 5.491E-03 	 horizons 9.0
step 13950 	 return [0.00039809 0.00164607 0.00841834 0.00107577 0.00150341 0.00203776
 0.        ], ([7.9617376e-04 3.3244121e-04 4.1032719e-04 1.0545906e-05 3.4025943e-04
 6.7926099e-04 0.0000000e+00]) 	 loss 4.446E-03 	 horizons 9.0
step 14040 	 return [0.         0.         0.00312334 0.00358516 0.00582313 0.00398756
 0.00733946], ([0.0000000e+00 0.0000000e+00 3.3426983e-04 5.8814417e-06 1.7771450e-05
 7.7567529e-05 3.0514010e-04]) 	 loss 1.051E-02 	 horizons 9.0
step 14130 	 return [0.         0.         0.00314406 0.00332657 0.00306468 0.00738178
 0.0076545 ], ([0.0000000e+00 0.0000000e+00 2.3283064e-10 2.3283064e-10 0.0000000e+00
 0.0000000e+00 0.0000000e+00]) 	 loss 6.166E-03 	 horizons 9.0
step 14220 	 return [0.00198031 0.00230747 0.00810084 0.0014273  0.00245401 0.00022974
 0.        ], ([0.00098809 0.00028692 0.00101018 0.00142733 0.00032633 0.00068921
 0.        ]) 	 loss 4.761E-03 	 horizons 9.0
step 14310 	 return [0.         0.         0.00301074 0.00358113 0.00580828 0.00566541
 0.00587622], ([0.0000000e+00 0.0000000e+00 4.4829471e-04 1.2421053e-05 1.0928696e-04
 6.3860620e-04 6.7234307e-04]) 	 loss 2.424E-02 	 horizons 9.0
step 14400 	 return [0.         0.         0.0031163  0.00379964 0.0055979  0.00596056
 0.00577276], ([0.         0.         0.00035991 0.00063411 0.00080175 0.00055676
 0.00067928]) 	 loss 1.337E-02 	 horizons 9.0
step 14490 	 return [0.         0.         0.00203243 0.00568554 0.00303946 0.00938683
 0.00666852], ([0.0000000e+00 0.0000000e+00 1.5534464e-07 4.6296091e-07 1.0040683e-05
 5.2241381e-04 5.0733844e-04]) 	 loss 8.810E-03 	 horizons 9.0
step 14580 	 return [0.         0.         0.00203289 0.00568693 0.00306959 0.01095407
 0.0051465 ], ([0.0000000e+00 0.0000000e+00 0.0000000e+00 4.6566129e-10 2.3283064e-10
 0.0000000e+00 4.6566129e-10]) 	 loss 4.356E-03 	 horizons 9.0
step 14670 	 return [0.00198643 0.00230719 0.00759296 0.00096246 0.00139586 0.00225563
 0.        ], ([3.8661531e-07 6.1411413e-07 3.0226176e-04 3.2081993e-04 3.2728400e-05
 5.6037916e-06 0.0000000e+00]) 	 loss 3.312E-03 	 horizons 9.0
step 14760 	 return [0.         0.         0.00203363 0.00569035 0.00308326 0.00873781
 0.00712952], ([0.0000000e+00 0.0000000e+00 1.9221357e-06 7.5937960e-06 7.2011637e-05
 7.2539155e-04 4.4586934e-04]) 	 loss 3.498E-03 	 horizons 9.0
step 14850 	 return [0.         0.         0.00205089 0.00586596 0.00413815 0.00673238
 0.00774184], ([0.0000000e+00 0.0000000e+00 1.3154583e-05 1.5970878e-04 1.9433153e-03
 8.9621055e-04 2.0969070e-03]) 	 loss 2.695E-03 	 horizons 9.0
step 14940 	 return [0.         0.         0.00203237 0.00568538 0.00303612 0.0092127
 0.00683763], ([0.000000e+00 0.000000e+00 0.000000e+00 4.656613e-10 0.000000e+00
 0.000000e+00 9.313226e-10]) 	 loss 1.195E-02 	 horizons 9.0
step 15030 	 return [0.         0.         0.00211419 0.00355708 0.00570188 0.00617371
 0.00722048], ([0.0000000e+00 0.0000000e+00 2.3283064e-10 0.0000000e+00 4.6566129e-10
 4.6566129e-10 0.0000000e+00]) 	 loss 3.444E-03 	 horizons 9.0
step 15120 	 return [0.00063949 0.0018271  0.0039822  0.00393167 0.0006875  0.00726309
 0.        ], ([8.4187468e-06 1.7805603e-05 4.5788431e-04 1.0658642e-03 4.6354973e-05
 1.5175984e-04 0.0000000e+00]) 	 loss 2.007E-03 	 horizons 9.0
step 15210 	 return [0.         0.         0.00314693 0.00332922 0.00208244 0.0073806
 0.00964669], ([0.0000000e+00 0.0000000e+00 2.3283064e-10 0.0000000e+00 2.3283064e-10
 9.3132257e-10 0.0000000e+00]) 	 loss 1.858E-03 	 horizons 9.0
step 15300 	 return [0.         0.         0.00322657 0.00356178 0.00546099 0.00520281
 0.00663229], ([0.0000000e+00 0.0000000e+00 2.6554169e-05 7.7520985e-05 1.1263011e-03
 1.1161199e-03 1.2831042e-03]) 	 loss 1.721E-03 	 horizons 9.0
step 15390 	 return [0.00065235 0.0018543  0.00328277 0.0055598  0.0007583  0.0074949
 0.        ], ([0.0000000e+00 0.0000000e+00 2.3283064e-10 4.6566129e-10 5.8207661e-11
 4.6566129e-10 0.0000000e+00]) 	 loss 9.154E-03 	 horizons 9.0
step 15480 	 return [0.         0.         0.00314693 0.00332922 0.00208244 0.0073806
 0.00964669], ([0.0000000e+00 0.0000000e+00 2.3283064e-10 0.0000000e+00 2.3283064e-10
 9.3132257e-10 0.0000000e+00]) 	 loss 7.131E-03 	 horizons 9.0
step 15570 	 return [0.         0.         0.00203289 0.00568693 0.00306959 0.01095407
 0.0051465 ], ([0.0000000e+00 0.0000000e+00 0.0000000e+00 4.6566129e-10 2.3283064e-10
 0.0000000e+00 4.6566129e-10]) 	 loss 3.235E-03 	 horizons 9.0
step 15660 	 return [0.         0.         0.00203279 0.00568704 0.00305183 0.0090544
 0.00693493], ([0.0000000e+00 0.0000000e+00 1.2583333e-06 4.9713062e-06 4.7142690e-05
 4.7488022e-04 2.9189000e-04]) 	 loss 1.244E-03 	 horizons 9.0
step 15750 	 return [0.         0.         0.00312463 0.00358561 0.00587277 0.00584187
 0.0057161 ], ([0.00000000e+00 0.00000000e+00 3.36816185e-04 9.51066613e-06
 5.69662079e-05 1.10613044e-04 5.01460745e-04]) 	 loss 1.197E-03 	 horizons 9.0
step 15840 	 return [0.0035388  0.00248534 0.00559809 0.00105793 0.00136363 0.00219514
 0.        ], ([0.0000000e+00 2.3283064e-10 4.6566129e-10 1.1641532e-10 1.1641532e-10
 0.0000000e+00 0.0000000e+00]) 	 loss 1.391E-03 	 horizons 9.0
step 15930 	 return [0.         0.         0.00203289 0.00568693 0.00306959 0.01095407
 0.0051465 ], ([0.0000000e+00 0.0000000e+00 0.0000000e+00 4.6566129e-10 2.3283064e-10
 0.0000000e+00 4.6566129e-10]) 	 loss 1.188E-03 	 horizons 9.0
step 16020 	 return [0.         0.         0.0020441  0.00328608 0.00280326 0.01093211
 0.00670211], ([0.0000000e+00 0.0000000e+00 2.3283064e-10 0.0000000e+00 2.3283064e-10
 0.0000000e+00 0.0000000e+00]) 	 loss 1.181E-03 	 horizons 9.0
step 16110 	 return [0.00109332 0.00131678 0.00556756 0.0042408  0.00301458 0.
 0.        ], ([0.0007336  0.00099739 0.00375589 0.00210628 0.00078421 0.
 0.        ]) 	 loss 1.098E-03 	 horizons 9.0
step 16200 	 return [0.00338358 0.00246754 0.0057875  0.00105907 0.00136577 0.002201
 0.        ], ([4.6567473e-04 5.3382668e-05 5.6823326e-04 3.4420284e-06 6.3937168e-06
 1.7587399e-05 0.0000000e+00]) 	 loss 1.914E-02 	 horizons 9.0
step 16290 	 return [0.         0.         0.00314693 0.00332922 0.00208244 0.0073806
 0.00964669], ([0.0000000e+00 0.0000000e+00 2.3283064e-10 0.0000000e+00 2.3283064e-10
 9.3132257e-10 0.0000000e+00]) 	 loss 1.584E-03 	 horizons 9.0
step 16380 	 return [0.00065235 0.0018543  0.00328277 0.0055598  0.0007583  0.0074949
 0.        ], ([0.0000000e+00 0.0000000e+00 2.3283064e-10 4.6566129e-10 5.8207661e-11
 4.6566129e-10 0.0000000e+00]) 	 loss 1.175E-03 	 horizons 9.0
step 16470 	 return [0.         0.         0.00313424 0.00331666 0.00292762 0.00995971
 0.00571571], ([0.0000000e+00 0.0000000e+00 5.8491639e-07 4.3594983e-07 1.6396365e-05
 8.4392895e-04 8.1949111e-04]) 	 loss 9.526E-04 	 horizons 9.0
step 16560 	 return [0.         0.         0.00203237 0.00568538 0.00303612 0.0092127
 0.00683763], ([0.000000e+00 0.000000e+00 0.000000e+00 4.656613e-10 0.000000e+00
 0.000000e+00 9.313226e-10]) 	 loss 9.980E-04 	 horizons 9.0
step 16650 	 return [0.00099405 0.00115441 0.00506383 0.00327689 0.00188864 0.00434093
 0.        ], ([0.00099405 0.00115441 0.00249738 0.00219999 0.00049798 0.00263003
 0.        ]) 	 loss 7.897E-04 	 horizons 9.0
step 16740 	 return [0.         0.         0.00313472 0.00331702 0.00294101 0.01064877
 0.0050466 ], ([0.0000000e+00 0.0000000e+00 2.3283064e-10 0.0000000e+00 2.3283064e-10
 9.3132257e-10 4.6566129e-10]) 	 loss 1.599E-02 	 horizons 9.0
step 16830 	 return [0.         0.         0.00222636 0.00356017 0.00571686 0.00613236
 0.00705294], ([0.0000000e+00 0.0000000e+00 3.3652998e-04 9.2811415e-06 4.4957738e-05
 1.2407410e-04 5.0263380e-04]) 	 loss 1.490E-03 	 horizons 9.0
step 16920 	 return [0.         0.         0.00203289 0.00568693 0.00306959 0.01095407
 0.0051465 ], ([0.0000000e+00 0.0000000e+00 0.0000000e+00 4.6566129e-10 2.3283064e-10
 0.0000000e+00 4.6566129e-10]) 	 loss 3.233E-03 	 horizons 9.0
step 17010 	 return [0.00198655 0.00230739 0.0074922  0.0010694  0.00138495 0.00225377
 0.        ], ([2.3283064e-10 2.3283064e-10 9.3132257e-10 0.0000000e+00 1.1641532e-10
 0.0000000e+00 0.0000000e+00]) 	 loss 1.304E-03 	 horizons 9.0
step 17100 	 return [0.         0.         0.00203762 0.00570582 0.00229468 0.00762871
 0.00963594], ([0.0000000e+00 0.0000000e+00 3.4917610e-07 1.2888570e-06 2.9952647e-04
 3.5176097e-07 6.0844596e-04]) 	 loss 8.737E-04 	 horizons 9.0
step 17190 	 return [0.         0.         0.00211419 0.00355708 0.00570188 0.00617371
 0.00722048], ([0.0000000e+00 0.0000000e+00 2.3283064e-10 0.0000000e+00 4.6566129e-10
 4.6566129e-10 0.0000000e+00]) 	 loss 7.554E-04 	 horizons 9.0
step 17280 	 return [0.00198733 0.0023081  0.00751452 0.00107319 0.00149887 0.00202839
 0.        ], ([2.3250700e-06 2.1321468e-06 6.6942353e-05 1.1363417e-05 3.4176867e-04
 6.7612948e-04 0.0000000e+00]) 	 loss 7.540E-04 	 horizons 9.0
step 17370 	 return [0.         0.         0.00203773 0.00570625 0.00219484 0.00762859
 0.00983875], ([0.0000000e+00 0.0000000e+00 0.0000000e+00 0.0000000e+00 2.3283064e-10
 4.6566129e-10 9.3132257e-10]) 	 loss 8.159E-04 	 horizons 9.0
step 17460 	 return [0.         0.         0.00203289 0.00568693 0.00306959 0.01095407
 0.0051465 ], ([0.0000000e+00 0.0000000e+00 0.0000000e+00 4.6566129e-10 2.3283064e-10
 0.0000000e+00 4.6566129e-10]) 	 loss 7.024E-04 	 horizons 9.0
step 17550 	 return [0.         0.         0.00211419 0.00355708 0.00570188 0.00617371
 0.00722048], ([0.0000000e+00 0.0000000e+00 2.3283064e-10 0.0000000e+00 4.6566129e-10
 4.6566129e-10 0.0000000e+00]) 	 loss 5.873E-04 	 horizons 9.0
step 17640 	 return [0.0019943  0.0023145  0.00771534 0.00110728 0.00252418 0.
 0.        ], ([2.3283064e-10 2.3283064e-10 0.0000000e+00 1.1641532e-10 2.3283064e-10
 0.0000000e+00 0.0000000e+00]) 	 loss 5.663E-04 	 horizons 9.0
step 17730 	 return [0.         0.         0.00203237 0.00568538 0.00303612 0.0092127
 0.00683763], ([0.000000e+00 0.000000e+00 0.000000e+00 4.656613e-10 0.000000e+00
 0.000000e+00 9.313226e-10]) 	 loss 8.022E-04 	 horizons 9.0
step 17820 	 return [0.0035049  0.00246542 0.00503737 0.00103952 0.00132077 0.0023705
 0.        ], ([5.1789153e-05 3.0425121e-05 8.5652195e-04 2.8123412e-05 6.5470194e-05
 2.6786196e-04 0.0000000e+00]) 	 loss 4.978E-04 	 horizons 9.0
step 17910 	 return [0.         0.         0.0020441  0.00328608 0.00280326 0.01093211
 0.00670211], ([0.0000000e+00 0.0000000e+00 2.3283064e-10 0.0000000e+00 2.3283064e-10
 0.0000000e+00 0.0000000e+00]) 	 loss 5.310E-04 	 horizons 9.0
step 18000 	 return [0.         0.         0.00203289 0.00568693 0.00306959 0.01095407
 0.0051465 ], ([0.0000000e+00 0.0000000e+00 0.0000000e+00 4.6566129e-10 2.3283064e-10
 0.0000000e+00 4.6566129e-10]) 	 loss 4.685E-04 	 horizons 9.0
step 18090 	 return [0.00065235 0.0018543  0.00328277 0.0055598  0.0007583  0.0074949
 0.        ], ([0.0000000e+00 0.0000000e+00 2.3283064e-10 4.6566129e-10 5.8207661e-11
 4.6566129e-10 0.0000000e+00]) 	 loss 4.221E-04 	 horizons 9.0
step 18180 	 return [0.         0.         0.00203237 0.00568538 0.00303612 0.0092127
 0.00683763], ([0.000000e+00 0.000000e+00 0.000000e+00 4.656613e-10 0.000000e+00
 0.000000e+00 9.313226e-10]) 	 loss 4.129E-04 	 horizons 9.0
step 18270 	 return [0.         0.         0.00211486 0.00355797 0.0057364  0.00795564
 0.00553122], ([0.0000000e+00 0.0000000e+00 2.3283064e-10 0.0000000e+00 4.6566129e-10
 0.0000000e+00 4.6566129e-10]) 	 loss 3.488E-04 	 horizons 9.0
step 18360 	 return [0.00065235 0.0018543  0.00328277 0.0055598  0.0007583  0.0074949
 0.        ], ([0.0000000e+00 0.0000000e+00 2.3283064e-10 4.6566129e-10 5.8207661e-11
 4.6566129e-10 0.0000000e+00]) 	 loss 4.192E-04 	 horizons 9.0
step 18450 	 return [0.         0.         0.00206444 0.00602696 0.0061215  0.00588104
 0.00564885], ([0.0000000e+00 0.0000000e+00 2.3283064e-10 0.0000000e+00 0.0000000e+00
 0.0000000e+00 4.6566129e-10]) 	 loss 4.372E-04 	 horizons 9.0
step 18540 	 return [0.         0.         0.00203289 0.00568693 0.00306959 0.01095407
 0.0051465 ], ([0.0000000e+00 0.0000000e+00 0.0000000e+00 4.6566129e-10 2.3283064e-10
 0.0000000e+00 4.6566129e-10]) 	 loss 4.606E-04 	 horizons 9.0
step 18630 	 return [0.         0.         0.0020644  0.00602684 0.00611749 0.00587655
 0.00564846], ([0.0000000e+00 0.0000000e+00 1.2118841e-07 3.8892034e-07 1.2008473e-05
 1.3461058e-05 1.1730474e-06]) 	 loss 4.563E-04 	 horizons 9.0
step 18720 	 return [0.0035388  0.00248534 0.00559809 0.00105793 0.00136363 0.00219514
 0.        ], ([0.0000000e+00 2.3283064e-10 4.6566129e-10 1.1641532e-10 1.1641532e-10
 0.0000000e+00 0.0000000e+00]) 	 loss 2.409E-03 	 horizons 9.0
step 18810 	 return [0.         0.         0.00206363 0.00602443 0.00605385 0.00438245
 0.00701379], ([0.0000000e+00 0.0000000e+00 2.0712633e-07 6.1765309e-07 1.3811514e-05
 7.2685961e-04 6.8442657e-04]) 	 loss 8.791E-04 	 horizons 9.0
step 18900 	 return [0.         0.         0.00211473 0.00355779 0.0057295  0.00759926
 0.00586907], ([0.0000000e+00 0.0000000e+00 2.7054932e-07 3.5595147e-07 1.3811700e-05
 7.1277068e-04 6.7570515e-04]) 	 loss 7.960E-03 	 horizons 9.0
step 18990 	 return [0.         0.         0.00211419 0.00355708 0.00570188 0.00617371
 0.00722048], ([0.0000000e+00 0.0000000e+00 2.3283064e-10 0.0000000e+00 4.6566129e-10
 4.6566129e-10 0.0000000e+00]) 	 loss 1.028E-03 	 horizons 9.0
step 19080 	 return [0.         0.         0.00211926 0.00356543 0.00584153 0.00461095
 0.008048  ], ([0.0000000e+00 0.0000000e+00 2.5359914e-06 4.1769822e-06 6.9827212e-05
 7.8138185e-04 4.1376165e-04]) 	 loss 5.460E-04 	 horizons 9.0
step 19170 	 return [0.00065235 0.0018543  0.00328277 0.0055598  0.0007583  0.0074949
 0.        ], ([0.0000000e+00 0.0000000e+00 2.3283064e-10 4.6566129e-10 5.8207661e-11
 4.6566129e-10 0.0000000e+00]) 	 loss 6.691E-04 	 horizons 9.0
step 19260 	 return [0.         0.         0.0027029  0.00427874 0.00242693 0.00748015
 0.00911507], ([0.         0.         0.00054382 0.00116293 0.00050276 0.00012192
 0.00085583]) 	 loss 4.070E-04 	 horizons 9.0
step 19350 	 return [0.         0.         0.00314693 0.00332922 0.00208244 0.0073806
 0.00964669], ([0.0000000e+00 0.0000000e+00 2.3283064e-10 0.0000000e+00 2.3283064e-10
 9.3132257e-10 0.0000000e+00]) 	 loss 4.510E-04 	 horizons 9.0
step 19440 	 return [0.00342579 0.00241894 0.00372901 0.00099656 0.00122077 0.00277966
 0.        ], ([0.0000000e+00 2.3283064e-10 2.3283064e-10 1.1641532e-10 1.1641532e-10
 2.3283064e-10 0.0000000e+00]) 	 loss 3.847E-04 	 horizons 9.0
step 19530 	 return [0.         0.         0.00211419 0.00355708 0.00570188 0.00617371
 0.00722048], ([0.0000000e+00 0.0000000e+00 2.3283064e-10 0.0000000e+00 4.6566129e-10
 4.6566129e-10 0.0000000e+00]) 	 loss 3.729E-04 	 horizons 9.0
step 19620 	 return [0.0035162  0.00247206 0.00522427 0.00104565 0.00133506 0.00231204
 0.        ], ([4.5205281e-05 2.6557222e-05 7.4763363e-04 2.4548126e-05 5.7147074e-05
 2.3380909e-04 0.0000000e+00]) 	 loss 3.715E-04 	 horizons 9.0
step 19710 	 return [0.0035388  0.00248534 0.00559809 0.00105793 0.00136363 0.00219514
 0.        ], ([0.0000000e+00 2.3283064e-10 4.6566129e-10 1.1641532e-10 1.1641532e-10
 0.0000000e+00 0.0000000e+00]) 	 loss 3.817E-04 	 horizons 9.0
step 19800 	 return [0.00065235 0.0018543  0.00328277 0.0055598  0.0007583  0.0074949
 0.        ], ([0.0000000e+00 0.0000000e+00 2.3283064e-10 4.6566129e-10 5.8207661e-11
 4.6566129e-10 0.0000000e+00]) 	 loss 3.562E-04 	 horizons 9.0
step 19890 	 return [0.         0.         0.00314463 0.0033271  0.00286823 0.00738154
 0.00805294], ([0.0000000e+00 0.0000000e+00 1.1488795e-06 1.0580756e-06 3.9289473e-04
 4.6901408e-07 7.9687574e-04]) 	 loss 2.833E-04 	 horizons 9.0
step 19980 	 return [0.0034936  0.00245878 0.00485046 0.00103338 0.00130649 0.00242895
 0.        ], ([5.5364933e-05 3.2525822e-05 9.1566046e-04 3.0065192e-05 6.9990587e-05
 2.8635649e-04 0.0000000e+00]) 	 loss 3.237E-04 	 horizons 9.0
step 20070 	 return [0.003471   0.0024455  0.00447664 0.0010211  0.00127791 0.00254585
 0.        ], ([5.5364930e-05 3.2525822e-05 9.1566046e-04 3.0065192e-05 6.9990580e-05
 2.8635649e-04 0.0000000e+00]) 	 loss 3.073E-04 	 horizons 9.0
step 20160 	 return [0.         0.         0.00206444 0.00602696 0.0061215  0.00588104
 0.00564885], ([0.0000000e+00 0.0000000e+00 2.3283064e-10 0.0000000e+00 0.0000000e+00
 0.0000000e+00 4.6566129e-10]) 	 loss 3.986E-04 	 horizons 9.0
step 20250 	 return [0.         0.         0.00206404 0.00602567 0.00608147 0.00583617
 0.00564494], ([0.0000000e+00 0.0000000e+00 2.3283064e-10 0.0000000e+00 0.0000000e+00
 4.6566129e-10 0.0000000e+00]) 	 loss 3.107E-04 	 horizons 9.0
step 20340 	 return [0.         0.         0.00203363 0.00569035 0.00308326 0.00873781
 0.00712952], ([0.0000000e+00 0.0000000e+00 1.9221357e-06 7.5937969e-06 7.2011637e-05
 7.2539155e-04 4.4586934e-04]) 	 loss 5.111E-02 	 horizons 9.0
step 20430 	 return [0.0019881  0.00230882 0.00753683 0.00107698 0.00161279 0.00180301
 0.        ], ([3.1000934e-06 2.8428624e-06 8.9256471e-05 1.5151221e-05 4.5569154e-04
 9.0150599e-04 0.0000000e+00]) 	 loss 9.276E-03 	 horizons 9.0
step 20520 	 return [0.         0.         0.00203237 0.00568538 0.00303612 0.0092127
 0.00683763], ([0.000000e+00 0.000000e+00 0.000000e+00 4.656613e-10 0.000000e+00
 0.000000e+00 9.313226e-10]) 	 loss 4.611E-03 	 horizons 9.0
step 20610 	 return [0.         0.         0.00313472 0.00331702 0.00294101 0.01064877
 0.0050466 ], ([0.0000000e+00 0.0000000e+00 2.3283064e-10 0.0000000e+00 2.3283064e-10
 9.3132257e-10 4.6566129e-10]) 	 loss 1.203E-03 	 horizons 9.0
step 20700 	 return [0.         0.         0.00303289 0.00356245 0.00306182 0.00756487
 0.00757282], ([0.0000000e+00 0.0000000e+00 3.3350490e-04 7.0764346e-04 8.5689589e-06
 5.4927589e-04 2.4506144e-04]) 	 loss 6.125E-04 	 horizons 9.0
step 20790 	 return [0.         0.         0.00313352 0.00331613 0.00290754 0.00892611
 0.00671938], ([0.0000000e+00 0.0000000e+00 2.3283064e-10 4.6566129e-10 2.3283064e-10
 0.0000000e+00 0.0000000e+00]) 	 loss 4.551E-04 	 horizons 9.0
step 20880 	 return [0.         0.         0.00314693 0.00332922 0.00208244 0.0073806
 0.00964669], ([0.0000000e+00 0.0000000e+00 2.3283064e-10 0.0000000e+00 2.3283064e-10
 9.3132257e-10 0.0000000e+00]) 	 loss 3.300E-04 	 horizons 9.0
step 20970 	 return [0.0035388  0.00248534 0.00559809 0.00105793 0.00136363 0.00219514
 0.        ], ([0.0000000e+00 2.3283064e-10 4.6566129e-10 1.1641532e-10 1.1641532e-10
 0.0000000e+00 0.0000000e+00]) 	 loss 2.709E-04 	 horizons 9.0
step 21060 	 return [0.         0.         0.00314693 0.00332922 0.00208244 0.0073806
 0.00964669], ([0.0000000e+00 0.0000000e+00 2.3283064e-10 0.0000000e+00 2.3283064e-10
 9.3132257e-10 0.0000000e+00]) 	 loss 2.778E-04 	 horizons 9.0
step 21150 	 return [0.0035388  0.00248534 0.00559809 0.00105793 0.00136363 0.00219514
 0.        ], ([0.0000000e+00 2.3283064e-10 4.6566129e-10 1.1641532e-10 1.1641532e-10
 0.0000000e+00 0.0000000e+00]) 	 loss 2.187E-04 	 horizons 9.0
step 21240 	 return [0.00065235 0.0018543  0.00328277 0.0055598  0.0007583  0.0074949
 0.        ], ([0.0000000e+00 0.0000000e+00 2.3283064e-10 4.6566129e-10 5.8207661e-11
 4.6566129e-10 0.0000000e+00]) 	 loss 2.310E-04 	 horizons 9.0
step 21330 	 return [0.00065235 0.0018543  0.00328277 0.0055598  0.0007583  0.0074949
 0.        ], ([0.0000000e+00 0.0000000e+00 2.3283064e-10 4.6566129e-10 5.8207661e-11
 4.6566129e-10 0.0000000e+00]) 	 loss 2.105E-04 	 horizons 9.0
step 21420 	 return [0.         0.         0.00203237 0.00568538 0.00303612 0.0092127
 0.00683763], ([0.000000e+00 0.000000e+00 0.000000e+00 4.656613e-10 0.000000e+00
 0.000000e+00 9.313226e-10]) 	 loss 1.865E-04 	 horizons 9.0
step 21510 	 return [0.         0.         0.00203237 0.00568538 0.00303612 0.0092127
 0.00683763], ([0.000000e+00 0.000000e+00 0.000000e+00 4.656613e-10 0.000000e+00
 0.000000e+00 9.313226e-10]) 	 loss 1.841E-04 	 horizons 9.0
step 21600 	 return [0.         0.         0.00313352 0.00331613 0.00290754 0.00892611
 0.00671938], ([0.0000000e+00 0.0000000e+00 2.3283064e-10 4.6566129e-10 2.3283064e-10
 0.0000000e+00 0.0000000e+00]) 	 loss 1.637E-04 	 horizons 9.0
step 21690 	 return [0.         0.         0.00312441 0.00358596 0.00585421 0.00560615
 0.00581602], ([0.0000000e+00 0.0000000e+00 3.3462796e-04 6.1484047e-06 7.4126770e-06
 4.6196222e-04 8.1295503e-04]) 	 loss 1.738E-04 	 horizons 9.0
step 21780 	 return [0.00198655 0.00230739 0.0074922  0.0010694  0.00138495 0.00225377
 0.        ], ([2.3283064e-10 2.3283064e-10 9.3132257e-10 0.0000000e+00 1.1641532e-10
 0.0000000e+00 0.0000000e+00]) 	 loss 1.737E-02 	 horizons 9.0
step 21870 	 return [0.         0.         0.00226198 0.00329209 0.00282412 0.01053091
 0.00670556], ([0.0000000e+00 0.0000000e+00 4.3576912e-04 1.2018905e-05 4.1710773e-05
 8.0240105e-04 6.9081784e-06]) 	 loss 3.850E-03 	 horizons 9.0
step 21960 	 return [0.         0.         0.00314693 0.00332922 0.00208244 0.0073806
 0.00964669], ([0.0000000e+00 0.0000000e+00 2.3283064e-10 0.0000000e+00 2.3283064e-10
 9.3132257e-10 0.0000000e+00]) 	 loss 9.772E-04 	 horizons 9.0
step 22050 	 return [0.         0.         0.00215273 0.00547565 0.00331768 0.00886744
 0.00670837], ([0.         0.         0.00036107 0.00062921 0.00084469 0.00103577
 0.00038778]) 	 loss 3.930E-04 	 horizons 9.0
step 22140 	 return [0.         0.         0.00203237 0.00568538 0.00303612 0.0092127
 0.00683763], ([0.000000e+00 0.000000e+00 0.000000e+00 4.656613e-10 0.000000e+00
 0.000000e+00 9.313226e-10]) 	 loss 2.762E-03 	 horizons 9.0
step 22230 	 return [0.         0.         0.00314693 0.00332922 0.00208244 0.0073806
 0.00964669], ([0.0000000e+00 0.0000000e+00 2.3283064e-10 0.0000000e+00 2.3283064e-10
 9.3132257e-10 0.0000000e+00]) 	 loss 1.807E-03 	 horizons 9.0
step 22320 	 return [0.         0.         0.00323595 0.00358801 0.00585173 0.00576013
 0.00554504], ([0.0000000e+00 0.0000000e+00 2.3283064e-10 4.6566129e-10 0.0000000e+00
 0.0000000e+00 0.0000000e+00]) 	 loss 1.044E-03 	 horizons 9.0
step 22410 	 return [0.         0.         0.00203489 0.00569533 0.0031304  0.00826293
 0.00742141], ([0.0000000e+00 0.0000000e+00 2.0548496e-06 8.1181097e-06 7.6983684e-05
 7.7547622e-04 4.7665439e-04]) 	 loss 2.956E-03 	 horizons 9.0
step 22500 	 return [0.         0.         0.00206444 0.00602696 0.0061215  0.00588104
 0.00564885], ([0.0000000e+00 0.0000000e+00 2.3283064e-10 0.0000000e+00 0.0000000e+00
 0.0000000e+00 4.6566129e-10]) 	 loss 7.696E-03 	 horizons 9.0
step 22590 	 return [0.         0.         0.00314693 0.00332922 0.00208244 0.0073806
 0.00964669], ([0.0000000e+00 0.0000000e+00 2.3283064e-10 0.0000000e+00 2.3283064e-10
 9.3132257e-10 0.0000000e+00]) 	 loss 1.042E-03 	 horizons 9.0
step 22680 	 return [0.         0.         0.00203773 0.00570625 0.00219484 0.00762859
 0.00983875], ([0.0000000e+00 0.0000000e+00 0.0000000e+00 0.0000000e+00 2.3283064e-10
 4.6566129e-10 9.3132257e-10]) 	 loss 6.942E-04 	 horizons 9.0
step 22770 	 return [0.         0.         0.00203289 0.00568693 0.00306959 0.01095407
 0.0051465 ], ([0.0000000e+00 0.0000000e+00 0.0000000e+00 4.6566129e-10 2.3283064e-10
 0.0000000e+00 4.6566129e-10]) 	 loss 2.152E-04 	 horizons 9.0
step 22860 	 return [0.         0.         0.00313458 0.00331717 0.00292325 0.00877167
 0.00681289], ([0.0000000e+00 0.0000000e+00 3.1602567e-06 3.1328059e-06 4.7142690e-05
 4.6329960e-04 2.8053648e-04]) 	 loss 2.779E-04 	 horizons 9.0
step 22950 	 return [0.         0.         0.00203289 0.00568693 0.00306959 0.01095407
 0.0051465 ], ([0.0000000e+00 0.0000000e+00 0.0000000e+00 4.6566129e-10 2.3283064e-10
 0.0000000e+00 4.6566129e-10]) 	 loss 1.972E-04 	 horizons 9.0
step 23040 	 return [0.         0.         0.00206444 0.00602696 0.0061215  0.00588104
 0.00564885], ([0.0000000e+00 0.0000000e+00 2.3283064e-10 0.0000000e+00 0.0000000e+00
 0.0000000e+00 4.6566129e-10]) 	 loss 2.037E-04 	 horizons 9.0
step 23130 	 return [0.00342579 0.00241894 0.00372901 0.00099656 0.00122077 0.00277966
 0.        ], ([0.0000000e+00 2.3283064e-10 2.3283064e-10 1.1641532e-10 1.1641532e-10
 2.3283064e-10 0.0000000e+00]) 	 loss 1.618E-04 	 horizons 9.0
step 23220 	 return [0.00065235 0.0018543  0.00328277 0.0055598  0.0007583  0.0074949
 0.        ], ([0.0000000e+00 0.0000000e+00 2.3283064e-10 4.6566129e-10 5.8207661e-11
 4.6566129e-10 0.0000000e+00]) 	 loss 1.626E-04 	 horizons 9.0
step 23310 	 return [0.0035388  0.00248534 0.00559809 0.00105793 0.00136363 0.00219514
 0.        ], ([0.0000000e+00 2.3283064e-10 4.6566129e-10 1.1641532e-10 1.1641532e-10
 0.0000000e+00 0.0000000e+00]) 	 loss 1.536E-04 	 horizons 9.0
step 23400 	 return [0.         0.         0.00203773 0.00570625 0.00219484 0.00762859
 0.00983875], ([0.0000000e+00 0.0000000e+00 0.0000000e+00 0.0000000e+00 2.3283064e-10
 4.6566129e-10 9.3132257e-10]) 	 loss 1.402E-04 	 horizons 9.0
step 23490 	 return [0.00342579 0.00241894 0.00372901 0.00099656 0.00122077 0.00277966
 0.        ], ([0.0000000e+00 2.3283064e-10 2.3283064e-10 1.1641532e-10 1.1641532e-10
 2.3283064e-10 0.0000000e+00]) 	 loss 1.292E-04 	 horizons 9.0
step 23580 	 return [0.         0.         0.00206444 0.00602696 0.0061215  0.00588104
 0.00564885], ([0.0000000e+00 0.0000000e+00 2.3283064e-10 0.0000000e+00 0.0000000e+00
 0.0000000e+00 4.6566129e-10]) 	 loss 1.605E-04 	 horizons 9.0
step 23670 	 return [0.00214178 0.00232519 0.00730279 0.00106825 0.00138282 0.0022479
 0.        ], ([4.6567473e-04 5.3382668e-05 5.6823331e-04 3.4420284e-06 6.3937159e-06
 1.7587399e-05 0.0000000e+00]) 	 loss 1.377E-04 	 horizons 9.0
step 23760 	 return [0.00342579 0.00241894 0.00372901 0.00099656 0.00122077 0.00277966
 0.        ], ([0.0000000e+00 2.3283064e-10 2.3283064e-10 1.1641532e-10 1.1641532e-10
 2.3283064e-10 0.0000000e+00]) 	 loss 1.561E-04 	 horizons 9.0
step 23850 	 return [0.         0.         0.00203773 0.00570625 0.00219484 0.00762859
 0.00983875], ([0.0000000e+00 0.0000000e+00 0.0000000e+00 0.0000000e+00 2.3283064e-10
 4.6566129e-10 9.3132257e-10]) 	 loss 1.415E-04 	 horizons 9.0
step 23940 	 return [0.0035388  0.00248534 0.00559809 0.00105793 0.00136363 0.00219514
 0.        ], ([0.0000000e+00 2.3283064e-10 4.6566129e-10 1.1641532e-10 1.1641532e-10
 0.0000000e+00 0.0000000e+00]) 	 loss 1.449E-04 	 horizons 9.0
step 24030 	 return [0.         0.         0.00211419 0.00355708 0.00570188 0.00617371
 0.00722048], ([0.0000000e+00 0.0000000e+00 2.3283064e-10 0.0000000e+00 4.6566129e-10
 4.6566129e-10 0.0000000e+00]) 	 loss 1.306E-04 	 horizons 9.0
step 24120 	 return [0.         0.         0.00203279 0.00568704 0.00305183 0.0090544
 0.00693493], ([0.0000000e+00 0.0000000e+00 1.2583334e-06 4.9713067e-06 4.7142690e-05
 4.7488027e-04 2.9188997e-04]) 	 loss 1.725E-04 	 horizons 9.0
step 24210 	 return [0.         0.         0.00304107 0.00334962 0.0033284  0.00726097
 0.0076111 ], ([0.0000000e+00 0.0000000e+00 3.0896091e-04 6.9150905e-05 7.9115859e-04
 3.6241839e-04 1.3020617e-04]) 	 loss 1.367E-04 	 horizons 9.0
step 24300 	 return [0.00192882 0.00219357 0.00737439 0.00106866 0.00138359 0.00225068
 0.        ], ([1.7319084e-04 3.4147999e-04 3.5342883e-04 2.2096792e-06 4.0694836e-06
 9.2564860e-06 0.0000000e+00]) 	 loss 1.582E-04 	 horizons 9.0
step 24390 	 return [0.0035388  0.00248534 0.00559809 0.00105793 0.00136363 0.00219514
 0.        ], ([0.0000000e+00 2.3283064e-10 4.6566129e-10 1.1641532e-10 1.1641532e-10
 0.0000000e+00 0.0000000e+00]) 	 loss 3.288E-03 	 horizons 9.0
step 24480 	 return [0.         0.         0.00203289 0.00568693 0.00306959 0.01095407
 0.0051465 ], ([0.0000000e+00 0.0000000e+00 0.0000000e+00 4.6566129e-10 2.3283064e-10
 0.0000000e+00 4.6566129e-10]) 	 loss 6.952E-04 	 horizons 9.0
step 24570 	 return [0.0035388  0.00248534 0.00559809 0.00105793 0.00136363 0.00219514
 0.        ], ([0.0000000e+00 2.3283064e-10 4.6566129e-10 1.1641532e-10 1.1641532e-10
 0.0000000e+00 0.0000000e+00]) 	 loss 4.362E-04 	 horizons 9.0
step 24660 	 return [0.         0.         0.00211486 0.00355797 0.0057364  0.00795564
 0.00553122], ([0.0000000e+00 0.0000000e+00 2.3283064e-10 0.0000000e+00 4.6566129e-10
 0.0000000e+00 4.6566129e-10]) 	 loss 2.164E-04 	 horizons 9.0
step 24750 	 return [0.00198655 0.00230739 0.0074922  0.0010694  0.00138495 0.00225377
 0.        ], ([2.3283064e-10 2.3283064e-10 9.3132257e-10 0.0000000e+00 1.1641532e-10
 0.0000000e+00 0.0000000e+00]) 	 loss 2.247E-04 	 horizons 9.0
step 24840 	 return [0.         0.         0.00203773 0.00570625 0.00219484 0.00762859
 0.00983875], ([0.0000000e+00 0.0000000e+00 0.0000000e+00 0.0000000e+00 2.3283064e-10
 4.6566129e-10 9.3132257e-10]) 	 loss 1.872E-04 	 horizons 9.0
step 24930 	 return [0.         0.         0.00203321 0.0056887  0.00306755 0.00889611
 0.00703222], ([0.0000000e+00 0.0000000e+00 1.6777776e-06 6.6284092e-06 6.2856925e-05
 6.3317362e-04 3.8918669e-04]) 	 loss 1.709E-04 	 horizons 9.0
step 25020 	 return [0.         0.         0.00314406 0.00332657 0.00306468 0.00738178
 0.0076545 ], ([0.0000000e+00 0.0000000e+00 2.3283064e-10 2.3283064e-10 0.0000000e+00
 0.0000000e+00 0.0000000e+00]) 	 loss 1.485E-04 	 horizons 9.0
step 25110 	 return [0.00065235 0.0018543  0.00328277 0.0055598  0.0007583  0.0074949
 0.        ], ([0.0000000e+00 0.0000000e+00 2.3283064e-10 4.6566129e-10 5.8207661e-11
 4.6566129e-10 0.0000000e+00]) 	 loss 1.849E-04 	 horizons 9.0
step 25200 	 return [0.         0.         0.00314693 0.00332922 0.00208244 0.0073806
 0.00964669], ([0.0000000e+00 0.0000000e+00 2.3283064e-10 0.0000000e+00 2.3283064e-10
 9.3132257e-10 0.0000000e+00]) 	 loss 1.542E-04 	 horizons 9.0
step 25290 	 return [0.         0.         0.0020441  0.00328608 0.00280326 0.01093211
 0.00670211], ([0.0000000e+00 0.0000000e+00 2.3283064e-10 0.0000000e+00 2.3283064e-10
 0.0000000e+00 0.0000000e+00]) 	 loss 1.543E-04 	 horizons 9.0
step 25380 	 return [0.         0.         0.00302657 0.00355619 0.00296754 0.00849147
 0.00701174], ([0.0000000e+00 0.0000000e+00 3.3143151e-04 7.0974731e-04 7.3900585e-05
 7.3129270e-04 4.2220700e-04]) 	 loss 1.475E-04 	 horizons 9.0
step 25470 	 return [0.00198655 0.00230739 0.0074922  0.0010694  0.00138495 0.00225377
 0.        ], ([2.3283064e-10 2.3283064e-10 9.3132257e-10 0.0000000e+00 1.1641532e-10
 0.0000000e+00 0.0000000e+00]) 	 loss 1.270E-04 	 horizons 9.0
step 25560 	 return [0.         0.         0.00203289 0.00568693 0.00306959 0.01095407
 0.0051465 ], ([0.0000000e+00 0.0000000e+00 0.0000000e+00 4.6566129e-10 2.3283064e-10
 0.0000000e+00 4.6566129e-10]) 	 loss 1.376E-04 	 horizons 9.0
step 25650 	 return [0.         0.         0.00323681 0.0035887  0.00588776 0.00580052
 0.00554855], ([0.0000000e+00 0.0000000e+00 2.8624211e-07 2.2952469e-07 1.2008473e-05
 1.3461058e-05 1.1730474e-06]) 	 loss 1.242E-04 	 horizons 9.0
step 25740 	 return [0.         0.         0.00313563 0.00331822 0.00293897 0.00861724
 0.00690641], ([0.0000000e+00 0.0000000e+00 4.2136758e-06 4.1770750e-06 6.2856918e-05
 6.1773288e-04 3.7404857e-04]) 	 loss 2.748E-03 	 horizons 9.0
step 25830 	 return [0.         0.         0.00206444 0.00602696 0.0061215  0.00588104
 0.00564885], ([0.0000000e+00 0.0000000e+00 2.3283064e-10 0.0000000e+00 0.0000000e+00
 0.0000000e+00 4.6566129e-10]) 	 loss 2.831E-04 	 horizons 9.0
step 25920 	 return [0.00245223 0.00236078 0.00692397 0.00106596 0.00137855 0.00223618
 0.        ], ([7.1132986e-04 8.1543367e-05 8.6799054e-04 5.2577852e-06 9.7665625e-06
 2.6865197e-05 0.0000000e+00]) 	 loss 2.413E-04 	 horizons 9.0
step 26010 	 return [0.0034823  0.00245214 0.00466355 0.00102724 0.0012922  0.0024874
 0.        ], ([5.6506597e-05 3.3196528e-05 9.3454204e-04 3.0685162e-05 7.1433838e-05
 2.9226139e-04 0.0000000e+00]) 	 loss 2.139E-04 	 horizons 9.0
step 26100 	 return [0.00065235 0.0018543  0.00328277 0.0055598  0.0007583  0.0074949
 0.        ], ([0.0000000e+00 0.0000000e+00 2.3283064e-10 4.6566129e-10 5.8207661e-11
 4.6566129e-10 0.0000000e+00]) 	 loss 2.044E-04 	 horizons 9.0
step 26190 	 return [0.         0.         0.00203773 0.00570625 0.00219484 0.00762859
 0.00983875], ([0.0000000e+00 0.0000000e+00 0.0000000e+00 0.0000000e+00 2.3283064e-10
 4.6566129e-10 9.3132257e-10]) 	 loss 1.919E-04 	 horizons 9.0
step 26280 	 return [0.         0.         0.00221673 0.00353378 0.00545352 0.00805269
 0.00565003], ([0.0000000e+00 0.0000000e+00 3.0559779e-04 7.2550676e-05 8.4866001e-04
 2.9114011e-04 3.5644855e-04]) 	 loss 1.856E-04 	 horizons 9.0
step 26370 	 return [0.00198655 0.00230739 0.0074922  0.0010694  0.00138495 0.00225377
 0.        ], ([2.3283064e-10 2.3283064e-10 9.3132257e-10 0.0000000e+00 1.1641532e-10
 0.0000000e+00 0.0000000e+00]) 	 loss 1.992E-04 	 horizons 9.0
step 26460 	 return [0.         0.         0.00278725 0.00357564 0.00579179 0.00592557
 0.00621521], ([0.0000000e+00 0.0000000e+00 5.4955116e-04 1.5156042e-05 7.3415671e-05
 2.0261215e-04 8.2079758e-04]) 	 loss 1.963E-04 	 horizons 9.0
step 26550 	 return [0.         0.         0.00203289 0.00568693 0.00306959 0.01095407
 0.0051465 ], ([0.0000000e+00 0.0000000e+00 0.0000000e+00 4.6566129e-10 2.3283064e-10
 0.0000000e+00 4.6566129e-10]) 	 loss 1.097E-02 	 horizons 9.0
step 26640 	 return [0.         0.         0.00313448 0.00331684 0.00293431 0.01030424
 0.00538116], ([0.0000000e+00 0.0000000e+00 4.7758220e-07 3.5595150e-07 1.3387576e-05
 6.8906508e-04 6.6911167e-04]) 	 loss 1.480E-03 	 horizons 9.0
step 26730 	 return [0.         0.         0.00315583 0.0033551  0.00245937 0.00721856
 0.00923653], ([0.0000000e+00 0.0000000e+00 2.6707397e-05 7.7638491e-05 1.1307873e-03
 4.8614075e-04 1.2304967e-03]) 	 loss 9.250E-04 	 horizons 9.0
step 26820 	 return [0.         0.         0.00211466 0.0035577  0.00572605 0.00742106
 0.006038  ], ([0.0000000e+00 0.0000000e+00 3.0995326e-07 4.0779364e-07 1.5823291e-05
 8.1658131e-04 7.7411736e-04]) 	 loss 7.221E-03 	 horizons 9.0
step 26910 	 return [0.         0.         0.00203773 0.00570625 0.00219484 0.00762859
 0.00983875], ([0.0000000e+00 0.0000000e+00 0.0000000e+00 0.0000000e+00 2.3283064e-10
 4.6566129e-10 9.3132257e-10]) 	 loss 1.329E-03 	 horizons 9.0
step 27000 	 return [0.0035388  0.00248534 0.00559809 0.00105793 0.00136363 0.00219514
 0.        ], ([0.0000000e+00 2.3283064e-10 4.6566129e-10 1.1641532e-10 1.1641532e-10
 0.0000000e+00 0.0000000e+00]) 	 loss 4.691E-04 	 horizons 9.0
step 27090 	 return [0.         0.         0.00314406 0.00332657 0.00306468 0.00738178
 0.0076545 ], ([0.0000000e+00 0.0000000e+00 2.3283064e-10 2.3283064e-10 0.0000000e+00
 0.0000000e+00 0.0000000e+00]) 	 loss 3.313E-04 	 horizons 9.0
step 27180 	 return [0.         0.         0.00303589 0.00356649 0.00219353 0.00740552
 0.00946308], ([0.0000000e+00 0.0000000e+00 3.3310815e-04 7.1182102e-04 3.3324477e-04
 7.4747433e-05 5.5082818e-04]) 	 loss 2.600E-04 	 horizons 9.0
step 27270 	 return [0.         0.         0.00203237 0.00568538 0.00303612 0.0092127
 0.00683763], ([0.000000e+00 0.000000e+00 0.000000e+00 4.656613e-10 0.000000e+00
 0.000000e+00 9.313226e-10]) 	 loss 1.948E-04 	 horizons 9.0
step 27360 	 return [0.         0.         0.00206428 0.00602645 0.00610549 0.00586309
 0.00564728], ([0.0000000e+00 0.0000000e+00 1.9789975e-07 6.3510424e-07 1.9609755e-05
 2.1981816e-05 1.9155782e-06]) 	 loss 1.692E-04 	 horizons 9.0
step 27450 	 return [0.0035388  0.00248534 0.00559809 0.00105793 0.00136363 0.00219514
 0.        ], ([0.0000000e+00 2.3283064e-10 4.6566129e-10 1.1641532e-10 1.1641532e-10
 0.0000000e+00 0.0000000e+00]) 	 loss 2.052E-02 	 horizons 9.0
step 27540 	 return [0.         0.         0.00314463 0.0033271  0.00286823 0.00738154
 0.00805294], ([0.0000000e+00 0.0000000e+00 1.1488795e-06 1.0580756e-06 3.9289470e-04
 4.6901408e-07 7.9687574e-04]) 	 loss 2.896E-03 	 horizons 9.0
step 27630 	 return [0.         0.         0.0020375  0.00570539 0.00239452 0.00762882
 0.00943312], ([0.0000000e+00 0.0000000e+00 4.6556815e-07 1.7184764e-06 3.9936861e-04
 4.6901451e-07 8.1126130e-04]) 	 loss 7.006E-04 	 horizons 9.0
step 27720 	 return [0.         0.         0.00323653 0.00358847 0.00587575 0.00578706
 0.00554738], ([0.0000000e+00 0.0000000e+00 4.6743125e-07 3.7481203e-07 1.9609754e-05
 2.1981814e-05 1.9155782e-06]) 	 loss 2.578E-04 	 horizons 9.0
step 27810 	 return [0.00198655 0.00230739 0.0074922  0.0010694  0.00138495 0.00225377
 0.        ], ([2.3283064e-10 2.3283064e-10 9.3132257e-10 0.0000000e+00 1.1641532e-10
 0.0000000e+00 0.0000000e+00]) 	 loss 6.249E-03 	 horizons 9.0
step 27900 	 return [0.00198655 0.00230739 0.0074922  0.0010694  0.00138495 0.00225377
 0.        ], ([2.3283064e-10 2.3283064e-10 9.3132257e-10 0.0000000e+00 1.1641532e-10
 0.0000000e+00 0.0000000e+00]) 	 loss 1.670E-03 	 horizons 9.0
step 27990 	 return [0.00065235 0.0018543  0.00328277 0.0055598  0.0007583  0.0074949
 0.        ], ([0.0000000e+00 0.0000000e+00 2.3283064e-10 4.6566129e-10 5.8207661e-11
 4.6566129e-10 0.0000000e+00]) 	 loss 3.829E-04 	 horizons 9.0
step 28080 	 return [0.         0.         0.00323691 0.00358878 0.00589176 0.005805
 0.00554895], ([0.0000000e+00 0.0000000e+00 2.3283064e-10 0.0000000e+00 0.0000000e+00
 0.0000000e+00 4.6566129e-10]) 	 loss 3.414E-04 	 horizons 9.0
step 28170 	 return [0.         0.         0.00206349 0.00601929 0.00608318 0.00584006
 0.00564428], ([0.0000000e+00 0.0000000e+00 1.6492793e-06 1.9138399e-05 5.1319594e-06
 1.1677109e-05 1.9746365e-06]) 	 loss 2.603E-04 	 horizons 9.0
step 28260 	 return [0.         0.         0.00222636 0.00356017 0.00571686 0.00613236
 0.00705294], ([0.0000000e+00 0.0000000e+00 3.3652998e-04 9.2811424e-06 4.4957738e-05
 1.2407410e-04 5.0263380e-04]) 	 loss 2.496E-02 	 horizons 9.0
step 28350 	 return [0.00198655 0.00230739 0.0074922  0.0010694  0.00138495 0.00225377
 0.        ], ([2.3283064e-10 2.3283064e-10 9.3132257e-10 0.0000000e+00 1.1641532e-10
 0.0000000e+00 0.0000000e+00]) 	 loss 1.317E-02 	 horizons 9.0
step 28440 	 return [0.         0.         0.00203321 0.0056887  0.00306755 0.00889611
 0.00703222], ([0.0000000e+00 0.0000000e+00 1.6777776e-06 6.6284092e-06 6.2856925e-05
 6.3317362e-04 3.8918669e-04]) 	 loss 3.449E-03 	 horizons 9.0
step 28530 	 return [0.00198655 0.00230739 0.0074922  0.0010694  0.00138495 0.00225377
 0.        ], ([2.3283064e-10 2.3283064e-10 9.3132257e-10 0.0000000e+00 1.1641532e-10
 0.0000000e+00 0.0000000e+00]) 	 loss 1.421E-03 	 horizons 9.0
step 28620 	 return [0.00198655 0.00230739 0.0074922  0.0010694  0.00138495 0.00225377
 0.        ], ([2.3283064e-10 2.3283064e-10 9.3132257e-10 0.0000000e+00 1.1641532e-10
 0.0000000e+00 0.0000000e+00]) 	 loss 4.991E-04 	 horizons 9.0
step 28710 	 return [0.00198655 0.00230739 0.0074922  0.0010694  0.00138495 0.00225377
 0.        ], ([2.3283064e-10 2.3283064e-10 9.3132257e-10 0.0000000e+00 1.1641532e-10
 0.0000000e+00 0.0000000e+00]) 	 loss 3.050E-04 	 horizons 9.0
step 28800 	 return [0.         0.         0.00291564 0.00331012 0.00288668 0.00932731
 0.00671593], ([0.0000000e+00 0.0000000e+00 4.3576909e-04 1.2018904e-05 4.1710769e-05
 8.0240105e-04 6.9081784e-06]) 	 loss 1.708E-04 	 horizons 9.0
step 28890 	 return [0.         0.         0.00206444 0.00602696 0.0061215  0.00588104
 0.00564885], ([0.0000000e+00 0.0000000e+00 2.3283064e-10 0.0000000e+00 0.0000000e+00
 0.0000000e+00 4.6566129e-10]) 	 loss 1.544E-04 	 horizons 9.0
step 28980 	 return [0.         0.         0.00215729 0.00549389 0.00227346 0.00688014
 0.00988023], ([0.         0.         0.00035916 0.00063559 0.00130697 0.00123009
 0.0010628 ]) 	 loss 1.545E-04 	 horizons 9.0
step 29070 	 return [0.         0.         0.00281055 0.00403422 0.00305611 0.00793105
 0.00740944], ([0.0000000e+00 0.0000000e+00 5.0943712e-04 1.0809430e-03 1.3089302e-05
 8.3903281e-04 3.7433748e-04]) 	 loss 7.795E-03 	 horizons 9.0
step 29160 	 return [0.00198655 0.00230739 0.0074922  0.0010694  0.00138495 0.00225377
 0.        ], ([2.3283064e-10 2.3283064e-10 9.3132257e-10 0.0000000e+00 1.1641532e-10
 0.0000000e+00 0.0000000e+00]) 	 loss 5.034E-04 	 horizons 9.0
step 29250 	 return [0.0019881  0.00230882 0.00753683 0.00107698 0.00161279 0.00180301
 0.        ], ([3.1000934e-06 2.8428622e-06 8.9256471e-05 1.5151221e-05 4.5569148e-04
 9.0150599e-04 0.0000000e+00]) 	 loss 5.119E-04 	 horizons 9.0
step 29340 	 return [0.         0.         0.00242947 0.00351161 0.00515267 0.00773479
 0.00576476], ([0.0000000e+00 0.0000000e+00 4.8112517e-04 9.7918455e-05 1.1238224e-03
 1.3643138e-03 4.7746085e-04]) 	 loss 2.569E-04 	 horizons 9.0
step 29430 	 return [0.         0.         0.00302516 0.00331409 0.00290882 0.00897171
 0.00680936], ([0.0000000e+00 0.0000000e+00 3.2508979e-04 6.1109654e-06 3.8512044e-06
 1.3681668e-04 2.6992604e-04]) 	 loss 2.054E-03 	 horizons 9.0
step 29520 	 return [0.         0.         0.00313472 0.00331702 0.00294101 0.01064877
 0.0050466 ], ([0.0000000e+00 0.0000000e+00 2.3283064e-10 0.0000000e+00 2.3283064e-10
 9.3132257e-10 4.6566129e-10]) 	 loss 7.964E-04 	 horizons 9.0
step 29610 	 return [0.         0.         0.00203668 0.00570238 0.00309342 0.00762964
 0.00801341], ([0.0000000e+00 0.0000000e+00 3.4917610e-07 1.2888574e-06 2.9952647e-04
 3.5176097e-07 6.0844602e-04]) 	 loss 5.208E-04 	 horizons 9.0
step 29700 	 return [0.00342579 0.00241894 0.00372901 0.00099656 0.00122077 0.00277966
 0.        ], ([0.0000000e+00 2.3283064e-10 2.3283064e-10 1.1641532e-10 1.1641532e-10
 2.3283064e-10 0.0000000e+00]) 	 loss 1.753E-04 	 horizons 9.0
step 29790 	 return [0.         0.         0.00323691 0.00358878 0.00589176 0.005805
 0.00554895], ([0.0000000e+00 0.0000000e+00 2.3283064e-10 0.0000000e+00 0.0000000e+00
 0.0000000e+00 4.6566129e-10]) 	 loss 1.223E-04 	 horizons 9.0
step 29880 	 return [0.         0.         0.00291659 0.00331083 0.00291346 0.01070544
 0.0053777 ], ([0.0000000e+00 0.0000000e+00 4.3624666e-04 1.2374855e-05 5.5098346e-05
 1.1333600e-04 6.6220359e-04]) 	 loss 1.208E-04 	 horizons 9.0
step 29970 	 return [0.00342579 0.00241894 0.00372901 0.00099656 0.00122077 0.00277966
 0.        ], ([0.0000000e+00 2.3283064e-10 2.3283064e-10 1.1641532e-10 1.1641532e-10
 2.3283064e-10 0.0000000e+00]) 	 loss 1.131E-04 	 horizons 9.0
step 30060 	 return [0.         0.         0.00315123 0.0033507  0.00331596 0.00753296
 0.00725692], ([0.0000000e+00 0.0000000e+00 2.8858225e-05 7.9464568e-05 8.6083496e-04
 8.3830487e-04 6.7834900e-04]) 	 loss 1.046E-04 	 horizons 9.0
[1;34mwandb[0m: 
[1;34mwandb[0m: 🚀 View run [33mmotndp_amsterdam-v0__GCN-amsterdam-g7-l0__123__1781508459[0m at: [34mhttps://wandb.ai/jingyuan-sun03-tu-delft/cl_ablation/runs/z6i3vcpt[0m
[1;34mwandb[0m: Find logs at: [1;35mwandb/run-20260615_092739-z6i3vcpt/logs[0m
