/home/SinJ/mo-transport-network-design/.venv/lib/python3.13/site-packages/pygame/pkgdata.py:25: UserWarning: pkg_resources is deprecated as an API. See https://setuptools.pypa.io/en/latest/pkg_resources.html. The pkg_resources package is slated for removal as early as 2025-11-30. Refrain from using this package or pin to Setuptools<81.
  from pkg_resources import resource_stream, resource_exists
wandb: [wandb.login()] Loaded credentials for https://api.wandb.ai from /home/SinJ/.netrc.
wandb: Currently logged in as: jingyuan-sun03 (jingyuan-sun03-tu-delft) to https://api.wandb.ai. Use `wandb login --relogin` to force relogin
wandb: setting up run q1l44deo
wandb: Tracking run with wandb version 0.27.2
wandb: Run data is saved locally in /home/SinJ/mo-transport-network-design/wandb/run-20260615_083139-q1l44deo
wandb: Run `wandb offline` to turn off syncing.
wandb: Syncing run motndp_amsterdam-v0__GCN-amsterdam-g5-spatiotemporal__42__1781505099
wandb: ⭐️ View project at https://wandb.ai/jingyuan-sun03-tu-delft/cl_ablation
wandb: 🚀 View run at https://wandb.ai/jingyuan-sun03-tu-delft/cl_ablation/runs/q1l44deo
/home/SinJ/mo-transport-network-design/morl-baselines/morl_baselines/multi_policy/gcn/gcn.py:151: UserWarning: Creating a tensor from a list of numpy.ndarrays is extremely slow. Please consider converting the list to a single numpy.ndarray with numpy.array() before converting to a tensor. (Triggered internally at /pytorch/torch/csrc/utils/tensor_new.cpp:253.)
  th.tensor(obs).to(self.device),
Namespace(env='amsterdam', nr_groups=5, starting_loc_x=9, starting_loc_y=19, nr_stations=10, lr=0.01, batch_size=256, num_er_episodes=100, num_step_episodes=10, num_model_updates=10, num_policies=10, max_buffer_size=200, nr_layers=1, hidden_dim=128, timesteps=30000, no_log=False, seed=42, cd_threshold=0.2, distance_ref='interpolate2', gcn_lambda=0.0, lambda_schedule='cosine', lambda_start=1.0, lambda_end=0.0, lambda_warmup_fraction=0.1, lambda_freeze_fraction=0.1, spatial_alpha=0.5, include_demand_context=False, criterion='lorenz', nash_mode='pareto_sized', nash_top_k=None, nash_shift=0.0, project_name='cl_ablation', experiment_name='GCN-amsterdam-g5-spatiotemporal', wandb_entity=None)
step 990 	 return [0.00036059 0.00131602 0.00097911 0.00123717 0.00126838], ([0.00070957 0.00173805 0.00173891 0.00154553 0.00264402]) 	 loss 2.032E+00 	 horizons 9.0
step 1080 	 return [0.00010126 0.00213054 0.00096257 0.00105667 0.00019986], ([0.00030378 0.00261449 0.0015257  0.00122081 0.00059957]) 	 loss 1.843E+00 	 horizons 9.0
step 1170 	 return [0.00027167 0.00121623 0.00165587 0.00167442 0.00086808], ([0.00081501 0.00150845 0.00241357 0.00138354 0.00216264]) 	 loss 1.401E+00 	 horizons 9.0
step 1260 	 return [0.         0.         0.00265155 0.00388586 0.00553254], ([0.         0.         0.00161197 0.00136882 0.00361743]) 	 loss 1.206E+00 	 horizons 9.0
step 1350 	 return [0.         0.00143513 0.00286554 0.00171608 0.00172939], ([0.         0.00181861 0.00245812 0.00161434 0.00277939]) 	 loss 1.138E+00 	 horizons 9.0
step 1440 	 return [0.         0.         0.00496408 0.00354649 0.00688936], ([0.         0.         0.00168163 0.00088265 0.00275378]) 	 loss 1.100E+00 	 horizons 9.0
step 1530 	 return [0.         0.         0.00427676 0.0044277  0.00713804], ([0.         0.         0.00119951 0.00117069 0.00235036]) 	 loss 1.028E+00 	 horizons 9.0
step 1620 	 return [0.         0.00292076 0.00471883 0.00173438 0.00128982], ([0.         0.00274234 0.00234627 0.00144346 0.00289287]) 	 loss 9.851E-01 	 horizons 9.0
step 1710 	 return [0.         0.00294483 0.00211361 0.00120039 0.00126035], ([0.         0.00263049 0.00208284 0.00130578 0.00267445]) 	 loss 9.681E-01 	 horizons 9.0
step 1800 	 return [0.         0.         0.005245   0.00464106 0.00604228], ([0.         0.         0.00099386 0.00125447 0.00213863]) 	 loss 9.593E-01 	 horizons 9.0
step 1890 	 return [0.         0.00035856 0.0059726  0.00457833 0.00349262], ([0.         0.00071829 0.00133597 0.00175065 0.0021678 ]) 	 loss 9.105E-01 	 horizons 9.0
step 1980 	 return [0.         0.         0.00393274 0.0046356  0.00755726], ([0.         0.         0.0012769  0.00104948 0.00295471]) 	 loss 8.785E-01 	 horizons 9.0
step 2070 	 return [0.         0.00076764 0.00643695 0.00342212 0.00297419], ([0.         0.00120945 0.00067856 0.00167883 0.00225888]) 	 loss 8.054E-01 	 horizons 9.0
step 2160 	 return [0.00079086 0.00140507 0.00055363 0.00063265 0.        ], ([0.00133348 0.00151379 0.00083567 0.00037537 0.        ]) 	 loss 8.350E-01 	 horizons 9.0
step 2250 	 return [0.         0.0015598  0.00552773 0.00183635 0.00029638], ([0.         0.00155447 0.00134765 0.00126501 0.00059424]) 	 loss 8.105E-01 	 horizons 9.0
step 2340 	 return [0.         0.         0.00497739 0.00462842 0.00797495], ([0.         0.         0.00130743 0.00095342 0.0013808 ]) 	 loss 7.422E-01 	 horizons 9.0
step 2430 	 return [0.0011617  0.00384274 0.00051665 0.00058365 0.        ], ([0.00112536 0.00265784 0.000271   0.00032259 0.        ]) 	 loss 7.368E-01 	 horizons 9.0
step 2520 	 return [0.         0.00622932 0.00242739 0.00088547 0.        ], ([0.         0.00119652 0.00168161 0.00056919 0.        ]) 	 loss 7.184E-01 	 horizons 9.0
step 2610 	 return [0.         0.         0.00609642 0.00509363 0.00728942], ([0.0000000e+00 0.0000000e+00 3.1362564e-05 1.2117858e-05 1.3738215e-03]) 	 loss 7.076E-01 	 horizons 9.0
step 2700 	 return [0.         0.00082634 0.00690836 0.00240575 0.00030252], ([0.         0.00098479 0.00091921 0.00114541 0.00060504]) 	 loss 6.617E-01 	 horizons 9.0
step 2790 	 return [0.         0.00296759 0.00607013 0.00168249 0.00013883], ([0.         0.00295448 0.00153305 0.00130969 0.00041649]) 	 loss 6.521E-01 	 horizons 9.0
step 2880 	 return [0.         0.         0.00635155 0.00514745 0.00609788], ([0.         0.         0.0005298  0.0004595  0.00182629]) 	 loss 6.414E-01 	 horizons 9.0
step 2970 	 return [0.         0.         0.00606721 0.00493561 0.00757536], ([0.         0.         0.00011895 0.00046179 0.00051382]) 	 loss 6.015E-01 	 horizons 9.0
step 3060 	 return [0.         0.         0.00421408 0.00546415 0.00713866], ([0.         0.         0.00124715 0.00072543 0.00099237]) 	 loss 5.717E-01 	 horizons 9.0
step 3150 	 return [0.         0.         0.00607381 0.00524173 0.00558186], ([0.0000000e+00 0.0000000e+00 7.3322961e-05 4.9193704e-04 1.3291305e-03]) 	 loss 5.213E-01 	 horizons 9.0
step 3240 	 return [0.         0.00369333 0.00646732 0.00118373 0.        ], ([0.         0.00225216 0.00131154 0.0003625  0.        ]) 	 loss 5.172E-01 	 horizons 9.0
step 3330 	 return [0.         0.00538637 0.0042321  0.00087503 0.        ], ([0.         0.00176183 0.00179755 0.00044913 0.        ]) 	 loss 5.169E-01 	 horizons 9.0
step 3420 	 return [0.00157411 0.00357246 0.0004933  0.00064897 0.        ], ([0.00094551 0.00183206 0.00020241 0.00033348 0.        ]) 	 loss 5.086E-01 	 horizons 9.0
step 3510 	 return [0.         0.00217241 0.00732662 0.00150829 0.        ], ([0.         0.00177532 0.00054263 0.00084087 0.        ]) 	 loss 4.817E-01 	 horizons 9.0
step 3600 	 return [0.00146824 0.00317754 0.00030322 0.00032934 0.        ], ([6.7274948e-04 8.7122683e-04 3.1507552e-05 2.2445516e-04 0.0000000e+00]) 	 loss 4.268E-01 	 horizons 9.0
step 3690 	 return [0.00116057 0.00509973 0.00057602 0.00075971 0.        ], ([0.00110196 0.00209847 0.00028239 0.00031594 0.        ]) 	 loss 4.416E-01 	 horizons 9.0
step 3780 	 return [0.         0.00025191 0.00722458 0.00360502 0.00163395], ([0.         0.00056919 0.00072438 0.00127587 0.0017541 ]) 	 loss 4.417E-01 	 horizons 9.0
step 3870 	 return [0.00053264 0.00624802 0.00166891 0.00077435 0.        ], ([0.00091646 0.00255969 0.00163916 0.00045739 0.        ]) 	 loss 4.148E-01 	 horizons 9.0
step 3960 	 return [0.         0.         0.00635168 0.00518509 0.00709598], ([0.         0.         0.00087462 0.00092195 0.00147431]) 	 loss 3.976E-01 	 horizons 9.0
step 4050 	 return [0.00010519 0.00678969 0.00301455 0.00074491 0.        ], ([0.00031556 0.00156382 0.00144198 0.00034477 0.        ]) 	 loss 3.996E-01 	 horizons 9.0
step 4140 	 return [0.         0.         0.00348762 0.00512979 0.0071229 ], ([0.         0.         0.00018046 0.0008542  0.00215855]) 	 loss 3.949E-01 	 horizons 9.0
step 4230 	 return [0.         0.         0.0060931  0.0046491  0.00820732], ([0.0000000e+00 0.0000000e+00 4.1313840e-05 1.3214839e-03 1.3798791e-03]) 	 loss 3.710E-01 	 horizons 9.0
step 4320 	 return [0.         0.00697756 0.0044453  0.00121444 0.        ], ([0.         0.00213924 0.00162323 0.00024256 0.        ]) 	 loss 3.424E-01 	 horizons 9.0
step 4410 	 return [0.         0.         0.00611006 0.00521539 0.00762717], ([0.0000000e+00 0.0000000e+00 9.5587229e-06 3.7738832e-04 3.6055932e-04]) 	 loss 3.384E-01 	 horizons 9.0
step 4500 	 return [0.00063568 0.00688829 0.00104206 0.00054506 0.        ], ([0.00064969 0.00158764 0.00082251 0.00038164 0.        ]) 	 loss 3.207E-01 	 horizons 9.0
step 4590 	 return [0.         0.         0.00610447 0.00488712 0.00775585], ([0.0000000e+00 0.0000000e+00 1.5200673e-05 5.4608710e-04 7.0988043e-04]) 	 loss 3.071E-01 	 horizons 9.0
step 4680 	 return [0.00144798 0.00572302 0.00049075 0.00067057 0.        ], ([0.00068038 0.00080644 0.00025884 0.00042909 0.        ]) 	 loss 2.857E-01 	 horizons 9.0
step 4770 	 return [0.         0.00568687 0.00578084 0.00122276 0.        ], ([0.         0.00143057 0.00113142 0.00037678 0.        ]) 	 loss 3.062E-01 	 horizons 9.0
step 4860 	 return [0.         0.00039989 0.00644627 0.00356592 0.00264912], ([0.         0.00066083 0.00044518 0.00134941 0.00287367]) 	 loss 2.743E-01 	 horizons 9.0
step 4950 	 return [0.00160551 0.00523437 0.00086951 0.00092852 0.        ], ([0.00100927 0.00167224 0.00039715 0.0004119  0.        ]) 	 loss 2.770E-01 	 horizons 9.0
step 5040 	 return [0.         0.00538434 0.00557578 0.00137914 0.        ], ([0.         0.00254094 0.00183605 0.0004713  0.        ]) 	 loss 2.947E-01 	 horizons 9.0
step 5130 	 return [0.         0.00718653 0.00375031 0.00144083 0.        ], ([0.         0.00160307 0.00139651 0.00029918 0.        ]) 	 loss 2.782E-01 	 horizons 9.0
step 5220 	 return [0.         0.00226142 0.00745535 0.00324397 0.00284461], ([0.         0.00238683 0.00076517 0.00153114 0.00197649]) 	 loss 3.105E-01 	 horizons 9.0
step 5310 	 return [0.         0.         0.00640994 0.0048675  0.00685996], ([0.         0.         0.00053236 0.00043109 0.00135616]) 	 loss 2.939E-01 	 horizons 9.0
step 5400 	 return [0.         0.         0.00610687 0.00508959 0.00774736], ([0.000000e+00 0.000000e+00 4.656613e-10 4.656613e-10 4.656613e-10]) 	 loss 2.527E-01 	 horizons 9.0
step 5490 	 return [0.         0.00407892 0.00733075 0.00160274 0.00033716], ([0.         0.00168423 0.00049942 0.00094509 0.00101147]) 	 loss 2.360E-01 	 horizons 9.0
step 5580 	 return [8.5919324e-05 8.2997577e-03 1.6595464e-03 1.2470849e-03 0.0000000e+00], ([0.00025776 0.00119961 0.00065975 0.00045266 0.        ]) 	 loss 1.995E-01 	 horizons 9.0
step 5670 	 return [0.         0.0062295  0.00647528 0.00127561 0.        ], ([0.         0.00167463 0.00101997 0.00051846 0.        ]) 	 loss 2.194E-01 	 horizons 9.0
step 5760 	 return [0.0001063  0.00807493 0.003997   0.00104033 0.        ], ([0.00031889 0.00092673 0.00111598 0.00040148 0.        ]) 	 loss 1.997E-01 	 horizons 9.0
step 5850 	 return [0.00308508 0.00337943 0.00079276 0.0009838  0.        ], ([6.0020434e-04 1.2430801e-03 2.4355021e-04 6.7099296e-05 0.0000000e+00]) 	 loss 1.804E-01 	 horizons 9.0
step 5940 	 return [0.         0.00781794 0.00485228 0.00173314 0.        ], ([0.         0.00189793 0.00173397 0.00060815 0.        ]) 	 loss 1.942E-01 	 horizons 9.0
step 6030 	 return [0.         0.00584031 0.00663831 0.00162097 0.        ], ([0.         0.00100311 0.0007541  0.00043181 0.        ]) 	 loss 1.818E-01 	 horizons 9.0
step 6120 	 return [0.         0.         0.0061089  0.00490643 0.00791029], ([0.0000000e+00 0.0000000e+00 6.0766001e-06 5.4948073e-04 4.8880366e-04]) 	 loss 2.125E-01 	 horizons 9.0
step 6210 	 return [0.         0.         0.0047737  0.00475206 0.00803834], ([0.         0.         0.00134503 0.00096745 0.00169647]) 	 loss 1.727E-01 	 horizons 9.0
step 6300 	 return [0.         0.         0.00722082 0.00562859 0.00469326], ([0.         0.         0.00077505 0.00122077 0.00137434]) 	 loss 1.785E-01 	 horizons 9.0
step 6390 	 return [0.         0.         0.00610889 0.00490643 0.00791029], ([0.0000000e+00 0.0000000e+00 6.0766001e-06 5.4948067e-04 4.8880366e-04]) 	 loss 1.737E-01 	 horizons 9.0
step 6480 	 return [0.         0.00038051 0.00840709 0.00541533 0.00301651], ([0.         0.00114154 0.00132348 0.00122641 0.00170673]) 	 loss 1.542E-01 	 horizons 9.0
step 6570 	 return [0.         0.00053662 0.00843768 0.00580832 0.00221948], ([0.         0.00160986 0.00092262 0.00178606 0.00146088]) 	 loss 1.479E-01 	 horizons 9.0
step 6660 	 return [0.         0.         0.00717337 0.00571434 0.00449391], ([0.         0.         0.00083617 0.00135525 0.00144738]) 	 loss 1.367E-01 	 horizons 9.0
step 6750 	 return [0.         0.         0.00452468 0.00417328 0.00882275], ([0.         0.         0.00134198 0.00090635 0.00167171]) 	 loss 1.588E-01 	 horizons 9.0
step 6840 	 return [0.         0.         0.00829463 0.00723895 0.00330902], ([0.         0.         0.00083378 0.00044329 0.00088917]) 	 loss 1.695E-01 	 horizons 9.0
step 6930 	 return [0.         0.         0.00610687 0.00508959 0.00774736], ([0.000000e+00 0.000000e+00 4.656613e-10 4.656613e-10 4.656613e-10]) 	 loss 1.299E-01 	 horizons 9.0
step 7020 	 return [0.         0.         0.00160277 0.00332105 0.00757725], ([0.         0.         0.00157118 0.00099588 0.00335039]) 	 loss 1.459E-01 	 horizons 9.0
step 7110 	 return [0.         0.         0.00449488 0.00407013 0.00896256], ([0.         0.         0.0012441  0.00107272 0.00106791]) 	 loss 1.575E-01 	 horizons 9.0
step 7200 	 return [0.0027389  0.00442781 0.00120677 0.00125167 0.        ], ([0.00043739 0.00089417 0.00010978 0.0001297  0.        ]) 	 loss 1.431E-01 	 horizons 9.0
step 7290 	 return [0.         0.00027843 0.00750653 0.00446389 0.00459323], ([0.         0.00083528 0.00057998 0.00086688 0.00091904]) 	 loss 1.359E-01 	 horizons 9.0
step 7380 	 return [0.         0.         0.00739975 0.00509243 0.00518288], ([0.         0.         0.00044789 0.00071922 0.0007921 ]) 	 loss 1.324E-01 	 horizons 9.0
step 7470 	 return [0.         0.         0.0004908  0.00364961 0.01178359], ([0.         0.         0.00041837 0.00037009 0.00095514]) 	 loss 1.275E-01 	 horizons 9.0
step 7560 	 return [0.         0.         0.00614003 0.00494689 0.00746232], ([0.0000000e+00 0.0000000e+00 9.9481600e-05 4.2812122e-04 8.5511140e-04]) 	 loss 1.424E-01 	 horizons 9.0
step 7650 	 return [0.         0.         0.00429034 0.00480495 0.00852536], ([0.         0.         0.0012289  0.00071894 0.00152488]) 	 loss 1.473E-01 	 horizons 9.0
step 7740 	 return [0.00042243 0.00301917 0.00141293 0.00340372 0.00075139], ([0.00084499 0.00276102 0.00097267 0.00175307 0.00128828]) 	 loss 1.386E-01 	 horizons 9.0
step 7830 	 return [0.00293914 0.0049137  0.00125848 0.00130324 0.        ], ([3.1579274e-04 4.0566837e-04 5.0427931e-05 2.3693623e-05 0.0000000e+00]) 	 loss 1.506E-01 	 horizons 9.0
step 7920 	 return [0.         0.00566415 0.0076243  0.00159268 0.00033716], ([0.         0.0023661  0.00062555 0.0009295  0.00101147]) 	 loss 1.310E-01 	 horizons 9.0
step 8010 	 return [0.00369662 0.00248791 0.00071662 0.00095418 0.        ], ([2.9150699e-04 8.4242411e-04 1.9198874e-04 7.6752629e-05 0.0000000e+00]) 	 loss 1.261E-01 	 horizons 9.0
step 8100 	 return [0.         0.         0.00414717 0.00389734 0.01046153], ([0.         0.         0.00098777 0.00068973 0.00096101]) 	 loss 1.286E-01 	 horizons 9.0
step 8190 	 return [0.         0.005569   0.00779612 0.0012583  0.        ], ([0.         0.00126544 0.00085805 0.00043603 0.        ]) 	 loss 1.524E-01 	 horizons 9.0
step 8280 	 return [0.         0.00097769 0.00768346 0.00481901 0.00376222], ([0.         0.00196701 0.00034871 0.00158516 0.00157027]) 	 loss 1.550E-01 	 horizons 9.0
step 8370 	 return [0.         0.00791133 0.00720258 0.00108197 0.        ], ([0.         0.00147499 0.00064678 0.00036443 0.        ]) 	 loss 1.539E-01 	 horizons 9.0
step 8460 	 return [0.         0.00101411 0.00790163 0.00500695 0.00318213], ([0.         0.00203253 0.00034258 0.00168587 0.00183268]) 	 loss 1.197E-01 	 horizons 9.0
step 8550 	 return [0.         0.         0.00611006 0.00521539 0.00762717], ([0.0000000e+00 0.0000000e+00 9.5587229e-06 3.7738832e-04 3.6055926e-04]) 	 loss 1.153E-01 	 horizons 9.0
step 8640 	 return [0.00281071 0.00442163 0.00107857 0.00133506 0.        ], ([0.00106442 0.00091259 0.00017705 0.00022049 0.        ]) 	 loss 1.082E-01 	 horizons 9.0
step 8730 	 return [0.         0.         0.00393602 0.00397726 0.01119957], ([0.         0.         0.00071653 0.0008582  0.00073834]) 	 loss 1.154E-01 	 horizons 9.0
step 8820 	 return [0.00236258 0.00497038 0.00155623 0.00143093 0.        ], ([0.00065358 0.00123469 0.0006885  0.00055945 0.        ]) 	 loss 1.148E-01 	 horizons 9.0
step 8910 	 return [0.         0.         0.00589359 0.00386789 0.0090531 ], ([0.         0.         0.00068716 0.0009446  0.00065291]) 	 loss 1.292E-01 	 horizons 9.0
step 9000 	 return [0.         0.00299972 0.00756998 0.00347049 0.00326354], ([0.         0.00178573 0.00039622 0.00120575 0.00174842]) 	 loss 1.103E-01 	 horizons 9.0
step 9090 	 return [0.         0.         0.00587941 0.00515001 0.00791256], ([0.         0.         0.00068239 0.00018124 0.0004956 ]) 	 loss 1.008E-01 	 horizons 9.0
step 9180 	 return [0.         0.00081505 0.00835338 0.00563248 0.00325063], ([0.         0.00172931 0.00062471 0.00215666 0.0013954 ]) 	 loss 1.050E-01 	 horizons 9.0
step 9270 	 return [0.00110271 0.00863674 0.00320498 0.00085678 0.        ], ([0.00042161 0.0003111  0.00061849 0.0005619  0.        ]) 	 loss 1.110E-01 	 horizons 9.0
step 9360 	 return [0.0036131  0.00263276 0.00084188 0.00094632 0.        ], ([3.1597487e-04 5.4029381e-04 2.0724320e-04 2.7721722e-05 0.0000000e+00]) 	 loss 1.004E-01 	 horizons 9.0
step 9450 	 return [0.00101505 0.00806039 0.00315593 0.00143816 0.        ], ([0.00077702 0.00136675 0.00076913 0.00073697 0.        ]) 	 loss 9.410E-02 	 horizons 9.0
step 9540 	 return [0.00143946 0.00759402 0.00276501 0.00202802 0.        ], ([0.00100057 0.00048619 0.00039266 0.00031717 0.        ]) 	 loss 8.649E-02 	 horizons 9.0
step 9630 	 return [0.         0.00204227 0.00764026 0.00406784 0.00415042], ([0.         0.00136459 0.00035444 0.00047062 0.0007451 ]) 	 loss 1.009E-01 	 horizons 9.0
step 9720 	 return [0.         0.00670975 0.00708445 0.00203325 0.00116744], ([0.         0.00195516 0.00035974 0.00105336 0.0017863 ]) 	 loss 8.461E-02 	 horizons 9.0
step 9810 	 return [0.         0.         0.00035797 0.00366739 0.01360506], ([0.000000e+00 0.000000e+00 0.000000e+00 0.000000e+00 9.313226e-10]) 	 loss 7.915E-02 	 horizons 9.0
step 9900 	 return [0.         0.00653908 0.0073761  0.0017114  0.00040251], ([0.         0.00172938 0.00028854 0.00083908 0.00120752]) 	 loss 7.860E-02 	 horizons 9.0
step 9990 	 return [0.         0.         0.00418916 0.00395132 0.01088919], ([0.         0.         0.00097334 0.00039856 0.00103932]) 	 loss 9.767E-02 	 horizons 9.0
step 10080 	 return [0.         0.00355732 0.00745263 0.00351862 0.00333504], ([0.         0.00087876 0.00050727 0.0008189  0.00112343]) 	 loss 8.787E-02 	 horizons 9.0
step 10170 	 return [0.00338382 0.00481308 0.00079187 0.00108512 0.        ], ([0.00061235 0.00068842 0.0003528  0.00016383 0.        ]) 	 loss 8.235E-02 	 horizons 9.0
step 10260 	 return [0.         0.00588385 0.00737572 0.00254364 0.00148979], ([0.         0.0017195  0.00051854 0.00138531 0.00182791]) 	 loss 9.485E-02 	 horizons 9.0
step 10350 	 return [0.         0.         0.003499   0.00394832 0.01177312], ([0.         0.         0.00106365 0.00015949 0.00057762]) 	 loss 8.094E-02 	 horizons 9.0
step 10440 	 return [0.00164627 0.00743498 0.00222185 0.00191807 0.        ], ([0.00088833 0.00157269 0.00082385 0.00036648 0.        ]) 	 loss 9.149E-02 	 horizons 9.0
step 10530 	 return [0.         0.00842956 0.00720172 0.00131916 0.        ], ([0.         0.0006857  0.00053777 0.00038378 0.        ]) 	 loss 8.256E-02 	 horizons 9.0
step 10620 	 return [0.         0.         0.00617126 0.00728134 0.00614133], ([0.0000000e+00 0.0000000e+00 2.1293188e-05 6.1130233e-04 2.6458511e-04]) 	 loss 7.905E-02 	 horizons 9.0
step 10710 	 return [0.         0.         0.00589764 0.00350156 0.00937897], ([0.0000000e+00 0.0000000e+00 6.8846525e-04 7.3071889e-04 6.7960473e-06]) 	 loss 8.106E-02 	 horizons 9.0
step 10800 	 return [0.         0.00297228 0.00725532 0.00365475 0.00398381], ([0.         0.00108398 0.00055107 0.00045757 0.00047231]) 	 loss 7.922E-02 	 horizons 9.0
step 10890 	 return [0.0001063  0.00880796 0.00510779 0.00163466 0.        ], ([0.00031889 0.00071496 0.00033917 0.00039258 0.        ]) 	 loss 7.322E-02 	 horizons 9.0
step 10980 	 return [0.         0.         0.01072872 0.00673963 0.00058941], ([0.         0.         0.0010244  0.00094742 0.00117882]) 	 loss 7.414E-02 	 horizons 9.0
step 11070 	 return [0.00388422 0.00309841 0.00063798 0.00097052 0.        ], ([1.5355954e-04 3.3094057e-05 1.4966227e-04 1.6896534e-04 0.0000000e+00]) 	 loss 6.148E-02 	 horizons 9.0
step 11160 	 return [0.         0.00278425 0.00787341 0.0038675  0.00360985], ([0.0000000e+00 2.3283064e-10 0.0000000e+00 2.3283064e-10 0.0000000e+00]) 	 loss 6.157E-02 	 horizons 9.0
step 11250 	 return [0.00110311 0.00847807 0.00284408 0.00099189 0.        ], ([0.00042158 0.00029393 0.0005448  0.00053409 0.        ]) 	 loss 6.605E-02 	 horizons 9.0
step 11340 	 return [0.         0.         0.00589168 0.00513701 0.00785691], ([0.         0.         0.00068746 0.00018957 0.00054025]) 	 loss 6.725E-02 	 horizons 9.0
step 11430 	 return [0.         0.         0.00610687 0.00508959 0.00774736], ([0.000000e+00 0.000000e+00 4.656613e-10 4.656613e-10 4.656613e-10]) 	 loss 6.067E-02 	 horizons 9.0
step 11520 	 return [0.         0.         0.01096706 0.00687136 0.        ], ([0.         0.         0.00047079 0.00078352 0.        ]) 	 loss 6.007E-02 	 horizons 9.0
step 11610 	 return [0.         0.00278425 0.00787341 0.0038675  0.00360985], ([0.0000000e+00 2.3283064e-10 0.0000000e+00 2.3283064e-10 0.0000000e+00]) 	 loss 4.977E-02 	 horizons 9.0
step 11700 	 return [0.         0.00657161 0.00793425 0.00302868 0.        ], ([0.         0.00180374 0.00069599 0.00102353 0.        ]) 	 loss 5.167E-02 	 horizons 9.0
step 11790 	 return [0.         0.         0.00035797 0.00366739 0.01360506], ([0.000000e+00 0.000000e+00 0.000000e+00 0.000000e+00 9.313226e-10]) 	 loss 5.067E-02 	 horizons 9.0
step 11880 	 return [0.00042868 0.00908377 0.0031343  0.00172589 0.        ], ([0.00052503 0.00050449 0.00075327 0.00041047 0.        ]) 	 loss 5.538E-02 	 horizons 9.0
step 11970 	 return [0.         0.         0.00608324 0.00276067 0.01003082], ([0.0000000e+00 0.0000000e+00 6.8035362e-05 8.4128743e-04 1.0840425e-03]) 	 loss 7.993E-02 	 horizons 9.0
step 12060 	 return [0.00306018 0.00544795 0.00161946 0.00155046 0.        ], ([0.00036933 0.00082439 0.00064292 0.00039179 0.        ]) 	 loss 5.865E-02 	 horizons 9.0
step 12150 	 return [0.00391862 0.00280995 0.00078517 0.00099449 0.        ], ([0.00034143 0.00125487 0.00023978 0.00016227 0.        ]) 	 loss 6.524E-02 	 horizons 9.0
step 12240 	 return [0.         0.         0.0034101  0.00396333 0.011747  ], ([0.         0.         0.00103698 0.000154   0.00058959]) 	 loss 7.544E-02 	 horizons 9.0
step 12330 	 return [0.00386143 0.00567559 0.00075566 0.00111786 0.        ], ([0.00050268 0.00058054 0.00038701 0.00018628 0.        ]) 	 loss 1.156E-01 	 horizons 9.0
step 12420 	 return [0.         0.         0.00035797 0.00366739 0.01360506], ([0.000000e+00 0.000000e+00 0.000000e+00 0.000000e+00 9.313226e-10]) 	 loss 9.321E-02 	 horizons 9.0
step 12510 	 return [0.00283114 0.00497685 0.00169338 0.00136299 0.        ], ([0.00081438 0.00146698 0.00093718 0.00072725 0.        ]) 	 loss 7.453E-02 	 horizons 9.0
step 12600 	 return [0.         0.00842458 0.00721823 0.00215426 0.        ], ([0.0000000e+00 1.6881459e-04 6.9277128e-05 3.1513022e-04 0.0000000e+00]) 	 loss 9.525E-02 	 horizons 9.0
step 12690 	 return [0.         0.0087854  0.00702926 0.00106219 0.        ], ([0.         0.00087695 0.0004201  0.00044769 0.        ]) 	 loss 6.143E-02 	 horizons 9.0
step 12780 	 return [0.00132458 0.00819577 0.00275424 0.00195258 0.        ], ([0.00096978 0.00106782 0.00024612 0.00036976 0.        ]) 	 loss 5.474E-02 	 horizons 9.0
step 12870 	 return [0.00354916 0.00477424 0.00123829 0.00133712 0.        ], ([2.6935193e-05 1.0866416e-04 2.1335721e-04 3.4641944e-05 0.0000000e+00]) 	 loss 6.845E-02 	 horizons 9.0
step 12960 	 return [0.         0.         0.00575629 0.00193855 0.0111744 ], ([0.         0.         0.00081331 0.00131536 0.00130525]) 	 loss 7.101E-02 	 horizons 9.0
step 13050 	 return [0.00088819 0.00822087 0.00298977 0.00215717 0.        ], ([0.00108781 0.00090355 0.00081365 0.00014811 0.        ]) 	 loss 6.668E-02 	 horizons 9.0
step 13140 	 return [0.         0.         0.00627308 0.0061863  0.00641828], ([0.         0.         0.00040305 0.00048378 0.00038165]) 	 loss 6.758E-02 	 horizons 9.0
step 13230 	 return [0.         0.00251534 0.0081957  0.00380793 0.0032512 ], ([0.         0.00083893 0.00064461 0.00015312 0.00108376]) 	 loss 6.889E-02 	 horizons 9.0
step 13320 	 return [0.         0.         0.0061852  0.00768153 0.00596812], ([0.000000e+00 0.000000e+00 4.656613e-10 0.000000e+00 0.000000e+00]) 	 loss 5.517E-02 	 horizons 9.0
step 13410 	 return [0.00352895 0.00217387 0.00081016 0.00093968 0.        ], ([1.1764144e-03 9.1797928e-04 2.2607821e-04 4.1723364e-05 0.0000000e+00]) 	 loss 4.854E-02 	 horizons 9.0
step 13500 	 return [0.         0.00954448 0.00502463 0.00018829 0.        ], ([0.000000e+00 9.313226e-10 4.656613e-10 0.000000e+00 0.000000e+00]) 	 loss 6.200E-02 	 horizons 9.0
step 13590 	 return [0.00445624 0.00474543 0.00049025 0.00096283 0.        ], ([4.656613e-10 4.656613e-10 5.820766e-11 0.000000e+00 0.000000e+00]) 	 loss 5.467E-02 	 horizons 9.0
step 13680 	 return [0.00289596 0.0062555  0.00127906 0.0014979  0.        ], ([0.00033777 0.00116715 0.00071333 0.00031427 0.        ]) 	 loss 4.235E-02 	 horizons 9.0
step 13770 	 return [0.         0.         0.00565194 0.00521042 0.00807776], ([0.         0.         0.00090985 0.00024165 0.0006608 ]) 	 loss 5.167E-02 	 horizons 9.0
step 13860 	 return [0.00085713 0.00892191 0.00308532 0.0012198  0.        ], ([4.2856473e-04 6.9421704e-04 6.6425193e-05 3.6162694e-04 0.0000000e+00]) 	 loss 5.051E-02 	 horizons 9.0
step 13950 	 return [0.00356268 0.0051116  0.00119837 0.00133254 0.        ], ([5.9181821e-06 5.9377402e-04 2.9782657e-04 3.5618945e-05 0.0000000e+00]) 	 loss 5.770E-02 	 horizons 9.0
step 14040 	 return [0.         0.00934653 0.00661516 0.00127167 0.        ], ([0.         0.00048679 0.00029718 0.00037072 0.        ]) 	 loss 5.012E-02 	 horizons 9.0
step 14130 	 return [0.00252457 0.00645987 0.00196945 0.00177089 0.        ], ([0.00095473 0.00049909 0.00060728 0.00040155 0.        ]) 	 loss 4.218E-02 	 horizons 9.0
step 14220 	 return [0.00294087 0.0061991  0.0019655  0.0017657  0.        ], ([0.0005127  0.00029469 0.00060728 0.00040169 0.        ]) 	 loss 5.461E-02 	 horizons 9.0
step 14310 	 return [0.00199844 0.0072771  0.00258425 0.00218169 0.        ], ([6.6614512e-04 1.7570703e-04 2.5701013e-06 2.9868213e-06 0.0000000e+00]) 	 loss 4.067E-02 	 horizons 9.0
step 14400 	 return [0.         0.         0.00610687 0.00508959 0.00774736], ([0.000000e+00 0.000000e+00 4.656613e-10 4.656613e-10 4.656613e-10]) 	 loss 3.939E-02 	 horizons 9.0
step 14490 	 return [0.         0.         0.00598782 0.00133833 0.01175899], ([0.0000000e+00 0.0000000e+00 4.8247468e-05 8.7469752e-04 9.6417032e-04]) 	 loss 4.419E-02 	 horizons 9.0
step 14580 	 return [0.00399263 0.00647941 0.00043042 0.00064686 0.        ], ([3.2430398e-04 5.4420979e-04 7.5037242e-05 3.9065137e-04 0.0000000e+00]) 	 loss 3.872E-02 	 horizons 9.0
step 14670 	 return [0.         0.00954448 0.00502463 0.00018829 0.        ], ([0.000000e+00 9.313226e-10 4.656613e-10 0.000000e+00 0.000000e+00]) 	 loss 2.984E-02 	 horizons 9.0
step 14760 	 return [0.00391603 0.00195276 0.00083658 0.00093076 0.        ], ([1.5819774e-05 9.2641078e-04 2.0288574e-04 1.3521629e-05 0.0000000e+00]) 	 loss 2.712E-02 	 horizons 9.0
step 14850 	 return [0.00410403 0.00616952 0.00048727 0.00091521 0.        ], ([3.2811039e-04 3.3064984e-04 5.8634709e-05 2.6279269e-04 0.0000000e+00]) 	 loss 2.368E-02 	 horizons 9.0
step 14940 	 return [0.         0.         0.00383765 0.00399794 0.0115795 ], ([0.0000000e+00 0.0000000e+00 1.8822047e-04 8.7205612e-05 2.1831693e-05]) 	 loss 2.465E-02 	 horizons 9.0
step 15030 	 return [0.         0.         0.00621444 0.00322316 0.00910006], ([0.         0.         0.00030808 0.00056286 0.00159751]) 	 loss 2.891E-02 	 horizons 9.0
step 15120 	 return [0.         0.         0.00407293 0.00388893 0.01160679], ([0.0000000e+00 0.0000000e+00 2.1563366e-04 9.9906567e-05 2.5011343e-05]) 	 loss 3.773E-02 	 horizons 9.0
step 15210 	 return [0.         0.00944563 0.00648235 0.00142413 0.        ], ([0.0000000e+00 0.0000000e+00 4.6566129e-10 1.1641532e-10 0.0000000e+00]) 	 loss 3.052E-02 	 horizons 9.0
step 15300 	 return [0.00032162 0.00978234 0.00314777 0.00125253 0.        ], ([4.9127929e-04 7.4242934e-04 8.2434657e-05 3.5816836e-04 0.0000000e+00]) 	 loss 2.040E-02 	 horizons 9.0
step 15390 	 return [0.         0.00372709 0.00759658 0.00310112 0.00517247], ([0.0000000e+00 3.3093149e-06 2.9370133e-04 5.5799588e-05 3.8246720e-04]) 	 loss 2.312E-02 	 horizons 9.0
step 15480 	 return [0.00446132 0.00478208 0.00051149 0.00101986 0.        ], ([1.01668766e-05 7.32919216e-05 4.24778518e-05 1.14069255e-04
 0.00000000e+00]) 	 loss 3.506E-02 	 horizons 9.0
step 15570 	 return [0.         0.00372819 0.00769448 0.00308252 0.00529996], ([0.000000e+00 4.656613e-10 9.313226e-10 0.000000e+00 4.656613e-10]) 	 loss 2.691E-02 	 horizons 9.0
step 15660 	 return [0.         0.00570719 0.00795515 0.00288447 0.00053   ], ([0.         0.0019101  0.00077663 0.00079205 0.00158999]) 	 loss 1.982E-02 	 horizons 9.0
step 15750 	 return [0.         0.00420593 0.00718329 0.00378836 0.00412698], ([0.         0.00031275 0.00033465 0.00046208 0.00076789]) 	 loss 1.297E-01 	 horizons 9.0
step 15840 	 return [0.         0.00944563 0.00648235 0.00142413 0.        ], ([0.0000000e+00 0.0000000e+00 4.6566129e-10 1.1641532e-10 0.0000000e+00]) 	 loss 4.144E-02 	 horizons 9.0
step 15930 	 return [0.         0.         0.00496956 0.00539166 0.00857336], ([0.         0.         0.00113731 0.00030206 0.000826  ]) 	 loss 3.362E-02 	 horizons 9.0
step 16020 	 return [0.         0.         0.00612117 0.00489344 0.00785465], ([0.0000000e+00 0.0000000e+00 3.6657988e-05 5.4652389e-04 5.3378526e-04]) 	 loss 2.883E-02 	 horizons 9.0
step 16110 	 return [0.         0.         0.00610889 0.00490643 0.00791029], ([0.0000000e+00 0.0000000e+00 6.0766001e-06 5.4948067e-04 4.8880366e-04]) 	 loss 2.421E-02 	 horizons 9.0
step 16200 	 return [0.         0.00894267 0.00663878 0.00169739 0.        ], ([0.         0.00150888 0.00046929 0.00081976 0.        ]) 	 loss 1.347E-02 	 horizons 9.0
step 16290 	 return [0.         0.         0.0061852  0.00768153 0.00596812], ([0.000000e+00 0.000000e+00 4.656613e-10 0.000000e+00 0.000000e+00]) 	 loss 2.509E-02 	 horizons 9.0
step 16380 	 return [0.         0.         0.00612713 0.00325799 0.0093767 ], ([0.000000e+00 0.000000e+00 4.656613e-10 0.000000e+00 9.313226e-10]) 	 loss 1.492E-02 	 horizons 9.0
step 16470 	 return [0.         0.01034235 0.00310139 0.00088621 0.        ], ([0.0000000e+00 6.0533446e-05 1.4408625e-04 5.7337695e-04 0.0000000e+00]) 	 loss 1.485E-02 	 horizons 9.0
step 16560 	 return [0.         0.00969164 0.00322497 0.00164853 0.        ], ([0.         0.00076469 0.00073296 0.00037024 0.        ]) 	 loss 2.363E-02 	 horizons 9.0
step 16650 	 return [0.         0.01014632 0.00340708 0.00131767 0.        ], ([0.         0.00037155 0.0004343  0.00023743 0.        ]) 	 loss 2.360E-02 	 horizons 9.0
step 16740 	 return [0.         0.         0.0061852  0.00768153 0.00596812], ([0.000000e+00 0.000000e+00 4.656613e-10 0.000000e+00 0.000000e+00]) 	 loss 4.546E-02 	 horizons 9.0
step 16830 	 return [0.         0.         0.0061852  0.00768153 0.00596812], ([0.000000e+00 0.000000e+00 4.656613e-10 0.000000e+00 0.000000e+00]) 	 loss 2.658E-02 	 horizons 9.0
step 16920 	 return [0.         0.         0.0061251  0.00344115 0.00921377], ([0.0000000e+00 0.0000000e+00 6.0766001e-06 5.4948067e-04 4.8880366e-04]) 	 loss 3.913E-02 	 horizons 9.0
step 17010 	 return [0.         0.         0.00420379 0.00536665 0.00963821], ([0.         0.         0.00020889 0.0004458  0.00064351]) 	 loss 2.584E-02 	 horizons 9.0
step 17100 	 return [0.00096464 0.00851649 0.00305445 0.00144654 0.        ], ([0.00032155 0.00024275 0.00015498 0.00024982 0.        ]) 	 loss 2.649E-02 	 horizons 9.0
step 17190 	 return [0.00337237 0.00469006 0.00184759 0.00172475 0.        ], ([0.00031983 0.0003132  0.00056073 0.00035082 0.        ]) 	 loss 2.918E-02 	 horizons 9.0
step 17280 	 return [0.         0.         0.00596916 0.00068465 0.01234695], ([0.000000e+00 0.000000e+00 4.656613e-10 0.000000e+00 0.000000e+00]) 	 loss 4.060E-02 	 horizons 9.0
step 17370 	 return [0.00398557 0.00599673 0.00071985 0.00115985 0.        ], ([0.00060535 0.00071464 0.00031976 0.00033259 0.        ]) 	 loss 3.567E-02 	 horizons 9.0
step 17460 	 return [0.00400016 0.00609235 0.00067331 0.00126234 0.        ], ([4.1901300e-04 4.4021895e-04 2.2342408e-04 2.8421549e-05 0.0000000e+00]) 	 loss 6.929E-02 	 horizons 9.0
step 17550 	 return [0.00392181 0.00119697 0.00100245 0.00094227 0.        ], ([1.8700608e-05 6.1781617e-07 2.1810412e-07 4.6455534e-07 0.0000000e+00]) 	 loss 5.305E-02 	 horizons 9.0
step 17640 	 return [0.         0.         0.00610687 0.00508959 0.00774736], ([0.000000e+00 0.000000e+00 4.656613e-10 4.656613e-10 4.656613e-10]) 	 loss 4.669E-02 	 horizons 9.0
step 17730 	 return [0.00308276 0.00697639 0.00082115 0.00125725 0.        ], ([0.00052747 0.00085012 0.00041069 0.00039014 0.        ]) 	 loss 3.325E-02 	 horizons 9.0
step 17820 	 return [0.00357845 0.00494588 0.00153612 0.00158703 0.        ], ([2.2119613e-05 1.2339589e-04 3.5090643e-04 2.4224025e-04 0.0000000e+00]) 	 loss 3.976E-02 	 horizons 9.0
step 17910 	 return [0.         0.00441068 0.00696421 0.00409086 0.00362428], ([0.000000e+00 4.656613e-10 4.656613e-10 0.000000e+00 0.000000e+00]) 	 loss 2.088E-02 	 horizons 9.0
step 18000 	 return [0.00353637 0.00600536 0.00085268 0.00135013 0.        ], ([0.00011443 0.00077761 0.00038326 0.00015739 0.        ]) 	 loss 1.633E-02 	 horizons 9.0
step 18090 	 return [0.         0.         0.00610687 0.00508959 0.00774736], ([0.000000e+00 0.000000e+00 4.656613e-10 4.656613e-10 4.656613e-10]) 	 loss 1.096E-02 	 horizons 9.0
step 18180 	 return [0.00434992 0.00608017 0.00059686 0.00124883 0.        ], ([4.3914322e-05 3.8383558e-04 1.3744577e-07 2.7667267e-07 0.0000000e+00]) 	 loss 8.867E-03 	 horizons 9.0
step 18270 	 return [0.         0.         0.00428903 0.00515783 0.00986604], ([0.000000e+00 0.000000e+00 3.746934e-05 6.671495e-04 8.785591e-04]) 	 loss 4.625E-03 	 horizons 9.0
step 18360 	 return [0.00170289 0.00827314 0.00285868 0.00029018 0.        ], ([2.9261631e-04 2.3622156e-04 9.2825801e-05 3.3830467e-04 0.0000000e+00]) 	 loss 4.612E-03 	 horizons 9.0
step 18450 	 return [0.00065073 0.00794117 0.00279105 0.00186335 0.        ], ([0.00072734 0.00052193 0.00024972 0.00039412 0.        ]) 	 loss 5.203E-03 	 horizons 9.0
step 18540 	 return [0.00261596 0.00661439 0.00258266 0.00217986 0.        ], ([1.3182500e-04 2.0138138e-04 2.4272597e-07 2.7667267e-07 0.0000000e+00]) 	 loss 1.230E-02 	 horizons 9.0
step 18630 	 return [0.         0.         0.00413594 0.00391181 0.01137668], ([0.         0.         0.00023445 0.00026486 0.00073943]) 	 loss 1.127E-02 	 horizons 9.0
step 18720 	 return [0.         0.         0.00592696 0.00512978 0.0079153 ], ([0.         0.         0.00053973 0.00012054 0.00050382]) 	 loss 1.471E-02 	 horizons 9.0
step 18810 	 return [0.         0.         0.00575845 0.00353848 0.00960737], ([0.         0.         0.00074917 0.0006724  0.0006721 ]) 	 loss 3.328E-03 	 horizons 9.0
step 18900 	 return [0.         0.00143247 0.00955417 0.00617343 0.00061934], ([0.         0.00218813 0.00119731 0.00143356 0.00123868]) 	 loss 4.678E-03 	 horizons 9.0
step 18990 	 return [0.         0.00442239 0.00696884 0.00408357 0.00362453], ([0.00000000e+00 3.51372182e-05 1.38902105e-05 2.18703390e-05
 7.40960274e-07]) 	 loss 6.059E-03 	 horizons 9.0
step 19080 	 return [0.00273714 0.00649374 0.0025816  0.00217853 0.        ], ([2.3171755e-04 1.6057253e-04 2.9427467e-06 3.7126242e-06 0.0000000e+00]) 	 loss 6.475E-03 	 horizons 9.0
step 19170 	 return [0.00345277 0.00593184 0.00257269 0.0021673  0.        ], ([6.1435720e-05 2.4052933e-04 2.4265611e-07 2.7667275e-07 0.0000000e+00]) 	 loss 8.332E-03 	 horizons 9.0
step 19260 	 return [0.         0.00372819 0.00769448 0.00308252 0.00529996], ([0.000000e+00 4.656613e-10 9.313226e-10 0.000000e+00 4.656613e-10]) 	 loss 6.553E-03 	 horizons 9.0
step 19350 	 return [0.0026599  0.00654726 0.00258258 0.00217977 0.        ], ([0.0000000e+00 4.6566129e-10 2.3283064e-10 2.3283064e-10 0.0000000e+00]) 	 loss 9.651E-03 	 horizons 9.0
step 19440 	 return [0.00363708 0.00521025 0.00257196 0.00216647 0.        ], ([2.3283064e-10 0.0000000e+00 2.3283064e-10 2.3283064e-10 0.0000000e+00]) 	 loss 6.134E-03 	 horizons 9.0
step 19530 	 return [0.         0.00443517 0.00719    0.00408944 0.00289942], ([0.0000000e+00 4.8993526e-05 4.5157614e-04 2.8349457e-06 1.4497115e-03]) 	 loss 8.453E-03 	 horizons 9.0
step 19620 	 return [0.         0.00372819 0.00769448 0.00308252 0.00529996], ([0.000000e+00 4.656613e-10 9.313226e-10 0.000000e+00 4.656613e-10]) 	 loss 2.346E-02 	 horizons 9.0
step 19710 	 return [0.00296886 0.00633316 0.00257866 0.00217482 0.        ], ([3.7839310e-04 2.6221384e-04 4.8054849e-06 6.0626903e-06 0.0000000e+00]) 	 loss 5.858E-03 	 horizons 9.0
step 19800 	 return [0.         0.         0.00592696 0.00512978 0.0079153 ], ([0.         0.         0.00053973 0.00012054 0.00050382]) 	 loss 4.430E-03 	 horizons 9.0
step 19890 	 return [0.         0.         0.00430777 0.0054914  0.00942676], ([0.000000e+00 0.000000e+00 4.656613e-10 4.656613e-10 0.000000e+00]) 	 loss 6.480E-03 	 horizons 9.0
step 19980 	 return [0.         0.00388811 0.00755769 0.00326961 0.00496531], ([0.         0.00031984 0.00027359 0.00037417 0.00066928]) 	 loss 5.361E-03 	 horizons 9.0
step 20070 	 return [0.0026599  0.00654726 0.00258258 0.00217977 0.        ], ([0.0000000e+00 4.6566129e-10 2.3283064e-10 2.3283064e-10 0.0000000e+00]) 	 loss 4.027E-03 	 horizons 9.0
step 20160 	 return [0.         0.00224501 0.007143   0.00363388 0.0048838 ], ([0.         0.00142108 0.00061853 0.00033673 0.00112178]) 	 loss 8.381E-03 	 horizons 9.0
step 20250 	 return [0.         0.00020249 0.00610557 0.0023798  0.01037688], ([0.         0.00060748 0.0002034  0.00105987 0.00189766]) 	 loss 5.713E-02 	 horizons 9.0
step 20340 	 return [0.         0.         0.00610687 0.00508959 0.00774736], ([0.000000e+00 0.000000e+00 4.656613e-10 4.656613e-10 4.656613e-10]) 	 loss 1.879E-02 	 horizons 9.0
step 20430 	 return [0.         0.00441068 0.00696421 0.00409086 0.00362428], ([0.000000e+00 4.656613e-10 4.656613e-10 0.000000e+00 0.000000e+00]) 	 loss 9.438E-03 	 horizons 9.0
step 20520 	 return [0.         0.00161994 0.00665348 0.00345423 0.00657716], ([0.         0.00080997 0.00025353 0.00054428 0.00178606]) 	 loss 8.512E-03 	 horizons 9.0
step 20610 	 return [0.00118664 0.0084451  0.00304957 0.00145311 0.        ], ([0.00034462 0.00041064 0.00015586 0.00024357 0.        ]) 	 loss 1.015E-02 	 horizons 9.0
step 20700 	 return [0.         0.         0.0061852  0.00768153 0.00596812], ([0.000000e+00 0.000000e+00 4.656613e-10 0.000000e+00 0.000000e+00]) 	 loss 1.210E-02 	 horizons 9.0
step 20790 	 return [0.         0.00805902 0.0035923  0.00220704 0.        ], ([0.0000000e+00 2.6485580e-04 1.2209916e-03 1.4557433e-05 0.0000000e+00]) 	 loss 7.207E-03 	 horizons 9.0
step 20880 	 return [0.         0.00441068 0.00696421 0.00409086 0.00362428], ([0.000000e+00 4.656613e-10 4.656613e-10 0.000000e+00 0.000000e+00]) 	 loss 1.032E-02 	 horizons 9.0
step 20970 	 return [0.         0.00366654 0.00719409 0.0035928  0.0047959 ], ([0.         0.00086165 0.00042407 0.00045111 0.0010036 ]) 	 loss 9.014E-03 	 horizons 9.0
step 21060 	 return [0.00058492 0.00909392 0.00103386 0.00145667 0.        ], ([0.00083931 0.00108642 0.00091024 0.00024121 0.        ]) 	 loss 2.510E-02 	 horizons 9.0
step 21150 	 return [0.         0.         0.00613873 0.00634755 0.00654549], ([0.000000e+00 0.000000e+00 4.656613e-10 4.656613e-10 4.656613e-10]) 	 loss 2.004E-02 	 horizons 9.0
step 21240 	 return [0.         0.         0.00460454 0.00394021 0.01102498], ([0.         0.         0.00078089 0.00023337 0.00119636]) 	 loss 1.103E-02 	 horizons 9.0
step 21330 	 return [0.         0.0021948  0.00668486 0.00362741 0.00613276], ([0.0000000e+00 5.0961174e-04 2.9255636e-05 1.8820363e-04 1.5282025e-05]) 	 loss 1.819E-02 	 horizons 9.0
step 21420 	 return [0.00343229 0.00601202 0.00257277 0.00216739 0.        ], ([2.3283064e-10 0.0000000e+00 0.0000000e+00 2.3283064e-10 0.0000000e+00]) 	 loss 2.741E-02 	 horizons 9.0
step 21510 	 return [0.         0.00441068 0.00696421 0.00409086 0.00362428], ([0.000000e+00 4.656613e-10 4.656613e-10 0.000000e+00 0.000000e+00]) 	 loss 2.162E-02 	 horizons 9.0
step 21600 	 return [0.00222048 0.00721853 0.00258339 0.00218069 0.        ], ([0.0000000e+00 4.6566129e-10 2.3283064e-10 2.3283064e-10 0.0000000e+00]) 	 loss 1.896E-02 	 horizons 9.0
step 21690 	 return [0.         0.00446924 0.00698736 0.00405441 0.00362551], ([0.0000000e+00 5.8562029e-05 2.3150353e-05 3.6450569e-05 1.2349337e-06]) 	 loss 9.893E-03 	 horizons 9.0
step 21780 	 return [0.00363708 0.00521025 0.00257196 0.00216647 0.        ], ([2.3283064e-10 0.0000000e+00 2.3283064e-10 2.3283064e-10 0.0000000e+00]) 	 loss 1.945E-02 	 horizons 9.0
step 21870 	 return [0.         0.         0.00586538 0.00109564 0.01217792], ([0.         0.         0.00044177 0.00054453 0.00024371]) 	 loss 1.484E-02 	 horizons 9.0
step 21960 	 return [0.         0.00372364 0.00677263 0.0030628  0.0061786 ], ([0.0000000e+00 0.0000000e+00 9.3132257e-10 2.3283064e-10 4.6566129e-10]) 	 loss 5.262E-02 	 horizons 9.0
step 22050 	 return [0.         0.         0.00613873 0.00634755 0.00654549], ([0.000000e+00 0.000000e+00 4.656613e-10 4.656613e-10 4.656613e-10]) 	 loss 4.014E-02 	 horizons 9.0
step 22140 	 return [0.00411028 0.00593688 0.00076442 0.00135519 0.        ], ([0.00034042 0.00047195 0.00035804 0.00015655 0.        ]) 	 loss 1.915E-02 	 horizons 9.0
step 22230 	 return [0.         0.         0.00615442 0.00454348 0.00845528], ([0.0000000e+00 0.0000000e+00 2.3775547e-05 2.7305671e-04 3.5396201e-04]) 	 loss 2.309E-02 	 horizons 9.0
step 22320 	 return [0.         0.         0.00430777 0.0054914  0.00942676], ([0.000000e+00 0.000000e+00 4.656613e-10 4.656613e-10 0.000000e+00]) 	 loss 2.150E-02 	 horizons 9.0
step 22410 	 return [0.         0.00372364 0.00677263 0.0030628  0.0061786 ], ([0.0000000e+00 0.0000000e+00 9.3132257e-10 2.3283064e-10 4.6566129e-10]) 	 loss 1.821E-02 	 horizons 9.0
step 22500 	 return [0.         0.00372819 0.00769448 0.00308252 0.00529996], ([0.000000e+00 4.656613e-10 9.313226e-10 0.000000e+00 4.656613e-10]) 	 loss 1.503E-02 	 horizons 9.0
step 22590 	 return [0.00222048 0.00721853 0.00258339 0.00218069 0.        ], ([0.0000000e+00 4.6566129e-10 2.3283064e-10 2.3283064e-10 0.0000000e+00]) 	 loss 2.707E-02 	 horizons 9.0
step 22680 	 return [0.         0.         0.00586731 0.00073042 0.01234036], ([0.0000000e+00 0.0000000e+00 4.4240282e-04 1.3186697e-04 8.1645048e-05]) 	 loss 1.283E-02 	 horizons 9.0
step 22770 	 return [0.         0.         0.00421409 0.00382353 0.01162316], ([0.000000e+00 0.000000e+00 4.656613e-10 0.000000e+00 9.313226e-10]) 	 loss 3.543E-02 	 horizons 9.0
step 22860 	 return [0.         0.00446924 0.00698736 0.00405441 0.00362551], ([0.0000000e+00 5.8562029e-05 2.3150353e-05 3.6450569e-05 1.2349337e-06]) 	 loss 1.036E-02 	 horizons 9.0
step 22950 	 return [0.         0.00446924 0.00698736 0.00405441 0.00362551], ([0.0000000e+00 5.8562029e-05 2.3150351e-05 3.6450569e-05 1.2349337e-06]) 	 loss 1.495E-02 	 horizons 9.0
step 23040 	 return [0.         0.         0.00610687 0.00508959 0.00774736], ([0.000000e+00 0.000000e+00 4.656613e-10 4.656613e-10 4.656613e-10]) 	 loss 1.772E-02 	 horizons 9.0
step 23130 	 return [0.         0.00507472 0.00648901 0.00376922 0.00326333], ([0.         0.00175866 0.00151833 0.00081978 0.00108778]) 	 loss 2.147E-02 	 horizons 9.0
step 23220 	 return [0.00433528 0.00620811 0.0005969  0.00124892 0.        ], ([4.6566129e-10 0.0000000e+00 5.8207661e-11 1.1641532e-10 0.0000000e+00]) 	 loss 4.257E-02 	 horizons 9.0
step 23310 	 return [0.00302477 0.0050921  0.00203461 0.00192315 0.        ], ([0.00064044 0.0003296  0.00068689 0.00029763 0.        ]) 	 loss 3.475E-02 	 horizons 9.0
step 23400 	 return [0.         0.00372364 0.00677263 0.0030628  0.0061786 ], ([0.0000000e+00 0.0000000e+00 9.3132257e-10 2.3283064e-10 4.6566129e-10]) 	 loss 6.154E-02 	 horizons 9.0
step 23490 	 return [0.00107223 0.00869539 0.00313716 0.00130509 0.        ], ([1.1641532e-10 0.0000000e+00 2.3283064e-10 1.1641532e-10 0.0000000e+00]) 	 loss 3.032E-02 	 horizons 9.0
step 23580 	 return [0.00311602 0.00625893 0.00237705 0.00207865 0.        ], ([0.0007287  0.00058453 0.00059043 0.00027039 0.        ]) 	 loss 2.593E-02 	 horizons 9.0
step 23670 	 return [0.00222048 0.00721853 0.00258339 0.00218069 0.        ], ([0.0000000e+00 4.6566129e-10 2.3283064e-10 2.3283064e-10 0.0000000e+00]) 	 loss 2.404E-02 	 horizons 9.0
step 23760 	 return [0.00296323 0.0063989  0.00237602 0.00209018 0.        ], ([0.0007227  0.00066964 0.00060007 0.00024408 0.        ]) 	 loss 2.142E-02 	 horizons 9.0
step 23850 	 return [0.         0.         0.00430462 0.00364657 0.01161733], ([0.         0.         0.00062672 0.00058263 0.00010444]) 	 loss 2.407E-02 	 horizons 9.0
step 23940 	 return [0.         0.00044107 0.0061926  0.00498972 0.00733505], ([0.         0.0013232  0.0002572  0.00029962 0.00123692]) 	 loss 3.703E-02 	 horizons 9.0
step 24030 	 return [0.         0.00446924 0.00698736 0.00405441 0.00362551], ([0.0000000e+00 5.8562029e-05 2.3150351e-05 3.6450569e-05 1.2349337e-06]) 	 loss 1.946E-02 	 horizons 9.0
step 24120 	 return [0.         0.0045278  0.00701051 0.00401796 0.00362675], ([0.000000e+00 0.000000e+00 4.656613e-10 0.000000e+00 0.000000e+00]) 	 loss 2.162E-02 	 horizons 9.0
step 24210 	 return [0.00222048 0.00721853 0.00258339 0.00218069 0.        ], ([0.0000000e+00 4.6566129e-10 2.3283064e-10 2.3283064e-10 0.0000000e+00]) 	 loss 2.085E-02 	 horizons 9.0
step 24300 	 return [0.         0.00372364 0.00677263 0.0030628  0.0061786 ], ([0.0000000e+00 0.0000000e+00 9.3132257e-10 2.3283064e-10 4.6566129e-10]) 	 loss 2.278E-02 	 horizons 9.0
step 24390 	 return [0.         0.0045278  0.00701051 0.00401796 0.00362675], ([0.000000e+00 0.000000e+00 4.656613e-10 0.000000e+00 0.000000e+00]) 	 loss 2.193E-02 	 horizons 9.0
step 24480 	 return [0.00439383 0.00569633 0.00059672 0.00124856 0.        ], ([7.1711795e-05 6.2680087e-04 2.2444797e-07 4.5180454e-07 0.0000000e+00]) 	 loss 1.843E-02 	 horizons 9.0
step 24570 	 return [0.00343229 0.00601202 0.00257277 0.00216739 0.        ], ([2.3283064e-10 0.0000000e+00 0.0000000e+00 2.3283064e-10 0.0000000e+00]) 	 loss 2.157E-02 	 horizons 9.0
step 24660 	 return [0.         0.00779361 0.00553709 0.00178586 0.00142267], ([0.         0.00292602 0.00211748 0.00135757 0.00221568]) 	 loss 2.344E-02 	 horizons 9.0
step 24750 	 return [0.00074799 0.00899437 0.00186645 0.00132356 0.        ], ([4.8969587e-04 5.8883271e-04 1.2707406e-03 3.8986782e-05 0.0000000e+00]) 	 loss 4.584E-02 	 horizons 9.0
step 24840 	 return [0.         0.00020249 0.00619341 0.00460833 0.00802784], ([0.         0.00060748 0.00016299 0.00044411 0.00075842]) 	 loss 3.029E-02 	 horizons 9.0
step 24930 	 return [0.         0.00372364 0.00677263 0.0030628  0.0061786 ], ([0.0000000e+00 0.0000000e+00 9.3132257e-10 2.3283064e-10 4.6566129e-10]) 	 loss 2.740E-02 	 horizons 9.0
step 25020 	 return [0.         0.         0.00601478 0.00068647 0.01236758], ([0.000000e+00 0.000000e+00 4.656613e-10 5.820766e-11 0.000000e+00]) 	 loss 2.138E-02 	 horizons 9.0
step 25110 	 return [0.         0.         0.00617275 0.00326391 0.00938683], ([0.000000e+00 0.000000e+00 4.656613e-10 4.656613e-10 9.313226e-10]) 	 loss 3.050E-02 	 horizons 9.0
step 25200 	 return [0.         0.00020249 0.00594845 0.00128092 0.01142967], ([0.         0.00060748 0.00046304 0.00118898 0.00199986]) 	 loss 2.961E-02 	 horizons 9.0
step 25290 	 return [0.00342164 0.0067455  0.00059954 0.00126923 0.        ], ([1.8627557e-04 5.7494844e-04 1.0133198e-05 2.2551585e-05 0.0000000e+00]) 	 loss 2.216E-02 	 horizons 9.0
step 25380 	 return [0.         0.00372364 0.00677263 0.0030628  0.0061786 ], ([0.0000000e+00 0.0000000e+00 9.3132257e-10 2.3283064e-10 4.6566129e-10]) 	 loss 1.737E-02 	 horizons 9.0
step 25470 	 return [0.         0.         0.00601092 0.0014169  0.01204269], ([0.0000000e+00 0.0000000e+00 3.1545333e-06 5.9639564e-04 2.6526779e-04]) 	 loss 2.013E-02 	 horizons 9.0
step 25560 	 return [0.         0.         0.00613873 0.00634755 0.00654549], ([0.000000e+00 0.000000e+00 4.656613e-10 4.656613e-10 4.656613e-10]) 	 loss 2.604E-02 	 horizons 9.0
step 25650 	 return [0.00363708 0.00521025 0.00257196 0.00216647 0.        ], ([2.3283064e-10 0.0000000e+00 2.3283064e-10 2.3283064e-10 0.0000000e+00]) 	 loss 1.572E-02 	 horizons 9.0
step 25740 	 return [0.         0.         0.00600834 0.00190385 0.0118261 ], ([0.0000000e+00 0.0000000e+00 4.6566129e-10 2.3283064e-10 9.3132257e-10]) 	 loss 1.148E-02 	 horizons 9.0
step 25830 	 return [0.         0.00372819 0.00769448 0.00308252 0.00529996], ([0.000000e+00 4.656613e-10 9.313226e-10 0.000000e+00 4.656613e-10]) 	 loss 1.622E-02 	 horizons 9.0
step 25920 	 return [0.00451975 0.00493123 0.00059669 0.00124849 0.        ], ([4.6566129e-10 4.6566129e-10 0.0000000e+00 1.1641532e-10 0.0000000e+00]) 	 loss 1.744E-02 	 horizons 9.0
step 26010 	 return [0.         0.00372546 0.00714137 0.00307069 0.00582714], ([0.0000000e+00 2.2324461e-06 4.5161293e-04 9.6640097e-06 4.3044734e-04]) 	 loss 3.902E-02 	 horizons 9.0
step 26100 	 return [0.         0.0045278  0.00701051 0.00401796 0.00362675], ([0.000000e+00 0.000000e+00 4.656613e-10 0.000000e+00 0.000000e+00]) 	 loss 2.939E-02 	 horizons 9.0
step 26190 	 return [0.00261596 0.00661439 0.00258266 0.00217986 0.        ], ([1.3182500e-04 2.0138138e-04 2.4272597e-07 2.7667267e-07 0.0000000e+00]) 	 loss 2.831E-02 	 horizons 9.0
step 26280 	 return [0.00343229 0.00601202 0.00257277 0.00216739 0.        ], ([2.3283064e-10 0.0000000e+00 0.0000000e+00 2.3283064e-10 0.0000000e+00]) 	 loss 1.589E-02 	 horizons 9.0
step 26370 	 return [0.         0.         0.00613873 0.00634755 0.00654549], ([0.000000e+00 0.000000e+00 4.656613e-10 4.656613e-10 4.656613e-10]) 	 loss 8.751E-03 	 horizons 9.0
step 26460 	 return [0.00343229 0.00601202 0.00257277 0.00216739 0.        ], ([2.3283064e-10 0.0000000e+00 0.0000000e+00 2.3283064e-10 0.0000000e+00]) 	 loss 1.028E-02 	 horizons 9.0
step 26550 	 return [0.00222048 0.00721853 0.00258339 0.00218069 0.        ], ([0.0000000e+00 4.6566129e-10 2.3283064e-10 2.3283064e-10 0.0000000e+00]) 	 loss 1.304E-02 	 horizons 9.0
step 26640 	 return [0.0026599  0.00654726 0.00258258 0.00217977 0.        ], ([0.0000000e+00 4.6566129e-10 2.3283064e-10 2.3283064e-10 0.0000000e+00]) 	 loss 1.658E-02 	 horizons 9.0
step 26730 	 return [0.         0.00795335 0.00259687 0.00219802 0.        ], ([0.0000000e+00 1.8421467e-04 4.4779854e-06 5.9960412e-06 0.0000000e+00]) 	 loss 2.400E-02 	 horizons 9.0
step 26820 	 return [0.         0.00372364 0.00677263 0.0030628  0.0061786 ], ([0.0000000e+00 0.0000000e+00 9.3132257e-10 2.3283064e-10 4.6566129e-10]) 	 loss 2.026E-02 	 horizons 9.0
step 26910 	 return [0.00333153 0.00653674 0.00060416 0.00126447 0.        ], ([7.5782195e-04 6.3078251e-04 3.1115260e-06 6.7860387e-06 0.0000000e+00]) 	 loss 9.772E-03 	 horizons 9.0
step 27000 	 return [0.00433528 0.00620811 0.0005969  0.00124892 0.        ], ([4.6566129e-10 0.0000000e+00 5.8207661e-11 1.1641532e-10 0.0000000e+00]) 	 loss 2.904E-02 	 horizons 9.0
step 27090 	 return [0.         0.         0.00597451 0.00458366 0.00862322], ([0.         0.         0.00055586 0.00036466 0.00037596]) 	 loss 7.237E-03 	 horizons 9.0
step 27180 	 return [0.         0.         0.00613873 0.00634755 0.00654549], ([0.000000e+00 0.000000e+00 4.656613e-10 4.656613e-10 4.656613e-10]) 	 loss 5.764E-03 	 horizons 9.0
step 27270 	 return [0.00343229 0.00601202 0.00257277 0.00216739 0.        ], ([2.3283064e-10 0.0000000e+00 0.0000000e+00 2.3283064e-10 0.0000000e+00]) 	 loss 7.891E-03 	 horizons 9.0
step 27360 	 return [0.         0.         0.00616631 0.00440695 0.00863226], ([0.000000e+00 0.000000e+00 0.000000e+00 4.656613e-10 9.313226e-10]) 	 loss 6.551E-03 	 horizons 9.0
step 27450 	 return [0.         0.         0.00616036 0.00447522 0.00854377], ([0.0000000e+00 0.0000000e+00 1.7831662e-05 2.0479252e-04 2.6547149e-04]) 	 loss 4.275E-03 	 horizons 9.0
step 27540 	 return [0.00433528 0.00620811 0.0005969  0.00124892 0.        ], ([4.6566129e-10 0.0000000e+00 5.8207661e-11 1.1641532e-10 0.0000000e+00]) 	 loss 4.956E-03 	 horizons 9.0
step 27630 	 return [0.         0.         0.00610687 0.00508959 0.00774736], ([0.000000e+00 0.000000e+00 4.656613e-10 4.656613e-10 4.656613e-10]) 	 loss 1.160E-02 	 horizons 9.0
step 27720 	 return [0.00448928 0.00492917 0.00059649 0.0012481  0.        ], ([1.5234389e-05 1.0302291e-06 9.7486200e-08 1.9422733e-07 0.0000000e+00]) 	 loss 5.450E-03 	 horizons 9.0
step 27810 	 return [0.00327781 0.00611907 0.00257473 0.00216987 0.        ], ([3.0895669e-04 2.1409671e-04 3.9236620e-06 4.9501655e-06 0.0000000e+00]) 	 loss 9.323E-03 	 horizons 9.0
step 27900 	 return [0.00413491 0.00489249 0.00059441 0.00124385 0.        ], ([4.6566129e-10 4.6566129e-10 5.8207661e-11 1.1641532e-10 0.0000000e+00]) 	 loss 2.419E-02 	 horizons 9.0
step 27990 	 return [0.         0.00372819 0.00769448 0.00308252 0.00529996], ([0.000000e+00 4.656613e-10 9.313226e-10 0.000000e+00 4.656613e-10]) 	 loss 4.634E-02 	 horizons 9.0
step 28080 	 return [0.         0.         0.00613873 0.00634755 0.00654549], ([0.000000e+00 0.000000e+00 4.656613e-10 4.656613e-10 4.656613e-10]) 	 loss 2.854E-02 	 horizons 9.0
step 28170 	 return [0.         0.00449266 0.00699662 0.00403983 0.00362601], ([0.0000000e+00 5.3672986e-05 2.1217646e-05 3.3407501e-05 1.1318355e-06]) 	 loss 1.025E-02 	 horizons 9.0
step 28260 	 return [0.         0.00372364 0.00677263 0.0030628  0.0061786 ], ([0.0000000e+00 0.0000000e+00 9.3132257e-10 2.3283064e-10 4.6566129e-10]) 	 loss 1.419E-02 	 horizons 9.0
step 28350 	 return [0.         0.00451609 0.00700588 0.00402525 0.0036265 ], ([0.0000000e+00 3.5137218e-05 1.3890210e-05 2.1870344e-05 7.4096022e-07]) 	 loss 7.807E-03 	 horizons 9.0
step 28440 	 return [0.         0.00436788 0.0071473  0.00383087 0.00396139], ([0.         0.00031984 0.00027359 0.00037417 0.00066928]) 	 loss 1.016E-02 	 horizons 9.0
step 28530 	 return [0.00343229 0.00601202 0.00257277 0.00216739 0.        ], ([2.3283064e-10 0.0000000e+00 0.0000000e+00 2.3283064e-10 0.0000000e+00]) 	 loss 1.335E-02 	 horizons 9.0
step 28620 	 return [0.0026599  0.00654726 0.00258258 0.00217977 0.        ], ([0.0000000e+00 4.6566129e-10 2.3283064e-10 2.3283064e-10 0.0000000e+00]) 	 loss 1.462E-02 	 horizons 9.0
step 28710 	 return [0.00106708 0.00858312 0.0021273  0.00129608 0.        ], ([6.3161956e-06 1.3751010e-04 1.2368126e-03 1.1041323e-05 0.0000000e+00]) 	 loss 1.058E-02 	 horizons 9.0
step 28800 	 return [0.         0.0045278  0.00701051 0.00401796 0.00362675], ([0.000000e+00 0.000000e+00 4.656613e-10 0.000000e+00 0.000000e+00]) 	 loss 1.501E-02 	 horizons 9.0
step 28890 	 return [0.         0.         0.00610687 0.00508959 0.00774736], ([0.000000e+00 0.000000e+00 4.656613e-10 4.656613e-10 4.656613e-10]) 	 loss 1.980E-02 	 horizons 9.0
step 28980 	 return [0.0026599  0.00654726 0.00258258 0.00217977 0.        ], ([0.0000000e+00 4.6566129e-10 2.3283064e-10 2.3283064e-10 0.0000000e+00]) 	 loss 1.197E-02 	 horizons 9.0
step 29070 	 return [0.00343229 0.00601202 0.00257277 0.00216739 0.        ], ([2.3283064e-10 0.0000000e+00 0.0000000e+00 2.3283064e-10 0.0000000e+00]) 	 loss 8.977E-03 	 horizons 9.0
step 29160 	 return [0.         0.         0.0061852  0.00768153 0.00596812], ([0.000000e+00 0.000000e+00 4.656613e-10 0.000000e+00 0.000000e+00]) 	 loss 1.029E-02 	 horizons 9.0
step 29250 	 return [0.         0.0045278  0.00701051 0.00401796 0.00362675], ([0.000000e+00 0.000000e+00 4.656613e-10 0.000000e+00 0.000000e+00]) 	 loss 9.162E-03 	 horizons 9.0
step 29340 	 return [0.         0.         0.00600899 0.00178212 0.01188025], ([0.0000000e+00 0.0000000e+00 1.9317495e-06 3.6521620e-04 1.6244267e-04]) 	 loss 1.168E-02 	 horizons 9.0
step 29430 	 return [0.         0.         0.00611876 0.00495307 0.00792434], ([0.0000000e+00 0.0000000e+00 2.3775550e-05 2.7305671e-04 3.5396195e-04]) 	 loss 2.021E-02 	 horizons 9.0
step 29520 	 return [0.         0.         0.00610763 0.00259815 0.01041669], ([0.0000000e+00 0.0000000e+00 7.9773657e-05 8.8091113e-04 1.2699964e-03]) 	 loss 2.001E-02 	 horizons 9.0
step 29610 	 return [0.00343229 0.00601202 0.00257277 0.00216739 0.        ], ([2.3283064e-10 0.0000000e+00 0.0000000e+00 2.3283064e-10 0.0000000e+00]) 	 loss 3.314E-02 	 horizons 9.0
step 29700 	 return [0.0026599  0.00654726 0.00258258 0.00217977 0.        ], ([0.0000000e+00 4.6566129e-10 2.3283064e-10 2.3283064e-10 0.0000000e+00]) 	 loss 1.751E-02 	 horizons 9.0
step 29790 	 return [0.         0.00372364 0.00677263 0.0030628  0.0061786 ], ([0.0000000e+00 0.0000000e+00 9.3132257e-10 2.3283064e-10 4.6566129e-10]) 	 loss 1.190E-02 	 horizons 9.0
step 29880 	 return [0.         0.00372364 0.00677263 0.0030628  0.0061786 ], ([0.0000000e+00 0.0000000e+00 9.3132257e-10 2.3283064e-10 4.6566129e-10]) 	 loss 1.108E-02 	 horizons 9.0
step 29970 	 return [0.0035712  0.00620651 0.00057922 0.0013142  0.        ], ([2.1688179e-06 6.0644958e-05 1.5381887e-05 3.4629546e-05 0.0000000e+00]) 	 loss 1.049E-02 	 horizons 9.0
step 30060 	 return [0.00363708 0.00521025 0.00257196 0.00216647 0.        ], ([2.3283064e-10 0.0000000e+00 2.3283064e-10 2.3283064e-10 0.0000000e+00]) 	 loss 1.569E-02 	 horizons 9.0
[1;34mwandb[0m: 
[1;34mwandb[0m: 🚀 View run [33mmotndp_amsterdam-v0__GCN-amsterdam-g5-spatiotemporal__42__1781505099[0m at: [34mhttps://wandb.ai/jingyuan-sun03-tu-delft/cl_ablation/runs/q1l44deo[0m
[1;34mwandb[0m: Find logs at: [1;35mwandb/run-20260615_083139-q1l44deo/logs[0m
