/home/SinJ/mo-transport-network-design/.venv/lib/python3.13/site-packages/pygame/pkgdata.py:25: UserWarning: pkg_resources is deprecated as an API. See https://setuptools.pypa.io/en/latest/pkg_resources.html. The pkg_resources package is slated for removal as early as 2025-11-30. Refrain from using this package or pin to Setuptools<81.
  from pkg_resources import resource_stream, resource_exists
wandb: [wandb.login()] Loaded credentials for https://api.wandb.ai from /home/SinJ/.netrc.
wandb: Currently logged in as: jingyuan-sun03 (jingyuan-sun03-tu-delft) to https://api.wandb.ai. Use `wandb login --relogin` to force relogin
wandb: setting up run kbp3y596
wandb: Tracking run with wandb version 0.27.2
wandb: Run data is saved locally in /home/SinJ/mo-transport-network-design/wandb/run-20260615_073423-kbp3y596
wandb: Run `wandb offline` to turn off syncing.
wandb: Syncing run motndp_amsterdam-v0__GCN-amsterdam-g5-temporal__1024__1781501662
wandb: ⭐️ View project at https://wandb.ai/jingyuan-sun03-tu-delft/cl_ablation
wandb: 🚀 View run at https://wandb.ai/jingyuan-sun03-tu-delft/cl_ablation/runs/kbp3y596
/home/SinJ/mo-transport-network-design/morl-baselines/morl_baselines/multi_policy/gcn/gcn.py:151: UserWarning: Creating a tensor from a list of numpy.ndarrays is extremely slow. Please consider converting the list to a single numpy.ndarray with numpy.array() before converting to a tensor. (Triggered internally at /pytorch/torch/csrc/utils/tensor_new.cpp:253.)
  th.tensor(obs).to(self.device),
Namespace(env='amsterdam', nr_groups=5, starting_loc_x=9, starting_loc_y=19, nr_stations=10, lr=0.01, batch_size=256, num_er_episodes=100, num_step_episodes=10, num_model_updates=10, num_policies=10, max_buffer_size=200, nr_layers=1, hidden_dim=128, timesteps=30000, no_log=False, seed=1024, cd_threshold=0.2, distance_ref='interpolate2', gcn_lambda=0.0, lambda_schedule='cosine', lambda_start=1.0, lambda_end=0.0, lambda_warmup_fraction=0.1, lambda_freeze_fraction=0.1, spatial_alpha=0.0, include_demand_context=False, criterion='lorenz', nash_mode='pareto_sized', nash_top_k=None, nash_shift=0.0, project_name='cl_ablation', experiment_name='GCN-amsterdam-g5-temporal', wandb_entity=None)
step 990 	 return [0.         0.00048176 0.00079673 0.00119493 0.        ], ([0.         0.00079836 0.00119093 0.00148586 0.        ]) 	 loss 2.019E+00 	 horizons 9.0
step 1080 	 return [0.00041984 0.00121464 0.00152613 0.00129631 0.        ], ([0.00095761 0.00126189 0.00218895 0.00143499 0.        ]) 	 loss 1.879E+00 	 horizons 9.0
step 1170 	 return [0.00023178 0.00190131 0.00236993 0.00143635 0.0003774 ], ([0.00069535 0.002042   0.00296713 0.00139072 0.0007759 ]) 	 loss 1.461E+00 	 horizons 9.0
step 1260 	 return [0.00033227 0.00122298 0.00156147 0.00156863 0.0013911 ], ([0.0005394  0.00166702 0.00171356 0.00076957 0.00172082]) 	 loss 1.244E+00 	 horizons 9.0
step 1350 	 return [0.00024575 0.00215214 0.00140538 0.0019811  0.00235716], ([0.00073724 0.00227386 0.0013488  0.00164066 0.00309088]) 	 loss 1.160E+00 	 horizons 9.0
step 1440 	 return [0.00068648 0.00082765 0.0003969  0.00083578 0.        ], ([0.00137543 0.00109247 0.00032948 0.00122154 0.        ]) 	 loss 1.098E+00 	 horizons 9.0
step 1530 	 return [0.0007129  0.0024903  0.0005026  0.00046445 0.        ], ([0.00109478 0.00278375 0.00034999 0.00034334 0.        ]) 	 loss 1.067E+00 	 horizons 9.0
step 1620 	 return [0.         0.0026586  0.00238876 0.00155445 0.0013244 ], ([0.         0.00313345 0.00194169 0.00109098 0.00206674]) 	 loss 1.033E+00 	 horizons 9.0
step 1710 	 return [0.         0.0002632  0.00124487 0.00309333 0.00124292], ([0.         0.00057898 0.00112276 0.0009464  0.0017251 ]) 	 loss 1.003E+00 	 horizons 9.0
step 1800 	 return [0.         0.         0.00476846 0.00265958 0.00552848], ([0.         0.         0.00234094 0.00083769 0.00232495]) 	 loss 1.009E+00 	 horizons 9.0
step 1890 	 return [0.00173656 0.00202144 0.00038936 0.00044816 0.        ], ([0.00126366 0.00131158 0.00013528 0.00031853 0.        ]) 	 loss 9.938E-01 	 horizons 9.0
step 1980 	 return [0.         0.         0.00562786 0.00300353 0.00492586], ([0.         0.         0.00237241 0.00103918 0.00295826]) 	 loss 9.518E-01 	 horizons 9.0
step 2070 	 return [0.         0.         0.00493956 0.00330831 0.00502881], ([0.         0.         0.00217363 0.00142547 0.00262811]) 	 loss 9.281E-01 	 horizons 9.0
step 2160 	 return [0.00249342 0.00269833 0.00043692 0.00077569 0.        ], ([0.00140633 0.00119993 0.0001038  0.00035594 0.        ]) 	 loss 8.891E-01 	 horizons 9.0
step 2250 	 return [0.00233313 0.00291979 0.00069491 0.00074117 0.        ], ([0.00167116 0.0022803  0.0007122  0.00027235 0.        ]) 	 loss 8.792E-01 	 horizons 9.0
step 2340 	 return [0.         0.         0.00540561 0.00311476 0.00616315], ([0.         0.         0.00270824 0.00127937 0.00376234]) 	 loss 8.581E-01 	 horizons 9.0
step 2430 	 return [0.         0.         0.00397907 0.00323722 0.00366653], ([0.         0.         0.00053389 0.00103066 0.00307929]) 	 loss 8.363E-01 	 horizons 9.0
step 2520 	 return [0.00020149 0.0003478  0.0028845  0.00353426 0.00177351], ([0.00060447 0.00070405 0.00185519 0.00120397 0.00272156]) 	 loss 8.378E-01 	 horizons 9.0
step 2610 	 return [0.         0.00092324 0.00634316 0.00173056 0.00164935], ([0.         0.00094982 0.00180689 0.00099768 0.00329976]) 	 loss 8.120E-01 	 horizons 9.0
step 2700 	 return [0.         0.00053732 0.00744832 0.00248302 0.00084336], ([0.         0.00060655 0.00142988 0.00107816 0.00253009]) 	 loss 7.820E-01 	 horizons 9.0
step 2790 	 return [0.         0.00110924 0.00595237 0.00271994 0.00205711], ([0.         0.00161111 0.0012348  0.00167947 0.00297714]) 	 loss 7.504E-01 	 horizons 9.0
step 2880 	 return [0.         0.         0.00558132 0.00414592 0.00581202], ([0.         0.         0.0012159  0.0014055  0.00175584]) 	 loss 7.527E-01 	 horizons 9.0
step 2970 	 return [0.         0.00554436 0.00233039 0.00092824 0.        ], ([0.         0.00191909 0.00094182 0.00036862 0.        ]) 	 loss 7.253E-01 	 horizons 9.0
step 3060 	 return [0.00273505 0.00256865 0.00051597 0.00095249 0.        ], ([0.00110399 0.00200676 0.00010404 0.00026668 0.        ]) 	 loss 7.200E-01 	 horizons 9.0
step 3150 	 return [0.00022241 0.00081211 0.00098868 0.00338442 0.0010514 ], ([0.00066722 0.00209598 0.00067412 0.00083982 0.00189131]) 	 loss 6.926E-01 	 horizons 9.0
step 3240 	 return [0.         0.00107494 0.006539   0.00312248 0.0011745 ], ([0.         0.00206303 0.00255857 0.00134525 0.00235163]) 	 loss 6.582E-01 	 horizons 9.0
step 3330 	 return [0.         0.         0.00398631 0.00422106 0.00618399], ([0.         0.         0.00070128 0.00188344 0.00381667]) 	 loss 6.912E-01 	 horizons 9.0
step 3420 	 return [0.         0.         0.00267589 0.00255303 0.01065634], ([0.         0.         0.0012989  0.00085134 0.00247823]) 	 loss 6.773E-01 	 horizons 9.0
step 3510 	 return [0.         0.00138085 0.00759205 0.00298263 0.00013883], ([0.         0.00262764 0.00199532 0.00105758 0.00041649]) 	 loss 6.425E-01 	 horizons 9.0
step 3600 	 return [0.00316171 0.00327434 0.00066543 0.00099416 0.        ], ([0.00085862 0.0015801  0.00030483 0.00032079 0.        ]) 	 loss 6.327E-01 	 horizons 9.0
step 3690 	 return [7.8875535e-05 3.1445925e-03 3.9869482e-03 2.6406497e-03 0.0000000e+00], ([0.00015775 0.00263259 0.00136507 0.00139654 0.        ]) 	 loss 6.337E-01 	 horizons 9.0
step 3780 	 return [0.         0.         0.00305576 0.00216266 0.01094268], ([0.         0.         0.00104318 0.00055174 0.00190965]) 	 loss 5.991E-01 	 horizons 9.0
step 3870 	 return [0.         0.00125604 0.00872268 0.00249166 0.        ], ([0.         0.00223843 0.00088845 0.00101675 0.        ]) 	 loss 5.624E-01 	 horizons 9.0
step 3960 	 return [0.00228465 0.00571909 0.00090351 0.00094013 0.        ], ([0.00123222 0.00119303 0.00039919 0.0005191  0.        ]) 	 loss 5.248E-01 	 horizons 9.0
step 4050 	 return [0.0017562  0.00433401 0.00062696 0.0009798  0.        ], ([0.00097809 0.00103758 0.00031228 0.00048201 0.        ]) 	 loss 5.217E-01 	 horizons 9.0
step 4140 	 return [0.00307432 0.00472726 0.00058776 0.00107043 0.        ], ([0.00058447 0.00107094 0.00018126 0.00035506 0.        ]) 	 loss 5.133E-01 	 horizons 9.0
step 4230 	 return [0.00164539 0.00638385 0.0007879  0.00071171 0.        ], ([0.00114566 0.00112299 0.00053626 0.00032792 0.        ]) 	 loss 4.653E-01 	 horizons 9.0
step 4320 	 return [0.00091314 0.0067287  0.0017677  0.00118448 0.        ], ([0.00111914 0.00086333 0.00088721 0.00044013 0.        ]) 	 loss 5.126E-01 	 horizons 9.0
step 4410 	 return [0.00149337 0.00682954 0.00205717 0.00122727 0.        ], ([0.00095819 0.00091304 0.00143453 0.00040857 0.        ]) 	 loss 4.653E-01 	 horizons 9.0
step 4500 	 return [0.00227105 0.00465376 0.00092118 0.00116918 0.        ], ([0.00094747 0.00204666 0.00031413 0.00038564 0.        ]) 	 loss 4.743E-01 	 horizons 9.0
step 4590 	 return [0.00247681 0.00636827 0.00100961 0.00147732 0.        ], ([0.00037542 0.00060387 0.00036038 0.00031259 0.        ]) 	 loss 4.255E-01 	 horizons 9.0
step 4680 	 return [0.0019449  0.00650187 0.00099154 0.00125402 0.        ], ([0.00080929 0.00097666 0.00068106 0.00051533 0.        ]) 	 loss 4.451E-01 	 horizons 9.0
step 4770 	 return [0.         0.         0.00239329 0.00267982 0.00960069], ([0.         0.         0.00085788 0.00046739 0.00138254]) 	 loss 4.301E-01 	 horizons 9.0
step 4860 	 return [0.         0.00021521 0.00670836 0.00381965 0.00107323], ([0.         0.00021541 0.00148762 0.00099682 0.00214915]) 	 loss 3.774E-01 	 horizons 9.0
step 4950 	 return [0.         0.         0.00659015 0.00385871 0.00656375], ([0.         0.         0.00134217 0.00114164 0.00195361]) 	 loss 3.897E-01 	 horizons 9.0
step 5040 	 return [0.         0.         0.00308308 0.00199641 0.01228481], ([0.         0.         0.00021353 0.00059706 0.00158709]) 	 loss 3.967E-01 	 horizons 9.0
step 5130 	 return [0.         0.00021977 0.00788413 0.00355317 0.        ], ([0.         0.00021977 0.00103659 0.00033337 0.        ]) 	 loss 3.824E-01 	 horizons 9.0
step 5220 	 return [0.00127471 0.00731826 0.00139504 0.00147323 0.        ], ([0.00111181 0.0007742  0.00071473 0.00025366 0.        ]) 	 loss 3.527E-01 	 horizons 9.0
step 5310 	 return [0.         0.00231822 0.00715972 0.00302684 0.00056069], ([0.         0.00326804 0.00149172 0.00110048 0.00168206]) 	 loss 3.591E-01 	 horizons 9.0
step 5400 	 return [0.         0.         0.00542874 0.00301225 0.00818281], ([0.         0.         0.00076235 0.00158718 0.00191714]) 	 loss 3.474E-01 	 horizons 9.0
step 5490 	 return [0.0000000e+00 8.8363377e-05 9.3614729e-03 3.1274897e-03 1.3901378e-03], ([0.         0.00017673 0.00128982 0.0003493  0.00222634]) 	 loss 3.210E-01 	 horizons 9.0
step 5580 	 return [0.         0.         0.01004343 0.00306116 0.00062029], ([0.         0.         0.0014472  0.00076608 0.00186088]) 	 loss 3.168E-01 	 horizons 9.0
step 5670 	 return [0.         0.         0.00539757 0.00381314 0.00779797], ([0.         0.         0.00107511 0.00122244 0.00081646]) 	 loss 2.925E-01 	 horizons 9.0
step 5760 	 return [0.00032138 0.00741467 0.00308923 0.00155156 0.        ], ([0.00049092 0.00226462 0.00123929 0.00123518 0.        ]) 	 loss 2.561E-01 	 horizons 9.0
step 5850 	 return [0.         0.00454699 0.00668076 0.00256956 0.        ], ([0.         0.00363027 0.00183128 0.00084209 0.        ]) 	 loss 2.405E-01 	 horizons 9.0
step 5940 	 return [0.         0.0053894  0.00888684 0.00171457 0.        ], ([0.         0.00271776 0.001259   0.00097392 0.        ]) 	 loss 2.436E-01 	 horizons 9.0
step 6030 	 return [0.         0.         0.00624019 0.00472766 0.00613237], ([0.         0.         0.00053271 0.00050637 0.00021166]) 	 loss 2.254E-01 	 horizons 9.0
step 6120 	 return [0.         0.         0.00382734 0.00389072 0.00934333], ([0.         0.         0.00056512 0.001848   0.00304281]) 	 loss 2.109E-01 	 horizons 9.0
step 6210 	 return [0.00260498 0.00669208 0.00110601 0.00156355 0.        ], ([0.00037435 0.00050765 0.00045807 0.00023269 0.        ]) 	 loss 2.145E-01 	 horizons 9.0
step 6300 	 return [0.         0.00079574 0.00513178 0.00467757 0.0003544 ], ([0.         0.00071919 0.00141911 0.00088616 0.0007088 ]) 	 loss 1.907E-01 	 horizons 9.0
step 6390 	 return [0.         0.         0.00587885 0.00358897 0.00778516], ([0.         0.         0.00089208 0.00105058 0.00129414]) 	 loss 1.938E-01 	 horizons 9.0
step 6480 	 return [0.         0.00026509 0.00828522 0.00365584 0.00031   ], ([0.         0.00021645 0.00098714 0.00091551 0.00093001]) 	 loss 1.684E-01 	 horizons 9.0
step 6570 	 return [0.         0.         0.00729585 0.00386814 0.00552052], ([0.         0.         0.00111739 0.00084081 0.00093263]) 	 loss 1.880E-01 	 horizons 9.0
step 6660 	 return [0.00074231 0.00794311 0.0030161  0.00120022 0.        ], ([0.00048607 0.0007614  0.00075383 0.00021737 0.        ]) 	 loss 1.630E-01 	 horizons 9.0
step 6750 	 return [0.         0.         0.01098485 0.00246235 0.        ], ([0.0000000e+00 0.0000000e+00 9.3132257e-10 2.3283064e-10 0.0000000e+00]) 	 loss 1.758E-01 	 horizons 9.0
step 6840 	 return [0.00076739 0.00735174 0.0029667  0.00150308 0.        ], ([0.00086723 0.00043662 0.00127581 0.00054025 0.        ]) 	 loss 1.535E-01 	 horizons 9.0
step 6930 	 return [0.         0.         0.01049978 0.0027354  0.00087198], ([0.         0.         0.00065683 0.00034929 0.00133197]) 	 loss 1.755E-01 	 horizons 9.0
step 7020 	 return [0.         0.         0.00409553 0.00389856 0.00986122], ([0.         0.         0.0005074  0.00173964 0.0025018 ]) 	 loss 1.605E-01 	 horizons 9.0
step 7110 	 return [0.         0.00101604 0.00796197 0.00322372 0.        ], ([0.         0.00187458 0.00085302 0.00040514 0.        ]) 	 loss 1.601E-01 	 horizons 9.0
step 7200 	 return [0.         0.         0.00446469 0.00497331 0.0078106 ], ([0.000000e+00 0.000000e+00 4.656613e-10 0.000000e+00 0.000000e+00]) 	 loss 1.535E-01 	 horizons 9.0
step 7290 	 return [0.00274297 0.00691706 0.00052416 0.00032119 0.        ], ([0.00115379 0.00088783 0.00042233 0.00032324 0.        ]) 	 loss 1.550E-01 	 horizons 9.0
step 7380 	 return [0.00347901 0.00461387 0.00122995 0.00136806 0.        ], ([0.0001931  0.00039067 0.00033309 0.00027529 0.        ]) 	 loss 1.563E-01 	 horizons 9.0
step 7470 	 return [0.         0.         0.00644337 0.00469709 0.00592554], ([0.         0.         0.00070157 0.00084919 0.00045644]) 	 loss 1.608E-01 	 horizons 9.0
step 7560 	 return [0.00242057 0.00721907 0.00108431 0.0011871  0.        ], ([0.00028242 0.00096456 0.00070344 0.0001678  0.        ]) 	 loss 1.567E-01 	 horizons 9.0
step 7650 	 return [0.         0.         0.00554024 0.00368317 0.0084416 ], ([0.         0.         0.00070313 0.0010033  0.00137859]) 	 loss 1.496E-01 	 horizons 9.0
step 7740 	 return [0.00276952 0.00609561 0.00231353 0.00134467 0.        ], ([0.00035336 0.00060513 0.000533   0.00052458 0.        ]) 	 loss 1.449E-01 	 horizons 9.0
step 7830 	 return [0.00320477 0.00547465 0.00064998 0.00091141 0.        ], ([0.00071997 0.00060878 0.00028302 0.0003225  0.        ]) 	 loss 1.351E-01 	 horizons 9.0
step 7920 	 return [0.         0.00094759 0.0043348  0.00500386 0.00072664], ([0.         0.00047379 0.00010835 0.000373   0.00167477]) 	 loss 1.533E-01 	 horizons 9.0
step 8010 	 return [0.         0.         0.00576879 0.00475259 0.00520606], ([0.         0.         0.00165119 0.00097175 0.00086988]) 	 loss 1.343E-01 	 horizons 9.0
step 8100 	 return [0.00310474 0.00558612 0.00220983 0.00180418 0.        ], ([0.00032869 0.00076552 0.00046907 0.00043697 0.        ]) 	 loss 1.200E-01 	 horizons 9.0
step 8190 	 return [0.00121094 0.00758875 0.00403771 0.00140575 0.        ], ([0.00079254 0.00065657 0.00117371 0.00080263 0.        ]) 	 loss 1.250E-01 	 horizons 9.0
step 8280 	 return [0.00095861 0.00737359 0.00429628 0.00094438 0.        ], ([0.00031955 0.0005621  0.00034147 0.00022218 0.        ]) 	 loss 1.565E-01 	 horizons 9.0
step 8370 	 return [0.00414302 0.00440962 0.00067234 0.00067197 0.        ], ([0.00027435 0.00067332 0.00026892 0.00026057 0.        ]) 	 loss 1.378E-01 	 horizons 9.0
step 8460 	 return [0.         0.00833737 0.00617334 0.0010955  0.        ], ([0.         0.00066237 0.00076264 0.00073849 0.        ]) 	 loss 1.615E-01 	 horizons 9.0
step 8550 	 return [0.00074664 0.00757463 0.0043353  0.00088948 0.        ], ([0.0004888  0.00069742 0.00068449 0.00030739 0.        ]) 	 loss 1.429E-01 	 horizons 9.0
step 8640 	 return [0.         0.00795796 0.00560098 0.00185821 0.        ], ([0.         0.00075651 0.00067624 0.00062863 0.        ]) 	 loss 1.379E-01 	 horizons 9.0
step 8730 	 return [0.00197977 0.00695707 0.00353852 0.00167371 0.        ], ([0.00061787 0.00054317 0.00103833 0.00070539 0.        ]) 	 loss 1.464E-01 	 horizons 9.0
step 8820 	 return [0.00064247 0.00784473 0.00409382 0.00120943 0.        ], ([0.00052458 0.00094586 0.00109401 0.00075215 0.        ]) 	 loss 1.466E-01 	 horizons 9.0
step 8910 	 return [0.         0.         0.01079347 0.00261728 0.00029066], ([0.         0.         0.00044591 0.00032063 0.00087198]) 	 loss 1.336E-01 	 horizons 9.0
step 9000 	 return [0.         0.00830962 0.0050877  0.00222356 0.        ], ([0.0000000e+00 0.0000000e+00 4.6566129e-10 2.3283064e-10 0.0000000e+00]) 	 loss 1.357E-01 	 horizons 9.0
step 9090 	 return [0.00296942 0.00629572 0.002582   0.0021801  0.        ], ([3.4334091e-04 6.4366299e-04 1.0259821e-05 1.3905593e-05 0.0000000e+00]) 	 loss 1.316E-01 	 horizons 9.0
step 9180 	 return [0.00225182 0.00754449 0.00259401 0.00219653 0.        ], ([2.3283064e-10 0.0000000e+00 2.3283064e-10 0.0000000e+00 0.0000000e+00]) 	 loss 1.507E-01 	 horizons 9.0
step 9270 	 return [0.         0.         0.00443769 0.0055456  0.00445471], ([0.0000000e+00 0.0000000e+00 2.0368398e-05 3.7789346e-06 1.3413520e-03]) 	 loss 1.255E-01 	 horizons 9.0
step 9360 	 return [0.         0.         0.00624019 0.00472766 0.00613237], ([0.         0.         0.00053271 0.00050637 0.00021166]) 	 loss 1.196E-01 	 horizons 9.0
step 9450 	 return [0.         0.00285109 0.00612288 0.0034195  0.00344583], ([0.         0.00351477 0.00114656 0.00130203 0.00284244]) 	 loss 1.074E-01 	 horizons 9.0
step 9540 	 return [0.         0.         0.00605865 0.00407907 0.007182  ], ([0.0000000e+00 0.0000000e+00 9.1051144e-05 1.1615970e-03 1.3096447e-03]) 	 loss 1.193E-01 	 horizons 9.0
step 9630 	 return [0.00248759 0.00690165 0.00282957 0.00203329 0.        ], ([0.00049065 0.0002693  0.00071591 0.00047675 0.        ]) 	 loss 1.167E-01 	 horizons 9.0
step 9720 	 return [0.00093408 0.00840548 0.00277728 0.00121156 0.        ], ([0.00085288 0.00084052 0.00071277 0.00051382 0.        ]) 	 loss 1.308E-01 	 horizons 9.0
step 9810 	 return [0.         0.         0.00606974 0.00493697 0.00627503], ([0.0000000e+00 0.0000000e+00 1.0876204e-05 6.1900137e-05 1.1013352e-04]) 	 loss 1.440E-01 	 horizons 9.0
step 9900 	 return [0.         0.         0.00490166 0.00425487 0.00875348], ([0.         0.         0.00072302 0.00100662 0.00115509]) 	 loss 1.264E-01 	 horizons 9.0
step 9990 	 return [0.         0.         0.00608161 0.00500451 0.00639519], ([0.000000e+00 0.000000e+00 9.493529e-06 5.403087e-05 9.613242e-05]) 	 loss 1.129E-01 	 horizons 9.0
step 10080 	 return [0.         0.         0.00360635 0.0023264  0.01258006], ([0.         0.         0.00051731 0.00141238 0.00226041]) 	 loss 1.307E-01 	 horizons 9.0
step 10170 	 return [0.         0.         0.00538073 0.00254527 0.0108592 ], ([0.         0.         0.00074601 0.00119113 0.00021926]) 	 loss 1.104E-01 	 horizons 9.0
step 10260 	 return [0.         0.         0.00606578 0.00405699 0.00719261], ([0.         0.         0.00013018 0.00125868 0.00133681]) 	 loss 1.217E-01 	 horizons 9.0
step 10350 	 return [0.00068129 0.00920551 0.00122736 0.00017945 0.        ], ([1.0490544e-03 1.0047252e-03 7.1598054e-04 4.8677239e-06 0.0000000e+00]) 	 loss 9.715E-02 	 horizons 9.0
step 10440 	 return [0.00213085 0.00728701 0.00297644 0.00187637 0.        ], ([0.00085494 0.00067754 0.00079603 0.00063524 0.        ]) 	 loss 1.030E-01 	 horizons 9.0
step 10530 	 return [0.         0.00602529 0.00858141 0.00167615 0.        ], ([0.         0.002054   0.00099561 0.00065964 0.        ]) 	 loss 1.004E-01 	 horizons 9.0
step 10620 	 return [0.         0.         0.00608636 0.00503153 0.00644326], ([0.000000e+00 0.000000e+00 4.656613e-10 4.656613e-10 4.656613e-10]) 	 loss 1.052E-01 	 horizons 9.0
step 10710 	 return [0.00284966 0.0074355  0.00039846 0.00039281 0.        ], ([0.00063189 0.00045062 0.00010554 0.00044241 0.        ]) 	 loss 8.358E-02 	 horizons 9.0
step 10800 	 return [0.00363912 0.00519488 0.00107122 0.00103886 0.        ], ([0.00013331 0.00096927 0.00033198 0.00031896 0.        ]) 	 loss 7.858E-02 	 horizons 9.0
step 10890 	 return [0.         0.         0.00267102 0.00284996 0.01347823], ([0.         0.         0.00097404 0.00077644 0.00061895]) 	 loss 1.019E-01 	 horizons 9.0
step 10980 	 return [0.00353355 0.00563227 0.00115729 0.00081858 0.        ], ([0.00020285 0.00053722 0.0002129  0.00039586 0.        ]) 	 loss 1.040E-01 	 horizons 9.0
step 11070 	 return [0.        0.        0.0036623 0.0018626 0.0132939], ([0.         0.         0.00048244 0.00071509 0.00077467]) 	 loss 1.110E-01 	 horizons 9.0
step 11160 	 return [0.         0.         0.00814439 0.00384436 0.00432127], ([0.         0.         0.00168038 0.00096932 0.0017326 ]) 	 loss 1.064E-01 	 horizons 9.0
step 11250 	 return [0.00090619 0.00819112 0.00152879 0.00055934 0.        ], ([0.00116327 0.00127708 0.00111367 0.00025191 0.        ]) 	 loss 1.096E-01 	 horizons 9.0
step 11340 	 return [0.         0.00902138 0.00469694 0.00096213 0.        ], ([0.         0.00070236 0.00081173 0.00068297 0.        ]) 	 loss 1.464E-01 	 horizons 9.0
step 11430 	 return [0.         0.00913694 0.00333911 0.00202597 0.        ], ([0.         0.00054835 0.00100312 0.00040535 0.        ]) 	 loss 1.137E-01 	 horizons 9.0
step 11520 	 return [0.00342062 0.00541566 0.00243993 0.00075908 0.        ], ([0.00046048 0.00043553 0.00051819 0.00034788 0.        ]) 	 loss 9.235E-02 	 horizons 9.0
step 11610 	 return [0.         0.         0.00608636 0.00503153 0.00644326], ([0.000000e+00 0.000000e+00 4.656613e-10 4.656613e-10 4.656613e-10]) 	 loss 9.097E-02 	 horizons 9.0
step 11700 	 return [0.00282042 0.00663386 0.00257841 0.00217751 0.        ], ([2.3959666e-04 5.0167774e-04 3.8060371e-05 4.5667330e-05 0.0000000e+00]) 	 loss 8.755E-02 	 horizons 9.0
step 11790 	 return [0.         0.         0.00379174 0.00221602 0.01295299], ([0.         0.         0.00060791 0.00081637 0.00120282]) 	 loss 8.887E-02 	 horizons 9.0
step 11880 	 return [0.         0.00809803 0.00597838 0.00207288 0.        ], ([0.0000000e+00 6.7349896e-04 3.9614455e-04 8.6104497e-05 0.0000000e+00]) 	 loss 1.366E-01 	 horizons 9.0
step 11970 	 return [0.         0.         0.00458068 0.00442975 0.00970473], ([0.         0.         0.00047648 0.00099396 0.00195627]) 	 loss 1.024E-01 	 horizons 9.0
step 12060 	 return [0.         0.00835256 0.00471324 0.00220301 0.        ], ([0.0000000e+00 3.3709643e-04 7.9469167e-04 6.3298998e-05 0.0000000e+00]) 	 loss 9.427E-02 	 horizons 9.0
step 12150 	 return [0.         0.         0.0061364  0.00508771 0.00726114], ([0.0000000e+00 0.0000000e+00 9.6452168e-05 9.1116485e-04 1.4605355e-03]) 	 loss 7.424E-02 	 horizons 9.0
step 12240 	 return [0.00368858 0.0043683  0.00120722 0.00102625 0.        ], ([2.6213596e-04 6.8086279e-05 2.4274245e-04 2.0583421e-04 0.0000000e+00]) 	 loss 9.914E-02 	 horizons 9.0
step 12330 	 return [0.00340693 0.00572342 0.00118338 0.00118895 0.        ], ([0.00026216 0.00054792 0.00030928 0.00045961 0.        ]) 	 loss 7.981E-02 	 horizons 9.0
step 12420 	 return [0.         0.         0.0036627  0.00174579 0.01334494], ([0.         0.         0.0004831  0.00036587 0.0006344 ]) 	 loss 8.392E-02 	 horizons 9.0
step 12510 	 return [0.00426631 0.00450741 0.00056775 0.00081513 0.        ], ([0.00022218 0.00034023 0.00016896 0.00019362 0.        ]) 	 loss 9.555E-02 	 horizons 9.0
step 12600 	 return [0.         0.         0.00603581 0.00403541 0.00783584], ([0.0000000e+00 0.0000000e+00 5.9176757e-05 9.0181612e-04 4.2357325e-04]) 	 loss 9.358E-02 	 horizons 9.0
step 12690 	 return [0.         0.         0.00606523 0.00323083 0.00967469], ([0.0000000e+00 0.0000000e+00 9.6821175e-05 1.7943431e-03 2.3463389e-03]) 	 loss 9.021E-02 	 horizons 9.0
step 12780 	 return [0.00397744 0.0040963  0.00108681 0.0007085  0.        ], ([0.00031751 0.0005278  0.00021993 0.00028534 0.        ]) 	 loss 8.846E-02 	 horizons 9.0
step 12870 	 return [0.00298733 0.00638273 0.00258686 0.00201483 0.        ], ([3.6445371e-04 6.4408255e-04 5.2637250e-05 4.7473260e-04 0.0000000e+00]) 	 loss 8.274E-02 	 horizons 9.0
step 12960 	 return [0.00088999 0.00851549 0.0027143  0.00203204 0.        ], ([0.00097932 0.00072308 0.00021173 0.00036372 0.        ]) 	 loss 7.411E-02 	 horizons 9.0
step 13050 	 return [0.00439488 0.00387571 0.00059052 0.00065849 0.        ], ([4.85195851e-05 5.48533746e-04 2.43250601e-04 1.14807866e-04
 0.00000000e+00]) 	 loss 7.929E-02 	 horizons 9.0
step 13140 	 return [0.         0.00675873 0.0094752  0.00068776 0.        ], ([0.0000000e+00 9.6174655e-05 2.2908209e-05 6.2276376e-07 0.0000000e+00]) 	 loss 7.450E-02 	 horizons 9.0
step 13230 	 return [0.0036554  0.0061522  0.00093777 0.00082368 0.        ], ([8.187181e-06 3.654113e-04 2.755634e-04 3.866277e-04 0.000000e+00]) 	 loss 1.008E-01 	 horizons 9.0
step 13320 	 return [0.         0.00615258 0.00950646 0.00100135 0.        ], ([0.         0.00205147 0.00064643 0.00063287 0.        ]) 	 loss 9.855E-02 	 horizons 9.0
step 13410 	 return [0.0024417  0.00772251 0.00034573 0.00017163 0.        ], ([0. 0. 0. 0. 0.]) 	 loss 8.288E-02 	 horizons 9.0
step 13500 	 return [0.00365411 0.00608817 0.0009967  0.0007392  0.        ], ([8.1099934e-06 3.5557238e-04 2.5345728e-04 3.5248126e-04 0.0000000e+00]) 	 loss 6.454E-02 	 horizons 9.0
step 13590 	 return [0.         0.         0.0081526  0.00386758 0.00484291], ([0.         0.         0.00167033 0.00099777 0.00237147]) 	 loss 7.541E-02 	 horizons 9.0
step 13680 	 return [0.         0.         0.00379032 0.00186293 0.01312883], ([0.         0.         0.00051045 0.0004882  0.0007915 ]) 	 loss 7.118E-02 	 horizons 9.0
step 13770 	 return [0.00365466 0.00636989 0.00077064 0.00105168 0.        ], ([1.7936864e-05 3.4115859e-04 2.5683007e-04 3.5648941e-04 0.0000000e+00]) 	 loss 6.151E-02 	 horizons 9.0
step 13860 	 return [0.         0.         0.00454321 0.00454565 0.00872947], ([0.         0.         0.00049214 0.00160661 0.00241379]) 	 loss 6.814E-02 	 horizons 9.0
step 13950 	 return [0.         0.         0.00610687 0.00508959 0.00774736], ([0.000000e+00 0.000000e+00 4.656613e-10 4.656613e-10 4.656613e-10]) 	 loss 6.452E-02 	 horizons 9.0
step 14040 	 return [0.0021567  0.00425296 0.00330977 0.00203876 0.        ], ([0.00144962 0.00176236 0.0008479  0.00128859 0.        ]) 	 loss 6.342E-02 	 horizons 9.0
step 14130 	 return [0.00022322 0.00656839 0.00582473 0.0020056  0.        ], ([6.6965312e-04 1.7245040e-04 6.9231214e-04 8.1078852e-06 0.0000000e+00]) 	 loss 5.873E-02 	 horizons 9.0
step 14220 	 return [0.00376927 0.00553076 0.00071591 0.00088855 0.        ], ([0.00039068 0.0006448  0.00026161 0.00039523 0.        ]) 	 loss 6.644E-02 	 horizons 9.0
step 14310 	 return [0.00412111 0.00555225 0.00053326 0.00066384 0.        ], ([0.00021631 0.00018683 0.00021359 0.00030698 0.        ]) 	 loss 6.964E-02 	 horizons 9.0
step 14400 	 return [0.         0.         0.00551812 0.00275134 0.0106793 ], ([0.         0.         0.00074564 0.00157464 0.00198864]) 	 loss 6.526E-02 	 horizons 9.0
step 14490 	 return [0.00404695 0.00569957 0.0006     0.00099622 0.        ], ([0.00021038 0.00059344 0.00016471 0.0002884  0.        ]) 	 loss 6.094E-02 	 horizons 9.0
step 14580 	 return [0.00391442 0.00523202 0.0011848  0.00066837 0.        ], ([3.3704721e-04 6.4023526e-04 9.4412222e-05 3.4352028e-04 0.0000000e+00]) 	 loss 6.299E-02 	 horizons 9.0
step 14670 	 return [0.00200896 0.00610853 0.00397857 0.00198397 0.        ], ([6.696532e-04 1.724504e-04 6.923122e-04 8.107885e-06 0.000000e+00]) 	 loss 5.556E-02 	 horizons 9.0
step 14760 	 return [0.         0.         0.00951642 0.00305291 0.00290661], ([0.0000000e+00 0.0000000e+00 9.3132257e-10 2.3283064e-10 2.3283064e-10]) 	 loss 4.821E-02 	 horizons 9.0
step 14850 	 return [0.         0.00776128 0.00617645 0.00202983 0.        ], ([0.000000e+00 0.000000e+00 4.656613e-10 0.000000e+00 0.000000e+00]) 	 loss 4.842E-02 	 horizons 9.0
step 14940 	 return [0.         0.00677071 0.00879649 0.00136621 0.        ], ([0.000000e+00 8.419621e-05 7.016110e-04 6.778298e-04 0.000000e+00]) 	 loss 4.480E-02 	 horizons 9.0
step 15030 	 return [0.         0.         0.00612805 0.00520851 0.00745663], ([0.0000000e+00 0.0000000e+00 6.3539992e-05 3.5673269e-04 8.7216793e-04]) 	 loss 3.752E-02 	 horizons 9.0
step 15120 	 return [0.         0.         0.00582592 0.00367111 0.00771204], ([0.         0.         0.00045257 0.00029139 0.00077831]) 	 loss 3.685E-02 	 horizons 9.0
step 15210 	 return [0.         0.00449612 0.00975808 0.00228065 0.        ], ([0.         0.00192655 0.00054643 0.00138755 0.        ]) 	 loss 3.837E-02 	 horizons 9.0
step 15300 	 return [0.         0.00486717 0.00948493 0.00223658 0.        ], ([0.00000000e+00 1.98773853e-03 1.31754205e-05 1.54819526e-03
 0.00000000e+00]) 	 loss 5.631E-02 	 horizons 9.0
step 15390 	 return [0.         0.00929496 0.0039567  0.00164136 0.        ], ([0.         0.00091866 0.00092404 0.00048248 0.        ]) 	 loss 2.966E-02 	 horizons 9.0
step 15480 	 return [0.00014652 0.00199382 0.00446346 0.00430214 0.        ], ([0.00032976 0.00176653 0.00020502 0.00138127 0.        ]) 	 loss 4.496E-02 	 horizons 9.0
step 15570 	 return [0.         0.         0.00610687 0.00508959 0.00774736], ([0.000000e+00 0.000000e+00 4.656613e-10 4.656613e-10 4.656613e-10]) 	 loss 3.467E-02 	 horizons 9.0
step 15660 	 return [0.00420813 0.00548343 0.00112072 0.0006925  0.        ], ([0.0003067  0.00028348 0.00020108 0.00039076 0.        ]) 	 loss 2.672E-02 	 horizons 9.0
step 15750 	 return [0.         0.         0.00404545 0.00157466 0.01320386], ([0.0000000e+00 0.0000000e+00 0.0000000e+00 1.1641532e-10 9.3132257e-10]) 	 loss 2.895E-02 	 horizons 9.0
step 15840 	 return [0.         0.         0.00612805 0.00520851 0.00745663], ([0.0000000e+00 0.0000000e+00 6.3539992e-05 3.5673272e-04 8.7216793e-04]) 	 loss 1.808E-02 	 horizons 9.0
step 15930 	 return [0.00416991 0.00541786 0.00127064 0.00062958 0.        ], ([2.7458780e-04 8.0665013e-05 2.5775650e-04 2.5417478e-04 0.0000000e+00]) 	 loss 1.575E-02 	 horizons 9.0
step 16020 	 return [0.00343229 0.00601202 0.00257277 0.00216739 0.        ], ([2.3283064e-10 0.0000000e+00 0.0000000e+00 2.3283064e-10 0.0000000e+00]) 	 loss 1.925E-02 	 horizons 9.0
step 16110 	 return [0.00342799 0.00562943 0.00246622 0.00080981 0.        ], ([0.0003917  0.00086195 0.0006225  0.00045859 0.        ]) 	 loss 2.731E-02 	 horizons 9.0
step 16200 	 return [0.         0.         0.00508316 0.00423269 0.00883699], ([0.         0.         0.00075502 0.00044171 0.00114277]) 	 loss 2.701E-02 	 horizons 9.0
step 16290 	 return [0.         0.         0.00609702 0.00477102 0.00815523], ([0.0000000e+00 0.0000000e+00 2.9558783e-05 9.5572189e-04 1.2236236e-03]) 	 loss 3.096E-02 	 horizons 9.0
step 16380 	 return [0.         0.         0.00447104 0.002836   0.01163806], ([0.000000e+00 0.000000e+00 4.656613e-10 0.000000e+00 9.313226e-10]) 	 loss 1.622E-02 	 horizons 9.0
step 16470 	 return [0.         0.00767607 0.00643008 0.00209575 0.        ], ([0.         0.00034009 0.00039088 0.00010072 0.        ]) 	 loss 2.017E-02 	 horizons 9.0
step 16560 	 return [0.00428509 0.00308043 0.00043433 0.00063123 0.        ], ([3.6695684e-04 1.9438469e-04 7.6104698e-05 1.3611343e-04 0.0000000e+00]) 	 loss 4.791E-02 	 horizons 9.0
step 16650 	 return [0.00179072 0.007832   0.00270349 0.00201928 0.        ], ([0.0007568  0.00046381 0.00021685 0.00035711 0.        ]) 	 loss 2.852E-02 	 horizons 9.0
step 16740 	 return [0.00450068 0.00554984 0.00037798 0.00031961 0.        ], ([2.6712206e-04 4.3973859e-04 7.0746733e-05 3.1211128e-04 0.0000000e+00]) 	 loss 4.406E-02 	 horizons 9.0
step 16830 	 return [0.         0.00662588 0.0060555  0.0020083  0.        ], ([0. 0. 0. 0. 0.]) 	 loss 3.330E-02 	 horizons 9.0
step 16920 	 return [0.         0.         0.00600834 0.00190385 0.0118261 ], ([0.0000000e+00 0.0000000e+00 4.6566129e-10 2.3283064e-10 9.3132257e-10]) 	 loss 4.800E-02 	 horizons 9.0
step 17010 	 return [0.00418279 0.00454175 0.00076824 0.00049369 0.        ], ([0.0006858  0.0007083  0.00036254 0.00030491 0.        ]) 	 loss 4.462E-02 	 horizons 9.0
step 17100 	 return [0.0036665  0.00663131 0.00060954 0.00127763 0.        ], ([0.0000000e+00 9.3132257e-10 5.8207661e-11 1.1641532e-10 0.0000000e+00]) 	 loss 3.867E-02 	 horizons 9.0
step 17190 	 return [0.         0.         0.00446849 0.00428594 0.00983875], ([0.000000e+00 0.000000e+00 4.656613e-10 4.656613e-10 9.313226e-10]) 	 loss 4.185E-02 	 horizons 9.0
step 17280 	 return [0.         0.00271072 0.01071726 0.00251652 0.00029066], ([0.         0.00090357 0.00040028 0.0001788  0.00087198]) 	 loss 2.637E-02 	 horizons 9.0
step 17370 	 return [0.00392668 0.00474293 0.00081112 0.00091551 0.        ], ([0.0004196  0.00082489 0.00026486 0.00035209 0.        ]) 	 loss 2.506E-02 	 horizons 9.0
step 17460 	 return [0.00225182 0.00754449 0.00259401 0.00219653 0.        ], ([2.3283064e-10 0.0000000e+00 2.3283064e-10 0.0000000e+00 0.0000000e+00]) 	 loss 5.185E-02 	 horizons 9.0
step 17550 	 return [0.         0.         0.00610687 0.00508959 0.00774736], ([0.000000e+00 0.000000e+00 4.656613e-10 4.656613e-10 4.656613e-10]) 	 loss 3.817E-02 	 horizons 9.0
step 17640 	 return [0.00323306 0.0077755  0.00060975 0.00127806 0.        ], ([4.6566129e-10 9.3132257e-10 0.0000000e+00 1.1641532e-10 0.0000000e+00]) 	 loss 2.228E-02 	 horizons 9.0
step 17730 	 return [0.00277825 0.0067871  0.00259116 0.00219279 0.        ], ([2.1801394e-04 2.5835933e-04 6.1289875e-06 8.4653730e-06 0.0000000e+00]) 	 loss 1.520E-02 	 horizons 9.0
step 17820 	 return [0.         0.         0.00461798 0.00402805 0.01049277], ([0.         0.         0.00045181 0.00016068 0.00116263]) 	 loss 2.518E-02 	 horizons 9.0
step 17910 	 return [0.00321428 0.00627038 0.0025789  0.00217586 0.        ], ([3.3302180e-04 3.9465036e-04 9.3621829e-06 1.2931071e-05 0.0000000e+00]) 	 loss 2.003E-02 	 horizons 9.0
step 18000 	 return [0.0037038  0.00577225 0.00110617 0.00090721 0.        ], ([0.00020312 0.00048777 0.00029402 0.00049915 0.        ]) 	 loss 1.730E-02 	 horizons 9.0
step 18090 	 return [0.         0.         0.00610687 0.00508959 0.00774736], ([0.000000e+00 0.000000e+00 4.656613e-10 4.656613e-10 4.656613e-10]) 	 loss 1.774E-02 	 horizons 9.0
step 18180 	 return [0.0036425  0.00521669 0.00263506 0.00138173 0.        ], ([5.425769e-06 6.439397e-06 6.310048e-05 7.847427e-04 0.000000e+00]) 	 loss 1.904E-02 	 horizons 9.0
step 18270 	 return [0.00227367 0.00569327 0.00397754 0.00198342 0.        ], ([7.8315131e-04 4.3867627e-04 6.9265376e-04 8.3025834e-06 0.0000000e+00]) 	 loss 2.239E-02 	 horizons 9.0
step 18360 	 return [0.00107079 0.00713823 0.00497726 0.00060318 0.        ], ([0.000000e+00 4.656613e-10 0.000000e+00 5.820766e-11 0.000000e+00]) 	 loss 2.683E-02 	 horizons 9.0
step 18450 	 return [0.         0.00530446 0.00990124 0.00152858 0.        ], ([0.         0.00189925 0.00062161 0.0010914  0.        ]) 	 loss 1.923E-02 	 horizons 9.0
step 18540 	 return [0.         0.         0.00554069 0.00277622 0.01049402], ([0.0000000e+00 0.0000000e+00 7.0024724e-04 3.9135924e-05 7.4895500e-04]) 	 loss 1.055E-02 	 horizons 9.0
step 18630 	 return [0.         0.00298541 0.0105749  0.00272249 0.        ], ([0.0000000e+00 5.2990763e-05 5.5157469e-04 5.3114188e-04 0.0000000e+00]) 	 loss 1.731E-02 	 horizons 9.0
step 18720 	 return [0.         0.         0.00600041 0.00282099 0.00953269], ([0.00000000e+00 0.00000000e+00 1.99415581e-06 1.07530344e-04
 7.19496515e-04]) 	 loss 8.799E-03 	 horizons 9.0
step 18810 	 return [0.00343229 0.00601202 0.00257277 0.00216739 0.        ], ([2.3283064e-10 0.0000000e+00 0.0000000e+00 2.3283064e-10 0.0000000e+00]) 	 loss 8.107E-03 	 horizons 9.0
step 18900 	 return [0.         0.         0.00447104 0.002836   0.01163806], ([0.000000e+00 0.000000e+00 4.656613e-10 0.000000e+00 9.313226e-10]) 	 loss 1.106E-02 	 horizons 9.0
step 18990 	 return [0.         0.         0.00446706 0.00400409 0.01112774], ([0. 0. 0. 0. 0.]) 	 loss 8.156E-03 	 horizons 9.0
step 19080 	 return [0.00270558 0.00687322 0.0025932  0.00219561 0.        ], ([2.3283064e-10 0.0000000e+00 2.3283064e-10 0.0000000e+00 0.0000000e+00]) 	 loss 7.143E-03 	 horizons 9.0
step 19170 	 return [0.         0.         0.00603191 0.00181057 0.01133524], ([0.0000000e+00 0.0000000e+00 3.7562837e-05 1.7059614e-03 1.8061569e-03]) 	 loss 6.205E-03 	 horizons 9.0
step 19260 	 return [0.         0.         0.00614923 0.00532742 0.00716591], ([0.0000000e+00 0.0000000e+00 8.4719999e-05 4.7564358e-04 1.1628905e-03]) 	 loss 1.860E-02 	 horizons 9.0
step 19350 	 return [0.         0.         0.00781164 0.00407125 0.00532698], ([0.         0.         0.00170477 0.00101834 0.00242037]) 	 loss 5.917E-03 	 horizons 9.0
step 19440 	 return [0.00258905 0.00579606 0.00351568 0.00202359 0.        ], ([1.6861585e-04 8.7421422e-04 4.6083154e-04 8.6473490e-05 0.0000000e+00]) 	 loss 1.077E-02 	 horizons 9.0
step 19530 	 return [0.00493573 0.00556772 0.00033634 0.00016713 0.        ], ([2.8165951e-04 1.3851542e-04 5.7886273e-06 2.7281669e-06 0.0000000e+00]) 	 loss 8.361E-03 	 horizons 9.0
step 19620 	 return [0.         0.         0.00610687 0.00508959 0.00774736], ([0.000000e+00 0.000000e+00 4.656613e-10 4.656613e-10 4.656613e-10]) 	 loss 7.645E-03 	 horizons 9.0
step 19710 	 return [0.         0.         0.00602153 0.00326532 0.00923842], ([0.0000000e+00 0.0000000e+00 4.2702701e-05 9.1665081e-04 9.6207584e-04]) 	 loss 3.915E-03 	 horizons 9.0
step 19800 	 return [0.         0.00516207 0.0086144  0.00295908 0.        ], ([0.         0.00165984 0.00059624 0.0009183  0.        ]) 	 loss 6.860E-03 	 horizons 9.0
step 19890 	 return [0.         0.00662588 0.0060555  0.0020083  0.        ], ([0. 0. 0. 0. 0.]) 	 loss 2.177E-02 	 horizons 9.0
step 19980 	 return [0.         0.00545909 0.0083381  0.00298    0.        ], ([0.         0.00161369 0.00087922 0.00094199 0.        ]) 	 loss 1.254E-02 	 horizons 9.0
step 20070 	 return [0.         0.00306898 0.00938729 0.00380711 0.        ], ([0.000000e+00 5.686412e-04 2.533760e-04 6.700961e-05 0.000000e+00]) 	 loss 2.050E-02 	 horizons 9.0
step 20160 	 return [0.         0.00610985 0.00855728 0.00214315 0.        ], ([0.         0.00121754 0.00061042 0.00102333 0.        ]) 	 loss 1.420E-02 	 horizons 9.0
step 20250 	 return [0.         0.0082885  0.007156   0.00225526 0.        ], ([0.000000e+00 9.313226e-10 0.000000e+00 0.000000e+00 0.000000e+00]) 	 loss 1.520E-02 	 horizons 9.0
step 20340 	 return [0.00441317 0.00459101 0.00098798 0.00086438 0.        ], ([0.00026461 0.0004156  0.00036975 0.00036335 0.        ]) 	 loss 9.069E-03 	 horizons 9.0
step 20430 	 return [0.0016835  0.00775355 0.00264963 0.00210896 0.        ], ([0.0009112  0.00036749 0.00016253 0.00026798 0.        ]) 	 loss 1.158E-02 	 horizons 9.0
step 20520 	 return [0.         0.00097343 0.00850402 0.00392811 0.00230091], ([0.         0.00214021 0.00049049 0.00109303 0.00115045]) 	 loss 1.881E-02 	 horizons 9.0
step 20610 	 return [0.         0.         0.00251524 0.00332407 0.01376263], ([0.0000000e+00 0.0000000e+00 2.3283064e-10 0.0000000e+00 0.0000000e+00]) 	 loss 9.024E-03 	 horizons 9.0
step 20700 	 return [0.         0.0094258  0.00518464 0.00224468 0.        ], ([0.0000000e+00 5.7704648e-05 4.3502073e-06 1.2143980e-06 0.0000000e+00]) 	 loss 4.091E-03 	 horizons 9.0
step 20790 	 return [0.00370376 0.00595361 0.00090665 0.00135048 0.        ], ([0.0002134  0.00065452 0.00041268 0.00031744 0.        ]) 	 loss 6.875E-03 	 horizons 9.0
step 20880 	 return [0.00431844 0.00575816 0.00092382 0.00080107 0.        ], ([1.3751010e-05 3.6738178e-04 2.6692319e-04 3.6567310e-04 0.0000000e+00]) 	 loss 1.081E-02 	 horizons 9.0
step 20970 	 return [0.         0.00306898 0.00938729 0.00380711 0.        ], ([0.000000e+00 5.686411e-04 2.533760e-04 6.700961e-05 0.000000e+00]) 	 loss 8.286E-03 	 horizons 9.0
step 21060 	 return [0.         0.0047749  0.00862717 0.00400814 0.        ], ([0.000000e+00 4.656613e-10 9.313226e-10 0.000000e+00 0.000000e+00]) 	 loss 6.951E-03 	 horizons 9.0
step 21150 	 return [0.00157431 0.00762468 0.0034575  0.00218312 0.        ], ([1.0306443e-03 6.2628801e-04 1.1194006e-03 6.8358073e-05 0.0000000e+00]) 	 loss 5.143E-03 	 horizons 9.0
step 21240 	 return [0.         0.         0.00404738 0.00233348 0.0125718 ], ([0.         0.         0.00057076 0.00062245 0.00115923]) 	 loss 4.842E-03 	 horizons 9.0
step 21330 	 return [0.         0.         0.00610687 0.00508959 0.00774736], ([0.000000e+00 0.000000e+00 4.656613e-10 4.656613e-10 4.656613e-10]) 	 loss 1.260E-02 	 horizons 9.0
step 21420 	 return [0.         0.         0.00631867 0.0062787  0.00484013], ([0.000000e+00 0.000000e+00 4.656613e-10 9.313226e-10 4.656613e-10]) 	 loss 7.255E-03 	 horizons 9.0
step 21510 	 return [0.00442838 0.0051536  0.00084399 0.00076785 0.        ], ([8.2728067e-05 8.7274442e-04 3.0587034e-04 4.0416690e-04 0.0000000e+00]) 	 loss 9.010E-03 	 horizons 9.0
step 21600 	 return [0.00225182 0.00754449 0.00259401 0.00219653 0.        ], ([2.3283064e-10 0.0000000e+00 2.3283064e-10 0.0000000e+00 0.0000000e+00]) 	 loss 1.234E-02 	 horizons 9.0
step 21690 	 return [0.         0.0047749  0.00862717 0.00400814 0.        ], ([0.000000e+00 4.656613e-10 9.313226e-10 0.000000e+00 0.000000e+00]) 	 loss 9.217E-03 	 horizons 9.0
step 21780 	 return [0.0036582  0.00652507 0.00066003 0.00120552 0.        ], ([1.8175695e-05 2.3029096e-04 1.6788894e-04 2.3368780e-04 0.0000000e+00]) 	 loss 8.212E-03 	 horizons 9.0
step 21870 	 return [0.         0.         0.00601163 0.00307835 0.00915005], ([0.000000e+00 0.000000e+00 3.181443e-05 6.794773e-04 8.754542e-04]) 	 loss 1.374E-02 	 horizons 9.0
step 21960 	 return [0.         0.0047749  0.00862717 0.00400814 0.        ], ([0.000000e+00 4.656613e-10 9.313226e-10 0.000000e+00 0.000000e+00]) 	 loss 1.629E-02 	 horizons 9.0
step 22050 	 return [0.00445159 0.00501565 0.00081465 0.00095014 0.        ], ([8.3735409e-05 7.1656104e-04 2.6685637e-04 3.6557612e-04 0.0000000e+00]) 	 loss 8.557E-03 	 horizons 9.0
step 22140 	 return [0.         0.         0.00599911 0.00275059 0.01000371], ([0.0000000e+00 0.0000000e+00 4.6566129e-10 2.3283064e-10 9.3132257e-10]) 	 loss 1.032E-02 	 horizons 9.0
step 22230 	 return [0.00364793 0.00522313 0.00269816 0.00059699 0.        ], ([4.6566129e-10 0.0000000e+00 2.3283064e-10 5.8207661e-11 0.0000000e+00]) 	 loss 7.919E-03 	 horizons 9.0
step 22320 	 return [0.00364793 0.00522313 0.00269816 0.00059699 0.        ], ([4.6566129e-10 0.0000000e+00 2.3283064e-10 5.8207661e-11 0.0000000e+00]) 	 loss 4.664E-03 	 horizons 9.0
step 22410 	 return [0.         0.         0.00432983 0.00301934 0.01136627], ([0.         0.         0.0003805  0.00100322 0.00166542]) 	 loss 8.624E-03 	 horizons 9.0
step 22500 	 return [0.00344542 0.00524128 0.00281941 0.0019723  0.        ], ([3.8604235e-04 5.8958369e-05 4.6484207e-04 4.6427749e-04 0.0000000e+00]) 	 loss 2.565E-02 	 horizons 9.0
step 22590 	 return [0.         0.         0.00648945 0.00596121 0.00480404], ([0.         0.         0.00059383 0.00065296 0.00080089]) 	 loss 1.192E-02 	 horizons 9.0
step 22680 	 return [0.         0.         0.00610687 0.00508959 0.00774736], ([0.000000e+00 0.000000e+00 4.656613e-10 4.656613e-10 4.656613e-10]) 	 loss 1.748E-02 	 horizons 9.0
step 22770 	 return [0.         0.0047749  0.00862717 0.00400814 0.        ], ([0.000000e+00 4.656613e-10 9.313226e-10 0.000000e+00 0.000000e+00]) 	 loss 1.756E-02 	 horizons 9.0
step 22860 	 return [0.         0.0047749  0.00862717 0.00400814 0.        ], ([0.000000e+00 4.656613e-10 9.313226e-10 0.000000e+00 0.000000e+00]) 	 loss 1.414E-02 	 horizons 9.0
step 22950 	 return [0.00225182 0.00754449 0.00259401 0.00219653 0.        ], ([2.3283064e-10 0.0000000e+00 2.3283064e-10 0.0000000e+00 0.0000000e+00]) 	 loss 6.084E-03 	 horizons 9.0
step 23040 	 return [0.00433451 0.00619534 0.00059373 0.00125648 0.        ], ([2.3025088e-06 3.8309627e-05 9.5275873e-06 2.2670325e-05 0.0000000e+00]) 	 loss 4.723E-03 	 horizons 9.0
step 23130 	 return [0.00351161 0.00621904 0.00117981 0.0012457  0.        ], ([0.00018521 0.00104076 0.00060634 0.00010776 0.        ]) 	 loss 1.287E-02 	 horizons 9.0
step 23220 	 return [0.         0.0082885  0.007156   0.00225526 0.        ], ([0.000000e+00 9.313226e-10 0.000000e+00 0.000000e+00 0.000000e+00]) 	 loss 2.701E-02 	 horizons 9.0
step 23310 	 return [0.         0.         0.0042109  0.00225476 0.01273378], ([0.         0.         0.00018844 0.00136599 0.00234477]) 	 loss 1.190E-02 	 horizons 9.0
step 23400 	 return [0.00232041 0.00591262 0.00374746 0.00198109 0.        ], ([1.7647370e-04 2.7683601e-04 6.8265945e-07 3.6889691e-07 0.0000000e+00]) 	 loss 1.855E-02 	 horizons 9.0
step 23490 	 return [0.         0.00012239 0.00906102 0.00258387 0.        ], ([0.         0.00018695 0.00094053 0.0003196  0.        ]) 	 loss 1.368E-02 	 horizons 9.0
step 23580 	 return [0.00225182 0.00754449 0.00259401 0.00219653 0.        ], ([2.3283064e-10 0.0000000e+00 2.3283064e-10 0.0000000e+00 0.0000000e+00]) 	 loss 4.998E-02 	 horizons 9.0
step 23670 	 return [0.         0.0047749  0.00862717 0.00400814 0.        ], ([0.000000e+00 4.656613e-10 9.313226e-10 0.000000e+00 0.000000e+00]) 	 loss 4.239E-03 	 horizons 9.0
step 23760 	 return [0.         0.         0.00434865 0.00238265 0.01249429], ([0.         0.         0.00018696 0.0006925  0.0013079 ]) 	 loss 1.700E-02 	 horizons 9.0
step 23850 	 return [0.00270558 0.00687322 0.0025932  0.00219561 0.        ], ([2.3283064e-10 0.0000000e+00 2.3283064e-10 0.0000000e+00 0.0000000e+00]) 	 loss 5.585E-03 	 horizons 9.0
step 23940 	 return [0.         0.00114049 0.00833955 0.00093593 0.00055903], ([0.         0.00103392 0.00078267 0.0008032  0.00167708]) 	 loss 8.639E-03 	 horizons 9.0
step 24030 	 return [0.00523481 0.00393741 0.00035753 0.00023763 0.        ], ([2.1031802e-04 4.5428140e-04 7.5592405e-05 2.1721682e-04 0.0000000e+00]) 	 loss 6.889E-02 	 horizons 9.0
step 24120 	 return [0.00433528 0.00620811 0.0005969  0.00124892 0.        ], ([4.6566129e-10 0.0000000e+00 5.8207661e-11 1.1641532e-10 0.0000000e+00]) 	 loss 1.515E-02 	 horizons 9.0
step 24210 	 return [0.         0.00315243 0.00975785 0.00151769 0.        ], ([0.         0.00014635 0.00071813 0.00109978 0.        ]) 	 loss 7.067E-03 	 horizons 9.0
step 24300 	 return [0.00277825 0.0067871  0.00259116 0.00219279 0.        ], ([2.1801396e-04 2.5835933e-04 6.1289870e-06 8.4653730e-06 0.0000000e+00]) 	 loss 1.299E-02 	 horizons 9.0
step 24390 	 return [0.00347799 0.00360111 0.00035179 0.00022022 0.        ], ([1.1745113e-03 1.2003791e-03 6.9908769e-05 1.7147626e-04 0.0000000e+00]) 	 loss 9.748E-03 	 horizons 9.0
step 24480 	 return [0.         0.         0.00601819 0.00222243 0.01141823], ([0.0000000e+00 0.0000000e+00 2.9558782e-05 9.5572189e-04 1.2236235e-03]) 	 loss 8.886E-02 	 horizons 9.0
step 24570 	 return [0.00477443 0.00367995 0.00035525 0.00022216 0.        ], ([1.5914760e-03 1.2266503e-03 6.8753470e-05 1.7082741e-04 0.0000000e+00]) 	 loss 2.521E-02 	 horizons 9.0
step 24660 	 return [0.00523481 0.00393741 0.00035753 0.00023763 0.        ], ([2.1031802e-04 4.5428143e-04 7.5592405e-05 2.1721680e-04 0.0000000e+00]) 	 loss 1.393E-02 	 horizons 9.0
step 24750 	 return [0.00369316 0.00536139 0.00166896 0.00113392 0.        ], ([2.1404908e-04 2.8288816e-04 3.5736832e-04 4.8557849e-05 0.0000000e+00]) 	 loss 8.390E-03 	 horizons 9.0
step 24840 	 return [0.00373338 0.00658899 0.00060827 0.00127476 0.        ], ([2.0063286e-04 1.2696056e-04 3.7895466e-06 8.6110094e-06 0.0000000e+00]) 	 loss 1.095E-02 	 horizons 9.0
step 24930 	 return [0.         0.         0.00446706 0.00400409 0.01112774], ([0. 0. 0. 0. 0.]) 	 loss 2.409E-02 	 horizons 9.0
step 25020 	 return [0.         0.         0.00610687 0.00508959 0.00774736], ([0.000000e+00 0.000000e+00 4.656613e-10 4.656613e-10 4.656613e-10]) 	 loss 1.013E-02 	 horizons 9.0
step 25110 	 return [0.         0.0082885  0.007156   0.00225526 0.        ], ([0.000000e+00 9.313226e-10 0.000000e+00 0.000000e+00 0.000000e+00]) 	 loss 7.410E-03 	 horizons 9.0
step 25200 	 return [0.00433528 0.00620811 0.0005969  0.00124892 0.        ], ([4.6566129e-10 0.0000000e+00 5.8207661e-11 1.1641532e-10 0.0000000e+00]) 	 loss 6.683E-03 	 horizons 9.0
step 25290 	 return [0.         0.0047749  0.00862717 0.00400814 0.        ], ([0.000000e+00 4.656613e-10 9.313226e-10 0.000000e+00 0.000000e+00]) 	 loss 6.061E-03 	 horizons 9.0
step 25380 	 return [0.         0.         0.00570603 0.00111637 0.01222167], ([0.         0.         0.00061749 0.00085981 0.00029181]) 	 loss 1.344E-02 	 horizons 9.0
step 25470 	 return [0.         0.         0.00372378 0.00211675 0.01220877], ([0.         0.         0.00060432 0.0006423  0.00091042]) 	 loss 1.853E-02 	 horizons 9.0
step 25560 	 return [0.00267336 0.00535895 0.00374609 0.00198035 0.        ], ([0.0000000e+00 4.6566129e-10 0.0000000e+00 2.3283064e-10 0.0000000e+00]) 	 loss 1.000E-02 	 horizons 9.0
step 25650 	 return [0.00366602 0.00661776 0.00060592 0.00128518 0.        ], ([1.44427156e-06 4.06670297e-05 1.08468475e-05 2.26703251e-05
 0.00000000e+00]) 	 loss 1.146E-02 	 horizons 9.0
step 25740 	 return [0.         0.00994729 0.00360371 0.00150763 0.        ], ([0.         0.00081883 0.00074199 0.00035797 0.        ]) 	 loss 7.176E-03 	 horizons 9.0
step 25830 	 return [0.         0.         0.00610687 0.00508959 0.00774736], ([0.000000e+00 0.000000e+00 4.656613e-10 4.656613e-10 4.656613e-10]) 	 loss 9.956E-03 	 horizons 9.0
step 25920 	 return [0.         0.00944503 0.00518609 0.00224509 0.        ], ([0.0000000e+00 9.3132257e-10 4.6566129e-10 2.3283064e-10 0.0000000e+00]) 	 loss 1.114E-02 	 horizons 9.0
step 26010 	 return [0.00357981 0.00686015 0.00060958 0.00127771 0.        ], ([1.7337540e-04 4.5767429e-04 8.5798114e-08 1.7471616e-07 0.0000000e+00]) 	 loss 6.051E-03 	 horizons 9.0
step 26100 	 return [0.         0.00313918 0.00961996 0.00165048 0.        ], ([0.         0.00016346 0.00062085 0.00127187 0.        ]) 	 loss 3.267E-03 	 horizons 9.0
step 26190 	 return [0.00010722 0.00868569 0.00421195 0.0020423  0.        ], ([0.00032167 0.00054881 0.00108714 0.00036396 0.        ]) 	 loss 6.095E-03 	 horizons 9.0
step 26280 	 return [0.00364321 0.00536699 0.00234849 0.00133938 0.        ], ([1.0458331e-05 4.2230284e-04 6.3398463e-04 7.0862303e-04 0.0000000e+00]) 	 loss 2.282E-02 	 horizons 9.0
step 26370 	 return [0.         0.01004164 0.00335705 0.00150811 0.        ], ([0.         0.0006645  0.00060502 0.00035894 0.        ]) 	 loss 6.406E-03 	 horizons 9.0
step 26460 	 return [0.00530492 0.00408883 0.00033233 0.00016522 0.        ], ([4.6566129e-10 0.0000000e+00 0.0000000e+00 1.4551915e-11 0.0000000e+00]) 	 loss 1.245E-02 	 horizons 9.0
step 26550 	 return [0.         0.         0.00601478 0.00068647 0.01236758], ([0.000000e+00 0.000000e+00 4.656613e-10 5.820766e-11 0.000000e+00]) 	 loss 5.448E-03 	 horizons 9.0
step 26640 	 return [0.00270558 0.00687322 0.0025932  0.00219561 0.        ], ([2.3283064e-10 0.0000000e+00 2.3283064e-10 0.0000000e+00 0.0000000e+00]) 	 loss 6.368E-03 	 horizons 9.0
step 26730 	 return [0.00347491 0.00517651 0.00276175 0.00059557 0.        ], ([5.1906251e-04 1.3987762e-04 1.9075836e-04 4.2398110e-06 0.0000000e+00]) 	 loss 5.671E-03 	 horizons 9.0
step 26820 	 return [0.         0.00326819 0.00925911 0.00067023 0.        ], ([0.000000e+00 0.000000e+00 9.313226e-10 0.000000e+00 0.000000e+00]) 	 loss 1.305E-02 	 horizons 9.0
step 26910 	 return [0.         0.00958298 0.00291864 0.00177528 0.        ], ([0.         0.00041213 0.00029904 0.00045152 0.        ]) 	 loss 6.320E-03 	 horizons 9.0
step 27000 	 return [0.         0.         0.00610687 0.00508959 0.00774736], ([0.000000e+00 0.000000e+00 4.656613e-10 4.656613e-10 4.656613e-10]) 	 loss 4.415E-02 	 horizons 9.0
step 27090 	 return [0.00365262 0.00605396 0.00131231 0.00153787 0.        ], ([1.6693688e-05 6.8068143e-04 8.9443784e-04 4.1449998e-04 0.0000000e+00]) 	 loss 1.463E-02 	 horizons 9.0
step 27180 	 return [0.         0.         0.00610687 0.00508959 0.00774736], ([0.000000e+00 0.000000e+00 4.656613e-10 4.656613e-10 4.656613e-10]) 	 loss 2.662E-02 	 horizons 9.0
step 27270 	 return [0.00263765 0.00588036 0.00340031 0.00204502 0.        ], ([1.2923591e-04 8.1510202e-04 5.2819605e-04 9.8786368e-05 0.0000000e+00]) 	 loss 1.542E-02 	 horizons 9.0
step 27360 	 return [0.         0.         0.00406306 0.00132483 0.01449214], ([0.0000000e+00 0.0000000e+00 4.6566129e-10 1.1641532e-10 0.0000000e+00]) 	 loss 1.241E-02 	 horizons 9.0
step 27450 	 return [0.00270558 0.00687322 0.0025932  0.00219561 0.        ], ([2.3283064e-10 0.0000000e+00 2.3283064e-10 0.0000000e+00 0.0000000e+00]) 	 loss 1.678E-02 	 horizons 9.0
step 27540 	 return [0.00225182 0.00754449 0.00259401 0.00219653 0.        ], ([2.3283064e-10 0.0000000e+00 2.3283064e-10 0.0000000e+00 0.0000000e+00]) 	 loss 1.004E-02 	 horizons 9.0
step 27630 	 return [0.         0.         0.00281965 0.00314775 0.01329746], ([0.         0.         0.00060882 0.00035264 0.00093034]) 	 loss 1.271E-02 	 horizons 9.0
step 27720 	 return [0.         0.         0.00610687 0.00508959 0.00774736], ([0.000000e+00 0.000000e+00 4.656613e-10 4.656613e-10 4.656613e-10]) 	 loss 1.309E-02 	 horizons 9.0
step 27810 	 return [0.         0.00326819 0.00925911 0.00067023 0.        ], ([0.000000e+00 0.000000e+00 9.313226e-10 0.000000e+00 0.000000e+00]) 	 loss 4.578E-03 	 horizons 9.0
step 27900 	 return [0.         0.         0.00600834 0.00190385 0.0118261 ], ([0.0000000e+00 0.0000000e+00 4.6566129e-10 2.3283064e-10 9.3132257e-10]) 	 loss 1.254E-02 	 horizons 9.0
step 27990 	 return [0.         0.         0.00610687 0.00508959 0.00774736], ([0.000000e+00 0.000000e+00 4.656613e-10 4.656613e-10 4.656613e-10]) 	 loss 2.668E-03 	 horizons 9.0
step 28080 	 return [0.         0.         0.00251524 0.00332407 0.01376263], ([0.0000000e+00 0.0000000e+00 2.3283064e-10 0.0000000e+00 0.0000000e+00]) 	 loss 3.214E-03 	 horizons 9.0
step 28170 	 return [0.         0.         0.00251524 0.00332407 0.01376263], ([0.0000000e+00 0.0000000e+00 2.3283064e-10 0.0000000e+00 0.0000000e+00]) 	 loss 4.449E-03 	 horizons 9.0
step 28260 	 return [0.00343229 0.00601202 0.00257277 0.00216739 0.        ], ([2.3283064e-10 0.0000000e+00 0.0000000e+00 2.3283064e-10 0.0000000e+00]) 	 loss 2.246E-03 	 horizons 9.0
step 28350 	 return [0.0026602  0.00694034 0.00259328 0.0021957  0.        ], ([1.3612707e-04 2.0138138e-04 2.4272597e-07 2.7667267e-07 0.0000000e+00]) 	 loss 3.883E-04 	 horizons 9.0
step 28440 	 return [0.00010722 0.00815488 0.0026556  0.00211621 0.        ], ([0.00032167 0.00019044 0.00016052 0.00027038 0.        ]) 	 loss 2.191E-04 	 horizons 9.0
step 28530 	 return [0.00270558 0.00687322 0.0025932  0.00219561 0.        ], ([2.3283064e-10 0.0000000e+00 2.3283064e-10 0.0000000e+00 0.0000000e+00]) 	 loss 2.467E-02 	 horizons 9.0
step 28620 	 return [0.         0.         0.00414466 0.00162706 0.01392133], ([0.         0.         0.00016319 0.00060447 0.00114163]) 	 loss 3.623E-02 	 horizons 9.0
step 28710 	 return [0.         0.         0.00410441 0.00246705 0.01230013], ([0.         0.         0.00056679 0.00061683 0.00086753]) 	 loss 1.140E-02 	 horizons 9.0
step 28800 	 return [0.         0.         0.00569561 0.00335494 0.00764462], ([0.         0.         0.00082133 0.00037602 0.00264005]) 	 loss 3.134E-03 	 horizons 9.0
step 28890 	 return [0.00225182 0.00754449 0.00259401 0.00219653 0.        ], ([2.3283064e-10 0.0000000e+00 2.3283064e-10 0.0000000e+00 0.0000000e+00]) 	 loss 4.123E-02 	 horizons 9.0
step 28980 	 return [0.         0.         0.00610687 0.00508959 0.00774736], ([0.000000e+00 0.000000e+00 4.656613e-10 4.656613e-10 4.656613e-10]) 	 loss 9.645E-03 	 horizons 9.0
step 29070 	 return [0.00343229 0.00601202 0.00257277 0.00216739 0.        ], ([2.3283064e-10 0.0000000e+00 0.0000000e+00 2.3283064e-10 0.0000000e+00]) 	 loss 3.239E-03 	 horizons 9.0
step 29160 	 return [0.00225182 0.00754449 0.00259401 0.00219653 0.        ], ([2.3283064e-10 0.0000000e+00 2.3283064e-10 0.0000000e+00 0.0000000e+00]) 	 loss 4.618E-04 	 horizons 9.0
step 29250 	 return [0.00267336 0.00535895 0.00374609 0.00198035 0.        ], ([0.0000000e+00 4.6566129e-10 0.0000000e+00 2.3283064e-10 0.0000000e+00]) 	 loss 3.521E-04 	 horizons 9.0
step 29340 	 return [0.0022972  0.00747736 0.00259393 0.00219644 0.        ], ([1.3612706e-04 2.0138138e-04 2.4272597e-07 2.7667267e-07 0.0000000e+00]) 	 loss 2.114E-04 	 horizons 9.0
step 29430 	 return [0.00267658 0.00551038 0.0036308  0.00200188 0.        ], ([9.6651729e-06 4.5427933e-04 3.4586643e-04 6.4578438e-05 0.0000000e+00]) 	 loss 2.090E-04 	 horizons 9.0
step 29520 	 return [0.         0.         0.00251524 0.00332407 0.01376263], ([0.0000000e+00 0.0000000e+00 2.3283064e-10 0.0000000e+00 0.0000000e+00]) 	 loss 1.812E-04 	 horizons 9.0
step 29610 	 return [0.00237803 0.00591076 0.00418915 0.00158857 0.        ], ([0.0002228  0.00021429 0.00067417 0.00059987 0.        ]) 	 loss 1.581E-04 	 horizons 9.0
step 29700 	 return [0.         0.         0.00488455 0.0012206  0.01335691], ([0.         0.         0.00093032 0.00061685 0.00115383]) 	 loss 5.826E-04 	 horizons 9.0
step 29790 	 return [0.00271836 0.00558343 0.00521896 0.00067225 0.        ], ([2.3283064e-10 4.6566129e-10 4.6566129e-10 0.0000000e+00 0.0000000e+00]) 	 loss 5.590E-04 	 horizons 9.0
step 29880 	 return [0.0028477  0.00654955 0.00270441 0.00216844 0.        ], ([2.9245141e-04 5.2237179e-04 3.4732185e-04 6.3677362e-05 0.0000000e+00]) 	 loss 2.819E-04 	 horizons 9.0
step 29970 	 return [0.         0.         0.00446706 0.00400409 0.01112774], ([0. 0. 0. 0. 0.]) 	 loss 2.182E-04 	 horizons 9.0
step 30060 	 return [0.         0.         0.00251524 0.00332407 0.01376263], ([0.0000000e+00 0.0000000e+00 2.3283064e-10 0.0000000e+00 0.0000000e+00]) 	 loss 2.041E-04 	 horizons 9.0
[1;34mwandb[0m: 
[1;34mwandb[0m: 🚀 View run [33mmotndp_amsterdam-v0__GCN-amsterdam-g5-temporal__1024__1781501662[0m at: [34mhttps://wandb.ai/jingyuan-sun03-tu-delft/cl_ablation/runs/kbp3y596[0m
[1;34mwandb[0m: Find logs at: [1;35mwandb/run-20260615_073423-kbp3y596/logs[0m
