/home/SinJ/mo-transport-network-design/.venv/lib/python3.13/site-packages/pygame/pkgdata.py:25: UserWarning: pkg_resources is deprecated as an API. See https://setuptools.pypa.io/en/latest/pkg_resources.html. The pkg_resources package is slated for removal as early as 2025-11-30. Refrain from using this package or pin to Setuptools<81.
  from pkg_resources import resource_stream, resource_exists
wandb: [wandb.login()] Loaded credentials for https://api.wandb.ai from /home/SinJ/.netrc.
wandb: Currently logged in as: jingyuan-sun03 (jingyuan-sun03-tu-delft) to https://api.wandb.ai. Use `wandb login --relogin` to force relogin
wandb: setting up run kato7fnx
wandb: Tracking run with wandb version 0.27.2
wandb: Run data is saved locally in /home/SinJ/mo-transport-network-design/wandb/run-20260615_104816-kato7fnx
wandb: Run `wandb offline` to turn off syncing.
wandb: Syncing run motndp_amsterdam-v0__GCN-amsterdam-g7-spatial__789__1781513295
wandb: ⭐️ View project at https://wandb.ai/jingyuan-sun03-tu-delft/cl_ablation
wandb: 🚀 View run at https://wandb.ai/jingyuan-sun03-tu-delft/cl_ablation/runs/kato7fnx
/home/SinJ/mo-transport-network-design/morl-baselines/morl_baselines/multi_policy/gcn/gcn.py:151: UserWarning: Creating a tensor from a list of numpy.ndarrays is extremely slow. Please consider converting the list to a single numpy.ndarray with numpy.array() before converting to a tensor. (Triggered internally at /pytorch/torch/csrc/utils/tensor_new.cpp:253.)
  th.tensor(obs).to(self.device),
Namespace(env='amsterdam', nr_groups=7, starting_loc_x=9, starting_loc_y=19, nr_stations=10, lr=0.01, batch_size=256, num_er_episodes=100, num_step_episodes=10, num_model_updates=10, num_policies=10, max_buffer_size=200, nr_layers=1, hidden_dim=128, timesteps=30000, no_log=False, seed=789, cd_threshold=0.2, distance_ref='interpolate2', gcn_lambda=0.0, lambda_schedule='constant', lambda_start=1.0, lambda_end=None, lambda_warmup_fraction=0.0, lambda_freeze_fraction=0.1, spatial_alpha=0.5, include_demand_context=False, criterion='lorenz', nash_mode='pareto_sized', nash_top_k=None, nash_shift=0.0, project_name='cl_ablation', experiment_name='GCN-amsterdam-g7-spatial', wandb_entity=None)
step 990 	 return [0.         0.00106406 0.00373627 0.00199654 0.00120556 0.00165314
 0.00220731], ([0.         0.00095219 0.00313222 0.00225627 0.00125895 0.00248908
 0.0044168 ]) 	 loss 2.037E+00 	 horizons 9.0
step 1080 	 return [0.00037438 0.00085944 0.00106064 0.00058271 0.0008155  0.00122671
 0.00050206], ([0.0007642  0.00095673 0.00101135 0.000621   0.00107869 0.00206853
 0.00150617]) 	 loss 1.843E+00 	 horizons 9.0
step 1170 	 return [0.         0.00053152 0.0027373  0.00146    0.00132854 0.00243397
 0.00044883], ([0.         0.00108886 0.00388628 0.00217504 0.00117196 0.00305946
 0.00134648]) 	 loss 1.421E+00 	 horizons 9.0
step 1260 	 return [0.00069036 0.00038977 0.00406745 0.00054186 0.00114291 0.00149569
 0.00170386], ([0.00160922 0.00039201 0.00347177 0.00092589 0.00071732 0.00226701
 0.00380468]) 	 loss 1.230E+00 	 horizons 9.0
step 1350 	 return [0.00046227 0.00165351 0.00294719 0.00052702 0.00116659 0.00206491
 0.00121521], ([0.00110163 0.0012554  0.00255664 0.00064692 0.00099821 0.00306115
 0.00250414]) 	 loss 1.129E+00 	 horizons 9.0
step 1440 	 return [0.00094395 0.00079148 0.00226685 0.00030868 0.00080769 0.00043956
 0.        ], ([0.00208018 0.00081286 0.00329048 0.00038629 0.00048978 0.00031236
 0.        ]) 	 loss 1.061E+00 	 horizons 9.0
step 1530 	 return [0.00109672 0.00085012 0.00125702 0.00026522 0.00131619 0.00164465
 0.0001945 ], ([0.00191127 0.00083764 0.00183002 0.00030101 0.00132024 0.00257862
 0.0005835 ]) 	 loss 1.036E+00 	 horizons 9.0
step 1620 	 return [0.         0.00011697 0.00517529 0.00164003 0.00150216 0.00272513
 0.00420222], ([0.         0.0003509  0.0043142  0.00175362 0.00070372 0.00336489
 0.00440483]) 	 loss 1.038E+00 	 horizons 9.0
step 1710 	 return [0.00011368 0.00066958 0.00602207 0.00078858 0.00122991 0.00089332
 0.00053437], ([0.00034103 0.00077804 0.00255474 0.00122987 0.00047793 0.00232102
 0.00160311]) 	 loss 9.918E-01 	 horizons 9.0
step 1800 	 return [0.         0.0005982  0.0067733  0.00103694 0.00117456 0.00128591
 0.00078874], ([0.         0.00070624 0.00290139 0.00134876 0.00031277 0.00235055
 0.00236622]) 	 loss 9.771E-01 	 horizons 9.0
step 1890 	 return [0.         0.         0.00104167 0.00120506 0.00246705 0.00690848
 0.00459601], ([0.         0.         0.00082382 0.00184694 0.00082471 0.00219533
 0.00285165]) 	 loss 9.858E-01 	 horizons 9.0
step 1980 	 return [0.         0.00094153 0.00672148 0.00019044 0.00101327 0.0005236
 0.        ], ([0.         0.0008118  0.00146177 0.00029229 0.00066151 0.00072383
 0.        ]) 	 loss 9.433E-01 	 horizons 9.0
step 2070 	 return [0.         0.         0.00228805 0.00265507 0.00245746 0.00302861
 0.00693572], ([0.         0.         0.00181057 0.00248237 0.00132005 0.00213604
 0.00342876]) 	 loss 9.554E-01 	 horizons 9.0
step 2160 	 return [0.         0.00077928 0.0004067  0.00042135 0.000905   0.00217459
 0.00044543], ([0.         0.00130046 0.00060678 0.00037761 0.00130202 0.00389612
 0.00133628]) 	 loss 9.112E-01 	 horizons 9.0
step 2250 	 return [0.         0.         0.00162061 0.0035252  0.00206275 0.00679458
 0.00691803], ([0.         0.         0.00047777 0.0022006  0.0007634  0.00167855
 0.00298111]) 	 loss 9.181E-01 	 horizons 9.0
step 2340 	 return [0.         0.         0.00169812 0.00346607 0.00380611 0.00520285
 0.00879607], ([0.         0.         0.00039588 0.0019243  0.00250044 0.00277612
 0.00249984]) 	 loss 8.699E-01 	 horizons 9.0
step 2430 	 return [0.00015223 0.00048942 0.0076132  0.00168995 0.00162681 0.
 0.        ], ([0.00045668 0.00076153 0.00166823 0.00221898 0.00073743 0.
 0.        ]) 	 loss 8.590E-01 	 horizons 9.0
step 2520 	 return [0.         0.         0.00185633 0.0032189  0.0037734  0.00616327
 0.00754085], ([0.         0.         0.00077179 0.00099949 0.00269791 0.00212394
 0.00292635]) 	 loss 8.473E-01 	 horizons 9.0
step 2610 	 return [0.00011903 0.00084928 0.00231159 0.00067791 0.00083082 0.00101932
 0.        ], ([0.00035709 0.00084356 0.00239572 0.00033903 0.00012488 0.0005583
 0.        ]) 	 loss 8.112E-01 	 horizons 9.0
step 2700 	 return [0.00201898 0.00208813 0.00212099 0.00039267 0.00049429 0.00037897
 0.        ], ([0.00196122 0.00133461 0.00115898 0.00033454 0.00020817 0.0002888
 0.        ]) 	 loss 8.017E-01 	 horizons 9.0
step 2790 	 return [0.00042386 0.00077357 0.00700087 0.00048335 0.00163252 0.00020693
 0.        ], ([0.00127157 0.0009019  0.00206814 0.00096672 0.00069053 0.0006208
 0.        ]) 	 loss 7.640E-01 	 horizons 9.0
step 2880 	 return [0.000346   0.00079746 0.0057139  0.00046779 0.00122071 0.00023393
 0.        ], ([0.00069204 0.00082854 0.00290001 0.00077142 0.00062343 0.00047004
 0.        ]) 	 loss 7.515E-01 	 horizons 9.0
step 2970 	 return [0.00201859 0.0020676  0.00239403 0.00032329 0.00052166 0.00047735
 0.        ], ([0.00147798 0.00094159 0.00176965 0.00040474 0.00014782 0.00055854
 0.        ]) 	 loss 7.531E-01 	 horizons 9.0
step 3060 	 return [0.         0.         0.00199279 0.0041391  0.00470132 0.00645694
 0.00696423], ([0.         0.         0.00046029 0.00217928 0.00272131 0.00198964
 0.00255645]) 	 loss 7.506E-01 	 horizons 9.0
step 3150 	 return [0.00358861 0.00039806 0.00131706 0.00061665 0.00072843 0.00075626
 0.        ], ([0.003075   0.00063493 0.00209342 0.00032671 0.00019896 0.00049474
 0.        ]) 	 loss 7.665E-01 	 horizons 9.0
step 3240 	 return [0.         0.         0.00690546 0.00437204 0.00291119 0.
 0.00062029], ([0.         0.         0.00284833 0.00224348 0.00099114 0.
 0.00186088]) 	 loss 7.060E-01 	 horizons 9.0
step 3330 	 return [0.         0.00045753 0.01006563 0.00312392 0.00209823 0.0004742
 0.        ], ([0.         0.0006989  0.00134031 0.00274454 0.00047644 0.00094842
 0.        ]) 	 loss 7.145E-01 	 horizons 9.0
step 3420 	 return [0.00026392 0.0004494  0.00669382 0.00141493 0.00234579 0.00073818
 0.00076545], ([0.00079177 0.00056533 0.00179207 0.00127684 0.00040198 0.00221453
 0.00229635]) 	 loss 6.931E-01 	 horizons 9.0
step 3510 	 return [0.         0.         0.00206796 0.00717924 0.00530318 0.00638437
 0.00584536], ([0.0000000e+00 0.0000000e+00 2.9988951e-05 8.9825963e-04 2.1980968e-03
 1.4288750e-03 7.9765689e-04]) 	 loss 6.735E-01 	 horizons 9.0
step 3600 	 return [0.00149229 0.00171242 0.00167566 0.0007244  0.00040891 0.00099274
 0.        ], ([0.0019508  0.00100774 0.00089162 0.00032166 0.00032242 0.00088032
 0.        ]) 	 loss 6.592E-01 	 horizons 9.0
step 3690 	 return [0.00066477 0.0024783  0.00763869 0.0001702  0.00129132 0.00075783
 0.        ], ([0.00081422 0.00104139 0.00137525 0.0003483  0.00060576 0.00118434
 0.        ]) 	 loss 6.246E-01 	 horizons 9.0
step 3780 	 return [0.00017119 0.00034717 0.00808578 0.00105981 0.00130555 0.
 0.        ], ([0.00051356 0.00055313 0.00107286 0.00164831 0.00058031 0.
 0.        ]) 	 loss 6.320E-01 	 horizons 9.0
step 3870 	 return [0.00420347 0.00150498 0.00196506 0.00021848 0.00052154 0.00035187
 0.        ], ([0.00080395 0.00151638 0.00165037 0.00034108 0.00014517 0.00046759
 0.        ]) 	 loss 5.922E-01 	 horizons 9.0
step 3960 	 return [0.00159975 0.00212389 0.00301365 0.00059876 0.00077796 0.00126918
 0.        ], ([0.00141736 0.00091865 0.00133049 0.00031662 0.00033691 0.00071828
 0.        ]) 	 loss 6.173E-01 	 horizons 9.0
step 4050 	 return [0.         0.         0.00205823 0.00652434 0.00682391 0.00667827
 0.00588754], ([0.0000000e+00 0.0000000e+00 8.1780738e-05 1.9435546e-03 1.6765138e-03
 9.6764648e-04 8.0706598e-04]) 	 loss 5.960E-01 	 horizons 9.0
step 4140 	 return [0.00045179 0.0016016  0.0082172  0.000674   0.00111286 0.00077919
 0.        ], ([0.00069758 0.0011435  0.00156584 0.00105218 0.00066879 0.00095835
 0.        ]) 	 loss 5.463E-01 	 horizons 9.0
step 4230 	 return [0.00041922 0.00113502 0.00592456 0.00057889 0.00203144 0.
 0.        ], ([0.00087562 0.00089109 0.00144619 0.0011105  0.00040865 0.
 0.        ]) 	 loss 4.803E-01 	 horizons 9.0
step 4320 	 return [0.         0.         0.00222324 0.00754301 0.00774044 0.00635815
 0.00577228], ([0.0000000e+00 0.0000000e+00 3.6960060e-04 1.4153660e-03 6.1727704e-05
 2.3812470e-04 3.9179102e-04]) 	 loss 4.940E-01 	 horizons 9.0
step 4410 	 return [0.00264928 0.00094104 0.00734938 0.00240399 0.0025849  0.
 0.        ], ([0.00225368 0.00112475 0.00105665 0.00125759 0.00021965 0.
 0.        ]) 	 loss 4.826E-01 	 horizons 9.0
step 4500 	 return [0.00346255 0.00248641 0.00426978 0.00017914 0.00047618 0.00082423
 0.        ], ([1.3958059e-03 1.1204106e-03 1.1241968e-03 2.7389551e-04 3.2748550e-05
 9.9065399e-04 0.0000000e+00]) 	 loss 4.643E-01 	 horizons 9.0
step 4590 	 return [0.         0.         0.00210016 0.00779247 0.00776769 0.00636182
 0.00577662], ([0.000000e+00 0.000000e+00 5.410984e-07 8.018978e-04 6.430689e-05
 2.306467e-04 3.830064e-04]) 	 loss 4.499E-01 	 horizons 9.0
step 4680 	 return [0.         0.         0.00229855 0.00775407 0.00508589 0.00614579
 0.00608034], ([0.         0.         0.0006962  0.00241494 0.0024655  0.00222998
 0.00257495]) 	 loss 4.228E-01 	 horizons 9.0
step 4770 	 return [0.001208   0.00247952 0.00842725 0.00010193 0.00159874 0.
 0.        ], ([0.00079166 0.00088982 0.00132539 0.00030578 0.00017193 0.
 0.        ]) 	 loss 3.779E-01 	 horizons 9.0
step 4860 	 return [0.00085577 0.00262019 0.00836018 0.00031402 0.00108873 0.00078396
 0.        ], ([0.00085625 0.00066778 0.00149589 0.00039905 0.00064515 0.00096333
 0.        ]) 	 loss 3.461E-01 	 horizons 9.0
step 4950 	 return [2.7243826e-03 3.4206368e-03 6.1008367e-03 5.9759455e-05 5.1768112e-04
 5.4636103e-04 0.0000000e+00], ([9.2694035e-04 9.0330816e-04 6.9612969e-04 1.7927834e-04 3.2396663e-05
 8.3321636e-04 0.0000000e+00]) 	 loss 3.465E-01 	 horizons 9.0
step 5040 	 return [4.2626942e-03 2.0497935e-03 3.7799417e-03 5.7897159e-05 4.8631098e-04
 2.6425501e-04 0.0000000e+00], ([1.6731010e-03 1.2414907e-03 4.1551061e-04 1.7369147e-04 6.0960610e-05
 6.0808874e-04 0.0000000e+00]) 	 loss 3.513E-01 	 horizons 9.0
step 5130 	 return [0.00211809 0.00303086 0.00478738 0.00023596 0.00048384 0.00118406
 0.        ], ([1.2907956e-03 9.6719648e-04 1.0752042e-03 2.8909600e-04 4.5897235e-05
 9.2277548e-04 0.0000000e+00]) 	 loss 3.023E-01 	 horizons 9.0
step 5220 	 return [0.0021347  0.00204018 0.00558231 0.00058407 0.00074859 0.00126954
 0.        ], ([0.00089027 0.00084353 0.00129101 0.00031009 0.00040168 0.00083226
 0.        ]) 	 loss 3.129E-01 	 horizons 9.0
step 5310 	 return [0.00546181 0.00135096 0.00330724 0.00016919 0.00046988 0.00055819
 0.        ], ([1.6946952e-03 1.1430489e-03 1.5723202e-03 2.5856256e-04 3.7939506e-05
 6.6382182e-04 0.0000000e+00]) 	 loss 3.037E-01 	 horizons 9.0
step 5400 	 return [0.00141278 0.0019342  0.00727557 0.00266325 0.00243626 0.
 0.        ], ([0.00087393 0.0010537  0.0009211  0.00094212 0.00017645 0.
 0.        ]) 	 loss 2.994E-01 	 horizons 9.0
step 5490 	 return [0.         0.00015277 0.00691203 0.00748484 0.00355006 0.00085007
 0.00055532], ([0.         0.00045831 0.00403424 0.00097143 0.00128279 0.00104112
 0.00068012]) 	 loss 2.793E-01 	 horizons 9.0
step 5580 	 return [0.00232383 0.00229447 0.00403829 0.00065738 0.00081245 0.00179236
 0.        ], ([0.0011295  0.00129635 0.0006501  0.00034367 0.00034253 0.00065338
 0.        ]) 	 loss 2.806E-01 	 horizons 9.0
step 5670 	 return [0.00688551 0.00168029 0.00401129 0.00023231 0.00046788 0.00025736
 0.        ], ([1.6391903e-04 6.3520763e-04 8.5233973e-04 2.8451605e-04 3.5395340e-05
 3.1520627e-04 0.0000000e+00]) 	 loss 2.835E-01 	 horizons 9.0
step 5760 	 return [0.00152838 0.0027537  0.00788238 0.00030631 0.00120768 0.00055915
 0.        ], ([0.00051179 0.00096898 0.00115318 0.00038596 0.00062687 0.00085416
 0.        ]) 	 loss 2.343E-01 	 horizons 9.0
step 5850 	 return [0.00427988 0.00254147 0.00372772 0.000116   0.00046522 0.00013015
 0.        ], ([7.3147757e-04 9.1696827e-04 6.6603790e-04 2.3201678e-04 2.6351494e-05
 2.6071072e-04 0.0000000e+00]) 	 loss 2.291E-01 	 horizons 9.0
step 5940 	 return [0.         0.         0.00210016 0.00779247 0.00776769 0.00636182
 0.00577662], ([0.0000000e+00 0.0000000e+00 5.4109842e-07 8.0189778e-04 6.4306885e-05
 2.3064671e-04 3.8300638e-04]) 	 loss 2.302E-01 	 horizons 9.0
step 6030 	 return [0.00110301 0.00228411 0.00763238 0.00153153 0.00254603 0.
 0.        ], ([1.2328383e-03 7.3346024e-04 9.3371363e-04 1.3471533e-03 7.8918223e-05
 0.0000000e+00 0.0000000e+00]) 	 loss 2.192E-01 	 horizons 9.0
step 6120 	 return [0.00380511 0.00288637 0.00600682 0.00012586 0.00051723 0.0004543
 0.        ], ([1.4749700e-03 1.3480402e-03 8.0261828e-04 2.5212480e-04 6.3493520e-05
 7.6262205e-04 0.0000000e+00]) 	 loss 2.224E-01 	 horizons 9.0
step 6210 	 return [0.00430094 0.00237866 0.00231457 0.00034197 0.00043157 0.00045031
 0.        ], ([4.1376406e-04 7.4953813e-04 6.7374122e-04 2.7923216e-04 1.9716932e-05
 3.0563297e-04 0.0000000e+00]) 	 loss 1.971E-01 	 horizons 9.0
step 6300 	 return [0.00300412 0.00237936 0.00372561 0.00054168 0.00053918 0.00140562
 0.        ], ([0.00145686 0.00111097 0.00088175 0.00028434 0.00015752 0.00063543
 0.        ]) 	 loss 1.876E-01 	 horizons 9.0
step 6390 	 return [0.         0.         0.00617068 0.00802495 0.0046907  0.00182342
 0.        ], ([0.         0.         0.00338403 0.00166836 0.00155241 0.00223322
 0.        ]) 	 loss 1.915E-01 	 horizons 9.0
step 6480 	 return [0.00572513 0.00067357 0.00196555 0.00084074 0.00084807 0.00175839
 0.        ], ([7.7047717e-04 6.8842282e-04 5.1224616e-04 2.5715615e-06 4.5940569e-06
 5.5781609e-05 0.0000000e+00]) 	 loss 1.845E-01 	 horizons 9.0
step 6570 	 return [0.         0.         0.00209936 0.00778661 0.00758871 0.00612902
 0.00583435], ([0.0000000e+00 0.0000000e+00 2.5262289e-06 7.9915451e-04 5.5133592e-04
 6.9802371e-04 4.4588101e-04]) 	 loss 1.775E-01 	 horizons 9.0
step 6660 	 return [2.5100803e-03 3.7568335e-03 6.8689911e-03 6.6989254e-05 5.3418032e-04
 3.9183738e-04 0.0000000e+00], ([1.0158543e-03 5.9133366e-04 4.9984938e-04 2.0096776e-04 6.3298161e-05
 7.8697543e-04 0.0000000e+00]) 	 loss 1.565E-01 	 horizons 9.0
step 6750 	 return [0.00177978 0.00259328 0.00779463 0.00031809 0.00166442 0.00045337
 0.        ], ([0.00133751 0.00112432 0.00108162 0.00048616 0.00044441 0.00090678
 0.        ]) 	 loss 1.667E-01 	 horizons 9.0
step 6840 	 return [0.         0.         0.00980461 0.00730023 0.00279318 0.00046778
 0.        ], ([0.         0.         0.00136918 0.00116223 0.0005511  0.00093611
 0.        ]) 	 loss 1.566E-01 	 horizons 9.0
step 6930 	 return [0.00309777 0.00284391 0.00546759 0.0001185  0.00048879 0.00033921
 0.        ], ([1.1542751e-03 8.5178838e-04 8.6770533e-04 2.3700861e-04 3.8561262e-05
 4.2642330e-04 0.0000000e+00]) 	 loss 1.452E-01 	 horizons 9.0
step 7020 	 return [0.00139013 0.00203028 0.00940325 0.00077544 0.00099398 0.00075923
 0.        ], ([0.00069585 0.0011718  0.00109352 0.00135153 0.00050999 0.00092994
 0.        ]) 	 loss 1.503E-01 	 horizons 9.0
step 7110 	 return [0.00289829 0.00288976 0.00441543 0.00045737 0.00050954 0.00172599
 0.        ], ([6.4828455e-05 4.7119684e-04 1.8716040e-04 2.9942306e-04 8.9466892e-05
 2.6560115e-04 0.0000000e+00]) 	 loss 1.305E-01 	 horizons 9.0
step 7200 	 return [0.         0.         0.00281118 0.00357096 0.00620196 0.00721581
 0.00568284], ([0.         0.         0.00052532 0.00016039 0.00205426 0.00096914
 0.00129608]) 	 loss 1.283E-01 	 horizons 9.0
step 7290 	 return [0.00665291 0.0018561  0.00303338 0.00046301 0.00043965 0.00075746
 0.        ], ([2.6050830e-04 3.2446536e-04 6.6208898e-04 2.3155259e-04 3.3207249e-05
 5.0245691e-04 0.0000000e+00]) 	 loss 1.121E-01 	 horizons 9.0
step 7380 	 return [0.         0.00045831 0.01068824 0.00570916 0.00295788 0.
 0.        ], ([0.         0.00070007 0.00160138 0.00120554 0.00041985 0.
 0.        ]) 	 loss 1.138E-01 	 horizons 9.0
step 7470 	 return [0.00140102 0.0020899  0.00764243 0.00199074 0.00253186 0.
 0.        ], ([1.1028610e-03 5.1456911e-04 1.3607267e-03 1.3032436e-03 8.3060891e-05
 0.0000000e+00 0.0000000e+00]) 	 loss 1.106E-01 	 horizons 9.0
step 7560 	 return [0.0062534  0.0010667  0.00515533 0.00061367 0.00052497 0.00181109
 0.        ], ([0.00094222 0.00041709 0.00055313 0.00021205 0.00013332 0.00010333
 0.        ]) 	 loss 1.181E-01 	 horizons 9.0
step 7650 	 return [0.         0.         0.01031392 0.0057141  0.0033301  0.
 0.        ], ([0.         0.         0.00084154 0.00105992 0.00045046 0.
 0.        ]) 	 loss 1.302E-01 	 horizons 9.0
step 7740 	 return [0.00508804 0.00209732 0.00499635 0.         0.00050109 0.00010186
 0.        ], ([1.6412195e-03 9.6462364e-04 9.6456014e-04 0.0000000e+00 1.5367661e-05
 3.0558975e-04 0.0000000e+00]) 	 loss 1.237E-01 	 horizons 9.0
step 7830 	 return [0.00422888 0.00194253 0.00613427 0.00070666 0.00054585 0.00183266
 0.        ], ([1.2921742e-03 9.7293331e-04 1.5194908e-03 7.1090406e-05 1.5802830e-04
 5.2579482e-05 0.0000000e+00]) 	 loss 1.115E-01 	 horizons 9.0
step 7920 	 return [0.         0.         0.00304681 0.00336003 0.00350659 0.00745262
 0.00735584], ([0.         0.         0.00029174 0.00010039 0.00132573 0.00021254
 0.00089598]) 	 loss 1.274E-01 	 horizons 9.0
step 8010 	 return [0.00509221 0.00330727 0.00373568 0.         0.00043705 0.
 0.        ], ([7.7835709e-04 4.2079264e-04 5.4420685e-05 0.0000000e+00 1.6283519e-05
 0.0000000e+00 0.0000000e+00]) 	 loss 1.184E-01 	 horizons 9.0
step 8100 	 return [0.         0.         0.01069094 0.00603291 0.00297768 0.
 0.        ], ([0.         0.         0.00078098 0.00111596 0.0004117  0.
 0.        ]) 	 loss 1.066E-01 	 horizons 9.0
step 8190 	 return [0.         0.         0.00209989 0.00819342 0.00773554 0.00647714
 0.00596812], ([0.000000e+00 0.000000e+00 0.000000e+00 0.000000e+00 4.656613e-10
 4.656613e-10 0.000000e+00]) 	 loss 9.943E-02 	 horizons 9.0
step 8280 	 return [0.00439388 0.00286053 0.00267646 0.0004038  0.0004407  0.00071216
 0.        ], ([7.7321928e-04 5.6155841e-04 9.8113564e-04 2.6443039e-04 2.8058274e-05
 1.2578839e-04 0.0000000e+00]) 	 loss 8.897E-02 	 horizons 9.0
step 8370 	 return [0.         0.         0.00222467 0.00339744 0.00606168 0.00813415
 0.00660284], ([0.         0.         0.00067906 0.00028315 0.00196531 0.00054841
 0.0011633 ]) 	 loss 9.346E-02 	 horizons 9.0
step 8460 	 return [0.         0.         0.0027047  0.00795328 0.00533177 0.00253353
 0.00147287], ([0.         0.         0.00186974 0.00071986 0.0010735  0.00151735
 0.00130017]) 	 loss 8.959E-02 	 horizons 9.0
step 8550 	 return [0.00177081 0.00217277 0.01017611 0.         0.00159062 0.
 0.        ], ([5.7746424e-06 6.5377449e-06 1.4806046e-04 0.0000000e+00 5.7679713e-06
 0.0000000e+00 0.0000000e+00]) 	 loss 9.054E-02 	 horizons 9.0
step 8640 	 return [0.         0.         0.0125541  0.00410256 0.00263896 0.
 0.        ], ([0.0000000e+00 0.0000000e+00 4.3400170e-04 1.5011642e-03 7.4510521e-05
 0.0000000e+00 0.0000000e+00]) 	 loss 8.342E-02 	 horizons 9.0
step 8730 	 return [0.00701075 0.00118676 0.00481814 0.00012534 0.00049063 0.00034765
 0.        ], ([1.1672318e-03 1.0481625e-03 1.8333842e-04 2.5114487e-04 2.5622483e-05
 5.8469333e-04 0.0000000e+00]) 	 loss 8.732E-02 	 horizons 9.0
step 8820 	 return [0.         0.00030575 0.01141724 0.00579748 0.00255835 0.
 0.        ], ([0.         0.00061151 0.00128515 0.00163768 0.00021765 0.
 0.        ]) 	 loss 8.602E-02 	 horizons 9.0
step 8910 	 return [3.1845123e-03 3.2543864e-03 7.1761785e-03 6.6966670e-05 5.1719445e-04
 1.7973690e-04 0.0000000e+00], ([1.4837067e-04 7.5307459e-04 7.1161333e-04 2.0090000e-04 1.7478769e-05
 5.3921074e-04 0.0000000e+00]) 	 loss 8.980E-02 	 horizons 9.0
step 9000 	 return [7.6520941e-03 7.9890824e-04 4.5453818e-03 5.7985140e-05 4.8987620e-04
 6.4075612e-05 0.0000000e+00], ([5.5653969e-04 9.7845879e-04 5.2796677e-04 1.7395541e-04 2.1989017e-05
 1.9222683e-04 0.0000000e+00]) 	 loss 7.604E-02 	 horizons 9.0
step 9090 	 return [0.00644636 0.00064925 0.0053145  0.00066083 0.00046063 0.00176211
 0.        ], ([3.0691654e-04 4.2503377e-04 1.3339539e-05 4.4482053e-07 2.7453717e-07
 1.0709535e-06 0.0000000e+00]) 	 loss 8.603E-02 	 horizons 9.0
step 9180 	 return [0.00680812 0.         0.00532257 0.00066118 0.00046085 0.00176304
 0.        ], ([9.3132257e-10 0.0000000e+00 4.6566129e-10 5.8207661e-11 5.8207661e-11
 1.1641532e-10 0.0000000e+00]) 	 loss 9.838E-02 	 horizons 9.0
step 9270 	 return [0.         0.         0.01130739 0.00555414 0.00203239 0.00144664
 0.        ], ([0.         0.         0.0008829  0.00109443 0.00058818 0.00118117
 0.        ]) 	 loss 9.300E-02 	 horizons 9.0
step 9360 	 return [0.00710579 0.00144179 0.00456241 0.00011731 0.00048359 0.00013394
 0.        ], ([8.9716184e-04 9.5437490e-04 5.3348124e-04 2.3463568e-04 2.7833390e-05
 2.6812925e-04 0.0000000e+00]) 	 loss 9.443E-02 	 horizons 9.0
step 9450 	 return [0.00035455 0.00165533 0.01057546 0.         0.00154389 0.00163949
 0.        ], ([7.0909259e-04 2.5986051e-04 5.6271150e-04 0.0000000e+00 3.6975209e-05
 1.0732998e-03 0.0000000e+00]) 	 loss 9.796E-02 	 horizons 9.0
step 9540 	 return [0.00039763 0.00188499 0.00945962 0.0029885  0.00241868 0.
 0.        ], ([0.00060861 0.00105735 0.00043373 0.00034184 0.00026777 0.
 0.        ]) 	 loss 7.423E-02 	 horizons 9.0
step 9630 	 return [0.         0.         0.00216573 0.00550088 0.00363438 0.00744834
 0.00749712], ([0.         0.         0.00038749 0.00060321 0.00132337 0.00054425
 0.00094042]) 	 loss 9.176E-02 	 horizons 9.0
step 9720 	 return [0.00622465 0.00162797 0.00420748 0.00029162 0.00047205 0.00063054
 0.        ], ([1.2921371e-03 1.0798887e-03 8.2322996e-04 2.9163793e-04 4.7505488e-05
 3.5127945e-04 0.0000000e+00]) 	 loss 8.211E-02 	 horizons 9.0
step 9810 	 return [0.00199374 0.00230149 0.00932091 0.00287879 0.00251429 0.
 0.        ], ([0.0000000e+00 0.0000000e+00 9.3132257e-10 2.3283064e-10 2.3283064e-10
 0.0000000e+00 0.0000000e+00]) 	 loss 8.525E-02 	 horizons 9.0
step 9900 	 return [0.         0.         0.00224684 0.0036457  0.00748314 0.00796598
 0.00514734], ([0.0000000e+00 0.0000000e+00 3.8193076e-04 6.4627558e-05 9.8231125e-05
 7.3671015e-04 6.6397229e-04]) 	 loss 7.269E-02 	 horizons 9.0
step 9990 	 return [0.00439998 0.00171246 0.00600304 0.00073607 0.00079731 0.00166759
 0.        ], ([0.00125167 0.00112124 0.0014009  0.00029128 0.00036311 0.00039401
 0.        ]) 	 loss 6.769E-02 	 horizons 9.0
step 10080 	 return [0.00615488 0.0004781  0.00534862 0.00061504 0.00052582 0.00181702
 0.        ], ([0.00131311 0.00095676 0.00083748 0.00021239 0.00013297 0.00010201
 0.        ]) 	 loss 6.852E-02 	 horizons 9.0
step 10170 	 return [0.         0.         0.01075195 0.00636506 0.0016694  0.00192566
 0.        ], ([0.         0.         0.00072028 0.00078409 0.00036385 0.00096287
 0.        ]) 	 loss 7.737E-02 	 horizons 9.0
step 10260 	 return [0.00382692 0.00160942 0.00505274 0.00102021 0.00127364 0.00164966
 0.        ], ([1.1620334e-03 1.1943858e-03 3.4851886e-04 3.2686796e-05 8.0890350e-05
 5.2822311e-04 0.0000000e+00]) 	 loss 7.573E-02 	 horizons 9.0
step 10350 	 return [0.         0.00196355 0.00289079 0.00224595 0.00154498 0.00730008
 0.00091908], ([0.         0.00069277 0.00096661 0.00147032 0.00078969 0.00365004
 0.00275724]) 	 loss 8.615E-02 	 horizons 9.0
step 10440 	 return [0.         0.         0.0107324  0.00667416 0.00271044 0.
 0.        ], ([0.         0.         0.00074128 0.00058745 0.00038738 0.
 0.        ]) 	 loss 1.149E-01 	 horizons 9.0
step 10530 	 return [0.         0.         0.00203657 0.00570195 0.00319326 0.00762976
 0.0078106 ], ([0.000000e+00 0.000000e+00 0.000000e+00 4.656613e-10 0.000000e+00
 4.656613e-10 0.000000e+00]) 	 loss 8.806E-02 	 horizons 9.0
step 10620 	 return [0.00191267 0.00218415 0.0098952  0.00017664 0.00156456 0.
 0.        ], ([4.1982159e-04 2.7589103e-05 9.9077949e-04 5.2990706e-04 8.3963205e-05
 0.0000000e+00 0.0000000e+00]) 	 loss 6.790E-02 	 horizons 9.0
step 10710 	 return [0.         0.         0.01283189 0.00317993 0.00262226 0.
 0.        ], ([0.0000000e+00 0.0000000e+00 2.2158810e-04 5.1691238e-04 6.5251435e-05
 0.0000000e+00 0.0000000e+00]) 	 loss 6.085E-02 	 horizons 9.0
step 10800 	 return [0.00194121 0.00220883 0.00745289 0.00091165 0.00150774 0.00202246
 0.        ], ([0.00051484 0.00018807 0.00088906 0.00076827 0.00027648 0.00067445
 0.        ]) 	 loss 5.522E-02 	 horizons 9.0
step 10890 	 return [0.00414455 0.00145385 0.00543998 0.00079962 0.00139392 0.00105963
 0.        ], ([0.00133042 0.00087041 0.00094984 0.00056531 0.00014853 0.001061
 0.        ]) 	 loss 7.868E-02 	 horizons 9.0
step 10980 	 return [0.00234412 0.00199346 0.00511177 0.00276951 0.00220474 0.00071959
 0.        ], ([1.1720620e-03 5.1645307e-05 3.7941293e-04 1.5638561e-04 3.5057031e-04
 2.1587685e-03 0.0000000e+00]) 	 loss 8.656E-02 	 horizons 9.0
step 11070 	 return [0.         0.         0.00253432 0.00485927 0.00448297 0.00738395
 0.00658605], ([0.         0.         0.00061269 0.00103299 0.00204459 0.00140641
 0.00147374]) 	 loss 8.423E-02 	 horizons 9.0
step 11160 	 return [0.00363721 0.00246538 0.00732779 0.00033683 0.00059654 0.00197923
 0.        ], ([3.3758115e-06 2.3157334e-06 8.6703563e-05 3.3683464e-04 1.2815071e-04
 1.6100060e-04 0.0000000e+00]) 	 loss 9.147E-02 	 horizons 9.0
step 11250 	 return [0.00279548 0.00270357 0.00740242 0.00097842 0.00153792 0.
 0.        ], ([0.00076393 0.00064546 0.00092555 0.00101482 0.00028663 0.
 0.        ]) 	 loss 8.517E-02 	 horizons 9.0
step 11340 	 return [0.0063505  0.00064925 0.00531103 0.00066071 0.00046055 0.0017618
 0.        ], ([3.2792694e-04 4.2503377e-04 1.5180765e-05 4.9875234e-07 3.0709893e-07
 1.1910520e-06 0.0000000e+00]) 	 loss 8.892E-02 	 horizons 9.0
step 11430 	 return [0.00341105 0.00241814 0.00786497 0.00034677 0.00142978 0.00018871
 0.        ], ([0.00056655 0.00010286 0.00071448 0.00058465 0.00036135 0.00056612
 0.        ]) 	 loss 7.405E-02 	 horizons 9.0
step 11520 	 return [0.00199374 0.00230149 0.00932091 0.00287879 0.00251429 0.
 0.        ], ([0.0000000e+00 0.0000000e+00 9.3132257e-10 2.3283064e-10 2.3283064e-10
 0.0000000e+00 0.0000000e+00]) 	 loss 6.533E-02 	 horizons 9.0
step 11610 	 return [6.0192337e-03 9.2749971e-05 5.3108530e-03 5.9418223e-04 4.8420607e-04
 1.7927469e-03 0.0000000e+00], ([3.3816509e-04 2.7824994e-04 4.8320297e-05 1.9806127e-04 7.1893264e-05
 9.6418378e-05 0.0000000e+00]) 	 loss 6.819E-02 	 horizons 9.0
step 11700 	 return [0.         0.         0.01116641 0.00632377 0.0024851  0.00048221
 0.        ], ([0.         0.         0.00064565 0.00071211 0.00047105 0.00096442
 0.        ]) 	 loss 8.459E-02 	 horizons 9.0
step 11790 	 return [0.00620306 0.00300176 0.00374441 0.         0.00046341 0.
 0.        ], ([2.2201042e-04 4.6479268e-04 2.3939823e-05 0.0000000e+00 2.5786065e-05
 0.0000000e+00 0.0000000e+00]) 	 loss 8.894E-02 	 horizons 9.0
step 11880 	 return [0.00293015 0.00200334 0.00530119 0.00271873 0.0023227  0.
 0.        ], ([2.3283064e-10 0.0000000e+00 0.0000000e+00 2.3283064e-10 2.3283064e-10
 0.0000000e+00 0.0000000e+00]) 	 loss 7.466E-02 	 horizons 9.0
step 11970 	 return [0.00668495 0.00098874 0.00372642 0.00058485 0.00042696 0.00066283
 0.        ], ([1.3886921e-03 1.2109554e-03 9.3680824e-04 6.1186665e-06 3.6914862e-06
 2.7037866e-05 0.0000000e+00]) 	 loss 8.460E-02 	 horizons 9.0
step 12060 	 return [0.00153964 0.00340366 0.00505763 0.00121503 0.00113808 0.00161408
 0.        ], ([0.00030203 0.00052994 0.00059227 0.000673   0.00016037 0.0018799
 0.        ]) 	 loss 8.078E-02 	 horizons 9.0
step 12150 	 return [0.00522672 0.00123199 0.00628089 0.00050185 0.00060794 0.00171093
 0.        ], ([0.00159155 0.001232   0.00101121 0.00034264 0.00021266 0.00058677
 0.        ]) 	 loss 8.480E-02 	 horizons 9.0
step 12240 	 return [0.0000000e+00 3.6427529e-05 9.9225594e-03 1.4243782e-03 1.4011476e-03
 0.0000000e+00 0.0000000e+00], ([0.         0.00010928 0.000943   0.00071219 0.00010793 0.
 0.        ]) 	 loss 6.655E-02 	 horizons 9.0
step 12330 	 return [0.         0.         0.00207784 0.00793423 0.00503166 0.00212517
 0.0013883 ], ([0.0000000e+00 0.0000000e+00 0.0000000e+00 0.0000000e+00 0.0000000e+00
 0.0000000e+00 1.1641532e-10]) 	 loss 9.153E-02 	 horizons 9.0
step 12420 	 return [0.         0.00061842 0.01239596 0.00291543 0.00257971 0.
 0.        ], ([0.0000000e+00 7.5740856e-04 6.6958781e-04 7.3942647e-06 1.2165417e-05
 0.0000000e+00 0.0000000e+00]) 	 loss 1.097E-01 	 horizons 9.0
step 12510 	 return [0.00553099 0.         0.00773434 0.00286679 0.00249391 0.
 0.        ], ([4.6566129e-10 0.0000000e+00 4.6566129e-10 2.3283064e-10 0.0000000e+00
 0.0000000e+00 0.0000000e+00]) 	 loss 9.692E-02 	 horizons 9.0
step 12600 	 return [0.00311421 0.00371317 0.0068775  0.         0.00052198 0.
 0.        ], ([4.5306420e-05 4.6322375e-04 6.4686616e-04 0.0000000e+00 7.5145153e-06
 0.0000000e+00 0.0000000e+00]) 	 loss 7.035E-02 	 horizons 9.0
step 12690 	 return [0.00177273 0.00217495 0.01022546 0.         0.00159255 0.
 0.        ], ([0.0000000e+00 2.3283064e-10 9.3132257e-10 0.0000000e+00 0.0000000e+00
 0.0000000e+00 0.0000000e+00]) 	 loss 6.649E-02 	 horizons 9.0
step 12780 	 return [0.         0.00122215 0.00884077 0.00567695 0.00340535 0.
 0.        ], ([0.         0.00061108 0.00080122 0.00026277 0.00037244 0.
 0.        ]) 	 loss 5.087E-02 	 horizons 9.0
step 12870 	 return [0.00095025 0.00224602 0.00798847 0.00060293 0.00133347 0.00221425
 0.        ], ([9.5659390e-04 8.1426185e-04 1.1089542e-03 5.0359411e-04 2.8810446e-04
 9.7721459e-05 0.0000000e+00]) 	 loss 6.036E-02 	 horizons 9.0
step 12960 	 return [0.         0.00191535 0.00861277 0.00107545 0.00139577 0.00227822
 0.        ], ([0.0000000e+00 6.1565480e-04 8.3791406e-04 6.2882414e-06 1.1682114e-05
 3.2189724e-05 0.0000000e+00]) 	 loss 7.436E-02 	 horizons 9.0
step 13050 	 return [0.00197597 0.00216775 0.00722358 0.00140014 0.00157403 0.00180601
 0.        ], ([0.00075671 0.00024493 0.00111217 0.00065931 0.0003744  0.0009032
 0.        ]) 	 loss 7.097E-02 	 horizons 9.0
step 13140 	 return [0.00729231 0.00084683 0.0037044  0.00017396 0.00048336 0.00058285
 0.        ], ([8.5574808e-04 1.0454204e-03 8.7947806e-04 2.6572129e-04 4.0148992e-05
 4.0638662e-04 0.0000000e+00]) 	 loss 8.086E-02 	 horizons 9.0
step 13230 	 return [0.00351594 0.00245814 0.00710308 0.0002334  0.00069676 0.00164361
 0.        ], ([2.4621986e-04 5.9823979e-05 1.1940842e-03 3.6626484e-04 1.8253074e-04
 8.3246443e-04 0.0000000e+00]) 	 loss 8.646E-02 	 horizons 9.0
step 13320 	 return [0.00697401 0.00190951 0.00469764 0.         0.00049715 0.
 0.        ], ([2.0856129e-05 2.6328978e-04 8.4638486e-05 0.0000000e+00 2.7661329e-06
 0.0000000e+00 0.0000000e+00]) 	 loss 7.637E-02 	 horizons 9.0
step 13410 	 return [0.         0.00157762 0.0088022  0.00129668 0.00138066 0.00279531
 0.        ], ([0.0000000e+00 1.6112824e-04 1.5054706e-03 6.4728997e-04 7.5955977e-05
 1.4669001e-03 0.0000000e+00]) 	 loss 6.004E-02 	 horizons 9.0
step 13500 	 return [0.00303399 0.00205036 0.00556642 0.00273859 0.00234822 0.
 0.        ], ([2.0767748e-04 9.4029216e-05 5.3045375e-04 3.9714945e-05 5.1036292e-05
 0.0000000e+00 0.0000000e+00]) 	 loss 5.800E-02 	 horizons 9.0
step 13590 	 return [0.         0.         0.00333204 0.0036941  0.00762375 0.00586384
 0.00496728], ([0.0000000e+00 0.0000000e+00 2.3283064e-10 0.0000000e+00 0.0000000e+00
 4.6566129e-10 0.0000000e+00]) 	 loss 6.688E-02 	 horizons 9.0
step 13680 	 return [0.00282686 0.00199713 0.00454942 0.00125893 0.00125778 0.00254589
 0.        ], ([0.00088454 0.00062921 0.00016225 0.00065856 0.0002051  0.0015694
 0.        ]) 	 loss 5.888E-02 	 horizons 9.0
step 13770 	 return [0.00654462 0.00180677 0.00310921 0.0005226  0.00044556 0.00076528
 0.        ], ([9.0762181e-04 6.1578746e-04 4.2657883e-04 1.7419952e-04 6.3166510e-05
 3.6649176e-04 0.0000000e+00]) 	 loss 5.595E-02 	 horizons 9.0
step 13860 	 return [8.1219738e-03 0.0000000e+00 4.5421496e-03 5.7985140e-05 4.8925274e-04
 6.4075612e-05 0.0000000e+00], ([1.0105446e-04 0.0000000e+00 5.2687561e-04 1.7395543e-04 2.1768936e-05
 1.9222684e-04 0.0000000e+00]) 	 loss 6.924E-02 	 horizons 9.0
step 13950 	 return [0.00658262 0.00167065 0.0033541  0.00052366 0.00043607 0.00068559
 0.        ], ([9.0691325e-04 8.5876009e-04 7.7602267e-04 1.7459050e-04 3.2669159e-05
 1.1192104e-04 0.0000000e+00]) 	 loss 6.848E-02 	 horizons 9.0
step 14040 	 return [0.0031471  0.00234109 0.0066884  0.00071442 0.00124631 0.00076644
 0.        ], ([0.00075244 0.00057262 0.0015495  0.000468   0.00021848 0.0009825
 0.        ]) 	 loss 5.707E-02 	 horizons 9.0
step 14130 	 return [0.00032513 0.00190529 0.00551527 0.0021186  0.00114222 0.00237639
 0.        ], ([0.00060665 0.00067964 0.00102078 0.0007569  0.00024855 0.00320884
 0.        ]) 	 loss 6.957E-02 	 horizons 9.0
step 14220 	 return [0.00618854 0.00264596 0.0037949  0.         0.00047824 0.
 0.        ], ([2.8709258e-04 6.1465002e-04 2.1786163e-04 0.0000000e+00 1.6119617e-05
 0.0000000e+00 0.0000000e+00]) 	 loss 9.376E-02 	 horizons 9.0
step 14310 	 return [0.00317214 0.00226691 0.00692286 0.00176636 0.00131267 0.
 0.        ], ([0. 0. 0. 0. 0. 0. 0.]) 	 loss 8.048E-02 	 horizons 9.0
step 14400 	 return [0.         0.         0.00221769 0.00589065 0.00729513 0.00587672
 0.00560094], ([0.0000000e+00 0.0000000e+00 3.7117206e-04 7.4682391e-04 1.7111318e-03
 5.4770338e-05 1.8433694e-03]) 	 loss 7.098E-02 	 horizons 9.0
step 14490 	 return [0.00656518 0.0009275  0.00532096 0.00066103 0.00046075 0.00176258
 0.        ], ([0.0000000e+00 1.1641532e-10 4.6566129e-10 5.8207661e-11 0.0000000e+00
 1.1641532e-10 0.0000000e+00]) 	 loss 7.807E-02 	 horizons 9.0
step 14580 	 return [0.00157004 0.0024005  0.00908496 0.00061564 0.00067401 0.00157751
 0.        ], ([0.00052472 0.00065794 0.00130949 0.00033308 0.00027653 0.00079967
 0.        ]) 	 loss 7.357E-02 	 horizons 9.0
step 14670 	 return [0.         0.         0.00307014 0.00363704 0.0039855  0.00709334
 0.00707438], ([0.         0.         0.0003521  0.00070317 0.0018099  0.00064307
 0.00120015]) 	 loss 7.539E-02 	 horizons 9.0
step 14760 	 return [0.00330741 0.00246251 0.00460743 0.00101737 0.00127231 0.00174674
 0.        ], ([5.5944343e-04 3.7576616e-04 2.1718585e-04 2.0555559e-05 5.4003111e-05
 4.1352777e-04 0.0000000e+00]) 	 loss 6.706E-02 	 horizons 9.0
step 14850 	 return [0.         0.         0.01206531 0.00609662 0.00264202 0.
 0.        ], ([0.0000000e+00 0.0000000e+00 3.5833346e-04 1.2096186e-03 7.7115685e-05
 0.0000000e+00 0.0000000e+00]) 	 loss 6.041E-02 	 horizons 9.0
step 14940 	 return [0.         0.         0.01048156 0.00718447 0.00162704 0.00186178
 0.        ], ([0.         0.         0.00110189 0.00101503 0.00074492 0.00093937
 0.        ]) 	 loss 5.835E-02 	 horizons 9.0
step 15030 	 return [0.00266384 0.00307239 0.00800909 0.00010157 0.00154561 0.
 0.        ], ([0.00098922 0.00059886 0.00043705 0.00030472 0.00013849 0.
 0.        ]) 	 loss 9.760E-02 	 horizons 9.0
step 15120 	 return [0.00109752 0.00194215 0.00469984 0.0023638  0.00113522 0.00518522
 0.        ], ([0.00119426 0.00030346 0.00091267 0.00106946 0.00025592 0.00244955
 0.        ]) 	 loss 7.941E-02 	 horizons 9.0
step 15210 	 return [0.00630631 0.00126699 0.00443419 0.00060919 0.000438   0.00099935
 0.        ], ([1.1823555e-03 1.0472977e-03 9.8184345e-04 3.4330900e-05 1.5222494e-05
 5.0017354e-04 0.0000000e+00]) 	 loss 8.290E-02 	 horizons 9.0
step 15300 	 return [0.00523405 0.00123385 0.00638271 0.00010015 0.0007587  0.00190413
 0.        ], ([0.00159347 0.00123385 0.00104903 0.00030044 0.00013266 0.00063524
 0.        ]) 	 loss 7.434E-02 	 horizons 9.0
step 15390 	 return [0.         0.         0.01201852 0.00397628 0.00230801 0.00072321
 0.        ], ([0.         0.         0.00103251 0.00133607 0.0004981  0.00110473
 0.        ]) 	 loss 7.280E-02 	 horizons 9.0
step 15480 	 return [0.00235458 0.00208125 0.00927611 0.00288041 0.00251774 0.
 0.        ], ([1.0588554e-03 6.9390639e-04 5.4122630e-04 6.1829728e-06 1.1395688e-05
 0.0000000e+00 0.0000000e+00]) 	 loss 5.304E-02 	 horizons 9.0
step 15570 	 return [0.00164832 0.00220668 0.00677354 0.00144795 0.00140173 0.00250804
 0.        ], ([0.00068062 0.00018801 0.00122002 0.00077026 0.00037253 0.00168947
 0.        ]) 	 loss 7.360E-02 	 horizons 9.0
step 15660 	 return [0.00285742 0.0014729  0.00456604 0.00126783 0.00127887 0.0026663
 0.        ], ([7.4114889e-04 1.1418184e-04 9.4695381e-05 6.5535499e-04 2.0724090e-04
 1.4991458e-03 0.0000000e+00]) 	 loss 5.965E-02 	 horizons 9.0
step 15750 	 return [0.00680812 0.         0.00532257 0.00066118 0.00046085 0.00176304
 0.        ], ([9.3132257e-10 0.0000000e+00 4.6566129e-10 5.8207661e-11 5.8207661e-11
 1.1641532e-10 0.0000000e+00]) 	 loss 7.002E-02 	 horizons 9.0
step 15840 	 return [0.00155134 0.00181313 0.0044406  0.00214168 0.00100263 0.00466532
 0.        ], ([0.00106991 0.00032562 0.00015865 0.00109221 0.00034548 0.00249841
 0.        ]) 	 loss 6.041E-02 	 horizons 9.0
step 15930 	 return [0.00698096 0.00199727 0.00472586 0.         0.00049807 0.
 0.        ], ([0.0000000e+00 2.3283064e-10 0.0000000e+00 0.0000000e+00 0.0000000e+00
 0.0000000e+00 0.0000000e+00]) 	 loss 6.628E-02 	 horizons 9.0
step 16020 	 return [0.         0.         0.00210091 0.00618768 0.00789246 0.00589087
 0.00495232], ([0.0000000e+00 0.0000000e+00 6.6533687e-07 1.9833444e-06 7.6979395e-06
 1.9304083e-05 1.1656582e-04]) 	 loss 5.987E-02 	 horizons 9.0
step 16110 	 return [0.00324931 0.00230722 0.00463312 0.00101874 0.00127512 0.00175472
 0.        ], ([5.6240929e-04 5.6185992e-04 2.0665287e-04 2.2336279e-05 5.7387497e-05
 4.2110129e-04 0.0000000e+00]) 	 loss 6.807E-02 	 horizons 9.0
step 16200 	 return [0.00080698 0.00199762 0.01063975 0.00289734 0.00254879 0.
 0.        ], ([9.8835048e-04 4.7980546e-04 9.3615090e-04 9.0348367e-06 1.6015312e-05
 0.0000000e+00 0.0000000e+00]) 	 loss 5.296E-02 	 horizons 9.0
step 16290 	 return [0.00672552 0.00089706 0.00517817 0.00039662 0.0004993  0.0013678
 0.        ], ([8.4819488e-04 6.4113940e-04 2.6416089e-04 3.2383853e-04 7.1504619e-05
 7.2890567e-04 0.0000000e+00]) 	 loss 5.592E-02 	 horizons 9.0
step 16380 	 return [0.00680812 0.         0.00532257 0.00066118 0.00046085 0.00176304
 0.        ], ([9.3132257e-10 0.0000000e+00 4.6566129e-10 5.8207661e-11 5.8207661e-11
 1.1641532e-10 0.0000000e+00]) 	 loss 6.642E-02 	 horizons 9.0
step 16470 	 return [0.00373984 0.00226974 0.0074253  0.         0.00166512 0.00022091
 0.        ], ([0.00110909 0.00045338 0.00086893 0.         0.00030519 0.00066272
 0.        ]) 	 loss 5.151E-02 	 horizons 9.0
step 16560 	 return [0.00317214 0.00226691 0.00692286 0.00176636 0.00131267 0.
 0.        ], ([0. 0. 0. 0. 0. 0. 0.]) 	 loss 5.082E-02 	 horizons 9.0
step 16650 	 return [0.         0.         0.00203657 0.00570195 0.00319326 0.00762976
 0.0078106 ], ([0.000000e+00 0.000000e+00 0.000000e+00 4.656613e-10 0.000000e+00
 4.656613e-10 0.000000e+00]) 	 loss 6.787E-02 	 horizons 9.0
step 16740 	 return [0.00158692 0.002477   0.00712306 0.00283578 0.00247066 0.
 0.        ], ([5.2749252e-05 4.7158205e-04 5.9376832e-04 1.3340388e-05 1.5534324e-05
 0.0000000e+00 0.0000000e+00]) 	 loss 5.527E-02 	 horizons 9.0
step 16830 	 return [0.00541397 0.00085422 0.00601356 0.00034904 0.00149535 0.
 0.        ], ([0.00270908 0.00108695 0.00029015 0.00069807 0.0001249  0.
 0.        ]) 	 loss 8.536E-02 	 horizons 9.0
step 16920 	 return [0.00319836 0.00203318 0.00440542 0.00103012 0.00130541 0.00214906
 0.        ], ([4.7733699e-04 3.9793164e-04 3.1792567e-04 2.3374771e-05 5.3177300e-05
 2.5162863e-04 0.0000000e+00]) 	 loss 6.835E-02 	 horizons 9.0
step 17010 	 return [0.00553099 0.         0.00773434 0.00286679 0.00249391 0.
 0.        ], ([4.6566129e-10 0.0000000e+00 4.6566129e-10 2.3283064e-10 0.0000000e+00
 0.0000000e+00 0.0000000e+00]) 	 loss 5.817E-02 	 horizons 9.0
step 17100 	 return [0.         0.         0.01018361 0.00590535 0.0033775  0.
 0.        ], ([0.         0.         0.00043193 0.00036524 0.00040375 0.
 0.        ]) 	 loss 4.754E-02 	 horizons 9.0
step 17190 	 return [0.         0.00206061 0.00430741 0.00323854 0.00115307 0.0071959
 0.        ], ([0.000000e+00 0.000000e+00 4.656613e-10 0.000000e+00 0.000000e+00
 9.313226e-10 0.000000e+00]) 	 loss 5.537E-02 	 horizons 9.0
step 17280 	 return [0.00483108 0.00161292 0.00476925 0.         0.00097932 0.0014088
 0.        ], ([0.0008537  0.00108011 0.00036805 0.         0.0004622  0.00092551
 0.        ]) 	 loss 5.359E-02 	 horizons 9.0
step 17370 	 return [0.00040976 0.00224844 0.00671718 0.00148242 0.00143881 0.00068759
 0.        ], ([0.00122927 0.00090565 0.0014745  0.0003281  0.00034233 0.0010504
 0.        ]) 	 loss 6.617E-02 	 horizons 9.0
step 17460 	 return [0.00317214 0.00226691 0.00692286 0.00176636 0.00131267 0.
 0.        ], ([0. 0. 0. 0. 0. 0. 0.]) 	 loss 8.871E-02 	 horizons 9.0
step 17550 	 return [0.00641459 0.00215587 0.00530393 0.         0.00050439 0.
 0.        ], ([8.6514105e-04 2.4225887e-04 8.8302774e-04 0.0000000e+00 9.6632002e-06
 0.0000000e+00 0.0000000e+00]) 	 loss 6.169E-02 	 horizons 9.0
step 17640 	 return [0.00289523 0.00182388 0.00682074 0.00120328 0.00136015 0.00177305
 0.        ], ([1.3338708e-03 9.1202714e-04 6.5525889e-04 2.8156696e-04 2.4856547e-05
 8.8670081e-04 0.0000000e+00]) 	 loss 5.619E-02 	 horizons 9.0
step 17730 	 return [4.6114521e-03 1.5396195e-03 4.9425717e-03 9.9447716e-05 1.4528268e-03
 4.2039520e-04 0.0000000e+00], ([0.00070867 0.00034511 0.00081386 0.00029834 0.00040779 0.00084083
 0.        ]) 	 loss 5.453E-02 	 horizons 9.0
step 17820 	 return [0.         0.         0.00203657 0.00570195 0.00319326 0.00762976
 0.0078106 ], ([0.000000e+00 0.000000e+00 0.000000e+00 4.656613e-10 0.000000e+00
 4.656613e-10 0.000000e+00]) 	 loss 6.269E-02 	 horizons 9.0
step 17910 	 return [0.0007715  0.00203228 0.00438297 0.00257954 0.00096369 0.00567127
 0.        ], ([0.00054254 0.00024262 0.00014351 0.00100158 0.00031392 0.00229385
 0.        ]) 	 loss 3.835E-02 	 horizons 9.0
step 18000 	 return [0.00305325 0.00227059 0.00697137 0.00169648 0.00131954 0.00022405
 0.        ], ([3.5664850e-04 1.1041481e-05 1.4552857e-04 2.0961599e-04 2.0625348e-05
 6.7216100e-04 0.0000000e+00]) 	 loss 5.435E-02 	 horizons 9.0
step 18090 	 return [0.00193524 0.00233732 0.00889361 0.00027379 0.00073844 0.00184493
 0.        ], ([0.00056308 0.00044823 0.00082173 0.00033534 0.00036598 0.00063333
 0.        ]) 	 loss 4.911E-02 	 horizons 9.0
step 18180 	 return [0.         0.00015277 0.01050563 0.00614701 0.00321562 0.
 0.        ], ([0.         0.00045831 0.00115699 0.00060575 0.00050978 0.
 0.        ]) 	 loss 4.456E-02 	 horizons 9.0
step 18270 	 return [0.00287335 0.00243941 0.00661983 0.         0.00143746 0.00065144
 0.        ], ([0.00148567 0.00096435 0.00149486 0.         0.00046043 0.00099517
 0.        ]) 	 loss 4.493E-02 	 horizons 9.0
step 18360 	 return [0.         0.         0.01163326 0.00680346 0.00262538 0.
 0.        ], ([0.0000000e+00 0.0000000e+00 3.9493517e-04 1.7009527e-04 6.7695604e-05
 0.0000000e+00 0.0000000e+00]) 	 loss 6.897E-02 	 horizons 9.0
step 18450 	 return [0.00317214 0.00226691 0.00692286 0.00176636 0.00131267 0.
 0.        ], ([0. 0. 0. 0. 0. 0. 0.]) 	 loss 7.364E-02 	 horizons 9.0
step 18540 	 return [0.         0.         0.01066664 0.00831142 0.00227589 0.00047125
 0.        ], ([0.         0.         0.00141066 0.00069739 0.00110297 0.00094282
 0.        ]) 	 loss 5.131E-02 	 horizons 9.0
step 18630 	 return [0.00362104 0.00245133 0.00712297 0.00067207 0.00046747 0.00180988
 0.        ], ([1.5672178e-05 1.4371970e-05 1.4465913e-04 1.9608613e-06 1.1270876e-06
 1.0218357e-05 0.0000000e+00]) 	 loss 7.189E-02 	 horizons 9.0
step 18720 	 return [0.00325013 0.0023235  0.0088181  0.         0.00054452 0.
 0.        ], ([0.0000000e+00 2.3283064e-10 9.3132257e-10 0.0000000e+00 0.0000000e+00
 0.0000000e+00 0.0000000e+00]) 	 loss 4.983E-02 	 horizons 9.0
step 18810 	 return [0.00470944 0.00239028 0.00571122 0.         0.00054087 0.0006135
 0.        ], ([3.9023632e-04 2.9777654e-04 8.7286177e-04 0.0000000e+00 5.0079354e-05
 6.8102230e-04 0.0000000e+00]) 	 loss 5.057E-02 	 horizons 9.0
step 18900 	 return [0.00677807 0.0001855  0.00545209 0.00013221 0.00065378 0.00202055
 0.        ], ([1.0644422e-04 3.7099989e-04 6.5563065e-05 2.6441304e-04 9.6515963e-05
 1.2898282e-04 0.0000000e+00]) 	 loss 7.277E-02 	 horizons 9.0
step 18990 	 return [0.00683129 0.         0.00548487 0.         0.00070204 0.00208504
 0.        ], ([0.000000e+00 0.000000e+00 0.000000e+00 0.000000e+00 5.820766e-11
 0.000000e+00 0.000000e+00]) 	 loss 4.977E-02 	 horizons 9.0
step 19080 	 return [0.         0.         0.00209989 0.00819342 0.00773554 0.00647714
 0.00596812], ([0.000000e+00 0.000000e+00 0.000000e+00 0.000000e+00 4.656613e-10
 4.656613e-10 0.000000e+00]) 	 loss 3.719E-02 	 horizons 9.0
step 19170 	 return [0.00088637 0.00205035 0.010129   0.         0.00159112 0.
 0.        ], ([8.8636577e-04 1.2459967e-04 9.6458469e-05 0.0000000e+00 1.4298711e-06
 0.0000000e+00 0.0000000e+00]) 	 loss 3.474E-02 	 horizons 9.0
step 19260 	 return [0.00291572 0.00202365 0.00636239 0.00107568 0.0014007  0.00236766
 0.        ], ([0.00157938 0.00073452 0.00148543 0.00144626 0.00050215 0.0032043
 0.        ]) 	 loss 5.517E-02 	 horizons 9.0
step 19350 	 return [0.00317214 0.00226691 0.00692286 0.00176636 0.00131267 0.
 0.        ], ([0. 0. 0. 0. 0. 0. 0.]) 	 loss 4.919E-02 	 horizons 9.0
step 19440 	 return [0.00652457 0.00200613 0.003113   0.00052269 0.00044576 0.00076572
 0.        ], ([5.3220743e-04 1.3931567e-04 4.3587448e-04 1.7422980e-04 6.3555904e-05
 3.6692389e-04 0.0000000e+00]) 	 loss 4.375E-02 	 horizons 9.0
step 19530 	 return [0.00325013 0.0023235  0.0088181  0.         0.00054452 0.
 0.        ], ([0.0000000e+00 2.3283064e-10 9.3132257e-10 0.0000000e+00 0.0000000e+00
 0.0000000e+00 0.0000000e+00]) 	 loss 4.441E-02 	 horizons 9.0
step 19620 	 return [0.00579934 0.         0.00515545 0.00096262 0.00113934 0.00176939
 0.        ], ([0.00086049 0.         0.00073758 0.00015301 0.00034757 0.00068228
 0.        ]) 	 loss 3.648E-02 	 horizons 9.0
step 19710 	 return [0.         0.00015288 0.01141478 0.00679603 0.00261587 0.
 0.        ], ([0.0000000e+00 4.5862937e-04 7.0659595e-04 1.6782632e-04 7.7718862e-05
 0.0000000e+00 0.0000000e+00]) 	 loss 4.210E-02 	 horizons 9.0
step 19800 	 return [0.00182911 0.00345548 0.00494432 0.00098775 0.00119312 0.00112205
 0.        ], ([5.76823135e-04 3.47382796e-04 2.73585351e-06 6.77187941e-08
 1.18918265e-07 2.45170668e-07 0.00000000e+00]) 	 loss 5.647E-02 	 horizons 9.0
step 19890 	 return [0.00210414 0.00230224 0.00741    0.00113857 0.00137666 0.00202442
 0.        ], ([3.5600230e-04 1.1890672e-05 1.6669098e-04 2.0926492e-04 2.1389131e-05
 6.7483261e-04 0.0000000e+00]) 	 loss 5.558E-02 	 horizons 9.0
step 19980 	 return [0.00656518 0.0009275  0.00532096 0.00066103 0.00046075 0.00176258
 0.        ], ([0.0000000e+00 1.1641532e-10 4.6566129e-10 5.8207661e-11 0.0000000e+00
 1.1641532e-10 0.0000000e+00]) 	 loss 7.353E-02 	 horizons 9.0
step 20070 	 return [0.         0.         0.00209989 0.00819342 0.00773554 0.00647714
 0.00596812], ([0.000000e+00 0.000000e+00 0.000000e+00 0.000000e+00 4.656613e-10
 4.656613e-10 0.000000e+00]) 	 loss 5.198E-02 	 horizons 9.0
step 20160 	 return [0.00435646 0.00379712 0.00376763 0.         0.00042984 0.
 0.        ], ([0.0000000e+00 0.0000000e+00 2.3283064e-10 0.0000000e+00 0.0000000e+00
 0.0000000e+00 0.0000000e+00]) 	 loss 3.622E-02 	 horizons 9.0
step 20250 	 return [0.00728659 0.00049437 0.004822   0.00011847 0.0005038  0.00034739
 0.        ], ([1.3334241e-03 9.8874106e-04 2.1826441e-04 2.3693639e-04 7.0204529e-05
 6.4004323e-04 0.0000000e+00]) 	 loss 3.964E-02 	 horizons 9.0
step 20340 	 return [0.00363226 0.00245763 0.00668024 0.00101352 0.00117725 0.
 0.        ], ([1.3487125e-05 1.2185607e-05 1.2755280e-04 1.9039109e-06 3.6120716e-06
 0.0000000e+00 0.0000000e+00]) 	 loss 4.379E-02 	 horizons 9.0
step 20430 	 return [0.00018916 0.00177488 0.00292264 0.00288625 0.00122102 0.009113
 0.00072704], ([2.8893954e-04 6.0170161e-04 9.7426696e-04 9.6208620e-04 1.0254412e-03
 1.9050482e-05 2.1811086e-03]) 	 loss 4.541E-02 	 horizons 9.0
step 20520 	 return [0.00362007 0.00236472 0.00840046 0.         0.00054015 0.
 0.        ], ([7.3988235e-04 8.2439372e-05 8.3528610e-04 0.0000000e+00 8.7358758e-06
 0.0000000e+00 0.0000000e+00]) 	 loss 5.166E-02 	 horizons 9.0
step 20610 	 return [0.00291832 0.00222177 0.00665877 0.00191311 0.00124712 0.00071637
 0.        ], ([0.00076145 0.00013544 0.00079227 0.00044026 0.00019666 0.00214912
 0.        ]) 	 loss 4.146E-02 	 horizons 9.0
step 20700 	 return [0.00445737 0.00140906 0.00370068 0.00111205 0.00114615 0.00112165
 0.        ], ([0.00146641 0.00026663 0.00047141 0.00075715 0.00025786 0.00268757
 0.        ]) 	 loss 4.904E-02 	 horizons 9.0
step 20790 	 return [0.         0.00091661 0.00960669 0.00602828 0.00322467 0.
 0.        ], ([0.         0.00074841 0.00144693 0.0005456  0.00045105 0.
 0.        ]) 	 loss 5.411E-02 	 horizons 9.0
step 20880 	 return [0.00430363 0.00142906 0.00481566 0.         0.00069178 0.00206816
 0.        ], ([1.2991446e-03 1.0858189e-03 3.9009485e-04 0.0000000e+00 3.8245321e-06
 6.5401496e-06 0.0000000e+00]) 	 loss 4.809E-02 	 horizons 9.0
step 20970 	 return [0.         0.         0.0110061  0.00616928 0.00209282 0.00096442
 0.        ], ([0.         0.         0.00085031 0.00079045 0.00052678 0.00118117
 0.        ]) 	 loss 5.686E-02 	 horizons 9.0
step 21060 	 return [0.00391958 0.00230148 0.00706899 0.00013307 0.00067019 0.00206192
 0.        ], ([0.00088201 0.00045822 0.00060618 0.00026615 0.00010344 0.00014148
 0.        ]) 	 loss 5.891E-02 	 horizons 9.0
step 21150 	 return [0.00313352 0.00151248 0.00458476 0.0010487  0.00134655 0.00216259
 0.        ], ([8.7149005e-05 2.3294064e-04 3.8534257e-05 2.0530074e-06 4.2056904e-06
 1.1974805e-05 0.0000000e+00]) 	 loss 4.607E-02 	 horizons 9.0
step 21240 	 return [0.00335188 0.00252097 0.00816329 0.00013491 0.00054525 0.00058031
 0.        ], ([1.9351965e-04 4.5343995e-04 8.2616671e-04 2.6982056e-04 6.7688503e-05
 8.9050049e-04 0.0000000e+00]) 	 loss 5.930E-02 	 horizons 9.0
step 21330 	 return [0.         0.         0.00333043 0.0036929  0.00761579 0.005845
 0.00484576], ([0.0000000e+00 0.0000000e+00 1.6970597e-06 1.2632801e-06 8.4645280e-06
 2.0949796e-05 1.2853873e-04]) 	 loss 6.489E-02 	 horizons 9.0
step 21420 	 return [6.8289740e-03 0.0000000e+00 5.4686414e-03 6.6117951e-05 6.7792292e-04
 2.0528375e-03 0.0000000e+00], ([6.9516714e-06 0.0000000e+00 4.8690894e-05 1.9835387e-04 7.2357412e-05
 9.6600350e-05 0.0000000e+00]) 	 loss 5.664E-02 	 horizons 9.0
step 21510 	 return [0.00018916 0.00198027 0.00324814 0.0032071  0.00090372 0.0091111
 0.        ], ([2.8893954e-04 1.1234902e-04 1.0427653e-05 2.1290200e-06 2.2654521e-04
 1.6984361e-05 0.0000000e+00]) 	 loss 5.217E-02 	 horizons 9.0
step 21600 	 return [6.3397601e-05 2.0299777e-03 3.3576638e-03 3.2110356e-03 1.0125405e-03
 8.9263730e-03 0.0000000e+00], ([1.9019279e-04 7.1512164e-05 3.0809717e-04 7.6204069e-06 1.1846371e-04
 5.8754586e-04 0.0000000e+00]) 	 loss 5.621E-02 	 horizons 9.0
step 21690 	 return [0.         0.         0.00306456 0.00339592 0.00365014 0.00691888
 0.00781702], ([0.         0.         0.00030168 0.00013609 0.00220766 0.00163699
 0.00189209]) 	 loss 4.982E-02 	 horizons 9.0
step 21780 	 return [0.00317214 0.00226691 0.00692286 0.00176636 0.00131267 0.
 0.        ], ([0. 0. 0. 0. 0. 0. 0.]) 	 loss 5.580E-02 	 horizons 9.0
step 21870 	 return [0.00178498 0.00227941 0.0070979  0.00128473 0.00135858 0.00273607
 0.        ], ([5.9499260e-04 7.2933595e-05 9.3016366e-04 6.5127161e-04 6.8506139e-05
 1.4866077e-03 0.0000000e+00]) 	 loss 4.895E-02 	 horizons 9.0
step 21960 	 return [0.         0.00128646 0.00972304 0.00394688 0.00296009 0.
 0.        ], ([0.         0.00045649 0.00227535 0.00127436 0.00048412 0.
 0.        ]) 	 loss 3.791E-02 	 horizons 9.0
step 22050 	 return [0.0001268  0.00180551 0.00407405 0.00323805 0.00122029 0.00778604
 0.        ], ([2.5359041e-04 6.0955592e-04 6.8319048e-04 2.4396827e-06 5.6709454e-04
 1.7919150e-03 0.0000000e+00]) 	 loss 5.910E-02 	 horizons 9.0
step 22140 	 return [0.00050718 0.00145235 0.00562949 0.00258712 0.00067966 0.00618085
 0.        ], ([2.5359041e-04 7.2617643e-04 2.6950713e-03 1.2935587e-03 4.5013967e-05
 1.9657712e-03 0.0000000e+00]) 	 loss 6.237E-02 	 horizons 9.0
step 22230 	 return [0.00471988 0.00204863 0.00463675 0.         0.00168314 0.
 0.        ], ([1.4880671e-04 3.5582282e-04 5.0298175e-05 0.0000000e+00 1.7288339e-05
 0.0000000e+00 0.0000000e+00]) 	 loss 4.049E-02 	 horizons 9.0
step 22320 	 return [0.00553099 0.         0.00773434 0.00286679 0.00249391 0.
 0.        ], ([4.6566129e-10 0.0000000e+00 4.6566129e-10 2.3283064e-10 0.0000000e+00
 0.0000000e+00 0.0000000e+00]) 	 loss 4.213E-02 	 horizons 9.0
step 22410 	 return [0.         0.00139145 0.01106715 0.00316552 0.00266319 0.
 0.        ], ([0.         0.00046382 0.00152624 0.00077744 0.00029515 0.
 0.        ]) 	 loss 5.201E-02 	 horizons 9.0
step 22500 	 return [0.         0.         0.00183394 0.0034942  0.00725461 0.00831381
 0.00658875], ([0.0000000e+00 0.0000000e+00 1.6882842e-04 8.3522544e-05 1.1530960e-04
 8.1795827e-04 9.6891978e-04]) 	 loss 4.530E-02 	 horizons 9.0
step 22590 	 return [0.00140591 0.00231038 0.00669559 0.00127895 0.00129896 0.0027062
 0.        ], ([0.00080428 0.00029062 0.00090294 0.00065167 0.00021419 0.00148605
 0.        ]) 	 loss 5.817E-02 	 horizons 9.0
step 22680 	 return [0.003615   0.00244422 0.0071764  0.         0.00071871 0.00212354
 0.        ], ([1.27963731e-05 1.17347572e-05 1.19045755e-04 0.00000000e+00
 2.99089561e-06 8.34325328e-06 0.00000000e+00]) 	 loss 6.949E-02 	 horizons 9.0
step 22770 	 return [0.00363739 0.00246476 0.00738473 0.         0.00072394 0.00213814
 0.        ], ([9.5972791e-06 8.8010684e-06 8.9284309e-05 0.0000000e+00 2.2431718e-06
 6.2574400e-06 0.0000000e+00]) 	 loss 5.833E-02 	 horizons 9.0
step 22860 	 return [0.0036088  0.00243636 0.00646144 0.00101037 0.00117131 0.
 0.        ], ([9.5971400e-06 8.8009974e-06 8.7075801e-05 1.2007428e-06 2.2431720e-06
 0.0000000e+00 0.0000000e+00]) 	 loss 4.257E-02 	 horizons 9.0
step 22950 	 return [0.00315885 0.00146195 0.00677738 0.00284369 0.00247727 0.
 0.        ], ([4.6566129e-10 0.0000000e+00 4.6566129e-10 2.3283064e-10 0.0000000e+00
 0.0000000e+00 0.0000000e+00]) 	 loss 4.655E-02 	 horizons 9.0
step 23040 	 return [0.00509184 0.00252446 0.0066546  0.         0.00051982 0.
 0.        ], ([1.31046445e-05 9.45123338e-06 1.03920102e-04 0.00000000e+00
 3.18257980e-06 0.00000000e+00 0.00000000e+00]) 	 loss 3.890E-02 	 horizons 9.0
step 23130 	 return [0.0068597  0.         0.00620154 0.         0.00152221 0.
 0.        ], ([9.313226e-10 0.000000e+00 4.656613e-10 0.000000e+00 0.000000e+00
 0.000000e+00 0.000000e+00]) 	 loss 3.708E-02 	 horizons 9.0
step 23220 	 return [0.00177835 0.00215796 0.00706585 0.00127847 0.00141511 0.00179243
 0.        ], ([0.00059311 0.00049054 0.00085769 0.00045102 0.00012664 0.00089621
 0.        ]) 	 loss 3.973E-02 	 horizons 9.0
step 23310 	 return [0.00365371 0.0024745  0.00768568 0.         0.00176194 0.
 0.        ], ([9.7425664e-07 9.0098473e-07 1.4414471e-04 0.0000000e+00 6.9279646e-05
 0.0000000e+00 0.0000000e+00]) 	 loss 4.705E-02 	 horizons 9.0
step 23400 	 return [0.00198461 0.00230519 0.00744166 0.00106834 0.00138283 0.00224583
 0.        ], ([1.5902698e-06 1.8004885e-06 4.1271280e-05 8.6357289e-07 1.7281724e-06
 6.4805040e-06 0.0000000e+00]) 	 loss 3.644E-02 	 horizons 9.0
step 23490 	 return [0.0065858  0.00092908 0.00548327 0.         0.00070179 0.00208458
 0.        ], ([9.3132257e-10 0.0000000e+00 4.6566129e-10 0.0000000e+00 5.8207661e-11
 2.3283064e-10 0.0000000e+00]) 	 loss 5.594E-02 	 horizons 9.0
step 23580 	 return [0.         0.         0.00908555 0.00978351 0.00299304 0.
 0.        ], ([0.         0.         0.00146547 0.00086619 0.00090138 0.
 0.        ]) 	 loss 6.410E-02 	 horizons 9.0
step 23670 	 return [0.00267275 0.00174984 0.00677867 0.00284378 0.00247742 0.
 0.        ], ([7.4253621e-04 4.3976767e-04 1.9764441e-06 1.4019908e-07 2.3089102e-07
 0.0000000e+00 0.0000000e+00]) 	 loss 7.854E-02 	 horizons 9.0
step 23760 	 return [6.5234723e-05 3.9537577e-04 3.1503011e-03 3.7476732e-03 2.3922552e-03
 8.7522883e-03 3.0220586e-03], ([1.9570418e-04 7.9264957e-04 7.2458308e-05 9.0821338e-04 7.0422329e-04
 7.2191219e-04 2.0614078e-03]) 	 loss 7.470E-02 	 horizons 9.0
step 23850 	 return [0.         0.         0.00957168 0.00848491 0.0027999  0.
 0.        ], ([0.         0.         0.00131313 0.00103962 0.00067189 0.
 0.        ]) 	 loss 1.291E-01 	 horizons 9.0
step 23940 	 return [0.         0.         0.0030795  0.00354813 0.00710277 0.00561093
 0.00534174], ([0.         0.         0.00068176 0.00032166 0.00169582 0.00127442
 0.00157123]) 	 loss 9.956E-02 	 horizons 9.0
step 24030 	 return [0.00093641 0.00225416 0.00550382 0.00393135 0.00198957 0.00301083
 0.        ], ([0.00076554 0.0001684  0.00182492 0.00133622 0.0005937  0.00368749
 0.        ]) 	 loss 1.052E-01 	 horizons 9.0
step 24120 	 return [0.00315885 0.00146195 0.00677738 0.00284369 0.00247727 0.
 0.        ], ([4.6566129e-10 0.0000000e+00 4.6566129e-10 2.3283064e-10 0.0000000e+00
 0.0000000e+00 0.0000000e+00]) 	 loss 5.634E-02 	 horizons 9.0
step 24210 	 return [0.         0.00015461 0.01268737 0.00318355 0.00237956 0.000482
 0.        ], ([0.         0.00046382 0.00043817 0.00052796 0.00041402 0.00096401
 0.        ]) 	 loss 6.237E-02 	 horizons 9.0
step 24300 	 return [0.00309946 0.00386815 0.00666959 0.         0.00051983 0.
 0.        ], ([1.0561198e-06 1.7226208e-06 2.3131257e-05 0.0000000e+00 1.0583375e-06
 0.0000000e+00 0.0000000e+00]) 	 loss 5.905E-02 	 horizons 9.0
step 24390 	 return [0.00339806 0.00204022 0.00680666 0.00169902 0.00142818 0.
 0.        ], ([0.00067778 0.00068007 0.0003486  0.000202   0.00034654 0.
 0.        ]) 	 loss 6.658E-02 	 horizons 9.0
step 24480 	 return [3.9629033e-03 2.0592972e-03 8.0360994e-03 6.7366927e-05 7.7552005e-04
 1.8182272e-04 0.0000000e+00], ([0.00133446 0.00056481 0.00125933 0.0002021  0.00048156 0.00054547
 0.        ]) 	 loss 5.205E-02 	 horizons 9.0
step 24570 	 return [0.         0.         0.00209989 0.00819342 0.00773554 0.00647714
 0.00596812], ([0.000000e+00 0.000000e+00 0.000000e+00 0.000000e+00 4.656613e-10
 4.656613e-10 0.000000e+00]) 	 loss 5.230E-02 	 horizons 9.0
step 24660 	 return [0.00602179 0.00262225 0.00372487 0.         0.00048447 0.
 0.        ], ([4.6566129e-10 0.0000000e+00 2.3283064e-10 0.0000000e+00 5.8207661e-11
 0.0000000e+00 0.0000000e+00]) 	 loss 4.864E-02 	 horizons 9.0
step 24750 	 return [0.         0.00206061 0.00430741 0.00323854 0.00115307 0.0071959
 0.        ], ([0.000000e+00 0.000000e+00 4.656613e-10 0.000000e+00 0.000000e+00
 9.313226e-10 0.000000e+00]) 	 loss 4.003E-02 	 horizons 9.0
step 24840 	 return [0.0001268  0.00201157 0.00430232 0.00323761 0.00105388 0.00718946
 0.        ], ([2.5359041e-04 9.8066317e-05 1.0183454e-05 1.8583611e-06 1.9836663e-04
 1.2863986e-05 0.0000000e+00]) 	 loss 4.720E-02 	 horizons 9.0
step 24930 	 return [0.00670197 0.00195969 0.0029677  0.00058077 0.00042457 0.00064341
 0.        ], ([4.6566129e-10 2.3283064e-10 2.3283064e-10 5.8207661e-11 0.0000000e+00
 0.0000000e+00 0.0000000e+00]) 	 loss 4.682E-02 	 horizons 9.0
step 25020 	 return [0.00317214 0.00226691 0.00692286 0.00176636 0.00131267 0.
 0.        ], ([0. 0. 0. 0. 0. 0. 0.]) 	 loss 4.226E-02 	 horizons 9.0
step 25110 	 return [0.         0.         0.00209989 0.00819342 0.00773554 0.00647714
 0.00596812], ([0.000000e+00 0.000000e+00 0.000000e+00 0.000000e+00 4.656613e-10
 4.656613e-10 0.000000e+00]) 	 loss 4.430E-02 	 horizons 9.0
step 25200 	 return [0.         0.         0.00191856 0.00353626 0.00731485 0.00793962
 0.00618476], ([0.         0.         0.00020837 0.00010437 0.00015433 0.00100724
 0.00100936]) 	 loss 3.252E-02 	 horizons 9.0
step 25290 	 return [0.00050718 0.00165773 0.00384766 0.00313297 0.00093454 0.00748584
 0.00048756], ([0.00025359 0.00055713 0.00100819 0.00029441 0.00071036 0.00066273
 0.00146269]) 	 loss 4.776E-02 	 horizons 9.0
step 25380 	 return [0.00198126 0.00230079 0.00737843 0.00106724 0.00138067 0.00223845
 0.        ], ([6.1421879e-06 8.8010675e-06 8.8585548e-05 1.2007775e-06 2.2432068e-06
 6.2575095e-06 0.0000000e+00]) 	 loss 4.544E-02 	 horizons 9.0
step 25470 	 return [0.         0.         0.00209989 0.00819342 0.00773554 0.00647714
 0.00596812], ([0.000000e+00 0.000000e+00 0.000000e+00 0.000000e+00 4.656613e-10
 4.656613e-10 0.000000e+00]) 	 loss 3.846E-02 	 horizons 9.0
step 25560 	 return [0.         0.         0.00333073 0.00369313 0.00761745 0.00585029
 0.00486995], ([0.00000000e+00 0.00000000e+00 1.37683674e-06 1.02124909e-06
 6.72110218e-06 1.54767640e-05 1.03167455e-04]) 	 loss 3.489E-02 	 horizons 9.0
step 25650 	 return [0.00289177 0.00224798 0.00744273 0.00151586 0.00132974 0.
 0.        ], ([5.6073524e-04 3.7896250e-05 1.0862597e-03 5.5118965e-04 9.3454582e-05
 0.0000000e+00 0.0000000e+00]) 	 loss 4.388E-02 	 horizons 9.0
step 25740 	 return [0.00582369 0.00171577 0.00595192 0.         0.00060748 0.00104229
 0.        ], ([7.6219247e-04 7.8673079e-04 4.7579134e-04 0.0000000e+00 9.4332092e-05
 1.0422908e-03 0.0000000e+00]) 	 loss 4.201E-02 	 horizons 9.0
step 25830 	 return [0.00421992 0.00350935 0.0021007  0.0005654  0.00041643 0.00057797
 0.        ], ([4.656613e-10 0.000000e+00 0.000000e+00 0.000000e+00 2.910383e-11
 0.000000e+00 0.000000e+00]) 	 loss 5.112E-02 	 horizons 9.0
step 25920 	 return [0.00681764 0.00018654 0.00589922 0.         0.00165161 0.
 0.        ], ([9.79374163e-05 3.73082235e-04 2.46838987e-04 0.00000000e+00
 1.05656785e-04 0.00000000e+00 0.00000000e+00]) 	 loss 3.957E-02 	 horizons 9.0
step 26010 	 return [0.         0.         0.00217244 0.00366234 0.00749209 0.00811788
 0.00478884], ([0.000000e+00 0.000000e+00 0.000000e+00 4.656613e-10 0.000000e+00
 0.000000e+00 4.656613e-10]) 	 loss 4.213E-02 	 horizons 9.0
step 26100 	 return [0.00195158 0.00235493 0.00977352 0.         0.00160961 0.
 0.        ], ([5.7000807e-04 4.4800370e-04 9.1046828e-04 0.0000000e+00 6.2290928e-05
 0.0000000e+00 0.0000000e+00]) 	 loss 5.389E-02 	 horizons 9.0
step 26190 	 return [0.00363384 0.00246306 0.00724108 0.00067367 0.00046839 0.00181823
 0.        ], ([4.6566129e-10 2.3283064e-10 0.0000000e+00 5.8207661e-11 0.0000000e+00
 0.0000000e+00 0.0000000e+00]) 	 loss 5.794E-02 	 horizons 9.0
step 26280 	 return [6.9674901e-03 1.8035274e-03 4.5167184e-03 5.8076599e-05 4.8951828e-04
 6.4341213e-05 0.0000000e+00], ([1.12503156e-04 3.79632955e-04 5.23060502e-04 1.74229805e-04
 2.18247351e-05 1.93023632e-04 0.00000000e+00]) 	 loss 5.773E-02 	 horizons 9.0
step 26370 	 return [0.00340603 0.00222627 0.00446861 0.0010408  0.00133007 0.00211099
 0.        ], ([3.3195971e-05 4.4883280e-05 1.6374048e-06 5.2138589e-06 1.1584978e-05
 4.7043843e-05 0.0000000e+00]) 	 loss 6.702E-02 	 horizons 9.0
step 26460 	 return [6.6699325e-03 9.2895774e-05 4.3587340e-03 8.2074467e-04 8.1398571e-04
 1.3079664e-03 0.0000000e+00], ([0.00013876 0.00027869 0.00108653 0.00015974 0.00035316 0.00054591
 0.        ]) 	 loss 6.205E-02 	 horizons 9.0
step 26550 	 return [0.         0.         0.00203721 0.00570471 0.002168   0.00572096
 0.01112774], ([0.000000e+00 0.000000e+00 0.000000e+00 4.656613e-10 0.000000e+00
 4.656613e-10 0.000000e+00]) 	 loss 5.903E-02 	 horizons 9.0
step 26640 	 return [0.         0.         0.00321552 0.00347048 0.00455442 0.0060014
 0.00738348], ([0.0000000e+00 0.0000000e+00 8.4793501e-05 1.7363278e-04 2.8531721e-03
 2.0670805e-03 2.4370519e-03]) 	 loss 4.135E-02 	 horizons 9.0
step 26730 	 return [0.00421992 0.00350935 0.0021007  0.0005654  0.00041643 0.00057797
 0.        ], ([4.656613e-10 0.000000e+00 0.000000e+00 0.000000e+00 2.910383e-11
 0.000000e+00 0.000000e+00]) 	 loss 8.207E-02 	 horizons 9.0
step 26820 	 return [0.00363384 0.00246306 0.00724108 0.00067367 0.00046839 0.00181823
 0.        ], ([4.6566129e-10 2.3283064e-10 0.0000000e+00 5.8207661e-11 0.0000000e+00
 0.0000000e+00 0.0000000e+00]) 	 loss 5.254E-02 	 horizons 9.0
step 26910 	 return [0.00629802 0.00098947 0.0051072  0.00093455 0.00101704 0.00035813
 0.        ], ([0.00089096 0.0005639  0.00072731 0.00013359 0.00027622 0.00071636
 0.        ]) 	 loss 6.166E-02 	 horizons 9.0
step 27000 	 return [0.00662089 0.00093265 0.00574693 0.         0.00171601 0.
 0.        ], ([3.7877821e-06 1.7841229e-07 1.5095081e-04 0.0000000e+00 6.4700362e-05
 0.0000000e+00 0.0000000e+00]) 	 loss 3.454E-02 	 horizons 9.0
step 27090 	 return [0.00447477 0.00149799 0.00450024 0.         0.00068906 0.00206322
 0.        ], ([0.0000000e+00 1.1641532e-10 0.0000000e+00 0.0000000e+00 0.0000000e+00
 0.0000000e+00 0.0000000e+00]) 	 loss 4.180E-02 	 horizons 9.0
step 27180 	 return [0.00365611 0.00247547 0.00820029 0.         0.00156087 0.
 0.        ], ([0.0000000e+00 2.3283064e-10 9.3132257e-10 0.0000000e+00 1.1641532e-10
 0.0000000e+00 0.0000000e+00]) 	 loss 5.047E-02 	 horizons 9.0
step 27270 	 return [0.00561657 0.00185411 0.00505265 0.00061982 0.00044319 0.0011226
 0.        ], ([7.7454129e-04 7.5657532e-04 2.1907741e-04 3.3651853e-05 1.4339747e-05
 5.2254158e-04 0.0000000e+00]) 	 loss 4.334E-02 	 horizons 9.0
step 27360 	 return [0.00327624 0.00185761 0.0045716  0.00103416 0.00131121 0.00194138
 0.        ], ([1.7781000e-04 4.2698282e-04 7.1116978e-05 2.5481853e-05 6.3257110e-05
 4.2081985e-04 0.0000000e+00]) 	 loss 5.188E-02 	 horizons 9.0
step 27450 	 return [0.00177273 0.00217495 0.01022546 0.         0.00159255 0.
 0.        ], ([0.0000000e+00 2.3283064e-10 9.3132257e-10 0.0000000e+00 0.0000000e+00
 0.0000000e+00 0.0000000e+00]) 	 loss 5.315E-02 	 horizons 9.0
step 27540 	 return [0.0015385  0.0024216  0.00678169 0.002844   0.00247778 0.
 0.        ], ([0.0000000e+00 2.3283064e-10 4.6566129e-10 2.3283064e-10 2.3283064e-10
 0.0000000e+00 0.0000000e+00]) 	 loss 4.527E-02 	 horizons 9.0
step 27630 	 return [0.00163615 0.00298093 0.00658899 0.0028163  0.00244898 0.
 0.        ], ([5.2383639e-05 7.2116638e-04 9.2265756e-05 4.0434302e-06 3.6366282e-06
 0.0000000e+00 0.0000000e+00]) 	 loss 5.773E-02 	 horizons 9.0
step 27720 	 return [0.00670197 0.00195969 0.0029677  0.00058077 0.00042457 0.00064341
 0.        ], ([4.6566129e-10 2.3283064e-10 2.3283064e-10 5.8207661e-11 0.0000000e+00
 0.0000000e+00 0.0000000e+00]) 	 loss 5.189E-02 	 horizons 9.0
step 27810 	 return [0.00470062 0.00256862 0.00530459 0.         0.0005     0.
 0.        ], ([4.3244689e-04 8.8219946e-05 1.2957059e-03 0.0000000e+00 1.4303746e-05
 0.0000000e+00 0.0000000e+00]) 	 loss 3.803E-02 	 horizons 9.0
step 27900 	 return [0.00781499 0.         0.00296143 0.00057984 0.00042394 0.00064072
 0.        ], ([5.8380001e-06 0.0000000e+00 1.4574729e-07 2.0779133e-08 1.4217297e-08
 6.0923647e-08 0.0000000e+00]) 	 loss 4.730E-02 	 horizons 9.0
step 27990 	 return [0.00662089 0.00093265 0.00574693 0.         0.00171601 0.
 0.        ], ([3.7877824e-06 1.7841229e-07 1.5095081e-04 0.0000000e+00 6.4700362e-05
 0.0000000e+00 0.0000000e+00]) 	 loss 3.808E-02 	 horizons 9.0
step 28080 	 return [0.00644423 0.00083606 0.00478712 0.00100087 0.00115431 0.
 0.        ], ([3.6912112e-04 2.7868734e-04 7.9250894e-05 1.3915356e-06 2.5039888e-06
 0.0000000e+00 0.0000000e+00]) 	 loss 4.467E-02 	 horizons 9.0
step 28170 	 return [0.00495382 0.00244504 0.00462756 0.         0.0005954  0.00152707
 0.        ], ([3.1696127e-05 2.5676436e-05 2.5345106e-04 0.0000000e+00 5.0242637e-05
 4.1569976e-04 0.0000000e+00]) 	 loss 4.391E-02 	 horizons 9.0
step 28260 	 return [0.00333315 0.00192783 0.00668735 0.00282829 0.00246108 0.
 0.        ], ([1.4231374e-04 3.8039050e-04 7.3513089e-05 1.2579123e-05 1.3216737e-05
 0.0000000e+00 0.0000000e+00]) 	 loss 3.634E-02 	 horizons 9.0
step 28350 	 return [0.00666082 0.00074575 0.00614982 0.         0.00154354 0.
 0.        ], ([9.9510544e-05 3.7287411e-04 1.5106953e-04 0.0000000e+00 6.4680491e-05
 0.0000000e+00 0.0000000e+00]) 	 loss 4.527E-02 	 horizons 9.0
step 28440 	 return [0.00195696 0.00221527 0.00862127 0.00075123 0.00061487 0.00150744
 0.        ], ([0.00097583 0.00011073 0.00117896 0.00012938 0.00027785 0.00075375
 0.        ]) 	 loss 4.953E-02 	 horizons 9.0
step 28530 	 return [0.00491305 0.0023538  0.00475703 0.00060402 0.00043626 0.00090101
 0.        ], ([1.5967102e-04 2.9306961e-04 2.3447380e-04 2.3415863e-05 9.5805453e-06
 4.1022280e-04 0.0000000e+00]) 	 loss 3.850E-02 	 horizons 9.0
step 28620 	 return [0.00157883 0.0021576  0.00647858 0.00171769 0.00116449 0.00371882
 0.        ], ([0.00061856 0.000224   0.00143824 0.00099259 0.00033213 0.00225523
 0.        ]) 	 loss 4.077E-02 	 horizons 9.0
step 28710 	 return [0.00323393 0.00176269 0.00456533 0.00104074 0.00132748 0.002048
 0.        ], ([1.6266303e-04 4.0431553e-04 6.5577478e-05 1.9311321e-05 4.7811951e-05
 3.1635154e-04 0.0000000e+00]) 	 loss 5.097E-02 	 horizons 9.0
step 28800 	 return [0.00036754 0.00258096 0.00622124 0.00150368 0.00149125 0.00298186
 0.        ], ([0.00060632 0.00037552 0.00162611 0.00085881 0.00052645 0.00275937
 0.        ]) 	 loss 4.018E-02 	 horizons 9.0
step 28890 	 return [0.00362011 0.00186495 0.00456654 0.00032038 0.00159455 0.00090852
 0.        ], ([0.00123228 0.00049154 0.00044478 0.00096115 0.00034563 0.00272555
 0.        ]) 	 loss 5.958E-02 	 horizons 9.0
step 28980 	 return [0.00556651 0.00060071 0.00348121 0.00099425 0.0012168  0.00137259
 0.        ], ([1.4637894e-03 9.4414328e-04 6.7445199e-04 2.9842178e-05 7.2348463e-05
 4.7045178e-04 0.0000000e+00]) 	 loss 4.794E-02 	 horizons 9.0
step 29070 	 return [0.         0.00286459 0.00937474 0.00288038 0.00251719 0.
 0.        ], ([0.0000000e+00 1.4435385e-05 1.1385894e-04 2.8163195e-06 5.4821144e-06
 0.0000000e+00 0.0000000e+00]) 	 loss 4.802E-02 	 horizons 9.0
step 29160 	 return [0.00287812 0.00232009 0.00699677 0.00075314 0.00147184 0.00165471
 0.        ], ([0.0012281  0.00025907 0.00139325 0.00127966 0.00042815 0.00283168
 0.        ]) 	 loss 3.958E-02 	 horizons 9.0
step 29250 	 return [0.0049113  0.0026549  0.00372055 0.         0.00048327 0.
 0.        ], ([9.0670818e-04 2.6655442e-05 3.5212468e-06 0.0000000e+00 9.7334453e-07
 0.0000000e+00 0.0000000e+00]) 	 loss 3.693E-02 	 horizons 9.0
step 29340 	 return [0.         0.         0.00203721 0.00570471 0.002168   0.00572096
 0.01112774], ([0.000000e+00 0.000000e+00 0.000000e+00 4.656613e-10 0.000000e+00
 4.656613e-10 0.000000e+00]) 	 loss 4.171E-02 	 horizons 9.0
step 29430 	 return [0.00586821 0.00073481 0.00601259 0.         0.00070769 0.00209875
 0.        ], ([1.4711559e-03 1.1224707e-03 8.1209501e-04 0.0000000e+00 9.0875756e-06
 2.2714388e-05 0.0000000e+00]) 	 loss 4.367E-02 	 horizons 9.0
step 29520 	 return [0.00326962 0.002565   0.00840381 0.         0.00156409 0.
 0.        ], ([7.7328191e-04 3.7947617e-04 6.0722581e-04 0.0000000e+00 9.4877250e-06
 0.0000000e+00 0.0000000e+00]) 	 loss 3.755E-02 	 horizons 9.0
step 29610 	 return [0.00548776 0.00054127 0.00618072 0.00035056 0.00147638 0.
 0.        ], ([2.7438812e-03 1.0850872e-03 2.6338693e-04 7.0111838e-04 9.1836533e-05
 0.0000000e+00 0.0000000e+00]) 	 loss 4.088E-02 	 horizons 9.0
step 29700 	 return [0.         0.         0.00212969 0.00364076 0.00745915 0.00790518
 0.00498586], ([0.0000000e+00 0.0000000e+00 1.2827583e-04 6.4748521e-05 9.8820274e-05
 6.3810556e-04 5.9106614e-04]) 	 loss 4.467E-02 	 horizons 9.0
step 29790 	 return [0.00372092 0.00260488 0.0070807  0.00053813 0.00047882 0.00145041
 0.        ], ([4.8554593e-04 4.2354109e-04 2.0750347e-04 2.6907193e-04 2.2030563e-05
 7.2525005e-04 0.0000000e+00]) 	 loss 3.405E-02 	 horizons 9.0
step 29880 	 return [0.0039157  0.00142649 0.00382058 0.00070049 0.00055986 0.00169224
 0.        ], ([1.3415221e-03 5.3529185e-04 1.2976665e-03 9.4112555e-05 2.1145899e-04
 2.1557447e-04 0.0000000e+00]) 	 loss 3.727E-02 	 horizons 9.0
step 29970 	 return [0.         0.         0.00242049 0.00508598 0.00436269 0.00764558
 0.00578267], ([0.         0.         0.00059425 0.00091317 0.00212824 0.00133092
 0.00133872]) 	 loss 4.400E-02 	 horizons 9.0
step 30060 	 return [0.00310447 0.00143483 0.00459761 0.00104938 0.00134795 0.00216658
 0.        ], ([0.0000000e+00 1.1641532e-10 4.6566129e-10 1.1641532e-10 1.1641532e-10
 2.3283064e-10 0.0000000e+00]) 	 loss 4.223E-02 	 horizons 9.0
[1;34mwandb[0m: 
[1;34mwandb[0m: 🚀 View run [33mmotndp_amsterdam-v0__GCN-amsterdam-g7-spatial__789__1781513295[0m at: [34mhttps://wandb.ai/jingyuan-sun03-tu-delft/cl_ablation/runs/kato7fnx[0m
[1;34mwandb[0m: Find logs at: [1;35mwandb/run-20260615_104816-kato7fnx/logs[0m
