/home/SinJ/mo-transport-network-design/.venv/lib/python3.13/site-packages/pygame/pkgdata.py:25: UserWarning: pkg_resources is deprecated as an API. See https://setuptools.pypa.io/en/latest/pkg_resources.html. The pkg_resources package is slated for removal as early as 2025-11-30. Refrain from using this package or pin to Setuptools<81.
  from pkg_resources import resource_stream, resource_exists
wandb: [wandb.login()] Loaded credentials for https://api.wandb.ai from /home/SinJ/.netrc.
wandb: Currently logged in as: jingyuan-sun03 (jingyuan-sun03-tu-delft) to https://api.wandb.ai. Use `wandb login --relogin` to force relogin
wandb: setting up run y9lh6qcv
wandb: Tracking run with wandb version 0.27.2
wandb: Run data is saved locally in /home/SinJ/mo-transport-network-design/wandb/run-20260615_121006-y9lh6qcv
wandb: Run `wandb offline` to turn off syncing.
wandb: Syncing run motndp_amsterdam-v0__GCN-amsterdam-g10-temporal__1024__1781518205
wandb: ⭐️ View project at https://wandb.ai/jingyuan-sun03-tu-delft/cl_ablation
wandb: 🚀 View run at https://wandb.ai/jingyuan-sun03-tu-delft/cl_ablation/runs/y9lh6qcv
/home/SinJ/mo-transport-network-design/morl-baselines/morl_baselines/multi_policy/gcn/gcn.py:151: UserWarning: Creating a tensor from a list of numpy.ndarrays is extremely slow. Please consider converting the list to a single numpy.ndarray with numpy.array() before converting to a tensor. (Triggered internally at /pytorch/torch/csrc/utils/tensor_new.cpp:253.)
  th.tensor(obs).to(self.device),
Namespace(env='amsterdam', nr_groups=10, starting_loc_x=9, starting_loc_y=19, nr_stations=10, lr=0.01, batch_size=256, num_er_episodes=100, num_step_episodes=10, num_model_updates=10, num_policies=10, max_buffer_size=200, nr_layers=1, hidden_dim=128, timesteps=30000, no_log=False, seed=1024, cd_threshold=0.2, distance_ref='interpolate2', gcn_lambda=0.0, lambda_schedule='cosine', lambda_start=1.0, lambda_end=0.0, lambda_warmup_fraction=0.1, lambda_freeze_fraction=0.1, spatial_alpha=0.0, include_demand_context=False, criterion='lorenz', nash_mode='pareto_sized', nash_top_k=None, nash_shift=0.0, project_name='cl_ablation', experiment_name='GCN-amsterdam-g10-temporal', wandb_entity=None)
step 990 	 return [0.         0.         0.00048694 0.00167818 0.00145399 0.00063571
 0.00084623 0.00043058 0.00057258 0.00065343], ([0.         0.         0.00081476 0.00275795 0.00303519 0.00104757
 0.00131858 0.00089918 0.00091245 0.00196028]) 	 loss 2.022E+00 	 horizons 9.0
step 1080 	 return [0.         0.00087455 0.00145568 0.00213728 0.00257039 0.00022616
 0.00118789 0.00256899 0.00165995 0.00051715], ([0.         0.00167229 0.00148247 0.00232151 0.00266293 0.00045566
 0.00081476 0.00302615 0.00224186 0.00106257]) 	 loss 1.865E+00 	 horizons 9.0
step 1170 	 return [1.7151496e-04 5.0407612e-05 1.3692124e-03 1.6356183e-03 3.0510430e-03
 1.6853383e-03 1.5705063e-03 2.6752944e-03 8.2747528e-04 9.4981852e-04], ([0.00036465 0.00010181 0.00140314 0.00211322 0.00344078 0.0040822
 0.00136024 0.0027158  0.00113672 0.00219386]) 	 loss 1.390E+00 	 horizons 9.0
step 1260 	 return [0.         0.00156255 0.00121385 0.0019535  0.00220834 0.00035676
 0.00104375 0.00049016 0.00040275 0.        ], ([0.         0.00138151 0.00141062 0.00256044 0.00243695 0.00107027
 0.00089324 0.00038189 0.00043339 0.        ]) 	 loss 1.147E+00 	 horizons 9.0
step 1350 	 return [0.00011086 0.00161819 0.00122439 0.00125035 0.00200739 0.00012468
 0.00107036 0.00179855 0.0002975  0.        ], ([0.00033259 0.00201748 0.00148445 0.00130863 0.00142007 0.00025096
 0.0008404  0.00201366 0.00041941 0.        ]) 	 loss 1.059E+00 	 horizons 9.0
step 1440 	 return [0.         0.         0.         0.00089843 0.00317307 0.0036558
 0.00275599 0.00341265 0.00180729 0.00208566], ([0.         0.         0.         0.00196333 0.00330372 0.00332314
 0.00189852 0.00225948 0.00197393 0.00185734]) 	 loss 1.015E+00 	 horizons 9.0
step 1530 	 return [0.         0.         0.         0.         0.00220395 0.00369587
 0.0036872  0.00442636 0.00576841 0.00531668], ([0.         0.         0.         0.         0.00063373 0.00211007
 0.00201645 0.00281338 0.00323928 0.00311712]) 	 loss 9.702E-01 	 horizons 9.0
step 1620 	 return [0.         0.00061863 0.0020117  0.00317071 0.00240821 0.
 0.00051118 0.0003645  0.00013131 0.        ], ([0.         0.00127855 0.00187812 0.00172508 0.00209042 0.
 0.00026093 0.00049817 0.0003021  0.        ]) 	 loss 9.170E-01 	 horizons 9.0
step 1710 	 return [0.         0.00088182 0.00211206 0.00466363 0.00284549 0.00031567
 0.00082923 0.00013148 0.         0.        ], ([0.         0.00082728 0.00108792 0.00224214 0.001887   0.00094701
 0.00059423 0.00026298 0.         0.        ]) 	 loss 8.836E-01 	 horizons 9.0
step 1800 	 return [0.         0.0027843  0.00210905 0.00702211 0.00433766 0.
 0.00095127 0.00029577 0.         0.        ], ([0.         0.00262318 0.00131471 0.00273349 0.00180874 0.
 0.00027599 0.00049298 0.         0.        ]) 	 loss 8.356E-01 	 horizons 9.0
step 1890 	 return [0.         0.00179256 0.00109219 0.00149253 0.00081064 0.00016596
 0.00065286 0.00070625 0.00045328 0.        ], ([0.         0.00193494 0.00127476 0.00177964 0.00090369 0.00026931
 0.00050623 0.00108572 0.00040288 0.        ]) 	 loss 8.501E-01 	 horizons 9.0
step 1980 	 return [0.         0.00256309 0.00150059 0.00529911 0.00421563 0.
 0.00103033 0.00061984 0.00020353 0.        ], ([0.         0.00153672 0.00132569 0.00343233 0.00257583 0.
 0.00047179 0.00056361 0.00040706 0.        ]) 	 loss 8.386E-01 	 horizons 9.0
step 2070 	 return [0.         0.00195646 0.00229645 0.0036812  0.00212146 0.
 0.00061342 0.00021944 0.         0.        ], ([0.0000000e+00 1.3203034e-03 8.4725744e-04 1.3306699e-03 6.9829804e-04
 0.0000000e+00 4.7649013e-05 2.8068686e-04 0.0000000e+00 0.0000000e+00]) 	 loss 8.331E-01 	 horizons 9.0
step 2160 	 return [0.         0.00501745 0.00110427 0.00259175 0.00187219 0.
 0.00067975 0.0004899  0.00063783 0.        ], ([0.0000000e+00 1.8077871e-03 1.2354867e-03 1.6773284e-03 1.7860844e-03
 0.0000000e+00 4.2881158e-05 2.8579179e-04 7.7348581e-04 0.0000000e+00]) 	 loss 7.648E-01 	 horizons 9.0
step 2250 	 return [0.         0.00384267 0.00147676 0.00379017 0.00301353 0.
 0.00090665 0.00052486 0.00054727 0.        ], ([0.         0.00123295 0.00128376 0.00279523 0.00199536 0.
 0.00037679 0.00052013 0.00077042 0.        ]) 	 loss 7.903E-01 	 horizons 9.0
step 2340 	 return [0.00053315 0.00013508 0.00208878 0.00098872 0.00095729 0.
 0.0010093  0.00291012 0.00061794 0.        ], ([0.00053619 0.0002005  0.00146673 0.00053333 0.00111452 0.
 0.00110126 0.00146844 0.00076586 0.        ]) 	 loss 7.590E-01 	 horizons 9.0
step 2430 	 return [0.         0.00035476 0.00234614 0.00850003 0.00474435 0.00054419
 0.00131981 0.         0.         0.        ], ([0.         0.00073583 0.0016947  0.00221645 0.00236197 0.0011071
 0.00055498 0.         0.         0.        ]) 	 loss 7.190E-01 	 horizons 9.0
step 2520 	 return [0.         0.         0.00021673 0.0045171  0.00679843 0.00445111
 0.00207535 0.00086252 0.00105672 0.00049481], ([0.         0.         0.00034397 0.00280012 0.00325564 0.00400581
 0.00122717 0.00258756 0.00317015 0.00148444]) 	 loss 7.446E-01 	 horizons 9.0
step 2610 	 return [0.         0.00453052 0.00278825 0.00484955 0.0023521  0.
 0.00070217 0.00045873 0.00035304 0.        ], ([0.0000000e+00 1.1284540e-03 7.7138224e-04 1.7514650e-03 1.7579773e-03
 0.0000000e+00 7.8772508e-05 4.2822116e-04 8.1354630e-04 0.0000000e+00]) 	 loss 7.303E-01 	 horizons 9.0
step 2700 	 return [0.         0.         0.         0.         0.00307465 0.00393731
 0.00366704 0.0052776  0.00573858 0.00674782], ([0.         0.         0.         0.         0.00144293 0.00191486
 0.00203809 0.00343054 0.00322375 0.00337504]) 	 loss 7.178E-01 	 horizons 9.0
step 2790 	 return [0.         0.         0.         0.         0.00276001 0.00614537
 0.00469878 0.00623909 0.00795178 0.00534004], ([0.         0.         0.         0.         0.00044176 0.00246359
 0.00147178 0.00330714 0.00408948 0.00225305]) 	 loss 6.763E-01 	 horizons 9.0
step 2880 	 return [0.         0.00079003 0.0019235  0.00792426 0.00575408 0.00032309
 0.00180962 0.00031361 0.         0.        ], ([0.         0.00088362 0.00162641 0.00180561 0.00200034 0.00096928
 0.00055384 0.00062723 0.         0.        ]) 	 loss 6.678E-01 	 horizons 9.0
step 2970 	 return [0.0000000e+00 4.3646284e-04 1.5619418e-03 9.6764544e-04 1.2068487e-04
 8.1791055e-05 2.9750736e-04 5.1909436e-05 6.4466917e-04 0.0000000e+00], ([0.0000000e+00 1.3093882e-03 1.3416549e-03 8.6312019e-04 2.3830228e-04
 9.6523931e-05 1.4065455e-04 8.9989211e-05 3.5026585e-04 0.0000000e+00]) 	 loss 6.437E-01 	 horizons 9.0
step 3060 	 return [0.00072134 0.00011519 0.0019582  0.00115258 0.00040777 0.
 0.00086223 0.00317365 0.00150676 0.00046188], ([0.00040627 0.00011653 0.0009852  0.00039505 0.00081555 0.
 0.00068204 0.00130483 0.0013916  0.00138565]) 	 loss 6.622E-01 	 horizons 9.0
step 3150 	 return [0.         0.         0.00360578 0.00167227 0.00024914 0.0001857
 0.00025879 0.00014208 0.00050358 0.        ], ([0.         0.         0.0020968  0.00120003 0.0005672  0.00028633
 0.00014926 0.00025779 0.00020993 0.        ]) 	 loss 6.259E-01 	 horizons 9.0
step 3240 	 return [0.         0.         0.         0.         0.00262311 0.00584993
 0.00453625 0.00434291 0.00438953 0.00774899], ([0.         0.         0.         0.         0.000569   0.0019224
 0.00134143 0.00369926 0.00349941 0.00199998]) 	 loss 5.702E-01 	 horizons 9.0
step 3330 	 return [0.0000000e+00 0.0000000e+00 3.6945404e-03 1.4884092e-03 9.0855826e-04
 1.4755302e-04 1.6717179e-04 7.5601412e-05 4.6674139e-04 0.0000000e+00], ([0.0000000e+00 0.0000000e+00 1.8497033e-03 9.9005911e-04 1.4568266e-03
 2.3063847e-04 7.0061527e-05 2.2680422e-04 3.0355630e-04 0.0000000e+00]) 	 loss 5.544E-01 	 horizons 9.0
step 3420 	 return [0.         0.00058498 0.00185297 0.00834924 0.00776658 0.00131244
 0.00196327 0.00015873 0.         0.        ], ([0.         0.00090014 0.00133033 0.00299944 0.00263094 0.00180194
 0.0006371  0.0004762  0.         0.        ]) 	 loss 5.343E-01 	 horizons 9.0
step 3510 	 return [0.         0.00027554 0.00110416 0.00788775 0.00754667 0.00089437
 0.0023781  0.         0.         0.        ], ([0.         0.00082661 0.00158156 0.00201974 0.00184235 0.0013948
 0.00089853 0.         0.         0.        ]) 	 loss 5.254E-01 	 horizons 9.0
step 3600 	 return [0.         0.0052749  0.00226387 0.00408736 0.00394792 0.
 0.00166615 0.00061475 0.00035854 0.        ], ([0.         0.0014572  0.00083077 0.0023434  0.00204146 0.
 0.00055998 0.00039593 0.00054777 0.        ]) 	 loss 5.296E-01 	 horizons 9.0
step 3690 	 return [0.         0.00082648 0.00307479 0.00229735 0.00132748 0.00037685
 0.00029456 0.0002328  0.00046205 0.        ], ([0.         0.00131332 0.00128344 0.00189116 0.00139012 0.00048552
 0.0002243  0.00044281 0.00040545 0.        ]) 	 loss 4.892E-01 	 horizons 9.0
step 3780 	 return [6.4185669e-04 3.8310289e-04 1.7757714e-03 1.5867066e-03 2.8495531e-04
 9.3442221e-05 6.8136613e-04 2.6206661e-03 1.1533061e-03 0.0000000e+00], ([0.00046777 0.00069076 0.00073017 0.0010927  0.00056993 0.00028033
 0.00043735 0.00057344 0.0007568  0.        ]) 	 loss 4.811E-01 	 horizons 9.0
step 3870 	 return [0.0008499  0.00015595 0.0016599  0.00119301 0.00020604 0.
 0.00081144 0.00302764 0.00100933 0.        ], ([0.00032794 0.00018688 0.00062839 0.00013865 0.00061813 0.
 0.00057653 0.00070164 0.00082412 0.        ]) 	 loss 4.813E-01 	 horizons 9.0
step 3960 	 return [0.         0.         0.         0.         0.00302339 0.00825927
 0.00592019 0.00816103 0.00667291 0.00531296], ([0.0000000e+00 0.0000000e+00 0.0000000e+00 0.0000000e+00 6.9895614e-06
 9.9804846e-04 1.1792101e-04 1.4005504e-03 3.3364540e-03 1.1925144e-03]) 	 loss 4.516E-01 	 horizons 9.0
step 4050 	 return [0.0000000e+00 0.0000000e+00 3.4561083e-03 1.7756161e-03 9.9581131e-04
 2.5294110e-04 2.0692703e-04 6.4177628e-05 5.6690548e-04 0.0000000e+00], ([0.         0.         0.00166017 0.00099175 0.00149108 0.00029397
 0.00012206 0.00019253 0.00035074 0.        ]) 	 loss 4.436E-01 	 horizons 9.0
step 4140 	 return [0.         0.         0.         0.         0.00259329 0.00349062
 0.00442085 0.00581741 0.00636065 0.00788046], ([0.         0.         0.         0.         0.00113854 0.00087333
 0.00123562 0.00283514 0.00248785 0.00265197]) 	 loss 4.340E-01 	 horizons 9.0
step 4230 	 return [8.2434283e-04 9.5861156e-05 1.7835617e-03 1.1816004e-03 0.0000000e+00
 0.0000000e+00 7.4971945e-04 2.6333702e-03 1.5067451e-03 0.0000000e+00], ([0.00033855 0.00011809 0.00072843 0.0001563  0.         0.
 0.00040443 0.00047624 0.00050346 0.        ]) 	 loss 4.041E-01 	 horizons 9.0
step 4320 	 return [0.         0.00023198 0.00281632 0.00187844 0.00049969 0.00045186
 0.00034192 0.00035991 0.00099222 0.        ], ([0.         0.00069595 0.00104158 0.00119358 0.0006727  0.00044366
 0.00018132 0.00051285 0.00036879 0.        ]) 	 loss 4.280E-01 	 horizons 9.0
step 4410 	 return [0.         0.00330827 0.00147443 0.00514876 0.00599765 0.
 0.00173271 0.00125762 0.00036463 0.        ], ([0.         0.00180822 0.00103075 0.00199016 0.00254197 0.
 0.00036836 0.00040967 0.0008314  0.        ]) 	 loss 4.104E-01 	 horizons 9.0
step 4500 	 return [0.         0.         0.         0.         0.00316687 0.00823159
 0.00483148 0.00660281 0.00504965 0.00630556], ([0.         0.         0.         0.         0.0005503  0.0022212
 0.00186581 0.00150651 0.00528688 0.00168218]) 	 loss 4.394E-01 	 horizons 9.0
step 4590 	 return [5.8756687e-04 2.5127072e-05 1.1534430e-03 1.0739242e-03 1.3958797e-04
 0.0000000e+00 1.1707392e-03 3.2078479e-03 9.9159556e-04 0.0000000e+00], ([4.9557386e-04 7.5381220e-05 5.2259600e-04 2.2398309e-04 4.1876390e-04
 0.0000000e+00 7.1292528e-04 7.6781883e-04 8.1025041e-04 0.0000000e+00]) 	 loss 4.087E-01 	 horizons 9.0
step 4680 	 return [0.         0.         0.00082142 0.007735   0.01248041 0.00586758
 0.00242914 0.         0.         0.        ], ([0.         0.         0.00127624 0.00196554 0.00194985 0.00295214
 0.00096651 0.         0.         0.        ]) 	 loss 4.039E-01 	 horizons 9.0
step 4770 	 return [0.         0.00126565 0.00189973 0.00832738 0.00884158 0.00036112
 0.00314394 0.00050477 0.         0.        ], ([0.         0.00098001 0.00090587 0.00137791 0.00053981 0.00108336
 0.00072215 0.00077107 0.         0.        ]) 	 loss 3.865E-01 	 horizons 9.0
step 4860 	 return [0.         0.         0.         0.         0.00268148 0.00312636
 0.00450439 0.00579782 0.00620043 0.00795031], ([0.         0.         0.         0.         0.0010751  0.00067945
 0.00056747 0.00295182 0.00267687 0.00225241]) 	 loss 3.577E-01 	 horizons 9.0
step 4950 	 return [0.         0.         0.00184985 0.01107965 0.00900617 0.
 0.00171177 0.         0.         0.        ], ([0.         0.         0.00140393 0.00173147 0.00252771 0.
 0.00066906 0.         0.         0.        ]) 	 loss 3.623E-01 	 horizons 9.0
step 5040 	 return [0.         0.         0.         0.         0.00112491 0.00050751
 0.0010102  0.00335196 0.00593593 0.01051934], ([0.         0.         0.         0.         0.00048632 0.00102341
 0.00103734 0.00183297 0.0029617  0.00327383]) 	 loss 3.365E-01 	 horizons 9.0
step 5130 	 return [0.         0.         0.         0.         0.00281912 0.00371722
 0.0034874  0.0078493  0.0111309  0.00630825], ([0.         0.         0.         0.         0.00076497 0.00128957
 0.00164928 0.00088299 0.00181206 0.00126012]) 	 loss 3.519E-01 	 horizons 9.0
step 5220 	 return [0.         0.00470751 0.00198282 0.00076734 0.00128519 0.
 0.00067113 0.00105489 0.00105714 0.        ], ([0.0000000e+00 8.0697861e-04 1.1609890e-03 9.6805650e-04 3.8186266e-05
 0.0000000e+00 1.3145229e-05 2.3542432e-04 9.8328863e-05 0.0000000e+00]) 	 loss 3.500E-01 	 horizons 9.0
step 5310 	 return [0.         0.0017822  0.0030156  0.00171969 0.00089067 0.00028525
 0.00038062 0.00035541 0.00097122 0.        ], ([0.         0.00295031 0.00135056 0.00091549 0.00077072 0.00045253
 0.0002215  0.00047437 0.00050161 0.        ]) 	 loss 3.358E-01 	 horizons 9.0
step 5400 	 return [0.0000000e+00 5.8778194e-03 2.1355853e-03 5.5080135e-03 5.7250829e-03
 0.0000000e+00 1.4249255e-03 9.0321264e-04 9.3035400e-05 0.0000000e+00], ([0.         0.00126941 0.00107961 0.0016614  0.00226414 0.
 0.00052652 0.0004176  0.00027911 0.        ]) 	 loss 3.447E-01 	 horizons 9.0
step 5490 	 return [0.         0.         0.         0.         0.00335111 0.00479262
 0.00324859 0.00732267 0.00697893 0.00623002], ([0.         0.         0.         0.         0.00071617 0.00217339
 0.00226303 0.00178925 0.00352472 0.00292706]) 	 loss 3.454E-01 	 horizons 9.0
step 5580 	 return [0.         0.         0.         0.         0.00318118 0.00456491
 0.00326533 0.0056805  0.00726282 0.00706405], ([0.         0.         0.         0.         0.00078297 0.00146549
 0.00183788 0.00242761 0.0047733  0.00237022]) 	 loss 3.520E-01 	 horizons 9.0
step 5670 	 return [0.         0.000236   0.00345975 0.00693334 0.00592894 0.0035194
 0.0029506  0.         0.         0.        ], ([0.         0.00070801 0.00078315 0.00209345 0.00101553 0.00064302
 0.00033647 0.         0.         0.        ]) 	 loss 3.009E-01 	 horizons 9.0
step 5760 	 return [0.         0.00035998 0.00142476 0.00858333 0.00909295 0.00438315
 0.00250616 0.         0.         0.        ], ([0.         0.00071996 0.00129509 0.00299653 0.00174866 0.00194713
 0.00074522 0.         0.         0.        ]) 	 loss 3.254E-01 	 horizons 9.0
step 5850 	 return [0.         0.         0.         0.         0.00324925 0.00548284
 0.00297212 0.00420408 0.00367225 0.00840897], ([0.         0.         0.         0.         0.00067833 0.00100112
 0.00193681 0.00296658 0.00115487 0.00180398]) 	 loss 3.034E-01 	 horizons 9.0
step 5940 	 return [0.         0.00029053 0.00120448 0.00829349 0.01124814 0.00426701
 0.00362322 0.         0.         0.        ], ([0.         0.00058107 0.00108002 0.00220405 0.00144656 0.00200812
 0.00033211 0.         0.         0.        ]) 	 loss 3.133E-01 	 horizons 9.0
step 6030 	 return [0.         0.00408864 0.00263193 0.00382367 0.0022032  0.
 0.00112375 0.00117536 0.00061018 0.        ], ([0.         0.00117916 0.00017091 0.00166292 0.00106588 0.
 0.00052629 0.00047679 0.00050868 0.        ]) 	 loss 2.862E-01 	 horizons 9.0
step 6120 	 return [0.0007095  0.00016728 0.0023695  0.00137458 0.00014258 0.
 0.00056929 0.00227249 0.00095982 0.        ], ([2.9970714e-04 2.3598407e-04 6.8756408e-04 5.9881222e-05 4.2773361e-04
 0.0000000e+00 9.4608215e-05 7.1749307e-04 7.8461476e-04 0.0000000e+00]) 	 loss 2.878E-01 	 horizons 9.0
step 6210 	 return [0.         0.00032837 0.0009119  0.0063931  0.0083841  0.00758863
 0.00392863 0.         0.         0.        ], ([0.         0.00065674 0.00116583 0.00181694 0.00132886 0.0025518
 0.00044891 0.         0.         0.        ]) 	 loss 2.685E-01 	 horizons 9.0
step 6300 	 return [5.7565549e-04 2.9254297e-04 2.3602585e-03 1.6929604e-03 4.7597048e-04
 9.3442221e-05 5.7291659e-04 1.6880019e-03 1.3507053e-03 0.0000000e+00], ([3.4597356e-04 6.9947162e-04 7.9750764e-04 1.0682077e-03 1.0431889e-03
 2.8032664e-04 9.7297314e-05 5.9799495e-04 5.1034492e-04 0.0000000e+00]) 	 loss 2.945E-01 	 horizons 9.0
step 6390 	 return [0.0000000e+00 4.5577320e-03 2.3569884e-03 4.3671527e-03 3.2057688e-03
 0.0000000e+00 8.1399770e-04 1.0510937e-03 7.4425268e-05 0.0000000e+00], ([0.         0.00084391 0.00137926 0.0017596  0.00095131 0.
 0.00017266 0.00045924 0.00022328 0.        ]) 	 loss 2.664E-01 	 horizons 9.0
step 6480 	 return [4.3767592e-04 4.5452485e-05 1.3149475e-03 9.7880559e-04 9.7564439e-04
 0.0000000e+00 1.2504295e-03 4.7701714e-03 6.7597779e-04 1.1875241e-03], ([5.3679029e-04 9.0904970e-05 9.9631026e-04 5.2084553e-04 8.3115406e-04
 0.0000000e+00 9.8170643e-04 2.0044059e-03 1.5505716e-03 2.4440372e-03]) 	 loss 2.718E-01 	 horizons 9.0
step 6570 	 return [0.         0.00434021 0.00224702 0.00591362 0.00605401 0.
 0.00159332 0.00096015 0.         0.        ], ([0.         0.00153774 0.00083894 0.00156936 0.00162306 0.
 0.00048015 0.00058514 0.         0.        ]) 	 loss 2.561E-01 	 horizons 9.0
step 6660 	 return [0.         0.         0.00038349 0.00060464 0.00082397 0.000285
 0.00239207 0.0049901  0.00152269 0.00096122], ([0.         0.         0.00025207 0.00039947 0.00084133 0.00085499
 0.00040102 0.00152785 0.0019582  0.00192268]) 	 loss 2.657E-01 	 horizons 9.0
step 6750 	 return [0.         0.         0.00359906 0.00132888 0.00021221 0.00064523
 0.00041594 0.00026318 0.0008576  0.        ], ([0.         0.         0.00095014 0.00075209 0.00036164 0.00054752
 0.00010714 0.00032244 0.00020284 0.        ]) 	 loss 2.525E-01 	 horizons 9.0
step 6840 	 return [0.         0.         0.         0.         0.00307626 0.00556648
 0.00200273 0.00610013 0.00944528 0.00541393], ([0.         0.         0.         0.         0.00056769 0.00069729
 0.00179401 0.0017935  0.00450986 0.0019432 ]) 	 loss 2.543E-01 	 horizons 9.0
step 6930 	 return [0.         0.00063325 0.00194686 0.00541154 0.00825874 0.00106318
 0.00359263 0.         0.         0.        ], ([0.0000000e+00 9.9143595e-04 8.9932763e-04 2.6952599e-03 6.5215677e-04
 1.6240390e-03 9.5887903e-05 0.0000000e+00 0.0000000e+00 0.0000000e+00]) 	 loss 2.686E-01 	 horizons 9.0
step 7020 	 return [0.         0.00539709 0.0029362  0.00731407 0.00313164 0.
 0.00077592 0.00050861 0.         0.        ], ([0.         0.00082935 0.0001048  0.00095088 0.00104497 0.
 0.00016744 0.00033296 0.         0.        ]) 	 loss 2.275E-01 	 horizons 9.0
step 7110 	 return [0.         0.00512919 0.00221581 0.00468721 0.00228671 0.
 0.00090857 0.00093567 0.00024675 0.        ], ([0.         0.00097545 0.00129334 0.00201118 0.00136864 0.
 0.00040522 0.00037147 0.00037813 0.        ]) 	 loss 2.591E-01 	 horizons 9.0
step 7200 	 return [9.8195938e-05 5.0725031e-04 3.0399966e-03 1.8960165e-03 6.6678523e-04
 1.8688444e-04 5.9551775e-04 1.4921575e-03 1.2801888e-03 0.0000000e+00], ([2.9458787e-04 9.1017218e-04 9.3109492e-04 1.5105612e-03 1.3335705e-03
 3.7376888e-04 3.5246107e-05 5.2014599e-04 5.3536060e-04 0.0000000e+00]) 	 loss 2.285E-01 	 horizons 9.0
step 7290 	 return [0.         0.         0.         0.         0.00299817 0.0040014
 0.00434201 0.00810169 0.00949271 0.00557757], ([0.         0.         0.         0.         0.00129598 0.00104388
 0.00171384 0.00079309 0.00145118 0.00182627]) 	 loss 2.283E-01 	 horizons 9.0
step 7380 	 return [0.         0.         0.0005319  0.00065564 0.00158755 0.
 0.00210197 0.00553909 0.00115072 0.00047365], ([0.         0.         0.00033633 0.00042924 0.00075867 0.
 0.0005457  0.00126724 0.00231853 0.00142096]) 	 loss 2.368E-01 	 horizons 9.0
step 7470 	 return [0.         0.00100524 0.00420479 0.01163527 0.00579686 0.
 0.00139541 0.         0.         0.        ], ([0.0000000e+00 1.2311775e-03 8.6836466e-05 1.8597125e-03 1.3743945e-03
 0.0000000e+00 6.1690633e-05 0.0000000e+00 0.0000000e+00 0.0000000e+00]) 	 loss 2.095E-01 	 horizons 9.0
step 7560 	 return [0.         0.         0.00428784 0.00129383 0.001083   0.
 0.0002668  0.         0.0013633  0.        ], ([0.         0.         0.00033604 0.00071783 0.00061276 0.
 0.00011055 0.         0.00026903 0.        ]) 	 loss 2.170E-01 	 horizons 9.0
step 7650 	 return [0.         0.00168514 0.00194303 0.00131847 0.00692384 0.00373266
 0.0038606  0.00018363 0.00046024 0.0016664 ], ([0.         0.00084773 0.00101305 0.00065929 0.0011386  0.00037504
 0.00068588 0.00036726 0.00092048 0.00333281]) 	 loss 2.207E-01 	 horizons 9.0
step 7740 	 return [0.         0.         0.         0.         0.00372805 0.00616246
 0.00573624 0.00739052 0.00023164 0.00716421], ([0.         0.         0.         0.         0.00086392 0.00151658
 0.00016125 0.00242787 0.00069492 0.00102764]) 	 loss 1.979E-01 	 horizons 9.0
step 7830 	 return [0.00067808 0.00026712 0.00205588 0.00132654 0.00028611 0.
 0.00054277 0.00253602 0.00098002 0.        ], ([2.9264737e-04 2.8525782e-04 5.3244224e-04 8.4432562e-05 5.7222066e-04
 0.0000000e+00 1.2625952e-04 6.1511906e-04 8.0160686e-04 0.0000000e+00]) 	 loss 2.225E-01 	 horizons 9.0
step 7920 	 return [0.         0.00405509 0.00138404 0.         0.00134709 0.
 0.00078837 0.0011685  0.00112017 0.        ], ([0.0000000e+00 1.4697333e-04 4.6134699e-04 0.0000000e+00 1.0339063e-04
 0.0000000e+00 3.2507107e-04 1.8383730e-04 1.6606717e-05 0.0000000e+00]) 	 loss 1.989E-01 	 horizons 9.0
step 8010 	 return [0.         0.         0.00046527 0.00027204 0.00289257 0.
 0.00201388 0.00770352 0.00312354 0.00359684], ([0.         0.         0.00075042 0.00081613 0.00206185 0.
 0.00052185 0.0022671  0.00255254 0.00247312]) 	 loss 1.882E-01 	 horizons 9.0
step 8100 	 return [0.         0.00464795 0.00196201 0.00513811 0.00502559 0.
 0.00203784 0.00055827 0.         0.        ], ([0.         0.00122116 0.00106411 0.00124364 0.00081535 0.
 0.00024224 0.0004903  0.         0.        ]) 	 loss 1.834E-01 	 horizons 9.0
step 8190 	 return [0.         0.0011493  0.00221606 0.00769544 0.006514   0.0072448
 0.0038707  0.         0.         0.        ], ([0.         0.00075239 0.00085436 0.00163315 0.00138281 0.00116808
 0.00092162 0.         0.         0.        ]) 	 loss 1.821E-01 	 horizons 9.0
step 8280 	 return [0.         0.00395805 0.00329209 0.00695122 0.00558132 0.
 0.00075453 0.         0.         0.        ], ([0.         0.00081686 0.00107722 0.00143742 0.00065852 0.
 0.00021921 0.         0.         0.        ]) 	 loss 1.835E-01 	 horizons 9.0
step 8370 	 return [0.         0.00540103 0.00300949 0.00532412 0.00094997 0.
 0.00067055 0.00065992 0.00070905 0.        ], ([0.0000000e+00 3.2776345e-05 1.0983096e-03 5.7902333e-04 7.3128706e-04
 0.0000000e+00 3.1083739e-05 1.2856096e-04 2.4168410e-04 0.0000000e+00]) 	 loss 1.781E-01 	 horizons 9.0
step 8460 	 return [0.         0.         0.         0.         0.0040956  0.00537261
 0.00528585 0.00867519 0.00890125 0.00393588], ([0.         0.         0.         0.         0.00087843 0.00123656
 0.00139812 0.00087186 0.0014198  0.00148617]) 	 loss 1.641E-01 	 horizons 9.0
step 8550 	 return [0.         0.         0.         0.         0.00411937 0.00529061
 0.00572856 0.00898463 0.00858847 0.00388073], ([0.         0.         0.         0.         0.00084421 0.00125793
 0.00013765 0.00068456 0.00060479 0.00082725]) 	 loss 1.877E-01 	 horizons 9.0
step 8640 	 return [0.         0.0040484  0.00262927 0.0076182  0.00600166 0.
 0.00118733 0.00049834 0.         0.        ], ([0.         0.0012604  0.00134531 0.00255536 0.00117924 0.
 0.00040504 0.00063424 0.         0.        ]) 	 loss 1.670E-01 	 horizons 9.0
step 8730 	 return [7.8406499e-04 2.5127072e-05 1.6815119e-03 1.2339689e-03 0.0000000e+00
 0.0000000e+00 6.1419955e-04 2.5190823e-03 1.4969143e-03 0.0000000e+00], ([2.4247683e-04 7.5381220e-05 2.4411372e-04 4.6636491e-05 0.0000000e+00
 0.0000000e+00 1.6423646e-05 4.5946467e-04 5.0159264e-04 0.0000000e+00]) 	 loss 1.783E-01 	 horizons 9.0
step 8820 	 return [0.         0.00286771 0.00233903 0.00727632 0.00726924 0.
 0.00229608 0.00068714 0.         0.        ], ([0.         0.00150816 0.00087366 0.00145246 0.00123729 0.
 0.00050066 0.00070949 0.         0.        ]) 	 loss 1.609E-01 	 horizons 9.0
step 8910 	 return [0.         0.         0.         0.         0.00171382 0.00073203
 0.00099457 0.00401516 0.004205   0.01142722], ([0.         0.         0.         0.         0.00018735 0.00112834
 0.00104296 0.00154098 0.00142769 0.00309437]) 	 loss 1.381E-01 	 horizons 9.0
step 9000 	 return [0.         0.00043087 0.00111248 0.00839926 0.01153625 0.
 0.00333322 0.00051688 0.         0.        ], ([0.         0.00065817 0.00092545 0.00257752 0.00146947 0.
 0.00075663 0.00078955 0.         0.        ]) 	 loss 1.471E-01 	 horizons 9.0
step 9090 	 return [0.         0.00511286 0.00213493 0.00498799 0.00517002 0.
 0.00198881 0.00070454 0.         0.        ], ([0.         0.00130062 0.00106817 0.00126141 0.00128831 0.
 0.00014232 0.00051927 0.         0.        ]) 	 loss 1.512E-01 	 horizons 9.0
step 9180 	 return [0.         0.00554398 0.00244244 0.00690059 0.00689787 0.
 0.00234949 0.         0.         0.        ], ([0.         0.00100856 0.00081497 0.00062207 0.00051052 0.
 0.00017363 0.         0.         0.        ]) 	 loss 1.476E-01 	 horizons 9.0
step 9270 	 return [0.         0.00135882 0.0024633  0.01029232 0.00668589 0.
 0.00140218 0.         0.         0.        ], ([0.0000000e+00 5.6597654e-04 8.7546482e-04 6.1043369e-04 6.3617696e-04
 0.0000000e+00 5.4356267e-05 0.0000000e+00 0.0000000e+00 0.0000000e+00]) 	 loss 1.393E-01 	 horizons 9.0
step 9360 	 return [0.         0.00210281 0.00206398 0.00770615 0.00880494 0.
 0.00211032 0.         0.         0.        ], ([0.         0.00082526 0.00044152 0.00280226 0.00147454 0.
 0.00035648 0.         0.         0.        ]) 	 loss 1.670E-01 	 horizons 9.0
step 9450 	 return [0.         0.0039961  0.00172684 0.00034019 0.00131039 0.
 0.00067918 0.00119832 0.00112533 0.        ], ([0.0000000e+00 1.1196804e-04 3.7808012e-04 6.8038562e-04 5.6441413e-06
 0.0000000e+00 2.1753096e-06 9.4456213e-05 2.8756944e-05 0.0000000e+00]) 	 loss 1.594E-01 	 horizons 9.0
step 9540 	 return [0.         0.         0.00467806 0.00138569 0.00306236 0.
 0.00017009 0.         0.00107121 0.        ], ([0.0000000e+00 0.0000000e+00 5.6476006e-04 7.7732099e-04 6.5791671e-04
 0.0000000e+00 6.5591453e-06 0.0000000e+00 1.5846486e-04 0.0000000e+00]) 	 loss 1.449E-01 	 horizons 9.0
step 9630 	 return [0.         0.00633935 0.00330061 0.00372345 0.00123983 0.
 0.00067143 0.00073443 0.00067903 0.        ], ([0.0000000e+00 9.5901429e-04 1.1034365e-03 1.2303415e-03 5.4316648e-04
 0.0000000e+00 1.8196355e-05 5.2331037e-05 2.2893233e-04 0.0000000e+00]) 	 loss 1.636E-01 	 horizons 9.0
step 9720 	 return [0.         0.         0.00195983 0.01028748 0.00928805 0.00316923
 0.00268541 0.         0.         0.        ], ([0.         0.         0.00137363 0.00183976 0.00106262 0.00030058
 0.00042066 0.         0.         0.        ]) 	 loss 1.602E-01 	 horizons 9.0
step 9810 	 return [0.         0.         0.         0.         0.00372944 0.00632097
 0.00539525 0.00856814 0.00846606 0.00482862], ([0.         0.         0.         0.         0.0008868  0.00150663
 0.00143663 0.00068888 0.00035355 0.00086131]) 	 loss 1.437E-01 	 horizons 9.0
step 9900 	 return [0.         0.00016419 0.00026419 0.00996319 0.00861435 0.00370854
 0.00313094 0.         0.         0.        ], ([0.         0.00049256 0.00079256 0.00149102 0.00089468 0.00106282
 0.00051611 0.         0.         0.        ]) 	 loss 1.718E-01 	 horizons 9.0
step 9990 	 return [0.         0.0053394  0.00272604 0.00469261 0.00104855 0.
 0.00068838 0.00106532 0.00120185 0.        ], ([0.0000000e+00 7.2484756e-05 3.5505407e-04 5.4812076e-04 5.2509119e-04
 0.0000000e+00 1.3019131e-05 3.2120969e-04 7.0381939e-04 0.0000000e+00]) 	 loss 1.578E-01 	 horizons 9.0
step 10080 	 return [0.         0.00203991 0.00326435 0.00641173 0.00534457 0.00318631
 0.00263498 0.         0.         0.        ], ([0.0000000e+00 6.8422180e-04 4.7437989e-04 7.2762516e-04 4.4267712e-05
 1.7525652e-05 2.2156606e-05 0.0000000e+00 0.0000000e+00 0.0000000e+00]) 	 loss 1.440E-01 	 horizons 9.0
step 10170 	 return [0.         0.00131349 0.00242239 0.00785723 0.00734168 0.00704435
 0.00357213 0.         0.         0.        ], ([0.         0.00065674 0.00081839 0.00069908 0.00293995 0.00036218
 0.00123373 0.         0.         0.        ]) 	 loss 1.487E-01 	 horizons 9.0
step 10260 	 return [0.         0.         0.00224019 0.00907402 0.00601079 0.00254764
 0.00259193 0.         0.         0.        ], ([0.         0.         0.00136258 0.00089833 0.00121609 0.00127388
 0.00014158 0.         0.         0.        ]) 	 loss 1.212E-01 	 horizons 9.0
step 10350 	 return [0.0000000e+00 0.0000000e+00 5.4442426e-03 1.8605646e-03 1.7454621e-03
 6.8788366e-05 1.4611389e-04 0.0000000e+00 3.8145273e-04 0.0000000e+00], ([0.0000000e+00 0.0000000e+00 2.6626466e-04 1.1263713e-03 5.8481970e-04
 2.0636510e-04 5.6589361e-06 0.0000000e+00 1.7730941e-04 0.0000000e+00]) 	 loss 1.576E-01 	 horizons 9.0
step 10440 	 return [0.         0.00031086 0.00102237 0.01154442 0.0107175  0.
 0.00222125 0.00154226 0.         0.        ], ([0.         0.00093259 0.00102237 0.00214384 0.00162121 0.
 0.00014444 0.00051414 0.         0.        ]) 	 loss 1.379E-01 	 horizons 9.0
step 10530 	 return [0.         0.         0.         0.         0.00339248 0.00720534
 0.00595207 0.0088589  0.00860016 0.00464144], ([0.0000000e+00 0.0000000e+00 0.0000000e+00 0.0000000e+00 7.1154197e-04
 1.2629856e-03 1.1607838e-04 5.0697425e-05 3.6937476e-04 7.7088014e-04]) 	 loss 1.363E-01 	 horizons 9.0
step 10620 	 return [0.         0.00258857 0.0016867  0.00362676 0.00596429 0.
 0.00190875 0.00143383 0.         0.        ], ([0.         0.00054219 0.00066463 0.00160443 0.00026571 0.
 0.00030193 0.00019901 0.         0.        ]) 	 loss 1.408E-01 	 horizons 9.0
step 10710 	 return [0.         0.00454818 0.00110182 0.00857783 0.00787237 0.
 0.00138925 0.00099484 0.         0.        ], ([0.         0.00122086 0.00135081 0.0020311  0.0005635  0.
 0.00060378 0.00068542 0.         0.        ]) 	 loss 1.230E-01 	 horizons 9.0
step 10800 	 return [0.         0.         0.         0.         0.00303444 0.00781353
 0.00598549 0.00865901 0.00918506 0.00301971], ([0.0000000e+00 0.0000000e+00 0.0000000e+00 0.0000000e+00 1.3072463e-06
 9.3789677e-06 1.0485085e-05 1.1514365e-04 5.8098958e-04 2.8285696e-04]) 	 loss 1.158E-01 	 horizons 9.0
step 10890 	 return [0.         0.00333364 0.00203983 0.00200395 0.0013605  0.
 0.00075254 0.00139422 0.00108271 0.        ], ([0.         0.00127115 0.00103149 0.00078257 0.0001079  0.
 0.00036192 0.00065425 0.00053367 0.        ]) 	 loss 1.095E-01 	 horizons 9.0
step 10980 	 return [0.         0.         0.         0.00142695 0.00672493 0.0096225
 0.00503545 0.00250718 0.         0.00413058], ([0.         0.         0.         0.00206729 0.00344155 0.00300035
 0.0007467  0.0025072  0.         0.00414539]) 	 loss 1.138E-01 	 horizons 9.0
step 11070 	 return [0.         0.         0.00032217 0.00317525 0.00470308 0.00552676
 0.00222457 0.00247295 0.         0.00672958], ([0.         0.         0.00049219 0.00388937 0.00078294 0.00131508
 0.00149814 0.00201965 0.         0.00550419]) 	 loss 9.509E-02 	 horizons 9.0
step 11160 	 return [0.         0.00082994 0.00121554 0.01164965 0.00740867 0.
 0.00134979 0.         0.         0.        ], ([0.0000000e+00 6.7764334e-04 9.9248835e-04 1.5615553e-03 7.6511834e-04
 0.0000000e+00 4.3995027e-05 0.0000000e+00 0.0000000e+00 0.0000000e+00]) 	 loss 9.862E-02 	 horizons 9.0
step 11250 	 return [0.         0.00279979 0.00193326 0.00882659 0.00841198 0.
 0.00226305 0.         0.         0.        ], ([0.0000000e+00 7.3033370e-05 2.9669848e-04 1.8116289e-04 4.4306889e-04
 0.0000000e+00 9.8832155e-05 0.0000000e+00 0.0000000e+00 0.0000000e+00]) 	 loss 1.056E-01 	 horizons 9.0
step 11340 	 return [0.         0.         0.         0.         0.00284492 0.00485205
 0.00497646 0.00834279 0.00619682 0.0061358 ], ([0.         0.         0.         0.         0.00020124 0.00245414
 0.0008834  0.00080188 0.00463102 0.00080149]) 	 loss 1.056E-01 	 horizons 9.0
step 11430 	 return [0.         0.0014909  0.00294615 0.00835449 0.00674204 0.
 0.00209117 0.00052004 0.         0.        ], ([0.         0.0006057  0.00029177 0.00096365 0.00033017 0.
 0.00031685 0.00042461 0.         0.        ]) 	 loss 1.198E-01 	 horizons 9.0
step 11520 	 return [0.         0.00084974 0.00054633 0.00978344 0.01257722 0.
 0.00110569 0.00150589 0.         0.        ], ([0.         0.00177587 0.00090409 0.00274601 0.00261946 0.
 0.00053408 0.00061329 0.         0.        ]) 	 loss 1.189E-01 	 horizons 9.0
step 11610 	 return [0.         0.         0.         0.00921873 0.0133932  0.
 0.00144398 0.00152057 0.         0.        ], ([0.         0.         0.         0.00132669 0.00116721 0.
 0.00050709 0.00050714 0.         0.        ]) 	 loss 9.034E-02 	 horizons 9.0
step 11700 	 return [0.         0.0019346  0.00257639 0.00203675 0.00746967 0.00353738
 0.00350441 0.         0.         0.        ], ([0.0000000e+00 6.4494251e-04 5.6484372e-05 7.8789669e-04 7.7635799e-05
 2.4595691e-05 4.1024825e-05 0.0000000e+00 0.0000000e+00 0.0000000e+00]) 	 loss 1.057E-01 	 horizons 9.0
step 11790 	 return [0.         0.00516264 0.00312283 0.00607449 0.00518756 0.
 0.00163061 0.0003658  0.         0.        ], ([0.         0.00129333 0.00113408 0.00227971 0.00076169 0.
 0.00043064 0.00058179 0.         0.        ]) 	 loss 1.097E-01 	 horizons 9.0
step 11880 	 return [0.00051563 0.00049209 0.00231754 0.00140425 0.00161572 0.
 0.00041783 0.00354805 0.         0.        ], ([3.3756145e-04 1.7336826e-04 3.9398312e-04 2.2274740e-05 2.9013673e-04
 0.0000000e+00 1.9367874e-04 4.3723790e-04 0.0000000e+00 0.0000000e+00]) 	 loss 1.098E-01 	 horizons 9.0
step 11970 	 return [0.         0.0041196  0.00262873 0.00646428 0.0069419  0.
 0.00099076 0.00051324 0.         0.        ], ([0.         0.00119093 0.00133864 0.00229788 0.00089889 0.
 0.00041444 0.00055799 0.         0.        ]) 	 loss 1.060E-01 	 horizons 9.0
step 12060 	 return [0.         0.         0.00211287 0.01045927 0.01043924 0.00699682
 0.00430349 0.         0.         0.        ], ([0.0000000e+00 0.0000000e+00 2.3283064e-10 0.0000000e+00 9.3132257e-10
 0.0000000e+00 4.6566129e-10 0.0000000e+00 0.0000000e+00 0.0000000e+00]) 	 loss 1.135E-01 	 horizons 9.0
step 12150 	 return [1.0160019e-03 7.5381213e-05 1.4648847e-03 1.1534150e-03 0.0000000e+00
 0.0000000e+00 6.2019238e-04 2.6060841e-03 1.6810817e-03 0.0000000e+00], ([8.5522504e-07 1.1514670e-04 1.0731631e-05 2.7156902e-06 0.0000000e+00
 0.0000000e+00 4.1478225e-07 7.6005716e-05 1.5751590e-06 0.0000000e+00]) 	 loss 1.167E-01 	 horizons 9.0
step 12240 	 return [0.         0.00064377 0.00279803 0.00427265 0.00705373 0.00315269
 0.00336341 0.         0.         0.        ], ([0.         0.00098337 0.00093932 0.0021045  0.00074727 0.0010519
 0.00027098 0.         0.         0.        ]) 	 loss 9.231E-02 	 horizons 9.0
step 12330 	 return [0.         0.00379843 0.00286321 0.0057667  0.00458569 0.
 0.00214352 0.00041013 0.         0.        ], ([0.         0.00131353 0.00049301 0.00078429 0.00084019 0.
 0.00028796 0.00041041 0.         0.        ]) 	 loss 8.220E-02 	 horizons 9.0
step 12420 	 return [0.         0.00602341 0.00242959 0.00676245 0.00706248 0.
 0.00228816 0.         0.         0.        ], ([0.0000000e+00 1.5540250e-05 8.0986251e-04 5.3228263e-04 4.5046047e-04
 0.0000000e+00 1.5805295e-04 0.0000000e+00 0.0000000e+00 0.0000000e+00]) 	 loss 8.323E-02 	 horizons 9.0
step 12510 	 return [0.         0.00319282 0.00311488 0.01079098 0.00501501 0.
 0.00141675 0.         0.         0.        ], ([0.0000000e+00 1.1066268e-05 1.3901792e-05 1.0677006e-03 1.1287211e-03
 0.0000000e+00 4.9412029e-05 0.0000000e+00 0.0000000e+00 0.0000000e+00]) 	 loss 7.556E-02 	 horizons 9.0
step 12600 	 return [0.         0.00203748 0.00237654 0.00878005 0.00849446 0.
 0.00243556 0.         0.         0.        ], ([0.         0.00077862 0.0004804  0.00018289 0.00036675 0.
 0.00020893 0.         0.         0.        ]) 	 loss 1.020E-01 	 horizons 9.0
step 12690 	 return [0.         0.         0.         0.         0.00393614 0.00593097
 0.00581206 0.00890374 0.00879631 0.00417957], ([0.         0.         0.         0.         0.00087994 0.00154069
 0.00015268 0.00049735 0.00051912 0.00100017]) 	 loss 1.219E-01 	 horizons 9.0
step 12780 	 return [0.         0.00367998 0.00166135 0.00928376 0.0065386  0.
 0.00085293 0.         0.         0.        ], ([0.         0.00081053 0.00090125 0.0009293  0.00046451 0.
 0.00023225 0.         0.         0.        ]) 	 loss 1.124E-01 	 horizons 9.0
step 12870 	 return [0.         0.         0.00515633 0.00094763 0.00364373 0.
 0.00016812 0.         0.00039164 0.        ], ([0.0000000e+00 0.0000000e+00 3.7634562e-04 5.0224189e-06 2.5681249e-04
 0.0000000e+00 7.1993258e-05 0.0000000e+00 2.0908688e-04 0.0000000e+00]) 	 loss 9.160E-02 	 horizons 9.0
step 12960 	 return [0.         0.         0.00263684 0.00583897 0.00720403 0.00345204
 0.00340343 0.         0.         0.        ], ([0.0000000e+00 0.0000000e+00 4.3450328e-04 6.3636561e-04 2.7966808e-04
 4.6257610e-05 5.1589588e-05 0.0000000e+00 0.0000000e+00 0.0000000e+00]) 	 loss 1.040E-01 	 horizons 9.0
step 13050 	 return [0.         0.00181177 0.00283888 0.00702675 0.00702581 0.
 0.00208387 0.00094654 0.         0.        ], ([0.0000000e+00 1.9935156e-04 6.7144923e-05 1.7027216e-03 8.9427934e-04
 0.0000000e+00 2.3936522e-04 5.5126497e-04 0.0000000e+00 0.0000000e+00]) 	 loss 8.820E-02 	 horizons 9.0
step 13140 	 return [0.         0.0001772  0.00121306 0.00902992 0.01144124 0.
 0.00172578 0.00068878 0.         0.        ], ([0.         0.00053159 0.00148588 0.00197638 0.00149326 0.
 0.00030892 0.00063355 0.         0.        ]) 	 loss 8.393E-02 	 horizons 9.0
step 13230 	 return [0.         0.00082093 0.00191631 0.00849825 0.00655468 0.0068882
 0.00421197 0.         0.         0.        ], ([0.0000000e+00 8.2093006e-04 7.2554301e-04 2.9574847e-04 5.9605180e-04
 2.3531495e-05 2.2980385e-05 0.0000000e+00 0.0000000e+00 0.0000000e+00]) 	 loss 1.066E-01 	 horizons 9.0
step 13320 	 return [0.         0.00493882 0.0014615  0.00339919 0.00161651 0.
 0.00177612 0.0006831  0.00272487 0.        ], ([0.0000000e+00 4.5537445e-04 4.8716666e-04 9.4356728e-05 1.1716368e-04
 0.0000000e+00 7.3699339e-05 1.0838467e-05 3.9027313e-05 0.0000000e+00]) 	 loss 7.677E-02 	 horizons 9.0
step 13410 	 return [0.         0.0042487  0.0025071  0.00826422 0.00579657 0.
 0.00072661 0.         0.         0.        ], ([0.0000000e+00 1.3328475e-04 4.8462610e-04 2.6200057e-04 6.3388603e-04
 0.0000000e+00 7.6135507e-06 0.0000000e+00 0.0000000e+00 0.0000000e+00]) 	 loss 8.503E-02 	 horizons 9.0
step 13500 	 return [0.         0.0029612  0.00112048 0.00543366 0.00715078 0.
 0.00208531 0.0015839  0.         0.        ], ([0.0000000e+00 1.0026376e-03 1.3735871e-03 1.4734977e-03 7.3956785e-04
 0.0000000e+00 3.6015088e-05 7.0693663e-05 0.0000000e+00 0.0000000e+00]) 	 loss 7.287E-02 	 horizons 9.0
step 13590 	 return [0.         0.00131466 0.00169523 0.00932201 0.00721479 0.00692933
 0.0042463  0.         0.         0.        ], ([0.0000000e+00 4.3822156e-04 1.2783693e-04 1.3024845e-03 1.0021375e-04
 1.8848248e-05 1.4636900e-05 0.0000000e+00 0.0000000e+00 0.0000000e+00]) 	 loss 8.342E-02 	 horizons 9.0
step 13680 	 return [0.         0.00297296 0.00298558 0.00558138 0.0030183  0.
 0.00181227 0.00070194 0.         0.        ], ([0.0000000e+00 2.1161638e-04 9.8082244e-05 4.4255651e-04 5.8123691e-04
 0.0000000e+00 3.1760956e-05 2.3398093e-04 0.0000000e+00 0.0000000e+00]) 	 loss 8.593E-02 	 horizons 9.0
step 13770 	 return [0.         0.         0.         0.         0.00194815 0.00339212
 0.00522726 0.0084226  0.01184293 0.00535843], ([0.         0.         0.         0.         0.0009976  0.00046534
 0.00038033 0.00059556 0.00270638 0.00184033]) 	 loss 7.349E-02 	 horizons 9.0
step 13860 	 return [0.         0.         0.         0.         0.00207962 0.00295627
 0.00471741 0.00849331 0.01250506 0.00633483], ([0.         0.         0.         0.         0.00057064 0.00038908
 0.00060829 0.00018236 0.00033952 0.00155067]) 	 loss 7.891E-02 	 horizons 9.0
step 13950 	 return [0.         0.00428508 0.00286682 0.00610902 0.00265578 0.
 0.00134936 0.         0.         0.        ], ([0.0000000e+00 4.6566129e-10 0.0000000e+00 0.0000000e+00 0.0000000e+00
 0.0000000e+00 1.1641532e-10 0.0000000e+00 0.0000000e+00 0.0000000e+00]) 	 loss 7.474E-02 	 horizons 9.0
step 14040 	 return [0.00117134 0.00045317 0.00157609 0.00126649 0.         0.
 0.0005685  0.00305779 0.         0.        ], ([4.1050109e-05 2.9667217e-04 2.7220760e-05 1.3454417e-06 0.0000000e+00
 0.0000000e+00 1.4145276e-07 1.2847058e-04 0.0000000e+00 0.0000000e+00]) 	 loss 5.358E-02 	 horizons 9.0
step 14130 	 return [0.         0.00503652 0.00357511 0.00589912 0.00478665 0.
 0.00076449 0.00077835 0.         0.        ], ([0.0000000e+00 1.3809223e-03 4.0704192e-04 1.6780893e-03 8.1609929e-04
 0.0000000e+00 6.0339327e-05 3.3007376e-04 0.0000000e+00 0.0000000e+00]) 	 loss 7.414E-02 	 horizons 9.0
step 14220 	 return [0.         0.00194371 0.00237092 0.00654424 0.00623103 0.
 0.00128126 0.00141989 0.         0.        ], ([0.         0.00206724 0.00095487 0.00163823 0.00082082 0.
 0.0005636  0.00067333 0.         0.        ]) 	 loss 7.173E-02 	 horizons 9.0
step 14310 	 return [0.         0.00518283 0.00191359 0.00391913 0.00131624 0.
 0.0006876  0.00117105 0.00262044 0.        ], ([0.0000000e+00 1.5967735e-04 4.4756898e-04 7.6352921e-04 3.6491667e-05
 0.0000000e+00 1.1767601e-05 2.6021272e-04 4.9658534e-05 0.0000000e+00]) 	 loss 7.034E-02 	 horizons 9.0
step 14400 	 return [0.         0.00432124 0.00299884 0.00820435 0.00529363 0.
 0.00092136 0.         0.         0.        ], ([0.         0.00162098 0.00065253 0.00015826 0.00073309 0.
 0.00030514 0.         0.         0.        ]) 	 loss 6.514E-02 	 horizons 9.0
step 14490 	 return [0.         0.00486039 0.0025924  0.00584001 0.01006522 0.
 0.00219236 0.         0.         0.        ], ([0.         0.00162014 0.00037923 0.00188364 0.00112629 0.
 0.00032281 0.         0.         0.        ]) 	 loss 6.238E-02 	 horizons 9.0
step 14580 	 return [0.         0.         0.         0.00112667 0.01059931 0.01368448
 0.00435711 0.         0.         0.        ], ([0. 0. 0. 0. 0. 0. 0. 0. 0. 0.]) 	 loss 6.770E-02 	 horizons 9.0
step 14670 	 return [0.         0.00612426 0.00382611 0.00777818 0.0051261  0.
 0.00140258 0.         0.         0.        ], ([0.0000000e+00 1.1423162e-04 3.9385595e-05 1.5178623e-03 3.2785637e-04
 0.0000000e+00 2.4600985e-04 0.0000000e+00 0.0000000e+00 0.0000000e+00]) 	 loss 6.257E-02 	 horizons 9.0
step 14760 	 return [0.         0.00390865 0.00246752 0.0048542  0.00677574 0.
 0.0009838  0.00149805 0.         0.        ], ([0.0000000e+00 1.5422036e-03 9.1302191e-04 1.0549844e-03 6.4947893e-04
 0.0000000e+00 4.1480183e-05 7.5757853e-05 0.0000000e+00 0.0000000e+00]) 	 loss 7.722E-02 	 horizons 9.0
step 14850 	 return [0.         0.         0.00231015 0.01280051 0.01016081 0.
 0.00231161 0.00119794 0.         0.        ], ([0.         0.         0.00041852 0.00066536 0.00072593 0.
 0.00021147 0.00078424 0.         0.        ]) 	 loss 7.588E-02 	 horizons 9.0
step 14940 	 return [0.         0.00655909 0.0003928  0.00541079 0.00746596 0.
 0.00074621 0.         0.         0.        ], ([0.0000000e+00 1.4830689e-04 1.1783999e-03 6.6967151e-04 7.7814137e-04
 0.0000000e+00 7.0831802e-06 0.0000000e+00 0.0000000e+00 0.0000000e+00]) 	 loss 8.252E-02 	 horizons 9.0
step 15030 	 return [0.         0.00392259 0.00068761 0.0047539  0.00836619 0.
 0.00132852 0.00159819 0.         0.        ], ([0.0000000e+00 2.4115536e-04 4.5014429e-04 2.0178847e-04 5.0371891e-04
 0.0000000e+00 4.4691365e-04 1.9863577e-05 0.0000000e+00 0.0000000e+00]) 	 loss 7.456E-02 	 horizons 9.0
step 15120 	 return [0.         0.00581039 0.00371726 0.00338429 0.00526738 0.
 0.0022047  0.         0.         0.        ], ([0.0000000e+00 8.0737147e-05 2.5353625e-05 4.6481329e-04 3.5266177e-04
 0.0000000e+00 1.4432505e-04 0.0000000e+00 0.0000000e+00 0.0000000e+00]) 	 loss 8.754E-02 	 horizons 9.0
step 15210 	 return [0.         0.00586992 0.00360029 0.00457237 0.00485912 0.
 0.00097926 0.00099835 0.         0.        ], ([0.         0.00065027 0.00061022 0.00099534 0.00038032 0.
 0.00038255 0.00044669 0.         0.        ]) 	 loss 6.698E-02 	 horizons 9.0
step 15300 	 return [0.         0.         0.00211127 0.0101915  0.00982913 0.
 0.00131413 0.00139695 0.         0.        ], ([0.         0.         0.00075204 0.00250789 0.00045267 0.
 0.00038519 0.000341   0.         0.        ]) 	 loss 7.652E-02 	 horizons 9.0
step 15390 	 return [0.         0.00628046 0.00078381 0.00559647 0.00852265 0.
 0.00227658 0.00015962 0.         0.        ], ([0.         0.00083819 0.00119729 0.00155063 0.00147637 0.
 0.00043529 0.00047887 0.         0.        ]) 	 loss 8.909E-02 	 horizons 9.0
step 15480 	 return [0.         0.         0.00237396 0.00785477 0.01148021 0.
 0.00221016 0.         0.         0.        ], ([0.         0.         0.0004801  0.00310665 0.00044225 0.
 0.00040076 0.         0.         0.        ]) 	 loss 7.162E-02 	 horizons 9.0
step 15570 	 return [0.         0.00279544 0.00291538 0.00346429 0.00310188 0.
 0.00194285 0.00092414 0.00097238 0.        ], ([0.         0.0012819  0.00070501 0.00070582 0.00141887 0.
 0.00017021 0.00047743 0.00113819 0.        ]) 	 loss 7.308E-02 	 horizons 9.0
step 15660 	 return [0.00100698 0.         0.00306233 0.00126778 0.         0.
 0.00062696 0.00258037 0.00170743 0.        ], ([1.1641532e-10 0.0000000e+00 0.0000000e+00 1.1641532e-10 0.0000000e+00
 0.0000000e+00 5.8207661e-11 0.0000000e+00 0.0000000e+00 0.0000000e+00]) 	 loss 1.030E-01 	 horizons 9.0
step 15750 	 return [0.         0.00103369 0.00180112 0.00221926 0.00554444 0.
 0.00204687 0.00150204 0.00030256 0.        ], ([0.0000000e+00 4.7508028e-04 2.4634253e-04 2.1589696e-03 1.2788632e-03
 0.0000000e+00 6.5736836e-05 2.6110376e-04 9.0766960e-04 0.0000000e+00]) 	 loss 8.268E-02 	 horizons 9.0
step 15840 	 return [0.0000000e+00 5.1456876e-03 2.9896200e-03 6.8983221e-03 2.6977300e-03
 0.0000000e+00 8.3447137e-04 5.4516987e-04 8.6593136e-05 0.0000000e+00], ([0.         0.0010053  0.00029516 0.00147919 0.00075886 0.
 0.00021627 0.00029208 0.00025978 0.        ]) 	 loss 1.052E-01 	 horizons 9.0
step 15930 	 return [0.         0.         0.00308902 0.00671954 0.01064679 0.00766194
 0.00109755 0.         0.         0.        ], ([0.0000000e+00 0.0000000e+00 2.3283064e-10 9.3132257e-10 9.3132257e-10
 4.6566129e-10 0.0000000e+00 0.0000000e+00 0.0000000e+00 0.0000000e+00]) 	 loss 8.372E-02 	 horizons 9.0
step 16020 	 return [0.         0.00338623 0.00159866 0.00395054 0.00616189 0.
 0.00196111 0.00088538 0.         0.        ], ([0.         0.00063108 0.00083127 0.00078535 0.00083558 0.
 0.00018134 0.0003805  0.         0.        ]) 	 loss 6.920E-02 	 horizons 9.0
step 16110 	 return [0.         0.0049338  0.00255782 0.00514326 0.00632794 0.
 0.00193596 0.00150143 0.         0.        ], ([0.0000000e+00 7.2244240e-04 2.4276730e-04 1.2403993e-03 3.9782620e-04
 0.0000000e+00 3.0030136e-04 2.9065468e-05 0.0000000e+00 0.0000000e+00]) 	 loss 7.995E-02 	 horizons 9.0
step 16200 	 return [0.         0.         0.00362312 0.01299552 0.00455913 0.
 0.00125202 0.00010585 0.         0.        ], ([0.         0.         0.00127696 0.00098404 0.00089812 0.
 0.00031604 0.00021171 0.         0.        ]) 	 loss 5.939E-02 	 horizons 9.0
step 16290 	 return [0.         0.         0.         0.00606999 0.01511839 0.0074093
 0.00164344 0.         0.         0.        ], ([0.0000000e+00 0.0000000e+00 0.0000000e+00 4.8816565e-04 5.2287149e-05
 1.3645183e-03 1.5949567e-03 0.0000000e+00 0.0000000e+00 0.0000000e+00]) 	 loss 8.085E-02 	 horizons 9.0
step 16380 	 return [0.         0.00497726 0.00132583 0.00527092 0.00541473 0.
 0.00211145 0.00041308 0.         0.        ], ([0.         0.00087335 0.00132583 0.00082439 0.00118947 0.
 0.00027086 0.00041308 0.         0.        ]) 	 loss 1.066E-01 	 horizons 9.0
step 16470 	 return [0.         0.005925   0.00288653 0.00775594 0.00257923 0.
 0.00074846 0.00072659 0.         0.        ], ([0.0000000e+00 4.6566129e-10 2.3283064e-10 4.6566129e-10 2.3283064e-10
 0.0000000e+00 0.0000000e+00 5.8207661e-11 0.0000000e+00 0.0000000e+00]) 	 loss 7.687E-02 	 horizons 9.0
step 16560 	 return [0.         0.00215795 0.00271993 0.00877985 0.00746176 0.
 0.00112033 0.00151587 0.         0.        ], ([0.0000000e+00 1.4560086e-04 5.6002638e-05 2.3760796e-04 1.7056962e-04
 0.0000000e+00 2.5813503e-04 2.1624517e-04 0.0000000e+00 0.0000000e+00]) 	 loss 7.504E-02 	 horizons 9.0
step 16650 	 return [0.         0.         0.00082389 0.0121222  0.00959103 0.
 0.00281589 0.         0.         0.        ], ([0.         0.         0.00128696 0.00057456 0.00113396 0.
 0.00034457 0.         0.         0.        ]) 	 loss 7.489E-02 	 horizons 9.0
step 16740 	 return [0.         0.00530431 0.00258707 0.00474754 0.00126383 0.
 0.00066994 0.00078771 0.00241124 0.        ], ([0.0000000e+00 3.6728327e-04 3.0585703e-05 1.0136991e-03 9.9707631e-06
 0.0000000e+00 9.2847046e-07 4.2415759e-05 4.0005107e-04 0.0000000e+00]) 	 loss 7.333E-02 	 horizons 9.0
step 16830 	 return [0.         0.         0.         0.01200976 0.01606404 0.
 0.0009241  0.00170522 0.         0.        ], ([0.         0.         0.         0.00150752 0.00051116 0.
 0.00020396 0.00037617 0.         0.        ]) 	 loss 8.829E-02 	 horizons 9.0
step 16920 	 return [0.         0.         0.00214663 0.0130907  0.00983132 0.
 0.00221835 0.00154021 0.         0.        ], ([0.         0.         0.00030565 0.00022425 0.00040484 0.
 0.00013524 0.0005134  0.         0.        ]) 	 loss 7.007E-02 	 horizons 9.0
step 17010 	 return [0.         0.00763199 0.         0.0025119  0.00124443 0.
 0.00066204 0.00075465 0.00073152 0.        ], ([0.0000000e+00 1.7635102e-04 0.0000000e+00 1.6651895e-05 1.0542138e-06
 0.0000000e+00 6.4604671e-07 1.3413338e-06 5.7768366e-06 0.0000000e+00]) 	 loss 7.665E-02 	 horizons 9.0
step 17100 	 return [0.         0.         0.00124724 0.01356901 0.00752758 0.00698978
 0.00429423 0.         0.         0.        ], ([0.0000000e+00 0.0000000e+00 1.0183704e-03 4.1585910e-04 1.4879323e-05
 4.7931662e-06 4.9190921e-06 0.0000000e+00 0.0000000e+00 0.0000000e+00]) 	 loss 6.849E-02 	 horizons 9.0
step 17190 	 return [0.         0.00177783 0.00309262 0.00857862 0.00752246 0.
 0.00214468 0.00015732 0.         0.        ], ([0.         0.00228712 0.00053963 0.00307417 0.00119759 0.
 0.00065921 0.00047195 0.         0.        ]) 	 loss 6.780E-02 	 horizons 9.0
step 17280 	 return [0.         0.00353499 0.00194251 0.00997758 0.00983629 0.
 0.00221044 0.00153348 0.         0.        ], ([0.         0.00058697 0.00034314 0.00166165 0.00061951 0.
 0.00013235 0.00051116 0.         0.        ]) 	 loss 6.389E-02 	 horizons 9.0
step 17370 	 return [0.         0.00454606 0.0027937  0.00747193 0.0071418  0.
 0.0022166  0.         0.         0.        ], ([0.         0.00148926 0.00012925 0.00087912 0.00049011 0.
 0.00032903 0.         0.         0.        ]) 	 loss 7.775E-02 	 horizons 9.0
step 17460 	 return [0.         0.00511411 0.00291517 0.00629863 0.00449434 0.
 0.00183237 0.0008141  0.         0.        ], ([0.         0.00132763 0.0005271  0.00063106 0.00057355 0.
 0.00032673 0.00034335 0.         0.        ]) 	 loss 7.983E-02 	 horizons 9.0
step 17550 	 return [0.         0.00331696 0.00279608 0.00488027 0.00726784 0.
 0.00097187 0.00109076 0.         0.        ], ([0.         0.00041741 0.00093212 0.00014892 0.00032719 0.
 0.00041804 0.00043568 0.         0.        ]) 	 loss 6.734E-02 	 horizons 9.0
step 17640 	 return [0.         0.00263244 0.00318807 0.00284286 0.00452012 0.
 0.00200182 0.00145696 0.         0.        ], ([0.0000000e+00 2.9460527e-04 4.4778580e-04 3.3241231e-06 1.6337726e-06
 0.0000000e+00 3.8277364e-07 3.3888503e-07 0.0000000e+00 0.0000000e+00]) 	 loss 8.448E-02 	 horizons 9.0
step 17730 	 return [0.         0.00244384 0.00394002 0.0060403  0.00456589 0.
 0.00250982 0.         0.         0.        ], ([0.0000000e+00 4.0560030e-06 5.5773180e-06 2.5000422e-06 9.8834556e-05
 0.0000000e+00 3.9964078e-05 0.0000000e+00 0.0000000e+00 0.0000000e+00]) 	 loss 6.478E-02 	 horizons 9.0
step 17820 	 return [0.00101582 0.00010051 0.00146723 0.00115282 0.         0.
 0.0006201  0.0025895  0.00168074 0.        ], ([9.1427398e-07 1.2309701e-04 1.1472596e-05 2.9031949e-06 0.0000000e+00
 0.0000000e+00 4.4342090e-07 8.1253536e-05 1.6839158e-06 0.0000000e+00]) 	 loss 8.612E-02 	 horizons 9.0
step 17910 	 return [0.         0.         0.00207874 0.01322946 0.00751543 0.00698587
 0.00429021 0.         0.         0.        ], ([0.000000e+00 0.000000e+00 0.000000e+00 9.313226e-10 9.313226e-10
 0.000000e+00 4.656613e-10 0.000000e+00 0.000000e+00 0.000000e+00]) 	 loss 7.652E-02 	 horizons 9.0
step 18000 	 return [0.         0.00424516 0.00248599 0.0035531  0.00768455 0.00356864
 0.00354232 0.         0.         0.        ], ([0.0000000e+00 7.2405807e-04 2.0630509e-04 6.8547309e-04 1.3767827e-05
 2.2803347e-06 2.2841864e-06 0.0000000e+00 0.0000000e+00 0.0000000e+00]) 	 loss 6.302E-02 	 horizons 9.0
step 18090 	 return [0.         0.         0.         0.01194327 0.00984066 0.00327276
 0.00274669 0.         0.         0.        ], ([0.0000000e+00 0.0000000e+00 0.0000000e+00 0.0000000e+00 9.3132257e-10
 2.3283064e-10 2.3283064e-10 0.0000000e+00 0.0000000e+00 0.0000000e+00]) 	 loss 5.800E-02 	 horizons 9.0
step 18180 	 return [0.         0.00334088 0.00297654 0.00621509 0.00509872 0.
 0.0020912  0.00033468 0.         0.        ], ([0.         0.00130282 0.00035865 0.00158209 0.00068912 0.
 0.00020953 0.00040995 0.         0.        ]) 	 loss 5.260E-02 	 horizons 9.0
step 18270 	 return [0.         0.00333745 0.00186247 0.01008186 0.00928175 0.
 0.00220991 0.         0.         0.        ], ([0.         0.00129278 0.00081346 0.00180001 0.00104242 0.
 0.00028399 0.         0.         0.        ]) 	 loss 6.319E-02 	 horizons 9.0
step 18360 	 return [0.00090403 0.00019638 0.00228849 0.00104999 0.         0.
 0.00060825 0.00151594 0.00156665 0.        ], ([2.6106570e-04 1.0476242e-04 5.0471618e-04 4.2511479e-04 0.0000000e+00
 0.0000000e+00 3.2805863e-06 1.7187653e-05 1.4085481e-05 0.0000000e+00]) 	 loss 7.352E-02 	 horizons 9.0
step 18450 	 return [0.         0.         0.00072772 0.00779811 0.01075754 0.
 0.00153728 0.         0.         0.        ], ([0.         0.         0.00078056 0.0009624  0.00071214 0.
 0.00039026 0.         0.         0.        ]) 	 loss 6.267E-02 	 horizons 9.0
step 18540 	 return [0.         0.00551949 0.0027337  0.00634083 0.00620989 0.
 0.00102696 0.00142506 0.         0.        ], ([0.         0.00124822 0.00013461 0.00098706 0.00072234 0.
 0.00030999 0.00022184 0.         0.        ]) 	 loss 6.970E-02 	 horizons 9.0
step 18630 	 return [0.         0.00556375 0.00284678 0.00466368 0.00481958 0.
 0.00087185 0.00132999 0.         0.        ], ([0.         0.00110565 0.00116761 0.00088683 0.0008431  0.
 0.00034699 0.00020538 0.         0.        ]) 	 loss 6.949E-02 	 horizons 9.0
step 18720 	 return [0.         0.         0.002349   0.01269226 0.00997784 0.
 0.00247222 0.00102681 0.         0.        ], ([0.         0.         0.00046783 0.00075063 0.00078696 0.
 0.00048951 0.00083838 0.         0.        ]) 	 loss 6.252E-02 	 horizons 9.0
step 18810 	 return [0.         0.00394606 0.00288075 0.00735559 0.00683384 0.
 0.00221085 0.00034685 0.         0.        ], ([0.         0.00209925 0.00030299 0.0007563  0.0003126  0.
 0.00028311 0.00042481 0.         0.        ]) 	 loss 8.696E-02 	 horizons 9.0
step 18900 	 return [0.         0.00540687 0.00265054 0.00513747 0.00628297 0.
 0.00218915 0.0010559  0.         0.        ], ([0.0000000e+00 4.2141625e-04 3.9208426e-05 1.0638608e-03 1.3202085e-04
 0.0000000e+00 2.2228183e-04 6.9209537e-04 0.0000000e+00 0.0000000e+00]) 	 loss 7.447E-02 	 horizons 9.0
step 18990 	 return [0.         0.         0.00211287 0.01045927 0.01043924 0.00699682
 0.00430349 0.         0.         0.        ], ([0.0000000e+00 0.0000000e+00 2.3283064e-10 0.0000000e+00 9.3132257e-10
 0.0000000e+00 4.6566129e-10 0.0000000e+00 0.0000000e+00 0.0000000e+00]) 	 loss 7.370E-02 	 horizons 9.0
step 19080 	 return [0.         0.00509265 0.00162446 0.00343239 0.00169466 0.
 0.0018266  0.00069173 0.00274753 0.        ], ([0.0000000e+00 4.6566129e-10 1.1641532e-10 0.0000000e+00 1.1641532e-10
 0.0000000e+00 0.0000000e+00 5.8207661e-11 2.3283064e-10 0.0000000e+00]) 	 loss 5.992E-02 	 horizons 9.0
step 19170 	 return [0.         0.00364262 0.00199522 0.00653944 0.00756744 0.
 0.00195864 0.0006487  0.         0.        ], ([0.         0.00133013 0.00079633 0.00188814 0.0008879  0.
 0.00065328 0.00069587 0.         0.        ]) 	 loss 6.432E-02 	 horizons 9.0
step 19260 	 return [0.         0.00138484 0.00281878 0.00986151 0.00710854 0.
 0.00262421 0.         0.         0.        ], ([0.         0.00075344 0.00043509 0.00138081 0.00121693 0.
 0.00014475 0.         0.         0.        ]) 	 loss 7.861E-02 	 horizons 9.0
step 19350 	 return [0.         0.00562792 0.00018341 0.00768666 0.00630146 0.
 0.00278702 0.         0.         0.        ], ([0.         0.00095269 0.00055023 0.0014826  0.00080919 0.
 0.00036969 0.         0.         0.        ]) 	 loss 6.601E-02 	 horizons 9.0
step 19440 	 return [0.0000000e+00 4.0328801e-03 3.4730542e-03 3.9094049e-03 2.7297165e-03
 0.0000000e+00 7.5302471e-04 1.1216810e-03 9.4310541e-05 0.0000000e+00], ([0.         0.0007387  0.00074454 0.00203288 0.00095608 0.
 0.00011351 0.00025205 0.00028293 0.        ]) 	 loss 6.780E-02 	 horizons 9.0
step 19530 	 return [0.         0.00242637 0.00289582 0.00808883 0.00896386 0.
 0.00265194 0.         0.         0.        ], ([0.0000000e+00 1.0363377e-03 5.6220269e-05 7.2745938e-04 2.0798774e-04
 0.0000000e+00 5.2817784e-05 0.0000000e+00 0.0000000e+00 0.0000000e+00]) 	 loss 7.045E-02 	 horizons 9.0
step 19620 	 return [0.         0.00146074 0.00165262 0.00888785 0.00718138 0.00692304
 0.00424143 0.         0.         0.        ], ([0.000000e+00 0.000000e+00 0.000000e+00 9.313226e-10 0.000000e+00
 4.656613e-10 4.656613e-10 0.000000e+00 0.000000e+00 0.000000e+00]) 	 loss 5.235E-02 	 horizons 9.0
step 19710 	 return [0.         0.00602395 0.0006202  0.00329328 0.00478134 0.
 0.00218543 0.00015964 0.         0.        ], ([0.         0.00032545 0.00126352 0.0003596  0.00078628 0.
 0.00021492 0.00031949 0.         0.        ]) 	 loss 6.528E-02 	 horizons 9.0
step 19800 	 return [0.         0.         0.         0.01194327 0.00984066 0.00327276
 0.00274669 0.         0.         0.        ], ([0.0000000e+00 0.0000000e+00 0.0000000e+00 0.0000000e+00 9.3132257e-10
 2.3283064e-10 2.3283064e-10 0.0000000e+00 0.0000000e+00 0.0000000e+00]) 	 loss 6.424E-02 	 horizons 9.0
step 19890 	 return [0.         0.00684938 0.00266459 0.00520604 0.00694039 0.
 0.00225932 0.         0.         0.        ], ([0.         0.0012115  0.00015935 0.00115023 0.00037896 0.
 0.00030799 0.         0.         0.        ]) 	 loss 6.614E-02 	 horizons 9.0
step 19980 	 return [9.9974906e-04 2.2032586e-05 3.0784775e-03 1.4349098e-03 2.0593372e-03
 0.0000000e+00 7.1362185e-04 4.2176619e-03 0.0000000e+00 0.0000000e+00], ([1.3959342e-04 6.6097760e-05 3.4807724e-04 1.1365371e-05 3.3180463e-06
 0.0000000e+00 1.2207543e-06 1.4130492e-05 0.0000000e+00 0.0000000e+00]) 	 loss 7.580E-02 	 horizons 9.0
step 20070 	 return [0.         0.         0.         0.01251576 0.01618279 0.
 0.00095736 0.00159629 0.         0.        ], ([0.00000000e+00 0.00000000e+00 0.00000000e+00 4.03847807e-05
 2.82202527e-04 0.00000000e+00 2.07099365e-04 1.17508025e-04
 0.00000000e+00 0.00000000e+00]) 	 loss 8.189E-02 	 horizons 9.0
step 20160 	 return [0.0000000e+00 4.5940052e-03 2.9253201e-03 8.3216671e-03 5.0665592e-03
 0.0000000e+00 7.1202347e-04 5.1086990e-05 0.0000000e+00 0.0000000e+00], ([0.0000000e+00 8.5300137e-04 5.1518404e-05 7.1439275e-04 5.4620445e-04
 0.0000000e+00 2.9749750e-05 1.5326096e-04 0.0000000e+00 0.0000000e+00]) 	 loss 6.130E-02 	 horizons 9.0
step 20250 	 return [0.         0.00536861 0.00241289 0.00837068 0.00591589 0.
 0.00266914 0.         0.         0.        ], ([0.0000000e+00 2.0313934e-04 8.0429582e-04 3.8442204e-06 1.0737218e-06
 0.0000000e+00 3.2829126e-07 0.0000000e+00 0.0000000e+00 0.0000000e+00]) 	 loss 5.240E-02 	 horizons 9.0
step 20340 	 return [0.         0.00404212 0.00463177 0.00527258 0.0059435  0.
 0.00064296 0.         0.         0.        ], ([0.0000000e+00 7.0042198e-04 5.6780659e-04 9.7705133e-04 2.6848659e-04
 0.0000000e+00 2.8075288e-05 0.0000000e+00 0.0000000e+00 0.0000000e+00]) 	 loss 6.579E-02 	 horizons 9.0
step 20430 	 return [0.         0.00264824 0.00390079 0.00531654 0.00777103 0.
 0.0007257  0.00078941 0.         0.        ], ([0.0000000e+00 2.8331665e-04 3.8251476e-04 1.0589779e-03 2.4180362e-04
 0.0000000e+00 6.7510467e-05 3.3373889e-04 0.0000000e+00 0.0000000e+00]) 	 loss 6.163E-02 	 horizons 9.0
step 20520 	 return [0.         0.00263347 0.00283547 0.00830307 0.00893235 0.
 0.00261775 0.         0.         0.        ], ([0.         0.00108747 0.00017569 0.00103377 0.00018088 0.
 0.00013115 0.         0.         0.        ]) 	 loss 6.514E-02 	 horizons 9.0
step 20610 	 return [0.         0.00509265 0.00162446 0.00343239 0.00169466 0.
 0.0018266  0.00069173 0.00274753 0.        ], ([0.0000000e+00 4.6566129e-10 1.1641532e-10 0.0000000e+00 1.1641532e-10
 0.0000000e+00 0.0000000e+00 5.8207661e-11 2.3283064e-10 0.0000000e+00]) 	 loss 6.947E-02 	 horizons 9.0
step 20700 	 return [0.         0.00174043 0.00331751 0.00660554 0.00470859 0.
 0.00090583 0.00169908 0.         0.        ], ([0.         0.00187382 0.0004207  0.00129104 0.00089456 0.
 0.00028626 0.00051126 0.         0.        ]) 	 loss 6.258E-02 	 horizons 9.0
step 20790 	 return [0.         0.00263981 0.00191857 0.01158981 0.01106493 0.00366052
 0.00366559 0.         0.         0.        ], ([0.0000000e+00 1.7281628e-03 9.9266974e-05 1.2262422e-03 3.0515173e-05
 2.1571880e-06 4.0811369e-06 0.0000000e+00 0.0000000e+00 0.0000000e+00]) 	 loss 6.565E-02 	 horizons 9.0
step 20880 	 return [0.         0.00518474 0.002642   0.00475859 0.00626317 0.
 0.00202123 0.00142853 0.         0.        ], ([0.0000000e+00 3.0383842e-05 9.7726706e-06 8.6381369e-05 2.0352213e-04
 0.0000000e+00 4.4480697e-05 1.8962679e-04 0.0000000e+00 0.0000000e+00]) 	 loss 5.716E-02 	 horizons 9.0
step 20970 	 return [0.         0.00543762 0.00268155 0.00765649 0.00608865 0.
 0.00272215 0.         0.         0.        ], ([0.0000000e+00 3.0246729e-04 1.4473474e-05 1.1936122e-03 2.6340532e-04
 0.0000000e+00 2.5909932e-04 0.0000000e+00 0.0000000e+00 0.0000000e+00]) 	 loss 5.416E-02 	 horizons 9.0
step 21060 	 return [0.         0.0038138  0.00362286 0.00260296 0.00122658 0.
 0.00065141 0.0007272  0.00099042 0.        ], ([0.0000000e+00 4.6566129e-10 0.0000000e+00 2.3283064e-10 1.1641532e-10
 0.0000000e+00 5.8207661e-11 5.8207661e-11 1.1641532e-10 0.0000000e+00]) 	 loss 5.168E-02 	 horizons 9.0
step 21150 	 return [0.         0.         0.00250101 0.00751275 0.00763673 0.00348806
 0.00341142 0.         0.         0.        ], ([0.0000000e+00 0.0000000e+00 2.3283064e-10 0.0000000e+00 0.0000000e+00
 4.6566129e-10 0.0000000e+00 0.0000000e+00 0.0000000e+00 0.0000000e+00]) 	 loss 6.183E-02 	 horizons 9.0
step 21240 	 return [0.00113418 0.00028375 0.00253567 0.0005321  0.         0.
 0.00060507 0.00149776 0.00155217 0.        ], ([1.1641532e-10 2.9103830e-11 0.0000000e+00 5.8207661e-11 0.0000000e+00
 0.0000000e+00 5.8207661e-11 0.0000000e+00 0.0000000e+00 0.0000000e+00]) 	 loss 5.366E-02 	 horizons 9.0
step 21330 	 return [0.00107243 0.00027493 0.00246446 0.00061831 0.         0.
 0.00060552 0.00150054 0.00155434 0.        ], ([1.8525988e-04 2.6453290e-05 2.1362941e-04 2.5864464e-04 0.0000000e+00
 0.0000000e+00 1.3477578e-06 8.3527766e-06 6.5210506e-06 0.0000000e+00]) 	 loss 5.352E-02 	 horizons 9.0
step 21420 	 return [0.         0.00138321 0.0031042  0.01112312 0.00607302 0.
 0.0026511  0.         0.         0.        ], ([0.0000000e+00 6.9160643e-04 4.1318210e-04 2.2463949e-04 2.0537805e-04
 0.0000000e+00 6.2999221e-05 0.0000000e+00 0.0000000e+00 0.0000000e+00]) 	 loss 5.668E-02 	 horizons 9.0
step 21510 	 return [0.         0.00252197 0.00412332 0.00860506 0.00771168 0.
 0.00137524 0.         0.         0.        ], ([0.0000000e+00 4.3230000e-07 1.2291457e-06 3.5287067e-05 4.8013061e-04
 0.0000000e+00 6.0464248e-05 0.0000000e+00 0.0000000e+00 0.0000000e+00]) 	 loss 5.854E-02 	 horizons 9.0
step 21600 	 return [0.         0.005864   0.00373406 0.00369372 0.00534976 0.
 0.00214908 0.         0.         0.        ], ([0.0000000e+00 1.2340944e-04 3.8756709e-05 7.1025442e-04 3.1072414e-04
 0.0000000e+00 1.4620899e-04 0.0000000e+00 0.0000000e+00 0.0000000e+00]) 	 loss 5.368E-02 	 horizons 9.0
step 21690 	 return [0.         0.         0.         0.01249103 0.0163556  0.
 0.00083054 0.00152433 0.         0.        ], ([0.0000000e+00 0.0000000e+00 0.0000000e+00 3.7776503e-05 2.6397628e-04
 0.0000000e+00 1.9372374e-04 1.0991869e-04 0.0000000e+00 0.0000000e+00]) 	 loss 6.253E-02 	 horizons 9.0
step 21780 	 return [0.         0.00280063 0.00274641 0.00336337 0.00423871 0.
 0.00198454 0.00138275 0.00010151 0.        ], ([0.0000000e+00 3.7923496e-04 1.8392480e-05 1.5515717e-03 8.4915245e-04
 0.0000000e+00 5.2965141e-05 2.2364658e-04 3.0452371e-04 0.0000000e+00]) 	 loss 6.424E-02 	 horizons 9.0
step 21870 	 return [0.         0.         0.00275727 0.01081262 0.00649923 0.
 0.00198302 0.         0.         0.        ], ([0.         0.         0.00093819 0.00071395 0.0008631  0.
 0.00034663 0.         0.         0.        ]) 	 loss 6.772E-02 	 horizons 9.0
step 21960 	 return [0.         0.00810721 0.00375039 0.00474711 0.00512598 0.
 0.00072328 0.         0.         0.        ], ([0.000000e+00 9.313226e-10 0.000000e+00 4.656613e-10 0.000000e+00
 0.000000e+00 5.820766e-11 0.000000e+00 0.000000e+00 0.000000e+00]) 	 loss 6.778E-02 	 horizons 9.0
step 22050 	 return [0.00074638 0.00045177 0.00189506 0.00128358 0.         0.
 0.00059153 0.00281527 0.00067578 0.        ], ([2.0102455e-04 1.9304935e-04 1.8472041e-04 6.8293455e-05 0.0000000e+00
 0.0000000e+00 2.4960636e-05 2.3507410e-04 8.2766870e-04 0.0000000e+00]) 	 loss 5.614E-02 	 horizons 9.0
step 22140 	 return [0.         0.00393072 0.00236185 0.01025019 0.00669586 0.
 0.00079925 0.         0.         0.        ], ([0.         0.0003672  0.00096349 0.0011146  0.00060286 0.
 0.00017055 0.         0.         0.        ]) 	 loss 4.998E-02 	 horizons 9.0
step 22230 	 return [0.         0.00540142 0.00271918 0.00521385 0.00985149 0.
 0.00228094 0.         0.         0.        ], ([0.0000000e+00 1.6970559e-06 6.6559295e-07 3.8120900e-06 2.2110342e-04
 0.0000000e+00 1.0026859e-04 0.0000000e+00 0.0000000e+00 0.0000000e+00]) 	 loss 5.010E-02 	 horizons 9.0
step 22320 	 return [0.         0.00284106 0.00332706 0.00397268 0.00693703 0.
 0.0009737  0.00148281 0.         0.        ], ([0.0000000e+00 3.7503234e-04 3.4558174e-04 9.3558233e-04 6.0500566e-05
 0.0000000e+00 4.0099389e-05 7.7087694e-05 0.0000000e+00 0.0000000e+00]) 	 loss 5.860E-02 	 horizons 9.0
step 22410 	 return [0.         0.00505108 0.00243822 0.00720267 0.007494   0.
 0.00213519 0.         0.         0.        ], ([0.         0.00149354 0.00039928 0.0009423  0.00055364 0.
 0.00020657 0.         0.         0.        ]) 	 loss 7.507E-02 	 horizons 9.0
step 22500 	 return [0.00067623 0.00011224 0.00206754 0.00136763 0.00173467 0.
 0.0005001  0.00385659 0.         0.        ], ([4.8733584e-04 1.1226963e-04 5.8462971e-04 5.7151141e-05 3.2044199e-04
 0.0000000e+00 2.1209230e-04 3.4337104e-04 0.0000000e+00 0.0000000e+00]) 	 loss 6.665E-02 	 horizons 9.0
step 22590 	 return [0.         0.0061283  0.00382041 0.00502568 0.00541702 0.
 0.00071446 0.00072538 0.         0.        ], ([0.0000000e+00 3.2642150e-05 1.3752938e-05 8.9948888e-05 3.2925763e-04
 0.0000000e+00 7.0117676e-05 1.7768718e-04 0.0000000e+00 0.0000000e+00]) 	 loss 5.033E-02 	 horizons 9.0
step 22680 	 return [0.         0.00602469 0.00267869 0.00593558 0.0051925  0.
 0.00092952 0.00053068 0.         0.        ], ([0.0000000e+00 3.3047667e-04 1.7536147e-03 1.3393654e-03 5.9332349e-05
 0.0000000e+00 2.4137092e-04 3.4741094e-04 0.0000000e+00 0.0000000e+00]) 	 loss 6.050E-02 	 horizons 9.0
step 22770 	 return [0.         0.         0.00272212 0.00988011 0.00941688 0.00362
 0.00361948 0.         0.         0.        ], ([0.000000e+00 0.000000e+00 0.000000e+00 9.313226e-10 0.000000e+00
 0.000000e+00 4.656613e-10 0.000000e+00 0.000000e+00 0.000000e+00]) 	 loss 5.972E-02 	 horizons 9.0
step 22860 	 return [0.         0.00672528 0.00230656 0.00437324 0.00445208 0.
 0.0019231  0.00074214 0.         0.        ], ([0.0000000e+00 7.1529910e-04 7.6885492e-04 3.3254364e-05 6.0917827e-04
 0.0000000e+00 1.8684690e-04 2.4737840e-04 0.0000000e+00 0.0000000e+00]) 	 loss 5.589E-02 	 horizons 9.0
step 22950 	 return [0.0000000e+00 5.3925943e-03 3.4137727e-03 7.7056130e-03 4.9352935e-03
 0.0000000e+00 7.2548242e-04 7.2658877e-05 0.0000000e+00 0.0000000e+00], ([0.0000000e+00 8.4689038e-04 5.1424775e-04 2.9769109e-04 7.8842579e-04
 0.0000000e+00 7.9572737e-06 2.1797663e-04 0.0000000e+00 0.0000000e+00]) 	 loss 4.996E-02 	 horizons 9.0
step 23040 	 return [0.         0.00424301 0.00206975 0.00690933 0.00923837 0.
 0.0023895  0.         0.         0.        ], ([0.         0.00127734 0.00107472 0.00213643 0.00047308 0.
 0.00018278 0.         0.         0.        ]) 	 loss 5.080E-02 	 horizons 9.0
step 23130 	 return [0.         0.00565664 0.00363911 0.00303028 0.00279649 0.
 0.00181514 0.00077178 0.         0.        ], ([0.0000000e+00 4.6566129e-10 0.0000000e+00 2.3283064e-10 2.3283064e-10
 0.0000000e+00 0.0000000e+00 0.0000000e+00 0.0000000e+00 0.0000000e+00]) 	 loss 5.590E-02 	 horizons 9.0
step 23220 	 return [0.00062827 0.00022497 0.00198825 0.00139275 0.00204828 0.
 0.00070963 0.00416929 0.         0.        ], ([1.4190753e-04 1.3941393e-05 1.3799295e-04 2.4188599e-05 3.3204910e-06
 0.0000000e+00 9.9975148e-07 1.7938810e-05 0.0000000e+00 0.0000000e+00]) 	 loss 5.173E-02 	 horizons 9.0
step 23310 	 return [0.         0.00177511 0.00297228 0.01017851 0.01190951 0.
 0.0022736  0.         0.         0.        ], ([0.0000000e+00 6.3101760e-07 8.5614158e-07 1.7309117e-03 1.6083894e-04
 0.0000000e+00 2.9363903e-06 0.0000000e+00 0.0000000e+00 0.0000000e+00]) 	 loss 4.749E-02 	 horizons 9.0
step 23400 	 return [0.         0.         0.00272212 0.00988011 0.00941688 0.00362
 0.00361948 0.         0.         0.        ], ([0.000000e+00 0.000000e+00 0.000000e+00 9.313226e-10 0.000000e+00
 0.000000e+00 4.656613e-10 0.000000e+00 0.000000e+00 0.000000e+00]) 	 loss 4.930E-02 	 horizons 9.0
step 23490 	 return [0.00105586 0.         0.00155085 0.00132611 0.00203942 0.
 0.00070753 0.00428232 0.         0.        ], ([0.0000000e+00 0.0000000e+00 1.1641532e-10 0.0000000e+00 2.3283064e-10
 0.0000000e+00 0.0000000e+00 4.6566129e-10 0.0000000e+00 0.0000000e+00]) 	 loss 5.122E-02 	 horizons 9.0
step 23580 	 return [0.         0.         0.00528178 0.0009493  0.00372933 0.
 0.00014412 0.         0.00032194 0.        ], ([0.0000000e+00 0.0000000e+00 0.0000000e+00 1.1641532e-10 2.3283064e-10
 0.0000000e+00 0.0000000e+00 0.0000000e+00 2.9103830e-11 0.0000000e+00]) 	 loss 3.977E-02 	 horizons 9.0
step 23670 	 return [0.         0.         0.00147811 0.01098522 0.01250141 0.
 0.00151909 0.         0.         0.        ], ([0.         0.         0.00046698 0.00127161 0.00081978 0.
 0.00014421 0.         0.         0.        ]) 	 loss 4.709E-02 	 horizons 9.0
step 23760 	 return [0.         0.00250459 0.0040809  0.01129134 0.00474067 0.
 0.0013772  0.         0.         0.        ], ([0.0000000e+00 4.4109763e-07 1.2544916e-06 4.2368196e-05 5.1196571e-04
 0.0000000e+00 5.9692775e-05 0.0000000e+00 0.0000000e+00 0.0000000e+00]) 	 loss 5.290E-02 	 horizons 9.0
step 23850 	 return [0.         0.00505181 0.00263985 0.00984206 0.00606421 0.
 0.00098117 0.         0.         0.        ], ([0.         0.00093114 0.00106945 0.00128278 0.00095708 0.
 0.00029252 0.         0.         0.        ]) 	 loss 4.931E-02 	 horizons 9.0
step 23940 	 return [0.         0.         0.         0.01236368 0.01575855 0.
 0.00100394 0.00157299 0.         0.        ], ([0.         0.         0.         0.00041956 0.00156526 0.
 0.00039152 0.00012064 0.         0.        ]) 	 loss 5.564E-02 	 horizons 9.0
step 24030 	 return [0.         0.00295031 0.00316688 0.00604976 0.00475816 0.
 0.00244002 0.         0.         0.        ], ([0.0000000e+00 2.5226930e-04 3.9608139e-04 2.8403780e-05 4.0290266e-04
 0.0000000e+00 1.5610724e-04 0.0000000e+00 0.0000000e+00 0.0000000e+00]) 	 loss 6.862E-02 	 horizons 9.0
step 24120 	 return [0.         0.00317153 0.0031001  0.00490957 0.00756582 0.
 0.00066297 0.00112664 0.         0.        ], ([0.0000000e+00 9.8858955e-06 1.0954589e-05 3.2460877e-05 6.9061010e-05
 0.0000000e+00 4.0786148e-05 1.1766812e-04 0.0000000e+00 0.0000000e+00]) 	 loss 6.567E-02 	 horizons 9.0
step 24210 	 return [0.         0.00365547 0.00051878 0.00427002 0.00893196 0.00360293
 0.00357933 0.         0.         0.        ], ([0.0000000e+00 6.5548741e-04 1.0375504e-03 5.1598565e-04 6.2020903e-04
 1.6567205e-05 1.8083490e-05 0.0000000e+00 0.0000000e+00 0.0000000e+00]) 	 loss 6.311E-02 	 horizons 9.0
step 24300 	 return [0.         0.         0.00303918 0.0103194  0.00973986 0.00326787
 0.00273762 0.         0.         0.        ], ([0.0000000e+00 0.0000000e+00 2.3283064e-10 0.0000000e+00 9.3132257e-10
 2.3283064e-10 2.3283064e-10 0.0000000e+00 0.0000000e+00 0.0000000e+00]) 	 loss 5.910E-02 	 horizons 9.0
step 24390 	 return [0.         0.00285268 0.00330252 0.00568524 0.00301338 0.
 0.00188185 0.00070167 0.         0.        ], ([0.         0.00039604 0.00047527 0.00011722 0.00056884 0.
 0.00017802 0.00023389 0.         0.        ]) 	 loss 6.941E-02 	 horizons 9.0
step 24480 	 return [0.         0.00603867 0.00361881 0.00527683 0.00551803 0.
 0.00074872 0.0005825  0.         0.        ], ([0.0000000e+00 2.9852218e-04 6.5637374e-04 7.1640412e-04 7.0752401e-04
 0.0000000e+00 4.4676901e-05 2.9976980e-04 0.0000000e+00 0.0000000e+00]) 	 loss 6.491E-02 	 horizons 9.0
step 24570 	 return [0.         0.         0.00331071 0.01139831 0.00634574 0.
 0.00257801 0.         0.         0.        ], ([0.0000000e+00 0.0000000e+00 5.2057294e-04 8.3061634e-04 2.4440305e-04
 0.0000000e+00 7.1354749e-05 0.0000000e+00 0.0000000e+00 0.0000000e+00]) 	 loss 6.367E-02 	 horizons 9.0
step 24660 	 return [0.         0.00549025 0.         0.0051108  0.00952731 0.
 0.0006956  0.00161004 0.         0.        ], ([0.0000000e+00 1.1995044e-03 0.0000000e+00 1.3841987e-04 2.5976525e-04
 0.0000000e+00 3.6900095e-05 5.1124621e-04 0.0000000e+00 0.0000000e+00]) 	 loss 6.678E-02 	 horizons 9.0
step 24750 	 return [0.         0.00615164 0.00269086 0.00641007 0.00711912 0.
 0.00227382 0.         0.         0.        ], ([0.0000000e+00 3.6958937e-04 2.6058018e-05 5.2494265e-04 3.1865304e-04
 0.0000000e+00 1.2622624e-04 0.0000000e+00 0.0000000e+00 0.0000000e+00]) 	 loss 4.751E-02 	 horizons 9.0
step 24840 	 return [0.         0.00364725 0.00250784 0.00484509 0.0065717  0.00068873
 0.00349439 0.         0.         0.        ], ([0.         0.00051753 0.00050948 0.0020056  0.00053324 0.00137746
 0.00032977 0.         0.         0.        ]) 	 loss 4.648E-02 	 horizons 9.0
step 24930 	 return [0.         0.0026211  0.00111674 0.00502607 0.00748953 0.
 0.00370545 0.         0.         0.        ], ([0.0000000e+00 7.7172357e-04 1.3677245e-03 6.9322926e-04 7.4058562e-04
 0.0000000e+00 2.4377141e-05 0.0000000e+00 0.0000000e+00 0.0000000e+00]) 	 loss 4.253E-02 	 horizons 9.0
step 25020 	 return [0.         0.00612928 0.00382094 0.00502732 0.00534827 0.
 0.00072925 0.00074936 0.         0.        ], ([0.0000000e+00 3.2901287e-05 1.3882569e-05 9.0426423e-05 2.8727757e-04
 0.0000000e+00 6.4798885e-05 1.6375112e-04 0.0000000e+00 0.0000000e+00]) 	 loss 5.135E-02 	 horizons 9.0
step 25110 	 return [0.         0.00611417 0.003928   0.0074198  0.00513153 0.
 0.00072496 0.         0.         0.        ], ([0.000000e+00 0.000000e+00 4.656613e-10 4.656613e-10 0.000000e+00
 0.000000e+00 5.820766e-11 0.000000e+00 0.000000e+00 0.000000e+00]) 	 loss 4.796E-02 	 horizons 9.0
step 25200 	 return [0.         0.00283165 0.00358018 0.00489637 0.00748519 0.
 0.00067765 0.00118951 0.         0.        ], ([0.0000000e+00 3.3742140e-04 4.8294786e-04 5.0517433e-06 1.6258283e-04
 0.0000000e+00 8.5318126e-05 7.2072347e-05 0.0000000e+00 0.0000000e+00]) 	 loss 4.320E-02 	 horizons 9.0
step 25290 	 return [0.         0.00696371 0.00256285 0.00436215 0.00424902 0.
 0.00186082 0.00082459 0.         0.        ], ([0.0000000e+00 0.0000000e+00 2.3283064e-10 0.0000000e+00 4.6566129e-10
 0.0000000e+00 1.1641532e-10 1.1641532e-10 0.0000000e+00 0.0000000e+00]) 	 loss 4.661E-02 	 horizons 9.0
step 25380 	 return [0.         0.00425863 0.0028308  0.00290949 0.0036004  0.
 0.00201122 0.         0.         0.        ], ([0.0000000e+00 7.2425519e-07 1.0168167e-06 3.1332463e-06 3.5318793e-04
 0.0000000e+00 9.8386408e-05 0.0000000e+00 0.0000000e+00 0.0000000e+00]) 	 loss 4.665E-02 	 horizons 9.0
step 25470 	 return [0.0006797  0.00017626 0.00227291 0.00140874 0.00205166 0.
 0.0007108  0.00418497 0.         0.        ], ([1.9787827e-04 8.8130335e-05 4.7755498e-04 1.5864824e-05 4.5607344e-06
 0.0000000e+00 1.6894430e-06 1.9405650e-05 0.0000000e+00 0.0000000e+00]) 	 loss 6.714E-02 	 horizons 9.0
step 25560 	 return [0.         0.00250035 0.00407721 0.00492456 0.00760573 0.
 0.00068972 0.00104752 0.         0.        ], ([0.0000000e+00 9.3492717e-06 2.1504447e-05 4.9584811e-05 1.0554878e-04
 0.0000000e+00 6.2091734e-05 1.7974102e-04 0.0000000e+00 0.0000000e+00]) 	 loss 6.885E-02 	 horizons 9.0
step 25650 	 return [0.         0.00174851 0.00293295 0.00855139 0.00889046 0.
 0.00267503 0.         0.         0.        ], ([0.0000000e+00 4.0560958e-06 2.4231151e-06 8.3792584e-05 1.9122697e-04
 0.0000000e+00 3.9963979e-05 0.0000000e+00 0.0000000e+00 0.0000000e+00]) 	 loss 7.112E-02 	 horizons 9.0
step 25740 	 return [0.         0.00470613 0.00248188 0.00552911 0.00639565 0.
 0.00339964 0.         0.         0.        ], ([0.         0.0009711  0.00032737 0.00156797 0.0008375  0.
 0.0002821  0.         0.         0.        ]) 	 loss 4.692E-02 	 horizons 9.0
step 25830 	 return [0.         0.00612014 0.00381732 0.00500016 0.00519442 0.
 0.00074612 0.00083656 0.         0.        ], ([0.0000000e+00 4.4436008e-05 1.8770434e-05 1.2171491e-04 6.5322783e-05
 0.0000000e+00 5.0804530e-05 1.5689083e-04 0.0000000e+00 0.0000000e+00]) 	 loss 6.114E-02 	 horizons 9.0
step 25920 	 return [0.         0.         0.00130928 0.01118608 0.01309324 0.
 0.00147284 0.         0.         0.        ], ([0.         0.         0.00043643 0.00093804 0.00046128 0.
 0.00014689 0.         0.         0.        ]) 	 loss 5.282E-02 	 horizons 9.0
step 26010 	 return [0.         0.00162233 0.00286642 0.0076295  0.00197586 0.
 0.00188102 0.00064063 0.00091357 0.        ], ([0.         0.00012179 0.00019448 0.00116576 0.00085383 0.
 0.00016611 0.00021354 0.00030452 0.        ]) 	 loss 5.405E-02 	 horizons 9.0
step 26100 	 return [0.         0.00601013 0.0026947  0.00656814 0.00620146 0.
 0.00102298 0.00156139 0.         0.        ], ([0.0000000e+00 4.6566129e-10 2.3283064e-10 0.0000000e+00 4.6566129e-10
 0.0000000e+00 1.1641532e-10 0.0000000e+00 0.0000000e+00 0.0000000e+00]) 	 loss 5.747E-02 	 horizons 9.0
step 26190 	 return [0.         0.         0.00168597 0.01129787 0.01236249 0.
 0.0016009  0.         0.         0.        ], ([0.         0.         0.00046206 0.00049256 0.00061969 0.
 0.00015378 0.         0.         0.        ]) 	 loss 4.813E-02 	 horizons 9.0
step 26280 	 return [0.00117153 0.0003903  0.00159836 0.00130152 0.00113158 0.
 0.00034397 0.00329114 0.         0.        ], ([4.2224216e-05 3.1868328e-04 2.6657321e-05 1.8004725e-05 5.6579179e-04
 0.0000000e+00 1.1221641e-04 2.0384854e-04 0.0000000e+00 0.0000000e+00]) 	 loss 4.813E-02 	 horizons 9.0
step 26370 	 return [0.         0.         0.00123094 0.0120807  0.01113403 0.
 0.00340938 0.         0.         0.        ], ([0.         0.         0.00100506 0.00163935 0.00182273 0.
 0.00053792 0.         0.         0.        ]) 	 loss 4.952E-02 	 horizons 9.0
step 26460 	 return [0.         0.         0.00293777 0.01090023 0.00593205 0.
 0.00063061 0.00060417 0.         0.        ], ([0.0000000e+00 0.0000000e+00 8.0969726e-04 8.4686227e-04 2.3645823e-04
 0.0000000e+00 8.7226099e-06 2.2470561e-04 0.0000000e+00 0.0000000e+00]) 	 loss 4.457E-02 	 horizons 9.0
step 26550 	 return [0.         0.00317362 0.00310207 0.00491432 0.00729318 0.
 0.00080508 0.00124657 0.         0.        ], ([0.0000000e+00 9.3977187e-06 1.0464079e-05 3.1199303e-05 3.0274637e-04
 0.0000000e+00 1.3414559e-04 1.9400337e-04 0.0000000e+00 0.0000000e+00]) 	 loss 5.182E-02 	 horizons 9.0
step 26640 	 return [0.         0.00810721 0.00375039 0.00474711 0.00512598 0.
 0.00072328 0.         0.         0.        ], ([0.000000e+00 9.313226e-10 0.000000e+00 4.656613e-10 0.000000e+00
 0.000000e+00 5.820766e-11 0.000000e+00 0.000000e+00 0.000000e+00]) 	 loss 5.189E-02 	 horizons 9.0
step 26730 	 return [0.         0.0057832  0.00349879 0.00599725 0.00597931 0.
 0.00072959 0.00020345 0.         0.        ], ([0.0000000e+00 5.2552944e-04 6.9477328e-04 1.1632908e-03 1.1056064e-03
 0.0000000e+00 3.9261628e-05 3.1688236e-04 0.0000000e+00 0.0000000e+00]) 	 loss 4.341E-02 	 horizons 9.0
step 26820 	 return [0.         0.00236003 0.00367641 0.00288142 0.00593365 0.00344316
 0.00335708 0.         0.         0.        ], ([0.0000000e+00 0.0000000e+00 2.3283064e-10 2.3283064e-10 0.0000000e+00
 0.0000000e+00 0.0000000e+00 0.0000000e+00 0.0000000e+00 0.0000000e+00]) 	 loss 4.889E-02 	 horizons 9.0
step 26910 	 return [0.         0.00182717 0.00286243 0.01076048 0.00648216 0.
 0.00261386 0.         0.         0.        ], ([0.0000000e+00 1.9237718e-04 7.6175544e-05 9.2520571e-04 9.0032414e-04
 0.0000000e+00 1.3561820e-04 0.0000000e+00 0.0000000e+00 0.0000000e+00]) 	 loss 4.396E-02 	 horizons 9.0
step 27000 	 return [0.00090975 0.00041327 0.00194636 0.00135206 0.0014845  0.
 0.00061871 0.00347863 0.         0.        ], ([4.9241737e-04 2.9861537e-04 5.1389448e-04 5.3127929e-05 1.8853041e-04
 0.0000000e+00 5.6833401e-04 4.2137658e-04 0.0000000e+00 0.0000000e+00]) 	 loss 4.702E-02 	 horizons 9.0
step 27090 	 return [0.         0.00178572 0.00380353 0.00589679 0.0070095  0.
 0.00071139 0.         0.         0.        ], ([0.0000000e+00 6.1624055e-04 4.8437490e-04 5.7277951e-04 4.9062353e-04
 0.0000000e+00 3.9284925e-05 0.0000000e+00 0.0000000e+00 0.0000000e+00]) 	 loss 7.358E-02 	 horizons 9.0
step 27180 	 return [0.         0.00225304 0.00312598 0.00300645 0.00547838 0.
 0.00342567 0.         0.         0.        ], ([0.0000000e+00 9.0560636e-05 5.2052154e-04 1.5523168e-04 6.5158919e-04
 0.0000000e+00 1.7659273e-05 0.0000000e+00 0.0000000e+00 0.0000000e+00]) 	 loss 4.626E-02 	 horizons 9.0
step 27270 	 return [0.         0.         0.00524282 0.00060837 0.00372028 0.
 0.00016353 0.         0.00091275 0.        ], ([0.0000000e+00 0.0000000e+00 4.6566129e-10 5.8207661e-11 2.3283064e-10
 0.0000000e+00 0.0000000e+00 0.0000000e+00 5.8207661e-11 0.0000000e+00]) 	 loss 4.605E-02 	 horizons 9.0
step 27360 	 return [0.         0.00539366 0.00347969 0.00534343 0.00124727 0.
 0.00066381 0.00075818 0.00074573 0.        ], ([0.0000000e+00 1.3391893e-05 4.3639090e-04 3.3198332e-04 6.1857241e-07
 0.0000000e+00 4.0915404e-07 7.1379901e-07 2.2586028e-06 0.0000000e+00]) 	 loss 5.913E-02 	 horizons 9.0
step 27450 	 return [0.         0.00369205 0.00463079 0.00578371 0.00130639 0.
 0.00068453 0.00062913 0.         0.        ], ([0.0000000e+00 1.4828518e-06 2.1325425e-06 1.0345504e-05 2.8884201e-04
 0.0000000e+00 4.0165360e-05 9.5944888e-05 0.0000000e+00 0.0000000e+00]) 	 loss 4.294E-02 	 horizons 9.0
step 27540 	 return [0.         0.00416137 0.00170661 0.         0.00131173 0.
 0.00067967 0.00122928 0.00111474 0.        ], ([0.0000000e+00 3.1055007e-04 3.3756351e-04 0.0000000e+00 1.7758459e-06
 0.0000000e+00 6.9146046e-07 9.9856402e-07 2.1955928e-07 0.0000000e+00]) 	 loss 5.876E-02 	 horizons 9.0
step 27630 	 return [0.         0.00539647 0.0034802  0.00535021 0.00112244 0.
 0.00066638 0.00074093 0.00075697 0.        ], ([0.0000000e+00 1.9130752e-05 4.3561522e-04 3.4278203e-04 3.7414869e-04
 0.0000000e+00 7.9416905e-06 5.1380630e-05 3.4934099e-05 0.0000000e+00]) 	 loss 8.686E-02 	 horizons 9.0
step 27720 	 return [0.         0.0040061  0.00153782 0.         0.00131262 0.
 0.00068001 0.00122978 0.00111463 0.        ], ([0.0000000e+00 4.6566129e-10 1.1641532e-10 0.0000000e+00 1.1641532e-10
 0.0000000e+00 5.8207661e-11 1.1641532e-10 0.0000000e+00 0.0000000e+00]) 	 loss 5.779E-02 	 horizons 9.0
step 27810 	 return [0.         0.00371643 0.004155   0.00596375 0.00173014 0.
 0.00086785 0.00044992 0.         0.        ], ([0.         0.00047695 0.0007129  0.00031061 0.00074132 0.
 0.00027293 0.00030284 0.         0.        ]) 	 loss 4.734E-02 	 horizons 9.0
step 27900 	 return [0.         0.00173828 0.00290941 0.00778813 0.0018044  0.
 0.00182529 0.00071855 0.00091357 0.        ], ([0.0000000e+00 2.2606307e-04 3.2346114e-04 6.8987190e-04 3.3946484e-04
 0.0000000e+00 1.0684132e-06 2.0235084e-05 3.0452371e-04 0.0000000e+00]) 	 loss 6.087E-02 	 horizons 9.0
step 27990 	 return [0.         0.00286176 0.00194589 0.01049948 0.00735248 0.
 0.00259652 0.         0.         0.        ], ([0.         0.00112927 0.00095859 0.00077591 0.00116841 0.
 0.00012889 0.         0.         0.        ]) 	 loss 5.726E-02 	 horizons 9.0
step 28080 	 return [0.         0.00770749 0.00331862 0.00441284 0.00312686 0.
 0.0006935  0.0006305  0.         0.        ], ([0.0000000e+00 4.2982560e-04 1.1062101e-03 1.9803307e-04 9.7880187e-04
 0.0000000e+00 6.2566498e-05 1.1373237e-04 0.0000000e+00 0.0000000e+00]) 	 loss 4.228E-02 	 horizons 9.0
step 28170 	 return [0.         0.00350245 0.00466429 0.00619385 0.00248633 0.
 0.00116618 0.00013529 0.         0.        ], ([0.0000000e+00 4.5305549e-04 5.0000846e-05 3.3737623e-04 6.6275109e-04
 0.0000000e+00 2.3116563e-04 2.7058326e-04 0.0000000e+00 0.0000000e+00]) 	 loss 3.431E-02 	 horizons 9.0
step 28260 	 return [0.         0.00509265 0.00162446 0.00343239 0.00169466 0.
 0.0018266  0.00069173 0.00274753 0.        ], ([0.0000000e+00 4.6566129e-10 1.1641532e-10 0.0000000e+00 1.1641532e-10
 0.0000000e+00 0.0000000e+00 5.8207661e-11 2.3283064e-10 0.0000000e+00]) 	 loss 4.663E-02 	 horizons 9.0
step 28350 	 return [0.         0.00285737 0.00265415 0.00291691 0.00606505 0.00344539
 0.00336016 0.         0.         0.        ], ([0.0000000e+00 3.2780480e-04 3.3475258e-04 8.6528074e-05 3.8440060e-04
 5.2307960e-06 6.5515751e-06 0.0000000e+00 0.0000000e+00 0.0000000e+00]) 	 loss 3.291E-02 	 horizons 9.0
step 28440 	 return [0.         0.00531952 0.00258898 0.00474864 0.00125775 0.
 0.0006681  0.00076955 0.00239076 0.        ], ([0.0000000e+00 3.2165847e-04 2.4828454e-05 1.0104021e-03 8.2535207e-06
 0.0000000e+00 4.5877996e-06 1.2055010e-05 4.6149624e-04 0.0000000e+00]) 	 loss 3.528E-02 	 horizons 9.0
step 28530 	 return [0.         0.00729819 0.00358776 0.00253877 0.00124585 0.
 0.00066288 0.00075651 0.00074018 0.        ], ([0.0000000e+00 9.3132257e-10 2.3283064e-10 0.0000000e+00 0.0000000e+00
 0.0000000e+00 0.0000000e+00 5.8207661e-11 0.0000000e+00 0.0000000e+00]) 	 loss 2.778E-02 	 horizons 9.0
step 28620 	 return [0.         0.00306154 0.00295386 0.00606496 0.00449291 0.
 0.0025444  0.         0.         0.        ], ([0.0000000e+00 4.5992248e-05 8.5665750e-05 3.0217318e-05 5.3856518e-05
 0.0000000e+00 2.6501157e-05 0.0000000e+00 0.0000000e+00 0.0000000e+00]) 	 loss 3.075E-02 	 horizons 9.0
step 28710 	 return [0.         0.         0.00318386 0.0091734  0.00538844 0.00318645
 0.00263529 0.         0.         0.        ], ([0.0000000e+00 0.0000000e+00 2.4702208e-04 1.9995280e-04 5.0030776e-05
 1.4190070e-05 1.8399789e-05 0.0000000e+00 0.0000000e+00 0.0000000e+00]) 	 loss 2.680E-02 	 horizons 9.0
step 28800 	 return [0.         0.         0.         0.         0.00303677 0.00782938
 0.00600276 0.00881599 0.0093378  0.00310004], ([0.0000000e+00 0.0000000e+00 0.0000000e+00 0.0000000e+00 2.3283064e-10
 9.3132257e-10 4.6566129e-10 9.3132257e-10 9.3132257e-10 2.3283064e-10]) 	 loss 2.979E-02 	 horizons 9.0
step 28890 	 return [0.         0.00541401 0.00290883 0.00578488 0.00112325 0.
 0.00066692 0.00074187 0.00075993 0.        ], ([0.0000000e+00 1.2834629e-05 2.8551923e-04 2.2052060e-04 3.7441848e-04
 0.0000000e+00 7.7598761e-06 5.1690567e-05 3.3926077e-05 0.0000000e+00]) 	 loss 3.513E-02 	 horizons 9.0
step 28980 	 return [0.         0.00116784 0.00281194 0.00261147 0.0047719  0.
 0.00340006 0.         0.         0.        ], ([0.0000000e+00 2.9618089e-04 6.3815838e-05 5.9531139e-05 1.2105565e-05
 0.0000000e+00 1.8757303e-06 0.0000000e+00 0.0000000e+00 0.0000000e+00]) 	 loss 2.830E-02 	 horizons 9.0
step 29070 	 return [0.         0.         0.00404309 0.00865167 0.00540463 0.00317808
 0.00262378 0.         0.         0.        ], ([0.0000000e+00 0.0000000e+00 3.0499217e-04 1.9795400e-04 2.9357611e-06
 4.2349566e-07 7.7434811e-07 0.0000000e+00 0.0000000e+00 0.0000000e+00]) 	 loss 3.792E-02 	 horizons 9.0
step 29160 	 return [0.         0.00541693 0.0028136  0.00585732 0.00112339 0.
 0.00066701 0.00074202 0.00076042 0.        ], ([0.0000000e+00 8.4500771e-06 1.5272526e-06 2.0330586e-05 3.7446327e-04
 0.0000000e+00 7.7255472e-06 5.1740408e-05 3.3729946e-05 0.0000000e+00]) 	 loss 3.309E-02 	 horizons 9.0
step 29250 	 return [0.         0.00568875 0.00410208 0.00459024 0.00076672 0.
 0.00068403 0.00061133 0.00033496 0.        ], ([0.0000000e+00 2.2884863e-04 2.7131260e-04 4.8514508e-04 5.0971576e-04
 0.0000000e+00 2.9922641e-05 9.6434524e-05 4.1078086e-04 0.0000000e+00]) 	 loss 3.301E-02 	 horizons 9.0
step 29340 	 return [0.         0.00568513 0.00410101 0.00458403 0.00093384 0.
 0.00066546 0.00056336 0.00031952 0.        ], ([0.0000000e+00 2.3327714e-04 2.7261855e-04 4.7753652e-04 3.3949770e-04
 0.0000000e+00 4.6152396e-05 1.4507894e-04 3.9190339e-04 0.0000000e+00]) 	 loss 1.835E-02 	 horizons 9.0
step 29430 	 return [0.         0.00538489 0.00376537 0.0051261  0.00124686 0.
 0.00066354 0.00075771 0.00074425 0.        ], ([0.000000e+00 0.000000e+00 0.000000e+00 0.000000e+00 0.000000e+00
 0.000000e+00 5.820766e-11 5.820766e-11 5.820766e-11 0.000000e+00]) 	 loss 1.655E-02 	 horizons 9.0
step 29520 	 return [0.         0.00541411 0.00281309 0.00585054 0.00124821 0.
 0.00066443 0.00075927 0.00074918 0.        ], ([0.0000000e+00 4.6566129e-10 2.3283064e-10 0.0000000e+00 1.1641532e-10
 0.0000000e+00 0.0000000e+00 5.8207661e-11 5.8207661e-11 0.0000000e+00]) 	 loss 1.211E-02 	 horizons 9.0
step 29610 	 return [0.         0.00385671 0.00109884 0.00597254 0.00542732 0.
 0.00295529 0.         0.         0.        ], ([0.         0.00091468 0.0013458  0.00254539 0.00048859 0.
 0.00037079 0.         0.         0.        ]) 	 loss 1.112E-02 	 horizons 9.0
step 29700 	 return [0.         0.00013242 0.00337138 0.0104344  0.00283783 0.
 0.00129031 0.         0.         0.        ], ([0.0000000e+00 3.9725512e-04 4.9850688e-04 6.0130691e-04 3.6724605e-06
 0.0000000e+00 1.8435651e-06 0.0000000e+00 0.0000000e+00 0.0000000e+00]) 	 loss 1.538E-02 	 horizons 9.0
step 29790 	 return [0.         0.00177036 0.00181304 0.00176409 0.00578494 0.00115774
 0.00313564 0.00117859 0.         0.        ], ([0.         0.00122521 0.00065797 0.00103801 0.00064853 0.00177652
 0.0007518  0.00235719 0.         0.        ]) 	 loss 1.300E-02 	 horizons 9.0
step 29880 	 return [0.         0.         0.00320521 0.01063484 0.00283906 0.
 0.00129093 0.         0.         0.        ], ([0.0000000e+00 0.0000000e+00 2.3283064e-10 9.3132257e-10 2.3283064e-10
 0.0000000e+00 1.1641532e-10 0.0000000e+00 0.0000000e+00 0.0000000e+00]) 	 loss 1.913E-02 	 horizons 9.0
step 29970 	 return [0.         0.         0.         0.         0.00339172 0.00720585
 0.00595217 0.00886385 0.00849994 0.0047957 ], ([0.00000000e+00 0.00000000e+00 0.00000000e+00 0.00000000e+00
 7.10043358e-04 1.26446155e-03 1.18287266e-04 5.57789026e-05
 2.81999994e-04 5.73142665e-04]) 	 loss 1.267E-02 	 horizons 9.0
step 30060 	 return [0.00010463 0.00457788 0.00177992 0.0032283  0.00149989 0.
 0.0015688  0.0010234  0.00244434 0.        ], ([0.00031388 0.00152596 0.00047153 0.00059653 0.00018685 0.
 0.00028492 0.00106632 0.00081478 0.        ]) 	 loss 2.707E-02 	 horizons 9.0
[1;34mwandb[0m: 
[1;34mwandb[0m: 🚀 View run [33mmotndp_amsterdam-v0__GCN-amsterdam-g10-temporal__1024__1781518205[0m at: [34mhttps://wandb.ai/jingyuan-sun03-tu-delft/cl_ablation/runs/y9lh6qcv[0m
[1;34mwandb[0m: Find logs at: [1;35mwandb/run-20260615_121006-y9lh6qcv/logs[0m
