/home/SinJ/mo-transport-network-design/.venv/lib/python3.13/site-packages/pygame/pkgdata.py:25: UserWarning: pkg_resources is deprecated as an API. See https://setuptools.pypa.io/en/latest/pkg_resources.html. The pkg_resources package is slated for removal as early as 2025-11-30. Refrain from using this package or pin to Setuptools<81.
  from pkg_resources import resource_stream, resource_exists
wandb: [wandb.login()] Loaded credentials for https://api.wandb.ai from /home/SinJ/.netrc.
wandb: Currently logged in as: jingyuan-sun03 (jingyuan-sun03-tu-delft) to https://api.wandb.ai. Use `wandb login --relogin` to force relogin
wandb: setting up run 8l4b3t0s
wandb: Tracking run with wandb version 0.27.2
wandb: Run data is saved locally in /home/SinJ/mo-transport-network-design/wandb/run-20260615_120807-8l4b3t0s
wandb: Run `wandb offline` to turn off syncing.
wandb: Syncing run motndp_amsterdam-v0__GCN-amsterdam-g10-l0__789__1781518086
wandb: ⭐️ View project at https://wandb.ai/jingyuan-sun03-tu-delft/cl_ablation
wandb: 🚀 View run at https://wandb.ai/jingyuan-sun03-tu-delft/cl_ablation/runs/8l4b3t0s
/home/SinJ/mo-transport-network-design/morl-baselines/morl_baselines/multi_policy/gcn/gcn.py:151: UserWarning: Creating a tensor from a list of numpy.ndarrays is extremely slow. Please consider converting the list to a single numpy.ndarray with numpy.array() before converting to a tensor. (Triggered internally at /pytorch/torch/csrc/utils/tensor_new.cpp:253.)
  th.tensor(obs).to(self.device),
Namespace(env='amsterdam', nr_groups=10, starting_loc_x=9, starting_loc_y=19, nr_stations=10, lr=0.01, batch_size=256, num_er_episodes=100, num_step_episodes=10, num_model_updates=10, num_policies=10, max_buffer_size=200, nr_layers=1, hidden_dim=128, timesteps=30000, no_log=False, seed=789, cd_threshold=0.2, distance_ref='interpolate2', gcn_lambda=0.0, lambda_schedule='constant', lambda_start=1.0, lambda_end=None, lambda_warmup_fraction=0.0, lambda_freeze_fraction=0.1, spatial_alpha=0.0, include_demand_context=False, criterion='lorenz', nash_mode='pareto_sized', nash_top_k=None, nash_shift=0.0, project_name='cl_ablation', experiment_name='GCN-amsterdam-g10-l0', wandb_entity=None)
step 990 	 return [0.         0.         0.00111297 0.00265054 0.00514696 0.0018536
 0.00214192 0.00179772 0.00240882 0.00048134], ([0.         0.         0.00162588 0.00389879 0.00565656 0.00402668
 0.00225936 0.00236201 0.00272638 0.00144403]) 	 loss 2.009E+00 	 horizons 9.0
step 1080 	 return [0.         0.         0.00074763 0.00146449 0.00218249 0.00073487
 0.00070481 0.00011278 0.00037367 0.        ], ([0.         0.         0.00086341 0.00196927 0.00566485 0.00113042
 0.00103675 0.00028071 0.00034182 0.        ]) 	 loss 1.814E+00 	 horizons 9.0
step 1170 	 return [1.1195218e-04 2.7223639e-05 1.5569624e-04 7.7339180e-05 3.2046759e-03
 3.9277812e-03 2.0352853e-03 3.2471051e-03 2.6023947e-03 2.3821152e-03], ([3.3585654e-04 8.1670907e-05 4.6708863e-04 2.3201754e-04 3.1717960e-03
 3.6315867e-03 1.5789227e-03 2.2910419e-03 2.4877114e-03 2.8265044e-03]) 	 loss 1.417E+00 	 horizons 9.0
step 1260 	 return [0.         0.         0.00091948 0.00193146 0.00178586 0.00042934
 0.00085773 0.00292979 0.00273579 0.00096849], ([0.         0.         0.00111615 0.0041621  0.00302911 0.00083971
 0.00063597 0.00378535 0.00290955 0.0019373 ]) 	 loss 1.209E+00 	 horizons 9.0
step 1350 	 return [0.         0.         0.         0.00062662 0.00500472 0.0053072
 0.00111561 0.00487002 0.00248695 0.0033222 ], ([0.         0.         0.         0.00129021 0.00466277 0.00652784
 0.00076153 0.00252914 0.00215687 0.0027268 ]) 	 loss 1.114E+00 	 horizons 9.0
step 1440 	 return [0.         0.         0.00078849 0.00199822 0.00524277 0.00557972
 0.00187109 0.00313146 0.00082759 0.00296103], ([0.         0.         0.00122422 0.00330679 0.00499147 0.0055447
 0.00176282 0.00325453 0.00173956 0.00420275]) 	 loss 1.065E+00 	 horizons 9.0
step 1530 	 return [0.         0.         0.         0.0002899  0.00310943 0.00327638
 0.0021345  0.00541518 0.00393572 0.00427896], ([0.         0.         0.         0.00086969 0.0026134  0.00298393
 0.00179472 0.00279001 0.00250006 0.00206203]) 	 loss 1.045E+00 	 horizons 9.0
step 1620 	 return [0.         0.00058384 0.00084536 0.00568383 0.00657805 0.00099385
 0.00273375 0.00173659 0.00096869 0.00248663], ([0.         0.00120066 0.00113641 0.00476993 0.00428927 0.00153246
 0.00147824 0.00308595 0.00159056 0.00405181]) 	 loss 9.664E-01 	 horizons 9.0
step 1710 	 return [0.         0.         0.         0.         0.00254552 0.00263774
 0.00191604 0.00548979 0.00503597 0.00373711], ([0.         0.         0.         0.         0.0008255  0.00232488
 0.00192223 0.00171009 0.00298818 0.00196546]) 	 loss 9.575E-01 	 horizons 9.0
step 1800 	 return [0.         0.         0.0021355  0.0008908  0.0008011  0.0004423
 0.00066332 0.00108836 0.00047042 0.        ], ([0.         0.         0.0013686  0.00092591 0.00106525 0.00046993
 0.00087514 0.00164829 0.00047413 0.        ]) 	 loss 9.375E-01 	 horizons 9.0
step 1890 	 return [0.         0.         0.00205826 0.00106402 0.00057132 0.00027888
 0.00043608 0.00055526 0.00061835 0.        ], ([0.         0.         0.00131378 0.00079227 0.0006289  0.00045467
 0.00028747 0.00102756 0.00045575 0.        ]) 	 loss 9.249E-01 	 horizons 9.0
step 1980 	 return [0.         0.         0.         0.00264973 0.01165108 0.01328828
 0.002547   0.0005612  0.         0.0007157 ], ([0.         0.         0.         0.00290944 0.0022209  0.00394609
 0.00221114 0.00168361 0.         0.00143149]) 	 loss 9.110E-01 	 horizons 9.0
step 2070 	 return [0.         0.         0.         0.         0.00268545 0.00263191
 0.00264807 0.00410925 0.00380875 0.00420457], ([0.         0.         0.         0.         0.00106001 0.00179037
 0.00189203 0.00202762 0.00274222 0.00224532]) 	 loss 8.746E-01 	 horizons 9.0
step 2160 	 return [3.40007944e-04 5.87947325e-05 1.76347792e-03 3.39041784e-04
 1.77949818e-03 1.13893606e-04 1.37776008e-03 3.07985907e-03
 1.37309113e-03 0.00000000e+00], ([0.00052094 0.00017638 0.00089318 0.00044897 0.00129354 0.00022788
 0.00070678 0.00159881 0.00111583 0.        ]) 	 loss 8.571E-01 	 horizons 9.0
step 2250 	 return [0.0001201  0.0004175  0.00146892 0.00076881 0.0015111  0.00022892
 0.00078698 0.00200685 0.00119044 0.        ], ([0.0003603  0.00115571 0.00113877 0.00140272 0.00184064 0.00044928
 0.00098249 0.00266414 0.00139094 0.        ]) 	 loss 8.223E-01 	 horizons 9.0
step 2340 	 return [0.         0.00020589 0.00195704 0.00086419 0.00082284 0.00033476
 0.00119855 0.00173805 0.0014952  0.        ], ([0.         0.00061768 0.00193236 0.00159191 0.00071016 0.00034034
 0.00119036 0.0021815  0.00214106 0.        ]) 	 loss 7.787E-01 	 horizons 9.0
step 2430 	 return [1.20256664e-04 3.01748551e-05 2.14221934e-03 7.95985921e-04
 1.38492975e-03 3.24395602e-04 9.13044263e-04 1.69618544e-03
 8.68494797e-04 0.00000000e+00], ([3.6076998e-04 9.0524576e-05 8.1618165e-04 5.4051797e-04 1.2856498e-03
 5.6738895e-04 5.2902370e-04 1.3743973e-03 6.0794764e-04 0.0000000e+00]) 	 loss 7.767E-01 	 horizons 9.0
step 2520 	 return [0.         0.         0.00157624 0.00361056 0.00401697 0.00037112
 0.00148783 0.00369371 0.00217805 0.00047825], ([0.         0.         0.00136657 0.00445296 0.00204254 0.00111336
 0.000657   0.00335405 0.00306276 0.00143474]) 	 loss 7.446E-01 	 horizons 9.0
step 2610 	 return [1.2780243e-04 3.2739139e-05 1.9700483e-03 1.9365854e-03 1.5007590e-03
 2.4641096e-04 5.4749928e-04 1.4478427e-03 7.7392667e-04 0.0000000e+00], ([3.8340731e-04 9.8217424e-05 9.7176596e-04 3.3843978e-03 1.4018882e-03
 3.0223286e-04 6.0731504e-04 1.7882647e-03 6.9376110e-04 0.0000000e+00]) 	 loss 7.119E-01 	 horizons 9.0
step 2700 	 return [0.         0.00010431 0.00127983 0.00353375 0.00514488 0.00041021
 0.00106293 0.00275228 0.00217367 0.00046433], ([0.         0.00031293 0.00117689 0.00394773 0.00285011 0.00123062
 0.00046471 0.00289569 0.0030868  0.00139299]) 	 loss 7.070E-01 	 horizons 9.0
step 2790 	 return [0.         0.00143865 0.00218919 0.0062891  0.00442484 0.
 0.00083881 0.00041795 0.00061918 0.        ], ([0.         0.00178197 0.00125509 0.00252387 0.00205477 0.
 0.00033245 0.00049677 0.00087122 0.        ]) 	 loss 6.810E-01 	 horizons 9.0
step 2880 	 return [0.         0.00034172 0.00162471 0.00794594 0.00704105 0.
 0.00087394 0.00016868 0.00033988 0.        ], ([0.         0.00069566 0.00101418 0.00329289 0.00354028 0.
 0.00035319 0.00033774 0.00076509 0.        ]) 	 loss 6.855E-01 	 horizons 9.0
step 2970 	 return [0.0002809  0.00097968 0.00207089 0.00245841 0.00099882 0.00042156
 0.00091998 0.0024338  0.00101372 0.        ], ([0.00045193 0.00109845 0.0008675  0.0020008  0.0008924  0.00044089
 0.00075046 0.00095798 0.00088077 0.        ]) 	 loss 6.578E-01 	 horizons 9.0
step 3060 	 return [0.         0.         0.         0.00126136 0.01122361 0.01681588
 0.00117719 0.00224023 0.         0.        ], ([0.0000000e+00 0.0000000e+00 0.0000000e+00 1.7081748e-03 1.3893594e-03
 1.5372582e-03 1.7911528e-06 2.7437420e-03 0.0000000e+00 0.0000000e+00]) 	 loss 6.338E-01 	 horizons 9.0
step 3150 	 return [0.         0.         0.         0.         0.0016271  0.00141316
 0.00181552 0.00575657 0.00647622 0.00312634], ([0.         0.         0.         0.         0.00067432 0.00152408
 0.00186185 0.00173187 0.00161659 0.00210774]) 	 loss 6.191E-01 	 horizons 9.0
step 3240 	 return [0.         0.         0.         0.0006745  0.01101533 0.01673942
 0.00117194 0.0005612  0.         0.        ], ([0.0000000e+00 0.0000000e+00 0.0000000e+00 1.3636836e-03 1.5316600e-03
 1.6600816e-03 9.5972900e-06 1.6836140e-03 0.0000000e+00 0.0000000e+00]) 	 loss 5.980E-01 	 horizons 9.0
step 3330 	 return [0.00023265 0.         0.00135669 0.00143087 0.00391744 0.00040581
 0.00152722 0.00516521 0.00193551 0.        ], ([0.00046562 0.         0.00114445 0.0030666  0.00303249 0.00121744
 0.00078456 0.0022918  0.00306019 0.        ]) 	 loss 5.941E-01 	 horizons 9.0
step 3420 	 return [0.00022513 0.00045507 0.00212096 0.00110559 0.00200631 0.0001534
 0.00134097 0.00179741 0.00088855 0.        ], ([0.00045158 0.000844   0.00050807 0.00131729 0.00120603 0.0003158
 0.00068176 0.00112697 0.00060516 0.        ]) 	 loss 5.735E-01 	 horizons 9.0
step 3510 	 return [0.         0.         0.         0.00381881 0.01268286 0.01522415
 0.00117993 0.00561205 0.         0.        ], ([0.0000000e+00 0.0000000e+00 0.0000000e+00 0.0000000e+00 9.3132257e-10
 0.0000000e+00 1.1641532e-10 4.6566129e-10 0.0000000e+00 0.0000000e+00]) 	 loss 5.591E-01 	 horizons 9.0
step 3600 	 return [0.         0.00278949 0.00247728 0.00375865 0.00296439 0.
 0.00089509 0.00049816 0.00109203 0.        ], ([0.         0.00101077 0.00123992 0.00139087 0.00160319 0.
 0.00045067 0.00033589 0.00088046 0.        ]) 	 loss 4.997E-01 	 horizons 9.0
step 3690 	 return [0.         0.         0.         0.         0.0023119  0.00409919
 0.00384007 0.00471378 0.00512865 0.00449766], ([0.         0.         0.         0.         0.00049265 0.00127825
 0.00229076 0.00208664 0.00154807 0.00183776]) 	 loss 5.081E-01 	 horizons 9.0
step 3780 	 return [0.0000000e+00 3.8741709e-04 1.2042760e-03 8.3459299e-03 6.0325908e-03
 0.0000000e+00 1.0402873e-03 8.1381979e-05 2.5054518e-04 0.0000000e+00], ([0.         0.00116225 0.00042058 0.00138673 0.00091189 0.
 0.00078412 0.00024415 0.00075164 0.        ]) 	 loss 5.143E-01 	 horizons 9.0
step 3870 	 return [2.0856512e-04 5.8491511e-04 2.4316972e-03 2.5876169e-03 1.9377101e-03
 9.3442221e-05 1.2380219e-03 1.8398862e-03 8.4329769e-04 0.0000000e+00], ([0.00041714 0.00078218 0.00062772 0.00184483 0.00104408 0.00028033
 0.00084439 0.00172084 0.00092223 0.        ]) 	 loss 4.475E-01 	 horizons 9.0
step 3960 	 return [0.         0.         0.         0.         0.0026961  0.0039049
 0.00264457 0.00580467 0.00599897 0.0048744 ], ([0.         0.         0.         0.         0.00093323 0.00226826
 0.00227911 0.00255164 0.00128492 0.00152292]) 	 loss 4.085E-01 	 horizons 9.0
step 4050 	 return [0.         0.00149666 0.00185186 0.00571141 0.00448968 0.
 0.00087027 0.00062316 0.0012916  0.        ], ([0.         0.0013087  0.00098631 0.0023523  0.00153083 0.
 0.0003253  0.00046411 0.00113645 0.        ]) 	 loss 4.423E-01 	 horizons 9.0
step 4140 	 return [0.         0.         0.         0.         0.00096626 0.0002773
 0.0018207  0.00476632 0.0071449  0.0028991 ], ([0.         0.         0.         0.         0.00049558 0.0008319
 0.0009963  0.00110506 0.00202821 0.00200305]) 	 loss 4.261E-01 	 horizons 9.0
step 4230 	 return [0.         0.         0.00208077 0.0009353  0.00103007 0.00060169
 0.00045328 0.00045892 0.00101336 0.        ], ([0.         0.         0.00107624 0.00118993 0.00095571 0.00067728
 0.00044464 0.00046691 0.00049114 0.        ]) 	 loss 3.881E-01 	 horizons 9.0
step 4320 	 return [0.         0.00386557 0.00124305 0.003743   0.0023897  0.
 0.00104609 0.00071122 0.00157302 0.        ], ([0.0000000e+00 1.2825192e-03 1.1692822e-03 1.6075382e-03 9.2258863e-04
 0.0000000e+00 4.9246952e-04 7.6087701e-05 7.2153989e-04 0.0000000e+00]) 	 loss 3.789E-01 	 horizons 9.0
step 4410 	 return [0.00052637 0.00069595 0.00206519 0.00229446 0.00246135 0.00028033
 0.00084291 0.00276207 0.00060941 0.        ], ([0.00052637 0.00106309 0.00063237 0.00167324 0.00176441 0.00042821
 0.00034816 0.00116772 0.00075835 0.        ]) 	 loss 3.602E-01 	 horizons 9.0
step 4500 	 return [0.         0.0013844  0.00131803 0.00550171 0.00632934 0.
 0.00176543 0.00100842 0.00147948 0.        ], ([0.         0.00155715 0.00103541 0.00189036 0.00108409 0.
 0.0006981  0.0004724  0.00120918 0.        ]) 	 loss 3.448E-01 	 horizons 9.0
step 4590 	 return [0.         0.         0.00083101 0.00943452 0.01349393 0.00048403
 0.00342299 0.00026743 0.00026207 0.        ], ([0.         0.         0.00101811 0.00142758 0.00351905 0.00096807
 0.00131475 0.00056506 0.00078621 0.        ]) 	 loss 3.192E-01 	 horizons 9.0
step 4680 	 return [0.         0.00076454 0.00205685 0.0081155  0.00674374 0.
 0.00191095 0.00072264 0.0012445  0.        ], ([0.         0.00126005 0.0009966  0.00297604 0.00171129 0.
 0.00122849 0.00055759 0.00124541 0.        ]) 	 loss 3.369E-01 	 horizons 9.0
step 4770 	 return [0.         0.00297498 0.00098315 0.00212149 0.00075616 0.
 0.00060368 0.00063331 0.00067926 0.        ], ([0.         0.00227649 0.00122331 0.00149438 0.00059572 0.
 0.00015693 0.0002077  0.00019707 0.        ]) 	 loss 3.257E-01 	 horizons 9.0
step 4860 	 return [0.         0.         0.00042859 0.00695182 0.01541551 0.00384224
 0.00451742 0.         0.         0.        ], ([0.         0.         0.00085718 0.00213479 0.00328843 0.00280492
 0.0013267  0.         0.         0.        ]) 	 loss 3.279E-01 	 horizons 9.0
step 4950 	 return [0.         0.         0.         0.00381881 0.01268286 0.01522415
 0.00117993 0.00561205 0.         0.        ], ([0.0000000e+00 0.0000000e+00 0.0000000e+00 0.0000000e+00 9.3132257e-10
 0.0000000e+00 1.1641532e-10 4.6566129e-10 0.0000000e+00 0.0000000e+00]) 	 loss 3.072E-01 	 horizons 9.0
step 5040 	 return [0.         0.00167627 0.00321876 0.00423281 0.00356525 0.
 0.00070491 0.00029579 0.00043938 0.        ], ([0.0000000e+00 7.8529870e-04 1.1887016e-03 2.0630956e-03 1.0921931e-03
 0.0000000e+00 9.2682341e-05 4.9153733e-04 8.7968755e-04 0.0000000e+00]) 	 loss 2.784E-01 	 horizons 9.0
step 5130 	 return [0.         0.00062441 0.00208582 0.00576139 0.00559672 0.
 0.00135509 0.00065872 0.00196937 0.        ], ([0.         0.00083745 0.00071678 0.00199634 0.00100035 0.
 0.00091245 0.00033014 0.00098577 0.        ]) 	 loss 2.896E-01 	 horizons 9.0
step 5220 	 return [0.         0.         0.         0.00381881 0.01268286 0.01522415
 0.00117993 0.00561205 0.         0.        ], ([0.0000000e+00 0.0000000e+00 0.0000000e+00 0.0000000e+00 9.3132257e-10
 0.0000000e+00 1.1641532e-10 4.6566129e-10 0.0000000e+00 0.0000000e+00]) 	 loss 2.816E-01 	 horizons 9.0
step 5310 	 return [0.         0.00320055 0.00119228 0.00532345 0.00599247 0.
 0.00075211 0.00055249 0.00169612 0.        ], ([0.0000000e+00 1.0999313e-03 1.1093300e-03 1.6846715e-03 8.8792387e-04
 0.0000000e+00 6.7973844e-05 3.6992881e-04 1.1132723e-03 0.0000000e+00]) 	 loss 2.449E-01 	 horizons 9.0
step 5400 	 return [0.         0.         0.         0.         0.00217731 0.00328072
 0.00324625 0.00508856 0.00578423 0.00457306], ([0.         0.         0.         0.         0.0010347  0.00158461
 0.00248964 0.00218237 0.00095213 0.00176732]) 	 loss 2.037E-01 	 horizons 9.0
step 5490 	 return [0.         0.00186671 0.00205058 0.00394925 0.00460039 0.
 0.00087246 0.000536   0.00151487 0.        ], ([0.         0.00109176 0.00055946 0.00079671 0.00192418 0.
 0.00031247 0.00035251 0.00107973 0.        ]) 	 loss 2.567E-01 	 horizons 9.0
step 5580 	 return [0.         0.00276574 0.00065524 0.00713798 0.00614646 0.00023589
 0.00181534 0.00087918 0.00201795 0.        ], ([0.         0.00073616 0.00103792 0.00122737 0.00107251 0.00070768
 0.00054866 0.00035421 0.00100965 0.        ]) 	 loss 2.282E-01 	 horizons 9.0
step 5670 	 return [0.         0.00219376 0.00149653 0.00363091 0.00579247 0.
 0.00096027 0.00078499 0.00240151 0.        ], ([0.0000000e+00 5.7301857e-04 5.6415307e-04 8.1453298e-04 9.1120246e-04
 0.0000000e+00 4.7204713e-04 1.1565577e-04 5.2937630e-05 0.0000000e+00]) 	 loss 2.135E-01 	 horizons 9.0
step 5760 	 return [0.         0.         0.00150007 0.01072375 0.0105838  0.00701567
 0.00433723 0.         0.         0.        ], ([0.0000000e+00 0.0000000e+00 9.8202727e-04 6.4158853e-04 1.1174870e-03
 2.7526263e-05 3.3552162e-05 0.0000000e+00 0.0000000e+00 0.0000000e+00]) 	 loss 2.085E-01 	 horizons 9.0
step 5850 	 return [0.         0.00303325 0.00056575 0.00678106 0.00585403 0.00035865
 0.00186578 0.00079908 0.00224933 0.        ], ([0.         0.00095589 0.00113189 0.00148534 0.00122967 0.00107595
 0.00072849 0.00026716 0.00075064 0.        ]) 	 loss 2.063E-01 	 horizons 9.0
step 5940 	 return [0.         0.00564033 0.         0.00441625 0.0041899  0.
 0.00084904 0.00083315 0.00231186 0.        ], ([0.0000000e+00 1.3071485e-04 0.0000000e+00 3.1317166e-05 5.6446134e-04
 0.0000000e+00 3.6076858e-04 3.6329686e-05 6.6817949e-05 0.0000000e+00]) 	 loss 1.790E-01 	 horizons 9.0
step 6030 	 return [0.         0.00328973 0.00180898 0.00553445 0.00758068 0.
 0.00183146 0.00099762 0.00258748 0.        ], ([0.0000000e+00 1.0966662e-03 6.4646090e-05 1.1240282e-03 7.9746405e-04
 0.0000000e+00 3.6604839e-04 2.3168296e-04 2.2409196e-05 0.0000000e+00]) 	 loss 1.475E-01 	 horizons 9.0
step 6120 	 return [0.         0.00521851 0.         0.00474909 0.00429316 0.
 0.00074125 0.00082835 0.00232433 0.        ], ([0.0000000e+00 9.2538184e-04 0.0000000e+00 9.2269218e-04 7.5402873e-04
 0.0000000e+00 6.0281822e-05 3.0854313e-05 8.6321677e-05 0.0000000e+00]) 	 loss 1.754E-01 	 horizons 9.0
step 6210 	 return [0.         0.00342855 0.00123967 0.00690126 0.00582256 0.
 0.0014575  0.00120982 0.00252019 0.        ], ([0.0000000e+00 2.8168457e-04 8.1155344e-04 1.4308280e-03 1.0318243e-03
 0.0000000e+00 5.9567118e-04 3.7138804e-04 1.8956694e-05 0.0000000e+00]) 	 loss 1.763E-01 	 horizons 9.0
step 6300 	 return [0.         0.00138444 0.0015354  0.00604339 0.00524792 0.
 0.00180174 0.0009351  0.00223787 0.        ], ([0.         0.00061264 0.00017625 0.00012265 0.00048821 0.
 0.00037797 0.00012943 0.00074596 0.        ]) 	 loss 1.454E-01 	 horizons 9.0
step 6390 	 return [0.         0.00334518 0.00158022 0.00622978 0.00645294 0.
 0.00182453 0.00098802 0.00255214 0.        ], ([0.0000000e+00 6.7481695e-04 5.3007971e-04 1.6639646e-03 1.2559273e-03
 0.0000000e+00 3.6459012e-04 2.3069246e-04 2.7310469e-05 0.0000000e+00]) 	 loss 1.331E-01 	 horizons 9.0
step 6480 	 return [0.00024177 0.00136577 0.00197263 0.00387208 0.00693802 0.00208466
 0.00227188 0.00165016 0.00025582 0.        ], ([0.00048353 0.00124116 0.00054094 0.00251764 0.00081618 0.00176303
 0.00085285 0.00196513 0.00076747 0.        ]) 	 loss 1.157E-01 	 horizons 9.0
step 6570 	 return [0.         0.00172915 0.00232553 0.00742579 0.00765989 0.
 0.0008471  0.00140776 0.00177863 0.        ], ([0.         0.00183718 0.00063881 0.001606   0.0008773  0.
 0.00013646 0.00036629 0.00116494 0.        ]) 	 loss 1.272E-01 	 horizons 9.0
step 6660 	 return [0.         0.00331824 0.00190816 0.00603865 0.00738799 0.
 0.00161752 0.00113927 0.00232127 0.        ], ([0.         0.00110972 0.00029936 0.0017302  0.00086031 0.
 0.00051875 0.00033621 0.00077421 0.        ]) 	 loss 1.182E-01 	 horizons 9.0
step 6750 	 return [0.         0.         0.         0.         0.00203988 0.00313344
 0.00300792 0.00778649 0.0051966  0.00739092], ([0.         0.         0.         0.         0.00079556 0.0012221
 0.00215523 0.00116154 0.00397101 0.00215582]) 	 loss 1.009E-01 	 horizons 9.0
step 6840 	 return [0.         0.00095491 0.00194598 0.00707025 0.00804172 0.00071599
 0.0022995  0.00081858 0.00183448 0.        ], ([0.         0.00150396 0.0004032  0.00150323 0.00031805 0.00143199
 0.00063107 0.00046539 0.00120095 0.        ]) 	 loss 1.230E-01 	 horizons 9.0
step 6930 	 return [0.         0.         0.         0.         0.00326195 0.00542468
 0.00231311 0.00659444 0.00811118 0.00517849], ([0.         0.         0.         0.         0.00077387 0.00057718
 0.00190232 0.00147297 0.00183832 0.0007421 ]) 	 loss 8.125E-02 	 horizons 9.0
step 7020 	 return [0.         0.00174857 0.00164653 0.00800713 0.0081969  0.
 0.0018071  0.0013921  0.00131034 0.        ], ([0.         0.00176995 0.00086426 0.0016549  0.00066423 0.
 0.00045816 0.00054062 0.00131034 0.        ]) 	 loss 8.093E-02 	 horizons 9.0
step 7110 	 return [0.         0.00124929 0.00151113 0.00600503 0.00508539 0.
 0.00192776 0.00089198 0.0024866  0.        ], ([0.0000000e+00 4.1643024e-04 1.5261376e-04 3.1556887e-05 5.3922186e-06
 0.0000000e+00 9.9444298e-07 7.2538381e-07 1.9402710e-06 0.0000000e+00]) 	 loss 9.301E-02 	 horizons 9.0
step 7200 	 return [0.         0.00199732 0.00183651 0.0055425  0.00496538 0.
 0.00191849 0.00088086 0.00244455 0.        ], ([0.0000000e+00 5.3216098e-04 7.3461188e-04 8.7870006e-04 1.3827323e-04
 0.0000000e+00 1.1432052e-05 1.3061870e-05 4.8201033e-05 0.0000000e+00]) 	 loss 7.188E-02 	 horizons 9.0
step 7290 	 return [0.         0.00371102 0.00141721 0.00746909 0.00518707 0.
 0.00194077 0.00090324 0.00252073 0.        ], ([0.0000000e+00 5.5001595e-04 7.0860266e-04 1.0090410e-03 3.5884335e-05
 0.0000000e+00 7.0847223e-06 8.0762602e-06 2.6250784e-05 0.0000000e+00]) 	 loss 6.068E-02 	 horizons 9.0
step 7380 	 return [0.         0.         0.         0.00027522 0.00352153 0.00589769
 0.00198896 0.00679143 0.00757916 0.0055856 ], ([0.         0.         0.         0.00082567 0.00190848 0.00242935
 0.0017584  0.00097276 0.00255074 0.00218467]) 	 loss 4.672E-02 	 horizons 9.0
step 7470 	 return [0.         0.00036604 0.00198073 0.00769613 0.00748816 0.
 0.00134571 0.00130877 0.00257985 0.        ], ([0.0000000e+00 1.0981327e-03 6.3930624e-05 1.1623140e-03 7.7136979e-04
 0.0000000e+00 6.1236450e-04 3.8378494e-04 2.9436984e-05 0.0000000e+00]) 	 loss 5.212E-02 	 horizons 9.0
step 7560 	 return [0.         0.00354736 0.00159436 0.00780751 0.00519876 0.
 0.00194309 0.00090592 0.00252948 0.        ], ([0.0000000e+00 1.9931888e-04 5.3145201e-04 1.0066079e-04 1.2420863e-05
 0.0000000e+00 2.3266068e-06 2.0321227e-06 5.7588559e-06 0.0000000e+00]) 	 loss 5.078E-02 	 horizons 9.0
step 7650 	 return [0.         0.0019318  0.00207886 0.00526909 0.00493211 0.
 0.00191561 0.00087768 0.00243302 0.        ], ([0.0000000e+00 4.4392992e-04 4.2201037e-04 6.0948031e-04 1.2662435e-04
 0.0000000e+00 1.0193948e-05 1.1878832e-05 4.4272056e-05 0.0000000e+00]) 	 loss 4.275E-02 	 horizons 9.0
step 7740 	 return [0.         0.00364647 0.00257948 0.00684419 0.00673061 0.
 0.00075197 0.00102232 0.00247397 0.        ], ([0.0000000e+00 6.5193867e-04 4.0332813e-04 7.9173123e-04 7.8064745e-04
 0.0000000e+00 6.1694322e-05 3.2362936e-04 5.5349978e-05 0.0000000e+00]) 	 loss 3.630E-02 	 horizons 9.0
step 7830 	 return [0.         0.00139976 0.00158    0.00345907 0.00749195 0.
 0.00193891 0.00090776 0.00255416 0.        ], ([0.0000000e+00 1.1641532e-10 0.0000000e+00 0.0000000e+00 4.6566129e-10
 0.0000000e+00 1.1641532e-10 5.8207661e-11 2.3283064e-10 0.0000000e+00]) 	 loss 3.632E-02 	 horizons 9.0
step 7920 	 return [0.         0.00172046 0.00289075 0.00812713 0.00717358 0.
 0.00071434 0.00085061 0.00245582 0.        ], ([0.0000000e+00 6.1729088e-07 1.5278486e-06 1.5593958e-05 2.9909247e-04
 0.0000000e+00 4.9210230e-05 8.8204011e-05 3.4209843e-05 0.0000000e+00]) 	 loss 3.161E-02 	 horizons 9.0
step 8010 	 return [0.         0.00191412 0.00278069 0.00781412 0.00712206 0.
 0.00073773 0.00095402 0.00247288 0.        ], ([0.0000000e+00 5.8011885e-04 3.3169237e-04 9.5026509e-04 4.1109091e-04
 0.0000000e+00 5.5913672e-05 2.4292224e-04 4.8869450e-05 0.0000000e+00]) 	 loss 3.667E-02 	 horizons 9.0
step 8100 	 return [0.         0.00257149 0.00093639 0.00354347 0.00900816 0.00359412
 0.00357286 0.         0.         0.        ], ([0.0000000e+00 1.0094760e-03 4.3604465e-04 4.2745983e-04 1.3386199e-04
 1.2627284e-05 1.1271316e-05 0.0000000e+00 0.0000000e+00 0.0000000e+00]) 	 loss 3.008E-02 	 horizons 9.0
step 8190 	 return [0.         0.         0.         0.00381881 0.01268286 0.01522415
 0.00117993 0.00561205 0.         0.        ], ([0.0000000e+00 0.0000000e+00 0.0000000e+00 0.0000000e+00 9.3132257e-10
 0.0000000e+00 1.1641532e-10 4.6566129e-10 0.0000000e+00 0.0000000e+00]) 	 loss 3.168E-02 	 horizons 9.0
step 8280 	 return [0.         0.         0.         0.         0.00403506 0.00497604
 0.00386376 0.00779928 0.00851453 0.00508903], ([0.         0.         0.         0.         0.00094853 0.00037501
 0.00225395 0.00105118 0.00046614 0.00142832]) 	 loss 3.279E-02 	 horizons 9.0
step 8370 	 return [0.         0.         0.         0.         0.00362443 0.00435159
 0.00513402 0.00850662 0.00835922 0.00550185], ([0.         0.         0.         0.         0.00149965 0.00069726
 0.00135514 0.00066346 0.00010197 0.00098815]) 	 loss 3.293E-02 	 horizons 9.0
step 8460 	 return [0.         0.00235418 0.00275411 0.00753514 0.00730677 0.
 0.00070904 0.00096424 0.00244674 0.        ], ([0.0000000e+00 9.7070384e-04 3.2673811e-04 1.0081161e-03 7.1530463e-05
 0.0000000e+00 7.3094734e-06 2.3854373e-04 3.0129680e-05 0.0000000e+00]) 	 loss 2.654E-02 	 horizons 9.0
step 8550 	 return [0.         0.00392477 0.00276333 0.0067812  0.0070351  0.
 0.00073282 0.00087021 0.00244524 0.        ], ([0.00000000e+00 4.48469063e-06 2.03633681e-06 1.41385935e-05
 3.94950621e-04 0.00000000e+00 5.52903657e-05 2.28182889e-05
 4.49732906e-05 0.00000000e+00]) 	 loss 3.155E-02 	 horizons 9.0
step 8640 	 return [0.         0.00392253 0.00276231 0.00677413 0.00723258 0.
 0.00070518 0.00088162 0.00242276 0.        ], ([0.0000000e+00 4.6566129e-10 2.3283064e-10 9.3132257e-10 0.0000000e+00
 0.0000000e+00 0.0000000e+00 0.0000000e+00 2.3283064e-10 0.0000000e+00]) 	 loss 3.082E-02 	 horizons 9.0
step 8730 	 return [0.         0.00344673 0.00189435 0.00610982 0.0067147  0.
 0.00122845 0.00128635 0.00253766 0.        ], ([0.0000000e+00 5.6932506e-04 3.4506168e-04 1.4136218e-03 1.2900042e-03
 0.0000000e+00 5.8522652e-04 3.9398432e-04 1.3706615e-05 0.0000000e+00]) 	 loss 3.021E-02 	 horizons 9.0
step 8820 	 return [0.         0.00216076 0.00286456 0.00785074 0.00728609 0.
 0.00070665 0.00088482 0.00243739 0.        ], ([0.0000000e+00 8.8088337e-04 5.1125608e-05 5.3830328e-04 2.6758016e-05
 0.0000000e+00 7.3811970e-07 1.5984289e-06 7.3172150e-06 0.0000000e+00]) 	 loss 3.096E-02 	 horizons 9.0
step 8910 	 return [0.         0.         0.         0.00381881 0.01268286 0.01522415
 0.00117993 0.00561205 0.         0.        ], ([0.0000000e+00 0.0000000e+00 0.0000000e+00 0.0000000e+00 9.3132257e-10
 0.0000000e+00 1.1641532e-10 4.6566129e-10 0.0000000e+00 0.0000000e+00]) 	 loss 2.030E-02 	 horizons 9.0
step 9000 	 return [0.         0.00229427 0.00242343 0.00477145 0.00482872 0.
 0.00190729 0.00086798 0.00239687 0.        ], ([0.0000000e+00 2.3283064e-10 2.3283064e-10 0.0000000e+00 0.0000000e+00
 0.0000000e+00 1.1641532e-10 0.0000000e+00 2.3283064e-10 0.0000000e+00]) 	 loss 1.352E-02 	 horizons 9.0
step 9090 	 return [0.         0.00392253 0.00276231 0.00677413 0.00723258 0.
 0.00070518 0.00088162 0.00242276 0.        ], ([0.0000000e+00 4.6566129e-10 2.3283064e-10 9.3132257e-10 0.0000000e+00
 0.0000000e+00 0.0000000e+00 0.0000000e+00 2.3283064e-10 0.0000000e+00]) 	 loss 9.511E-03 	 horizons 9.0
step 9180 	 return [0.         0.00392365 0.00276282 0.00677767 0.00713384 0.
 0.000719   0.00087592 0.002434   0.        ], ([0.0000000e+00 3.3635185e-06 1.5272524e-06 1.0603947e-05 2.9621297e-04
 0.0000000e+00 4.1467767e-05 1.7113714e-05 3.3729972e-05 0.0000000e+00]) 	 loss 1.116E-02 	 horizons 9.0
step 9270 	 return [0.         0.00353027 0.00248608 0.00609672 0.00663668 0.
 0.00070048 0.00088222 0.00227273 0.        ], ([0.0000000e+00 1.1767581e-03 8.2869228e-04 2.0322399e-03 1.7876985e-03
 0.0000000e+00 1.4074647e-05 1.7844723e-06 4.5008436e-04 0.0000000e+00]) 	 loss 8.375E-03 	 horizons 9.0
step 9360 	 return [0.         0.         0.         0.         0.00481181 0.00467693
 0.00571567 0.00876376 0.00832989 0.00479681], ([0.000000e+00 0.000000e+00 0.000000e+00 0.000000e+00 4.656613e-10
 0.000000e+00 4.656613e-10 9.313226e-10 0.000000e+00 4.656613e-10]) 	 loss 2.550E-02 	 horizons 9.0
step 9450 	 return [0.         0.         0.         0.00343693 0.01276502 0.01522769
 0.00118014 0.00561327 0.         0.        ], ([0.0000000e+00 0.0000000e+00 0.0000000e+00 1.1456418e-03 2.4648968e-04
 1.0647812e-05 6.2312478e-07 3.6841257e-06 0.0000000e+00 0.0000000e+00]) 	 loss 1.173E-02 	 horizons 9.0
step 9540 	 return [0.         0.00365111 0.00178591 0.00554628 0.00734272 0.
 0.00195251 0.00091903 0.00258493 0.        ], ([0.0000000e+00 1.8656068e-05 7.2002413e-06 1.1473884e-03 1.0699099e-03
 0.0000000e+00 4.3239911e-06 6.2149948e-06 2.6766675e-05 0.0000000e+00]) 	 loss 2.062E-02 	 horizons 9.0
step 9630 	 return [0.         0.00370231 0.00277509 0.00690871 0.00723926 0.
 0.00070536 0.00088202 0.00242459 0.        ], ([0.0000000e+00 6.6066254e-04 3.8344202e-05 4.0372749e-04 2.0068512e-05
 0.0000000e+00 5.5358976e-07 1.1988217e-06 5.4879110e-06 0.0000000e+00]) 	 loss 9.334E-03 	 horizons 9.0
step 9720 	 return [0.         0.         0.         0.         0.00481181 0.00467693
 0.00571567 0.00876376 0.00832989 0.00479681], ([0.000000e+00 0.000000e+00 0.000000e+00 0.000000e+00 4.656613e-10
 0.000000e+00 4.656613e-10 9.313226e-10 0.000000e+00 4.656613e-10]) 	 loss 8.256E-03 	 horizons 9.0
step 9810 	 return [0.         0.00229427 0.00242343 0.00477145 0.00482872 0.
 0.00190729 0.00086798 0.00239687 0.        ], ([0.0000000e+00 2.3283064e-10 2.3283064e-10 0.0000000e+00 0.0000000e+00
 0.0000000e+00 1.1641532e-10 0.0000000e+00 2.3283064e-10 0.0000000e+00]) 	 loss 9.306E-03 	 horizons 9.0
step 9900 	 return [0.         0.         0.         0.         0.00481181 0.00467693
 0.00571567 0.00876376 0.00832989 0.00479681], ([0.000000e+00 0.000000e+00 0.000000e+00 0.000000e+00 4.656613e-10
 0.000000e+00 4.656613e-10 9.313226e-10 0.000000e+00 4.656613e-10]) 	 loss 8.395E-03 	 horizons 9.0
step 9990 	 return [0.         0.         0.         0.         0.00481181 0.00467693
 0.00571567 0.00876376 0.00832989 0.00479681], ([0.000000e+00 0.000000e+00 0.000000e+00 0.000000e+00 4.656613e-10
 0.000000e+00 4.656613e-10 9.313226e-10 0.000000e+00 4.656613e-10]) 	 loss 4.959E-03 	 horizons 9.0
step 10080 	 return [0.         0.00392365 0.00276282 0.00677767 0.00713384 0.
 0.000719   0.00087592 0.002434   0.        ], ([0.0000000e+00 3.3635185e-06 1.5272524e-06 1.0603947e-05 2.9621297e-04
 0.0000000e+00 4.1467767e-05 1.7113714e-05 3.3729972e-05 0.0000000e+00]) 	 loss 1.077E-02 	 horizons 9.0
step 10170 	 return [0.         0.         0.         0.00381881 0.01268286 0.01522415
 0.00117993 0.00561205 0.         0.        ], ([0.0000000e+00 0.0000000e+00 0.0000000e+00 0.0000000e+00 9.3132257e-10
 0.0000000e+00 1.1641532e-10 4.6566129e-10 0.0000000e+00 0.0000000e+00]) 	 loss 9.989E-03 	 horizons 9.0
step 10260 	 return [0.         0.0036138  0.00177151 0.00784106 0.0052029  0.
 0.00194386 0.0009066  0.0025314  0.        ], ([0.0000000e+00 0.0000000e+00 1.1641532e-10 9.3132257e-10 0.0000000e+00
 0.0000000e+00 1.1641532e-10 0.0000000e+00 0.0000000e+00 0.0000000e+00]) 	 loss 5.690E-03 	 horizons 9.0
step 10350 	 return [0.         0.00365111 0.00178591 0.00554628 0.00734272 0.
 0.00195251 0.00091903 0.00258493 0.        ], ([0.0000000e+00 1.8656066e-05 7.2002408e-06 1.1473882e-03 1.0699099e-03
 0.0000000e+00 4.3239911e-06 6.2149948e-06 2.6766675e-05 0.0000000e+00]) 	 loss 1.034E-02 	 horizons 9.0
step 10440 	 return [0.         0.         0.         0.00381881 0.01268286 0.01522415
 0.00117993 0.00561205 0.         0.        ], ([0.0000000e+00 0.0000000e+00 0.0000000e+00 0.0000000e+00 9.3132257e-10
 0.0000000e+00 1.1641532e-10 4.6566129e-10 0.0000000e+00 0.0000000e+00]) 	 loss 9.749E-03 	 horizons 9.0
step 10530 	 return [0.         0.00216765 0.00097217 0.00355748 0.00830965 0.00364976
 0.00383221 0.00020982 0.00054271 0.00054904], ([0.         0.00085616 0.00052351 0.00191673 0.00137912 0.00031069
 0.00110657 0.00062947 0.00162814 0.00164711]) 	 loss 7.275E-03 	 horizons 9.0
step 10620 	 return [0.         0.         0.         0.         0.00481181 0.00467693
 0.00571567 0.00876376 0.00832989 0.00479681], ([0.000000e+00 0.000000e+00 0.000000e+00 0.000000e+00 4.656613e-10
 0.000000e+00 4.656613e-10 9.313226e-10 0.000000e+00 4.656613e-10]) 	 loss 1.228E-02 	 horizons 9.0
step 10710 	 return [0.         0.         0.         0.         0.00481181 0.00467693
 0.00571567 0.00876376 0.00832989 0.00479681], ([0.000000e+00 0.000000e+00 0.000000e+00 0.000000e+00 4.656613e-10
 0.000000e+00 4.656613e-10 9.313226e-10 0.000000e+00 4.656613e-10]) 	 loss 5.534E-03 	 horizons 9.0
step 10800 	 return [0.         0.00392253 0.00276231 0.00677413 0.00723258 0.
 0.00070518 0.00088162 0.00242276 0.        ], ([0.0000000e+00 4.6566129e-10 2.3283064e-10 9.3132257e-10 0.0000000e+00
 0.0000000e+00 0.0000000e+00 0.0000000e+00 2.3283064e-10 0.0000000e+00]) 	 loss 2.067E-03 	 horizons 9.0
step 10890 	 return [0.         0.00233776 0.00072487 0.00429086 0.00651103 0.00301367
 0.00396312 0.00088685 0.00188797 0.00164711], ([0.         0.00183608 0.00077434 0.00314253 0.00141901 0.00160037
 0.00206843 0.00094451 0.00243861 0.002516  ]) 	 loss 4.550E-03 	 horizons 9.0
step 10980 	 return [0.         0.00366044 0.00178951 0.00497259 0.00787768 0.
 0.00195467 0.00092214 0.00259832 0.        ], ([0.0000000e+00 4.6566129e-10 1.1641532e-10 4.6566129e-10 9.3132257e-10
 0.0000000e+00 2.3283064e-10 0.0000000e+00 2.3283064e-10 0.0000000e+00]) 	 loss 1.608E-02 	 horizons 9.0
step 11070 	 return [0.         0.00216694 0.00050869 0.00388979 0.0087331  0.00355424
 0.00348206 0.         0.         0.        ], ([0.         0.00060101 0.00072855 0.00151756 0.00065053 0.00010035
 0.00025595 0.         0.         0.        ]) 	 loss 4.325E-03 	 horizons 9.0
step 11160 	 return [0.         0.00194054 0.00287734 0.00798532 0.00729278 0.
 0.00070684 0.00088522 0.00243922 0.        ], ([0.0000000e+00 6.6066242e-04 3.8344198e-05 4.0372752e-04 2.0068508e-05
 0.0000000e+00 5.5358976e-07 1.1988217e-06 5.4879119e-06 0.0000000e+00]) 	 loss 1.646E-02 	 horizons 9.0
step 11250 	 return [0.         0.         0.         0.00381881 0.01268286 0.01522415
 0.00117993 0.00561205 0.         0.        ], ([0.0000000e+00 0.0000000e+00 0.0000000e+00 0.0000000e+00 9.3132257e-10
 0.0000000e+00 1.1641532e-10 4.6566129e-10 0.0000000e+00 0.0000000e+00]) 	 loss 8.168E-03 	 horizons 9.0
step 11340 	 return [0.         0.00292835 0.00183283 0.00552558 0.00789294 0.
 0.00195606 0.00092363 0.00260279 0.        ], ([0.0000000e+00 1.4641769e-03 8.6647306e-05 1.1059800e-03 3.0525029e-05
 0.0000000e+00 2.7796252e-06 2.9916409e-06 8.9474024e-06 0.0000000e+00]) 	 loss 5.877E-03 	 horizons 9.0
step 11430 	 return [0.         0.00392477 0.00276333 0.0067812  0.0070351  0.
 0.00073282 0.00087021 0.00244524 0.        ], ([0.0000000e+00 4.4846906e-06 2.0363368e-06 1.4138594e-05 3.9495062e-04
 0.0000000e+00 5.5290362e-05 2.2818289e-05 4.4973291e-05 0.0000000e+00]) 	 loss 7.163E-04 	 horizons 9.0
step 11520 	 return [0.         0.         0.         0.00381881 0.01268286 0.01522415
 0.00117993 0.00561205 0.         0.        ], ([0.0000000e+00 0.0000000e+00 0.0000000e+00 0.0000000e+00 9.3132257e-10
 0.0000000e+00 1.1641532e-10 4.6566129e-10 0.0000000e+00 0.0000000e+00]) 	 loss 9.419E-03 	 horizons 9.0
step 11610 	 return [0.         0.00363712 0.00178051 0.00640683 0.00654029 0.
 0.00194927 0.00091437 0.00256486 0.        ], ([0.0000000e+00 2.3320084e-05 9.0003014e-06 1.4342354e-03 1.3373874e-03
 0.0000000e+00 5.4049888e-06 7.7687437e-06 3.3458346e-05 0.0000000e+00]) 	 loss 1.212E-02 	 horizons 9.0
step 11700 	 return [0.         0.         0.         0.00381881 0.01268286 0.01522415
 0.00117993 0.00561205 0.         0.        ], ([0.0000000e+00 0.0000000e+00 0.0000000e+00 0.0000000e+00 9.3132257e-10
 0.0000000e+00 1.1641532e-10 4.6566129e-10 0.0000000e+00 0.0000000e+00]) 	 loss 8.603E-03 	 horizons 9.0
step 11790 	 return [0.         0.00172032 0.00289012 0.00811989 0.00729947 0.
 0.00070702 0.00088562 0.00244105 0.        ], ([0.0000000e+00 0.0000000e+00 2.3283064e-10 9.3132257e-10 0.0000000e+00
 0.0000000e+00 5.8207661e-11 0.0000000e+00 2.3283064e-10 0.0000000e+00]) 	 loss 3.833E-03 	 horizons 9.0
step 11880 	 return [0.         0.00184235 0.00199451 0.00513785 0.00519843 0.
 0.00191877 0.00088165 0.00244875 0.        ], ([0.0000000e+00 4.5193010e-04 4.2894270e-04 8.1061397e-04 7.7415560e-04
 0.0000000e+00 1.1885145e-05 1.4366198e-05 5.5221455e-05 0.0000000e+00]) 	 loss 7.279E-03 	 horizons 9.0
step 11970 	 return [0.         0.00392253 0.00276231 0.00677413 0.00723258 0.
 0.00070518 0.00088162 0.00242276 0.        ], ([0.0000000e+00 4.6566129e-10 2.3283064e-10 9.3132257e-10 0.0000000e+00
 0.0000000e+00 0.0000000e+00 0.0000000e+00 2.3283064e-10 0.0000000e+00]) 	 loss 4.122E-03 	 horizons 9.0
step 12060 	 return [0.         0.00172032 0.00289012 0.00811989 0.00729947 0.
 0.00070702 0.00088562 0.00244105 0.        ], ([0.0000000e+00 0.0000000e+00 2.3283064e-10 9.3132257e-10 0.0000000e+00
 0.0000000e+00 5.8207661e-11 0.0000000e+00 2.3283064e-10 0.0000000e+00]) 	 loss 3.015E-03 	 horizons 9.0
step 12150 	 return [0.         0.         0.         0.00381881 0.01268286 0.01522415
 0.00117993 0.00561205 0.         0.        ], ([0.0000000e+00 0.0000000e+00 0.0000000e+00 0.0000000e+00 9.3132257e-10
 0.0000000e+00 1.1641532e-10 4.6566129e-10 0.0000000e+00 0.0000000e+00]) 	 loss 2.610E-03 	 horizons 9.0
step 12240 	 return [0.         0.00376929 0.00226742 0.00731113 0.006119   0.
 0.00133834 0.00088841 0.00248832 0.        ], ([0.0000000e+00 1.5551604e-04 4.9591163e-04 5.3002313e-04 9.5772208e-04
 0.0000000e+00 6.0678116e-04 2.4316880e-05 5.3544150e-05 0.0000000e+00]) 	 loss 1.907E-03 	 horizons 9.0
step 12330 	 return [0.         0.00172032 0.00289012 0.00811989 0.00729947 0.
 0.00070702 0.00088562 0.00244105 0.        ], ([0.0000000e+00 0.0000000e+00 2.3283064e-10 9.3132257e-10 0.0000000e+00
 0.0000000e+00 5.8207661e-11 0.0000000e+00 2.3283064e-10 0.0000000e+00]) 	 loss 3.478E-03 	 horizons 9.0
step 12420 	 return [0.         0.         0.         0.00381881 0.01268286 0.01522415
 0.00117993 0.00561205 0.         0.        ], ([0.0000000e+00 0.0000000e+00 0.0000000e+00 0.0000000e+00 9.3132257e-10
 0.0000000e+00 1.1641532e-10 4.6566129e-10 0.0000000e+00 0.0000000e+00]) 	 loss 3.764E-03 	 horizons 9.0
step 12510 	 return [0.         0.0036138  0.00177151 0.00784106 0.0052029  0.
 0.00194386 0.0009066  0.0025314  0.        ], ([0.0000000e+00 0.0000000e+00 1.1641532e-10 9.3132257e-10 0.0000000e+00
 0.0000000e+00 1.1641532e-10 0.0000000e+00 0.0000000e+00 0.0000000e+00]) 	 loss 2.881E-03 	 horizons 9.0
step 12600 	 return [0.         0.00366044 0.00178951 0.00497259 0.00787768 0.
 0.00195467 0.00092214 0.00259832 0.        ], ([0.0000000e+00 4.6566129e-10 1.1641532e-10 4.6566129e-10 9.3132257e-10
 0.0000000e+00 2.3283064e-10 0.0000000e+00 2.3283064e-10 0.0000000e+00]) 	 loss 1.727E-03 	 horizons 9.0
step 12690 	 return [0.         0.00392701 0.00276434 0.00678827 0.00683763 0.
 0.00076047 0.0008588  0.00246773 0.        ], ([0.0000000e+00 5.4926022e-06 2.4939932e-06 1.7316172e-05 4.8371375e-04
 0.0000000e+00 6.7716588e-05 2.7946582e-05 5.5080804e-05 0.0000000e+00]) 	 loss 3.219E-03 	 horizons 9.0
step 12780 	 return [0.         0.         0.         0.         0.00481181 0.00467693
 0.00571567 0.00876376 0.00832989 0.00479681], ([0.000000e+00 0.000000e+00 0.000000e+00 0.000000e+00 4.656613e-10
 0.000000e+00 4.656613e-10 9.313226e-10 0.000000e+00 4.656613e-10]) 	 loss 3.439E-03 	 horizons 9.0
step 12870 	 return [0.         0.         0.         0.00381881 0.01268286 0.01522415
 0.00117993 0.00561205 0.         0.        ], ([0.0000000e+00 0.0000000e+00 0.0000000e+00 0.0000000e+00 9.3132257e-10
 0.0000000e+00 1.1641532e-10 4.6566129e-10 0.0000000e+00 0.0000000e+00]) 	 loss 3.528E-03 	 horizons 9.0
step 12960 	 return [0.         0.00363712 0.00178051 0.00640682 0.00654029 0.
 0.00194927 0.00091437 0.00256486 0.        ], ([0.0000000e+00 2.3320086e-05 9.0003014e-06 1.4342354e-03 1.3373874e-03
 0.0000000e+00 5.4049888e-06 7.7687437e-06 3.3458346e-05 0.0000000e+00]) 	 loss 6.743E-03 	 horizons 9.0
step 13050 	 return [0.         0.         0.         0.         0.00481181 0.00467693
 0.00571567 0.00876376 0.00832989 0.00479681], ([0.000000e+00 0.000000e+00 0.000000e+00 0.000000e+00 4.656613e-10
 0.000000e+00 4.656613e-10 9.313226e-10 0.000000e+00 4.656613e-10]) 	 loss 5.521E-03 	 horizons 9.0
step 13140 	 return [0.         0.00384143 0.00161056 0.00494764 0.00788173 0.
 0.00197193 0.00099509 0.00233848 0.        ], ([0.0000000e+00 5.4296158e-04 5.3685217e-04 7.4859337e-05 1.2173596e-05
 0.0000000e+00 5.1765510e-05 2.1885635e-04 7.7949499e-04 0.0000000e+00]) 	 loss 3.783E-03 	 horizons 9.0
step 13230 	 return [0.         0.         0.         0.00381881 0.01268286 0.01522415
 0.00117993 0.00561205 0.         0.        ], ([0.0000000e+00 0.0000000e+00 0.0000000e+00 0.0000000e+00 9.3132257e-10
 0.0000000e+00 1.1641532e-10 4.6566129e-10 0.0000000e+00 0.0000000e+00]) 	 loss 3.954E-03 	 horizons 9.0
step 13320 	 return [0.         0.00393374 0.0027674  0.00680948 0.0062452  0.
 0.0008434  0.00082458 0.00253519 0.        ], ([0.0000000e+00 0.0000000e+00 2.3283064e-10 0.0000000e+00 0.0000000e+00
 0.0000000e+00 5.8207661e-11 0.0000000e+00 2.3283064e-10 0.0000000e+00]) 	 loss 3.510E-03 	 horizons 9.0
step 13410 	 return [0.         0.00343319 0.00188658 0.00729438 0.00591037 0.
 0.00169996 0.00098338 0.00252937 0.        ], ([0.0000000e+00 5.7121663e-04 3.3457472e-04 1.1659864e-03 1.0885881e-03
 0.0000000e+00 4.9054937e-04 2.3230554e-04 3.5509122e-05 0.0000000e+00]) 	 loss 4.143E-03 	 horizons 9.0
step 13500 	 return [0.         0.00172032 0.00289012 0.00811989 0.00729947 0.
 0.00070702 0.00088562 0.00244105 0.        ], ([0.0000000e+00 0.0000000e+00 2.3283064e-10 9.3132257e-10 0.0000000e+00
 0.0000000e+00 5.8207661e-11 0.0000000e+00 2.3283064e-10 0.0000000e+00]) 	 loss 6.292E-03 	 horizons 9.0
step 13590 	 return [0.         0.00328973 0.00180757 0.00577844 0.00734535 0.
 0.0019532  0.00091978 0.00258717 0.        ], ([0.0000000e+00 1.0966662e-03 6.0424129e-05 1.6932299e-03 1.0646648e-03
 0.0000000e+00 3.3202225e-06 5.0067410e-06 2.2847158e-05 0.0000000e+00]) 	 loss 4.675E-03 	 horizons 9.0
step 13680 	 return [0.         0.00366044 0.00178951 0.00497259 0.00787768 0.
 0.00195467 0.00092214 0.00259832 0.        ], ([0.0000000e+00 4.6566129e-10 1.1641532e-10 4.6566129e-10 9.3132257e-10
 0.0000000e+00 2.3283064e-10 0.0000000e+00 2.3283064e-10 0.0000000e+00]) 	 loss 3.291E-03 	 horizons 9.0
step 13770 	 return [0.         0.00363246 0.00177871 0.00669367 0.00627281 0.
 0.00194819 0.00091281 0.00255817 0.        ], ([0.0000000e+00 2.2848923e-05 8.8184579e-06 1.4052580e-03 1.3103667e-03
 0.0000000e+00 5.2957862e-06 7.6117831e-06 3.2782351e-05 0.0000000e+00]) 	 loss 2.527E-03 	 horizons 9.0
step 13860 	 return [0.         0.00392253 0.00276231 0.00677413 0.00723258 0.
 0.00070518 0.00088162 0.00242276 0.        ], ([0.0000000e+00 4.6566129e-10 2.3283064e-10 9.3132257e-10 0.0000000e+00
 0.0000000e+00 0.0000000e+00 0.0000000e+00 2.3283064e-10 0.0000000e+00]) 	 loss 2.422E-03 	 horizons 9.0
step 13950 	 return [0.         0.0036138  0.00177151 0.00784106 0.0052029  0.
 0.00194386 0.0009066  0.0025314  0.        ], ([0.0000000e+00 0.0000000e+00 1.1641532e-10 9.3132257e-10 0.0000000e+00
 0.0000000e+00 1.1641532e-10 0.0000000e+00 0.0000000e+00 0.0000000e+00]) 	 loss 2.930E-03 	 horizons 9.0
step 14040 	 return [0.         0.00361847 0.00177331 0.00755421 0.00547038 0.
 0.00194494 0.00090815 0.00253809 0.        ], ([0.0000000e+00 1.3992050e-05 5.4001807e-06 8.6054119e-04 8.0243242e-04
 0.0000000e+00 3.2429932e-06 4.6612463e-06 2.0075007e-05 0.0000000e+00]) 	 loss 2.113E-03 	 horizons 9.0
step 14130 	 return [0.         0.         0.         0.         0.00481181 0.00467693
 0.00571567 0.00876376 0.00832989 0.00479681], ([0.000000e+00 0.000000e+00 0.000000e+00 0.000000e+00 4.656613e-10
 0.000000e+00 4.656613e-10 9.313226e-10 0.000000e+00 4.656613e-10]) 	 loss 2.437E-03 	 horizons 9.0
step 14220 	 return [0.         0.00172032 0.00289012 0.00811989 0.00729947 0.
 0.00070702 0.00088562 0.00244105 0.        ], ([0.0000000e+00 0.0000000e+00 2.3283064e-10 9.3132257e-10 0.0000000e+00
 0.0000000e+00 5.8207661e-11 0.0000000e+00 2.3283064e-10 0.0000000e+00]) 	 loss 1.575E-03 	 horizons 9.0
step 14310 	 return [0.         0.         0.         0.00381881 0.01268286 0.01522415
 0.00117993 0.00561205 0.         0.        ], ([0.0000000e+00 0.0000000e+00 0.0000000e+00 0.0000000e+00 9.3132257e-10
 0.0000000e+00 1.1641532e-10 4.6566129e-10 0.0000000e+00 0.0000000e+00]) 	 loss 1.794E-03 	 horizons 9.0
step 14400 	 return [0.00012088 0.0032944  0.00186119 0.00447533 0.0077087  0.00040962
 0.00185421 0.00136356 0.00233848 0.        ], ([0.00036265 0.00109813 0.00021505 0.00149178 0.00050694 0.00122885
 0.00030139 0.00132426 0.00077949 0.        ]) 	 loss 1.940E-03 	 horizons 9.0
step 14490 	 return [0.         0.00393262 0.00276689 0.00680595 0.00634394 0.
 0.00082958 0.00083028 0.00252395 0.        ], ([0.0000000e+00 3.3635181e-06 1.5272525e-06 1.0603946e-05 2.9621297e-04
 0.0000000e+00 4.1467767e-05 1.7113714e-05 3.3729961e-05 0.0000000e+00]) 	 loss 2.917E-03 	 horizons 9.0
step 14580 	 return [0.         0.         0.         0.00381881 0.01268286 0.01522415
 0.00117993 0.00561205 0.         0.        ], ([0.0000000e+00 0.0000000e+00 0.0000000e+00 0.0000000e+00 9.3132257e-10
 0.0000000e+00 1.1641532e-10 4.6566129e-10 0.0000000e+00 0.0000000e+00]) 	 loss 2.731E-03 	 horizons 9.0
step 14670 	 return [0.         0.0036138  0.00177151 0.00784106 0.0052029  0.
 0.00194386 0.0009066  0.0025314  0.        ], ([0.0000000e+00 0.0000000e+00 1.1641532e-10 9.3132257e-10 0.0000000e+00
 0.0000000e+00 1.1641532e-10 0.0000000e+00 0.0000000e+00 0.0000000e+00]) 	 loss 1.578E-03 	 horizons 9.0
step 14760 	 return [0.         0.00172032 0.00289012 0.00811989 0.00729947 0.
 0.00070702 0.00088562 0.00244105 0.        ], ([0.0000000e+00 0.0000000e+00 2.3283064e-10 9.3132257e-10 0.0000000e+00
 0.0000000e+00 5.8207661e-11 0.0000000e+00 2.3283064e-10 0.0000000e+00]) 	 loss 1.607E-03 	 horizons 9.0
step 14850 	 return [0.         0.         0.00200613 0.00773754 0.00795399 0.
 0.00196162 0.00092961 0.00262069 0.        ], ([0.0000000e+00 0.0000000e+00 2.3283064e-10 4.6566129e-10 9.3132257e-10
 0.0000000e+00 2.3283064e-10 1.1641532e-10 2.3283064e-10 0.0000000e+00]) 	 loss 2.224E-03 	 horizons 9.0
step 14940 	 return [0.         0.0037025  0.0027756  0.00691362 0.00714022 0.
 0.00071953 0.00087651 0.00243583 0.        ], ([0.0000000e+00 6.6008134e-04 3.9871386e-05 4.1846844e-04 2.7706506e-04
 0.0000000e+00 4.3047919e-05 1.5339283e-05 3.9217877e-05 0.0000000e+00]) 	 loss 1.993E-03 	 horizons 9.0
step 15030 	 return [0.         0.         0.         0.         0.00481181 0.00467693
 0.00571567 0.00876376 0.00832989 0.00479681], ([0.000000e+00 0.000000e+00 0.000000e+00 0.000000e+00 4.656613e-10
 0.000000e+00 4.656613e-10 9.313226e-10 0.000000e+00 4.656613e-10]) 	 loss 4.746E-03 	 horizons 9.0
step 15120 	 return [0.         0.00305002 0.00210901 0.00764191 0.00596316 0.
 0.00146567 0.00097212 0.00251585 0.        ], ([0.0000000e+00 8.7015156e-04 5.1248498e-04 9.0246252e-04 9.7673410e-04
 0.0000000e+00 5.8683421e-04 2.3699709e-04 3.7953349e-05 0.0000000e+00]) 	 loss 4.073E-03 	 horizons 9.0
step 15210 	 return [0.         0.00366044 0.00178951 0.00497259 0.00787768 0.
 0.00195467 0.00092214 0.00259832 0.        ], ([0.0000000e+00 4.6566129e-10 1.1641532e-10 4.6566129e-10 9.3132257e-10
 0.0000000e+00 2.3283064e-10 0.0000000e+00 2.3283064e-10 0.0000000e+00]) 	 loss 9.344E-03 	 horizons 9.0
step 15300 	 return [0.         0.         0.         0.00381881 0.01268286 0.01522415
 0.00117993 0.00561205 0.         0.        ], ([0.0000000e+00 0.0000000e+00 0.0000000e+00 0.0000000e+00 9.3132257e-10
 0.0000000e+00 1.1641532e-10 4.6566129e-10 0.0000000e+00 0.0000000e+00]) 	 loss 7.325E-03 	 horizons 9.0
step 15390 	 return [0.         0.00366044 0.00178951 0.00497259 0.00787768 0.
 0.00195467 0.00092214 0.00259832 0.        ], ([0.0000000e+00 4.6566129e-10 1.1641532e-10 4.6566129e-10 9.3132257e-10
 0.0000000e+00 2.3283064e-10 0.0000000e+00 2.3283064e-10 0.0000000e+00]) 	 loss 4.868E-03 	 horizons 9.0
step 15480 	 return [0.00084618 0.0007236  0.00228215 0.00118101 0.00662164 0.00286733
 0.00126528 0.00408202 0.00051525 0.        ], ([0.00055395 0.00121886 0.00035039 0.00184818 0.00066935 0.00187711
 0.00048334 0.00192504 0.00103054 0.        ]) 	 loss 2.409E-03 	 horizons 9.0
step 15570 	 return [0.         0.         0.         0.00381881 0.01268286 0.01522415
 0.00117993 0.00561205 0.         0.        ], ([0.0000000e+00 0.0000000e+00 0.0000000e+00 0.0000000e+00 9.3132257e-10
 0.0000000e+00 1.1641532e-10 4.6566129e-10 0.0000000e+00 0.0000000e+00]) 	 loss 7.732E-03 	 horizons 9.0
step 15660 	 return [0.         0.         0.         0.00381881 0.01268286 0.01522415
 0.00117993 0.00561205 0.         0.        ], ([0.0000000e+00 0.0000000e+00 0.0000000e+00 0.0000000e+00 9.3132257e-10
 0.0000000e+00 1.1641532e-10 4.6566129e-10 0.0000000e+00 0.0000000e+00]) 	 loss 2.455E-03 	 horizons 9.0
step 15750 	 return [0.         0.00172032 0.00289012 0.00811989 0.00729947 0.
 0.00070702 0.00088562 0.00244105 0.        ], ([0.0000000e+00 0.0000000e+00 2.3283064e-10 9.3132257e-10 0.0000000e+00
 0.0000000e+00 5.8207661e-11 0.0000000e+00 2.3283064e-10 0.0000000e+00]) 	 loss 2.510E-03 	 horizons 9.0
step 15840 	 return [0.         0.00228972 0.0025581  0.00807064 0.00597719 0.
 0.00117723 0.00085332 0.00254686 0.        ], ([0.0000000e+00 8.6681527e-04 5.1494653e-04 1.5029382e-04 5.0688989e-04
 0.0000000e+00 5.0188042e-04 3.4876681e-05 1.0120368e-05 0.0000000e+00]) 	 loss 3.875E-03 	 horizons 9.0
step 15930 	 return [0.         0.00393374 0.0027674  0.00680948 0.0062452  0.
 0.0008434  0.00082458 0.00253519 0.        ], ([0.0000000e+00 0.0000000e+00 2.3283064e-10 0.0000000e+00 0.0000000e+00
 0.0000000e+00 5.8207661e-11 0.0000000e+00 2.3283064e-10 0.0000000e+00]) 	 loss 4.109E-03 	 horizons 9.0
step 16020 	 return [0.         0.00366044 0.00178951 0.00497259 0.00787768 0.
 0.00195467 0.00092214 0.00259832 0.        ], ([0.0000000e+00 4.6566129e-10 1.1641532e-10 4.6566129e-10 9.3132257e-10
 0.0000000e+00 2.3283064e-10 0.0000000e+00 2.3283064e-10 0.0000000e+00]) 	 loss 2.115E-03 	 horizons 9.0
step 16110 	 return [0.         0.00392589 0.00276384 0.00678474 0.00693636 0.
 0.00074664 0.00086451 0.00245649 0.        ], ([0.0000000e+00 5.1378588e-06 2.3329169e-06 1.6197795e-05 4.5247277e-04
 0.0000000e+00 6.3343075e-05 2.6141633e-05 5.1523370e-05 0.0000000e+00]) 	 loss 8.814E-04 	 horizons 9.0
step 16200 	 return [0.         0.         0.         0.         0.00481181 0.00467693
 0.00571567 0.00876376 0.00832989 0.00479681], ([0.000000e+00 0.000000e+00 0.000000e+00 0.000000e+00 4.656613e-10
 0.000000e+00 4.656613e-10 9.313226e-10 0.000000e+00 4.656613e-10]) 	 loss 7.953E-04 	 horizons 9.0
step 16290 	 return [0.         0.00172032 0.00289012 0.00811989 0.00729947 0.
 0.00070702 0.00088562 0.00244105 0.        ], ([0.0000000e+00 0.0000000e+00 2.3283064e-10 9.3132257e-10 0.0000000e+00
 0.0000000e+00 5.8207661e-11 0.0000000e+00 2.3283064e-10 0.0000000e+00]) 	 loss 9.656E-04 	 horizons 9.0
step 16380 	 return [0.         0.0028566  0.00221946 0.00795751 0.00594248 0.
 0.00146329 0.00089269 0.0025065  0.        ], ([0.0000000e+00 9.2737650e-04 5.4863241e-04 1.4325038e-04 9.4554160e-04
 0.0000000e+00 5.8985443e-04 2.2758240e-05 4.3333846e-05 0.0000000e+00]) 	 loss 1.110E-03 	 horizons 9.0
step 16470 	 return [0.         0.         0.         0.         0.00481181 0.00467693
 0.00571567 0.00876376 0.00832989 0.00479681], ([0.000000e+00 0.000000e+00 0.000000e+00 0.000000e+00 4.656613e-10
 0.000000e+00 4.656613e-10 9.313226e-10 0.000000e+00 4.656613e-10]) 	 loss 1.405E-03 	 horizons 9.0
step 16560 	 return [0.00060441 0.00109383 0.00192619 0.00250355 0.00639216 0.0031489
 0.00214375 0.00320597 0.00054271 0.00054904], ([0.00060441 0.00136984 0.0009841  0.00317109 0.0007791  0.00162009
 0.00178716 0.00222219 0.00162814 0.00164711]) 	 loss 9.404E-04 	 horizons 9.0
step 16650 	 return [0.         0.0036138  0.00177151 0.00784106 0.0052029  0.
 0.00194386 0.0009066  0.0025314  0.        ], ([0.0000000e+00 0.0000000e+00 1.1641532e-10 9.3132257e-10 0.0000000e+00
 0.0000000e+00 1.1641532e-10 0.0000000e+00 0.0000000e+00 0.0000000e+00]) 	 loss 5.160E-03 	 horizons 9.0
step 16740 	 return [0.         0.00437996 0.0003579  0.00572305 0.00794122 0.
 0.00209734 0.00151177 0.00051966 0.        ], ([0.0000000e+00 1.1111792e-03 7.1580295e-04 1.4217376e-03 5.4976063e-05
 0.0000000e+00 7.1647257e-05 2.9494287e-04 1.0393265e-03 0.0000000e+00]) 	 loss 2.155E-03 	 horizons 9.0
step 16830 	 return [0.         0.         0.         0.         0.00481181 0.00467693
 0.00571567 0.00876376 0.00832989 0.00479681], ([0.000000e+00 0.000000e+00 0.000000e+00 0.000000e+00 4.656613e-10
 0.000000e+00 4.656613e-10 9.313226e-10 0.000000e+00 4.656613e-10]) 	 loss 2.660E-03 	 horizons 9.0
step 16920 	 return [0.         0.00229427 0.00242343 0.00477145 0.00482872 0.
 0.00190729 0.00086798 0.00239687 0.        ], ([0.0000000e+00 2.3283064e-10 2.3283064e-10 0.0000000e+00 0.0000000e+00
 0.0000000e+00 1.1641532e-10 0.0000000e+00 2.3283064e-10 0.0000000e+00]) 	 loss 1.040E-03 	 horizons 9.0
step 17010 	 return [0.         0.00392253 0.00276231 0.00677413 0.00723258 0.
 0.00070518 0.00088162 0.00242276 0.        ], ([0.0000000e+00 4.6566129e-10 2.3283064e-10 9.3132257e-10 0.0000000e+00
 0.0000000e+00 0.0000000e+00 0.0000000e+00 2.3283064e-10 0.0000000e+00]) 	 loss 7.146E-04 	 horizons 9.0
step 17100 	 return [0.         0.0036138  0.00177151 0.00784106 0.0052029  0.
 0.00194386 0.0009066  0.0025314  0.        ], ([0.0000000e+00 0.0000000e+00 1.1641532e-10 9.3132257e-10 0.0000000e+00
 0.0000000e+00 1.1641532e-10 0.0000000e+00 0.0000000e+00 0.0000000e+00]) 	 loss 6.030E-04 	 horizons 9.0
step 17190 	 return [0.         0.00366044 0.00178951 0.00497259 0.00787768 0.
 0.00195467 0.00092214 0.00259832 0.        ], ([0.0000000e+00 4.6566129e-10 1.1641532e-10 4.6566129e-10 9.3132257e-10
 0.0000000e+00 2.3283064e-10 0.0000000e+00 2.3283064e-10 0.0000000e+00]) 	 loss 8.754E-04 	 horizons 9.0
step 17280 	 return [0.         0.         0.         0.         0.00481181 0.00467693
 0.00571567 0.00876376 0.00832989 0.00479681], ([0.000000e+00 0.000000e+00 0.000000e+00 0.000000e+00 4.656613e-10
 0.000000e+00 4.656613e-10 9.313226e-10 0.000000e+00 4.656613e-10]) 	 loss 6.956E-04 	 horizons 9.0
step 17370 	 return [0.         0.00229427 0.00242343 0.00477145 0.00482872 0.
 0.00190729 0.00086798 0.00239687 0.        ], ([0.0000000e+00 2.3283064e-10 2.3283064e-10 0.0000000e+00 0.0000000e+00
 0.0000000e+00 1.1641532e-10 0.0000000e+00 2.3283064e-10 0.0000000e+00]) 	 loss 5.617E-04 	 horizons 9.0
step 17460 	 return [0.         0.         0.         0.         0.00481181 0.00467693
 0.00571567 0.00876376 0.00832989 0.00479681], ([0.000000e+00 0.000000e+00 0.000000e+00 0.000000e+00 4.656613e-10
 0.000000e+00 4.656613e-10 9.313226e-10 0.000000e+00 4.656613e-10]) 	 loss 5.777E-04 	 horizons 9.0
step 17550 	 return [0.         0.         0.         0.         0.00481181 0.00467693
 0.00571567 0.00876376 0.00832989 0.00479681], ([0.000000e+00 0.000000e+00 0.000000e+00 0.000000e+00 4.656613e-10
 0.000000e+00 4.656613e-10 9.313226e-10 0.000000e+00 4.656613e-10]) 	 loss 5.435E-04 	 horizons 9.0
step 17640 	 return [0.         0.00339464 0.00018119 0.0079757  0.00666965 0.00324119
 0.0027019  0.         0.         0.        ], ([0.0000000e+00 2.1308754e-04 5.4357765e-04 3.9387489e-04 5.5220811e-05
 2.4137087e-06 2.6551072e-06 0.0000000e+00 0.0000000e+00 0.0000000e+00]) 	 loss 5.511E-04 	 horizons 9.0
step 17730 	 return [0.00084618 0.00145376 0.00199147 0.00128569 0.00667109 0.00286733
 0.0013017  0.0042296  0.         0.        ], ([0.00055395 0.00227272 0.00099655 0.00199293 0.00074393 0.00187711
 0.00053716 0.00169058 0.         0.        ]) 	 loss 1.462E-03 	 horizons 9.0
step 17820 	 return [0.         0.00384143 0.00161056 0.00494764 0.00788173 0.
 0.00197193 0.00099509 0.00233848 0.        ], ([0.0000000e+00 5.4296158e-04 5.3685217e-04 7.4859337e-05 1.2173596e-05
 0.0000000e+00 5.1765513e-05 2.1885635e-04 7.7949493e-04 0.0000000e+00]) 	 loss 8.339E-04 	 horizons 9.0
step 17910 	 return [0.         0.00366044 0.00178951 0.00497259 0.00787768 0.
 0.00195467 0.00092214 0.00259832 0.        ], ([0.0000000e+00 4.6566129e-10 1.1641532e-10 4.6566129e-10 9.3132257e-10
 0.0000000e+00 2.3283064e-10 0.0000000e+00 2.3283064e-10 0.0000000e+00]) 	 loss 5.935E-04 	 horizons 9.0
step 18000 	 return [0.         0.         0.         0.         0.00481181 0.00467693
 0.00571567 0.00876376 0.00832989 0.00479681], ([0.000000e+00 0.000000e+00 0.000000e+00 0.000000e+00 4.656613e-10
 0.000000e+00 4.656613e-10 9.313226e-10 0.000000e+00 4.656613e-10]) 	 loss 5.846E-04 	 horizons 9.0
step 18090 	 return [0.         0.         0.         0.00381881 0.01268286 0.01522415
 0.00117993 0.00561205 0.         0.        ], ([0.0000000e+00 0.0000000e+00 0.0000000e+00 0.0000000e+00 9.3132257e-10
 0.0000000e+00 1.1641532e-10 4.6566129e-10 0.0000000e+00 0.0000000e+00]) 	 loss 4.494E-04 	 horizons 9.0
step 18180 	 return [0.         0.         0.         0.         0.00481181 0.00467693
 0.00571567 0.00876376 0.00832989 0.00479681], ([0.000000e+00 0.000000e+00 0.000000e+00 0.000000e+00 4.656613e-10
 0.000000e+00 4.656613e-10 9.313226e-10 0.000000e+00 4.656613e-10]) 	 loss 2.895E-04 	 horizons 9.0
step 18270 	 return [0.         0.00366044 0.00178951 0.00497259 0.00787768 0.
 0.00195467 0.00092214 0.00259832 0.        ], ([0.0000000e+00 4.6566129e-10 1.1641532e-10 4.6566129e-10 9.3132257e-10
 0.0000000e+00 2.3283064e-10 0.0000000e+00 2.3283064e-10 0.0000000e+00]) 	 loss 3.247E-04 	 horizons 9.0
step 18360 	 return [0.         0.0036138  0.00177151 0.00784106 0.0052029  0.
 0.00194386 0.0009066  0.0025314  0.        ], ([0.0000000e+00 0.0000000e+00 1.1641532e-10 9.3132257e-10 0.0000000e+00
 0.0000000e+00 1.1641532e-10 0.0000000e+00 0.0000000e+00 0.0000000e+00]) 	 loss 2.853E-04 	 horizons 9.0
step 18450 	 return [0.         0.0036138  0.00177151 0.00784106 0.0052029  0.
 0.00194386 0.0009066  0.0025314  0.        ], ([0.0000000e+00 0.0000000e+00 1.1641532e-10 9.3132257e-10 0.0000000e+00
 0.0000000e+00 1.1641532e-10 0.0000000e+00 0.0000000e+00 0.0000000e+00]) 	 loss 2.791E-04 	 horizons 9.0
step 18540 	 return [0.         0.         0.         0.00381881 0.01268286 0.01522415
 0.00117993 0.00561205 0.         0.        ], ([0.0000000e+00 0.0000000e+00 0.0000000e+00 0.0000000e+00 9.3132257e-10
 0.0000000e+00 1.1641532e-10 4.6566129e-10 0.0000000e+00 0.0000000e+00]) 	 loss 2.747E-04 	 horizons 9.0
step 18630 	 return [0.         0.00392253 0.00276231 0.00677413 0.00723258 0.
 0.00070518 0.00088162 0.00242276 0.        ], ([0.0000000e+00 4.6566129e-10 2.3283064e-10 9.3132257e-10 0.0000000e+00
 0.0000000e+00 0.0000000e+00 0.0000000e+00 2.3283064e-10 0.0000000e+00]) 	 loss 1.801E-04 	 horizons 9.0
step 18720 	 return [0.         0.         0.00298234 0.00925239 0.0075534  0.
 0.00070788 0.00088729 0.00244763 0.        ], ([0.0000000e+00 0.0000000e+00 1.0240032e-05 9.1382320e-04 7.3354592e-04
 0.0000000e+00 6.1783356e-07 1.4142191e-06 7.5194052e-06 0.0000000e+00]) 	 loss 2.375E-04 	 horizons 9.0
step 18810 	 return [0.         0.00392253 0.00276231 0.00677413 0.00723258 0.
 0.00070518 0.00088162 0.00242276 0.        ], ([0.0000000e+00 4.6566129e-10 2.3283064e-10 9.3132257e-10 0.0000000e+00
 0.0000000e+00 0.0000000e+00 0.0000000e+00 2.3283064e-10 0.0000000e+00]) 	 loss 6.511E-04 	 horizons 9.0
step 18900 	 return [0.         0.         0.         0.00381881 0.01268286 0.01522415
 0.00117993 0.00561205 0.         0.        ], ([0.0000000e+00 0.0000000e+00 0.0000000e+00 0.0000000e+00 9.3132257e-10
 0.0000000e+00 1.1641532e-10 4.6566129e-10 0.0000000e+00 0.0000000e+00]) 	 loss 3.322E-04 	 horizons 9.0
step 18990 	 return [0.         0.00229427 0.00242343 0.00477145 0.00482872 0.
 0.00190729 0.00086798 0.00239687 0.        ], ([0.0000000e+00 2.3283064e-10 2.3283064e-10 0.0000000e+00 0.0000000e+00
 0.0000000e+00 1.1641532e-10 0.0000000e+00 2.3283064e-10 0.0000000e+00]) 	 loss 3.690E-04 	 horizons 9.0
step 19080 	 return [0.         0.00366044 0.00178951 0.00497259 0.00787768 0.
 0.00195467 0.00092214 0.00259832 0.        ], ([0.0000000e+00 4.6566129e-10 1.1641532e-10 4.6566129e-10 9.3132257e-10
 0.0000000e+00 2.3283064e-10 0.0000000e+00 2.3283064e-10 0.0000000e+00]) 	 loss 2.639E-04 	 horizons 9.0
step 19170 	 return [0.         0.00486909 0.00036146 0.00574025 0.00796178 0.
 0.0021334  0.00165902 0.         0.        ], ([0.0000000e+00 9.3294168e-04 7.2291051e-04 1.5561985e-03 6.8403759e-05
 0.0000000e+00 9.6498215e-06 1.1390093e-05 0.0000000e+00 0.0000000e+00]) 	 loss 2.254E-04 	 horizons 9.0
step 19260 	 return [0.00120883 0.         0.00250633 0.         0.00618787 0.00409618
 0.00095005 0.00533634 0.         0.        ], ([0.0000000e+00 0.0000000e+00 2.3283064e-10 0.0000000e+00 4.6566129e-10
 4.6566129e-10 0.0000000e+00 4.6566129e-10 0.0000000e+00 0.0000000e+00]) 	 loss 5.785E-04 	 horizons 9.0
step 19350 	 return [0.         0.         0.         0.         0.00481181 0.00467693
 0.00571567 0.00876376 0.00832989 0.00479681], ([0.000000e+00 0.000000e+00 0.000000e+00 0.000000e+00 4.656613e-10
 0.000000e+00 4.656613e-10 9.313226e-10 0.000000e+00 4.656613e-10]) 	 loss 5.198E-04 	 horizons 9.0
step 19440 	 return [0.         0.00366044 0.00178951 0.00497259 0.00787768 0.
 0.00195467 0.00092214 0.00259832 0.        ], ([0.0000000e+00 4.6566129e-10 1.1641532e-10 4.6566129e-10 9.3132257e-10
 0.0000000e+00 2.3283064e-10 0.0000000e+00 2.3283064e-10 0.0000000e+00]) 	 loss 2.258E-04 	 horizons 9.0
step 19530 	 return [0.         0.00366044 0.00178951 0.00497259 0.00787768 0.
 0.00195467 0.00092214 0.00259832 0.        ], ([0.0000000e+00 4.6566129e-10 1.1641532e-10 4.6566129e-10 9.3132257e-10
 0.0000000e+00 2.3283064e-10 0.0000000e+00 2.3283064e-10 0.0000000e+00]) 	 loss 3.003E-04 	 horizons 9.0
step 19620 	 return [0.         0.00366044 0.00178951 0.00497259 0.00787768 0.
 0.00195467 0.00092214 0.00259832 0.        ], ([0.0000000e+00 4.6566129e-10 1.1641532e-10 4.6566129e-10 9.3132257e-10
 0.0000000e+00 2.3283064e-10 0.0000000e+00 2.3283064e-10 0.0000000e+00]) 	 loss 1.371E-04 	 horizons 9.0
step 19710 	 return [0.         0.00172032 0.00289012 0.00811989 0.00729947 0.
 0.00070702 0.00088562 0.00244105 0.        ], ([0.0000000e+00 0.0000000e+00 2.3283064e-10 9.3132257e-10 0.0000000e+00
 0.0000000e+00 5.8207661e-11 0.0000000e+00 2.3283064e-10 0.0000000e+00]) 	 loss 3.739E-04 	 horizons 9.0
step 19800 	 return [0.         0.         0.         0.00381881 0.01268286 0.01522415
 0.00117993 0.00561205 0.         0.        ], ([0.0000000e+00 0.0000000e+00 0.0000000e+00 0.0000000e+00 9.3132257e-10
 0.0000000e+00 1.1641532e-10 4.6566129e-10 0.0000000e+00 0.0000000e+00]) 	 loss 2.159E-04 	 horizons 9.0
step 19890 	 return [0.         0.00393262 0.00276689 0.00680595 0.00634394 0.
 0.00082958 0.00083028 0.00252395 0.        ], ([0.0000000e+00 3.3635181e-06 1.5272528e-06 1.0603947e-05 2.9621294e-04
 0.0000000e+00 4.1467767e-05 1.7113714e-05 3.3729961e-05 0.0000000e+00]) 	 loss 2.099E-04 	 horizons 9.0
step 19980 	 return [0.         0.         0.         0.         0.00481181 0.00467693
 0.00571567 0.00876376 0.00832989 0.00479681], ([0.000000e+00 0.000000e+00 0.000000e+00 0.000000e+00 4.656613e-10
 0.000000e+00 4.656613e-10 9.313226e-10 0.000000e+00 4.656613e-10]) 	 loss 4.394E-04 	 horizons 9.0
step 20070 	 return [0.         0.00392253 0.00276231 0.00677413 0.00723258 0.
 0.00070518 0.00088162 0.00242276 0.        ], ([0.0000000e+00 4.6566129e-10 2.3283064e-10 9.3132257e-10 0.0000000e+00
 0.0000000e+00 0.0000000e+00 0.0000000e+00 2.3283064e-10 0.0000000e+00]) 	 loss 4.004E-04 	 horizons 9.0
step 20160 	 return [0.         0.00172032 0.00289012 0.00811989 0.00729947 0.
 0.00070702 0.00088562 0.00244105 0.        ], ([0.0000000e+00 0.0000000e+00 2.3283064e-10 9.3132257e-10 0.0000000e+00
 0.0000000e+00 5.8207661e-11 0.0000000e+00 2.3283064e-10 0.0000000e+00]) 	 loss 5.038E-04 	 horizons 9.0
step 20250 	 return [0.         0.0036138  0.00177151 0.00784106 0.0052029  0.
 0.00194386 0.0009066  0.0025314  0.        ], ([0.0000000e+00 0.0000000e+00 1.1641532e-10 9.3132257e-10 0.0000000e+00
 0.0000000e+00 1.1641532e-10 0.0000000e+00 0.0000000e+00 0.0000000e+00]) 	 loss 4.775E-04 	 horizons 9.0
step 20340 	 return [0.         0.         0.         0.00381881 0.01268286 0.01522415
 0.00117993 0.00561205 0.         0.        ], ([0.0000000e+00 0.0000000e+00 0.0000000e+00 0.0000000e+00 9.3132257e-10
 0.0000000e+00 1.1641532e-10 4.6566129e-10 0.0000000e+00 0.0000000e+00]) 	 loss 4.757E-04 	 horizons 9.0
step 20430 	 return [0.         0.00172032 0.00289012 0.00811989 0.00729947 0.
 0.00070702 0.00088562 0.00244105 0.        ], ([0.0000000e+00 0.0000000e+00 2.3283064e-10 9.3132257e-10 0.0000000e+00
 0.0000000e+00 5.8207661e-11 0.0000000e+00 2.3283064e-10 0.0000000e+00]) 	 loss 4.355E-04 	 horizons 9.0
step 20520 	 return [0.         0.         0.         0.         0.00481181 0.00467693
 0.00571567 0.00876376 0.00832989 0.00479681], ([0.000000e+00 0.000000e+00 0.000000e+00 0.000000e+00 4.656613e-10
 0.000000e+00 4.656613e-10 9.313226e-10 0.000000e+00 4.656613e-10]) 	 loss 3.427E-04 	 horizons 9.0
step 20610 	 return [0.         0.         0.         0.         0.00481181 0.00467693
 0.00571567 0.00876376 0.00832989 0.00479681], ([0.000000e+00 0.000000e+00 0.000000e+00 0.000000e+00 4.656613e-10
 0.000000e+00 4.656613e-10 9.313226e-10 0.000000e+00 4.656613e-10]) 	 loss 4.128E-04 	 horizons 9.0
step 20700 	 return [0.00120883 0.         0.00250633 0.         0.00618787 0.00409618
 0.00095005 0.00533634 0.         0.        ], ([0.0000000e+00 0.0000000e+00 2.3283064e-10 0.0000000e+00 4.6566129e-10
 4.6566129e-10 0.0000000e+00 4.6566129e-10 0.0000000e+00 0.0000000e+00]) 	 loss 3.644E-04 	 horizons 9.0
step 20790 	 return [0.         0.00392253 0.00276231 0.00677413 0.00723258 0.
 0.00070518 0.00088162 0.00242276 0.        ], ([0.0000000e+00 4.6566129e-10 2.3283064e-10 9.3132257e-10 0.0000000e+00
 0.0000000e+00 0.0000000e+00 0.0000000e+00 2.3283064e-10 0.0000000e+00]) 	 loss 3.381E-04 	 horizons 9.0
step 20880 	 return [0.         0.00366044 0.00178951 0.00497259 0.00787768 0.
 0.00195467 0.00092214 0.00259832 0.        ], ([0.0000000e+00 4.6566129e-10 1.1641532e-10 4.6566129e-10 9.3132257e-10
 0.0000000e+00 2.3283064e-10 0.0000000e+00 2.3283064e-10 0.0000000e+00]) 	 loss 4.301E-04 	 horizons 9.0
step 20970 	 return [0.         0.         0.         0.00381881 0.01268286 0.01522415
 0.00117993 0.00561205 0.         0.        ], ([0.0000000e+00 0.0000000e+00 0.0000000e+00 0.0000000e+00 9.3132257e-10
 0.0000000e+00 1.1641532e-10 4.6566129e-10 0.0000000e+00 0.0000000e+00]) 	 loss 3.460E-04 	 horizons 9.0
step 21060 	 return [0.         0.00392365 0.00276282 0.00677767 0.00713384 0.
 0.000719   0.00087592 0.002434   0.        ], ([0.0000000e+00 3.3635181e-06 1.5272526e-06 1.0603946e-05 2.9621297e-04
 0.0000000e+00 4.1467771e-05 1.7113714e-05 3.3729964e-05 0.0000000e+00]) 	 loss 3.245E-04 	 horizons 9.0
step 21150 	 return [0.         0.00229427 0.00242343 0.00477145 0.00482872 0.
 0.00190729 0.00086798 0.00239687 0.        ], ([0.0000000e+00 2.3283064e-10 2.3283064e-10 0.0000000e+00 0.0000000e+00
 0.0000000e+00 1.1641532e-10 0.0000000e+00 2.3283064e-10 0.0000000e+00]) 	 loss 4.277E-04 	 horizons 9.0
step 21240 	 return [0.         0.0036138  0.00177151 0.00784106 0.0052029  0.
 0.00194386 0.0009066  0.0025314  0.        ], ([0.0000000e+00 0.0000000e+00 1.1641532e-10 9.3132257e-10 0.0000000e+00
 0.0000000e+00 1.1641532e-10 0.0000000e+00 0.0000000e+00 0.0000000e+00]) 	 loss 2.973E-04 	 horizons 9.0
step 21330 	 return [0.         0.00393374 0.0027674  0.00680948 0.0062452  0.
 0.0008434  0.00082458 0.00253519 0.        ], ([0.0000000e+00 0.0000000e+00 2.3283064e-10 0.0000000e+00 0.0000000e+00
 0.0000000e+00 5.8207661e-11 0.0000000e+00 2.3283064e-10 0.0000000e+00]) 	 loss 2.916E-04 	 horizons 9.0
step 21420 	 return [0.         0.         0.         0.00381881 0.01268286 0.01522415
 0.00117993 0.00561205 0.         0.        ], ([0.0000000e+00 0.0000000e+00 0.0000000e+00 0.0000000e+00 9.3132257e-10
 0.0000000e+00 1.1641532e-10 4.6566129e-10 0.0000000e+00 0.0000000e+00]) 	 loss 5.100E-04 	 horizons 9.0
step 21510 	 return [0.         0.00366044 0.00178951 0.00497259 0.00787768 0.
 0.00195467 0.00092214 0.00259832 0.        ], ([0.0000000e+00 4.6566129e-10 1.1641532e-10 4.6566129e-10 9.3132257e-10
 0.0000000e+00 2.3283064e-10 0.0000000e+00 2.3283064e-10 0.0000000e+00]) 	 loss 4.858E-04 	 horizons 9.0
step 21600 	 return [0.         0.         0.         0.00381881 0.01268286 0.01522415
 0.00117993 0.00561205 0.         0.        ], ([0.0000000e+00 0.0000000e+00 0.0000000e+00 0.0000000e+00 9.3132257e-10
 0.0000000e+00 1.1641532e-10 4.6566129e-10 0.0000000e+00 0.0000000e+00]) 	 loss 3.722E-04 	 horizons 9.0
step 21690 	 return [0.         0.00220365 0.00233728 0.00489586 0.00485456 0.
 0.00190937 0.0008704  0.00240591 0.        ], ([0.0000000e+00 2.7185044e-04 2.5842752e-04 3.7322895e-04 7.7541270e-05
 0.0000000e+00 6.2424924e-06 7.2742700e-06 2.7110988e-05 0.0000000e+00]) 	 loss 4.111E-04 	 horizons 9.0
step 21780 	 return [0.         0.         0.         0.         0.00481181 0.00467693
 0.00571567 0.00876376 0.00832989 0.00479681], ([0.000000e+00 0.000000e+00 0.000000e+00 0.000000e+00 4.656613e-10
 0.000000e+00 4.656613e-10 9.313226e-10 0.000000e+00 4.656613e-10]) 	 loss 4.737E-04 	 horizons 9.0
step 21870 	 return [0.         0.00366044 0.00178951 0.00497259 0.00787768 0.
 0.00195467 0.00092214 0.00259832 0.        ], ([0.0000000e+00 4.6566129e-10 1.1641532e-10 4.6566129e-10 9.3132257e-10
 0.0000000e+00 2.3283064e-10 0.0000000e+00 2.3283064e-10 0.0000000e+00]) 	 loss 3.192E-04 	 horizons 9.0
step 21960 	 return [0.         0.00172032 0.00289012 0.00811989 0.00729947 0.
 0.00070702 0.00088562 0.00244105 0.        ], ([0.0000000e+00 0.0000000e+00 2.3283064e-10 9.3132257e-10 0.0000000e+00
 0.0000000e+00 5.8207661e-11 0.0000000e+00 2.3283064e-10 0.0000000e+00]) 	 loss 3.671E-04 	 horizons 9.0
step 22050 	 return [0.         0.00172032 0.00289012 0.00811989 0.00729947 0.
 0.00070702 0.00088562 0.00244105 0.        ], ([0.0000000e+00 0.0000000e+00 2.3283064e-10 9.3132257e-10 0.0000000e+00
 0.0000000e+00 5.8207661e-11 0.0000000e+00 2.3283064e-10 0.0000000e+00]) 	 loss 2.820E-04 	 horizons 9.0
step 22140 	 return [0.         0.00392365 0.00276282 0.00677767 0.00713384 0.
 0.000719   0.00087592 0.002434   0.        ], ([0.0000000e+00 3.3635181e-06 1.5272526e-06 1.0603946e-05 2.9621297e-04
 0.0000000e+00 4.1467771e-05 1.7113714e-05 3.3729964e-05 0.0000000e+00]) 	 loss 2.402E-04 	 horizons 9.0
step 22230 	 return [0.         0.         0.         0.00381881 0.01268286 0.01522415
 0.00117993 0.00561205 0.         0.        ], ([0.0000000e+00 0.0000000e+00 0.0000000e+00 0.0000000e+00 9.3132257e-10
 0.0000000e+00 1.1641532e-10 4.6566129e-10 0.0000000e+00 0.0000000e+00]) 	 loss 2.535E-04 	 horizons 9.0
step 22320 	 return [0.00120883 0.         0.00250633 0.         0.00618787 0.00409618
 0.00095005 0.00533634 0.         0.        ], ([0.0000000e+00 0.0000000e+00 2.3283064e-10 0.0000000e+00 4.6566129e-10
 4.6566129e-10 0.0000000e+00 4.6566129e-10 0.0000000e+00 0.0000000e+00]) 	 loss 2.912E-04 	 horizons 9.0
step 22410 	 return [0.         0.0036138  0.00177151 0.00784106 0.0052029  0.
 0.00194386 0.0009066  0.0025314  0.        ], ([0.0000000e+00 0.0000000e+00 1.1641532e-10 9.3132257e-10 0.0000000e+00
 0.0000000e+00 1.1641532e-10 0.0000000e+00 0.0000000e+00 0.0000000e+00]) 	 loss 3.321E-04 	 horizons 9.0
step 22500 	 return [0.         0.         0.00200613 0.00773754 0.00795399 0.
 0.00196162 0.00092961 0.00262069 0.        ], ([0.0000000e+00 0.0000000e+00 2.3283064e-10 4.6566129e-10 9.3132257e-10
 0.0000000e+00 2.3283064e-10 1.1641532e-10 2.3283064e-10 0.0000000e+00]) 	 loss 2.555E-04 	 horizons 9.0
step 22590 	 return [0.         0.         0.00200613 0.00773754 0.00795399 0.
 0.00196162 0.00092961 0.00262069 0.        ], ([0.0000000e+00 0.0000000e+00 2.3283064e-10 4.6566129e-10 9.3132257e-10
 0.0000000e+00 2.3283064e-10 1.1641532e-10 2.3283064e-10 0.0000000e+00]) 	 loss 2.901E-04 	 horizons 9.0
step 22680 	 return [0.         0.0036138  0.00177151 0.00784106 0.0052029  0.
 0.00194386 0.0009066  0.0025314  0.        ], ([0.0000000e+00 0.0000000e+00 1.1641532e-10 9.3132257e-10 0.0000000e+00
 0.0000000e+00 1.1641532e-10 0.0000000e+00 0.0000000e+00 0.0000000e+00]) 	 loss 2.733E-04 	 horizons 9.0
step 22770 	 return [0.         0.00229427 0.00242343 0.00477145 0.00482872 0.
 0.00190729 0.00086798 0.00239687 0.        ], ([0.0000000e+00 2.3283064e-10 2.3283064e-10 0.0000000e+00 0.0000000e+00
 0.0000000e+00 1.1641532e-10 0.0000000e+00 2.3283064e-10 0.0000000e+00]) 	 loss 2.586E-04 	 horizons 9.0
step 22860 	 return [0.         0.00172032 0.00289012 0.00811989 0.00729947 0.
 0.00070702 0.00088562 0.00244105 0.        ], ([0.0000000e+00 0.0000000e+00 2.3283064e-10 9.3132257e-10 0.0000000e+00
 0.0000000e+00 5.8207661e-11 0.0000000e+00 2.3283064e-10 0.0000000e+00]) 	 loss 2.504E-04 	 horizons 9.0
step 22950 	 return [0.         0.00393374 0.0027674  0.00680948 0.0062452  0.
 0.0008434  0.00082458 0.00253519 0.        ], ([0.0000000e+00 0.0000000e+00 2.3283064e-10 0.0000000e+00 0.0000000e+00
 0.0000000e+00 5.8207661e-11 0.0000000e+00 2.3283064e-10 0.0000000e+00]) 	 loss 2.607E-04 	 horizons 9.0
step 23040 	 return [0.         0.00220365 0.00233728 0.00489586 0.00485456 0.
 0.00190937 0.0008704  0.00240591 0.        ], ([0.0000000e+00 2.7185044e-04 2.5842746e-04 3.7322895e-04 7.7541270e-05
 0.0000000e+00 6.2424924e-06 7.2742710e-06 2.7110989e-05 0.0000000e+00]) 	 loss 2.972E-04 	 horizons 9.0
step 23130 	 return [0.         0.00393374 0.0027674  0.00680948 0.0062452  0.
 0.0008434  0.00082458 0.00253519 0.        ], ([0.0000000e+00 0.0000000e+00 2.3283064e-10 0.0000000e+00 0.0000000e+00
 0.0000000e+00 5.8207661e-11 0.0000000e+00 2.3283064e-10 0.0000000e+00]) 	 loss 2.746E-04 	 horizons 9.0
step 23220 	 return [0.         0.00366044 0.00178951 0.00497259 0.00787768 0.
 0.00195467 0.00092214 0.00259832 0.        ], ([0.0000000e+00 4.6566129e-10 1.1641532e-10 4.6566129e-10 9.3132257e-10
 0.0000000e+00 2.3283064e-10 0.0000000e+00 2.3283064e-10 0.0000000e+00]) 	 loss 2.550E-04 	 horizons 9.0
step 23310 	 return [0.         0.0036138  0.00177151 0.00784106 0.0052029  0.
 0.00194386 0.0009066  0.0025314  0.        ], ([0.0000000e+00 0.0000000e+00 1.1641532e-10 9.3132257e-10 0.0000000e+00
 0.0000000e+00 1.1641532e-10 0.0000000e+00 0.0000000e+00 0.0000000e+00]) 	 loss 2.319E-04 	 horizons 9.0
step 23400 	 return [0.         0.         0.         0.00381881 0.01268286 0.01522415
 0.00117993 0.00561205 0.         0.        ], ([0.0000000e+00 0.0000000e+00 0.0000000e+00 0.0000000e+00 9.3132257e-10
 0.0000000e+00 1.1641532e-10 4.6566129e-10 0.0000000e+00 0.0000000e+00]) 	 loss 2.507E-04 	 horizons 9.0
step 23490 	 return [0.         0.0026012  0.002839   0.00758159 0.00727271 0.
 0.00070628 0.00088402 0.00243373 0.        ], ([0.0000000e+00 1.0788573e-03 6.2615822e-05 6.5928418e-04 3.2771743e-05
 0.0000000e+00 9.0400829e-07 1.9576676e-06 8.9617215e-06 0.0000000e+00]) 	 loss 1.530E-04 	 horizons 9.0
step 23580 	 return [0.         0.00172032 0.00289012 0.00811989 0.00729947 0.
 0.00070702 0.00088562 0.00244105 0.        ], ([0.0000000e+00 0.0000000e+00 2.3283064e-10 9.3132257e-10 0.0000000e+00
 0.0000000e+00 5.8207661e-11 0.0000000e+00 2.3283064e-10 0.0000000e+00]) 	 loss 2.139E-04 	 horizons 9.0
step 23670 	 return [0.         0.00392253 0.00276231 0.00677413 0.00723258 0.
 0.00070518 0.00088162 0.00242276 0.        ], ([0.0000000e+00 4.6566129e-10 2.3283064e-10 9.3132257e-10 0.0000000e+00
 0.0000000e+00 0.0000000e+00 0.0000000e+00 2.3283064e-10 0.0000000e+00]) 	 loss 2.154E-04 	 horizons 9.0
step 23760 	 return [0.         0.         0.         0.         0.00481181 0.00467693
 0.00571567 0.00876376 0.00832989 0.00479681], ([0.000000e+00 0.000000e+00 0.000000e+00 0.000000e+00 4.656613e-10
 0.000000e+00 4.656613e-10 9.313226e-10 0.000000e+00 4.656613e-10]) 	 loss 2.944E-04 	 horizons 9.0
step 23850 	 return [0.         0.00393374 0.0027674  0.00680948 0.0062452  0.
 0.0008434  0.00082458 0.00253519 0.        ], ([0.0000000e+00 0.0000000e+00 2.3283064e-10 0.0000000e+00 0.0000000e+00
 0.0000000e+00 5.8207661e-11 0.0000000e+00 2.3283064e-10 0.0000000e+00]) 	 loss 3.267E-04 	 horizons 9.0
step 23940 	 return [0.         0.00366044 0.00178951 0.00497259 0.00787768 0.
 0.00195467 0.00092214 0.00259832 0.        ], ([0.0000000e+00 4.6566129e-10 1.1641532e-10 4.6566129e-10 9.3132257e-10
 0.0000000e+00 2.3283064e-10 0.0000000e+00 2.3283064e-10 0.0000000e+00]) 	 loss 2.811E-04 	 horizons 9.0
step 24030 	 return [0.         0.00307682 0.00220668 0.00782293 0.00593579 0.
 0.00146311 0.00089229 0.00250467 0.        ], ([0.0000000e+00 8.9220813e-04 5.3415715e-04 3.7391216e-04 9.3610707e-04
 0.0000000e+00 5.9009122e-04 2.2913520e-05 4.6340097e-05 0.0000000e+00]) 	 loss 3.445E-04 	 horizons 9.0
step 24120 	 return [0.         0.         0.         0.00381881 0.01268286 0.01522415
 0.00117993 0.00561205 0.         0.        ], ([0.0000000e+00 0.0000000e+00 0.0000000e+00 0.0000000e+00 9.3132257e-10
 0.0000000e+00 1.1641532e-10 4.6566129e-10 0.0000000e+00 0.0000000e+00]) 	 loss 3.053E-04 	 horizons 9.0
step 24210 	 return [0.         0.00392253 0.00276231 0.00677413 0.00723258 0.
 0.00070518 0.00088162 0.00242276 0.        ], ([0.0000000e+00 4.6566129e-10 2.3283064e-10 9.3132257e-10 0.0000000e+00
 0.0000000e+00 0.0000000e+00 0.0000000e+00 2.3283064e-10 0.0000000e+00]) 	 loss 2.534E-04 	 horizons 9.0
step 24300 	 return [0.         0.00366044 0.00178951 0.00497259 0.00787768 0.
 0.00195467 0.00092214 0.00259832 0.        ], ([0.0000000e+00 4.6566129e-10 1.1641532e-10 4.6566129e-10 9.3132257e-10
 0.0000000e+00 2.3283064e-10 0.0000000e+00 2.3283064e-10 0.0000000e+00]) 	 loss 2.603E-04 	 horizons 9.0
step 24390 	 return [0.         0.         0.00200574 0.00773606 0.00791684 0.
 0.00183879 0.00100591 0.0026143  0.        ], ([0.00000000e+00 0.00000000e+00 1.16257002e-06 4.45120941e-06
 1.11434056e-04 0.00000000e+00 3.68479232e-04 2.28874982e-04
 1.91460822e-05 0.00000000e+00]) 	 loss 2.620E-04 	 horizons 9.0
step 24480 	 return [0.         0.00172032 0.00289012 0.00811989 0.00729947 0.
 0.00070702 0.00088562 0.00244105 0.        ], ([0.0000000e+00 0.0000000e+00 2.3283064e-10 9.3132257e-10 0.0000000e+00
 0.0000000e+00 5.8207661e-11 0.0000000e+00 2.3283064e-10 0.0000000e+00]) 	 loss 2.589E-04 	 horizons 9.0
step 24570 	 return [0.         0.         0.         0.00343693 0.01276502 0.01522769
 0.00118014 0.00561327 0.         0.        ], ([0.0000000e+00 0.0000000e+00 0.0000000e+00 1.1456418e-03 2.4648971e-04
 1.0647811e-05 6.2312466e-07 3.6841259e-06 0.0000000e+00 0.0000000e+00]) 	 loss 2.215E-04 	 horizons 9.0
step 24660 	 return [0.         0.00366044 0.00178951 0.00497259 0.00787768 0.
 0.00195467 0.00092214 0.00259832 0.        ], ([0.0000000e+00 4.6566129e-10 1.1641532e-10 4.6566129e-10 9.3132257e-10
 0.0000000e+00 2.3283064e-10 0.0000000e+00 2.3283064e-10 0.0000000e+00]) 	 loss 7.592E-03 	 horizons 9.0
step 24750 	 return [0.         0.00247887 0.00244573 0.00803784 0.00586658 0.
 0.00128675 0.00086093 0.00254465 0.        ], ([0.0000000e+00 9.2666456e-04 5.5050105e-04 1.6067087e-04 5.4188806e-04
 0.0000000e+00 5.3653272e-04 3.7284739e-05 1.0819127e-05 0.0000000e+00]) 	 loss 3.763E-04 	 horizons 9.0
step 24840 	 return [0.         0.00392813 0.00276485 0.00679181 0.00673889 0.
 0.00077429 0.0008531  0.00247897 0.        ], ([0.0000000e+00 5.6058634e-06 2.5454210e-06 1.7673243e-05 4.9368833e-04
 0.0000000e+00 6.9112953e-05 2.8522860e-05 5.6216606e-05 0.0000000e+00]) 	 loss 2.761E-03 	 horizons 9.0
step 24930 	 return [0.         0.00235108 0.00275524 0.00784743 0.00658121 0.
 0.00090116 0.00085935 0.00250264 0.        ], ([0.0000000e+00 9.6468528e-04 3.3199077e-04 5.4493762e-04 6.4424443e-04
 0.0000000e+00 3.5400604e-04 2.9611982e-05 5.8396483e-05 0.0000000e+00]) 	 loss 2.659E-03 	 horizons 9.0
step 25020 	 return [0.         0.         0.         0.         0.00481181 0.00467693
 0.00571567 0.00876376 0.00832989 0.00479681], ([0.000000e+00 0.000000e+00 0.000000e+00 0.000000e+00 4.656613e-10
 0.000000e+00 4.656613e-10 9.313226e-10 0.000000e+00 4.656613e-10]) 	 loss 3.193E-03 	 horizons 9.0
step 25110 	 return [0.         0.         0.         0.         0.00481181 0.00467693
 0.00571567 0.00876376 0.00832989 0.00479681], ([0.000000e+00 0.000000e+00 0.000000e+00 0.000000e+00 4.656613e-10
 0.000000e+00 4.656613e-10 9.313226e-10 0.000000e+00 4.656613e-10]) 	 loss 3.001E-03 	 horizons 9.0
step 25200 	 return [0.         0.00229427 0.00242343 0.00477145 0.00482872 0.
 0.00190729 0.00086798 0.00239687 0.        ], ([0.0000000e+00 2.3283064e-10 2.3283064e-10 0.0000000e+00 0.0000000e+00
 0.0000000e+00 1.1641532e-10 0.0000000e+00 2.3283064e-10 0.0000000e+00]) 	 loss 2.566E-03 	 horizons 9.0
step 25290 	 return [0.         0.         0.         0.         0.00481181 0.00467693
 0.00571567 0.00876376 0.00832989 0.00479681], ([0.000000e+00 0.000000e+00 0.000000e+00 0.000000e+00 4.656613e-10
 0.000000e+00 4.656613e-10 9.313226e-10 0.000000e+00 4.656613e-10]) 	 loss 4.792E-04 	 horizons 9.0
step 25380 	 return [0.         0.00393374 0.0027674  0.00680948 0.0062452  0.
 0.0008434  0.00082458 0.00253519 0.        ], ([0.0000000e+00 0.0000000e+00 2.3283064e-10 0.0000000e+00 0.0000000e+00
 0.0000000e+00 5.8207661e-11 0.0000000e+00 2.3283064e-10 0.0000000e+00]) 	 loss 2.713E-04 	 horizons 9.0
step 25470 	 return [0.         0.         0.         0.         0.00481181 0.00467693
 0.00571567 0.00876376 0.00832989 0.00479681], ([0.000000e+00 0.000000e+00 0.000000e+00 0.000000e+00 4.656613e-10
 0.000000e+00 4.656613e-10 9.313226e-10 0.000000e+00 4.656613e-10]) 	 loss 2.012E-04 	 horizons 9.0
step 25560 	 return [0.         0.0036138  0.00177151 0.00784106 0.0052029  0.
 0.00194386 0.0009066  0.0025314  0.        ], ([0.0000000e+00 0.0000000e+00 1.1641532e-10 9.3132257e-10 0.0000000e+00
 0.0000000e+00 1.1641532e-10 0.0000000e+00 0.0000000e+00 0.0000000e+00]) 	 loss 1.467E-04 	 horizons 9.0
step 25650 	 return [0.         0.00366044 0.00178951 0.00497259 0.00787768 0.
 0.00195467 0.00092214 0.00259832 0.        ], ([0.0000000e+00 4.6566129e-10 1.1641532e-10 4.6566129e-10 9.3132257e-10
 0.0000000e+00 2.3283064e-10 0.0000000e+00 2.3283064e-10 0.0000000e+00]) 	 loss 1.463E-04 	 horizons 9.0
step 25740 	 return [0.         0.         0.         0.         0.00481181 0.00467693
 0.00571567 0.00876376 0.00832989 0.00479681], ([0.000000e+00 0.000000e+00 0.000000e+00 0.000000e+00 4.656613e-10
 0.000000e+00 4.656613e-10 9.313226e-10 0.000000e+00 4.656613e-10]) 	 loss 1.098E-04 	 horizons 9.0
step 25830 	 return [0.         0.00392253 0.00276231 0.00677413 0.00723258 0.
 0.00070518 0.00088162 0.00242276 0.        ], ([0.0000000e+00 4.6566129e-10 2.3283064e-10 9.3132257e-10 0.0000000e+00
 0.0000000e+00 0.0000000e+00 0.0000000e+00 2.3283064e-10 0.0000000e+00]) 	 loss 1.151E-04 	 horizons 9.0
step 25920 	 return [0.         0.00238098 0.00285178 0.00771616 0.0072794  0.
 0.00070647 0.00088442 0.00243556 0.        ], ([0.0000000e+00 1.0091787e-03 5.8571739e-05 6.1670388e-04 3.0655159e-05
 0.0000000e+00 8.4562237e-07 1.8312304e-06 8.3829236e-06 0.0000000e+00]) 	 loss 1.161E-04 	 horizons 9.0
step 26010 	 return [0.         0.00392253 0.00276231 0.00677413 0.00723258 0.
 0.00070518 0.00088162 0.00242276 0.        ], ([0.0000000e+00 4.6566129e-10 2.3283064e-10 9.3132257e-10 0.0000000e+00
 0.0000000e+00 0.0000000e+00 0.0000000e+00 2.3283064e-10 0.0000000e+00]) 	 loss 9.785E-05 	 horizons 9.0
step 26100 	 return [0.         0.00190967 0.00277826 0.00809201 0.00708981 0.
 0.00083071 0.00088772 0.00245009 0.        ], ([0.0000000e+00 5.6804501e-04 3.3558445e-04 8.3649429e-05 6.2897085e-04
 0.0000000e+00 3.7105227e-04 6.2940403e-06 2.7104628e-05 0.0000000e+00]) 	 loss 1.165E-04 	 horizons 9.0
step 26190 	 return [0.         0.         0.         0.00381881 0.01268286 0.01522415
 0.00117993 0.00561205 0.         0.        ], ([0.0000000e+00 0.0000000e+00 0.0000000e+00 0.0000000e+00 9.3132257e-10
 0.0000000e+00 1.1641532e-10 4.6566129e-10 0.0000000e+00 0.0000000e+00]) 	 loss 1.044E-04 	 horizons 9.0
step 26280 	 return [0.         0.         0.         0.00381881 0.01268286 0.01522415
 0.00117993 0.00561205 0.         0.        ], ([0.0000000e+00 0.0000000e+00 0.0000000e+00 0.0000000e+00 9.3132257e-10
 0.0000000e+00 1.1641532e-10 4.6566129e-10 0.0000000e+00 0.0000000e+00]) 	 loss 1.148E-04 	 horizons 9.0
step 26370 	 return [0.         0.00366044 0.00178951 0.00497259 0.00787768 0.
 0.00195467 0.00092214 0.00259832 0.        ], ([0.0000000e+00 4.6566129e-10 1.1641532e-10 4.6566129e-10 9.3132257e-10
 0.0000000e+00 2.3283064e-10 0.0000000e+00 2.3283064e-10 0.0000000e+00]) 	 loss 8.394E-05 	 horizons 9.0
step 26460 	 return [0.         0.0036138  0.00177151 0.00784106 0.0052029  0.
 0.00194386 0.0009066  0.0025314  0.        ], ([0.0000000e+00 0.0000000e+00 1.1641532e-10 9.3132257e-10 0.0000000e+00
 0.0000000e+00 1.1641532e-10 0.0000000e+00 0.0000000e+00 0.0000000e+00]) 	 loss 1.066E-04 	 horizons 9.0
step 26550 	 return [0.         0.00366044 0.00178951 0.00497259 0.00787768 0.
 0.00195467 0.00092214 0.00259832 0.        ], ([0.0000000e+00 4.6566129e-10 1.1641532e-10 4.6566129e-10 9.3132257e-10
 0.0000000e+00 2.3283064e-10 0.0000000e+00 2.3283064e-10 0.0000000e+00]) 	 loss 9.965E-05 	 horizons 9.0
step 26640 	 return [0.         0.00342931 0.00188568 0.00758701 0.00558099 0.
 0.00183542 0.00090054 0.0025403  0.        ], ([0.0000000e+00 5.6918833e-04 3.3655440e-04 8.7694195e-04 8.3357131e-04
 0.0000000e+00 3.2893399e-04 2.3805134e-05 2.0429012e-05 0.0000000e+00]) 	 loss 9.197E-05 	 horizons 9.0
step 26730 	 return [0.         0.00392253 0.00276231 0.00677413 0.00723258 0.
 0.00070518 0.00088162 0.00242276 0.        ], ([0.0000000e+00 4.6566129e-10 2.3283064e-10 9.3132257e-10 0.0000000e+00
 0.0000000e+00 0.0000000e+00 0.0000000e+00 2.3283064e-10 0.0000000e+00]) 	 loss 1.564E-04 	 horizons 9.0
step 26820 	 return [0.         0.00392253 0.00276231 0.00677413 0.00723258 0.
 0.00070518 0.00088162 0.00242276 0.        ], ([0.0000000e+00 4.6566129e-10 2.3283064e-10 9.3132257e-10 0.0000000e+00
 0.0000000e+00 0.0000000e+00 0.0000000e+00 2.3283064e-10 0.0000000e+00]) 	 loss 1.316E-04 	 horizons 9.0
step 26910 	 return [0.         0.00392253 0.00276231 0.00677413 0.00723258 0.
 0.00070518 0.00088162 0.00242276 0.        ], ([0.0000000e+00 4.6566129e-10 2.3283064e-10 9.3132257e-10 0.0000000e+00
 0.0000000e+00 0.0000000e+00 0.0000000e+00 2.3283064e-10 0.0000000e+00]) 	 loss 9.941E-05 	 horizons 9.0
step 27000 	 return [0.         0.00392253 0.00276231 0.00677413 0.00723258 0.
 0.00070518 0.00088162 0.00242276 0.        ], ([0.0000000e+00 4.6566129e-10 2.3283064e-10 9.3132257e-10 0.0000000e+00
 0.0000000e+00 0.0000000e+00 0.0000000e+00 2.3283064e-10 0.0000000e+00]) 	 loss 1.224E-04 	 horizons 9.0
step 27090 	 return [0.         0.00392253 0.00276231 0.00677413 0.00723258 0.
 0.00070518 0.00088162 0.00242276 0.        ], ([0.0000000e+00 4.6566129e-10 2.3283064e-10 9.3132257e-10 0.0000000e+00
 0.0000000e+00 0.0000000e+00 0.0000000e+00 2.3283064e-10 0.0000000e+00]) 	 loss 9.866E-05 	 horizons 9.0
step 27180 	 return [0.         0.00393374 0.0027674  0.00680948 0.0062452  0.
 0.0008434  0.00082458 0.00253519 0.        ], ([0.0000000e+00 0.0000000e+00 2.3283064e-10 0.0000000e+00 0.0000000e+00
 0.0000000e+00 5.8207661e-11 0.0000000e+00 2.3283064e-10 0.0000000e+00]) 	 loss 9.863E-05 	 horizons 9.0
step 27270 	 return [0.         0.0036138  0.00177151 0.00784106 0.0052029  0.
 0.00194386 0.0009066  0.0025314  0.        ], ([0.0000000e+00 0.0000000e+00 1.1641532e-10 9.3132257e-10 0.0000000e+00
 0.0000000e+00 1.1641532e-10 0.0000000e+00 0.0000000e+00 0.0000000e+00]) 	 loss 1.374E-04 	 horizons 9.0
step 27360 	 return [0.         0.0026012  0.002839   0.00758159 0.00727271 0.
 0.00070628 0.00088402 0.00243373 0.        ], ([0.0000000e+00 1.0788573e-03 6.2615822e-05 6.5928424e-04 3.2771743e-05
 0.0000000e+00 9.0400829e-07 1.9576676e-06 8.9617215e-06 0.0000000e+00]) 	 loss 1.110E-04 	 horizons 9.0
step 27450 	 return [0.         0.         0.         0.         0.00481181 0.00467693
 0.00571567 0.00876376 0.00832989 0.00479681], ([0.000000e+00 0.000000e+00 0.000000e+00 0.000000e+00 4.656613e-10
 0.000000e+00 4.656613e-10 9.313226e-10 0.000000e+00 4.656613e-10]) 	 loss 1.189E-04 	 horizons 9.0
step 27540 	 return [0.         0.00392253 0.00276231 0.00677413 0.00723258 0.
 0.00070518 0.00088162 0.00242276 0.        ], ([0.0000000e+00 4.6566129e-10 2.3283064e-10 9.3132257e-10 0.0000000e+00
 0.0000000e+00 0.0000000e+00 0.0000000e+00 2.3283064e-10 0.0000000e+00]) 	 loss 1.180E-04 	 horizons 9.0
step 27630 	 return [0.         0.         0.00200613 0.00773754 0.00795399 0.
 0.00196162 0.00092961 0.00262069 0.        ], ([0.0000000e+00 0.0000000e+00 2.3283064e-10 4.6566129e-10 9.3132257e-10
 0.0000000e+00 2.3283064e-10 1.1641532e-10 2.3283064e-10 0.0000000e+00]) 	 loss 8.693E-05 	 horizons 9.0
step 27720 	 return [0.         0.00172032 0.00289012 0.00811989 0.00729947 0.
 0.00070702 0.00088562 0.00244105 0.        ], ([0.0000000e+00 0.0000000e+00 2.3283064e-10 9.3132257e-10 0.0000000e+00
 0.0000000e+00 5.8207661e-11 0.0000000e+00 2.3283064e-10 0.0000000e+00]) 	 loss 1.101E-04 	 horizons 9.0
step 27810 	 return [0.         0.00365578 0.00178771 0.00525944 0.0076102  0.
 0.00195359 0.00092058 0.00259162 0.        ], ([0.0000000e+00 1.3992052e-05 5.4001807e-06 8.6054119e-04 8.0243248e-04
 0.0000000e+00 3.2429932e-06 4.6612463e-06 2.0075009e-05 0.0000000e+00]) 	 loss 9.467E-05 	 horizons 9.0
step 27900 	 return [0.         0.00172032 0.00289012 0.00811989 0.00729947 0.
 0.00070702 0.00088562 0.00244105 0.        ], ([0.0000000e+00 0.0000000e+00 2.3283064e-10 9.3132257e-10 0.0000000e+00
 0.0000000e+00 5.8207661e-11 0.0000000e+00 2.3283064e-10 0.0000000e+00]) 	 loss 6.570E-05 	 horizons 9.0
step 27990 	 return [0.         0.00392253 0.00276231 0.00677413 0.00723258 0.
 0.00070518 0.00088162 0.00242276 0.        ], ([0.0000000e+00 4.6566129e-10 2.3283064e-10 9.3132257e-10 0.0000000e+00
 0.0000000e+00 0.0000000e+00 0.0000000e+00 2.3283064e-10 0.0000000e+00]) 	 loss 1.043E-04 	 horizons 9.0
step 28080 	 return [0.         0.00392253 0.00276231 0.00677413 0.00723258 0.
 0.00070518 0.00088162 0.00242276 0.        ], ([0.0000000e+00 4.6566129e-10 2.3283064e-10 9.3132257e-10 0.0000000e+00
 0.0000000e+00 0.0000000e+00 0.0000000e+00 2.3283064e-10 0.0000000e+00]) 	 loss 9.992E-05 	 horizons 9.0
step 28170 	 return [0.         0.00393374 0.0027674  0.00680948 0.0062452  0.
 0.0008434  0.00082458 0.00253519 0.        ], ([0.0000000e+00 0.0000000e+00 2.3283064e-10 0.0000000e+00 0.0000000e+00
 0.0000000e+00 5.8207661e-11 0.0000000e+00 2.3283064e-10 0.0000000e+00]) 	 loss 8.461E-05 	 horizons 9.0
step 28260 	 return [0.         0.0036138  0.00177151 0.00784106 0.0052029  0.
 0.00194386 0.0009066  0.0025314  0.        ], ([0.0000000e+00 0.0000000e+00 1.1641532e-10 9.3132257e-10 0.0000000e+00
 0.0000000e+00 1.1641532e-10 0.0000000e+00 0.0000000e+00 0.0000000e+00]) 	 loss 1.613E-04 	 horizons 9.0
step 28350 	 return [0.         0.00393374 0.0027674  0.00680948 0.0062452  0.
 0.0008434  0.00082458 0.00253519 0.        ], ([0.0000000e+00 0.0000000e+00 2.3283064e-10 0.0000000e+00 0.0000000e+00
 0.0000000e+00 5.8207661e-11 0.0000000e+00 2.3283064e-10 0.0000000e+00]) 	 loss 1.593E-04 	 horizons 9.0
step 28440 	 return [0.00108794 0.00010594 0.00244247 0.00066559 0.00621482 0.0040092
 0.00112378 0.00480271 0.         0.        ], ([3.6264808e-04 3.1782329e-04 1.9155750e-04 1.9967789e-03 8.0828089e-05
 2.6094521e-04 5.2119832e-04 1.6009036e-03 0.0000000e+00 0.0000000e+00]) 	 loss 1.623E-04 	 horizons 9.0
step 28530 	 return [0.         0.00229427 0.00242343 0.00477145 0.00482872 0.
 0.00190729 0.00086798 0.00239687 0.        ], ([0.0000000e+00 2.3283064e-10 2.3283064e-10 0.0000000e+00 0.0000000e+00
 0.0000000e+00 1.1641532e-10 0.0000000e+00 2.3283064e-10 0.0000000e+00]) 	 loss 2.430E-04 	 horizons 9.0
step 28620 	 return [0.00120883 0.         0.00250633 0.         0.00618787 0.00409618
 0.00095005 0.00533634 0.         0.        ], ([0.0000000e+00 0.0000000e+00 2.3283064e-10 0.0000000e+00 4.6566129e-10
 4.6566129e-10 0.0000000e+00 4.6566129e-10 0.0000000e+00 0.0000000e+00]) 	 loss 1.724E-04 	 horizons 9.0
step 28710 	 return [0.         0.00366044 0.00178951 0.00497259 0.00787768 0.
 0.00195467 0.00092214 0.00259832 0.        ], ([0.0000000e+00 4.6566129e-10 1.1641532e-10 4.6566129e-10 9.3132257e-10
 0.0000000e+00 2.3283064e-10 0.0000000e+00 2.3283064e-10 0.0000000e+00]) 	 loss 1.565E-04 	 horizons 9.0
step 28800 	 return [0.         0.         0.00200613 0.00773754 0.00795399 0.
 0.00196162 0.00092961 0.00262069 0.        ], ([0.0000000e+00 0.0000000e+00 2.3283064e-10 4.6566129e-10 9.3132257e-10
 0.0000000e+00 2.3283064e-10 1.1641532e-10 2.3283064e-10 0.0000000e+00]) 	 loss 1.397E-04 	 horizons 9.0
step 28890 	 return [0.00120883 0.         0.00250633 0.         0.00618787 0.00409618
 0.00095005 0.00533634 0.         0.        ], ([0.0000000e+00 0.0000000e+00 2.3283064e-10 0.0000000e+00 4.6566129e-10
 4.6566129e-10 0.0000000e+00 4.6566129e-10 0.0000000e+00 0.0000000e+00]) 	 loss 1.344E-04 	 horizons 9.0
step 28980 	 return [0.         0.00392253 0.00276231 0.00677413 0.00723258 0.
 0.00070518 0.00088162 0.00242276 0.        ], ([0.0000000e+00 4.6566129e-10 2.3283064e-10 9.3132257e-10 0.0000000e+00
 0.0000000e+00 0.0000000e+00 0.0000000e+00 2.3283064e-10 0.0000000e+00]) 	 loss 1.372E-04 	 horizons 9.0
step 29070 	 return [0.         0.00229427 0.00242343 0.00477145 0.00482872 0.
 0.00190729 0.00086798 0.00239687 0.        ], ([0.0000000e+00 2.3283064e-10 2.3283064e-10 0.0000000e+00 0.0000000e+00
 0.0000000e+00 1.1641532e-10 0.0000000e+00 2.3283064e-10 0.0000000e+00]) 	 loss 1.293E-04 	 horizons 9.0
step 29160 	 return [0.         0.00342465 0.00188388 0.00787386 0.00531351 0.
 0.00183434 0.00089899 0.00253361 0.        ], ([0.0000000e+00 5.6746381e-04 3.3711165e-04 9.8390417e-05 3.3183733e-04
 0.0000000e+00 3.2855789e-04 2.2832148e-05 6.6253351e-06 0.0000000e+00]) 	 loss 1.339E-04 	 horizons 9.0
step 29250 	 return [0.00108794 0.00013881 0.00241189 0.00060155 0.0060778  0.00368656
 0.00104786 0.00489193 0.00024872 0.        ], ([0.00036265 0.00041643 0.0002833  0.00180466 0.00033021 0.00122885
 0.00029341 0.00133324 0.00074617 0.        ]) 	 loss 2.410E-04 	 horizons 9.0
step 29340 	 return [0.         0.0036138  0.00177151 0.00784106 0.0052029  0.
 0.00194386 0.0009066  0.0025314  0.        ], ([0.0000000e+00 0.0000000e+00 1.1641532e-10 9.3132257e-10 0.0000000e+00
 0.0000000e+00 1.1641532e-10 0.0000000e+00 0.0000000e+00 0.0000000e+00]) 	 loss 1.323E-04 	 horizons 9.0
step 29430 	 return [0.00120883 0.         0.00250633 0.         0.00618787 0.00409618
 0.00095005 0.00533634 0.         0.        ], ([0.0000000e+00 0.0000000e+00 2.3283064e-10 0.0000000e+00 4.6566129e-10
 4.6566129e-10 0.0000000e+00 4.6566129e-10 0.0000000e+00 0.0000000e+00]) 	 loss 1.261E-04 	 horizons 9.0
step 29520 	 return [0.         0.00172032 0.00289012 0.00811989 0.00729947 0.
 0.00070702 0.00088562 0.00244105 0.        ], ([0.0000000e+00 0.0000000e+00 2.3283064e-10 9.3132257e-10 0.0000000e+00
 0.0000000e+00 5.8207661e-11 0.0000000e+00 2.3283064e-10 0.0000000e+00]) 	 loss 1.198E-04 	 horizons 9.0
step 29610 	 return [0.         0.         0.         0.         0.00481181 0.00467693
 0.00571567 0.00876376 0.00832989 0.00479681], ([0.000000e+00 0.000000e+00 0.000000e+00 0.000000e+00 4.656613e-10
 0.000000e+00 4.656613e-10 9.313226e-10 0.000000e+00 4.656613e-10]) 	 loss 9.988E-05 	 horizons 9.0
step 29700 	 return [0.         0.00392253 0.00276231 0.00677413 0.00723258 0.
 0.00070518 0.00088162 0.00242276 0.        ], ([0.0000000e+00 4.6566129e-10 2.3283064e-10 9.3132257e-10 0.0000000e+00
 0.0000000e+00 0.0000000e+00 0.0000000e+00 2.3283064e-10 0.0000000e+00]) 	 loss 1.039E-04 	 horizons 9.0
step 29790 	 return [0.         0.         0.         0.         0.00481181 0.00467693
 0.00571567 0.00876376 0.00832989 0.00479681], ([0.000000e+00 0.000000e+00 0.000000e+00 0.000000e+00 4.656613e-10
 0.000000e+00 4.656613e-10 9.313226e-10 0.000000e+00 4.656613e-10]) 	 loss 9.989E-05 	 horizons 9.0
step 29880 	 return [0.         0.00364645 0.00178411 0.00583313 0.00707524 0.
 0.00195143 0.00091747 0.00257824 0.        ], ([0.0000000e+00 2.1373209e-05 8.2489123e-06 1.3144985e-03 1.2257358e-03
 0.0000000e+00 4.9537539e-06 7.1201712e-06 3.0665080e-05 0.0000000e+00]) 	 loss 9.460E-05 	 horizons 9.0
step 29970 	 return [0.         0.0036138  0.00177151 0.00784106 0.0052029  0.
 0.00194386 0.0009066  0.0025314  0.        ], ([0.0000000e+00 0.0000000e+00 1.1641532e-10 9.3132257e-10 0.0000000e+00
 0.0000000e+00 1.1641532e-10 0.0000000e+00 0.0000000e+00 0.0000000e+00]) 	 loss 8.769E-05 	 horizons 9.0
step 30060 	 return [0.         0.00172032 0.00289012 0.00811989 0.00729947 0.
 0.00070702 0.00088562 0.00244105 0.        ], ([0.0000000e+00 0.0000000e+00 2.3283064e-10 9.3132257e-10 0.0000000e+00
 0.0000000e+00 5.8207661e-11 0.0000000e+00 2.3283064e-10 0.0000000e+00]) 	 loss 9.213E-05 	 horizons 9.0
[1;34mwandb[0m: 
[1;34mwandb[0m: 🚀 View run [33mmotndp_amsterdam-v0__GCN-amsterdam-g10-l0__789__1781518086[0m at: [34mhttps://wandb.ai/jingyuan-sun03-tu-delft/cl_ablation/runs/8l4b3t0s[0m
[1;34mwandb[0m: Find logs at: [1;35mwandb/run-20260615_120807-8l4b3t0s/logs[0m
