/home/SinJ/mo-transport-network-design/.venv/lib/python3.13/site-packages/pygame/pkgdata.py:25: UserWarning: pkg_resources is deprecated as an API. See https://setuptools.pypa.io/en/latest/pkg_resources.html. The pkg_resources package is slated for removal as early as 2025-11-30. Refrain from using this package or pin to Setuptools<81.
  from pkg_resources import resource_stream, resource_exists
wandb: [wandb.login()] Loaded credentials for https://api.wandb.ai from /home/SinJ/.netrc.
wandb: Currently logged in as: jingyuan-sun03 (jingyuan-sun03-tu-delft) to https://api.wandb.ai. Use `wandb login --relogin` to force relogin
wandb: setting up run 9zz8r9bb
wandb: Tracking run with wandb version 0.27.2
wandb: Run data is saved locally in /home/SinJ/mo-transport-network-design/wandb/run-20260615_092900-9zz8r9bb
wandb: Run `wandb offline` to turn off syncing.
wandb: Syncing run motndp_amsterdam-v0__GCN-amsterdam-g7-l0__789__1781508539
wandb: ⭐️ View project at https://wandb.ai/jingyuan-sun03-tu-delft/cl_ablation
wandb: 🚀 View run at https://wandb.ai/jingyuan-sun03-tu-delft/cl_ablation/runs/9zz8r9bb
/home/SinJ/mo-transport-network-design/morl-baselines/morl_baselines/multi_policy/gcn/gcn.py:151: UserWarning: Creating a tensor from a list of numpy.ndarrays is extremely slow. Please consider converting the list to a single numpy.ndarray with numpy.array() before converting to a tensor. (Triggered internally at /pytorch/torch/csrc/utils/tensor_new.cpp:253.)
  th.tensor(obs).to(self.device),
Namespace(env='amsterdam', nr_groups=7, starting_loc_x=9, starting_loc_y=19, nr_stations=10, lr=0.01, batch_size=256, num_er_episodes=100, num_step_episodes=10, num_model_updates=10, num_policies=10, max_buffer_size=200, nr_layers=1, hidden_dim=128, timesteps=30000, no_log=False, seed=789, cd_threshold=0.2, distance_ref='interpolate2', gcn_lambda=0.0, lambda_schedule='constant', lambda_start=1.0, lambda_end=None, lambda_warmup_fraction=0.0, lambda_freeze_fraction=0.1, spatial_alpha=0.0, include_demand_context=False, criterion='lorenz', nash_mode='pareto_sized', nash_top_k=None, nash_shift=0.0, project_name='cl_ablation', experiment_name='GCN-amsterdam-g7-l0', wandb_entity=None)
step 990 	 return [0.         0.00126372 0.00363235 0.00102098 0.00149417 0.00229914
 0.        ], ([0.         0.00122233 0.00321954 0.00193859 0.00152154 0.00357477
 0.        ]) 	 loss 2.018E+00 	 horizons 9.0
step 1080 	 return [0.         0.001457   0.00266619 0.00193907 0.00127293 0.00050746
 0.        ], ([0.         0.00134939 0.00354211 0.0039399  0.0017745  0.00054816
 0.        ]) 	 loss 1.769E+00 	 horizons 9.0
step 1170 	 return [0.00129874 0.00081455 0.00338935 0.00172521 0.00140096 0.00325286
 0.00017876], ([0.00200356 0.00096671 0.00285318 0.00231951 0.00085957 0.00425627
 0.00053627]) 	 loss 1.316E+00 	 horizons 9.0
step 1260 	 return [0.00107871 0.00150585 0.00300045 0.00029655 0.00049749 0.00131312
 0.        ], ([0.00177695 0.00098427 0.00291003 0.00029919 0.00031744 0.00095581
 0.        ]) 	 loss 1.194E+00 	 horizons 9.0
step 1350 	 return [0.00025166 0.00042102 0.00639867 0.00071431 0.00131263 0.00095492
 0.00053446], ([0.00075499 0.00093706 0.00340086 0.00106128 0.00156152 0.00126532
 0.00160337]) 	 loss 1.103E+00 	 horizons 9.0
step 1440 	 return [0.         0.00103254 0.00106852 0.00051614 0.00202624 0.00327976
 0.00015849], ([0.         0.00094436 0.00051255 0.00104638 0.00074923 0.00262851
 0.00047547]) 	 loss 1.036E+00 	 horizons 9.0
step 1530 	 return [0.         0.00138295 0.00093634 0.00035155 0.00066068 0.00064336
 0.        ], ([0.         0.00101327 0.00064027 0.00042653 0.00088048 0.00055056
 0.        ]) 	 loss 1.023E+00 	 horizons 9.0
step 1620 	 return [0.         0.00075863 0.00415822 0.00080084 0.00188751 0.00261216
 0.00035558], ([0.         0.0008528  0.00388298 0.00240251 0.0012581  0.00345284
 0.00067921]) 	 loss 1.002E+00 	 horizons 9.0
step 1710 	 return [0.         0.         0.0036329  0.01046852 0.00375391 0.00136305
 0.00120774], ([0.         0.         0.00227238 0.00304253 0.00222802 0.0027303
 0.00241569]) 	 loss 9.628E-01 	 horizons 9.0
step 1800 	 return [0.         0.         0.00254285 0.01099885 0.00438906 0.00063948
 0.00228969], ([0.         0.         0.00155517 0.00521314 0.00128407 0.00128043
 0.00368412]) 	 loss 9.460E-01 	 horizons 9.0
step 1890 	 return [0.         0.         0.00279239 0.0116591  0.00489221 0.00175951
 0.00174896], ([0.         0.         0.00148338 0.00456333 0.0012605  0.00274953
 0.00351918]) 	 loss 8.913E-01 	 horizons 9.0
step 1980 	 return [0.         0.00019101 0.00738922 0.00291868 0.00162517 0.
 0.        ], ([0.         0.00038462 0.00225375 0.00495883 0.00103312 0.
 0.        ]) 	 loss 8.831E-01 	 horizons 9.0
step 2070 	 return [0.         0.00166765 0.00101078 0.         0.00136319 0.00149799
 0.00017582], ([0.         0.00126405 0.00078757 0.         0.00131805 0.00232677
 0.00052747]) 	 loss 8.656E-01 	 horizons 9.0
step 2160 	 return [0.         0.         0.00217314 0.00994179 0.00433248 0.0047613
 0.00280798], ([0.         0.         0.00030894 0.00319906 0.00135871 0.0033515
 0.00251667]) 	 loss 8.565E-01 	 horizons 9.0
step 2250 	 return [0.         0.00186128 0.00093247 0.00014957 0.00095134 0.00097567
 0.        ], ([0.         0.00068148 0.00054866 0.00032324 0.00056555 0.000743
 0.        ]) 	 loss 8.535E-01 	 horizons 9.0
step 2340 	 return [0.0000000e+00 2.2732832e-03 9.3717594e-04 4.6102323e-05 1.0025869e-03
 1.6369032e-03 0.0000000e+00], ([0.         0.00045493 0.00037509 0.00013831 0.00079645 0.0006552
 0.        ]) 	 loss 8.150E-01 	 horizons 9.0
step 2430 	 return [0.0000000e+00 1.8998220e-03 7.8999781e-04 1.4237941e-05 1.8063707e-03
 2.1091541e-03 0.0000000e+00], ([0.0000000e+00 8.2299585e-04 8.4851385e-04 4.2713829e-05 8.5630035e-04
 1.5061894e-03 0.0000000e+00]) 	 loss 7.929E-01 	 horizons 9.0
step 2520 	 return [0.00289682 0.00134262 0.00160014 0.00042519 0.00080158 0.00086759
 0.        ], ([0.00208199 0.00086988 0.00158557 0.00042525 0.00031618 0.00066806
 0.        ]) 	 loss 8.147E-01 	 horizons 9.0
step 2610 	 return [0.00015035 0.0024122  0.00160045 0.00023907 0.00102449 0.00168863
 0.        ], ([0.00045104 0.00102149 0.00116163 0.00037653 0.00072576 0.00134325
 0.        ]) 	 loss 7.862E-01 	 horizons 9.0
step 2700 	 return [0.         0.00106611 0.00064735 0.00048322 0.00020351 0.00054753
 0.        ], ([0.         0.00077484 0.000552   0.00034724 0.00011549 0.00043397
 0.        ]) 	 loss 7.542E-01 	 horizons 9.0
step 2790 	 return [0.00277229 0.00189176 0.00473132 0.00018744 0.00096061 0.00162516
 0.        ], ([0.00145111 0.00111489 0.00205391 0.00037645 0.0005277  0.00088325
 0.        ]) 	 loss 7.572E-01 	 horizons 9.0
step 2880 	 return [0.00127548 0.00051532 0.00155272 0.00068207 0.00095219 0.00070853
 0.        ], ([0.00197173 0.00096146 0.00237423 0.00034125 0.00027873 0.00039121
 0.        ]) 	 loss 7.050E-01 	 horizons 9.0
step 2970 	 return [0.00156566 0.00199016 0.00712212 0.00017645 0.00132076 0.00123905
 0.        ], ([0.00151861 0.00130258 0.00119929 0.00036423 0.0007132  0.00101559
 0.        ]) 	 loss 7.001E-01 	 horizons 9.0
step 3060 	 return [0.00116974 0.00226612 0.00173266 0.00031612 0.00093105 0.0006297
 0.        ], ([0.00158191 0.001519   0.0013443  0.00040166 0.00066705 0.00072006
 0.        ]) 	 loss 6.854E-01 	 horizons 9.0
step 3150 	 return [0.00194832 0.00172448 0.00389396 0.00071212 0.00111171 0.0016036
 0.        ], ([0.00139179 0.00125923 0.00247162 0.00036617 0.00046041 0.0011019
 0.        ]) 	 loss 6.622E-01 	 horizons 9.0
step 3240 	 return [0.00081549 0.00159671 0.00635622 0.         0.00143612 0.0008323
 0.        ], ([0.00112231 0.00127409 0.00097923 0.         0.00046941 0.00108972
 0.        ]) 	 loss 6.841E-01 	 horizons 9.0
step 3330 	 return [0.00092646 0.00225399 0.00603011 0.00024003 0.0010811  0.00097746
 0.        ], ([0.00123393 0.00138233 0.00120872 0.00053429 0.00035832 0.00097951
 0.        ]) 	 loss 6.597E-01 	 horizons 9.0
step 3420 	 return [0.         0.00185768 0.00237301 0.00010785 0.00129373 0.00161282
 0.        ], ([0.         0.00077758 0.00186139 0.00021852 0.00066907 0.0009945
 0.        ]) 	 loss 6.739E-01 	 horizons 9.0
step 3510 	 return [0.         0.         0.00205716 0.00829636 0.00671139 0.00534273
 0.00626872], ([0.         0.         0.00012239 0.00245071 0.00165534 0.00225908
 0.00217816]) 	 loss 6.503E-01 	 horizons 9.0
step 3600 	 return [0.00171937 0.0025331  0.00643881 0.00040468 0.00162793 0.00124768
 0.        ], ([0.00103959 0.00072566 0.00132599 0.00049764 0.00040103 0.00103003
 0.        ]) 	 loss 6.352E-01 	 horizons 9.0
step 3690 	 return [0.00108642 0.00266736 0.00635191 0.00010308 0.00156009 0.00114112
 0.        ], ([0.00092502 0.00068298 0.00094721 0.00030925 0.00035503 0.00116588
 0.        ]) 	 loss 6.015E-01 	 horizons 9.0
step 3780 	 return [0.00383307 0.00258581 0.00411448 0.00033296 0.000749   0.00122564
 0.        ], ([0.00145208 0.00078116 0.00123882 0.00041462 0.00024369 0.00094252
 0.        ]) 	 loss 5.633E-01 	 horizons 9.0
step 3870 	 return [2.0795120e-03 2.2369537e-03 6.8346979e-03 9.3969575e-05 1.4327185e-03
 1.4239950e-03 0.0000000e+00], ([0.00132051 0.00102298 0.00146131 0.00028191 0.00040369 0.0011895
 0.        ]) 	 loss 5.634E-01 	 horizons 9.0
step 3960 	 return [0.00312432 0.0015283  0.00347055 0.00047478 0.00070754 0.00161277
 0.        ], ([0.00175394 0.00117104 0.00154261 0.00040071 0.00022204 0.00076925
 0.        ]) 	 loss 5.302E-01 	 horizons 9.0
step 4050 	 return [1.0708706e-03 2.1737141e-03 6.7205867e-03 6.7297253e-05 1.2012668e-03
 7.6182489e-04 0.0000000e+00], ([0.0010979  0.00069071 0.00155853 0.00020189 0.00043601 0.00093368
 0.        ]) 	 loss 5.278E-01 	 horizons 9.0
step 4140 	 return [0.00282547 0.0019141  0.00232029 0.00070435 0.00086642 0.00137484
 0.        ], ([0.001952   0.00100811 0.00127409 0.00035435 0.00017044 0.00073119
 0.        ]) 	 loss 5.102E-01 	 horizons 9.0
step 4230 	 return [0.00429123 0.00131933 0.00319036 0.00041048 0.00068912 0.00185538
 0.        ], ([0.00046057 0.00111804 0.00086649 0.00041485 0.00018255 0.00065458
 0.        ]) 	 loss 5.137E-01 	 horizons 9.0
step 4320 	 return [1.2414610e-03 4.3404056e-03 3.6536325e-03 0.0000000e+00 4.3090162e-04
 9.0103560e-05 0.0000000e+00], ([1.6266356e-03 1.0639303e-03 8.2089705e-04 0.0000000e+00 2.5524934e-05
 2.7031070e-04 0.0000000e+00]) 	 loss 4.902E-01 	 horizons 9.0
step 4410 	 return [0.00332714 0.00117315 0.0069929  0.00010892 0.00222794 0.00067433
 0.        ], ([0.00091011 0.00117461 0.00102267 0.00032676 0.00049202 0.00103022
 0.        ]) 	 loss 5.102E-01 	 horizons 9.0
step 4500 	 return [0.00269665 0.0023886  0.0061659  0.00043608 0.00117991 0.00178987
 0.        ], ([0.00091462 0.00105385 0.00094617 0.00044179 0.00040837 0.00094718
 0.        ]) 	 loss 4.452E-01 	 horizons 9.0
step 4590 	 return [1.8562352e-03 3.1661801e-03 6.4145932e-03 6.7389497e-05 1.3010821e-03
 1.3832854e-03 0.0000000e+00], ([0.00096593 0.00055688 0.00123693 0.00020217 0.0003313  0.00090716
 0.        ]) 	 loss 4.157E-01 	 horizons 9.0
step 4680 	 return [0.00373228 0.00200074 0.00496509 0.00052899 0.00097435 0.00207328
 0.        ], ([0.00053753 0.00114944 0.00136284 0.00044817 0.00033268 0.00077675
 0.        ]) 	 loss 4.120E-01 	 horizons 9.0
step 4770 	 return [0.00117297 0.0019508  0.00641154 0.00010563 0.00142846 0.00221883
 0.        ], ([7.7684416e-04 4.6758493e-04 1.0408578e-03 3.1690166e-04 5.1651954e-05
 2.2120742e-04 0.0000000e+00]) 	 loss 4.008E-01 	 horizons 9.0
step 4860 	 return [0.0021736  0.00254829 0.00564431 0.00062837 0.0016255  0.00148368
 0.        ], ([0.00109975 0.00057814 0.00128705 0.0005134  0.00041591 0.00097689
 0.        ]) 	 loss 3.896E-01 	 horizons 9.0
step 4950 	 return [0.0017802  0.00221333 0.00838435 0.         0.00147984 0.00234295
 0.        ], ([5.9357419e-04 2.4965484e-04 6.3421828e-04 0.0000000e+00 4.3095821e-05
 2.0687358e-04 0.0000000e+00]) 	 loss 4.146E-01 	 horizons 9.0
step 5040 	 return [0.         0.         0.00157318 0.0030229  0.00395104 0.00456616
 0.00591734], ([0.         0.         0.0002288  0.00067521 0.00170442 0.00113439
 0.00177643]) 	 loss 3.718E-01 	 horizons 9.0
step 5130 	 return [0.00343748 0.00202976 0.00483602 0.00052919 0.00103523 0.0017769
 0.        ], ([0.00103081 0.00081761 0.00126227 0.00044249 0.00036074 0.00070041
 0.        ]) 	 loss 3.433E-01 	 horizons 9.0
step 5220 	 return [0.00249915 0.0024718  0.00498211 0.00061287 0.00133027 0.00220926
 0.        ], ([8.7837951e-04 5.4007402e-04 5.0716905e-04 5.0133618e-04 9.9120363e-05
 2.8283548e-04 0.0000000e+00]) 	 loss 3.193E-01 	 horizons 9.0
step 5310 	 return [0.00140405 0.00241426 0.00785368 0.00032017 0.00145561 0.00225163
 0.        ], ([1.1246352e-03 3.3824457e-04 5.8985868e-04 4.8906554e-04 4.9391077e-05
 1.8969879e-05 0.0000000e+00]) 	 loss 3.507E-01 	 horizons 9.0
step 5400 	 return [0.00449658 0.0028815  0.00442316 0.00014585 0.00057018 0.00103382
 0.        ], ([0.0007756  0.00077186 0.00125694 0.00029812 0.00012531 0.00082681
 0.        ]) 	 loss 3.168E-01 	 horizons 9.0
step 5490 	 return [0.         0.         0.00210224 0.00773125 0.00732259 0.00605608
 0.00658085], ([0.0000000e+00 0.0000000e+00 7.0677606e-06 1.3865051e-03 1.2388593e-03
 1.2631847e-03 1.8381921e-03]) 	 loss 2.878E-01 	 horizons 9.0
step 5580 	 return [0.00379618 0.001827   0.00369663 0.0009329  0.00106999 0.00254683
 0.        ], ([6.8849570e-04 9.6395164e-04 2.1336471e-05 2.0229216e-05 4.8509177e-05
 7.0760456e-05 0.0000000e+00]) 	 loss 3.072E-01 	 horizons 9.0
step 5670 	 return [0.00351867 0.00244356 0.00601439 0.0005228  0.00084482 0.00204646
 0.        ], ([0.00015914 0.00046079 0.00160185 0.0004425  0.00029127 0.00024078
 0.        ]) 	 loss 2.759E-01 	 horizons 9.0
step 5760 	 return [0.         0.         0.0020893  0.00759469 0.00340289 0.00453894
 0.0060764 ], ([0.         0.         0.00040381 0.00299288 0.00119771 0.00239782
 0.00185158]) 	 loss 2.780E-01 	 horizons 9.0
step 5850 	 return [0.00330179 0.00201274 0.00456039 0.00071741 0.00130366 0.00236105
 0.        ], ([1.8835512e-04 4.7501607e-04 3.1881768e-04 4.7092882e-04 8.5106025e-05
 3.3675323e-04 0.0000000e+00]) 	 loss 2.833E-01 	 horizons 9.0
step 5940 	 return [0.00383843 0.00201892 0.00280032 0.00075257 0.00081911 0.001674
 0.        ], ([0.00060614 0.00094574 0.00032155 0.00026462 0.00017238 0.00028482
 0.        ]) 	 loss 2.855E-01 	 horizons 9.0
step 6030 	 return [0.00185931 0.00223942 0.00743796 0.00086204 0.00260893 0.00045747
 0.00033716], ([0.00138212 0.0007753  0.00193526 0.00258612 0.00084136 0.00091494
 0.00101147]) 	 loss 2.593E-01 	 horizons 9.0
step 6120 	 return [0.00472177 0.0026166  0.00608417 0.         0.00054201 0.00047678
 0.        ], ([5.7415146e-04 2.8732672e-04 8.4708614e-04 0.0000000e+00 4.7550715e-05
 7.5887452e-04 0.0000000e+00]) 	 loss 2.487E-01 	 horizons 9.0
step 6210 	 return [0.00520168 0.00282253 0.00485562 0.00055067 0.00071888 0.00180233
 0.        ], ([0.0008216  0.00073499 0.00112627 0.00037101 0.00018959 0.00020247
 0.        ]) 	 loss 2.484E-01 	 horizons 9.0
step 6300 	 return [0.00335963 0.00228913 0.00392038 0.00096452 0.00114539 0.00224014
 0.        ], ([1.7133736e-04 5.5396464e-04 5.4074934e-04 5.9941860e-05 1.4663707e-04
 3.0723907e-04 0.0000000e+00]) 	 loss 2.322E-01 	 horizons 9.0
step 6390 	 return [0.00323068 0.00245148 0.00695436 0.00010676 0.00146855 0.00223294
 0.        ], ([6.23198750e-04 7.34720597e-05 5.56187879e-04 3.20291059e-04
 2.95241734e-05 1.37696525e-05 0.00000000e+00]) 	 loss 2.292E-01 	 horizons 9.0
step 6480 	 return [0.00345627 0.00236035 0.00538275 0.00062076 0.00134762 0.00235808
 0.        ], ([0.00014616 0.00031214 0.00087422 0.00050823 0.00010964 0.0002538
 0.        ]) 	 loss 2.212E-01 	 horizons 9.0
step 6570 	 return [0.00210099 0.00220272 0.00825245 0.00020422 0.00084559 0.0018787
 0.        ], ([0.00073102 0.00013815 0.00083552 0.00031195 0.00036072 0.00038237
 0.        ]) 	 loss 2.055E-01 	 horizons 9.0
step 6660 	 return [0.00466004 0.00263817 0.00599053 0.00037913 0.0006801  0.0019244
 0.        ], ([0.00118546 0.00043791 0.00086469 0.00038596 0.0001624  0.00017996
 0.        ]) 	 loss 1.865E-01 	 horizons 9.0
step 6750 	 return [0.         0.         0.00186746 0.00298107 0.00451954 0.00377008
 0.0075595 ], ([0.         0.         0.00093893 0.00047163 0.00105237 0.00180229
 0.00180331]) 	 loss 1.623E-01 	 horizons 9.0
step 6840 	 return [0.00418421 0.0021913  0.00370759 0.00092654 0.00105448 0.00252689
 0.        ], ([7.6532853e-04 2.2250402e-04 2.8766226e-06 2.5023473e-07 4.3422912e-07
 2.0365696e-06 0.0000000e+00]) 	 loss 2.004E-01 	 horizons 9.0
step 6930 	 return [0.         0.         0.00182982 0.00399048 0.0039526  0.00260412
 0.00980217], ([0.         0.         0.00080092 0.00207169 0.00099237 0.00151242
 0.0031091 ]) 	 loss 1.804E-01 	 horizons 9.0
step 7020 	 return [0.00292903 0.00217247 0.00668523 0.00021332 0.00145508 0.002228
 0.        ], ([8.5184380e-04 4.7453129e-04 4.3082217e-04 4.2664114e-04 3.7937123e-05
 1.2892434e-05 0.0000000e+00]) 	 loss 2.079E-01 	 horizons 9.0
step 7110 	 return [0.00195055 0.00227531 0.00826798 0.         0.00148413 0.00224119
 0.        ], ([8.4181345e-05 6.2174455e-05 4.2123627e-04 0.0000000e+00 2.2506973e-05
 7.3489471e-05 0.0000000e+00]) 	 loss 1.772E-01 	 horizons 9.0
step 7200 	 return [0.         0.         0.00196126 0.00906269 0.00327398 0.00467742
 0.00492722], ([0.         0.         0.00031828 0.0022573  0.00080609 0.0020413
 0.0027504 ]) 	 loss 2.047E-01 	 horizons 9.0
step 7290 	 return [0.00438465 0.00268435 0.00664119 0.00027017 0.00061586 0.0020007
 0.        ], ([0.00099883 0.00040476 0.00090897 0.00033089 0.00011992 0.00013991
 0.        ]) 	 loss 1.849E-01 	 horizons 9.0
step 7380 	 return [0.         0.         0.00210132 0.01384677 0.00425978 0.00637362
 0.00300536], ([0.0000000e+00 0.0000000e+00 8.0650670e-06 1.1888117e-03 5.0073140e-04
 2.4600775e-04 1.6685967e-04]) 	 loss 1.570E-01 	 horizons 9.0
step 7470 	 return [0.00505373 0.00325344 0.00467122 0.00068281 0.00067027 0.0017365
 0.        ], ([7.3134383e-05 3.4798519e-05 8.9037442e-04 2.4890670e-04 2.1649794e-04
 1.4339016e-04 0.0000000e+00]) 	 loss 1.640E-01 	 horizons 9.0
step 7560 	 return [0.         0.         0.00155508 0.00420494 0.00342837 0.00236991
 0.01030244], ([0.         0.         0.00074074 0.00283746 0.0001481  0.00123021
 0.00451524]) 	 loss 1.387E-01 	 horizons 9.0
step 7650 	 return [0.00240175 0.00200033 0.0072746  0.         0.00148044 0.00224207
 0.        ], ([8.6603948e-04 5.2137685e-04 8.8700384e-04 0.0000000e+00 1.0817067e-05
 2.6292615e-05 0.0000000e+00]) 	 loss 1.528E-01 	 horizons 9.0
step 7740 	 return [0.00275311 0.00238365 0.00690447 0.00042643 0.00142392 0.00229634
 0.        ], ([7.89334648e-04 1.06154745e-04 3.38142971e-04 5.22271032e-04
 5.33408092e-05 1.99613612e-04 0.00000000e+00]) 	 loss 1.437E-01 	 horizons 9.0
step 7830 	 return [0.00304451 0.00237079 0.00790393 0.00020422 0.0006513  0.00206265
 0.        ], ([0.00085025 0.00014654 0.00062602 0.00031195 0.00011698 0.00013777
 0.        ]) 	 loss 1.489E-01 	 horizons 9.0
step 7920 	 return [0.         0.         0.00203823 0.00322586 0.00391694 0.00279244
 0.01204041], ([0.         0.         0.00087572 0.00044784 0.00078643 0.00102334
 0.00292597]) 	 loss 1.264E-01 	 horizons 9.0
step 8010 	 return [0.0051216  0.00328654 0.0055     0.00013274 0.00065764 0.00202958
 0.        ], ([5.2025543e-06 2.9941089e-06 6.4921005e-05 2.6547356e-04 9.7591175e-05
 1.2880047e-04 0.0000000e+00]) 	 loss 1.331E-01 	 horizons 9.0
step 8100 	 return [0.00361145 0.00235632 0.00456054 0.00081233 0.00102097 0.00211746
 0.        ], ([0.00045321 0.00012828 0.0007005  0.00027155 0.00011904 0.00047726
 0.        ]) 	 loss 1.205E-01 	 horizons 9.0
step 8190 	 return [0.00354228 0.00248821 0.00670449 0.         0.00147626 0.00222705
 0.        ], ([4.6566129e-10 0.0000000e+00 4.6566129e-10 0.0000000e+00 1.1641532e-10
 2.3283064e-10 0.0000000e+00]) 	 loss 1.048E-01 	 horizons 9.0
step 8280 	 return [0.         0.         0.00231395 0.0065926  0.00421833 0.00468941
 0.00422666], ([0.         0.         0.00067886 0.00324348 0.00112196 0.00069365
 0.00302529]) 	 loss 1.077E-01 	 horizons 9.0
step 8370 	 return [0.00177354 0.00220409 0.00731037 0.00094667 0.00135902 0.00228208
 0.        ], ([5.9126446e-04 2.4362421e-04 3.4714231e-04 3.1770527e-04 9.7796568e-05
 1.4760948e-04 0.0000000e+00]) 	 loss 9.713E-02 	 horizons 9.0
step 8460 	 return [0.0011777  0.00195441 0.00704499 0.00101501 0.0012574  0.00242089
 0.        ], ([9.6158852e-04 3.9188712e-04 8.2891587e-05 5.9552938e-05 1.4273368e-04
 2.4643517e-04 0.0000000e+00]) 	 loss 1.088E-01 	 horizons 9.0
step 8550 	 return [0.00336619 0.00245383 0.0056009  0.0008338  0.00134203 0.00230164
 0.        ], ([4.8359056e-04 7.6710807e-05 4.3406244e-04 4.1854676e-04 9.8986384e-05
 2.1148934e-04 0.0000000e+00]) 	 loss 8.375E-02 	 horizons 9.0
step 8640 	 return [0.         0.         0.0025325  0.00732745 0.00422248 0.00488063
 0.00311713], ([0.         0.         0.00057203 0.00305539 0.00126138 0.00065054
 0.00196514]) 	 loss 9.234E-02 	 horizons 9.0
step 8730 	 return [0.00340905 0.00240443 0.00616059 0.00078262 0.00071295 0.00182387
 0.        ], ([4.9833447e-04 6.4926840e-05 9.6684898e-04 1.1147940e-04 2.4840527e-04
 2.6903400e-04 0.0000000e+00]) 	 loss 8.767E-02 	 horizons 9.0
step 8820 	 return [0.00158557 0.00213603 0.00731081 0.00104265 0.00132196 0.00233885
 0.        ], ([7.9281413e-04 3.3092353e-04 2.1109117e-04 5.0315080e-05 1.1972623e-04
 1.9216719e-04 0.0000000e+00]) 	 loss 9.555E-02 	 horizons 9.0
step 8910 	 return [0.         0.         0.00221321 0.00773261 0.00753872 0.00639716
 0.0059237 ], ([0.         0.         0.00033996 0.00138241 0.00059046 0.00023993
 0.00013326]) 	 loss 9.149E-02 	 horizons 9.0
step 9000 	 return [0.0017841  0.00221912 0.00746643 0.00094885 0.00136311 0.00229383
 0.        ], ([5.9473066e-04 2.4838236e-04 2.8935415e-04 3.1851380e-04 9.8509023e-05
 1.4308766e-04 0.0000000e+00]) 	 loss 9.612E-02 	 horizons 9.0
step 9090 	 return [0.00197535 0.00229105 0.00836053 0.         0.00149066 0.00226334
 0.        ], ([1.0601456e-05 1.5071744e-05 1.5787510e-04 0.0000000e+00 4.2112679e-06
 1.2333126e-05 0.0000000e+00]) 	 loss 8.098E-02 	 horizons 9.0
step 9180 	 return [0.00176056 0.00220481 0.00738264 0.00103882 0.00131073 0.00224692
 0.        ], ([5.9233879e-04 2.4987731e-04 2.0054961e-04 6.1714767e-05 1.5056045e-04
 2.2235035e-04 0.0000000e+00]) 	 loss 8.565E-02 	 horizons 9.0
step 9270 	 return [0.00197805 0.00229472 0.0084069  0.         0.00149211 0.00226807
 0.        ], ([1.0898115e-05 1.5338403e-05 1.6848423e-04 0.0000000e+00 4.7288618e-06
 1.4400772e-05 0.0000000e+00]) 	 loss 9.127E-02 	 horizons 9.0
step 9360 	 return [0.         0.         0.00210401 0.01424304 0.00409286 0.00629161
 0.00294974], ([0.0000000e+00 0.0000000e+00 2.3283064e-10 0.0000000e+00 0.0000000e+00
 9.3132257e-10 2.3283064e-10]) 	 loss 7.493E-02 	 horizons 9.0
step 9450 	 return [0.         0.         0.00209989 0.00819342 0.00773554 0.00647714
 0.00596812], ([0.000000e+00 0.000000e+00 0.000000e+00 0.000000e+00 4.656613e-10
 4.656613e-10 0.000000e+00]) 	 loss 6.913E-02 	 horizons 9.0
step 9540 	 return [0.0026295  0.00201493 0.00568559 0.00060643 0.00129755 0.00200597
 0.        ], ([9.3580369e-04 6.8657805e-04 7.8325270e-04 4.9534562e-04 7.6887976e-05
 6.5551873e-04 0.0000000e+00]) 	 loss 6.045E-02 	 horizons 9.0
step 9630 	 return [0.00290929 0.00240367 0.00620823 0.000955   0.00136693 0.00227925
 0.        ], ([7.7116594e-04 1.0175558e-04 7.9901988e-04 3.1836517e-04 1.1416343e-05
 2.0634901e-04 0.0000000e+00]) 	 loss 6.142E-02 	 horizons 9.0
step 9720 	 return [0.         0.         0.00323295 0.00358429 0.00565583 0.00534333
 0.0057619 ], ([0.0000000e+00 0.0000000e+00 4.2524186e-07 3.2552518e-06 3.3455185e-04
 1.0021189e-03 7.1395322e-04]) 	 loss 5.712E-02 	 horizons 9.0
step 9810 	 return [0.00492839 0.0031805  0.00503985 0.00046458 0.00049386 0.00204113
 0.        ], ([4.6566557e-04 2.6190910e-04 6.5537728e-04 3.0413817e-04 4.8061778e-05
 4.1153305e-04 0.0000000e+00]) 	 loss 5.815E-02 	 horizons 9.0
step 9900 	 return [0.00494954 0.0019688  0.00370472 0.00092629 0.00105404 0.00252486
 0.        ], ([4.6566129e-10 0.0000000e+00 0.0000000e+00 1.1641532e-10 1.1641532e-10
 0.0000000e+00 0.0000000e+00]) 	 loss 5.961E-02 	 horizons 9.0
step 9990 	 return [0.         0.         0.00209989 0.00819342 0.00773554 0.00647714
 0.00596812], ([0.000000e+00 0.000000e+00 0.000000e+00 0.000000e+00 4.656613e-10
 4.656613e-10 0.000000e+00]) 	 loss 4.819E-02 	 horizons 9.0
step 10080 	 return [0.         0.         0.00311633 0.00420905 0.00550987 0.00554458
 0.00512279], ([0.         0.         0.00035029 0.00187104 0.00077243 0.00039837
 0.0012034 ]) 	 loss 4.969E-02 	 horizons 9.0
step 10170 	 return [0.         0.         0.00209989 0.00819342 0.00773554 0.00647714
 0.00596812], ([0.000000e+00 0.000000e+00 0.000000e+00 0.000000e+00 4.656613e-10
 4.656613e-10 0.000000e+00]) 	 loss 3.656E-02 	 horizons 9.0
step 10260 	 return [0.         0.         0.00209989 0.00819342 0.00773554 0.00647714
 0.00596812], ([0.000000e+00 0.000000e+00 0.000000e+00 0.000000e+00 4.656613e-10
 4.656613e-10 0.000000e+00]) 	 loss 2.970E-02 	 horizons 9.0
step 10350 	 return [0.00019885 0.0002309  0.0027037  0.00943892 0.00118585 0.0045335
 0.00142052], ([0.00059655 0.00069271 0.0019601  0.00314631 0.00010391 0.00074928
 0.00047351]) 	 loss 4.579E-02 	 horizons 9.0
step 10440 	 return [0.         0.         0.00210401 0.01424304 0.00409286 0.00629161
 0.00294974], ([0.0000000e+00 0.0000000e+00 2.3283064e-10 0.0000000e+00 0.0000000e+00
 9.3132257e-10 2.3283064e-10]) 	 loss 1.726E-01 	 horizons 9.0
step 10530 	 return [0.         0.         0.00323309 0.00358538 0.00576735 0.00567737
 0.00552392], ([0.0000000e+00 0.0000000e+00 2.3283064e-10 0.0000000e+00 4.6566129e-10
 4.6566129e-10 0.0000000e+00]) 	 loss 3.669E-02 	 horizons 9.0
step 10620 	 return [0.         0.         0.00209989 0.00819342 0.00773554 0.00647714
 0.00596812], ([0.000000e+00 0.000000e+00 0.000000e+00 0.000000e+00 4.656613e-10
 4.656613e-10 0.000000e+00]) 	 loss 1.973E-02 	 horizons 9.0
step 10710 	 return [0.         0.         0.00209989 0.00819342 0.00773554 0.00647714
 0.00596812], ([0.000000e+00 0.000000e+00 0.000000e+00 0.000000e+00 4.656613e-10
 4.656613e-10 0.000000e+00]) 	 loss 7.032E-03 	 horizons 9.0
step 10800 	 return [0.         0.         0.00210401 0.01424304 0.00409286 0.00629161
 0.00294974], ([0.0000000e+00 0.0000000e+00 2.3283064e-10 0.0000000e+00 0.0000000e+00
 9.3132257e-10 2.3283064e-10]) 	 loss 3.915E-03 	 horizons 9.0
step 10890 	 return [0.         0.         0.00323385 0.00358606 0.00579223 0.0057029
 0.00552893], ([0.0000000e+00 0.0000000e+00 1.5266239e-06 1.3606622e-06 4.9766335e-05
 5.1052128e-05 1.0010228e-05]) 	 loss 1.582E-03 	 horizons 9.0
step 10980 	 return [0.         0.         0.00211773 0.00971328 0.00197172 0.0019133
 0.00200627], ([0.         0.         0.00013809 0.00064444 0.00079872 0.00234331
 0.00130285]) 	 loss 5.198E-03 	 horizons 9.0
step 11070 	 return [0.         0.         0.00209495 0.00837092 0.00705783 0.00637014
 0.00572888], ([0.00000000e+00 0.00000000e+00 1.06522475e-05 5.67398674e-04
 1.50510727e-03 2.19080452e-04 4.78754344e-04]) 	 loss 3.341E-02 	 horizons 9.0
step 11160 	 return [0.00363863 0.00246637 0.00731504 0.00067526 0.00046923 0.00183013
 0.        ], ([1.5971018e-06 1.1024997e-06 2.4651035e-05 5.2882825e-07 2.8014765e-07
 3.9684819e-06 0.0000000e+00]) 	 loss 1.265E-02 	 horizons 9.0
step 11250 	 return [0.00423565 0.00283325 0.00418273 0.00083798 0.00085039 0.00211662
 0.        ], ([0.00081836 0.00042014 0.00077886 0.00011562 0.00025896 0.00041646
 0.        ]) 	 loss 1.068E-02 	 horizons 9.0
step 11340 	 return [0.         0.         0.00210401 0.01424304 0.00409286 0.00629161
 0.00294974], ([0.0000000e+00 0.0000000e+00 2.3283064e-10 0.0000000e+00 0.0000000e+00
 9.3132257e-10 2.3283064e-10]) 	 loss 1.083E-02 	 horizons 9.0
step 11430 	 return [0.00362912 0.0024686  0.00715074 0.00071368 0.00055875 0.00186782
 0.        ], ([3.0106889e-05 5.5795526e-06 5.1754853e-04 1.1474823e-04 2.6829453e-04
 1.0910546e-04 0.0000000e+00]) 	 loss 5.958E-03 	 horizons 9.0
step 11520 	 return [0.00338358 0.00246754 0.0057875  0.00105907 0.00136577 0.002201
 0.        ], ([4.6567473e-04 5.3382668e-05 5.6823326e-04 3.4420284e-06 6.3937159e-06
 1.7587399e-05 0.0000000e+00]) 	 loss 4.588E-03 	 horizons 9.0
step 11610 	 return [0.         0.         0.00210401 0.01424304 0.00409286 0.00629161
 0.00294974], ([0.0000000e+00 0.0000000e+00 2.3283064e-10 0.0000000e+00 0.0000000e+00
 9.3132257e-10 2.3283064e-10]) 	 loss 2.823E-03 	 horizons 9.0
step 11700 	 return [0.         0.         0.00209989 0.00819342 0.00773554 0.00647714
 0.00596812], ([0.000000e+00 0.000000e+00 0.000000e+00 0.000000e+00 4.656613e-10
 4.656613e-10 0.000000e+00]) 	 loss 1.139E-03 	 horizons 9.0
step 11790 	 return [0.00198655 0.00230739 0.0074922  0.0010694  0.00138495 0.00225377
 0.        ], ([2.3283064e-10 2.3283064e-10 9.3132257e-10 0.0000000e+00 1.1641532e-10
 0.0000000e+00 0.0000000e+00]) 	 loss 9.206E-04 	 horizons 9.0
step 11880 	 return [0.00214372 0.00232656 0.00743331 0.0009651  0.00150541 0.00203158
 0.        ], ([4.7084127e-04 5.6943340e-05 6.3105259e-04 3.2179634e-04 3.2559710e-04
 6.7725987e-04 0.0000000e+00]) 	 loss 5.754E-04 	 horizons 9.0
step 11970 	 return [0.00494954 0.0019688  0.00370472 0.00092629 0.00105404 0.00252486
 0.        ], ([4.6566129e-10 0.0000000e+00 0.0000000e+00 1.1641532e-10 1.1641532e-10
 0.0000000e+00 0.0000000e+00]) 	 loss 4.799E-03 	 horizons 9.0
step 12060 	 return [0.00276268 0.00239637 0.00654515 0.00106366 0.00137429 0.00222445
 0.        ], ([7.7612459e-04 8.8971108e-05 9.4705541e-04 5.7367147e-06 1.0656193e-05
 2.9312330e-05 0.0000000e+00]) 	 loss 4.013E-03 	 horizons 9.0
step 12150 	 return [0.00248282 0.00227045 0.00821904 0.00067829 0.0004711  0.00184266
 0.        ], ([9.0582488e-04 1.5644573e-04 7.3826167e-04 2.5963066e-06 1.6209323e-06
 1.0084164e-05 0.0000000e+00]) 	 loss 1.040E-03 	 horizons 9.0
step 12240 	 return [0.         0.         0.00323691 0.00358878 0.00589176 0.005805
 0.00554895], ([0.0000000e+00 0.0000000e+00 2.3283064e-10 0.0000000e+00 0.0000000e+00
 0.0000000e+00 4.6566129e-10]) 	 loss 1.340E-02 	 horizons 9.0
step 12330 	 return [0.         0.         0.00209989 0.00819342 0.00773554 0.00647714
 0.00596812], ([0.000000e+00 0.000000e+00 0.000000e+00 0.000000e+00 4.656613e-10
 4.656613e-10 0.000000e+00]) 	 loss 1.533E-03 	 horizons 9.0
step 12420 	 return [0.         0.         0.00209989 0.00819342 0.00773554 0.00647714
 0.00596812], ([0.000000e+00 0.000000e+00 0.000000e+00 0.000000e+00 4.656613e-10
 4.656613e-10 0.000000e+00]) 	 loss 1.397E-03 	 horizons 9.0
step 12510 	 return [0.00363287 0.00246609 0.0073227  0.0006754  0.0004693  0.00183137
 0.        ], ([1.8859351e-05 1.9571746e-06 1.6668814e-06 8.2404611e-08 5.5250712e-08
 2.5557824e-07 0.0000000e+00]) 	 loss 7.183E-04 	 horizons 9.0
step 12600 	 return [0.         0.         0.00209989 0.00819342 0.00773554 0.00647714
 0.00596812], ([0.000000e+00 0.000000e+00 0.000000e+00 0.000000e+00 4.656613e-10
 4.656613e-10 0.000000e+00]) 	 loss 2.435E-03 	 horizons 9.0
step 12690 	 return [0.         0.         0.00323691 0.00358878 0.00589176 0.005805
 0.00554895], ([0.0000000e+00 0.0000000e+00 2.3283064e-10 0.0000000e+00 0.0000000e+00
 0.0000000e+00 4.6566129e-10]) 	 loss 7.382E-04 	 horizons 9.0
step 12780 	 return [0.00198655 0.00230739 0.0074922  0.0010694  0.00138495 0.00225377
 0.        ], ([2.3283064e-10 2.3283064e-10 9.3132257e-10 0.0000000e+00 1.1641532e-10
 0.0000000e+00 0.0000000e+00]) 	 loss 6.712E-04 	 horizons 9.0
step 12870 	 return [0.         0.         0.00210401 0.01424304 0.00409286 0.00629161
 0.00294974], ([0.0000000e+00 0.0000000e+00 2.3283064e-10 0.0000000e+00 0.0000000e+00
 9.3132257e-10 2.3283064e-10]) 	 loss 6.131E-04 	 horizons 9.0
step 12960 	 return [0.         0.         0.00210401 0.01424304 0.00409286 0.00629161
 0.00294974], ([0.0000000e+00 0.0000000e+00 2.3283064e-10 0.0000000e+00 0.0000000e+00
 9.3132257e-10 2.3283064e-10]) 	 loss 5.389E-04 	 horizons 9.0
step 13050 	 return [0.00213908 0.00232152 0.00725641 0.0010675  0.00138136 0.00224317
 0.        ], ([4.6662637e-04 5.5472014e-05 5.6416611e-04 3.6315330e-06 6.7770570e-06
 1.9108682e-05 0.0000000e+00]) 	 loss 5.016E-04 	 horizons 9.0
step 13140 	 return [0.0035388  0.00248534 0.00559809 0.00105793 0.00136363 0.00219514
 0.        ], ([0.0000000e+00 2.3283064e-10 4.6566129e-10 1.1641532e-10 1.1641532e-10
 0.0000000e+00 0.0000000e+00]) 	 loss 1.111E-02 	 horizons 9.0
step 13230 	 return [0.00198655 0.00230739 0.0074922  0.0010694  0.00138495 0.00225377
 0.        ], ([2.3283064e-10 2.3283064e-10 9.3132257e-10 0.0000000e+00 1.1641532e-10
 0.0000000e+00 0.0000000e+00]) 	 loss 8.031E-04 	 horizons 9.0
step 13320 	 return [0.0035388  0.00248534 0.00559809 0.00105793 0.00136363 0.00219514
 0.        ], ([0.0000000e+00 2.3283064e-10 4.6566129e-10 1.1641532e-10 1.1641532e-10
 0.0000000e+00 0.0000000e+00]) 	 loss 7.663E-04 	 horizons 9.0
step 13410 	 return [0.0035388  0.00248534 0.00559809 0.00105793 0.00136363 0.00219514
 0.        ], ([0.0000000e+00 2.3283064e-10 4.6566129e-10 1.1641532e-10 1.1641532e-10
 0.0000000e+00 0.0000000e+00]) 	 loss 5.553E-04 	 horizons 9.0
step 13500 	 return [0.00198655 0.00230739 0.0074922  0.0010694  0.00138495 0.00225377
 0.        ], ([2.3283064e-10 2.3283064e-10 9.3132257e-10 0.0000000e+00 1.1641532e-10
 0.0000000e+00 0.0000000e+00]) 	 loss 5.183E-04 	 horizons 9.0
step 13590 	 return [0.         0.         0.00323691 0.00358878 0.00589176 0.005805
 0.00554895], ([0.0000000e+00 0.0000000e+00 2.3283064e-10 0.0000000e+00 0.0000000e+00
 0.0000000e+00 4.6566129e-10]) 	 loss 5.213E-04 	 horizons 9.0
step 13680 	 return [0.         0.         0.00221455 0.00773397 0.00733319 0.00582943
 0.00655539], ([0.         0.         0.00034398 0.00137835 0.00120704 0.00194314
 0.0017618 ]) 	 loss 5.069E-04 	 horizons 9.0
step 13770 	 return [0.         0.         0.00210401 0.01424304 0.00409286 0.00629161
 0.00294974], ([0.0000000e+00 0.0000000e+00 2.3283064e-10 0.0000000e+00 0.0000000e+00
 9.3132257e-10 2.3283064e-10]) 	 loss 1.008E-03 	 horizons 9.0
step 13860 	 return [0.0035388  0.00248534 0.00559809 0.00105793 0.00136363 0.00219514
 0.        ], ([0.0000000e+00 2.3283064e-10 4.6566129e-10 1.1641532e-10 1.1641532e-10
 0.0000000e+00 0.0000000e+00]) 	 loss 4.664E-04 	 horizons 9.0
step 13950 	 return [0.         0.         0.00210401 0.01424304 0.00409286 0.00629161
 0.00294974], ([0.0000000e+00 0.0000000e+00 2.3283064e-10 0.0000000e+00 0.0000000e+00
 9.3132257e-10 2.3283064e-10]) 	 loss 4.622E-04 	 horizons 9.0
step 14040 	 return [0.         0.         0.00210401 0.01424304 0.00409286 0.00629161
 0.00294974], ([0.0000000e+00 0.0000000e+00 2.3283064e-10 0.0000000e+00 0.0000000e+00
 9.3132257e-10 2.3283064e-10]) 	 loss 3.978E-04 	 horizons 9.0
step 14130 	 return [0.         0.         0.00209989 0.00819342 0.00773554 0.00647714
 0.00596812], ([0.000000e+00 0.000000e+00 0.000000e+00 0.000000e+00 4.656613e-10
 4.656613e-10 0.000000e+00]) 	 loss 3.708E-04 	 horizons 9.0
step 14220 	 return [0.         0.         0.00323691 0.00358878 0.00589176 0.005805
 0.00554895], ([0.0000000e+00 0.0000000e+00 2.3283064e-10 0.0000000e+00 0.0000000e+00
 0.0000000e+00 4.6566129e-10]) 	 loss 3.754E-04 	 horizons 9.0
step 14310 	 return [0.00192903 0.00219377 0.00738261 0.00106884 0.00138394 0.002252
 0.        ], ([1.7256757e-04 3.4085984e-04 3.2877791e-04 1.6808160e-06 3.0111289e-06
 5.2880032e-06 0.0000000e+00]) 	 loss 3.709E-04 	 horizons 9.0
step 14400 	 return [0.         0.00045457 0.00292419 0.00613814 0.00114304 0.
 0.        ], ([0.         0.00024348 0.0003173  0.00176035 0.00079839 0.
 0.        ]) 	 loss 5.388E-04 	 horizons 9.0
step 14490 	 return [0.         0.         0.00209989 0.00819342 0.00773554 0.00647714
 0.00596812], ([0.000000e+00 0.000000e+00 0.000000e+00 0.000000e+00 4.656613e-10
 4.656613e-10 0.000000e+00]) 	 loss 6.107E-02 	 horizons 9.0
step 14580 	 return [0.00256634 0.0022658  0.00541794 0.00097088 0.00115615 0.00249029
 0.        ], ([1.0612651e-03 1.2915851e-04 1.6126651e-04 5.6898971e-05 1.3566906e-04
 1.9527480e-04 0.0000000e+00]) 	 loss 4.695E-03 	 horizons 9.0
step 14670 	 return [0.00198655 0.00230739 0.0074922  0.0010694  0.00138495 0.00225377
 0.        ], ([2.3283064e-10 2.3283064e-10 9.3132257e-10 0.0000000e+00 1.1641532e-10
 0.0000000e+00 0.0000000e+00]) 	 loss 1.415E-02 	 horizons 9.0
step 14760 	 return [0.         0.         0.00209989 0.00819342 0.00773554 0.00647714
 0.00596812], ([0.000000e+00 0.000000e+00 0.000000e+00 0.000000e+00 4.656613e-10
 4.656613e-10 0.000000e+00]) 	 loss 3.273E-03 	 horizons 9.0
step 14850 	 return [0.         0.         0.00209989 0.00819342 0.00773554 0.00647714
 0.00596812], ([0.000000e+00 0.000000e+00 0.000000e+00 0.000000e+00 4.656613e-10
 4.656613e-10 0.000000e+00]) 	 loss 1.297E-03 	 horizons 9.0
step 14940 	 return [0.         0.         0.00209989 0.00819342 0.00773554 0.00647714
 0.00596812], ([0.000000e+00 0.000000e+00 0.000000e+00 0.000000e+00 4.656613e-10
 4.656613e-10 0.000000e+00]) 	 loss 4.676E-04 	 horizons 9.0
step 15030 	 return [0.         0.         0.00210401 0.01424304 0.00409286 0.00629161
 0.00294974], ([0.0000000e+00 0.0000000e+00 2.3283064e-10 0.0000000e+00 0.0000000e+00
 9.3132257e-10 2.3283064e-10]) 	 loss 4.328E-04 	 horizons 9.0
step 15120 	 return [0.00170453 0.00189731 0.00641007 0.00211776 0.00148    0.0013579
 0.        ], ([0.00126379 0.00076734 0.00202646 0.00215451 0.0005554  0.00110884
 0.        ]) 	 loss 3.877E-04 	 horizons 9.0
step 15210 	 return [0.         0.         0.00210401 0.01424304 0.00409286 0.00629161
 0.00294974], ([0.0000000e+00 0.0000000e+00 2.3283064e-10 0.0000000e+00 0.0000000e+00
 9.3132257e-10 2.3283064e-10]) 	 loss 6.636E-03 	 horizons 9.0
step 15300 	 return [0.00106687 0.00111375 0.00381471 0.00434821 0.00126773 0.
 0.        ], ([0.00162967 0.00091264 0.00132676 0.00233007 0.00079176 0.
 0.        ]) 	 loss 4.369E-04 	 horizons 9.0
step 15390 	 return [0.         0.         0.00323691 0.00358878 0.00589176 0.005805
 0.00554895], ([0.0000000e+00 0.0000000e+00 2.3283064e-10 0.0000000e+00 0.0000000e+00
 0.0000000e+00 4.6566129e-10]) 	 loss 7.152E-03 	 horizons 9.0
step 15480 	 return [0.         0.00060511 0.00313073 0.00502668 0.00073951 0.
 0.        ], ([0.0000000e+00 5.8207661e-11 2.3283064e-10 0.0000000e+00 0.0000000e+00
 0.0000000e+00 0.0000000e+00]) 	 loss 6.207E-04 	 horizons 9.0
step 15570 	 return [0.00198655 0.00230739 0.0074922  0.0010694  0.00138495 0.00225377
 0.        ], ([2.3283064e-10 2.3283064e-10 9.3132257e-10 0.0000000e+00 1.1641532e-10
 0.0000000e+00 0.0000000e+00]) 	 loss 6.367E-04 	 horizons 9.0
step 15660 	 return [0.00198655 0.00230739 0.0074922  0.0010694  0.00138495 0.00225377
 0.        ], ([2.3283064e-10 2.3283064e-10 9.3132257e-10 0.0000000e+00 1.1641532e-10
 0.0000000e+00 0.0000000e+00]) 	 loss 4.517E-04 	 horizons 9.0
step 15750 	 return [0.         0.         0.00323691 0.00358878 0.00589176 0.005805
 0.00554895], ([0.0000000e+00 0.0000000e+00 2.3283064e-10 0.0000000e+00 0.0000000e+00
 0.0000000e+00 4.6566129e-10]) 	 loss 3.514E-04 	 horizons 9.0
step 15840 	 return [0.         0.         0.00323691 0.00358878 0.00589176 0.005805
 0.00554895], ([0.0000000e+00 0.0000000e+00 2.3283064e-10 0.0000000e+00 0.0000000e+00
 0.0000000e+00 4.6566129e-10]) 	 loss 2.880E-04 	 horizons 9.0
step 15930 	 return [0.0035388  0.00248534 0.00559809 0.00105793 0.00136363 0.00219514
 0.        ], ([0.0000000e+00 2.3283064e-10 4.6566129e-10 1.1641532e-10 1.1641532e-10
 0.0000000e+00 0.0000000e+00]) 	 loss 2.537E-04 	 horizons 9.0
step 16020 	 return [0.         0.         0.00209989 0.00819342 0.00773554 0.00647714
 0.00596812], ([0.000000e+00 0.000000e+00 0.000000e+00 0.000000e+00 4.656613e-10
 4.656613e-10 0.000000e+00]) 	 loss 2.857E-04 	 horizons 9.0
step 16110 	 return [0.00338358 0.00246754 0.0057875  0.00105907 0.00136577 0.002201
 0.        ], ([4.6567473e-04 5.3382668e-05 5.6823326e-04 3.4420284e-06 6.3937159e-06
 1.7587399e-05 0.0000000e+00]) 	 loss 2.456E-04 	 horizons 9.0
step 16200 	 return [0.00318969 0.00223292 0.00556139 0.00145969 0.00141453 0.00176197
 0.        ], ([0.00127568 0.00056097 0.00098512 0.00118905 0.00040001 0.00088116
 0.        ]) 	 loss 2.478E-04 	 horizons 9.0
step 16290 	 return [0.         0.         0.00323691 0.00358878 0.00589176 0.005805
 0.00554895], ([0.0000000e+00 0.0000000e+00 2.3283064e-10 0.0000000e+00 0.0000000e+00
 0.0000000e+00 4.6566129e-10]) 	 loss 5.583E-04 	 horizons 9.0
step 16380 	 return [0.         0.         0.00210401 0.01424304 0.00409286 0.00629161
 0.00294974], ([0.0000000e+00 0.0000000e+00 2.3283064e-10 0.0000000e+00 0.0000000e+00
 9.3132257e-10 2.3283064e-10]) 	 loss 2.721E-04 	 horizons 9.0
step 16470 	 return [0.00154581 0.0018145  0.00599435 0.00225544 0.00118919 0.00157177
 0.        ], ([0.00110933 0.00079345 0.00195498 0.00181421 0.00029445 0.00102911
 0.        ]) 	 loss 2.425E-04 	 horizons 9.0
step 16560 	 return [0.         0.000428   0.00277004 0.00652907 0.00076044 0.
 0.        ], ([0.0000000e+00 1.4461047e-04 2.9449913e-04 1.2267021e-03 1.7084622e-05
 0.0000000e+00 0.0000000e+00]) 	 loss 2.647E-04 	 horizons 9.0
step 16650 	 return [0.0017879  0.00213717 0.00705606 0.00146513 0.0013204  0.00202839
 0.        ], ([0.00059597 0.00051069 0.00130844 0.00118718 0.00019363 0.00067613
 0.        ]) 	 loss 2.231E-03 	 horizons 9.0
step 16740 	 return [0.00201846 0.00202526 0.00664713 0.00172787 0.00176394 0.00113469
 0.        ], ([0.00147257 0.0006777  0.00184771 0.0019343  0.00060888 0.0011348
 0.        ]) 	 loss 4.955E-04 	 horizons 9.0
step 16830 	 return [0.00198655 0.00230739 0.0074922  0.0010694  0.00138495 0.00225377
 0.        ], ([2.3283064e-10 2.3283064e-10 9.3132257e-10 0.0000000e+00 1.1641532e-10
 0.0000000e+00 0.0000000e+00]) 	 loss 4.015E-03 	 horizons 9.0
step 16920 	 return [0.00464111 0.00215418 0.00559314 0.00105758 0.00136303 0.00219397
 0.        ], ([7.2163070e-04 2.1678959e-04 3.2435707e-06 2.2939727e-07 3.9797757e-07
 7.6501328e-07 0.0000000e+00]) 	 loss 3.606E-04 	 horizons 9.0
step 17010 	 return [0.00338358 0.00246754 0.0057875  0.00105907 0.00136577 0.002201
 0.        ], ([4.6567473e-04 5.3382668e-05 5.6823326e-04 3.4420284e-06 6.3937168e-06
 1.7587399e-05 0.0000000e+00]) 	 loss 4.491E-04 	 horizons 9.0
step 17100 	 return [0.0027714  0.00240239 0.00665182 0.0010826  0.00193097 0.00112688
 0.        ], ([7.8484358e-04 9.4992574e-05 8.4038265e-04 1.3202312e-05 5.4602535e-04
 1.1268824e-03 0.0000000e+00]) 	 loss 4.058E-04 	 horizons 9.0
step 17190 	 return [0.         0.         0.00209989 0.00819342 0.00773554 0.00647714
 0.00596812], ([0.000000e+00 0.000000e+00 0.000000e+00 0.000000e+00 4.656613e-10
 4.656613e-10 0.000000e+00]) 	 loss 9.774E-04 	 horizons 9.0
step 17280 	 return [0.00304365 0.00228915 0.00571144 0.00148625 0.00219404 0.00022538
 0.        ], ([0.00111728 0.0005642  0.00099555 0.00118017 0.00058402 0.00067613
 0.        ]) 	 loss 3.859E-04 	 horizons 9.0
step 17370 	 return [0.002297   0.00234298 0.00711338 0.0010671  0.00138068 0.00224204
 0.        ], ([6.2089961e-04 7.1176888e-05 7.5764436e-04 4.5893712e-06 8.5249540e-06
 2.3449864e-05 0.0000000e+00]) 	 loss 1.077E-03 	 horizons 9.0
step 17460 	 return [0.         0.         0.00323691 0.00358878 0.00589176 0.005805
 0.00554895], ([0.0000000e+00 0.0000000e+00 2.3283064e-10 0.0000000e+00 0.0000000e+00
 0.0000000e+00 4.6566129e-10]) 	 loss 3.726E-04 	 horizons 9.0
step 17550 	 return [0.         0.         0.00323691 0.00358878 0.00589176 0.005805
 0.00554895], ([0.0000000e+00 0.0000000e+00 2.3283064e-10 0.0000000e+00 0.0000000e+00
 0.0000000e+00 4.6566129e-10]) 	 loss 3.663E-04 	 horizons 9.0
step 17640 	 return [0.         0.         0.00210401 0.01424304 0.00409286 0.00629161
 0.00294974], ([0.0000000e+00 0.0000000e+00 2.3283064e-10 0.0000000e+00 0.0000000e+00
 9.3132257e-10 2.3283064e-10]) 	 loss 2.950E-04 	 horizons 9.0
step 17730 	 return [0.0035388  0.00248534 0.00559809 0.00105793 0.00136363 0.00219514
 0.        ], ([0.0000000e+00 2.3283064e-10 4.6566129e-10 1.1641532e-10 1.1641532e-10
 0.0000000e+00 0.0000000e+00]) 	 loss 2.467E-04 	 horizons 9.0
step 17820 	 return [0.         0.         0.00209989 0.00819342 0.00773554 0.00647714
 0.00596812], ([0.000000e+00 0.000000e+00 0.000000e+00 0.000000e+00 4.656613e-10
 4.656613e-10 0.000000e+00]) 	 loss 2.669E-04 	 horizons 9.0
step 17910 	 return [0.         0.         0.0021036  0.01363807 0.00445713 0.00631016
 0.00325158], ([0.0000000e+00 0.0000000e+00 1.2375880e-06 1.8148854e-03 1.0928023e-03
 5.5658773e-05 9.0551301e-04]) 	 loss 2.525E-04 	 horizons 9.0
step 18000 	 return [0.00198655 0.00230739 0.0074922  0.0010694  0.00138495 0.00225377
 0.        ], ([2.3283064e-10 2.3283064e-10 9.3132257e-10 0.0000000e+00 1.1641532e-10
 0.0000000e+00 0.0000000e+00]) 	 loss 2.365E-04 	 horizons 9.0
step 18090 	 return [0.00479859 0.00210688 0.00559243 0.00105753 0.00136294 0.00219381
 0.        ], ([6.2989094e-04 1.8922947e-04 2.8312206e-06 2.0023435e-07 3.4738332e-07
 6.6775829e-07 0.0000000e+00]) 	 loss 2.191E-04 	 horizons 9.0
step 18180 	 return [0.         0.         0.00210401 0.01424304 0.00409286 0.00629161
 0.00294974], ([0.0000000e+00 0.0000000e+00 2.3283064e-10 0.0000000e+00 0.0000000e+00
 9.3132257e-10 2.3283064e-10]) 	 loss 2.661E-04 	 horizons 9.0
step 18270 	 return [0.         0.         0.00209989 0.00819342 0.00773554 0.00647714
 0.00596812], ([0.000000e+00 0.000000e+00 0.000000e+00 0.000000e+00 4.656613e-10
 4.656613e-10 0.000000e+00]) 	 loss 2.447E-04 	 horizons 9.0
step 18360 	 return [0.         0.         0.00210401 0.01424304 0.00409286 0.00629161
 0.00294974], ([0.0000000e+00 0.0000000e+00 2.3283064e-10 0.0000000e+00 0.0000000e+00
 9.3132257e-10 2.3283064e-10]) 	 loss 2.145E-04 	 horizons 9.0
step 18450 	 return [0.00198655 0.00230739 0.0074922  0.0010694  0.00138495 0.00225377
 0.        ], ([2.3283064e-10 2.3283064e-10 9.3132257e-10 0.0000000e+00 1.1641532e-10
 0.0000000e+00 0.0000000e+00]) 	 loss 1.969E-04 	 horizons 9.0
step 18540 	 return [0.         0.         0.00210401 0.01424304 0.00409286 0.00629161
 0.00294974], ([0.0000000e+00 0.0000000e+00 2.3283064e-10 0.0000000e+00 0.0000000e+00
 9.3132257e-10 2.3283064e-10]) 	 loss 2.107E-04 	 horizons 9.0
step 18630 	 return [0.         0.         0.00323691 0.00358878 0.00589176 0.005805
 0.00554895], ([0.0000000e+00 0.0000000e+00 2.3283064e-10 0.0000000e+00 0.0000000e+00
 0.0000000e+00 4.6566129e-10]) 	 loss 1.869E-04 	 horizons 9.0
step 18720 	 return [0.00245223 0.00236078 0.00692397 0.00106596 0.00137855 0.00223618
 0.        ], ([7.1132986e-04 8.1543367e-05 8.6799060e-04 5.2577852e-06 9.7665625e-06
 2.6865197e-05 0.0000000e+00]) 	 loss 1.908E-04 	 horizons 9.0
step 18810 	 return [0.         0.         0.00323691 0.00358878 0.00589176 0.005805
 0.00554895], ([0.0000000e+00 0.0000000e+00 2.3283064e-10 0.0000000e+00 0.0000000e+00
 0.0000000e+00 4.6566129e-10]) 	 loss 2.055E-04 	 horizons 9.0
step 18900 	 return [0.00198655 0.00230739 0.0074922  0.0010694  0.00138495 0.00225377
 0.        ], ([2.3283064e-10 2.3283064e-10 9.3132257e-10 0.0000000e+00 1.1641532e-10
 0.0000000e+00 0.0000000e+00]) 	 loss 1.748E-04 	 horizons 9.0
step 18990 	 return [0.         0.         0.00210401 0.01424304 0.00409286 0.00629161
 0.00294974], ([0.0000000e+00 0.0000000e+00 2.3283064e-10 0.0000000e+00 0.0000000e+00
 9.3132257e-10 2.3283064e-10]) 	 loss 1.612E-04 	 horizons 9.0
step 19080 	 return [0.00198655 0.00230739 0.0074922  0.0010694  0.00138495 0.00225377
 0.        ], ([2.3283064e-10 2.3283064e-10 9.3132257e-10 0.0000000e+00 1.1641532e-10
 0.0000000e+00 0.0000000e+00]) 	 loss 1.340E-04 	 horizons 9.0
step 19170 	 return [0.         0.         0.00323691 0.00358878 0.00589176 0.005805
 0.00554895], ([0.0000000e+00 0.0000000e+00 2.3283064e-10 0.0000000e+00 0.0000000e+00
 0.0000000e+00 4.6566129e-10]) 	 loss 1.318E-04 	 horizons 9.0
step 19260 	 return [0.         0.         0.00323691 0.00358878 0.00589176 0.005805
 0.00554895], ([0.0000000e+00 0.0000000e+00 2.3283064e-10 0.0000000e+00 0.0000000e+00
 0.0000000e+00 4.6566129e-10]) 	 loss 1.382E-04 	 horizons 9.0
step 19350 	 return [0.         0.         0.00209989 0.00819342 0.00773554 0.00647714
 0.00596812], ([0.000000e+00 0.000000e+00 0.000000e+00 0.000000e+00 4.656613e-10
 4.656613e-10 0.000000e+00]) 	 loss 1.344E-04 	 horizons 9.0
step 19440 	 return [0.         0.         0.00210401 0.01424304 0.00409286 0.00629161
 0.00294974], ([0.0000000e+00 0.0000000e+00 2.3283064e-10 0.0000000e+00 0.0000000e+00
 9.3132257e-10 2.3283064e-10]) 	 loss 1.332E-04 	 horizons 9.0
step 19530 	 return [0.         0.         0.00210401 0.01424304 0.00409286 0.00629161
 0.00294974], ([0.0000000e+00 0.0000000e+00 2.3283064e-10 0.0000000e+00 0.0000000e+00
 9.3132257e-10 2.3283064e-10]) 	 loss 1.218E-04 	 horizons 9.0
step 19620 	 return [0.         0.         0.00210401 0.01424304 0.00409286 0.00629161
 0.00294974], ([0.0000000e+00 0.0000000e+00 2.3283064e-10 0.0000000e+00 0.0000000e+00
 9.3132257e-10 2.3283064e-10]) 	 loss 1.108E-04 	 horizons 9.0
step 19710 	 return [0.00019943 0.00051038 0.00304816 0.00688833 0.00094937 0.
 0.        ], ([0.00059829 0.00060137 0.00155573 0.00192702 0.00052494 0.
 0.        ]) 	 loss 9.393E-05 	 horizons 9.0
step 19800 	 return [0.         0.         0.00323691 0.00358878 0.00589176 0.005805
 0.00554895], ([0.0000000e+00 0.0000000e+00 2.3283064e-10 0.0000000e+00 0.0000000e+00
 0.0000000e+00 4.6566129e-10]) 	 loss 1.010E-04 	 horizons 9.0
step 19890 	 return [0.0029179  0.00241416 0.00635574 0.00106252 0.00137216 0.00221859
 0.        ], ([7.6044363e-04 8.7173525e-05 9.2792098e-04 5.6208091e-06 1.0440894e-05
 2.8720100e-05 0.0000000e+00]) 	 loss 1.032E-04 	 horizons 9.0
step 19980 	 return [0.00158768 0.00190295 0.00654748 0.00238987 0.00216453 0.
 0.        ], ([0.0007939  0.00079663 0.00201473 0.0025704  0.00069515 0.
 0.        ]) 	 loss 8.817E-05 	 horizons 9.0
step 20070 	 return [0.         0.         0.00210401 0.01424304 0.00409286 0.00629161
 0.00294974], ([0.0000000e+00 0.0000000e+00 2.3283064e-10 0.0000000e+00 0.0000000e+00
 9.3132257e-10 2.3283064e-10]) 	 loss 1.989E-02 	 horizons 9.0
step 20160 	 return [0.0035388  0.00248534 0.00559809 0.00105793 0.00136363 0.00219514
 0.        ], ([0.0000000e+00 2.3283064e-10 4.6566129e-10 1.1641532e-10 1.1641532e-10
 0.0000000e+00 0.0000000e+00]) 	 loss 4.411E-04 	 horizons 9.0
step 20250 	 return [0.         0.         0.00209989 0.00819342 0.00773554 0.00647714
 0.00596812], ([0.000000e+00 0.000000e+00 0.000000e+00 0.000000e+00 4.656613e-10
 4.656613e-10 0.000000e+00]) 	 loss 2.655E-04 	 horizons 9.0
step 20340 	 return [0.0035388  0.00248534 0.00559809 0.00105793 0.00136363 0.00219514
 0.        ], ([0.0000000e+00 2.3283064e-10 4.6566129e-10 1.1641532e-10 1.1641532e-10
 0.0000000e+00 0.0000000e+00]) 	 loss 1.440E-04 	 horizons 9.0
step 20430 	 return [0.0035388  0.00248534 0.00559809 0.00105793 0.00136363 0.00219514
 0.        ], ([0.0000000e+00 2.3283064e-10 4.6566129e-10 1.1641532e-10 1.1641532e-10
 0.0000000e+00 0.0000000e+00]) 	 loss 1.529E-04 	 horizons 9.0
step 20520 	 return [0.00198655 0.00230739 0.0074922  0.0010694  0.00138495 0.00225377
 0.        ], ([2.3283064e-10 2.3283064e-10 9.3132257e-10 0.0000000e+00 1.1641532e-10
 0.0000000e+00 0.0000000e+00]) 	 loss 1.429E-04 	 horizons 9.0
step 20610 	 return [0.         0.00030992 0.00252958 0.00753067 0.00077439 0.
 0.        ], ([0.0000000e+00 2.9103830e-11 2.3283064e-10 9.3132257e-10 0.0000000e+00
 0.0000000e+00 0.0000000e+00]) 	 loss 1.439E-04 	 horizons 9.0
step 20700 	 return [0.00055268 0.00075535 0.00339851 0.00599387 0.00111354 0.
 0.        ], ([0.00116084 0.00082311 0.00163345 0.00255722 0.00068711 0.
 0.        ]) 	 loss 1.538E-04 	 horizons 9.0
step 20790 	 return [0.00511353 0.00201226 0.00559101 0.00105743 0.00136277 0.00219347
 0.        ], ([0.0000000e+00 2.3283064e-10 4.6566129e-10 0.0000000e+00 1.1641532e-10
 2.3283064e-10 0.0000000e+00]) 	 loss 5.974E-04 	 horizons 9.0
step 20880 	 return [0.00308917 0.00223999 0.00681777 0.00107981 0.00182129 0.00135226
 0.        ], ([1.4182624e-03 1.5476723e-04 8.2600676e-04 1.2752382e-05 5.3440389e-04
 1.1041148e-03 0.0000000e+00]) 	 loss 1.440E-04 	 horizons 9.0
step 20970 	 return [0.         0.         0.00209989 0.00819342 0.00773554 0.00647714
 0.00596812], ([0.000000e+00 0.000000e+00 0.000000e+00 0.000000e+00 4.656613e-10
 4.656613e-10 0.000000e+00]) 	 loss 8.092E-04 	 horizons 9.0
step 21060 	 return [0.0035388  0.00248534 0.00559809 0.00105793 0.00136363 0.00219514
 0.        ], ([0.0000000e+00 2.3283064e-10 4.6566129e-10 1.1641532e-10 1.1641532e-10
 0.0000000e+00 0.0000000e+00]) 	 loss 3.222E-04 	 horizons 9.0
step 21150 	 return [0.0051551  0.00181104 0.00558771 0.00105727 0.0013625  0.00219291
 0.        ], ([1.2472132e-04 6.0367875e-04 9.9132776e-06 4.6163328e-07 8.1262550e-07
 1.6974750e-06 0.0000000e+00]) 	 loss 2.046E-04 	 horizons 9.0
step 21240 	 return [0.00260745 0.00237857 0.00673456 0.00106481 0.00137642 0.00223032
 0.        ], ([7.6044363e-04 8.7173525e-05 9.2792098e-04 5.6208091e-06 1.0440894e-05
 2.8720100e-05 0.0000000e+00]) 	 loss 5.210E-03 	 horizons 9.0
step 21330 	 return [0.00198655 0.00230739 0.0074922  0.0010694  0.00138495 0.00225377
 0.        ], ([2.3283064e-10 2.3283064e-10 9.3132257e-10 0.0000000e+00 1.1641532e-10
 0.0000000e+00 0.0000000e+00]) 	 loss 2.463E-04 	 horizons 9.0
step 21420 	 return [0.         0.         0.00323691 0.00358878 0.00589176 0.005805
 0.00554895], ([0.0000000e+00 0.0000000e+00 2.3283064e-10 0.0000000e+00 0.0000000e+00
 0.0000000e+00 4.6566129e-10]) 	 loss 2.850E-04 	 horizons 9.0
step 21510 	 return [0.0035388  0.00248534 0.00559809 0.00105793 0.00136363 0.00219514
 0.        ], ([0.0000000e+00 2.3283064e-10 4.6566129e-10 1.1641532e-10 1.1641532e-10
 0.0000000e+00 0.0000000e+00]) 	 loss 1.835E-04 	 horizons 9.0
step 21600 	 return [0.00338325 0.00246717 0.00577908 0.0010589  0.00136541 0.00219968
 0.        ], ([4.66648635e-04 5.44852301e-05 5.42959780e-04 2.91319998e-06
 5.33543016e-06 1.36189165e-05 0.00000000e+00]) 	 loss 2.208E-04 	 horizons 9.0
step 21690 	 return [0.00158924 0.00205688 0.00719313 0.00146568 0.00132139 0.00203055
 0.        ], ([0.00079462 0.00053988 0.00141446 0.001187   0.00019398 0.00067688
 0.        ]) 	 loss 5.371E-03 	 horizons 9.0
step 21780 	 return [0.         0.         0.00209989 0.00819342 0.00773554 0.00647714
 0.00596812], ([0.000000e+00 0.000000e+00 0.000000e+00 0.000000e+00 4.656613e-10
 4.656613e-10 0.000000e+00]) 	 loss 9.415E-04 	 horizons 9.0
step 21870 	 return [0.         0.         0.00323691 0.00358878 0.00589176 0.005805
 0.00554895], ([0.0000000e+00 0.0000000e+00 2.3283064e-10 0.0000000e+00 0.0000000e+00
 0.0000000e+00 4.6566129e-10]) 	 loss 4.838E-04 	 horizons 9.0
step 21960 	 return [0.00071125 0.00098356 0.00366687 0.0042405  0.00108701 0.
 0.        ], ([0.0014225  0.00075691 0.00107228 0.00157235 0.00069499 0.
 0.        ]) 	 loss 2.696E-04 	 horizons 9.0
step 22050 	 return [0.00198655 0.00230739 0.0074922  0.0010694  0.00138495 0.00225377
 0.        ], ([2.3283064e-10 2.3283064e-10 9.3132257e-10 0.0000000e+00 1.1641532e-10
 0.0000000e+00 0.0000000e+00]) 	 loss 3.850E-04 	 horizons 9.0
step 22140 	 return [0.         0.         0.00323691 0.00358878 0.00589176 0.005805
 0.00554895], ([0.0000000e+00 0.0000000e+00 2.3283064e-10 0.0000000e+00 0.0000000e+00
 0.0000000e+00 4.6566129e-10]) 	 loss 1.911E-04 	 horizons 9.0
step 22230 	 return [0.         0.         0.00209989 0.00819342 0.00773554 0.00647714
 0.00596812], ([0.000000e+00 0.000000e+00 0.000000e+00 0.000000e+00 4.656613e-10
 4.656613e-10 0.000000e+00]) 	 loss 1.684E-04 	 horizons 9.0
step 22320 	 return [0.0035388  0.00248534 0.00559809 0.00105793 0.00136363 0.00219514
 0.        ], ([0.0000000e+00 2.3283064e-10 4.6566129e-10 1.1641532e-10 1.1641532e-10
 0.0000000e+00 0.0000000e+00]) 	 loss 1.452E-04 	 horizons 9.0
step 22410 	 return [0.         0.         0.00323691 0.00358878 0.00589176 0.005805
 0.00554895], ([0.0000000e+00 0.0000000e+00 2.3283064e-10 0.0000000e+00 0.0000000e+00
 0.0000000e+00 4.6566129e-10]) 	 loss 1.414E-04 	 horizons 9.0
step 22500 	 return [0.         0.         0.00209989 0.00819342 0.00773554 0.00647714
 0.00596812], ([0.000000e+00 0.000000e+00 0.000000e+00 0.000000e+00 4.656613e-10
 4.656613e-10 0.000000e+00]) 	 loss 1.397E-04 	 horizons 9.0
step 22590 	 return [0.         0.         0.00209989 0.00819342 0.00773554 0.00647714
 0.00596812], ([0.000000e+00 0.000000e+00 0.000000e+00 0.000000e+00 4.656613e-10
 4.656613e-10 0.000000e+00]) 	 loss 1.295E-04 	 horizons 9.0
step 22680 	 return [0.00198655 0.00230739 0.0074922  0.0010694  0.00138495 0.00225377
 0.        ], ([2.3283064e-10 2.3283064e-10 9.3132257e-10 0.0000000e+00 1.1641532e-10
 0.0000000e+00 0.0000000e+00]) 	 loss 1.381E-04 	 horizons 9.0
step 22770 	 return [0.         0.         0.00210401 0.01424304 0.00409286 0.00629161
 0.00294974], ([0.0000000e+00 0.0000000e+00 2.3283064e-10 0.0000000e+00 0.0000000e+00
 9.3132257e-10 2.3283064e-10]) 	 loss 1.185E-04 	 horizons 9.0
step 22860 	 return [0.00511353 0.00201226 0.00559101 0.00105743 0.00136277 0.00219347
 0.        ], ([0.0000000e+00 2.3283064e-10 4.6566129e-10 0.0000000e+00 1.1641532e-10
 2.3283064e-10 0.0000000e+00]) 	 loss 1.151E-04 	 horizons 9.0
step 22950 	 return [0.00495606 0.00205957 0.00559172 0.00105748 0.00136285 0.00219364
 0.        ], ([4.7241818e-04 1.4192211e-04 2.1234155e-06 1.5017577e-07 2.6053752e-07
 5.0081877e-07 0.0000000e+00]) 	 loss 1.205E-04 	 horizons 9.0
step 23040 	 return [0.         0.         0.00209989 0.00819342 0.00773554 0.00647714
 0.00596812], ([0.000000e+00 0.000000e+00 0.000000e+00 0.000000e+00 4.656613e-10
 4.656613e-10 0.000000e+00]) 	 loss 1.159E-04 	 horizons 9.0
step 23130 	 return [0.         0.         0.00323691 0.00358878 0.00589176 0.005805
 0.00554895], ([0.0000000e+00 0.0000000e+00 2.3283064e-10 0.0000000e+00 0.0000000e+00
 0.0000000e+00 4.6566129e-10]) 	 loss 1.133E-04 	 horizons 9.0
step 23220 	 return [0.00035562 0.00064674 0.00309823 0.00588559 0.0009307  0.
 0.        ], ([0.00106687 0.00063238 0.00094776 0.00198556 0.00051569 0.
 0.        ]) 	 loss 1.046E-04 	 horizons 9.0
step 23310 	 return [0.         0.         0.00323691 0.00358878 0.00589176 0.005805
 0.00554895], ([0.0000000e+00 0.0000000e+00 2.3283064e-10 0.0000000e+00 0.0000000e+00
 0.0000000e+00 4.6566129e-10]) 	 loss 1.851E-04 	 horizons 9.0
step 23400 	 return [0.         0.         0.00323691 0.00358878 0.00589176 0.005805
 0.00554895], ([0.0000000e+00 0.0000000e+00 2.3283064e-10 0.0000000e+00 0.0000000e+00
 0.0000000e+00 4.6566129e-10]) 	 loss 1.022E-04 	 horizons 9.0
step 23490 	 return [0.         0.         0.00209989 0.00819342 0.00773554 0.00647714
 0.00596812], ([0.000000e+00 0.000000e+00 0.000000e+00 0.000000e+00 4.656613e-10
 4.656613e-10 0.000000e+00]) 	 loss 9.370E-05 	 horizons 9.0
step 23580 	 return [0.00157647 0.00203834 0.00711737 0.00149204 0.00221319 0.00023102
 0.        ], ([0.00078823 0.00052813 0.00145906 0.00117823 0.00058912 0.00069307
 0.        ]) 	 loss 8.249E-05 	 horizons 9.0
step 23670 	 return [0.00198655 0.00230739 0.0074922  0.0010694  0.00138495 0.00225377
 0.        ], ([2.3283064e-10 2.3283064e-10 9.3132257e-10 0.0000000e+00 1.1641532e-10
 0.0000000e+00 0.0000000e+00]) 	 loss 2.715E-03 	 horizons 9.0
step 23760 	 return [0.         0.         0.00210401 0.01424304 0.00409286 0.00629161
 0.00294974], ([0.0000000e+00 0.0000000e+00 2.3283064e-10 0.0000000e+00 0.0000000e+00
 9.3132257e-10 2.3283064e-10]) 	 loss 4.286E-04 	 horizons 9.0
step 23850 	 return [0.         0.         0.00209989 0.00819342 0.00773554 0.00647714
 0.00596812], ([0.000000e+00 0.000000e+00 0.000000e+00 0.000000e+00 4.656613e-10
 4.656613e-10 0.000000e+00]) 	 loss 1.112E-04 	 horizons 9.0
step 23940 	 return [0.00039731 0.00166514 0.00858878 0.00107386 0.00139286 0.00227104
 0.        ], ([7.9462182e-04 3.2112622e-04 5.4828863e-04 2.2294464e-06 3.9567240e-06
 8.6390410e-06 0.0000000e+00]) 	 loss 1.009E-04 	 horizons 9.0
step 24030 	 return [0.         0.         0.00323691 0.00358878 0.00589176 0.005805
 0.00554895], ([0.0000000e+00 0.0000000e+00 2.3283064e-10 0.0000000e+00 0.0000000e+00
 0.0000000e+00 4.6566129e-10]) 	 loss 1.632E-03 	 horizons 9.0
step 24120 	 return [0.0035388  0.00248534 0.00559809 0.00105793 0.00136363 0.00219514
 0.        ], ([0.0000000e+00 2.3283064e-10 4.6566129e-10 1.1641532e-10 1.1641532e-10
 0.0000000e+00 0.0000000e+00]) 	 loss 1.373E-04 	 horizons 9.0
step 24210 	 return [0.00198655 0.00230739 0.0074922  0.0010694  0.00138495 0.00225377
 0.        ], ([2.3283064e-10 2.3283064e-10 9.3132257e-10 0.0000000e+00 1.1641532e-10
 0.0000000e+00 0.0000000e+00]) 	 loss 3.954E-04 	 horizons 9.0
step 24300 	 return [0.         0.         0.00209989 0.00819342 0.00773554 0.00647714
 0.00596812], ([0.000000e+00 0.000000e+00 0.000000e+00 0.000000e+00 4.656613e-10
 4.656613e-10 0.000000e+00]) 	 loss 1.204E-04 	 horizons 9.0
step 24390 	 return [0.00513872 0.00201937 0.00580436 0.0010953  0.00247539 0.
 0.        ], ([4.6566129e-10 0.0000000e+00 4.6566129e-10 1.1641532e-10 2.3283064e-10
 0.0000000e+00 0.0000000e+00]) 	 loss 1.147E-04 	 horizons 9.0
step 24480 	 return [0.00198655 0.00230739 0.0074922  0.0010694  0.00138495 0.00225377
 0.        ], ([2.3283064e-10 2.3283064e-10 9.3132257e-10 0.0000000e+00 1.1641532e-10
 0.0000000e+00 0.0000000e+00]) 	 loss 4.381E-03 	 horizons 9.0
step 24570 	 return [0.         0.         0.00323691 0.00358878 0.00589176 0.005805
 0.00554895], ([0.0000000e+00 0.0000000e+00 2.3283064e-10 0.0000000e+00 0.0000000e+00
 0.0000000e+00 4.6566129e-10]) 	 loss 2.816E-04 	 horizons 9.0
step 24660 	 return [0.         0.         0.00323691 0.00358878 0.00589176 0.005805
 0.00554895], ([0.0000000e+00 0.0000000e+00 2.3283064e-10 0.0000000e+00 0.0000000e+00
 0.0000000e+00 4.6566129e-10]) 	 loss 3.124E-04 	 horizons 9.0
step 24750 	 return [0.00197263 0.00228442 0.00736534 0.00110191 0.0024998  0.
 0.        ], ([6.1421879e-06 8.8010665e-06 8.8585555e-05 1.2007777e-06 5.0039962e-06
 0.0000000e+00 0.0000000e+00]) 	 loss 9.085E-05 	 horizons 9.0
step 24840 	 return [0.00511353 0.00201226 0.00559101 0.00105743 0.00136277 0.00219347
 0.        ], ([0.0000000e+00 2.3283064e-10 4.6566129e-10 0.0000000e+00 1.1641532e-10
 2.3283064e-10 0.0000000e+00]) 	 loss 2.281E-03 	 horizons 9.0
step 24930 	 return [0.         0.         0.00210401 0.01424304 0.00409286 0.00629161
 0.00294974], ([0.0000000e+00 0.0000000e+00 2.3283064e-10 0.0000000e+00 0.0000000e+00
 9.3132257e-10 2.3283064e-10]) 	 loss 2.013E-04 	 horizons 9.0
step 25020 	 return [0.00448364 0.00220149 0.00559385 0.00105763 0.00136311 0.00219414
 0.        ], ([7.7145564e-04 2.3175783e-04 3.4675229e-06 2.4523601e-07 4.2545594e-07
 8.1783355e-07 0.0000000e+00]) 	 loss 1.085E-04 	 horizons 9.0
step 25110 	 return [0.         0.         0.00209989 0.00819342 0.00773554 0.00647714
 0.00596812], ([0.000000e+00 0.000000e+00 0.000000e+00 0.000000e+00 4.656613e-10
 4.656613e-10 0.000000e+00]) 	 loss 8.941E-05 	 horizons 9.0
step 25200 	 return [0.0035388  0.00248534 0.00559809 0.00105793 0.00136363 0.00219514
 0.        ], ([0.0000000e+00 2.3283064e-10 4.6566129e-10 1.1641532e-10 1.1641532e-10
 0.0000000e+00 0.0000000e+00]) 	 loss 8.105E-05 	 horizons 9.0
step 25290 	 return [0.         0.         0.00210277 0.01242815 0.00518567 0.00634727
 0.00385526], ([0.0000000e+00 0.0000000e+00 1.8904469e-06 2.7722833e-03 1.6692830e-03
 8.5020176e-05 1.3831940e-03]) 	 loss 9.151E-05 	 horizons 9.0
step 25380 	 return [0.0035388  0.00248534 0.00559809 0.00105793 0.00136363 0.00219514
 0.        ], ([0.0000000e+00 2.3283064e-10 4.6566129e-10 1.1641532e-10 1.1641532e-10
 0.0000000e+00 0.0000000e+00]) 	 loss 8.159E-05 	 horizons 9.0
step 25470 	 return [0.00197877 0.00229322 0.00745393 0.00110311 0.0025048  0.
 0.        ], ([1.00301522e-05 1.43720845e-05 1.44659571e-04 1.96086148e-06
 8.17149157e-06 0.00000000e+00 0.00000000e+00]) 	 loss 8.990E-05 	 horizons 9.0
step 25560 	 return [0.00198655 0.00230739 0.0074922  0.0010694  0.00138495 0.00225377
 0.        ], ([2.3283064e-10 2.3283064e-10 9.3132257e-10 0.0000000e+00 1.1641532e-10
 0.0000000e+00 0.0000000e+00]) 	 loss 1.677E-03 	 horizons 9.0
step 25650 	 return [0.         0.         0.00209989 0.00819342 0.00773554 0.00647714
 0.00596812], ([0.000000e+00 0.000000e+00 0.000000e+00 0.000000e+00 4.656613e-10
 4.656613e-10 0.000000e+00]) 	 loss 1.142E-04 	 horizons 9.0
step 25740 	 return [0.00198655 0.00230739 0.0074922  0.0010694  0.00138495 0.00225377
 0.        ], ([2.3283064e-10 2.3283064e-10 9.3132257e-10 0.0000000e+00 1.1641532e-10
 0.0000000e+00 0.0000000e+00]) 	 loss 1.271E-04 	 horizons 9.0
step 25830 	 return [0.00198655 0.00230739 0.0074922  0.0010694  0.00138495 0.00225377
 0.        ], ([2.3283064e-10 2.3283064e-10 9.3132257e-10 0.0000000e+00 1.1641532e-10
 0.0000000e+00 0.0000000e+00]) 	 loss 9.974E-05 	 horizons 9.0
step 25920 	 return [0.00511353 0.00201226 0.00559101 0.00105743 0.00136277 0.00219347
 0.        ], ([0.0000000e+00 2.3283064e-10 4.6566129e-10 0.0000000e+00 1.1641532e-10
 2.3283064e-10 0.0000000e+00]) 	 loss 8.625E-05 	 horizons 9.0
step 26010 	 return [0.00039731 0.00166514 0.00858878 0.00107386 0.00139286 0.00227104
 0.        ], ([7.9462182e-04 3.2112622e-04 5.4828863e-04 2.2294464e-06 3.9567240e-06
 8.6390410e-06 0.0000000e+00]) 	 loss 9.795E-05 	 horizons 9.0
step 26100 	 return [0.00198655 0.00230739 0.0074922  0.0010694  0.00138495 0.00225377
 0.        ], ([2.3283064e-10 2.3283064e-10 9.3132257e-10 0.0000000e+00 1.1641532e-10
 0.0000000e+00 0.0000000e+00]) 	 loss 1.120E-04 	 horizons 9.0
step 26190 	 return [0.0035388  0.00248534 0.00559809 0.00105793 0.00136363 0.00219514
 0.        ], ([0.0000000e+00 2.3283064e-10 4.6566129e-10 1.1641532e-10 1.1641532e-10
 0.0000000e+00 0.0000000e+00]) 	 loss 9.321E-05 	 horizons 9.0
step 26280 	 return [0.         0.         0.00209989 0.00819342 0.00773554 0.00647714
 0.00596812], ([0.000000e+00 0.000000e+00 0.000000e+00 0.000000e+00 4.656613e-10
 4.656613e-10 0.000000e+00]) 	 loss 9.316E-05 	 horizons 9.0
step 26370 	 return [0.         0.         0.00323691 0.00358878 0.00589176 0.005805
 0.00554895], ([0.0000000e+00 0.0000000e+00 2.3283064e-10 0.0000000e+00 0.0000000e+00
 0.0000000e+00 4.6566129e-10]) 	 loss 9.001E-05 	 horizons 9.0
step 26460 	 return [0.00511353 0.00201226 0.00559101 0.00105743 0.00136277 0.00219347
 0.        ], ([0.0000000e+00 2.3283064e-10 4.6566129e-10 0.0000000e+00 1.1641532e-10
 2.3283064e-10 0.0000000e+00]) 	 loss 9.008E-05 	 horizons 9.0
step 26550 	 return [0.00198655 0.00230739 0.0074922  0.0010694  0.00138495 0.00225377
 0.        ], ([2.3283064e-10 2.3283064e-10 9.3132257e-10 0.0000000e+00 1.1641532e-10
 0.0000000e+00 0.0000000e+00]) 	 loss 9.068E-05 	 horizons 9.0
step 26640 	 return [0.00179023 0.00213769 0.00715996 0.00149741 0.00233655 0.
 0.        ], ([0.00059678 0.00051094 0.0013464  0.00117642 0.00053238 0.
 0.        ]) 	 loss 8.994E-05 	 horizons 9.0
step 26730 	 return [0.         0.         0.00209989 0.00819342 0.00773554 0.00647714
 0.00596812], ([0.000000e+00 0.000000e+00 0.000000e+00 0.000000e+00 4.656613e-10
 4.656613e-10 0.000000e+00]) 	 loss 1.022E-02 	 horizons 9.0
step 26820 	 return [0.00511353 0.00201226 0.00559101 0.00105743 0.00136277 0.00219347
 0.        ], ([0.0000000e+00 2.3283064e-10 4.6566129e-10 0.0000000e+00 1.1641532e-10
 2.3283064e-10 0.0000000e+00]) 	 loss 7.975E-04 	 horizons 9.0
step 26910 	 return [0.00213714 0.00231931 0.00720587 0.00106644 0.00137925 0.00223523
 0.        ], ([4.6726532e-04 5.6059645e-05 5.4419664e-04 3.1487093e-06 5.8087358e-06
 1.5458687e-05 0.0000000e+00]) 	 loss 3.572E-04 	 horizons 9.0
step 27000 	 return [0.         0.         0.00209989 0.00819342 0.00773554 0.00647714
 0.00596812], ([0.000000e+00 0.000000e+00 0.000000e+00 0.000000e+00 4.656613e-10
 4.656613e-10 0.000000e+00]) 	 loss 3.089E-02 	 horizons 9.0
step 27090 	 return [0.00511353 0.00201226 0.00559101 0.00105743 0.00136277 0.00219347
 0.        ], ([0.0000000e+00 2.3283064e-10 4.6566129e-10 0.0000000e+00 1.1641532e-10
 2.3283064e-10 0.0000000e+00]) 	 loss 1.060E-03 	 horizons 9.0
step 27180 	 return [0.         0.         0.00323691 0.00358878 0.00589176 0.005805
 0.00554895], ([0.0000000e+00 0.0000000e+00 2.3283064e-10 0.0000000e+00 0.0000000e+00
 0.0000000e+00 4.6566129e-10]) 	 loss 1.905E-04 	 horizons 9.0
step 27270 	 return [0.00214178 0.00232519 0.00730279 0.00106825 0.00138282 0.0022479
 0.        ], ([4.6567473e-04 5.3382668e-05 5.6823331e-04 3.4420284e-06 6.3937164e-06
 1.7587396e-05 0.0000000e+00]) 	 loss 1.930E-04 	 horizons 9.0
step 27360 	 return [0.         0.         0.00209989 0.00819342 0.00773554 0.00647714
 0.00596812], ([0.000000e+00 0.000000e+00 0.000000e+00 0.000000e+00 4.656613e-10
 4.656613e-10 0.000000e+00]) 	 loss 7.656E-05 	 horizons 9.0
step 27450 	 return [0.00198655 0.00230739 0.0074922  0.0010694  0.00138495 0.00225377
 0.        ], ([2.3283064e-10 2.3283064e-10 9.3132257e-10 0.0000000e+00 1.1641532e-10
 0.0000000e+00 0.0000000e+00]) 	 loss 6.612E-05 	 horizons 9.0
step 27540 	 return [0.00245746 0.00236439 0.00698797 0.00107732 0.00171256 0.00157764
 0.        ], ([7.1932108e-04 8.7062130e-05 7.7022344e-04 1.2100119e-05 5.0044048e-04
 1.0328050e-03 0.0000000e+00]) 	 loss 5.297E-05 	 horizons 9.0
step 27630 	 return [0.         0.00030992 0.00252958 0.00753067 0.00077439 0.
 0.        ], ([0.0000000e+00 2.9103830e-11 2.3283064e-10 9.3132257e-10 0.0000000e+00
 0.0000000e+00 0.0000000e+00]) 	 loss 1.771E-04 	 horizons 9.0
step 27720 	 return [0.         0.         0.00209989 0.00819342 0.00773554 0.00647714
 0.00596812], ([0.000000e+00 0.000000e+00 0.000000e+00 0.000000e+00 4.656613e-10
 4.656613e-10 0.000000e+00]) 	 loss 5.596E-05 	 horizons 9.0
step 27810 	 return [0.         0.00060511 0.00313073 0.00502668 0.00073951 0.
 0.        ], ([0.0000000e+00 5.8207661e-11 2.3283064e-10 0.0000000e+00 0.0000000e+00
 0.0000000e+00 0.0000000e+00]) 	 loss 4.652E-05 	 horizons 9.0
step 27900 	 return [0.         0.         0.00323691 0.00358878 0.00589176 0.005805
 0.00554895], ([0.0000000e+00 0.0000000e+00 2.3283064e-10 0.0000000e+00 0.0000000e+00
 0.0000000e+00 4.6566129e-10]) 	 loss 1.053E-04 	 horizons 9.0
step 27990 	 return [0.00198655 0.00230739 0.0074922  0.0010694  0.00138495 0.00225377
 0.        ], ([2.3283064e-10 2.3283064e-10 9.3132257e-10 0.0000000e+00 1.1641532e-10
 0.0000000e+00 0.0000000e+00]) 	 loss 4.496E-05 	 horizons 9.0
step 28080 	 return [0.0035388  0.00248534 0.00559809 0.00105793 0.00136363 0.00219514
 0.        ], ([0.0000000e+00 2.3283064e-10 4.6566129e-10 1.1641532e-10 1.1641532e-10
 0.0000000e+00 0.0000000e+00]) 	 loss 4.499E-05 	 horizons 9.0
step 28170 	 return [0.00511353 0.00201226 0.00559101 0.00105743 0.00136277 0.00219347
 0.        ], ([0.0000000e+00 2.3283064e-10 4.6566129e-10 0.0000000e+00 1.1641532e-10
 2.3283064e-10 0.0000000e+00]) 	 loss 5.377E-05 	 horizons 9.0
step 28260 	 return [0.00511353 0.00201226 0.00559101 0.00105743 0.00136277 0.00219347
 0.        ], ([0.0000000e+00 2.3283064e-10 4.6566129e-10 0.0000000e+00 1.1641532e-10
 2.3283064e-10 0.0000000e+00]) 	 loss 5.027E-05 	 horizons 9.0
step 28350 	 return [0.         0.         0.00209989 0.00819342 0.00773554 0.00647714
 0.00596812], ([0.000000e+00 0.000000e+00 0.000000e+00 0.000000e+00 4.656613e-10
 4.656613e-10 0.000000e+00]) 	 loss 4.263E-05 	 horizons 9.0
step 28440 	 return [0.         0.         0.00210401 0.01424304 0.00409286 0.00629161
 0.00294974], ([0.0000000e+00 0.0000000e+00 2.3283064e-10 0.0000000e+00 0.0000000e+00
 9.3132257e-10 2.3283064e-10]) 	 loss 3.999E-05 	 horizons 9.0
step 28530 	 return [0.         0.         0.00210401 0.01424304 0.00409286 0.00629161
 0.00294974], ([0.0000000e+00 0.0000000e+00 2.3283064e-10 0.0000000e+00 0.0000000e+00
 9.3132257e-10 2.3283064e-10]) 	 loss 3.696E-05 	 horizons 9.0
step 28620 	 return [0.         0.         0.00209989 0.00819342 0.00773554 0.00647714
 0.00596812], ([0.000000e+00 0.000000e+00 0.000000e+00 0.000000e+00 4.656613e-10
 4.656613e-10 0.000000e+00]) 	 loss 3.669E-05 	 horizons 9.0
step 28710 	 return [0.         0.         0.00311984 0.00423697 0.00559096 0.00582921
 0.00546761], ([0.0000000e+00 0.0000000e+00 3.5120046e-04 1.9445637e-03 9.0239645e-04
 7.2614515e-05 2.4401343e-04]) 	 loss 3.436E-05 	 horizons 9.0
step 28800 	 return [0.         0.         0.00209905 0.00818885 0.00756115 0.0063799
 0.00618616], ([0.0000000e+00 0.0000000e+00 2.5135237e-06 1.3712234e-05 5.2316225e-04
 2.9171552e-04 6.5411016e-04]) 	 loss 3.895E-05 	 horizons 9.0
step 28890 	 return [0.         0.00039848 0.00270993 0.00677947 0.00076393 0.
 0.        ], ([0.0000000e+00 1.3527072e-04 2.7547870e-04 1.1474749e-03 1.5981201e-05
 0.0000000e+00 0.0000000e+00]) 	 loss 6.698E-03 	 horizons 9.0
step 28980 	 return [0.00198655 0.00230739 0.0074922  0.0010694  0.00138495 0.00225377
 0.        ], ([2.3283064e-10 2.3283064e-10 9.3132257e-10 0.0000000e+00 1.1641532e-10
 0.0000000e+00 0.0000000e+00]) 	 loss 8.279E-05 	 horizons 9.0
step 29070 	 return [0.0035388  0.00248534 0.00559809 0.00105793 0.00136363 0.00219514
 0.        ], ([0.0000000e+00 2.3283064e-10 4.6566129e-10 1.1641532e-10 1.1641532e-10
 0.0000000e+00 0.0000000e+00]) 	 loss 4.898E-05 	 horizons 9.0
step 29160 	 return [0.         0.         0.00323691 0.00358878 0.00589176 0.005805
 0.00554895], ([0.0000000e+00 0.0000000e+00 2.3283064e-10 0.0000000e+00 0.0000000e+00
 0.0000000e+00 4.6566129e-10]) 	 loss 5.138E-05 	 horizons 9.0
step 29250 	 return [0.0027714  0.00240239 0.00665182 0.0010826  0.00193097 0.00112688
 0.        ], ([7.8484364e-04 9.4992567e-05 8.4038265e-04 1.3202312e-05 5.4602535e-04
 1.1268824e-03 0.0000000e+00]) 	 loss 4.033E-05 	 horizons 9.0
step 29340 	 return [0.00511353 0.00201226 0.00559101 0.00105743 0.00136277 0.00219347
 0.        ], ([0.0000000e+00 2.3283064e-10 4.6566129e-10 0.0000000e+00 1.1641532e-10
 2.3283064e-10 0.0000000e+00]) 	 loss 2.082E-04 	 horizons 9.0
step 29430 	 return [0.0035388  0.00248534 0.00559809 0.00105793 0.00136363 0.00219514
 0.        ], ([0.0000000e+00 2.3283064e-10 4.6566129e-10 1.1641532e-10 1.1641532e-10
 0.0000000e+00 0.0000000e+00]) 	 loss 8.918E-05 	 horizons 9.0
step 29520 	 return [0.         0.         0.00221455 0.00773397 0.00733319 0.00582943
 0.00655539], ([0.         0.         0.00034398 0.00137835 0.00120704 0.00194314
 0.0017618 ]) 	 loss 6.705E-05 	 horizons 9.0
step 29610 	 return [0.         0.         0.00209989 0.00819342 0.00773554 0.00647714
 0.00596812], ([0.000000e+00 0.000000e+00 0.000000e+00 0.000000e+00 4.656613e-10
 4.656613e-10 0.000000e+00]) 	 loss 5.040E-04 	 horizons 9.0
step 29700 	 return [0.00214178 0.00232519 0.00730279 0.00106825 0.00138282 0.0022479
 0.        ], ([4.6567473e-04 5.3382668e-05 5.6823331e-04 3.4420284e-06 6.3937164e-06
 1.7587396e-05 0.0000000e+00]) 	 loss 2.861E-04 	 horizons 9.0
step 29790 	 return [0.         0.         0.00210401 0.01424304 0.00409286 0.00629161
 0.00294974], ([0.0000000e+00 0.0000000e+00 2.3283064e-10 0.0000000e+00 0.0000000e+00
 9.3132257e-10 2.3283064e-10]) 	 loss 6.423E-05 	 horizons 9.0
step 29880 	 return [0.         0.         0.00323691 0.00358878 0.00589176 0.005805
 0.00554895], ([0.0000000e+00 0.0000000e+00 2.3283064e-10 0.0000000e+00 0.0000000e+00
 0.0000000e+00 4.6566129e-10]) 	 loss 7.551E-05 	 horizons 9.0
step 29970 	 return [0.0035388  0.00248534 0.00559809 0.00105793 0.00136363 0.00219514
 0.        ], ([0.0000000e+00 2.3283064e-10 4.6566129e-10 1.1641532e-10 1.1641532e-10
 0.0000000e+00 0.0000000e+00]) 	 loss 4.404E-05 	 horizons 9.0
step 30060 	 return [0.         0.         0.00210401 0.01424304 0.00409286 0.00629161
 0.00294974], ([0.0000000e+00 0.0000000e+00 2.3283064e-10 0.0000000e+00 0.0000000e+00
 9.3132257e-10 2.3283064e-10]) 	 loss 4.398E-05 	 horizons 9.0
[1;34mwandb[0m: 
[1;34mwandb[0m: 🚀 View run [33mmotndp_amsterdam-v0__GCN-amsterdam-g7-l0__789__1781508539[0m at: [34mhttps://wandb.ai/jingyuan-sun03-tu-delft/cl_ablation/runs/9zz8r9bb[0m
[1;34mwandb[0m: Find logs at: [1;35mwandb/run-20260615_092900-9zz8r9bb/logs[0m
