/home/SinJ/mo-transport-network-design/.venv/lib/python3.13/site-packages/pygame/pkgdata.py:25: UserWarning: pkg_resources is deprecated as an API. See https://setuptools.pypa.io/en/latest/pkg_resources.html. The pkg_resources package is slated for removal as early as 2025-11-30. Refrain from using this package or pin to Setuptools<81.
  from pkg_resources import resource_stream, resource_exists
wandb: [wandb.login()] Loaded credentials for https://api.wandb.ai from /home/SinJ/.netrc.
wandb: Currently logged in as: jingyuan-sun03 (jingyuan-sun03-tu-delft) to https://api.wandb.ai. Use `wandb login --relogin` to force relogin
wandb: setting up run kxw97frh
wandb: Tracking run with wandb version 0.27.2
wandb: Run data is saved locally in /home/SinJ/mo-transport-network-design/wandb/run-20260615_065830-kxw97frh
wandb: Run `wandb offline` to turn off syncing.
wandb: Syncing run motndp_amsterdam-v0__GCN-amsterdam-g3-spatial__1024__1781499510
wandb: ⭐️ View project at https://wandb.ai/jingyuan-sun03-tu-delft/cl_ablation
wandb: 🚀 View run at https://wandb.ai/jingyuan-sun03-tu-delft/cl_ablation/runs/kxw97frh
/home/SinJ/mo-transport-network-design/morl-baselines/morl_baselines/multi_policy/gcn/gcn.py:151: UserWarning: Creating a tensor from a list of numpy.ndarrays is extremely slow. Please consider converting the list to a single numpy.ndarray with numpy.array() before converting to a tensor. (Triggered internally at /pytorch/torch/csrc/utils/tensor_new.cpp:253.)
  th.tensor(obs).to(self.device),
Namespace(env='amsterdam', nr_groups=3, starting_loc_x=9, starting_loc_y=19, nr_stations=10, lr=0.01, batch_size=256, num_er_episodes=100, num_step_episodes=10, num_model_updates=10, num_policies=10, max_buffer_size=200, nr_layers=1, hidden_dim=128, timesteps=30000, no_log=False, seed=1024, cd_threshold=0.2, distance_ref='interpolate2', gcn_lambda=0.0, lambda_schedule='constant', lambda_start=1.0, lambda_end=None, lambda_warmup_fraction=0.0, lambda_freeze_fraction=0.1, spatial_alpha=0.5, include_demand_context=False, criterion='lorenz', nash_mode='pareto_sized', nash_top_k=None, nash_shift=0.0, project_name='cl_ablation', experiment_name='GCN-amsterdam-g3-spatial', wandb_entity=None)
step 990 	 return [0.00042874 0.00058971 0.00062723], ([0.0006175  0.00077433 0.00115956]) 	 loss 2.030E+00 	 horizons 9.0
step 1080 	 return [0.00091666 0.0009283  0.00071959], ([0.00084435 0.00071456 0.00125244]) 	 loss 1.886E+00 	 horizons 9.0
step 1170 	 return [0.00065971 0.00125541 0.00046972], ([0.00131377 0.00164114 0.00092265]) 	 loss 1.428E+00 	 horizons 9.0
step 1260 	 return [0.00056288 0.00117105 0.00120243], ([0.00074189 0.00089956 0.00105937]) 	 loss 1.238E+00 	 horizons 9.0
step 1350 	 return [0.00073497 0.00133848 0.00131885], ([0.0009981  0.00095041 0.00096854]) 	 loss 1.189E+00 	 horizons 9.0
step 1440 	 return [0.00083059 0.00193794 0.00114312], ([0.00085251 0.00128487 0.00157514]) 	 loss 1.123E+00 	 horizons 9.0
step 1530 	 return [0.00137118 0.00174974 0.00024506], ([0.00060561 0.00130321 0.00034151]) 	 loss 1.085E+00 	 horizons 9.0
step 1620 	 return [0.00082371 0.0020169  0.00057316], ([0.00073176 0.00180852 0.00151768]) 	 loss 1.048E+00 	 horizons 9.0
step 1710 	 return [0.00125185 0.00202654 0.0009912 ], ([0.00125524 0.00136298 0.00169058]) 	 loss 1.047E+00 	 horizons 9.0
step 1800 	 return [0.00098681 0.0026397  0.00225395], ([0.00126346 0.00107552 0.00243092]) 	 loss 1.050E+00 	 horizons 9.0
step 1890 	 return [0.00058255 0.00286542 0.00188746], ([0.00070767 0.00138498 0.00209595]) 	 loss 1.010E+00 	 horizons 9.0
step 1980 	 return [0.00026453 0.00422485 0.0023862 ], ([0.00052933 0.00189722 0.00222268]) 	 loss 9.872E-01 	 horizons 9.0
step 2070 	 return [0.00143961 0.00347638 0.00011153], ([0.00050929 0.00127096 0.0003346 ]) 	 loss 9.506E-01 	 horizons 9.0
step 2160 	 return [0.00232754 0.00219152 0.00021054], ([0.00102379 0.00124681 0.0004216 ]) 	 loss 9.170E-01 	 horizons 9.0
step 2250 	 return [0.00146319 0.00292558 0.0011814 ], ([0.00095926 0.00142761 0.00223201]) 	 loss 8.967E-01 	 horizons 9.0
step 2340 	 return [0.00035944 0.00493319 0.00083044], ([0.00045224 0.0010336  0.00105345]) 	 loss 8.608E-01 	 horizons 9.0
step 2430 	 return [0.         0.00353996 0.00335645], ([0.         0.00205644 0.00162184]) 	 loss 8.537E-01 	 horizons 9.0
step 2520 	 return [1.3167392e-03 3.8520105e-03 5.8399259e-05], ([0.00052119 0.00122998 0.0001752 ]) 	 loss 8.120E-01 	 horizons 9.0
step 2610 	 return [0.00176474 0.00214504 0.        ], ([0.00096663 0.0005388  0.        ]) 	 loss 7.927E-01 	 horizons 9.0
step 2700 	 return [0.00065467 0.00335913 0.00290585], ([0.00073569 0.00133105 0.00299053]) 	 loss 7.430E-01 	 horizons 9.0
step 2790 	 return [0.         0.00459695 0.00372989], ([0.         0.0018212  0.00109285]) 	 loss 7.295E-01 	 horizons 9.0
step 2880 	 return [0.         0.00547089 0.00366094], ([0.         0.0009116  0.00096071]) 	 loss 7.092E-01 	 horizons 9.0
step 2970 	 return [0.00176834 0.00247645 0.00013776], ([0.00095686 0.00049662 0.00029012]) 	 loss 6.824E-01 	 horizons 9.0
step 3060 	 return [0.00194203 0.00182091 0.00013827], ([0.00050521 0.000711   0.0002805 ]) 	 loss 6.869E-01 	 horizons 9.0
step 3150 	 return [0.00224553 0.00226081 0.00016696], ([0.00088983 0.00058727 0.00033416]) 	 loss 6.701E-01 	 horizons 9.0
step 3240 	 return [0.         0.00362782 0.00492574], ([0.         0.00205593 0.00145981]) 	 loss 6.680E-01 	 horizons 9.0
step 3330 	 return [0.         0.00593415 0.00328417], ([0.         0.00056731 0.00017679]) 	 loss 6.362E-01 	 horizons 9.0
step 3420 	 return [0.00111766 0.0040865  0.00089549], ([0.00071941 0.00068652 0.00189739]) 	 loss 5.856E-01 	 horizons 9.0
step 3510 	 return [0.00140417 0.00466172 0.        ], ([0.00075719 0.00110973 0.        ]) 	 loss 5.876E-01 	 horizons 9.0
step 3600 	 return [0.00169265 0.00062563 0.0006245 ], ([0.00138172 0.00059976 0.00043565]) 	 loss 5.803E-01 	 horizons 9.0
step 3690 	 return [0.00110113 0.00525721 0.        ], ([0.0008707  0.00046488 0.        ]) 	 loss 6.244E-01 	 horizons 9.0
step 3780 	 return [0.00213194 0.00346876 0.0001872 ], ([0.00074854 0.00051707 0.00037467]) 	 loss 5.752E-01 	 horizons 9.0
step 3870 	 return [9.8030025e-05 6.6385069e-03 1.3300481e-03], ([0.00029409 0.00083418 0.00147453]) 	 loss 6.163E-01 	 horizons 9.0
step 3960 	 return [0.         0.0053274  0.00367621], ([0.         0.00072993 0.00078632]) 	 loss 5.956E-01 	 horizons 9.0
step 4050 	 return [0.         0.00538085 0.00347862], ([0.         0.00027947 0.00028713]) 	 loss 5.667E-01 	 horizons 9.0
step 4140 	 return [0.         0.00563087 0.00341854], ([0.         0.0004328  0.00010641]) 	 loss 5.382E-01 	 horizons 9.0
step 4230 	 return [0.00318406 0.00245274 0.00040316], ([0.00060471 0.00074416 0.00050272]) 	 loss 4.939E-01 	 horizons 9.0
step 4320 	 return [0.00286905 0.00144404 0.00080542], ([0.00069757 0.00075794 0.00042884]) 	 loss 5.179E-01 	 horizons 9.0
step 4410 	 return [0.00320202 0.00235137 0.00050392], ([0.00097523 0.0008443  0.00052287]) 	 loss 4.980E-01 	 horizons 9.0
step 4500 	 return [0.         0.00557096 0.00341653], ([0. 0. 0.]) 	 loss 4.710E-01 	 horizons 9.0
step 4590 	 return [0.00300518 0.00133579 0.00049096], ([0.00053243 0.00055535 0.0005363 ]) 	 loss 4.395E-01 	 horizons 9.0
step 4680 	 return [0.00324812 0.00147308 0.00083419], ([0.00042219 0.0007187  0.00035591]) 	 loss 4.659E-01 	 horizons 9.0
step 4770 	 return [0.         0.00557073 0.00341435], ([0.0000000e+00 6.8368382e-07 6.5318773e-06]) 	 loss 4.543E-01 	 horizons 9.0
step 4860 	 return [2.0245442e-03 4.2865756e-03 9.4106916e-05], ([0.0005771  0.00045085 0.00028232]) 	 loss 4.283E-01 	 horizons 9.0
step 4950 	 return [0.         0.00557096 0.00341653], ([0. 0. 0.]) 	 loss 4.065E-01 	 horizons 9.0
step 5040 	 return [0.         0.00557096 0.00341653], ([0. 0. 0.]) 	 loss 3.581E-01 	 horizons 9.0
step 5130 	 return [0.         0.00557096 0.00341653], ([0. 0. 0.]) 	 loss 3.383E-01 	 horizons 9.0
step 5220 	 return [0.00327428 0.0020126  0.00047673], ([0.00057159 0.00050901 0.00050916]) 	 loss 3.052E-01 	 horizons 9.0
step 5310 	 return [0.00395404 0.00269572 0.00066774], ([0.00062121 0.00066719 0.00044842]) 	 loss 3.209E-01 	 horizons 9.0
step 5400 	 return [0.         0.00557096 0.00341653], ([0. 0. 0.]) 	 loss 2.913E-01 	 horizons 9.0
step 5490 	 return [0.00359281 0.00327762 0.00057371], ([0.00020544 0.00026883 0.000469  ]) 	 loss 2.702E-01 	 horizons 9.0
step 5580 	 return [0.00280983 0.00388473 0.        ], ([0.00109844 0.00045775 0.        ]) 	 loss 2.836E-01 	 horizons 9.0
step 5670 	 return [0.         0.00557073 0.00341435], ([0.0000000e+00 6.8368377e-07 6.5318773e-06]) 	 loss 2.542E-01 	 horizons 9.0
step 5760 	 return [0.         0.00583001 0.00305211], ([0.         0.00051893 0.00101963]) 	 loss 2.240E-01 	 horizons 9.0
step 5850 	 return [0.00366256 0.00287282 0.00072681], ([0.00045504 0.00036605 0.00036492]) 	 loss 2.068E-01 	 horizons 9.0
step 5940 	 return [0.         0.00557096 0.00341653], ([0. 0. 0.]) 	 loss 1.963E-01 	 horizons 9.0
step 6030 	 return [0.         0.00557096 0.00341653], ([0. 0. 0.]) 	 loss 1.864E-01 	 horizons 9.0
step 6120 	 return [0.00326492 0.00341363 0.00037663], ([0.00085439 0.00049764 0.00046155]) 	 loss 1.969E-01 	 horizons 9.0
step 6210 	 return [0.00339159 0.00327385 0.00013026], ([0.00058903 0.00062815 0.00039078]) 	 loss 2.286E-01 	 horizons 9.0
step 6300 	 return [0.         0.00557073 0.00341435], ([0.0000000e+00 6.8368382e-07 6.5318773e-06]) 	 loss 2.291E-01 	 horizons 9.0
step 6390 	 return [0.         0.00557073 0.00341435], ([0.0000000e+00 6.8368382e-07 6.5318773e-06]) 	 loss 2.222E-01 	 horizons 9.0
step 6480 	 return [0.0038197  0.00293663 0.00078369], ([0.00051001 0.00055899 0.00040735]) 	 loss 2.085E-01 	 horizons 9.0
step 6570 	 return [0.         0.00557096 0.00341653], ([0. 0. 0.]) 	 loss 2.282E-01 	 horizons 9.0
step 6660 	 return [3.1369280e-03 3.3691484e-03 9.8215394e-05], ([0.00074206 0.00065011 0.00029465]) 	 loss 2.423E-01 	 horizons 9.0
step 6750 	 return [0.00356206 0.00244461 0.00080351], ([0.00132396 0.00083884 0.00035372]) 	 loss 2.491E-01 	 horizons 9.0
step 6840 	 return [0.         0.00557073 0.00341435], ([0.0000000e+00 6.8368382e-07 6.5318773e-06]) 	 loss 2.498E-01 	 horizons 9.0
step 6930 	 return [3.7259429e-03 3.5702493e-03 9.8215394e-05], ([0.00052399 0.00030635 0.00029465]) 	 loss 2.545E-01 	 horizons 9.0
step 7020 	 return [0.         0.00504985 0.00322338], ([0.         0.00097724 0.00157672]) 	 loss 2.632E-01 	 horizons 9.0
step 7110 	 return [0.         0.00557073 0.00341435], ([0.0000000e+00 6.8368388e-07 6.5318773e-06]) 	 loss 2.556E-01 	 horizons 9.0
step 7200 	 return [0.00234537 0.00517623 0.        ], ([0.00047225 0.00036302 0.        ]) 	 loss 2.492E-01 	 horizons 9.0
step 7290 	 return [0.         0.00616004 0.00313074], ([0.         0.00059428 0.00054908]) 	 loss 2.599E-01 	 horizons 9.0
step 7380 	 return [0.00384661 0.00320817 0.00036633], ([0.00040592 0.0003264  0.00044868]) 	 loss 2.519E-01 	 horizons 9.0
step 7470 	 return [0.00403122 0.00310794 0.00056433], ([0.0004774  0.00025324 0.0004613 ]) 	 loss 2.605E-01 	 horizons 9.0
step 7560 	 return [0.00378618 0.00299618 0.00069988], ([0.00046175 0.00059251 0.00047019]) 	 loss 2.889E-01 	 horizons 9.0
step 7650 	 return [0.00194258 0.00492109 0.        ], ([0.00081679 0.00063417 0.        ]) 	 loss 2.896E-01 	 horizons 9.0
step 7740 	 return [0.0032448  0.00363388 0.        ], ([0.00056903 0.00011684 0.        ]) 	 loss 2.781E-01 	 horizons 9.0
step 7830 	 return [0.00302379 0.00369533 0.00018976], ([0.00110561 0.0006288  0.00037982]) 	 loss 2.787E-01 	 horizons 9.0
step 7920 	 return [0.00388594 0.00335108 0.00018976], ([0.00038351 0.00022329 0.00037982]) 	 loss 2.875E-01 	 horizons 9.0
step 8010 	 return [0.         0.00618479 0.00329396], ([0.         0.00061566 0.00010533]) 	 loss 2.782E-01 	 horizons 9.0
step 8100 	 return [0.00356207 0.00371343 0.00019643], ([0.0003723  0.00046451 0.00039286]) 	 loss 2.539E-01 	 horizons 9.0
step 8190 	 return [0.00315344 0.00404318 0.        ], ([0.00075469 0.00061757 0.        ]) 	 loss 2.949E-01 	 horizons 9.0
step 8280 	 return [0.00107784 0.00472488 0.00120445], ([0.000909   0.00116672 0.00191466]) 	 loss 2.817E-01 	 horizons 9.0
step 8370 	 return [0.00143884 0.00498357 0.00060411], ([0.00100982 0.00098334 0.00121975]) 	 loss 2.680E-01 	 horizons 9.0
step 8460 	 return [0.00421791 0.00306737 0.00041264], ([0.0005465  0.00057476 0.00051522]) 	 loss 2.436E-01 	 horizons 9.0
step 8550 	 return [0.00320235 0.0038163  0.        ], ([0.00078877 0.00043585 0.        ]) 	 loss 2.530E-01 	 horizons 9.0
step 8640 	 return [0.00419801 0.00319133 0.00066266], ([0.0004574  0.00015857 0.00043442]) 	 loss 2.211E-01 	 horizons 9.0
step 8730 	 return [0.00399992 0.00317803 0.00064957], ([3.5453044e-04 8.7977372e-05 4.2566581e-04]) 	 loss 2.309E-01 	 horizons 9.0
step 8820 	 return [0.00412332 0.00324208 0.00047321], ([0.0004675  0.00020009 0.00047367]) 	 loss 2.077E-01 	 horizons 9.0
step 8910 	 return [0.00350609 0.00263966 0.00094133], ([2.0464713e-04 5.4591463e-04 8.8712921e-05]) 	 loss 2.110E-01 	 horizons 9.0
step 9000 	 return [0.         0.00337576 0.00637543], ([0.         0.00017315 0.00015639]) 	 loss 2.062E-01 	 horizons 9.0
step 9090 	 return [0.0029854  0.00394257 0.        ], ([0.00080098 0.00049187 0.        ]) 	 loss 2.175E-01 	 horizons 9.0
step 9180 	 return [0.         0.00655456 0.00323435], ([0.0000000e+00 4.9179833e-04 9.1089503e-05]) 	 loss 2.053E-01 	 horizons 9.0
step 9270 	 return [0.         0.00342858 0.00646091], ([0.000000e+00 4.656613e-10 0.000000e+00]) 	 loss 1.956E-01 	 horizons 9.0
step 9360 	 return [0.         0.00679289 0.00188074], ([0.         0.00030118 0.00120247]) 	 loss 1.913E-01 	 horizons 9.0
step 9450 	 return [0.         0.00349612 0.00631672], ([0.         0.00030181 0.00033286]) 	 loss 1.913E-01 	 horizons 9.0
step 9540 	 return [0.00407345 0.0034269  0.00038726], ([0.00037248 0.00028982 0.00047454]) 	 loss 1.803E-01 	 horizons 9.0
step 9630 	 return [0.0043537  0.00319024 0.00074502], ([2.2530192e-04 9.1085101e-05 3.7272088e-04]) 	 loss 1.785E-01 	 horizons 9.0
step 9720 	 return [0.00396179 0.00352232 0.00019643], ([0.00057465 0.00041754 0.00039286]) 	 loss 1.758E-01 	 horizons 9.0
step 9810 	 return [0.         0.00358139 0.00574161], ([0.         0.00067307 0.00102458]) 	 loss 1.425E-01 	 horizons 9.0
step 9900 	 return [0.         0.00346063 0.00629167], ([0.         0.000163   0.00053103]) 	 loss 1.454E-01 	 horizons 9.0
step 9990 	 return [0.00374478 0.00314236 0.00094279], ([2.1850046e-04 1.7039901e-04 3.1551357e-05]) 	 loss 1.378E-01 	 horizons 9.0
step 10080 	 return [0.00016873 0.00664799 0.00286993], ([0.00050619 0.0004574  0.00095664]) 	 loss 1.501E-01 	 horizons 9.0
step 10170 	 return [0.00375507 0.00322737 0.0008506 ], ([2.2972673e-04 8.5434280e-05 2.8527019e-04]) 	 loss 1.268E-01 	 horizons 9.0
step 10260 	 return [0.         0.00340366 0.00638686], ([0.         0.0001561  0.00015803]) 	 loss 1.190E-01 	 horizons 9.0
step 10350 	 return [0.00368275 0.003286   0.00097549], ([2.7981587e-06 4.7645462e-05 2.0003272e-05]) 	 loss 1.043E-01 	 horizons 9.0
step 10440 	 return [0.         0.00511617 0.0039834 ], ([0.         0.001626   0.00096913]) 	 loss 8.769E-02 	 horizons 9.0
step 10530 	 return [0.00368369 0.00330189 0.00098215], ([4.6566129e-10 2.3283064e-10 1.1641532e-10]) 	 loss 1.129E-01 	 horizons 9.0
step 10620 	 return [0.00073674 0.00542386 0.00333939], ([0.00147348 0.00168636 0.00164408]) 	 loss 9.209E-02 	 horizons 9.0
step 10710 	 return [0.         0.00486519 0.00488655], ([0.         0.00160394 0.00140437]) 	 loss 9.346E-02 	 horizons 9.0
step 10800 	 return [0.         0.00345683 0.00640188], ([0.0000000e+00 9.3226328e-05 1.2715641e-04]) 	 loss 9.687E-02 	 horizons 9.0
step 10890 	 return [0.         0.00646202 0.00348477], ([0.         0.00101532 0.00088788]) 	 loss 8.302E-02 	 horizons 9.0
step 10980 	 return [0.       0.003657 0.0064  ], ([0.         0.00023383 0.00013749]) 	 loss 7.211E-02 	 horizons 9.0
step 11070 	 return [0.00033796 0.00641936 0.00223217], ([0.00067591 0.00060454 0.00146129]) 	 loss 8.244E-02 	 horizons 9.0
step 11160 	 return [0.00016873 0.00664799 0.00286993], ([0.00050619 0.0004574  0.00095664]) 	 loss 7.761E-02 	 horizons 9.0
step 11250 	 return [0.         0.00416206 0.00561783], ([0.         0.00037636 0.00038327]) 	 loss 6.377E-02 	 horizons 9.0
step 11340 	 return [0.00294695 0.0040016  0.00142348], ([0.00147347 0.00139943 0.00088266]) 	 loss 6.166E-02 	 horizons 9.0
step 11430 	 return [0.         0.00447292 0.00526664], ([0.         0.00036949 0.0006768 ]) 	 loss 6.045E-02 	 horizons 9.0
step 11520 	 return [0.         0.00680046 0.00318881], ([0.000000e+00 4.656613e-10 0.000000e+00]) 	 loss 4.812E-02 	 horizons 9.0
step 11610 	 return [0.00428634 0.00319422 0.00084474], ([3.0133632e-04 8.2145096e-05 2.8244482e-04]) 	 loss 2.629E-02 	 horizons 9.0
step 11700 	 return [0.        0.0048559 0.0049324], ([0.         0.00097228 0.0008718 ]) 	 loss 1.880E-02 	 horizons 9.0
step 11790 	 return [0.0036833  0.00329413 0.00098077], ([1.1583093e-06 2.3273471e-05 4.1385993e-06]) 	 loss 1.152E-02 	 horizons 9.0
step 11880 	 return [0.         0.00436976 0.0053683 ], ([0.000000e+00 4.656613e-10 4.656613e-10]) 	 loss 1.031E-02 	 horizons 9.0
step 11970 	 return [0.         0.00680046 0.00318881], ([0.000000e+00 4.656613e-10 0.000000e+00]) 	 loss 8.649E-03 	 horizons 9.0
step 12060 	 return [0.         0.00431888 0.00564885], ([0.0000000e+00 7.7717450e-05 4.2854866e-04]) 	 loss 9.006E-03 	 horizons 9.0
step 12150 	 return [0.         0.00680046 0.00318881], ([0.000000e+00 4.656613e-10 0.000000e+00]) 	 loss 9.224E-03 	 horizons 9.0
step 12240 	 return [0.00413282 0.00316588 0.00093384], ([3.7131619e-04 5.1615101e-05 2.1341224e-05]) 	 loss 9.235E-03 	 horizons 9.0
step 12330 	 return [0.00375892 0.00328581 0.00097655], ([2.2568998e-04 4.8240512e-05 1.6799375e-05]) 	 loss 1.479E-02 	 horizons 9.0
step 12420 	 return [0.         0.00680046 0.00318881], ([0.000000e+00 4.656613e-10 0.000000e+00]) 	 loss 9.059E-03 	 horizons 9.0
step 12510 	 return [0.         0.0043528  0.00546182], ([0.0000000e+00 5.0878010e-05 2.8055097e-04]) 	 loss 6.654E-03 	 horizons 9.0
step 12600 	 return [0.         0.0043528  0.00546182], ([0.0000000e+00 5.0878010e-05 2.8055097e-04]) 	 loss 8.195E-03 	 horizons 9.0
step 12690 	 return [0.         0.00436976 0.0053683 ], ([0.000000e+00 4.656613e-10 4.656613e-10]) 	 loss 8.607E-03 	 horizons 9.0
step 12780 	 return [0.00368369 0.00330189 0.00098215], ([4.6566129e-10 2.3283064e-10 1.1641532e-10]) 	 loss 1.242E-02 	 horizons 9.0
step 12870 	 return [0.00398461 0.00323756 0.00095975], ([3.6855022e-04 7.8776415e-05 2.7433269e-05]) 	 loss 1.174E-02 	 horizons 9.0
step 12960 	 return [0.00443599 0.00314108 0.00092616], ([4.6566129e-10 2.3283064e-10 5.8207661e-11]) 	 loss 6.587E-03 	 horizons 9.0
step 13050 	 return [0.         0.00436976 0.0053683 ], ([0.000000e+00 4.656613e-10 4.656613e-10]) 	 loss 8.286E-03 	 horizons 9.0
step 13140 	 return [0.00368369 0.00330189 0.00098215], ([4.6566129e-10 2.3283064e-10 1.1641532e-10]) 	 loss 7.332E-03 	 horizons 9.0
step 13230 	 return [0.00368369 0.00330189 0.00098215], ([4.6566129e-10 2.3283064e-10 1.1641532e-10]) 	 loss 8.612E-03 	 horizons 9.0
step 13320 	 return [0.00368369 0.00330189 0.00098215], ([4.6566129e-10 2.3283064e-10 1.1641532e-10]) 	 loss 8.143E-03 	 horizons 9.0
step 13410 	 return [0.00368369 0.00330189 0.00098215], ([4.6566129e-10 2.3283064e-10 1.1641532e-10]) 	 loss 1.104E-02 	 horizons 9.0
step 13500 	 return [0.         0.00425104 0.00602292], ([0.0000000e+00 7.7717443e-05 4.2854866e-04]) 	 loss 7.813E-03 	 horizons 9.0
step 13590 	 return [0.         0.00436976 0.0053683 ], ([0.000000e+00 4.656613e-10 4.656613e-10]) 	 loss 9.978E-03 	 horizons 9.0
step 13680 	 return [0.00368369 0.00330189 0.00098215], ([4.6566129e-10 2.3283064e-10 1.1641532e-10]) 	 loss 1.032E-02 	 horizons 9.0
step 13770 	 return [0.         0.00420017 0.00630347], ([0.000000e+00 4.656613e-10 9.313226e-10]) 	 loss 5.195E-03 	 horizons 9.0
step 13860 	 return [0.         0.00388635 0.00633788], ([0.         0.00094145 0.00010323]) 	 loss 7.861E-03 	 horizons 9.0
step 13950 	 return [0.         0.00436976 0.0053683 ], ([0.000000e+00 4.656613e-10 4.656613e-10]) 	 loss 2.003E-02 	 horizons 9.0
step 14040 	 return [0.         0.00680046 0.00318881], ([0.000000e+00 4.656613e-10 0.000000e+00]) 	 loss 7.538E-03 	 horizons 9.0
step 14130 	 return [0.         0.00423409 0.00611643], ([0.0000000e+00 6.7837347e-05 3.7406798e-04]) 	 loss 7.029E-03 	 horizons 9.0
step 14220 	 return [0.         0.00425104 0.00602292], ([0.0000000e+00 7.7717450e-05 4.2854866e-04]) 	 loss 7.679E-03 	 horizons 9.0
step 14310 	 return [0.00449715 0.00310644 0.00083354], ([0.0001835  0.00010394 0.00027785]) 	 loss 6.903E-03 	 horizons 9.0
step 14400 	 return [0.         0.00421713 0.00620995], ([0.0000000e+00 5.0878010e-05 2.8055097e-04]) 	 loss 7.807E-03 	 horizons 9.0
step 14490 	 return [0.00427146 0.00315468 0.00085034], ([0.00042442 0.00013992 0.00028455]) 	 loss 6.847E-03 	 horizons 9.0
step 14580 	 return [0.00449715 0.00310644 0.00083354], ([0.0001835  0.00010394 0.00027785]) 	 loss 5.804E-03 	 horizons 9.0
step 14670 	 return [0.         0.00680046 0.00318881], ([0.000000e+00 4.656613e-10 0.000000e+00]) 	 loss 4.999E-03 	 horizons 9.0
step 14760 	 return [0.         0.00420017 0.00630347], ([0.000000e+00 4.656613e-10 9.313226e-10]) 	 loss 4.265E-03 	 horizons 9.0
step 14850 	 return [0.         0.00423409 0.00611643], ([0.0000000e+00 6.7837347e-05 3.7406798e-04]) 	 loss 4.022E-03 	 horizons 9.0
step 14940 	 return [0.00368369 0.00330189 0.00098215], ([4.6566129e-10 2.3283064e-10 1.1641532e-10]) 	 loss 3.030E-03 	 horizons 9.0
step 15030 	 return [0.         0.00420017 0.00630347], ([0.000000e+00 4.656613e-10 9.313226e-10]) 	 loss 2.489E-03 	 horizons 9.0
step 15120 	 return [0.         0.00680046 0.00318881], ([0.000000e+00 4.656613e-10 0.000000e+00]) 	 loss 2.198E-03 	 horizons 9.0
step 15210 	 return [0.00382669 0.00314267 0.00091761], ([3.0465086e-04 7.9339372e-07 4.2718598e-06]) 	 loss 1.977E-03 	 horizons 9.0
step 15300 	 return [0.         0.00420017 0.00630347], ([0.000000e+00 4.656613e-10 9.313226e-10]) 	 loss 1.647E-02 	 horizons 9.0
step 15390 	 return [0.00036837 0.00426297 0.00492969], ([0.00110511 0.00032036 0.00131584]) 	 loss 4.996E-03 	 horizons 9.0
step 15480 	 return [0.00367809 0.00320659 0.00094215], ([4.5693741e-06 7.7804711e-05 3.2665208e-05]) 	 loss 2.329E-03 	 horizons 9.0
step 15570 	 return [0.         0.00420017 0.00630347], ([0.000000e+00 4.656613e-10 9.313226e-10]) 	 loss 2.296E-02 	 horizons 9.0
step 15660 	 return [0.         0.0043528  0.00546182], ([0.0000000e+00 5.0878014e-05 2.8055097e-04]) 	 loss 7.568E-03 	 horizons 9.0
step 15750 	 return [0.00368369 0.00330189 0.00098215], ([4.6566129e-10 2.3283064e-10 1.1641532e-10]) 	 loss 2.679E-03 	 horizons 9.0
step 15840 	 return [0.         0.00680046 0.00318881], ([0.000000e+00 4.656613e-10 0.000000e+00]) 	 loss 2.237E-03 	 horizons 9.0
step 15930 	 return [0.         0.00680046 0.00318881], ([0.000000e+00 4.656613e-10 0.000000e+00]) 	 loss 1.805E-03 	 horizons 9.0
step 16020 	 return [0.         0.00420017 0.00630347], ([0.000000e+00 4.656613e-10 9.313226e-10]) 	 loss 1.466E-03 	 horizons 9.0
step 16110 	 return [0.00449715 0.00310644 0.00083354], ([0.0001835  0.00010394 0.00027785]) 	 loss 1.261E-03 	 horizons 9.0
step 16200 	 return [0.00443599 0.00314108 0.00092616], ([4.6566129e-10 2.3283064e-10 5.8207661e-11]) 	 loss 1.082E-03 	 horizons 9.0
step 16290 	 return [0.00368369 0.00330189 0.00098215], ([4.6566129e-10 2.3283064e-10 1.1641532e-10]) 	 loss 9.747E-04 	 horizons 9.0
step 16380 	 return [0.00368369 0.00330189 0.00098215], ([4.6566129e-10 2.3283064e-10 1.1641532e-10]) 	 loss 9.796E-04 	 horizons 9.0
step 16470 	 return [0.00443599 0.00314108 0.00092616], ([4.6566129e-10 2.3283064e-10 5.8207661e-11]) 	 loss 1.070E-03 	 horizons 9.0
step 16560 	 return [0.00367623 0.00317483 0.00092881], ([3.7308785e-06 6.3527281e-05 2.6671032e-05]) 	 loss 9.542E-04 	 horizons 9.0
step 16650 	 return [0.00443599 0.00314108 0.00092616], ([4.6566129e-10 2.3283064e-10 5.8207661e-11]) 	 loss 1.691E-02 	 horizons 9.0
step 16740 	 return [0.00368369 0.00330189 0.00098215], ([4.6566129e-10 2.3283064e-10 1.1641532e-10]) 	 loss 5.865E-03 	 horizons 9.0
step 16830 	 return [0.         0.00680046 0.00318881], ([0.000000e+00 4.656613e-10 0.000000e+00]) 	 loss 1.822E-03 	 horizons 9.0
step 16920 	 return [0.         0.00420017 0.00630347], ([0.000000e+00 4.656613e-10 9.313226e-10]) 	 loss 1.445E-03 	 horizons 9.0
step 17010 	 return [0.00443599 0.00314108 0.00092616], ([4.6566129e-10 2.3283064e-10 5.8207661e-11]) 	 loss 1.136E-03 	 horizons 9.0
step 17100 	 return [0.00443599 0.00314108 0.00092616], ([4.6566129e-10 2.3283064e-10 5.8207661e-11]) 	 loss 8.627E-04 	 horizons 9.0
step 17190 	 return [0.00443599 0.00314108 0.00092616], ([4.6566129e-10 2.3283064e-10 5.8207661e-11]) 	 loss 8.500E-04 	 horizons 9.0
step 17280 	 return [0.00367436 0.00314307 0.00091548], ([4.6566129e-10 0.0000000e+00 1.1641532e-10]) 	 loss 7.640E-04 	 horizons 9.0
step 17370 	 return [0.         0.00680046 0.00318881], ([0.000000e+00 4.656613e-10 0.000000e+00]) 	 loss 1.790E-02 	 horizons 9.0
step 17460 	 return [0.00367716 0.00319071 0.00093548], ([4.2742581e-06 7.2779643e-05 3.0555504e-05]) 	 loss 5.845E-03 	 horizons 9.0
step 17550 	 return [0.00443599 0.00314108 0.00092616], ([4.6566129e-10 2.3283064e-10 5.8207661e-11]) 	 loss 1.494E-02 	 horizons 9.0
step 17640 	 return [0.         0.00420017 0.00630347], ([0.000000e+00 4.656613e-10 9.313226e-10]) 	 loss 4.440E-03 	 horizons 9.0
step 17730 	 return [0.00455832 0.00307179 0.00074092], ([0.00024466 0.00013859 0.00037046]) 	 loss 7.466E-04 	 horizons 9.0
step 17820 	 return [0.00375519 0.00322228 0.00094988], ([2.2697622e-04 7.9609432e-05 3.2411888e-05]) 	 loss 3.915E-03 	 horizons 9.0
step 17910 	 return [0.00443599 0.00314108 0.00092616], ([4.6566129e-10 2.3283064e-10 5.8207661e-11]) 	 loss 1.479E-02 	 horizons 9.0
step 18000 	 return [0.         0.00680046 0.00318881], ([0.000000e+00 4.656613e-10 0.000000e+00]) 	 loss 2.501E-03 	 horizons 9.0
step 18090 	 return [0.00443599 0.00314108 0.00092616], ([4.6566129e-10 2.3283064e-10 5.8207661e-11]) 	 loss 1.747E-03 	 horizons 9.0
step 18180 	 return [0.         0.00436976 0.0053683 ], ([0.000000e+00 4.656613e-10 4.656613e-10]) 	 loss 7.053E-04 	 horizons 9.0
step 18270 	 return [0.         0.00680046 0.00318881], ([0.000000e+00 4.656613e-10 0.000000e+00]) 	 loss 6.044E-04 	 horizons 9.0
step 18360 	 return [0.         0.00420017 0.00630347], ([0.000000e+00 4.656613e-10 9.313226e-10]) 	 loss 5.190E-04 	 horizons 9.0
step 18450 	 return [0.         0.00680046 0.00318881], ([0.000000e+00 4.656613e-10 0.000000e+00]) 	 loss 3.977E-04 	 horizons 9.0
step 18540 	 return [0.00443599 0.00314108 0.00092616], ([4.6566129e-10 2.3283064e-10 5.8207661e-11]) 	 loss 3.350E-04 	 horizons 9.0
step 18630 	 return [0.         0.00680046 0.00318881], ([0.000000e+00 4.656613e-10 0.000000e+00]) 	 loss 3.518E-04 	 horizons 9.0
step 18720 	 return [0.         0.00680046 0.00318881], ([0.000000e+00 4.656613e-10 0.000000e+00]) 	 loss 2.987E-04 	 horizons 9.0
step 18810 	 return [0.00368369 0.00330189 0.00098215], ([4.6566129e-10 2.3283064e-10 1.1641532e-10]) 	 loss 2.785E-04 	 horizons 9.0
step 18900 	 return [0.         0.00420017 0.00630347], ([0.000000e+00 4.656613e-10 9.313226e-10]) 	 loss 2.810E-04 	 horizons 9.0
step 18990 	 return [0.00443599 0.00314108 0.00092616], ([4.6566129e-10 2.3283064e-10 5.8207661e-11]) 	 loss 2.770E-04 	 horizons 9.0
step 19080 	 return [0.         0.00420017 0.00630347], ([0.000000e+00 4.656613e-10 9.313226e-10]) 	 loss 3.141E-04 	 horizons 9.0
step 19170 	 return [0.00428553 0.00317324 0.00093736], ([3.0092002e-04 6.4320673e-05 2.2399168e-05]) 	 loss 3.224E-04 	 horizons 9.0
step 19260 	 return [0.00368369 0.00330189 0.00098215], ([4.6566129e-10 2.3283064e-10 1.1641532e-10]) 	 loss 3.216E-04 	 horizons 9.0
step 19350 	 return [0.         0.00680046 0.00318881], ([0.000000e+00 4.656613e-10 0.000000e+00]) 	 loss 3.189E-04 	 horizons 9.0
step 19440 	 return [0.00368369 0.00330189 0.00098215], ([4.6566129e-10 2.3283064e-10 1.1641532e-10]) 	 loss 3.082E-04 	 horizons 9.0
step 19530 	 return [0.00428553 0.00317324 0.00093736], ([3.0092002e-04 6.4320673e-05 2.2399168e-05]) 	 loss 3.227E-04 	 horizons 9.0
step 19620 	 return [0.         0.00680046 0.00318881], ([0.000000e+00 4.656613e-10 0.000000e+00]) 	 loss 3.097E-04 	 horizons 9.0
step 19710 	 return [0.         0.00680046 0.00318881], ([0.000000e+00 4.656613e-10 0.000000e+00]) 	 loss 2.940E-04 	 horizons 9.0
step 19800 	 return [0.         0.00436976 0.0053683 ], ([0.000000e+00 4.656613e-10 4.656613e-10]) 	 loss 2.514E-04 	 horizons 9.0
step 19890 	 return [0.00375973 0.00330678 0.00088394], ([2.2813011e-04 1.4686771e-05 2.9464619e-04]) 	 loss 3.242E-04 	 horizons 9.0
step 19980 	 return [0.00368369 0.00330189 0.00098215], ([4.6566129e-10 2.3283064e-10 1.1641532e-10]) 	 loss 8.659E-04 	 horizons 9.0
step 20070 	 return [0.00375798 0.00326992 0.00096989], ([2.2601805e-04 6.3925516e-05 2.4651043e-05]) 	 loss 4.894E-04 	 horizons 9.0
step 20160 	 return [0.00443599 0.00314108 0.00092616], ([4.6566129e-10 2.3283064e-10 5.8207661e-11]) 	 loss 3.512E-04 	 horizons 9.0
step 20250 	 return [0.00391182 0.00331657 0.00068751], ([3.4847454e-04 2.2434413e-05 4.5007950e-04]) 	 loss 3.231E-04 	 horizons 9.0
step 20340 	 return [0.         0.00421713 0.00620995], ([0.0000000e+00 5.0878010e-05 2.8055097e-04]) 	 loss 5.170E-04 	 horizons 9.0
step 20430 	 return [0.00391182 0.00331657 0.00068751], ([3.4847454e-04 2.2434413e-05 4.5007950e-04]) 	 loss 3.318E-04 	 horizons 9.0
step 20520 	 return [0.         0.00680046 0.00318881], ([0.000000e+00 4.656613e-10 0.000000e+00]) 	 loss 6.896E-04 	 horizons 9.0
step 20610 	 return [0.         0.00436976 0.0053683 ], ([0.000000e+00 4.656613e-10 4.656613e-10]) 	 loss 3.790E-04 	 horizons 9.0
step 20700 	 return [0.         0.00436976 0.0053683 ], ([0.000000e+00 4.656613e-10 4.656613e-10]) 	 loss 3.677E-04 	 horizons 9.0
step 20790 	 return [0.         0.00420017 0.00630347], ([0.000000e+00 4.656613e-10 9.313226e-10]) 	 loss 2.779E-04 	 horizons 9.0
step 20880 	 return [0.         0.00680046 0.00318881], ([0.000000e+00 4.656613e-10 0.000000e+00]) 	 loss 3.011E-04 	 horizons 9.0
step 20970 	 return [0.         0.00680046 0.00318881], ([0.000000e+00 4.656613e-10 0.000000e+00]) 	 loss 2.459E-04 	 horizons 9.0
step 21060 	 return [0.         0.00420017 0.00630347], ([0.000000e+00 4.656613e-10 9.313226e-10]) 	 loss 2.473E-04 	 horizons 9.0
step 21150 	 return [0.         0.00436976 0.0053683 ], ([0.000000e+00 4.656613e-10 4.656613e-10]) 	 loss 2.802E-04 	 horizons 9.0
step 21240 	 return [0.00443599 0.00314108 0.00092616], ([4.6566129e-10 2.3283064e-10 5.8207661e-11]) 	 loss 2.288E-04 	 horizons 9.0
step 21330 	 return [0.00443599 0.00314108 0.00092616], ([4.6566129e-10 2.3283064e-10 5.8207661e-11]) 	 loss 2.689E-04 	 horizons 9.0
step 21420 	 return [0.00443599 0.00314108 0.00092616], ([4.6566129e-10 2.3283064e-10 5.8207661e-11]) 	 loss 2.574E-04 	 horizons 9.0
step 21510 	 return [0.         0.00436976 0.0053683 ], ([0.000000e+00 4.656613e-10 4.656613e-10]) 	 loss 2.750E-04 	 horizons 9.0
step 21600 	 return [0.         0.00461283 0.00515035], ([0.         0.00072921 0.00065385]) 	 loss 2.773E-04 	 horizons 9.0
step 21690 	 return [0.         0.00431888 0.00564885], ([0.000000e+00 7.771744e-05 4.285487e-04]) 	 loss 2.603E-04 	 horizons 9.0
step 21780 	 return [0.         0.00420017 0.00630347], ([0.000000e+00 4.656613e-10 9.313226e-10]) 	 loss 2.361E-04 	 horizons 9.0
step 21870 	 return [0.00443599 0.00314108 0.00092616], ([4.6566129e-10 2.3283064e-10 5.8207661e-11]) 	 loss 2.981E-04 	 horizons 9.0
step 21960 	 return [0.         0.00680046 0.00318881], ([0.000000e+00 4.656613e-10 0.000000e+00]) 	 loss 2.280E-04 	 horizons 9.0
step 22050 	 return [0.         0.00433584 0.00555533], ([0.0000000e+00 6.7837347e-05 3.7406798e-04]) 	 loss 2.256E-04 	 horizons 9.0
step 22140 	 return [0.         0.00420017 0.00630347], ([0.000000e+00 4.656613e-10 9.313226e-10]) 	 loss 2.382E-04 	 horizons 9.0
step 22230 	 return [0.         0.0043528  0.00546182], ([0.0000000e+00 5.0878014e-05 2.8055097e-04]) 	 loss 2.411E-04 	 horizons 9.0
step 22320 	 return [0.         0.00436976 0.0053683 ], ([0.000000e+00 4.656613e-10 4.656613e-10]) 	 loss 2.121E-04 	 horizons 9.0
step 22410 	 return [0.        0.0048559 0.0049324], ([0.         0.00097228 0.0008718 ]) 	 loss 2.403E-04 	 horizons 9.0
step 22500 	 return [0.00436953 0.00295512 0.00095602], ([1.9938048e-04 5.5789686e-04 8.9599285e-05]) 	 loss 2.226E-04 	 horizons 9.0
step 22590 	 return [0.         0.00680046 0.00318881], ([0.000000e+00 4.656613e-10 0.000000e+00]) 	 loss 2.083E-04 	 horizons 9.0
step 22680 	 return [0.         0.00420017 0.00630347], ([0.000000e+00 4.656613e-10 9.313226e-10]) 	 loss 1.751E-04 	 horizons 9.0
step 22770 	 return [0.         0.00436976 0.0053683 ], ([0.000000e+00 4.656613e-10 4.656613e-10]) 	 loss 1.999E-04 	 horizons 9.0
step 22860 	 return [0.00443599 0.00314108 0.00092616], ([4.6566129e-10 2.3283064e-10 5.8207661e-11]) 	 loss 2.019E-04 	 horizons 9.0
step 22950 	 return [0.00443599 0.00314108 0.00092616], ([4.6566129e-10 2.3283064e-10 5.8207661e-11]) 	 loss 1.711E-04 	 horizons 9.0
step 23040 	 return [0.00443599 0.00314108 0.00092616], ([4.6566129e-10 2.3283064e-10 5.8207661e-11]) 	 loss 1.598E-04 	 horizons 9.0
step 23130 	 return [0.         0.0043528  0.00546182], ([0.0000000e+00 5.0878014e-05 2.8055097e-04]) 	 loss 1.649E-04 	 horizons 9.0
step 23220 	 return [0.         0.00436976 0.0053683 ], ([0.000000e+00 4.656613e-10 4.656613e-10]) 	 loss 1.600E-04 	 horizons 9.0
step 23310 	 return [0.0040639  0.00332636 0.00049108], ([3.8021686e-04 2.4477951e-05 4.9107696e-04]) 	 loss 1.643E-04 	 horizons 9.0
step 23400 	 return [0.00428553 0.00317324 0.00093736], ([3.0092002e-04 6.4320666e-05 2.2399170e-05]) 	 loss 1.312E-03 	 horizons 9.0
step 23490 	 return [0.00367529 0.00315895 0.00092214], ([2.7981589e-06 4.7645455e-05 2.0003274e-05]) 	 loss 4.856E-04 	 horizons 9.0
step 23580 	 return [0.         0.00680046 0.00318881], ([0.000000e+00 4.656613e-10 0.000000e+00]) 	 loss 2.677E-02 	 horizons 9.0
step 23670 	 return [0.00036837 0.00450604 0.00471174], ([0.00110511 0.00082843 0.00140277]) 	 loss 1.393E-02 	 horizons 9.0
step 23760 	 return [0.00367436 0.00314307 0.00091548], ([4.6566129e-10 0.0000000e+00 1.1641532e-10]) 	 loss 4.529E-03 	 horizons 9.0
step 23850 	 return [0.         0.00680046 0.00318881], ([0.000000e+00 4.656613e-10 0.000000e+00]) 	 loss 3.371E-02 	 horizons 9.0
step 23940 	 return [0.         0.00420017 0.00630347], ([0.000000e+00 4.656613e-10 9.313226e-10]) 	 loss 1.837E-02 	 horizons 9.0
step 24030 	 return [0.00468065 0.00300249 0.00055569], ([0.00029965 0.00016974 0.00045372]) 	 loss 2.006E-03 	 horizons 9.0
step 24120 	 return [0.         0.00420017 0.00630347], ([0.000000e+00 4.656613e-10 9.313226e-10]) 	 loss 2.679E-03 	 horizons 9.0
step 24210 	 return [0.         0.00420017 0.00630347], ([0.000000e+00 4.656613e-10 9.313226e-10]) 	 loss 6.162E-04 	 horizons 9.0
step 24300 	 return [0.00443599 0.00314108 0.00092616], ([4.6566129e-10 2.3283064e-10 5.8207661e-11]) 	 loss 2.999E-04 	 horizons 9.0
step 24390 	 return [0.00443599 0.00314108 0.00092616], ([4.6566129e-10 2.3283064e-10 5.8207661e-11]) 	 loss 2.471E-04 	 horizons 9.0
step 24480 	 return [0.         0.00436976 0.0053683 ], ([0.000000e+00 4.656613e-10 4.656613e-10]) 	 loss 2.186E-04 	 horizons 9.0
step 24570 	 return [0.00036744 0.00424709 0.00492302], ([0.00110231 0.00036801 0.00133585]) 	 loss 1.688E-04 	 horizons 9.0
step 24660 	 return [0.00435982 0.00314128 0.00092509], ([2.2848816e-04 5.9504532e-07 3.2038949e-06]) 	 loss 2.796E-03 	 horizons 9.0
step 24750 	 return [0.         0.00420017 0.00630347], ([0.000000e+00 4.656613e-10 9.313226e-10]) 	 loss 2.076E-04 	 horizons 9.0
step 24840 	 return [0.00275899 0.00402884 0.00039286], ([0.00095662 0.00069784 0.00048116]) 	 loss 2.220E-04 	 horizons 9.0
step 24930 	 return [0.00367436 0.00314307 0.00091548], ([4.6566129e-10 0.0000000e+00 1.1641532e-10]) 	 loss 1.522E-02 	 horizons 9.0
step 25020 	 return [0.         0.00460166 0.00539041], ([0.0000000e+00 2.8402160e-04 2.7081354e-05]) 	 loss 1.670E-02 	 horizons 9.0
step 25110 	 return [0.         0.00606008 0.00408272], ([0.         0.00090677 0.00109481]) 	 loss 1.727E-02 	 horizons 9.0
step 25200 	 return [0.00428553 0.00317324 0.00093736], ([3.0092002e-04 6.4320673e-05 2.2399168e-05]) 	 loss 5.155E-03 	 horizons 9.0
step 25290 	 return [0.00443599 0.00314108 0.00092616], ([4.6566129e-10 2.3283064e-10 5.8207661e-11]) 	 loss 4.201E-03 	 horizons 9.0
step 25380 	 return [0.00421355 0.00327323 0.00057249], ([3.4689342e-04 8.8851215e-05 4.6794143e-04]) 	 loss 2.093E-03 	 horizons 9.0
step 25470 	 return [0.00443599 0.00314108 0.00092616], ([4.6566129e-10 2.3283064e-10 5.8207661e-11]) 	 loss 3.030E-03 	 horizons 9.0
step 25560 	 return [0.         0.00494952 0.00542358], ([0.000000e+00 4.656613e-10 4.656613e-10]) 	 loss 1.059E-03 	 horizons 9.0
step 25650 	 return [0.         0.00420017 0.00630347], ([0.000000e+00 4.656613e-10 9.313226e-10]) 	 loss 9.977E-04 	 horizons 9.0
step 25740 	 return [0.00443599 0.00314108 0.00092616], ([4.6566129e-10 2.3283064e-10 5.8207661e-11]) 	 loss 6.355E-04 	 horizons 9.0
step 25830 	 return [0.00413913 0.00331028 0.00048548], ([3.7187824e-04 6.0938779e-05 4.8573548e-04]) 	 loss 4.423E-04 	 horizons 9.0
step 25920 	 return [0.         0.00436976 0.0053683 ], ([0.000000e+00 4.656613e-10 4.656613e-10]) 	 loss 7.817E-04 	 horizons 9.0
step 26010 	 return [0.         0.00423409 0.00611643], ([0.0000000e+00 6.7837347e-05 3.7406798e-04]) 	 loss 3.478E-04 	 horizons 9.0
step 26100 	 return [0.         0.00388635 0.00633788], ([0.         0.00094145 0.00010323]) 	 loss 2.669E-04 	 horizons 9.0
step 26190 	 return [0.00373818 0.00406005 0.00019643], ([2.7248449e-05 3.7908231e-04 3.9286155e-04]) 	 loss 2.106E-04 	 horizons 9.0
step 26280 	 return [0.         0.00436976 0.0053683 ], ([0.000000e+00 4.656613e-10 4.656613e-10]) 	 loss 5.516E-03 	 horizons 9.0
step 26370 	 return [0.00367529 0.00315895 0.00092214], ([2.7981589e-06 4.7645459e-05 2.0003272e-05]) 	 loss 7.753E-03 	 horizons 9.0
step 26460 	 return [0.         0.00420017 0.00630347], ([0.000000e+00 4.656613e-10 9.313226e-10]) 	 loss 2.041E-02 	 horizons 9.0
step 26550 	 return [0.         0.00420017 0.00630347], ([0.000000e+00 4.656613e-10 9.313226e-10]) 	 loss 2.642E-03 	 horizons 9.0
step 26640 	 return [0.00443599 0.00314108 0.00092616], ([4.6566129e-10 2.3283064e-10 5.8207661e-11]) 	 loss 4.838E-04 	 horizons 9.0
step 26730 	 return [0.00139982 0.00133606 0.00056284], ([0.0017229  0.00108025 0.00035591]) 	 loss 2.776E-04 	 horizons 9.0
step 26820 	 return [0.         0.00420017 0.00630347], ([0.000000e+00 4.656613e-10 9.313226e-10]) 	 loss 5.391E-02 	 horizons 9.0
step 26910 	 return [0.         0.00420017 0.00630347], ([0.000000e+00 4.656613e-10 9.313226e-10]) 	 loss 4.898E-03 	 horizons 9.0
step 27000 	 return [0.         0.00436976 0.0053683 ], ([0.000000e+00 4.656613e-10 4.656613e-10]) 	 loss 2.952E-03 	 horizons 9.0
step 27090 	 return [0.00036837 0.00426297 0.00492969], ([0.00110511 0.00032036 0.00131584]) 	 loss 4.080E-03 	 horizons 9.0
step 27180 	 return [0.00375052 0.00314287 0.00091654], ([2.2848815e-04 5.9504526e-07 3.2038954e-06]) 	 loss 6.046E-03 	 horizons 9.0
step 27270 	 return [0.00436076 0.00315716 0.00093176], ([2.2569000e-04 4.8240512e-05 1.6799377e-05]) 	 loss 9.962E-03 	 horizons 9.0
step 27360 	 return [0.00443599 0.00314108 0.00092616], ([4.6566129e-10 2.3283064e-10 5.8207661e-11]) 	 loss 2.040E-03 	 horizons 9.0
step 27450 	 return [0.00111192 0.00455    0.00399294], ([0.00169857 0.0006575  0.00220001]) 	 loss 9.494E-04 	 horizons 9.0
step 27540 	 return [0.         0.001062   0.00664758], ([0.0000000e+00 1.1641532e-10 0.0000000e+00]) 	 loss 4.099E-04 	 horizons 9.0
step 27630 	 return [0.00443599 0.00314108 0.00092616], ([4.6566129e-10 2.3283064e-10 5.8207661e-11]) 	 loss 6.551E-03 	 horizons 9.0
step 27720 	 return [0.00443599 0.00314108 0.00092616], ([4.6566129e-10 2.3283064e-10 5.8207661e-11]) 	 loss 3.504E-04 	 horizons 9.0
step 27810 	 return [0.00367436 0.00314307 0.00091548], ([4.6566129e-10 0.0000000e+00 1.1641532e-10]) 	 loss 2.208E-04 	 horizons 9.0
step 27900 	 return [0.00382855 0.00317443 0.00093095], ([3.0373962e-04 6.3730258e-05 2.5935020e-05]) 	 loss 7.954E-03 	 horizons 9.0
step 27990 	 return [0.00443599 0.00314108 0.00092616], ([4.6566129e-10 2.3283064e-10 5.8207661e-11]) 	 loss 7.027E-03 	 horizons 9.0
step 28080 	 return [0.         0.00420017 0.00630347], ([0.000000e+00 4.656613e-10 9.313226e-10]) 	 loss 1.808E-03 	 horizons 9.0
step 28170 	 return [0.         0.00431888 0.00564885], ([0.000000e+00 7.771744e-05 4.285487e-04]) 	 loss 4.561E-04 	 horizons 9.0
step 28260 	 return [0.         0.00494952 0.00542358], ([0.000000e+00 4.656613e-10 4.656613e-10]) 	 loss 3.797E-02 	 horizons 9.0
step 28350 	 return [0.         0.00420017 0.00630347], ([0.000000e+00 4.656613e-10 9.313226e-10]) 	 loss 1.350E-02 	 horizons 9.0
step 28440 	 return [0.00322801 0.00389569 0.00103343], ([0.00112552 0.0006307  0.00153488]) 	 loss 5.178E-03 	 horizons 9.0
step 28530 	 return [0.         0.00420017 0.00630347], ([0.000000e+00 4.656613e-10 9.313226e-10]) 	 loss 3.464E-03 	 horizons 9.0
step 28620 	 return [0.00383415 0.00326973 0.00097095], ([3.009200e-04 6.432067e-05 2.239917e-05]) 	 loss 7.988E-04 	 horizons 9.0
step 28710 	 return [0.00438608 0.00290352 0.00083147], ([0.00030445 0.00039712 0.00027719]) 	 loss 3.888E-04 	 horizons 9.0
step 28800 	 return [0.00373818 0.00406005 0.00019643], ([2.7248450e-05 3.7908231e-04 3.9286158e-04]) 	 loss 1.464E-02 	 horizons 9.0
step 28890 	 return [0.         0.00494952 0.00542358], ([0.000000e+00 4.656613e-10 4.656613e-10]) 	 loss 5.792E-03 	 horizons 9.0
step 28980 	 return [0.         0.00494952 0.00542358], ([0.000000e+00 4.656613e-10 4.656613e-10]) 	 loss 8.944E-04 	 horizons 9.0
step 29070 	 return [0.         0.00420017 0.00630347], ([0.000000e+00 4.656613e-10 9.313226e-10]) 	 loss 2.577E-04 	 horizons 9.0
step 29160 	 return [0.00436076 0.00315716 0.00093176], ([2.2569000e-04 4.8240512e-05 1.6799377e-05]) 	 loss 3.466E-04 	 horizons 9.0
step 29250 	 return [0.         0.00494952 0.00542358], ([0.000000e+00 4.656613e-10 4.656613e-10]) 	 loss 1.652E-04 	 horizons 9.0
step 29340 	 return [0.         0.00420017 0.00630347], ([0.000000e+00 4.656613e-10 9.313226e-10]) 	 loss 1.074E-04 	 horizons 9.0
step 29430 	 return [0.         0.00420017 0.00630347], ([0.000000e+00 4.656613e-10 9.313226e-10]) 	 loss 9.754E-05 	 horizons 9.0
step 29520 	 return [0.         0.00420017 0.00630347], ([0.000000e+00 4.656613e-10 9.313226e-10]) 	 loss 8.050E-05 	 horizons 9.0
step 29610 	 return [0.00368369 0.00330189 0.00098215], ([4.6566129e-10 2.3283064e-10 1.1641532e-10]) 	 loss 6.763E-05 	 horizons 9.0
step 29700 	 return [0.00354629 0.00276786 0.00097383], ([0.00025613 0.0007504  0.00011671]) 	 loss 7.850E-05 	 horizons 9.0
step 29790 	 return [0.00368369 0.00330189 0.00098215], ([4.6566129e-10 2.3283064e-10 1.1641532e-10]) 	 loss 1.647E-02 	 horizons 9.0
step 29880 	 return [0.         0.00420017 0.00630347], ([0.000000e+00 4.656613e-10 9.313226e-10]) 	 loss 1.350E-03 	 horizons 9.0
step 29970 	 return [0.         0.00420017 0.00630347], ([0.000000e+00 4.656613e-10 9.313226e-10]) 	 loss 7.442E-04 	 horizons 9.0
step 30060 	 return [0.00367436 0.00314307 0.00091548], ([4.6566129e-10 0.0000000e+00 1.1641532e-10]) 	 loss 1.286E-04 	 horizons 9.0
[1;34mwandb[0m: 
[1;34mwandb[0m: 🚀 View run [33mmotndp_amsterdam-v0__GCN-amsterdam-g3-spatial__1024__1781499510[0m at: [34mhttps://wandb.ai/jingyuan-sun03-tu-delft/cl_ablation/runs/kxw97frh[0m
[1;34mwandb[0m: Find logs at: [1;35mwandb/run-20260615_065830-kxw97frh/logs[0m
