/home/SinJ/mo-transport-network-design/.venv/lib/python3.13/site-packages/pygame/pkgdata.py:25: UserWarning: pkg_resources is deprecated as an API. See https://setuptools.pypa.io/en/latest/pkg_resources.html. The pkg_resources package is slated for removal as early as 2025-11-30. Refrain from using this package or pin to Setuptools<81.
  from pkg_resources import resource_stream, resource_exists
wandb: [wandb.login()] Loaded credentials for https://api.wandb.ai from /home/SinJ/.netrc.
wandb: Currently logged in as: jingyuan-sun03 (jingyuan-sun03-tu-delft) to https://api.wandb.ai. Use `wandb login --relogin` to force relogin
wandb: Tracking run with wandb version 0.27.2
wandb: Run data is saved locally in /home/SinJ/mo-transport-network-design/wandb/run-20260615_073404-ql83kxh2
wandb: Run `wandb offline` to turn off syncing.
wandb: Syncing run motndp_amsterdam-v0__GCN-amsterdam-g5-temporal__42__1781501643
wandb: ⭐️ View project at https://wandb.ai/jingyuan-sun03-tu-delft/cl_ablation
wandb: 🚀 View run at https://wandb.ai/jingyuan-sun03-tu-delft/cl_ablation/runs/ql83kxh2
/home/SinJ/mo-transport-network-design/morl-baselines/morl_baselines/multi_policy/gcn/gcn.py:151: UserWarning: Creating a tensor from a list of numpy.ndarrays is extremely slow. Please consider converting the list to a single numpy.ndarray with numpy.array() before converting to a tensor. (Triggered internally at /pytorch/torch/csrc/utils/tensor_new.cpp:253.)
  th.tensor(obs).to(self.device),
Namespace(env='amsterdam', nr_groups=5, starting_loc_x=9, starting_loc_y=19, nr_stations=10, lr=0.01, batch_size=256, num_er_episodes=100, num_step_episodes=10, num_model_updates=10, num_policies=10, max_buffer_size=200, nr_layers=1, hidden_dim=128, timesteps=30000, no_log=False, seed=42, cd_threshold=0.2, distance_ref='interpolate2', gcn_lambda=0.0, lambda_schedule='cosine', lambda_start=1.0, lambda_end=0.0, lambda_warmup_fraction=0.1, lambda_freeze_fraction=0.1, spatial_alpha=0.0, include_demand_context=False, criterion='lorenz', nash_mode='pareto_sized', nash_top_k=None, nash_shift=0.0, project_name='cl_ablation', experiment_name='GCN-amsterdam-g5-temporal', wandb_entity=None)
step 990 	 return [0.00036321 0.00192002 0.00049669 0.00115808 0.        ], ([0.00071308 0.00244982 0.00039366 0.00126344 0.        ]) 	 loss 2.025E+00 	 horizons 9.0
step 1080 	 return [0.0003845  0.00260672 0.00087838 0.00116846 0.        ], ([0.00068198 0.00220997 0.00126255 0.00099697 0.        ]) 	 loss 1.875E+00 	 horizons 9.0
step 1170 	 return [0.00052373 0.00116632 0.00185204 0.00134093 0.00084185], ([0.00098571 0.00085527 0.0022957  0.0011024  0.00252554]) 	 loss 1.416E+00 	 horizons 9.0
step 1260 	 return [0.00065866 0.00197328 0.00145643 0.00137876 0.00039552], ([0.00103289 0.00179741 0.0012653  0.001009   0.00118656]) 	 loss 1.203E+00 	 horizons 9.0
step 1350 	 return [0.00041095 0.00279862 0.00112589 0.00087788 0.00018828], ([0.00105131 0.00294709 0.00126715 0.000978   0.00056483]) 	 loss 1.163E+00 	 horizons 9.0
step 1440 	 return [0.00065395 0.003415   0.00129818 0.00153141 0.00050071], ([0.00131009 0.00340709 0.00093123 0.00115089 0.00103049]) 	 loss 1.122E+00 	 horizons 9.0
step 1530 	 return [0.         0.00113925 0.00556082 0.00288915 0.00308221], ([0.         0.00192082 0.00149624 0.00109845 0.00306563]) 	 loss 1.071E+00 	 horizons 9.0
step 1620 	 return [0.         0.00029726 0.00471304 0.00426365 0.00349697], ([0.         0.00089179 0.00232648 0.00164035 0.00278106]) 	 loss 1.058E+00 	 horizons 9.0
step 1710 	 return [0.00043518 0.0046475  0.00126766 0.00078231 0.        ], ([0.00096879 0.00296447 0.00105574 0.00067378 0.        ]) 	 loss 1.029E+00 	 horizons 9.0
step 1800 	 return [0.         0.00019659 0.00629086 0.00486082 0.00374267], ([0.         0.00058977 0.00215082 0.00131867 0.00226105]) 	 loss 9.845E-01 	 horizons 9.0
step 1890 	 return [0.         0.00019659 0.00602045 0.00438545 0.00389497], ([0.         0.00058977 0.00325718 0.00076269 0.00289965]) 	 loss 9.421E-01 	 horizons 9.0
step 1980 	 return [0.         0.         0.005593   0.00518623 0.00450836], ([0.         0.         0.00249365 0.00114875 0.00313086]) 	 loss 9.457E-01 	 horizons 9.0
step 2070 	 return [0.         0.         0.00618009 0.00520984 0.00473866], ([0.         0.         0.00125472 0.00126828 0.00234353]) 	 loss 9.092E-01 	 horizons 9.0
step 2160 	 return [0.         0.         0.00550049 0.00507233 0.00477349], ([0.         0.         0.00189672 0.0017111  0.00371803]) 	 loss 9.082E-01 	 horizons 9.0
step 2250 	 return [0.         0.         0.00636868 0.00515802 0.00618884], ([0.         0.         0.00128641 0.00148798 0.00178319]) 	 loss 8.500E-01 	 horizons 9.0
step 2340 	 return [0.         0.         0.00612358 0.00513933 0.00584487], ([0.         0.         0.00094028 0.00036455 0.00151845]) 	 loss 8.321E-01 	 horizons 9.0
step 2430 	 return [0.         0.00039318 0.00777581 0.00506259 0.00378536], ([0.         0.00078636 0.00155001 0.00157092 0.00211037]) 	 loss 7.589E-01 	 horizons 9.0
step 2520 	 return [0.         0.00019659 0.00793663 0.00550158 0.00314361], ([0.         0.00058977 0.00156404 0.00153765 0.00249308]) 	 loss 6.847E-01 	 horizons 9.0
step 2610 	 return [0.         0.         0.00603914 0.00500444 0.00683995], ([0.         0.         0.000887   0.00067906 0.00108412]) 	 loss 6.628E-01 	 horizons 9.0
step 2700 	 return [0.         0.00351966 0.00532875 0.00196596 0.        ], ([0.         0.00152519 0.00139824 0.00109882 0.        ]) 	 loss 6.448E-01 	 horizons 9.0
step 2790 	 return [0.         0.         0.00636699 0.00512501 0.00526866], ([0.         0.         0.00059996 0.00094928 0.0018219 ]) 	 loss 6.270E-01 	 horizons 9.0
step 2880 	 return [0.00117537 0.00534828 0.00179139 0.00082069 0.        ], ([0.00146895 0.00170277 0.00113348 0.00040265 0.        ]) 	 loss 5.907E-01 	 horizons 9.0
step 2970 	 return [0.         0.         0.00610038 0.00506683 0.00750642], ([0.0000000e+00 0.0000000e+00 1.6088572e-05 6.2088227e-05 5.9133419e-04]) 	 loss 5.691E-01 	 horizons 9.0
step 3060 	 return [0.00079136 0.00631744 0.0021524  0.00133334 0.        ], ([0.00104512 0.00257678 0.00191095 0.0011688  0.        ]) 	 loss 5.296E-01 	 horizons 9.0
step 3150 	 return [0.         0.         0.00656404 0.005286   0.00678362], ([0.         0.         0.00138927 0.0006615  0.00230512]) 	 loss 5.394E-01 	 horizons 9.0
step 3240 	 return [0.         0.         0.00687618 0.00581895 0.00558484], ([0.         0.         0.00121002 0.00165685 0.00293255]) 	 loss 4.757E-01 	 horizons 9.0
step 3330 	 return [0.         0.         0.0043159  0.00356378 0.00784752], ([0.         0.         0.00169868 0.00167981 0.00241909]) 	 loss 4.674E-01 	 horizons 9.0
step 3420 	 return [0.         0.         0.00373744 0.00427633 0.0063069 ], ([0.         0.         0.00098383 0.00139165 0.00136612]) 	 loss 4.381E-01 	 horizons 9.0
step 3510 	 return [0.         0.00295271 0.00656951 0.00226671 0.00158238], ([0.         0.00230852 0.00083168 0.00070451 0.0024184 ]) 	 loss 4.326E-01 	 horizons 9.0
step 3600 	 return [0.0004554  0.00511451 0.00490892 0.00202373 0.        ], ([0.00105855 0.00195363 0.00144341 0.00130905 0.        ]) 	 loss 4.648E-01 	 horizons 9.0
step 3690 	 return [0.00037456 0.00660149 0.00385195 0.0014987  0.        ], ([0.00083028 0.00172738 0.00162973 0.00042768 0.        ]) 	 loss 4.530E-01 	 horizons 9.0
step 3780 	 return [0.         0.         0.00315044 0.00321417 0.00898737], ([0.         0.         0.00110007 0.00150635 0.00218875]) 	 loss 4.377E-01 	 horizons 9.0
step 3870 	 return [0.         0.         0.00500664 0.00448736 0.00768677], ([0.         0.         0.00129649 0.0017305  0.00196787]) 	 loss 3.951E-01 	 horizons 9.0
step 3960 	 return [0.         0.00048291 0.00751029 0.00383335 0.00343367], ([0.         0.00144872 0.00078161 0.00079806 0.00152641]) 	 loss 3.634E-01 	 horizons 9.0
step 4050 	 return [0.00180063 0.0072143  0.00187102 0.00137842 0.        ], ([0.00103922 0.00128482 0.00105642 0.00041554 0.        ]) 	 loss 3.349E-01 	 horizons 9.0
step 4140 	 return [0.         0.00018896 0.00147396 0.00397971 0.00790588], ([0.         0.00056687 0.00122335 0.00128155 0.00404246]) 	 loss 3.786E-01 	 horizons 9.0
step 4230 	 return [0.         0.0053223  0.00575134 0.00231888 0.        ], ([0.         0.00270108 0.00177341 0.00096117 0.        ]) 	 loss 3.331E-01 	 horizons 9.0
step 4320 	 return [0.         0.         0.0034682  0.00344499 0.00930935], ([0.         0.         0.00075472 0.00138394 0.0023687 ]) 	 loss 3.332E-01 	 horizons 9.0
step 4410 	 return [0.         0.         0.00611394 0.00534739 0.00753981], ([0.0000000e+00 0.0000000e+00 2.3758852e-05 7.7804562e-04 5.2436173e-04]) 	 loss 3.249E-01 	 horizons 9.0
step 4500 	 return [0.         0.00462161 0.00717703 0.00209979 0.        ], ([0.         0.00277129 0.00143135 0.00044386 0.        ]) 	 loss 3.115E-01 	 horizons 9.0
step 4590 	 return [0.00142733 0.00629908 0.00347206 0.00148019 0.        ], ([0.00145822 0.00177907 0.00101019 0.0005417  0.        ]) 	 loss 3.346E-01 	 horizons 9.0
step 4680 	 return [0.         0.         0.0074252  0.00345129 0.00491078], ([0.         0.         0.00051443 0.00039959 0.00026386]) 	 loss 3.225E-01 	 horizons 9.0
step 4770 	 return [0.         0.         0.00618452 0.00470386 0.00605557], ([0.         0.         0.00134429 0.00121239 0.00170557]) 	 loss 3.324E-01 	 horizons 9.0
step 4860 	 return [0.         0.         0.00612136 0.00502836 0.00770953], ([0.0000000e+00 0.0000000e+00 8.4946158e-05 1.6600770e-03 1.7048238e-03]) 	 loss 2.864E-01 	 horizons 9.0
step 4950 	 return [0.         0.00559918 0.00686693 0.00225818 0.        ], ([0.         0.00235817 0.00107999 0.00077354 0.        ]) 	 loss 2.797E-01 	 horizons 9.0
step 5040 	 return [0.         0.         0.00462436 0.00514279 0.00696432], ([0.         0.         0.00122855 0.00119898 0.00147616]) 	 loss 2.506E-01 	 horizons 9.0
step 5130 	 return [0.         0.         0.00611369 0.00534693 0.00752994], ([0.0000000e+00 0.0000000e+00 2.3839644e-05 7.7820034e-04 5.2081328e-04]) 	 loss 2.456E-01 	 horizons 9.0
step 5220 	 return [0.         0.         0.00351296 0.00313383 0.01029198], ([0.         0.         0.00114467 0.00186507 0.00270024]) 	 loss 2.395E-01 	 horizons 9.0
step 5310 	 return [0.00299806 0.00450622 0.00053078 0.00073091 0.        ], ([0.00061281 0.0019659  0.00024663 0.00038176 0.        ]) 	 loss 2.586E-01 	 horizons 9.0
step 5400 	 return [0.         0.         0.00117537 0.00442554 0.00698849], ([0.         0.         0.00118554 0.00092522 0.00316604]) 	 loss 2.679E-01 	 horizons 9.0
step 5490 	 return [0.         0.00117954 0.01012828 0.00664406 0.        ], ([0.         0.00096309 0.00068828 0.00126393 0.        ]) 	 loss 2.554E-01 	 horizons 9.0
step 5580 	 return [0.         0.         0.00806554 0.00401574 0.00404019], ([0.         0.         0.00087133 0.00111777 0.00209037]) 	 loss 2.332E-01 	 horizons 9.0
step 5670 	 return [0.00234831 0.00756235 0.00166188 0.0007384  0.        ], ([0.00039843 0.0006379  0.00099525 0.00056216 0.        ]) 	 loss 2.316E-01 	 horizons 9.0
step 5760 	 return [0.00253094 0.00595989 0.00197257 0.00158475 0.        ], ([0.00100368 0.00137082 0.00091404 0.00040298 0.        ]) 	 loss 2.327E-01 	 horizons 9.0
step 5850 	 return [0.         0.         0.00760435 0.00696537 0.0036074 ], ([0.         0.         0.00132148 0.00142062 0.00328399]) 	 loss 2.267E-01 	 horizons 9.0
step 5940 	 return [0.00202923 0.00658959 0.00244813 0.00171763 0.        ], ([0.00113332 0.001653   0.00087823 0.00037321 0.        ]) 	 loss 2.252E-01 	 horizons 9.0
step 6030 	 return [0.         0.         0.00434115 0.00513227 0.00842506], ([0.         0.         0.00176015 0.00122725 0.00223164]) 	 loss 2.564E-01 	 horizons 9.0
step 6120 	 return [0.         0.00287528 0.00829877 0.00308186 0.00063762], ([0.         0.00234879 0.00096137 0.00132752 0.00128286]) 	 loss 2.334E-01 	 horizons 9.0
step 6210 	 return [0.00207926 0.00697144 0.00271317 0.00182388 0.        ], ([0.00085726 0.00099823 0.00081827 0.00050305 0.        ]) 	 loss 2.331E-01 	 horizons 9.0
step 6300 	 return [0.         0.         0.00616132 0.00690325 0.00648708], ([0.0000000e+00 0.0000000e+00 3.6475660e-05 1.1888387e-03 7.9272379e-04]) 	 loss 2.127E-01 	 horizons 9.0
step 6390 	 return [0.         0.         0.00627453 0.00568348 0.00692926], ([0.         0.         0.00040461 0.0010788  0.00089037]) 	 loss 2.035E-01 	 horizons 9.0
step 6480 	 return [0.00259971 0.00610542 0.00171137 0.00162007 0.        ], ([0.00068095 0.00112063 0.0005044  0.00043354 0.        ]) 	 loss 1.916E-01 	 horizons 9.0
step 6570 	 return [0.         0.         0.00344984 0.0031406  0.01008408], ([0.         0.         0.00060883 0.00135968 0.00193762]) 	 loss 2.258E-01 	 horizons 9.0
step 6660 	 return [0.00098117 0.00736522 0.00389697 0.0013181  0.        ], ([0.00078125 0.0005894  0.00098146 0.0005697  0.        ]) 	 loss 2.172E-01 	 horizons 9.0
step 6750 	 return [0.         0.         0.00766958 0.00391162 0.00509053], ([0.         0.         0.00041223 0.00129599 0.00079247]) 	 loss 2.160E-01 	 horizons 9.0
step 6840 	 return [0.00249689 0.00563579 0.00374677 0.00198072 0.        ], ([2.1613526e-04 3.3905348e-04 8.3608364e-07 4.5180457e-07 0.0000000e+00]) 	 loss 1.828E-01 	 horizons 9.0
step 6930 	 return [0.         0.         0.0061147  0.00534879 0.00756943], ([0.0000000e+00 0.0000000e+00 2.3498387e-05 7.7757973e-04 5.3377083e-04]) 	 loss 1.900E-01 	 horizons 9.0
step 7020 	 return [0.00032133 0.00698658 0.00472687 0.001521   0.        ], ([0.00049084 0.0012532  0.00098839 0.00062667 0.        ]) 	 loss 1.809E-01 	 horizons 9.0
step 7110 	 return [0.         0.00019659 0.00953696 0.00773469 0.        ], ([0.         0.00058977 0.00074676 0.00095395 0.        ]) 	 loss 1.943E-01 	 horizons 9.0
step 7200 	 return [0.00273204 0.00634329 0.00132246 0.00166429 0.        ], ([0.00049302 0.00126137 0.00067866 0.00025984 0.        ]) 	 loss 1.604E-01 	 horizons 9.0
step 7290 	 return [0.         0.         0.0062764  0.00489782 0.00746733], ([0.         0.         0.0005086  0.00057532 0.00084008]) 	 loss 1.860E-01 	 horizons 9.0
step 7380 	 return [0.         0.         0.0080302  0.00703487 0.00270326], ([0.         0.         0.00094555 0.00140464 0.00234591]) 	 loss 1.666E-01 	 horizons 9.0
step 7470 	 return [0.         0.         0.00371783 0.00319383 0.010927  ], ([0.         0.         0.00033962 0.00179846 0.00219694]) 	 loss 1.804E-01 	 horizons 9.0
step 7560 	 return [0.         0.         0.00613037 0.00586717 0.00721359], ([0.0000000e+00 0.0000000e+00 3.5894380e-05 1.1877725e-03 8.1534853e-04]) 	 loss 1.880E-01 	 horizons 9.0
step 7650 	 return [0.         0.         0.00611006 0.00521539 0.00762717], ([0.0000000e+00 0.0000000e+00 9.5587229e-06 3.7738832e-04 3.6055926e-04]) 	 loss 1.485E-01 	 horizons 9.0
step 7740 	 return [0.         0.         0.00549213 0.0058347  0.00721414], ([0.         0.         0.00096772 0.00066696 0.00049857]) 	 loss 1.438E-01 	 horizons 9.0
step 7830 	 return [0.00282084 0.00419811 0.00197425 0.00208881 0.        ], ([0.00123857 0.00139497 0.00064226 0.0006293  0.        ]) 	 loss 1.435E-01 	 horizons 9.0
step 7920 	 return [0.         0.         0.00391478 0.00636611 0.00725061], ([0.         0.         0.00076475 0.00090966 0.0005082 ]) 	 loss 1.643E-01 	 horizons 9.0
step 8010 	 return [0.         0.00742752 0.00584966 0.00206293 0.        ], ([0.         0.00117421 0.00048139 0.0001249  0.        ]) 	 loss 1.522E-01 	 horizons 9.0
step 8100 	 return [0.         0.         0.00408502 0.00179349 0.01206732], ([0.         0.         0.00037252 0.00052494 0.00098628]) 	 loss 1.305E-01 	 horizons 9.0
step 8190 	 return [0.00074804 0.00734344 0.00458664 0.00098743 0.        ], ([0.00048972 0.00104671 0.00064256 0.00066409 0.        ]) 	 loss 1.553E-01 	 horizons 9.0
step 8280 	 return [0.         0.         0.00544678 0.00228044 0.01048846], ([0.         0.         0.00106726 0.00204826 0.00237435]) 	 loss 1.433E-01 	 horizons 9.0
step 8370 	 return [0.         0.00647971 0.00630003 0.00169473 0.        ], ([0.         0.00071939 0.00073661 0.00054949 0.        ]) 	 loss 1.484E-01 	 horizons 9.0
step 8460 	 return [0.         0.         0.00792933 0.00664588 0.00307451], ([0.         0.         0.0003565  0.00016074 0.00064193]) 	 loss 1.366E-01 	 horizons 9.0
step 8550 	 return [0.         0.         0.00611265 0.00534298 0.00743902], ([0.0000000e+00 0.0000000e+00 2.4943656e-05 7.7970757e-04 6.2575197e-04]) 	 loss 1.158E-01 	 horizons 9.0
step 8640 	 return [0.         0.         0.00462647 0.00602486 0.00763672], ([0.         0.         0.00098386 0.00084113 0.00066657]) 	 loss 1.254E-01 	 horizons 9.0
step 8730 	 return [0.00307833 0.00752208 0.00053564 0.00105107 0.        ], ([4.5375965e-04 4.8501775e-04 9.9381650e-05 4.5038483e-04 0.0000000e+00]) 	 loss 1.146E-01 	 horizons 9.0
step 8820 	 return [0.00178574 0.00592197 0.00395261 0.00184277 0.        ], ([0.00089287 0.00026342 0.00061811 0.00041517 0.        ]) 	 loss 1.239E-01 	 horizons 9.0
step 8910 	 return [0.         0.         0.00974067 0.00796573 0.        ], ([0.         0.         0.00080915 0.00057369 0.        ]) 	 loss 1.328E-01 	 horizons 9.0
step 9000 	 return [0.         0.         0.00409009 0.0037579  0.01020656], ([0.         0.         0.00069723 0.0012877  0.00161058]) 	 loss 1.139E-01 	 horizons 9.0
step 9090 	 return [0.         0.00751293 0.00557495 0.00179779 0.        ], ([0.         0.00144564 0.0008453  0.00049056 0.        ]) 	 loss 1.369E-01 	 horizons 9.0
step 9180 	 return [0.00020872 0.00448304 0.00441285 0.00121951 0.        ], ([0.00041744 0.00147048 0.00015926 0.00062364 0.        ]) 	 loss 1.347E-01 	 horizons 9.0
step 9270 	 return [0.         0.0081632  0.00516225 0.00101107 0.        ], ([0.         0.00090916 0.00028707 0.00051347 0.        ]) 	 loss 1.429E-01 	 horizons 9.0
step 9360 	 return [0.00346566 0.00483761 0.00203487 0.00174204 0.        ], ([0.00015659 0.00104383 0.00061318 0.00038273 0.        ]) 	 loss 1.448E-01 	 horizons 9.0
step 9450 	 return [0.         0.         0.00786691 0.00336764 0.00512531], ([0.         0.         0.00018642 0.00033791 0.0008179 ]) 	 loss 1.181E-01 	 horizons 9.0
step 9540 	 return [0.         0.00802132 0.00463721 0.00187539 0.        ], ([0.         0.00117003 0.00106139 0.00024967 0.        ]) 	 loss 1.393E-01 	 horizons 9.0
step 9630 	 return [0.         0.         0.00057391 0.00301257 0.01313364], ([0.         0.         0.00065881 0.00072746 0.00248335]) 	 loss 1.372E-01 	 horizons 9.0
step 9720 	 return [0.         0.00220651 0.00841622 0.00298322 0.00129828], ([0.         0.00203362 0.00091845 0.00089591 0.00160715]) 	 loss 1.195E-01 	 horizons 9.0
step 9810 	 return [0.         0.         0.00924517 0.00831704 0.        ], ([0.         0.         0.0004955  0.00035131 0.        ]) 	 loss 1.490E-01 	 horizons 9.0
step 9900 	 return [0.         0.         0.00850635 0.00694845 0.00215128], ([0.         0.         0.0005155  0.00090749 0.00131762]) 	 loss 1.601E-01 	 horizons 9.0
step 9990 	 return [0.         0.00224965 0.00947834 0.00315113 0.00036195], ([0.         0.0015326  0.00064727 0.00094086 0.00108586]) 	 loss 1.429E-01 	 horizons 9.0
step 10080 	 return [0.         0.         0.00035476 0.00268833 0.01436076], ([0.0000000e+00 0.0000000e+00 1.1272496e-06 4.2851453e-04 4.2799863e-04]) 	 loss 1.580E-01 	 horizons 9.0
step 10170 	 return [0.         0.         0.00549931 0.00367894 0.00831997], ([0.         0.         0.00092857 0.00184852 0.00103285]) 	 loss 1.276E-01 	 horizons 9.0
step 10260 	 return [0.00042759 0.00791867 0.00421407 0.00116762 0.        ], ([0.00052369 0.00135933 0.00072843 0.00045881 0.        ]) 	 loss 1.224E-01 	 horizons 9.0
step 10350 	 return [0.         0.         0.00617736 0.00742233 0.00614604], ([0.0000000e+00 0.0000000e+00 2.3498387e-05 7.7757967e-04 5.3377089e-04]) 	 loss 1.193E-01 	 horizons 9.0
step 10440 	 return [0.00012916 0.00063893 0.00308883 0.00337064 0.00360948], ([0.00019729 0.00097598 0.00065046 0.0008398  0.0025112 ]) 	 loss 1.163E-01 	 horizons 9.0
step 10530 	 return [0.00022518 0.00827756 0.00453825 0.00212404 0.        ], ([0.00067555 0.00033173 0.000887   0.000196   0.        ]) 	 loss 1.169E-01 	 horizons 9.0
step 10620 	 return [0.00323171 0.00772079 0.00059526 0.00130829 0.        ], ([1.6546015e-06 6.7004861e-05 1.7740371e-05 3.7020487e-05 0.0000000e+00]) 	 loss 9.491E-02 	 horizons 9.0
step 10710 	 return [0.         0.         0.0077401  0.00515657 0.00425988], ([0.         0.         0.0005222  0.00092241 0.00092895]) 	 loss 9.210E-02 	 horizons 9.0
step 10800 	 return [0.         0.         0.00356097 0.00664517 0.00755885], ([0.         0.         0.00018671 0.00047769 0.00092035]) 	 loss 9.205E-02 	 horizons 9.0
step 10890 	 return [0.00320595 0.00510853 0.00246563 0.00204277 0.        ], ([1.5731194e-04 4.6471803e-04 1.4910475e-07 1.7462298e-07 0.0000000e+00]) 	 loss 1.005E-01 	 horizons 9.0
step 10980 	 return [0.00335519 0.00717191 0.00069477 0.00133198 0.        ], ([1.920044e-04 7.815659e-04 3.637942e-04 6.468052e-05 0.000000e+00]) 	 loss 9.114E-02 	 horizons 9.0
step 11070 	 return [0.         0.         0.00617126 0.00728133 0.00614133], ([0.0000000e+00 0.0000000e+00 2.1293188e-05 6.1130233e-04 2.6458511e-04]) 	 loss 8.331E-02 	 horizons 9.0
step 11160 	 return [0.         0.         0.00038296 0.00242458 0.01430099], ([0.0000000e+00 0.0000000e+00 8.6309701e-05 1.4847187e-04 8.2129496e-04]) 	 loss 9.437E-02 	 horizons 9.0
step 11250 	 return [0.         0.00610403 0.00593428 0.00190011 0.        ], ([0.         0.00083618 0.00015825 0.00026651 0.        ]) 	 loss 8.471E-02 	 horizons 9.0
step 11340 	 return [0.         0.         0.0053946  0.00177954 0.01060913], ([0.         0.         0.00083612 0.00100493 0.00092513]) 	 loss 8.722E-02 	 horizons 9.0
step 11430 	 return [0.00348864 0.00440327 0.00239747 0.00195202 0.        ], ([9.5778523e-05 6.7253422e-04 2.0356648e-04 2.7121493e-04 0.0000000e+00]) 	 loss 7.904E-02 	 horizons 9.0
step 11520 	 return [0.         0.         0.0059759  0.00077209 0.01111509], ([0.0000000e+00 0.0000000e+00 3.0688072e-05 2.6153095e-04 5.5661006e-04]) 	 loss 6.987E-02 	 horizons 9.0
step 11610 	 return [0.         0.         0.00397014 0.00632066 0.0076002 ], ([0.         0.         0.00038816 0.00061877 0.00091418]) 	 loss 7.792E-02 	 horizons 9.0
step 11700 	 return [0.         0.         0.00410438 0.00396546 0.00965784], ([0.         0.         0.00028393 0.00139405 0.00169622]) 	 loss 9.043E-02 	 horizons 9.0
step 11790 	 return [0.0031643  0.00588088 0.00212624 0.00159061 0.        ], ([3.7009013e-05 5.3999270e-04 3.3946382e-04 4.5224311e-04 0.0000000e+00]) 	 loss 8.197E-02 	 horizons 9.0
step 11880 	 return [0.00135109 0.00778622 0.00315536 0.00216232 0.        ], ([0.00110316 0.00031838 0.00098322 0.00012455 0.        ]) 	 loss 7.733E-02 	 horizons 9.0
step 11970 	 return [0.         0.         0.00378188 0.00685013 0.00735552], ([0.         0.         0.00017189 0.00038977 0.00068151]) 	 loss 8.928E-02 	 horizons 9.0
step 12060 	 return [0.00239472 0.00785966 0.00057401 0.00135483 0.        ], ([2.3283064e-10 9.3132257e-10 5.8207661e-11 1.1641532e-10 0.0000000e+00]) 	 loss 7.939E-02 	 horizons 9.0
step 12150 	 return [0.         0.         0.00889239 0.00730725 0.0009902 ], ([0.0000000e+00 0.0000000e+00 9.3806535e-05 5.6344963e-04 4.9510045e-04]) 	 loss 9.514E-02 	 horizons 9.0
step 12240 	 return [0.         0.         0.00599207 0.00068525 0.01100583], ([0.000000e+00 0.000000e+00 0.000000e+00 5.820766e-11 9.313226e-10]) 	 loss 1.084E-01 	 horizons 9.0
step 12330 	 return [0.         0.         0.00380256 0.00550708 0.0094673 ], ([0.         0.         0.00050925 0.00083982 0.00117071]) 	 loss 9.686E-02 	 horizons 9.0
step 12420 	 return [0.00272198 0.00550857 0.00350276 0.00200813 0.        ], ([1.3544621e-04 4.5491356e-04 4.8749006e-04 6.5214350e-05 0.0000000e+00]) 	 loss 8.874E-02 	 horizons 9.0
step 12510 	 return [0.00179887 0.00660819 0.00302247 0.00167882 0.        ], ([0.00062015 0.00077926 0.00072451 0.00056008 0.        ]) 	 loss 8.090E-02 	 horizons 9.0
step 12600 	 return [0.         0.         0.01052914 0.0072824  0.        ], ([0.         0.         0.00048863 0.00042966 0.        ]) 	 loss 7.650E-02 	 horizons 9.0
step 12690 	 return [0.         0.         0.00411149 0.00221481 0.01217155], ([0.         0.         0.0004244  0.00066867 0.00089699]) 	 loss 7.359E-02 	 horizons 9.0
step 12780 	 return [0.         0.00289323 0.00975641 0.00303638 0.        ], ([0.00000000e+00 1.12643165e-05 2.32424412e-04 6.11057389e-04
 0.00000000e+00]) 	 loss 7.671E-02 	 horizons 9.0
step 12870 	 return [0.         0.00106055 0.01067281 0.00499719 0.        ], ([0.         0.00132271 0.00105679 0.00115599 0.        ]) 	 loss 8.514E-02 	 horizons 9.0
step 12960 	 return [0.00247566 0.00772952 0.00069892 0.00132563 0.        ], ([2.4188439e-04 4.3813346e-04 3.6277869e-04 6.6360255e-05 0.0000000e+00]) 	 loss 8.920E-02 	 horizons 9.0
step 13050 	 return [0.         0.00019659 0.01179148 0.00534204 0.        ], ([0.         0.00058977 0.00041321 0.00010127 0.        ]) 	 loss 8.502E-02 	 horizons 9.0
step 13140 	 return [0.         0.         0.0041753  0.00256338 0.01175161], ([0.         0.         0.00058741 0.00048481 0.00064578]) 	 loss 6.578E-02 	 horizons 9.0
step 13230 	 return [0.         0.         0.00598903 0.0006851  0.0111108 ], ([0.0000000e+00 0.0000000e+00 9.1199299e-06 4.5401976e-07 3.1491314e-04]) 	 loss 8.724E-02 	 horizons 9.0
step 13320 	 return [0.         0.         0.00385317 0.0023952  0.01224733], ([0.         0.         0.00056992 0.00079469 0.00144631]) 	 loss 8.333E-02 	 horizons 9.0
step 13410 	 return [0.00357734 0.00482998 0.00205862 0.00149212 0.        ], ([4.7339792e-05 5.3160510e-04 3.3208309e-04 4.4985180e-04 0.0000000e+00]) 	 loss 6.765E-02 	 horizons 9.0
step 13500 	 return [0.         0.         0.00612312 0.00581613 0.00790781], ([0.0000000e+00 0.0000000e+00 1.9897194e-05 8.8981725e-04 1.9651341e-04]) 	 loss 8.076E-02 	 horizons 9.0
step 13590 	 return [0.00445656 0.00143217 0.00036985 0.00058656 0.        ], ([1.7030693e-04 3.2902093e-04 2.4264918e-05 9.8320685e-05 0.0000000e+00]) 	 loss 7.712E-02 	 horizons 9.0
step 13680 	 return [0.00445656 0.00143217 0.00036985 0.00058656 0.        ], ([1.7030693e-04 3.2902096e-04 2.4264918e-05 9.8320685e-05 0.0000000e+00]) 	 loss 6.885E-02 	 horizons 9.0
step 13770 	 return [0.         0.00948434 0.00343899 0.00151882 0.        ], ([0.         0.00099362 0.00034113 0.00017748 0.        ]) 	 loss 5.775E-02 	 horizons 9.0
step 13860 	 return [0.         0.00762122 0.00586592 0.0020538  0.        ], ([0.         0.0014989  0.00059145 0.00016861 0.        ]) 	 loss 6.514E-02 	 horizons 9.0
step 13950 	 return [0.         0.00028794 0.01094626 0.00627992 0.        ], ([0.         0.00086383 0.0007392  0.00118893 0.        ]) 	 loss 7.677E-02 	 horizons 9.0
step 14040 	 return [0.         0.         0.01037563 0.00732727 0.00058941], ([0.         0.         0.00071208 0.00012831 0.00117882]) 	 loss 8.337E-02 	 horizons 9.0
step 14130 	 return [0.00268625 0.00596466 0.00328494 0.00206645 0.        ], ([1.5783160e-05 7.4183499e-04 5.6479743e-04 1.0545616e-04 0.0000000e+00]) 	 loss 5.204E-02 	 horizons 9.0
step 14220 	 return [0.         0.         0.00434128 0.00316964 0.01081408], ([0.         0.         0.00032156 0.00067531 0.00106558]) 	 loss 6.701E-02 	 horizons 9.0
step 14310 	 return [0.00010688 0.00989854 0.00324203 0.00133707 0.        ], ([3.2063093e-04 7.5775181e-04 9.8063523e-05 3.1964976e-04 0.0000000e+00]) 	 loss 8.287E-02 	 horizons 9.0
step 14400 	 return [0.         0.         0.00264793 0.00295468 0.01337418], ([0.         0.         0.00061361 0.00076921 0.00052385]) 	 loss 7.706E-02 	 horizons 9.0
step 14490 	 return [0.00362074 0.00525653 0.00178615 0.00113793 0.        ], ([4.6566129e-10 0.0000000e+00 2.3283064e-10 1.1641532e-10 0.0000000e+00]) 	 loss 7.420E-02 	 horizons 9.0
step 14580 	 return [0.         0.00127089 0.01085635 0.00547128 0.        ], ([0.         0.00107066 0.00077012 0.0006909  0.        ]) 	 loss 4.641E-02 	 horizons 9.0
step 14670 	 return [0.00010708 0.0059201  0.00565708 0.00183102 0.        ], ([0.00032124 0.00091335 0.00048012 0.00041123 0.        ]) 	 loss 6.210E-02 	 horizons 9.0
step 14760 	 return [0.         0.         0.00461558 0.00284705 0.01105383], ([0.0000000e+00 0.0000000e+00 4.4741883e-04 4.4748398e-05 8.7844941e-04]) 	 loss 5.787E-02 	 horizons 9.0
step 14850 	 return [0.         0.00416212 0.00857164 0.00267611 0.        ], ([0.         0.00091482 0.00118552 0.00077674 0.        ]) 	 loss 5.003E-02 	 horizons 9.0
step 14940 	 return [0.         0.         0.00418335 0.00245561 0.01183408], ([0.         0.         0.00036645 0.00051637 0.00063328]) 	 loss 7.438E-02 	 horizons 9.0
step 15030 	 return [0.0025641  0.00792524 0.00060296 0.00129414 0.        ], ([3.3448511e-04 9.1845170e-05 1.4477183e-05 3.0350373e-05 0.0000000e+00]) 	 loss 5.335E-02 	 horizons 9.0
step 15120 	 return [0.         0.00304011 0.00939091 0.00326451 0.        ], ([0.         0.0004515  0.00090322 0.00059682 0.        ]) 	 loss 6.196E-02 	 horizons 9.0
step 15210 	 return [0.00278992 0.00656675 0.0025677  0.00216506 0.        ], ([1.6868525e-04 6.1293301e-04 5.1001087e-05 6.1101746e-05 0.0000000e+00]) 	 loss 5.182E-02 	 horizons 9.0
step 15300 	 return [0.00168345 0.00775187 0.00290055 0.00200695 0.        ], ([0.00091124 0.00034179 0.00050954 0.00029823 0.        ]) 	 loss 5.278E-02 	 horizons 9.0
step 15390 	 return [0.         0.         0.00261447 0.00323557 0.01359658], ([0.         0.         0.00046281 0.00033022 0.00045678]) 	 loss 4.912E-02 	 horizons 9.0
step 15480 	 return [0.         0.00290242 0.00994619 0.00253746 0.        ], ([0.0000000e+00 2.3283064e-10 9.3132257e-10 0.0000000e+00 0.0000000e+00]) 	 loss 5.488E-02 	 horizons 9.0
step 15570 	 return [0.         0.         0.00446644 0.00283213 0.01134665], ([0.000000e+00 0.000000e+00 4.656613e-10 0.000000e+00 9.313226e-10]) 	 loss 5.585E-02 	 horizons 9.0
step 15660 	 return [0.         0.00362828 0.00823925 0.00338603 0.        ], ([0.         0.00076705 0.00148124 0.00043939 0.        ]) 	 loss 5.639E-02 	 horizons 9.0
step 15750 	 return [0.         0.0052993  0.00727567 0.00291139 0.        ], ([0.         0.00107457 0.00057754 0.00078681 0.        ]) 	 loss 4.052E-02 	 horizons 9.0
step 15840 	 return [0.         0.00481422 0.00702287 0.0032651  0.        ], ([0.         0.00083997 0.00051447 0.00061255 0.        ]) 	 loss 5.322E-02 	 horizons 9.0
step 15930 	 return [0.         0.         0.00596167 0.00068374 0.01205554], ([0.000000e+00 0.000000e+00 4.656613e-10 5.820766e-11 0.000000e+00]) 	 loss 6.175E-02 	 horizons 9.0
step 16020 	 return [0.         0.00302871 0.00904763 0.0044229  0.        ], ([0.         0.00114569 0.00193082 0.0010004  0.        ]) 	 loss 5.992E-02 	 horizons 9.0
step 16110 	 return [0.00377211 0.00392739 0.0005509  0.00112063 0.        ], ([0.000000e+00 0.000000e+00 5.820766e-11 0.000000e+00 0.000000e+00]) 	 loss 7.300E-02 	 horizons 9.0
step 16200 	 return [0.         0.00136736 0.01038228 0.00452505 0.        ], ([0.         0.00116751 0.00114526 0.00166414 0.        ]) 	 loss 6.823E-02 	 horizons 9.0
step 16290 	 return [0.         0.00628417 0.00792319 0.00219313 0.        ], ([0.         0.00062998 0.00038585 0.00045941 0.        ]) 	 loss 7.969E-02 	 horizons 9.0
step 16380 	 return [0.00362804 0.00336007 0.00055391 0.0012481  0.        ], ([4.9990532e-04 6.7248818e-04 8.0692080e-05 3.0878105e-04 0.0000000e+00]) 	 loss 1.191E-01 	 horizons 9.0
step 16470 	 return [0.00271541 0.00332083 0.00094399 0.00183952 0.        ], ([0.00153948 0.00086022 0.00050598 0.00105051 0.        ]) 	 loss 1.334E-01 	 horizons 9.0
step 16560 	 return [0.00200896 0.0062769  0.00388179 0.0020055  0.        ], ([6.696532e-04 6.775747e-04 4.019701e-04 7.268633e-05 0.000000e+00]) 	 loss 1.008E-01 	 horizons 9.0
step 16650 	 return [0.00320131 0.00642087 0.00178677 0.00113837 0.        ], ([2.3283064e-10 0.0000000e+00 2.3283064e-10 1.1641532e-10 0.0000000e+00]) 	 loss 8.236E-02 	 horizons 9.0
step 16740 	 return [0.         0.00250946 0.00985034 0.00356326 0.        ], ([0.         0.00088072 0.00068762 0.00121149 0.        ]) 	 loss 5.169E-02 	 horizons 9.0
step 16830 	 return [0.         0.00319848 0.00926263 0.00286897 0.        ], ([0.         0.00059791 0.00125636 0.00050938 0.        ]) 	 loss 5.078E-02 	 horizons 9.0
step 16920 	 return [0.0016728  0.00684727 0.00351508 0.00188358 0.        ], ([0.00090569 0.00082365 0.00050755 0.0003056  0.        ]) 	 loss 3.703E-02 	 horizons 9.0
step 17010 	 return [0.00179949 0.0074579  0.00283291 0.0020937  0.        ], ([0.00089977 0.000485   0.0003903  0.00016466 0.        ]) 	 loss 4.406E-02 	 horizons 9.0
step 17100 	 return [0.00395528 0.00118149 0.0004005  0.00064807 0.        ], ([1.32553768e-03 4.74623492e-04 6.83807884e-05 1.10757304e-04
 0.00000000e+00]) 	 loss 5.004E-02 	 horizons 9.0
step 17190 	 return [0.00224593 0.00709645 0.00294015 0.00213196 0.        ], ([9.0022959e-06 6.8438274e-04 5.2873098e-04 9.8645207e-05 0.0000000e+00]) 	 loss 4.416E-02 	 horizons 9.0
step 17280 	 return [0.         0.00465924 0.00877783 0.00234995 0.        ], ([0.         0.00013251 0.0010061  0.00061071 0.        ]) 	 loss 4.039E-02 	 horizons 9.0
step 17370 	 return [0.00362074 0.00525653 0.00178615 0.00113793 0.        ], ([4.6566129e-10 0.0000000e+00 2.3283064e-10 1.1641532e-10 0.0000000e+00]) 	 loss 3.963E-02 	 horizons 9.0
step 17460 	 return [0.         0.0016576  0.01040681 0.00422187 0.        ], ([0.         0.00115217 0.00113296 0.00172147 0.        ]) 	 loss 2.775E-02 	 horizons 9.0
step 17550 	 return [0.00376024 0.0038168  0.00047657 0.00093909 0.        ], ([7.77091282e-06 7.23994890e-05 4.86645076e-05 1.18841956e-04
 0.00000000e+00]) 	 loss 4.020E-02 	 horizons 9.0
step 17640 	 return [0.00368317 0.00524951 0.00153928 0.00113484 0.        ], ([1.2485478e-04 1.4049746e-05 4.9373484e-04 6.1973928e-06 0.0000000e+00]) 	 loss 5.646E-02 	 horizons 9.0
step 17730 	 return [0.         0.00196667 0.01126153 0.00440359 0.        ], ([0.0000000e+00 6.3749951e-07 5.7944591e-04 1.0142858e-03 0.0000000e+00]) 	 loss 3.760E-02 	 horizons 9.0
step 17820 	 return [0.         0.         0.00614749 0.00690593 0.00814849], ([0.000000e+00 0.000000e+00 0.000000e+00 4.656613e-10 9.313226e-10]) 	 loss 2.349E-02 	 horizons 9.0
step 17910 	 return [0.00419234 0.00379511 0.00045448 0.00089526 0.        ], ([1.4172611e-04 8.9233754e-06 2.7961136e-05 1.0031012e-04 0.0000000e+00]) 	 loss 2.130E-02 	 horizons 9.0
step 18000 	 return [0.00362074 0.00525653 0.00178615 0.00113793 0.        ], ([4.6566129e-10 0.0000000e+00 2.3283064e-10 1.1641532e-10 0.0000000e+00]) 	 loss 2.437E-02 	 horizons 9.0
step 18090 	 return [0.00383257 0.00439648 0.00051941 0.00104345 0.        ], ([7.41276963e-05 5.76218998e-04 4.83075091e-05 1.18294025e-04
 0.00000000e+00]) 	 loss 1.688E-02 	 horizons 9.0
step 18180 	 return [0.         0.00222152 0.00993244 0.00368914 0.        ], ([0.         0.00114403 0.00068653 0.00129078 0.        ]) 	 loss 2.560E-02 	 horizons 9.0
step 18270 	 return [0.         0.00278821 0.00969804 0.00376384 0.        ], ([0.0000000e+00 2.7367065e-04 6.7886768e-04 6.2802457e-05 0.0000000e+00]) 	 loss 1.846E-02 	 horizons 9.0
step 18360 	 return [0.         0.00662588 0.0060555  0.0020083  0.        ], ([0. 0. 0. 0. 0.]) 	 loss 1.651E-02 	 horizons 9.0
step 18450 	 return [0.         0.00481009 0.00692324 0.00318174 0.        ], ([0.         0.00078641 0.00024547 0.00074559 0.        ]) 	 loss 2.612E-02 	 horizons 9.0
step 18540 	 return [0.00318651 0.00620487 0.00192256 0.00131927 0.        ], ([2.9607210e-05 4.3199415e-04 2.7157104e-04 3.6179455e-04 0.0000000e+00]) 	 loss 3.135E-02 	 horizons 9.0
step 18630 	 return [0.         0.00417857 0.00948047 0.00219246 0.        ], ([0.         0.00083544 0.00030488 0.00022586 0.        ]) 	 loss 2.871E-02 	 horizons 9.0
step 18720 	 return [0.         0.00137691 0.01167474 0.00430233 0.        ], ([0.         0.0009014  0.00038427 0.00089505 0.        ]) 	 loss 2.216E-02 	 horizons 9.0
step 18810 	 return [0.         0.00662588 0.0060555  0.0020083  0.        ], ([0. 0. 0. 0. 0.]) 	 loss 2.194E-02 	 horizons 9.0
step 18900 	 return [0.00179753 0.00733234 0.00306656 0.00201447 0.        ], ([0.0008988  0.00066351 0.00057992 0.00027848 0.        ]) 	 loss 3.048E-02 	 horizons 9.0
step 18990 	 return [0.00362074 0.00525653 0.00178615 0.00113793 0.        ], ([4.6566129e-10 0.0000000e+00 2.3283064e-10 1.1641532e-10 0.0000000e+00]) 	 loss 3.007E-02 	 horizons 9.0
step 19080 	 return [0.00270558 0.00687322 0.0025932  0.00219561 0.        ], ([2.3283064e-10 0.0000000e+00 2.3283064e-10 0.0000000e+00 0.0000000e+00]) 	 loss 2.370E-02 	 horizons 9.0
step 19170 	 return [0.00392922 0.00511468 0.00053913 0.00119801 0.        ], ([4.656613e-10 4.656613e-10 5.820766e-11 0.000000e+00 0.000000e+00]) 	 loss 1.332E-02 	 horizons 9.0
step 19260 	 return [0.         0.00809803 0.00597838 0.00207288 0.        ], ([0.0000000e+00 6.7349896e-04 3.9614455e-04 8.6104497e-05 0.0000000e+00]) 	 loss 1.114E-02 	 horizons 9.0
step 19350 	 return [0.00361849 0.00661005 0.00057339 0.00135324 0.        ], ([1.2960049e-04 3.4289085e-04 4.7480018e-08 1.3103715e-07 0.0000000e+00]) 	 loss 8.408E-03 	 horizons 9.0
step 19440 	 return [0.00262924 0.00542816 0.00374626 0.00198044 0.        ], ([1.3235529e-04 2.0762702e-04 5.1199464e-07 2.7667267e-07 0.0000000e+00]) 	 loss 1.767E-02 	 horizons 9.0
step 19530 	 return [0.00376766 0.00383243 0.00053962 0.00118864 0.        ], ([1.4851335e-06 3.1652438e-05 3.7614832e-06 2.2670360e-05 0.0000000e+00]) 	 loss 1.522E-02 	 horizons 9.0
step 19620 	 return [0.         0.00944503 0.00518609 0.00224509 0.        ], ([0.0000000e+00 9.3132257e-10 4.6566129e-10 2.3283064e-10 0.0000000e+00]) 	 loss 1.514E-02 	 horizons 9.0
step 19710 	 return [0.00383299 0.00439143 0.0005275  0.00108453 0.        ], ([7.5669188e-05 5.9212546e-04 4.1221221e-05 1.1474815e-04 0.0000000e+00]) 	 loss 1.536E-02 	 horizons 9.0
step 19800 	 return [0.00267336 0.00535895 0.00374609 0.00198035 0.        ], ([0.0000000e+00 4.6566129e-10 0.0000000e+00 2.3283064e-10 0.0000000e+00]) 	 loss 2.214E-02 	 horizons 9.0
step 19890 	 return [0.         0.00196719 0.01173464 0.00357543 0.        ], ([0.0000000e+00 2.3283064e-10 9.3132257e-10 0.0000000e+00 0.0000000e+00]) 	 loss 1.172E-02 	 horizons 9.0
step 19980 	 return [0.0035633  0.00647603 0.00081595 0.00131018 0.        ], ([1.6770269e-04 7.5367332e-04 4.8510192e-04 8.6124252e-05 0.0000000e+00]) 	 loss 1.525E-02 	 horizons 9.0
step 20070 	 return [0.         0.00910828 0.00538416 0.00220204 0.        ], ([0.0000000e+00 6.7349890e-04 3.9614458e-04 8.6104497e-05 0.0000000e+00]) 	 loss 1.085E-02 	 horizons 9.0
step 20160 	 return [0.         0.00944503 0.00518609 0.00224509 0.        ], ([0.0000000e+00 9.3132257e-10 4.6566129e-10 2.3283064e-10 0.0000000e+00]) 	 loss 1.409E-02 	 horizons 9.0
step 20250 	 return [0.         0.00540574 0.00762187 0.00289081 0.        ], ([0.         0.00104717 0.00042926 0.00069255 0.        ]) 	 loss 1.010E-02 	 horizons 9.0
step 20340 	 return [0.0044218  0.001365   0.0003748  0.00060663 0.        ], ([1.5930754e-04 3.0777088e-04 2.2697754e-05 9.1970578e-05 0.0000000e+00]) 	 loss 1.562E-02 	 horizons 9.0
step 20430 	 return [0.00386462 0.00387924 0.00052725 0.00108398 0.        ], ([1.8749281e-04 5.9719521e-05 4.1329276e-05 1.1486757e-04 0.0000000e+00]) 	 loss 1.196E-02 	 horizons 9.0
step 20520 	 return [0.00223218 0.00605104 0.0037478  0.00198127 0.        ], ([0.0000000e+00 4.6566129e-10 4.6566129e-10 2.3283064e-10 0.0000000e+00]) 	 loss 1.129E-02 	 horizons 9.0
step 20610 	 return [0.00225182 0.00754449 0.00259401 0.00219653 0.        ], ([2.3283064e-10 0.0000000e+00 2.3283064e-10 0.0000000e+00 0.0000000e+00]) 	 loss 1.035E-02 	 horizons 9.0
step 20700 	 return [0.         0.00355508 0.00852769 0.0035861  0.        ], ([0.         0.00083981 0.00097382 0.00020848 0.        ]) 	 loss 9.907E-03 	 horizons 9.0
step 20790 	 return [0.         0.0047255  0.00928087 0.0020446  0.        ], ([0.0000000e+00 4.6566129e-10 0.0000000e+00 2.3283064e-10 0.0000000e+00]) 	 loss 7.716E-03 	 horizons 9.0
step 20880 	 return [0.00463038 0.00176797 0.00034509 0.00048622 0.        ], ([1.0429128e-04 2.0148333e-04 1.4859165e-05 6.0208888e-05 0.0000000e+00]) 	 loss 8.889E-03 	 horizons 9.0
step 20970 	 return [0.00397455 0.00265726 0.00042045 0.00084116 0.        ], ([2.8001983e-04 1.2196302e-03 2.5140069e-05 1.4233321e-04 0.0000000e+00]) 	 loss 1.068E-02 	 horizons 9.0
step 21060 	 return [0.00379545 0.00580522 0.00055625 0.0012756  0.        ], ([1.3376528e-04 6.9053657e-04 1.7126091e-05 7.7593424e-05 0.0000000e+00]) 	 loss 4.613E-02 	 horizons 9.0
step 21150 	 return [0.00270236 0.00672179 0.00270849 0.00217409 0.        ], ([9.6651720e-06 4.5427927e-04 3.4586643e-04 6.4578431e-05 0.0000000e+00]) 	 loss 2.521E-02 	 horizons 9.0
step 21240 	 return [0.00267336 0.00535895 0.00374609 0.00198035 0.        ], ([0.0000000e+00 4.6566129e-10 0.0000000e+00 2.3283064e-10 0.0000000e+00]) 	 loss 1.262E-02 	 horizons 9.0
step 21330 	 return [0.00217831 0.00743881 0.00274695 0.00209333 0.        ], ([0.00039563 0.0002208  0.00045907 0.00030931 0.        ]) 	 loss 2.335E-02 	 horizons 9.0
step 21420 	 return [0.00223218 0.00605104 0.0037478  0.00198127 0.        ], ([0.0000000e+00 4.6566129e-10 4.6566129e-10 2.3283064e-10 0.0000000e+00]) 	 loss 4.370E-02 	 horizons 9.0
step 21510 	 return [0.00267336 0.00535895 0.00374609 0.00198035 0.        ], ([0.0000000e+00 4.6566129e-10 0.0000000e+00 2.3283064e-10 0.0000000e+00]) 	 loss 2.080E-02 	 horizons 9.0
step 21600 	 return [0.00324325 0.00630444 0.00178671 0.00113833 0.        ], ([1.2582878e-04 3.4930071e-04 1.8691655e-07 1.3096729e-07 0.0000000e+00]) 	 loss 2.438E-02 	 horizons 9.0
step 21690 	 return [0.00269913 0.00657036 0.00282378 0.00215256 0.        ], ([1.2886896e-05 6.0570578e-04 4.6115520e-04 8.6104585e-05 0.0000000e+00]) 	 loss 1.262E-02 	 horizons 9.0
step 21780 	 return [0.00466514 0.00183513 0.00034013 0.00046615 0.        ], ([4.656613e-10 0.000000e+00 0.000000e+00 2.910383e-11 0.000000e+00]) 	 loss 1.263E-02 	 horizons 9.0
step 21870 	 return [0.         0.01022435 0.00318957 0.00140421 0.        ], ([0.0000000e+00 9.3132257e-10 2.3283064e-10 1.1641532e-10 0.0000000e+00]) 	 loss 7.184E-03 	 horizons 9.0
step 21960 	 return [0.         0.00662588 0.0060555  0.0020083  0.        ], ([0. 0. 0. 0. 0.]) 	 loss 1.217E-02 	 horizons 9.0
step 22050 	 return [0.00423958 0.00379214 0.00044516 0.00086183 0.        ], ([0.000000e+00 0.000000e+00 0.000000e+00 5.820766e-11 0.000000e+00]) 	 loss 1.131E-02 	 horizons 9.0
step 22140 	 return [0.00260074 0.00626038 0.00199153 0.00141055 0.        ], ([0.00034471 0.00060195 0.00031042 0.00041394 0.        ]) 	 loss 1.091E-02 	 horizons 9.0
step 22230 	 return [0.         0.00668652 0.00809488 0.00204404 0.        ], ([0.0000000e+00 9.3132257e-10 9.3132257e-10 2.3283064e-10 0.0000000e+00]) 	 loss 1.905E-02 	 horizons 9.0
step 22320 	 return [0.00358163 0.00549475 0.00166489 0.0011595  0.        ], ([1.1731605e-04 7.1465754e-04 3.6378365e-04 6.4709406e-05 0.0000000e+00]) 	 loss 9.540E-03 	 horizons 9.0
step 22410 	 return [0.00392922 0.00511468 0.00053913 0.00119801 0.        ], ([4.656613e-10 4.656613e-10 5.820766e-11 0.000000e+00 0.000000e+00]) 	 loss 9.875E-03 	 horizons 9.0
step 22500 	 return [0.         0.01022435 0.00318957 0.00140421 0.        ], ([0.0000000e+00 9.3132257e-10 2.3283064e-10 1.1641532e-10 0.0000000e+00]) 	 loss 1.465E-02 	 horizons 9.0
step 22590 	 return [0.00312729 0.00534088 0.0024657  0.00204286 0.        ], ([0.0000000e+00 4.6566129e-10 2.3283064e-10 2.3283064e-10 0.0000000e+00]) 	 loss 1.299E-02 	 horizons 9.0
step 22680 	 return [0.         0.00776128 0.00617645 0.00202983 0.        ], ([0.000000e+00 0.000000e+00 4.656613e-10 0.000000e+00 0.000000e+00]) 	 loss 9.982E-03 	 horizons 9.0
step 22770 	 return [0.         0.00196693 0.01149809 0.00398951 0.        ], ([0.0000000e+00 5.2051615e-07 4.7311562e-04 8.2816090e-04 0.0000000e+00]) 	 loss 8.605E-03 	 horizons 9.0
step 22860 	 return [0.00239472 0.00785966 0.00057401 0.00135483 0.        ], ([2.3283064e-10 9.3132257e-10 5.8207661e-11 1.1641532e-10 0.0000000e+00]) 	 loss 9.462E-03 	 horizons 9.0
step 22950 	 return [0.         0.00649417 0.0080518  0.00204    0.        ], ([0.0000000e+00 0.0000000e+00 9.3132257e-10 2.3283064e-10 0.0000000e+00]) 	 loss 6.800E-03 	 horizons 9.0
step 23040 	 return [0.         0.00287943 0.00947175 0.00378477 0.        ], ([0. 0. 0. 0. 0.]) 	 loss 6.515E-02 	 horizons 9.0
step 23130 	 return [0.00267336 0.00535895 0.00374609 0.00198035 0.        ], ([0.0000000e+00 4.6566129e-10 0.0000000e+00 2.3283064e-10 0.0000000e+00]) 	 loss 7.042E-02 	 horizons 9.0
step 23220 	 return [0.00323137 0.00770711 0.00059164 0.00131585 0.        ], ([1.6887207e-06 6.8386551e-05 1.8106191e-05 3.7783870e-05 0.0000000e+00]) 	 loss 7.482E-02 	 horizons 9.0
step 23310 	 return [0.         0.00668652 0.00809488 0.00204404 0.        ], ([0.0000000e+00 9.3132257e-10 9.3132257e-10 2.3283064e-10 0.0000000e+00]) 	 loss 3.378E-02 	 horizons 9.0
step 23400 	 return [0.00376815 0.00384298 0.00054087 0.00118108 0.        ], ([1.9801780e-06 4.2203257e-05 5.0153117e-06 3.0227146e-05 0.0000000e+00]) 	 loss 1.412E-02 	 horizons 9.0
step 23490 	 return [0.00353685 0.0054894  0.00178627 0.00113802 0.        ], ([1.6777169e-04 4.6573428e-04 2.4922207e-07 1.7462300e-07 0.0000000e+00]) 	 loss 2.618E-02 	 horizons 9.0
step 23580 	 return [0.00366265 0.00652287 0.00058061 0.00133808 0.        ], ([1.9256956e-06 5.4222721e-05 1.4462461e-05 3.0227098e-05 0.0000000e+00]) 	 loss 1.092E-02 	 horizons 9.0
step 23670 	 return [0.         0.00776128 0.00617645 0.00202983 0.        ], ([0.000000e+00 0.000000e+00 4.656613e-10 0.000000e+00 0.000000e+00]) 	 loss 1.830E-02 	 horizons 9.0
step 23760 	 return [0.00247301 0.00683726 0.00235236 0.00187921 0.        ], ([4.9484498e-04 9.4268260e-05 3.6789736e-04 4.8330825e-04 0.0000000e+00]) 	 loss 1.805E-02 	 horizons 9.0
step 23850 	 return [0.00423958 0.00379214 0.00044516 0.00086183 0.        ], ([0.000000e+00 0.000000e+00 0.000000e+00 5.820766e-11 0.000000e+00]) 	 loss 1.632E-02 	 horizons 9.0
step 23940 	 return [0.00270558 0.00687322 0.0025932  0.00219561 0.        ], ([2.3283064e-10 0.0000000e+00 2.3283064e-10 0.0000000e+00 0.0000000e+00]) 	 loss 9.208E-03 	 horizons 9.0
step 24030 	 return [0.         0.00287943 0.00947175 0.00378477 0.        ], ([0. 0. 0. 0. 0.]) 	 loss 1.291E-02 	 horizons 9.0
step 24120 	 return [0.00289886 0.0078641  0.00060999 0.00127854 0.        ], ([4.0930751e-04 1.0851978e-04 2.9428321e-07 5.8634214e-07 0.0000000e+00]) 	 loss 9.757E-03 	 horizons 9.0
step 24210 	 return [0.00263794 0.00548096 0.00246635 0.00204358 0.        ], ([3.9955560e-04 1.1436917e-04 5.2674409e-07 5.8639921e-07 0.0000000e+00]) 	 loss 1.585E-02 	 horizons 9.0
step 24300 	 return [0.00239529 0.00788713 0.00058128 0.00133972 0.        ], ([1.1403114e-06 5.4941698e-05 1.4535384e-05 3.0227146e-05 0.0000000e+00]) 	 loss 1.572E-02 	 horizons 9.0
step 24390 	 return [0.00358163 0.00549475 0.00166489 0.0011595  0.        ], ([1.1731605e-04 7.1465754e-04 3.6378365e-04 6.4709406e-05 0.0000000e+00]) 	 loss 2.419E-02 	 horizons 9.0
step 24480 	 return [0.00362074 0.00525653 0.00178615 0.00113793 0.        ], ([4.6566129e-10 0.0000000e+00 2.3283064e-10 1.1641532e-10 0.0000000e+00]) 	 loss 1.183E-02 	 horizons 9.0
step 24570 	 return [0.00290765 0.00609984 0.00056128 0.00119299 0.        ], ([6.7605160e-04 3.7553255e-04 1.8740542e-05 9.3206283e-05 0.0000000e+00]) 	 loss 1.843E-02 	 horizons 9.0
step 24660 	 return [0.         0.01024969 0.00331675 0.00140478 0.        ], ([0.0000000e+00 7.6012126e-05 3.8154598e-04 1.7117942e-06 0.0000000e+00]) 	 loss 4.022E-02 	 horizons 9.0
step 24750 	 return [0.00270558 0.00687322 0.0025932  0.00219561 0.        ], ([2.3283064e-10 0.0000000e+00 2.3283064e-10 0.0000000e+00 0.0000000e+00]) 	 loss 2.053E-02 	 horizons 9.0
step 24840 	 return [0.         0.00504371 0.00805472 0.00248609 0.        ], ([0.         0.00078109 0.00101985 0.00079974 0.        ]) 	 loss 1.673E-02 	 horizons 9.0
step 24930 	 return [0.00225182 0.00754449 0.00259401 0.00219653 0.        ], ([2.3283064e-10 0.0000000e+00 2.3283064e-10 0.0000000e+00 0.0000000e+00]) 	 loss 4.422E-02 	 horizons 9.0
step 25020 	 return [0.00223218 0.00605104 0.0037478  0.00198127 0.        ], ([0.0000000e+00 4.6566129e-10 4.6566129e-10 2.3283064e-10 0.0000000e+00]) 	 loss 2.006E-02 	 horizons 9.0
step 25110 	 return [0.00362074 0.00525653 0.00178615 0.00113793 0.        ], ([4.6566129e-10 0.0000000e+00 2.3283064e-10 1.1641532e-10 0.0000000e+00]) 	 loss 1.300E-02 	 horizons 9.0
step 25200 	 return [0.00366169 0.00649576 0.00057338 0.0013532  0.        ], ([0.0000000e+00 0.0000000e+00 5.8207661e-11 1.1641532e-10 0.0000000e+00]) 	 loss 1.685E-02 	 horizons 9.0
step 25290 	 return [0.00239728 0.00798328 0.00060672 0.00128682 0.        ], ([8.5523351e-07 4.1206273e-05 1.0901538e-05 2.2670360e-05 0.0000000e+00]) 	 loss 1.736E-02 	 horizons 9.0
step 25380 	 return [0.00466412 0.00183112 0.00034571 0.00047576 0.        ], ([3.0560423e-06 1.2043083e-05 1.6731143e-05 2.8826118e-05 0.0000000e+00]) 	 loss 1.191E-02 	 horizons 9.0
step 25470 	 return [0.00352057 0.00417909 0.00246533 0.00204242 0.        ], ([4.6566129e-10 4.6566129e-10 2.3283064e-10 0.0000000e+00 0.0000000e+00]) 	 loss 1.439E-02 	 horizons 9.0
step 25560 	 return [0.         0.00943373 0.00519566 0.00216242 0.        ], ([0.0000000e+00 3.3919048e-05 2.8702989e-05 2.4799857e-04 0.0000000e+00]) 	 loss 1.730E-02 	 horizons 9.0
step 25650 	 return [0.00423958 0.00379214 0.00044516 0.00086183 0.        ], ([0.000000e+00 0.000000e+00 0.000000e+00 5.820766e-11 0.000000e+00]) 	 loss 1.934E-02 	 horizons 9.0
step 25740 	 return [0.00323273 0.00776182 0.00060613 0.00128562 0.        ], ([1.0132325e-06 4.1031926e-05 1.0863714e-05 2.2670325e-05 0.0000000e+00]) 	 loss 8.633E-03 	 horizons 9.0
step 25830 	 return [0.00366169 0.00649576 0.00057338 0.0013532  0.        ], ([0.0000000e+00 0.0000000e+00 5.8207661e-11 1.1641532e-10 0.0000000e+00]) 	 loss 1.737E-02 	 horizons 9.0
step 25920 	 return [0.00423864 0.00378051 0.00044477 0.00087144 0.        ], ([2.8304294e-06 3.4896450e-05 1.1549739e-06 2.8826080e-05 0.0000000e+00]) 	 loss 1.651E-02 	 horizons 9.0
step 26010 	 return [0.00312729 0.00534088 0.0024657  0.00204286 0.        ], ([0.0000000e+00 4.6566129e-10 2.3283064e-10 2.3283064e-10 0.0000000e+00]) 	 loss 1.483E-02 	 horizons 9.0
step 26100 	 return [0.         0.0011798  0.01133936 0.00509673 0.        ], ([0.         0.0009633  0.0006469  0.00077549 0.        ]) 	 loss 1.663E-02 	 horizons 9.0
step 26190 	 return [0.00431392 0.00166688 0.00040004 0.00072517 0.        ], ([7.1616842e-06 1.0067092e-03 2.0748514e-05 1.1665394e-04 0.0000000e+00]) 	 loss 2.155E-02 	 horizons 9.0
step 26280 	 return [0.00157607 0.00731896 0.00292704 0.00179932 0.        ], ([0.00129407 0.00047674 0.00074359 0.0004043  0.        ]) 	 loss 2.708E-02 	 horizons 9.0
step 26370 	 return [0.         0.00196589 0.01055186 0.00564583 0.        ], ([0.0000000e+00 2.3283064e-10 0.0000000e+00 4.6566129e-10 0.0000000e+00]) 	 loss 6.466E-02 	 horizons 9.0
step 26460 	 return [0.         0.00196589 0.01055186 0.00564583 0.        ], ([0.0000000e+00 2.3283064e-10 0.0000000e+00 4.6566129e-10 0.0000000e+00]) 	 loss 2.504E-02 	 horizons 9.0
step 26550 	 return [0.00366313 0.00653642 0.00058423 0.00133052 0.        ], ([2.2061615e-06 6.2119929e-05 1.6568831e-05 3.4629491e-05 0.0000000e+00]) 	 loss 2.048E-02 	 horizons 9.0
step 26640 	 return [0.00268303 0.00581323 0.00340022 0.00204493 0.        ], ([1.4763795e-05 6.9392310e-04 5.2831962e-04 9.8645207e-05 0.0000000e+00]) 	 loss 2.127E-02 	 horizons 9.0
step 26730 	 return [0.         0.00662588 0.0060555  0.0020083  0.        ], ([0. 0. 0. 0. 0.]) 	 loss 1.773E-02 	 horizons 9.0
step 26820 	 return [0.         0.00662588 0.0060555  0.0020083  0.        ], ([0. 0. 0. 0. 0.]) 	 loss 1.829E-02 	 horizons 9.0
step 26910 	 return [0.00424919 0.00396739 0.00049553 0.00101677 0.        ], ([1.1723213e-04 3.7399630e-04 5.1250394e-05 1.4068199e-04 0.0000000e+00]) 	 loss 1.122E-02 	 horizons 9.0
step 27000 	 return [0.00267336 0.00535895 0.00374609 0.00198035 0.        ], ([0.0000000e+00 4.6566129e-10 0.0000000e+00 2.3283064e-10 0.0000000e+00]) 	 loss 1.447E-02 	 horizons 9.0
step 27090 	 return [0.         0.01047773 0.00446139 0.00140992 0.        ], ([0.0000000e+00 9.3132257e-10 0.0000000e+00 1.1641532e-10 0.0000000e+00]) 	 loss 2.112E-02 	 horizons 9.0
step 27180 	 return [0.00432189 0.00388497 0.00053557 0.00113595 0.        ], ([7.810778e-06 8.443021e-05 3.190707e-05 6.905461e-05 0.000000e+00]) 	 loss 1.944E-02 	 horizons 9.0
step 27270 	 return [0.00466412 0.00183112 0.00034571 0.00047576 0.        ], ([3.0560423e-06 1.2043083e-05 1.6731143e-05 2.8826120e-05 0.0000000e+00]) 	 loss 1.937E-02 	 horizons 9.0
step 27360 	 return [0.         0.         0.00614749 0.00690593 0.00814849], ([0.000000e+00 0.000000e+00 0.000000e+00 4.656613e-10 9.313226e-10]) 	 loss 3.911E-02 	 horizons 9.0
step 27450 	 return [0.00392922 0.00511468 0.00053913 0.00119801 0.        ], ([4.656613e-10 4.656613e-10 5.820766e-11 0.000000e+00 0.000000e+00]) 	 loss 3.070E-02 	 horizons 9.0
step 27540 	 return [0.00362074 0.00525653 0.00178615 0.00113793 0.        ], ([4.6566129e-10 0.0000000e+00 2.3283064e-10 1.1641532e-10 0.0000000e+00]) 	 loss 3.083E-02 	 horizons 9.0
step 27630 	 return [0.00344192 0.00441145 0.0024654  0.00204251 0.        ], ([1.5731194e-04 4.6471803e-04 1.4910486e-07 1.7462298e-07 0.0000000e+00]) 	 loss 3.018E-02 	 horizons 9.0
step 27720 	 return [0.00262924 0.00542816 0.00374626 0.00198044 0.        ], ([1.3235529e-04 2.0762702e-04 5.1199464e-07 2.7667267e-07 0.0000000e+00]) 	 loss 2.897E-02 	 horizons 9.0
step 27810 	 return [0.00332901 0.00552416 0.00205819 0.00149999 0.        ], ([0.00015641 0.00109824 0.00033242 0.00044289 0.        ]) 	 loss 3.073E-02 	 horizons 9.0
step 27900 	 return [0.00267336 0.00535895 0.00374609 0.00198035 0.        ], ([0.0000000e+00 4.6566129e-10 0.0000000e+00 2.3283064e-10 0.0000000e+00]) 	 loss 3.038E-02 	 horizons 9.0
step 27990 	 return [0.00225182 0.00754449 0.00259401 0.00219653 0.        ], ([2.3283064e-10 0.0000000e+00 2.3283064e-10 0.0000000e+00 0.0000000e+00]) 	 loss 2.126E-02 	 horizons 9.0
step 28080 	 return [0.00225182 0.00754449 0.00259401 0.00219653 0.        ], ([2.3283064e-10 0.0000000e+00 2.3283064e-10 0.0000000e+00 0.0000000e+00]) 	 loss 2.076E-02 	 horizons 9.0
step 28170 	 return [0.00312729 0.00534088 0.0024657  0.00204286 0.        ], ([0.0000000e+00 4.6566129e-10 2.3283064e-10 2.3283064e-10 0.0000000e+00]) 	 loss 2.225E-02 	 horizons 9.0
step 28260 	 return [0.         0.00697674 0.00538179 0.00200976 0.        ], ([0.0000000e+00 5.3595094e-04 1.0291155e-03 2.2271809e-06 0.0000000e+00]) 	 loss 9.207E-03 	 horizons 9.0
step 28350 	 return [0.00259872 0.00625034 0.00316981 0.00208816 0.        ], ([0.00017401 0.00092122 0.00057628 0.00010782 0.        ]) 	 loss 1.666E-02 	 horizons 9.0
step 28440 	 return [0.00200896 0.00625295 0.00376054 0.0019488  0.        ], ([6.6965318e-04 6.0571381e-04 3.8232516e-05 9.7417455e-05 0.0000000e+00]) 	 loss 1.065E-02 	 horizons 9.0
step 28530 	 return [0.00258512 0.00549737 0.00374643 0.00198053 0.        ], ([1.7647370e-04 2.7683601e-04 6.8265945e-07 3.6889688e-07 0.0000000e+00]) 	 loss 5.727E-03 	 horizons 9.0
step 28620 	 return [0.00223218 0.00605104 0.0037478  0.00198127 0.        ], ([0.0000000e+00 4.6566129e-10 4.6566129e-10 2.3283064e-10 0.0000000e+00]) 	 loss 9.279E-03 	 horizons 9.0
step 28710 	 return [0.00223218 0.00605104 0.0037478  0.00198127 0.        ], ([0.0000000e+00 4.6566129e-10 4.6566129e-10 2.3283064e-10 0.0000000e+00]) 	 loss 3.070E-04 	 horizons 9.0
step 28800 	 return [0.00223218 0.00605104 0.0037478  0.00198127 0.        ], ([0.0000000e+00 4.6566129e-10 4.6566129e-10 2.3283064e-10 0.0000000e+00]) 	 loss 1.624E-03 	 horizons 9.0
step 28890 	 return [0.00352057 0.00417909 0.00246533 0.00204242 0.        ], ([4.6566129e-10 4.6566129e-10 2.3283064e-10 0.0000000e+00 0.0000000e+00]) 	 loss 1.647E-03 	 horizons 9.0
step 28980 	 return [0.00270558 0.00687322 0.0025932  0.00219561 0.        ], ([2.3283064e-10 0.0000000e+00 2.3283064e-10 0.0000000e+00 0.0000000e+00]) 	 loss 2.201E-04 	 horizons 9.0
step 29070 	 return [0.         0.         0.00614749 0.00690593 0.00814849], ([0.000000e+00 0.000000e+00 0.000000e+00 4.656613e-10 9.313226e-10]) 	 loss 1.150E-04 	 horizons 9.0
step 29160 	 return [0.00223218 0.00605104 0.0037478  0.00198127 0.        ], ([0.0000000e+00 4.6566129e-10 4.6566129e-10 2.3283064e-10 0.0000000e+00]) 	 loss 9.142E-05 	 horizons 9.0
step 29250 	 return [0.00223218 0.00605104 0.0037478  0.00198127 0.        ], ([0.0000000e+00 4.6566129e-10 4.6566129e-10 2.3283064e-10 0.0000000e+00]) 	 loss 8.770E-05 	 horizons 9.0
step 29340 	 return [0.00245277 0.005705   0.00374694 0.00198081 0.        ], ([2.2059213e-04 3.4604501e-04 8.5332437e-07 4.6112112e-07 0.0000000e+00]) 	 loss 7.354E-05 	 horizons 9.0
step 29430 	 return [0.00270558 0.00687322 0.0025932  0.00219561 0.        ], ([2.3283064e-10 0.0000000e+00 2.3283064e-10 0.0000000e+00 0.0000000e+00]) 	 loss 6.619E-05 	 horizons 9.0
step 29520 	 return [0.0022763  0.00598183 0.00374763 0.00198118 0.        ], ([1.3235527e-04 2.0762702e-04 5.1199504e-07 2.7667275e-07 0.0000000e+00]) 	 loss 6.716E-05 	 horizons 9.0
step 29610 	 return [0.         0.         0.00614342 0.00672429 0.00810837], ([0.0000000e+00 0.0000000e+00 1.2184493e-05 5.4489955e-04 1.2033940e-04]) 	 loss 5.969E-05 	 horizons 9.0
step 29700 	 return [0.00223218 0.00605104 0.0037478  0.00198127 0.        ], ([0.0000000e+00 4.6566129e-10 4.6566129e-10 2.3283064e-10 0.0000000e+00]) 	 loss 1.054E-02 	 horizons 9.0
step 29790 	 return [0.00232041 0.00591262 0.00374746 0.00198109 0.        ], ([1.7647371e-04 2.7683601e-04 6.8265945e-07 3.6889691e-07 0.0000000e+00]) 	 loss 2.729E-04 	 horizons 9.0
step 29880 	 return [0.00223218 0.00605104 0.0037478  0.00198127 0.        ], ([0.0000000e+00 4.6566129e-10 4.6566129e-10 2.3283064e-10 0.0000000e+00]) 	 loss 2.252E-04 	 horizons 9.0
step 29970 	 return [0.         0.         0.00614749 0.00690593 0.00814849], ([0.000000e+00 0.000000e+00 0.000000e+00 4.656613e-10 9.313226e-10]) 	 loss 7.031E-05 	 horizons 9.0
step 30060 	 return [0.00225182 0.00754449 0.00259401 0.00219653 0.        ], ([2.3283064e-10 0.0000000e+00 2.3283064e-10 0.0000000e+00 0.0000000e+00]) 	 loss 5.555E-05 	 horizons 9.0
[1;34mwandb[0m: 
[1;34mwandb[0m: 🚀 View run [33mmotndp_amsterdam-v0__GCN-amsterdam-g5-temporal__42__1781501643[0m at: [34mhttps://wandb.ai/jingyuan-sun03-tu-delft/cl_ablation/runs/ql83kxh2[0m
[1;34mwandb[0m: Find logs at: [1;35mwandb/run-20260615_073404-ql83kxh2/logs[0m
