/home/SinJ/mo-transport-network-design/.venv/lib/python3.13/site-packages/pygame/pkgdata.py:25: UserWarning: pkg_resources is deprecated as an API. See https://setuptools.pypa.io/en/latest/pkg_resources.html. The pkg_resources package is slated for removal as early as 2025-11-30. Refrain from using this package or pin to Setuptools<81.
  from pkg_resources import resource_stream, resource_exists
wandb: [wandb.login()] Loaded credentials for https://api.wandb.ai from /home/SinJ/.netrc.
wandb: Currently logged in as: jingyuan-sun03 (jingyuan-sun03-tu-delft) to https://api.wandb.ai. Use `wandb login --relogin` to force relogin
wandb: setting up run mzv0lrue
wandb: Tracking run with wandb version 0.27.2
wandb: Run data is saved locally in /home/SinJ/mo-transport-network-design/wandb/run-20260615_062310-mzv0lrue
wandb: Run `wandb offline` to turn off syncing.
wandb: Syncing run motndp_amsterdam-v0__GCN-amsterdam-g3-temporal__789__1781497389
wandb: ⭐️ View project at https://wandb.ai/jingyuan-sun03-tu-delft/cl_ablation
wandb: 🚀 View run at https://wandb.ai/jingyuan-sun03-tu-delft/cl_ablation/runs/mzv0lrue
/home/SinJ/mo-transport-network-design/morl-baselines/morl_baselines/multi_policy/gcn/gcn.py:151: UserWarning: Creating a tensor from a list of numpy.ndarrays is extremely slow. Please consider converting the list to a single numpy.ndarray with numpy.array() before converting to a tensor. (Triggered internally at /pytorch/torch/csrc/utils/tensor_new.cpp:253.)
  th.tensor(obs).to(self.device),
Namespace(env='amsterdam', nr_groups=3, starting_loc_x=9, starting_loc_y=19, nr_stations=10, lr=0.01, batch_size=256, num_er_episodes=100, num_step_episodes=10, num_model_updates=10, num_policies=10, max_buffer_size=200, nr_layers=1, hidden_dim=128, timesteps=30000, no_log=False, seed=789, cd_threshold=0.2, distance_ref='interpolate2', gcn_lambda=0.0, lambda_schedule='cosine', lambda_start=1.0, lambda_end=0.0, lambda_warmup_fraction=0.1, lambda_freeze_fraction=0.1, spatial_alpha=0.0, include_demand_context=False, criterion='lorenz', nash_mode='pareto_sized', nash_top_k=None, nash_shift=0.0, project_name='cl_ablation', experiment_name='GCN-amsterdam-g3-temporal', wandb_entity=None)
step 990 	 return [0.00147092 0.00174537 0.00126613], ([0.00117724 0.00118693 0.00203686]) 	 loss 2.058E+00 	 horizons 9.0
step 1080 	 return [0.00117526 0.00096783 0.00082926], ([0.00104479 0.00099463 0.0017527 ]) 	 loss 1.935E+00 	 horizons 9.0
step 1170 	 return [0.00141954 0.00182354 0.0005993 ], ([0.00101915 0.00164183 0.00046483]) 	 loss 1.533E+00 	 horizons 9.0
step 1260 	 return [0.00071672 0.00156087 0.00115766], ([0.00073591 0.00158801 0.00194318]) 	 loss 1.261E+00 	 horizons 9.0
step 1350 	 return [0.0014876  0.00297659 0.0005385 ], ([0.00106717 0.00179217 0.00123512]) 	 loss 1.190E+00 	 horizons 9.0
step 1440 	 return [0.00036005 0.00406652 0.00157679], ([0.00052665 0.00220972 0.00212082]) 	 loss 1.124E+00 	 horizons 9.0
step 1530 	 return [0.00041863 0.0035239  0.00267756], ([0.00051981 0.00090025 0.00230029]) 	 loss 1.118E+00 	 horizons 9.0
step 1620 	 return [0.00154927 0.00132998 0.00031528], ([0.00065633 0.00102346 0.00033138]) 	 loss 1.089E+00 	 horizons 9.0
step 1710 	 return [0.00126203 0.00110075 0.00097921], ([0.00103191 0.00059708 0.00192712]) 	 loss 1.058E+00 	 horizons 9.0
step 1800 	 return [0.00148793 0.00438795 0.00018408], ([0.00102969 0.00139621 0.00032979]) 	 loss 1.029E+00 	 horizons 9.0
step 1890 	 return [0.00039821 0.00524274 0.00088566], ([0.00052966 0.00124219 0.00192821]) 	 loss 1.017E+00 	 horizons 9.0
step 1980 	 return [0.00060603 0.00476882 0.00039888], ([0.00057427 0.00161116 0.00119665]) 	 loss 9.754E-01 	 horizons 9.0
step 2070 	 return [0.00175926 0.00160498 0.00029001], ([0.00106942 0.00115036 0.00028848]) 	 loss 9.206E-01 	 horizons 9.0
step 2160 	 return [0.00124196 0.00258314 0.00169456], ([0.00111177 0.00133661 0.00218562]) 	 loss 8.886E-01 	 horizons 9.0
step 2250 	 return [0.00035595 0.0048509  0.00111234], ([0.00037591 0.00115309 0.00190651]) 	 loss 9.075E-01 	 horizons 9.0
step 2340 	 return [0.0002203  0.00564871 0.00069155], ([0.00036874 0.00134026 0.00140291]) 	 loss 8.699E-01 	 horizons 9.0
step 2430 	 return [0.00107903 0.00426971 0.        ], ([0.00069806 0.00071717 0.        ]) 	 loss 8.281E-01 	 horizons 9.0
step 2520 	 return [0.00138642 0.00300211 0.00098792], ([0.00099458 0.00067455 0.00209378]) 	 loss 8.217E-01 	 horizons 9.0
step 2610 	 return [7.7263503e-05 5.4482697e-03 1.8937283e-03], ([0.00015453 0.00177824 0.00209789]) 	 loss 7.992E-01 	 horizons 9.0
step 2700 	 return [0.00184736 0.00156817 0.00018731], ([0.00071032 0.00104765 0.00019012]) 	 loss 7.809E-01 	 horizons 9.0
step 2790 	 return [0.00049972 0.00415389 0.00170122], ([0.00051376 0.00063806 0.0022623 ]) 	 loss 7.723E-01 	 horizons 9.0
step 2880 	 return [0.00027855 0.00155983 0.00247965], ([0.00050722 0.00099453 0.00194601]) 	 loss 7.360E-01 	 horizons 9.0
step 2970 	 return [0.00147638 0.00415021 0.        ], ([0.00089183 0.00081018 0.        ]) 	 loss 7.208E-01 	 horizons 9.0
step 3060 	 return [1.5777682e-03 3.9499416e-03 4.8383088e-05], ([0.00099155 0.0010569  0.00014515]) 	 loss 7.238E-01 	 horizons 9.0
step 3150 	 return [0.00150934 0.00519661 0.        ], ([0.00063305 0.00057648 0.        ]) 	 loss 7.233E-01 	 horizons 9.0
step 3240 	 return [0.00070322 0.00150778 0.0017867 ], ([0.00049456 0.00048428 0.00131123]) 	 loss 7.031E-01 	 horizons 9.0
step 3330 	 return [0.00243199 0.0030626  0.00017223], ([0.00072425 0.00086841 0.00034446]) 	 loss 6.843E-01 	 horizons 9.0
step 3420 	 return [0.00015453 0.00715071 0.00030928], ([0.00018926 0.00036447 0.00092784]) 	 loss 6.954E-01 	 horizons 9.0
step 3510 	 return [0.00102376 0.00565398 0.        ], ([0.00069527 0.00091542 0.        ]) 	 loss 6.523E-01 	 horizons 9.0
step 3600 	 return [0.00227579 0.00293358 0.00025154], ([0.00056894 0.00053441 0.00038982]) 	 loss 6.329E-01 	 horizons 9.0
step 3690 	 return [0.00250776 0.00183038 0.00058616], ([0.00068265 0.00079976 0.000471  ]) 	 loss 5.908E-01 	 horizons 9.0
step 3780 	 return [0.         0.00490527 0.00341892], ([0.         0.00216524 0.00280809]) 	 loss 6.185E-01 	 horizons 9.0
step 3870 	 return [0.00157176 0.00532837 0.        ], ([0.00107676 0.0007957  0.        ]) 	 loss 5.942E-01 	 horizons 9.0
step 3960 	 return [0.00247222 0.00193015 0.00050264], ([0.00087045 0.00080159 0.00039431]) 	 loss 5.606E-01 	 horizons 9.0
step 4050 	 return [0.00282715 0.00138238 0.00053682], ([0.00064977 0.00057965 0.0003994 ]) 	 loss 5.667E-01 	 horizons 9.0
step 4140 	 return [0.00230148 0.00103882 0.00085602], ([0.00078361 0.00034197 0.00039827]) 	 loss 5.396E-01 	 horizons 9.0
step 4230 	 return [0.00255197 0.0018414  0.00085519], ([0.00062203 0.0006397  0.0003593 ]) 	 loss 5.663E-01 	 horizons 9.0
step 4320 	 return [1.628136e-03 4.854056e-03 9.918354e-05], ([0.00071606 0.00052083 0.00029755]) 	 loss 5.317E-01 	 horizons 9.0
step 4410 	 return [0.         0.0071121  0.00029444], ([0.         0.0008044  0.00088333]) 	 loss 5.856E-01 	 horizons 9.0
step 4500 	 return [0.00262996 0.00123422 0.00082187], ([0.00046912 0.00038423 0.00033045]) 	 loss 5.464E-01 	 horizons 9.0
step 4590 	 return [0.         0.00376711 0.00514618], ([0.         0.00138345 0.00176804]) 	 loss 5.199E-01 	 horizons 9.0
step 4680 	 return [0.00268083 0.00347357 0.00030421], ([0.00067508 0.00089765 0.00047694]) 	 loss 4.742E-01 	 horizons 9.0
step 4770 	 return [0.         0.0030233  0.00427482], ([0.         0.00052752 0.00149624]) 	 loss 4.680E-01 	 horizons 9.0
step 4860 	 return [0.00254066 0.00212239 0.00067569], ([0.00067062 0.00053951 0.00056813]) 	 loss 4.680E-01 	 horizons 9.0
step 4950 	 return [0.00029095 0.00696378 0.        ], ([0.00044446 0.00056143 0.        ]) 	 loss 4.761E-01 	 horizons 9.0
step 5040 	 return [3.863175e-05 7.407342e-03 0.000000e+00], ([0.0001159 0.000278  0.       ]) 	 loss 4.313E-01 	 horizons 9.0
step 5130 	 return [0.00358506 0.00160803 0.00054043], ([0.00020923 0.00033908 0.00041549]) 	 loss 4.053E-01 	 horizons 9.0
step 5220 	 return [0.00279007 0.00094296 0.00049847], ([0.00070465 0.00024167 0.00041018]) 	 loss 4.032E-01 	 horizons 9.0
step 5310 	 return [0.0001159  0.00722905 0.        ], ([0.00017703 0.00031221 0.        ]) 	 loss 4.103E-01 	 horizons 9.0
step 5400 	 return [0.         0.00745823 0.        ], ([0.         0.00018969 0.        ]) 	 loss 3.690E-01 	 horizons 9.0
step 5490 	 return [0.0014131  0.00556318 0.        ], ([0.00076873 0.00050201 0.        ]) 	 loss 3.516E-01 	 horizons 9.0
step 5580 	 return [0.00295402 0.00216862 0.00061697], ([0.00062818 0.00037468 0.00044231]) 	 loss 3.255E-01 	 horizons 9.0
step 5670 	 return [0.00199994 0.00557016 0.        ], ([0.0005376 0.0002476 0.       ]) 	 loss 3.075E-01 	 horizons 9.0
step 5760 	 return [0.00354336 0.00184422 0.00049965], ([0.00048398 0.00032908 0.00037345]) 	 loss 2.901E-01 	 horizons 9.0
step 5850 	 return [0.00378906 0.00155683 0.00042266], ([0.0004936  0.00021897 0.00031724]) 	 loss 3.092E-01 	 horizons 9.0
step 5940 	 return [0.00204254 0.00548102 0.        ], ([0.00079736 0.00027461 0.        ]) 	 loss 3.006E-01 	 horizons 9.0
step 6030 	 return [0.0025401  0.00371352 0.00067788], ([0.00043532 0.00057673 0.00044497]) 	 loss 2.815E-01 	 horizons 9.0
step 6120 	 return [0.00180099 0.00555966 0.        ], ([0.00027594 0.00030309 0.        ]) 	 loss 2.928E-01 	 horizons 9.0
step 6210 	 return [0.00361788 0.00199664 0.00060787], ([0.0002228  0.00025201 0.00030114]) 	 loss 2.472E-01 	 horizons 9.0
step 6300 	 return [0.00337323 0.00298211 0.00077589], ([0.00053268 0.00040556 0.00043703]) 	 loss 2.690E-01 	 horizons 9.0
step 6390 	 return [0.00242363 0.00430787 0.00019369], ([0.00036662 0.00040344 0.00038759]) 	 loss 2.489E-01 	 horizons 9.0
step 6480 	 return [0.00334628 0.00270898 0.0007959 ], ([0.00061353 0.00034136 0.00031807]) 	 loss 2.410E-01 	 horizons 9.0
step 6570 	 return [0.00029217 0.00674416 0.        ], ([0.00044629 0.00039664 0.        ]) 	 loss 2.631E-01 	 horizons 9.0
step 6660 	 return [0.         0.00753452 0.        ], ([0.0000000e+00 6.1152765e-05 0.0000000e+00]) 	 loss 2.363E-01 	 horizons 9.0
step 6750 	 return [0.00034134 0.00314253 0.0046231 ], ([0.0006033  0.0005926  0.00164084]) 	 loss 2.490E-01 	 horizons 9.0
step 6840 	 return [0.         0.00640393 0.00204339], ([0.         0.00102263 0.00166844]) 	 loss 2.204E-01 	 horizons 9.0
step 6930 	 return [2.5865431e-03 4.6142796e-03 9.9689132e-05], ([0.00011847 0.00032659 0.00029907]) 	 loss 2.152E-01 	 horizons 9.0
step 7020 	 return [0.00010514 0.00359008 0.00536273], ([0.00031543 0.00095516 0.00176632]) 	 loss 1.980E-01 	 horizons 9.0
step 7110 	 return [0.         0.00415161 0.00523952], ([0.         0.0008154  0.00109084]) 	 loss 2.032E-01 	 horizons 9.0
step 7200 	 return [0.0041195  0.00158767 0.00046439], ([0.00031349 0.00037512 0.00027527]) 	 loss 1.958E-01 	 horizons 9.0
step 7290 	 return [0.00365637 0.00252137 0.0009743 ], ([0.000333   0.00043431 0.00040231]) 	 loss 1.978E-01 	 horizons 9.0
step 7380 	 return [0.0028906  0.00368951 0.00082129], ([0.00072225 0.00043491 0.00042134]) 	 loss 1.953E-01 	 horizons 9.0
step 7470 	 return [0.00359485 0.00235493 0.0012567 ], ([2.1557616e-04 2.0520677e-04 2.2491360e-05]) 	 loss 1.919E-01 	 horizons 9.0
step 7560 	 return [0.         0.00384738 0.0053339 ], ([0.         0.00108201 0.00118187]) 	 loss 1.816E-01 	 horizons 9.0
step 7650 	 return [0.00036781 0.00681102 0.        ], ([0.00025304 0.00012205 0.        ]) 	 loss 1.772E-01 	 horizons 9.0
step 7740 	 return [0.00068684 0.00332363 0.00402622], ([0.00074138 0.00061159 0.00176594]) 	 loss 1.699E-01 	 horizons 9.0
step 7830 	 return [0.         0.00365117 0.00517493], ([0.         0.00084524 0.00102305]) 	 loss 1.695E-01 	 horizons 9.0
step 7920 	 return [0.00336582 0.00376596 0.0004906 ], ([0.00053743 0.00040235 0.0004906 ]) 	 loss 1.739E-01 	 horizons 9.0
step 8010 	 return [0.00369868 0.00249011 0.00098906], ([0.00032377 0.00016082 0.00034692]) 	 loss 1.629E-01 	 horizons 9.0
step 8100 	 return [0.00115789 0.00602924 0.        ], ([0.00047589 0.00044975 0.        ]) 	 loss 1.466E-01 	 horizons 9.0
step 8190 	 return [0.         0.00410761 0.00524539], ([0.         0.00084913 0.00133814]) 	 loss 1.415E-01 	 horizons 9.0
step 8280 	 return [0.         0.00549657 0.00353307], ([0.         0.00118045 0.00186835]) 	 loss 1.191E-01 	 horizons 9.0
step 8370 	 return [0.001704   0.00559106 0.        ], ([0.00036916 0.00032642 0.        ]) 	 loss 1.327E-01 	 horizons 9.0
step 8460 	 return [0.00091139 0.00640449 0.        ], ([0.00018751 0.00013146 0.        ]) 	 loss 1.374E-01 	 horizons 9.0
step 8550 	 return [0.0044184  0.00257058 0.00032812], ([0.00027289 0.00040223 0.00021571]) 	 loss 1.273E-01 	 horizons 9.0
step 8640 	 return [0.         0.00377679 0.00598346], ([0.         0.00036946 0.00039944]) 	 loss 1.591E-01 	 horizons 9.0
step 8730 	 return [0.         0.0052404  0.00457198], ([0.         0.00049896 0.00085641]) 	 loss 1.405E-01 	 horizons 9.0
step 8820 	 return [0.         0.00414044 0.00544056], ([0.         0.00093991 0.00109792]) 	 loss 1.369E-01 	 horizons 9.0
step 8910 	 return [0.0036352  0.00269351 0.00109756], ([0.00042939 0.00036821 0.00024545]) 	 loss 1.326E-01 	 horizons 9.0
step 9000 	 return [2.9904840e-03 4.5357021e-03 9.9117206e-05], ([0.00046353 0.00031552 0.00029735]) 	 loss 1.195E-01 	 horizons 9.0
step 9090 	 return [0.00035607 0.00368092 0.00513525], ([0.00071297 0.00076499 0.00233963]) 	 loss 1.225E-01 	 horizons 9.0
step 9180 	 return [0.00366909 0.00239634 0.001173  ], ([2.7957541e-04 3.9727714e-05 2.2982835e-04]) 	 loss 1.261E-01 	 horizons 9.0
step 9270 	 return [0.00100259 0.00248689 0.00384518], ([0.00016702 0.0001435  0.00023494]) 	 loss 9.828E-02 	 horizons 9.0
step 9360 	 return [0.00211358 0.00331495 0.00141918], ([0.0007009  0.00030108 0.00057283]) 	 loss 9.455E-02 	 horizons 9.0
step 9450 	 return [0.00425283 0.00237255 0.00069939], ([0.00034278 0.00014224 0.00034356]) 	 loss 9.979E-02 	 horizons 9.0
step 9540 	 return [0.00353273 0.00245724 0.00127114], ([1.1582392e-06 2.3273471e-05 5.9780091e-06]) 	 loss 8.692E-02 	 horizons 9.0
step 9630 	 return [0.0028551  0.00477858 0.        ], ([0.00033376 0.00023682 0.        ]) 	 loss 7.434E-02 	 horizons 9.0
step 9720 	 return [0.00065286 0.00292685 0.00386592], ([0.00057187 0.00047935 0.00125182]) 	 loss 8.366E-02 	 horizons 9.0
step 9810 	 return [0.         0.00762559 0.        ], ([0.0000000e+00 6.7585774e-05 0.0000000e+00]) 	 loss 6.228E-02 	 horizons 9.0
step 9900 	 return [0.0004652  0.00674698 0.00030928], ([0.00027884 0.00017563 0.00092784]) 	 loss 7.195E-02 	 horizons 9.0
step 9990 	 return [0.0029305 0.0048826 0.       ], ([0.00027433 0.00030355 0.        ]) 	 loss 6.962E-02 	 horizons 9.0
step 10080 	 return [0.00324691 0.00379859 0.00079216], ([0.00046466 0.00038464 0.00039612]) 	 loss 7.231E-02 	 horizons 9.0
step 10170 	 return [0.         0.00335062 0.00641472], ([0.0000000e+00 2.4037417e-04 9.0609567e-05]) 	 loss 8.044E-02 	 horizons 9.0
step 10260 	 return [0.00283932 0.00485621 0.        ], ([1.9914076e-05 8.6918029e-05 0.0000000e+00]) 	 loss 6.128E-02 	 horizons 9.0
step 10350 	 return [0.         0.00557096 0.00341653], ([0. 0. 0.]) 	 loss 7.612E-02 	 horizons 9.0
step 10440 	 return [0.         0.00557096 0.00341653], ([0. 0. 0.]) 	 loss 6.580E-02 	 horizons 9.0
step 10530 	 return [0.         0.00543175 0.00387528], ([0.         0.00023283 0.00082802]) 	 loss 7.131E-02 	 horizons 9.0
step 10620 	 return [0.0028468  0.00481705 0.        ], ([1.7631728e-05 6.4148378e-05 0.0000000e+00]) 	 loss 6.966E-02 	 horizons 9.0
step 10710 	 return [3.7449964e-03 4.1548205e-03 9.8215394e-05], ([2.0436337e-05 2.8431171e-04 2.9464619e-04]) 	 loss 8.350E-02 	 horizons 9.0
step 10800 	 return [0.         0.00482831 0.00482441], ([0.         0.00080393 0.00105638]) 	 loss 6.183E-02 	 horizons 9.0
step 10890 	 return [0.00145273 0.00614808 0.        ], ([0.00052986 0.00027385 0.        ]) 	 loss 7.326E-02 	 horizons 9.0
step 10980 	 return [0.         0.00557096 0.00341653], ([0. 0. 0.]) 	 loss 8.917E-02 	 horizons 9.0
step 11070 	 return [0.00282195 0.00532248 0.        ], ([2.3391797e-06 1.1993889e-04 0.0000000e+00]) 	 loss 4.858E-02 	 horizons 9.0
step 11160 	 return [0.0028293  0.00524701 0.        ], ([1.3140870e-05 2.3088681e-04 0.0000000e+00]) 	 loss 3.596E-02 	 horizons 9.0
step 11250 	 return [0.00223177 0.00538465 0.        ], ([4.2412014e-04 6.0524442e-05 0.0000000e+00]) 	 loss 3.215E-02 	 horizons 9.0
step 11340 	 return [0.000192   0.00380652 0.00538886], ([0.00057601 0.00056122 0.00185218]) 	 loss 2.611E-02 	 horizons 9.0
step 11430 	 return [0.00119401 0.00635413 0.        ], ([0.00033624 0.00014386 0.        ]) 	 loss 3.410E-02 	 horizons 9.0
step 11520 	 return [0.00106368 0.00244842 0.00368759], ([2.3309853e-05 1.9643916e-04 3.6740370e-04]) 	 loss 2.596E-02 	 horizons 9.0
step 11610 	 return [0.00095023 0.00273478 0.00351948], ([0.00031675 0.00015097 0.00102026]) 	 loss 3.058E-02 	 horizons 9.0
step 11700 	 return [0.         0.00359709 0.00571297], ([0.         0.00039957 0.00062637]) 	 loss 3.006E-02 	 horizons 9.0
step 11790 	 return [0.00070023 0.00667557 0.        ], ([0.00035147 0.00032646 0.        ]) 	 loss 5.065E-02 	 horizons 9.0
step 11880 	 return [0.00278379 0.0041322  0.0008972 ], ([1.0379661e-05 2.7681919e-04 2.9906741e-04]) 	 loss 4.157E-02 	 horizons 9.0
step 11970 	 return [0.00038632 0.00686071 0.        ], ([0.000000e+00 4.656613e-10 0.000000e+00]) 	 loss 4.142E-02 	 horizons 9.0
step 12060 	 return [0.         0.00354688 0.00634074], ([0.0000000e+00 1.9626468e-04 7.3982403e-05]) 	 loss 3.381E-02 	 horizons 9.0
step 12150 	 return [0.00041486 0.00376261 0.0041673 ], ([0.00065525 0.0010154  0.00273647]) 	 loss 2.490E-02 	 horizons 9.0
step 12240 	 return [0.0036905  0.00339666 0.00088394], ([2.0436337e-05 2.8431171e-04 2.9464619e-04]) 	 loss 5.759E-02 	 horizons 9.0
step 12330 	 return [0.00183025 0.00578053 0.        ], ([0.00011199 0.00022116 0.        ]) 	 loss 2.330E-02 	 horizons 9.0
step 12420 	 return [0.         0.00339945 0.00622767], ([0.         0.0003107  0.00025491]) 	 loss 3.469E-02 	 horizons 9.0
step 12510 	 return [0.00481356 0.00212635 0.00044205], ([0.000000e+00 0.000000e+00 2.910383e-11]) 	 loss 2.140E-02 	 horizons 9.0
step 12600 	 return [0.         0.00364501 0.00630375], ([0. 0. 0.]) 	 loss 1.805E-02 	 horizons 9.0
step 12690 	 return [0.         0.00678431 0.00247423], ([0.         0.00047226 0.00123711]) 	 loss 2.441E-02 	 horizons 9.0
step 12780 	 return [0.         0.00613773 0.00360963], ([0.         0.00064501 0.00095755]) 	 loss 1.681E-02 	 horizons 9.0
step 12870 	 return [0.00034769 0.00685648 0.        ], ([1.15895244e-04 1.26765117e-05 0.00000000e+00]) 	 loss 1.629E-02 	 horizons 9.0
step 12960 	 return [0.00263978 0.00539889 0.        ], ([3.6599499e-04 8.7328175e-05 0.0000000e+00]) 	 loss 2.412E-02 	 horizons 9.0
step 13050 	 return [0.         0.00557096 0.00341653], ([0. 0. 0.]) 	 loss 1.270E-02 	 horizons 9.0
step 13140 	 return [0.         0.00557096 0.00341653], ([0. 0. 0.]) 	 loss 4.279E-02 	 horizons 9.0
step 13230 	 return [0.0039609  0.00327395 0.00086714], ([0.00034566 0.00010536 0.00029013]) 	 loss 3.208E-02 	 horizons 9.0
step 13320 	 return [0.00170764 0.00613438 0.        ], ([0. 0. 0.]) 	 loss 1.852E-02 	 horizons 9.0
step 13410 	 return [0.00094727 0.00255132 0.00405083], ([3.1576349e-04 8.0667174e-05 9.7879430e-04]) 	 loss 1.552E-02 	 horizons 9.0
step 13500 	 return [0.00278786 0.00411446 0.0008972 ], ([2.2574490e-05 2.2359299e-04 2.9906741e-04]) 	 loss 2.364E-02 	 horizons 9.0
step 13590 	 return [0.0001159  0.00687846 0.        ], ([1.7703294e-04 2.5856001e-05 0.0000000e+00]) 	 loss 1.858E-02 	 horizons 9.0
step 13680 	 return [0.         0.00654818 0.00309278], ([0.0000000e+00 4.6566129e-10 2.3283064e-10]) 	 loss 2.580E-02 	 horizons 9.0
step 13770 	 return [0.00282602 0.00530473 0.        ], ([9.8556511e-06 1.7316508e-04 0.0000000e+00]) 	 loss 1.334E-02 	 horizons 9.0
step 13860 	 return [0.00474173 0.00219925 0.00044295], ([2.1549524e-04 2.1871961e-04 2.7054252e-06]) 	 loss 1.014E-02 	 horizons 9.0
step 13950 	 return [0.00278033 0.00403993 0.00099689], ([2.3283064e-10 4.6566129e-10 0.0000000e+00]) 	 loss 1.206E-02 	 horizons 9.0
step 14040 	 return [0.00359529 0.00331751 0.00098327], ([2.6520342e-04 4.6871603e-05 3.3377087e-06]) 	 loss 7.235E-03 	 horizons 9.0
step 14130 	 return [0.00278033 0.00403993 0.00099689], ([2.3283064e-10 4.6566129e-10 0.0000000e+00]) 	 loss 8.122E-03 	 horizons 9.0
step 14220 	 return [0.00443599 0.00314108 0.00092616], ([4.6566129e-10 2.3283064e-10 5.8207661e-11]) 	 loss 5.304E-03 	 horizons 9.0
step 14310 	 return [0.00021029 0.0028913  0.00583625], ([0.00042057 0.00020264 0.00100388]) 	 loss 6.821E-03 	 horizons 9.0
step 14400 	 return [0.         0.00467378 0.00337084], ([0.         0.00091714 0.00035085]) 	 loss 1.473E-02 	 horizons 9.0
step 14490 	 return [0.00441296 0.00272239 0.00059089], ([0.00029779 0.00040774 0.00021952]) 	 loss 1.144E-01 	 horizons 9.0
step 14580 	 return [0.         0.00467226 0.00480609], ([0.         0.00047574 0.00106439]) 	 loss 3.137E-02 	 horizons 9.0
step 14670 	 return [0.00278457 0.00417218 0.0008972 ], ([1.271884e-05 3.967581e-04 2.990674e-04]) 	 loss 4.093E-02 	 horizons 9.0
step 14760 	 return [0.00117539 0.00225344 0.00295134], ([0.00021411 0.0003822  0.00055541]) 	 loss 1.660E-02 	 horizons 9.0
step 14850 	 return [0.         0.00394556 0.00318068], ([0.000000e+00 4.656613e-10 0.000000e+00]) 	 loss 1.977E-02 	 horizons 9.0
step 14940 	 return [0.         0.00394556 0.00318068], ([0.000000e+00 4.656613e-10 0.000000e+00]) 	 loss 1.431E-02 	 horizons 9.0
step 15030 	 return [0.         0.00342113 0.00640736], ([0.         0.00034608 0.00026143]) 	 loss 1.105E-02 	 horizons 9.0
step 15120 	 return [0.00113248 0.00277101 0.00291808], ([0.00022834 0.00018497 0.00053753]) 	 loss 1.037E-02 	 horizons 9.0
step 15210 	 return [0.0040022  0.00318314 0.00094904], ([4.6340964e-04 1.1633187e-04 2.7070360e-05]) 	 loss 1.481E-02 	 horizons 9.0
step 15300 	 return [0.         0.0032376  0.00661074], ([0.         0.00040742 0.00030699]) 	 loss 1.303E-02 	 horizons 9.0
step 15390 	 return [0.00105636 0.00270935 0.00309726], ([0.0000000e+00 0.0000000e+00 2.3283064e-10]) 	 loss 6.607E-03 	 horizons 9.0
step 15480 	 return [0.         0.00603931 0.00399143], ([0.         0.00038241 0.00046941]) 	 loss 6.390E-03 	 horizons 9.0
step 15570 	 return [0.         0.00364501 0.00630375], ([0. 0. 0.]) 	 loss 1.387E-02 	 horizons 9.0
step 15660 	 return [0.00278033 0.00403993 0.00099689], ([2.3283064e-10 4.6566129e-10 0.0000000e+00]) 	 loss 7.501E-03 	 horizons 9.0
step 15750 	 return [0.00105636 0.00270935 0.00309726], ([0.0000000e+00 0.0000000e+00 2.3283064e-10]) 	 loss 5.699E-03 	 horizons 9.0
step 15840 	 return [0.00279729 0.00456894 0.00059813], ([2.0769778e-05 6.4790325e-04 4.8837502e-04]) 	 loss 4.597E-03 	 horizons 9.0
step 15930 	 return [0.         0.00364501 0.00630375], ([0. 0. 0.]) 	 loss 4.629E-03 	 horizons 9.0
step 16020 	 return [0.00292549 0.005078   0.        ], ([0.00027583 0.00037801 0.        ]) 	 loss 4.014E-03 	 horizons 9.0
step 16110 	 return [0.         0.00477899 0.00561259], ([0.         0.00061656 0.00029236]) 	 loss 4.383E-03 	 horizons 9.0
step 16200 	 return [0.         0.00619543 0.00418307], ([0.         0.00031223 0.00038327]) 	 loss 2.815E-02 	 horizons 9.0
step 16290 	 return [0.00366503 0.00336171 0.00087939], ([8.1261263e-05 3.1376100e-04 2.9344324e-04]) 	 loss 2.117E-02 	 horizons 9.0
step 16380 	 return [0.         0.00627349 0.00427888], ([0.         0.00023418 0.00028745]) 	 loss 2.727E-02 	 horizons 9.0
step 16470 	 return [3.5650388e-03 4.2821900e-03 9.9689132e-05], ([0.00037392 0.00017896 0.00029907]) 	 loss 2.523E-02 	 horizons 9.0
step 16560 	 return [0.         0.0041081  0.00320427], ([0.0000000e+00 4.8761934e-04 7.0755137e-05]) 	 loss 3.891E-02 	 horizons 9.0
step 16650 	 return [0.         0.00635155 0.0043747 ], ([0.000000e+00 4.656613e-10 4.656613e-10]) 	 loss 3.845E-02 	 horizons 9.0
step 16740 	 return [0.         0.00456893 0.00458135], ([0.         0.00050898 0.00114365]) 	 loss 2.716E-02 	 horizons 9.0
step 16830 	 return [0.         0.00635155 0.0043747 ], ([0.000000e+00 4.656613e-10 4.656613e-10]) 	 loss 1.695E-02 	 horizons 9.0
step 16920 	 return [0.00105636 0.00270935 0.00309726], ([0.0000000e+00 0.0000000e+00 2.3283064e-10]) 	 loss 1.549E-02 	 horizons 9.0
step 17010 	 return [0.00264004 0.00486846 0.00029907], ([0.00016591 0.00056573 0.00045683]) 	 loss 1.414E-02 	 horizons 9.0
step 17100 	 return [0.00278227 0.00398175 0.00099653], ([5.8024420e-06 1.7454162e-04 1.0835007e-06]) 	 loss 3.087E-02 	 horizons 9.0
step 17190 	 return [0.00300989 0.00467451 0.        ], ([0.00037822 0.00021273 0.        ]) 	 loss 1.947E-02 	 horizons 9.0
step 17280 	 return [0.00084114 0.00258097 0.00452594], ([0.00042057 0.0001246  0.0011959 ]) 	 loss 1.666E-02 	 horizons 9.0
step 17370 	 return [0.         0.00315611 0.00667214], ([0.         0.00039919 0.00030079]) 	 loss 1.995E-02 	 horizons 9.0
step 17460 	 return [0.00371094 0.00368097 0.00058929], ([3.337240e-05 4.642791e-04 4.811552e-04]) 	 loss 1.931E-02 	 horizons 9.0
step 17550 	 return [0.00441305 0.00318083 0.00083354], ([6.8796151e-05 1.1925143e-04 2.7784682e-04]) 	 loss 1.533E-02 	 horizons 9.0
step 17640 	 return [3.6565952e-03 4.1704443e-03 9.9327961e-05], ([0.00028564 0.00023744 0.00029798]) 	 loss 8.685E-03 	 horizons 9.0
step 17730 	 return [0.         0.00611095 0.0042553 ], ([0.         0.0007218  0.00035821]) 	 loss 1.282E-02 	 horizons 9.0
step 17820 	 return [0.         0.00596125 0.00389562], ([0.         0.00039029 0.00047908]) 	 loss 1.839E-02 	 horizons 9.0
step 17910 	 return [0.00105143 0.00251867 0.00392799], ([1.1641532e-10 2.3283064e-10 4.6566129e-10]) 	 loss 1.624E-02 	 horizons 9.0
step 18000 	 return [0.         0.00635155 0.0043747 ], ([0.000000e+00 4.656613e-10 4.656613e-10]) 	 loss 1.239E-02 	 horizons 9.0
step 18090 	 return [0.00441305 0.00318083 0.00083354], ([6.8796151e-05 1.1925143e-04 2.7784682e-04]) 	 loss 1.926E-02 	 horizons 9.0
step 18180 	 return [0.00373345 0.00325086 0.000972  ], ([2.4618491e-04 1.1042145e-04 2.0434618e-05]) 	 loss 1.162E-02 	 horizons 9.0
step 18270 	 return [0.00279774 0.0035163  0.00099364], ([5.8024420e-06 1.7454161e-04 1.0835007e-06]) 	 loss 1.105E-02 	 horizons 9.0
step 18360 	 return [0.00105192 0.00253774 0.00384492], ([1.4806633e-06 5.7204117e-05 2.4921983e-04]) 	 loss 9.066E-03 	 horizons 9.0
step 18450 	 return [0.00105143 0.00251867 0.00392799], ([1.1641532e-10 2.3283064e-10 4.6566129e-10]) 	 loss 1.786E-02 	 horizons 9.0
step 18540 	 return [0.00282394 0.00387792 0.00059597], ([0.00032857 0.00053642 0.00048661]) 	 loss 1.669E-02 	 horizons 9.0
step 18630 	 return [0.00441305 0.00318083 0.00083354], ([6.8796158e-05 1.1925145e-04 2.7784682e-04]) 	 loss 8.542E-03 	 horizons 9.0
step 18720 	 return [0.00371775 0.00377574 0.00049108], ([3.4060562e-05 4.7385285e-04 4.9107696e-04]) 	 loss 6.300E-03 	 horizons 9.0
step 18810 	 return [0.00443599 0.00314108 0.00092616], ([4.6566129e-10 2.3283064e-10 5.8207661e-11]) 	 loss 4.148E-03 	 horizons 9.0
step 18900 	 return [0.00443599 0.00314108 0.00092616], ([4.6566129e-10 2.3283064e-10 5.8207661e-11]) 	 loss 4.692E-03 	 horizons 9.0
step 18990 	 return [0.00368369 0.00330189 0.00098215], ([4.6566129e-10 2.3283064e-10 1.1641532e-10]) 	 loss 8.525E-03 	 horizons 9.0
step 19080 	 return [0.00443599 0.00314108 0.00092616], ([4.6566129e-10 2.3283064e-10 5.8207661e-11]) 	 loss 6.939E-03 	 horizons 9.0
step 19170 	 return [0.00324168 0.00338    0.00098772], ([4.4200572e-04 7.8119338e-05 5.5628484e-06]) 	 loss 7.683E-03 	 horizons 9.0
step 19260 	 return [0.00341848 0.00334876 0.00098549], ([4.0510492e-04 7.1597562e-05 5.0984345e-06]) 	 loss 3.487E-03 	 horizons 9.0
step 19350 	 return [0.00426006 0.0031383  0.00093281], ([3.5644067e-04 7.8334509e-05 1.6744596e-05]) 	 loss 5.954E-03 	 horizons 9.0
step 19440 	 return [0.00341848 0.00334876 0.00098549], ([4.0510492e-04 7.1597562e-05 5.0984345e-06]) 	 loss 2.552E-03 	 horizons 9.0
step 19530 	 return [0.00436849 0.00311698 0.00074092], ([0.00014341 0.00023664 0.00037046]) 	 loss 6.410E-03 	 horizons 9.0
step 19620 	 return [0.00368369 0.00330189 0.00098215], ([4.6566129e-10 2.3283064e-10 1.1641532e-10]) 	 loss 1.229E-02 	 horizons 9.0
step 19710 	 return [0.00365822 0.00326694 0.0009776 ], ([7.6411598e-05 1.0483105e-04 1.3649582e-05]) 	 loss 6.210E-03 	 horizons 9.0
step 19800 	 return [0.00368369 0.00330189 0.00098215], ([4.6566129e-10 2.3283064e-10 1.1641532e-10]) 	 loss 3.530E-03 	 horizons 9.0
step 19890 	 return [0.00383415 0.00326973 0.00097095], ([3.0091999e-04 6.4320666e-05 2.2399168e-05]) 	 loss 1.653E-03 	 horizons 9.0
step 19980 	 return [0.00368369 0.00330189 0.00098215], ([4.6566129e-10 2.3283064e-10 1.1641532e-10]) 	 loss 9.703E-04 	 horizons 9.0
step 20070 	 return [0.00443599 0.00314108 0.00092616], ([4.6566129e-10 2.3283064e-10 5.8207661e-11]) 	 loss 7.703E-04 	 horizons 9.0
step 20160 	 return [0.         0.00439395 0.00376697], ([0.         0.00077052 0.00094274]) 	 loss 7.727E-04 	 horizons 9.0
step 20250 	 return [0.00368369 0.00330189 0.00098215], ([4.6566129e-10 2.3283064e-10 1.1641532e-10]) 	 loss 4.290E-03 	 horizons 9.0
step 20340 	 return [0.00297648 0.00342688 0.00099105], ([3.5360456e-04 6.2495470e-05 4.4502785e-06]) 	 loss 1.347E-03 	 horizons 9.0
step 20430 	 return [0.00368369 0.00330189 0.00098215], ([4.6566129e-10 2.3283064e-10 1.1641532e-10]) 	 loss 7.978E-04 	 horizons 9.0
step 20520 	 return [0.00450542 0.00233986 0.00073082], ([0.00026239 0.00040079 0.00023578]) 	 loss 6.504E-04 	 horizons 9.0
step 20610 	 return [3.7261129e-03 3.9079725e-03 9.8215394e-05], ([2.6367605e-05 3.5418384e-04 2.9464619e-04]) 	 loss 9.243E-03 	 horizons 9.0
step 20700 	 return [0.         0.00498451 0.00551514], ([0.000000e+00 0.000000e+00 4.656613e-10]) 	 loss 3.318E-02 	 horizons 9.0
step 20790 	 return [0.         0.00498451 0.00551514], ([0.000000e+00 0.000000e+00 4.656613e-10]) 	 loss 3.511E-02 	 horizons 9.0
step 20880 	 return [0.         0.00498338 0.00549772], ([0.0000000e+00 2.2485851e-06 3.4836306e-05]) 	 loss 3.527E-02 	 horizons 9.0
step 20970 	 return [0.00368369 0.00330189 0.00098215], ([4.6566129e-10 2.3283064e-10 1.1641532e-10]) 	 loss 1.498E-02 	 horizons 9.0
step 21060 	 return [0.00398461 0.00323756 0.00095975], ([3.6855025e-04 7.8776415e-05 2.7433269e-05]) 	 loss 1.672E-03 	 horizons 9.0
step 21150 	 return [0.         0.00498451 0.00551514], ([0.000000e+00 0.000000e+00 4.656613e-10]) 	 loss 7.807E-04 	 horizons 9.0
step 21240 	 return [0.         0.00488061 0.00528169], ([0.         0.00031168 0.00070034]) 	 loss 3.518E-04 	 horizons 9.0
step 21330 	 return [0.         0.00498451 0.00551514], ([0.000000e+00 0.000000e+00 4.656613e-10]) 	 loss 2.756E-04 	 horizons 9.0
step 21420 	 return [0.00368369 0.00330189 0.00098215], ([4.6566129e-10 2.3283064e-10 1.1641532e-10]) 	 loss 1.904E-04 	 horizons 9.0
step 21510 	 return [0.00368369 0.00330189 0.00098215], ([4.6566129e-10 2.3283064e-10 1.1641532e-10]) 	 loss 1.859E-04 	 horizons 9.0
step 21600 	 return [0.00368369 0.00330189 0.00098215], ([4.6566129e-10 2.3283064e-10 1.1641532e-10]) 	 loss 1.421E-04 	 horizons 9.0
step 21690 	 return [0.00368369 0.00330189 0.00098215], ([4.6566129e-10 2.3283064e-10 1.1641532e-10]) 	 loss 1.289E-04 	 horizons 9.0
step 21780 	 return [0.00368369 0.00330189 0.00098215], ([4.6566129e-10 2.3283064e-10 1.1641532e-10]) 	 loss 1.151E-04 	 horizons 9.0
step 21870 	 return [0.         0.00498451 0.00551514], ([0.000000e+00 0.000000e+00 4.656613e-10]) 	 loss 1.164E-04 	 horizons 9.0
step 21960 	 return [0.00368369 0.00330189 0.00098215], ([4.6566129e-10 2.3283064e-10 1.1641532e-10]) 	 loss 1.319E-04 	 horizons 9.0
step 22050 	 return [0.         0.00498451 0.00551514], ([0.000000e+00 0.000000e+00 4.656613e-10]) 	 loss 1.122E-04 	 horizons 9.0
step 22140 	 return [0.00443599 0.00314108 0.00092616], ([4.6566129e-10 2.3283064e-10 5.8207661e-11]) 	 loss 1.133E-04 	 horizons 9.0
step 22230 	 return [0.00368369 0.00330189 0.00098215], ([4.6566129e-10 2.3283064e-10 1.1641532e-10]) 	 loss 1.116E-04 	 horizons 9.0
step 22320 	 return [0.0015091  0.00313348 0.00240058], ([0.00090099 0.00063407 0.00154889]) 	 loss 1.127E-04 	 horizons 9.0
step 22410 	 return [0.00369731 0.00349143 0.00078572], ([2.7248450e-05 3.7908228e-04 3.9286155e-04]) 	 loss 2.718E-02 	 horizons 9.0
step 22500 	 return [0.         0.00498451 0.00551514], ([0.000000e+00 0.000000e+00 4.656613e-10]) 	 loss 6.283E-04 	 horizons 9.0
step 22590 	 return [0.00383415 0.00326973 0.00097095], ([3.0092002e-04 6.4320673e-05 2.2399170e-05]) 	 loss 3.131E-04 	 horizons 9.0
step 22680 	 return [0.00368369 0.00330189 0.00098215], ([4.6566129e-10 2.3283064e-10 1.1641532e-10]) 	 loss 1.749E-04 	 horizons 9.0
step 22770 	 return [0.00443599 0.00314108 0.00092616], ([4.6566129e-10 2.3283064e-10 5.8207661e-11]) 	 loss 1.614E-04 	 horizons 9.0
step 22860 	 return [0.00443599 0.00314108 0.00092616], ([4.6566129e-10 2.3283064e-10 5.8207661e-11]) 	 loss 1.677E-04 	 horizons 9.0
step 22950 	 return [0.         0.00498451 0.00551514], ([0.000000e+00 0.000000e+00 4.656613e-10]) 	 loss 1.438E-04 	 horizons 9.0
step 23040 	 return [0.00277378 0.00400319 0.00099117], ([2.3283064e-10 4.6566129e-10 0.0000000e+00]) 	 loss 1.570E-04 	 horizons 9.0
step 23130 	 return [0.00368369 0.00330189 0.00098215], ([4.6566129e-10 2.3283064e-10 1.1641532e-10]) 	 loss 2.163E-03 	 horizons 9.0
step 23220 	 return [0.         0.00498451 0.00551514], ([0.000000e+00 0.000000e+00 4.656613e-10]) 	 loss 3.099E-04 	 horizons 9.0
step 23310 	 return [0.00331972 0.00358241 0.00098576], ([4.4576169e-04 3.4356685e-04 4.4179551e-06]) 	 loss 1.868E-04 	 horizons 9.0
step 23400 	 return [0.00375892 0.00328581 0.00097655], ([2.2568998e-04 4.8240512e-05 1.6799375e-05]) 	 loss 1.670E-04 	 horizons 9.0
step 23490 	 return [0.00443599 0.00314108 0.00092616], ([4.6566129e-10 2.3283064e-10 5.8207661e-11]) 	 loss 1.586E-04 	 horizons 9.0
step 23580 	 return [0.00313774 0.00372267 0.00098756], ([4.4576169e-04 3.4356685e-04 4.4179551e-06]) 	 loss 1.604E-04 	 horizons 9.0
step 23670 	 return [0.00368369 0.00330189 0.00098215], ([4.6566129e-10 2.3283064e-10 1.1641532e-10]) 	 loss 1.714E-04 	 horizons 9.0
step 23760 	 return [0.00368369 0.00330189 0.00098215], ([4.6566129e-10 2.3283064e-10 1.1641532e-10]) 	 loss 1.360E-04 	 horizons 9.0
step 23850 	 return [0.00443599 0.00314108 0.00092616], ([4.6566129e-10 2.3283064e-10 5.8207661e-11]) 	 loss 1.382E-04 	 horizons 9.0
step 23940 	 return [0.00443599 0.00314108 0.00092616], ([4.6566129e-10 2.3283064e-10 5.8207661e-11]) 	 loss 1.465E-04 	 horizons 9.0
step 24030 	 return [0.         0.00498451 0.00551514], ([0.000000e+00 0.000000e+00 4.656613e-10]) 	 loss 1.608E-04 	 horizons 9.0
step 24120 	 return [0.00368369 0.00330189 0.00098215], ([4.6566129e-10 2.3283064e-10 1.1641532e-10]) 	 loss 1.436E-04 	 horizons 9.0
step 24210 	 return [0.0035927  0.00337202 0.00098306], ([2.7297222e-04 2.1039085e-04 2.7054339e-06]) 	 loss 1.360E-04 	 horizons 9.0
step 24300 	 return [0.         0.00498451 0.00551514], ([0.000000e+00 0.000000e+00 4.656613e-10]) 	 loss 1.368E-04 	 horizons 9.0
step 24390 	 return [0.00375892 0.00328581 0.00097655], ([2.2568999e-04 4.8240512e-05 1.6799375e-05]) 	 loss 1.238E-04 	 horizons 9.0
step 24480 	 return [0.00443599 0.00314108 0.00092616], ([4.6566129e-10 2.3283064e-10 5.8207661e-11]) 	 loss 1.267E-04 	 horizons 9.0
step 24570 	 return [0.00368369 0.00330189 0.00098215], ([4.6566129e-10 2.3283064e-10 1.1641532e-10]) 	 loss 1.463E-04 	 horizons 9.0
step 24660 	 return [0.00405984 0.00322148 0.00095416], ([3.7615001e-04 8.0400852e-05 2.7998964e-05]) 	 loss 1.417E-04 	 horizons 9.0
step 24750 	 return [0.00368369 0.00330189 0.00098215], ([4.6566129e-10 2.3283064e-10 1.1641532e-10]) 	 loss 1.446E-04 	 horizons 9.0
step 24840 	 return [0.00368369 0.00330189 0.00098215], ([4.6566129e-10 2.3283064e-10 1.1641532e-10]) 	 loss 1.241E-04 	 horizons 9.0
step 24930 	 return [0.00368369 0.00330189 0.00098215], ([4.6566129e-10 2.3283064e-10 1.1641532e-10]) 	 loss 1.170E-04 	 horizons 9.0
step 25020 	 return [0.         0.00498451 0.00551514], ([0.000000e+00 0.000000e+00 4.656613e-10]) 	 loss 1.162E-04 	 horizons 9.0
step 25110 	 return [0.00277378 0.00400319 0.00099117], ([2.3283064e-10 4.6566129e-10 0.0000000e+00]) 	 loss 1.188E-04 	 horizons 9.0
step 25200 	 return [0.         0.00498451 0.00551514], ([0.000000e+00 0.000000e+00 4.656613e-10]) 	 loss 1.500E-04 	 horizons 9.0
step 25290 	 return [0.         0.00498451 0.00551514], ([0.000000e+00 0.000000e+00 4.656613e-10]) 	 loss 1.286E-04 	 horizons 9.0
step 25380 	 return [0.00443599 0.00314108 0.00092616], ([4.6566129e-10 2.3283064e-10 5.8207661e-11]) 	 loss 1.131E-04 	 horizons 9.0
step 25470 	 return [0.         0.00498451 0.00551514], ([0.000000e+00 0.000000e+00 4.656613e-10]) 	 loss 1.207E-04 	 horizons 9.0
step 25560 	 return [0.         0.00498451 0.00551514], ([0.000000e+00 0.000000e+00 4.656613e-10]) 	 loss 1.018E-04 	 horizons 9.0
step 25650 	 return [0.         0.00498451 0.00551514], ([0.000000e+00 0.000000e+00 4.656613e-10]) 	 loss 1.057E-04 	 horizons 9.0
step 25740 	 return [0.         0.00498451 0.00551514], ([0.000000e+00 0.000000e+00 4.656613e-10]) 	 loss 8.661E-05 	 horizons 9.0
step 25830 	 return [0.00443599 0.00314108 0.00092616], ([4.6566129e-10 2.3283064e-10 5.8207661e-11]) 	 loss 9.694E-05 	 horizons 9.0
step 25920 	 return [0.00443599 0.00314108 0.00092616], ([4.6566129e-10 2.3283064e-10 5.8207661e-11]) 	 loss 8.626E-05 	 horizons 9.0
step 26010 	 return [0.00368369 0.00330189 0.00098215], ([4.6566129e-10 2.3283064e-10 1.1641532e-10]) 	 loss 9.104E-05 	 horizons 9.0
step 26100 	 return [0.00436076 0.00315716 0.00093176], ([2.2569002e-04 4.8240512e-05 1.6799375e-05]) 	 loss 9.746E-05 	 horizons 9.0
step 26190 	 return [0.00443599 0.00314108 0.00092616], ([4.6566129e-10 2.3283064e-10 5.8207661e-11]) 	 loss 8.677E-05 	 horizons 9.0
step 26280 	 return [0.         0.00498451 0.00551514], ([0.000000e+00 0.000000e+00 4.656613e-10]) 	 loss 1.025E-04 	 horizons 9.0
step 26370 	 return [0.00443599 0.00314108 0.00092616], ([4.6566129e-10 2.3283064e-10 5.8207661e-11]) 	 loss 8.675E-05 	 horizons 9.0
step 26460 	 return [0.         0.00498451 0.00551514], ([0.000000e+00 0.000000e+00 4.656613e-10]) 	 loss 7.892E-05 	 horizons 9.0
step 26550 	 return [0.         0.00498451 0.00551514], ([0.000000e+00 0.000000e+00 4.656613e-10]) 	 loss 8.419E-05 	 horizons 9.0
step 26640 	 return [0.         0.00498451 0.00551514], ([0.000000e+00 0.000000e+00 4.656613e-10]) 	 loss 7.610E-05 	 horizons 9.0
step 26730 	 return [0.         0.00498451 0.00551514], ([0.000000e+00 0.000000e+00 4.656613e-10]) 	 loss 6.902E-05 	 horizons 9.0
step 26820 	 return [0.00443599 0.00314108 0.00092616], ([4.6566129e-10 2.3283064e-10 5.8207661e-11]) 	 loss 6.436E-05 	 horizons 9.0
step 26910 	 return [0.         0.00498451 0.00551514], ([0.000000e+00 0.000000e+00 4.656613e-10]) 	 loss 5.845E-05 	 horizons 9.0
step 27000 	 return [0.00443599 0.00314108 0.00092616], ([4.6566129e-10 2.3283064e-10 5.8207661e-11]) 	 loss 5.229E-05 	 horizons 9.0
step 27090 	 return [0.         0.00498451 0.00551514], ([0.000000e+00 0.000000e+00 4.656613e-10]) 	 loss 4.757E-05 	 horizons 9.0
step 27180 	 return [0.00368369 0.00330189 0.00098215], ([4.6566129e-10 2.3283064e-10 1.1641532e-10]) 	 loss 6.013E-05 	 horizons 9.0
step 27270 	 return [0.         0.00498451 0.00551514], ([0.000000e+00 0.000000e+00 4.656613e-10]) 	 loss 6.435E-05 	 horizons 9.0
step 27360 	 return [0.         0.00498451 0.00551514], ([0.000000e+00 0.000000e+00 4.656613e-10]) 	 loss 6.739E-05 	 horizons 9.0
step 27450 	 return [0.         0.00488061 0.00528169], ([0.         0.00031168 0.00070034]) 	 loss 5.801E-05 	 horizons 9.0
step 27540 	 return [0.00368369 0.00330189 0.00098215], ([4.6566129e-10 2.3283064e-10 1.1641532e-10]) 	 loss 3.817E-03 	 horizons 9.0
step 27630 	 return [0.00368369 0.00330189 0.00098215], ([4.6566129e-10 2.3283064e-10 1.1641532e-10]) 	 loss 3.265E-04 	 horizons 9.0
step 27720 	 return [0.         0.00394556 0.00318068], ([0.000000e+00 4.656613e-10 0.000000e+00]) 	 loss 2.414E-04 	 horizons 9.0
step 27810 	 return [0.00368369 0.00330189 0.00098215], ([4.6566129e-10 2.3283064e-10 1.1641532e-10]) 	 loss 2.374E-03 	 horizons 9.0
step 27900 	 return [0.00368369 0.00330189 0.00098215], ([4.6566129e-10 2.3283064e-10 1.1641532e-10]) 	 loss 1.066E-04 	 horizons 9.0
step 27990 	 return [0.         0.00498451 0.00551514], ([0.000000e+00 0.000000e+00 4.656613e-10]) 	 loss 7.127E-05 	 horizons 9.0
step 28080 	 return [0.         0.00498451 0.00551514], ([0.000000e+00 0.000000e+00 4.656613e-10]) 	 loss 6.150E-05 	 horizons 9.0
step 28170 	 return [0.0042103  0.00318932 0.00094296], ([3.4474715e-04 7.3688592e-05 2.5661473e-05]) 	 loss 5.734E-05 	 horizons 9.0
step 28260 	 return [0.         0.00498451 0.00551514], ([0.000000e+00 0.000000e+00 4.656613e-10]) 	 loss 5.642E-05 	 horizons 9.0
step 28350 	 return [0.00428553 0.00317324 0.00093736], ([3.0092002e-04 6.4320673e-05 2.2399168e-05]) 	 loss 5.619E-05 	 horizons 9.0
step 28440 	 return [0.00368369 0.00330189 0.00098215], ([4.6566129e-10 2.3283064e-10 1.1641532e-10]) 	 loss 6.373E-05 	 horizons 9.0
step 28530 	 return [0.00443599 0.00314108 0.00092616], ([4.6566129e-10 2.3283064e-10 5.8207661e-11]) 	 loss 6.249E-05 	 horizons 9.0
step 28620 	 return [0.00277378 0.00400319 0.00099117], ([2.3283064e-10 4.6566129e-10 0.0000000e+00]) 	 loss 7.473E-05 	 horizons 9.0
step 28710 	 return [0.00368369 0.00330189 0.00098215], ([4.6566129e-10 2.3283064e-10 1.1641532e-10]) 	 loss 1.507E-04 	 horizons 9.0
step 28800 	 return [0.         0.00498451 0.00551514], ([0.000000e+00 0.000000e+00 4.656613e-10]) 	 loss 1.153E-04 	 horizons 9.0
step 28890 	 return [0.00368369 0.00330189 0.00098215], ([4.6566129e-10 2.3283064e-10 1.1641532e-10]) 	 loss 8.904E-05 	 horizons 9.0
step 28980 	 return [0.00368369 0.00330189 0.00098215], ([4.6566129e-10 2.3283064e-10 1.1641532e-10]) 	 loss 7.074E-05 	 horizons 9.0
step 29070 	 return [0.00453491 0.00300496 0.00078513], ([0.00020465 0.00031056 0.00029887]) 	 loss 7.114E-05 	 horizons 9.0
step 29160 	 return [0.00277378 0.00400319 0.00099117], ([2.3283064e-10 4.6566129e-10 0.0000000e+00]) 	 loss 8.974E-05 	 horizons 9.0
step 29250 	 return [0.00443599 0.00314108 0.00092616], ([4.6566129e-10 2.3283064e-10 5.8207661e-11]) 	 loss 8.842E-05 	 horizons 9.0
step 29340 	 return [0.00443599 0.00314108 0.00092616], ([4.6566129e-10 2.3283064e-10 5.8207661e-11]) 	 loss 8.400E-05 	 horizons 9.0
step 29430 	 return [0.         0.00498451 0.00551514], ([0.000000e+00 0.000000e+00 4.656613e-10]) 	 loss 1.118E-04 	 horizons 9.0
step 29520 	 return [0.         0.00498451 0.00551514], ([0.000000e+00 0.000000e+00 4.656613e-10]) 	 loss 9.879E-05 	 horizons 9.0
step 29610 	 return [0.         0.00498451 0.00551514], ([0.000000e+00 0.000000e+00 4.656613e-10]) 	 loss 8.191E-05 	 horizons 9.0
step 29700 	 return [0.         0.00498451 0.00551514], ([0.000000e+00 0.000000e+00 4.656613e-10]) 	 loss 7.977E-05 	 horizons 9.0
step 29790 	 return [0.00277378 0.00400319 0.00099117], ([2.3283064e-10 4.6566129e-10 0.0000000e+00]) 	 loss 7.079E-05 	 horizons 9.0
step 29880 	 return [0.         0.00498451 0.00551514], ([0.000000e+00 0.000000e+00 4.656613e-10]) 	 loss 7.067E-05 	 horizons 9.0
step 29970 	 return [0.00268769 0.00404479 0.00099639], ([2.7792275e-04 1.4578503e-05 1.5167753e-06]) 	 loss 7.391E-05 	 horizons 9.0
step 30060 	 return [0.         0.00498451 0.00551514], ([0.000000e+00 0.000000e+00 4.656613e-10]) 	 loss 7.018E-02 	 horizons 9.0
[1;34mwandb[0m: 
[1;34mwandb[0m: 🚀 View run [33mmotndp_amsterdam-v0__GCN-amsterdam-g3-temporal__789__1781497389[0m at: [34mhttps://wandb.ai/jingyuan-sun03-tu-delft/cl_ablation/runs/mzv0lrue[0m
[1;34mwandb[0m: Find logs at: [1;35mwandb/run-20260615_062310-mzv0lrue/logs[0m
