/home/SinJ/mo-transport-network-design/.venv/lib/python3.13/site-packages/pygame/pkgdata.py:25: UserWarning: pkg_resources is deprecated as an API. See https://setuptools.pypa.io/en/latest/pkg_resources.html. The pkg_resources package is slated for removal as early as 2025-11-30. Refrain from using this package or pin to Setuptools<81.
  from pkg_resources import resource_stream, resource_exists
wandb: [wandb.login()] Loaded credentials for https://api.wandb.ai from /home/SinJ/.netrc.
wandb: Currently logged in as: jingyuan-sun03 (jingyuan-sun03-tu-delft) to https://api.wandb.ai. Use `wandb login --relogin` to force relogin
wandb: setting up run 8a8sbr8e
wandb: Tracking run with wandb version 0.27.2
wandb: Run data is saved locally in /home/SinJ/mo-transport-network-design/wandb/run-20260615_083135-8a8sbr8e
wandb: Run `wandb offline` to turn off syncing.
wandb: Syncing run motndp_amsterdam-v0__GCN-amsterdam-g5-spatial__1024__1781505095
wandb: ⭐️ View project at https://wandb.ai/jingyuan-sun03-tu-delft/cl_ablation
wandb: 🚀 View run at https://wandb.ai/jingyuan-sun03-tu-delft/cl_ablation/runs/8a8sbr8e
/home/SinJ/mo-transport-network-design/morl-baselines/morl_baselines/multi_policy/gcn/gcn.py:151: UserWarning: Creating a tensor from a list of numpy.ndarrays is extremely slow. Please consider converting the list to a single numpy.ndarray with numpy.array() before converting to a tensor. (Triggered internally at /pytorch/torch/csrc/utils/tensor_new.cpp:253.)
  th.tensor(obs).to(self.device),
Namespace(env='amsterdam', nr_groups=5, starting_loc_x=9, starting_loc_y=19, nr_stations=10, lr=0.01, batch_size=256, num_er_episodes=100, num_step_episodes=10, num_model_updates=10, num_policies=10, max_buffer_size=200, nr_layers=1, hidden_dim=128, timesteps=30000, no_log=False, seed=1024, cd_threshold=0.2, distance_ref='interpolate2', gcn_lambda=0.0, lambda_schedule='constant', lambda_start=1.0, lambda_end=None, lambda_warmup_fraction=0.0, lambda_freeze_fraction=0.1, spatial_alpha=0.5, include_demand_context=False, criterion='lorenz', nash_mode='pareto_sized', nash_top_k=None, nash_shift=0.0, project_name='cl_ablation', experiment_name='GCN-amsterdam-g5-spatial', wandb_entity=None)
step 990 	 return [0.00011856 0.00052495 0.00073444 0.00115548 0.        ], ([0.00035569 0.00069777 0.00122607 0.00161763 0.        ]) 	 loss 2.027E+00 	 horizons 9.0
step 1080 	 return [0.         0.00178834 0.00179107 0.00168473 0.00124472], ([0.         0.00287141 0.00216089 0.00159655 0.00282772]) 	 loss 1.870E+00 	 horizons 9.0
step 1170 	 return [0.00047145 0.00133928 0.0013051  0.00183538 0.00093021], ([0.00093393 0.00118766 0.00111072 0.00178714 0.00229982]) 	 loss 1.452E+00 	 horizons 9.0
step 1260 	 return [0.00048659 0.00286284 0.0016322  0.00093586 0.        ], ([0.00060366 0.00160073 0.00184561 0.0005059  0.        ]) 	 loss 1.228E+00 	 horizons 9.0
step 1350 	 return [0.00011921 0.0010246  0.00273464 0.00295758 0.002021  ], ([0.00035763 0.00135767 0.00242151 0.00132823 0.00248087]) 	 loss 1.189E+00 	 horizons 9.0
step 1440 	 return [0.         0.00079697 0.00529702 0.00334879 0.00388842], ([0.         0.00097842 0.00218459 0.0011167  0.00298189]) 	 loss 1.127E+00 	 horizons 9.0
step 1530 	 return [0.         0.         0.00385739 0.00391188 0.00459182], ([0.         0.         0.00195629 0.00092877 0.00151346]) 	 loss 1.062E+00 	 horizons 9.0
step 1620 	 return [0.00013481 0.0023627  0.00129134 0.00131234 0.00080307], ([0.00040443 0.0023918  0.00139131 0.00118113 0.00160624]) 	 loss 1.039E+00 	 horizons 9.0
step 1710 	 return [0.         0.00409857 0.00175808 0.00103544 0.0008178 ], ([0.         0.00246407 0.00166137 0.001232   0.0024534 ]) 	 loss 1.009E+00 	 horizons 9.0
step 1800 	 return [0.00041762 0.00195089 0.00248256 0.00242648 0.00129709], ([0.0008409  0.00213278 0.00164615 0.00181645 0.00202191]) 	 loss 9.937E-01 	 horizons 9.0
step 1890 	 return [0.00046133 0.00300731 0.00257221 0.00147274 0.0012111 ], ([0.00070778 0.00170489 0.00173037 0.00132888 0.00245357]) 	 loss 9.649E-01 	 horizons 9.0
step 1980 	 return [0.00018594 0.00464426 0.00277206 0.00167717 0.00116215], ([0.00055782 0.00289858 0.00130686 0.00150908 0.0023291 ]) 	 loss 9.665E-01 	 horizons 9.0
step 2070 	 return [2.7969945e-05 4.1726306e-03 2.5177288e-03 7.1565621e-04 0.0000000e+00], ([8.3909828e-05 2.3608878e-03 9.7159779e-04 2.5773316e-04 0.0000000e+00]) 	 loss 9.765E-01 	 horizons 9.0
step 2160 	 return [0.         0.         0.00653674 0.00501232 0.00457729], ([0.         0.         0.00073363 0.00073678 0.00200599]) 	 loss 9.510E-01 	 horizons 9.0
step 2250 	 return [0.00046435 0.00246905 0.00237695 0.00192981 0.0006408 ], ([0.00065156 0.00183278 0.0013969  0.00172103 0.0014406 ]) 	 loss 8.679E-01 	 horizons 9.0
step 2340 	 return [7.4200128e-05 4.4131833e-03 2.6685516e-03 7.9831918e-04 0.0000000e+00], ([0.0002226  0.00230107 0.00141263 0.00033868 0.        ]) 	 loss 8.397E-01 	 horizons 9.0
step 2430 	 return [0.00183337 0.00107351 0.0005134  0.00073827 0.        ], ([0.00151668 0.00195116 0.00010765 0.00021923 0.        ]) 	 loss 8.213E-01 	 horizons 9.0
step 2520 	 return [0.         0.         0.00421445 0.004791   0.0074845 ], ([0.         0.         0.00137316 0.00172198 0.002614  ]) 	 loss 8.098E-01 	 horizons 9.0
step 2610 	 return [0.         0.00026424 0.00602636 0.00451005 0.00542505], ([0.         0.00079273 0.00164655 0.00145592 0.00193933]) 	 loss 7.760E-01 	 horizons 9.0
step 2700 	 return [0.         0.         0.00609096 0.00524759 0.0066221 ], ([0.0000000e+00 0.0000000e+00 4.2813197e-05 5.7192624e-04 1.4688569e-03]) 	 loss 7.231E-01 	 horizons 9.0
step 2790 	 return [7.7507240e-05 4.3621701e-03 2.9914775e-03 8.4999931e-04 0.0000000e+00], ([0.00023252 0.00152209 0.00123041 0.00036754 0.        ]) 	 loss 6.762E-01 	 horizons 9.0
step 2880 	 return [0.00037881 0.00476832 0.00240997 0.00098753 0.        ], ([0.00075769 0.00194679 0.00118846 0.00030833 0.        ]) 	 loss 6.637E-01 	 horizons 9.0
step 2970 	 return [0.         0.         0.00391463 0.00480677 0.00680116], ([0.        0.        0.0007494 0.0014973 0.0013618]) 	 loss 6.189E-01 	 horizons 9.0
step 3060 	 return [0.00211565 0.0011444  0.00045634 0.00072272 0.        ], ([0.00106775 0.00185998 0.00011646 0.00025214 0.        ]) 	 loss 6.189E-01 	 horizons 9.0
step 3150 	 return [0.         0.00054448 0.00409354 0.00355677 0.00648226], ([0.         0.00163345 0.0017946  0.00167272 0.00284166]) 	 loss 5.898E-01 	 horizons 9.0
step 3240 	 return [0.         0.         0.00335617 0.00293942 0.00837624], ([0.         0.         0.00169468 0.0012126  0.00273435]) 	 loss 5.666E-01 	 horizons 9.0
step 3330 	 return [0.00082327 0.0050699  0.00227858 0.00085704 0.        ], ([0.00072766 0.0016858  0.00093128 0.00051974 0.        ]) 	 loss 5.740E-01 	 horizons 9.0
step 3420 	 return [0.         0.         0.00625387 0.00484878 0.00601451], ([0.         0.         0.00036892 0.00059029 0.00138031]) 	 loss 5.646E-01 	 horizons 9.0
step 3510 	 return [0.00010677 0.00478844 0.00456271 0.00108864 0.        ], ([0.0003203  0.00121063 0.00122317 0.00045351 0.        ]) 	 loss 4.976E-01 	 horizons 9.0
step 3600 	 return [0.         0.         0.00626599 0.00479909 0.00648457], ([0.         0.         0.00067408 0.00046929 0.001513  ]) 	 loss 4.912E-01 	 horizons 9.0
step 3690 	 return [0.00279593 0.00227311 0.00053256 0.00087061 0.        ], ([9.8317361e-04 1.9619421e-03 9.9613309e-05 3.2017863e-04 0.0000000e+00]) 	 loss 4.390E-01 	 horizons 9.0
step 3780 	 return [0.         0.         0.00623954 0.00515479 0.00712455], ([0.         0.         0.00040612 0.00041728 0.00103413]) 	 loss 4.281E-01 	 horizons 9.0
step 3870 	 return [0.00332609 0.00126545 0.00059349 0.00102871 0.        ], ([0.00098319 0.00073635 0.00014505 0.00045324 0.        ]) 	 loss 4.477E-01 	 horizons 9.0
step 3960 	 return [0.         0.00288278 0.0067625  0.00185062 0.0016413 ], ([0.         0.00199708 0.00104547 0.0016784  0.00251533]) 	 loss 3.968E-01 	 horizons 9.0
step 4050 	 return [0.         0.         0.00530152 0.00532573 0.00735683], ([0.         0.         0.00123019 0.00036071 0.00059654]) 	 loss 4.192E-01 	 horizons 9.0
step 4140 	 return [0.00382026 0.00140631 0.00055705 0.00093088 0.        ], ([6.2875752e-04 4.0281695e-04 7.3590854e-05 2.1007594e-04 0.0000000e+00]) 	 loss 3.881E-01 	 horizons 9.0
step 4230 	 return [0.00357256 0.0008109  0.00053471 0.00093366 0.        ], ([0.00085911 0.00055358 0.00010018 0.00019164 0.        ]) 	 loss 3.753E-01 	 horizons 9.0
step 4320 	 return [0.         0.         0.00400594 0.00335502 0.00773141], ([0.         0.         0.000753   0.00196559 0.00213072]) 	 loss 3.518E-01 	 horizons 9.0
step 4410 	 return [0.         0.00593527 0.00594194 0.00085295 0.        ], ([0.         0.00107855 0.00185114 0.00026762 0.        ]) 	 loss 3.201E-01 	 horizons 9.0
step 4500 	 return [0.         0.         0.00433201 0.00401136 0.00644517], ([0.         0.         0.00094303 0.00119128 0.00212627]) 	 loss 3.297E-01 	 horizons 9.0
step 4590 	 return [0.         0.         0.00318528 0.0016832  0.00968784], ([0.         0.         0.0006413  0.00088328 0.00115517]) 	 loss 3.625E-01 	 horizons 9.0
step 4680 	 return [0.         0.         0.00354    0.00133947 0.01196699], ([0.         0.         0.00051039 0.00156514 0.00196516]) 	 loss 3.537E-01 	 horizons 9.0
step 4770 	 return [0.00224009 0.00234977 0.00080124 0.00093574 0.        ], ([0.00075449 0.00103583 0.00082096 0.00024834 0.        ]) 	 loss 2.920E-01 	 horizons 9.0
step 4860 	 return [0.         0.         0.00613456 0.00492599 0.00726088], ([0.         0.         0.00010261 0.00042574 0.00099075]) 	 loss 3.060E-01 	 horizons 9.0
step 4950 	 return [0.         0.00436568 0.0059129  0.00157169 0.00088361], ([0.         0.00235162 0.00120546 0.00147498 0.00186248]) 	 loss 2.856E-01 	 horizons 9.0
step 5040 	 return [0.         0.         0.0064358  0.00512533 0.00592649], ([0.         0.         0.00103908 0.00071245 0.00214444]) 	 loss 2.504E-01 	 horizons 9.0
step 5130 	 return [0.00303199 0.0029892  0.0005752  0.00103538 0.        ], ([5.1140069e-04 9.5789414e-04 5.9979353e-05 2.3360232e-04 0.0000000e+00]) 	 loss 2.736E-01 	 horizons 9.0
step 5220 	 return [0.00409399 0.00117956 0.00058264 0.00093194 0.        ], ([5.2478845e-04 5.3570373e-04 3.7796663e-06 1.4005779e-04 0.0000000e+00]) 	 loss 2.411E-01 	 horizons 9.0
step 5310 	 return [0.         0.00028794 0.00647194 0.00502619 0.00604433], ([0.         0.00086383 0.00100537 0.00083374 0.00223937]) 	 loss 2.403E-01 	 horizons 9.0
step 5400 	 return [0.         0.00426611 0.00641547 0.00119433 0.00015126], ([0.         0.00163934 0.0010867  0.00104255 0.00045378]) 	 loss 2.090E-01 	 horizons 9.0
step 5490 	 return [0.00420554 0.00149991 0.00058874 0.00100798 0.        ], ([3.4724863e-04 7.8609568e-04 1.1269144e-05 1.9025660e-04 0.0000000e+00]) 	 loss 2.060E-01 	 horizons 9.0
step 5580 	 return [0.         0.         0.00610687 0.00508959 0.00774736], ([0.000000e+00 0.000000e+00 4.656613e-10 4.656613e-10 4.656613e-10]) 	 loss 1.677E-01 	 horizons 9.0
step 5670 	 return [0.         0.         0.00611643 0.00546698 0.0073868 ], ([0.0000000e+00 0.0000000e+00 1.4601189e-05 5.7647022e-04 5.5076351e-04]) 	 loss 1.868E-01 	 horizons 9.0
step 5760 	 return [0.00388401 0.00191801 0.00050003 0.00104475 0.        ], ([0.0007224  0.00102573 0.00013079 0.00045336 0.        ]) 	 loss 1.732E-01 	 horizons 9.0
step 5850 	 return [0.00381611 0.00172689 0.00056256 0.00092924 0.        ], ([8.0022088e-04 1.1711296e-03 8.1652586e-05 2.5779629e-04 0.0000000e+00]) 	 loss 1.987E-01 	 horizons 9.0
step 5940 	 return [0.         0.         0.0059653  0.00494336 0.00789546], ([0.         0.         0.00042472 0.00043869 0.00044431]) 	 loss 1.886E-01 	 horizons 9.0
step 6030 	 return [0.         0.         0.00611324 0.00534119 0.00750698], ([0.0000000e+00 0.0000000e+00 1.2744964e-05 5.0318445e-04 4.8074572e-04]) 	 loss 1.427E-01 	 horizons 9.0
step 6120 	 return [0.00364432 0.00356854 0.00057237 0.00099042 0.        ], ([3.2527739e-04 6.6551118e-04 7.6087184e-05 1.1845429e-04 0.0000000e+00]) 	 loss 1.556E-01 	 horizons 9.0
step 6210 	 return [0.         0.         0.00644687 0.00577491 0.00629221], ([0.         0.         0.00096427 0.00097284 0.0010001 ]) 	 loss 1.390E-01 	 horizons 9.0
step 6300 	 return [0.         0.         0.00419212 0.00399226 0.00917184], ([0.         0.         0.00103208 0.00174016 0.00312423]) 	 loss 9.940E-02 	 horizons 9.0
step 6390 	 return [0.         0.         0.00479734 0.00433191 0.00905057], ([0.         0.         0.00133577 0.00155738 0.0026857 ]) 	 loss 1.355E-01 	 horizons 9.0
step 6480 	 return [0.00385547 0.00324109 0.00051456 0.00087005 0.        ], ([0.00047257 0.00094969 0.00011256 0.00024273 0.        ]) 	 loss 1.170E-01 	 horizons 9.0
step 6570 	 return [0.         0.         0.00613236 0.00609596 0.00678586], ([0.0000000e+00 0.0000000e+00 1.2744964e-05 5.0318445e-04 4.8074572e-04]) 	 loss 9.536E-02 	 horizons 9.0
step 6660 	 return [0.         0.00020249 0.00614069 0.00501919 0.0064397 ], ([0.         0.00060748 0.00018361 0.0006189  0.00161118]) 	 loss 7.843E-02 	 horizons 9.0
step 6750 	 return [0.00442201 0.00119503 0.00055966 0.00090121 0.        ], ([1.9871118e-04 1.2685529e-04 7.0321010e-05 5.5046963e-05 0.0000000e+00]) 	 loss 6.732E-02 	 horizons 9.0
step 6840 	 return [0.00160657 0.00529064 0.00264546 0.00153342 0.        ], ([0.00087761 0.00119563 0.0010924  0.00041413 0.        ]) 	 loss 4.601E-02 	 horizons 9.0
step 6930 	 return [0.         0.00060748 0.0066037  0.0046212  0.00672886], ([0.         0.00092794 0.0009458  0.00091125 0.00126288]) 	 loss 5.898E-02 	 horizons 9.0
step 7020 	 return [0.00227932 0.00571554 0.00242248 0.00150496 0.        ], ([0.00088999 0.00125556 0.00105793 0.00057277 0.        ]) 	 loss 5.021E-02 	 horizons 9.0
step 7110 	 return [0.00306402 0.00488658 0.0011215  0.00133929 0.        ], ([0.00087759 0.00104845 0.0005755  0.00035005 0.        ]) 	 loss 6.872E-02 	 horizons 9.0
step 7200 	 return [0.         0.         0.00424856 0.00287444 0.01151831], ([0.         0.         0.00065469 0.00106615 0.0022454 ]) 	 loss 7.540E-02 	 horizons 9.0
step 7290 	 return [0.00295022 0.00472752 0.00122812 0.00152044 0.        ], ([0.00061202 0.00070956 0.00074923 0.00045287 0.        ]) 	 loss 7.934E-02 	 horizons 9.0
step 7380 	 return [0.00302315 0.00519786 0.00141974 0.00170434 0.        ], ([0.00075171 0.00047969 0.00050526 0.00017542 0.        ]) 	 loss 8.682E-02 	 horizons 9.0
step 7470 	 return [0.         0.0051381  0.0058356  0.00224703 0.00249828], ([0.         0.00286583 0.00110414 0.00177596 0.00306174]) 	 loss 8.656E-02 	 horizons 9.0
step 7560 	 return [0.0028366  0.0056744  0.00251458 0.00177392 0.        ], ([0.00060958 0.00067843 0.00034767 0.00044266 0.        ]) 	 loss 9.702E-02 	 horizons 9.0
step 7650 	 return [0.         0.         0.00613873 0.00634755 0.00654549], ([0.000000e+00 0.000000e+00 4.656613e-10 4.656613e-10 4.656613e-10]) 	 loss 7.349E-02 	 horizons 9.0
step 7740 	 return [0.00349879 0.00475401 0.00155003 0.00161435 0.        ], ([2.8043776e-04 3.1320032e-04 4.6590494e-04 9.8828066e-05 0.0000000e+00]) 	 loss 6.041E-02 	 horizons 9.0
step 7830 	 return [0.00317353 0.00491577 0.00220007 0.00167018 0.        ], ([0.00054896 0.0008164  0.00037448 0.00015743 0.        ]) 	 loss 7.219E-02 	 horizons 9.0
step 7920 	 return [0.00339169 0.00505449 0.00191425 0.00185987 0.        ], ([2.7130858e-05 1.0401109e-04 5.3494039e-04 2.4788285e-04 0.0000000e+00]) 	 loss 6.773E-02 	 horizons 9.0
step 8010 	 return [0.00214246 0.00625534 0.00237741 0.00193752 0.        ], ([0.00091859 0.00083729 0.00043834 0.00029796 0.        ]) 	 loss 5.915E-02 	 horizons 9.0
step 8100 	 return [0.00397656 0.00387178 0.0006179  0.00080002 0.        ], ([0.00039028 0.0001206  0.00018989 0.00024539 0.        ]) 	 loss 7.481E-02 	 horizons 9.0
step 8190 	 return [0.         0.00355377 0.00676288 0.00312553 0.00617351], ([0.0000000e+00 5.0961174e-04 2.9255641e-05 1.8820366e-04 1.5282028e-05]) 	 loss 6.977E-02 	 horizons 9.0
step 8280 	 return [0.         0.00305016 0.00672921 0.00329915 0.0061589 ], ([0.0000000e+00 8.2488701e-04 5.3630862e-05 2.9039464e-04 2.4156067e-05]) 	 loss 6.793E-02 	 horizons 9.0
step 8370 	 return [0.         0.         0.00469122 0.00416671 0.00927911], ([0.         0.         0.00109245 0.00048735 0.002755  ]) 	 loss 5.953E-02 	 horizons 9.0
step 8460 	 return [0.         0.00407597 0.00643954 0.00287372 0.00556074], ([0.         0.00105699 0.00099928 0.00056722 0.00185358]) 	 loss 5.878E-02 	 horizons 9.0
step 8550 	 return [0.         0.         0.00613555 0.00622176 0.00666568], ([0.0000000e+00 0.0000000e+00 9.5587229e-06 3.7738832e-04 3.6055932e-04]) 	 loss 4.868E-02 	 horizons 9.0
step 8640 	 return [0.         0.         0.00613873 0.00634755 0.00654549], ([0.000000e+00 0.000000e+00 4.656613e-10 4.656613e-10 4.656613e-10]) 	 loss 3.399E-02 	 horizons 9.0
step 8730 	 return [0.         0.         0.00403337 0.00311418 0.01244484], ([0.         0.         0.00029817 0.00111906 0.00131478]) 	 loss 3.053E-02 	 horizons 9.0
step 8820 	 return [0.         0.         0.00399134 0.00160868 0.01413595], ([0.         0.         0.00026929 0.0007452  0.0008627 ]) 	 loss 3.228E-02 	 horizons 9.0
step 8910 	 return [0.         0.         0.00610687 0.00508959 0.00774736], ([0.000000e+00 0.000000e+00 4.656613e-10 4.656613e-10 4.656613e-10]) 	 loss 2.487E-02 	 horizons 9.0
step 9000 	 return [0.         0.         0.00421409 0.00382353 0.01162316], ([0.000000e+00 0.000000e+00 4.656613e-10 0.000000e+00 9.313226e-10]) 	 loss 2.284E-02 	 horizons 9.0
step 9090 	 return [0.00210832 0.00645212 0.00312368 0.00183553 0.        ], ([0.00054829 0.00111751 0.00088187 0.00045765 0.        ]) 	 loss 2.678E-02 	 horizons 9.0
step 9180 	 return [0.00307529 0.0055575  0.00239257 0.00199342 0.        ], ([0.00033991 0.000578   0.00031235 0.00022694 0.        ]) 	 loss 2.770E-02 	 horizons 9.0
step 9270 	 return [0.00245533 0.00560913 0.00485404 0.00097436 0.        ], ([0.00050297 0.00029845 0.00059132 0.00051738 0.        ]) 	 loss 3.118E-02 	 horizons 9.0
step 9360 	 return [0.00342492 0.00518187 0.00256942 0.00216346 0.        ], ([4.6566129e-10 0.0000000e+00 2.3283064e-10 2.3283064e-10 0.0000000e+00]) 	 loss 4.982E-02 	 horizons 9.0
step 9450 	 return [0.         0.00132259 0.00632837 0.00420891 0.00590646], ([0.         0.00168306 0.00033991 0.00083652 0.00021289]) 	 loss 2.650E-02 	 horizons 9.0
step 9540 	 return [0.         0.         0.00611006 0.00521539 0.00762717], ([0.0000000e+00 0.0000000e+00 9.5587229e-06 3.7738832e-04 3.6055932e-04]) 	 loss 3.945E-02 	 horizons 9.0
step 9630 	 return [0.         0.         0.00407817 0.0015747  0.01420525], ([0.0000000e+00 0.0000000e+00 4.5309916e-05 7.4961002e-04 8.6069456e-04]) 	 loss 2.856E-02 	 horizons 9.0
step 9720 	 return [0.00316668 0.00536849 0.00242206 0.00188124 0.        ], ([0.00020674 0.00033455 0.00011196 0.00025146 0.        ]) 	 loss 2.963E-02 	 horizons 9.0
step 9810 	 return [0.00198054 0.00563769 0.00441867 0.0013168  0.        ], ([0.00062924 0.00052199 0.0006125  0.00056454 0.        ]) 	 loss 3.073E-02 	 horizons 9.0
step 9900 	 return [0.00232526 0.00633895 0.00340029 0.00204391 0.        ], ([1.7419086e-04 7.8661100e-04 5.3008070e-04 9.6076874e-05 0.0000000e+00]) 	 loss 3.284E-02 	 horizons 9.0
step 9990 	 return [0.00443974 0.00393663 0.00045978 0.00054059 0.        ], ([0.00063552 0.00012418 0.00012888 0.00037619 0.        ]) 	 loss 3.682E-02 	 horizons 9.0
step 10080 	 return [0.0033539  0.00495525 0.00245232 0.00193832 0.        ], ([0.00023256 0.00047332 0.00011701 0.00025237 0.        ]) 	 loss 3.315E-02 	 horizons 9.0
step 10170 	 return [0.00381122 0.00506301 0.00049317 0.0006516  0.        ], ([0.00054654 0.00135148 0.00010654 0.0003245  0.        ]) 	 loss 3.724E-02 	 horizons 9.0
step 10260 	 return [0.00312605 0.00535017 0.00251647 0.00208688 0.        ], ([2.0662772e-04 1.2954514e-04 7.1434522e-05 1.5324028e-04 0.0000000e+00]) 	 loss 4.080E-02 	 horizons 9.0
step 10350 	 return [0.00288803 0.00557329 0.00254964 0.00214834 0.        ], ([5.3770572e-04 5.3148676e-04 2.5855366e-05 2.4746534e-05 0.0000000e+00]) 	 loss 3.560E-02 	 horizons 9.0
step 10440 	 return [0.         0.00335127 0.00673921 0.00312277 0.00605044], ([0.         0.00111709 0.00010025 0.00017992 0.00038449]) 	 loss 4.600E-02 	 horizons 9.0
step 10530 	 return [0.         0.         0.0061852  0.00768153 0.00596812], ([0.000000e+00 0.000000e+00 4.656613e-10 0.000000e+00 0.000000e+00]) 	 loss 3.969E-02 	 horizons 9.0
step 10620 	 return [0.         0.         0.00605276 0.00488163 0.00575939], ([0.0000000e+00 0.0000000e+00 1.2613833e-06 2.1079554e-06 5.2841940e-05]) 	 loss 4.017E-02 	 horizons 9.0
step 10710 	 return [0.0001225  0.00022734 0.0037999  0.00140841 0.01304293], ([0.0003675  0.00068201 0.00078949 0.00025073 0.00434764]) 	 loss 5.116E-02 	 horizons 9.0
step 10800 	 return [0.         0.00372364 0.00677263 0.0030628  0.0061786 ], ([0.0000000e+00 0.0000000e+00 9.3132257e-10 2.3283064e-10 4.6566129e-10]) 	 loss 4.394E-02 	 horizons 9.0
step 10890 	 return [0.00015155 0.00017771 0.00372405 0.00137225 0.01304293], ([0.00045466 0.00053314 0.00101704 0.00014228 0.00434764]) 	 loss 2.477E-02 	 horizons 9.0
step 10980 	 return [0.00406003 0.00683299 0.00035682 0.00022452 0.        ], ([1.8200604e-05 4.0680898e-04 4.0854473e-05 1.6172389e-04 0.0000000e+00]) 	 loss 2.912E-02 	 horizons 9.0
step 11070 	 return [0.00342492 0.00518187 0.00256942 0.00216346 0.        ], ([4.6566129e-10 0.0000000e+00 2.3283064e-10 2.3283064e-10 0.0000000e+00]) 	 loss 2.608E-02 	 horizons 9.0
step 11160 	 return [0.00182986 0.00638072 0.00351789 0.00202513 0.        ], ([9.2419074e-04 8.5717684e-04 4.5939212e-04 8.7946435e-05 0.0000000e+00]) 	 loss 3.229E-02 	 horizons 9.0
step 11250 	 return [0.00368061 0.00466461 0.00076434 0.00118499 0.        ], ([0.000804   0.00034262 0.00051423 0.00020778 0.        ]) 	 loss 3.372E-02 	 horizons 9.0
step 11340 	 return [0.         0.         0.0060275  0.00465057 0.00579471], ([0.         0.         0.00055577 0.00046233 0.00143048]) 	 loss 5.138E-02 	 horizons 9.0
step 11430 	 return [0.         0.00321008 0.00637294 0.00320005 0.0048436 ], ([0.         0.00169128 0.00211543 0.00097451 0.00259905]) 	 loss 4.497E-02 	 horizons 9.0
step 11520 	 return [0.         0.00372364 0.00677263 0.0030628  0.0061786 ], ([0.0000000e+00 0.0000000e+00 9.3132257e-10 2.3283064e-10 4.6566129e-10]) 	 loss 3.541E-02 	 horizons 9.0
step 11610 	 return [0.0031896  0.00563993 0.00257365 0.0021689  0.        ], ([4.7063371e-04 9.1610401e-04 8.4649773e-06 1.0881106e-05 0.0000000e+00]) 	 loss 2.278E-02 	 horizons 9.0
step 11700 	 return [0.00224833 0.00747213 0.00259058 0.00219066 0.        ], ([2.3283064e-10 4.6566129e-10 0.0000000e+00 0.0000000e+00 0.0000000e+00]) 	 loss 2.225E-02 	 horizons 9.0
step 11790 	 return [0.         0.00372364 0.00677263 0.0030628  0.0061786 ], ([0.0000000e+00 0.0000000e+00 9.3132257e-10 2.3283064e-10 4.6566129e-10]) 	 loss 2.152E-02 	 horizons 9.0
step 11880 	 return [0.00506825 0.00406052 0.00033088 0.00016438 0.        ], ([2.1027125e-05 8.7926156e-07 8.4884228e-08 5.5975402e-08 0.0000000e+00]) 	 loss 2.214E-02 	 horizons 9.0
step 11970 	 return [0.         0.         0.0061852  0.00768153 0.00596812], ([0.000000e+00 0.000000e+00 4.656613e-10 0.000000e+00 0.000000e+00]) 	 loss 2.971E-02 	 horizons 9.0
step 12060 	 return [0.         0.00474894 0.00466312 0.00328235 0.00275608], ([0.         0.00298711 0.00255528 0.00186211 0.00249141]) 	 loss 1.902E-02 	 horizons 9.0
step 12150 	 return [0.00205308 0.0062251  0.00356587 0.00193321 0.        ], ([0.00069689 0.00078063 0.00054522 0.00014388 0.        ]) 	 loss 5.647E-02 	 horizons 9.0
step 12240 	 return [0.         0.         0.0061852  0.00768153 0.00596812], ([0.000000e+00 0.000000e+00 4.656613e-10 0.000000e+00 0.000000e+00]) 	 loss 2.462E-02 	 horizons 9.0
step 12330 	 return [0.00296555 0.00538905 0.00252425 0.00212472 0.        ], ([2.3283064e-10 0.0000000e+00 2.3283064e-10 2.3283064e-10 0.0000000e+00]) 	 loss 2.808E-02 	 horizons 9.0
step 12420 	 return [0.00342492 0.00518187 0.00256942 0.00216346 0.        ], ([4.6566129e-10 0.0000000e+00 2.3283064e-10 2.3283064e-10 0.0000000e+00]) 	 loss 2.156E-02 	 horizons 9.0
step 12510 	 return [0.00409973 0.00355189 0.00057792 0.00095499 0.        ], ([3.0236013e-04 1.2700834e-03 3.3126897e-05 1.5710416e-04 0.0000000e+00]) 	 loss 1.727E-02 	 horizons 9.0
step 12600 	 return [0.00335244 0.00534377 0.00257145 0.00216609 0.        ], ([2.1743703e-04 4.8569645e-04 6.1060769e-06 7.8841595e-06 0.0000000e+00]) 	 loss 2.216E-02 	 horizons 9.0
step 12690 	 return [0.00233602 0.00719369 0.00270605 0.00216954 0.        ], ([1.7546662e-04 6.4349256e-04 3.4668040e-04 6.3064137e-05 0.0000000e+00]) 	 loss 2.678E-02 	 horizons 9.0
step 12780 	 return [0.00432227 0.00465432 0.00049082 0.00076297 0.        ], ([1.6646965e-04 5.0646055e-04 3.4720259e-05 1.6067403e-04 0.0000000e+00]) 	 loss 2.649E-02 	 horizons 9.0
step 12870 	 return [0.00507525 0.00406081 0.00033091 0.0001644  0.        ], ([4.6566129e-10 4.6566129e-10 2.9103830e-11 1.4551915e-11 0.0000000e+00]) 	 loss 3.145E-02 	 horizons 9.0
step 12960 	 return [0.         0.         0.00610687 0.00508959 0.00774736], ([0.000000e+00 0.000000e+00 4.656613e-10 4.656613e-10 4.656613e-10]) 	 loss 2.697E-02 	 horizons 9.0
step 13050 	 return [0.00310336 0.0053269  0.0025378  0.00213634 0.        ], ([2.1051007e-04 9.4941228e-05 2.0698037e-05 1.7753642e-05 0.0000000e+00]) 	 loss 2.909E-02 	 horizons 9.0
step 13140 	 return [0.00260977 0.00693512 0.00258993 0.00218993 0.        ], ([1.8071764e-04 2.6850868e-04 3.2354160e-07 3.6889691e-07 0.0000000e+00]) 	 loss 2.380E-02 	 horizons 9.0
step 13230 	 return [0.00324117 0.00526475 0.00255135 0.00214796 0.        ], ([2.2504474e-04 1.0149646e-04 2.2127128e-05 1.8979441e-05 0.0000000e+00]) 	 loss 1.449E-02 	 horizons 9.0
step 13320 	 return [0.00342492 0.00518187 0.00256942 0.00216346 0.        ], ([4.6566129e-10 0.0000000e+00 2.3283064e-10 2.3283064e-10 0.0000000e+00]) 	 loss 1.573E-02 	 horizons 9.0
step 13410 	 return [0.00288596 0.00541229 0.00252436 0.00212484 0.        ], ([2.3876129e-04 6.9707537e-05 3.2263353e-07 3.5902491e-07 0.0000000e+00]) 	 loss 1.748E-02 	 horizons 9.0
step 13500 	 return [0.         0.         0.00411077 0.00130495 0.01425247], ([0.0000000e+00 0.0000000e+00 1.4311276e-04 5.9641046e-05 7.1901502e-04]) 	 loss 1.670E-02 	 horizons 9.0
step 13590 	 return [0.0029778  0.00577116 0.00255294 0.00215197 0.        ], ([2.5137325e-04 6.7863142e-04 2.9543167e-05 2.8735227e-05 0.0000000e+00]) 	 loss 1.595E-02 	 horizons 9.0
step 13680 	 return [0.00398943 0.00338955 0.0005882  0.00094287 0.        ], ([2.8759267e-04 1.1639850e-03 3.2050887e-06 1.0175293e-04 0.0000000e+00]) 	 loss 1.443E-02 	 horizons 9.0
step 13770 	 return [0.         0.         0.0061852  0.00768153 0.00596812], ([0.000000e+00 0.000000e+00 4.656613e-10 0.000000e+00 0.000000e+00]) 	 loss 2.350E-02 	 horizons 9.0
step 13860 	 return [0.         0.         0.00421409 0.00382353 0.01162316], ([0.000000e+00 0.000000e+00 4.656613e-10 0.000000e+00 9.313226e-10]) 	 loss 2.064E-02 	 horizons 9.0
step 13950 	 return [0.         0.         0.0061852  0.00768153 0.00596812], ([0.000000e+00 0.000000e+00 4.656613e-10 0.000000e+00 0.000000e+00]) 	 loss 1.725E-02 	 horizons 9.0
step 14040 	 return [0.         0.00387612 0.00679331 0.00329159 0.00541014], ([0.0000000e+00 2.3292017e-04 3.1586831e-05 3.4948890e-04 1.1738527e-03]) 	 loss 1.107E-02 	 horizons 9.0
step 14130 	 return [0.         0.00392695 0.0068002  0.00336786 0.00515398], ([0.0000000e+00 2.4900213e-04 3.3767741e-05 3.7361929e-04 1.2549013e-03]) 	 loss 1.360E-02 	 horizons 9.0
step 14220 	 return [0.         0.         0.00613873 0.00634755 0.00654549], ([0.000000e+00 0.000000e+00 4.656613e-10 4.656613e-10 4.656613e-10]) 	 loss 1.753E-02 	 horizons 9.0
step 14310 	 return [0.         0.         0.00410743 0.00197092 0.01359707], ([0.0000000e+00 0.0000000e+00 6.7816756e-05 1.0224775e-03 1.3701229e-03]) 	 loss 1.515E-02 	 horizons 9.0
step 14400 	 return [0.         0.         0.00536462 0.00443813 0.00784957], ([0.         0.         0.0008521  0.00054454 0.00267397]) 	 loss 1.207E-02 	 horizons 9.0
step 14490 	 return [0.00296555 0.00538905 0.00252425 0.00212472 0.        ], ([2.3283064e-10 0.0000000e+00 2.3283064e-10 2.3283064e-10 0.0000000e+00]) 	 loss 1.311E-02 	 horizons 9.0
step 14580 	 return [0.         0.         0.00613873 0.00634755 0.00654549], ([0.000000e+00 0.000000e+00 4.656613e-10 4.656613e-10 4.656613e-10]) 	 loss 1.948E-02 	 horizons 9.0
step 14670 	 return [0.         0.         0.00406306 0.00132483 0.01449214], ([0.0000000e+00 0.0000000e+00 4.6566129e-10 1.1641532e-10 0.0000000e+00]) 	 loss 1.309E-02 	 horizons 9.0
step 14760 	 return [0.         0.00423191 0.00684156 0.00382544 0.00361705], ([0.0000000e+00 4.6566129e-10 0.0000000e+00 2.3283064e-10 0.0000000e+00]) 	 loss 1.434E-02 	 horizons 9.0
step 14850 	 return [0.         0.00380872 0.00676261 0.00393096 0.00382864], ([0.         0.00126957 0.00023683 0.00031654 0.00063478]) 	 loss 1.107E-02 	 horizons 9.0
step 14940 	 return [0.         0.         0.00415847 0.00128507 0.0140128 ], ([0.000000e+00 0.000000e+00 1.908170e-04 7.952140e-05 9.586867e-04]) 	 loss 9.121E-03 	 horizons 9.0
step 15030 	 return [0.00108735 0.00362668 0.00560932 0.00185801 0.        ], ([0.00133172 0.00289165 0.00140416 0.00109222 0.        ]) 	 loss 1.283E-02 	 horizons 9.0
step 15120 	 return [0.         0.         0.00567597 0.0046491  0.00613784], ([0.         0.         0.00073094 0.00041278 0.00274266]) 	 loss 4.439E-02 	 horizons 9.0
step 15210 	 return [0.00054367 0.00135529 0.00641991 0.00261361 0.        ], ([0.00108735 0.00211407 0.00060048 0.00097068 0.        ]) 	 loss 3.231E-02 	 horizons 9.0
step 15300 	 return [0.00265495 0.00686799 0.00258985 0.00218983 0.        ], ([1.3553824e-04 2.0138151e-04 2.4265614e-07 2.7667275e-07 0.0000000e+00]) 	 loss 1.759E-02 	 horizons 9.0
step 15390 	 return [0.00210851 0.00715065 0.00275565 0.00207969 0.        ], ([0.00072255 0.0009445  0.00053236 0.0002098  0.        ]) 	 loss 1.211E-02 	 horizons 9.0
step 15480 	 return [0.00014113 0.00017206 0.00365676 0.00132968 0.01304293], ([4.2338800e-04 5.1618658e-04 1.2189185e-03 1.4548716e-05 4.3476429e-03]) 	 loss 5.498E-03 	 horizons 9.0
step 15570 	 return [0.00244653 0.00544614 0.00538716 0.0009154  0.        ], ([0.00081551 0.00041185 0.00050462 0.00072943 0.        ]) 	 loss 1.312E-02 	 horizons 9.0
step 15660 	 return [0.00067762 0.00666624 0.00680102 0.00067678 0.        ], ([1.0350830e-03 2.4615438e-04 1.0341787e-03 2.7810952e-06 0.0000000e+00]) 	 loss 3.110E-02 	 horizons 9.0
step 15750 	 return [0.         0.         0.00610687 0.00508959 0.00774736], ([0.000000e+00 0.000000e+00 4.656613e-10 4.656613e-10 4.656613e-10]) 	 loss 9.392E-02 	 horizons 9.0
step 15840 	 return [0.         0.00372364 0.00677263 0.0030628  0.0061786 ], ([0.0000000e+00 0.0000000e+00 9.3132257e-10 2.3283064e-10 4.6566129e-10]) 	 loss 2.487E-02 	 horizons 9.0
step 15930 	 return [0.00369071 0.0058883  0.00046583 0.00065592 0.        ], ([6.4484880e-04 4.5391472e-04 4.0876821e-05 1.6176845e-04 0.0000000e+00]) 	 loss 1.490E-02 	 horizons 9.0
step 16020 	 return [0.00243011 0.0069066  0.00265195 0.00214977 0.        ], ([0.00081004 0.00031722 0.00018654 0.00011992 0.        ]) 	 loss 8.949E-03 	 horizons 9.0
step 16110 	 return [0.         0.00037236 0.0058445  0.00443058 0.0058001 ], ([0.         0.00111709 0.00061591 0.00066523 0.00176431]) 	 loss 2.157E-02 	 horizons 9.0
step 16200 	 return [0.00223218 0.00605104 0.0037478  0.00198127 0.        ], ([0.0000000e+00 4.6566129e-10 4.6566129e-10 2.3283064e-10 0.0000000e+00]) 	 loss 8.994E-03 	 horizons 9.0
step 16290 	 return [0.         0.         0.00411077 0.00130495 0.01425247], ([0.0000000e+00 0.0000000e+00 1.4311277e-04 5.9641039e-05 7.1901502e-04]) 	 loss 1.312E-02 	 horizons 9.0
step 16380 	 return [0.         0.00372364 0.00677263 0.0030628  0.0061786 ], ([0.0000000e+00 0.0000000e+00 9.3132257e-10 2.3283064e-10 4.6566129e-10]) 	 loss 8.790E-03 	 horizons 9.0
step 16470 	 return [0.00223218 0.00605104 0.0037478  0.00198127 0.        ], ([0.0000000e+00 4.6566129e-10 4.6566129e-10 2.3283064e-10 0.0000000e+00]) 	 loss 1.021E-02 	 horizons 9.0
step 16560 	 return [0.         0.         0.00519541 0.00434237 0.00815907], ([0.         0.         0.00101731 0.00055208 0.00277645]) 	 loss 7.952E-03 	 horizons 9.0
step 16650 	 return [0.         0.         0.00411077 0.00130495 0.01425247], ([0.0000000e+00 0.0000000e+00 1.4311276e-04 5.9641046e-05 7.1901502e-04]) 	 loss 2.828E-02 	 horizons 9.0
step 16740 	 return [0.         0.         0.00610687 0.00508959 0.00774736], ([0.000000e+00 0.000000e+00 4.656613e-10 4.656613e-10 4.656613e-10]) 	 loss 1.582E-02 	 horizons 9.0
step 16830 	 return [0.00230598 0.00606158 0.00474343 0.00088614 0.        ], ([0.00079673 0.00085691 0.00103532 0.00044088 0.        ]) 	 loss 8.541E-03 	 horizons 9.0
step 16920 	 return [0.         0.00372364 0.00677263 0.0030628  0.0061786 ], ([0.0000000e+00 0.0000000e+00 9.3132257e-10 2.3283064e-10 4.6566129e-10]) 	 loss 8.495E-03 	 horizons 9.0
step 17010 	 return [0.         0.         0.0042683  0.00377966 0.01087861], ([0.         0.         0.00037996 0.00010901 0.00108302]) 	 loss 4.355E-03 	 horizons 9.0
step 17100 	 return [0.00342492 0.00518187 0.00256942 0.00216346 0.        ], ([4.6566129e-10 0.0000000e+00 2.3283064e-10 2.3283064e-10 0.0000000e+00]) 	 loss 2.230E-02 	 horizons 9.0
step 17190 	 return [0.00289798 0.00307564 0.00061143 0.00153778 0.        ], ([2.7386614e-04 1.2497222e-03 1.6672038e-05 1.0906572e-04 0.0000000e+00]) 	 loss 1.206E-02 	 horizons 9.0
step 17280 	 return [0.         0.         0.00412347 0.00232431 0.01334455], ([0.0000000e+00 0.0000000e+00 7.3990777e-05 1.2241080e-03 1.4055084e-03]) 	 loss 2.913E-02 	 horizons 9.0
step 17370 	 return [0.         0.         0.00592565 0.00478943 0.00772412], ([0.         0.         0.00042815 0.00060058 0.00071582]) 	 loss 1.478E-02 	 horizons 9.0
step 17460 	 return [0.00270013 0.00680086 0.00258977 0.00218974 0.        ], ([2.3283064e-10 0.0000000e+00 2.3283064e-10 2.3283064e-10 0.0000000e+00]) 	 loss 1.253E-02 	 horizons 9.0
step 17550 	 return [0.00342492 0.00518187 0.00256942 0.00216346 0.        ], ([4.6566129e-10 0.0000000e+00 2.3283064e-10 2.3283064e-10 0.0000000e+00]) 	 loss 1.120E-02 	 horizons 9.0
step 17640 	 return [0.00270013 0.00680086 0.00258977 0.00218974 0.        ], ([2.3283064e-10 0.0000000e+00 2.3283064e-10 2.3283064e-10 0.0000000e+00]) 	 loss 1.056E-02 	 horizons 9.0
step 17730 	 return [0.00446169 0.00583918 0.00034304 0.00017052 0.        ], ([1.3186465e-04 3.7647205e-04 5.2578979e-08 2.9153307e-08 0.0000000e+00]) 	 loss 1.095E-02 	 horizons 9.0
step 17820 	 return [0.         0.00508226 0.00585929 0.00336067 0.00289364], ([0.         0.00170071 0.00196454 0.00092955 0.00144682]) 	 loss 1.071E-02 	 horizons 9.0
step 17910 	 return [0.         0.         0.00440491 0.00374503 0.01066526], ([0.0000000e+00 0.0000000e+00 2.3370216e-04 9.6141295e-05 1.1731880e-03]) 	 loss 1.559E-02 	 horizons 9.0
step 18000 	 return [0.         0.         0.00407817 0.0015747  0.01420525], ([0.0000000e+00 0.0000000e+00 4.5309916e-05 7.4961002e-04 8.6069456e-04]) 	 loss 5.570E-03 	 horizons 9.0
step 18090 	 return [0.         0.         0.00406306 0.00132483 0.01449214], ([0.0000000e+00 0.0000000e+00 4.6566129e-10 1.1641532e-10 0.0000000e+00]) 	 loss 6.690E-03 	 horizons 9.0
step 18180 	 return [0.00223218 0.00605104 0.0037478  0.00198127 0.        ], ([0.0000000e+00 4.6566129e-10 4.6566129e-10 2.3283064e-10 0.0000000e+00]) 	 loss 6.115E-03 	 horizons 9.0
step 18270 	 return [0.00253043 0.00510959 0.0019327  0.0012914  0.        ], ([0.00040785 0.00106562 0.00076098 0.00040843 0.        ]) 	 loss 1.253E-02 	 horizons 9.0
step 18360 	 return [0.         0.00372364 0.00677263 0.0030628  0.0061786 ], ([0.0000000e+00 0.0000000e+00 9.3132257e-10 2.3283064e-10 4.6566129e-10]) 	 loss 5.390E-02 	 horizons 9.0
step 18450 	 return [0.00268674 0.00607991 0.00316793 0.00208505 0.        ], ([1.33828726e-05 7.20955490e-04 5.78159932e-04 1.04696024e-04
 0.00000000e+00]) 	 loss 1.378E-02 	 horizons 9.0
step 18540 	 return [0.00270013 0.00680086 0.00258977 0.00218974 0.        ], ([2.3283064e-10 0.0000000e+00 2.3283064e-10 2.3283064e-10 0.0000000e+00]) 	 loss 4.884E-03 	 horizons 9.0
step 18630 	 return [0.00284509 0.00647707 0.0025857  0.00218449 0.        ], ([2.8991609e-04 6.4759533e-04 8.1414364e-06 1.0512211e-05 0.0000000e+00]) 	 loss 6.652E-03 	 horizons 9.0
step 18720 	 return [0.003135   0.00582947 0.00257756 0.00217397 0.        ], ([3.5507319e-04 7.9313910e-04 9.9711815e-06 1.2874776e-05 0.0000000e+00]) 	 loss 5.786E-03 	 horizons 9.0
step 18810 	 return [0.00233334 0.0070495  0.00282168 0.0021486  0.        ], ([1.7001136e-04 8.4527297e-04 4.6220445e-04 8.4125713e-05 0.0000000e+00]) 	 loss 3.220E-03 	 horizons 9.0
step 18900 	 return [0.         0.         0.00419899 0.00357366 0.01191006], ([0.0000000e+00 0.0000000e+00 4.5309916e-05 7.4961002e-04 8.6069462e-04]) 	 loss 6.198E-03 	 horizons 9.0
step 18990 	 return [0.00269745 0.00665667 0.0027054  0.0021688  0.        ], ([8.0297232e-06 4.3257326e-04 3.4689595e-04 6.2817606e-05 0.0000000e+00]) 	 loss 8.427E-03 	 horizons 9.0
step 19080 	 return [0.00223218 0.00605104 0.0037478  0.00198127 0.        ], ([0.0000000e+00 4.6566129e-10 4.6566129e-10 2.3283064e-10 0.0000000e+00]) 	 loss 5.385E-03 	 horizons 9.0
step 19170 	 return [0.         0.         0.00610687 0.00508959 0.00774736], ([0.000000e+00 0.000000e+00 4.656613e-10 4.656613e-10 4.656613e-10]) 	 loss 9.240E-03 	 horizons 9.0
step 19260 	 return [0.         0.         0.0042618  0.0038039  0.01138368], ([0.0000000e+00 0.0000000e+00 1.4311273e-04 5.8874288e-05 7.1842805e-04]) 	 loss 6.956E-03 	 horizons 9.0
step 19350 	 return [0.         0.00355677 0.00676067 0.00311824 0.00617384], ([0.0000000e+00 5.0059735e-04 3.5870908e-05 1.6633321e-04 1.4274379e-05]) 	 loss 1.001E-02 	 horizons 9.0
step 19440 	 return [0.         0.         0.00421409 0.00382353 0.01162316], ([0.000000e+00 0.000000e+00 4.656613e-10 0.000000e+00 9.313226e-10]) 	 loss 5.908E-03 	 horizons 9.0
step 19530 	 return [0.         0.         0.00610687 0.00508959 0.00774736], ([0.000000e+00 0.000000e+00 4.656613e-10 4.656613e-10 4.656613e-10]) 	 loss 5.648E-03 	 horizons 9.0
step 19620 	 return [0.00223218 0.00605104 0.0037478  0.00198127 0.        ], ([0.0000000e+00 4.6566129e-10 4.6566129e-10 2.3283064e-10 0.0000000e+00]) 	 loss 2.571E-03 	 horizons 9.0
step 19710 	 return [0.0034168  0.00518098 0.0025693  0.00216333 0.        ], ([2.4344330e-05 2.6953410e-06 3.5860572e-07 4.0889714e-07 0.0000000e+00]) 	 loss 1.610E-03 	 horizons 9.0
step 19800 	 return [0.00298824 0.00541233 0.00250292 0.00207526 0.        ], ([6.8089546e-05 6.9821261e-05 6.4002532e-05 1.4838352e-04 0.0000000e+00]) 	 loss 1.635E-02 	 horizons 9.0
step 19890 	 return [0.         0.         0.00469114 0.00362728 0.0092284 ], ([0.000000e+00 0.000000e+00 4.656613e-10 4.656613e-10 0.000000e+00]) 	 loss 1.323E-02 	 horizons 9.0
step 19980 	 return [0.00368464 0.0057527  0.00047945 0.00070982 0.        ], ([6.4156560e-04 2.8026811e-04 1.3284152e-07 2.6591587e-07 0.0000000e+00]) 	 loss 1.223E-02 	 horizons 9.0
step 20070 	 return [0.00204485 0.00639043 0.0027945  0.00072268 0.        ], ([3.1823662e-04 4.0936141e-04 3.4310833e-05 4.2127653e-05 0.0000000e+00]) 	 loss 1.479E-02 	 horizons 9.0
step 20160 	 return [0.00342492 0.00518187 0.00256942 0.00216346 0.        ], ([4.6566129e-10 0.0000000e+00 2.3283064e-10 2.3283064e-10 0.0000000e+00]) 	 loss 7.961E-02 	 horizons 9.0
step 20250 	 return [0.         0.         0.0061852  0.00768153 0.00596812], ([0.000000e+00 0.000000e+00 4.656613e-10 0.000000e+00 0.000000e+00]) 	 loss 1.192E-01 	 horizons 9.0
step 20340 	 return [0.         0.00465709 0.00635042 0.00359306 0.00325534], ([0.         0.00127553 0.0014734  0.00069717 0.00108511]) 	 loss 7.988E-02 	 horizons 9.0
step 20430 	 return [0.         0.         0.00489498 0.00361187 0.0085895 ], ([0.0000000e+00 0.0000000e+00 4.0769394e-04 3.0814113e-05 1.2777984e-03]) 	 loss 5.483E-02 	 horizons 9.0
step 20520 	 return [0.00429973 0.00378561 0.00050121 0.00083769 0.        ], ([2.4672272e-04 1.1195597e-03 4.4018092e-05 2.5671875e-04 0.0000000e+00]) 	 loss 2.270E-02 	 horizons 9.0
step 20610 	 return [0.         0.         0.00411077 0.00130495 0.01425247], ([0.0000000e+00 0.0000000e+00 1.4311276e-04 5.9641043e-05 7.1901502e-04]) 	 loss 1.918E-02 	 horizons 9.0
step 20700 	 return [0.         0.         0.00613873 0.00634755 0.00654549], ([0.000000e+00 0.000000e+00 4.656613e-10 4.656613e-10 4.656613e-10]) 	 loss 1.338E-02 	 horizons 9.0
step 20790 	 return [0.00332212 0.00518539 0.00256548 0.00208804 0.        ], ([2.3012835e-04 1.9949863e-05 1.0629457e-05 2.2490181e-04 0.0000000e+00]) 	 loss 1.338E-02 	 horizons 9.0
step 20880 	 return [0.00442309 0.00434539 0.0004792  0.00070933 0.        ], ([4.656613e-10 4.656613e-10 0.000000e+00 5.820766e-11 0.000000e+00]) 	 loss 1.950E-02 	 horizons 9.0
step 20970 	 return [0.         0.         0.00421409 0.00382353 0.01162316], ([0.000000e+00 0.000000e+00 4.656613e-10 0.000000e+00 9.313226e-10]) 	 loss 1.603E-02 	 horizons 9.0
step 21060 	 return [0.00258512 0.00549737 0.00374643 0.00198053 0.        ], ([1.7647370e-04 2.7683601e-04 6.8265945e-07 3.6889696e-07 0.0000000e+00]) 	 loss 2.143E-02 	 horizons 9.0
step 21150 	 return [0.         0.00372364 0.00677263 0.0030628  0.0061786 ], ([0.0000000e+00 0.0000000e+00 9.3132257e-10 2.3283064e-10 4.6566129e-10]) 	 loss 2.111E-02 	 horizons 9.0
step 21240 	 return [0.00236959 0.00573866 0.00239721 0.00182903 0.        ], ([0.00028934 0.00011718 0.0001046  0.00024241 0.        ]) 	 loss 1.579E-02 	 horizons 9.0
step 21330 	 return [0.         0.         0.00435721 0.00376465 0.01090473], ([0.0000000e+00 0.0000000e+00 2.1860834e-04 8.9931942e-05 1.0974169e-03]) 	 loss 2.447E-02 	 horizons 9.0
step 21420 	 return [0.         0.         0.00401655 0.00135008 0.01447925], ([0.0000000e+00 0.0000000e+00 1.3954709e-04 7.5769400e-05 3.8694499e-05]) 	 loss 2.124E-02 	 horizons 9.0
step 21510 	 return [0.         0.         0.0061852  0.00768153 0.00596812], ([0.000000e+00 0.000000e+00 4.656613e-10 0.000000e+00 0.000000e+00]) 	 loss 1.965E-02 	 horizons 9.0
step 21600 	 return [0.         0.         0.00469114 0.00362728 0.0092284 ], ([0.000000e+00 0.000000e+00 4.656613e-10 4.656613e-10 0.000000e+00]) 	 loss 1.472E-02 	 horizons 9.0
step 21690 	 return [0.0022808  0.00600428 0.00389491 0.00185037 0.        ], ([0.00014586 0.00014028 0.00044135 0.00039271 0.        ]) 	 loss 2.041E-02 	 horizons 9.0
step 21780 	 return [0.00406609 0.0069686  0.0003432  0.00017061 0.        ], ([4.6566129e-10 9.3132257e-10 2.9103830e-11 1.4551915e-11 0.0000000e+00]) 	 loss 1.361E-02 	 horizons 9.0
step 21870 	 return [0.00334377 0.00517289 0.00256822 0.0021621  0.        ], ([2.3283064e-10 0.0000000e+00 2.3283064e-10 2.3283064e-10 0.0000000e+00]) 	 loss 2.545E-02 	 horizons 9.0
step 21960 	 return [0.         0.00042319 0.00620902 0.00609534 0.00625265], ([0.         0.00126957 0.00021085 0.00075663 0.00087853]) 	 loss 2.818E-02 	 horizons 9.0
step 22050 	 return [0.         0.         0.0061852  0.00768153 0.00596812], ([0.000000e+00 0.000000e+00 4.656613e-10 0.000000e+00 0.000000e+00]) 	 loss 4.280E-02 	 horizons 9.0
step 22140 	 return [0.00014113 0.00017206 0.00365676 0.00132968 0.01304293], ([4.23388003e-04 5.16186585e-04 1.21891836e-03 1.45487165e-05
 4.34764288e-03]) 	 loss 2.112E-02 	 horizons 9.0
step 22230 	 return [0.00334377 0.00517289 0.00256822 0.0021621  0.        ], ([2.3283064e-10 0.0000000e+00 2.3283064e-10 2.3283064e-10 0.0000000e+00]) 	 loss 2.095E-02 	 horizons 9.0
step 22320 	 return [0.0034168  0.00518098 0.0025693  0.00216333 0.        ], ([2.4344332e-05 2.6953412e-06 3.5860572e-07 4.0889714e-07 0.0000000e+00]) 	 loss 1.623E-02 	 horizons 9.0
step 22410 	 return [0.00186733 0.00423964 0.00230561 0.00148899 0.        ], ([2.3813545e-05 7.6241227e-04 1.6677461e-04 2.5075683e-04 0.0000000e+00]) 	 loss 2.093E-02 	 horizons 9.0
step 22500 	 return [0.         0.         0.0061852  0.00768153 0.00596812], ([0.000000e+00 0.000000e+00 4.656613e-10 0.000000e+00 0.000000e+00]) 	 loss 3.050E-02 	 horizons 9.0
step 22590 	 return [0.         0.00423191 0.00684156 0.00382544 0.00361705], ([0.0000000e+00 4.6566129e-10 0.0000000e+00 2.3283064e-10 0.0000000e+00]) 	 loss 2.772E-02 	 horizons 9.0
step 22680 	 return [0.00194138 0.00667893 0.00280817 0.0006808  0.        ], ([7.8300254e-06 4.5614465e-04 6.6939278e-06 1.6776827e-04 0.0000000e+00]) 	 loss 2.821E-02 	 horizons 9.0
step 22770 	 return [0.00200896 0.00629431 0.00356604 0.0019333  0.        ], ([0.00066965 0.00072979 0.00054528 0.00014391 0.        ]) 	 loss 2.728E-02 	 horizons 9.0
step 22860 	 return [0.         0.         0.00397003 0.00137534 0.01446635], ([0.0000000e+00 0.0000000e+00 1.8606280e-04 1.0102587e-04 5.1592662e-05]) 	 loss 3.616E-02 	 horizons 9.0
step 22950 	 return [0.         0.00372364 0.00677263 0.0030628  0.0061786 ], ([0.0000000e+00 0.0000000e+00 9.3132257e-10 2.3283064e-10 4.6566129e-10]) 	 loss 2.714E-02 	 horizons 9.0
step 23040 	 return [0.         0.00418108 0.00683466 0.00374918 0.0038732 ], ([0.0000000e+00 1.5248204e-04 2.0678435e-05 2.2879418e-04 7.6846691e-04]) 	 loss 3.767E-02 	 horizons 9.0
step 23130 	 return [0.00390331 0.00703737 0.00034323 0.00017063 0.        ], ([4.8836571e-04 2.0630866e-04 9.9622405e-08 6.2859911e-08 0.0000000e+00]) 	 loss 2.641E-02 	 horizons 9.0
step 23220 	 return [0.         0.         0.00435721 0.00376465 0.01090473], ([0.0000000e+00 0.0000000e+00 2.1860834e-04 8.9931942e-05 1.0974170e-03]) 	 loss 2.255E-02 	 horizons 9.0
step 23310 	 return [0.         0.00434119 0.00637215 0.00277494 0.00556074], ([0.         0.00185266 0.00120144 0.00086358 0.00185358]) 	 loss 2.159E-02 	 horizons 9.0
step 23400 	 return [0.00409721 0.00549596 0.00046573 0.00065574 0.        ], ([1.8450186e-04 3.8470628e-04 4.0901243e-05 1.6174112e-04 0.0000000e+00]) 	 loss 1.855E-02 	 horizons 9.0
step 23490 	 return [0.00185689 0.00406855 0.00566955 0.00140029 0.        ], ([0.00122305 0.0024769  0.00068778 0.00111204 0.        ]) 	 loss 1.575E-02 	 horizons 9.0
step 23580 	 return [0.         0.         0.00406306 0.00132483 0.01449214], ([0.0000000e+00 0.0000000e+00 4.6566129e-10 1.1641532e-10 0.0000000e+00]) 	 loss 2.569E-02 	 horizons 9.0
step 23670 	 return [0.         0.00423191 0.00684156 0.00382544 0.00361705], ([0.0000000e+00 4.6566129e-10 0.0000000e+00 2.3283064e-10 0.0000000e+00]) 	 loss 2.870E-02 	 horizons 9.0
step 23760 	 return [0.00112937 0.00368548 0.00598881 0.00188622 0.        ], ([0.00112937 0.00283007 0.00076922 0.00121368 0.        ]) 	 loss 2.371E-02 	 horizons 9.0
step 23850 	 return [0.         0.         0.00606722 0.00493566 0.00757601], ([0.         0.         0.00011895 0.0004618  0.00051404]) 	 loss 2.644E-02 	 horizons 9.0
step 23940 	 return [0.         0.00372364 0.00677263 0.0030628  0.0061786 ], ([0.0000000e+00 0.0000000e+00 9.3132257e-10 2.3283064e-10 4.6566129e-10]) 	 loss 2.803E-02 	 horizons 9.0
step 24030 	 return [0.         0.         0.00408399 0.00383392 0.01133144], ([0.0000000e+00 0.0000000e+00 4.0485337e-04 9.0819281e-05 7.0854364e-04]) 	 loss 3.464E-02 	 horizons 9.0
step 24120 	 return [0.00450564 0.00571369 0.00034302 0.00017051 0.        ], ([4.656613e-10 0.000000e+00 0.000000e+00 0.000000e+00 0.000000e+00]) 	 loss 2.097E-02 	 horizons 9.0
step 24210 	 return [0.         0.00372364 0.00677263 0.0030628  0.0061786 ], ([0.0000000e+00 0.0000000e+00 9.3132257e-10 2.3283064e-10 4.6566129e-10]) 	 loss 2.759E-02 	 horizons 9.0
step 24300 	 return [0.00179705 0.007424   0.00270761 0.00217129 0.        ], ([8.9853822e-04 4.9591035e-04 3.4674120e-04 6.3426414e-05 0.0000000e+00]) 	 loss 2.127E-02 	 horizons 9.0
step 24390 	 return [0.00446169 0.00583918 0.00034304 0.00017052 0.        ], ([1.3186465e-04 3.7647208e-04 5.2578979e-08 2.9153307e-08 0.0000000e+00]) 	 loss 2.825E-02 	 horizons 9.0
step 24480 	 return [0.00336412 0.0043572  0.00239517 0.00182703 0.        ], ([0.00036101 0.00012637 0.00010366 0.00024171 0.        ]) 	 loss 1.737E-02 	 horizons 9.0
step 24570 	 return [0.00506855 0.00406031 0.00033089 0.0001644  0.        ], ([2.1146374e-05 1.0146543e-06 9.4572272e-08 7.0707124e-08 0.0000000e+00]) 	 loss 9.892E-03 	 horizons 9.0
step 24660 	 return [0.00223379 0.00619315 0.00363208 0.00200221 0.        ], ([4.8467664e-06 4.2632778e-04 3.4716536e-04 6.2817606e-05 0.0000000e+00]) 	 loss 2.147E-02 	 horizons 9.0
step 24750 	 return [0.00223218 0.00605104 0.0037478  0.00198127 0.        ], ([0.0000000e+00 4.6566129e-10 4.6566129e-10 2.3283064e-10 0.0000000e+00]) 	 loss 1.194E-02 	 horizons 9.0
step 24840 	 return [0.00224833 0.00747213 0.00259058 0.00219066 0.        ], ([2.3283064e-10 4.6566129e-10 0.0000000e+00 0.0000000e+00 0.0000000e+00]) 	 loss 7.286E-03 	 horizons 9.0
step 24930 	 return [0.         0.         0.0061852  0.00768153 0.00596812], ([0.000000e+00 0.000000e+00 4.656613e-10 0.000000e+00 0.000000e+00]) 	 loss 6.963E-03 	 horizons 9.0
step 25020 	 return [0.00223218 0.00605104 0.0037478  0.00198127 0.        ], ([0.0000000e+00 4.6566129e-10 4.6566129e-10 2.3283064e-10 0.0000000e+00]) 	 loss 7.392E-03 	 horizons 9.0
step 25110 	 return [0.00228599 0.00683449 0.0030533  0.00210682 0.        ], ([0.00012933 0.00080362 0.00056671 0.00010269 0.        ]) 	 loss 3.937E-03 	 horizons 9.0
step 25200 	 return [0.00442309 0.00434539 0.0004792  0.00070933 0.        ], ([4.656613e-10 4.656613e-10 0.000000e+00 5.820766e-11 0.000000e+00]) 	 loss 1.473E-03 	 horizons 9.0
step 25290 	 return [0.00476942 0.00488637 0.00033688 0.0001674  0.        ], ([2.6489433e-04 8.2731998e-04 6.1445594e-06 3.1132906e-06 0.0000000e+00]) 	 loss 3.788E-03 	 horizons 9.0
step 25380 	 return [0.         0.         0.00469114 0.00362728 0.0092284 ], ([0.000000e+00 0.000000e+00 4.656613e-10 4.656613e-10 0.000000e+00]) 	 loss 4.987E-03 	 horizons 9.0
step 25470 	 return [0.         0.         0.0061852  0.00768153 0.00596812], ([0.000000e+00 0.000000e+00 4.656613e-10 0.000000e+00 0.000000e+00]) 	 loss 6.990E-03 	 horizons 9.0
step 25560 	 return [0.00319251 0.00562179 0.00231091 0.00163011 0.        ], ([0.0000000e+00 0.0000000e+00 2.3283064e-10 0.0000000e+00 0.0000000e+00]) 	 loss 4.227E-03 	 horizons 9.0
step 25650 	 return [0.00342492 0.00518187 0.00256942 0.00216346 0.        ], ([4.6566129e-10 0.0000000e+00 2.3283064e-10 2.3283064e-10 0.0000000e+00]) 	 loss 4.619E-03 	 horizons 9.0
step 25740 	 return [0.         0.         0.00613873 0.00634755 0.00654549], ([0.000000e+00 0.000000e+00 4.656613e-10 4.656613e-10 4.656613e-10]) 	 loss 9.790E-03 	 horizons 9.0
step 25830 	 return [0.00267604 0.00550314 0.00363046 0.00200129 0.        ], ([8.0297241e-06 4.3257323e-04 3.4689598e-04 6.2817606e-05 0.0000000e+00]) 	 loss 1.669E-03 	 horizons 9.0
step 25920 	 return [0.         0.00126957 0.00632728 0.00471035 0.00650826], ([0.         0.0019393  0.00033668 0.00057931 0.00189275]) 	 loss 3.660E-03 	 horizons 9.0
step 26010 	 return [0.00223218 0.00605104 0.0037478  0.00198127 0.        ], ([0.0000000e+00 4.6566129e-10 4.6566129e-10 2.3283064e-10 0.0000000e+00]) 	 loss 7.248E-03 	 horizons 9.0
step 26100 	 return [0.         0.         0.00469114 0.00362728 0.0092284 ], ([0.000000e+00 0.000000e+00 4.656613e-10 4.656613e-10 0.000000e+00]) 	 loss 4.149E-03 	 horizons 9.0
step 26190 	 return [0.         0.003528   0.00677811 0.00368672 0.0046274 ], ([0.0000000e+00 9.7573479e-04 8.4318621e-05 2.2786584e-04 1.2374874e-03]) 	 loss 6.965E-03 	 horizons 9.0
step 26280 	 return [0.00270013 0.00680086 0.00258977 0.00218974 0.        ], ([2.3283064e-10 0.0000000e+00 2.3283064e-10 2.3283064e-10 0.0000000e+00]) 	 loss 1.122E-02 	 horizons 9.0
step 26370 	 return [0.         0.         0.00406306 0.00132483 0.01449214], ([0.0000000e+00 0.0000000e+00 4.6566129e-10 1.1641532e-10 0.0000000e+00]) 	 loss 5.435E-03 	 horizons 9.0
step 26460 	 return [0.00223218 0.00605104 0.0037478  0.00198127 0.        ], ([0.0000000e+00 4.6566129e-10 4.6566129e-10 2.3283064e-10 0.0000000e+00]) 	 loss 6.359E-03 	 horizons 9.0
step 26550 	 return [0.00240865 0.00577421 0.00374711 0.0019809  0.        ], ([2.1613526e-04 3.3905348e-04 8.3608364e-07 4.5180457e-07 0.0000000e+00]) 	 loss 6.762E-03 	 horizons 9.0
step 26640 	 return [0.00450564 0.00571369 0.00034302 0.00017051 0.        ], ([4.656613e-10 0.000000e+00 0.000000e+00 0.000000e+00 0.000000e+00]) 	 loss 5.335E-03 	 horizons 9.0
step 26730 	 return [0.00027184 0.00082677 0.00657003 0.00285629 0.        ], ([0.00081551 0.00158555 0.00045036 0.00072801 0.        ]) 	 loss 4.650E-03 	 horizons 9.0
step 26820 	 return [0.         0.00068949 0.00673824 0.00309943 0.        ], ([0.0000000e+00 1.1737051e-03 5.4263608e-05 1.4226185e-06 0.0000000e+00]) 	 loss 8.482E-03 	 horizons 9.0
step 26910 	 return [0.00267871 0.00564733 0.00351483 0.00202223 0.        ], ([1.0706298e-05 5.7676435e-04 4.6252797e-04 8.3756815e-05 0.0000000e+00]) 	 loss 4.351E-03 	 horizons 9.0
step 27000 	 return [0.00224833 0.00747213 0.00259058 0.00219066 0.        ], ([2.3283064e-10 4.6566129e-10 0.0000000e+00 0.0000000e+00 0.0000000e+00]) 	 loss 5.403E-03 	 horizons 9.0
step 27090 	 return [0.00223218 0.00605104 0.0037478  0.00198127 0.        ], ([0.0000000e+00 4.6566129e-10 4.6566129e-10 2.3283064e-10 0.0000000e+00]) 	 loss 5.542E-03 	 horizons 9.0
step 27180 	 return [0.00234198 0.00302617 0.00063091 0.00169111 0.        ], ([3.9234047e-04 9.6239283e-04 2.6491650e-06 4.3665608e-05 0.0000000e+00]) 	 loss 3.610E-03 	 horizons 9.0
step 27270 	 return [0.00340057 0.00517918 0.00256906 0.00216305 0.        ], ([3.7186579e-05 4.1172007e-06 5.4777934e-07 6.2460077e-07 0.0000000e+00]) 	 loss 2.058E-02 	 horizons 9.0
step 27360 	 return [0.00406609 0.0069686  0.0003432  0.00017061 0.        ], ([4.6566129e-10 9.3132257e-10 2.9103830e-11 1.4551915e-11 0.0000000e+00]) 	 loss 1.056E-02 	 horizons 9.0
step 27450 	 return [0.00335244 0.00534377 0.00257145 0.00216609 0.        ], ([2.1743705e-04 4.8569648e-04 6.1060769e-06 7.8841585e-06 0.0000000e+00]) 	 loss 1.283E-02 	 horizons 9.0
step 27540 	 return [0.00208513 0.0036562  0.00063265 0.00171969 0.        ], ([2.3283064e-10 4.6566129e-10 5.8207661e-11 0.0000000e+00 0.0000000e+00]) 	 loss 1.128E-02 	 horizons 9.0
step 27630 	 return [0.00270013 0.00680086 0.00258977 0.00218974 0.        ], ([2.3283064e-10 0.0000000e+00 2.3283064e-10 2.3283064e-10 0.0000000e+00]) 	 loss 6.862E-03 	 horizons 9.0
step 27720 	 return [0.         0.         0.00610687 0.00508959 0.00774736], ([0.000000e+00 0.000000e+00 4.656613e-10 4.656613e-10 4.656613e-10]) 	 loss 8.529E-03 	 horizons 9.0
step 27810 	 return [0.00242792 0.00598714 0.00276085 0.00068062 0.        ], ([6.248471e-04 6.612485e-04 5.525059e-05 6.870952e-05 0.000000e+00]) 	 loss 1.186E-02 	 horizons 9.0
step 27900 	 return [0.00442309 0.00434539 0.0004792  0.00070933 0.        ], ([4.656613e-10 4.656613e-10 0.000000e+00 5.820766e-11 0.000000e+00]) 	 loss 4.081E-02 	 horizons 9.0
step 27990 	 return [0.0022808  0.00600428 0.00389491 0.00185037 0.        ], ([0.00014586 0.00014028 0.00044135 0.00039271 0.        ]) 	 loss 1.245E-02 	 horizons 9.0
step 28080 	 return [0.         0.         0.00406306 0.00132483 0.01449214], ([0.0000000e+00 0.0000000e+00 4.6566129e-10 1.1641532e-10 0.0000000e+00]) 	 loss 1.170E-02 	 horizons 9.0
step 28170 	 return [0.         0.         0.00479306 0.00361958 0.00890895], ([0.0000000e+00 0.0000000e+00 3.0577043e-04 2.3110584e-05 9.5834880e-04]) 	 loss 1.594E-02 	 horizons 9.0
step 28260 	 return [0.         0.         0.00406306 0.00132483 0.01449214], ([0.0000000e+00 0.0000000e+00 4.6566129e-10 1.1641532e-10 0.0000000e+00]) 	 loss 1.453E-02 	 horizons 9.0
step 28350 	 return [0.00223218 0.00605104 0.0037478  0.00198127 0.        ], ([0.0000000e+00 4.6566129e-10 4.6566129e-10 2.3283064e-10 0.0000000e+00]) 	 loss 1.602E-02 	 horizons 9.0
step 28440 	 return [0.         0.         0.00406306 0.00132483 0.01449214], ([0.0000000e+00 0.0000000e+00 4.6566129e-10 1.1641532e-10 0.0000000e+00]) 	 loss 1.494E-02 	 horizons 9.0
step 28530 	 return [0.00224672 0.00733003 0.0027063  0.00216973 0.        ], ([4.8467655e-06 4.2632775e-04 3.4716533e-04 6.2817613e-05 0.0000000e+00]) 	 loss 9.220E-03 	 horizons 9.0
step 28620 	 return [0.         0.00372364 0.00677263 0.0030628  0.0061786 ], ([0.0000000e+00 0.0000000e+00 9.3132257e-10 2.3283064e-10 4.6566129e-10]) 	 loss 1.267E-02 	 horizons 9.0
step 28710 	 return [0.00384503 0.00568263 0.00047941 0.00070976 0.        ], ([4.8117418e-04 2.1020109e-04 9.9631137e-08 1.9943693e-07 0.0000000e+00]) 	 loss 9.088E-03 	 horizons 9.0
step 28800 	 return [0.         0.         0.00613873 0.00634755 0.00654549], ([0.000000e+00 0.000000e+00 4.656613e-10 4.656613e-10 4.656613e-10]) 	 loss 1.590E-02 	 horizons 9.0
step 28890 	 return [0.         0.         0.00469114 0.00362728 0.0092284 ], ([0.000000e+00 0.000000e+00 4.656613e-10 4.656613e-10 0.000000e+00]) 	 loss 8.172E-03 	 horizons 9.0
step 28980 	 return [0.         0.         0.00406306 0.00132483 0.01449214], ([0.0000000e+00 0.0000000e+00 4.6566129e-10 1.1641532e-10 0.0000000e+00]) 	 loss 1.203E-02 	 horizons 9.0
step 29070 	 return [0.00334377 0.00517289 0.00256822 0.0021621  0.        ], ([2.3283064e-10 0.0000000e+00 2.3283064e-10 2.3283064e-10 0.0000000e+00]) 	 loss 6.919E-03 	 horizons 9.0
step 29160 	 return [0.00432982 0.00621565 0.00034309 0.00017055 0.        ], ([2.1533410e-04 6.1477628e-04 8.5861117e-08 4.7607152e-08 0.0000000e+00]) 	 loss 1.842E-02 	 horizons 9.0
step 29250 	 return [0.00355005 0.00441332 0.0023532  0.00172859 0.        ], ([1.19202035e-04 9.25600543e-05 8.53367092e-05 1.97844682e-04
 0.00000000e+00]) 	 loss 2.137E-02 	 horizons 9.0
step 29340 	 return [0.00270013 0.00680086 0.00258977 0.00218974 0.        ], ([2.3283064e-10 0.0000000e+00 2.3283064e-10 2.3283064e-10 0.0000000e+00]) 	 loss 1.850E-02 	 horizons 9.0
step 29430 	 return [0.         0.         0.0061852  0.00768153 0.00596812], ([0.000000e+00 0.000000e+00 4.656613e-10 0.000000e+00 0.000000e+00]) 	 loss 1.803E-02 	 horizons 9.0
step 29520 	 return [0.00223218 0.00605104 0.0037478  0.00198127 0.        ], ([0.0000000e+00 4.6566129e-10 4.6566129e-10 2.3283064e-10 0.0000000e+00]) 	 loss 1.314E-02 	 horizons 9.0
step 29610 	 return [0.00364793 0.00522313 0.00269816 0.00059699 0.        ], ([4.6566129e-10 0.0000000e+00 2.3283064e-10 5.8207661e-11 0.0000000e+00]) 	 loss 3.986E-03 	 horizons 9.0
step 29700 	 return [0.         0.         0.00610687 0.00508959 0.00774736], ([0.000000e+00 0.000000e+00 4.656613e-10 4.656613e-10 4.656613e-10]) 	 loss 5.056E-03 	 horizons 9.0
step 29790 	 return [0.00263086 0.00557027 0.00363054 0.00200138 0.        ], ([1.2750849e-04 6.3395477e-04 3.4665334e-04 6.3094289e-05 0.0000000e+00]) 	 loss 3.370E-03 	 horizons 9.0
step 29880 	 return [0.00233334 0.0070495  0.00282168 0.0021486  0.        ], ([1.7001136e-04 8.4527297e-04 4.6220445e-04 8.4125713e-05 0.0000000e+00]) 	 loss 3.083E-03 	 horizons 9.0
step 29970 	 return [0.00225637 0.00323618 0.00063149 0.00170064 0.        ], ([3.4246288e-04 8.4004540e-04 2.3123807e-06 3.8114467e-05 0.0000000e+00]) 	 loss 1.074E-02 	 horizons 9.0
step 30060 	 return [0.         0.00423191 0.00684156 0.00382544 0.00361705], ([0.0000000e+00 4.6566129e-10 0.0000000e+00 2.3283064e-10 0.0000000e+00]) 	 loss 9.225E-03 	 horizons 9.0
[1;34mwandb[0m: 
[1;34mwandb[0m: 🚀 View run [33mmotndp_amsterdam-v0__GCN-amsterdam-g5-spatial__1024__1781505095[0m at: [34mhttps://wandb.ai/jingyuan-sun03-tu-delft/cl_ablation/runs/8a8sbr8e[0m
[1;34mwandb[0m: Find logs at: [1;35mwandb/run-20260615_083135-8a8sbr8e/logs[0m
