/home/SinJ/mo-transport-network-design/.venv/lib/python3.13/site-packages/pygame/pkgdata.py:25: UserWarning: pkg_resources is deprecated as an API. See https://setuptools.pypa.io/en/latest/pkg_resources.html. The pkg_resources package is slated for removal as early as 2025-11-30. Refrain from using this package or pin to Setuptools<81.
  from pkg_resources import resource_stream, resource_exists
wandb: [wandb.login()] Loaded credentials for https://api.wandb.ai from /home/SinJ/.netrc.
wandb: Currently logged in as: jingyuan-sun03 (jingyuan-sun03-tu-delft) to https://api.wandb.ai. Use `wandb login --relogin` to force relogin
wandb: setting up run crfh6ax7
wandb: Tracking run with wandb version 0.27.2
wandb: Run data is saved locally in /home/SinJ/mo-transport-network-design/wandb/run-20260615_092931-crfh6ax7
wandb: Run `wandb offline` to turn off syncing.
wandb: Syncing run motndp_amsterdam-v0__GCN-amsterdam-g7-temporal__789__1781508571
wandb: ⭐️ View project at https://wandb.ai/jingyuan-sun03-tu-delft/cl_ablation
wandb: 🚀 View run at https://wandb.ai/jingyuan-sun03-tu-delft/cl_ablation/runs/crfh6ax7
/home/SinJ/mo-transport-network-design/morl-baselines/morl_baselines/multi_policy/gcn/gcn.py:151: UserWarning: Creating a tensor from a list of numpy.ndarrays is extremely slow. Please consider converting the list to a single numpy.ndarray with numpy.array() before converting to a tensor. (Triggered internally at /pytorch/torch/csrc/utils/tensor_new.cpp:253.)
  th.tensor(obs).to(self.device),
Namespace(env='amsterdam', nr_groups=7, starting_loc_x=9, starting_loc_y=19, nr_stations=10, lr=0.01, batch_size=256, num_er_episodes=100, num_step_episodes=10, num_model_updates=10, num_policies=10, max_buffer_size=200, nr_layers=1, hidden_dim=128, timesteps=30000, no_log=False, seed=789, cd_threshold=0.2, distance_ref='interpolate2', gcn_lambda=0.0, lambda_schedule='cosine', lambda_start=1.0, lambda_end=0.0, lambda_warmup_fraction=0.1, lambda_freeze_fraction=0.1, spatial_alpha=0.0, include_demand_context=False, criterion='lorenz', nash_mode='pareto_sized', nash_top_k=None, nash_shift=0.0, project_name='cl_ablation', experiment_name='GCN-amsterdam-g7-temporal', wandb_entity=None)
step 990 	 return [0.00046669 0.00121936 0.00348489 0.00140294 0.0015368  0.00276889
 0.00027916], ([0.00100099 0.00114056 0.00322702 0.00194664 0.00151144 0.00420307
 0.00083747]) 	 loss 2.023E+00 	 horizons 9.0
step 1080 	 return [0.00015302 0.00111054 0.00165367 0.00053585 0.00079902 0.00132206
 0.00050206], ([0.00045906 0.00109466 0.00158399 0.000605   0.00108926 0.00208033
 0.00150617]) 	 loss 1.864E+00 	 horizons 9.0
step 1170 	 return [0.         0.00015813 0.00428115 0.00237966 0.00210784 0.00237368
 0.00105481], ([0.         0.00047438 0.00351552 0.00296261 0.00153949 0.00308085
 0.00241935]) 	 loss 1.373E+00 	 horizons 9.0
step 1260 	 return [0.         0.00072755 0.00327396 0.00027785 0.00108047 0.00125385
 0.00016888], ([0.         0.00070786 0.00352468 0.00034978 0.00101502 0.00214927
 0.00050663]) 	 loss 1.199E+00 	 horizons 9.0
step 1350 	 return [0.00064926 0.00030448 0.00291596 0.00235987 0.00289331 0.00206728
 0.0018867 ], ([0.00148797 0.00063359 0.00253829 0.00250824 0.00190237 0.00256906
 0.00382958]) 	 loss 1.127E+00 	 horizons 9.0
step 1440 	 return [0.         0.00036971 0.00493633 0.00432703 0.00228553 0.00122524
 0.00245624], ([0.         0.00077721 0.00297874 0.00388175 0.00158295 0.00207359
 0.00392533]) 	 loss 1.032E+00 	 horizons 9.0
step 1530 	 return [0.0000000e+00 4.6293560e-04 5.4821358e-03 7.1093715e-03 2.5157616e-03
 7.3949959e-05 1.5645630e-03], ([0.         0.00070715 0.00206942 0.00341196 0.00218793 0.00022185
 0.00320421]) 	 loss 1.036E+00 	 horizons 9.0
step 1620 	 return [0.         0.         0.00493872 0.01079062 0.00362982 0.00059909
 0.00156158], ([0.         0.         0.00192456 0.00441316 0.00183386 0.00179726
 0.00315819]) 	 loss 1.000E+00 	 horizons 9.0
step 1710 	 return [0.00087015 0.00149569 0.0038416  0.00023087 0.00080471 0.00097573
 0.        ], ([0.00199306 0.00141531 0.00210398 0.00038535 0.00039731 0.00106457
 0.        ]) 	 loss 9.280E-01 	 horizons 9.0
step 1800 	 return [0.         0.00015499 0.00543948 0.01020673 0.00194305 0.00066688
 0.00196632], ([0.         0.00046497 0.00223136 0.00488156 0.0014648  0.00200065
 0.00394653]) 	 loss 9.123E-01 	 horizons 9.0
step 1890 	 return [0.         0.         0.00220467 0.0037111  0.00392091 0.0030865
 0.00548321], ([0.         0.         0.00215571 0.00497926 0.00156226 0.00246086
 0.00413195]) 	 loss 9.013E-01 	 horizons 9.0
step 1980 	 return [0.         0.         0.00147307 0.00136145 0.00345442 0.00491429
 0.0058808 ], ([0.         0.         0.00076587 0.00143733 0.00169756 0.00155003
 0.00252604]) 	 loss 8.811E-01 	 horizons 9.0
step 2070 	 return [0.         0.         0.00162529 0.00195414 0.00295416 0.0049177
 0.00643484], ([0.         0.         0.00192547 0.00428991 0.00089146 0.00246329
 0.00364791]) 	 loss 8.610E-01 	 horizons 9.0
step 2160 	 return [0.         0.         0.00223526 0.0058915  0.00351041 0.00306894
 0.00635572], ([0.         0.         0.00158678 0.0047608  0.00209207 0.00254687
 0.00466769]) 	 loss 8.439E-01 	 horizons 9.0
step 2250 	 return [0.         0.         0.00242533 0.00543024 0.00513333 0.00253508
 0.0071983 ], ([0.         0.         0.00098856 0.00417327 0.00211638 0.00341308
 0.00376031]) 	 loss 8.130E-01 	 horizons 9.0
step 2340 	 return [0.         0.00089156 0.00133006 0.00040862 0.00058245 0.00128905
 0.00057765], ([0.         0.00098967 0.00175652 0.00046157 0.00074282 0.0023305
 0.00173296]) 	 loss 7.752E-01 	 horizons 9.0
step 2430 	 return [0.         0.         0.00115472 0.00152741 0.00276534 0.00680339
 0.00545226], ([0.         0.         0.00058033 0.00140497 0.00056427 0.00210388
 0.00227498]) 	 loss 7.636E-01 	 horizons 9.0
step 2520 	 return [0.         0.00064093 0.00641316 0.00261726 0.00197157 0.00230174
 0.00194673], ([0.         0.00091262 0.00371356 0.00234556 0.00129277 0.00293023
 0.00304249]) 	 loss 7.401E-01 	 horizons 9.0
step 2610 	 return [0.         0.         0.00137209 0.0027768  0.00460097 0.00259246
 0.00908506], ([0.         0.         0.00040733 0.0006977  0.0018428  0.00189333
 0.00192679]) 	 loss 7.160E-01 	 horizons 9.0
step 2700 	 return [0.         0.00057469 0.00295535 0.00029518 0.00198684 0.00381089
 0.00229863], ([0.         0.00096651 0.00246117 0.00045091 0.00117762 0.00335906
 0.00325025]) 	 loss 7.353E-01 	 horizons 9.0
step 2790 	 return [0.         0.         0.00228692 0.00575574 0.00465433 0.00215218
 0.00728514], ([0.         0.         0.001185   0.00498187 0.00203183 0.00293994
 0.00414646]) 	 loss 7.621E-01 	 horizons 9.0
step 2880 	 return [0.         0.         0.00190769 0.00634441 0.00637    0.0036794
 0.00604115], ([0.         0.         0.0009287  0.00491947 0.0011938  0.00301021
 0.00345972]) 	 loss 6.891E-01 	 horizons 9.0
step 2970 	 return [0.         0.         0.00144031 0.00281133 0.00448558 0.00125639
 0.01042574], ([0.         0.         0.00057389 0.00168179 0.00195989 0.00176993
 0.00140233]) 	 loss 6.582E-01 	 horizons 9.0
step 3060 	 return [0.         0.         0.00185363 0.00264165 0.00531076 0.00280115
 0.00791018], ([0.         0.         0.00072042 0.00062329 0.00194803 0.00269037
 0.00182479]) 	 loss 5.981E-01 	 horizons 9.0
step 3150 	 return [0.00034575 0.00211889 0.0077127  0.00062675 0.00113702 0.00133701
 0.        ], ([0.00069157 0.00102477 0.00255803 0.00128034 0.00060763 0.00116179
 0.        ]) 	 loss 5.654E-01 	 horizons 9.0
step 3240 	 return [0.         0.         0.00145252 0.00212848 0.00217663 0.00439313
 0.00884269], ([0.         0.         0.00055492 0.00117446 0.00118024 0.00296953
 0.00189275]) 	 loss 5.954E-01 	 horizons 9.0
step 3330 	 return [0.         0.         0.00407828 0.01235027 0.00518831 0.00194369
 0.00107649], ([0.         0.         0.00177571 0.00407589 0.00148829 0.0029827
 0.00216886]) 	 loss 5.753E-01 	 horizons 9.0
step 3420 	 return [0.         0.         0.00301304 0.01221413 0.00563566 0.00393118
 0.00291458], ([0.         0.         0.00112223 0.0037104  0.00185626 0.00322068
 0.0029212 ]) 	 loss 5.487E-01 	 horizons 9.0
step 3510 	 return [0.         0.         0.00255704 0.01265821 0.00613083 0.00482662
 0.00179044], ([0.         0.         0.00091528 0.00326545 0.00126376 0.00317444
 0.00273494]) 	 loss 4.969E-01 	 horizons 9.0
step 3600 	 return [0.         0.         0.00217982 0.00468266 0.00415408 0.00440347
 0.00673188], ([0.         0.         0.00100716 0.0039216  0.00238127 0.00251557
 0.00303445]) 	 loss 4.744E-01 	 horizons 9.0
step 3690 	 return [0.00036376 0.00077761 0.00263234 0.00047095 0.00245944 0.00548514
 0.00064509], ([0.00109128 0.00131414 0.00273347 0.00084671 0.00144352 0.00361028
 0.00145522]) 	 loss 4.522E-01 	 horizons 9.0
step 3780 	 return [0.         0.         0.00220173 0.00290635 0.00332004 0.00515018
 0.00752716], ([0.         0.         0.00077762 0.00051307 0.00188012 0.00313727
 0.00139145]) 	 loss 4.334E-01 	 horizons 9.0
step 3870 	 return [0.         0.         0.00732538 0.01309314 0.0037198  0.
 0.        ], ([0.         0.         0.00156103 0.0026814  0.00062516 0.
 0.        ]) 	 loss 4.355E-01 	 horizons 9.0
step 3960 	 return [0.         0.         0.00177725 0.00363799 0.00474282 0.00309141
 0.00932627], ([0.         0.         0.00061744 0.00156594 0.00211629 0.00276443
 0.00183516]) 	 loss 4.363E-01 	 horizons 9.0
step 4050 	 return [0.00103249 0.00094265 0.00115369 0.00072358 0.00085033 0.00198429
 0.        ], ([0.00173435 0.00097285 0.00095898 0.00042797 0.001135   0.00198011
 0.        ]) 	 loss 4.408E-01 	 horizons 9.0
step 4140 	 return [0.         0.00015243 0.00737394 0.01263239 0.00366708 0.
 0.        ], ([0.         0.0004573  0.00178245 0.00250177 0.00061196 0.
 0.        ]) 	 loss 4.374E-01 	 horizons 9.0
step 4230 	 return [0.         0.         0.00190482 0.00309425 0.00258694 0.00809742
 0.00703628], ([0.         0.         0.00065501 0.00029733 0.00156197 0.00201359
 0.00199537]) 	 loss 3.876E-01 	 horizons 9.0
step 4320 	 return [0.0000000e+00 1.1132431e-03 7.8969765e-03 9.7305383e-05 1.2700536e-03
 2.0592832e-03 0.0000000e+00], ([0.         0.00102978 0.00140046 0.00029192 0.0003489  0.00107514
 0.        ]) 	 loss 4.230E-01 	 horizons 9.0
step 4410 	 return [0.         0.         0.00140489 0.00200483 0.00154153 0.00588556
 0.01105236], ([0.         0.         0.00061711 0.00135073 0.00087414 0.00206235
 0.00215724]) 	 loss 3.839E-01 	 horizons 9.0
step 4500 	 return [0.         0.         0.00174975 0.0027746  0.00425403 0.00249219
 0.01014214], ([0.         0.         0.00079791 0.00057762 0.00205081 0.00266993
 0.00219292]) 	 loss 4.096E-01 	 horizons 9.0
step 4590 	 return [0.         0.         0.00209468 0.00582444 0.00477529 0.00481875
 0.00658938], ([0.         0.         0.0004095  0.00368781 0.00154927 0.0024116
 0.00137351]) 	 loss 3.787E-01 	 horizons 9.0
step 4680 	 return [0.         0.00080035 0.00186795 0.00037758 0.00267754 0.00571556
 0.00118957], ([0.         0.00115354 0.00183625 0.00046321 0.00143884 0.00353769
 0.00223845]) 	 loss 4.009E-01 	 horizons 9.0
step 4770 	 return [0.         0.         0.00206686 0.00286267 0.00402239 0.0018372
 0.00993022], ([0.         0.         0.00105625 0.00048526 0.00147849 0.00212816
 0.00162394]) 	 loss 4.046E-01 	 horizons 9.0
step 4860 	 return [0.00018944 0.00214316 0.00449161 0.00059257 0.0017771  0.00286263
 0.00100192], ([0.00056832 0.00155978 0.00238385 0.00048406 0.001177   0.00347907
 0.00224446]) 	 loss 4.139E-01 	 horizons 9.0
step 4950 	 return [0.         0.         0.0039314  0.01546911 0.0046726  0.0014528
 0.        ], ([0.         0.         0.00136635 0.00089552 0.00084223 0.0029056
 0.        ]) 	 loss 4.070E-01 	 horizons 9.0
step 5040 	 return [0.         0.         0.00210684 0.01173763 0.00655613 0.00600593
 0.00245662], ([0.0000000e+00 0.0000000e+00 6.1252031e-06 3.8137659e-03 1.1702838e-03
 2.0726835e-03 2.5776266e-03]) 	 loss 3.774E-01 	 horizons 9.0
step 5130 	 return [0.0000000e+00 1.4282602e-03 4.7685266e-03 9.7054915e-05 1.8660590e-03
 3.7801967e-03 1.2555404e-03], ([0.         0.00133006 0.00264289 0.00029116 0.00147511 0.002476
 0.00229758]) 	 loss 3.660E-01 	 horizons 9.0
step 5220 	 return [0.         0.00112689 0.00569649 0.00019652 0.00135949 0.00248313
 0.00052652], ([0.         0.00149287 0.00198364 0.00039313 0.00134225 0.00241438
 0.00112776]) 	 loss 3.630E-01 	 horizons 9.0
step 5310 	 return [0.         0.         0.00164329 0.00296663 0.00490001 0.00356703
 0.00880163], ([0.         0.         0.00058669 0.00046449 0.00124719 0.00175981
 0.00104347]) 	 loss 4.024E-01 	 horizons 9.0
step 5400 	 return [0.0031436  0.00254485 0.00551908 0.00020631 0.00080172 0.00061621
 0.        ], ([0.00167695 0.0011054  0.00107432 0.00041264 0.00042642 0.00094207
 0.        ]) 	 loss 3.936E-01 	 horizons 9.0
step 5490 	 return [0.         0.00116038 0.00903339 0.00693499 0.00251659 0.
 0.        ], ([0.         0.00058797 0.00168247 0.0020291  0.00062438 0.
 0.        ]) 	 loss 3.801E-01 	 horizons 9.0
step 5580 	 return [0.         0.00076461 0.0108529  0.00534674 0.00270278 0.00024027
 0.        ], ([0.         0.00076461 0.0012107  0.00136464 0.00043111 0.00072081
 0.        ]) 	 loss 3.557E-01 	 horizons 9.0
step 5670 	 return [0.         0.         0.00203589 0.00271521 0.00192737 0.0054692
 0.01007806], ([0.         0.         0.00078535 0.00137571 0.00153197 0.00158416
 0.00157658]) 	 loss 3.399E-01 	 horizons 9.0
step 5760 	 return [0.         0.         0.00203227 0.00277289 0.00198146 0.00257742
 0.01157455], ([0.         0.         0.00078706 0.00108417 0.00175767 0.00252332
 0.00093571]) 	 loss 3.190E-01 	 horizons 9.0
step 5850 	 return [0.         0.00061096 0.01001186 0.00622268 0.00285176 0.
 0.        ], ([0.         0.00074827 0.00025514 0.00138594 0.00026034 0.
 0.        ]) 	 loss 3.232E-01 	 horizons 9.0
step 5940 	 return [0.00016207 0.00335712 0.00611591 0.00051151 0.00120964 0.00197692
 0.        ], ([0.0004862  0.00077264 0.00128033 0.000512   0.00026176 0.00070756
 0.        ]) 	 loss 3.401E-01 	 horizons 9.0
step 6030 	 return [0.         0.         0.00155011 0.00259163 0.00505854 0.00138532
 0.01015802], ([0.         0.         0.00067114 0.00052242 0.00128993 0.0023507
 0.00216761]) 	 loss 3.447E-01 	 horizons 9.0
step 6120 	 return [0.00145857 0.00210495 0.00845225 0.00021556 0.00104819 0.00086741
 0.        ], ([0.00143832 0.00088985 0.00117237 0.00043117 0.00059556 0.00106254
 0.        ]) 	 loss 3.070E-01 	 horizons 9.0
step 6210 	 return [0.00016217 0.00182847 0.00922895 0.005409   0.00263582 0.
 0.        ], ([0.0004865  0.0010308  0.00228207 0.00130645 0.00040932 0.
 0.        ]) 	 loss 3.097E-01 	 horizons 9.0
step 6300 	 return [0.         0.         0.00244184 0.00408478 0.00326324 0.0032132
 0.00957621], ([0.         0.         0.00058482 0.00153915 0.00185901 0.00246293
 0.001296  ]) 	 loss 2.965E-01 	 horizons 9.0
step 6390 	 return [0.         0.         0.00151901 0.00285521 0.00269793 0.00563943
 0.01041823], ([0.         0.         0.00026862 0.0004169  0.00200257 0.00164351
 0.00152434]) 	 loss 2.971E-01 	 horizons 9.0
step 6480 	 return [0.         0.00095599 0.00607225 0.00029167 0.0011247  0.00288302
 0.        ], ([0.         0.00105434 0.00119842 0.00044553 0.00023768 0.00024487
 0.        ]) 	 loss 2.999E-01 	 horizons 9.0
step 6570 	 return [0.         0.         0.00268885 0.00423675 0.00197254 0.00743398
 0.00766324], ([0.         0.         0.00053889 0.00114835 0.00048782 0.00073745
 0.00055186]) 	 loss 3.007E-01 	 horizons 9.0
step 6660 	 return [0.         0.         0.00093818 0.00080503 0.00183991 0.00475353
 0.01183187], ([0.         0.         0.00063788 0.00126174 0.00128549 0.00142952
 0.00232752]) 	 loss 3.025E-01 	 horizons 9.0
step 6750 	 return [0.         0.         0.00145843 0.00284719 0.00464586 0.00357807
 0.00971397], ([0.         0.         0.00066871 0.00038126 0.00197847 0.00228289
 0.00097237]) 	 loss 2.946E-01 	 horizons 9.0
step 6840 	 return [0.         0.         0.00209821 0.00818368 0.00754878 0.00582943
 0.00614111], ([0.0000000e+00 0.0000000e+00 5.0252997e-06 2.9211491e-05 5.6026096e-04
 1.9431420e-03 5.1895954e-04]) 	 loss 2.851E-01 	 horizons 9.0
step 6930 	 return [0.         0.00030742 0.0084773  0.01020005 0.00273818 0.
 0.        ], ([0.         0.00061488 0.00223967 0.00148567 0.00100154 0.
 0.        ]) 	 loss 2.744E-01 	 horizons 9.0
step 7020 	 return [0.         0.         0.00231283 0.00438169 0.00295679 0.00603437
 0.00941855], ([0.         0.         0.00055607 0.00136683 0.00130245 0.00110424
 0.00097924]) 	 loss 2.546E-01 	 horizons 9.0
step 7110 	 return [0.         0.         0.00086477 0.00045499 0.00075957 0.00527309
 0.01333922], ([0.         0.         0.00048608 0.00090997 0.00053966 0.00250649
 0.00098778]) 	 loss 2.793E-01 	 horizons 9.0
step 7200 	 return [0.00035058 0.00235709 0.00926351 0.         0.00133816 0.00030195
 0.        ], ([0.00070115 0.00039227 0.00057043 0.         0.00063934 0.00090586
 0.        ]) 	 loss 2.961E-01 	 horizons 9.0
step 7290 	 return [0.0007168  0.00278839 0.0085854  0.         0.00150808 0.0009013
 0.        ], ([0.00088119 0.00050447 0.00061761 0.         0.00049113 0.00110387
 0.        ]) 	 loss 2.544E-01 	 horizons 9.0
step 7380 	 return [0.         0.         0.00295192 0.00324994 0.00283855 0.00949904
 0.00207329], ([0.0000000e+00 0.0000000e+00 4.4813423e-04 6.3990316e-05 2.8260423e-05
 2.8699244e-04 9.5891225e-04]) 	 loss 2.714E-01 	 horizons 9.0
step 7470 	 return [0.00017523 0.00259687 0.00870394 0.00021323 0.00169373 0.00111739
 0.        ], ([0.00052568 0.00041475 0.00086235 0.00042646 0.00054827 0.00111781
 0.        ]) 	 loss 2.540E-01 	 horizons 9.0
step 7560 	 return [0.         0.         0.00216041 0.00595896 0.00600213 0.00212448
 0.00838225], ([0.         0.         0.00038426 0.00145267 0.00054669 0.00200173
 0.00072156]) 	 loss 2.622E-01 	 horizons 9.0
step 7650 	 return [0.         0.         0.00215744 0.0043998  0.00552691 0.00444969
 0.00774686], ([0.         0.         0.00056208 0.00113416 0.00184887 0.00296895
 0.00108438]) 	 loss 2.534E-01 	 horizons 9.0
step 7740 	 return [0.         0.00030742 0.00854223 0.01107521 0.0022553  0.
 0.        ], ([0.         0.00061488 0.00074292 0.00073219 0.00054146 0.
 0.        ]) 	 loss 2.248E-01 	 horizons 9.0
step 7830 	 return [0.         0.00091705 0.01037974 0.00595756 0.00280419 0.
 0.        ], ([0.         0.00074877 0.00102415 0.00160136 0.00025226 0.
 0.        ]) 	 loss 2.046E-01 	 horizons 9.0
step 7920 	 return [0.         0.         0.00157018 0.00285209 0.00327689 0.00170984
 0.01171694], ([0.         0.         0.00082604 0.00034986 0.00195168 0.0024612
 0.00109593]) 	 loss 1.921E-01 	 horizons 9.0
step 8010 	 return [0.         0.         0.00190157 0.00306132 0.00072494 0.00614073
 0.01121099], ([0.         0.         0.00066119 0.0002812  0.00055842 0.00080388
 0.00107921]) 	 loss 1.960E-01 	 horizons 9.0
step 8100 	 return [0.         0.00149479 0.00949491 0.00010732 0.00147679 0.00235934
 0.        ], ([0.0000000e+00 1.3807950e-05 5.8072829e-04 3.2196310e-04 5.0876020e-05
 2.2040101e-04 0.0000000e+00]) 	 loss 1.798E-01 	 horizons 9.0
step 8190 	 return [0.00167106 0.00277674 0.00842137 0.         0.00129705 0.
 0.        ], ([0.00100809 0.00071732 0.00103418 0.         0.00052151 0.
 0.        ]) 	 loss 1.810E-01 	 horizons 9.0
step 8280 	 return [0.         0.         0.00261478 0.00331499 0.00548582 0.00120749
 0.00979431], ([0.         0.         0.0008122  0.00052464 0.00073323 0.00181833
 0.00135061]) 	 loss 1.985E-01 	 horizons 9.0
step 8370 	 return [0.         0.         0.00256353 0.00430339 0.0027824  0.00578593
 0.00963697], ([0.         0.         0.00060293 0.00114771 0.00115378 0.00181515
 0.00096492]) 	 loss 1.978E-01 	 horizons 9.0
step 8460 	 return [0.         0.         0.00191265 0.00350499 0.006123   0.00304119
 0.00846537], ([0.         0.         0.00072849 0.00080159 0.00116072 0.00261748
 0.0012213 ]) 	 loss 1.772E-01 	 horizons 9.0
step 8550 	 return [0.         0.00065391 0.00326813 0.00038847 0.0022862  0.0039564
 0.00072704], ([0.         0.00058509 0.00155855 0.00047578 0.00102607 0.00327229
 0.00218111]) 	 loss 1.946E-01 	 horizons 9.0
step 8640 	 return [0.         0.00107009 0.01056368 0.005825   0.00278041 0.
 0.        ], ([0.         0.00070054 0.0011997  0.00168326 0.00024469 0.
 0.        ]) 	 loss 1.945E-01 	 horizons 9.0
step 8730 	 return [0.00183696 0.00215496 0.00890459 0.         0.00175587 0.00022533
 0.        ], ([0.0010086  0.00085804 0.00087146 0.         0.00030304 0.00067598
 0.        ]) 	 loss 1.660E-01 	 horizons 9.0
step 8820 	 return [0.         0.0019896  0.00883119 0.00057063 0.00182209 0.00168048
 0.00098388], ([0.         0.00089587 0.00230162 0.00171188 0.00045559 0.00225845
 0.00295163]) 	 loss 1.700E-01 	 horizons 9.0
step 8910 	 return [0.         0.00337329 0.00615767 0.00051072 0.0010568  0.00243066
 0.        ], ([0.         0.00051004 0.00110472 0.00051088 0.0002894  0.00041553
 0.        ]) 	 loss 1.505E-01 	 horizons 9.0
step 9000 	 return [0.         0.00357965 0.00860794 0.00010149 0.00068269 0.
 0.        ], ([0.         0.00014175 0.00078972 0.00030446 0.00030651 0.
 0.        ]) 	 loss 1.570E-01 	 horizons 9.0
step 9090 	 return [0.         0.0001535  0.00455077 0.00581827 0.00380032 0.0021282
 0.00723495], ([0.         0.00046051 0.00411483 0.00102505 0.00169031 0.00247699
 0.00476731]) 	 loss 1.525E-01 	 horizons 9.0
step 9180 	 return [0.         0.00247439 0.00939536 0.0001106  0.00157041 0.00044787
 0.        ], ([0.         0.00051377 0.00065226 0.0003318  0.0004294  0.00089607
 0.        ]) 	 loss 1.590E-01 	 horizons 9.0
step 9270 	 return [0.         0.         0.00066222 0.00068248 0.00031751 0.00779534
 0.0132634 ], ([0.         0.         0.00020663 0.00104251 0.00017321 0.00170174
 0.0003687 ]) 	 loss 1.459E-01 	 horizons 9.0
step 9360 	 return [0.         0.         0.0031013  0.00327127 0.00284797 0.0095947
 0.00175366], ([0.0000000e+00 0.0000000e+00 0.0000000e+00 4.6566129e-10 2.3283064e-10
 0.0000000e+00 0.0000000e+00]) 	 loss 1.305E-01 	 horizons 9.0
step 9450 	 return [0.         0.         0.00200199 0.00314972 0.00185739 0.00924752
 0.0082469 ], ([0.         0.         0.00058349 0.00010888 0.00062069 0.00052007
 0.00159327]) 	 loss 1.407E-01 	 horizons 9.0
step 9540 	 return [0.         0.         0.00183277 0.00313698 0.00276494 0.00589236
 0.01119086], ([0.         0.         0.00022654 0.00043879 0.0014603  0.00202796
 0.00118126]) 	 loss 1.210E-01 	 horizons 9.0
step 9630 	 return [0.00257176 0.00226079 0.00862034 0.00010193 0.00130939 0.
 0.        ], ([0.00083473 0.00012543 0.0007123  0.00030578 0.00053861 0.
 0.        ]) 	 loss 1.425E-01 	 horizons 9.0
step 9720 	 return [0.         0.         0.0021082  0.01435947 0.00505939 0.0067778
 0.00147487], ([0.0000000e+00 0.0000000e+00 4.1890889e-06 1.1643907e-04 9.6652546e-04
 4.8619226e-04 1.4748715e-03]) 	 loss 1.311E-01 	 horizons 9.0
step 9810 	 return [0.         0.         0.00140755 0.00184973 0.00076399 0.00589894
 0.01271646], ([0.         0.         0.00075405 0.0015103  0.00069097 0.0011306
 0.0005936 ]) 	 loss 1.250E-01 	 horizons 9.0
step 9900 	 return [0.00317184 0.00187959 0.00584653 0.00032144 0.00162133 0.0012546
 0.        ], ([0.00118811 0.00101808 0.00083057 0.00049106 0.00039414 0.00102606
 0.        ]) 	 loss 1.199E-01 	 horizons 9.0
step 9990 	 return [0.         0.00152433 0.00957612 0.00899456 0.00233111 0.
 0.        ], ([0.0000000e+00 0.0000000e+00 9.3132257e-10 9.3132257e-10 2.3283064e-10
 0.0000000e+00 0.0000000e+00]) 	 loss 1.441E-01 	 horizons 9.0
step 10080 	 return [0.00200896 0.00321843 0.00294235 0.00067567 0.00106008 0.00138933
 0.        ], ([0.00162549 0.00126232 0.00084203 0.00044238 0.00021398 0.00051376
 0.        ]) 	 loss 1.429E-01 	 horizons 9.0
step 10170 	 return [0.         0.         0.00214816 0.00546742 0.00076684 0.00569841
 0.01138139], ([0.0000000e+00 0.0000000e+00 3.3236042e-04 7.1316410e-04 3.0419367e-05
 6.9362577e-05 1.4600663e-04]) 	 loss 1.307E-01 	 horizons 9.0
step 10260 	 return [0.         0.         0.00314171 0.00360796 0.0054806  0.00159611
 0.00932433], ([0.0000000e+00 0.0000000e+00 3.3354876e-04 1.5782245e-05 3.6404619e-04
 8.0412219e-04 8.7456475e-04]) 	 loss 1.203E-01 	 horizons 9.0
step 10350 	 return [0.         0.         0.0031013  0.00327127 0.00284797 0.0095947
 0.00175366], ([0.0000000e+00 0.0000000e+00 0.0000000e+00 4.6566129e-10 2.3283064e-10
 0.0000000e+00 0.0000000e+00]) 	 loss 1.185E-01 	 horizons 9.0
step 10440 	 return [0.         0.         0.00289969 0.0033564  0.00248697 0.0064095
 0.01032491], ([0.0000000e+00 0.0000000e+00 5.0338393e-04 7.1587441e-05 8.9107343e-04
 1.9457191e-03 1.5043130e-03]) 	 loss 1.187E-01 	 horizons 9.0
step 10530 	 return [0.         0.         0.00278175 0.00378357 0.00536316 0.00318244
 0.00843049], ([0.         0.         0.00054602 0.00064478 0.00118261 0.00184169
 0.0006124 ]) 	 loss 1.335E-01 	 horizons 9.0
step 10620 	 return [0.0018332  0.0032548  0.00504164 0.00029431 0.00095202 0.00131837
 0.        ], ([0.00163866 0.00122685 0.00127327 0.00044964 0.00028798 0.00077118
 0.        ]) 	 loss 1.293E-01 	 horizons 9.0
step 10710 	 return [0.         0.         0.00203867 0.00570899 0.0007778  0.00572752
 0.01163806], ([0.0000000e+00 0.0000000e+00 2.3283064e-10 0.0000000e+00 0.0000000e+00
 4.6566129e-10 9.3132257e-10]) 	 loss 1.208E-01 	 horizons 9.0
step 10800 	 return [0.         0.00030656 0.00916029 0.00797719 0.00401498 0.
 0.        ], ([0.         0.00061313 0.00150117 0.00160309 0.00121264 0.
 0.        ]) 	 loss 1.152E-01 	 horizons 9.0
step 10890 	 return [0.         0.         0.00293283 0.00362967 0.0067048  0.00382033
 0.00688111], ([0.0000000e+00 0.0000000e+00 4.9795845e-04 2.7628001e-05 6.3033222e-04
 2.8134082e-03 1.4523122e-03]) 	 loss 1.366E-01 	 horizons 9.0
step 10980 	 return [0.         0.00281952 0.00803141 0.00021283 0.00146566 0.00224896
 0.        ], ([0.0000000e+00 1.2953989e-05 4.6005292e-04 4.2565394e-04 4.5476678e-05
 1.5121897e-05 0.0000000e+00]) 	 loss 1.434E-01 	 horizons 9.0
step 11070 	 return [0.         0.         0.00303421 0.00361514 0.00608715 0.00298862
 0.00821341], ([0.0000000e+00 0.0000000e+00 4.3097622e-04 2.6524118e-05 8.7323622e-04
 2.6287241e-03 1.9219501e-03]) 	 loss 1.416E-01 	 horizons 9.0
step 11160 	 return [0.         0.         0.00210401 0.01424304 0.00409286 0.00629161
 0.00294974], ([0.0000000e+00 0.0000000e+00 2.3283064e-10 0.0000000e+00 0.0000000e+00
 9.3132257e-10 2.3283064e-10]) 	 loss 1.387E-01 	 horizons 9.0
step 11250 	 return [0.         0.00279098 0.00637133 0.00030203 0.00131826 0.00295251
 0.        ], ([0.0000000e+00 1.3174872e-06 5.1207532e-04 4.6135869e-04 5.1610063e-05
 2.1120553e-05 0.0000000e+00]) 	 loss 1.225E-01 	 horizons 9.0
step 11340 	 return [0.00047626 0.00348318 0.00529483 0.00052198 0.0013838  0.00210704
 0.        ], ([7.2749244e-04 2.9681023e-04 7.9950585e-04 5.2205357e-04 5.3089185e-05
 7.8695899e-05 0.0000000e+00]) 	 loss 1.299E-01 	 horizons 9.0
step 11430 	 return [0.         0.         0.00222036 0.0077296  0.0072001  0.00612191
 0.0065051 ], ([0.         0.         0.00036981 0.00134589 0.00079193 0.00044476
 0.00112918]) 	 loss 1.239E-01 	 horizons 9.0
step 11520 	 return [0.         0.00226562 0.00742922 0.00125163 0.00223431 0.00133484
 0.00211854], ([0.         0.0011344  0.00272964 0.00225066 0.00058314 0.00270358
 0.00425047]) 	 loss 1.079E-01 	 horizons 9.0
step 11610 	 return [0.         0.00150863 0.00384856 0.00081875 0.00199751 0.00551275
 0.0024449 ], ([0.         0.0018519  0.00190329 0.00118771 0.00101946 0.00294016
 0.00257692]) 	 loss 1.082E-01 	 horizons 9.0
step 11700 	 return [0.00139625 0.00330614 0.00463019 0.00030788 0.00165124 0.00039151
 0.        ], ([0.00103447 0.00065972 0.0006545  0.00047079 0.00041365 0.00078301
 0.        ]) 	 loss 1.354E-01 	 horizons 9.0
step 11790 	 return [0.00333192 0.00206265 0.00527532 0.00031276 0.00135766 0.00164682
 0.        ], ([0.00162768 0.00145163 0.00055505 0.00047775 0.00024713 0.00082504
 0.        ]) 	 loss 1.281E-01 	 horizons 9.0
step 11880 	 return [0.         0.00030849 0.00795427 0.00771137 0.00343794 0.
 0.        ], ([0.         0.00061699 0.00059474 0.00105805 0.0009773  0.
 0.        ]) 	 loss 1.228E-01 	 horizons 9.0
step 11970 	 return [0.00170293 0.00256626 0.00703068 0.00052755 0.00119325 0.00192824
 0.        ], ([0.00140848 0.00111978 0.00072012 0.00052763 0.00031193 0.00064717
 0.        ]) 	 loss 1.479E-01 	 horizons 9.0
step 12060 	 return [0.         0.00300034 0.00624771 0.00076778 0.00166206 0.0017988
 0.0001772 ], ([0.         0.00113062 0.00167791 0.0016677  0.00046748 0.00288666
 0.0005316 ]) 	 loss 1.234E-01 	 horizons 9.0
step 12150 	 return [0.         0.00373163 0.00654578 0.         0.00079612 0.00180185
 0.        ], ([0.         0.00033167 0.0006606  0.         0.00025326 0.0003462
 0.        ]) 	 loss 1.325E-01 	 horizons 9.0
step 12240 	 return [0.         0.         0.00229906 0.00360379 0.00708126 0.00720438
 0.0053299 ], ([0.0000000e+00 0.0000000e+00 4.9550936e-04 8.4095271e-05 6.6922838e-04
 1.1231948e-03 7.6920498e-04]) 	 loss 1.201E-01 	 horizons 9.0
step 12330 	 return [0.         0.         0.00393286 0.0162516  0.00452391 0.
 0.        ], ([0.         0.         0.00090914 0.00010986 0.00079952 0.
 0.        ]) 	 loss 1.197E-01 	 horizons 9.0
step 12420 	 return [0.         0.         0.00224369 0.0032255  0.00175656 0.00862514
 0.00894898], ([0.         0.         0.0006051  0.00010127 0.00019618 0.00078396
 0.00101977]) 	 loss 1.048E-01 	 horizons 9.0
step 12510 	 return [1.5575119e-03 3.8756963e-03 4.7643622e-03 9.8702418e-05 1.4471513e-03
 0.0000000e+00 0.0000000e+00], ([0.00086024 0.00046108 0.0007128  0.00029611 0.00035121 0.
 0.        ]) 	 loss 1.134E-01 	 horizons 9.0
step 12600 	 return [0.         0.         0.00269137 0.00328781 0.00187054 0.01015721
 0.0065134 ], ([0.0000000e+00 0.0000000e+00 5.3113152e-04 1.8836967e-05 4.9360713e-04
 3.4679231e-04 8.7487762e-04]) 	 loss 1.185E-01 	 horizons 9.0
step 12690 	 return [0.         0.         0.00191167 0.002793   0.00326638 0.0023956
 0.01343507], ([0.         0.         0.00053077 0.00072268 0.00072243 0.00082333
 0.00102596]) 	 loss 1.255E-01 	 horizons 9.0
step 12780 	 return [0.         0.         0.01140687 0.01033562 0.00307106 0.
 0.        ], ([0.0000000e+00 0.0000000e+00 7.5983885e-04 9.9474424e-04 3.2032397e-06
 0.0000000e+00 0.0000000e+00]) 	 loss 1.210E-01 	 horizons 9.0
step 12870 	 return [0.         0.00362899 0.00894405 0.         0.00073923 0.
 0.        ], ([0.         0.000189   0.00038065 0.         0.00041007 0.
 0.        ]) 	 loss 1.153E-01 	 horizons 9.0
step 12960 	 return [0.         0.         0.010879   0.00942506 0.00318437 0.
 0.        ], ([0.         0.         0.0022687  0.00091575 0.00054657 0.
 0.        ]) 	 loss 1.085E-01 	 horizons 9.0
step 13050 	 return [0.00207153 0.00257249 0.00593458 0.0011038  0.00188641 0.00076286
 0.00098388], ([0.00116193 0.00140708 0.00186026 0.00161452 0.00048148 0.00228858
 0.00295162]) 	 loss 9.606E-02 	 horizons 9.0
step 13140 	 return [0.         0.         0.00290621 0.00329001 0.00175621 0.01027075
 0.00647692], ([0.0000000e+00 0.0000000e+00 4.3336835e-04 1.5859490e-05 3.6761604e-04
 2.2398804e-04 6.6044601e-04]) 	 loss 1.097E-01 	 horizons 9.0
step 13230 	 return [0.         0.         0.00320304 0.00392529 0.00745125 0.00583317
 0.00487951], ([0.0000000e+00 0.0000000e+00 3.8005429e-04 6.9869804e-04 4.8472176e-04
 2.6588796e-05 2.4810477e-04]) 	 loss 9.397E-02 	 horizons 9.0
step 13320 	 return [0.         0.         0.00180882 0.00303199 0.0028218  0.00328367
 0.01331721], ([0.         0.         0.00012409 0.00109871 0.00038625 0.0010302
 0.00175903]) 	 loss 9.428E-02 	 horizons 9.0
step 13410 	 return [0.         0.         0.00235895 0.00360475 0.0064145  0.00261856
 0.00832271], ([0.0000000e+00 0.0000000e+00 4.3790715e-04 8.8449069e-06 4.7491572e-04
 6.7156856e-04 5.8334169e-04]) 	 loss 8.385E-02 	 horizons 9.0
step 13500 	 return [0.         0.0047614  0.00720009 0.         0.00052304 0.
 0.        ], ([0.0000000e+00 3.7571666e-04 5.6344242e-04 0.0000000e+00 3.1358622e-06
 0.0000000e+00 0.0000000e+00]) 	 loss 9.503E-02 	 horizons 9.0
step 13590 	 return [0.00064867 0.00191244 0.00882987 0.00216784 0.00254207 0.
 0.        ], ([0.00079445 0.00043917 0.00151744 0.00265505 0.00049424 0.
 0.        ]) 	 loss 9.753E-02 	 horizons 9.0
step 13680 	 return [0.00242858 0.00263702 0.00566737 0.00061644 0.0013805  0.00140552
 0.        ], ([0.00130862 0.0010491  0.00105322 0.00050338 0.00014994 0.00092109
 0.        ]) 	 loss 9.082E-02 	 horizons 9.0
step 13770 	 return [0.00130046 0.00203957 0.00323694 0.00085909 0.00114765 0.00264399
 0.        ], ([8.5134950e-04 7.0500252e-04 1.1313829e-03 2.8842723e-04 8.5549138e-05
 6.6592719e-04 0.0000000e+00]) 	 loss 1.117E-01 	 horizons 9.0
step 13860 	 return [0.         0.         0.00271523 0.00363664 0.00668839 0.00388318
 0.00695467], ([0.0000000e+00 0.0000000e+00 5.5528042e-04 2.1981023e-05 7.4255874e-04
 2.7746370e-03 1.6205099e-03]) 	 loss 9.104E-02 	 horizons 9.0
step 13950 	 return [0.         0.         0.01005202 0.01179954 0.00300229 0.
 0.        ], ([0.         0.         0.00058255 0.00016673 0.000221   0.
 0.        ]) 	 loss 8.669E-02 	 horizons 9.0
step 14040 	 return [0.00070083 0.00405567 0.00325025 0.00038424 0.00103293 0.00130492
 0.        ], ([0.00085834 0.00046418 0.00107976 0.0004706  0.00024658 0.00044001
 0.        ]) 	 loss 7.414E-02 	 horizons 9.0
step 14130 	 return [0.         0.00345836 0.00653264 0.00010517 0.00156537 0.
 0.        ], ([0.         0.00013108 0.00090403 0.00031552 0.00023758 0.
 0.        ]) 	 loss 7.522E-02 	 horizons 9.0
step 14220 	 return [0.00340744 0.00222692 0.0049067  0.00062552 0.00137512 0.00212375
 0.        ], ([3.3932974e-05 4.5214842e-05 5.3587666e-04 5.1073660e-04 5.1540654e-05
 4.3093369e-05 0.0000000e+00]) 	 loss 9.015E-02 	 horizons 9.0
step 14310 	 return [0.00031569 0.00168815 0.0071036  0.00194106 0.00294313 0.
 0.00281605], ([0.00063622 0.00119583 0.00344415 0.00274469 0.00191191 0.
 0.00430159]) 	 loss 7.064E-02 	 horizons 9.0
step 14400 	 return [0.         0.00071497 0.00265768 0.00020869 0.00274696 0.0049921
 0.00226429], ([0.         0.00142994 0.0009146  0.00041738 0.00070575 0.00143344
 0.00113333]) 	 loss 9.367E-02 	 horizons 9.0
step 14490 	 return [0.00438916 0.         0.00570188 0.00084289 0.00137856 0.00218762
 0.        ], ([3.0331314e-06 0.0000000e+00 4.4067873e-04 4.2144331e-04 4.5049001e-05
 1.2763031e-05 0.0000000e+00]) 	 loss 9.707E-02 	 horizons 9.0
step 14580 	 return [0.         0.00271418 0.0096219  0.         0.00164681 0.
 0.        ], ([0.0000000e+00 1.0874497e-06 2.1172789e-04 0.0000000e+00 1.1014548e-04
 0.0000000e+00 0.0000000e+00]) 	 loss 8.021E-02 	 horizons 9.0
step 14670 	 return [0.         0.         0.00302391 0.00355355 0.00293779 0.00965041
 0.00606065], ([0.0000000e+00 0.0000000e+00 3.3034128e-04 7.1112480e-04 4.9751499e-05
 8.9071254e-04 8.0722920e-04]) 	 loss 6.718E-02 	 horizons 9.0
step 14760 	 return [2.8570602e-03 3.7297183e-03 6.5682782e-03 9.7550779e-05 5.7892932e-04
 0.0000000e+00 0.0000000e+00], ([0.0004955  0.00049732 0.00038534 0.00029265 0.00017341 0.
 0.        ]) 	 loss 7.379E-02 	 horizons 9.0
step 14850 	 return [0.         0.00264318 0.0087179  0.00550975 0.00296245 0.
 0.        ], ([0.0000000e+00 5.5636786e-04 5.7288969e-04 7.0847573e-06 7.1329991e-06
 0.0000000e+00 0.0000000e+00]) 	 loss 8.175E-02 	 horizons 9.0
step 14940 	 return [0.         0.         0.00210401 0.01424304 0.00409286 0.00629161
 0.00294974], ([0.0000000e+00 0.0000000e+00 2.3283064e-10 0.0000000e+00 0.0000000e+00
 9.3132257e-10 2.3283064e-10]) 	 loss 8.036E-02 	 horizons 9.0
step 15030 	 return [0.00325639 0.0023976  0.00539016 0.00031276 0.00132829 0.00209812
 0.        ], ([5.3575775e-04 4.1156405e-04 7.5735967e-04 4.7775041e-04 2.0833201e-04
 6.4614716e-05 0.0000000e+00]) 	 loss 5.754E-02 	 horizons 9.0
step 15120 	 return [0.00170615 0.00296801 0.00625288 0.000317   0.00132754 0.00207632
 0.        ], ([1.3300306e-04 6.4812176e-04 9.6010708e-04 4.8426026e-04 2.0237407e-04
 8.6863329e-05 0.0000000e+00]) 	 loss 5.631E-02 	 horizons 9.0
step 15210 	 return [0.         0.         0.00210401 0.01424304 0.00409286 0.00629161
 0.00294974], ([0.0000000e+00 0.0000000e+00 2.3283064e-10 0.0000000e+00 0.0000000e+00
 9.3132257e-10 2.3283064e-10]) 	 loss 5.562E-02 	 horizons 9.0
step 15300 	 return [0.00016263 0.00309259 0.00659498 0.00057047 0.0017885  0.00077456
 0.00111277], ([0.0004879  0.0011685  0.00171309 0.00171141 0.00037021 0.00175582
 0.00333832]) 	 loss 5.711E-02 	 horizons 9.0
step 15390 	 return [0.         0.         0.00324725 0.00360065 0.006059   0.00197616
 0.00819799], ([0.00000000e+00 0.00000000e+00 9.89645469e-06 1.31230645e-05
 2.65040697e-04 8.85866408e-04 3.28254595e-04]) 	 loss 7.851E-02 	 horizons 9.0
step 15480 	 return [0.         0.0023113  0.00990067 0.         0.00143762 0.00021847
 0.        ], ([0.         0.00086426 0.00064254 0.         0.00040736 0.0006554
 0.        ]) 	 loss 7.009E-02 	 horizons 9.0
step 15570 	 return [0.00346022 0.00243939 0.00785599 0.0002035  0.00154946 0.
 0.        ], ([5.7055167e-04 9.7283919e-05 4.4713772e-04 4.0700307e-04 2.0809511e-04
 0.0000000e+00 0.0000000e+00]) 	 loss 6.069E-02 	 horizons 9.0
step 15660 	 return [0.         0.         0.01190431 0.0096844  0.00306897 0.
 0.        ], ([0.0000000e+00 0.0000000e+00 0.0000000e+00 9.3132257e-10 2.3283064e-10
 0.0000000e+00 0.0000000e+00]) 	 loss 6.064E-02 	 horizons 9.0
step 15750 	 return [0.00199302 0.00231245 0.00876207 0.         0.00264151 0.
 0.        ], ([2.3283064e-10 2.3283064e-10 0.0000000e+00 0.0000000e+00 0.0000000e+00
 0.0000000e+00 0.0000000e+00]) 	 loss 6.627E-02 	 horizons 9.0
step 15840 	 return [0.         0.         0.01013049 0.00789384 0.00407988 0.
 0.        ], ([0.         0.         0.00144832 0.00146199 0.0008254  0.
 0.        ]) 	 loss 5.101E-02 	 horizons 9.0
step 15930 	 return [0.         0.00154124 0.01272916 0.00429649 0.00163049 0.
 0.        ], ([0.000000e+00 0.000000e+00 9.313226e-10 4.656613e-10 0.000000e+00
 0.000000e+00 0.000000e+00]) 	 loss 4.383E-02 	 horizons 9.0
step 16020 	 return [0.         0.         0.0102462  0.01185511 0.00307596 0.
 0.        ], ([0.000000e+00 0.000000e+00 0.000000e+00 9.313226e-10 0.000000e+00
 0.000000e+00 0.000000e+00]) 	 loss 5.645E-02 	 horizons 9.0
step 16110 	 return [0.         0.         0.00209304 0.00855453 0.00598838 0.00562057
 0.00729749], ([0.0000000e+00 0.0000000e+00 3.7526811e-06 1.9901521e-03 8.4183947e-04
 2.4957315e-04 1.7535416e-03]) 	 loss 4.336E-02 	 horizons 9.0
step 16200 	 return [0.00160797 0.00341184 0.00498858 0.00072646 0.00128048 0.0020725
 0.        ], ([2.5393847e-05 1.2570983e-04 9.1890874e-04 4.7562373e-04 1.8871203e-04
 7.0944072e-05 0.0000000e+00]) 	 loss 4.188E-02 	 horizons 9.0
step 16290 	 return [0.         0.00154991 0.0074695  0.01080693 0.00077098 0.
 0.        ], ([0.0000000e+00 1.1641532e-10 0.0000000e+00 0.0000000e+00 5.8207661e-11
 0.0000000e+00 0.0000000e+00]) 	 loss 3.939E-02 	 horizons 9.0
step 16380 	 return [0.00525752 0.00024628 0.00581978 0.00021055 0.00170428 0.
 0.        ], ([0.00063846 0.00073883 0.00035799 0.00042145 0.00030432 0.
 0.        ]) 	 loss 3.444E-02 	 horizons 9.0
step 16470 	 return [0.         0.         0.01160867 0.00938598 0.00323745 0.
 0.        ], ([0.         0.         0.00088691 0.00089528 0.00050545 0.
 0.        ]) 	 loss 4.299E-02 	 horizons 9.0
step 16560 	 return [0.00339567 0.00221163 0.00468828 0.00083403 0.00135646 0.00213305
 0.        ], ([1.4017336e-06 6.5127392e-07 4.3824280e-04 4.1701473e-04 4.5049001e-05
 1.2763030e-05 0.0000000e+00]) 	 loss 3.255E-02 	 horizons 9.0
step 16650 	 return [0.00360632 0.00178482 0.00521873 0.00052348 0.0013908  0.00213785
 0.        ], ([3.9207001e-04 8.9351641e-04 4.9169007e-04 5.2349677e-04 4.9847233e-05
 4.9374623e-05 0.0000000e+00]) 	 loss 3.373E-02 	 horizons 9.0
step 16740 	 return [0.         0.         0.00277348 0.00400717 0.00512533 0.00416268
 0.00837804], ([0.         0.         0.00056776 0.00084601 0.00106011 0.00098887
 0.00125707]) 	 loss 3.795E-02 	 horizons 9.0
step 16830 	 return [0.00140241 0.00316877 0.0028343  0.00098004 0.00118852 0.00257814
 0.        ], ([4.6747024e-04 1.7867083e-04 2.1531321e-04 4.0721029e-06 8.8363422e-06
 9.5942822e-05 0.0000000e+00]) 	 loss 3.142E-02 	 horizons 9.0
step 16920 	 return [0.00442876 0.         0.00672168 0.00010915 0.00257637 0.
 0.        ], ([2.2749882e-06 0.0000000e+00 3.4226454e-04 3.2744592e-04 3.8010046e-05
 0.0000000e+00 0.0000000e+00]) 	 loss 3.544E-02 	 horizons 9.0
step 17010 	 return [0.         0.         0.00314348 0.00332611 0.00304066 0.00735889
 0.00764688], ([0.0000000e+00 0.0000000e+00 4.6720319e-07 3.7492592e-07 1.9609641e-05
 1.8684474e-05 6.2260283e-06]) 	 loss 2.799E-02 	 horizons 9.0
step 17100 	 return [0.         0.0013719  0.00947784 0.0089026  0.00239989 0.
 0.        ], ([0.         0.0004573  0.00029484 0.00027586 0.00020634 0.
 0.        ]) 	 loss 4.186E-02 	 horizons 9.0
step 17190 	 return [0.00364452 0.00246758 0.00737234 0.00050698 0.00138916 0.
 0.        ], ([6.9794555e-06 4.8908769e-06 6.6373928e-04 5.0698459e-04 2.2099308e-04
 0.0000000e+00 0.0000000e+00]) 	 loss 4.639E-02 	 horizons 9.0
step 17280 	 return [0.         0.         0.00209989 0.00819342 0.00773554 0.00647714
 0.00596812], ([0.000000e+00 0.000000e+00 0.000000e+00 0.000000e+00 4.656613e-10
 4.656613e-10 0.000000e+00]) 	 loss 6.760E-02 	 horizons 9.0
step 17370 	 return [0.00132226 0.00355676 0.00632857 0.00062324 0.00165762 0.
 0.        ], ([0.00066142 0.00013022 0.00124361 0.00050923 0.00043631 0.
 0.        ]) 	 loss 3.608E-02 	 horizons 9.0
step 17460 	 return [0.         0.         0.00305664 0.00363556 0.00340655 0.00663546
 0.00779244], ([0.         0.         0.00034187 0.00069706 0.00081193 0.00093682
 0.00088528]) 	 loss 4.405E-02 	 horizons 9.0
step 17550 	 return [0.00112262 0.00261171 0.00738623 0.00063833 0.00144234 0.00198504
 0.        ], ([0.00092219 0.00044795 0.00044263 0.00052119 0.00012259 0.00066464
 0.        ]) 	 loss 3.960E-02 	 horizons 9.0
step 17640 	 return [0.00413071 0.00165213 0.00529285 0.00074096 0.00195337 0.
 0.        ], ([0.00093399 0.001083   0.00080314 0.00048533 0.00043761 0.
 0.        ]) 	 loss 4.927E-02 	 horizons 9.0
step 17730 	 return [0.         0.         0.00314693 0.00332922 0.00208244 0.0073806
 0.00964669], ([0.0000000e+00 0.0000000e+00 2.3283064e-10 0.0000000e+00 2.3283064e-10
 9.3132257e-10 0.0000000e+00]) 	 loss 3.648E-02 	 horizons 9.0
step 17820 	 return [0.         0.         0.00209989 0.00819342 0.00773554 0.00647714
 0.00596812], ([0.000000e+00 0.000000e+00 0.000000e+00 0.000000e+00 4.656613e-10
 4.656613e-10 0.000000e+00]) 	 loss 4.000E-02 	 horizons 9.0
step 17910 	 return [0.00167753 0.00351378 0.00800687 0.00010683 0.00163514 0.
 0.        ], ([8.7051658e-06 4.7236885e-04 6.1037467e-04 3.2050023e-04 2.2130726e-04
 0.0000000e+00 0.0000000e+00]) 	 loss 3.884E-02 	 horizons 9.0
step 18000 	 return [0.0034178  0.00224155 0.00468703 0.00083229 0.00134873 0.00210169
 0.        ], ([4.4805744e-05 6.0091676e-05 4.3711317e-04 4.1617750e-04 4.1786596e-05
 5.9134680e-05 0.0000000e+00]) 	 loss 3.836E-02 	 horizons 9.0
step 18090 	 return [0.         0.         0.00314406 0.00332657 0.00306468 0.00738178
 0.0076545 ], ([0.0000000e+00 0.0000000e+00 2.3283064e-10 2.3283064e-10 0.0000000e+00
 0.0000000e+00 0.0000000e+00]) 	 loss 3.414E-02 	 horizons 9.0
step 18180 	 return [0.00395285 0.00213947 0.00360084 0.00099844 0.0013521  0.00010033
 0.        ], ([1.4603571e-03 8.0805836e-04 6.0069031e-04 2.7167995e-05 4.3851251e-04
 3.0100255e-04 0.0000000e+00]) 	 loss 3.766E-02 	 horizons 9.0
step 18270 	 return [0.00293651 0.0027055  0.00568703 0.00030696 0.00149215 0.
 0.        ], ([0.00061861 0.00064618 0.00105065 0.000469   0.00028908 0.
 0.        ]) 	 loss 3.435E-02 	 horizons 9.0
step 18360 	 return [0.00159301 0.00333482 0.00447585 0.00103929 0.00132661 0.00209612
 0.        ], ([1.3046619e-05 8.0218721e-05 1.7460435e-06 6.9518578e-06 1.5446636e-05
 6.2725041e-05 0.0000000e+00]) 	 loss 5.192E-02 	 horizons 9.0
step 18450 	 return [0.         0.00154991 0.0074695  0.01080693 0.00077098 0.
 0.        ], ([0.0000000e+00 1.1641532e-10 0.0000000e+00 0.0000000e+00 5.8207661e-11
 0.0000000e+00 0.0000000e+00]) 	 loss 3.849E-02 	 horizons 9.0
step 18540 	 return [0.00552058 0.         0.00499107 0.00079896 0.00122357 0.
 0.        ], ([1.7334334e-05 0.0000000e+00 5.5325124e-04 3.9948215e-04 1.4613812e-04
 0.0000000e+00 0.0000000e+00]) 	 loss 4.309E-02 	 horizons 9.0
step 18630 	 return [0.         0.         0.00324817 0.00360021 0.00508057 0.00196468
 0.01032512], ([0.0000000e+00 0.0000000e+00 2.3283064e-10 0.0000000e+00 0.0000000e+00
 2.3283064e-10 9.3132257e-10]) 	 loss 3.517E-02 	 horizons 9.0
step 18720 	 return [0.00479337 0.00098782 0.00671624 0.0001014  0.0015148  0.
 0.        ], ([0.00093562 0.00120983 0.0009519  0.00030419 0.00012794 0.
 0.        ]) 	 loss 2.987E-02 	 horizons 9.0
step 18810 	 return [0.00602587 0.         0.00421221 0.00048753 0.00093363 0.001572
 0.        ], ([0.00049699 0.         0.00117197 0.00048753 0.00023649 0.00050588
 0.        ]) 	 loss 3.056E-02 	 horizons 9.0
step 18900 	 return [0.00199302 0.00231245 0.00876207 0.         0.00264151 0.
 0.        ], ([2.3283064e-10 2.3283064e-10 0.0000000e+00 0.0000000e+00 0.0000000e+00
 0.0000000e+00 0.0000000e+00]) 	 loss 3.100E-02 	 horizons 9.0
step 18990 	 return [0.         0.         0.00209989 0.00819342 0.00773554 0.00647714
 0.00596812], ([0.000000e+00 0.000000e+00 0.000000e+00 0.000000e+00 4.656613e-10
 4.656613e-10 0.000000e+00]) 	 loss 3.707E-02 	 horizons 9.0
step 19080 	 return [0.00469643 0.00222009 0.00216395 0.00096121 0.00114312 0.00100439
 0.        ], ([4.6566129e-10 2.3283064e-10 2.3283064e-10 0.0000000e+00 0.0000000e+00
 1.1641532e-10 0.0000000e+00]) 	 loss 3.381E-02 	 horizons 9.0
step 19170 	 return [0.         0.         0.00314643 0.00332879 0.00217332 0.00719057
 0.00960065], ([0.0000000e+00 0.0000000e+00 1.5059485e-06 1.2901145e-06 2.7262198e-04
 5.7008688e-04 1.3812176e-04]) 	 loss 3.686E-02 	 horizons 9.0
step 19260 	 return [0.         0.         0.00332045 0.00368203 0.00744071 0.00583833
 0.00487202], ([0.0000000e+00 0.0000000e+00 2.7846359e-05 3.1084426e-05 5.1631714e-04
 1.1109793e-05 2.2564210e-04]) 	 loss 2.497E-02 	 horizons 9.0
step 19350 	 return [0.         0.         0.00314693 0.00332922 0.00208244 0.0073806
 0.00964669], ([0.0000000e+00 0.0000000e+00 2.3283064e-10 0.0000000e+00 2.3283064e-10
 9.3132257e-10 0.0000000e+00]) 	 loss 2.774E-02 	 horizons 9.0
step 19440 	 return [0.         0.         0.00212215 0.00357005 0.00482343 0.00343306
 0.01086236], ([0.0000000e+00 0.0000000e+00 5.2646726e-07 6.8734437e-07 4.0599881e-04
 9.5408590e-04 7.0730172e-04]) 	 loss 2.560E-02 	 horizons 9.0
step 19530 	 return [0.         0.00154991 0.0074695  0.01080693 0.00077098 0.
 0.        ], ([0.0000000e+00 1.1641532e-10 0.0000000e+00 0.0000000e+00 5.8207661e-11
 0.0000000e+00 0.0000000e+00]) 	 loss 2.080E-02 	 horizons 9.0
step 19620 	 return [0.00451738 0.00022113 0.005471   0.00073642 0.00123331 0.0021583
 0.        ], ([5.8497832e-04 6.6339108e-04 4.7502702e-04 4.8211010e-04 2.7033838e-04
 4.4835444e-05 0.0000000e+00]) 	 loss 2.194E-02 	 horizons 9.0
step 19710 	 return [0.         0.0004573  0.00847406 0.00844376 0.00285466 0.
 0.        ], ([0.         0.00069854 0.00141078 0.00045163 0.00036422 0.
 0.        ]) 	 loss 1.990E-02 	 horizons 9.0
step 19800 	 return [0.         0.00152433 0.00957612 0.00899456 0.00233111 0.
 0.        ], ([0.0000000e+00 0.0000000e+00 9.3132257e-10 9.3132257e-10 2.3283064e-10
 0.0000000e+00 0.0000000e+00]) 	 loss 2.197E-02 	 horizons 9.0
step 19890 	 return [0.00442952 0.         0.00683577 0.         0.00258904 0.
 0.        ], ([0.0000000e+00 0.0000000e+00 4.6566129e-10 0.0000000e+00 2.3283064e-10
 0.0000000e+00 0.0000000e+00]) 	 loss 1.738E-02 	 horizons 9.0
step 19980 	 return [0.00439144 0.         0.00603239 0.0005268  0.00141234 0.00219719
 0.        ], ([3.7914144e-06 0.0000000e+00 5.5084843e-04 5.2680419e-04 5.6311255e-05
 1.5953789e-05 0.0000000e+00]) 	 loss 1.943E-02 	 horizons 9.0
step 20070 	 return [0.         0.         0.00209989 0.00819342 0.00773554 0.00647714
 0.00596812], ([0.000000e+00 0.000000e+00 0.000000e+00 0.000000e+00 4.656613e-10
 4.656613e-10 0.000000e+00]) 	 loss 2.111E-02 	 horizons 9.0
step 20160 	 return [0.00164108 0.00353504 0.0045747  0.00098409 0.00117985 0.00099114
 0.        ], ([4.7286507e-05 1.8452061e-05 2.8397638e-04 9.7708539e-07 1.7497781e-05
 3.3038115e-04 0.0000000e+00]) 	 loss 1.656E-02 	 horizons 9.0
step 20250 	 return [0.         0.00292137 0.00843146 0.00550621 0.00295888 0.
 0.        ], ([0.0000000e+00 2.3283064e-10 0.0000000e+00 0.0000000e+00 0.0000000e+00
 0.0000000e+00 0.0000000e+00]) 	 loss 1.680E-02 	 horizons 9.0
step 20340 	 return [0.0035935  0.00176904 0.00467164 0.00104475 0.00133835 0.00213758
 0.        ], ([3.9706993e-04 8.8452158e-04 4.0495335e-04 4.4286253e-06 8.8401148e-06
 2.1829175e-05 0.0000000e+00]) 	 loss 1.343E-02 	 horizons 9.0
step 20430 	 return [0.00471888 0.0009294  0.00513054 0.0004118  0.00122841 0.00142699
 0.        ], ([0.00101375 0.00113902 0.00057756 0.00050437 0.00038131 0.0009356
 0.        ]) 	 loss 1.387E-02 	 horizons 9.0
step 20520 	 return [0.00470647 0.00222504 0.00232188 0.00096385 0.00114164 0.00090395
 0.        ], ([3.0127492e-05 1.4831638e-05 4.7380597e-04 7.9275687e-06 4.4144690e-06
 3.0131621e-04 0.0000000e+00]) 	 loss 1.222E-02 	 horizons 9.0
step 20610 	 return [0.00139511 0.00178141 0.00799901 0.00161691 0.00271354 0.
 0.        ], ([0.00091331 0.00081118 0.0011656  0.00246987 0.00011003 0.
 0.        ]) 	 loss 1.189E-02 	 horizons 9.0
step 20700 	 return [0.00104047 0.00112173 0.00625634 0.0034847  0.00300754 0.
 0.00093868], ([0.0014386  0.00087757 0.00169086 0.00243046 0.00095003 0.
 0.00281605]) 	 loss 2.477E-02 	 horizons 9.0
step 20790 	 return [0.         0.         0.0030117  0.00408678 0.00610982 0.00582391
 0.00549371], ([0.0000000e+00 0.0000000e+00 4.7442125e-04 9.7057817e-04 5.0912908e-04
 3.0590469e-05 2.3561998e-04]) 	 loss 2.498E-02 	 horizons 9.0
step 20880 	 return [0.00491955 0.00133934 0.00484206 0.00020492 0.00167306 0.
 0.        ], ([0.00075823 0.00109682 0.00064191 0.00041    0.00025161 0.
 0.        ]) 	 loss 2.804E-02 	 horizons 9.0
step 20970 	 return [0.00431266 0.00153577 0.00352643 0.00100388 0.00124193 0.00193373
 0.        ], ([1.4472030e-03 1.0055356e-03 7.7758601e-04 3.1651012e-05 7.5559605e-05
 5.9369754e-04 0.0000000e+00]) 	 loss 3.126E-02 	 horizons 9.0
step 21060 	 return [0.0054532  0.00022786 0.00493003 0.00069909 0.00129863 0.
 0.        ], ([0.00021434 0.00068357 0.00035309 0.00045766 0.00023548 0.
 0.        ]) 	 loss 2.196E-02 	 horizons 9.0
step 21150 	 return [0.00509307 0.00252592 0.00665278 0.         0.00051915 0.
 0.        ], ([0.0000000e+00 2.3283064e-10 0.0000000e+00 0.0000000e+00 5.8207661e-11
 0.0000000e+00 0.0000000e+00]) 	 loss 2.104E-02 	 horizons 9.0
step 21240 	 return [0.00439523 0.         0.00658324 0.         0.00146866 0.00221315
 0.        ], ([4.6566129e-10 0.0000000e+00 0.0000000e+00 0.0000000e+00 1.1641532e-10
 0.0000000e+00 0.0000000e+00]) 	 loss 1.944E-02 	 horizons 9.0
step 21330 	 return [0.00671051 0.         0.00459795 0.         0.00049024 0.
 0.        ], ([9.313226e-10 0.000000e+00 4.656613e-10 0.000000e+00 5.820766e-11
 0.000000e+00 0.000000e+00]) 	 loss 2.439E-02 	 horizons 9.0
step 21420 	 return [0.         0.00154991 0.0074695  0.01080693 0.00077098 0.
 0.        ], ([0.0000000e+00 1.1641532e-10 0.0000000e+00 0.0000000e+00 5.8207661e-11
 0.0000000e+00 0.0000000e+00]) 	 loss 1.992E-02 	 horizons 9.0
step 21510 	 return [0.         0.00152433 0.00957612 0.00899456 0.00233111 0.
 0.        ], ([0.0000000e+00 0.0000000e+00 9.3132257e-10 9.3132257e-10 2.3283064e-10
 0.0000000e+00 0.0000000e+00]) 	 loss 2.321E-02 	 horizons 9.0
step 21600 	 return [0.0034503  0.00228611 0.00446643 0.00103385 0.00131463 0.00204826
 0.        ], ([5.5326618e-05 7.4805459e-05 2.7290080e-06 8.6897635e-06 1.9308296e-05
 7.8406418e-05 0.0000000e+00]) 	 loss 1.931E-02 	 horizons 9.0
step 21690 	 return [0.         0.         0.00304458 0.00335347 0.0022348  0.0068692
 0.00989156], ([0.0000000e+00 0.0000000e+00 3.0704480e-04 7.2755196e-05 4.5706925e-04
 1.5342238e-03 7.3462067e-04]) 	 loss 1.741E-02 	 horizons 9.0
step 21780 	 return [0.00099321 0.00258234 0.00842082 0.00011055 0.00159655 0.00204603
 0.        ], ([0.00099321 0.0002759  0.00026335 0.00033165 0.00030609 0.00068201
 0.        ]) 	 loss 1.682E-02 	 horizons 9.0
step 21870 	 return [0.00381099 0.00165948 0.00680427 0.         0.00223086 0.
 0.        ], ([0.00041348 0.00108988 0.00096201 0.         0.00044754 0.
 0.        ]) 	 loss 2.256E-02 	 horizons 9.0
step 21960 	 return [0.00016677 0.00325383 0.00440341 0.000837   0.00195965 0.
 0.        ], ([0.00050031 0.00021208 0.00152051 0.00041864 0.00042081 0.
 0.        ]) 	 loss 3.475E-02 	 horizons 9.0
step 22050 	 return [0.00321504 0.00229964 0.00825587 0.         0.0005285  0.
 0.        ], ([0.0000000e+00 2.3283064e-10 0.0000000e+00 0.0000000e+00 5.8207661e-11
 0.0000000e+00 0.0000000e+00]) 	 loss 3.460E-02 	 horizons 9.0
step 22140 	 return [0.         0.         0.00239462 0.00365799 0.00734413 0.00765901
 0.00486565], ([0.0000000e+00 0.0000000e+00 4.4483395e-04 2.4749974e-05 4.8545789e-04
 9.1778266e-04 2.2777876e-04]) 	 loss 1.934E-02 	 horizons 9.0
step 22230 	 return [0.00556754 0.         0.00559752 0.         0.00172845 0.
 0.        ], ([0. 0. 0. 0. 0. 0. 0.]) 	 loss 2.338E-02 	 horizons 9.0
step 22320 	 return [0.00458912 0.         0.00549474 0.00105392 0.00135658 0.00218206
 0.        ], ([4.0295869e-04 0.0000000e+00 2.6386975e-05 6.1551111e-07 1.0962598e-06
 1.6421081e-06 0.0000000e+00]) 	 loss 2.401E-02 	 horizons 9.0
step 22410 	 return [0.         0.00154124 0.01272916 0.00429649 0.00163049 0.
 0.        ], ([0.000000e+00 0.000000e+00 9.313226e-10 4.656613e-10 0.000000e+00
 0.000000e+00 0.000000e+00]) 	 loss 1.793E-02 	 horizons 9.0
step 22500 	 return [0.00158649 0.00329472 0.00447672 0.00104276 0.00133433 0.00212749
 0.        ], ([0.0000000e+00 0.0000000e+00 4.6566129e-10 0.0000000e+00 1.1641532e-10
 2.3283064e-10 0.0000000e+00]) 	 loss 3.641E-02 	 horizons 9.0
step 22590 	 return [0.00318191 0.00133303 0.00660005 0.00064563 0.00224072 0.
 0.        ], ([0.00123972 0.001097   0.00084137 0.00052722 0.00036019 0.
 0.        ]) 	 loss 3.121E-02 	 horizons 9.0
step 22680 	 return [0.00338589 0.00228722 0.00510614 0.00020756 0.00147674 0.00179385
 0.        ], ([0.00024561 0.00015024 0.00073632 0.00041516 0.00025381 0.00059815
 0.        ]) 	 loss 3.445E-02 	 horizons 9.0
step 22770 	 return [0.         0.         0.00222318 0.00593638 0.00785812 0.00587505
 0.0048358 ], ([0.00000000e+00 0.00000000e+00 3.68848210e-04 7.47994578e-04
 8.17667169e-05 1.10050205e-05 1.29973960e-05]) 	 loss 4.302E-02 	 horizons 9.0
step 22860 	 return [0.00155823 0.00322832 0.00276253 0.00098139 0.00119146 0.00254615
 0.        ], ([0.0000000e+00 4.6566129e-10 0.0000000e+00 0.0000000e+00 1.1641532e-10
 2.3283064e-10 0.0000000e+00]) 	 loss 2.672E-02 	 horizons 9.0
step 22950 	 return [0.00202717 0.00234179 0.0084169  0.00550467 0.00295749 0.
 0.        ], ([2.3283064e-10 2.3283064e-10 9.3132257e-10 4.6566129e-10 0.0000000e+00
 0.0000000e+00 0.0000000e+00]) 	 loss 2.232E-02 	 horizons 9.0
step 23040 	 return [0.         0.         0.00210023 0.00618571 0.00788538 0.00587872
 0.00484013], ([0.000000e+00 0.000000e+00 0.000000e+00 4.656613e-10 9.313226e-10
 0.000000e+00 4.656613e-10]) 	 loss 2.095E-02 	 horizons 9.0
step 23130 	 return [0.         0.         0.00210401 0.01424304 0.00409286 0.00629161
 0.00294974], ([0.0000000e+00 0.0000000e+00 2.3283064e-10 0.0000000e+00 0.0000000e+00
 9.3132257e-10 2.3283064e-10]) 	 loss 2.463E-02 	 horizons 9.0
step 23220 	 return [0.         0.         0.00209905 0.00818885 0.00756115 0.0063799
 0.00618616], ([0.0000000e+00 0.0000000e+00 2.5135237e-06 1.3712234e-05 5.2316225e-04
 2.9171552e-04 6.5411016e-04]) 	 loss 1.754E-02 	 horizons 9.0
step 23310 	 return [0.00506549 0.00250149 0.00644788 0.         0.00063442 0.
 0.        ], ([8.2732462e-05 7.3306306e-05 6.1468745e-04 0.0000000e+00 3.4580074e-04
 0.0000000e+00 0.0000000e+00]) 	 loss 1.531E-02 	 horizons 9.0
step 23400 	 return [0.00547003 0.00025259 0.00490828 0.00089883 0.00108737 0.
 0.        ], ([0.00012565 0.00075778 0.0005815  0.00029961 0.0001894  0.
 0.        ]) 	 loss 1.334E-02 	 horizons 9.0
step 23490 	 return [0.         0.00152433 0.00957612 0.00899456 0.00233111 0.
 0.        ], ([0.0000000e+00 0.0000000e+00 9.3132257e-10 9.3132257e-10 2.3283064e-10
 0.0000000e+00 0.0000000e+00]) 	 loss 1.114E-02 	 horizons 9.0
step 23580 	 return [0.         0.         0.00210401 0.01424304 0.00409286 0.00629161
 0.00294974], ([0.0000000e+00 0.0000000e+00 2.3283064e-10 0.0000000e+00 0.0000000e+00
 9.3132257e-10 2.3283064e-10]) 	 loss 1.256E-02 	 horizons 9.0
step 23670 	 return [0.0044899  0.         0.00570848 0.00084304 0.00137883 0.00218803
 0.        ], ([3.0172832e-04 0.0000000e+00 4.3781547e-04 4.2152056e-04 4.4919292e-05
 1.2616346e-05 0.0000000e+00]) 	 loss 1.006E-02 	 horizons 9.0
step 23760 	 return [0.00393167 0.0004563  0.00602307 0.00109349 0.0024695  0.
 0.        ], ([9.8054064e-04 9.1259577e-04 6.5637124e-04 4.0103682e-06 1.4316756e-05
 0.0000000e+00 0.0000000e+00]) 	 loss 2.616E-02 	 horizons 9.0
step 23850 	 return [0.00671051 0.         0.00459795 0.         0.00049024 0.
 0.        ], ([9.313226e-10 0.000000e+00 4.656613e-10 0.000000e+00 5.820766e-11
 0.000000e+00 0.000000e+00]) 	 loss 2.571E-02 	 horizons 9.0
step 23940 	 return [0.         0.00153045 0.00986368 0.00552392 0.00297671 0.
 0.        ], ([0.0000000e+00 0.0000000e+00 0.0000000e+00 4.6566129e-10 2.3283064e-10
 0.0000000e+00 0.0000000e+00]) 	 loss 1.181E-02 	 horizons 9.0
step 24030 	 return [0.00477092 0.         0.00646429 0.         0.00233086 0.
 0.        ], ([0.0005215  0.         0.00056744 0.         0.00039437 0.
 0.        ]) 	 loss 1.003E-02 	 horizons 9.0
step 24120 	 return [0.0034503  0.00228611 0.00446643 0.00103385 0.00131463 0.00204826
 0.        ], ([5.5326618e-05 7.4805459e-05 2.7290082e-06 8.6897635e-06 1.9308296e-05
 7.8406418e-05 0.0000000e+00]) 	 loss 9.679E-03 	 horizons 9.0
step 24210 	 return [0.0040962  0.00066388 0.0062777  0.         0.00146203 0.00219678
 0.        ], ([4.5676972e-04 1.0140931e-03 4.6672317e-04 0.0000000e+00 1.0127623e-05
 2.5008461e-05 0.0000000e+00]) 	 loss 1.377E-02 	 horizons 9.0
step 24300 	 return [0.         0.         0.00210023 0.00618571 0.00788538 0.00587872
 0.00484013], ([0.000000e+00 0.000000e+00 0.000000e+00 4.656613e-10 9.313226e-10
 0.000000e+00 4.656613e-10]) 	 loss 1.053E-02 	 horizons 9.0
step 24390 	 return [0.00453287 0.00148398 0.00591239 0.00090647 0.00110114 0.
 0.        ], ([0.00090308 0.0012118  0.00097832 0.00030224 0.00019443 0.
 0.        ]) 	 loss 1.591E-02 	 horizons 9.0
step 24480 	 return [0.00481729 0.00228157 0.00460382 0.         0.00167182 0.
 0.        ], ([4.6566129e-10 2.3283064e-10 0.0000000e+00 0.0000000e+00 0.0000000e+00
 0.0000000e+00 0.0000000e+00]) 	 loss 1.694E-02 	 horizons 9.0
step 24570 	 return [0.00351907 0.00236802 0.00464766 0.00106304 0.00228049 0.
 0.        ], ([0.0000000e+00 2.3283064e-10 4.6566129e-10 1.1641532e-10 2.3283064e-10
 0.0000000e+00 0.0000000e+00]) 	 loss 8.867E-03 	 horizons 9.0
step 24660 	 return [0.00685502 0.         0.00460993 0.         0.00049087 0.
 0.        ], ([4.3354617e-04 0.0000000e+00 3.5947745e-05 0.0000000e+00 1.8801306e-06
 0.0000000e+00 0.0000000e+00]) 	 loss 2.124E-02 	 horizons 9.0
step 24750 	 return [0.00425296 0.0002276  0.00675214 0.         0.00147072 0.0022174
 0.        ], ([8.1977469e-04 6.8280299e-04 4.8452776e-04 0.0000000e+00 5.3440704e-06
 1.1460107e-05 0.0000000e+00]) 	 loss 2.015E-02 	 horizons 9.0
step 24840 	 return [0.00349764 0.00233843 0.0048799  0.00085217 0.00233087 0.
 0.        ], ([4.3754892e-05 5.9603255e-05 4.5780069e-04 4.2611413e-04 8.3553517e-05
 0.0000000e+00 0.0000000e+00]) 	 loss 1.636E-02 	 horizons 9.0
step 24930 	 return [0.00372672 0.00222314 0.0079147  0.         0.00160491 0.
 0.        ], ([0.0002343  0.00074105 0.000389   0.         0.0003441  0.
 0.        ]) 	 loss 1.287E-02 	 horizons 9.0
step 25020 	 return [0.00383059 0.00221649 0.00661015 0.00091257 0.00123309 0.
 0.        ], ([0.00057898 0.00073883 0.00033754 0.00030419 0.00016512 0.
 0.        ]) 	 loss 2.208E-02 	 horizons 9.0
step 25110 	 return [0.00479689 0.00098962 0.00666163 0.         0.00164295 0.
 0.        ], ([0.00093382 0.00121203 0.00092284 0.         0.00012153 0.
 0.        ]) 	 loss 1.759E-02 	 horizons 9.0
step 25200 	 return [0.0016028  0.00339499 0.00447454 0.00103407 0.00131502 0.00204908
 0.        ], ([1.63082732e-05 1.00273406e-04 2.18255445e-06 8.68982170e-06
 1.93082960e-05 7.84063013e-05 0.00000000e+00]) 	 loss 2.173E-02 	 horizons 9.0
step 25290 	 return [0.00159441 0.00184996 0.00742567 0.00122098 0.00328032 0.
 0.00187737], ([0.00079721 0.00092498 0.00267281 0.00244196 0.00127761 0.
 0.00375473]) 	 loss 2.294E-02 	 horizons 9.0
step 25380 	 return [0.00469643 0.00222009 0.00216395 0.00096121 0.00114312 0.00100439
 0.        ], ([4.6566129e-10 2.3283064e-10 2.3283064e-10 0.0000000e+00 0.0000000e+00
 1.1641532e-10 0.0000000e+00]) 	 loss 1.258E-02 	 horizons 9.0
step 25470 	 return [0.0020446  0.00212102 0.00587557 0.00107075 0.00232039 0.
 0.        ], ([6.8190595e-04 4.8694299e-05 6.0034357e-04 4.8323068e-06 4.2659321e-05
 0.0000000e+00 0.0000000e+00]) 	 loss 1.787E-02 	 horizons 9.0
step 25560 	 return [0.00590206 0.         0.00474465 0.00099954 0.00115197 0.
 0.        ], ([5.9595850e-04 0.0000000e+00 4.6146193e-05 1.2712877e-06 2.2447323e-06
 0.0000000e+00 0.0000000e+00]) 	 loss 2.267E-02 	 horizons 9.0
step 25650 	 return [0.         0.         0.00209989 0.00819342 0.00773554 0.00647714
 0.00596812], ([0.000000e+00 0.000000e+00 0.000000e+00 0.000000e+00 4.656613e-10
 4.656613e-10 0.000000e+00]) 	 loss 1.369E-02 	 horizons 9.0
step 25740 	 return [0.00376354 0.00160943 0.00629454 0.         0.00244962 0.
 0.        ], ([0.00044196 0.00105674 0.00064427 0.         0.00023044 0.
 0.        ]) 	 loss 1.203E-02 	 horizons 9.0
step 25830 	 return [0.         0.         0.00323691 0.00358878 0.00589176 0.005805
 0.00554895], ([0.0000000e+00 0.0000000e+00 2.3283064e-10 0.0000000e+00 0.0000000e+00
 0.0000000e+00 4.6566129e-10]) 	 loss 1.654E-02 	 horizons 9.0
step 25920 	 return [0.00347278 0.00231619 0.00457474 0.00092786 0.00131816 0.00202009
 0.        ], ([5.0947412e-05 6.8668596e-05 3.2767028e-04 3.0938277e-04 3.4550827e-05
 7.0394410e-05 0.0000000e+00]) 	 loss 1.675E-02 	 horizons 9.0
step 26010 	 return [0.0043884  0.         0.00559171 0.00094825 0.0013673  0.00218443
 0.        ], ([2.2748486e-06 0.0000000e+00 3.3050906e-04 3.1608253e-04 3.3786753e-05
 9.5722735e-06 0.0000000e+00]) 	 loss 2.130E-02 	 horizons 9.0
step 26100 	 return [0.0037172  0.00155403 0.0061175  0.         0.0025494  0.
 0.        ], ([4.6632366e-04 1.0173498e-03 4.7021470e-04 0.0000000e+00 2.5950592e-05
 0.0000000e+00 0.0000000e+00]) 	 loss 5.316E-02 	 horizons 9.0
step 26190 	 return [0.00351907 0.00237012 0.00571364 0.         0.00133887 0.00201352
 0.        ], ([2.9841116e-05 2.2744221e-05 4.6774591e-04 0.0000000e+00 2.0721878e-04
 3.5282297e-05 0.0000000e+00]) 	 loss 3.836E-02 	 horizons 9.0
step 26280 	 return [0.00365097 0.00247216 0.00784224 0.00010157 0.00158612 0.
 0.        ], ([3.0517242e-06 2.3329064e-06 4.0827351e-04 3.0471967e-04 1.6985484e-04
 0.0000000e+00 0.0000000e+00]) 	 loss 3.661E-02 	 horizons 9.0
step 26370 	 return [0.00350913 0.00236254 0.00555772 0.         0.00140794 0.00200176
 0.        ], ([0.0000000e+00 2.3283064e-10 0.0000000e+00 0.0000000e+00 1.1641532e-10
 0.0000000e+00 0.0000000e+00]) 	 loss 3.765E-02 	 horizons 9.0
step 26460 	 return [0.00365111 0.0024721  0.00807007 0.         0.00157719 0.
 0.        ], ([9.7425652e-07 9.0098473e-07 1.4414471e-04 0.0000000e+00 6.9279646e-05
 0.0000000e+00 0.0000000e+00]) 	 loss 2.904E-02 	 horizons 9.0
step 26550 	 return [0.00481729 0.00228157 0.00460382 0.         0.00167182 0.
 0.        ], ([4.6566129e-10 2.3283064e-10 0.0000000e+00 0.0000000e+00 0.0000000e+00
 0.0000000e+00 0.0000000e+00]) 	 loss 3.091E-02 	 horizons 9.0
step 26640 	 return [0.00460809 0.00098992 0.006929   0.         0.00209723 0.
 0.        ], ([0.00118453 0.0012124  0.00071225 0.         0.00040192 0.
 0.        ]) 	 loss 2.122E-02 	 horizons 9.0
step 26730 	 return [0.00365111 0.0024721  0.00807007 0.         0.00157719 0.
 0.        ], ([9.7425652e-07 9.0098473e-07 1.4414471e-04 0.0000000e+00 6.9279646e-05
 0.0000000e+00 0.0000000e+00]) 	 loss 2.159E-02 	 horizons 9.0
step 26820 	 return [0.00158975 0.00331477 0.00447629 0.00104102 0.00133047 0.0021118
 0.        ], ([9.7849643e-06 6.0164042e-05 1.3095328e-06 5.2138930e-06 1.1584978e-05
 4.7043781e-05 0.0000000e+00]) 	 loss 2.466E-02 	 horizons 9.0
step 26910 	 return [0.00327153 0.00240818 0.00838639 0.         0.00158097 0.
 0.        ], ([7.5984531e-04 1.2815055e-04 5.2683282e-04 0.0000000e+00 7.4318334e-05
 0.0000000e+00 0.0000000e+00]) 	 loss 2.147E-02 	 horizons 9.0
step 27000 	 return [0.         0.         0.00210401 0.01424304 0.00409286 0.00629161
 0.00294974], ([0.0000000e+00 0.0000000e+00 2.3283064e-10 0.0000000e+00 0.0000000e+00
 9.3132257e-10 2.3283064e-10]) 	 loss 4.227E-02 	 horizons 9.0
step 27090 	 return [0.00483539 0.00231442 0.0037706  0.00098242 0.00111682 0.
 0.        ], ([5.8864836e-05 6.8560548e-05 4.1708267e-05 7.9643005e-06 1.7696344e-05
 0.0000000e+00 0.0000000e+00]) 	 loss 2.824E-02 	 horizons 9.0
step 27180 	 return [0.         0.         0.00217244 0.00366234 0.00749209 0.00811788
 0.00478884], ([0.000000e+00 0.000000e+00 0.000000e+00 4.656613e-10 0.000000e+00
 0.000000e+00 4.656613e-10]) 	 loss 3.260E-02 	 horizons 9.0
step 27270 	 return [0.0018722  0.00236272 0.0057544  0.00093319 0.00133176 0.00205768
 0.        ], ([5.1799201e-04 4.6989913e-04 7.3934323e-04 3.1122915e-04 4.3991160e-05
 8.5537555e-05 0.0000000e+00]) 	 loss 2.522E-02 	 horizons 9.0
step 27360 	 return [0.00344608 0.0023255  0.00435836 0.00101974 0.00128201 0.00187837
 0.        ], ([1.8606045e-04 1.1415331e-04 3.8600166e-04 1.2634841e-05 3.2965432e-05
 2.5965969e-04 0.0000000e+00]) 	 loss 3.685E-02 	 horizons 9.0
step 27450 	 return [0.         0.         0.00332973 0.00369239 0.00761282 0.00584204
 0.00479681], ([0.0000000e+00 0.0000000e+00 2.3283064e-10 0.0000000e+00 4.6566129e-10
 4.6566129e-10 4.6566129e-10]) 	 loss 5.100E-02 	 horizons 9.0
step 27540 	 return [0.         0.         0.00209151 0.00814771 0.00599166 0.00550476
 0.00814849], ([0.000000e+00 0.000000e+00 0.000000e+00 9.313226e-10 0.000000e+00
 4.656613e-10 9.313226e-10]) 	 loss 2.849E-02 	 horizons 9.0
step 27630 	 return [0.         0.         0.00210112 0.0100083  0.00664274 0.00642148
 0.00506261], ([0.0000000e+00 0.0000000e+00 1.8904468e-06 2.7722833e-03 1.6692830e-03
 8.5020176e-05 1.3831939e-03]) 	 loss 1.775E-02 	 horizons 9.0
step 27720 	 return [0.         0.         0.00257056 0.00509314 0.00671803 0.00586544
 0.00530803], ([0.0000000e+00 0.0000000e+00 6.1985990e-04 1.1437023e-03 7.3059613e-04
 1.9106508e-05 4.1741334e-04]) 	 loss 1.305E-02 	 horizons 9.0
step 27810 	 return [0.00201383 0.00182065 0.00733401 0.00054264 0.00170902 0.00275755
 0.00017537], ([0.00099368 0.00091032 0.00161107 0.00100396 0.00048201 0.00237554
 0.0005261 ]) 	 loss 1.602E-02 	 horizons 9.0
step 27900 	 return [0.00200903 0.00202415 0.00629802 0.00100697 0.00126335 0.00212853
 0.        ], ([0.00098545 0.00067813 0.00196149 0.00016667 0.00032586 0.00026087
 0.        ]) 	 loss 2.469E-02 	 horizons 9.0
step 27990 	 return [0.         0.         0.00332973 0.00369239 0.00761282 0.00584204
 0.00479681], ([0.0000000e+00 0.0000000e+00 2.3283064e-10 0.0000000e+00 4.6566129e-10
 4.6566129e-10 4.6566129e-10]) 	 loss 2.250E-02 	 horizons 9.0
step 28080 	 return [0.         0.         0.00217244 0.00366234 0.00749209 0.00811788
 0.00478884], ([0.000000e+00 0.000000e+00 0.000000e+00 4.656613e-10 0.000000e+00
 0.000000e+00 4.656613e-10]) 	 loss 1.208E-02 	 horizons 9.0
step 28170 	 return [0.         0.         0.00217244 0.00366234 0.00749209 0.00811788
 0.00478884], ([0.000000e+00 0.000000e+00 0.000000e+00 4.656613e-10 0.000000e+00
 0.000000e+00 4.656613e-10]) 	 loss 1.282E-02 	 horizons 9.0
step 28260 	 return [0.         0.         0.00210401 0.01424304 0.00409286 0.00629161
 0.00294974], ([0.0000000e+00 0.0000000e+00 2.3283064e-10 0.0000000e+00 0.0000000e+00
 9.3132257e-10 2.3283064e-10]) 	 loss 8.075E-03 	 horizons 9.0
step 28350 	 return [0.         0.         0.00324619 0.00359914 0.00606387 0.00580871
 0.00547373], ([0.0000000e+00 0.0000000e+00 2.7846358e-05 3.1084430e-05 5.1631714e-04
 1.1109794e-05 2.2564211e-04]) 	 loss 6.336E-03 	 horizons 9.0
step 28440 	 return [0.0024478  0.00181951 0.00678645 0.00106163 0.00137036 0.00221199
 0.        ], ([9.6992380e-04 9.0975279e-04 6.5245252e-04 4.0103682e-06 7.1634540e-06
 1.5375112e-05 0.0000000e+00]) 	 loss 4.764E-03 	 horizons 9.0
step 28530 	 return [0.00333982 0.00217892 0.00309835 0.00099344 0.00121964 0.00246061
 0.        ], ([2.7575159e-05 1.6193464e-05 6.8540359e-04 2.4548081e-05 5.7147074e-05
 1.6697020e-04 0.0000000e+00]) 	 loss 4.116E-03 	 horizons 9.0
step 28620 	 return [0.         0.         0.00210401 0.01424304 0.00409286 0.00629161
 0.00294974], ([0.0000000e+00 0.0000000e+00 2.3283064e-10 0.0000000e+00 0.0000000e+00
 9.3132257e-10 2.3283064e-10]) 	 loss 3.650E-03 	 horizons 9.0
step 28710 	 return [0.00336739 0.00219511 0.00378376 0.00101799 0.00127679 0.00229364
 0.        ], ([3.3772532e-05 1.9832863e-05 8.3944463e-04 3.0065135e-05 6.9990580e-05
 2.0449591e-04 0.0000000e+00]) 	 loss 3.727E-03 	 horizons 9.0
step 28800 	 return [0.         0.00246644 0.00926714 0.         0.00265783 0.
 0.        ], ([0.0000000e+00 6.2564097e-04 6.1856944e-04 0.0000000e+00 8.1641956e-06
 0.0000000e+00 0.0000000e+00]) 	 loss 3.996E-03 	 horizons 9.0
step 28890 	 return [0.         0.         0.00209989 0.00819342 0.00773554 0.00647714
 0.00596812], ([0.000000e+00 0.000000e+00 0.000000e+00 0.000000e+00 4.656613e-10
 4.656613e-10 0.000000e+00]) 	 loss 4.084E-03 	 horizons 9.0
step 28980 	 return [0.         0.         0.00217244 0.00366234 0.00749209 0.00811788
 0.00478884], ([0.000000e+00 0.000000e+00 0.000000e+00 4.656613e-10 0.000000e+00
 0.000000e+00 4.656613e-10]) 	 loss 3.568E-03 	 horizons 9.0
step 29070 	 return [0.00196283 0.00227438 0.00711267 0.00106363 0.00137394 0.00221968
 0.        ], ([2.3283064e-10 2.3283064e-10 0.0000000e+00 1.1641532e-10 1.1641532e-10
 2.3283064e-10 0.0000000e+00]) 	 loss 2.836E-03 	 horizons 9.0
step 29160 	 return [0.00196283 0.00227438 0.00711267 0.00106363 0.00137394 0.00221968
 0.        ], ([2.3283064e-10 2.3283064e-10 0.0000000e+00 1.1641532e-10 1.1641532e-10
 2.3283064e-10 0.0000000e+00]) 	 loss 3.093E-03 	 horizons 9.0
step 29250 	 return [0.         0.         0.00217244 0.00366234 0.00749209 0.00811788
 0.00478884], ([0.000000e+00 0.000000e+00 0.000000e+00 4.656613e-10 0.000000e+00
 0.000000e+00 4.656613e-10]) 	 loss 3.534E-03 	 horizons 9.0
step 29340 	 return [0.         0.         0.00209989 0.00819342 0.00773554 0.00647714
 0.00596812], ([0.000000e+00 0.000000e+00 0.000000e+00 0.000000e+00 4.656613e-10
 4.656613e-10 0.000000e+00]) 	 loss 1.865E-03 	 horizons 9.0
step 29430 	 return [0.00292056 0.00156373 0.00498792 0.00100586 0.00124081 0.00276342
 0.        ], ([1.5261337e-03 1.0237007e-03 6.5547135e-04 1.6768234e-05 3.9773564e-05
 1.9617511e-04 0.0000000e+00]) 	 loss 1.688E-03 	 horizons 9.0
step 29520 	 return [0.         0.         0.00217244 0.00366234 0.00749209 0.00811788
 0.00478884], ([0.000000e+00 0.000000e+00 0.000000e+00 4.656613e-10 0.000000e+00
 0.000000e+00 4.656613e-10]) 	 loss 5.753E-03 	 horizons 9.0
step 29610 	 return [0.00039699 0.00274576 0.00767658 0.00085507 0.00140671 0.00225675
 0.        ], ([7.9397298e-04 2.2058014e-04 4.7484753e-04 4.2753704e-04 4.5980181e-05
 1.8453980e-05 0.0000000e+00]) 	 loss 1.989E-03 	 horizons 9.0
step 29700 	 return [0.00333982 0.00217892 0.00309835 0.00099344 0.00121964 0.00246061
 0.        ], ([2.7575159e-05 1.6193462e-05 6.8540359e-04 2.4548081e-05 5.7147074e-05
 1.6697023e-04 0.0000000e+00]) 	 loss 2.015E-02 	 horizons 9.0
step 29790 	 return [0.         0.         0.00209992 0.00799265 0.00775052 0.0064173
 0.00585532], ([0.0000000e+00 0.0000000e+00 1.0442461e-07 6.0231314e-04 4.4951175e-05
 1.7952612e-04 3.3839696e-04]) 	 loss 8.361E-03 	 horizons 9.0
step 29880 	 return [0.00517777 0.         0.00368658 0.00099378 0.00121591 0.00275507
 0.        ], ([0.0000000e+00 0.0000000e+00 0.0000000e+00 0.0000000e+00 1.1641532e-10
 2.3283064e-10 0.0000000e+00]) 	 loss 7.072E-03 	 horizons 9.0
step 29970 	 return [0.         0.         0.00323691 0.00358878 0.00589176 0.005805
 0.00554895], ([0.0000000e+00 0.0000000e+00 2.3283064e-10 0.0000000e+00 0.0000000e+00
 0.0000000e+00 4.6566129e-10]) 	 loss 5.592E-03 	 horizons 9.0
step 30060 	 return [0.00332603 0.00217082 0.00275565 0.00098117 0.00119107 0.00254409
 0.        ], ([4.6566129e-10 2.3283064e-10 0.0000000e+00 1.1641532e-10 0.0000000e+00
 2.3283064e-10 0.0000000e+00]) 	 loss 8.209E-03 	 horizons 9.0
[1;34mwandb[0m: 
[1;34mwandb[0m: 🚀 View run [33mmotndp_amsterdam-v0__GCN-amsterdam-g7-temporal__789__1781508571[0m at: [34mhttps://wandb.ai/jingyuan-sun03-tu-delft/cl_ablation/runs/crfh6ax7[0m
[1;34mwandb[0m: Find logs at: [1;35mwandb/run-20260615_092931-crfh6ax7/logs[0m
