/home/SinJ/mo-transport-network-design/.venv/lib/python3.13/site-packages/pygame/pkgdata.py:25: UserWarning: pkg_resources is deprecated as an API. See https://setuptools.pypa.io/en/latest/pkg_resources.html. The pkg_resources package is slated for removal as early as 2025-11-30. Refrain from using this package or pin to Setuptools<81.
  from pkg_resources import resource_stream, resource_exists
wandb: [wandb.login()] Loaded credentials for https://api.wandb.ai from /home/SinJ/.netrc.
wandb: Currently logged in as: jingyuan-sun03 (jingyuan-sun03-tu-delft) to https://api.wandb.ai. Use `wandb login --relogin` to force relogin
wandb: setting up run 82pc1474
wandb: Tracking run with wandb version 0.27.2
wandb: Run data is saved locally in /home/SinJ/mo-transport-network-design/wandb/run-20260615_120817-82pc1474
wandb: Run `wandb offline` to turn off syncing.
wandb: Syncing run motndp_amsterdam-v0__GCN-amsterdam-g10-l0__1024__1781518097
wandb: ⭐️ View project at https://wandb.ai/jingyuan-sun03-tu-delft/cl_ablation
wandb: 🚀 View run at https://wandb.ai/jingyuan-sun03-tu-delft/cl_ablation/runs/82pc1474
/home/SinJ/mo-transport-network-design/morl-baselines/morl_baselines/multi_policy/gcn/gcn.py:151: UserWarning: Creating a tensor from a list of numpy.ndarrays is extremely slow. Please consider converting the list to a single numpy.ndarray with numpy.array() before converting to a tensor. (Triggered internally at /pytorch/torch/csrc/utils/tensor_new.cpp:253.)
  th.tensor(obs).to(self.device),
Namespace(env='amsterdam', nr_groups=10, starting_loc_x=9, starting_loc_y=19, nr_stations=10, lr=0.01, batch_size=256, num_er_episodes=100, num_step_episodes=10, num_model_updates=10, num_policies=10, max_buffer_size=200, nr_layers=1, hidden_dim=128, timesteps=30000, no_log=False, seed=1024, cd_threshold=0.2, distance_ref='interpolate2', gcn_lambda=0.0, lambda_schedule='constant', lambda_start=1.0, lambda_end=None, lambda_warmup_fraction=0.0, lambda_freeze_fraction=0.1, spatial_alpha=0.0, include_demand_context=False, criterion='lorenz', nash_mode='pareto_sized', nash_top_k=None, nash_shift=0.0, project_name='cl_ablation', experiment_name='GCN-amsterdam-g10-l0', wandb_entity=None)
step 990 	 return [0.         0.         0.00062297 0.00155938 0.00195704 0.00052687
 0.00105653 0.00069173 0.0002595  0.        ], ([0.         0.         0.00083665 0.00247223 0.00396369 0.00112089
 0.00185329 0.00163864 0.00032992 0.        ]) 	 loss 2.018E+00 	 horizons 9.0
step 1080 	 return [0.         0.00022744 0.00049697 0.00085301 0.0030158  0.00214288
 0.00194714 0.00344418 0.00343309 0.00092225], ([0.         0.00068232 0.00104098 0.00180756 0.00349768 0.00404177
 0.00142946 0.00270821 0.00305171 0.00276675]) 	 loss 1.810E+00 	 horizons 9.0
step 1170 	 return [0.         0.00049435 0.00117021 0.0015603  0.00246304 0.00112891
 0.00122745 0.00229093 0.00214858 0.00136873], ([0.         0.00099355 0.00123225 0.00196676 0.00313433 0.0021592
 0.00079907 0.00225024 0.00200069 0.00276209]) 	 loss 1.368E+00 	 horizons 9.0
step 1260 	 return [0.0000000e+00 0.0000000e+00 8.4503164e-04 6.2756701e-03 6.9940714e-03
 4.9606003e-03 1.6780698e-03 7.6161938e-05 0.0000000e+00 0.0000000e+00], ([0.         0.         0.00115801 0.00336854 0.00372336 0.00472321
 0.00106465 0.00022849 0.         0.        ]) 	 loss 1.171E+00 	 horizons 9.0
step 1350 	 return [0.0000000e+00 2.2634192e-04 1.5635544e-03 1.1589658e-03 6.0060015e-04
 4.3205795e-04 5.1882985e-04 8.8031671e-04 6.0935441e-04 1.2133840e-05], ([0.0000000e+00 6.7902572e-04 1.1409411e-03 9.7189029e-04 8.3129323e-04
 4.2328762e-04 5.7941955e-04 1.7787679e-03 4.3317935e-04 3.6401518e-05]) 	 loss 1.101E+00 	 horizons 9.0
step 1440 	 return [0.00015658 0.         0.00043662 0.00144395 0.00336695 0.00289764
 0.0020443  0.00238715 0.00151762 0.00014625], ([0.00046973 0.         0.00075225 0.00227032 0.00380894 0.00346293
 0.00097879 0.00190468 0.00251519 0.00043876]) 	 loss 1.041E+00 	 horizons 9.0
step 1530 	 return [0.         0.0016851  0.00069787 0.00170308 0.00178496 0.
 0.00064336 0.00047956 0.00035354 0.        ], ([0.         0.00224428 0.00112325 0.00209281 0.00207006 0.
 0.0003647  0.00042936 0.00037599 0.        ]) 	 loss 9.821E-01 	 horizons 9.0
step 1620 	 return [0.         0.00022744 0.00137144 0.00208552 0.00233629 0.00085468
 0.00165081 0.00362881 0.00146729 0.        ], ([0.         0.00068232 0.00122272 0.00325288 0.00221814 0.00210938
 0.00104954 0.00202153 0.0014088  0.        ]) 	 loss 1.008E+00 	 horizons 9.0
step 1710 	 return [0.         0.         0.00044587 0.00115421 0.00189453 0.00112004
 0.00201715 0.00393986 0.00345214 0.00026637], ([0.         0.         0.00090939 0.00307846 0.00240491 0.00145551
 0.00102776 0.00211871 0.00259905 0.00079912]) 	 loss 9.748E-01 	 horizons 9.0
step 1800 	 return [0.00016367 0.00033048 0.00093724 0.00105732 0.00283301 0.
 0.00187249 0.0045208  0.00139872 0.        ], ([0.00049101 0.00099143 0.00099626 0.00211888 0.00121546 0.
 0.00112273 0.00165707 0.00134724 0.        ]) 	 loss 9.481E-01 	 horizons 9.0
step 1890 	 return [0.         0.         0.00081745 0.0002367  0.00093664 0.00021054
 0.00181836 0.00437118 0.00361178 0.        ], ([0.         0.         0.00101718 0.00047406 0.00120624 0.00063162
 0.00108246 0.00178747 0.00283667 0.        ]) 	 loss 9.267E-01 	 horizons 9.0
step 1980 	 return [0.         0.         0.0003553  0.         0.00165317 0.00056856
 0.00262252 0.00332335 0.00228149 0.0002949 ], ([0.         0.         0.00071428 0.         0.00129115 0.0009846
 0.00109813 0.00113279 0.00269434 0.00088469]) 	 loss 8.615E-01 	 horizons 9.0
step 2070 	 return [0.         0.         0.00012154 0.00423967 0.0038206  0.00156767
 0.00293181 0.00202627 0.00207503 0.00124979], ([0.         0.         0.00025973 0.00371647 0.00182786 0.00148773
 0.00156011 0.00307358 0.00329492 0.00198629]) 	 loss 8.758E-01 	 horizons 9.0
step 2160 	 return [0.         0.00030404 0.00092955 0.00864302 0.00394322 0.
 0.00140518 0.00020816 0.00021017 0.        ], ([0.         0.00091211 0.00104044 0.00287123 0.00171248 0.
 0.00061737 0.00032682 0.00063051 0.        ]) 	 loss 8.321E-01 	 horizons 9.0
step 2250 	 return [0.00033786 0.00043679 0.00257741 0.00241651 0.00261081 0.
 0.00072079 0.00113973 0.00092986 0.        ], ([0.00051711 0.00087359 0.00130009 0.00345148 0.00127724 0.
 0.00030895 0.00141266 0.00095408 0.        ]) 	 loss 7.860E-01 	 horizons 9.0
step 2340 	 return [0.         0.0016947  0.00017729 0.00658147 0.00784393 0.00069303
 0.0010898  0.00063293 0.00059736 0.        ], ([0.         0.00224346 0.00053187 0.00394323 0.0051612  0.00138607
 0.00041209 0.00056902 0.00096165 0.        ]) 	 loss 8.132E-01 	 horizons 9.0
step 2430 	 return [0.         0.00192862 0.00118674 0.00622939 0.00345704 0.
 0.00079581 0.00056777 0.00055556 0.        ], ([0.         0.00238455 0.00146772 0.00241723 0.00177971 0.
 0.00028225 0.00051583 0.00092146 0.        ]) 	 loss 7.851E-01 	 horizons 9.0
step 2520 	 return [0.         0.00091204 0.0018689  0.00512294 0.00325536 0.
 0.00111423 0.00144522 0.00068615 0.        ], ([0.         0.00143436 0.00095468 0.00347957 0.00137242 0.
 0.00086444 0.00165055 0.00105537 0.        ]) 	 loss 7.702E-01 	 horizons 9.0
step 2610 	 return [0.         0.         0.         0.00068594 0.00357648 0.00499994
 0.00336875 0.00536087 0.00205675 0.00390269], ([0.         0.         0.         0.00143015 0.00267609 0.00355646
 0.00178038 0.00346841 0.0023151  0.00295168]) 	 loss 7.564E-01 	 horizons 9.0
step 2700 	 return [0.         0.0006382  0.00026567 0.00798185 0.00804255 0.00513475
 0.00278934 0.         0.         0.        ], ([0.         0.00127639 0.00064864 0.0022128  0.00170596 0.00311501
 0.00113429 0.         0.         0.        ]) 	 loss 7.419E-01 	 horizons 9.0
step 2790 	 return [0.         0.00033227 0.00043865 0.00666968 0.00592182 0.00026383
 0.00130597 0.00023815 0.00023245 0.        ], ([0.         0.0009968  0.00043752 0.00230726 0.00254792 0.00079148
 0.00076936 0.0004983  0.00069734 0.        ]) 	 loss 7.351E-01 	 horizons 9.0
step 2880 	 return [0.         0.00178708 0.00204151 0.00568895 0.00307194 0.
 0.00083249 0.00067428 0.00066479 0.        ], ([0.         0.00160285 0.00152066 0.00339847 0.00094331 0.
 0.00029533 0.00121159 0.00102045 0.        ]) 	 loss 7.214E-01 	 horizons 9.0
step 2970 	 return [0.         0.         0.         0.         0.00203994 0.00311016
 0.00388278 0.0070569  0.00177021 0.00620845], ([0.         0.         0.         0.         0.00073505 0.00206239
 0.00189785 0.00212648 0.00223694 0.0025644 ]) 	 loss 7.106E-01 	 horizons 9.0
step 3060 	 return [0.00033113 0.00089912 0.00254307 0.00162704 0.00103712 0.
 0.00152034 0.00186921 0.00126978 0.        ], ([0.00066232 0.00110121 0.00069791 0.00107006 0.00132116 0.
 0.00098797 0.00086061 0.00063181 0.        ]) 	 loss 6.946E-01 	 horizons 9.0
step 3150 	 return [0.         0.00438021 0.00029826 0.00356421 0.00269149 0.
 0.00069545 0.00069789 0.00136483 0.        ], ([0.0000000e+00 2.2746038e-03 7.5181399e-04 2.7255034e-03 1.5222335e-03
 0.0000000e+00 6.0702274e-05 2.4884893e-04 8.4499712e-04 0.0000000e+00]) 	 loss 6.505E-01 	 horizons 9.0
step 3240 	 return [0.00012439 0.         0.000256   0.         0.0024177  0.0024572
 0.00324632 0.00675986 0.00267518 0.00342651], ([0.00037316 0.         0.00076799 0.         0.00110967 0.0018925
 0.00200394 0.00214189 0.00290642 0.00257382]) 	 loss 6.235E-01 	 horizons 9.0
step 3330 	 return [0.00010369 0.0024092  0.00216061 0.00362155 0.00196386 0.
 0.00066563 0.0006718  0.00052204 0.        ], ([0.00031106 0.00194509 0.0011244  0.00222743 0.00106103 0.
 0.0002541  0.00107783 0.00077242 0.        ]) 	 loss 6.201E-01 	 horizons 9.0
step 3420 	 return [0.         0.0006382  0.00021602 0.0064926  0.00787316 0.008603
 0.00282651 0.00090474 0.         0.00046617], ([0.         0.00127639 0.00064807 0.00358597 0.00215153 0.00189306
 0.00177747 0.00271421 0.         0.00139852]) 	 loss 5.976E-01 	 horizons 9.0
step 3510 	 return [0.         0.         0.         0.         0.00198791 0.00363697
 0.00474044 0.00646387 0.00258256 0.00504733], ([0.         0.         0.         0.         0.00059439 0.00160715
 0.00062192 0.00168129 0.0022843  0.00276423]) 	 loss 5.438E-01 	 horizons 9.0
step 3600 	 return [0.00020598 0.00036944 0.00235464 0.00451738 0.00144331 0.
 0.00088151 0.00072521 0.00077039 0.        ], ([0.00041245 0.00110832 0.00105748 0.00252058 0.00067376 0.
 0.0004876  0.00115456 0.00097228 0.        ]) 	 loss 5.355E-01 	 horizons 9.0
step 3690 	 return [0.         0.         0.00054814 0.00666701 0.00671069 0.00021669
 0.00122469 0.00012795 0.         0.        ], ([0.         0.         0.0003848  0.00220231 0.00161107 0.00065008
 0.00052339 0.00038384 0.         0.        ]) 	 loss 5.123E-01 	 horizons 9.0
step 3780 	 return [0.00051319 0.00022523 0.00217475 0.0014219  0.00097282 0.
 0.0010632  0.00238247 0.00193028 0.        ], ([0.00051341 0.0006757  0.00036661 0.00058    0.00032677 0.
 0.00058156 0.00102872 0.00041754 0.        ]) 	 loss 5.214E-01 	 horizons 9.0
step 3870 	 return [0.         0.         0.00059062 0.00673079 0.00599604 0.00025845
 0.00094901 0.00013863 0.         0.        ], ([0.         0.         0.00048488 0.00209266 0.00158247 0.00077535
 0.000368   0.00041589 0.         0.        ]) 	 loss 4.921E-01 	 horizons 9.0
step 3960 	 return [0.         0.0020245  0.00127175 0.00773835 0.00552089 0.
 0.00129859 0.00072541 0.00073451 0.        ], ([0.         0.00136695 0.0016514  0.00207627 0.00104924 0.
 0.00087713 0.00090777 0.00112199 0.        ]) 	 loss 4.959E-01 	 horizons 9.0
step 4050 	 return [0.         0.         0.00044251 0.00820834 0.00739627 0.
 0.00189689 0.         0.         0.        ], ([0.         0.         0.00056056 0.00204707 0.00156457 0.
 0.00060025 0.         0.         0.        ]) 	 loss 4.844E-01 	 horizons 9.0
step 4140 	 return [0.00030582 0.         0.00183083 0.00121488 0.00109034 0.
 0.00187002 0.00199778 0.00169461 0.        ], ([4.6734361e-04 0.0000000e+00 1.8405537e-04 6.6394176e-05 4.1885934e-05
 0.0000000e+00 8.7760494e-04 8.2625897e-04 3.9133875e-04 0.0000000e+00]) 	 loss 4.740E-01 	 horizons 9.0
step 4230 	 return [0.         0.0002184  0.0021027  0.00164839 0.00049138 0.00064308
 0.00041859 0.00017603 0.00159313 0.        ], ([0.         0.00065519 0.00075194 0.00058696 0.00068127 0.00040609
 0.0001066  0.00035206 0.00040891 0.        ]) 	 loss 4.514E-01 	 horizons 9.0
step 4320 	 return [0.         0.0019071  0.0020743  0.00685952 0.00380986 0.
 0.00083183 0.00046289 0.00094615 0.        ], ([0.         0.0008236  0.00064295 0.00207014 0.00042692 0.
 0.00027881 0.00041001 0.00115922 0.        ]) 	 loss 4.489E-01 	 horizons 9.0
step 4410 	 return [0.         0.         0.0008693  0.00609529 0.00368254 0.
 0.00137617 0.0003596  0.         0.        ], ([0.         0.         0.00048416 0.00209959 0.00119863 0.
 0.00038228 0.0005776  0.         0.        ]) 	 loss 4.106E-01 	 horizons 9.0
step 4500 	 return [0.         0.         0.         0.         0.00227863 0.0036139
 0.00469363 0.00816645 0.00217116 0.00421302], ([0.         0.         0.         0.         0.00080216 0.00084921
 0.0020311  0.00207897 0.00255929 0.0006719 ]) 	 loss 4.120E-01 	 horizons 9.0
step 4590 	 return [0.         0.00257944 0.0021247  0.00664455 0.00433093 0.
 0.00065547 0.00025305 0.00045416 0.        ], ([0.0000000e+00 1.3203557e-03 1.3287738e-03 2.4351114e-03 8.1792648e-04
 0.0000000e+00 4.3589971e-05 4.0823789e-04 9.0881926e-04 0.0000000e+00]) 	 loss 3.842E-01 	 horizons 9.0
step 4680 	 return [0.00087059 0.00045046 0.00220677 0.00144734 0.00051217 0.
 0.00085472 0.00169137 0.00154788 0.        ], ([0.0006228  0.00090093 0.00048263 0.00087966 0.00051248 0.
 0.00073548 0.00023459 0.00010074 0.        ]) 	 loss 3.674E-01 	 horizons 9.0
step 4770 	 return [0.         0.00225232 0.00304492 0.00316047 0.         0.
 0.00062223 0.00160368 0.00163388 0.        ], ([0.0000000e+00 0.0000000e+00 2.3283064e-10 4.6566129e-10 0.0000000e+00
 0.0000000e+00 5.8207661e-11 0.0000000e+00 0.0000000e+00 0.0000000e+00]) 	 loss 3.545E-01 	 horizons 9.0
step 4860 	 return [0.         0.00331656 0.00119776 0.007541   0.00480199 0.
 0.00091579 0.0008862  0.00145529 0.        ], ([0.         0.00078019 0.0013293  0.00116758 0.00063975 0.
 0.00048251 0.00070215 0.00118851 0.        ]) 	 loss 3.150E-01 	 horizons 9.0
step 4950 	 return [0.         0.         0.         0.         0.00258957 0.00520201
 0.00459603 0.00838151 0.00197671 0.00329659], ([0.         0.         0.         0.         0.00057759 0.00209433
 0.00188451 0.00114801 0.00174259 0.00114268]) 	 loss 3.080E-01 	 horizons 9.0
step 5040 	 return [0.         0.         0.         0.00038026 0.00364685 0.00758168
 0.00586439 0.00618929 0.00186418 0.00443046], ([0.         0.         0.         0.00114078 0.0030431  0.00319114
 0.00166353 0.00371773 0.00243558 0.00153953]) 	 loss 3.013E-01 	 horizons 9.0
step 5130 	 return [0.         0.         0.         0.         0.00296514 0.00639392
 0.00656801 0.00573713 0.00274625 0.00509513], ([0.         0.         0.         0.         0.00072296 0.00198627
 0.00080607 0.00362775 0.00274635 0.00047801]) 	 loss 3.085E-01 	 horizons 9.0
step 5220 	 return [0.         0.00206373 0.00109214 0.00657345 0.00589659 0.
 0.00154062 0.00077813 0.00099446 0.        ], ([0.         0.0010685  0.00119207 0.00118056 0.00087804 0.
 0.00059003 0.00075772 0.00121804 0.        ]) 	 loss 3.350E-01 	 horizons 9.0
step 5310 	 return [0.         0.00309767 0.         0.00682633 0.00442803 0.
 0.00071608 0.0014924  0.00228846 0.        ], ([0.0000000e+00 1.2402869e-03 0.0000000e+00 2.2794909e-03 1.0541276e-03
 0.0000000e+00 2.0738897e-05 3.0707713e-04 4.5652330e-04 0.0000000e+00]) 	 loss 2.921E-01 	 horizons 9.0
step 5400 	 return [0.         0.0026953  0.0021217  0.00696378 0.00454727 0.
 0.00094015 0.00053542 0.0004804  0.        ], ([0.         0.00115384 0.00082185 0.00254642 0.00049543 0.
 0.00037012 0.00062849 0.00096084 0.        ]) 	 loss 2.746E-01 	 horizons 9.0
step 5490 	 return [0.         0.0011967  0.00216924 0.005807   0.00426238 0.
 0.00179809 0.00033176 0.0006894  0.        ], ([0.         0.00104398 0.0011842  0.00107189 0.00090608 0.
 0.00034891 0.00040684 0.00105377 0.        ]) 	 loss 2.608E-01 	 horizons 9.0
step 5580 	 return [0.00012439 0.00199625 0.00243613 0.00679748 0.00509049 0.00070423
 0.00164369 0.0005583  0.         0.        ], ([0.00037316 0.00153219 0.00119167 0.00267391 0.00012583 0.00211268
 0.00022876 0.00167491 0.         0.        ]) 	 loss 2.573E-01 	 horizons 9.0
step 5670 	 return [0.         0.00314382 0.00174836 0.00505072 0.00581527 0.
 0.00145648 0.00059916 0.00048394 0.        ], ([0.         0.0006091  0.00175576 0.00170324 0.00062651 0.
 0.00049914 0.00081258 0.00096797 0.        ]) 	 loss 2.526E-01 	 horizons 9.0
step 5760 	 return [0.         0.         0.00017414 0.01148201 0.00754566 0.00696059
 0.0042732  0.         0.         0.        ], ([0.0000000e+00 0.0000000e+00 5.2242633e-04 1.0233140e-03 4.0374510e-04
 1.2924304e-05 1.0086633e-05 0.0000000e+00 0.0000000e+00 0.0000000e+00]) 	 loss 2.645E-01 	 horizons 9.0
step 5850 	 return [0.         0.00021942 0.00052508 0.00832821 0.00609302 0.
 0.00192436 0.00018177 0.00050773 0.        ], ([0.         0.00065827 0.00083885 0.00250516 0.00111249 0.
 0.00026655 0.00036355 0.00101546 0.        ]) 	 loss 2.579E-01 	 horizons 9.0
step 5940 	 return [0.         0.         0.         0.         0.00246691 0.00388984
 0.00338651 0.00445632 0.00499007 0.00361905], ([0.         0.         0.         0.         0.00052525 0.00156892
 0.00129088 0.00190334 0.00147154 0.00116034]) 	 loss 2.736E-01 	 horizons 9.0
step 6030 	 return [0.00054924 0.         0.00189955 0.00105499 0.00119943 0.
 0.00167203 0.00182726 0.00129951 0.        ], ([0.00069526 0.         0.00023151 0.00036344 0.00035541 0.
 0.00100496 0.00039017 0.00045772 0.        ]) 	 loss 2.736E-01 	 horizons 9.0
step 6120 	 return [0.         0.00372703 0.00143133 0.00808156 0.00433592 0.
 0.00065926 0.00059183 0.00188692 0.        ], ([0.0000000e+00 3.1947595e-04 1.3655918e-03 9.4403181e-04 4.0098833e-04
 0.0000000e+00 3.7129401e-05 2.4143083e-04 9.4378041e-04 0.0000000e+00]) 	 loss 2.648E-01 	 horizons 9.0
step 6210 	 return [0.         0.00342768 0.00074485 0.01036368 0.00741343 0.00696129
 0.00426853 0.         0.         0.        ], ([0.0000000e+00 2.8990125e-04 9.1224950e-04 1.4528100e-04 3.9121416e-05
 1.0692290e-05 7.4939558e-06 0.0000000e+00 0.0000000e+00 0.0000000e+00]) 	 loss 2.238E-01 	 horizons 9.0
step 6300 	 return [0.         0.         0.         0.         0.0022831  0.0031309
 0.00358552 0.00566125 0.00447127 0.00364937], ([0.         0.         0.         0.         0.00075427 0.00067467
 0.00159032 0.00152745 0.00163543 0.00138346]) 	 loss 2.138E-01 	 horizons 9.0
step 6390 	 return [0.         0.00272667 0.00298343 0.0096921  0.00436572 0.
 0.00074179 0.00092804 0.00096376 0.        ], ([0.         0.0012082  0.00036278 0.00135316 0.00040372 0.
 0.00023225 0.00051412 0.00118036 0.        ]) 	 loss 1.999E-01 	 horizons 9.0
step 6480 	 return [0.         0.00237012 0.00314107 0.00695812 0.00387454 0.
 0.00065472 0.0002575  0.00067745 0.        ], ([0.0000000e+00 4.4592001e-04 1.0506655e-03 1.2164356e-03 7.1054767e-04
 0.0000000e+00 3.6080233e-05 2.5838226e-04 1.0366342e-03 0.0000000e+00]) 	 loss 2.241E-01 	 horizons 9.0
step 6570 	 return [0.         0.         0.00046866 0.01075011 0.00489929 0.
 0.00151778 0.0002105  0.         0.        ], ([0.         0.         0.00083992 0.0014218  0.00060972 0.
 0.00039025 0.00043309 0.         0.        ]) 	 loss 2.102E-01 	 horizons 9.0
step 6660 	 return [0.         0.         0.         0.         0.00294451 0.00268193
 0.00252456 0.00408137 0.00574377 0.00458514], ([0.         0.         0.         0.         0.00097676 0.00119411
 0.00206066 0.00153027 0.00160662 0.00148671]) 	 loss 2.319E-01 	 horizons 9.0
step 6750 	 return [0.         0.00166445 0.00164716 0.00603853 0.00454566 0.
 0.00108488 0.0011519  0.00217108 0.        ], ([0.         0.0014249  0.00066735 0.00130971 0.00036408 0.
 0.00055013 0.00053307 0.00072504 0.        ]) 	 loss 2.266E-01 	 horizons 9.0
step 6840 	 return [0.         0.         0.         0.         0.00291115 0.00470426
 0.00350799 0.0032322  0.00491937 0.00337284], ([0.         0.         0.         0.         0.00040871 0.00153799
 0.00146741 0.00125953 0.00160301 0.00209951]) 	 loss 1.777E-01 	 horizons 9.0
step 6930 	 return [0.         0.00100875 0.00158803 0.00605584 0.00517496 0.
 0.00214857 0.00053218 0.00148137 0.        ], ([0.         0.00075788 0.00041803 0.00050337 0.00019673 0.
 0.00028078 0.00043458 0.00120979 0.        ]) 	 loss 2.066E-01 	 horizons 9.0
step 7020 	 return [0.         0.         0.         0.         0.0029718  0.00719576
 0.00652566 0.00331168 0.00500744 0.00490289], ([0.0000000e+00 0.0000000e+00 0.0000000e+00 0.0000000e+00 3.9699280e-05
 9.6536992e-04 1.9359071e-03 2.3839686e-03 1.0151344e-03 1.3855717e-03]) 	 loss 1.567E-01 	 horizons 9.0
step 7110 	 return [0.         0.0035165  0.00123777 0.00741578 0.00495672 0.
 0.00114832 0.00141221 0.00223442 0.        ], ([0.         0.00030962 0.00081031 0.00101224 0.00024439 0.
 0.00051347 0.00047616 0.000745   0.        ]) 	 loss 1.627E-01 	 horizons 9.0
step 7200 	 return [0.00012439 0.00132729 0.00174821 0.005679   0.00527452 0.00070423
 0.00217582 0.00091519 0.0009949  0.        ], ([0.00037316 0.00053188 0.00028878 0.00190967 0.00028159 0.00211268
 0.00047897 0.00161179 0.00121849 0.        ]) 	 loss 1.560E-01 	 horizons 9.0
step 7290 	 return [0.         0.00184891 0.00240334 0.00537909 0.00456251 0.
 0.00199297 0.00068486 0.00187167 0.        ], ([0.         0.00049008 0.00031731 0.00067192 0.00060337 0.
 0.00022815 0.00034259 0.00093787 0.        ]) 	 loss 1.422E-01 	 horizons 9.0
step 7380 	 return [0.         0.00360953 0.00176871 0.00782573 0.00489169 0.
 0.00125429 0.00126921 0.00248938 0.        ], ([0.0000000e+00 1.6882550e-06 1.0771328e-06 6.4410269e-06 5.4149423e-05
 0.0000000e+00 5.2675646e-04 3.8637570e-04 2.1800050e-05 0.0000000e+00]) 	 loss 1.298E-01 	 horizons 9.0
step 7470 	 return [0.         0.00313803 0.00312294 0.00933632 0.00463028 0.
 0.00076401 0.00015968 0.00024094 0.        ], ([0.         0.00074238 0.00028924 0.00125063 0.00069917 0.
 0.00022411 0.00024448 0.00072282 0.        ]) 	 loss 1.119E-01 	 horizons 9.0
step 7560 	 return [0.         0.00587372 0.         0.00788859 0.00448712 0.
 0.00068045 0.00077998 0.00236057 0.        ], ([0.0000000e+00 2.0261648e-06 0.0000000e+00 2.3413886e-05 1.3876955e-04
 0.0000000e+00 3.1376105e-05 1.3942640e-04 1.6157783e-05 0.0000000e+00]) 	 loss 1.127E-01 	 horizons 9.0
step 7650 	 return [0.         0.00155235 0.001777   0.00591053 0.00492308 0.
 0.00195793 0.00079339 0.00220382 0.        ], ([0.         0.00029159 0.00041232 0.00043304 0.00043005 0.
 0.00016953 0.00026492 0.00073807 0.        ]) 	 loss 1.205E-01 	 horizons 9.0
step 7740 	 return [0.         0.         0.         0.         0.00300286 0.0077238
 0.00585227 0.00904738 0.         0.00466174], ([0.0000000e+00 0.0000000e+00 0.0000000e+00 0.0000000e+00 2.3283064e-10
 4.6566129e-10 0.0000000e+00 9.3132257e-10 0.0000000e+00 4.6566129e-10]) 	 loss 1.067E-01 	 horizons 9.0
step 7830 	 return [0.         0.00212683 0.00320941 0.00795521 0.00523234 0.
 0.00115317 0.00045474 0.00097181 0.        ], ([0.         0.00093851 0.0005661  0.00214221 0.00079565 0.
 0.00049753 0.00055125 0.00119043 0.        ]) 	 loss 8.305E-02 	 horizons 9.0
step 7920 	 return [0.         0.00219645 0.00196065 0.00884469 0.00537603 0.
 0.00195853 0.00072352 0.00203002 0.        ], ([0.         0.00179414 0.0001891  0.00108074 0.00053876 0.
 0.00018498 0.00036184 0.00101505 0.        ]) 	 loss 8.376E-02 	 horizons 9.0
step 8010 	 return [0.         0.         0.         0.         0.00297739 0.00759981
 0.00685907 0.00367915 0.00462528 0.00487042], ([0.0000000e+00 0.0000000e+00 0.0000000e+00 0.0000000e+00 5.8797441e-06
 4.3517121e-05 8.0379483e-04 2.3769725e-03 1.3523577e-03 1.1963537e-03]) 	 loss 7.238E-02 	 horizons 9.0
step 8100 	 return [0.0008295  0.00031467 0.00225854 0.0021991  0.00507015 0.00322652
 0.00149125 0.00338338 0.         0.        ], ([0.00054744 0.00048066 0.00031209 0.00285006 0.00056796 0.00333239
 0.00074626 0.00240189 0.         0.        ]) 	 loss 5.753E-02 	 horizons 9.0
step 8190 	 return [0.         0.         0.         0.         0.00299311 0.00766159
 0.0057781  0.0076001  0.00237643 0.00422542], ([0.0000000e+00 0.0000000e+00 0.0000000e+00 0.0000000e+00 5.5816490e-06
 4.6510624e-05 7.5612028e-05 1.5665778e-04 9.9112513e-05 5.4772926e-04]) 	 loss 7.922E-02 	 horizons 9.0
step 8280 	 return [0.         0.00310719 0.00282525 0.00983433 0.00419744 0.
 0.0007322  0.00053861 0.00216703 0.        ], ([0.0000000e+00 1.1749156e-03 9.0347545e-05 7.1390398e-04 2.3808364e-04
 0.0000000e+00 2.3514162e-04 1.9294891e-04 7.2267273e-04 0.0000000e+00]) 	 loss 6.225E-02 	 horizons 9.0
step 8370 	 return [0.         0.00344615 0.00277141 0.0097675  0.00420744 0.
 0.00065367 0.00059435 0.00240248 0.        ], ([0.0000000e+00 8.6900598e-04 5.0941937e-05 3.9977639e-04 2.3683909e-04
 0.0000000e+00 5.9644546e-05 7.1602350e-05 2.3088887e-05 0.0000000e+00]) 	 loss 5.878E-02 	 horizons 9.0
step 8460 	 return [0.         0.00561567 0.00106266 0.00790986 0.00439708 0.
 0.00065999 0.00068895 0.00237186 0.        ], ([0.0000000e+00 3.1623172e-04 1.3014891e-03 3.0368847e-05 1.4769951e-04
 0.0000000e+00 3.3474971e-05 1.4885444e-04 1.7864510e-05 0.0000000e+00]) 	 loss 5.155E-02 	 horizons 9.0
step 8550 	 return [0.         0.00239758 0.00264708 0.00550088 0.00637469 0.
 0.00181404 0.         0.         0.        ], ([0.0000000e+00 1.5418442e-05 3.3468954e-04 1.3933153e-04 4.7567300e-06
 0.0000000e+00 5.9162272e-07 0.0000000e+00 0.0000000e+00 0.0000000e+00]) 	 loss 5.425E-02 	 horizons 9.0
step 8640 	 return [0.         0.00501829 0.00286694 0.00835402 0.00448805 0.
 0.00105635 0.00016562 0.         0.        ], ([0.         0.00076593 0.00103964 0.00068869 0.00060124 0.
 0.00036394 0.00036151 0.         0.        ]) 	 loss 5.417E-02 	 horizons 9.0
step 8730 	 return [0.         0.00176258 0.00163393 0.00601668 0.00544358 0.
 0.00243023 0.00035689 0.0009949  0.        ], ([0.0000000e+00 3.9329604e-04 7.0984344e-05 9.9927548e-04 3.2696882e-04
 0.0000000e+00 4.7215758e-04 4.3709870e-04 1.2184946e-03 0.0000000e+00]) 	 loss 6.235E-02 	 horizons 9.0
step 8820 	 return [0.         0.00361303 0.00177099 0.00783839 0.00512578 0.
 0.00189502 0.00089947 0.00252533 0.        ], ([0.00000000e+00 1.18625064e-06 7.88646446e-07 4.07324205e-06
 1.17798161e-04 0.00000000e+00 7.46135920e-05 1.08920485e-05
 9.26604935e-06 0.00000000e+00]) 	 loss 6.527E-02 	 horizons 9.0
step 8910 	 return [0.         0.00247618 0.00268899 0.00805018 0.00540448 0.
 0.00064322 0.00092816 0.00097657 0.        ], ([0.0000000e+00 1.1059877e-03 9.0011244e-04 2.4744002e-03 1.7002581e-03
 0.0000000e+00 5.3304166e-06 2.8132799e-04 1.1965621e-03 0.0000000e+00]) 	 loss 5.618E-02 	 horizons 9.0
step 9000 	 return [0.         0.00361088 0.00176957 0.00783088 0.00493501 0.
 0.00167569 0.0009601  0.00250682 0.        ], ([0.0000000e+00 1.0129530e-06 6.4627972e-07 3.8646162e-06 3.2489657e-05
 0.0000000e+00 3.1605380e-04 2.3182543e-04 1.3080028e-05 0.0000000e+00]) 	 loss 7.898E-02 	 horizons 9.0
step 9090 	 return [0.         0.0025294  0.00183598 0.00853432 0.00513368 0.
 0.0018971  0.00090171 0.00253204 0.        ], ([0.0000000e+00 1.6558828e-03 9.8856195e-05 1.0609115e-03 1.1195540e-04
 0.0000000e+00 7.2995965e-05 9.5537898e-06 9.5618716e-06 0.0000000e+00]) 	 loss 6.148E-02 	 horizons 9.0
step 9180 	 return [0.         0.00361225 0.00177047 0.00783573 0.00504867 0.
 0.00184617 0.00089234 0.00251927 0.        ], ([0.0000000e+00 1.2681553e-06 8.4309858e-07 4.3544792e-06 1.2593153e-04
 0.0000000e+00 7.9765283e-05 1.1644091e-05 9.9058234e-06 0.0000000e+00]) 	 loss 5.525E-02 	 horizons 9.0
step 9270 	 return [0.         0.00378274 0.00186212 0.01054161 0.00746134 0.00697438
 0.00427771 0.         0.         0.        ], ([0.0000000e+00 2.3283064e-10 0.0000000e+00 0.0000000e+00 4.6566129e-10
 4.6566129e-10 0.0000000e+00 0.0000000e+00 0.0000000e+00 0.0000000e+00]) 	 loss 5.425E-02 	 horizons 9.0
step 9360 	 return [0.         0.00361173 0.00177013 0.00783395 0.00499726 0.
 0.00181361 0.00088758 0.00251522 0.        ], ([0.00000000e+00 1.03544448e-06 6.88387161e-07 3.55541715e-06
 1.02822676e-04 0.00000000e+00 6.51280861e-05 9.50736012e-06
 8.08807181e-06 0.00000000e+00]) 	 loss 4.475E-02 	 horizons 9.0
step 9450 	 return [0.         0.         0.         0.         0.00321241 0.00653744
 0.00644692 0.00286055 0.0051373  0.00578046], ([0.         0.         0.         0.         0.00052411 0.00236598
 0.00195276 0.00172592 0.00181949 0.00065483]) 	 loss 5.657E-02 	 horizons 9.0
step 9540 	 return [0.         0.         0.         0.         0.00317487 0.00740744
 0.00581813 0.00889426 0.00023434 0.00463075], ([0.0000000e+00 0.0000000e+00 0.0000000e+00 0.0000000e+00 5.1867374e-04
 9.3360100e-04 8.7341163e-05 4.1596426e-04 7.0301624e-04 7.6117598e-05]) 	 loss 5.878E-02 	 horizons 9.0
step 9630 	 return [0.         0.00377671 0.00244428 0.00866068 0.00454021 0.
 0.00068998 0.00088906 0.00236985 0.        ], ([0.0000000e+00 1.0356502e-04 3.2860431e-04 8.7072729e-04 1.5168801e-04
 0.0000000e+00 2.9395072e-05 2.8187220e-04 3.6679779e-05 0.0000000e+00]) 	 loss 6.083E-02 	 horizons 9.0
step 9720 	 return [0.         0.00378274 0.00186212 0.01054161 0.00746134 0.00697438
 0.00427771 0.         0.         0.        ], ([0.0000000e+00 2.3283064e-10 0.0000000e+00 0.0000000e+00 4.6566129e-10
 4.6566129e-10 0.0000000e+00 0.0000000e+00 0.0000000e+00 0.0000000e+00]) 	 loss 5.205E-02 	 horizons 9.0
step 9810 	 return [0.         0.00361173 0.00177013 0.00783395 0.00499726 0.
 0.00181361 0.00088758 0.00251522 0.        ], ([0.00000000e+00 1.03544448e-06 6.88387161e-07 3.55541715e-06
 1.02822676e-04 0.00000000e+00 6.51280861e-05 9.50736012e-06
 8.08807181e-06 0.00000000e+00]) 	 loss 4.678E-02 	 horizons 9.0
step 9900 	 return [0.         0.0017496  0.0019055  0.00551218 0.00484485 0.
 0.00173406 0.00094681 0.00243662 0.        ], ([0.0000000e+00 4.4472495e-04 4.2288975e-04 6.0481980e-04 8.6875509e-05
 0.0000000e+00 3.4429596e-04 2.2787774e-04 3.5711993e-05 0.0000000e+00]) 	 loss 5.613E-02 	 horizons 9.0
step 9990 	 return [0.         0.00360817 0.00176785 0.00782058 0.00484838 0.
 0.00083288 0.00157831 0.00247194 0.        ], ([0.0000000e+00 1.0129530e-06 6.4627966e-07 3.8646162e-06 3.2489654e-05
 0.0000000e+00 3.1605383e-04 2.3182543e-04 1.3080030e-05 0.0000000e+00]) 	 loss 5.069E-02 	 horizons 9.0
step 10080 	 return [0.         0.00220298 0.00233677 0.0048936  0.00477784 0.
 0.00186052 0.00086327 0.00239984 0.        ], ([0.00000000e+00 2.72149540e-04 2.58829939e-04 3.71029921e-04
 1.02308826e-04 0.00000000e+00 7.16367940e-05 9.53237213e-06
 2.37706481e-05 0.00000000e+00]) 	 loss 4.259E-02 	 horizons 9.0
step 10170 	 return [0.         0.00361088 0.00176957 0.00783088 0.00493501 0.
 0.00167569 0.0009601  0.00250682 0.        ], ([0.0000000e+00 1.0129530e-06 6.4627972e-07 3.8646162e-06 3.2489654e-05
 0.0000000e+00 3.1605383e-04 2.3182543e-04 1.3080028e-05 0.0000000e+00]) 	 loss 4.072E-02 	 horizons 9.0
step 10260 	 return [0.         0.         0.         0.         0.00299497 0.00767709
 0.00580331 0.00765232 0.00234339 0.00440799], ([0.0000000e+00 0.0000000e+00 0.0000000e+00 0.0000000e+00 2.3283064e-10
 4.6566129e-10 4.6566129e-10 4.6566129e-10 2.3283064e-10 0.0000000e+00]) 	 loss 3.559E-02 	 horizons 9.0
step 10350 	 return [0.         0.         0.         0.         0.00299708 0.00793599
 0.00534797 0.00821242 0.00164037 0.00444723], ([0.0000000e+00 0.0000000e+00 0.0000000e+00 0.0000000e+00 3.2849553e-06
 7.4577291e-04 1.3987932e-03 9.3040109e-04 1.0738751e-03 1.1253298e-04]) 	 loss 3.191E-02 	 horizons 9.0
step 10440 	 return [0.         0.         0.         0.         0.00297512 0.00759851
 0.0065822  0.00253227 0.00633551 0.00555715], ([0.0000000e+00 0.0000000e+00 0.0000000e+00 0.0000000e+00 5.5461226e-07
 1.2604329e-05 8.5020362e-04 4.0803532e-04 1.0610675e-03 3.3779277e-05]) 	 loss 4.327E-02 	 horizons 9.0
step 10530 	 return [0.00010554 0.00254593 0.00186789 0.00521812 0.00567521 0.
 0.00270151 0.00030827 0.         0.        ], ([0.00031661 0.00090308 0.00017826 0.00218288 0.00047479 0.
 0.0007137  0.0009248  0.         0.        ]) 	 loss 3.996E-02 	 horizons 9.0
step 10620 	 return [0.         0.00382888 0.00259593 0.00906134 0.00381685 0.
 0.00079281 0.00082718 0.00243138 0.        ], ([0.0000000e+00 8.8928580e-05 2.3443067e-04 8.3691848e-04 4.8796725e-04
 0.0000000e+00 6.0762806e-05 2.7711403e-05 5.6354802e-05 0.0000000e+00]) 	 loss 3.610E-02 	 horizons 9.0
step 10710 	 return [0.         0.         0.         0.         0.00314554 0.00728303
 0.00555546 0.00308956 0.00743512 0.00553043], ([0.0000000e+00 0.0000000e+00 0.0000000e+00 0.0000000e+00 5.1025167e-04
 9.1277133e-04 7.3592411e-05 3.8188981e-04 5.9226365e-04 4.8669522e-06]) 	 loss 3.631E-02 	 horizons 9.0
step 10800 	 return [0.         0.00384829 0.00264708 0.00924397 0.00371037 0.
 0.00080607 0.00082113 0.00244368 0.        ], ([0.0000000e+00 7.7623219e-05 2.0462785e-04 7.3052233e-04 4.2593273e-04
 0.0000000e+00 5.3038126e-05 2.4188497e-05 4.9190501e-05 0.0000000e+00]) 	 loss 3.712E-02 	 horizons 9.0
step 10890 	 return [0.         0.0036138  0.00177151 0.00784106 0.0052029  0.
 0.00194386 0.0009066  0.0025314  0.        ], ([0.0000000e+00 0.0000000e+00 1.1641532e-10 9.3132257e-10 0.0000000e+00
 0.0000000e+00 1.1641532e-10 0.0000000e+00 0.0000000e+00 0.0000000e+00]) 	 loss 3.845E-02 	 horizons 9.0
step 10980 	 return [0.         0.         0.         0.         0.00297545 0.00758729
 0.00557999 0.00296227 0.00763254 0.00552881], ([0.0000000e+00 0.0000000e+00 0.0000000e+00 0.0000000e+00 2.3283064e-10
 4.6566129e-10 0.0000000e+00 2.3283064e-10 0.0000000e+00 4.6566129e-10]) 	 loss 3.933E-02 	 horizons 9.0
step 11070 	 return [0.         0.00387589 0.00274431 0.00951074 0.00458426 0.
 0.00070185 0.00087288 0.00235584 0.        ], ([0.0000000e+00 4.6566129e-10 2.3283064e-10 0.0000000e+00 0.0000000e+00
 0.0000000e+00 5.8207661e-11 5.8207661e-11 2.3283064e-10 0.0000000e+00]) 	 loss 3.509E-02 	 horizons 9.0
step 11160 	 return [0.         0.00387851 0.00274544 0.00953555 0.00433661 0.
 0.00072115 0.00082974 0.00238185 0.        ], ([0.0000000e+00 4.4406702e-06 2.0077716e-06 3.9818460e-05 4.2905781e-04
 0.0000000e+00 5.9286915e-05 9.0431793e-05 4.4451244e-05 0.0000000e+00]) 	 loss 3.441E-02 	 horizons 9.0
step 11250 	 return [0.         0.         0.         0.         0.00298212 0.00762132
 0.00561958 0.00457894 0.00543342 0.00533867], ([0.0000000e+00 0.0000000e+00 0.0000000e+00 0.0000000e+00 1.9159634e-06
 3.3087283e-05 2.2769998e-05 8.5039547e-04 9.1988739e-04 9.1881194e-04]) 	 loss 3.014E-02 	 horizons 9.0
step 11340 	 return [0.         0.00170909 0.00287399 0.01055949 0.00418845 0.
 0.0007234  0.00076776 0.00241844 0.        ], ([0.0000000e+00 1.0104756e-06 2.1601018e-06 4.6717418e-05 4.5751143e-04
 0.0000000e+00 8.0111960e-05 1.2871384e-04 4.6927154e-05 0.0000000e+00]) 	 loss 3.400E-02 	 horizons 9.0
step 11430 	 return [0.         0.         0.         0.         0.00297545 0.00758729
 0.00557999 0.00296227 0.00763254 0.00552881], ([0.0000000e+00 0.0000000e+00 0.0000000e+00 0.0000000e+00 2.3283064e-10
 4.6566129e-10 0.0000000e+00 2.3283064e-10 0.0000000e+00 4.6566129e-10]) 	 loss 3.678E-02 	 horizons 9.0
step 11520 	 return [0.         0.00378274 0.00186212 0.01054161 0.00746134 0.00697438
 0.00427771 0.         0.         0.        ], ([0.0000000e+00 2.3283064e-10 0.0000000e+00 0.0000000e+00 4.6566129e-10
 4.6566129e-10 0.0000000e+00 0.0000000e+00 0.0000000e+00 0.0000000e+00]) 	 loss 4.257E-02 	 horizons 9.0
step 11610 	 return [0.         0.00378274 0.00186212 0.01054161 0.00746134 0.00697438
 0.00427771 0.         0.         0.        ], ([0.0000000e+00 2.3283064e-10 0.0000000e+00 0.0000000e+00 4.6566129e-10
 4.6566129e-10 0.0000000e+00 0.0000000e+00 0.0000000e+00 0.0000000e+00]) 	 loss 3.441E-02 	 horizons 9.0
step 11700 	 return [0.         0.0036138  0.00177151 0.00784106 0.0052029  0.
 0.00194386 0.0009066  0.0025314  0.        ], ([0.0000000e+00 0.0000000e+00 1.1641532e-10 9.3132257e-10 0.0000000e+00
 0.0000000e+00 1.1641532e-10 0.0000000e+00 0.0000000e+00 0.0000000e+00]) 	 loss 2.620E-02 	 horizons 9.0
step 11790 	 return [0.00012439 0.         0.000256   0.         0.00332239 0.00722853
 0.00510709 0.00335164 0.00667186 0.00497755], ([0.00037316 0.         0.00076799 0.         0.00069403 0.00090924
 0.00133893 0.00083503 0.00230053 0.00165919]) 	 loss 2.192E-02 	 horizons 9.0
step 11880 	 return [0.         0.         0.         0.         0.00298275 0.00763235
 0.00562717 0.00429548 0.00574005 0.00564494], ([0.0000000e+00 0.0000000e+00 0.0000000e+00 0.0000000e+00 2.3283064e-10
 0.0000000e+00 4.6566129e-10 0.0000000e+00 0.0000000e+00 0.0000000e+00]) 	 loss 1.270E-02 	 horizons 9.0
step 11970 	 return [0.         0.         0.         0.         0.00297545 0.00758729
 0.00557999 0.00296227 0.00763254 0.00552881], ([0.0000000e+00 0.0000000e+00 0.0000000e+00 0.0000000e+00 2.3283064e-10
 4.6566129e-10 0.0000000e+00 2.3283064e-10 0.0000000e+00 4.6566129e-10]) 	 loss 5.491E-03 	 horizons 9.0
step 12060 	 return [0.         0.0036138  0.00177151 0.00784106 0.0052029  0.
 0.00194386 0.0009066  0.0025314  0.        ], ([0.0000000e+00 0.0000000e+00 1.1641532e-10 9.3132257e-10 0.0000000e+00
 0.0000000e+00 1.1641532e-10 0.0000000e+00 0.0000000e+00 0.0000000e+00]) 	 loss 8.597E-03 	 horizons 9.0
step 12150 	 return [0.         0.00147872 0.00164814 0.00589114 0.00506134 0.
 0.00192601 0.0008898  0.00247821 0.        ], ([0.0000000e+00 2.7185044e-04 2.5842752e-04 3.7322895e-04 7.7541263e-05
 0.0000000e+00 6.2424924e-06 7.2742696e-06 2.7110986e-05 0.0000000e+00]) 	 loss 1.342E-02 	 horizons 9.0
step 12240 	 return [0.         0.0036138  0.00177151 0.00784106 0.0052029  0.
 0.00194386 0.0009066  0.0025314  0.        ], ([0.0000000e+00 0.0000000e+00 1.1641532e-10 9.3132257e-10 0.0000000e+00
 0.0000000e+00 1.1641532e-10 0.0000000e+00 0.0000000e+00 0.0000000e+00]) 	 loss 1.286E-02 	 horizons 9.0
step 12330 	 return [0.         0.00387701 0.00274482 0.00952059 0.00447557 0.
 0.00071492 0.0008665  0.00236709 0.        ], ([0.0000000e+00 3.3635183e-06 1.5271826e-06 2.9546210e-05 3.2605816e-04
 0.0000000e+00 3.9222628e-05 1.9153016e-05 3.3729964e-05 0.0000000e+00]) 	 loss 1.181E-02 	 horizons 9.0
step 12420 	 return [0.         0.0036138  0.00177151 0.00784106 0.0052029  0.
 0.00194386 0.0009066  0.0025314  0.        ], ([0.0000000e+00 0.0000000e+00 1.1641532e-10 9.3132257e-10 0.0000000e+00
 0.0000000e+00 1.1641532e-10 0.0000000e+00 0.0000000e+00 0.0000000e+00]) 	 loss 6.328E-03 	 horizons 9.0
step 12510 	 return [0.         0.         0.         0.         0.00382952 0.00608853
 0.00548093 0.00426535 0.00569919 0.00559499], ([0.0000000e+00 0.0000000e+00 0.0000000e+00 0.0000000e+00 8.4676803e-04
 1.5438157e-03 1.4624116e-04 3.0121766e-05 4.0863175e-05 4.9950559e-05]) 	 loss 1.285E-02 	 horizons 9.0
step 12600 	 return [0.         0.         0.         0.         0.00298275 0.00763235
 0.00562717 0.00429548 0.00574005 0.00564494], ([0.0000000e+00 0.0000000e+00 0.0000000e+00 0.0000000e+00 2.3283064e-10
 0.0000000e+00 4.6566129e-10 0.0000000e+00 0.0000000e+00 0.0000000e+00]) 	 loss 1.412E-02 	 horizons 9.0
step 12690 	 return [0.         0.         0.         0.         0.00315211 0.00732359
 0.00559792 0.00428945 0.00573188 0.00563495], ([0.0000000e+00 0.0000000e+00 0.0000000e+00 0.0000000e+00 5.0806080e-04
 9.2628942e-04 8.7744695e-05 1.8073059e-05 2.4517905e-05 2.9970333e-05]) 	 loss 1.779E-02 	 horizons 9.0
step 12780 	 return [0.         0.00387589 0.00274431 0.00951074 0.00458426 0.
 0.00070185 0.00087288 0.00235584 0.        ], ([0.0000000e+00 4.6566129e-10 2.3283064e-10 0.0000000e+00 0.0000000e+00
 0.0000000e+00 5.8207661e-11 5.8207661e-11 2.3283064e-10 0.0000000e+00]) 	 loss 1.849E-02 	 horizons 9.0
step 12870 	 return [0.         0.00378274 0.00186212 0.01054161 0.00746134 0.00697438
 0.00427771 0.         0.         0.        ], ([0.0000000e+00 2.3283064e-10 0.0000000e+00 0.0000000e+00 4.6566129e-10
 4.6566129e-10 0.0000000e+00 0.0000000e+00 0.0000000e+00 0.0000000e+00]) 	 loss 1.404E-02 	 horizons 9.0
step 12960 	 return [0.         0.00388486 0.00274838 0.00958953 0.00371477 0.
 0.00080644 0.00082181 0.00244579 0.        ], ([0.0000000e+00 4.4846906e-06 2.0362436e-06 3.9394945e-05 4.3474417e-04
 0.0000000e+00 5.2296837e-05 2.5537354e-05 4.4973291e-05 0.0000000e+00]) 	 loss 1.071E-02 	 horizons 9.0
step 13050 	 return [0.         0.         0.         0.         0.00298275 0.00763235
 0.00562717 0.00429548 0.00574005 0.00564494], ([0.0000000e+00 0.0000000e+00 0.0000000e+00 0.0000000e+00 2.3283064e-10
 0.0000000e+00 4.6566129e-10 0.0000000e+00 0.0000000e+00 0.0000000e+00]) 	 loss 1.130E-02 	 horizons 9.0
step 13140 	 return [0.         0.0036138  0.00177151 0.00784106 0.0052029  0.
 0.00194386 0.0009066  0.0025314  0.        ], ([0.0000000e+00 0.0000000e+00 1.1641532e-10 9.3132257e-10 0.0000000e+00
 0.0000000e+00 1.1641532e-10 0.0000000e+00 0.0000000e+00 0.0000000e+00]) 	 loss 6.761E-03 	 horizons 9.0
step 13230 	 return [0.         0.         0.         0.         0.00315211 0.00732359
 0.00559792 0.00428945 0.00573188 0.00563495], ([0.0000000e+00 0.0000000e+00 0.0000000e+00 0.0000000e+00 5.0806074e-04
 9.2628953e-04 8.7744709e-05 1.8073059e-05 2.4517905e-05 2.9970337e-05]) 	 loss 8.538E-03 	 horizons 9.0
step 13320 	 return [0.         0.00388374 0.00274787 0.00957968 0.00382346 0.
 0.00079337 0.00082819 0.00243454 0.        ], ([0.0000000e+00 5.1378584e-06 2.3328103e-06 4.5132580e-05 4.9806206e-04
 0.0000000e+00 5.9913553e-05 2.9256715e-05 5.1523373e-05 0.0000000e+00]) 	 loss 8.154E-03 	 horizons 9.0
step 13410 	 return [0.         0.         0.         0.         0.00298275 0.00763235
 0.00562717 0.00429548 0.00574005 0.00564494], ([0.0000000e+00 0.0000000e+00 0.0000000e+00 0.0000000e+00 2.3283064e-10
 0.0000000e+00 4.6566129e-10 0.0000000e+00 0.0000000e+00 0.0000000e+00]) 	 loss 1.050E-02 	 horizons 9.0
step 13500 	 return [0.         0.         0.         0.         0.00467446 0.0045419
 0.00532997 0.00410381 0.00584553 0.00553342], ([0.0000000e+00 0.0000000e+00 0.0000000e+00 0.0000000e+00 5.4912639e-06
 8.4643243e-06 1.4152424e-05 3.9427012e-04 5.6161621e-04 3.4837285e-05]) 	 loss 9.609E-03 	 horizons 9.0
step 13590 	 return [0.         0.         0.         0.         0.00433691 0.0051579
 0.00538864 0.00412072 0.0058652  0.00555379], ([0.0000000e+00 0.0000000e+00 0.0000000e+00 0.0000000e+00 6.7876052e-04
 1.2264134e-03 1.0846985e-04 3.8802673e-04 5.8978650e-04 3.2051215e-05]) 	 loss 1.240E-02 	 horizons 9.0
step 13680 	 return [0.00010488 0.00241142 0.00196337 0.00589533 0.00486265 0.
 0.00180641 0.00121796 0.00222907 0.        ], ([0.00031463 0.00117189 0.00033771 0.00201495 0.00059039 0.
 0.00036558 0.00098243 0.00074513 0.        ]) 	 loss 1.463E-02 	 horizons 9.0
step 13770 	 return [0.         0.         0.         0.         0.00315211 0.00732359
 0.00559792 0.00428945 0.00573188 0.00563495], ([0.0000000e+00 0.0000000e+00 0.0000000e+00 0.0000000e+00 5.0806074e-04
 9.2628959e-04 8.7744709e-05 1.8073059e-05 2.4517905e-05 2.9970339e-05]) 	 loss 1.075E-02 	 horizons 9.0
step 13860 	 return [0.         0.         0.         0.         0.00448922 0.00482557
 0.00559663 0.00282981 0.00709509 0.00544267], ([0.0000000e+00 0.0000000e+00 0.0000000e+00 0.0000000e+00 5.0468597e-04
 9.2847407e-04 6.6544599e-04 2.3730275e-04 8.7334367e-04 4.9705875e-05]) 	 loss 1.806E-02 	 horizons 9.0
step 13950 	 return [0.         0.         0.         0.         0.00467629 0.00454472
 0.00533469 0.00423523 0.00565833 0.00554504], ([0.000000e+00 0.000000e+00 0.000000e+00 0.000000e+00 4.656613e-10
 4.656613e-10 4.656613e-10 4.656613e-10 4.656613e-10 0.000000e+00]) 	 loss 1.527E-02 	 horizons 9.0
step 14040 	 return [0.         0.         0.         0.         0.00467074 0.00453622
 0.00532046 0.00383861 0.00600083 0.00565776], ([0.0000000e+00 0.0000000e+00 0.0000000e+00 0.0000000e+00 8.4865051e-06
 1.2989685e-05 2.1723612e-05 6.0588506e-04 7.7058055e-04 4.1811087e-04]) 	 loss 8.384E-03 	 horizons 9.0
step 14130 	 return [0.         0.0040108  0.00273543 0.00934848 0.00458383 0.
 0.00070178 0.00087276 0.00235543 0.        ], ([0.0000000e+00 4.0474391e-04 2.6641323e-05 4.8678854e-04 1.2877395e-06
 0.0000000e+00 1.9690489e-07 3.5932177e-07 1.2227104e-06 0.0000000e+00]) 	 loss 8.639E-03 	 horizons 9.0
step 14220 	 return [0.         0.         0.         0.         0.00298275 0.00763235
 0.00562717 0.00429548 0.00574005 0.00564494], ([0.0000000e+00 0.0000000e+00 0.0000000e+00 0.0000000e+00 2.3283064e-10
 0.0000000e+00 4.6566129e-10 0.0000000e+00 0.0000000e+00 0.0000000e+00]) 	 loss 8.922E-03 	 horizons 9.0
step 14310 	 return [0.         0.         0.         0.         0.00465982 0.00451933
 0.00529223 0.00305242 0.00734318 0.00544052], ([0.0000000e+00 0.0000000e+00 0.0000000e+00 0.0000000e+00 5.4912643e-06
 8.4643252e-06 1.4152424e-05 3.9427006e-04 5.6161627e-04 3.4837285e-05]) 	 loss 4.195E-03 	 horizons 9.0
step 14400 	 return [0.         0.00229427 0.00242343 0.00477145 0.00482872 0.
 0.00190729 0.00086798 0.00239687 0.        ], ([0.0000000e+00 2.3283064e-10 2.3283064e-10 0.0000000e+00 0.0000000e+00
 0.0000000e+00 1.1641532e-10 0.0000000e+00 2.3283064e-10 0.0000000e+00]) 	 loss 3.728E-03 	 horizons 9.0
step 14490 	 return [0.         0.         0.         0.         0.00450694 0.00485348
 0.00536393 0.00424126 0.0056665  0.00555503], ([0.0000000e+00 0.0000000e+00 0.0000000e+00 0.0000000e+00 5.0806080e-04
 9.2628942e-04 8.7744702e-05 1.8073059e-05 2.4517905e-05 2.9970333e-05]) 	 loss 7.085E-03 	 horizons 9.0
step 14580 	 return [0.         0.00387701 0.00274482 0.00952059 0.00447557 0.
 0.00071492 0.0008665  0.00236709 0.        ], ([0.0000000e+00 3.3635185e-06 1.5271826e-06 2.9546209e-05 3.2605819e-04
 0.0000000e+00 3.9222632e-05 1.9153016e-05 3.3729961e-05 0.0000000e+00]) 	 loss 5.067E-03 	 horizons 9.0
step 14670 	 return [0.         0.00528977 0.00238995 0.00788663 0.00457977 0.
 0.00070117 0.00087164 0.00235159 0.        ], ([0.0000000e+00 1.9420830e-04 7.9665089e-04 4.4552617e-06 5.9986525e-07
 0.0000000e+00 6.2095999e-08 1.2827805e-07 5.3218099e-07 0.0000000e+00]) 	 loss 2.927E-03 	 horizons 9.0
step 14760 	 return [0.         0.00387589 0.00274431 0.00951074 0.00458426 0.
 0.00070185 0.00087288 0.00235584 0.        ], ([0.0000000e+00 4.6566129e-10 2.3283064e-10 0.0000000e+00 0.0000000e+00
 0.0000000e+00 5.8207661e-11 5.8207661e-11 2.3283064e-10 0.0000000e+00]) 	 loss 2.255E-03 	 horizons 9.0
step 14850 	 return [0.         0.00388598 0.00274889 0.00959938 0.00360609 0.
 0.00081952 0.00081542 0.00245703 0.        ], ([0.0000000e+00 3.3635181e-06 1.5271829e-06 2.9546209e-05 3.2605810e-04
 0.0000000e+00 3.9222632e-05 1.9153016e-05 3.3729961e-05 0.0000000e+00]) 	 loss 3.731E-03 	 horizons 9.0
step 14940 	 return [0.         0.00387589 0.00274431 0.00951074 0.00458426 0.
 0.00070185 0.00087288 0.00235584 0.        ], ([0.0000000e+00 4.6566129e-10 2.3283064e-10 0.0000000e+00 0.0000000e+00
 0.0000000e+00 5.8207661e-11 5.8207661e-11 2.3283064e-10 0.0000000e+00]) 	 loss 2.176E-03 	 horizons 9.0
step 15030 	 return [0.         0.00482029 0.00268214 0.0083749  0.00458126 0.
 0.00070139 0.00087204 0.00235299 0.        ], ([0.0000000e+00 6.1825663e-04 4.0695289e-05 7.4358174e-04 1.9670549e-06
 0.0000000e+00 3.0077717e-07 5.4887300e-07 1.8677205e-06 0.0000000e+00]) 	 loss 3.139E-03 	 horizons 9.0
step 15120 	 return [0.         0.         0.         0.         0.00315252 0.00732474
 0.00559917 0.00433676 0.00574084 0.00563768], ([0.0000000e+00 0.0000000e+00 0.0000000e+00 0.0000000e+00 5.0792465e-04
 9.2667283e-04 8.8164968e-05 4.3078566e-05 2.7962671e-05 3.0921186e-05]) 	 loss 2.316E-03 	 horizons 9.0
step 15210 	 return [0.         0.         0.         0.         0.00315211 0.00732359
 0.00559792 0.00428945 0.00573188 0.00563495], ([0.0000000e+00 0.0000000e+00 0.0000000e+00 0.0000000e+00 5.0806080e-04
 9.2628953e-04 8.7744709e-05 1.8073059e-05 2.4517905e-05 2.9970337e-05]) 	 loss 7.859E-03 	 horizons 9.0
step 15300 	 return [0.         0.00387701 0.00274482 0.00952059 0.00447557 0.
 0.00071492 0.0008665  0.00236709 0.        ], ([0.0000000e+00 3.3635185e-06 1.5271826e-06 2.9546209e-05 3.2605819e-04
 0.0000000e+00 3.9222632e-05 1.9153016e-05 3.3729961e-05 0.0000000e+00]) 	 loss 1.198E-02 	 horizons 9.0
step 15390 	 return [0.         0.         0.         0.         0.00298334 0.00763399
 0.00562896 0.00436306 0.00575285 0.00564885], ([0.000000e+00 0.000000e+00 0.000000e+00 0.000000e+00 0.000000e+00
 0.000000e+00 4.656613e-10 4.656613e-10 4.656613e-10 4.656613e-10]) 	 loss 7.654E-03 	 horizons 9.0
step 15480 	 return [0.00012022 0.00124929 0.0016555  0.00541399 0.00504556 0.00040581
 0.00181591 0.00147976 0.00223852 0.        ], ([0.00036067 0.00041643 0.00028048 0.00180466 0.00012489 0.00121744
 0.00033656 0.00176262 0.00074617 0.        ]) 	 loss 4.007E-03 	 horizons 9.0
step 15570 	 return [0.         0.00522503 0.0026555  0.00788811 0.00457997 0.
 0.00070119 0.00087168 0.00235177 0.        ], ([0.0000000e+00 4.6566129e-10 2.3283064e-10 9.3132257e-10 4.6566129e-10
 0.0000000e+00 5.8207661e-11 1.1641532e-10 2.3283064e-10 0.0000000e+00]) 	 loss 2.597E-02 	 horizons 9.0
step 15660 	 return [0.         0.         0.         0.         0.00467629 0.00454472
 0.00533469 0.00423523 0.00565833 0.00554504], ([0.000000e+00 0.000000e+00 0.000000e+00 0.000000e+00 4.656613e-10
 4.656613e-10 4.656613e-10 4.656613e-10 4.656613e-10 0.000000e+00]) 	 loss 3.320E-03 	 horizons 9.0
step 15750 	 return [0.         0.00378274 0.00186212 0.01054161 0.00746134 0.00697438
 0.00427771 0.         0.         0.        ], ([0.0000000e+00 2.3283064e-10 0.0000000e+00 0.0000000e+00 4.6566129e-10
 4.6566129e-10 0.0000000e+00 0.0000000e+00 0.0000000e+00 0.0000000e+00]) 	 loss 2.349E-03 	 horizons 9.0
step 15840 	 return [0.         0.         0.         0.         0.00467629 0.00454472
 0.00533469 0.00423523 0.00565833 0.00554504], ([0.000000e+00 0.000000e+00 0.000000e+00 0.000000e+00 4.656613e-10
 4.656613e-10 4.656613e-10 4.656613e-10 4.656613e-10 0.000000e+00]) 	 loss 1.792E-03 	 horizons 9.0
step 15930 	 return [0.         0.         0.         0.         0.00298334 0.00763399
 0.00562896 0.00436306 0.00575285 0.00564885], ([0.000000e+00 0.000000e+00 0.000000e+00 0.000000e+00 0.000000e+00
 0.000000e+00 4.656613e-10 4.656613e-10 4.656613e-10 4.656613e-10]) 	 loss 1.609E-03 	 horizons 9.0
step 16020 	 return [0.         0.         0.         0.         0.00298328 0.00763383
 0.00562878 0.0043563  0.00575157 0.00564846], ([0.0000000e+00 0.0000000e+00 0.0000000e+00 0.0000000e+00 1.7518178e-07
 4.9271659e-07 5.3672147e-07 2.0274565e-05 3.8386320e-06 1.1730474e-06]) 	 loss 1.582E-03 	 horizons 9.0
step 16110 	 return [0.         0.0036138  0.00177151 0.00784106 0.0052029  0.
 0.00194386 0.0009066  0.0025314  0.        ], ([0.0000000e+00 0.0000000e+00 1.1641532e-10 9.3132257e-10 0.0000000e+00
 0.0000000e+00 1.1641532e-10 0.0000000e+00 0.0000000e+00 0.0000000e+00]) 	 loss 6.038E-03 	 horizons 9.0
step 16200 	 return [0.         0.0036138  0.00177151 0.00784106 0.0052029  0.
 0.00194386 0.0009066  0.0025314  0.        ], ([0.0000000e+00 0.0000000e+00 1.1641532e-10 9.3132257e-10 0.0000000e+00
 0.0000000e+00 1.1641532e-10 0.0000000e+00 0.0000000e+00 0.0000000e+00]) 	 loss 2.090E-03 	 horizons 9.0
step 16290 	 return [0.         0.00387589 0.00274431 0.00951074 0.00458426 0.
 0.00070185 0.00087288 0.00235584 0.        ], ([0.0000000e+00 4.6566129e-10 2.3283064e-10 0.0000000e+00 0.0000000e+00
 0.0000000e+00 5.8207661e-11 5.8207661e-11 2.3283064e-10 0.0000000e+00]) 	 loss 1.492E-03 	 horizons 9.0
step 16380 	 return [0.         0.003009   0.00279543 0.00990978 0.00459307 0.
 0.00070259 0.00087448 0.00236316 0.        ], ([0.0000000e+00 1.0617207e-03 6.2615705e-05 4.8872142e-04 1.0784908e-05
 0.0000000e+00 9.0400829e-07 1.9576960e-06 8.9617215e-06 0.0000000e+00]) 	 loss 1.337E-03 	 horizons 9.0
step 16470 	 return [0.         0.00378274 0.00186212 0.01054161 0.00746134 0.00697438
 0.00427771 0.         0.         0.        ], ([0.0000000e+00 2.3283064e-10 0.0000000e+00 0.0000000e+00 4.6566129e-10
 4.6566129e-10 0.0000000e+00 0.0000000e+00 0.0000000e+00 0.0000000e+00]) 	 loss 1.203E-03 	 horizons 9.0
step 16560 	 return [0.         0.0036138  0.00177151 0.00784106 0.0052029  0.
 0.00194386 0.0009066  0.0025314  0.        ], ([0.0000000e+00 0.0000000e+00 1.1641532e-10 9.3132257e-10 0.0000000e+00
 0.0000000e+00 1.1641532e-10 0.0000000e+00 0.0000000e+00 0.0000000e+00]) 	 loss 1.244E-03 	 horizons 9.0
step 16650 	 return [0.         0.0013881  0.001562   0.00601555 0.00508719 0.
 0.0019281  0.00089222 0.00248724 0.        ], ([0.0000000e+00 0.0000000e+00 0.0000000e+00 4.6566129e-10 4.6566129e-10
 0.0000000e+00 1.1641532e-10 1.1641532e-10 2.3283064e-10 0.0000000e+00]) 	 loss 1.005E-03 	 horizons 9.0
step 16740 	 return [0.         0.00378274 0.00186212 0.01054161 0.00746134 0.00697438
 0.00427771 0.         0.         0.        ], ([0.0000000e+00 2.3283064e-10 0.0000000e+00 0.0000000e+00 4.6566129e-10
 4.6566129e-10 0.0000000e+00 0.0000000e+00 0.0000000e+00 0.0000000e+00]) 	 loss 9.602E-04 	 horizons 9.0
step 16830 	 return [0.         0.00453797 0.0026518  0.0085756  0.00403658 0.
 0.0007666  0.00083999 0.00240897 0.        ], ([0.0000000e+00 6.9187878e-04 1.4477782e-04 8.4514712e-04 5.3986249e-04
 0.0000000e+00 6.5653308e-05 3.1270996e-05 5.8533573e-05 0.0000000e+00]) 	 loss 8.606E-04 	 horizons 9.0
step 16920 	 return [0.         0.         0.         0.         0.00467629 0.00454472
 0.00533469 0.00423523 0.00565833 0.00554504], ([0.000000e+00 0.000000e+00 0.000000e+00 0.000000e+00 4.656613e-10
 4.656613e-10 4.656613e-10 4.656613e-10 4.656613e-10 0.000000e+00]) 	 loss 2.160E-03 	 horizons 9.0
step 17010 	 return [0.         0.         0.         0.         0.00467629 0.00454472
 0.00533469 0.00423523 0.00565833 0.00554504], ([0.000000e+00 0.000000e+00 0.000000e+00 0.000000e+00 4.656613e-10
 4.656613e-10 4.656613e-10 4.656613e-10 4.656613e-10 0.000000e+00]) 	 loss 1.178E-03 	 horizons 9.0
step 17100 	 return [0.         0.         0.         0.         0.00298176 0.00762465
 0.00561916 0.0040829  0.00612879 0.00562484], ([0.0000000e+00 0.0000000e+00 0.0000000e+00 0.0000000e+00 3.1547622e-06
 1.8681027e-05 1.9585341e-05 5.6031661e-04 7.5187610e-04 4.8013775e-05]) 	 loss 6.800E-04 	 horizons 9.0
step 17190 	 return [0.         0.         0.         0.         0.00467446 0.0045419
 0.00532997 0.00410381 0.00584553 0.00553342], ([0.0000000e+00 0.0000000e+00 0.0000000e+00 0.0000000e+00 5.4912643e-06
 8.4643252e-06 1.4152424e-05 3.9427006e-04 5.6161627e-04 3.4837285e-05]) 	 loss 9.654E-04 	 horizons 9.0
step 17280 	 return [0.         0.         0.         0.         0.00298334 0.00763399
 0.00562896 0.00436306 0.00575285 0.00564885], ([0.000000e+00 0.000000e+00 0.000000e+00 0.000000e+00 0.000000e+00
 0.000000e+00 4.656613e-10 4.656613e-10 4.656613e-10 4.656613e-10]) 	 loss 7.683E-04 	 horizons 9.0
step 17370 	 return [0.         0.         0.         0.         0.00298334 0.00763399
 0.00562896 0.00436306 0.00575285 0.00564885], ([0.000000e+00 0.000000e+00 0.000000e+00 0.000000e+00 0.000000e+00
 0.000000e+00 4.656613e-10 4.656613e-10 4.656613e-10 4.656613e-10]) 	 loss 7.092E-04 	 horizons 9.0
step 17460 	 return [0.         0.00384908 0.00264664 0.0093416  0.00460959 0.
 0.00070442 0.00095115 0.00236702 0.        ], ([0.0000000e+00 8.0414997e-05 2.9300270e-04 5.0743576e-04 7.5985598e-05
 0.0000000e+00 7.7037039e-06 2.3480970e-04 3.3521395e-05 0.0000000e+00]) 	 loss 7.808E-04 	 horizons 9.0
step 17550 	 return [0.         0.         0.         0.         0.00298334 0.00763399
 0.00562896 0.00436306 0.00575285 0.00564885], ([0.000000e+00 0.000000e+00 0.000000e+00 0.000000e+00 0.000000e+00
 0.000000e+00 4.656613e-10 4.656613e-10 4.656613e-10 4.656613e-10]) 	 loss 1.067E-03 	 horizons 9.0
step 17640 	 return [0.         0.0038871  0.0027494  0.00960923 0.0034974  0.
 0.00083259 0.00080904 0.00246827 0.        ], ([0.0000000e+00 0.0000000e+00 2.3283064e-10 0.0000000e+00 0.0000000e+00
 0.0000000e+00 0.0000000e+00 1.1641532e-10 0.0000000e+00 0.0000000e+00]) 	 loss 6.507E-04 	 horizons 9.0
step 17730 	 return [0.         0.00229427 0.00242343 0.00477145 0.00482872 0.
 0.00190729 0.00086798 0.00239687 0.        ], ([0.0000000e+00 2.3283064e-10 2.3283064e-10 0.0000000e+00 0.0000000e+00
 0.0000000e+00 1.1641532e-10 0.0000000e+00 2.3283064e-10 0.0000000e+00]) 	 loss 6.245E-04 	 horizons 9.0
step 17820 	 return [0.         0.         0.         0.         0.00298334 0.00763399
 0.00562896 0.00436306 0.00575285 0.00564885], ([0.000000e+00 0.000000e+00 0.000000e+00 0.000000e+00 0.000000e+00
 0.000000e+00 4.656613e-10 4.656613e-10 4.656613e-10 4.656613e-10]) 	 loss 6.120E-04 	 horizons 9.0
step 17910 	 return [0.         0.0038871  0.0027494  0.00960923 0.0034974  0.
 0.00083259 0.00080904 0.00246827 0.        ], ([0.0000000e+00 0.0000000e+00 2.3283064e-10 0.0000000e+00 0.0000000e+00
 0.0000000e+00 0.0000000e+00 1.1641532e-10 0.0000000e+00 0.0000000e+00]) 	 loss 5.495E-04 	 horizons 9.0
step 18000 	 return [0.         0.00368825 0.00206063 0.00832672 0.00476156 0.
 0.00071983 0.00142077 0.00243406 0.        ], ([0.0000000e+00 1.2283595e-04 4.4756904e-04 7.7512086e-04 1.1606990e-04
 0.0000000e+00 1.1767600e-05 3.5867770e-04 5.1204774e-05 0.0000000e+00]) 	 loss 6.082E-04 	 horizons 9.0
step 18090 	 return [0.         0.00387589 0.00274431 0.00951074 0.00458426 0.
 0.00070185 0.00087288 0.00235584 0.        ], ([0.0000000e+00 4.6566129e-10 2.3283064e-10 0.0000000e+00 0.0000000e+00
 0.0000000e+00 5.8207661e-11 5.8207661e-11 2.3283064e-10 0.0000000e+00]) 	 loss 7.944E-04 	 horizons 9.0
step 18180 	 return [0.         0.0036138  0.00177151 0.00784106 0.0052029  0.
 0.00194386 0.0009066  0.0025314  0.        ], ([0.0000000e+00 0.0000000e+00 1.1641532e-10 9.3132257e-10 0.0000000e+00
 0.0000000e+00 1.1641532e-10 0.0000000e+00 0.0000000e+00 0.0000000e+00]) 	 loss 7.085E-04 	 horizons 9.0
step 18270 	 return [0.         0.00147872 0.00164814 0.00589114 0.00506134 0.
 0.00192601 0.0008898  0.00247821 0.        ], ([0.0000000e+00 2.7185044e-04 2.5842752e-04 3.7322895e-04 7.7541263e-05
 0.0000000e+00 6.2424924e-06 7.2742700e-06 2.7110986e-05 0.0000000e+00]) 	 loss 7.097E-04 	 horizons 9.0
step 18360 	 return [0.         0.         0.         0.         0.00467629 0.00454472
 0.00533469 0.00423523 0.00565833 0.00554504], ([0.000000e+00 0.000000e+00 0.000000e+00 0.000000e+00 4.656613e-10
 4.656613e-10 4.656613e-10 4.656613e-10 4.656613e-10 0.000000e+00]) 	 loss 6.996E-04 	 horizons 9.0
step 18450 	 return [0.         0.00361354 0.00177133 0.00784017 0.0051772  0.
 0.00192758 0.00090422 0.00252938 0.        ], ([0.0000000e+00 7.7658331e-07 5.1629030e-07 2.6665632e-06 7.7117002e-05
 0.0000000e+00 4.8846065e-05 7.1305199e-06 6.0660532e-06 0.0000000e+00]) 	 loss 5.907E-04 	 horizons 9.0
step 18540 	 return [0.         0.00387589 0.00274431 0.00951074 0.00458426 0.
 0.00070185 0.00087288 0.00235584 0.        ], ([0.0000000e+00 4.6566129e-10 2.3283064e-10 0.0000000e+00 0.0000000e+00
 0.0000000e+00 5.8207661e-11 5.8207661e-11 2.3283064e-10 0.0000000e+00]) 	 loss 2.916E-03 	 horizons 9.0
step 18630 	 return [0.         0.0038871  0.0027494  0.00960923 0.0034974  0.
 0.00083259 0.00080904 0.00246827 0.        ], ([0.0000000e+00 0.0000000e+00 2.3283064e-10 0.0000000e+00 0.0000000e+00
 0.0000000e+00 0.0000000e+00 1.1641532e-10 0.0000000e+00 0.0000000e+00]) 	 loss 7.738E-04 	 horizons 9.0
step 18720 	 return [0.         0.00387701 0.00274482 0.00952059 0.00447557 0.
 0.00071492 0.0008665  0.00236709 0.        ], ([0.0000000e+00 3.3635181e-06 1.5271828e-06 2.9546209e-05 3.2605816e-04
 0.0000000e+00 3.9222628e-05 1.9153016e-05 3.3729964e-05 0.0000000e+00]) 	 loss 6.510E-04 	 horizons 9.0
step 18810 	 return [0.         0.00495633 0.00267377 0.00822249 0.00447214 0.
 0.0007144  0.00086554 0.00236382 0.        ], ([0.0000000e+00 5.3742208e-04 3.6557609e-05 6.6911138e-04 3.2491598e-04
 0.0000000e+00 3.9398139e-05 1.8837003e-05 3.4838016e-05 0.0000000e+00]) 	 loss 6.173E-04 	 horizons 9.0
step 18900 	 return [0.         0.00455046 0.00269991 0.00869943 0.00458211 0.
 0.00070152 0.00087228 0.0023538  0.        ], ([0.0000000e+00 6.7457324e-04 4.4402201e-05 8.1131427e-04 2.1462329e-06
 0.0000000e+00 3.2817479e-07 5.9886952e-07 2.0378502e-06 0.0000000e+00]) 	 loss 6.470E-04 	 horizons 9.0
step 18990 	 return [0.         0.         0.         0.         0.00298334 0.00763399
 0.00562896 0.00436306 0.00575285 0.00564885], ([0.000000e+00 0.000000e+00 0.000000e+00 0.000000e+00 0.000000e+00
 0.000000e+00 4.656613e-10 4.656613e-10 4.656613e-10 4.656613e-10]) 	 loss 6.593E-04 	 horizons 9.0
step 19080 	 return [0.         0.00388598 0.00274889 0.00959938 0.00360609 0.
 0.00081952 0.00081542 0.00245703 0.        ], ([0.0000000e+00 3.3635181e-06 1.5271829e-06 2.9546212e-05 3.2605810e-04
 0.0000000e+00 3.9222632e-05 1.9153016e-05 3.3729961e-05 0.0000000e+00]) 	 loss 6.692E-04 	 horizons 9.0
step 19170 	 return [0.         0.0036138  0.00177151 0.00784106 0.0052029  0.
 0.00194386 0.0009066  0.0025314  0.        ], ([0.0000000e+00 0.0000000e+00 1.1641532e-10 9.3132257e-10 0.0000000e+00
 0.0000000e+00 1.1641532e-10 0.0000000e+00 0.0000000e+00 0.0000000e+00]) 	 loss 6.745E-04 	 horizons 9.0
step 19260 	 return [0.         0.         0.         0.         0.00298334 0.00763399
 0.00562896 0.00436306 0.00575285 0.00564885], ([0.000000e+00 0.000000e+00 0.000000e+00 0.000000e+00 0.000000e+00
 0.000000e+00 4.656613e-10 4.656613e-10 4.656613e-10 4.656613e-10]) 	 loss 6.793E-04 	 horizons 9.0
step 19350 	 return [0.         0.         0.         0.         0.00298281 0.00763251
 0.00562735 0.00430223 0.00574133 0.00564533], ([0.0000000e+00 0.0000000e+00 0.0000000e+00 0.0000000e+00 1.7518228e-07
 4.9271631e-07 5.3672147e-07 2.0274563e-05 3.8386320e-06 1.1730474e-06]) 	 loss 6.498E-04 	 horizons 9.0
step 19440 	 return [0.         0.0036138  0.00177151 0.00784106 0.0052029  0.
 0.00194386 0.0009066  0.0025314  0.        ], ([0.0000000e+00 0.0000000e+00 1.1641532e-10 9.3132257e-10 0.0000000e+00
 0.0000000e+00 1.1641532e-10 0.0000000e+00 0.0000000e+00 0.0000000e+00]) 	 loss 3.055E-02 	 horizons 9.0
step 19530 	 return [0.         0.         0.         0.         0.00467698 0.0045452
 0.00533558 0.00426902 0.00566472 0.00554699], ([0.0000000e+00 0.0000000e+00 0.0000000e+00 0.0000000e+00 6.8917882e-07
 4.8475340e-07 8.9430256e-07 3.3790944e-05 6.3977204e-06 1.9550789e-06]) 	 loss 2.781E-03 	 horizons 9.0
step 19620 	 return [0.         0.0038871  0.0027494  0.00960923 0.0034974  0.
 0.00083259 0.00080904 0.00246827 0.        ], ([0.0000000e+00 0.0000000e+00 2.3283064e-10 0.0000000e+00 0.0000000e+00
 0.0000000e+00 0.0000000e+00 1.1641532e-10 0.0000000e+00 0.0000000e+00]) 	 loss 9.538E-03 	 horizons 9.0
step 19710 	 return [0.         0.0036138  0.00177151 0.00784106 0.0052029  0.
 0.00194386 0.0009066  0.0025314  0.        ], ([0.0000000e+00 0.0000000e+00 1.1641532e-10 9.3132257e-10 0.0000000e+00
 0.0000000e+00 1.1641532e-10 0.0000000e+00 0.0000000e+00 0.0000000e+00]) 	 loss 5.285E-03 	 horizons 9.0
step 19800 	 return [0.         0.00378274 0.00186212 0.01054161 0.00746134 0.00697438
 0.00427771 0.         0.         0.        ], ([0.0000000e+00 2.3283064e-10 0.0000000e+00 0.0000000e+00 4.6566129e-10
 4.6566129e-10 0.0000000e+00 0.0000000e+00 0.0000000e+00 0.0000000e+00]) 	 loss 1.195E-03 	 horizons 9.0
step 19890 	 return [0.         0.00360784 0.00176763 0.00781929 0.00483755 0.
 0.00072753 0.00165558 0.00246758 0.        ], ([0.0000000e+00 0.0000000e+00 1.1641532e-10 9.3132257e-10 4.6566129e-10
 0.0000000e+00 5.8207661e-11 0.0000000e+00 2.3283064e-10 0.0000000e+00]) 	 loss 8.553E-04 	 horizons 9.0
step 19980 	 return [0.         0.         0.         0.         0.004507   0.00485365
 0.00536411 0.00424801 0.00566778 0.00555542], ([0.0000000e+00 0.0000000e+00 0.0000000e+00 0.0000000e+00 5.0788565e-04
 9.2678203e-04 8.8281413e-05 3.8347629e-05 2.8356539e-05 3.1143376e-05]) 	 loss 8.403E-04 	 horizons 9.0
step 20070 	 return [0.         0.00378274 0.00186212 0.01054161 0.00746134 0.00697438
 0.00427771 0.         0.         0.        ], ([0.0000000e+00 2.3283064e-10 0.0000000e+00 0.0000000e+00 4.6566129e-10
 4.6566129e-10 0.0000000e+00 0.0000000e+00 0.0000000e+00 0.0000000e+00]) 	 loss 9.049E-03 	 horizons 9.0
step 20160 	 return [0.         0.0036138  0.00177151 0.00784106 0.0052029  0.
 0.00194386 0.0009066  0.0025314  0.        ], ([0.0000000e+00 0.0000000e+00 1.1641532e-10 9.3132257e-10 0.0000000e+00
 0.0000000e+00 1.1641532e-10 0.0000000e+00 0.0000000e+00 0.0000000e+00]) 	 loss 1.325E-03 	 horizons 9.0
step 20250 	 return [0.00094984 0.00013881 0.00210271 0.00173383 0.00449304 0.
 0.00096181 0.00286362 0.00024872 0.        ], ([0.00031661 0.00041643 0.00018024 0.00142724 0.00019805 0.
 0.0003221  0.00065713 0.00074617 0.        ]) 	 loss 6.053E-04 	 horizons 9.0
step 20340 	 return [0.         0.         0.         0.         0.00298334 0.00763399
 0.00562896 0.00436306 0.00575285 0.00564885], ([0.000000e+00 0.000000e+00 0.000000e+00 0.000000e+00 0.000000e+00
 0.000000e+00 4.656613e-10 4.656613e-10 4.656613e-10 4.656613e-10]) 	 loss 3.033E-03 	 horizons 9.0
step 20430 	 return [0.         0.         0.         0.         0.00298334 0.00763399
 0.00562896 0.00436306 0.00575285 0.00564885], ([0.000000e+00 0.000000e+00 0.000000e+00 0.000000e+00 0.000000e+00
 0.000000e+00 4.656613e-10 4.656613e-10 4.656613e-10 4.656613e-10]) 	 loss 6.133E-04 	 horizons 9.0
step 20520 	 return [0.         0.00338301 0.0023435  0.00330726 0.00482485 0.
 0.00190577 0.00086657 0.0023932  0.        ], ([0.0000000e+00 3.6291301e-04 2.6641319e-05 4.8806440e-04 1.2877397e-06
 0.0000000e+00 5.0459056e-07 4.6931672e-07 1.2227101e-06 0.0000000e+00]) 	 loss 3.968E-04 	 horizons 9.0
step 20610 	 return [0.         0.         0.         0.         0.00465799 0.0045165
 0.00528751 0.002921   0.00753038 0.00542891], ([0.000000e+00 0.000000e+00 0.000000e+00 0.000000e+00 0.000000e+00
 0.000000e+00 4.656613e-10 0.000000e+00 9.313226e-10 4.656613e-10]) 	 loss 3.734E-04 	 horizons 9.0
step 20700 	 return [0.         0.00229427 0.00242343 0.00477145 0.00482872 0.
 0.00190729 0.00086798 0.00239687 0.        ], ([0.0000000e+00 2.3283064e-10 2.3283064e-10 0.0000000e+00 0.0000000e+00
 0.0000000e+00 1.1641532e-10 0.0000000e+00 2.3283064e-10 0.0000000e+00]) 	 loss 3.402E-04 	 horizons 9.0
step 20790 	 return [0.         0.         0.         0.         0.00467767 0.00454569
 0.00533647 0.00430281 0.00567112 0.00554895], ([0.000000e+00 0.000000e+00 0.000000e+00 0.000000e+00 4.656613e-10
 0.000000e+00 0.000000e+00 4.656613e-10 4.656613e-10 4.656613e-10]) 	 loss 2.886E-04 	 horizons 9.0
step 20880 	 return [0.         0.         0.         0.         0.00298334 0.00763399
 0.00562896 0.00436306 0.00575285 0.00564885], ([0.000000e+00 0.000000e+00 0.000000e+00 0.000000e+00 0.000000e+00
 0.000000e+00 4.656613e-10 4.656613e-10 4.656613e-10 4.656613e-10]) 	 loss 3.265E-04 	 horizons 9.0
step 20970 	 return [0.         0.00547706 0.00185869 0.00771549 0.00457052 0.
 0.00070065 0.00087043 0.002345   0.        ], ([0.0000000e+00 3.0924586e-04 1.2167954e-03 5.0307694e-04 2.6373269e-05
 0.0000000e+00 1.4229549e-06 3.3516433e-06 1.8546521e-05 0.0000000e+00]) 	 loss 3.005E-04 	 horizons 9.0
step 21060 	 return [0.         0.         0.         0.         0.00297545 0.00758729
 0.00557999 0.00296227 0.00763254 0.00552881], ([0.0000000e+00 0.0000000e+00 0.0000000e+00 0.0000000e+00 2.3283064e-10
 4.6566129e-10 0.0000000e+00 2.3283064e-10 0.0000000e+00 4.6566129e-10]) 	 loss 2.848E-04 	 horizons 9.0
step 21150 	 return [0.         0.00287965 0.0015315  0.00725985 0.00516405 0.
 0.00193836 0.00090161 0.00251623 0.        ], ([0.0000000e+00 9.9563552e-04 5.1902822e-04 8.2049036e-04 5.1755447e-05
 0.0000000e+00 7.0907031e-06 6.4555629e-06 1.9793659e-05 0.0000000e+00]) 	 loss 1.001E-02 	 horizons 9.0
step 21240 	 return [0.         0.00387589 0.00274431 0.00951074 0.00458426 0.
 0.00070185 0.00087288 0.00235584 0.        ], ([0.0000000e+00 4.6566129e-10 2.3283064e-10 0.0000000e+00 0.0000000e+00
 0.0000000e+00 5.8207661e-11 5.8207661e-11 2.3283064e-10 0.0000000e+00]) 	 loss 4.088E-03 	 horizons 9.0
step 21330 	 return [0.         0.0038871  0.0027494  0.00960923 0.0034974  0.
 0.00083259 0.00080904 0.00246827 0.        ], ([0.0000000e+00 0.0000000e+00 2.3283064e-10 0.0000000e+00 0.0000000e+00
 0.0000000e+00 0.0000000e+00 1.1641532e-10 0.0000000e+00 0.0000000e+00]) 	 loss 2.915E-03 	 horizons 9.0
step 21420 	 return [0.         0.00509012 0.00266438 0.00805038 0.0045804  0.
 0.00070126 0.0008718  0.00235217 0.        ], ([0.0000000e+00 4.0474391e-04 2.6641321e-05 4.8678854e-04 1.2877398e-06
 0.0000000e+00 1.9690488e-07 3.5932172e-07 1.2227101e-06 0.0000000e+00]) 	 loss 2.028E-03 	 horizons 9.0
step 21510 	 return [0.         0.0013881  0.001562   0.00601555 0.00508719 0.
 0.0019281  0.00089222 0.00248724 0.        ], ([0.0000000e+00 0.0000000e+00 0.0000000e+00 4.6566129e-10 4.6566129e-10
 0.0000000e+00 1.1641532e-10 1.1641532e-10 2.3283064e-10 0.0000000e+00]) 	 loss 1.371E-03 	 horizons 9.0
step 21600 	 return [0.         0.         0.         0.         0.00298334 0.00763399
 0.00562896 0.00436306 0.00575285 0.00564885], ([0.000000e+00 0.000000e+00 0.000000e+00 0.000000e+00 0.000000e+00
 0.000000e+00 4.656613e-10 4.656613e-10 4.656613e-10 4.656613e-10]) 	 loss 1.064E-03 	 horizons 9.0
step 21690 	 return [0.         0.00388486 0.00274838 0.00958953 0.00371477 0.
 0.00080644 0.00082181 0.00244579 0.        ], ([0.0000000e+00 4.4846906e-06 2.0362436e-06 3.9394945e-05 4.3474417e-04
 0.0000000e+00 5.2296837e-05 2.5537354e-05 4.4973291e-05 0.0000000e+00]) 	 loss 6.372E-04 	 horizons 9.0
step 21780 	 return [0.         0.         0.         0.         0.00465799 0.0045165
 0.00528751 0.002921   0.00753038 0.00542891], ([0.000000e+00 0.000000e+00 0.000000e+00 0.000000e+00 0.000000e+00
 0.000000e+00 4.656613e-10 0.000000e+00 9.313226e-10 4.656613e-10]) 	 loss 6.182E-04 	 horizons 9.0
step 21870 	 return [0.         0.00522503 0.0026555  0.00788811 0.00457997 0.
 0.00070119 0.00087168 0.00235177 0.        ], ([0.0000000e+00 4.6566129e-10 2.3283064e-10 9.3132257e-10 4.6566129e-10
 0.0000000e+00 5.8207661e-11 1.1641532e-10 2.3283064e-10 0.0000000e+00]) 	 loss 4.993E-04 	 horizons 9.0
step 21960 	 return [0.         0.         0.         0.         0.00298334 0.00763399
 0.00562896 0.00436306 0.00575285 0.00564885], ([0.000000e+00 0.000000e+00 0.000000e+00 0.000000e+00 0.000000e+00
 0.000000e+00 4.656613e-10 4.656613e-10 4.656613e-10 4.656613e-10]) 	 loss 3.881E-04 	 horizons 9.0
step 22050 	 return [0.         0.00522503 0.0026555  0.00788811 0.00457997 0.
 0.00070119 0.00087168 0.00235177 0.        ], ([0.0000000e+00 4.6566129e-10 2.3283064e-10 9.3132257e-10 4.6566129e-10
 0.0000000e+00 5.8207661e-11 1.1641532e-10 2.3283064e-10 0.0000000e+00]) 	 loss 3.382E-04 	 horizons 9.0
step 22140 	 return [0.         0.00378274 0.00186212 0.01054161 0.00746134 0.00697438
 0.00427771 0.         0.         0.        ], ([0.0000000e+00 2.3283064e-10 0.0000000e+00 0.0000000e+00 4.6566129e-10
 4.6566129e-10 0.0000000e+00 0.0000000e+00 0.0000000e+00 0.0000000e+00]) 	 loss 3.428E-04 	 horizons 9.0
step 22230 	 return [0.         0.         0.         0.         0.00467767 0.00454569
 0.00533647 0.00430281 0.00567112 0.00554895], ([0.000000e+00 0.000000e+00 0.000000e+00 0.000000e+00 4.656613e-10
 0.000000e+00 0.000000e+00 4.656613e-10 4.656613e-10 4.656613e-10]) 	 loss 3.217E-04 	 horizons 9.0
step 22320 	 return [0.         0.00229427 0.00242343 0.00477145 0.00482872 0.
 0.00190729 0.00086798 0.00239687 0.        ], ([0.0000000e+00 2.3283064e-10 2.3283064e-10 0.0000000e+00 0.0000000e+00
 0.0000000e+00 1.1641532e-10 0.0000000e+00 2.3283064e-10 0.0000000e+00]) 	 loss 3.396E-04 	 horizons 9.0
step 22410 	 return [0.         0.0036138  0.00177151 0.00784106 0.0052029  0.
 0.00194386 0.0009066  0.0025314  0.        ], ([0.0000000e+00 0.0000000e+00 1.1641532e-10 9.3132257e-10 0.0000000e+00
 0.0000000e+00 1.1641532e-10 0.0000000e+00 0.0000000e+00 0.0000000e+00]) 	 loss 3.314E-04 	 horizons 9.0
step 22500 	 return [0.         0.         0.         0.         0.00298176 0.00762465
 0.00561917 0.0040829  0.00612879 0.00562484], ([0.0000000e+00 0.0000000e+00 0.0000000e+00 0.0000000e+00 3.1547622e-06
 1.8681027e-05 1.9585341e-05 5.6031666e-04 7.5187621e-04 4.8013782e-05]) 	 loss 3.003E-04 	 horizons 9.0
step 22590 	 return [0.         0.00387589 0.00274431 0.00951074 0.00458426 0.
 0.00070185 0.00087288 0.00235584 0.        ], ([0.0000000e+00 4.6566129e-10 2.3283064e-10 0.0000000e+00 0.0000000e+00
 0.0000000e+00 5.8207661e-11 5.8207661e-11 2.3283064e-10 0.0000000e+00]) 	 loss 3.130E-04 	 horizons 9.0
step 22680 	 return [0.         0.         0.         0.         0.00297782 0.0076013
 0.00559468 0.0033825  0.00706863 0.00556482], ([0.0000000e+00 0.0000000e+00 0.0000000e+00 0.0000000e+00 3.6142339e-06
 2.1401805e-05 2.2437827e-05 6.4192334e-04 8.6138229e-04 5.5006691e-05]) 	 loss 2.929E-04 	 horizons 9.0
step 22770 	 return [0.         0.0038871  0.0027494  0.00960923 0.0034974  0.
 0.00083259 0.00080904 0.00246827 0.        ], ([0.0000000e+00 0.0000000e+00 2.3283064e-10 0.0000000e+00 0.0000000e+00
 0.0000000e+00 0.0000000e+00 1.1641532e-10 0.0000000e+00 0.0000000e+00]) 	 loss 3.152E-04 	 horizons 9.0
step 22860 	 return [0.         0.         0.         0.         0.00298334 0.00763399
 0.00562896 0.00436306 0.00575285 0.00564885], ([0.000000e+00 0.000000e+00 0.000000e+00 0.000000e+00 0.000000e+00
 0.000000e+00 4.656613e-10 4.656613e-10 4.656613e-10 4.656613e-10]) 	 loss 2.587E-04 	 horizons 9.0
step 22950 	 return [0.         0.0038871  0.0027494  0.00960923 0.0034974  0.
 0.00083259 0.00080904 0.00246827 0.        ], ([0.0000000e+00 0.0000000e+00 2.3283064e-10 0.0000000e+00 0.0000000e+00
 0.0000000e+00 0.0000000e+00 1.1641532e-10 0.0000000e+00 0.0000000e+00]) 	 loss 3.676E-04 	 horizons 9.0
step 23040 	 return [0.         0.00229427 0.00242343 0.00477145 0.00482872 0.
 0.00190729 0.00086798 0.00239687 0.        ], ([0.0000000e+00 2.3283064e-10 2.3283064e-10 0.0000000e+00 0.0000000e+00
 0.0000000e+00 1.1641532e-10 0.0000000e+00 2.3283064e-10 0.0000000e+00]) 	 loss 2.797E-04 	 horizons 9.0
step 23130 	 return [0.         0.00522503 0.0026555  0.00788811 0.00457997 0.
 0.00070119 0.00087168 0.00235177 0.        ], ([0.0000000e+00 4.6566129e-10 2.3283064e-10 9.3132257e-10 4.6566129e-10
 0.0000000e+00 5.8207661e-11 1.1641532e-10 2.3283064e-10 0.0000000e+00]) 	 loss 2.980E-04 	 horizons 9.0
step 23220 	 return [0.         0.00202242 0.002165   0.00514468 0.00490626 0.
 0.00191353 0.00087525 0.00242398 0.        ], ([0.0000000e+00 4.1525840e-04 3.9475455e-04 5.7011668e-04 1.1844623e-04
 0.0000000e+00 9.5355645e-06 1.1111631e-05 4.1412717e-05 0.0000000e+00]) 	 loss 2.725E-04 	 horizons 9.0
step 23310 	 return [0.         0.0036138  0.00177151 0.00784106 0.0052029  0.
 0.00194386 0.0009066  0.0025314  0.        ], ([0.0000000e+00 0.0000000e+00 1.1641532e-10 9.3132257e-10 0.0000000e+00
 0.0000000e+00 1.1641532e-10 0.0000000e+00 0.0000000e+00 0.0000000e+00]) 	 loss 2.294E-04 	 horizons 9.0
step 23400 	 return [0.         0.00350398 0.00233462 0.00314457 0.00482443 0.
 0.00190561 0.00086641 0.0023928  0.        ], ([0.0000000e+00 2.3283064e-10 0.0000000e+00 4.6566129e-10 4.6566129e-10
 0.0000000e+00 1.1641532e-10 0.0000000e+00 2.3283064e-10 0.0000000e+00]) 	 loss 2.855E-04 	 horizons 9.0
step 23490 	 return [0.         0.00675115 0.0025828  0.00482017 0.00448801 0.
 0.00069587 0.00085943 0.00228615 0.        ], ([0.0000000e+00 4.7398361e-04 3.5521665e-05 6.9310586e-04 1.7169863e-06
 0.0000000e+00 2.6253983e-07 4.7907236e-07 1.6301869e-06 0.0000000e+00]) 	 loss 2.367E-04 	 horizons 9.0
step 23580 	 return [0.         0.00350398 0.00233462 0.00314457 0.00482443 0.
 0.00190561 0.00086641 0.0023928  0.        ], ([0.0000000e+00 2.3283064e-10 0.0000000e+00 4.6566129e-10 4.6566129e-10
 0.0000000e+00 1.1641532e-10 0.0000000e+00 2.3283064e-10 0.0000000e+00]) 	 loss 3.767E-04 	 horizons 9.0
step 23670 	 return [0.         0.         0.         0.         0.00298097 0.00761998
 0.00561427 0.00394282 0.00631676 0.00561284], ([0.0000000e+00 0.0000000e+00 0.0000000e+00 0.0000000e+00 3.6142342e-06
 2.1401805e-05 2.2437827e-05 6.4192328e-04 8.6138229e-04 5.5006691e-05]) 	 loss 3.265E-04 	 horizons 9.0
step 23760 	 return [0.         0.00523687 0.00266008 0.00797418 0.0036027  0.
 0.00081794 0.0008139  0.00245296 0.        ], ([0.0000000e+00 3.9448032e-06 1.5271826e-06 2.8689579e-05 3.2575440e-04
 0.0000000e+00 3.8914943e-05 1.9262994e-05 3.3729968e-05 0.0000000e+00]) 	 loss 2.052E-04 	 horizons 9.0
step 23850 	 return [0.         0.00581011 0.00238846 0.00637307 0.00450009 0.
 0.00069685 0.00086147 0.00229547 0.        ], ([0.0000000e+00 2.0762534e-05 7.9615170e-04 5.0006295e-04 2.5958196e-05
 0.0000000e+00 1.3785439e-06 3.2606652e-06 1.8174760e-05 0.0000000e+00]) 	 loss 3.222E-04 	 horizons 9.0
step 23940 	 return [0.         0.00568756 0.00265417 0.00654273 0.00450915 0.
 0.00069735 0.00086265 0.00230188 0.        ], ([0.0000000e+00 2.3126100e-04 6.6552309e-07 6.7269086e-04 3.5410743e-05
 0.0000000e+00 1.9208528e-06 4.5185902e-06 2.4942588e-05 0.0000000e+00]) 	 loss 2.133E-03 	 horizons 9.0
step 24030 	 return [0.         0.00378274 0.00186212 0.01054161 0.00746134 0.00697438
 0.00427771 0.         0.         0.        ], ([0.0000000e+00 2.3283064e-10 0.0000000e+00 0.0000000e+00 4.6566129e-10
 4.6566129e-10 0.0000000e+00 0.0000000e+00 0.0000000e+00 0.0000000e+00]) 	 loss 6.233E-03 	 horizons 9.0
step 24120 	 return [0.         0.00523687 0.00266008 0.00797418 0.0036027  0.
 0.00081794 0.0008139  0.00245296 0.        ], ([0.0000000e+00 3.9448032e-06 1.5271826e-06 2.8689579e-05 3.2575446e-04
 0.0000000e+00 3.8914943e-05 1.9262994e-05 3.3729961e-05 0.0000000e+00]) 	 loss 7.010E-03 	 horizons 9.0
step 24210 	 return [0.         0.00372737 0.00203524 0.00327888 0.00479071 0.
 0.00177091 0.00093969 0.00239143 0.        ], ([0.0000000e+00 5.8215158e-04 7.0614676e-04 4.0608199e-04 7.7627476e-05
 0.0000000e+00 3.5296511e-04 2.2806770e-04 6.8054096e-06 0.0000000e+00]) 	 loss 1.035E-02 	 horizons 9.0
step 24300 	 return [0.         0.         0.         0.         0.00467767 0.00454569
 0.00533647 0.00430281 0.00567112 0.00554895], ([0.000000e+00 0.000000e+00 0.000000e+00 0.000000e+00 4.656613e-10
 0.000000e+00 0.000000e+00 4.656613e-10 4.656613e-10 4.656613e-10]) 	 loss 1.123E-02 	 horizons 9.0
step 24390 	 return [0.         0.         0.         0.         0.00298334 0.00763399
 0.00562896 0.00436306 0.00575285 0.00564885], ([0.000000e+00 0.000000e+00 0.000000e+00 0.000000e+00 0.000000e+00
 0.000000e+00 4.656613e-10 4.656613e-10 4.656613e-10 4.656613e-10]) 	 loss 2.786E-02 	 horizons 9.0
step 24480 	 return [0.         0.00229427 0.00242343 0.00477145 0.00482872 0.
 0.00190729 0.00086798 0.00239687 0.        ], ([0.0000000e+00 2.3283064e-10 2.3283064e-10 0.0000000e+00 0.0000000e+00
 0.0000000e+00 1.1641532e-10 0.0000000e+00 2.3283064e-10 0.0000000e+00]) 	 loss 4.179E-03 	 horizons 9.0
step 24570 	 return [0.         0.00350398 0.00233462 0.00314457 0.00482443 0.
 0.00190561 0.00086641 0.0023928  0.        ], ([0.0000000e+00 2.3283064e-10 0.0000000e+00 4.6566129e-10 4.6566129e-10
 0.0000000e+00 1.1641532e-10 0.0000000e+00 2.3283064e-10 0.0000000e+00]) 	 loss 3.577E-03 	 horizons 9.0
step 24660 	 return [0.         0.00350398 0.00233462 0.00314457 0.00482443 0.
 0.00190561 0.00086641 0.0023928  0.        ], ([0.0000000e+00 2.3283064e-10 0.0000000e+00 4.6566129e-10 4.6566129e-10
 0.0000000e+00 1.1641532e-10 0.0000000e+00 2.3283064e-10 0.0000000e+00]) 	 loss 1.132E-02 	 horizons 9.0
step 24750 	 return [0.         0.00490927 0.00150945 0.0040474  0.00439761 0.
 0.00071569 0.00154996 0.00225328 0.        ], ([0.0000000e+00 1.6364225e-03 5.0314906e-04 1.3491346e-03 1.0413436e-03
 0.0000000e+00 1.9142975e-05 2.2079832e-04 4.4360125e-04 0.0000000e+00]) 	 loss 1.737E-03 	 horizons 9.0
step 24840 	 return [0.         0.         0.         0.         0.00298334 0.00763399
 0.00562896 0.00436306 0.00575285 0.00564885], ([0.000000e+00 0.000000e+00 0.000000e+00 0.000000e+00 0.000000e+00
 0.000000e+00 4.656613e-10 4.656613e-10 4.656613e-10 4.656613e-10]) 	 loss 1.289E-02 	 horizons 9.0
step 24930 	 return [0.         0.00378274 0.00186212 0.01054161 0.00746134 0.00697438
 0.00427771 0.         0.         0.        ], ([0.0000000e+00 2.3283064e-10 0.0000000e+00 0.0000000e+00 4.6566129e-10
 4.6566129e-10 0.0000000e+00 0.0000000e+00 0.0000000e+00 0.0000000e+00]) 	 loss 7.422E-04 	 horizons 9.0
step 25020 	 return [0.         0.         0.         0.         0.00467739 0.00454549
 0.00533612 0.0042893  0.00566856 0.00554816], ([0.0000000e+00 0.0000000e+00 0.0000000e+00 0.0000000e+00 5.5134313e-07
 3.8780277e-07 7.1544201e-07 2.7032755e-05 5.1181764e-06 1.5640633e-06]) 	 loss 4.642E-04 	 horizons 9.0
step 25110 	 return [0.         0.00384908 0.00264664 0.0093416  0.00460959 0.
 0.00070442 0.00095115 0.00236702 0.        ], ([0.0000000e+00 8.0414997e-05 2.9300270e-04 5.0743576e-04 7.5985598e-05
 0.0000000e+00 7.7037039e-06 2.3480970e-04 3.3521395e-05 0.0000000e+00]) 	 loss 1.054E-02 	 horizons 9.0
step 25200 	 return [0.         0.         0.         0.         0.00467767 0.00454569
 0.00533647 0.00430281 0.00567112 0.00554895], ([0.000000e+00 0.000000e+00 0.000000e+00 0.000000e+00 4.656613e-10
 0.000000e+00 0.000000e+00 4.656613e-10 4.656613e-10 4.656613e-10]) 	 loss 3.444E-04 	 horizons 9.0
step 25290 	 return [0.         0.00229427 0.00242343 0.00477145 0.00482872 0.
 0.00190729 0.00086798 0.00239687 0.        ], ([0.0000000e+00 2.3283064e-10 2.3283064e-10 0.0000000e+00 0.0000000e+00
 0.0000000e+00 1.1641532e-10 0.0000000e+00 2.3283064e-10 0.0000000e+00]) 	 loss 3.009E-04 	 horizons 9.0
step 25380 	 return [0.         0.         0.0008315  0.00989975 0.00959154 0.00870945
 0.00366705 0.         0.         0.        ], ([0.         0.         0.00101837 0.00344985 0.00191385 0.00345554
 0.00124678 0.         0.         0.        ]) 	 loss 2.024E-04 	 horizons 9.0
step 25470 	 return [0.         0.00378274 0.00186212 0.01054161 0.00746134 0.00697438
 0.00427771 0.         0.         0.        ], ([0.0000000e+00 2.3283064e-10 0.0000000e+00 0.0000000e+00 4.6566129e-10
 4.6566129e-10 0.0000000e+00 0.0000000e+00 0.0000000e+00 0.0000000e+00]) 	 loss 1.767E-02 	 horizons 9.0
step 25560 	 return [0.         0.00522503 0.0026555  0.00788811 0.00457997 0.
 0.00070119 0.00087168 0.00235177 0.        ], ([0.0000000e+00 4.6566129e-10 2.3283064e-10 9.3132257e-10 4.6566129e-10
 0.0000000e+00 5.8207661e-11 1.1641532e-10 2.3283064e-10 0.0000000e+00]) 	 loss 4.485E-04 	 horizons 9.0
step 25650 	 return [0.         0.00388598 0.00274889 0.00959938 0.00360609 0.
 0.00081952 0.00081542 0.00245703 0.        ], ([0.0000000e+00 3.3635181e-06 1.5271829e-06 2.9546209e-05 3.2605810e-04
 0.0000000e+00 3.9222628e-05 1.9153016e-05 3.3729964e-05 0.0000000e+00]) 	 loss 4.863E-04 	 horizons 9.0
step 25740 	 return [0.         0.0036138  0.00177151 0.00784106 0.0052029  0.
 0.00194386 0.0009066  0.0025314  0.        ], ([0.0000000e+00 0.0000000e+00 1.1641532e-10 9.3132257e-10 0.0000000e+00
 0.0000000e+00 1.1641532e-10 0.0000000e+00 0.0000000e+00 0.0000000e+00]) 	 loss 5.165E-04 	 horizons 9.0
step 25830 	 return [0.         0.00545474 0.00167716 0.00449712 0.00474473 0.
 0.00072207 0.00162356 0.00240115 0.        ], ([0.0000000e+00 0.0000000e+00 1.1641532e-10 4.6566129e-10 4.6566129e-10
 0.0000000e+00 5.8207661e-11 0.0000000e+00 2.3283064e-10 0.0000000e+00]) 	 loss 4.851E-04 	 horizons 9.0
step 25920 	 return [0.         0.0036138  0.00177151 0.00784106 0.0052029  0.
 0.00194386 0.0009066  0.0025314  0.        ], ([0.0000000e+00 0.0000000e+00 1.1641532e-10 9.3132257e-10 0.0000000e+00
 0.0000000e+00 1.1641532e-10 0.0000000e+00 0.0000000e+00 0.0000000e+00]) 	 loss 4.153E-04 	 horizons 9.0
step 26010 	 return [0.         0.00338301 0.0023435  0.00330726 0.00482485 0.
 0.00190577 0.00086657 0.0023932  0.        ], ([0.0000000e+00 3.6291307e-04 2.6641319e-05 4.8806437e-04 1.2877398e-06
 0.0000000e+00 5.0459062e-07 4.6931672e-07 1.2227101e-06 0.0000000e+00]) 	 loss 3.083E-04 	 horizons 9.0
step 26100 	 return [0.         0.00317118 0.00225719 0.00439383 0.00488413 0.
 0.00191103 0.00087148 0.00240968 0.        ], ([0.00000000e+00 1.24081201e-03 2.90120806e-04 6.32770068e-04
 1.12987334e-04 0.00000000e+00 8.36056734e-06 7.81953986e-06
 2.76909905e-05 0.00000000e+00]) 	 loss 2.398E-04 	 horizons 9.0
step 26190 	 return [0.         0.00378274 0.00186212 0.01054161 0.00746134 0.00697438
 0.00427771 0.         0.         0.        ], ([0.0000000e+00 2.3283064e-10 0.0000000e+00 0.0000000e+00 4.6566129e-10
 4.6566129e-10 0.0000000e+00 0.0000000e+00 0.0000000e+00 0.0000000e+00]) 	 loss 1.885E-04 	 horizons 9.0
step 26280 	 return [0.         0.00350398 0.00233462 0.00314457 0.00482443 0.
 0.00190561 0.00086641 0.0023928  0.        ], ([0.0000000e+00 2.3283064e-10 0.0000000e+00 4.6566129e-10 4.6566129e-10
 0.0000000e+00 1.1641532e-10 0.0000000e+00 2.3283064e-10 0.0000000e+00]) 	 loss 1.713E-04 	 horizons 9.0
step 26370 	 return [0.         0.         0.         0.         0.00298334 0.00763399
 0.00562896 0.00436306 0.00575285 0.00564885], ([0.000000e+00 0.000000e+00 0.000000e+00 0.000000e+00 0.000000e+00
 0.000000e+00 4.656613e-10 4.656613e-10 4.656613e-10 4.656613e-10]) 	 loss 1.393E-04 	 horizons 9.0
step 26460 	 return [0.         0.00522503 0.0026555  0.00788811 0.00457997 0.
 0.00070119 0.00087168 0.00235177 0.        ], ([0.0000000e+00 4.6566129e-10 2.3283064e-10 9.3132257e-10 4.6566129e-10
 0.0000000e+00 5.8207661e-11 1.1641532e-10 2.3283064e-10 0.0000000e+00]) 	 loss 1.459E-04 	 horizons 9.0
step 26550 	 return [0.         0.00562974 0.00265434 0.0067109  0.004518   0.
 0.00069783 0.00086378 0.00230812 0.        ], ([0.0000000e+00 2.6494276e-04 7.6245254e-07 7.7066431e-04 4.0568109e-05
 0.0000000e+00 2.2006132e-06 5.1766965e-06 2.8575325e-05 0.0000000e+00]) 	 loss 1.401E-04 	 horizons 9.0
step 26640 	 return [0.         0.         0.         0.         0.00297624 0.00759196
 0.00558489 0.00310234 0.00744457 0.00554082], ([0.0000000e+00 0.0000000e+00 0.0000000e+00 0.0000000e+00 2.3660714e-06
 1.4010770e-05 1.4689003e-05 4.2023751e-04 5.6390715e-04 3.6010337e-05]) 	 loss 1.680E-04 	 horizons 9.0
step 26730 	 return [0.         0.         0.         0.         0.00298334 0.00763399
 0.00562896 0.00436306 0.00575285 0.00564885], ([0.000000e+00 0.000000e+00 0.000000e+00 0.000000e+00 0.000000e+00
 0.000000e+00 4.656613e-10 4.656613e-10 4.656613e-10 4.656613e-10]) 	 loss 1.994E-04 	 horizons 9.0
step 26820 	 return [0.         0.0038871  0.0027494  0.00960923 0.0034974  0.
 0.00083259 0.00080904 0.00246827 0.        ], ([0.0000000e+00 0.0000000e+00 2.3283064e-10 0.0000000e+00 0.0000000e+00
 0.0000000e+00 0.0000000e+00 1.1641532e-10 0.0000000e+00 0.0000000e+00]) 	 loss 1.843E-04 	 horizons 9.0
step 26910 	 return [0.         0.00378274 0.00186212 0.01054161 0.00746134 0.00697438
 0.00427771 0.         0.         0.        ], ([0.0000000e+00 2.3283064e-10 0.0000000e+00 0.0000000e+00 4.6566129e-10
 4.6566129e-10 0.0000000e+00 0.0000000e+00 0.0000000e+00 0.0000000e+00]) 	 loss 1.953E-04 	 horizons 9.0
step 27000 	 return [0.         0.00378274 0.00186212 0.01054161 0.00746134 0.00697438
 0.00427771 0.         0.         0.        ], ([0.0000000e+00 2.3283064e-10 0.0000000e+00 0.0000000e+00 4.6566129e-10
 4.6566129e-10 0.0000000e+00 0.0000000e+00 0.0000000e+00 0.0000000e+00]) 	 loss 1.611E-04 	 horizons 9.0
step 27090 	 return [0.         0.00229427 0.00242343 0.00477145 0.00482872 0.
 0.00190729 0.00086798 0.00239687 0.        ], ([0.0000000e+00 2.3283064e-10 2.3283064e-10 0.0000000e+00 0.0000000e+00
 0.0000000e+00 1.1641532e-10 0.0000000e+00 2.3283064e-10 0.0000000e+00]) 	 loss 1.492E-04 	 horizons 9.0
step 27180 	 return [0.         0.0036138  0.00177151 0.00784106 0.0052029  0.
 0.00194386 0.0009066  0.0025314  0.        ], ([0.0000000e+00 0.0000000e+00 1.1641532e-10 9.3132257e-10 0.0000000e+00
 0.0000000e+00 1.1641532e-10 0.0000000e+00 0.0000000e+00 0.0000000e+00]) 	 loss 1.247E-04 	 horizons 9.0
step 27270 	 return [0.         0.00377312 0.00257581 0.00722711 0.00463336 0.
 0.00185839 0.00069019 0.0012213  0.        ], ([0.         0.00113871 0.00060207 0.00184733 0.00027921 0.
 0.00018819 0.00034538 0.00122194 0.        ]) 	 loss 1.172E-04 	 horizons 9.0
step 27360 	 return [0.         0.         0.         0.         0.00465799 0.0045165
 0.00528751 0.002921   0.00753038 0.00542891], ([0.000000e+00 0.000000e+00 0.000000e+00 0.000000e+00 0.000000e+00
 0.000000e+00 4.656613e-10 0.000000e+00 9.313226e-10 4.656613e-10]) 	 loss 1.888E-02 	 horizons 9.0
step 27450 	 return [0.         0.0038871  0.0027494  0.00960923 0.0034974  0.
 0.00083259 0.00080904 0.00246827 0.        ], ([0.0000000e+00 0.0000000e+00 2.3283064e-10 0.0000000e+00 0.0000000e+00
 0.0000000e+00 0.0000000e+00 1.1641532e-10 0.0000000e+00 0.0000000e+00]) 	 loss 2.745E-03 	 horizons 9.0
step 27540 	 return [0.         0.         0.         0.         0.00467373 0.00453985
 0.00532668 0.00402645 0.00604298 0.00552494], ([0.0000000e+00 0.0000000e+00 0.0000000e+00 0.0000000e+00 7.8730282e-06
 1.1673570e-05 1.9585341e-05 5.5272615e-04 7.4370357e-04 4.8013775e-05]) 	 loss 1.150E-03 	 horizons 9.0
step 27630 	 return [0.         0.         0.         0.         0.00297545 0.00758729
 0.00557999 0.00296227 0.00763254 0.00552881], ([0.0000000e+00 0.0000000e+00 0.0000000e+00 0.0000000e+00 2.3283064e-10
 4.6566129e-10 0.0000000e+00 2.3283064e-10 0.0000000e+00 4.6566129e-10]) 	 loss 4.165E-04 	 horizons 9.0
step 27720 	 return [0.         0.00378274 0.00186212 0.01054161 0.00746134 0.00697438
 0.00427771 0.         0.         0.        ], ([0.0000000e+00 2.3283064e-10 0.0000000e+00 0.0000000e+00 4.6566129e-10
 4.6566129e-10 0.0000000e+00 0.0000000e+00 0.0000000e+00 0.0000000e+00]) 	 loss 1.944E-04 	 horizons 9.0
step 27810 	 return [0.         0.00378274 0.00186212 0.01054161 0.00746134 0.00697438
 0.00427771 0.         0.         0.        ], ([0.0000000e+00 2.3283064e-10 0.0000000e+00 0.0000000e+00 4.6566129e-10
 4.6566129e-10 0.0000000e+00 0.0000000e+00 0.0000000e+00 0.0000000e+00]) 	 loss 1.990E-04 	 horizons 9.0
step 27900 	 return [0.         0.0036138  0.00177151 0.00784106 0.0052029  0.
 0.00194386 0.0009066  0.0025314  0.        ], ([0.0000000e+00 0.0000000e+00 1.1641532e-10 9.3132257e-10 0.0000000e+00
 0.0000000e+00 1.1641532e-10 0.0000000e+00 0.0000000e+00 0.0000000e+00]) 	 loss 1.484E-04 	 horizons 9.0
step 27990 	 return [0.         0.0038871  0.0027494  0.00960923 0.0034974  0.
 0.00083259 0.00080904 0.00246827 0.        ], ([0.0000000e+00 0.0000000e+00 2.3283064e-10 0.0000000e+00 0.0000000e+00
 0.0000000e+00 0.0000000e+00 1.1641532e-10 0.0000000e+00 0.0000000e+00]) 	 loss 1.248E-04 	 horizons 9.0
step 28080 	 return [0.         0.         0.         0.         0.00465799 0.0045165
 0.00528751 0.002921   0.00753038 0.00542891], ([0.000000e+00 0.000000e+00 0.000000e+00 0.000000e+00 0.000000e+00
 0.000000e+00 4.656613e-10 0.000000e+00 9.313226e-10 4.656613e-10]) 	 loss 1.232E-04 	 horizons 9.0
step 28170 	 return [0.         0.         0.         0.         0.00298334 0.00763399
 0.00562896 0.00436306 0.00575285 0.00564885], ([0.000000e+00 0.000000e+00 0.000000e+00 0.000000e+00 0.000000e+00
 0.000000e+00 4.656613e-10 4.656613e-10 4.656613e-10 4.656613e-10]) 	 loss 1.238E-04 	 horizons 9.0
step 28260 	 return [0.         0.00546909 0.00168104 0.00451022 0.00511008 0.
 0.0019277  0.00088708 0.00246497 0.        ], ([0.0000000e+00 0.0000000e+00 1.1641532e-10 0.0000000e+00 0.0000000e+00
 0.0000000e+00 1.1641532e-10 0.0000000e+00 2.3283064e-10 0.0000000e+00]) 	 loss 1.394E-04 	 horizons 9.0
step 28350 	 return [0.         0.00546909 0.00168104 0.00451022 0.00511008 0.
 0.0019277  0.00088708 0.00246497 0.        ], ([0.0000000e+00 0.0000000e+00 1.1641532e-10 0.0000000e+00 0.0000000e+00
 0.0000000e+00 1.1641532e-10 0.0000000e+00 2.3283064e-10 0.0000000e+00]) 	 loss 1.075E-04 	 horizons 9.0
step 28440 	 return [0.         0.00522503 0.0026555  0.00788811 0.00457997 0.
 0.00070119 0.00087168 0.00235177 0.        ], ([0.0000000e+00 4.6566129e-10 2.3283064e-10 9.3132257e-10 4.6566129e-10
 0.0000000e+00 5.8207661e-11 1.1641532e-10 2.3283064e-10 0.0000000e+00]) 	 loss 9.172E-05 	 horizons 9.0
step 28530 	 return [0.         0.00522503 0.0026555  0.00788811 0.00457997 0.
 0.00070119 0.00087168 0.00235177 0.        ], ([0.0000000e+00 4.6566129e-10 2.3283064e-10 9.3132257e-10 4.6566129e-10
 0.0000000e+00 5.8207661e-11 1.1641532e-10 2.3283064e-10 0.0000000e+00]) 	 loss 1.052E-04 	 horizons 9.0
step 28620 	 return [0.         0.0036138  0.00177151 0.00784106 0.0052029  0.
 0.00194386 0.0009066  0.0025314  0.        ], ([0.0000000e+00 0.0000000e+00 1.1641532e-10 9.3132257e-10 0.0000000e+00
 0.0000000e+00 1.1641532e-10 0.0000000e+00 0.0000000e+00 0.0000000e+00]) 	 loss 1.381E-04 	 horizons 9.0
step 28710 	 return [0.         0.00378274 0.00186212 0.01054161 0.00746134 0.00697438
 0.00427771 0.         0.         0.        ], ([0.0000000e+00 2.3283064e-10 0.0000000e+00 0.0000000e+00 4.6566129e-10
 4.6566129e-10 0.0000000e+00 0.0000000e+00 0.0000000e+00 0.0000000e+00]) 	 loss 1.200E-04 	 horizons 9.0
step 28800 	 return [0.         0.00350398 0.00233462 0.00314457 0.00482443 0.
 0.00190561 0.00086641 0.0023928  0.        ], ([0.0000000e+00 2.3283064e-10 0.0000000e+00 4.6566129e-10 4.6566129e-10
 0.0000000e+00 1.1641532e-10 0.0000000e+00 2.3283064e-10 0.0000000e+00]) 	 loss 9.994E-05 	 horizons 9.0
step 28890 	 return [0.         0.00378274 0.00186212 0.01054161 0.00746134 0.00697438
 0.00427771 0.         0.         0.        ], ([0.0000000e+00 2.3283064e-10 0.0000000e+00 0.0000000e+00 4.6566129e-10
 4.6566129e-10 0.0000000e+00 0.0000000e+00 0.0000000e+00 0.0000000e+00]) 	 loss 9.617E-05 	 horizons 9.0
step 28980 	 return [0.         0.00366738 0.00182765 0.00720101 0.0051562  0.
 0.00193859 0.00090078 0.0025113  0.        ], ([0.0000000e+00 7.1795291e-04 2.0041500e-04 1.2814224e-03 1.1261432e-04
 0.0000000e+00 1.1492163e-05 1.2388112e-05 4.2979613e-05 0.0000000e+00]) 	 loss 1.056E-04 	 horizons 9.0
step 29070 	 return [0.         0.         0.         0.         0.00298334 0.00763399
 0.00562896 0.00436306 0.00575285 0.00564885], ([0.000000e+00 0.000000e+00 0.000000e+00 0.000000e+00 0.000000e+00
 0.000000e+00 4.656613e-10 4.656613e-10 4.656613e-10 4.656613e-10]) 	 loss 9.299E-05 	 horizons 9.0
step 29160 	 return [0.         0.0038871  0.0027494  0.00960923 0.0034974  0.
 0.00083259 0.00080904 0.00246827 0.        ], ([0.0000000e+00 0.0000000e+00 2.3283064e-10 0.0000000e+00 0.0000000e+00
 0.0000000e+00 0.0000000e+00 1.1641532e-10 0.0000000e+00 0.0000000e+00]) 	 loss 8.472E-05 	 horizons 9.0
step 29250 	 return [0.         0.         0.         0.         0.00298334 0.00763399
 0.00562896 0.00436306 0.00575285 0.00564885], ([0.000000e+00 0.000000e+00 0.000000e+00 0.000000e+00 0.000000e+00
 0.000000e+00 4.656613e-10 4.656613e-10 4.656613e-10 4.656613e-10]) 	 loss 9.690E-05 	 horizons 9.0
step 29340 	 return [0.         0.0036138  0.00177151 0.00784106 0.0052029  0.
 0.00194386 0.0009066  0.0025314  0.        ], ([0.0000000e+00 0.0000000e+00 1.1641532e-10 9.3132257e-10 0.0000000e+00
 0.0000000e+00 1.1641532e-10 0.0000000e+00 0.0000000e+00 0.0000000e+00]) 	 loss 6.924E-05 	 horizons 9.0
step 29430 	 return [0.         0.         0.         0.         0.00465799 0.0045165
 0.00528751 0.002921   0.00753038 0.00542891], ([0.000000e+00 0.000000e+00 0.000000e+00 0.000000e+00 0.000000e+00
 0.000000e+00 4.656613e-10 0.000000e+00 9.313226e-10 4.656613e-10]) 	 loss 7.663E-05 	 horizons 9.0
step 29520 	 return [0.         0.0038871  0.0027494  0.00960923 0.0034974  0.
 0.00083259 0.00080904 0.00246827 0.        ], ([0.0000000e+00 0.0000000e+00 2.3283064e-10 0.0000000e+00 0.0000000e+00
 0.0000000e+00 0.0000000e+00 1.1641532e-10 0.0000000e+00 0.0000000e+00]) 	 loss 5.852E-05 	 horizons 9.0
step 29610 	 return [0.         0.         0.         0.         0.00298334 0.00763399
 0.00562896 0.00436306 0.00575285 0.00564885], ([0.000000e+00 0.000000e+00 0.000000e+00 0.000000e+00 0.000000e+00
 0.000000e+00 4.656613e-10 4.656613e-10 4.656613e-10 4.656613e-10]) 	 loss 1.015E-04 	 horizons 9.0
step 29700 	 return [0.         0.00360784 0.00176763 0.00781929 0.00483755 0.
 0.00072753 0.00165558 0.00246758 0.        ], ([0.0000000e+00 0.0000000e+00 1.1641532e-10 9.3132257e-10 4.6566129e-10
 0.0000000e+00 5.8207661e-11 0.0000000e+00 2.3283064e-10 0.0000000e+00]) 	 loss 6.875E-05 	 horizons 9.0
step 29790 	 return [0.         0.         0.         0.         0.0038305  0.00608984
 0.00548272 0.00433294 0.00571199 0.0055989 ], ([0.0000000e+00 0.0000000e+00 0.0000000e+00 0.0000000e+00 8.4716524e-04
 1.5441520e-03 1.4624139e-04 3.0121766e-05 4.0863175e-05 4.9950559e-05]) 	 loss 2.927E-04 	 horizons 9.0
step 29880 	 return [0.         0.         0.         0.         0.00465799 0.0045165
 0.00528751 0.002921   0.00753038 0.00542891], ([0.000000e+00 0.000000e+00 0.000000e+00 0.000000e+00 0.000000e+00
 0.000000e+00 4.656613e-10 0.000000e+00 9.313226e-10 4.656613e-10]) 	 loss 1.845E-04 	 horizons 9.0
step 29970 	 return [0.         0.0054088  0.00187283 0.00517531 0.00471178 0.
 0.00071789 0.00147319 0.00239127 0.        ], ([0.0000000e+00 9.1883172e-05 3.9133575e-04 1.3563990e-03 6.5903369e-05
 0.0000000e+00 8.3507502e-06 3.0075209e-04 1.9752701e-05 0.0000000e+00]) 	 loss 9.770E-05 	 horizons 9.0
step 30060 	 return [0.         0.00546909 0.00168104 0.00451022 0.00511008 0.
 0.0019277  0.00088708 0.00246497 0.        ], ([0.0000000e+00 0.0000000e+00 1.1641532e-10 0.0000000e+00 0.0000000e+00
 0.0000000e+00 1.1641532e-10 0.0000000e+00 2.3283064e-10 0.0000000e+00]) 	 loss 1.038E-04 	 horizons 9.0
[1;34mwandb[0m: 
[1;34mwandb[0m: 🚀 View run [33mmotndp_amsterdam-v0__GCN-amsterdam-g10-l0__1024__1781518097[0m at: [34mhttps://wandb.ai/jingyuan-sun03-tu-delft/cl_ablation/runs/82pc1474[0m
[1;34mwandb[0m: Find logs at: [1;35mwandb/run-20260615_120817-82pc1474/logs[0m
