/home/SinJ/mo-transport-network-design/.venv/lib/python3.13/site-packages/pygame/pkgdata.py:25: UserWarning: pkg_resources is deprecated as an API. See https://setuptools.pypa.io/en/latest/pkg_resources.html. The pkg_resources package is slated for removal as early as 2025-11-30. Refrain from using this package or pin to Setuptools<81.
  from pkg_resources import resource_stream, resource_exists
wandb: [wandb.login()] Loaded credentials for https://api.wandb.ai from /home/SinJ/.netrc.
wandb: Currently logged in as: jingyuan-sun03 (jingyuan-sun03-tu-delft) to https://api.wandb.ai. Use `wandb login --relogin` to force relogin
wandb: setting up run m709xvbo
wandb: Tracking run with wandb version 0.27.2
wandb: Run data is saved locally in /home/SinJ/mo-transport-network-design/wandb/run-20260615_065829-m709xvbo
wandb: Run `wandb offline` to turn off syncing.
wandb: Syncing run motndp_amsterdam-v0__GCN-amsterdam-g3-spatial__789__1781499509
wandb: ⭐️ View project at https://wandb.ai/jingyuan-sun03-tu-delft/cl_ablation
wandb: 🚀 View run at https://wandb.ai/jingyuan-sun03-tu-delft/cl_ablation/runs/m709xvbo
/home/SinJ/mo-transport-network-design/morl-baselines/morl_baselines/multi_policy/gcn/gcn.py:151: UserWarning: Creating a tensor from a list of numpy.ndarrays is extremely slow. Please consider converting the list to a single numpy.ndarray with numpy.array() before converting to a tensor. (Triggered internally at /pytorch/torch/csrc/utils/tensor_new.cpp:253.)
  th.tensor(obs).to(self.device),
Namespace(env='amsterdam', nr_groups=3, starting_loc_x=9, starting_loc_y=19, nr_stations=10, lr=0.01, batch_size=256, num_er_episodes=100, num_step_episodes=10, num_model_updates=10, num_policies=10, max_buffer_size=200, nr_layers=1, hidden_dim=128, timesteps=30000, no_log=False, seed=789, cd_threshold=0.2, distance_ref='interpolate2', gcn_lambda=0.0, lambda_schedule='constant', lambda_start=1.0, lambda_end=None, lambda_warmup_fraction=0.0, lambda_freeze_fraction=0.1, spatial_alpha=0.5, include_demand_context=False, criterion='lorenz', nash_mode='pareto_sized', nash_top_k=None, nash_shift=0.0, project_name='cl_ablation', experiment_name='GCN-amsterdam-g3-spatial', wandb_entity=None)
step 990 	 return [0.00120262 0.00174343 0.0012102 ], ([0.00122562 0.00161105 0.00195712]) 	 loss 2.043E+00 	 horizons 9.0
step 1080 	 return [0.00117519 0.00095471 0.00061445], ([0.00106527 0.00089955 0.00139156]) 	 loss 1.866E+00 	 horizons 9.0
step 1170 	 return [0.00136863 0.00164127 0.00022061], ([0.0008586  0.00091182 0.0002694 ]) 	 loss 1.382E+00 	 horizons 9.0
step 1260 	 return [0.00073868 0.00277315 0.00129095], ([0.0006582  0.00227045 0.00211256]) 	 loss 1.210E+00 	 horizons 9.0
step 1350 	 return [1.3984134e-03 2.9566046e-03 9.4122021e-05], ([0.00093052 0.00151895 0.00020917]) 	 loss 1.158E+00 	 horizons 9.0
step 1440 	 return [0.00105286 0.00174978 0.0004302 ], ([0.00081618 0.00138206 0.00075434]) 	 loss 1.095E+00 	 horizons 9.0
step 1530 	 return [0.00053201 0.00132322 0.00275774], ([0.0007346  0.00094745 0.00217844]) 	 loss 1.072E+00 	 horizons 9.0
step 1620 	 return [0.00055911 0.00295165 0.00102419], ([0.00059029 0.00169912 0.00165911]) 	 loss 1.065E+00 	 horizons 9.0
step 1710 	 return [0.00047465 0.00244917 0.00127892], ([0.0004296  0.00136319 0.00156761]) 	 loss 1.056E+00 	 horizons 9.0
step 1800 	 return [0.00064405 0.00371738 0.00068968], ([0.0005484  0.00166833 0.00120184]) 	 loss 1.048E+00 	 horizons 9.0
step 1890 	 return [2.944060e-05 3.360574e-03 3.342975e-03], ([8.8321802e-05 1.6696783e-03 1.8862629e-03]) 	 loss 1.027E+00 	 horizons 9.0
step 1980 	 return [1.8855920e-03 2.3342399e-03 9.1420414e-05], ([0.00085498 0.00071193 0.00020754]) 	 loss 1.008E+00 	 horizons 9.0
step 2070 	 return [2.9440600e-05 4.6039782e-03 2.9144085e-03], ([8.8321802e-05 2.0161115e-03 1.7478310e-03]) 	 loss 9.990E-01 	 horizons 9.0
step 2160 	 return [0.         0.00485409 0.00336651], ([0.         0.00125994 0.00095713]) 	 loss 9.684E-01 	 horizons 9.0
step 2250 	 return [0.00013916 0.00181649 0.00284985], ([0.00041748 0.00103656 0.00198703]) 	 loss 9.298E-01 	 horizons 9.0
step 2340 	 return [0.0014578  0.00226041 0.00069224], ([0.00107421 0.00118106 0.00136755]) 	 loss 9.489E-01 	 horizons 9.0
step 2430 	 return [0.00082894 0.00326876 0.00067934], ([0.00053107 0.00134153 0.00157857]) 	 loss 8.858E-01 	 horizons 9.0
step 2520 	 return [0.00068227 0.00242156 0.00178347], ([0.0006852  0.00084356 0.00220535]) 	 loss 8.888E-01 	 horizons 9.0
step 2610 	 return [0.00032271 0.00369443 0.0009067 ], ([0.00044308 0.00122848 0.00191265]) 	 loss 8.920E-01 	 horizons 9.0
step 2700 	 return [0.00011773 0.00289382 0.00436523], ([0.0003532  0.00078601 0.00170497]) 	 loss 8.590E-01 	 horizons 9.0
step 2790 	 return [0.00014662 0.00224118 0.00386602], ([0.00043985 0.00055863 0.00098269]) 	 loss 8.635E-01 	 horizons 9.0
step 2880 	 return [0.         0.00513331 0.00360557], ([0.         0.00080208 0.00126539]) 	 loss 8.395E-01 	 horizons 9.0
step 2970 	 return [0.         0.00496335 0.00361533], ([0.         0.00114901 0.00094605]) 	 loss 8.156E-01 	 horizons 9.0
step 3060 	 return [0.00201753 0.00221996 0.00021572], ([0.00101407 0.00092562 0.00039034]) 	 loss 7.426E-01 	 horizons 9.0
step 3150 	 return [0.00142062 0.00100897 0.00038128], ([0.00105861 0.00065121 0.00029831]) 	 loss 7.521E-01 	 horizons 9.0
step 3240 	 return [0.00164402 0.00256908 0.        ], ([0.00052775 0.00091586 0.        ]) 	 loss 7.446E-01 	 horizons 9.0
step 3330 	 return [0.         0.00301207 0.00566751], ([0.         0.0006994  0.00075994]) 	 loss 7.529E-01 	 horizons 9.0
step 3420 	 return [0.         0.00550603 0.00332155], ([0.         0.00013234 0.00030322]) 	 loss 7.407E-01 	 horizons 9.0
step 3510 	 return [0.00095831 0.00422789 0.        ], ([0.00047365 0.00112158 0.        ]) 	 loss 6.979E-01 	 horizons 9.0
step 3600 	 return [0.00173336 0.00226072 0.00033473], ([0.00064933 0.00058778 0.00041677]) 	 loss 6.952E-01 	 horizons 9.0
step 3690 	 return [0.0026894  0.00197116 0.00055869], ([0.00042354 0.0006942  0.00048183]) 	 loss 6.463E-01 	 horizons 9.0
step 3780 	 return [0.00211827 0.00145566 0.00027954], ([0.00087664 0.00045718 0.00032716]) 	 loss 6.606E-01 	 horizons 9.0
step 3870 	 return [0.00205787 0.00118516 0.00024339], ([0.00100255 0.00036821 0.00033998]) 	 loss 6.533E-01 	 horizons 9.0
step 3960 	 return [0.0022868  0.00231525 0.00027499], ([0.00045948 0.00063249 0.00035774]) 	 loss 6.933E-01 	 horizons 9.0
step 4050 	 return [0.         0.00575372 0.00333022], ([0.         0.00056503 0.00018418]) 	 loss 7.033E-01 	 horizons 9.0
step 4140 	 return [0.00228273 0.00185397 0.00029891], ([0.00078724 0.00055587 0.00032181]) 	 loss 6.551E-01 	 horizons 9.0
step 4230 	 return [0.0023012  0.0018661  0.00050891], ([0.00090204 0.00046339 0.00037524]) 	 loss 6.963E-01 	 horizons 9.0
step 4320 	 return [0.         0.00721217 0.00251858], ([0.         0.00050201 0.00126075]) 	 loss 7.274E-01 	 horizons 9.0
step 4410 	 return [0.         0.00353744 0.00575658], ([0.         0.00035776 0.00050602]) 	 loss 6.818E-01 	 horizons 9.0
step 4500 	 return [0.         0.00729535 0.00314781], ([0.0000000e+00 3.0689064e-04 4.5866313e-05]) 	 loss 6.232E-01 	 horizons 9.0
step 4590 	 return [0.00211984 0.00357573 0.00019215], ([0.00087381 0.00086408 0.0003843 ]) 	 loss 5.911E-01 	 horizons 9.0
step 4680 	 return [8.1014288e-05 6.9934316e-03 2.8231395e-03], ([0.00024304 0.00057912 0.00094239]) 	 loss 5.934E-01 	 horizons 9.0
step 4770 	 return [0.00234591 0.00134524 0.00069776], ([0.00058234 0.00034758 0.00040219]) 	 loss 5.796E-01 	 horizons 9.0
step 4860 	 return [0.00267236 0.00140453 0.00046999], ([0.00066146 0.00047901 0.00038222]) 	 loss 5.371E-01 	 horizons 9.0
step 4950 	 return [0.         0.00615599 0.00366886], ([0.         0.00161851 0.0012053 ]) 	 loss 5.305E-01 	 horizons 9.0
step 5040 	 return [0.00297279 0.00139537 0.00069756], ([0.00033692 0.00027188 0.0003539 ]) 	 loss 4.784E-01 	 horizons 9.0
step 5130 	 return [0.         0.0037955  0.00568242], ([0.         0.00084942 0.0008955 ]) 	 loss 4.816E-01 	 horizons 9.0
step 5220 	 return [0.         0.00358295 0.00597408], ([0.         0.00057116 0.00023926]) 	 loss 4.709E-01 	 horizons 9.0
step 5310 	 return [0.0023431  0.00339272 0.00023362], ([0.00081098 0.00100492 0.0003587 ]) 	 loss 4.173E-01 	 horizons 9.0
step 5400 	 return [0.00273734 0.00154339 0.00061164], ([0.00059039 0.00043881 0.00038424]) 	 loss 4.408E-01 	 horizons 9.0
step 5490 	 return [0.00203401 0.00263542 0.00059185], ([0.00059675 0.00065451 0.00049771]) 	 loss 4.789E-01 	 horizons 9.0
step 5580 	 return [1.5184635e-03 4.0872293e-03 9.7928780e-05], ([0.00042156 0.000783   0.00029379]) 	 loss 5.119E-01 	 horizons 9.0
step 5670 	 return [0.00315139 0.00196103 0.00070796], ([0.00027086 0.00033768 0.00038708]) 	 loss 5.190E-01 	 horizons 9.0
step 5760 	 return [0.0028607  0.00267218 0.00040887], ([0.00067073 0.00055492 0.00041345]) 	 loss 4.709E-01 	 horizons 9.0
step 5850 	 return [0.00278692 0.00317637 0.00017444], ([0.00065496 0.00052277 0.00035101]) 	 loss 4.766E-01 	 horizons 9.0
step 5940 	 return [0.00275626 0.00182116 0.00049657], ([0.0006069  0.00034354 0.00032609]) 	 loss 4.811E-01 	 horizons 9.0
step 6030 	 return [0.00254358 0.00254227 0.00052746], ([0.00063403 0.00049163 0.00034633]) 	 loss 4.582E-01 	 horizons 9.0
step 6120 	 return [0.00311116 0.0026188  0.00042887], ([0.00117557 0.00086845 0.0003857 ]) 	 loss 4.879E-01 	 horizons 9.0
step 6210 	 return [0.00321535 0.0025472  0.00068158], ([0.00032191 0.0003519  0.00034921]) 	 loss 4.431E-01 	 horizons 9.0
step 6300 	 return [0.0032318  0.00298989 0.00034444], ([0.00048846 0.00052989 0.00042689]) 	 loss 4.453E-01 	 horizons 9.0
step 6390 	 return [0.         0.00369932 0.0058245 ], ([0.         0.00074138 0.0002629 ]) 	 loss 4.414E-01 	 horizons 9.0
step 6480 	 return [0.         0.00416914 0.00553712], ([0.         0.0008825  0.00060222]) 	 loss 3.925E-01 	 horizons 9.0
step 6570 	 return [0.00325959 0.00220314 0.00051375], ([0.00055189 0.00053288 0.00044459]) 	 loss 3.737E-01 	 horizons 9.0
step 6660 	 return [0.         0.00349926 0.00600307], ([0.         0.00024018 0.00031523]) 	 loss 3.514E-01 	 horizons 9.0
step 6750 	 return [2.9920181e-03 3.6111306e-03 9.7420125e-05], ([0.00045286 0.00048067 0.00029226]) 	 loss 3.269E-01 	 horizons 9.0
step 6840 	 return [0.00286971 0.00376574 0.        ], ([0.00056497 0.00029374 0.        ]) 	 loss 3.250E-01 	 horizons 9.0
step 6930 	 return [0.00296199 0.0035092  0.00027326], ([0.00041159 0.00032373 0.00041958]) 	 loss 3.383E-01 	 horizons 9.0
step 7020 	 return [0.00295561 0.00268276 0.00052793], ([0.00041539 0.00055212 0.00035381]) 	 loss 3.344E-01 	 horizons 9.0
step 7110 	 return [0.00256637 0.00425642 0.        ], ([0.00012422 0.00028843 0.        ]) 	 loss 3.377E-01 	 horizons 9.0
step 7200 	 return [0.00291928 0.00280608 0.00068486], ([0.00022857 0.00038098 0.00037598]) 	 loss 3.180E-01 	 horizons 9.0
step 7290 	 return [0.00306711 0.00279065 0.00069212], ([0.00048478 0.00035128 0.00045654]) 	 loss 3.137E-01 	 horizons 9.0
step 7380 	 return [0.0028871  0.00344035 0.00019316], ([0.00048745 0.00032346 0.00038639]) 	 loss 3.220E-01 	 horizons 9.0
step 7470 	 return [0.00288223 0.00430819 0.        ], ([0.00071483 0.00024976 0.        ]) 	 loss 3.045E-01 	 horizons 9.0
step 7560 	 return [0.         0.00390399 0.00571085], ([0.         0.0005628  0.00021818]) 	 loss 3.345E-01 	 horizons 9.0
step 7650 	 return [0.         0.00495857 0.00542298], ([0.0000000e+00 4.0623170e-05 1.0122918e-05]) 	 loss 2.875E-01 	 horizons 9.0
step 7740 	 return [0.00314613 0.00254673 0.0009057 ], ([0.00041015 0.00016654 0.00016021]) 	 loss 2.613E-01 	 horizons 9.0
step 7830 	 return [0.0032035  0.00282297 0.00064956], ([0.00033339 0.00038048 0.00033434]) 	 loss 2.623E-01 	 horizons 9.0
step 7920 	 return [0.00284968 0.0028387  0.00062394], ([0.00028275 0.00025607 0.00032055]) 	 loss 2.612E-01 	 horizons 9.0
step 8010 	 return [0.         0.0032671  0.00590332], ([0.         0.00028504 0.00023399]) 	 loss 2.533E-01 	 horizons 9.0
step 8100 	 return [0.00320102 0.00313938 0.00073893], ([0.00046157 0.00040329 0.00037794]) 	 loss 2.360E-01 	 horizons 9.0
step 8190 	 return [0.         0.00330762 0.00596606], ([0.         0.00021549 0.00017266]) 	 loss 2.425E-01 	 horizons 9.0
step 8280 	 return [0.00314103 0.00267308 0.00080857], ([0.00047577 0.00029943 0.00028112]) 	 loss 2.213E-01 	 horizons 9.0
step 8370 	 return [0.00305329 0.00259629 0.00085894], ([0.00028463 0.00027551 0.00016214]) 	 loss 2.284E-01 	 horizons 9.0
step 8460 	 return [0.00304961 0.00335768 0.00064511], ([0.00050206 0.00035372 0.00043002]) 	 loss 1.850E-01 	 horizons 9.0
step 8550 	 return [0.00302894 0.00277788 0.00090233], ([0.00022058 0.00019292 0.00015366]) 	 loss 1.752E-01 	 horizons 9.0
step 8640 	 return [0.00342157 0.00242946 0.00077554], ([5.2931521e-04 3.4891465e-04 5.3807697e-05]) 	 loss 1.921E-01 	 horizons 9.0
step 8730 	 return [0.00318704 0.00281761 0.00082672], ([0.00021917 0.00028442 0.00014145]) 	 loss 1.943E-01 	 horizons 9.0
step 8820 	 return [0.00321161 0.00320792 0.00058604], ([0.00033823 0.00038203 0.00047853]) 	 loss 1.768E-01 	 horizons 9.0
step 8910 	 return [0.         0.00286512 0.00599869], ([0.         0.00025191 0.00029339]) 	 loss 1.919E-01 	 horizons 9.0
step 9000 	 return [0.00367782 0.00316454 0.00085681], ([0.00059487 0.00014247 0.00010333]) 	 loss 1.701E-01 	 horizons 9.0
step 9090 	 return [0.00334387 0.00416952 0.00029856], ([0.00062301 0.00010226 0.00045606]) 	 loss 1.727E-01 	 horizons 9.0
step 9180 	 return [0.         0.00496873 0.00542552], ([0.0000000e+00 3.0467376e-05 7.5921894e-06]) 	 loss 1.715E-01 	 horizons 9.0
step 9270 	 return [0.         0.00496698 0.00518317], ([0.         0.00014188 0.00069256]) 	 loss 1.626E-01 	 horizons 9.0
step 9360 	 return [0.00383308 0.00230917 0.00070827], ([0.00038029 0.00024697 0.00013459]) 	 loss 1.536E-01 	 horizons 9.0
step 9450 	 return [0.00380531 0.00286873 0.00090131], ([0.00045167 0.00039592 0.00036001]) 	 loss 1.730E-01 	 horizons 9.0
step 9540 	 return [0.         0.00494842 0.00542045], ([0.0000000e+00 4.6539688e-05 1.1597259e-05]) 	 loss 1.463E-01 	 horizons 9.0
step 9630 	 return [0.00349333 0.00322632 0.00079248], ([0.00022939 0.00043125 0.00028557]) 	 loss 1.404E-01 	 horizons 9.0
step 9720 	 return [0.00349466 0.00362507 0.0007881 ], ([0.00036227 0.00040048 0.00039408]) 	 loss 1.351E-01 	 horizons 9.0
step 9810 	 return [0.         0.0044655  0.00564886], ([0.         0.00053453 0.00030353]) 	 loss 1.278E-01 	 horizons 9.0
step 9900 	 return [0.00328795 0.00300423 0.0010467 ], ([0.00055942 0.00031024 0.00016422]) 	 loss 1.374E-01 	 horizons 9.0
step 9990 	 return [0.         0.00340326 0.00605308], ([0.         0.00034596 0.00016611]) 	 loss 1.268E-01 	 horizons 9.0
step 10080 	 return [0.00310461 0.00330927 0.000959  ], ([5.8103527e-04 1.0410108e-04 7.0405826e-05]) 	 loss 1.080E-01 	 horizons 9.0
step 10170 	 return [0.00364096 0.00321531 0.00071705], ([0.00043093 0.00012912 0.00027394]) 	 loss 1.038E-01 	 horizons 9.0
step 10260 	 return [0.         0.00358294 0.00619132], ([0.0000000e+00 2.2265986e-04 7.8118959e-05]) 	 loss 9.624E-02 	 horizons 9.0
step 10350 	 return [0.00359786 0.00340258 0.00075705], ([0.00010933 0.00033308 0.00038479]) 	 loss 1.082E-01 	 horizons 9.0
step 10440 	 return [0.         0.00493826 0.00541792], ([0.0000000e+00 4.9753024e-05 1.2397991e-05]) 	 loss 1.133E-01 	 horizons 9.0
step 10530 	 return [0.         0.00357408 0.00615472], ([0.0000000e+00 2.1890359e-04 9.2741298e-05]) 	 loss 1.055E-01 	 horizons 9.0
step 10620 	 return [0.00347379 0.00315726 0.00079069], ([0.00043537 0.00024656 0.0001932 ]) 	 loss 1.092E-01 	 horizons 9.0
step 10710 	 return [0.00347812 0.00317543 0.00085129], ([0.00043305 0.00019636 0.00017034]) 	 loss 1.342E-01 	 horizons 9.0
step 10800 	 return [0.00326116 0.00342196 0.00093759], ([4.8783678e-04 3.0550681e-04 9.5046809e-05]) 	 loss 1.080E-01 	 horizons 9.0
step 10890 	 return [0.         0.00381253 0.00608982], ([0.         0.00038997 0.00028461]) 	 loss 1.312E-01 	 horizons 9.0
step 10980 	 return [0.         0.0049281  0.00541539], ([0.0000000e+00 5.0778970e-05 1.2653648e-05]) 	 loss 1.134E-01 	 horizons 9.0
step 11070 	 return [0.         0.00491795 0.00541286], ([0.0000000e+00 4.9753024e-05 1.2397993e-05]) 	 loss 1.041E-01 	 horizons 9.0
step 11160 	 return [0.00362972 0.00328907 0.00091117], ([1.0801512e-04 2.5647865e-05 1.5168525e-04]) 	 loss 8.226E-02 	 horizons 9.0
step 11250 	 return [0.         0.00369427 0.00623038], ([0.000000e+00 4.656613e-10 4.656613e-10]) 	 loss 7.490E-02 	 horizons 9.0
step 11340 	 return [0.00346564 0.00379402 0.00059167], ([0.00035162 0.00040664 0.00048312]) 	 loss 6.409E-02 	 horizons 9.0
step 11430 	 return [0.00375892 0.00328581 0.00097655], ([2.2568998e-04 4.8240512e-05 1.6799375e-05]) 	 loss 6.487E-02 	 horizons 9.0
step 11520 	 return [0.         0.00369427 0.00623038], ([0.000000e+00 4.656613e-10 4.656613e-10]) 	 loss 4.232E-02 	 horizons 9.0
step 11610 	 return [0.00368369 0.00330189 0.00098215], ([4.6566129e-10 2.3283064e-10 1.1641532e-10]) 	 loss 3.433E-02 	 horizons 9.0
step 11700 	 return [0.00368369 0.00330189 0.00098215], ([4.6566129e-10 2.3283064e-10 1.1641532e-10]) 	 loss 2.383E-02 	 horizons 9.0
step 11790 	 return [0.00373281 0.00327962 0.000953  ], ([2.4697528e-04 4.9727554e-05 7.0790105e-05]) 	 loss 1.502E-02 	 horizons 9.0
step 11880 	 return [0.00261806 0.00402907 0.00133827], ([0.00091384 0.00038741 0.00139513]) 	 loss 2.560E-02 	 horizons 9.0
step 11970 	 return [0.         0.00497888 0.00542805], ([0. 0. 0.]) 	 loss 3.103E-02 	 horizons 9.0
step 12060 	 return [0.         0.00369427 0.00623038], ([0.000000e+00 4.656613e-10 4.656613e-10]) 	 loss 2.387E-02 	 horizons 9.0
step 12150 	 return [0.         0.00472196 0.00558851], ([0.         0.00051384 0.00032093]) 	 loss 2.441E-02 	 horizons 9.0
step 12240 	 return [0.0034872  0.00352662 0.00088574], ([0.00035928 0.00034528 0.00029527]) 	 loss 2.600E-02 	 horizons 9.0
step 12330 	 return [0.00368369 0.00330189 0.00098215], ([4.6566129e-10 2.3283064e-10 1.1641532e-10]) 	 loss 2.528E-02 	 horizons 9.0
step 12420 	 return [0.00366552 0.00335432 0.00096347], ([5.4510590e-05 1.5729418e-04 5.6047309e-05]) 	 loss 1.668E-02 	 horizons 9.0
step 12510 	 return [0.         0.00496873 0.00542552], ([0.000000e+00 3.046738e-05 7.592188e-06]) 	 loss 2.369E-02 	 horizons 9.0
step 12600 	 return [0.00368369 0.00330189 0.00098215], ([4.6566129e-10 2.3283064e-10 1.1641532e-10]) 	 loss 3.294E-02 	 horizons 9.0
step 12690 	 return [0.00368369 0.00330189 0.00098215], ([4.6566129e-10 2.3283064e-10 1.1641532e-10]) 	 loss 2.634E-02 	 horizons 9.0
step 12780 	 return [0.00368369 0.00330189 0.00098215], ([4.6566129e-10 2.3283064e-10 1.1641532e-10]) 	 loss 1.764E-02 	 horizons 9.0
step 12870 	 return [0.         0.00407966 0.00598968], ([0.         0.00058868 0.00036767]) 	 loss 1.680E-02 	 horizons 9.0
step 12960 	 return [0.         0.00497888 0.00542805], ([0. 0. 0.]) 	 loss 1.241E-02 	 horizons 9.0
step 13050 	 return [0.00375973 0.00330678 0.00088394], ([2.2813010e-04 1.4686772e-05 2.9464622e-04]) 	 loss 2.145E-02 	 horizons 9.0
step 13140 	 return [0.         0.00497888 0.00542805], ([0. 0. 0.]) 	 loss 2.475E-02 	 horizons 9.0
step 13230 	 return [0.00397515 0.00323012 0.00091793], ([3.571967e-04 8.828198e-05 8.743984e-05]) 	 loss 2.096E-02 	 horizons 9.0
step 13320 	 return [0.00403047 0.00315085 0.00089243], ([0.00035055 0.00023017 0.0001011 ]) 	 loss 1.105E-02 	 horizons 9.0
step 13410 	 return [0.         0.00496873 0.00542552], ([0.0000000e+00 3.0467378e-05 7.5921880e-06]) 	 loss 3.422E-02 	 horizons 9.0
step 13500 	 return [0.00368369 0.00330189 0.00098215], ([4.6566129e-10 2.3283064e-10 1.1641532e-10]) 	 loss 1.483E-02 	 horizons 9.0
step 13590 	 return [0.00368369 0.00330189 0.00098215], ([4.6566129e-10 2.3283064e-10 1.1641532e-10]) 	 loss 1.179E-02 	 horizons 9.0
step 13680 	 return [0.         0.00376182 0.00614417], ([0.         0.00020265 0.00025862]) 	 loss 2.138E-02 	 horizons 9.0
step 13770 	 return [0.00368369 0.00330189 0.00098215], ([4.6566129e-10 2.3283064e-10 1.1641532e-10]) 	 loss 2.393E-02 	 horizons 9.0
step 13860 	 return [0.         0.00369427 0.00623038], ([0.000000e+00 4.656613e-10 4.656613e-10]) 	 loss 9.864E-03 	 horizons 9.0
step 13950 	 return [0.00368369 0.00330189 0.00098215], ([4.6566129e-10 2.3283064e-10 1.1641532e-10]) 	 loss 1.052E-02 	 horizons 9.0
step 14040 	 return [0.00365758 0.0032957  0.0009586 ], ([7.8314079e-05 1.8566612e-05 7.0659786e-05]) 	 loss 1.873E-02 	 horizons 9.0
step 14130 	 return [0.         0.00497888 0.00542805], ([0. 0. 0.]) 	 loss 2.180E-02 	 horizons 9.0
step 14220 	 return [0.00368369 0.00330189 0.00098215], ([4.6566129e-10 2.3283064e-10 1.1641532e-10]) 	 loss 1.196E-02 	 horizons 9.0
step 14310 	 return [0.00368369 0.00330189 0.00098215], ([4.6566129e-10 2.3283064e-10 1.1641532e-10]) 	 loss 9.260E-03 	 horizons 9.0
step 14400 	 return [0.00366918 0.00338636 0.00088394], ([4.3530781e-05 2.5342597e-04 2.9464622e-04]) 	 loss 1.293E-02 	 horizons 9.0
step 14490 	 return [0.00403916 0.00320845 0.00091214], ([3.5581042e-04 9.4021067e-05 8.5078755e-05]) 	 loss 2.012E-02 	 horizons 9.0
step 14580 	 return [0.00390373 0.00324992 0.00095137], ([3.364406e-04 7.995184e-05 5.928690e-05]) 	 loss 2.533E-02 	 horizons 9.0
step 14670 	 return [0.         0.00497888 0.00542805], ([0. 0. 0.]) 	 loss 2.350E-02 	 horizons 9.0
step 14760 	 return [0.00426674 0.00316206 0.00090926], ([2.9210027e-04 7.0773713e-05 6.5081964e-05]) 	 loss 1.479E-02 	 horizons 9.0
step 14850 	 return [0.00366624 0.0033579  0.00096404], ([5.2326406e-05 1.6804515e-04 5.4331515e-05]) 	 loss 3.275E-02 	 horizons 9.0
step 14940 	 return [0.00341268 0.0035233  0.00098658], ([4.1396832e-04 3.3821427e-04 6.7535088e-06]) 	 loss 2.129E-02 	 horizons 9.0
step 15030 	 return [0.00365072 0.00341795 0.00097378], ([6.5930471e-05 2.3213029e-04 1.6754771e-05]) 	 loss 2.218E-02 	 horizons 9.0
step 15120 	 return [0.         0.00369427 0.00623038], ([0.000000e+00 4.656613e-10 4.656613e-10]) 	 loss 3.076E-02 	 horizons 9.0
step 15210 	 return [0.0036672  0.00335992 0.00097797], ([4.9447852e-05 1.7409770e-04 1.2566078e-05]) 	 loss 2.124E-02 	 horizons 9.0
step 15300 	 return [0.0028555  0.00404693 0.00089663], ([2.2770197e-04 3.4995985e-05 2.9888164e-04]) 	 loss 1.527E-02 	 horizons 9.0
step 15390 	 return [0.00341203 0.00351962 0.000986  ], ([4.1497295e-04 3.3273723e-04 6.0624775e-06]) 	 loss 2.682E-02 	 horizons 9.0
step 15480 	 return [0.00368369 0.00330189 0.00098215], ([4.6566129e-10 2.3283064e-10 1.1641532e-10]) 	 loss 1.851E-02 	 horizons 9.0
step 15570 	 return [0.00393456 0.00319616 0.0009542 ], ([4.3416288e-04 1.2771365e-04 2.7955339e-05]) 	 loss 3.198E-02 	 horizons 9.0
step 15660 	 return [0.0028687 0.0039551 0.0009937], ([2.7167713e-04 2.1835818e-04 4.6215755e-06]) 	 loss 3.603E-02 	 horizons 9.0
step 15750 	 return [0.         0.00497888 0.00542805], ([0. 0. 0.]) 	 loss 3.471E-02 	 horizons 9.0
step 15840 	 return [0.         0.00369427 0.00623038], ([0.000000e+00 4.656613e-10 4.656613e-10]) 	 loss 4.288E-02 	 horizons 9.0
step 15930 	 return [0.00405984 0.00322148 0.00095415], ([3.7615001e-04 8.0400852e-05 2.7998964e-05]) 	 loss 3.397E-02 	 horizons 9.0
step 16020 	 return [0.00436076 0.00315716 0.00093176], ([2.2569002e-04 4.8240512e-05 1.6799375e-05]) 	 loss 2.559E-02 	 horizons 9.0
step 16110 	 return [0.         0.00369427 0.00623038], ([0.000000e+00 4.656613e-10 4.656613e-10]) 	 loss 3.079E-02 	 horizons 9.0
step 16200 	 return [0.00368369 0.00330189 0.00098215], ([4.6566129e-10 2.3283064e-10 1.1641532e-10]) 	 loss 2.728E-02 	 horizons 9.0
step 16290 	 return [0.00428634 0.00319422 0.00084474], ([3.0133632e-04 8.2145089e-05 2.8244485e-04]) 	 loss 3.323E-02 	 horizons 9.0
step 16380 	 return [0.00436076 0.00315716 0.00093176], ([2.2569000e-04 4.8240508e-05 1.6799377e-05]) 	 loss 4.971E-02 	 horizons 9.0
step 16470 	 return [0.00341071 0.00351228 0.00098486], ([4.1697189e-04 3.2137736e-04 4.1326184e-06]) 	 loss 5.198E-02 	 horizons 9.0
step 16560 	 return [0.         0.00497888 0.00542805], ([0. 0. 0.]) 	 loss 4.296E-02 	 horizons 9.0
step 16650 	 return [0.         0.00497888 0.00542805], ([0. 0. 0.]) 	 loss 3.255E-02 	 horizons 9.0
step 16740 	 return [0.00368369 0.00330189 0.00098215], ([4.6566129e-10 2.3283064e-10 1.1641532e-10]) 	 loss 2.544E-02 	 horizons 9.0
step 16830 	 return [0.         0.00369427 0.00623038], ([0.000000e+00 4.656613e-10 4.656613e-10]) 	 loss 2.961E-02 	 horizons 9.0
step 16920 	 return [0.00367505 0.00356868 0.00095447], ([2.6569780e-04 3.0265545e-04 2.2948323e-05]) 	 loss 2.345E-02 	 horizons 9.0
step 17010 	 return [0.         0.00369427 0.00623038], ([0.000000e+00 4.656613e-10 4.656613e-10]) 	 loss 3.701E-02 	 horizons 9.0
step 17100 	 return [0.         0.00497888 0.00542805], ([0. 0. 0.]) 	 loss 2.742E-02 	 horizons 9.0
step 17190 	 return [0.00363351 0.00347234 0.00096902], ([7.666799e-05 2.605401e-04 2.012290e-05]) 	 loss 3.609E-02 	 horizons 9.0
step 17280 	 return [0.0028687 0.0039551 0.0009937], ([2.7167713e-04 2.1835818e-04 4.6215755e-06]) 	 loss 2.753E-02 	 horizons 9.0
step 17370 	 return [0.00277771 0.00402523 0.0009946 ], ([3.2109947e-06 1.7999409e-05 2.8018496e-06]) 	 loss 3.022E-02 	 horizons 9.0
step 17460 	 return [0.00368369 0.00330189 0.00098215], ([4.6566129e-10 2.3283064e-10 1.1641532e-10]) 	 loss 4.070E-02 	 horizons 9.0
step 17550 	 return [0.00443408 0.00313922 0.00091223], ([5.7256780e-06 5.5791338e-06 4.1765434e-05]) 	 loss 2.376E-02 	 horizons 9.0
step 17640 	 return [0.         0.00395119 0.00606991], ([0.         0.00051384 0.00032093]) 	 loss 3.505E-02 	 horizons 9.0
step 17730 	 return [0.00368369 0.00330189 0.00098215], ([4.6566129e-10 2.3283064e-10 1.1641532e-10]) 	 loss 2.077E-02 	 horizons 9.0
step 17820 	 return [0.00368369 0.00330189 0.00098215], ([4.6566129e-10 2.3283064e-10 1.1641532e-10]) 	 loss 2.177E-02 	 horizons 9.0
step 17910 	 return [0.00278033 0.00403993 0.00099689], ([2.3283064e-10 4.6566129e-10 0.0000000e+00]) 	 loss 2.286E-02 	 horizons 9.0
step 18000 	 return [0.00436076 0.00315716 0.00093176], ([2.2569000e-04 4.8240508e-05 1.6799377e-05]) 	 loss 2.246E-02 	 horizons 9.0
step 18090 	 return [0.00399342 0.00323811 0.00094441], ([4.6284168e-04 2.2956697e-04 2.4866491e-05]) 	 loss 1.637E-02 	 horizons 9.0
step 18180 	 return [0.00390747 0.00325178 0.00095143], ([3.418673e-04 7.667984e-05 5.911254e-05]) 	 loss 2.358E-02 	 horizons 9.0
step 18270 	 return [0.00368369 0.00330189 0.00098215], ([4.6566129e-10 2.3283064e-10 1.1641532e-10]) 	 loss 1.962E-02 	 horizons 9.0
step 18360 	 return [0.00443599 0.00314108 0.00092616], ([4.6566129e-10 2.3283064e-10 5.8207661e-11]) 	 loss 2.122E-02 	 horizons 9.0
step 18450 	 return [0.         0.00497888 0.00542805], ([0. 0. 0.]) 	 loss 1.549E-02 	 horizons 9.0
step 18540 	 return [0.00285531 0.00401143 0.000989  ], ([2.3368475e-04 4.0397234e-05 1.6261845e-05]) 	 loss 1.740E-02 	 horizons 9.0
step 18630 	 return [0.00443599 0.00314108 0.00092616], ([4.6566129e-10 2.3283064e-10 5.8207661e-11]) 	 loss 2.470E-02 	 horizons 9.0
step 18720 	 return [0.0031657  0.00395624 0.0009666 ], ([3.9061013e-04 5.5280430e-05 2.5762069e-05]) 	 loss 2.311E-02 	 horizons 9.0
step 18810 	 return [0.00419309 0.00324371 0.00093819], ([3.7368850e-04 2.1046451e-04 2.2119311e-05]) 	 loss 3.379E-02 	 horizons 9.0
step 18900 	 return [0.00443599 0.00314108 0.00092616], ([4.6566129e-10 2.3283064e-10 5.8207661e-11]) 	 loss 2.694E-02 	 horizons 9.0
step 18990 	 return [0.00364474 0.00347826 0.0009692 ], ([5.9516922e-05 2.6957848e-04 1.9836618e-05]) 	 loss 2.046E-02 	 horizons 9.0
step 19080 	 return [0.00367022 0.00335825 0.00097746], ([4.0399656e-05 1.6908201e-04 1.4093942e-05]) 	 loss 1.964E-02 	 horizons 9.0
step 19170 	 return [0.00390938 0.00325364 0.00096535], ([3.4474718e-04 7.3688592e-05 2.5661471e-05]) 	 loss 2.936E-02 	 horizons 9.0
step 19260 	 return [0.         0.00369427 0.00623038], ([0.000000e+00 4.656613e-10 4.656613e-10]) 	 loss 1.394E-02 	 horizons 9.0
step 19350 	 return [0.00368369 0.00330189 0.00098215], ([4.6566129e-10 2.3283064e-10 1.1641532e-10]) 	 loss 1.717E-02 	 horizons 9.0
step 19440 	 return [0.00443599 0.00314108 0.00092616], ([4.6566129e-10 2.3283064e-10 5.8207661e-11]) 	 loss 1.501E-02 	 horizons 9.0
step 19530 	 return [0.00443599 0.00314108 0.00092616], ([4.6566129e-10 2.3283064e-10 5.8207661e-11]) 	 loss 1.394E-02 	 horizons 9.0
step 19620 	 return [0.00373198 0.00339853 0.00096716], ([2.4060319e-04 2.3827860e-04 2.3024437e-05]) 	 loss 1.828E-02 	 horizons 9.0
step 19710 	 return [0.00331552 0.00386387 0.00095963], ([4.3382484e-04 3.3266394e-04 2.2290995e-05]) 	 loss 3.090E-02 	 horizons 9.0
step 19800 	 return [0.         0.00369427 0.00623038], ([0.000000e+00 4.656613e-10 4.656613e-10]) 	 loss 2.332E-02 	 horizons 9.0
step 19890 	 return [0.00358061 0.0034357  0.0009795 ], ([2.6944967e-04 2.6939376e-04 1.3598789e-05]) 	 loss 1.757E-02 	 horizons 9.0
step 19980 	 return [0.00367095 0.00336189 0.00097803], ([3.8215476e-05 1.8001840e-04 1.2378150e-05]) 	 loss 1.274E-02 	 horizons 9.0
step 20070 	 return [0.00443599 0.00314108 0.00092616], ([4.6566129e-10 2.3283064e-10 5.8207661e-11]) 	 loss 1.278E-02 	 horizons 9.0
step 20160 	 return [0.         0.00497888 0.00542805], ([0. 0. 0.]) 	 loss 1.521E-02 	 horizons 9.0
step 20250 	 return [0.         0.00369427 0.00623038], ([0.000000e+00 4.656613e-10 4.656613e-10]) 	 loss 1.194E-02 	 horizons 9.0
step 20340 	 return [0.         0.00369427 0.00623038], ([0.000000e+00 4.656613e-10 4.656613e-10]) 	 loss 1.044E-02 	 horizons 9.0
step 20430 	 return [0.         0.00369427 0.00623038], ([0.000000e+00 4.656613e-10 4.656613e-10]) 	 loss 9.941E-03 	 horizons 9.0
step 20520 	 return [0.00443599 0.00314108 0.00092616], ([4.6566129e-10 2.3283064e-10 5.8207661e-11]) 	 loss 5.057E-03 	 horizons 9.0
step 20610 	 return [0.         0.00496873 0.00542552], ([0.000000e+00 3.046738e-05 7.592188e-06]) 	 loss 9.404E-03 	 horizons 9.0
step 20700 	 return [0.00257876 0.00399519 0.00142055], ([0.0008893  0.00010479 0.00163059]) 	 loss 1.020E-02 	 horizons 9.0
step 20790 	 return [0.00356904 0.00384194 0.00094502], ([3.8215472e-05 1.8001840e-04 1.2378148e-05]) 	 loss 2.088E-02 	 horizons 9.0
step 20880 	 return [0.         0.00497888 0.00542805], ([0. 0. 0.]) 	 loss 9.689E-03 	 horizons 9.0
step 20970 	 return [0.00367095 0.00336189 0.00097803], ([3.8215472e-05 1.8001841e-04 1.2378150e-05]) 	 loss 9.125E-03 	 horizons 9.0
step 21060 	 return [0.         0.00497888 0.00542805], ([0. 0. 0.]) 	 loss 4.583E-03 	 horizons 9.0
step 21150 	 return [0.00373224 0.00374977 0.00093795], ([3.5187395e-04 3.0434525e-04 5.8949690e-06]) 	 loss 3.503E-03 	 horizons 9.0
step 21240 	 return [0.00443599 0.00314108 0.00092616], ([4.6566129e-10 2.3283064e-10 5.8207661e-11]) 	 loss 5.626E-03 	 horizons 9.0
step 21330 	 return [0.         0.00497888 0.00542805], ([0. 0. 0.]) 	 loss 6.553E-03 	 horizons 9.0
step 21420 	 return [0.         0.00369427 0.00623038], ([0.000000e+00 4.656613e-10 4.656613e-10]) 	 loss 5.992E-03 	 horizons 9.0
step 21510 	 return [0.00443599 0.00314108 0.00092616], ([4.6566129e-10 2.3283064e-10 5.8207661e-11]) 	 loss 5.411E-03 	 horizons 9.0
step 21600 	 return [0.00443599 0.00314108 0.00092616], ([4.6566129e-10 2.3283064e-10 5.8207661e-11]) 	 loss 4.343E-03 	 horizons 9.0
step 21690 	 return [0.         0.00497888 0.00542805], ([0. 0. 0.]) 	 loss 3.640E-03 	 horizons 9.0
step 21780 	 return [0.00349144 0.00385574 0.00095062], ([2.4005982e-04 1.8914577e-04 1.9728837e-05]) 	 loss 2.024E-03 	 horizons 9.0
step 21870 	 return [0.         0.00497888 0.00542805], ([0. 0. 0.]) 	 loss 6.316E-03 	 horizons 9.0
step 21960 	 return [0.         0.00497888 0.00542805], ([0. 0. 0.]) 	 loss 3.736E-03 	 horizons 9.0
step 22050 	 return [0.00443599 0.00314108 0.00092616], ([4.6566129e-10 2.3283064e-10 5.8207661e-11]) 	 loss 6.513E-03 	 horizons 9.0
step 22140 	 return [0.         0.00497888 0.00542805], ([0. 0. 0.]) 	 loss 3.555E-03 	 horizons 9.0
step 22230 	 return [0.00443599 0.00314108 0.00092616], ([4.6566129e-10 2.3283064e-10 5.8207661e-11]) 	 loss 4.641E-03 	 horizons 9.0
step 22320 	 return [0.00296101 0.00389232 0.00099394], ([3.6134114e-04 2.9521759e-04 5.8949463e-06]) 	 loss 1.553E-03 	 horizons 9.0
step 22410 	 return [0.0035563  0.00390195 0.00094089], ([0.0000000e+00 2.3283064e-10 0.0000000e+00]) 	 loss 1.667E-03 	 horizons 9.0
step 22500 	 return [0.00278033 0.00403993 0.00099689], ([2.3283064e-10 4.6566129e-10 0.0000000e+00]) 	 loss 1.422E-03 	 horizons 9.0
step 22590 	 return [0.00443599 0.00314108 0.00092616], ([4.6566129e-10 2.3283064e-10 5.8207661e-11]) 	 loss 5.763E-03 	 horizons 9.0
step 22680 	 return [0.         0.00497888 0.00542805], ([0. 0. 0.]) 	 loss 4.766E-03 	 horizons 9.0
step 22770 	 return [0.         0.00497888 0.00542805], ([0. 0. 0.]) 	 loss 2.983E-03 	 horizons 9.0
step 22860 	 return [0.         0.00497888 0.00542805], ([0. 0. 0.]) 	 loss 2.481E-03 	 horizons 9.0
step 22950 	 return [0.0035563  0.00390195 0.00094089], ([0.0000000e+00 2.3283064e-10 0.0000000e+00]) 	 loss 9.251E-04 	 horizons 9.0
step 23040 	 return [0.00368369 0.00330189 0.00098215], ([4.6566129e-10 2.3283064e-10 1.1641532e-10]) 	 loss 2.651E-03 	 horizons 9.0
step 23130 	 return [0.         0.00369427 0.00623038], ([0.000000e+00 4.656613e-10 4.656613e-10]) 	 loss 3.997E-03 	 horizons 9.0
step 23220 	 return [0.00443599 0.00314108 0.00092616], ([4.6566129e-10 2.3283064e-10 5.8207661e-11]) 	 loss 4.158E-03 	 horizons 9.0
step 23310 	 return [0.         0.00497888 0.00542805], ([0. 0. 0.]) 	 loss 1.443E-03 	 horizons 9.0
step 23400 	 return [0.00364427 0.00382586 0.00093942], ([2.6390547e-04 2.2825893e-04 4.4212270e-06]) 	 loss 4.635E-03 	 horizons 9.0
step 23490 	 return [0.         0.00497888 0.00542805], ([0. 0. 0.]) 	 loss 1.071E-02 	 horizons 9.0
step 23580 	 return [0.         0.00497888 0.00542805], ([0. 0. 0.]) 	 loss 5.569E-03 	 horizons 9.0
step 23670 	 return [0.00375892 0.00328581 0.00097655], ([2.2569000e-04 4.8240508e-05 1.6799377e-05]) 	 loss 5.753E-03 	 horizons 9.0
step 23760 	 return [0.         0.00485042 0.00550828], ([0.         0.00038538 0.0002407 ]) 	 loss 4.261E-03 	 horizons 9.0
step 23850 	 return [0.00443599 0.00314108 0.00092616], ([4.6566129e-10 2.3283064e-10 5.8207661e-11]) 	 loss 7.987E-03 	 horizons 9.0
step 23940 	 return [0.         0.00420812 0.00590944], ([0.         0.00062933 0.00039306]) 	 loss 7.531E-03 	 horizons 9.0
step 24030 	 return [0.00318106 0.00391093 0.00097302], ([4.0233898e-04 2.1318124e-04 2.6572710e-05]) 	 loss 6.476E-03 	 horizons 9.0
step 24120 	 return [0.         0.00497888 0.00542805], ([0. 0. 0.]) 	 loss 5.273E-03 	 horizons 9.0
step 24210 	 return [0.00368369 0.00330189 0.00098215], ([4.6566129e-10 2.3283064e-10 1.1641532e-10]) 	 loss 5.777E-03 	 horizons 9.0
step 24300 	 return [0.00434802 0.00321717 0.00092763], ([2.6390547e-04 2.2825896e-04 4.4212265e-06]) 	 loss 3.474E-03 	 horizons 9.0
step 24390 	 return [0.0035563  0.00390195 0.00094089], ([0.0000000e+00 2.3283064e-10 0.0000000e+00]) 	 loss 6.756E-03 	 horizons 9.0
step 24480 	 return [0.00443599 0.00314108 0.00092616], ([4.6566129e-10 2.3283064e-10 5.8207661e-11]) 	 loss 7.042E-03 	 horizons 9.0
step 24570 	 return [0.00443599 0.00314108 0.00092616], ([4.6566129e-10 2.3283064e-10 5.8207661e-11]) 	 loss 5.910E-03 	 horizons 9.0
step 24660 	 return [0.00347871 0.00391574 0.00094649], ([2.3279038e-04 4.1394796e-05 1.6799358e-05]) 	 loss 3.485E-03 	 horizons 9.0
step 24750 	 return [0.00443599 0.00314108 0.00092616], ([4.6566129e-10 2.3283064e-10 5.8207661e-11]) 	 loss 5.914E-03 	 horizons 9.0
step 24840 	 return [0.         0.00497888 0.00542805], ([0. 0. 0.]) 	 loss 3.514E-03 	 horizons 9.0
step 24930 	 return [0.         0.00497888 0.00542805], ([0. 0. 0.]) 	 loss 2.949E-03 	 horizons 9.0
step 25020 	 return [0.         0.00369427 0.00623038], ([0.000000e+00 4.656613e-10 4.656613e-10]) 	 loss 8.941E-04 	 horizons 9.0
step 25110 	 return [0.         0.00369427 0.00623038], ([0.000000e+00 4.656613e-10 4.656613e-10]) 	 loss 2.651E-03 	 horizons 9.0
step 25200 	 return [0.         0.00369427 0.00623038], ([0.000000e+00 4.656613e-10 4.656613e-10]) 	 loss 7.642E-03 	 horizons 9.0
step 25290 	 return [0.         0.00497888 0.00542805], ([0. 0. 0.]) 	 loss 4.557E-03 	 horizons 9.0
step 25380 	 return [0.         0.00382273 0.00615014], ([0.         0.00038538 0.0002407 ]) 	 loss 5.804E-03 	 horizons 9.0
step 25470 	 return [0.         0.00497888 0.00542805], ([0. 0. 0.]) 	 loss 4.205E-03 	 horizons 9.0
step 25560 	 return [0.00434802 0.00321717 0.00092763], ([2.6390547e-04 2.2825893e-04 4.4212265e-06]) 	 loss 6.499E-03 	 horizons 9.0
step 25650 	 return [0.00443599 0.00314108 0.00092616], ([4.6566129e-10 2.3283064e-10 5.8207661e-11]) 	 loss 6.626E-03 	 horizons 9.0
step 25740 	 return [0.         0.00497888 0.00542805], ([0. 0. 0.]) 	 loss 5.445E-03 	 horizons 9.0
step 25830 	 return [0.00443599 0.00314108 0.00092616], ([4.6566129e-10 2.3283064e-10 5.8207661e-11]) 	 loss 7.781E-03 	 horizons 9.0
step 25920 	 return [0.00443599 0.00314108 0.00092616], ([4.6566129e-10 2.3283064e-10 5.8207661e-11]) 	 loss 3.847E-03 	 horizons 9.0
step 26010 	 return [0.00443599 0.00314108 0.00092616], ([4.6566129e-10 2.3283064e-10 5.8207661e-11]) 	 loss 8.034E-03 	 horizons 9.0
step 26100 	 return [0.00443599 0.00314108 0.00092616], ([4.6566129e-10 2.3283064e-10 5.8207661e-11]) 	 loss 5.635E-03 	 horizons 9.0
step 26190 	 return [0.         0.00497888 0.00542805], ([0. 0. 0.]) 	 loss 4.289E-03 	 horizons 9.0
step 26280 	 return [0.00390818 0.0035976  0.000935  ], ([4.3095587e-04 3.7274524e-04 7.2198332e-06]) 	 loss 4.967E-03 	 horizons 9.0
step 26370 	 return [0.00443599 0.00314108 0.00092616], ([4.6566129e-10 2.3283064e-10 5.8207661e-11]) 	 loss 6.316E-03 	 horizons 9.0
step 26460 	 return [0.00443599 0.00314108 0.00092616], ([4.6566129e-10 2.3283064e-10 5.8207661e-11]) 	 loss 3.514E-03 	 horizons 9.0
step 26550 	 return [0.         0.00369427 0.00623038], ([0.000000e+00 4.656613e-10 4.656613e-10]) 	 loss 2.552E-03 	 horizons 9.0
step 26640 	 return [0.         0.00497888 0.00542805], ([0. 0. 0.]) 	 loss 4.024E-03 	 horizons 9.0
step 26730 	 return [0.         0.00497888 0.00542805], ([0. 0. 0.]) 	 loss 3.735E-03 	 horizons 9.0
step 26820 	 return [0.         0.00369427 0.00623038], ([0.000000e+00 4.656613e-10 4.656613e-10]) 	 loss 2.378E-03 	 horizons 9.0
step 26910 	 return [0.00443599 0.00314108 0.00092616], ([4.6566129e-10 2.3283064e-10 5.8207661e-11]) 	 loss 9.942E-03 	 horizons 9.0
step 27000 	 return [0.00443599 0.00314108 0.00092616], ([4.6566129e-10 2.3283064e-10 5.8207661e-11]) 	 loss 1.940E-03 	 horizons 9.0
step 27090 	 return [0.         0.00369427 0.00623038], ([0.000000e+00 4.656613e-10 4.656613e-10]) 	 loss 4.116E-03 	 horizons 9.0
step 27180 	 return [0.00368369 0.00330189 0.00098215], ([4.6566129e-10 2.3283064e-10 1.1641532e-10]) 	 loss 2.179E-03 	 horizons 9.0
step 27270 	 return [0.00443599 0.00314108 0.00092616], ([4.6566129e-10 2.3283064e-10 5.8207661e-11]) 	 loss 2.574E-03 	 horizons 9.0
step 27360 	 return [0.         0.00497888 0.00542805], ([0. 0. 0.]) 	 loss 2.369E-03 	 horizons 9.0
step 27450 	 return [0.         0.00407966 0.00598968], ([0.         0.00058868 0.00036767]) 	 loss 5.695E-03 	 horizons 9.0
step 27540 	 return [0.00368369 0.00330189 0.00098215], ([4.6566129e-10 2.3283064e-10 1.1641532e-10]) 	 loss 2.422E-03 	 horizons 9.0
step 27630 	 return [0.         0.00497888 0.00542805], ([0. 0. 0.]) 	 loss 1.024E-03 	 horizons 9.0
step 27720 	 return [0.00443599 0.00314108 0.00092616], ([4.6566129e-10 2.3283064e-10 5.8207661e-11]) 	 loss 4.866E-03 	 horizons 9.0
step 27810 	 return [0.0035563  0.00390195 0.00094089], ([0.0000000e+00 2.3283064e-10 0.0000000e+00]) 	 loss 2.380E-03 	 horizons 9.0
step 27900 	 return [0.         0.00369427 0.00623038], ([0.000000e+00 4.656613e-10 4.656613e-10]) 	 loss 4.348E-03 	 horizons 9.0
step 27990 	 return [0.00443599 0.00314108 0.00092616], ([4.6566129e-10 2.3283064e-10 5.8207661e-11]) 	 loss 5.852E-03 	 horizons 9.0
step 28080 	 return [0.00443599 0.00314108 0.00092616], ([4.6566129e-10 2.3283064e-10 5.8207661e-11]) 	 loss 9.881E-04 	 horizons 9.0
step 28170 	 return [0.         0.00369427 0.00623038], ([0.000000e+00 4.656613e-10 4.656613e-10]) 	 loss 5.735E-03 	 horizons 9.0
step 28260 	 return [0.         0.00497888 0.00542805], ([0. 0. 0.]) 	 loss 5.660E-03 	 horizons 9.0
step 28350 	 return [0.00368369 0.00330189 0.00098215], ([4.6566129e-10 2.3283064e-10 1.1641532e-10]) 	 loss 2.631E-03 	 horizons 9.0
step 28440 	 return [0.0035563  0.00390195 0.00094089], ([0.0000000e+00 2.3283064e-10 0.0000000e+00]) 	 loss 6.047E-04 	 horizons 9.0
step 28530 	 return [0.0035563  0.00390195 0.00094089], ([0.0000000e+00 2.3283064e-10 0.0000000e+00]) 	 loss 6.216E-04 	 horizons 9.0
step 28620 	 return [0.         0.00369427 0.00623038], ([0.000000e+00 4.656613e-10 4.656613e-10]) 	 loss 6.565E-04 	 horizons 9.0
step 28710 	 return [0.00443599 0.00314108 0.00092616], ([4.6566129e-10 2.3283064e-10 5.8207661e-11]) 	 loss 6.087E-04 	 horizons 9.0
step 28800 	 return [0.00278033 0.00403993 0.00099689], ([2.3283064e-10 4.6566129e-10 0.0000000e+00]) 	 loss 7.648E-03 	 horizons 9.0
step 28890 	 return [0.00434802 0.00321717 0.00092763], ([2.6390547e-04 2.2825896e-04 4.4212265e-06]) 	 loss 2.783E-03 	 horizons 9.0
step 28980 	 return [0.         0.00497888 0.00542805], ([0. 0. 0.]) 	 loss 4.231E-03 	 horizons 9.0
step 29070 	 return [0.00443599 0.00314108 0.00092616], ([4.6566129e-10 2.3283064e-10 5.8207661e-11]) 	 loss 3.990E-03 	 horizons 9.0
step 29160 	 return [0.00359335 0.00337569 0.00098363], ([2.7100585e-04 2.2141321e-04 4.4212093e-06]) 	 loss 4.506E-03 	 horizons 9.0
step 29250 	 return [0.         0.00369427 0.00623038], ([0.000000e+00 4.656613e-10 4.656613e-10]) 	 loss 2.341E-03 	 horizons 9.0
step 29340 	 return [0.00390818 0.0035976  0.000935  ], ([4.3095584e-04 3.7274527e-04 7.2198332e-06]) 	 loss 7.406E-04 	 horizons 9.0
step 29430 	 return [0.00277968 0.00403625 0.00099632], ([1.9663246e-06 1.1022343e-05 1.7157756e-06]) 	 loss 6.749E-04 	 horizons 9.0
step 29520 	 return [0.00362134 0.00386561 0.0008468 ], ([0.00019511 0.00010901 0.00028227]) 	 loss 8.015E-03 	 horizons 9.0
step 29610 	 return [0.00388317 0.00337001 0.00095653], ([3.6527871e-04 2.6624906e-04 2.5983154e-05]) 	 loss 7.145E-03 	 horizons 9.0
step 29700 	 return [0.00370796 0.00352583 0.00096005], ([2.4999393e-04 3.1058668e-04 2.2493596e-05]) 	 loss 1.235E-02 	 horizons 9.0
step 29790 	 return [0.0035563  0.00390195 0.00094089], ([0.0000000e+00 2.3283064e-10 0.0000000e+00]) 	 loss 2.743E-03 	 horizons 9.0
step 29880 	 return [0.00278033 0.00403993 0.00099689], ([2.3283064e-10 4.6566129e-10 0.0000000e+00]) 	 loss 2.840E-03 	 horizons 9.0
step 29970 	 return [0.00314036 0.00373736 0.00098985], ([4.4362750e-04 3.5581947e-04 6.6236912e-06]) 	 loss 2.556E-03 	 horizons 9.0
step 30060 	 return [0.         0.00369427 0.00623038], ([0.000000e+00 4.656613e-10 4.656613e-10]) 	 loss 6.248E-03 	 horizons 9.0
[1;34mwandb[0m: 
[1;34mwandb[0m: 🚀 View run [33mmotndp_amsterdam-v0__GCN-amsterdam-g3-spatial__789__1781499509[0m at: [34mhttps://wandb.ai/jingyuan-sun03-tu-delft/cl_ablation/runs/m709xvbo[0m
[1;34mwandb[0m: Find logs at: [1;35mwandb/run-20260615_065829-m709xvbo/logs[0m
