/home/SinJ/mo-transport-network-design/.venv/lib/python3.13/site-packages/pygame/pkgdata.py:25: UserWarning: pkg_resources is deprecated as an API. See https://setuptools.pypa.io/en/latest/pkg_resources.html. The pkg_resources package is slated for removal as early as 2025-11-30. Refrain from using this package or pin to Setuptools<81.
  from pkg_resources import resource_stream, resource_exists
wandb: [wandb.login()] Loaded credentials for https://api.wandb.ai from /home/SinJ/.netrc.
wandb: Currently logged in as: jingyuan-sun03 (jingyuan-sun03-tu-delft) to https://api.wandb.ai. Use `wandb login --relogin` to force relogin
wandb: setting up run qlbtfkg6
wandb: Tracking run with wandb version 0.27.2
wandb: Run data is saved locally in /home/SinJ/mo-transport-network-design/wandb/run-20260615_062310-qlbtfkg6
wandb: Run `wandb offline` to turn off syncing.
wandb: Syncing run motndp_amsterdam-v0__GCN-amsterdam-g3-l0__456__1781497389
wandb: ⭐️ View project at https://wandb.ai/jingyuan-sun03-tu-delft/cl_ablation
wandb: 🚀 View run at https://wandb.ai/jingyuan-sun03-tu-delft/cl_ablation/runs/qlbtfkg6
/home/SinJ/mo-transport-network-design/morl-baselines/morl_baselines/multi_policy/gcn/gcn.py:151: UserWarning: Creating a tensor from a list of numpy.ndarrays is extremely slow. Please consider converting the list to a single numpy.ndarray with numpy.array() before converting to a tensor. (Triggered internally at /pytorch/torch/csrc/utils/tensor_new.cpp:253.)
  th.tensor(obs).to(self.device),
Namespace(env='amsterdam', nr_groups=3, starting_loc_x=9, starting_loc_y=19, nr_stations=10, lr=0.01, batch_size=256, num_er_episodes=100, num_step_episodes=10, num_model_updates=10, num_policies=10, max_buffer_size=200, nr_layers=1, hidden_dim=128, timesteps=30000, no_log=False, seed=456, cd_threshold=0.2, distance_ref='interpolate2', gcn_lambda=0.0, lambda_schedule='constant', lambda_start=1.0, lambda_end=None, lambda_warmup_fraction=0.0, lambda_freeze_fraction=0.1, spatial_alpha=0.0, include_demand_context=False, criterion='lorenz', nash_mode='pareto_sized', nash_top_k=None, nash_shift=0.0, project_name='cl_ablation', experiment_name='GCN-amsterdam-g3-l0', wandb_entity=None)
step 990 	 return [0.00067707 0.00191938 0.00203037], ([0.00093161 0.00148764 0.00219279]) 	 loss 2.027E+00 	 horizons 9.0
step 1080 	 return [0.00092214 0.00189913 0.00141876], ([0.00077963 0.00188868 0.00173787]) 	 loss 1.883E+00 	 horizons 9.0
step 1170 	 return [0.0008889  0.00311013 0.00099186], ([0.00113226 0.00210952 0.00169818]) 	 loss 1.439E+00 	 horizons 9.0
step 1260 	 return [0.00042099 0.00206862 0.00271111], ([0.00048402 0.00170708 0.00203044]) 	 loss 1.210E+00 	 horizons 9.0
step 1350 	 return [0.0003625  0.00193546 0.00252182], ([0.00059785 0.00158711 0.00220503]) 	 loss 1.162E+00 	 horizons 9.0
step 1440 	 return [0.0015366  0.00240892 0.00134568], ([0.001104   0.00119686 0.00174456]) 	 loss 1.115E+00 	 horizons 9.0
step 1530 	 return [0.00132367 0.00140791 0.00062873], ([0.00077771 0.00125361 0.00050522]) 	 loss 1.068E+00 	 horizons 9.0
step 1620 	 return [0.000848   0.00295605 0.00183456], ([0.00078925 0.00141713 0.00219306]) 	 loss 1.022E+00 	 horizons 9.0
step 1710 	 return [0.00140976 0.0027909  0.00148781], ([0.00117531 0.00136718 0.00190206]) 	 loss 1.025E+00 	 horizons 9.0
step 1800 	 return [0.00137966 0.00331804 0.00062192], ([0.00084885 0.00146689 0.00175147]) 	 loss 9.765E-01 	 horizons 9.0
step 1890 	 return [0.00185177 0.00137429 0.00040336], ([0.00039226 0.00083016 0.00038264]) 	 loss 9.476E-01 	 horizons 9.0
step 1980 	 return [0.00044243 0.00352911 0.00220975], ([0.00077808 0.00139772 0.002733  ]) 	 loss 9.557E-01 	 horizons 9.0
step 2070 	 return [0.00171953 0.00135558 0.00060661], ([0.00109711 0.00076883 0.00106237]) 	 loss 9.664E-01 	 horizons 9.0
step 2160 	 return [0.00026945 0.00546272 0.00091534], ([0.00060145 0.00151378 0.00191468]) 	 loss 9.521E-01 	 horizons 9.0
step 2250 	 return [1.6541451e-03 3.7130478e-03 9.2271330e-05], ([0.00092703 0.00088059 0.00027681]) 	 loss 8.772E-01 	 horizons 9.0
step 2340 	 return [0.         0.00446164 0.0034478 ], ([0.         0.00136948 0.0017719 ]) 	 loss 8.683E-01 	 horizons 9.0
step 2430 	 return [0.00207978 0.00341639 0.00061872], ([0.00132933 0.00110698 0.00185615]) 	 loss 8.430E-01 	 horizons 9.0
step 2520 	 return [0.00210183 0.00267964 0.00054965], ([0.00074855 0.00085679 0.00047522]) 	 loss 8.365E-01 	 horizons 9.0
step 2610 	 return [0.00225849 0.00339599 0.00028423], ([0.00117668 0.00113925 0.00043463]) 	 loss 8.421E-01 	 horizons 9.0
step 2700 	 return [0.00077236 0.0044478  0.00136216], ([0.0010244  0.00116899 0.00210105]) 	 loss 8.086E-01 	 horizons 9.0
step 2790 	 return [0.00130327 0.00378066 0.00019302], ([0.00089605 0.00076043 0.00038604]) 	 loss 7.980E-01 	 horizons 9.0
step 2880 	 return [0.         0.00625183 0.00166447], ([0.         0.00126921 0.00174605]) 	 loss 7.871E-01 	 horizons 9.0
step 2970 	 return [0.00098712 0.00428893 0.00158396], ([0.00108012 0.00167822 0.0024425 ]) 	 loss 7.730E-01 	 horizons 9.0
step 3060 	 return [0.00029171 0.00324307 0.00428148], ([0.00047832 0.00142554 0.00191696]) 	 loss 7.822E-01 	 horizons 9.0
step 3150 	 return [2.0002834e-03 3.5762570e-03 9.6995558e-05], ([0.00054563 0.000495   0.00029099]) 	 loss 7.686E-01 	 horizons 9.0
step 3240 	 return [0.00176767 0.00314738 0.00018806], ([0.00068025 0.0004333  0.00037621]) 	 loss 7.128E-01 	 horizons 9.0
step 3330 	 return [0.00209789 0.00364773 0.00027858], ([0.00055686 0.00073906 0.00042587]) 	 loss 7.229E-01 	 horizons 9.0
step 3420 	 return [5.2625786e-05 2.7701915e-03 5.0578583e-03], ([0.00015788 0.00091302 0.00093714]) 	 loss 7.002E-01 	 horizons 9.0
step 3510 	 return [0.00216626 0.00342839 0.00027895], ([0.00097644 0.00076573 0.0004264 ]) 	 loss 7.114E-01 	 horizons 9.0
step 3600 	 return [0.00011521 0.00382619 0.00460962], ([0.00034563 0.00069761 0.00100188]) 	 loss 7.025E-01 	 horizons 9.0
step 3690 	 return [0.         0.00423762 0.00474463], ([0.         0.00061013 0.00068165]) 	 loss 6.802E-01 	 horizons 9.0
step 3780 	 return [0.00188819 0.0038445  0.00019559], ([0.00073286 0.00060314 0.00039119]) 	 loss 6.572E-01 	 horizons 9.0
step 3870 	 return [0.         0.00547368 0.00329584], ([0.         0.00069381 0.00116842]) 	 loss 6.645E-01 	 horizons 9.0
step 3960 	 return [0.00094243 0.00444054 0.        ], ([0.00036814 0.00043239 0.        ]) 	 loss 6.066E-01 	 horizons 9.0
step 4050 	 return [0.00158098 0.00369885 0.        ], ([0.00065237 0.00051013 0.        ]) 	 loss 6.119E-01 	 horizons 9.0
step 4140 	 return [0.00210026 0.00341335 0.00037727], ([0.00092919 0.00061505 0.00046214]) 	 loss 6.219E-01 	 horizons 9.0
step 4230 	 return [0.         0.0033666  0.00442747], ([0.         0.0007631  0.00081429]) 	 loss 6.044E-01 	 horizons 9.0
step 4320 	 return [0.00101376 0.00403973 0.00044031], ([0.00079483 0.00037794 0.00132093]) 	 loss 6.022E-01 	 horizons 9.0
step 4410 	 return [0.0007857  0.00456902 0.        ], ([0.00074001 0.00067345 0.        ]) 	 loss 5.785E-01 	 horizons 9.0
step 4500 	 return [0.0019286  0.00161923 0.00100452], ([0.00102193 0.00050092 0.00108338]) 	 loss 5.819E-01 	 horizons 9.0
step 4590 	 return [0.0008025  0.00369798 0.00183009], ([0.0007064  0.00100558 0.00186518]) 	 loss 5.673E-01 	 horizons 9.0
step 4680 	 return [0.         0.00556336 0.00370358], ([0.0000000e+00 3.2638389e-05 4.0569715e-04]) 	 loss 5.551E-01 	 horizons 9.0
step 4770 	 return [0.         0.00557968 0.00350073], ([0.000000e+00 0.000000e+00 4.656613e-10]) 	 loss 5.294E-01 	 horizons 9.0
step 4860 	 return [8.2661456e-05 3.7663598e-03 5.1643234e-03], ([0.00024798 0.00063917 0.00089672]) 	 loss 5.397E-01 	 horizons 9.0
step 4950 	 return [0.00204615 0.0034738  0.00048383], ([0.00075176 0.00036598 0.00048405]) 	 loss 5.254E-01 	 horizons 9.0
step 5040 	 return [0.00068147 0.00429544 0.00109572], ([0.00061911 0.00079265 0.00170986]) 	 loss 4.787E-01 	 horizons 9.0
step 5130 	 return [0.00114681 0.00446329 0.00064336], ([0.00073253 0.00051104 0.00104817]) 	 loss 4.768E-01 	 horizons 9.0
step 5220 	 return [0.00211407 0.00365254 0.00064585], ([0.00053041 0.0004947  0.00053633]) 	 loss 4.472E-01 	 horizons 9.0
step 5310 	 return [0.00019196 0.00492623 0.00337901], ([0.00057589 0.00079122 0.00134781]) 	 loss 4.801E-01 	 horizons 9.0
step 5400 	 return [0.         0.00525803 0.00387222], ([0.         0.00052812 0.00063389]) 	 loss 4.554E-01 	 horizons 9.0
step 5490 	 return [0.00162049 0.0041289  0.00069698], ([0.00081987 0.00049028 0.00045633]) 	 loss 4.044E-01 	 horizons 9.0
step 5580 	 return [2.7750832e-05 4.8822905e-03 3.9997790e-03], ([8.3252489e-05 8.1163843e-04 1.6219029e-03]) 	 loss 4.369E-01 	 horizons 9.0
step 5670 	 return [0.00051519 0.00409501 0.0028107 ], ([0.00067707 0.00105706 0.00176028]) 	 loss 4.516E-01 	 horizons 9.0
step 5760 	 return [0.00139642 0.00386203 0.00135586], ([0.00070622 0.000351   0.00127673]) 	 loss 4.378E-01 	 horizons 9.0
step 5850 	 return [0.         0.00439842 0.00424203], ([0.         0.00088298 0.00156242]) 	 loss 4.735E-01 	 horizons 9.0
step 5940 	 return [0.         0.00475799 0.00499808], ([0.         0.00087651 0.00090436]) 	 loss 4.641E-01 	 horizons 9.0
step 6030 	 return [0.         0.00535388 0.00440402], ([0.         0.00031186 0.00034557]) 	 loss 4.904E-01 	 horizons 9.0
step 6120 	 return [0.         0.00552257 0.0042107 ], ([0.0000000e+00 3.7391968e-05 4.6478448e-04]) 	 loss 4.199E-01 	 horizons 9.0
step 6210 	 return [0.         0.00545282 0.00440842], ([0.         0.0001929  0.00053583]) 	 loss 3.570E-01 	 horizons 9.0
step 6300 	 return [0.        0.0054237 0.0043751], ([0.         0.00025719 0.00031856]) 	 loss 3.701E-01 	 horizons 9.0
step 6390 	 return [0.         0.00554613 0.00389772], ([0.0000000e+00 3.9317500e-05 5.0461316e-04]) 	 loss 3.312E-01 	 horizons 9.0
step 6480 	 return [0.00200023 0.00371861 0.00086254], ([0.0004082  0.00042261 0.00028922]) 	 loss 3.338E-01 	 horizons 9.0
step 6570 	 return [0.00061871 0.00363562 0.00345999], ([0.00048083 0.00034923 0.00077263]) 	 loss 3.039E-01 	 horizons 9.0
step 6660 	 return [0.0005052  0.00370554 0.00254403], ([0.00021223 0.00029277 0.00127642]) 	 loss 2.916E-01 	 horizons 9.0
step 6750 	 return [0.00181924 0.00395026 0.00091267], ([0.00061192 0.00034479 0.00032115]) 	 loss 2.963E-01 	 horizons 9.0
step 6840 	 return [0.00126007 0.00440385 0.00135523], ([0.00079012 0.00045755 0.0010533 ]) 	 loss 2.905E-01 	 horizons 9.0
step 6930 	 return [0.0019539  0.00386376 0.00087035], ([0.00073111 0.00022499 0.00029108]) 	 loss 2.625E-01 	 horizons 9.0
step 7020 	 return [0.00014884 0.00501295 0.00390071], ([0.00034913 0.00069953 0.00107682]) 	 loss 2.895E-01 	 horizons 9.0
step 7110 	 return [0.         0.00457833 0.00419545], ([0.         0.00062495 0.00127047]) 	 loss 3.067E-01 	 horizons 9.0
step 7200 	 return [0.         0.00528134 0.00452816], ([0.         0.0003624  0.00037591]) 	 loss 2.893E-01 	 horizons 9.0
step 7290 	 return [0.         0.00551335 0.00452915], ([0.0000000e+00 3.5091343e-05 2.2372886e-05]) 	 loss 2.989E-01 	 horizons 9.0
step 7380 	 return [0.00207325 0.00385315 0.00097875], ([6.9313089e-04 2.7227853e-04 2.3067030e-05]) 	 loss 2.807E-01 	 horizons 9.0
step 7470 	 return [0.         0.00440224 0.0042743 ], ([0.         0.00042743 0.00064105]) 	 loss 2.878E-01 	 horizons 9.0
step 7560 	 return [0.00169222 0.00352105 0.00095573], ([4.6820237e-04 2.7909115e-04 2.3106626e-05]) 	 loss 2.887E-01 	 horizons 9.0
step 7650 	 return [0.00196753 0.00354764 0.00097743], ([0.00035292 0.00041263 0.00010515]) 	 loss 2.825E-01 	 horizons 9.0
step 7740 	 return [0.         0.00478981 0.00467247], ([0.        0.0004894 0.0005615]) 	 loss 2.994E-01 	 horizons 9.0
step 7830 	 return [0.00272946 0.00299239 0.00093743], ([0.00045079 0.00041374 0.00010852]) 	 loss 3.144E-01 	 horizons 9.0
step 7920 	 return [0.00110611 0.00460391 0.00108763], ([0.00090546 0.00045897 0.00135334]) 	 loss 3.050E-01 	 horizons 9.0
step 8010 	 return [0.00195726 0.00418488 0.00087354], ([0.00031483 0.00031343 0.00029251]) 	 loss 3.025E-01 	 horizons 9.0
step 8100 	 return [0.00086528 0.00536014 0.00095927], ([0.00086725 0.00071842 0.00096123]) 	 loss 2.804E-01 	 horizons 9.0
step 8190 	 return [0.         0.0048532  0.00455246], ([0.         0.00044623 0.00075753]) 	 loss 2.933E-01 	 horizons 9.0
step 8280 	 return [0.00186401 0.00427769 0.00099628], ([6.9500435e-05 1.1106905e-04 2.2505594e-05]) 	 loss 2.824E-01 	 horizons 9.0
step 8370 	 return [0.00193575 0.00395604 0.00100703], ([2.9987507e-04 2.3149260e-04 7.5972304e-05]) 	 loss 2.830E-01 	 horizons 9.0
step 8460 	 return [0.00018807 0.00311114 0.00444293], ([0.00029767 0.00050985 0.0010263 ]) 	 loss 2.541E-01 	 horizons 9.0
step 8550 	 return [0.0018708  0.00433662 0.00100596], ([6.1442486e-05 1.7525541e-04 7.4656291e-06]) 	 loss 2.400E-01 	 horizons 9.0
step 8640 	 return [0.00067134 0.00379339 0.00342967], ([0.00043704 0.00058463 0.00042724]) 	 loss 2.600E-01 	 horizons 9.0
step 8730 	 return [0.00194272 0.00344258 0.00096225], ([2.8476620e-04 2.5356864e-04 2.6674661e-05]) 	 loss 2.366E-01 	 horizons 9.0
step 8820 	 return [0.00188951 0.0042361  0.00098659], ([2.8904760e-05 1.2897806e-04 2.8498329e-05]) 	 loss 2.208E-01 	 horizons 9.0
step 8910 	 return [0.00190402 0.00418655 0.00099531], ([6.792861e-05 1.488086e-04 1.589015e-05]) 	 loss 2.225E-01 	 horizons 9.0
step 9000 	 return [0.00192413 0.00348363 0.00100315], ([2.7392228e-04 9.3475617e-05 1.0358061e-04]) 	 loss 2.142E-01 	 horizons 9.0
step 9090 	 return [0.00176237 0.00419916 0.00098982], ([3.7165699e-04 1.4684252e-04 2.4277826e-05]) 	 loss 2.321E-01 	 horizons 9.0
step 9180 	 return [0.00184365 0.00438032 0.00089653], ([8.5001317e-05 2.9431176e-04 2.9930091e-04]) 	 loss 1.972E-01 	 horizons 9.0
step 9270 	 return [0.00187111 0.00435214 0.00100872], ([6.1566643e-05 1.7143681e-04 6.8436088e-06]) 	 loss 1.939E-01 	 horizons 9.0
step 9360 	 return [0.0019378  0.00364075 0.00099812], ([3.0202503e-04 3.3104458e-04 7.7790704e-05]) 	 loss 1.974E-01 	 horizons 9.0
step 9450 	 return [0.00187992 0.00423114 0.00100246], ([1.866391e-05 9.151725e-05 6.677270e-06]) 	 loss 1.949E-01 	 horizons 9.0
step 9540 	 return [0.0013569  0.00391466 0.0021312 ], ([0.0002814  0.000351   0.00112315]) 	 loss 2.008E-01 	 horizons 9.0
step 9630 	 return [0.00215491 0.00375136 0.00098329], ([2.7393675e-04 4.0628214e-04 2.1554381e-05]) 	 loss 2.053E-01 	 horizons 9.0
step 9720 	 return [0.00070311 0.00403284 0.00360779], ([0.00042935 0.00056843 0.00101316]) 	 loss 2.091E-01 	 horizons 9.0
step 9810 	 return [0.00139596 0.00363024 0.00188856], ([0.00025984 0.00015703 0.00111517]) 	 loss 2.137E-01 	 horizons 9.0
step 9900 	 return [0.00160553 0.00397793 0.00144555], ([0.00031182 0.00021672 0.00090442]) 	 loss 1.667E-01 	 horizons 9.0
step 9990 	 return [0.0010219  0.00369524 0.00353581], ([0.00015945 0.00015686 0.00034473]) 	 loss 1.772E-01 	 horizons 9.0
step 10080 	 return [0.00204039 0.00367749 0.00097166], ([2.1819108e-04 3.1832521e-04 2.8938683e-05]) 	 loss 1.731E-01 	 horizons 9.0
step 10170 	 return [0.00185184 0.00419724 0.00098509], ([6.5513297e-05 1.6624400e-04 2.4008006e-05]) 	 loss 1.675E-01 	 horizons 9.0
step 10260 	 return [0.00113406 0.00343003 0.00235149], ([0.00045802 0.00062327 0.00112168]) 	 loss 1.626E-01 	 horizons 9.0
step 10350 	 return [0.00066129 0.00405584 0.00420647], ([0.00033065 0.00034379 0.00051218]) 	 loss 1.555E-01 	 horizons 9.0
step 10440 	 return [0.00185221 0.00389184 0.00098204], ([1.4983265e-04 2.6517551e-04 2.1011530e-05]) 	 loss 1.224E-01 	 horizons 9.0
step 10530 	 return [0.         0.00490253 0.00548298], ([0.00000000e+00 4.06231702e-05 1.01227315e-05]) 	 loss 1.232E-01 	 horizons 9.0
step 10620 	 return [0.00185676 0.00410975 0.0009948 ], ([6.3101760e-07 3.1031108e-05 5.5181326e-06]) 	 loss 1.187E-01 	 horizons 9.0
step 10710 	 return [0.0018136  0.00436442 0.00089236], ([9.9392520e-05 3.1955529e-04 2.9788431e-04]) 	 loss 1.248E-01 	 horizons 9.0
step 10800 	 return [0.0014888  0.00407075 0.00180083], ([0.00031828 0.00050542 0.00122127]) 	 loss 1.405E-01 	 horizons 9.0
step 10890 	 return [0.00095418 0.00303817 0.00361133], ([0.00020635 0.00044018 0.0003078 ]) 	 loss 1.268E-01 	 horizons 9.0
step 10980 	 return [0.00083897 0.00297844 0.00372868], ([0.00034123 0.00040332 0.00036727]) 	 loss 1.170E-01 	 horizons 9.0
step 11070 	 return [0.00180298 0.00359216 0.00103735], ([0.00023227 0.00018296 0.00012601]) 	 loss 1.306E-01 	 horizons 9.0
step 11160 	 return [0.00183701 0.0042992  0.0010003 ], ([8.8642089e-05 1.7128723e-04 4.2976076e-06]) 	 loss 1.488E-01 	 horizons 9.0
step 11250 	 return [0.00085916 0.00385534 0.00388765], ([9.7642223e-05 9.6059128e-05 2.1110018e-04]) 	 loss 1.345E-01 	 horizons 9.0
step 11340 	 return [0.00146434 0.00362893 0.00188428], ([2.6291976e-04 5.2504991e-05 1.1186756e-03]) 	 loss 1.262E-01 	 horizons 9.0
step 11430 	 return [0.00179157 0.00449707 0.00098362], ([1.0374331e-04 1.9089154e-04 2.8251256e-05]) 	 loss 1.262E-01 	 horizons 9.0
step 11520 	 return [0.00110238 0.00361359 0.00302798], ([0.00014912 0.00013928 0.0006791 ]) 	 loss 1.680E-01 	 horizons 9.0
step 11610 	 return [0.00183331 0.00443998 0.00100543], ([9.4634815e-05 2.0525555e-04 6.0378757e-06]) 	 loss 1.311E-01 	 horizons 9.0
step 11700 	 return [0.00191873 0.00396903 0.00097552], ([2.9297703e-04 1.8245573e-04 2.4974523e-05]) 	 loss 1.151E-01 	 horizons 9.0
step 11790 	 return [0.00115826 0.00301025 0.00260023], ([0.0004194  0.00060806 0.001142  ]) 	 loss 1.359E-01 	 horizons 9.0
step 11880 	 return [0.00197775 0.00335724 0.00097481], ([2.6068362e-04 1.3612342e-04 8.6133354e-05]) 	 loss 1.201E-01 	 horizons 9.0
step 11970 	 return [0.00082661 0.00388736 0.00395801], ([0.000000e+00 4.656613e-10 4.656613e-10]) 	 loss 1.158E-01 	 horizons 9.0
step 12060 	 return [0.00187514 0.0038881  0.0010534 ], ([0.0001736  0.00028533 0.00013069]) 	 loss 1.289E-01 	 horizons 9.0
step 12150 	 return [0.00189686 0.003931   0.00100779], ([3.0418727e-04 1.9921146e-04 7.4146810e-05]) 	 loss 1.281E-01 	 horizons 9.0
step 12240 	 return [0.00089171 0.00382332 0.00381728], ([0.00013019 0.00012808 0.00028147]) 	 loss 1.094E-01 	 horizons 9.0
step 12330 	 return [0.00082661 0.00388736 0.00395801], ([0.000000e+00 4.656613e-10 4.656613e-10]) 	 loss 1.120E-01 	 horizons 9.0
step 12420 	 return [0.00180091 0.00357865 0.00097209], ([1.87593396e-04 1.13707734e-04 7.61689125e-06]) 	 loss 1.147E-01 	 horizons 9.0
step 12510 	 return [0.00156187 0.00489561 0.00080813], ([0.00052689 0.00051336 0.00040411]) 	 loss 1.076E-01 	 horizons 9.0
step 12600 	 return [0.00082661 0.00388736 0.00395801], ([0.000000e+00 4.656613e-10 4.656613e-10]) 	 loss 7.073E-02 	 horizons 9.0
step 12690 	 return [0.0018721  0.00340881 0.00101701], ([0.00017816 0.00015838 0.00010349]) 	 loss 7.658E-02 	 horizons 9.0
step 12780 	 return [0.00111954 0.00359918 0.00332471], ([9.764222e-05 9.605914e-05 2.111002e-04]) 	 loss 6.612E-02 	 horizons 9.0
step 12870 	 return [0.00103584 0.00288607 0.00348565], ([0.0001761  0.00045386 0.0003231 ]) 	 loss 5.592E-02 	 horizons 9.0
step 12960 	 return [0.00173549 0.00369933 0.00098893], ([0.00017683 0.0001994  0.00036039]) 	 loss 6.371E-02 	 horizons 9.0
step 13050 	 return [0.00074395 0.00384467 0.00410644], ([0.00024798 0.00012807 0.0004453 ]) 	 loss 6.113E-02 	 horizons 9.0
step 13140 	 return [0.00112213 0.00540577 0.00059767], ([0.00078446 0.00072764 0.00118876]) 	 loss 4.569E-02 	 horizons 9.0
step 13230 	 return [0.00105445 0.00366322 0.00346545], ([0.00014915 0.00014673 0.00032246]) 	 loss 5.733E-02 	 horizons 9.0
step 13320 	 return [0.00131673 0.00391968 0.00161934], ([0.00074307 0.00033228 0.00082671]) 	 loss 3.154E-02 	 horizons 9.0
step 13410 	 return [0.         0.00490253 0.00548298], ([0.0000000e+00 4.0623174e-05 1.0122731e-05]) 	 loss 4.456E-02 	 horizons 9.0
step 13500 	 return [0.00082661 0.00388736 0.00395801], ([0.000000e+00 4.656613e-10 4.656613e-10]) 	 loss 2.597E-02 	 horizons 9.0
step 13590 	 return [0.00089875 0.00299943 0.00388807], ([0.00012694 0.00035137 0.00038022]) 	 loss 2.706E-02 	 horizons 9.0
step 13680 	 return [0.00082661 0.00388736 0.00395801], ([0.000000e+00 4.656613e-10 4.656613e-10]) 	 loss 2.325E-02 	 horizons 9.0
step 13770 	 return [0.00109077 0.00453127 0.00148262], ([0.00084334 0.00052106 0.00132189]) 	 loss 1.930E-02 	 horizons 9.0
step 13860 	 return [0.00082661 0.00388736 0.00395801], ([0.000000e+00 4.656613e-10 4.656613e-10]) 	 loss 3.862E-02 	 horizons 9.0
step 13950 	 return [0.00149205 0.00396089 0.00121409], ([0.00051709 0.00017707 0.00014266]) 	 loss 1.302E-02 	 horizons 9.0
step 14040 	 return [0.00111954 0.00359918 0.00332471], ([9.764222e-05 9.605913e-05 2.111002e-04]) 	 loss 1.626E-02 	 horizons 9.0
step 14130 	 return [0.00163843 0.00381115 0.00131232], ([2.6808121e-07 2.3273331e-05 5.9779736e-06]) 	 loss 8.464E-03 	 horizons 9.0
step 14220 	 return [0.00120585 0.00369317 0.00303054], ([0.00016127 0.00037802 0.00067143]) 	 loss 6.481E-03 	 horizons 9.0
step 14310 	 return [0.00158987 0.00379373 0.00150832], ([1.4592789e-04 7.5522687e-05 5.8200891e-04]) 	 loss 1.048E-02 	 horizons 9.0
step 14400 	 return [0.00118464 0.004304   0.00119286], ([0.00101024 0.00032842 0.00017158]) 	 loss 6.854E-03 	 horizons 9.0
step 14490 	 return [0.00171011 0.00362171 0.00131079], ([8.7680426e-05 2.4151617e-04 4.3172372e-06]) 	 loss 2.661E-02 	 horizons 9.0
step 14580 	 return [0.00078622 0.00434581 0.00133067], ([0.00080027 0.00049818 0.00075298]) 	 loss 1.029E-02 	 horizons 9.0
step 14670 	 return [0.00179959 0.00337521 0.00130639], ([5.3693075e-05 1.4789784e-04 2.6437567e-06]) 	 loss 2.213E-02 	 horizons 9.0
step 14760 	 return [0.00094103 0.00350307 0.00377738], ([0.00034472 0.00032012 0.00084485]) 	 loss 8.306E-03 	 horizons 9.0
step 14850 	 return [0.         0.00491269 0.00548551], ([0.0000000e+00 4.6539688e-05 1.1597046e-05]) 	 loss 6.794E-03 	 horizons 9.0
step 14940 	 return [0.00089171 0.00382332 0.00381728], ([0.00013019 0.00012808 0.00028147]) 	 loss 1.811E-02 	 horizons 9.0
step 15030 	 return [0.00123897 0.00280129 0.00299188], ([0.00017839 0.00034103 0.0006505 ]) 	 loss 1.205E-02 	 horizons 9.0
step 15120 	 return [0.00108917 0.00430535 0.00252039], ([0.00054528 0.00044306 0.0014407 ]) 	 loss 9.369E-03 	 horizons 9.0
step 15210 	 return [0.00143866 0.003247   0.00218437], ([0.00019986 0.0005719  0.00087005]) 	 loss 1.237E-02 	 horizons 9.0
step 15300 	 return [0.         0.00498378 0.00550322], ([0.000000e+00 4.656613e-10 4.656613e-10]) 	 loss 6.841E-03 	 horizons 9.0
step 15390 	 return [0.         0.00498378 0.00550322], ([0.000000e+00 4.656613e-10 4.656613e-10]) 	 loss 5.442E-03 	 horizons 9.0
step 15480 	 return [0.00115209 0.00356716 0.00325435], ([1.1641532e-10 0.0000000e+00 0.0000000e+00]) 	 loss 5.874E-03 	 horizons 9.0
step 15570 	 return [0.00174865 0.00346314 0.00127171], ([0.00011219 0.00021143 0.00010731]) 	 loss 5.182E-03 	 horizons 9.0
step 15660 	 return [0.         0.00498378 0.00550322], ([0.000000e+00 4.656613e-10 4.656613e-10]) 	 loss 7.730E-03 	 horizons 9.0
step 15750 	 return [0.         0.00497362 0.00550069], ([0.0000000e+00 3.0467378e-05 7.5920484e-06]) 	 loss 4.657E-03 	 horizons 9.0
step 15840 	 return [0.00082661 0.00388736 0.00395801], ([0.000000e+00 4.656613e-10 4.656613e-10]) 	 loss 3.976E-03 	 horizons 9.0
step 15930 	 return [0.00119899 0.0026869  0.00316589], ([1.1942359e-04 3.5421781e-05 3.3442961e-04]) 	 loss 3.756E-03 	 horizons 9.0
step 16020 	 return [0.         0.00498378 0.00550322], ([0.000000e+00 4.656613e-10 4.656613e-10]) 	 loss 9.574E-03 	 horizons 9.0
step 16110 	 return [0.00119899 0.0026869  0.00316589], ([1.1942359e-04 3.5421788e-05 3.3442961e-04]) 	 loss 3.660E-03 	 horizons 9.0
step 16200 	 return [0.00183335 0.00466845 0.00104916], ([0.00096796 0.00018376 0.0001514 ]) 	 loss 7.524E-03 	 horizons 9.0
step 16290 	 return [0.         0.00498378 0.00550322], ([0.000000e+00 4.656613e-10 4.656613e-10]) 	 loss 9.593E-03 	 horizons 9.0
step 16380 	 return [0.         0.00498378 0.00550322], ([0.000000e+00 4.656613e-10 4.656613e-10]) 	 loss 4.422E-03 	 horizons 9.0
step 16470 	 return [0.00119899 0.0026869  0.00316589], ([1.1942359e-04 3.5421781e-05 3.3442961e-04]) 	 loss 3.155E-03 	 horizons 9.0
step 16560 	 return [0.00082661 0.00388736 0.00395801], ([0.000000e+00 4.656613e-10 4.656613e-10]) 	 loss 4.168E-03 	 horizons 9.0
step 16650 	 return [0.00184493 0.00339845 0.00126141], ([0.00021665 0.00016621 0.00010567]) 	 loss 2.317E-03 	 horizons 9.0
step 16740 	 return [0.00227709 0.00465674 0.00099553], ([4.8074540e-04 1.6177974e-04 9.3716932e-05]) 	 loss 1.758E-02 	 horizons 9.0
step 16830 	 return [0.00181749 0.00332591 0.0013055 ], ([2.3283064e-10 2.3283064e-10 1.1641532e-10]) 	 loss 1.083E-02 	 horizons 9.0
step 16920 	 return [0.00179869 0.00390079 0.00127142], ([0.00032043 0.00027206 0.00010627]) 	 loss 5.825E-03 	 horizons 9.0
step 17010 	 return [0.00161966 0.00397952 0.00123825], ([0.00029802 0.00024979 0.00014065]) 	 loss 9.851E-03 	 horizons 9.0
step 17100 	 return [0.0008753  0.00311767 0.00417589], ([9.2264272e-05 1.4983185e-04 3.0718080e-04]) 	 loss 2.083E-02 	 horizons 9.0
step 17190 	 return [0.00076009 0.00305875 0.00436114], ([2.5336229e-04 2.6909329e-05 2.4857692e-04]) 	 loss 6.219E-03 	 horizons 9.0
step 17280 	 return [0.00181749 0.00332591 0.0013055 ], ([2.3283064e-10 2.3283064e-10 1.1641532e-10]) 	 loss 8.138E-03 	 horizons 9.0
step 17370 	 return [0.00211312 0.00385064 0.00120512], ([0.00032689 0.00031185 0.00012717]) 	 loss 6.686E-03 	 horizons 9.0
step 17460 	 return [0.00203458 0.00385827 0.00121255], ([0.00033698 0.00031004 0.0001311 ]) 	 loss 8.254E-03 	 horizons 9.0
step 17550 	 return [0.00249236 0.00473574 0.00096024], ([0.000000e+00 4.656613e-10 5.820766e-11]) 	 loss 8.538E-03 	 horizons 9.0
step 17640 	 return [0.0008753  0.00311767 0.00417589], ([9.2264272e-05 1.4983185e-04 3.0718080e-04]) 	 loss 6.381E-03 	 horizons 9.0
step 17730 	 return [0.00187439 0.00336546 0.00129881], ([1.7068746e-04 1.1865129e-04 2.0085869e-05]) 	 loss 5.172E-03 	 horizons 9.0
step 17820 	 return [0.00163851 0.00381891 0.00131432], ([0.0000000e+00 2.3283064e-10 1.1641532e-10]) 	 loss 1.238E-02 	 horizons 9.0
step 17910 	 return [0.00082661 0.00388736 0.00395801], ([0.000000e+00 4.656613e-10 4.656613e-10]) 	 loss 1.424E-02 	 horizons 9.0
step 18000 	 return [0.00249236 0.00473574 0.00096024], ([0.000000e+00 4.656613e-10 5.820766e-11]) 	 loss 1.242E-02 	 horizons 9.0
step 18090 	 return [0.00174173 0.00331013 0.00148128], ([0.00017593 0.0002577  0.00052439]) 	 loss 1.211E-02 	 horizons 9.0
step 18180 	 return [0.00082661 0.00388736 0.00395801], ([0.000000e+00 4.656613e-10 4.656613e-10]) 	 loss 1.177E-02 	 horizons 9.0
step 18270 	 return [0.         0.00498378 0.00550322], ([0.000000e+00 4.656613e-10 4.656613e-10]) 	 loss 6.738E-03 	 horizons 9.0
step 18360 	 return [0.00066129 0.00395263 0.00414232], ([0.00033065 0.00030709 0.00049766]) 	 loss 1.133E-02 	 horizons 9.0
step 18450 	 return [0.0023241  0.00468547 0.00099075], ([5.0477352e-04 1.5080806e-04 9.1531751e-05]) 	 loss 1.640E-02 	 horizons 9.0
step 18540 	 return [0.00105445 0.00366322 0.00346545], ([0.00014915 0.00014673 0.00032246]) 	 loss 1.004E-02 	 horizons 9.0
step 18630 	 return [0.00024798 0.00383218 0.00490232], ([0.0003788  0.00036114 0.00076787]) 	 loss 4.925E-03 	 horizons 9.0
step 18720 	 return [0.         0.00498378 0.00550322], ([0.000000e+00 4.656613e-10 4.656613e-10]) 	 loss 1.660E-02 	 horizons 9.0
step 18810 	 return [0.         0.00381874 0.00462259], ([0.0000000e+00 7.7313838e-05 4.5917713e-04]) 	 loss 6.100E-03 	 horizons 9.0
step 18900 	 return [0.00249236 0.00473574 0.00096024], ([0.000000e+00 4.656613e-10 5.820766e-11]) 	 loss 1.877E-02 	 horizons 9.0
step 18990 	 return [0.00167431 0.00372031 0.00131255], ([7.1590766e-05 1.9719712e-04 3.5250093e-06]) 	 loss 3.577E-03 	 horizons 9.0
step 19080 	 return [0.         0.00498378 0.00550322], ([0.000000e+00 4.656613e-10 4.656613e-10]) 	 loss 2.841E-03 	 horizons 9.0
step 19170 	 return [0.00163851 0.00381891 0.00131432], ([0.0000000e+00 2.3283064e-10 1.1641532e-10]) 	 loss 3.046E-03 	 horizons 9.0
step 19260 	 return [0.00206544 0.00427732 0.00113728], ([0.00042692 0.00045842 0.00017704]) 	 loss 2.621E-03 	 horizons 9.0
step 19350 	 return [0.00090605 0.00316761 0.0040735 ], ([0.00012302 0.00019978 0.00040957]) 	 loss 3.253E-03 	 horizons 9.0
step 19440 	 return [0.00084454 0.00306772 0.00427828], ([5.8207661e-11 2.3283064e-10 4.6566129e-10]) 	 loss 2.392E-03 	 horizons 9.0
step 19530 	 return [0.00234526 0.00374245 0.00124547], ([2.3588097e-04 3.7439167e-07 1.6307902e-05]) 	 loss 1.887E-03 	 horizons 9.0
step 19620 	 return [0.00167052 0.0038785  0.00127873], ([9.6025251e-05 1.7879783e-04 1.0676066e-04]) 	 loss 3.333E-03 	 horizons 9.0
step 19710 	 return [0.00181749 0.00332591 0.0013055 ], ([2.3283064e-10 2.3283064e-10 1.1641532e-10]) 	 loss 3.269E-03 	 horizons 9.0
step 19800 	 return [0.00109674 0.0032897  0.00341391], ([0.00012995 0.00035291 0.00041125]) 	 loss 2.618E-03 	 horizons 9.0
step 19890 	 return [0.00120073 0.00359234 0.00306034], ([1.4592790e-04 7.5522694e-05 5.8200897e-04]) 	 loss 1.405E-02 	 horizons 9.0
step 19980 	 return [0.00174906 0.00387087 0.0012713 ], ([0.00024435 0.00018276 0.00010661]) 	 loss 5.354E-03 	 horizons 9.0
step 20070 	 return [0.         0.00498378 0.00550322], ([0.000000e+00 4.656613e-10 4.656613e-10]) 	 loss 3.624E-03 	 horizons 9.0
step 20160 	 return [0.00084454 0.00306772 0.00427828], ([5.8207661e-11 2.3283064e-10 4.6566129e-10]) 	 loss 2.510E-03 	 horizons 9.0
step 20250 	 return [0.00215931 0.00483089 0.00096221], ([6.6610065e-04 1.9029455e-04 3.9321835e-06]) 	 loss 2.208E-03 	 horizons 9.0
step 20340 	 return [0.00082661 0.00388736 0.00395801], ([0.000000e+00 4.656613e-10 4.656613e-10]) 	 loss 4.198E-03 	 horizons 9.0
step 20430 	 return [0.00082661 0.00388736 0.00395801], ([0.000000e+00 4.656613e-10 4.656613e-10]) 	 loss 1.630E-03 	 horizons 9.0
step 20520 	 return [0.00105982 0.00341733 0.00356153], ([0.00014094 0.00022887 0.00046923]) 	 loss 1.859E-03 	 horizons 9.0
step 20610 	 return [0.00113868 0.00333881 0.00331675], ([0.00010384 0.00036325 0.00033007]) 	 loss 1.665E-03 	 horizons 9.0
step 20700 	 return [0.00111954 0.00359918 0.00332471], ([9.7642223e-05 9.6059121e-05 2.1110018e-04]) 	 loss 1.409E-03 	 horizons 9.0
step 20790 	 return [0.00111954 0.00359918 0.00332471], ([9.7642223e-05 9.6059121e-05 2.1110018e-04]) 	 loss 1.377E-03 	 horizons 9.0
step 20880 	 return [0.00082661 0.00388736 0.00395801], ([0.000000e+00 4.656613e-10 4.656613e-10]) 	 loss 1.534E-03 	 horizons 9.0
step 20970 	 return [0.00169221 0.00367101 0.00131167], ([8.2017526e-05 2.2591770e-04 4.0384057e-06]) 	 loss 1.116E-03 	 horizons 9.0
step 21060 	 return [0.00115209 0.00356716 0.00325435], ([1.1641532e-10 0.0000000e+00 0.0000000e+00]) 	 loss 1.208E-03 	 horizons 9.0
step 21150 	 return [0.00115209 0.00356716 0.00325435], ([1.1641532e-10 0.0000000e+00 0.0000000e+00]) 	 loss 1.095E-03 	 horizons 9.0
step 21240 	 return [0.00249236 0.00473574 0.00096024], ([0.000000e+00 4.656613e-10 5.820766e-11]) 	 loss 1.222E-03 	 horizons 9.0
step 21330 	 return [0.         0.00498378 0.00550322], ([0.000000e+00 4.656613e-10 4.656613e-10]) 	 loss 1.084E-03 	 horizons 9.0
step 21420 	 return [0.00242699 0.00383973 0.00121199], ([9.3073349e-06 2.9145906e-04 8.4124680e-05]) 	 loss 8.709E-04 	 horizons 9.0
step 21510 	 return [0.00181749 0.00332591 0.0013055 ], ([2.3283064e-10 2.3283064e-10 1.1641532e-10]) 	 loss 9.476E-04 	 horizons 9.0
step 21600 	 return [0.00115209 0.00356716 0.00325435], ([1.1641532e-10 0.0000000e+00 0.0000000e+00]) 	 loss 9.521E-04 	 horizons 9.0
step 21690 	 return [0.00163851 0.00381891 0.00131432], ([0.0000000e+00 2.3283064e-10 1.1641532e-10]) 	 loss 8.812E-04 	 horizons 9.0
step 21780 	 return [0.00181749 0.00332591 0.0013055 ], ([2.3283064e-10 2.3283064e-10 1.1641532e-10]) 	 loss 9.326E-04 	 horizons 9.0
step 21870 	 return [0.00115209 0.00356716 0.00325435], ([1.1641532e-10 0.0000000e+00 0.0000000e+00]) 	 loss 8.691E-04 	 horizons 9.0
step 21960 	 return [0.00187813 0.00336758 0.00129896], ([1.8191985e-04 1.2499890e-04 1.9642115e-05]) 	 loss 9.723E-04 	 horizons 9.0
step 22050 	 return [0.0008753  0.00311767 0.00417589], ([9.2264272e-05 1.4983183e-04 3.0718083e-04]) 	 loss 8.799E-04 	 horizons 9.0
step 22140 	 return [0.00024798 0.00413487 0.00390422], ([0.0003788  0.00043036 0.0003242 ]) 	 loss 8.701E-04 	 horizons 9.0
step 22230 	 return [0.00115209 0.00356716 0.00325435], ([1.1641532e-10 0.0000000e+00 0.0000000e+00]) 	 loss 1.019E-02 	 horizons 9.0
step 22320 	 return [0.0011565  0.00335613 0.00320572], ([2.8695502e-05 3.3053037e-04 7.5713848e-05]) 	 loss 2.779E-03 	 horizons 9.0
step 22410 	 return [0.00100225 0.00291067 0.00378874], ([0.00019315 0.00019235 0.00059957]) 	 loss 2.317E-03 	 horizons 9.0
step 22500 	 return [0.00115209 0.00356716 0.00325435], ([1.1641532e-10 0.0000000e+00 0.0000000e+00]) 	 loss 1.271E-03 	 horizons 9.0
step 22590 	 return [0.00158987 0.00379373 0.00150832], ([1.4592789e-04 7.5522701e-05 5.8200897e-04]) 	 loss 8.597E-04 	 horizons 9.0
step 22680 	 return [0.         0.00498378 0.00550322], ([0.000000e+00 4.656613e-10 4.656613e-10]) 	 loss 8.971E-04 	 horizons 9.0
step 22770 	 return [0.         0.00426251 0.00410805], ([0.         0.00053497 0.00083099]) 	 loss 8.005E-04 	 horizons 9.0
step 22860 	 return [0.00181749 0.00332591 0.0013055 ], ([2.3283064e-10 2.3283064e-10 1.1641532e-10]) 	 loss 5.364E-03 	 horizons 9.0
step 22950 	 return [0.00249236 0.00473574 0.00096024], ([0.000000e+00 4.656613e-10 5.820766e-11]) 	 loss 2.104E-03 	 horizons 9.0
step 23040 	 return [0.00158987 0.00379373 0.00150832], ([1.4592789e-04 7.5522701e-05 5.8200897e-04]) 	 loss 1.107E-03 	 horizons 9.0
step 23130 	 return [0.00115209 0.00356716 0.00325435], ([1.1641532e-10 0.0000000e+00 0.0000000e+00]) 	 loss 8.681E-04 	 horizons 9.0
step 23220 	 return [0.00115209 0.00356716 0.00325435], ([1.1641532e-10 0.0000000e+00 0.0000000e+00]) 	 loss 8.856E-04 	 horizons 9.0
step 23310 	 return [0.00115209 0.00356716 0.00325435], ([1.1641532e-10 0.0000000e+00 0.0000000e+00]) 	 loss 6.849E-04 	 horizons 9.0
step 23400 	 return [0.00083916 0.00331361 0.0041822 ], ([8.2149563e-06 3.7560464e-04 1.4676560e-04]) 	 loss 5.420E-04 	 horizons 9.0
step 23490 	 return [0.00249236 0.00473574 0.00096024], ([0.000000e+00 4.656613e-10 5.820766e-11]) 	 loss 4.301E-04 	 horizons 9.0
step 23580 	 return [0.00249236 0.00473574 0.00096024], ([0.000000e+00 4.656613e-10 5.820766e-11]) 	 loss 4.188E-04 	 horizons 9.0
step 23670 	 return [0.00074395 0.0037816  0.00396082], ([2.4798437e-04 3.1727427e-04 8.4168278e-06]) 	 loss 3.999E-04 	 horizons 9.0
step 23760 	 return [0.00096756 0.0032675  0.00386871], ([0.00015067 0.00024467 0.00050162]) 	 loss 6.743E-03 	 horizons 9.0
step 23850 	 return [0.0012388  0.0026751  0.00305442], ([0. 0. 0.]) 	 loss 5.500E-04 	 horizons 9.0
step 23940 	 return [0.00154123 0.00376856 0.00170232], ([0.00019457 0.0001007  0.00077601]) 	 loss 3.508E-04 	 horizons 9.0
step 24030 	 return [0.         0.00498378 0.00550322], ([0.000000e+00 4.656613e-10 4.656613e-10]) 	 loss 3.055E-04 	 horizons 9.0
step 24120 	 return [0.00181749 0.00332591 0.0013055 ], ([2.3283064e-10 2.3283064e-10 1.1641532e-10]) 	 loss 4.629E-04 	 horizons 9.0
step 24210 	 return [0.00163851 0.00381891 0.00131432], ([0.0000000e+00 2.3283064e-10 1.1641532e-10]) 	 loss 2.810E-04 	 horizons 9.0
step 24300 	 return [0.00105445 0.00366322 0.00346545], ([0.00014915 0.00014673 0.00032246]) 	 loss 3.702E-04 	 horizons 9.0
step 24390 	 return [0.00163851 0.00381891 0.00131432], ([0.0000000e+00 2.3283064e-10 1.1641532e-10]) 	 loss 2.473E-04 	 horizons 9.0
step 24480 	 return [0.00181749 0.00332591 0.0013055 ], ([2.3283064e-10 2.3283064e-10 1.1641532e-10]) 	 loss 3.036E-04 	 horizons 9.0
step 24570 	 return [0.00233223 0.00463949 0.0009597 ], ([2.4459863e-04 1.4702807e-04 8.2188240e-07]) 	 loss 3.168E-04 	 horizons 9.0
step 24660 	 return [0.00215156 0.00424529 0.0010431 ], ([0.00023707 0.00034224 0.00012892]) 	 loss 1.387E-03 	 horizons 9.0
step 24750 	 return [0.         0.00498378 0.00550322], ([0.000000e+00 4.656613e-10 4.656613e-10]) 	 loss 1.243E-03 	 horizons 9.0
step 24840 	 return [0.         0.00498378 0.00550322], ([0.000000e+00 4.656613e-10 4.656613e-10]) 	 loss 5.955E-04 	 horizons 9.0
step 24930 	 return [0.00082661 0.00388736 0.00395801], ([0.000000e+00 4.656613e-10 4.656613e-10]) 	 loss 4.544E-04 	 horizons 9.0
step 25020 	 return [0.00084454 0.00306772 0.00427828], ([5.8207661e-11 2.3283064e-10 4.6566129e-10]) 	 loss 4.328E-04 	 horizons 9.0
step 25110 	 return [0.         0.00363941 0.0053447 ], ([0.0000000e+00 9.4420466e-05 5.6496967e-04]) 	 loss 3.920E-04 	 horizons 9.0
step 25200 	 return [0.00074395 0.00388145 0.00398369], ([2.4798434e-04 1.7731496e-05 7.7023542e-05]) 	 loss 9.734E-03 	 horizons 9.0
step 25290 	 return [0.00232583 0.00478331 0.00096122], ([4.9957557e-04 1.4272089e-04 2.9491375e-06]) 	 loss 2.887E-03 	 horizons 9.0
step 25380 	 return [0.00084454 0.00306772 0.00427828], ([5.8207661e-11 2.3283064e-10 4.6566129e-10]) 	 loss 2.315E-03 	 horizons 9.0
step 25470 	 return [0.0012388  0.0026751  0.00305442], ([0. 0. 0.]) 	 loss 6.518E-04 	 horizons 9.0
step 25560 	 return [0.00249236 0.00473574 0.00096024], ([0.000000e+00 4.656613e-10 5.820766e-11]) 	 loss 5.932E-04 	 horizons 9.0
step 25650 	 return [0.00083737 0.00339558 0.00415018], ([8.7821581e-06 4.0153827e-04 1.5689903e-04]) 	 loss 5.037E-04 	 horizons 9.0
step 25740 	 return [0.00084454 0.00306772 0.00427828], ([5.8207661e-11 2.3283064e-10 4.6566129e-10]) 	 loss 4.879E-04 	 horizons 9.0
step 25830 	 return [0.00115209 0.00356716 0.00325435], ([1.1641532e-10 0.0000000e+00 0.0000000e+00]) 	 loss 4.230E-04 	 horizons 9.0
step 25920 	 return [0.00228471 0.00370854 0.00125401], ([2.8121739e-04 1.2955758e-04 2.8021366e-05]) 	 loss 4.060E-04 	 horizons 9.0
step 26010 	 return [0.00249236 0.00473574 0.00096024], ([0.000000e+00 4.656613e-10 5.820766e-11]) 	 loss 6.364E-04 	 horizons 9.0
step 26100 	 return [0.         0.00498378 0.00550322], ([0.000000e+00 4.656613e-10 4.656613e-10]) 	 loss 5.354E-04 	 horizons 9.0
step 26190 	 return [0.00242389 0.00374258 0.00124003], ([2.3283064e-10 2.3283064e-10 1.1641532e-10]) 	 loss 4.239E-04 	 horizons 9.0
step 26280 	 return [0.00084454 0.00306772 0.00427828], ([5.8207661e-11 2.3283064e-10 4.6566129e-10]) 	 loss 4.768E-04 	 horizons 9.0
step 26370 	 return [0.0012388  0.0026751  0.00305442], ([0. 0. 0.]) 	 loss 4.234E-04 	 horizons 9.0
step 26460 	 return [0.00171705 0.00381127 0.00130689], ([2.3561296e-04 2.2898939e-05 2.2285874e-05]) 	 loss 4.013E-04 	 horizons 9.0
step 26550 	 return [0.00115995 0.00275362 0.00329919], ([0.0001577  0.00015705 0.00048955]) 	 loss 3.744E-04 	 horizons 9.0
step 26640 	 return [0.00249236 0.00473574 0.00096024], ([0.000000e+00 4.656613e-10 5.820766e-11]) 	 loss 3.216E-04 	 horizons 9.0
step 26730 	 return [0.00163851 0.00381891 0.00131432], ([0.0000000e+00 2.3283064e-10 1.1641532e-10]) 	 loss 3.669E-04 	 horizons 9.0
step 26820 	 return [0.00163851 0.00381891 0.00131432], ([0.0000000e+00 2.3283064e-10 1.1641532e-10]) 	 loss 3.780E-04 	 horizons 9.0
step 26910 	 return [0.00242389 0.00374258 0.00124003], ([2.3283064e-10 2.3283064e-10 1.1641532e-10]) 	 loss 3.910E-04 	 horizons 9.0
step 27000 	 return [0.00218394 0.00379926 0.00124999], ([5.1443372e-04 1.4637670e-04 2.2731705e-05]) 	 loss 4.711E-04 	 horizons 9.0
step 27090 	 return [0.00137738 0.00380768 0.001705  ], ([0.0004976  0.0001669  0.00077471]) 	 loss 5.215E-03 	 horizons 9.0
step 27180 	 return [0.00082661 0.00388736 0.00395801], ([0.000000e+00 4.656613e-10 4.656613e-10]) 	 loss 7.723E-03 	 horizons 9.0
step 27270 	 return [0.00237736 0.00380981 0.00121187], ([1.3958768e-04 2.0169675e-04 8.4474792e-05]) 	 loss 1.546E-03 	 horizons 9.0
step 27360 	 return [0.0012388  0.0026751  0.00305442], ([0. 0. 0.]) 	 loss 8.650E-04 	 horizons 9.0
step 27450 	 return [0.         0.00498378 0.00550322], ([0.000000e+00 4.656613e-10 4.656613e-10]) 	 loss 5.176E-04 	 horizons 9.0
step 27540 	 return [0.00249236 0.00473574 0.00096024], ([0.000000e+00 4.656613e-10 5.820766e-11]) 	 loss 4.724E-04 	 horizons 9.0
step 27630 	 return [0.00242389 0.00374258 0.00124003], ([2.3283064e-10 2.3283064e-10 1.1641532e-10]) 	 loss 4.371E-04 	 horizons 9.0
step 27720 	 return [0.00242389 0.00374258 0.00124003], ([2.3283064e-10 2.3283064e-10 1.1641532e-10]) 	 loss 4.105E-04 	 horizons 9.0
step 27810 	 return [0.00249236 0.00473574 0.00096024], ([0.000000e+00 4.656613e-10 5.820766e-11]) 	 loss 3.782E-04 	 horizons 9.0
step 27900 	 return [0.00076009 0.00305875 0.00436114], ([2.5336229e-04 2.6909331e-05 2.4857692e-04]) 	 loss 3.828E-04 	 horizons 9.0
step 27990 	 return [0.0012388  0.0026751  0.00305442], ([0. 0. 0.]) 	 loss 3.168E-03 	 horizons 9.0
step 28080 	 return [0.00115209 0.00356716 0.00325435], ([1.1641532e-10 0.0000000e+00 0.0000000e+00]) 	 loss 5.801E-04 	 horizons 9.0
step 28170 	 return [0.         0.00369841 0.00505745], ([0.         0.00010708 0.00059113]) 	 loss 4.525E-04 	 horizons 9.0
step 28260 	 return [0.00082661 0.00388736 0.00395801], ([0.000000e+00 4.656613e-10 4.656613e-10]) 	 loss 1.192E-02 	 horizons 9.0
step 28350 	 return [0.         0.00497362 0.00550069], ([0.0000000e+00 3.0467381e-05 7.5920484e-06]) 	 loss 3.276E-03 	 horizons 9.0
step 28440 	 return [0.00082661 0.00388736 0.00395801], ([0.000000e+00 4.656613e-10 4.656613e-10]) 	 loss 5.224E-03 	 horizons 9.0
step 28530 	 return [0.00163851 0.00381891 0.00131432], ([0.0000000e+00 2.3283064e-10 1.1641532e-10]) 	 loss 4.962E-04 	 horizons 9.0
step 28620 	 return [0.00181749 0.00332591 0.0013055 ], ([2.3283064e-10 2.3283064e-10 1.1641532e-10]) 	 loss 4.822E-04 	 horizons 9.0
step 28710 	 return [0.00084454 0.00306772 0.00427828], ([5.8207661e-11 2.3283064e-10 4.6566129e-10]) 	 loss 4.273E-04 	 horizons 9.0
step 28800 	 return [0.00082661 0.00388736 0.00395801], ([0.000000e+00 4.656613e-10 4.656613e-10]) 	 loss 3.853E-04 	 horizons 9.0
step 28890 	 return [0.00249236 0.00473574 0.00096024], ([0.000000e+00 4.656613e-10 5.820766e-11]) 	 loss 3.198E-04 	 horizons 9.0
step 28980 	 return [0.00249236 0.00473574 0.00096024], ([0.000000e+00 4.656613e-10 5.820766e-11]) 	 loss 2.842E-04 	 horizons 9.0
step 29070 	 return [0.00163851 0.00381891 0.00131432], ([0.0000000e+00 2.3283064e-10 1.1641532e-10]) 	 loss 2.723E-04 	 horizons 9.0
step 29160 	 return [0.00084454 0.00306772 0.00427828], ([5.8207661e-11 2.3283064e-10 4.6566129e-10]) 	 loss 2.734E-04 	 horizons 9.0
step 29250 	 return [0.00084454 0.00306772 0.00427828], ([5.8207661e-11 2.3283064e-10 4.6566129e-10]) 	 loss 2.272E-04 	 horizons 9.0
step 29340 	 return [0.0008302  0.00372343 0.00402207], ([7.1706017e-06 3.2785459e-04 1.2810752e-04]) 	 loss 2.306E-04 	 horizons 9.0
step 29430 	 return [0.00242389 0.00374258 0.00124003], ([2.3283064e-10 2.3283064e-10 1.1641532e-10]) 	 loss 2.242E-04 	 horizons 9.0
step 29520 	 return [0.         0.00498378 0.00550322], ([0.000000e+00 4.656613e-10 4.656613e-10]) 	 loss 2.373E-04 	 horizons 9.0
step 29610 	 return [0.00116943 0.00338875 0.00321436], ([3.4685523e-05 3.5682609e-04 7.9972298e-05]) 	 loss 2.356E-04 	 horizons 9.0
step 29700 	 return [0.00082661 0.00388736 0.00395801], ([0.000000e+00 4.656613e-10 4.656613e-10]) 	 loss 2.085E-04 	 horizons 9.0
step 29790 	 return [0.00163851 0.00381891 0.00131432], ([0.0000000e+00 2.3283064e-10 1.1641532e-10]) 	 loss 1.959E-04 	 horizons 9.0
step 29880 	 return [0.00115209 0.00356716 0.00325435], ([1.1641532e-10 0.0000000e+00 0.0000000e+00]) 	 loss 1.964E-04 	 horizons 9.0
step 29970 	 return [0.00082661 0.00388736 0.00395801], ([0.000000e+00 4.656613e-10 4.656613e-10]) 	 loss 1.824E-04 	 horizons 9.0
step 30060 	 return [0.         0.00498378 0.00550322], ([0.000000e+00 4.656613e-10 4.656613e-10]) 	 loss 1.698E-04 	 horizons 9.0
[1;34mwandb[0m: 
[1;34mwandb[0m: 🚀 View run [33mmotndp_amsterdam-v0__GCN-amsterdam-g3-l0__456__1781497389[0m at: [34mhttps://wandb.ai/jingyuan-sun03-tu-delft/cl_ablation/runs/qlbtfkg6[0m
[1;34mwandb[0m: Find logs at: [1;35mwandb/run-20260615_062310-qlbtfkg6/logs[0m
