/home/SinJ/mo-transport-network-design/.venv/lib/python3.13/site-packages/pygame/pkgdata.py:25: UserWarning: pkg_resources is deprecated as an API. See https://setuptools.pypa.io/en/latest/pkg_resources.html. The pkg_resources package is slated for removal as early as 2025-11-30. Refrain from using this package or pin to Setuptools<81.
  from pkg_resources import resource_stream, resource_exists
wandb: [wandb.login()] Loaded credentials for https://api.wandb.ai from /home/SinJ/.netrc.
wandb: Currently logged in as: jingyuan-sun03 (jingyuan-sun03-tu-delft) to https://api.wandb.ai. Use `wandb login --relogin` to force relogin
wandb: setting up run j4kznhkb
wandb: Tracking run with wandb version 0.27.2
wandb: Run data is saved locally in /home/SinJ/mo-transport-network-design/wandb/run-20260615_051413-j4kznhkb
wandb: Run `wandb offline` to turn off syncing.
wandb: Syncing run motndp_xian-v0__GCN-xian-g10-l0__456__1781493252
wandb: ⭐️ View project at https://wandb.ai/jingyuan-sun03-tu-delft/cl_ablation
wandb: 🚀 View run at https://wandb.ai/jingyuan-sun03-tu-delft/cl_ablation/runs/j4kznhkb
/home/SinJ/mo-transport-network-design/morl-baselines/morl_baselines/multi_policy/gcn/gcn.py:151: UserWarning: Creating a tensor from a list of numpy.ndarrays is extremely slow. Please consider converting the list to a single numpy.ndarray with numpy.array() before converting to a tensor. (Triggered internally at /pytorch/torch/csrc/utils/tensor_new.cpp:253.)
  th.tensor(obs).to(self.device),
Namespace(env='xian', nr_groups=10, starting_loc_x=9, starting_loc_y=19, nr_stations=20, lr=0.01, batch_size=256, num_er_episodes=100, num_step_episodes=10, num_model_updates=10, num_policies=10, max_buffer_size=200, nr_layers=1, hidden_dim=128, timesteps=30000, no_log=False, seed=456, cd_threshold=0.2, distance_ref='interpolate2', gcn_lambda=0.0, lambda_schedule='constant', lambda_start=1.0, lambda_end=None, lambda_warmup_fraction=0.0, lambda_freeze_fraction=0.1, spatial_alpha=0.0, include_demand_context=False, criterion='lorenz', nash_mode='pareto_sized', nash_top_k=None, nash_shift=0.0, project_name='cl_ablation', experiment_name='GCN-xian-g10-l0', wandb_entity=None)
step 1977 	 return [0.00033265 0.00417228 0.00460707 0.0082706  0.00200733 0.00787854
 0.00898463 0.00598893 0.00393447 0.00311427], ([0.00077999 0.00494487 0.00497256 0.00499801 0.00193921 0.00450777
 0.00455753 0.00410933 0.00420576 0.00307225]) 	 loss 1.901E+00 	 horizons 19.0
step 2159 	 return [0.00036808 0.00232642 0.00437451 0.00504747 0.0039863  0.00517505
 0.00640035 0.00378622 0.00363089 0.00382427], ([0.00110423 0.00309301 0.00350487 0.00428185 0.00315237 0.00405652
 0.00752398 0.00327498 0.00312509 0.00376426]) 	 loss 1.399E+00 	 horizons 18.2
step 2349 	 return [0.         0.00263986 0.00234297 0.00605473 0.00075795 0.00727191
 0.00946252 0.00550363 0.00432865 0.00544191], ([0.         0.00310628 0.00171184 0.00319196 0.00110882 0.00261454
 0.00449856 0.00256866 0.00324473 0.00371153]) 	 loss 1.044E+00 	 horizons 19.0
step 2539 	 return [0.         0.00515083 0.00595507 0.01027096 0.00273239 0.01072545
 0.01515763 0.00452341 0.00516528 0.00727358], ([0.         0.00366909 0.00325657 0.00390581 0.00301609 0.00283019
 0.00672749 0.00314855 0.00198157 0.00423174]) 	 loss 9.682E-01 	 horizons 19.0
step 2729 	 return [0.         0.00100652 0.00674472 0.00825777 0.00257383 0.00555953
 0.01165358 0.0060535  0.00340649 0.00483112], ([0.         0.00171433 0.00257901 0.00274486 0.0027377  0.00204266
 0.004809   0.00307457 0.00214667 0.0025076 ]) 	 loss 9.497E-01 	 horizons 19.0
step 2919 	 return [0.00070793 0.00293769 0.00346191 0.0041569  0.0051533  0.00778832
 0.00433684 0.00490191 0.00425652 0.00529454], ([0.00176789 0.00381895 0.003003   0.00319239 0.00379607 0.00343535
 0.00445601 0.0027268  0.00293606 0.00393722]) 	 loss 8.934E-01 	 horizons 19.0
step 3109 	 return [4.0208546e-05 2.3576026e-03 1.0382595e-03 5.5730129e-03 2.1134163e-03
 6.7113549e-03 1.1048587e-02 4.8485086e-03 2.7755334e-03 3.9392565e-03], ([0.00012063 0.00375589 0.00157379 0.00376004 0.00245732 0.00340665
 0.00302287 0.00315143 0.00279799 0.0051944 ]) 	 loss 9.190E-01 	 horizons 19.0
step 3299 	 return [0.         0.00146201 0.00481354 0.00675354 0.00139294 0.0077088
 0.01240664 0.00656133 0.00291109 0.00582588], ([0.         0.00209433 0.00208485 0.00297146 0.00212868 0.00314852
 0.00356065 0.00340038 0.00227409 0.00366566]) 	 loss 9.011E-01 	 horizons 19.0
step 3489 	 return [0.00018434 0.00314207 0.00440215 0.00908297 0.00231801 0.00832396
 0.00835142 0.00620628 0.00649682 0.00715792], ([0.00055301 0.00263067 0.00220268 0.00234329 0.0034369  0.00413931
 0.0031445  0.00314732 0.00339776 0.00607772]) 	 loss 8.708E-01 	 horizons 19.0
step 3679 	 return [0.         0.00289905 0.00460868 0.00898375 0.00139261 0.00901479
 0.01199411 0.00598222 0.00549181 0.00803868], ([0.         0.00311171 0.0032358  0.00341074 0.00186108 0.00231715
 0.00677892 0.00306429 0.00303809 0.00490099]) 	 loss 8.715E-01 	 horizons 19.0
step 3869 	 return [0.         0.00325768 0.00386946 0.00803195 0.00351586 0.00629419
 0.01253295 0.00563016 0.007478   0.00336459], ([0.         0.0043404  0.00308007 0.0030692  0.0032035  0.0030379
 0.00321237 0.00315193 0.00457215 0.00227831]) 	 loss 8.614E-01 	 horizons 19.0
step 4059 	 return [0.00017803 0.0016226  0.00717966 0.00669644 0.00477614 0.00614005
 0.00768951 0.00312556 0.0050907  0.00352432], ([0.00053408 0.00233774 0.00281442 0.00367018 0.00326904 0.0038292
 0.00413293 0.00337289 0.00348384 0.00282242]) 	 loss 8.276E-01 	 horizons 19.0
step 4249 	 return [0.00018453 0.00170531 0.00544343 0.00714274 0.00142267 0.00977791
 0.01282622 0.00664304 0.00618779 0.00685019], ([0.00055358 0.00227557 0.00218819 0.00272283 0.00191965 0.0025749
 0.00302734 0.00324583 0.00381738 0.00266135]) 	 loss 8.599E-01 	 horizons 19.0
step 4439 	 return [0.00017773 0.00205323 0.00525336 0.00645678 0.00349839 0.00733366
 0.00986413 0.00514793 0.00677951 0.00656629], ([0.00053319 0.00268265 0.00181045 0.00423077 0.00425118 0.0025385
 0.00462196 0.0029438  0.00342521 0.00415065]) 	 loss 8.491E-01 	 horizons 19.0
step 4629 	 return [0.         0.00255098 0.00440939 0.00743128 0.00249376 0.00769558
 0.01369926 0.00887027 0.00521513 0.00437137], ([0.         0.00284404 0.00320322 0.00295828 0.00315853 0.00395757
 0.00441017 0.00205999 0.0039001  0.00200267]) 	 loss 8.427E-01 	 horizons 19.0
step 4819 	 return [0.         0.00106174 0.00521042 0.00568278 0.0018263  0.0099936
 0.01131994 0.00468338 0.00493163 0.00615255], ([0.         0.00182625 0.00312998 0.00147556 0.00203565 0.00218978
 0.00489491 0.00256736 0.00333433 0.00232097]) 	 loss 8.216E-01 	 horizons 19.0
step 5009 	 return [0.00018698 0.0010671  0.00572933 0.0073349  0.00249815 0.0088253
 0.00758703 0.00477673 0.00573176 0.00739782], ([0.00056093 0.00199448 0.00319726 0.00361912 0.0023153  0.00390704
 0.00508246 0.00352917 0.00327873 0.00404937]) 	 loss 8.270E-01 	 horizons 19.0
step 5199 	 return [0.         0.         0.00818991 0.0075482  0.00398482 0.00776768
 0.01100235 0.00389366 0.00389478 0.00298428], ([0.         0.         0.00321919 0.00507288 0.00316355 0.0024056
 0.0070671  0.00403202 0.00199318 0.00224053]) 	 loss 7.789E-01 	 horizons 19.0
step 5389 	 return [0.00037    0.00255331 0.00391553 0.00749745 0.00234877 0.00531183
 0.01115356 0.00641174 0.00623803 0.00526512], ([0.00074021 0.00261571 0.00258856 0.00210088 0.00317177 0.00266559
 0.00526754 0.00130855 0.00229942 0.00419761]) 	 loss 7.916E-01 	 horizons 19.0
step 5579 	 return [0.00059069 0.0031794  0.00518987 0.01006704 0.00314638 0.00810403
 0.01036912 0.00385493 0.00519679 0.00493441], ([0.00177207 0.00325611 0.00191619 0.00287253 0.0034924  0.00302274
 0.00675141 0.00258358 0.00424558 0.0022625 ]) 	 loss 7.734E-01 	 horizons 19.0
step 5769 	 return [0.         0.00041597 0.00719118 0.00945095 0.00292903 0.00946349
 0.01451797 0.00801489 0.00640831 0.00347192], ([0.         0.00093602 0.00287537 0.00385759 0.00345011 0.00335994
 0.00591237 0.00257077 0.00458969 0.00231638]) 	 loss 7.676E-01 	 horizons 19.0
step 5959 	 return [5.0380018e-05 4.9788845e-03 2.8763381e-03 9.8344805e-03 3.4820803e-03
 9.5079327e-03 1.3336854e-02 6.5599852e-03 6.0515036e-03 5.9247250e-03], ([0.00015114 0.00288217 0.00298354 0.00487787 0.00326717 0.00385556
 0.00687141 0.00236993 0.00391155 0.00456119]) 	 loss 7.545E-01 	 horizons 19.0
step 6149 	 return [0.         0.00512189 0.00507549 0.00575991 0.00243412 0.00638087
 0.00988944 0.0038336  0.00512663 0.0034618 ], ([0.         0.00227584 0.00331902 0.00298364 0.00234899 0.00204762
 0.00576786 0.00210235 0.00336857 0.00317801]) 	 loss 7.298E-01 	 horizons 19.0
step 6339 	 return [0.         0.00154287 0.00430864 0.00705841 0.00256228 0.00901788
 0.00769141 0.00404081 0.00634215 0.00630939], ([0.         0.00243644 0.0017916  0.00267751 0.00222186 0.00263454
 0.00311378 0.00299934 0.00306957 0.00364861]) 	 loss 7.160E-01 	 horizons 19.0
step 6529 	 return [0.         0.         0.00941056 0.01120353 0.00357509 0.00953316
 0.01135993 0.00749515 0.00474179 0.00640568], ([0.         0.         0.00187057 0.00309886 0.00313352 0.00320428
 0.00388101 0.00212027 0.0024688  0.0048955 ]) 	 loss 7.384E-01 	 horizons 19.0
step 6719 	 return [0.00017762 0.         0.00598662 0.00608219 0.0018008  0.0065804
 0.009123   0.00571916 0.00768923 0.00430723], ([0.00053285 0.         0.00205248 0.00357697 0.00238499 0.00267002
 0.00402264 0.00284694 0.00228937 0.00173584]) 	 loss 7.226E-01 	 horizons 19.0
step 6909 	 return [0.00017466 0.0005262  0.00900815 0.00851794 0.00295158 0.0059377
 0.00865225 0.00456531 0.00390895 0.00429902], ([0.00052399 0.00157859 0.00229348 0.00515952 0.00376085 0.00269453
 0.00540385 0.003745   0.00310602 0.00248744]) 	 loss 6.856E-01 	 horizons 19.0
step 7099 	 return [0.         0.00070251 0.00672197 0.00868982 0.00179735 0.00892387
 0.0107193  0.00743928 0.00635493 0.00525574], ([0.         0.00175263 0.00261755 0.00263389 0.00170329 0.00202188
 0.00428754 0.00326589 0.00247341 0.00363792]) 	 loss 7.270E-01 	 horizons 19.0
step 7289 	 return [0.00060174 0.00556797 0.00404874 0.00639823 0.00334553 0.00633772
 0.00878271 0.00412918 0.00565869 0.00465973], ([0.00180521 0.00269549 0.00327109 0.00452875 0.00310771 0.00334772
 0.00411395 0.00254328 0.00338836 0.0035704 ]) 	 loss 7.060E-01 	 horizons 19.0
step 7479 	 return [0.         0.00521668 0.00392706 0.0086261  0.00326327 0.01120793
 0.00883789 0.00650894 0.00608724 0.00835959], ([0.         0.00112924 0.00308897 0.00313152 0.00296607 0.00259442
 0.00532725 0.00196615 0.0022673  0.00303868]) 	 loss 6.707E-01 	 horizons 19.0
step 7669 	 return [0.         0.00178087 0.00403428 0.00759982 0.00125101 0.00818023
 0.01301266 0.00630118 0.00626922 0.00611309], ([0.         0.00254218 0.00224559 0.00294385 0.00189574 0.00301627
 0.00323206 0.00180325 0.00328592 0.00226505]) 	 loss 7.158E-01 	 horizons 19.0
step 7859 	 return [0.         0.00752133 0.00330175 0.01363002 0.00487455 0.00640523
 0.0109852  0.00617903 0.00503288 0.00491174], ([0.         0.00352508 0.00343235 0.00523035 0.00436916 0.00427479
 0.00475568 0.0039179  0.0045204  0.00371434]) 	 loss 6.958E-01 	 horizons 19.0
step 8049 	 return [0.         0.00328079 0.00478403 0.00690686 0.00159669 0.00941627
 0.01325705 0.0068173  0.0046012  0.00504296], ([0.         0.00217193 0.00267276 0.00254754 0.0020189  0.00131012
 0.00418568 0.00291308 0.00310809 0.00315413]) 	 loss 6.700E-01 	 horizons 19.0
step 8239 	 return [0.00102334 0.00518534 0.00305433 0.00564891 0.00446264 0.01177288
 0.01272439 0.00533671 0.00639057 0.00587406], ([0.00307002 0.00232589 0.00210956 0.00291842 0.00159085 0.00482421
 0.00628406 0.00290865 0.00414785 0.00375713]) 	 loss 6.630E-01 	 horizons 19.0
step 8429 	 return [0.         0.00053809 0.00402466 0.00621935 0.00227743 0.00726973
 0.01028547 0.00795286 0.00533113 0.00506332], ([0.         0.00125194 0.0017439  0.00242709 0.00183058 0.00370191
 0.00179292 0.00207264 0.00231865 0.00214353]) 	 loss 6.534E-01 	 horizons 19.0
step 8619 	 return [0.         0.00373403 0.00608738 0.00885543 0.00454366 0.01130878
 0.01004725 0.00616474 0.00579799 0.00505726], ([0.         0.00190704 0.00219452 0.00293407 0.00341604 0.00242771
 0.00404981 0.00318847 0.00302229 0.00316042]) 	 loss 6.492E-01 	 horizons 19.0
step 8809 	 return [0.         0.00018845 0.00732438 0.00657345 0.00281432 0.01185275
 0.01128364 0.00658397 0.00688523 0.00579506], ([0.         0.00037792 0.00194063 0.00254252 0.00214924 0.0029389
 0.00426736 0.00287736 0.00383787 0.00398302]) 	 loss 6.624E-01 	 horizons 19.0
step 8999 	 return [0.         0.         0.00507232 0.00660189 0.00113228 0.00824675
 0.01095155 0.00773479 0.00463457 0.00449853], ([0.         0.         0.00225113 0.0021439  0.00172331 0.00246645
 0.00318559 0.00262472 0.00263776 0.00216798]) 	 loss 5.956E-01 	 horizons 19.0
step 9189 	 return [0.         0.0042433  0.00445656 0.00791356 0.00231011 0.0109209
 0.01105876 0.0060634  0.00812233 0.00623441], ([0.         0.00153876 0.0017462  0.00274144 0.00220953 0.00181861
 0.00464605 0.00256676 0.00212903 0.00242831]) 	 loss 6.046E-01 	 horizons 19.0
step 9379 	 return [0.         0.00350369 0.00574084 0.00743988 0.00270528 0.01089635
 0.01093726 0.00740938 0.00827869 0.00491336], ([0.         0.0017754  0.00242119 0.00318729 0.00236659 0.00241924
 0.00458005 0.00311354 0.00286412 0.00153214]) 	 loss 5.946E-01 	 horizons 19.0
step 9569 	 return [0.         0.00530366 0.00555055 0.01507385 0.00025618 0.01245444
 0.01817712 0.00700632 0.0053891  0.00365057], ([0.         0.00058321 0.0029835  0.0026239  0.00076854 0.00311657
 0.00730118 0.00218991 0.00433365 0.00327862]) 	 loss 5.710E-01 	 horizons 19.0
step 9759 	 return [0.         0.00300998 0.0062829  0.00907888 0.00587668 0.00883544
 0.01039202 0.00727897 0.00881253 0.00550253], ([0.         0.0019554  0.00285783 0.00473475 0.00350316 0.00279542
 0.00333189 0.00462112 0.00369146 0.00370915]) 	 loss 5.657E-01 	 horizons 19.0
step 9949 	 return [0.         0.00377872 0.00577458 0.00867669 0.00197406 0.00941255
 0.01259111 0.00514824 0.0069663  0.00560392], ([0.         0.00193692 0.00243445 0.00321076 0.00192349 0.0017414
 0.00264114 0.00203573 0.00193973 0.00260499]) 	 loss 5.527E-01 	 horizons 19.0
step 10139 	 return [0.         0.00709579 0.00207393 0.00352416 0.00422497 0.00642511
 0.00838374 0.00500776 0.00757769 0.0046097 ], ([0.         0.00266611 0.00334802 0.00148636 0.00147939 0.00254861
 0.00478756 0.0029784  0.00351476 0.0026767 ]) 	 loss 5.223E-01 	 horizons 19.0
step 10329 	 return [0.00428993 0.00444267 0.00451836 0.00392127 0.00303535 0.00145034
 0.00372156 0.00182625 0.00285478 0.00069656], ([0.00310926 0.00241598 0.00281872 0.00144301 0.00172809 0.00182351
 0.00424182 0.00284639 0.00465573 0.00113145]) 	 loss 5.361E-01 	 horizons 19.0
step 10519 	 return [0.         0.00661598 0.00315424 0.00503888 0.00482063 0.01076441
 0.00778265 0.00571236 0.00797536 0.00939532], ([0.         0.00097647 0.00378946 0.0027126  0.00247155 0.00399861
 0.00457346 0.00254234 0.00366289 0.00414425]) 	 loss 5.146E-01 	 horizons 19.0
step 10709 	 return [0.         0.00493087 0.0040331  0.00899768 0.00227651 0.01023145
 0.01453029 0.00792885 0.0070415  0.00746915], ([0.         0.00189494 0.00203439 0.00273249 0.00322824 0.00257669
 0.00361693 0.00282497 0.00279249 0.00325855]) 	 loss 5.250E-01 	 horizons 19.0
step 10899 	 return [0.         0.00082775 0.0064474  0.00734743 0.00533777 0.01138488
 0.00824766 0.0070547  0.00519902 0.00534669], ([0.         0.00165577 0.00253674 0.00304046 0.00294685 0.00314676
 0.00337166 0.00272424 0.00263552 0.0035192 ]) 	 loss 4.984E-01 	 horizons 19.0
step 11089 	 return [0.00114656 0.00899247 0.00361115 0.00299571 0.0058063  0.00496881
 0.00903195 0.00604694 0.00567156 0.00338745], ([0.00304409 0.00100779 0.00349882 0.00210892 0.00261377 0.0024257
 0.00667139 0.00318544 0.00394256 0.00279417]) 	 loss 5.398E-01 	 horizons 19.0
step 11279 	 return [0.         0.00682102 0.00097236 0.00556726 0.0037866  0.00866837
 0.01340739 0.00503984 0.00768753 0.00563856], ([0.         0.00094321 0.00157097 0.0017925  0.00335564 0.00146828
 0.00270619 0.00136968 0.00297669 0.00196626]) 	 loss 4.930E-01 	 horizons 19.0
step 11469 	 return [0.0000000e+00 9.8067059e-05 1.0066088e-02 9.1501232e-03 6.9981865e-03
 9.1946218e-03 1.1652296e-02 7.1210591e-03 8.3276816e-03 3.7379358e-03], ([0.         0.0002942  0.00164186 0.00308557 0.00418223 0.00280211
 0.00371642 0.0031899  0.00464951 0.00279023]) 	 loss 5.036E-01 	 horizons 19.0
step 11659 	 return [0.         0.00463243 0.00504446 0.00952873 0.00411755 0.01040592
 0.01294523 0.00778568 0.00746956 0.00689194], ([0.         0.00080703 0.00078861 0.00251225 0.00322966 0.00153244
 0.00360202 0.00137571 0.00178527 0.00248491]) 	 loss 4.852E-01 	 horizons 19.0
step 11849 	 return [0.         0.00429368 0.00464281 0.00765826 0.00513107 0.01026334
 0.01451313 0.00610968 0.00888804 0.0034473 ], ([0.         0.00029228 0.00040527 0.00280952 0.00203427 0.00209113
 0.00236652 0.00213776 0.00246132 0.00257945]) 	 loss 4.583E-01 	 horizons 19.0
step 12039 	 return [0.         0.00426787 0.00383348 0.00744087 0.00140604 0.01417086
 0.00770617 0.00816725 0.00703801 0.01246472], ([0.         0.00227836 0.00193789 0.00180956 0.00182256 0.00179474
 0.00385567 0.00301442 0.00183181 0.00472027]) 	 loss 4.709E-01 	 horizons 19.0
step 12229 	 return [0.         0.00463271 0.0042281  0.00841266 0.00234526 0.00954753
 0.01117051 0.00746346 0.00592264 0.00566689], ([0.         0.00034723 0.00070455 0.00137908 0.00261002 0.00129436
 0.00119601 0.00236872 0.00152888 0.00216546]) 	 loss 4.561E-01 	 horizons 19.0
step 12419 	 return [0.         0.0038699  0.00384532 0.00526169 0.00334116 0.00801854
 0.01071439 0.00714095 0.0082901  0.00617444], ([0.         0.00141439 0.00162212 0.00246575 0.00252608 0.00212173
 0.00290622 0.00310249 0.0025446  0.00220015]) 	 loss 4.421E-01 	 horizons 19.0
step 12609 	 return [0.         0.00544277 0.00231524 0.00667695 0.00250284 0.0102521
 0.01289914 0.00841369 0.00733458 0.00392782], ([0.         0.00084352 0.00116045 0.00207817 0.00197614 0.00075225
 0.00159857 0.0022416  0.00174496 0.001321  ]) 	 loss 4.317E-01 	 horizons 19.0
step 12799 	 return [0.         0.00047341 0.00707334 0.00558301 0.00453389 0.00829439
 0.00969783 0.00626418 0.00911357 0.00569472], ([0.         0.00114069 0.00184345 0.00229593 0.00215728 0.0023066
 0.00209694 0.00220399 0.00263999 0.00273116]) 	 loss 3.973E-01 	 horizons 19.0
step 12989 	 return [0.00018305 0.00396291 0.00656691 0.00641947 0.00730402 0.00706448
 0.01213596 0.00875619 0.00885133 0.00379418], ([0.00054915 0.00010198 0.00261991 0.00356531 0.00148    0.00321102
 0.00446439 0.00240955 0.00316321 0.00171393]) 	 loss 4.232E-01 	 horizons 19.0
step 13179 	 return [0.         0.0048845  0.00335837 0.00612293 0.00228197 0.01023547
 0.01278367 0.00870074 0.00665068 0.00462751], ([0.         0.00056625 0.0009633  0.00142309 0.00199756 0.00095763
 0.00239768 0.00210316 0.00279573 0.00142227]) 	 loss 3.942E-01 	 horizons 19.0
step 13369 	 return [0.         0.00483164 0.00388571 0.00711023 0.00266853 0.01081528
 0.01232868 0.0082358  0.00805012 0.00554807], ([0.         0.00044809 0.00093985 0.00132206 0.00159879 0.00180532
 0.00262287 0.00208341 0.00267673 0.00337858]) 	 loss 3.742E-01 	 horizons 19.0
step 13559 	 return [0.         0.00491271 0.00434842 0.00976606 0.00152688 0.00971325
 0.01256777 0.00818184 0.00894423 0.00558752], ([0.         0.00070109 0.0010913  0.00299708 0.00200407 0.00112798
 0.00285593 0.0019199  0.00226301 0.00185912]) 	 loss 3.313E-01 	 horizons 19.0
step 13749 	 return [0.         0.00010962 0.00663016 0.00666562 0.00163046 0.01120741
 0.0127681  0.0078865  0.00753703 0.00819362], ([0.         0.00032886 0.00109502 0.00202606 0.00157395 0.00190213
 0.00313806 0.0030859  0.00303371 0.00310238]) 	 loss 3.315E-01 	 horizons 19.0
step 13939 	 return [0.         0.00436751 0.00509143 0.00928912 0.00493638 0.00791861
 0.01299209 0.00698967 0.00938622 0.00621996], ([0.         0.00037659 0.0009161  0.00231695 0.00284016 0.00123862
 0.00227789 0.00258132 0.00332047 0.00204179]) 	 loss 3.471E-01 	 horizons 19.0
step 14129 	 return [0.         0.00494684 0.00517322 0.01115983 0.00181993 0.01243132
 0.01327514 0.00789385 0.00764718 0.00575738], ([0.         0.00029137 0.00112603 0.00298191 0.00242797 0.00196201
 0.00206643 0.00222532 0.00276054 0.00346114]) 	 loss 3.086E-01 	 horizons 19.0
step 14319 	 return [0.         0.00413378 0.0047257  0.00598365 0.00483755 0.00971391
 0.0117091  0.00750024 0.00956312 0.00515175], ([0.         0.00033385 0.00095634 0.00135313 0.00170595 0.00162109
 0.00175542 0.00196823 0.00203676 0.00241548]) 	 loss 3.027E-01 	 horizons 19.0
step 14509 	 return [0.         0.00424325 0.00465745 0.00562104 0.00507544 0.0099208
 0.01242151 0.00855556 0.00553972 0.00394695], ([0.         0.00040598 0.00040476 0.00122104 0.00047584 0.00129713
 0.00171327 0.00177557 0.00231209 0.00187655]) 	 loss 2.926E-01 	 horizons 19.0
step 14699 	 return [0.         0.00421437 0.00510771 0.00748132 0.00495372 0.00916307
 0.00973526 0.00770479 0.00493383 0.00509186], ([0.         0.00016531 0.00055733 0.00202238 0.00177201 0.00112432
 0.00232516 0.00238231 0.00270036 0.00135381]) 	 loss 2.686E-01 	 horizons 19.0
step 14889 	 return [0.         0.00012224 0.01107023 0.00644769 0.0060956  0.00656909
 0.0110627  0.01032837 0.01013706 0.00237702], ([0.         0.00029456 0.00261419 0.00364233 0.00244147 0.00273895
 0.0024635  0.00150808 0.00392272 0.00141979]) 	 loss 2.749E-01 	 horizons 19.0
step 15079 	 return [0.         0.00472684 0.00472401 0.0077896  0.00128816 0.0092726
 0.011833   0.00858641 0.00768818 0.00649054], ([0.         0.00032729 0.00135685 0.00117918 0.00178007 0.00138271
 0.00103383 0.00138027 0.00207403 0.00225279]) 	 loss 2.947E-01 	 horizons 19.0
step 15269 	 return [0.         0.00427673 0.00520032 0.00575812 0.00482278 0.0094084
 0.01182405 0.00710566 0.00892339 0.0033245 ], ([0.         0.00034922 0.00146791 0.00113498 0.00059295 0.00212398
 0.00250659 0.00260356 0.00239953 0.00199247]) 	 loss 2.930E-01 	 horizons 19.0
step 15459 	 return [0.         0.00540554 0.00274613 0.00793023 0.00237834 0.01015292
 0.01544133 0.00874026 0.00667722 0.00430167], ([0.         0.00060979 0.00114292 0.00187298 0.0017233  0.00129135
 0.00183902 0.00127873 0.00189605 0.00135157]) 	 loss 2.430E-01 	 horizons 19.0
step 15649 	 return [0.         0.00428748 0.00475834 0.0066591  0.00592285 0.00960118
 0.01207833 0.00683094 0.00651541 0.00518456], ([0.         0.00033387 0.00079588 0.00149464 0.00205456 0.00147357
 0.00187612 0.0020049  0.0022414  0.00170165]) 	 loss 2.551E-01 	 horizons 19.0
step 15839 	 return [0.         0.004298   0.00530734 0.0085108  0.0053224  0.00933267
 0.01214048 0.0067974  0.00616272 0.00413187], ([0.         0.00050756 0.00155923 0.00143399 0.00027502 0.00134724
 0.00135007 0.00267528 0.00162479 0.00169569]) 	 loss 2.780E-01 	 horizons 19.0
step 16029 	 return [0.         0.00427009 0.00459448 0.0057784  0.00517377 0.01006983
 0.01227261 0.00635446 0.00789905 0.00505556], ([0.         0.0003171  0.0002685  0.00128913 0.00033012 0.00154131
 0.00176092 0.0014874  0.00279184 0.00221334]) 	 loss 2.598E-01 	 horizons 19.0
step 16219 	 return [0.         0.         0.01305846 0.01186599 0.00685125 0.00580725
 0.01008588 0.00986766 0.01002587 0.00170248], ([0.         0.         0.0022089  0.00475602 0.00144981 0.00286534
 0.00322693 0.00180056 0.00198191 0.00143335]) 	 loss 2.476E-01 	 horizons 19.0
step 16409 	 return [0.00081808 0.00638013 0.00265202 0.00571542 0.00309207 0.00302281
 0.0107947  0.00852124 0.01301603 0.00295487], ([0.00084202 0.00136368 0.0013756  0.00143128 0.00155931 0.00244257
 0.0027607  0.00264408 0.00434242 0.00014685]) 	 loss 2.548E-01 	 horizons 19.0
step 16599 	 return [0.         0.00440944 0.00623206 0.0109106  0.00612219 0.00874031
 0.0121221  0.00809748 0.00948826 0.00633094], ([0.         0.00029168 0.00145876 0.00130068 0.00150507 0.00090244
 0.00221683 0.0021876  0.00120812 0.00125942]) 	 loss 2.606E-01 	 horizons 19.0
step 16789 	 return [0.00199438 0.00357287 0.00042609 0.00303558 0.00207513 0.00399626
 0.00568284 0.00575819 0.00541484 0.00099537], ([0.00101528 0.00170406 0.00127828 0.0005665  0.00026638 0.00050114
 0.00171553 0.00132256 0.00336017 0.00158653]) 	 loss 2.482E-01 	 horizons 19.0
step 16979 	 return [0.         0.00519982 0.00539517 0.0132095  0.00041036 0.01182446
 0.01554993 0.0081145  0.00884763 0.0054203 ], ([0.0000000e+00 6.8246940e-05 1.0112533e-03 3.9592548e-04 1.2310705e-03
 1.1787673e-03 1.8725675e-03 1.9624967e-03 2.2529794e-03 1.1006398e-03]) 	 loss 2.484E-01 	 horizons 19.0
step 17169 	 return [0.00120487 0.00681648 0.00130662 0.00420872 0.0025573  0.00356945
 0.00737325 0.00678607 0.01053331 0.00379771], ([0.00193106 0.00171394 0.00172914 0.00082009 0.00082418 0.00183395
 0.00266867 0.00320656 0.00483262 0.00272835]) 	 loss 2.230E-01 	 horizons 19.0
step 17359 	 return [0.         0.00453851 0.00440075 0.0084363  0.00445533 0.00907866
 0.01244414 0.00844853 0.00617491 0.00655152], ([0.         0.00031073 0.00087628 0.00123388 0.00323621 0.0007087
 0.00179001 0.00132096 0.0016789  0.00281192]) 	 loss 2.263E-01 	 horizons 19.0
step 17549 	 return [0.         0.0042539  0.00641535 0.00849565 0.00642666 0.0084611
 0.01197299 0.00676186 0.00871771 0.00422736], ([0.         0.00043158 0.0023863  0.00157083 0.00155481 0.00142522
 0.0021014  0.00190094 0.00248664 0.00227739]) 	 loss 2.289E-01 	 horizons 19.0
step 17739 	 return [0.         0.00404182 0.00469375 0.00710486 0.00525755 0.00860492
 0.01292285 0.00970368 0.00671847 0.0045095 ], ([0.         0.00011769 0.00058281 0.00202776 0.00145999 0.00065106
 0.00140452 0.00124867 0.00130521 0.00222463]) 	 loss 2.308E-01 	 horizons 19.0
step 17929 	 return [0.         0.00018634 0.01068736 0.01120287 0.00775182 0.01004897
 0.01305386 0.00849549 0.00943613 0.00587457], ([0.         0.00037268 0.00043593 0.00191896 0.00157964 0.00257691
 0.00251382 0.0026665  0.00334433 0.0023344 ]) 	 loss 2.054E-01 	 horizons 19.0
step 18119 	 return [0.         0.00479544 0.00461545 0.00928828 0.00220141 0.00939446
 0.0111366  0.0078363  0.00855827 0.0069321 ], ([0.         0.00032002 0.00032782 0.00187104 0.00239365 0.00125007
 0.00188908 0.00196236 0.00157931 0.00199468]) 	 loss 2.011E-01 	 horizons 19.0
step 18309 	 return [0.         0.00547896 0.00349023 0.01038881 0.0015736  0.01155977
 0.01427577 0.00790573 0.00788248 0.00663669], ([0.         0.00070042 0.00155858 0.00259684 0.00118697 0.00234061
 0.00217287 0.00152551 0.002023   0.00279927]) 	 loss 1.971E-01 	 horizons 19.0
step 18499 	 return [0.         0.00012584 0.01200974 0.00546632 0.00633877 0.0077003
 0.01037755 0.00670286 0.01080651 0.00289105], ([0.         0.00037752 0.00225191 0.0025206  0.00113631 0.00142247
 0.00208358 0.00189783 0.0022452  0.00149456]) 	 loss 1.753E-01 	 horizons 19.0
step 18689 	 return [0.         0.0042295  0.00657104 0.00814881 0.00526314 0.00913401
 0.01006114 0.00658769 0.00929756 0.00466838], ([0.         0.00039786 0.00160202 0.00152665 0.00099253 0.00068015
 0.00306945 0.00266949 0.00216632 0.00144597]) 	 loss 1.727E-01 	 horizons 19.0
step 18879 	 return [0.         0.00413094 0.00525442 0.00837343 0.00540386 0.00904253
 0.00893112 0.00770169 0.00800096 0.00591213], ([0.         0.0001347  0.00059564 0.00064468 0.00024267 0.00187019
 0.00220122 0.00221802 0.00200126 0.00169657]) 	 loss 1.768E-01 	 horizons 19.0
step 19069 	 return [0.00012417 0.00410668 0.00470866 0.00962841 0.00760186 0.00713168
 0.01285077 0.00757894 0.00783666 0.00585092], ([3.7251168e-04 4.9196606e-05 5.2523980e-04 4.0743512e-04 2.0117776e-03
 1.3580967e-03 2.8265887e-03 1.2691097e-03 1.8945696e-03 2.3722402e-03]) 	 loss 1.909E-01 	 horizons 19.0
step 19259 	 return [0.         0.00460252 0.00566468 0.01143151 0.0070315  0.00958706
 0.0135802  0.00672991 0.00824488 0.00627051], ([0.         0.00016491 0.00039093 0.00116281 0.00187392 0.00141326
 0.00116065 0.00186539 0.00209915 0.00195148]) 	 loss 1.903E-01 	 horizons 19.0
step 19449 	 return [0.0009272  0.00559112 0.00350197 0.00358426 0.00247762 0.00514843
 0.00820491 0.00751252 0.01227928 0.00309957], ([0.00092727 0.00106811 0.00119358 0.00127403 0.0011742  0.00178259
 0.0019979  0.00205157 0.00322826 0.00055807]) 	 loss 1.703E-01 	 horizons 19.0
step 19639 	 return [0.00162048 0.00587757 0.00324312 0.00620387 0.00484236 0.00118537
 0.01050553 0.00963979 0.01437546 0.00308948], ([0.00056665 0.00053042 0.00093371 0.00099438 0.00222368 0.00123603
 0.00136282 0.00046744 0.00032889 0.00017636]) 	 loss 1.643E-01 	 horizons 19.0
step 19829 	 return [0.         0.0044172  0.0056424  0.01070766 0.00585822 0.00881869
 0.01265046 0.00742289 0.00749995 0.00684784], ([0.         0.00019648 0.00045038 0.0008736  0.0003542  0.00112721
 0.00203416 0.00147063 0.00235903 0.00142523]) 	 loss 1.672E-01 	 horizons 19.0
step 20019 	 return [0.00043381 0.00503861 0.00638866 0.00746215 0.0071628  0.00524705
 0.0070227  0.00710228 0.00983228 0.00257094], ([0.0006788  0.00121348 0.00271979 0.0017992  0.00224522 0.0021967
 0.00296855 0.00184493 0.00372259 0.00091344]) 	 loss 1.647E-01 	 horizons 19.0
step 20209 	 return [0.00132385 0.00683064 0.0017627  0.00499179 0.00337829 0.0040171
 0.00989827 0.00890466 0.01424948 0.00283486], ([1.7557986e-04 6.1760558e-04 6.2767812e-04 5.5346184e-04 7.2129007e-04
 9.7270310e-04 9.2676858e-04 2.5124010e-04 4.2766434e-04 5.3982458e-05]) 	 loss 1.783E-01 	 horizons 19.0
step 20399 	 return [0.         0.00465888 0.0064248  0.01147743 0.00668044 0.01075152
 0.01383382 0.00718575 0.00682444 0.00540478], ([0.         0.00019635 0.00165337 0.00092475 0.0012103  0.0014058
 0.00185455 0.0022492  0.00251865 0.00148601]) 	 loss 1.737E-01 	 horizons 19.0
step 20589 	 return [0.         0.00423428 0.0057961  0.00866153 0.00620321 0.00792846
 0.00970349 0.00662446 0.00824314 0.00567411], ([0.         0.00015342 0.00078758 0.00114408 0.00145296 0.0005261
 0.00146808 0.00198119 0.00177963 0.00182565]) 	 loss 1.605E-01 	 horizons 19.0
step 20779 	 return [0.00012217 0.         0.01401873 0.01436112 0.00984453 0.00388287
 0.01075445 0.00901532 0.01013872 0.00117577], ([0.00036651 0.         0.00206081 0.00271671 0.00180077 0.00163066
 0.00277723 0.00185949 0.00444927 0.00121522]) 	 loss 1.605E-01 	 horizons 19.0
step 20969 	 return [0.         0.00423339 0.00464774 0.00922749 0.0045117  0.00906612
 0.01184108 0.00649623 0.0049759  0.00451399], ([0.         0.00049123 0.00040372 0.00095293 0.00263198 0.00092335
 0.00197475 0.0023532  0.0023574  0.00144595]) 	 loss 1.714E-01 	 horizons 19.0
step 21159 	 return [0.         0.         0.01104954 0.01177975 0.01006786 0.00460476
 0.01400478 0.00939266 0.01134046 0.00282485], ([0.         0.         0.00293723 0.00503081 0.00123566 0.00134114
 0.00252519 0.00344166 0.00166785 0.00259867]) 	 loss 1.613E-01 	 horizons 19.0
step 21349 	 return [0.         0.00439872 0.00539587 0.00827275 0.00645952 0.00890997
 0.010414   0.00734679 0.00778001 0.00693327], ([0.         0.00025075 0.00059132 0.00106069 0.00150565 0.00094749
 0.00121594 0.00140811 0.00125259 0.00131673]) 	 loss 1.629E-01 	 horizons 19.0
step 21539 	 return [0.00037971 0.00711059 0.00079915 0.00357282 0.00194655 0.00276476
 0.00929788 0.00914936 0.01466511 0.00257436], ([0.00075979 0.00073434 0.00160685 0.00082197 0.00017008 0.00065367
 0.00127006 0.00036846 0.00046055 0.00085821]) 	 loss 1.712E-01 	 horizons 19.0
step 21729 	 return [0.00176568 0.00797967 0.00179648 0.00471632 0.00266528 0.00245537
 0.00536594 0.00804796 0.01290535 0.00253284], ([0.00162413 0.00183291 0.00102531 0.00050714 0.00069694 0.00081866
 0.00154498 0.00268456 0.0043063  0.00084471]) 	 loss 1.400E-01 	 horizons 19.0
step 21919 	 return [0.         0.00529632 0.00698286 0.01416518 0.00020686 0.01213193
 0.01936914 0.00691397 0.0050957  0.00786943], ([0.         0.00012449 0.00246127 0.00171343 0.00062057 0.00126669
 0.00252724 0.00283768 0.00243923 0.00288858]) 	 loss 1.647E-01 	 horizons 19.0
step 22109 	 return [0.         0.00536015 0.00522937 0.01402679 0.00059182 0.01245078
 0.02101941 0.00806448 0.00591165 0.01040783], ([0.         0.00010885 0.00157098 0.00163967 0.00124348 0.00106343
 0.00307307 0.00232509 0.00260913 0.00326912]) 	 loss 1.585E-01 	 horizons 19.0
step 22299 	 return [0.00167738 0.00568333 0.00367249 0.00256641 0.00170504 0.00453229
 0.00893606 0.00874183 0.01393526 0.00287689], ([5.6009000e-04 5.1075517e-04 3.7804266e-04 4.3585824e-05 5.6907337e-04
 1.8790921e-03 4.9003697e-04 1.0200164e-03 1.7739523e-03 1.5874275e-04]) 	 loss 1.434E-01 	 horizons 19.0
step 22489 	 return [0.         0.0053161  0.00530779 0.01452724 0.00226191 0.012221
 0.01843175 0.00969549 0.00951094 0.01105195], ([0.         0.00012554 0.00085287 0.00081758 0.00184823 0.00123306
 0.00237852 0.00114707 0.00143334 0.00423249]) 	 loss 1.489E-01 	 horizons 19.0
step 22679 	 return [0.00039164 0.00474311 0.00556481 0.00644893 0.00195694 0.00460422
 0.0099743  0.00930306 0.0139955  0.00227146], ([0.00078328 0.0005053  0.00224556 0.0005533  0.00132484 0.00132111
 0.00166166 0.00061765 0.00073745 0.00114863]) 	 loss 1.148E-01 	 horizons 19.0
step 22869 	 return [0.00139816 0.00430217 0.00693512 0.00561081 0.00234064 0.00438097
 0.00639507 0.00856943 0.01235464 0.00197756], ([0.00074028 0.00052104 0.00249559 0.00087163 0.00198702 0.00162696
 0.00302256 0.00158342 0.00293412 0.00180221]) 	 loss 1.250E-01 	 horizons 19.0
step 23059 	 return [0.00099759 0.00446977 0.00193147 0.00262105 0.00231531 0.00052587
 0.00775532 0.00770175 0.01028688 0.00390452], ([4.6545884e-04 3.5174028e-04 1.1647305e-03 5.4962835e-05 2.3874090e-04
 1.0517479e-03 2.6879981e-04 7.0508360e-04 2.1604379e-03 5.3890236e-04]) 	 loss 1.573E-01 	 horizons 19.0
step 23249 	 return [0.         0.0054088  0.00477225 0.0142797  0.0019056  0.01340521
 0.02017451 0.00847143 0.00784012 0.0134846 ], ([0.0000000e+00 1.0970980e-06 3.8384460e-06 8.0740079e-05 1.9056047e-03
 7.9180626e-04 9.0781607e-05 1.9302551e-03 2.4583384e-03 1.4323294e-03]) 	 loss 1.134E-01 	 horizons 19.0
step 23439 	 return [0.         0.00449143 0.00566792 0.00845121 0.0059582  0.00863232
 0.01051602 0.00644321 0.00627856 0.00685893], ([0.0000000e+00 1.4115240e-04 8.3897903e-05 1.3418812e-03 1.5645444e-04
 6.8971410e-04 9.1431703e-04 1.7824923e-03 1.6161292e-03 2.0546746e-03]) 	 loss 1.029E-01 	 horizons 19.0
step 23629 	 return [0.00163384 0.00435844 0.00704754 0.00488006 0.00343841 0.00328803
 0.00752899 0.00955179 0.01400851 0.00203674], ([0.00057721 0.00108765 0.00247576 0.00120523 0.0012557  0.00027119
 0.00160758 0.00053999 0.0006219  0.00133361]) 	 loss 1.028E-01 	 horizons 19.0
step 23819 	 return [0.00081179 0.00674443 0.00141623 0.00332468 0.00205365 0.00409616
 0.0100541  0.00902216 0.01451539 0.00284552], ([8.3417934e-04 7.0071354e-04 1.5740438e-03 8.9915091e-04 2.0856921e-04
 5.8602472e-04 1.4671672e-03 7.9068406e-05 9.8935699e-05 2.2210397e-05]) 	 loss 1.008E-01 	 horizons 19.0
step 24009 	 return [0.         0.00557613 0.00427244 0.01415065 0.000474   0.01299912
 0.02001013 0.0083842  0.00690033 0.01287977], ([0.0000000e+00 5.5127754e-04 1.4242164e-03 8.4733503e-05 1.4219878e-03
 9.2581037e-04 2.8338114e-04 2.3456933e-03 1.1218523e-03 2.6039067e-03]) 	 loss 8.888E-02 	 horizons 19.0
step 24199 	 return [0.         0.00506038 0.00401623 0.00902489 0.00504503 0.0083779
 0.01446129 0.00761989 0.00579292 0.00545203], ([0.         0.00025446 0.00165621 0.00079885 0.00198847 0.00117197
 0.001901   0.00110566 0.00165954 0.00305785]) 	 loss 9.039E-02 	 horizons 19.0
step 24389 	 return [0.         0.00442628 0.00544603 0.00805053 0.00610205 0.00829894
 0.01091786 0.00713063 0.00675515 0.0059351 ], ([0.         0.00032899 0.0004139  0.00054325 0.00153828 0.00082069
 0.00093999 0.00146696 0.00155125 0.00192516]) 	 loss 1.029E-01 	 horizons 19.0
step 24579 	 return [0.         0.00502836 0.00329126 0.00795809 0.00492803 0.00807261
 0.01145606 0.00886286 0.00854439 0.00529004], ([0.         0.00011325 0.0005723  0.00089978 0.00227343 0.00133385
 0.00017646 0.00086694 0.00369822 0.0030058 ]) 	 loss 9.320E-02 	 horizons 19.0
step 24769 	 return [0.00063352 0.00710834 0.00104866 0.00331031 0.00250574 0.00490173
 0.01126152 0.00818612 0.01303177 0.00283941], ([6.3358049e-04 1.0143061e-03 9.2020724e-04 1.0083381e-03 4.4714470e-04
 1.2623263e-03 2.6178022e-03 2.5150699e-03 4.3448238e-03 5.1353702e-05]) 	 loss 9.831E-02 	 horizons 19.0
step 24959 	 return [0.         0.0045056  0.00591251 0.0109957  0.00781235 0.00910608
 0.0151665  0.00797225 0.00803815 0.00520666], ([0.         0.00030604 0.00053517 0.00082578 0.00175484 0.00213042
 0.00123966 0.00152906 0.00119101 0.00111161]) 	 loss 1.058E-01 	 horizons 19.0
step 25149 	 return [0.00102342 0.00616124 0.00181148 0.00595747 0.00300734 0.00285769
 0.01180462 0.00905573 0.01411416 0.00294336], ([5.1187765e-04 5.0891505e-04 8.9405198e-04 1.1796085e-03 1.0082109e-03
 1.2025754e-03 1.7443598e-03 4.3510448e-04 5.2674318e-04 6.5880165e-05]) 	 loss 9.525E-02 	 horizons 19.0
step 25339 	 return [0.00113121 0.00440696 0.00611357 0.00546053 0.00458237 0.00481208
 0.0067495  0.00894712 0.01328179 0.00246496], ([0.00061006 0.00096573 0.00193949 0.0008323  0.00080882 0.00133255
 0.0017148  0.00056751 0.00201579 0.00132998]) 	 loss 1.036E-01 	 horizons 19.0
step 25529 	 return [0.         0.0068252  0.00083093 0.00730155 0.00254005 0.00733176
 0.01506467 0.00789703 0.01223764 0.00281896], ([0.0000000e+00 3.2793201e-04 1.4828661e-03 5.1067228e-04 7.3397241e-05
 2.5412177e-03 9.8087103e-04 1.7052296e-03 2.7756058e-03 1.5927755e-04]) 	 loss 9.032E-02 	 horizons 19.0
step 25719 	 return [0.00068229 0.00440301 0.0080036  0.00819493 0.00727051 0.00445872
 0.00484656 0.00679761 0.00742676 0.0029483 ], ([0.00085214 0.0006613  0.00183291 0.0005457  0.0023895  0.00178217
 0.00264406 0.00233265 0.00466173 0.00135491]) 	 loss 9.844E-02 	 horizons 19.0
step 25909 	 return [0.00124548 0.00560733 0.00333739 0.00379803 0.00250263 0.00517253
 0.00765826 0.00900269 0.01287643 0.0036429 ], ([0.00067441 0.00057117 0.00134071 0.00091896 0.00149051 0.00182366
 0.00301781 0.00044784 0.00339787 0.00172269]) 	 loss 1.049E-01 	 horizons 19.0
step 26099 	 return [0.00136975 0.00664599 0.00222177 0.00437026 0.00299284 0.00384567
 0.01056718 0.00908893 0.01451657 0.0028551 ], ([5.3423463e-04 4.2738408e-04 1.2398311e-03 8.6824584e-04 3.7712220e-04
 1.0832221e-03 2.3518871e-03 8.0372600e-05 1.4422697e-04 1.8845620e-05]) 	 loss 9.227E-02 	 horizons 19.0
step 26289 	 return [0.         0.00483151 0.0060576  0.01277111 0.01021762 0.01099074
 0.0169149  0.01001091 0.00989966 0.0064902 ], ([0.0000000e+00 8.4278909e-05 3.8583035e-04 1.0978294e-03 2.4706201e-04
 1.1989847e-03 1.1647709e-03 8.0391136e-04 2.0474996e-03 1.1702152e-03]) 	 loss 7.333E-02 	 horizons 19.0
step 26479 	 return [0.0016918  0.00428826 0.00660303 0.00501795 0.00082918 0.00338577
 0.00717978 0.00894878 0.01349123 0.00229344], ([0.00057667 0.00083634 0.0029855  0.00128988 0.00143743 0.00079617
 0.00153493 0.00093392 0.00221591 0.00114702]) 	 loss 6.736E-02 	 horizons 19.0
step 26669 	 return [0.00075479 0.00688376 0.00139208 0.00453293 0.00314259 0.00468123
 0.01112318 0.00907332 0.01448104 0.00283268], ([6.1628729e-04 5.0955982e-04 1.6711128e-04 4.3481070e-04 4.5275837e-04
 9.8354467e-05 1.6666690e-03 2.1199157e-04 2.9168848e-04 3.7727332e-05]) 	 loss 7.648E-02 	 horizons 19.0
step 26859 	 return [0.00038369 0.00671981 0.00119694 0.00589741 0.00360272 0.00467907
 0.01254156 0.00811216 0.01220657 0.00270539], ([0.00058609 0.00093869 0.00138704 0.00156849 0.00140661 0.00211795
 0.00186901 0.00146123 0.0024136  0.00091862]) 	 loss 5.459E-02 	 horizons 19.0
step 27049 	 return [0.         0.0054099  0.00477609 0.01436044 0.00381121 0.01261341
 0.02008373 0.01040168 0.01029845 0.01491693], ([0.0000000e+00 4.6566129e-10 4.6566129e-10 9.3132257e-10 4.6566129e-10
 0.0000000e+00 1.8626451e-09 0.0000000e+00 9.3132257e-10 9.3132257e-10]) 	 loss 7.639E-02 	 horizons 19.0
step 27239 	 return [0.         0.007369   0.00117057 0.00681496 0.00324545 0.00529181
 0.01305391 0.00890032 0.01380323 0.00287891], ([0.0000000e+00 1.0102155e-03 1.3786415e-03 1.2632597e-03 1.1101851e-03
 1.7988466e-03 2.1742687e-03 7.4991328e-04 1.6350223e-03 8.5818618e-05]) 	 loss 6.861E-02 	 horizons 19.0
step 27429 	 return [0.00133485 0.00417719 0.00857935 0.00871761 0.00874176 0.00382209
 0.00522831 0.00927888 0.01020708 0.00180643], ([7.2681537e-04 9.4252522e-05 1.8426975e-03 6.4074399e-04 2.1861233e-03
 1.6048449e-03 2.4324744e-03 4.8472336e-04 4.8699384e-03 2.1551482e-03]) 	 loss 8.295E-02 	 horizons 19.0
step 27619 	 return [0.         0.00536893 0.00523954 0.01471947 0.         0.01203613
 0.0221508  0.00653037 0.00442711 0.00972584], ([0.0000000e+00 9.5297772e-05 1.5101085e-03 8.7370595e-04 0.0000000e+00
 1.0260401e-03 2.7661354e-03 1.5904265e-03 1.7680894e-03 3.4346376e-03]) 	 loss 4.836E-02 	 horizons 19.0
step 27809 	 return [0.00120452 0.00601642 0.00192752 0.00634424 0.00297127 0.0019828
 0.01233578 0.00934893 0.01423836 0.00269639], ([0.0006508  0.00058158 0.00130688 0.00095453 0.00101041 0.00084794
 0.00154724 0.00032122 0.00063291 0.00089926]) 	 loss 4.043E-02 	 horizons 19.0
step 27999 	 return [0.00112423 0.00411487 0.00643431 0.00582085 0.00531646 0.00387294
 0.00737524 0.00899885 0.01256132 0.00250581], ([0.00060692 0.00030911 0.00153391 0.00088147 0.0021987  0.00099304
 0.00135472 0.00078292 0.00390863 0.00091033]) 	 loss 4.705E-02 	 horizons 19.0
step 28189 	 return [0.00100639 0.00711048 0.00146134 0.00485318 0.0033447  0.0047231
 0.01048055 0.00897398 0.01436478 0.0028139 ], ([5.0319644e-04 3.7866383e-04 1.3438115e-04 6.9552290e-05 3.3514155e-04
 2.4435483e-04 1.4364060e-03 1.4750101e-04 2.4382099e-04 2.4047215e-05]) 	 loss 5.325E-02 	 horizons 19.0
step 28379 	 return [0.00069341 0.00469829 0.00740287 0.00655    0.00587574 0.00440245
 0.00774243 0.00880575 0.00925237 0.00212664], ([0.00086758 0.00115045 0.00279699 0.00162329 0.00126132 0.00115382
 0.00297152 0.00109139 0.00571126 0.00132488]) 	 loss 5.140E-02 	 horizons 19.0
step 28569 	 return [0.0011942  0.00402114 0.00582052 0.00528562 0.00460034 0.00450773
 0.00658532 0.00876875 0.01336288 0.00297679], ([0.0004349  0.00015825 0.00085146 0.0003938  0.00088404 0.00120935
 0.00100362 0.00084358 0.00250729 0.00030103]) 	 loss 6.817E-02 	 horizons 19.0
step 28759 	 return [0.0013374  0.00617093 0.0018072  0.00656328 0.00271859 0.00240815
 0.01312051 0.00938913 0.01405434 0.00269712], ([1.6388742e-04 3.1353244e-05 5.8133522e-04 2.2225940e-04 7.8573980e-04
 1.0101267e-03 7.9174881e-04 9.0708221e-05 6.2475901e-04 8.9905830e-04]) 	 loss 5.323E-02 	 horizons 19.0
step 28949 	 return [0.00107176 0.00398429 0.00661895 0.00610455 0.0043651  0.00434719
 0.00835879 0.00912893 0.01125024 0.00179353], ([0.00056293 0.00012145 0.00119869 0.00100713 0.00052445 0.00116916
 0.00115358 0.00107302 0.00513678 0.00125225]) 	 loss 4.042E-02 	 horizons 19.0
step 29139 	 return [0.00179319 0.00621357 0.00344101 0.00405259 0.00267887 0.0032901
 0.00881116 0.00913902 0.01461812 0.00284516], ([1.6568304e-04 3.0763386e-04 5.9229077e-04 8.5915002e-04 5.9215026e-04
 6.9880881e-04 1.8001008e-03 6.9238427e-05 8.3788524e-05 3.3036136e-05]) 	 loss 4.631E-02 	 horizons 19.0
step 29329 	 return [0.00118947 0.00655495 0.0018741  0.00508529 0.00342257 0.00314829
 0.00989298 0.00898459 0.01403159 0.00260414], ([0.00064361 0.00055763 0.00128402 0.00128237 0.00104591 0.0010661
 0.00238352 0.00039695 0.00083396 0.00086922]) 	 loss 4.503E-02 	 horizons 19.0
step 29519 	 return [0.00156264 0.00432529 0.00657452 0.00552167 0.00469953 0.00376927
 0.00641109 0.00917726 0.01412512 0.0026012 ], ([0.00030037 0.00074563 0.00159855 0.00098195 0.00137321 0.00062823
 0.00121403 0.00040793 0.00081713 0.00086761]) 	 loss 3.781E-02 	 horizons 19.0
step 29709 	 return [0.00126504 0.00619466 0.00184576 0.00661017 0.00417555 0.00229527
 0.01080213 0.00887319 0.01333337 0.00239681], ([0.0004728  0.00042633 0.0009758  0.00045793 0.00113938 0.00103607
 0.00163818 0.00063748 0.00079309 0.00119858]) 	 loss 3.402E-02 	 horizons 19.0
step 29899 	 return [0.         0.00495275 0.00713363 0.01260566 0.00961024 0.00775387
 0.01712279 0.01140751 0.01424491 0.00948775], ([0.         0.00027821 0.00023029 0.00091112 0.00146205 0.00040504
 0.00094679 0.00067945 0.00161061 0.00122467]) 	 loss 4.120E-02 	 horizons 19.0
step 30089 	 return [0.00094243 0.004304   0.00544975 0.00615935 0.00359183 0.00362955
 0.00982234 0.00936015 0.01391521 0.0025989 ], ([6.4529252e-04 6.3761720e-04 1.1270680e-03 3.4233718e-04 1.1972801e-03
 2.6138514e-05 7.4222992e-04 8.0126786e-04 1.7934800e-04 8.6632260e-04]) 	 loss 3.011E-02 	 horizons 19.0
[1;34mwandb[0m: 
[1;34mwandb[0m: 🚀 View run [33mmotndp_xian-v0__GCN-xian-g10-l0__456__1781493252[0m at: [34mhttps://wandb.ai/jingyuan-sun03-tu-delft/cl_ablation/runs/j4kznhkb[0m
[1;34mwandb[0m: Find logs at: [1;35mwandb/run-20260615_051413-j4kznhkb/logs[0m
