/home/SinJ/mo-transport-network-design/.venv/lib/python3.13/site-packages/pygame/pkgdata.py:25: UserWarning: pkg_resources is deprecated as an API. See https://setuptools.pypa.io/en/latest/pkg_resources.html. The pkg_resources package is slated for removal as early as 2025-11-30. Refrain from using this package or pin to Setuptools<81.
  from pkg_resources import resource_stream, resource_exists
wandb: [wandb.login()] Loaded credentials for https://api.wandb.ai from /home/SinJ/.netrc.
wandb: Currently logged in as: jingyuan-sun03 (jingyuan-sun03-tu-delft) to https://api.wandb.ai. Use `wandb login --relogin` to force relogin
wandb: setting up run 3cz4wrou
wandb: Tracking run with wandb version 0.27.2
wandb: Run data is saved locally in /home/SinJ/mo-transport-network-design/wandb/run-20260615_044936-3cz4wrou
wandb: Run `wandb offline` to turn off syncing.
wandb: Syncing run motndp_xian-v0__GCN-xian-g7-spatial__123__1781491775
wandb: ⭐️ View project at https://wandb.ai/jingyuan-sun03-tu-delft/cl_ablation
wandb: 🚀 View run at https://wandb.ai/jingyuan-sun03-tu-delft/cl_ablation/runs/3cz4wrou
/home/SinJ/mo-transport-network-design/morl-baselines/morl_baselines/multi_policy/gcn/gcn.py:151: UserWarning: Creating a tensor from a list of numpy.ndarrays is extremely slow. Please consider converting the list to a single numpy.ndarray with numpy.array() before converting to a tensor. (Triggered internally at /pytorch/torch/csrc/utils/tensor_new.cpp:253.)
  th.tensor(obs).to(self.device),
Namespace(env='xian', nr_groups=7, starting_loc_x=9, starting_loc_y=19, nr_stations=20, lr=0.01, batch_size=256, num_er_episodes=100, num_step_episodes=10, num_model_updates=10, num_policies=10, max_buffer_size=200, nr_layers=1, hidden_dim=128, timesteps=30000, no_log=False, seed=123, cd_threshold=0.2, distance_ref='interpolate2', gcn_lambda=0.0, lambda_schedule='constant', lambda_start=1.0, lambda_end=None, lambda_warmup_fraction=0.0, lambda_freeze_fraction=0.1, spatial_alpha=0.5, include_demand_context=False, criterion='lorenz', nash_mode='pareto_sized', nash_top_k=None, nash_shift=0.0, project_name='cl_ablation', experiment_name='GCN-xian-g7-spatial', wandb_entity=None)
step 1995 	 return [0.00331632 0.00284028 0.00465394 0.00261616 0.00409137 0.00206526
 0.00210082], ([0.00329182 0.00135145 0.00410511 0.00374859 0.00367279 0.00183076
 0.0037179 ]) 	 loss 1.960E+00 	 horizons 18.5
step 2182 	 return [0.0021382  0.0039021  0.00379341 0.00242354 0.00427433 0.00170461
 0.00176347], ([0.00230592 0.0028347  0.00288649 0.00259283 0.00407335 0.00243364
 0.00178815]) 	 loss 1.582E+00 	 horizons 18.7
step 2365 	 return [0.00484213 0.00336589 0.00399597 0.00243052 0.00187592 0.00191323
 0.00117463], ([0.00480139 0.00179401 0.00286279 0.00231028 0.00385907 0.00248594
 0.00186794]) 	 loss 1.139E+00 	 horizons 18.3
step 2555 	 return [0.00455568 0.00515106 0.0053185  0.00324008 0.00556627 0.00227499
 0.00376136], ([0.00421009 0.00230171 0.00330487 0.00242908 0.00469288 0.00170978
 0.00336646]) 	 loss 9.705E-01 	 horizons 19.0
step 2745 	 return [0.00895718 0.00412161 0.00343856 0.00318588 0.00076113 0.00169793
 0.00083043], ([0.00449816 0.00198087 0.00238713 0.00187985 0.0016822  0.00224457
 0.00249129]) 	 loss 9.301E-01 	 horizons 19.0
step 2935 	 return [0.00070514 0.00329075 0.00631135 0.00260957 0.00436873 0.00127977
 0.0021477 ], ([0.00126323 0.00130524 0.00150901 0.00257533 0.00408763 0.00125427
 0.00124989]) 	 loss 8.501E-01 	 horizons 19.0
step 3125 	 return [0.00397663 0.00437285 0.00321114 0.00351694 0.00577289 0.00251158
 0.00333674], ([0.00366572 0.00273257 0.00283712 0.0026478  0.00565154 0.00195618
 0.00381916]) 	 loss 8.328E-01 	 horizons 19.0
step 3315 	 return [0.00400842 0.00290935 0.00569931 0.00435201 0.00812421 0.00500784
 0.00386051], ([0.00466339 0.00295616 0.00254286 0.00243311 0.00636074 0.00248
 0.00336161]) 	 loss 8.103E-01 	 horizons 19.0
step 3505 	 return [0.00445371 0.00344515 0.0042462  0.00318113 0.00595298 0.00355773
 0.00188887], ([0.00465306 0.00173063 0.00317109 0.00177493 0.00550581 0.00339749
 0.00276319]) 	 loss 8.123E-01 	 horizons 19.0
step 3695 	 return [0.0008294  0.00293396 0.00565189 0.0023353  0.00865667 0.00504446
 0.00346518], ([0.00182701 0.00211332 0.00307726 0.0017555  0.00415464 0.00384626
 0.00177541]) 	 loss 7.290E-01 	 horizons 19.0
step 3885 	 return [0.00192651 0.00392226 0.00710954 0.00288134 0.00785371 0.0047548
 0.0027581 ], ([0.00203775 0.00256481 0.00253217 0.00174811 0.00398161 0.00292643
 0.00229264]) 	 loss 7.431E-01 	 horizons 19.0
step 4075 	 return [0.00295321 0.00298992 0.00499344 0.003248   0.00753837 0.00355754
 0.00342193], ([0.00358325 0.00151107 0.00355189 0.00164198 0.00636766 0.00250852
 0.00230315]) 	 loss 7.425E-01 	 horizons 19.0
step 4265 	 return [0.00081107 0.00384967 0.00753486 0.0029279  0.00640897 0.0038929
 0.00240269], ([0.00139108 0.00206111 0.00258027 0.00218097 0.00363189 0.0038546
 0.0014962 ]) 	 loss 7.148E-01 	 horizons 19.0
step 4455 	 return [0.00129256 0.00124541 0.00422432 0.00323792 0.0070263  0.0043728
 0.00499921], ([0.00198077 0.00192448 0.00193237 0.00248515 0.00571369 0.00271313
 0.00298611]) 	 loss 7.024E-01 	 horizons 19.0
step 4645 	 return [0.00431073 0.0026569  0.00611605 0.00495096 0.00698235 0.00339055
 0.0032088 ], ([0.00397023 0.00207562 0.0037637  0.00341751 0.00691754 0.00241313
 0.00455573]) 	 loss 6.791E-01 	 horizons 19.0
step 4835 	 return [0.00079037 0.00238107 0.00785058 0.00279172 0.00647704 0.00245549
 0.00326567], ([0.0016358  0.00187395 0.00178259 0.00196    0.0027378  0.00129139
 0.0017042 ]) 	 loss 7.022E-01 	 horizons 19.0
step 5025 	 return [0.         0.00400346 0.00712126 0.00361846 0.01119058 0.00338919
 0.0035523 ], ([0.         0.00169335 0.00224119 0.00160987 0.00721408 0.00276445
 0.00194686]) 	 loss 6.731E-01 	 horizons 19.0
step 5215 	 return [0.00048955 0.00243888 0.00515573 0.0033613  0.00947465 0.00485421
 0.00639738], ([0.00146865 0.0017919  0.00187175 0.00230094 0.00449037 0.00238357
 0.00374151]) 	 loss 6.901E-01 	 horizons 19.0
step 5405 	 return [0.00104472 0.00236596 0.00575587 0.00307518 0.01215374 0.00551023
 0.00461359], ([0.00209395 0.00217049 0.00285284 0.00180118 0.00515307 0.00332235
 0.00196281]) 	 loss 6.754E-01 	 horizons 19.0
step 5595 	 return [0.00101636 0.00212277 0.00565342 0.00296995 0.00985075 0.00343705
 0.00574461], ([0.00177674 0.0013921  0.00218335 0.00247802 0.00469622 0.00206299
 0.00277828]) 	 loss 6.646E-01 	 horizons 19.0
step 5785 	 return [0.00165244 0.00206834 0.00656432 0.00255264 0.01070988 0.00372856
 0.0049624 ], ([0.00232364 0.00133674 0.00207524 0.00196115 0.00386461 0.00209514
 0.0035146 ]) 	 loss 6.451E-01 	 horizons 19.0
step 5975 	 return [0.00159153 0.00353048 0.0052725  0.00505452 0.00753142 0.00426542
 0.00733788], ([0.00227716 0.00207448 0.00372449 0.00155881 0.00519282 0.0019633
 0.00330234]) 	 loss 6.414E-01 	 horizons 19.0
step 6165 	 return [0.00760571 0.00518033 0.00199202 0.00400514 0.00217136 0.00200681
 0.00168951], ([0.00151792 0.00106812 0.00068055 0.00255951 0.00287938 0.00189716
 0.00296717]) 	 loss 6.716E-01 	 horizons 19.0
step 6355 	 return [0.01042136 0.00555963 0.003048   0.00276793 0.00037098 0.00107202
 0.        ], ([0.00255422 0.00038102 0.00219822 0.0008951  0.00111294 0.00145563
 0.        ]) 	 loss 6.336E-01 	 horizons 19.0
step 6545 	 return [0.00082785 0.00289008 0.00625774 0.00399556 0.00961539 0.00450259
 0.00602845], ([0.00154186 0.00130641 0.001673   0.00131154 0.00357681 0.00274406
 0.00234973]) 	 loss 6.379E-01 	 horizons 19.0
step 6735 	 return [0.00170394 0.00501839 0.00788768 0.00235209 0.0076097  0.00409421
 0.00412152], ([0.00185907 0.00253298 0.00211962 0.00168453 0.0040093  0.00404171
 0.00188412]) 	 loss 6.565E-01 	 horizons 19.0
step 6925 	 return [0.00669235 0.00453544 0.00341456 0.00500408 0.00208268 0.00168105
 0.00160914], ([0.004065   0.00236659 0.0029625  0.00322584 0.003329   0.00188621
 0.00308232]) 	 loss 6.664E-01 	 horizons 19.0
step 7115 	 return [0.00135337 0.00383476 0.00916827 0.00341856 0.01166131 0.00259875
 0.00450327], ([0.00213959 0.00277531 0.00249242 0.00130742 0.00528524 0.00249374
 0.00235424]) 	 loss 6.476E-01 	 horizons 19.0
step 7305 	 return [0.0012591  0.00456277 0.00842722 0.00409281 0.01017065 0.00417526
 0.00469817], ([0.00150537 0.00192021 0.00253522 0.0016223  0.00421366 0.00277068
 0.00138766]) 	 loss 6.504E-01 	 horizons 19.0
step 7495 	 return [0.00041775 0.00275673 0.00541389 0.00398901 0.01181414 0.00610984
 0.00501881], ([0.00101879 0.00178572 0.00243288 0.00222965 0.00243544 0.00305299
 0.00280022]) 	 loss 6.758E-01 	 horizons 19.0
step 7685 	 return [0.00067171 0.00525031 0.00947389 0.00523285 0.01208161 0.00364882
 0.0063606 ], ([0.00152486 0.00163065 0.00275561 0.00237721 0.00390106 0.00250562
 0.00309292]) 	 loss 6.584E-01 	 horizons 19.0
step 7875 	 return [0.00132106 0.00299755 0.0077995  0.00427797 0.01322697 0.00406357
 0.00485285], ([0.00202412 0.00150676 0.00243182 0.00273444 0.00474611 0.00175987
 0.00250736]) 	 loss 6.433E-01 	 horizons 19.0
step 8065 	 return [0.00447735 0.0035346  0.00423752 0.00445514 0.00939237 0.00404226
 0.00461634], ([0.00167548 0.0024541  0.00304339 0.00264518 0.00276793 0.00197692
 0.00164918]) 	 loss 6.311E-01 	 horizons 19.0
step 8255 	 return [0.00056158 0.00311971 0.00675948 0.00360804 0.01235941 0.00393887
 0.00529228], ([0.00168475 0.00230553 0.00194868 0.00124023 0.00444471 0.00223545
 0.00220819]) 	 loss 6.718E-01 	 horizons 19.0
step 8445 	 return [0.00144446 0.00229105 0.00647456 0.00403842 0.01048966 0.00409136
 0.00606308], ([0.00263821 0.00148451 0.00128724 0.00181799 0.00302043 0.00307289
 0.00259543]) 	 loss 6.287E-01 	 horizons 19.0
step 8635 	 return [0.00029546 0.00301186 0.00763421 0.00431441 0.01027084 0.00473535
 0.00539449], ([0.00088639 0.00172683 0.00215708 0.00211452 0.00464595 0.00211065
 0.00303168]) 	 loss 6.424E-01 	 horizons 19.0
step 8825 	 return [0.0105816  0.00709084 0.00582228 0.00520008 0.00246322 0.00458469
 0.00093948], ([0.00422916 0.00131255 0.00240921 0.00196318 0.00352814 0.00273927
 0.00209504]) 	 loss 6.245E-01 	 horizons 19.0
step 9015 	 return [0.0014515  0.0038676  0.00722647 0.00542054 0.00972923 0.00400152
 0.00580802], ([0.00225258 0.00252166 0.00198302 0.00201717 0.00529299 0.00272053
 0.00324548]) 	 loss 6.042E-01 	 horizons 19.0
step 9205 	 return [0.00012596 0.0028016  0.00819564 0.00389447 0.01334204 0.00516099
 0.0055997 ], ([0.00025648 0.00139222 0.00178323 0.00126589 0.00502908 0.00305564
 0.00290661]) 	 loss 5.803E-01 	 horizons 19.0
step 9395 	 return [0.00300253 0.0043061  0.00844057 0.00594551 0.01001632 0.00517568
 0.00633686], ([0.00232914 0.0017151  0.00234107 0.00210909 0.00554383 0.00406227
 0.0038058 ]) 	 loss 5.962E-01 	 horizons 19.0
step 9585 	 return [0.00086385 0.00332633 0.00735498 0.00514976 0.01036699 0.00331965
 0.00668514], ([0.00185124 0.00196566 0.00224667 0.00232532 0.0033411  0.00270527
 0.00256275]) 	 loss 5.812E-01 	 horizons 19.0
step 9775 	 return [0.00540728 0.00482    0.00464391 0.00719154 0.01067574 0.00311376
 0.006456  ], ([0.00088569 0.00270732 0.00275582 0.00189893 0.00436864 0.00193216
 0.00287548]) 	 loss 5.860E-01 	 horizons 19.0
step 9965 	 return [0.01103643 0.0061981  0.00397829 0.00364351 0.         0.00134519
 0.        ], ([0.00207046 0.00105312 0.00231386 0.00210665 0.         0.0010139
 0.        ]) 	 loss 5.573E-01 	 horizons 19.0
step 10155 	 return [0.00029251 0.00377745 0.00779109 0.00518226 0.01214263 0.00405712
 0.00560954], ([0.00087752 0.00254985 0.00211581 0.00189764 0.00612414 0.00269753
 0.00202122]) 	 loss 5.301E-01 	 horizons 19.0
step 10345 	 return [0.00708007 0.00615158 0.00357287 0.00957678 0.00661743 0.00547306
 0.00619026], ([0.00237407 0.00219712 0.002427   0.00219036 0.00393241 0.00424952
 0.00434847]) 	 loss 5.483E-01 	 horizons 19.0
step 10535 	 return [0.00051502 0.00524702 0.00927721 0.0071936  0.01048932 0.0019
 0.00747911], ([0.0013178  0.00243572 0.00241703 0.00182917 0.00514221 0.00255803
 0.00212559]) 	 loss 5.373E-01 	 horizons 19.0
step 10725 	 return [0.00022091 0.00494758 0.0080722  0.00566103 0.01098575 0.00419859
 0.00525382], ([0.00039026 0.00171926 0.00246942 0.00136502 0.00589233 0.00173431
 0.00252024]) 	 loss 5.368E-01 	 horizons 19.0
step 10915 	 return [0.00618843 0.00694882 0.00340364 0.00781138 0.00879393 0.00479188
 0.00655187], ([0.00104296 0.00172528 0.002473   0.00193936 0.00467076 0.00239949
 0.00216002]) 	 loss 5.497E-01 	 horizons 19.0
step 11105 	 return [0.00143052 0.00373702 0.00727941 0.00351033 0.00837283 0.00423326
 0.00490996], ([0.00156928 0.00161208 0.001925   0.0021773  0.00464512 0.0044131
 0.00166663]) 	 loss 5.047E-01 	 horizons 19.0
step 11295 	 return [0.00011204 0.00339514 0.00840589 0.00492381 0.01315797 0.00447509
 0.00684247], ([0.00033613 0.00170057 0.00135281 0.00144568 0.00440467 0.00195922
 0.00219957]) 	 loss 4.957E-01 	 horizons 19.0
step 11485 	 return [7.7383418e-05 6.1871810e-03 8.2701920e-03 4.0837312e-03 1.0281655e-02
 5.7219700e-03 4.8482874e-03], ([0.00023215 0.0024193  0.00283851 0.00247826 0.00598235 0.00469764
 0.00215968]) 	 loss 5.130E-01 	 horizons 19.0
step 11675 	 return [0.         0.00414126 0.00906375 0.00473032 0.01443293 0.00522594
 0.0050426 ], ([0.         0.00243071 0.00190582 0.00122941 0.00244502 0.00234058
 0.00218453]) 	 loss 5.059E-01 	 horizons 19.0
step 11865 	 return [0.00902255 0.00605328 0.0034757  0.00330281 0.00034013 0.00215106
 0.        ], ([0.00109021 0.00088257 0.00232109 0.00175692 0.00102038 0.00252567
 0.        ]) 	 loss 5.055E-01 	 horizons 19.0
step 12055 	 return [0.00141362 0.00644909 0.00764761 0.00728609 0.01023438 0.00406139
 0.00518066], ([0.00174313 0.00199045 0.00320971 0.00199444 0.00499957 0.00379219
 0.00334093]) 	 loss 4.500E-01 	 horizons 19.0
step 12245 	 return [0.         0.00573162 0.00889073 0.00597527 0.01116001 0.00448796
 0.00643789], ([0.         0.00165459 0.00156918 0.00138807 0.00413095 0.00346065
 0.00240088]) 	 loss 4.695E-01 	 horizons 19.0
step 12435 	 return [0.00731452 0.00804291 0.00524351 0.00825398 0.00607685 0.00258665
 0.00399225], ([0.00187718 0.001567   0.00285982 0.00275743 0.00483493 0.00258576
 0.00300578]) 	 loss 4.521E-01 	 horizons 19.0
step 12625 	 return [0.00027164 0.00507495 0.00938639 0.00589766 0.01312771 0.00502965
 0.00581352], ([0.00055371 0.00158967 0.00192809 0.00173148 0.00318702 0.00286528
 0.00049851]) 	 loss 4.547E-01 	 horizons 19.0
step 12815 	 return [0.00606112 0.00617087 0.00270152 0.00758992 0.00866571 0.00194029
 0.00604012], ([0.00066192 0.00197405 0.0016528  0.00269921 0.00403404 0.00157876
 0.00265186]) 	 loss 4.447E-01 	 horizons 19.0
step 13005 	 return [0.00093327 0.00462766 0.00878716 0.00535378 0.01487944 0.00512419
 0.00666004], ([0.00179498 0.00151332 0.00310503 0.00163034 0.00459503 0.00351978
 0.00279014]) 	 loss 4.360E-01 	 horizons 19.0
step 13195 	 return [9.5597512e-05 6.3825101e-03 8.9212786e-03 6.3941642e-03 1.1695000e-02
 5.6210374e-03 3.9932719e-03], ([0.00028679 0.00180042 0.00151831 0.00098537 0.00374273 0.00320168
 0.00160205]) 	 loss 4.196E-01 	 horizons 19.0
step 13385 	 return [0.00034054 0.00476947 0.00831017 0.00793397 0.0115486  0.00347343
 0.00640967], ([0.00102162 0.00270709 0.00380673 0.00236418 0.00533093 0.00212038
 0.0034317 ]) 	 loss 4.143E-01 	 horizons 19.0
step 13575 	 return [7.4906093e-05 5.1245210e-03 7.3647201e-03 7.0646466e-03 1.4106686e-02
 2.7511253e-03 7.6077445e-03], ([0.00022472 0.0016755  0.00206746 0.00109221 0.00282918 0.00261795
 0.00162186]) 	 loss 3.924E-01 	 horizons 19.0
step 13765 	 return [0.01187954 0.008202   0.00739857 0.00657209 0.00216936 0.00708599
 0.00066008], ([0.00223545 0.00180634 0.001406   0.00146961 0.00185634 0.0044405
 0.00132066]) 	 loss 3.889E-01 	 horizons 19.0
step 13955 	 return [0.00621716 0.00503869 0.00282066 0.00843607 0.00746001 0.00609938
 0.00980328], ([0.0017013  0.00080727 0.00170231 0.00265937 0.00201826 0.00312661
 0.00338118]) 	 loss 3.758E-01 	 horizons 19.0
step 14145 	 return [0.00140937 0.00422192 0.00729693 0.00606989 0.00583343 0.0042482
 0.00728257], ([0.00281875 0.00085157 0.00194172 0.002979   0.0024189  0.00289575
 0.00379318]) 	 loss 3.788E-01 	 horizons 19.0
step 14335 	 return [0.00949976 0.00842151 0.00656143 0.00800397 0.00376584 0.00989495
 0.00096915], ([0.00243117 0.00099982 0.0016935  0.00145143 0.00180707 0.00466056
 0.00148041]) 	 loss 3.645E-01 	 horizons 19.0
step 14525 	 return [0.00507812 0.00423623 0.00448839 0.00840716 0.00596005 0.00455166
 0.00649996], ([0.0014578  0.0024392  0.00253636 0.00196249 0.00285173 0.00259486
 0.00382777]) 	 loss 3.408E-01 	 horizons 19.0
step 14715 	 return [0.00070585 0.00502171 0.00873225 0.00707061 0.01290641 0.00522951
 0.00890818], ([0.00211756 0.0017534  0.0028325  0.00307872 0.00495419 0.00321747
 0.0030426 ]) 	 loss 3.519E-01 	 horizons 19.0
step 14905 	 return [0.005765   0.00462277 0.00220482 0.0088865  0.00862456 0.00709559
 0.01115352], ([0.00067886 0.00101613 0.00017498 0.00135886 0.00266188 0.00164294
 0.00053944]) 	 loss 3.575E-01 	 horizons 19.0
step 15095 	 return [0.00771036 0.00870327 0.00566672 0.00773571 0.00632513 0.00974885
 0.00451298], ([0.0011488  0.00139497 0.00185579 0.0013363  0.00417717 0.00388312
 0.00335056]) 	 loss 2.971E-01 	 horizons 19.0
step 15285 	 return [0.00658034 0.0060596  0.00230587 0.00496474 0.01486963 0.00688728
 0.01016679], ([6.6011929e-04 7.2610594e-04 1.4410787e-05 9.0904912e-05 1.8496207e-03
 1.8823406e-03 8.1134768e-04]) 	 loss 3.053E-01 	 horizons 19.0
step 15475 	 return [0.00833876 0.00684054 0.00455137 0.01007942 0.00394283 0.00571193
 0.00490609], ([0.00164748 0.00122719 0.00238713 0.00261376 0.00286085 0.00277233
 0.00423324]) 	 loss 2.767E-01 	 horizons 19.0
step 15665 	 return [0.00053021 0.00482011 0.01034021 0.00678088 0.0153064  0.00420148
 0.0071531 ], ([0.00126049 0.00144201 0.0033626  0.00155601 0.00274866 0.00369288
 0.00137634]) 	 loss 2.904E-01 	 horizons 19.0
step 15855 	 return [0.00897654 0.0085034  0.00676188 0.00796885 0.002614   0.00629968
 0.00226024], ([0.00129861 0.00091949 0.00052482 0.00213969 0.00135926 0.00312347
 0.00147968]) 	 loss 2.934E-01 	 horizons 19.0
step 16045 	 return [0.01102995 0.00748246 0.00678012 0.00741939 0.00265811 0.00653267
 0.00129221], ([0.00320787 0.00161021 0.00114785 0.00199644 0.0014189  0.00384946
 0.00158262]) 	 loss 2.434E-01 	 horizons 19.0
step 16235 	 return [0.01010971 0.00921134 0.00703797 0.00626888 0.00288448 0.00629782
 0.00292356], ([0.00131587 0.00066189 0.0008218  0.00068963 0.00098367 0.00084705
 0.00097554]) 	 loss 2.622E-01 	 horizons 19.0
step 16425 	 return [7.5294003e-05 6.2203226e-03 1.0609731e-02 6.6137589e-03 1.5597293e-02
 4.1473070e-03 7.0844167e-03], ([0.00022588 0.00138147 0.00217386 0.00178454 0.00187073 0.00315342
 0.00198624]) 	 loss 2.288E-01 	 horizons 19.0
step 16615 	 return [7.4703319e-05 6.0928869e-03 1.2608801e-02 4.8093591e-03 1.3968823e-02
 5.4120356e-03 6.6848001e-03], ([0.00022411 0.00071963 0.00198398 0.00226968 0.00222571 0.00255528
 0.00124425]) 	 loss 2.674E-01 	 horizons 19.0
step 16805 	 return [0.         0.00423288 0.00931176 0.00461017 0.01564632 0.00752913
 0.0068987 ], ([0.         0.0025256  0.00307681 0.00139803 0.00266029 0.00229084
 0.00162746]) 	 loss 2.368E-01 	 horizons 19.0
step 16995 	 return [0.00561684 0.00313937 0.00383142 0.00533613 0.01530714 0.01095225
 0.00670346], ([0.00039535 0.002279   0.00152509 0.000424   0.00181866 0.00370428
 0.00137671]) 	 loss 2.586E-01 	 horizons 19.0
step 17185 	 return [0.00208317 0.00640835 0.00860411 0.00901188 0.01376329 0.00480628
 0.00647704], ([0.00210608 0.00166579 0.00173514 0.00053649 0.0024123  0.00286714
 0.00072949]) 	 loss 2.341E-01 	 horizons 19.0
step 17375 	 return [0.         0.00585848 0.00995491 0.00722132 0.01744265 0.00382
 0.0068153 ], ([0.         0.00244756 0.00219382 0.00094136 0.00241613 0.00232725
 0.00151092]) 	 loss 2.434E-01 	 horizons 19.0
step 17565 	 return [0.00626558 0.00509195 0.00315851 0.00842556 0.00680113 0.00760747
 0.00671882], ([0.00096904 0.00108707 0.00135516 0.00331865 0.00286526 0.0028359
 0.00492629]) 	 loss 2.245E-01 	 horizons 19.0
step 17755 	 return [0.00210626 0.00450287 0.00820107 0.00607105 0.01350184 0.00435118
 0.00519994], ([0.00223737 0.00117881 0.00252005 0.00234215 0.00568068 0.00324793
 0.00218685]) 	 loss 2.371E-01 	 horizons 19.0
step 17945 	 return [0.00266417 0.00609379 0.00933232 0.00739325 0.0132762  0.00471555
 0.00494426], ([0.00177    0.00148826 0.00198203 0.00167115 0.00338967 0.00245432
 0.00169073]) 	 loss 2.407E-01 	 horizons 19.0
step 18135 	 return [0.00621382 0.00312656 0.00816882 0.0113662  0.00752604 0.00439412
 0.00478941], ([0.00170167 0.00176849 0.00444198 0.00406019 0.00389546 0.00215054
 0.004792  ]) 	 loss 2.064E-01 	 horizons 19.0
step 18325 	 return [0.00012563 0.00634574 0.01164634 0.00607411 0.01753331 0.00527456
 0.00650734], ([0.00025792 0.00189134 0.00233516 0.00178257 0.00208888 0.00269961
 0.00073929]) 	 loss 2.261E-01 	 horizons 19.0
step 18515 	 return [0.00040283 0.0053591  0.01093143 0.00722519 0.01477396 0.00427307
 0.00640152], ([0.00083493 0.00185212 0.00334061 0.00186307 0.00432942 0.00311203
 0.00170986]) 	 loss 2.238E-01 	 horizons 19.0
step 18705 	 return [6.9651687e-05 6.3242530e-03 1.1268191e-02 5.8119488e-03 1.6052451e-02
 1.0495517e-02 6.7699910e-03], ([0.00020896 0.00160412 0.00174938 0.00207592 0.00283707 0.0033089
 0.001068  ]) 	 loss 2.281E-01 	 horizons 19.0
step 18895 	 return [0.00593215 0.00651975 0.0012522  0.00660224 0.00957878 0.00729532
 0.00479217], ([0.00156653 0.00102409 0.00174596 0.00154169 0.00243091 0.00136778
 0.00247301]) 	 loss 2.153E-01 	 horizons 19.0
step 19085 	 return [0.00018084 0.00631904 0.0111013  0.00700102 0.01512007 0.00617725
 0.00665174], ([0.00037433 0.00174321 0.00170286 0.00183551 0.00186221 0.00314325
 0.0014831 ]) 	 loss 2.187E-01 	 horizons 19.0
step 19275 	 return [6.9880909e-05 8.0779102e-03 1.1676149e-02 7.2560087e-03 1.4939251e-02
 5.5898856e-03 5.5177528e-03], ([0.00020964 0.00131771 0.00120206 0.00148444 0.0015947  0.00243009
 0.00227594]) 	 loss 1.935E-01 	 horizons 19.0
step 19465 	 return [0.00692251 0.0098208  0.00684569 0.00684046 0.00899439 0.00839979
 0.00560081], ([2.0232517e-06 1.0916430e-03 1.5125594e-03 1.2510549e-05 1.0270373e-04
 1.2176083e-03 5.8898245e-06]) 	 loss 2.104E-01 	 horizons 19.0
step 19655 	 return [0.0046611  0.00242972 0.00701277 0.00689848 0.01598232 0.00437393
 0.00822031], ([0.00073834 0.00262473 0.00142627 0.00206291 0.00222973 0.0022522
 0.00181903]) 	 loss 2.166E-01 	 horizons 19.0
step 19845 	 return [0.00011199 0.00731531 0.01203913 0.00740296 0.01385528 0.00682508
 0.00630931], ([0.00033596 0.0012724  0.00127752 0.00143721 0.00266611 0.00302719
 0.00183076]) 	 loss 2.080E-01 	 horizons 19.0
step 20035 	 return [0.00351947 0.00423934 0.00917143 0.00781974 0.01447224 0.00604767
 0.00476968], ([0.00201933 0.00106296 0.00368568 0.00318199 0.00503136 0.00281746
 0.00272336]) 	 loss 1.673E-01 	 horizons 19.0
step 20225 	 return [0.00320448 0.00479743 0.0125654  0.00745672 0.01245029 0.00500656
 0.00286223], ([0.00139509 0.00202369 0.0014633  0.00214491 0.00483609 0.00353671
 0.00163264]) 	 loss 1.978E-01 	 horizons 19.0
step 20415 	 return [0.0127946  0.0076307  0.00770723 0.00673943 0.00254446 0.00606364
 0.00161526], ([0.00318759 0.00148009 0.000953   0.00016257 0.00132374 0.00010499
 0.00161526]) 	 loss 1.851E-01 	 horizons 19.0
step 20605 	 return [0.00997099 0.00757674 0.00727447 0.00666102 0.00339279 0.00561974
 0.00270891], ([0.00316119 0.00201899 0.00079789 0.00046088 0.00123118 0.00118027
 0.001403  ]) 	 loss 1.487E-01 	 horizons 19.0
step 20795 	 return [0.01075861 0.00587745 0.00597619 0.00731031 0.00334475 0.00974439
 0.        ], ([0.00176176 0.00102597 0.00127698 0.00102891 0.00140604 0.00186308
 0.        ]) 	 loss 1.692E-01 	 horizons 19.0
step 20985 	 return [0.00600683 0.00669505 0.00673224 0.00742044 0.01011434 0.00460525
 0.00548264], ([0.00237385 0.00220156 0.00094954 0.00274812 0.00260592 0.00211749
 0.0023968 ]) 	 loss 1.488E-01 	 horizons 19.0
step 21175 	 return [0.00115909 0.00301859 0.00540321 0.00727106 0.00425195 0.00618363
 0.01007647], ([0.00238601 0.00123139 0.00214191 0.00251551 0.00194492 0.00264126
 0.00565568]) 	 loss 1.489E-01 	 horizons 19.0
step 21365 	 return [0.0037204  0.00479923 0.01084075 0.00731674 0.01665443 0.00415226
 0.00452425], ([9.4093484e-05 1.0258864e-03 1.0236091e-03 1.6192741e-03 1.4962065e-03
 2.2658927e-03 1.8588714e-03]) 	 loss 1.668E-01 	 horizons 19.0
step 21555 	 return [0.00014275 0.00859758 0.01014054 0.00661364 0.00750234 0.00281835
 0.00375917], ([0.00042825 0.00387467 0.00181965 0.00184929 0.0039448  0.00077087
 0.00192854]) 	 loss 1.652E-01 	 horizons 19.0
step 21745 	 return [0.00446372 0.00726969 0.01418838 0.00450109 0.00935916 0.00194725
 0.00227545], ([0.00085723 0.0021975  0.0013544  0.00180874 0.00313119 0.00121903
 0.00077245]) 	 loss 1.610E-01 	 horizons 19.0
step 21935 	 return [0.00406173 0.0046595  0.01047573 0.00842853 0.01616454 0.0078255
 0.0053006 ], ([0.00053424 0.00015906 0.00094933 0.00089067 0.00155481 0.00179042
 0.00146906]) 	 loss 1.573E-01 	 horizons 19.0
step 22125 	 return [0.00012185 0.00687025 0.01068826 0.0074616  0.01544133 0.00763859
 0.00431585], ([0.0002468  0.00065535 0.00135636 0.00132893 0.00127271 0.00154133
 0.00179393]) 	 loss 1.373E-01 	 horizons 19.0
step 22315 	 return [0.01025193 0.00491044 0.00556641 0.00745096 0.00491006 0.00965858
 0.00064719], ([0.00069717 0.00188105 0.00046869 0.00027213 0.00129055 0.00183259
 0.00129439]) 	 loss 1.450E-01 	 horizons 19.0
step 22505 	 return [0.00492334 0.00247723 0.00211997 0.00769756 0.00884744 0.00684579
 0.00917163], ([0.00055434 0.00221566 0.00143959 0.00175122 0.00257074 0.00288653
 0.00130643]) 	 loss 1.161E-01 	 horizons 19.0
step 22695 	 return [0.00134023 0.00533142 0.01231885 0.00673669 0.01553068 0.00655181
 0.0065371 ], ([0.00153917 0.00122338 0.00151243 0.00122326 0.00087121 0.00224148
 0.0006456 ]) 	 loss 1.438E-01 	 horizons 19.0
step 22885 	 return [0.00368435 0.00403172 0.01020515 0.00891816 0.01487266 0.00779573
 0.00494697], ([0.00130881 0.0015238  0.00103556 0.00081725 0.00454092 0.00228626
 0.00198132]) 	 loss 1.364E-01 	 horizons 19.0
step 23075 	 return [0.00375212 0.00447701 0.01082325 0.00833385 0.01584623 0.00570451
 0.00516093], ([0.00017915 0.0003921  0.0010655  0.00120439 0.00093692 0.00130713
 0.00130995]) 	 loss 1.353E-01 	 horizons 19.0
step 23265 	 return [0.00475485 0.00535175 0.01094399 0.00885838 0.01505758 0.01002355
 0.00673043], ([0.00024737 0.0005909  0.00062578 0.00064739 0.00081973 0.00072782
 0.00025352]) 	 loss 1.524E-01 	 horizons 19.0
step 23455 	 return [0.0044341  0.00490208 0.01053994 0.00959043 0.01571535 0.00998197
 0.00617865], ([0.0004551  0.00028538 0.00054891 0.0014313  0.00075376 0.00101713
 0.00138737]) 	 loss 1.639E-01 	 horizons 19.0
step 23645 	 return [0.00491959 0.00477045 0.00100483 0.00899576 0.01083891 0.00509547
 0.00814951], ([7.5044292e-05 1.0008375e-03 1.0081226e-03 1.9518735e-03 6.6763727e-04
 3.4003195e-03 1.0377904e-03]) 	 loss 1.560E-01 	 horizons 19.0
step 23835 	 return [0.0041405  0.00498366 0.01036282 0.00806931 0.01638473 0.00525474
 0.00945579], ([0.00010673 0.00121099 0.00040766 0.00072076 0.00159081 0.00187146
 0.00229597]) 	 loss 1.709E-01 	 horizons 19.0
step 24025 	 return [0.00015168 0.00643613 0.01213343 0.00691929 0.01523525 0.01004488
 0.00642573], ([0.00030336 0.00136289 0.00124584 0.00182614 0.00088237 0.00128143
 0.00153172]) 	 loss 1.557E-01 	 horizons 19.0
step 24215 	 return [0.00434561 0.00486049 0.01008949 0.00854822 0.01584899 0.01003694
 0.0064644 ], ([0.00055484 0.00057277 0.00083449 0.00051018 0.00107386 0.00151925
 0.00108083]) 	 loss 1.624E-01 	 horizons 19.0
step 24405 	 return [0.00423847 0.00503068 0.01060561 0.0106497  0.01644742 0.00984834
 0.00761834], ([0.00024482 0.00032171 0.00048643 0.00159863 0.00159823 0.00278786
 0.00150936]) 	 loss 1.486E-01 	 horizons 19.0
step 24595 	 return [0.00389858 0.00463293 0.01111548 0.01100352 0.01491574 0.00871353
 0.00468112], ([0.00032537 0.00054373 0.00072785 0.00187296 0.00098016 0.00194494
 0.0016248 ]) 	 loss 1.351E-01 	 horizons 19.0
step 24785 	 return [0.00021607 0.00464443 0.01222244 0.00555039 0.0147903  0.00963562
 0.00689633], ([0.00033056 0.00239734 0.00194171 0.0014495  0.00096212 0.00108011
 0.0008084 ]) 	 loss 1.364E-01 	 horizons 19.0
step 24975 	 return [0.00413451 0.00520621 0.01066997 0.00888551 0.01614551 0.01087787
 0.00719647], ([7.5615455e-05 3.6170924e-04 3.5450538e-04 1.5196052e-03 5.1382050e-04
 1.0153969e-03 8.4478845e-04]) 	 loss 1.508E-01 	 horizons 19.0
step 25165 	 return [0.00383442 0.00460957 0.01016753 0.00834488 0.01618749 0.00743563
 0.0053103 ], ([8.7133580e-05 2.7065416e-04 1.1214778e-03 3.8696674e-04 1.0466137e-03
 1.9770376e-03 8.9374487e-04]) 	 loss 1.355E-01 	 horizons 19.0
step 25355 	 return [0.00463388 0.00472427 0.01076558 0.01016665 0.01552397 0.01034152
 0.00729343], ([0.00037596 0.00163174 0.00053377 0.00135116 0.00157211 0.00118879
 0.00148517]) 	 loss 1.131E-01 	 horizons 19.0
step 25545 	 return [0.0042804  0.00466416 0.01017575 0.00816324 0.01637566 0.01037232
 0.00644007], ([0.0004628  0.00166638 0.0011096  0.00128099 0.00082235 0.00294223
 0.00130392]) 	 loss 1.364E-01 	 horizons 19.0
step 25735 	 return [0.00397718 0.00467907 0.0110213  0.01070048 0.01522257 0.01034681
 0.00492576], ([0.00046557 0.00055355 0.00078462 0.00208618 0.00115852 0.00190733
 0.00176231]) 	 loss 1.186E-01 	 horizons 19.0
step 25925 	 return [0.         0.00717685 0.01169668 0.00723798 0.01946595 0.01092471
 0.00736006], ([0.         0.00140809 0.00169245 0.0024008  0.00254929 0.00240837
 0.00253924]) 	 loss 1.241E-01 	 horizons 19.0
step 26115 	 return [0.         0.00856971 0.01303101 0.0079326  0.01881688 0.01138094
 0.00640609], ([0.         0.00162997 0.00214875 0.00179502 0.00280967 0.00264402
 0.00220426]) 	 loss 1.199E-01 	 horizons 19.0
step 26305 	 return [0.00398741 0.00479574 0.01189007 0.01240109 0.01480959 0.00764203
 0.00360074], ([0.00036037 0.00051784 0.00094002 0.0012279  0.00344447 0.00193529
 0.00160075]) 	 loss 1.217E-01 	 horizons 19.0
step 26495 	 return [0.00400405 0.00523733 0.01039992 0.00802134 0.01630121 0.01137825
 0.00707286], ([0.00015572 0.00055178 0.00038099 0.0001945  0.00075592 0.00062255
 0.00034477]) 	 loss 1.071E-01 	 horizons 19.0
step 26685 	 return [0.00408646 0.00572947 0.01063367 0.00774979 0.01703682 0.01167702
 0.00743532], ([0.00010388 0.00068805 0.00027614 0.00068355 0.00125616 0.00199125
 0.00068256]) 	 loss 1.081E-01 	 horizons 19.0
step 26875 	 return [0.00412709 0.00503123 0.01049858 0.00840768 0.01659729 0.00997435
 0.00625447], ([0.00035564 0.00039785 0.00067166 0.00049128 0.00098867 0.00196369
 0.00143312]) 	 loss 9.695E-02 	 horizons 19.0
step 27065 	 return [0.00452762 0.00392527 0.01028404 0.00772531 0.01651795 0.00977164
 0.00810593], ([0.0006971  0.00259811 0.0014017  0.00052121 0.00054842 0.00334723
 0.00167334]) 	 loss 1.007E-01 	 horizons 19.0
step 27255 	 return [0.00417211 0.00524645 0.01078243 0.00905942 0.01561009 0.01013337
 0.00679035], ([0.00039384 0.00043141 0.00052469 0.0014294  0.00120602 0.00227943
 0.0006315 ]) 	 loss 9.427E-02 	 horizons 19.0
step 27445 	 return [6.8858244e-05 8.9249220e-03 1.3314316e-02 7.8221718e-03 1.9142237e-02
 1.3486301e-02 7.3223719e-03], ([0.00020657 0.00208457 0.00174358 0.00182859 0.0030584  0.00169997
 0.00033844]) 	 loss 8.350E-02 	 horizons 19.0
step 27635 	 return [0.00446239 0.00524839 0.01052086 0.0088055  0.01591356 0.01082153
 0.0070197 ], ([0.00041499 0.00035184 0.00031004 0.00115242 0.00081837 0.00092341
 0.00029526]) 	 loss 9.676E-02 	 horizons 19.0
step 27825 	 return [0.00419209 0.00567963 0.01115601 0.00781561 0.01625065 0.01122062
 0.00682522], ([0.00011489 0.00041404 0.00041189 0.00027091 0.00026861 0.00122648
 0.00022982]) 	 loss 9.045E-02 	 horizons 19.0
step 28015 	 return [0.         0.0081729  0.01212651 0.00688    0.02069986 0.01303266
 0.00862622], ([0.         0.00300655 0.00249034 0.00206833 0.00220667 0.00187341
 0.00134512]) 	 loss 8.066E-02 	 horizons 19.0
step 28205 	 return [0.         0.00936339 0.01321636 0.00789585 0.01985181 0.01312805
 0.00737042], ([0.         0.00125693 0.00215991 0.00060871 0.00271861 0.00259759
 0.00034501]) 	 loss 7.016E-02 	 horizons 19.0
step 28395 	 return [0.00692184 0.01018468 0.00734987 0.00684463 0.00896016 0.00880566
 0.00560278], ([0.000000e+00 9.313226e-10 9.313226e-10 0.000000e+00 0.000000e+00
 9.313226e-10 4.656613e-10]) 	 loss 7.089E-02 	 horizons 19.0
step 28585 	 return [0.         0.01039005 0.01448532 0.00803682 0.01839767 0.01402752
 0.00756817], ([0.         0.00074493 0.00245788 0.00053268 0.00334952 0.00076809
 0.00027407]) 	 loss 6.925E-02 	 horizons 19.0
step 28775 	 return [0.00462641 0.00549638 0.01099516 0.00776804 0.01660834 0.01160844
 0.0070336 ], ([0.00042272 0.00092022 0.00156592 0.00061385 0.00055174 0.00164478
 0.0002908 ]) 	 loss 6.381E-02 	 horizons 19.0
step 28965 	 return [0.0042131  0.00485665 0.01068621 0.01136283 0.01605083 0.010959
 0.0072714 ], ([2.4438277e-05 5.7325651e-05 1.1710329e-04 1.2033535e-03 7.0980529e-04
 9.8267838e-04 1.1850756e-03]) 	 loss 6.361E-02 	 horizons 19.0
step 29155 	 return [0.         0.00942837 0.01397218 0.00793441 0.01947153 0.01386311
 0.00732544], ([0.         0.00106462 0.00216269 0.00037136 0.00316352 0.00062463
 0.0001788 ]) 	 loss 7.193E-02 	 horizons 19.0
step 29345 	 return [0.00419801 0.0051693  0.01094297 0.0098521  0.01603412 0.01143814
 0.0068104 ], ([2.3230445e-05 2.9353704e-04 2.1772087e-04 1.9118510e-03 2.1989456e-04
 1.5158392e-04 6.5968372e-05]) 	 loss 5.744E-02 	 horizons 19.0
step 29535 	 return [0.0043287  0.00771431 0.01118962 0.00812987 0.02108898 0.0135187
 0.00736428], ([0.00038221 0.00093652 0.00156744 0.00037513 0.00198506 0.00147214
 0.00034531]) 	 loss 6.446E-02 	 horizons 19.0
step 29725 	 return [6.8858244e-05 9.4634173e-03 1.5000840e-02 8.0863973e-03 1.7004594e-02
 1.3658824e-02 7.3122643e-03], ([0.00020657 0.00184002 0.00298314 0.00133647 0.00346239 0.00187436
 0.00032057]) 	 loss 7.820E-02 	 horizons 19.0
step 29915 	 return [0.00419411 0.00486401 0.01059556 0.01178245 0.01588105 0.01129076
 0.00697372], ([5.4271892e-05 2.3504534e-05 2.5936661e-04 3.6996604e-05 1.3363958e-04
 8.4176663e-06 1.9470174e-04]) 	 loss 6.911E-02 	 horizons 19.0
step 30105 	 return [0.0047561  0.00524176 0.01039386 0.00850368 0.01598662 0.01057376
 0.00702627], ([0.00024251 0.00041291 0.00021563 0.00054221 0.0006232  0.00105168
 0.0002527 ]) 	 loss 4.297E-02 	 horizons 19.0
[1;34mwandb[0m: 
[1;34mwandb[0m: 🚀 View run [33mmotndp_xian-v0__GCN-xian-g7-spatial__123__1781491775[0m at: [34mhttps://wandb.ai/jingyuan-sun03-tu-delft/cl_ablation/runs/3cz4wrou[0m
[1;34mwandb[0m: Find logs at: [1;35mwandb/run-20260615_044936-3cz4wrou/logs[0m
