/home/SinJ/mo-transport-network-design/.venv/lib/python3.13/site-packages/pygame/pkgdata.py:25: UserWarning: pkg_resources is deprecated as an API. See https://setuptools.pypa.io/en/latest/pkg_resources.html. The pkg_resources package is slated for removal as early as 2025-11-30. Refrain from using this package or pin to Setuptools<81.
  from pkg_resources import resource_stream, resource_exists
wandb: [wandb.login()] Loaded credentials for https://api.wandb.ai from /home/SinJ/.netrc.
wandb: Currently logged in as: jingyuan-sun03 (jingyuan-sun03-tu-delft) to https://api.wandb.ai. Use `wandb login --relogin` to force relogin
wandb: setting up run rgnn0xgj
wandb: Tracking run with wandb version 0.27.2
wandb: Run data is saved locally in /home/SinJ/mo-transport-network-design/wandb/run-20260615_042506-rgnn0xgj
wandb: Run `wandb offline` to turn off syncing.
wandb: Syncing run motndp_xian-v0__GCN-xian-g7-l0__789__1781490306
wandb: ⭐️ View project at https://wandb.ai/jingyuan-sun03-tu-delft/cl_ablation
wandb: 🚀 View run at https://wandb.ai/jingyuan-sun03-tu-delft/cl_ablation/runs/rgnn0xgj
/home/SinJ/mo-transport-network-design/morl-baselines/morl_baselines/multi_policy/gcn/gcn.py:151: UserWarning: Creating a tensor from a list of numpy.ndarrays is extremely slow. Please consider converting the list to a single numpy.ndarray with numpy.array() before converting to a tensor. (Triggered internally at /pytorch/torch/csrc/utils/tensor_new.cpp:253.)
  th.tensor(obs).to(self.device),
Namespace(env='xian', nr_groups=7, starting_loc_x=9, starting_loc_y=19, nr_stations=20, lr=0.01, batch_size=256, num_er_episodes=100, num_step_episodes=10, num_model_updates=10, num_policies=10, max_buffer_size=200, nr_layers=1, hidden_dim=128, timesteps=30000, no_log=False, seed=789, cd_threshold=0.2, distance_ref='interpolate2', gcn_lambda=0.0, lambda_schedule='constant', lambda_start=1.0, lambda_end=None, lambda_warmup_fraction=0.0, lambda_freeze_fraction=0.1, spatial_alpha=0.0, include_demand_context=False, criterion='lorenz', nash_mode='pareto_sized', nash_top_k=None, nash_shift=0.0, project_name='cl_ablation', experiment_name='GCN-xian-g7-l0', wandb_entity=None)
step 1965 	 return [0.00481313 0.00459955 0.00297604 0.00242398 0.00414413 0.00254842
 0.00060344], ([0.0031225  0.00260558 0.00299387 0.00244409 0.00536354 0.00272505
 0.00181033]) 	 loss 1.940E+00 	 horizons 19.0
step 2151 	 return [0.00359115 0.00212603 0.0025615  0.00177915 0.00175006 0.00133989
 0.        ], ([0.00210563 0.00135273 0.00266352 0.0018992  0.00171444 0.0020977
 0.        ]) 	 loss 1.543E+00 	 horizons 18.6
step 2336 	 return [0.00384101 0.00461114 0.0051592  0.00430387 0.00187788 0.00276932
 0.00047869], ([0.0032361  0.00232853 0.00373868 0.00408297 0.00216361 0.00278899
 0.00115315]) 	 loss 1.156E+00 	 horizons 18.5
step 2526 	 return [0.00542924 0.0037508  0.00292676 0.00210388 0.00167342 0.00124318
 0.        ], ([0.0041488  0.00238273 0.00256391 0.00265576 0.00166892 0.00168463
 0.        ]) 	 loss 9.657E-01 	 horizons 19.0
step 2709 	 return [0.00099618 0.00488686 0.00258663 0.00182332 0.00169637 0.00143347
 0.00082261], ([0.00162138 0.00272891 0.00222622 0.00201078 0.00171191 0.00264602
 0.00145572]) 	 loss 9.014E-01 	 horizons 18.3
step 2899 	 return [0.00771611 0.00506989 0.00495516 0.00399377 0.00282519 0.00306651
 0.00082372], ([0.00481127 0.00089169 0.00294081 0.00195627 0.00256148 0.00324075
 0.00164784]) 	 loss 8.958E-01 	 horizons 19.0
step 3089 	 return [0.00511719 0.0047518  0.00482823 0.00460955 0.00355224 0.00378702
 0.0021116 ], ([0.00571266 0.00255685 0.00284122 0.00212254 0.00402317 0.0029756
 0.00323325]) 	 loss 8.129E-01 	 horizons 19.0
step 3279 	 return [0.00366833 0.00156539 0.00468519 0.00493991 0.00877291 0.00507277
 0.00548896], ([0.00287991 0.00149446 0.00166927 0.00302557 0.00643631 0.00318741
 0.00454991]) 	 loss 8.246E-01 	 horizons 19.0
step 3469 	 return [0.00171825 0.00291299 0.005614   0.00389886 0.00868625 0.00381034
 0.00467589], ([0.00264375 0.00192217 0.00262873 0.00155692 0.00611434 0.0022187
 0.00228177]) 	 loss 7.776E-01 	 horizons 19.0
step 3659 	 return [0.00475787 0.00343561 0.00549477 0.00583295 0.00433021 0.0037791
 0.00386262], ([0.00449491 0.00203816 0.00200482 0.00317438 0.00418002 0.00271324
 0.00375182]) 	 loss 7.830E-01 	 horizons 19.0
step 3849 	 return [0.0039059  0.00434001 0.00529982 0.0030971  0.0041139  0.00249073
 0.00087361], ([0.00363995 0.00200825 0.00396836 0.00321769 0.00388477 0.00259235
 0.00175232]) 	 loss 7.775E-01 	 horizons 19.0
step 4039 	 return [0.0025082  0.00295228 0.00705254 0.00616217 0.00639208 0.0047682
 0.00457258], ([0.00343551 0.00209029 0.00210031 0.00225597 0.00428486 0.00171872
 0.00412956]) 	 loss 7.255E-01 	 horizons 19.0
step 4229 	 return [0.00171537 0.00272954 0.00519469 0.00556134 0.00556367 0.00500591
 0.00617047], ([0.00238019 0.00269216 0.00280863 0.00288098 0.00347963 0.00243731
 0.00406602]) 	 loss 7.392E-01 	 horizons 19.0
step 4419 	 return [0.0006354  0.00255416 0.00656909 0.00501854 0.00751028 0.00483557
 0.00369507], ([0.00127118 0.00227207 0.00324979 0.00214526 0.0034276  0.00292378
 0.00349078]) 	 loss 7.148E-01 	 horizons 19.0
step 4609 	 return [0.00362702 0.00349693 0.00809984 0.00747127 0.0076075  0.00452163
 0.00422888], ([0.00289514 0.00259579 0.00324697 0.00380301 0.00480316 0.00304903
 0.00451377]) 	 loss 7.106E-01 	 horizons 19.0
step 4799 	 return [0.00981167 0.00638476 0.00358506 0.00281237 0.00120768 0.00232366
 0.        ], ([0.00251891 0.00123025 0.00189215 0.00084827 0.00157385 0.00380093
 0.        ]) 	 loss 7.063E-01 	 horizons 19.0
step 4989 	 return [0.00277778 0.00126573 0.00481958 0.00744807 0.00461297 0.00494428
 0.00767898], ([0.00304909 0.00173803 0.00267828 0.00355752 0.00297409 0.00244259
 0.00564171]) 	 loss 6.888E-01 	 horizons 19.0
step 5179 	 return [0.00500014 0.00352801 0.00660771 0.00732451 0.00382031 0.00387231
 0.00406124], ([0.0035694  0.00265428 0.00324114 0.00378309 0.00296533 0.00166206
 0.00435373]) 	 loss 6.998E-01 	 horizons 19.0
step 5369 	 return [0.00395181 0.00288846 0.00736339 0.00732673 0.00468712 0.00487968
 0.00461368], ([0.00327801 0.00250037 0.00243284 0.00258689 0.00291788 0.00277346
 0.00353549]) 	 loss 6.788E-01 	 horizons 19.0
step 5559 	 return [0.00111031 0.00279181 0.00708077 0.00429461 0.00821635 0.00440981
 0.00466963], ([0.0017252  0.00224645 0.00276017 0.00287834 0.00509822 0.00204386
 0.00240938]) 	 loss 6.940E-01 	 horizons 19.0
step 5749 	 return [0.00261032 0.00355549 0.00875715 0.00587634 0.00983391 0.00469917
 0.00652471], ([0.0022117  0.00171196 0.0032761  0.00311537 0.00533432 0.00282537
 0.00427675]) 	 loss 7.074E-01 	 horizons 19.0
step 5939 	 return [0.00505254 0.00206716 0.00500849 0.00731163 0.00597677 0.0054013
 0.00479451], ([0.00294853 0.00222557 0.00161741 0.00222607 0.00291197 0.00152091
 0.00445762]) 	 loss 7.197E-01 	 horizons 19.0
step 6129 	 return [0.00477888 0.0018285  0.00600476 0.00488702 0.00892094 0.00485166
 0.00619225], ([0.00192637 0.00225417 0.00204419 0.00305718 0.00543897 0.00225978
 0.00356749]) 	 loss 7.182E-01 	 horizons 19.0
step 6319 	 return [0.00263916 0.0019943  0.00737371 0.00715632 0.01081253 0.00485896
 0.00680063], ([0.00270905 0.00223483 0.00153191 0.00350183 0.00545162 0.00319398
 0.00397844]) 	 loss 7.004E-01 	 horizons 19.0
step 6509 	 return [0.00499605 0.0031671  0.00765378 0.00840671 0.00478914 0.00507156
 0.00502304], ([0.00201196 0.00252607 0.00251032 0.00338294 0.00230232 0.00233471
 0.0044157 ]) 	 loss 6.865E-01 	 horizons 19.0
step 6699 	 return [0.00435518 0.00186072 0.00638124 0.0077665  0.00728546 0.00543471
 0.0067485 ], ([0.00269997 0.0016475  0.00284369 0.00251777 0.0038479  0.00162759
 0.00465177]) 	 loss 6.805E-01 	 horizons 19.0
step 6889 	 return [0.00320676 0.00154844 0.00622294 0.00734144 0.01116554 0.00532989
 0.00751865], ([0.00223636 0.00159629 0.00178541 0.00245946 0.00455178 0.00131859
 0.00251226]) 	 loss 6.658E-01 	 horizons 19.0
step 7079 	 return [0.00727397 0.00336858 0.00632381 0.00767239 0.00579447 0.00438735
 0.00367259], ([0.00212596 0.00159421 0.00314962 0.00299873 0.00306309 0.00214162
 0.00400967]) 	 loss 6.814E-01 	 horizons 19.0
step 7269 	 return [0.00434603 0.00102066 0.00546291 0.0091205  0.00612129 0.00387594
 0.00716893], ([0.00235921 0.00158967 0.00290249 0.002527   0.00294474 0.00283949
 0.00377302]) 	 loss 6.584E-01 	 horizons 19.0
step 7459 	 return [0.00741409 0.00454234 0.00487983 0.00644325 0.0053029  0.00507528
 0.00230711], ([0.00117123 0.0021239  0.00107273 0.00242585 0.00207871 0.00138949
 0.00246609]) 	 loss 6.654E-01 	 horizons 19.0
step 7649 	 return [0.00515074 0.00087658 0.00451747 0.00799745 0.00940862 0.00466171
 0.00701611], ([0.00080876 0.00109379 0.00165296 0.0015628  0.00386501 0.00310902
 0.00330149]) 	 loss 6.298E-01 	 horizons 19.0
step 7839 	 return [0.00759828 0.0043391  0.00686406 0.0074285  0.00462785 0.00552418
 0.00288837], ([0.0014755  0.00177181 0.00318515 0.00257907 0.00176919 0.00238543
 0.00372705]) 	 loss 6.510E-01 	 horizons 19.0
step 8029 	 return [0.         0.00133247 0.00579516 0.00722158 0.00785402 0.00473406
 0.00689438], ([0.         0.00185613 0.00108503 0.00229213 0.00378659 0.00247278
 0.0030469 ]) 	 loss 6.066E-01 	 horizons 19.0
step 8219 	 return [0.00483604 0.0008131  0.00540589 0.00717169 0.00997623 0.00411348
 0.00733686], ([0.00169343 0.00154187 0.00174031 0.00309339 0.00358937 0.00223024
 0.00342296]) 	 loss 6.133E-01 	 horizons 19.0
step 8409 	 return [0.00243461 0.00270528 0.0061012  0.00711582 0.0074815  0.00519577
 0.00606146], ([0.00249668 0.00235412 0.0016287  0.00244461 0.00300994 0.00259503
 0.00335552]) 	 loss 5.810E-01 	 horizons 19.0
step 8599 	 return [0.00599509 0.00102021 0.00488418 0.00807769 0.01021592 0.00437461
 0.00694308], ([0.00090346 0.00092553 0.00105606 0.00187593 0.00229896 0.00212364
 0.00269013]) 	 loss 6.201E-01 	 horizons 19.0
step 8789 	 return [0.00636185 0.00355241 0.0073968  0.00748487 0.00536071 0.00507371
 0.00245415], ([0.00199029 0.00165634 0.00263656 0.00332138 0.00155583 0.0020902
 0.00356192]) 	 loss 6.018E-01 	 horizons 19.0
step 8979 	 return [0.00821847 0.00470414 0.00552135 0.00798207 0.00337025 0.00442079
 0.00186259], ([0.00161251 0.00198834 0.00215482 0.00254843 0.00241074 0.00146153
 0.00236624]) 	 loss 5.792E-01 	 horizons 19.0
step 9169 	 return [0.00706617 0.00508156 0.0059627  0.00759856 0.00459888 0.00464112
 0.00251102], ([0.00099475 0.00307509 0.00166222 0.00340648 0.00195263 0.0019963
 0.0018327 ]) 	 loss 5.429E-01 	 horizons 19.0
step 9359 	 return [0.00790813 0.00397126 0.00486656 0.00797943 0.00460174 0.00427807
 0.00387197], ([0.00129423 0.0014715  0.00184944 0.00236512 0.00190873 0.00177914
 0.00305788]) 	 loss 5.437E-01 	 horizons 19.0
step 9549 	 return [0.0050434  0.00407758 0.00735787 0.00759206 0.00615487 0.0040869
 0.00242256], ([0.00109714 0.00244899 0.0017573  0.00200681 0.00145157 0.00104935
 0.00175629]) 	 loss 5.161E-01 	 horizons 19.0
step 9739 	 return [0.0067765  0.00476254 0.00578677 0.00489808 0.00501186 0.00501569
 0.00162446], ([0.00105836 0.00174821 0.00143879 0.0015311  0.00192665 0.00164107
 0.00256932]) 	 loss 5.228E-01 	 horizons 19.0
step 9929 	 return [0.00569049 0.00036669 0.0041132  0.00792714 0.00955227 0.00486356
 0.00712292], ([0.00061244 0.00073339 0.00062074 0.00222215 0.00157631 0.00202733
 0.00247315]) 	 loss 4.959E-01 	 horizons 19.0
step 10119 	 return [0.00558847 0.0050039  0.00656134 0.00620087 0.00597456 0.00563901
 0.00252729], ([0.00107603 0.00265914 0.00131756 0.00213557 0.00185718 0.00193294
 0.0030627 ]) 	 loss 4.866E-01 	 horizons 19.0
step 10309 	 return [0.00636946 0.00219321 0.00550246 0.00884123 0.00531225 0.00584895
 0.00834915], ([0.00154868 0.00195385 0.00209504 0.00295823 0.00195876 0.00256953
 0.00378485]) 	 loss 4.908E-01 	 horizons 19.0
step 10499 	 return [0.00490097 0.00102346 0.00656319 0.00566425 0.0111805  0.00432834
 0.00764764], ([0.00078972 0.00140099 0.00096689 0.00220885 0.00195721 0.00161489
 0.00321995]) 	 loss 4.865E-01 	 horizons 19.0
step 10689 	 return [0.00686794 0.00262165 0.00529932 0.0093389  0.00750927 0.00549655
 0.00628436], ([0.0008454  0.00277493 0.00108124 0.00253579 0.00235479 0.0023156
 0.00389156]) 	 loss 4.795E-01 	 horizons 19.0
step 10879 	 return [0.00589591 0.00066405 0.00778095 0.0088815  0.0092886  0.00538989
 0.00969747], ([0.00068154 0.00102687 0.00198022 0.00310186 0.00390826 0.00290338
 0.00292123]) 	 loss 4.660E-01 	 horizons 19.0
step 11069 	 return [0.00810937 0.00635276 0.00459907 0.00746368 0.00331261 0.00391101
 0.00238381], ([0.00186399 0.00186413 0.00194296 0.0022589  0.00165601 0.00061551
 0.00215336]) 	 loss 4.848E-01 	 horizons 19.0
step 11259 	 return [0.00727937 0.00621036 0.00452595 0.00603769 0.00593456 0.00378138
 0.00278157], ([0.00178833 0.00203797 0.00083503 0.00253866 0.00086878 0.00243951
 0.00203903]) 	 loss 4.462E-01 	 horizons 19.0
step 11449 	 return [0.00775487 0.00587691 0.00449726 0.00577308 0.00291123 0.00377222
 0.00296797], ([0.00139521 0.00118753 0.00180819 0.00219372 0.00094211 0.00086131
 0.00111212]) 	 loss 4.121E-01 	 horizons 19.0
step 11639 	 return [0.00751417 0.00570238 0.00457489 0.00465413 0.00327623 0.00411524
 0.0024907 ], ([0.00104167 0.00144527 0.00131891 0.00175714 0.00232272 0.00151903
 0.00215469]) 	 loss 4.059E-01 	 horizons 19.0
step 11829 	 return [0.00785193 0.00456486 0.00489755 0.00875154 0.00362108 0.00457941
 0.00346759], ([0.00161486 0.00123623 0.00141824 0.00325638 0.00199586 0.00163141
 0.00227287]) 	 loss 4.100E-01 	 horizons 19.0
step 12019 	 return [0.00456932 0.00382373 0.00653496 0.00607411 0.0076781  0.00425903
 0.00389582], ([0.00109641 0.00190455 0.00134994 0.00224354 0.00318129 0.00065085
 0.00153536]) 	 loss 4.132E-01 	 horizons 19.0
step 12209 	 return [0.00098748 0.00161629 0.00748644 0.00500057 0.01478706 0.00726073
 0.00664113], ([0.00208972 0.00133045 0.00211533 0.00257857 0.00417677 0.00326022
 0.00298395]) 	 loss 3.761E-01 	 horizons 19.0
step 12399 	 return [0.0088781  0.00556313 0.00375363 0.00742595 0.0026268  0.00336779
 0.00385286], ([0.00149341 0.00112006 0.00123943 0.00199403 0.00121893 0.00102227
 0.00209487]) 	 loss 3.898E-01 	 horizons 19.0
step 12589 	 return [0.00790687 0.00430149 0.00457119 0.00821477 0.0049674  0.00467814
 0.00442363], ([0.00158021 0.00175833 0.00172397 0.00325681 0.00184903 0.00159232
 0.0033135 ]) 	 loss 3.489E-01 	 horizons 19.0
step 12779 	 return [0.00461264 0.00163323 0.00612037 0.00646221 0.00833516 0.00521498
 0.0067051 ], ([0.0012136  0.00140662 0.00251352 0.0023327  0.00208705 0.00138461
 0.00357329]) 	 loss 3.487E-01 	 horizons 19.0
step 12969 	 return [0.01189734 0.00626808 0.00435171 0.00548845 0.00171548 0.0025776
 0.0015028 ], ([0.00257845 0.00073453 0.00050381 0.00179795 0.00105895 0.0026229
 0.00199813]) 	 loss 3.483E-01 	 horizons 19.0
step 13159 	 return [0.00704347 0.00157086 0.00601837 0.00818998 0.00745747 0.00544373
 0.00773555], ([0.0007457  0.00064987 0.00133123 0.00215417 0.00227282 0.00159702
 0.00354358]) 	 loss 3.180E-01 	 horizons 19.0
step 13349 	 return [0.00452467 0.00283848 0.00913668 0.00600548 0.01322113 0.00520259
 0.00548748], ([0.00130657 0.00152775 0.003318   0.00289741 0.00299151 0.00189325
 0.00224326]) 	 loss 3.354E-01 	 horizons 19.0
step 13539 	 return [0.00568656 0.00089079 0.00546112 0.00769457 0.01201324 0.00534693
 0.00813841], ([0.00096223 0.00097621 0.00184995 0.0020871  0.00233634 0.00203725
 0.00294717]) 	 loss 3.395E-01 	 horizons 19.0
step 13729 	 return [0.00495023 0.00137243 0.00742155 0.00524795 0.01429842 0.00593267
 0.00514106], ([0.00057832 0.00128024 0.00138791 0.00268532 0.00461737 0.0016492
 0.00147876]) 	 loss 3.751E-01 	 horizons 19.0
step 13919 	 return [0.00450335 0.00149668 0.00610213 0.00650427 0.0098428  0.0070555
 0.01035082], ([0.00081946 0.0012789  0.00114764 0.00235165 0.00277619 0.0012345
 0.00303184]) 	 loss 3.363E-01 	 horizons 19.0
step 14109 	 return [0.00427274 0.00284812 0.00795132 0.00676259 0.01281247 0.00536106
 0.00705766], ([0.00043228 0.00116508 0.00240037 0.00250153 0.00217591 0.00136118
 0.00306717]) 	 loss 3.290E-01 	 horizons 19.0
step 14299 	 return [0.00669814 0.00126154 0.00543577 0.00999341 0.00912675 0.00675784
 0.0100104 ], ([0.00077715 0.00092646 0.00108777 0.00295631 0.00204777 0.00122733
 0.0019923 ]) 	 loss 3.091E-01 	 horizons 19.0
step 14489 	 return [0.00816961 0.00474077 0.00445732 0.00580127 0.00544017 0.00423812
 0.00389609], ([0.0009098  0.00084111 0.00145875 0.00246548 0.00151515 0.00141317
 0.00117319]) 	 loss 3.261E-01 	 horizons 19.0
step 14679 	 return [0.00543248 0.00128975 0.00654261 0.00857294 0.01153211 0.00638076
 0.0110664 ], ([0.00117345 0.0010583  0.00074956 0.0019734  0.001923   0.0022402
 0.00104171]) 	 loss 2.781E-01 	 horizons 19.0
step 14869 	 return [0.00813514 0.00537309 0.00548735 0.00547392 0.00431158 0.00407797
 0.00388418], ([0.00102952 0.00129062 0.00113528 0.00255725 0.00194961 0.00160691
 0.00120343]) 	 loss 2.761E-01 	 horizons 19.0
step 15059 	 return [0.00422915 0.00293874 0.00792782 0.00394377 0.01586932 0.00695248
 0.00535172], ([0.00102853 0.00122732 0.0025888  0.00217643 0.00494908 0.00364761
 0.00429484]) 	 loss 2.946E-01 	 horizons 19.0
step 15249 	 return [0.00598864 0.00071972 0.00418924 0.00793296 0.00778967 0.00482619
 0.00764969], ([0.00072451 0.00088491 0.0009793  0.00179851 0.00100195 0.00155615
 0.00322774]) 	 loss 2.952E-01 	 horizons 19.0
step 15439 	 return [0.0056765  0.00155153 0.00435957 0.00685689 0.00610711 0.00511179
 0.00392599], ([0.00050648 0.00178171 0.00143213 0.0019169  0.00131755 0.00138889
 0.00231371]) 	 loss 3.010E-01 	 horizons 19.0
step 15629 	 return [0.00561123 0.00093549 0.0066751  0.0086504  0.01266168 0.00481734
 0.00979103], ([0.00075938 0.00166853 0.00153799 0.00258176 0.00216218 0.00238794
 0.00224341]) 	 loss 2.699E-01 	 horizons 19.0
step 15819 	 return [0.00440204 0.00178349 0.00526353 0.007135   0.00791116 0.00510882
 0.00698865], ([0.00059871 0.00109148 0.00118683 0.00164642 0.00185341 0.00193197
 0.00249038]) 	 loss 2.643E-01 	 horizons 19.0
step 16009 	 return [0.00974565 0.00593767 0.00490471 0.00411404 0.003411   0.00366911
 0.00281843], ([0.00152913 0.00089231 0.00053232 0.00072882 0.0013971  0.00222751
 0.00094616]) 	 loss 2.995E-01 	 horizons 19.0
step 16199 	 return [0.00454897 0.00156005 0.00568609 0.00927247 0.00881966 0.00701543
 0.01093828], ([0.00098792 0.00102886 0.00148683 0.00216118 0.00208501 0.00213583
 0.0021115 ]) 	 loss 2.858E-01 	 horizons 19.0
step 16389 	 return [0.00651821 0.00117287 0.00523157 0.00996411 0.00884444 0.00632672
 0.00905167], ([0.00058805 0.00083503 0.00085181 0.0025923  0.00130741 0.00200509
 0.00283598]) 	 loss 2.467E-01 	 horizons 19.0
step 16579 	 return [0.00566416 0.00164384 0.00693248 0.00636283 0.01583432 0.00619448
 0.00976822], ([0.00131399 0.00079866 0.00191987 0.00216969 0.00261142 0.00169571
 0.00288969]) 	 loss 2.593E-01 	 horizons 19.0
step 16769 	 return [0.00818148 0.00542582 0.00551369 0.00597017 0.00421375 0.00286153
 0.00396991], ([0.00102442 0.00183714 0.00105309 0.00247595 0.00186507 0.0010394
 0.00133651]) 	 loss 2.533E-01 	 horizons 19.0
step 16959 	 return [0.01120319 0.00583778 0.00441577 0.00428471 0.00263253 0.00119851
 0.00240646], ([0.00184253 0.0008083  0.00034272 0.00018777 0.00075855 0.00095973
 0.00120342]) 	 loss 2.352E-01 	 horizons 19.0
step 17149 	 return [0.00652664 0.00088075 0.00743976 0.00823686 0.01337267 0.00553341
 0.00890238], ([0.00052238 0.00112699 0.00207522 0.00395083 0.00181297 0.00216072
 0.0020906 ]) 	 loss 2.260E-01 	 horizons 19.0
step 17339 	 return [0.00873749 0.00349955 0.00515089 0.00915812 0.00608512 0.00419052
 0.00355456], ([0.00114456 0.00117785 0.00228643 0.00156235 0.00117613 0.00073657
 0.00307723]) 	 loss 2.336E-01 	 horizons 19.0
step 17529 	 return [0.00454068 0.00178834 0.00692252 0.00894015 0.01013988 0.00592995
 0.01011631], ([0.00054172 0.0008944  0.0003321  0.00164188 0.00121188 0.0024081
 0.00095451]) 	 loss 2.442E-01 	 horizons 19.0
step 17719 	 return [0.00715166 0.0016284  0.0053317  0.01048699 0.01017216 0.00588475
 0.01129875], ([0.0005293  0.0006753  0.000591   0.00159755 0.00132446 0.00237846
 0.00080528]) 	 loss 2.456E-01 	 horizons 19.0
step 17909 	 return [0.00934087 0.00418503 0.0040155  0.00838247 0.00507198 0.00291775
 0.0040846 ], ([0.00043249 0.00059604 0.00136103 0.00216693 0.00146546 0.00119072
 0.00133755]) 	 loss 2.527E-01 	 horizons 19.0
step 18099 	 return [0.00809864 0.00350314 0.00318331 0.00597817 0.00580846 0.00279752
 0.00467567], ([9.7966531e-06 1.0368427e-05 1.4774935e-05 4.0328351e-04 6.4853506e-05
 1.3314486e-03 1.6437926e-03]) 	 loss 2.209E-01 	 horizons 19.0
step 18289 	 return [0.00501962 0.00263101 0.00466288 0.0057022  0.00693149 0.00450601
 0.00458442], ([0.00087493 0.00137966 0.00121327 0.00259566 0.00188982 0.00173125
 0.00174015]) 	 loss 2.144E-01 	 horizons 19.0
step 18479 	 return [0.00423718 0.0022414  0.00637743 0.00953717 0.00977928 0.00567022
 0.01064512], ([1.1456475e-04 5.2780124e-05 1.0369656e-03 1.5817897e-03 5.2560604e-04
 2.0412512e-03 1.3197087e-03]) 	 loss 2.044E-01 	 horizons 19.0
step 18669 	 return [0.00806008 0.00339551 0.0046194  0.00863959 0.00629558 0.00303569
 0.00542647], ([0.00053506 0.000788   0.00105317 0.00073378 0.00053853 0.00113143
 0.00139105]) 	 loss 1.853E-01 	 horizons 19.0
step 18859 	 return [0.00434041 0.00228349 0.00605773 0.00968717 0.00976802 0.0065718
 0.00922736], ([0.00057098 0.00073357 0.00116685 0.00200126 0.00085565 0.00103566
 0.00147873]) 	 loss 1.798E-01 	 horizons 19.0
step 19049 	 return [0.00315473 0.00431078 0.00461311 0.00512402 0.00563263 0.00462289
 0.00471111], ([0.00112355 0.00098042 0.00124418 0.00170985 0.00184357 0.00123849
 0.00098438]) 	 loss 1.996E-01 	 horizons 19.0
step 19239 	 return [0.00449213 0.00179438 0.0063446  0.00945522 0.00878305 0.00769593
 0.0108704 ], ([0.00046789 0.00089884 0.00099214 0.0016018  0.00096914 0.00093295
 0.000809  ]) 	 loss 1.819E-01 	 horizons 19.0
step 19429 	 return [0.00413551 0.00343938 0.00899266 0.00558156 0.01069153 0.0035505
 0.00732784], ([4.8256876e-05 4.7643547e-04 1.0822670e-03 2.5925802e-03 1.8963519e-03
 1.8440874e-03 1.6003893e-03]) 	 loss 1.769E-01 	 horizons 19.0
step 19619 	 return [0.00462895 0.00302618 0.00769641 0.00780569 0.00590253 0.00488712
 0.00443965], ([0.00080469 0.00141275 0.00066591 0.00280895 0.00099957 0.00077511
 0.00238428]) 	 loss 1.745E-01 	 horizons 19.0
step 19809 	 return [0.00933244 0.00415432 0.00450688 0.00815029 0.00580494 0.00348848
 0.00456517], ([0.0004931  0.00061953 0.00069112 0.00191726 0.00124278 0.00083946
 0.00184667]) 	 loss 1.348E-01 	 horizons 19.0
step 19999 	 return [0.0086778  0.00477393 0.00521376 0.00721431 0.00512887 0.00330598
 0.00455137], ([0.00103338 0.00074166 0.00112686 0.00285886 0.00144357 0.0013725
 0.00117113]) 	 loss 1.506E-01 	 horizons 19.0
step 20189 	 return [0.00865139 0.00391282 0.0060665  0.00923072 0.0047592  0.00413058
 0.00484431], ([0.00126953 0.00137935 0.00170414 0.00191247 0.00127264 0.00099093
 0.00205724]) 	 loss 1.408E-01 	 horizons 19.0
step 20379 	 return [0.00692074 0.0009828  0.00605615 0.00676831 0.01529737 0.00601754
 0.01100088], ([0.00059624 0.00098305 0.00038721 0.00209056 0.0006807  0.0019924
 0.00079387]) 	 loss 1.386E-01 	 horizons 19.0
step 20569 	 return [0.00632359 0.00032117 0.00582172 0.01093234 0.00900266 0.00768713
 0.01156416], ([0.00037756 0.00060308 0.00066836 0.00155348 0.00027511 0.00082357
 0.00062028]) 	 loss 1.602E-01 	 horizons 19.0
step 20759 	 return [0.00394723 0.00312244 0.00645464 0.00321656 0.0209246  0.0084812
 0.01152741], ([0.00020726 0.00056611 0.00107304 0.00240189 0.00151994 0.0028735
 0.00066157]) 	 loss 1.642E-01 	 horizons 19.0
step 20949 	 return [0.00769632 0.00256779 0.00597202 0.0128351  0.00747076 0.0061003
 0.00984755], ([0.00073504 0.00184316 0.00058656 0.00181649 0.00113817 0.00145681
 0.00196171]) 	 loss 1.543E-01 	 horizons 19.0
step 21139 	 return [0.00398855 0.0029782  0.00611485 0.00357434 0.02122212 0.00952275
 0.01050781], ([0.00018907 0.00053087 0.00092734 0.00200681 0.00177607 0.00207699
 0.00221619]) 	 loss 1.463E-01 	 horizons 19.0
step 21329 	 return [0.00652764 0.00162482 0.00590262 0.01003647 0.01315364 0.00388851
 0.01010273], ([0.00054954 0.00118784 0.0006494  0.00235623 0.00148161 0.00310031
 0.00109081]) 	 loss 1.382E-01 	 horizons 19.0
step 21519 	 return [0.00574482 0.00357665 0.00708206 0.0053017  0.00695008 0.00446506
 0.00177393], ([0.00016139 0.00185078 0.00155221 0.00179222 0.00091739 0.00050676
 0.00221923]) 	 loss 1.419E-01 	 horizons 19.0
step 21709 	 return [0.00417998 0.00228542 0.00680375 0.01000746 0.00900454 0.00699378
 0.00995678], ([1.3724704e-04 8.1750382e-05 6.2751659e-04 7.7343243e-04 6.6468766e-04
 1.0331963e-03 1.1365887e-03]) 	 loss 1.626E-01 	 horizons 19.0
step 21899 	 return [0.0051666  0.00296328 0.00570246 0.00586891 0.00620072 0.00475803
 0.00237493], ([0.00068134 0.00125718 0.00146713 0.00187065 0.00079924 0.00085506
 0.002071  ]) 	 loss 1.552E-01 	 horizons 19.0
step 22089 	 return [0.00397379 0.00361301 0.01050335 0.00500208 0.0188678  0.00658698
 0.00799101], ([0.00056288 0.00010618 0.00128605 0.0014294  0.00155823 0.00171058
 0.00324559]) 	 loss 1.334E-01 	 horizons 19.0
step 22279 	 return [0.00425249 0.00226849 0.0070067  0.01012955 0.00882275 0.00671162
 0.01042536], ([7.1907918e-05 6.5093882e-05 6.2259717e-04 7.6733303e-04 9.6935092e-04
 1.4174486e-03 1.1178432e-03]) 	 loss 1.358E-01 	 horizons 19.0
step 22469 	 return [0.00551742 0.00270539 0.00635965 0.00655958 0.00717423 0.00426091
 0.00400361], ([0.00059482 0.00134957 0.00105083 0.00142097 0.00093946 0.00156306
 0.00235249]) 	 loss 1.576E-01 	 horizons 19.0
step 22659 	 return [0.00715438 0.00215508 0.00580054 0.01054049 0.01239228 0.00492969
 0.00890993], ([0.00106531 0.00168017 0.00058538 0.0018633  0.00258893 0.00224492
 0.00177924]) 	 loss 1.555E-01 	 horizons 19.0
step 22849 	 return [0.0074253  0.00231927 0.00628142 0.0059558  0.01272567 0.00672826
 0.00944044], ([0.00019186 0.00112609 0.00041781 0.00123978 0.00370298 0.00209202
 0.0023616 ]) 	 loss 1.513E-01 	 horizons 19.0
step 23039 	 return [0.00429061 0.00226891 0.00688904 0.01006278 0.00924515 0.00665484
 0.01043427], ([1.8076913e-05 2.1986172e-05 1.6042309e-04 1.3444549e-04 4.1394756e-04
 1.1212224e-03 4.3507598e-04]) 	 loss 1.532E-01 	 horizons 19.0
step 23229 	 return [0.00559914 0.00353432 0.0072587  0.00674751 0.00694448 0.00493908
 0.00463439], ([0.00047476 0.00124007 0.00081971 0.0015944  0.00075078 0.00133489
 0.00127902]) 	 loss 1.358E-01 	 horizons 19.0
step 23419 	 return [0.00451096 0.00180754 0.00670507 0.01045919 0.01034157 0.00688814
 0.0108318 ], ([0.00050935 0.00090394 0.00043343 0.0009719  0.00150454 0.00119761
 0.00100823]) 	 loss 1.380E-01 	 horizons 19.0
step 23609 	 return [0.00738045 0.00194593 0.00592784 0.01227213 0.00989505 0.00630556
 0.00987734], ([2.9419942e-04 6.6723849e-05 5.7045184e-04 1.9538659e-03 6.4986746e-04
 4.1080755e-04 1.2556628e-03]) 	 loss 1.422E-01 	 horizons 19.0
step 23799 	 return [0.00437759 0.00228548 0.00657723 0.00386293 0.02122588 0.00815736
 0.01100274], ([0.00059677 0.00123842 0.00101851 0.00124221 0.00195924 0.00176795
 0.00157527]) 	 loss 1.553E-01 	 horizons 19.0
step 23989 	 return [0.00414625 0.00229225 0.00608923 0.00954823 0.00806206 0.00629859
 0.0106026 ], ([0.00013275 0.00021641 0.0010189  0.0016448  0.00080824 0.00136048
 0.0023219 ]) 	 loss 1.971E-01 	 horizons 19.0
step 24179 	 return [0.00423749 0.00245459 0.0066192  0.00742317 0.01537233 0.0063713
 0.00920467], ([0.00011188 0.00034884 0.00055089 0.00213943 0.00164297 0.00111387
 0.00198136]) 	 loss 1.562E-01 	 horizons 19.0
step 24369 	 return [0.00446875 0.00372465 0.01166134 0.00402182 0.01927587 0.00589485
 0.01088274], ([6.8180125e-06 1.3990012e-05 5.7844652e-05 9.5601566e-04 1.2810885e-03
 1.7234676e-03 1.4386737e-03]) 	 loss 1.563E-01 	 horizons 19.0
step 24559 	 return [0.00425182 0.00221687 0.00693514 0.01199324 0.00795605 0.00703879
 0.00941775], ([4.5802112e-06 5.2805053e-06 5.4849609e-04 8.2082377e-04 7.2853483e-04
 1.0057127e-03 5.4607063e-04]) 	 loss 1.451E-01 	 horizons 19.0
step 24749 	 return [0.00400722 0.00332905 0.00740501 0.00582849 0.01398176 0.00547047
 0.01031806], ([0.00035257 0.00057827 0.00028965 0.00160603 0.00154999 0.00149332
 0.00157479]) 	 loss 1.368E-01 	 horizons 19.0
step 24939 	 return [0.0040019  0.00362949 0.01026143 0.00471826 0.01860956 0.00562743
 0.00885968], ([0.00056814 0.0001201  0.00170952 0.00125874 0.00141962 0.00185133
 0.00310491]) 	 loss 1.272E-01 	 horizons 19.0
step 25129 	 return [0.00413478 0.00365664 0.01055731 0.00577721 0.02024513 0.00580674
 0.00863344], ([0.00054277 0.00012243 0.00190545 0.0013722  0.00255794 0.00190766
 0.00206823]) 	 loss 1.485E-01 	 horizons 19.0
step 25319 	 return [0.00732466 0.00205383 0.0062537  0.01223918 0.0092917  0.00639174
 0.00939917], ([0.00035119 0.00017382 0.00085805 0.00107508 0.00143674 0.00039413
 0.00092204]) 	 loss 1.244E-01 	 horizons 19.0
step 25509 	 return [0.00515826 0.00378634 0.00853474 0.00779848 0.00706558 0.00557054
 0.00375872], ([0.00089164 0.00061955 0.00085051 0.00058144 0.00106478 0.00103543
 0.0014601 ]) 	 loss 1.363E-01 	 horizons 19.0
step 25699 	 return [0.00735452 0.0019935  0.00559059 0.01047534 0.01292852 0.00537043
 0.00917936], ([0.00062223 0.00069788 0.00049083 0.0027025  0.0024788  0.00110424
 0.00153038]) 	 loss 1.324E-01 	 horizons 19.0
step 25889 	 return [0.00743331 0.00197466 0.00548449 0.01318423 0.01214357 0.00614165
 0.01027116], ([2.7191764e-04 6.1404680e-05 3.7484139e-04 7.9017796e-04 3.8310923e-04
 1.4500947e-04 1.6077607e-03]) 	 loss 1.170E-01 	 horizons 19.0
step 26079 	 return [0.00449132 0.00375612 0.01182772 0.00477049 0.02219485 0.00695593
 0.01078239], ([7.5890725e-06 1.2741318e-05 4.8439004e-05 1.5100492e-03 1.7863250e-04
 1.7176608e-03 1.3689023e-03]) 	 loss 1.359E-01 	 horizons 19.0
step 26269 	 return [0.00581173 0.00424399 0.0077489  0.00734488 0.00684874 0.005608
 0.00413452], ([0.00011587 0.00017167 0.00070524 0.0010048  0.00016659 0.00115526
 0.00051299]) 	 loss 1.260E-01 	 horizons 19.0
step 26459 	 return [0.00449895 0.0037436  0.01186807 0.00642077 0.02234322 0.00683939
 0.00919892], ([1.6169930e-05 1.7977414e-05 9.4114570e-05 1.3267231e-03 1.2705032e-03
 5.1287137e-04 6.0561212e-04]) 	 loss 1.177E-01 	 horizons 19.0
step 26649 	 return [0.00746536 0.00195741 0.00577585 0.01236109 0.01060484 0.00675644
 0.00970986], ([8.1018836e-05 3.1331030e-05 3.7464473e-04 9.2849636e-04 9.4692537e-04
 3.8863646e-04 5.3418172e-04]) 	 loss 1.206E-01 	 horizons 19.0
step 26839 	 return [0.00744004 0.00193993 0.00648535 0.01176276 0.00865238 0.00622101
 0.00925301], ([3.8843798e-05 1.7104116e-05 6.0740946e-04 1.2815848e-03 8.4930018e-04
 9.3882234e-04 6.6464086e-04]) 	 loss 1.191E-01 	 horizons 19.0
step 27029 	 return [0.00691563 0.00148679 0.00573958 0.01346927 0.01101831 0.00646089
 0.00990275], ([0.0006148  0.00072356 0.00081627 0.00106166 0.00161735 0.00061036
 0.00092096]) 	 loss 1.052E-01 	 horizons 19.0
step 27219 	 return [0.00578741 0.00429184 0.00767925 0.00761774 0.00684408 0.0058299
 0.0042229 ], ([0.00012269 0.00019612 0.00064337 0.00030798 0.00013486 0.00101516
 0.00040396]) 	 loss 9.934E-02 	 horizons 19.0
step 27409 	 return [0.00745937 0.00193981 0.00621566 0.01147088 0.00885023 0.00709632
 0.00984266], ([4.5381643e-05 7.8046787e-06 2.0423066e-04 1.5188515e-03 1.0546771e-03
 1.2709260e-03 1.0127801e-03]) 	 loss 1.038E-01 	 horizons 19.0
step 27599 	 return [0.00752734 0.0019908  0.00548832 0.01239695 0.01269998 0.00635198
 0.0092507 ], ([6.3105210e-05 2.2466935e-05 1.6711492e-04 5.6385889e-04 6.1795150e-04
 6.1188039e-04 3.8751878e-04]) 	 loss 1.203E-01 	 horizons 19.0
step 27789 	 return [0.00736799 0.00200271 0.00572325 0.01199521 0.01122385 0.0064569
 0.01010302], ([0.00035612 0.00010921 0.00036025 0.00043066 0.00078386 0.00052609
 0.00109087]) 	 loss 1.001E-01 	 horizons 19.0
step 27979 	 return [0.00624519 0.00030651 0.00685942 0.01114745 0.01040142 0.00599128
 0.00975721], ([0.00017133 0.00056451 0.00071901 0.00082002 0.00075857 0.00145063
 0.00184387]) 	 loss 1.089E-01 	 horizons 19.0
step 28169 	 return [0.00743828 0.00193507 0.00617948 0.01201863 0.00905276 0.00598999
 0.00937132], ([3.3660497e-05 5.6981398e-06 1.9138638e-04 1.4628562e-04 5.6500820e-04
 9.2631875e-04 3.5348508e-04]) 	 loss 1.123E-01 	 horizons 19.0
step 28359 	 return [0.00987443 0.00776952 0.00559141 0.00764262 0.00215446 0.00359569
 0.00496594], ([0.00104915 0.00112026 0.00083136 0.00034139 0.00064535 0.00096158
 0.0003781 ]) 	 loss 9.797E-02 	 horizons 19.0
step 28549 	 return [0.00567306 0.00410467 0.0066433  0.00723911 0.00661405 0.00618071
 0.00414136], ([1.3970933e-04 4.7588238e-04 8.7463326e-04 5.0122966e-04 9.8206241e-05
 4.7204897e-04 6.8772002e-05]) 	 loss 1.174E-01 	 horizons 19.0
step 28739 	 return [0.0045088  0.00375461 0.01190432 0.00644234 0.02305256 0.0072721
 0.0097619 ], ([7.5906655e-06 1.7748978e-05 3.6926827e-05 1.2850893e-03 1.3942010e-03
 8.8094408e-04 2.8298143e-04]) 	 loss 1.036E-01 	 horizons 19.0
step 28929 	 return [0.00723087 0.0021982  0.00649364 0.0116804  0.00663508 0.00624188
 0.0092816 ], ([0.00021348 0.00026237 0.00048482 0.00095608 0.00121341 0.0005294
 0.0013425 ]) 	 loss 1.240E-01 	 horizons 19.0
step 29119 	 return [0.00586992 0.00437136 0.00795314 0.00775542 0.00677093 0.00617011
 0.00409071], ([1.4964760e-04 4.7247598e-04 5.0599471e-04 1.2499923e-04 3.8930285e-04
 5.9204431e-06 7.7920204e-06]) 	 loss 1.020E-01 	 horizons 19.0
step 29309 	 return [0.00748822 0.00197071 0.00568686 0.01252414 0.01048308 0.00643721
 0.00988891], ([7.4333198e-05 3.2634322e-05 3.3839431e-04 8.2630757e-04 8.3785190e-04
 5.6141854e-04 7.8144908e-04]) 	 loss 1.058E-01 	 horizons 19.0
step 29499 	 return [0.00585943 0.00401381 0.00850122 0.00791389 0.00691767 0.00643651
 0.00414129], ([7.3739044e-05 2.9595150e-04 8.1907434e-04 2.4030582e-04 7.5031239e-05
 4.0541019e-04 7.5471740e-05]) 	 loss 8.508E-02 	 horizons 19.0
step 29689 	 return [0.00750694 0.0019914  0.00528742 0.01221546 0.01455126 0.00671475
 0.00959571], ([3.6997790e-05 5.0496492e-06 6.0354414e-05 4.0833888e-04 7.3634251e-04
 3.6144195e-04 7.4156054e-04]) 	 loss 9.321E-02 	 horizons 19.0
step 29879 	 return [0.00580169 0.00407602 0.0079413  0.00778835 0.00686262 0.00635112
 0.00413175], ([1.3199759e-04 2.7224832e-04 5.3596578e-04 1.0475030e-04 1.3968631e-04
 3.6767247e-04 8.0058962e-05]) 	 loss 9.781E-02 	 horizons 19.0
step 30069 	 return [0.00450037 0.00374768 0.01187177 0.00648238 0.02278508 0.00729633
 0.00895174], ([1.0702399e-05 5.0196463e-06 7.6649609e-05 1.1960933e-03 1.2224625e-03
 1.0739476e-03 3.2368070e-04]) 	 loss 1.037E-01 	 horizons 19.0
[1;34mwandb[0m: 
[1;34mwandb[0m: 🚀 View run [33mmotndp_xian-v0__GCN-xian-g7-l0__789__1781490306[0m at: [34mhttps://wandb.ai/jingyuan-sun03-tu-delft/cl_ablation/runs/rgnn0xgj[0m
[1;34mwandb[0m: Find logs at: [1;35mwandb/run-20260615_042506-rgnn0xgj/logs[0m
