/home/SinJ/mo-transport-network-design/.venv/lib/python3.13/site-packages/pygame/pkgdata.py:25: UserWarning: pkg_resources is deprecated as an API. See https://setuptools.pypa.io/en/latest/pkg_resources.html. The pkg_resources package is slated for removal as early as 2025-11-30. Refrain from using this package or pin to Setuptools<81.
  from pkg_resources import resource_stream, resource_exists
wandb: [wandb.login()] Loaded credentials for https://api.wandb.ai from /home/SinJ/.netrc.
wandb: Currently logged in as: jingyuan-sun03 (jingyuan-sun03-tu-delft) to https://api.wandb.ai. Use `wandb login --relogin` to force relogin
wandb: setting up run dntlkh22
wandb: Tracking run with wandb version 0.27.2
wandb: Run data is saved locally in /home/SinJ/mo-transport-network-design/wandb/run-20260615_033701-dntlkh22
wandb: Run `wandb offline` to turn off syncing.
wandb: Syncing run motndp_xian-v0__GCN-xian-g3-l0__1024__1781487421
wandb: ⭐️ View project at https://wandb.ai/jingyuan-sun03-tu-delft/cl_ablation
wandb: 🚀 View run at https://wandb.ai/jingyuan-sun03-tu-delft/cl_ablation/runs/dntlkh22
/home/SinJ/mo-transport-network-design/morl-baselines/morl_baselines/multi_policy/gcn/gcn.py:151: UserWarning: Creating a tensor from a list of numpy.ndarrays is extremely slow. Please consider converting the list to a single numpy.ndarray with numpy.array() before converting to a tensor. (Triggered internally at /pytorch/torch/csrc/utils/tensor_new.cpp:253.)
  th.tensor(obs).to(self.device),
Namespace(env='xian', nr_groups=3, starting_loc_x=9, starting_loc_y=19, nr_stations=20, lr=0.01, batch_size=256, num_er_episodes=100, num_step_episodes=10, num_model_updates=10, num_policies=10, max_buffer_size=200, nr_layers=1, hidden_dim=128, timesteps=30000, no_log=False, seed=1024, cd_threshold=0.2, distance_ref='interpolate2', gcn_lambda=0.0, lambda_schedule='constant', lambda_start=1.0, lambda_end=None, lambda_warmup_fraction=0.0, lambda_freeze_fraction=0.1, spatial_alpha=0.0, include_demand_context=False, criterion='lorenz', nash_mode='pareto_sized', nash_top_k=None, nash_shift=0.0, project_name='cl_ablation', experiment_name='GCN-xian-g3-l0', wandb_entity=None)
step 1989 	 return [0.00294006 0.00160228 0.00054178], ([0.00215366 0.00174193 0.00051821]) 	 loss 1.898E+00 	 horizons 17.2
step 2169 	 return [0.00224032 0.00297662 0.00121979], ([0.00122113 0.00249847 0.00115888]) 	 loss 1.565E+00 	 horizons 18.0
step 2353 	 return [0.00314377 0.00312993 0.0020262 ], ([0.00243747 0.00274641 0.002482  ]) 	 loss 1.163E+00 	 horizons 18.4
step 2543 	 return [0.00479737 0.0052034  0.00398741], ([0.00187168 0.00304612 0.00309154]) 	 loss 9.881E-01 	 horizons 19.0
step 2733 	 return [0.00222951 0.00606799 0.00625663], ([0.00160277 0.0024296  0.00258638]) 	 loss 9.346E-01 	 horizons 19.0
step 2923 	 return [0.00586848 0.00360354 0.00180373], ([0.00234909 0.00302834 0.0022054 ]) 	 loss 9.195E-01 	 horizons 19.0
step 3113 	 return [0.00325329 0.0035407  0.00258268], ([0.00180913 0.00232129 0.00250687]) 	 loss 9.009E-01 	 horizons 19.0
step 3303 	 return [0.0038182  0.00498496 0.00433956], ([0.00282615 0.00310128 0.00345263]) 	 loss 8.816E-01 	 horizons 19.0
step 3493 	 return [0.00290305 0.00479024 0.00323585], ([0.00226301 0.00267519 0.00287362]) 	 loss 8.692E-01 	 horizons 19.0
step 3683 	 return [0.00236509 0.00500373 0.003918  ], ([0.00113687 0.00154153 0.00218087]) 	 loss 8.404E-01 	 horizons 19.0
step 3873 	 return [0.00359595 0.00466994 0.00287412], ([0.00166988 0.00261353 0.00220591]) 	 loss 8.639E-01 	 horizons 19.0
step 4063 	 return [0.00232035 0.00661779 0.00483757], ([0.0017943  0.00203377 0.00315493]) 	 loss 7.944E-01 	 horizons 19.0
step 4253 	 return [0.00408485 0.00617603 0.00540695], ([0.00281554 0.00341333 0.00330079]) 	 loss 7.620E-01 	 horizons 19.0
step 4443 	 return [0.00363615 0.00517879 0.00465662], ([0.00188148 0.00232453 0.00228492]) 	 loss 7.619E-01 	 horizons 19.0
step 4633 	 return [0.00377613 0.00584163 0.00400528], ([0.00230849 0.00334578 0.0029916 ]) 	 loss 7.553E-01 	 horizons 19.0
step 4823 	 return [0.00237694 0.00853878 0.00701959], ([0.0014332  0.00221158 0.00269095]) 	 loss 7.696E-01 	 horizons 19.0
step 5013 	 return [0.00310171 0.00426821 0.00330743], ([0.00263505 0.00219587 0.00278702]) 	 loss 7.750E-01 	 horizons 19.0
step 5203 	 return [0.00410122 0.00468706 0.00313898], ([0.00171825 0.00293731 0.0025858 ]) 	 loss 7.412E-01 	 horizons 19.0
step 5393 	 return [0.00446946 0.0044417  0.00366546], ([0.00240091 0.00176638 0.00254794]) 	 loss 7.584E-01 	 horizons 19.0
step 5583 	 return [0.00305632 0.00717635 0.0054925 ], ([0.00179907 0.00185786 0.00326601]) 	 loss 7.357E-01 	 horizons 19.0
step 5773 	 return [0.0034559  0.00640331 0.00433631], ([0.00238437 0.0027822  0.00225736]) 	 loss 7.461E-01 	 horizons 19.0
step 5963 	 return [0.00504944 0.00612437 0.00380024], ([0.00236363 0.00367335 0.00210016]) 	 loss 7.741E-01 	 horizons 19.0
step 6153 	 return [0.00338996 0.00770233 0.00697372], ([0.00122426 0.00174013 0.00214622]) 	 loss 7.739E-01 	 horizons 19.0
step 6343 	 return [0.00392551 0.00846972 0.00670029], ([0.00209933 0.00176451 0.00162495]) 	 loss 7.494E-01 	 horizons 19.0
step 6533 	 return [0.00394175 0.00836284 0.00637722], ([0.00227254 0.00178099 0.00252864]) 	 loss 7.599E-01 	 horizons 19.0
step 6723 	 return [0.00473545 0.00772546 0.00665142], ([0.00112215 0.00209192 0.00274763]) 	 loss 7.371E-01 	 horizons 19.0
step 6913 	 return [0.00355975 0.00791021 0.00660679], ([0.00115905 0.00165955 0.00171782]) 	 loss 7.478E-01 	 horizons 19.0
step 7103 	 return [0.00493846 0.00676679 0.00561816], ([0.00241737 0.00312595 0.00278562]) 	 loss 7.910E-01 	 horizons 19.0
step 7293 	 return [0.00508039 0.00665381 0.00468079], ([0.00202128 0.00358533 0.0039148 ]) 	 loss 7.701E-01 	 horizons 19.0
step 7483 	 return [0.00443243 0.00846168 0.00800698], ([0.00269473 0.00144426 0.00339894]) 	 loss 7.505E-01 	 horizons 19.0
step 7673 	 return [0.00480489 0.00863118 0.00577585], ([0.00266329 0.00168374 0.00290464]) 	 loss 7.877E-01 	 horizons 19.0
step 7863 	 return [0.00518156 0.00980299 0.00714312], ([0.00184316 0.0015183  0.00169898]) 	 loss 7.711E-01 	 horizons 19.0
step 8053 	 return [0.00560652 0.00945327 0.00858811], ([0.00191273 0.00191163 0.00325426]) 	 loss 7.399E-01 	 horizons 19.0
step 8243 	 return [0.00496494 0.00759611 0.00711093], ([0.00179794 0.00230774 0.00282983]) 	 loss 7.485E-01 	 horizons 19.0
step 8433 	 return [0.00530391 0.00884809 0.00673864], ([0.00179796 0.00247263 0.00291339]) 	 loss 7.363E-01 	 horizons 19.0
step 8623 	 return [0.00375241 0.00914369 0.00817749], ([0.00152192 0.00132506 0.00216917]) 	 loss 7.612E-01 	 horizons 19.0
step 8813 	 return [0.00552247 0.00904645 0.00638584], ([0.00206176 0.00269841 0.00299183]) 	 loss 7.561E-01 	 horizons 19.0
step 9003 	 return [0.00641796 0.0095567  0.00486321], ([0.00286943 0.00319437 0.00279508]) 	 loss 7.348E-01 	 horizons 19.0
step 9193 	 return [0.0078523  0.0093868  0.00385022], ([0.00158575 0.00276069 0.00197494]) 	 loss 7.187E-01 	 horizons 19.0
step 9383 	 return [0.00626011 0.01018138 0.00776259], ([0.00359315 0.00119466 0.00254127]) 	 loss 7.116E-01 	 horizons 19.0
step 9573 	 return [0.00777694 0.01016082 0.00641717], ([0.00315521 0.0025433  0.00289726]) 	 loss 7.038E-01 	 horizons 19.0
step 9763 	 return [0.0054135  0.00818077 0.00820537], ([0.00274561 0.00301988 0.00375409]) 	 loss 7.075E-01 	 horizons 19.0
step 9953 	 return [0.00649234 0.00975357 0.00714346], ([0.00164552 0.00185167 0.00206134]) 	 loss 6.774E-01 	 horizons 19.0
step 10143 	 return [0.00487016 0.00996493 0.00843486], ([0.00173887 0.00168473 0.00283365]) 	 loss 6.805E-01 	 horizons 19.0
step 10333 	 return [0.00419667 0.00973278 0.00897665], ([0.00122462 0.00157796 0.00130183]) 	 loss 6.774E-01 	 horizons 19.0
step 10523 	 return [0.0067169  0.00871952 0.00451464], ([0.00158749 0.00174768 0.0014781 ]) 	 loss 6.557E-01 	 horizons 19.0
step 10713 	 return [0.00758582 0.00977667 0.00661705], ([0.00218265 0.00162209 0.00244157]) 	 loss 6.390E-01 	 horizons 19.0
step 10903 	 return [0.00684564 0.01002836 0.00724048], ([0.00161759 0.00147338 0.00360267]) 	 loss 6.445E-01 	 horizons 19.0
step 11093 	 return [0.00594369 0.01056603 0.00796074], ([0.0024779  0.0014359  0.00236143]) 	 loss 6.292E-01 	 horizons 19.0
step 11283 	 return [0.00694974 0.00997736 0.00689442], ([0.00234512 0.00154704 0.00263484]) 	 loss 6.214E-01 	 horizons 19.0
step 11473 	 return [0.00797157 0.01037413 0.0060164 ], ([0.00297801 0.00147423 0.00257919]) 	 loss 6.053E-01 	 horizons 19.0
step 11663 	 return [0.00567302 0.01074319 0.00738254], ([0.00225123 0.00119728 0.0021638 ]) 	 loss 5.964E-01 	 horizons 19.0
step 11853 	 return [0.0057555  0.0100514  0.00823184], ([0.0024672  0.00092892 0.00266564]) 	 loss 6.025E-01 	 horizons 19.0
step 12043 	 return [0.00661174 0.01062054 0.00772292], ([0.00171154 0.00137958 0.00296616]) 	 loss 5.884E-01 	 horizons 19.0
step 12233 	 return [0.00540057 0.00970505 0.0088707 ], ([0.00143786 0.00107289 0.0016228 ]) 	 loss 5.695E-01 	 horizons 19.0
step 12423 	 return [0.00676193 0.01070506 0.00847854], ([0.00211306 0.00122006 0.00145766]) 	 loss 5.574E-01 	 horizons 19.0
step 12613 	 return [0.00614397 0.01019894 0.00854209], ([0.00155244 0.00183514 0.00303382]) 	 loss 5.329E-01 	 horizons 19.0
step 12803 	 return [0.00657803 0.01092991 0.00878934], ([0.0014149  0.00092452 0.00212053]) 	 loss 5.236E-01 	 horizons 19.0
step 12993 	 return [0.00933653 0.01018545 0.00525292], ([0.00283777 0.00109611 0.00220739]) 	 loss 5.850E-01 	 horizons 19.0
step 13183 	 return [0.00687288 0.01147692 0.00770449], ([0.00217884 0.00171074 0.00287576]) 	 loss 5.459E-01 	 horizons 19.0
step 13373 	 return [0.00740845 0.01054462 0.00705668], ([0.00218457 0.00165627 0.00260148]) 	 loss 5.282E-01 	 horizons 19.0
step 13563 	 return [0.00709714 0.01172643 0.00946933], ([0.0011422  0.00125779 0.00160288]) 	 loss 5.206E-01 	 horizons 19.0
step 13753 	 return [0.00786902 0.01058028 0.00665198], ([0.00226423 0.00069498 0.00372796]) 	 loss 5.024E-01 	 horizons 19.0
step 13943 	 return [0.0060455  0.01091539 0.0098273 ], ([0.00118094 0.00075127 0.0010884 ]) 	 loss 5.040E-01 	 horizons 19.0
step 14133 	 return [0.00692272 0.01133901 0.00765671], ([0.00131387 0.00102911 0.00227332]) 	 loss 5.138E-01 	 horizons 19.0
step 14323 	 return [0.00640458 0.01081533 0.00975288], ([0.00140449 0.0017547  0.00217936]) 	 loss 5.051E-01 	 horizons 19.0
step 14513 	 return [0.00676295 0.01128093 0.00931914], ([0.00180157 0.00116473 0.00192293]) 	 loss 4.710E-01 	 horizons 19.0
step 14703 	 return [0.00606787 0.0116963  0.00972735], ([0.00216026 0.00149421 0.00207288]) 	 loss 4.759E-01 	 horizons 19.0
step 14893 	 return [0.00803226 0.01224634 0.00793441], ([0.00156531 0.00095048 0.00383163]) 	 loss 4.573E-01 	 horizons 19.0
step 15083 	 return [0.00761227 0.01189416 0.01096879], ([0.00095849 0.0007839  0.0021948 ]) 	 loss 4.536E-01 	 horizons 19.0
step 15273 	 return [0.00695508 0.01183686 0.01038582], ([0.00160383 0.00109471 0.00261899]) 	 loss 4.557E-01 	 horizons 19.0
step 15463 	 return [0.00479664 0.00921697 0.00972152], ([0.00107335 0.00104585 0.00201511]) 	 loss 4.686E-01 	 horizons 19.0
step 15653 	 return [0.00712951 0.0114737  0.00992588], ([0.00179291 0.00102881 0.00174107]) 	 loss 4.877E-01 	 horizons 19.0
step 15843 	 return [0.00850461 0.01296755 0.00999855], ([0.00096389 0.00081732 0.00158218]) 	 loss 4.724E-01 	 horizons 19.0
step 16033 	 return [0.00694758 0.01214623 0.00944686], ([0.00207417 0.00080598 0.00232989]) 	 loss 4.780E-01 	 horizons 19.0
step 16223 	 return [0.00758325 0.0121002  0.0099593 ], ([0.00168425 0.00084931 0.0008097 ]) 	 loss 4.543E-01 	 horizons 19.0
step 16413 	 return [0.00695916 0.01234072 0.01057259], ([0.00085351 0.0009742  0.00143227]) 	 loss 4.412E-01 	 horizons 19.0
step 16603 	 return [0.00663506 0.01198763 0.01116799], ([0.00113829 0.00094121 0.00223378]) 	 loss 4.179E-01 	 horizons 19.0
step 16793 	 return [0.00779769 0.01216313 0.00885403], ([0.00094677 0.00120116 0.00155735]) 	 loss 3.889E-01 	 horizons 19.0
step 16983 	 return [0.00796347 0.01258413 0.00876497], ([0.00081143 0.00065845 0.00158814]) 	 loss 4.007E-01 	 horizons 19.0
step 17173 	 return [0.00627125 0.0116148  0.01121807], ([0.00058046 0.00087627 0.0014158 ]) 	 loss 4.081E-01 	 horizons 19.0
step 17363 	 return [0.0084474  0.01249162 0.01059047], ([0.00120617 0.00083933 0.00158172]) 	 loss 3.873E-01 	 horizons 19.0
step 17553 	 return [0.00813856 0.01271651 0.01033831], ([0.0008643  0.00036829 0.00224192]) 	 loss 3.547E-01 	 horizons 19.0
step 17743 	 return [0.00767306 0.01334799 0.01191737], ([0.00084516 0.00073572 0.00142471]) 	 loss 3.444E-01 	 horizons 19.0
step 17933 	 return [0.00802803 0.01274003 0.01197055], ([0.00073859 0.00128231 0.00148122]) 	 loss 3.368E-01 	 horizons 19.0
step 18123 	 return [0.00838142 0.01317409 0.01090961], ([0.00133254 0.00104051 0.00187294]) 	 loss 3.350E-01 	 horizons 19.0
step 18313 	 return [0.00767996 0.01284473 0.01161628], ([0.00111238 0.00099859 0.00153657]) 	 loss 3.390E-01 	 horizons 19.0
step 18503 	 return [0.00869811 0.01281188 0.01069892], ([0.00080262 0.00085243 0.0012151 ]) 	 loss 3.308E-01 	 horizons 19.0
step 18693 	 return [0.00858628 0.01323043 0.01142173], ([0.00124603 0.00044073 0.00114814]) 	 loss 3.121E-01 	 horizons 19.0
step 18883 	 return [0.00825634 0.01269825 0.01112858], ([0.00115272 0.00099977 0.00157761]) 	 loss 2.983E-01 	 horizons 19.0
step 19073 	 return [0.00784828 0.01134968 0.01147657], ([0.00098892 0.00128615 0.0011302 ]) 	 loss 3.034E-01 	 horizons 19.0
step 19263 	 return [0.00771612 0.01236895 0.01192404], ([0.00100028 0.00074808 0.00140939]) 	 loss 2.874E-01 	 horizons 19.0
step 19453 	 return [0.00788268 0.01243644 0.01208652], ([0.00073554 0.00047319 0.00153091]) 	 loss 3.021E-01 	 horizons 19.0
step 19643 	 return [0.00934658 0.01327749 0.01042673], ([0.00053543 0.00070238 0.00089729]) 	 loss 2.981E-01 	 horizons 19.0
step 19833 	 return [0.00924007 0.01311772 0.01055841], ([0.00085897 0.0010476  0.00124632]) 	 loss 2.892E-01 	 horizons 19.0
step 20023 	 return [0.00894143 0.01278166 0.01095475], ([0.00097656 0.00105628 0.0018166 ]) 	 loss 2.892E-01 	 horizons 19.0
step 20213 	 return [0.00840238 0.01292238 0.0116244 ], ([0.00088029 0.00089061 0.00119376]) 	 loss 2.634E-01 	 horizons 19.0
step 20403 	 return [0.00764325 0.01242186 0.01254661], ([0.00057491 0.00048916 0.00143379]) 	 loss 2.621E-01 	 horizons 19.0
step 20593 	 return [0.00907073 0.01306211 0.01091194], ([0.00091535 0.00077958 0.0010157 ]) 	 loss 2.720E-01 	 horizons 19.0
step 20783 	 return [0.00854553 0.01247905 0.01199626], ([0.00081765 0.00069516 0.00122171]) 	 loss 2.539E-01 	 horizons 19.0
step 20973 	 return [0.00931678 0.01343902 0.01022976], ([0.0002423  0.00091708 0.00193711]) 	 loss 2.332E-01 	 horizons 19.0
step 21163 	 return [0.00937551 0.01397977 0.01093757], ([0.00048757 0.00038501 0.00095878]) 	 loss 2.465E-01 	 horizons 19.0
step 21353 	 return [0.00942556 0.01269193 0.01113207], ([0.00063645 0.00073518 0.00057935]) 	 loss 2.284E-01 	 horizons 19.0
step 21543 	 return [0.00953483 0.01341857 0.01020683], ([0.00058963 0.00092457 0.00132767]) 	 loss 2.216E-01 	 horizons 19.0
step 21733 	 return [0.00951262 0.01402868 0.01081207], ([0.00028912 0.00089023 0.00134445]) 	 loss 2.187E-01 	 horizons 19.0
step 21923 	 return [0.00921233 0.01282267 0.0112669 ], ([0.0006658  0.00074072 0.00099287]) 	 loss 2.153E-01 	 horizons 19.0
step 22113 	 return [0.00949319 0.01316659 0.01073387], ([0.00053292 0.00074439 0.00072903]) 	 loss 2.148E-01 	 horizons 19.0
step 22303 	 return [0.00939087 0.01331592 0.01077888], ([0.00060243 0.00099344 0.00068103]) 	 loss 2.020E-01 	 horizons 19.0
step 22493 	 return [0.00942837 0.01394241 0.0102988 ], ([0.00020436 0.00040861 0.00097245]) 	 loss 1.895E-01 	 horizons 19.0
step 22683 	 return [0.00944502 0.01367587 0.01130498], ([0.00015102 0.00076184 0.00039819]) 	 loss 1.952E-01 	 horizons 19.0
step 22873 	 return [0.0095092  0.01415215 0.01108346], ([0.00018921 0.00030603 0.00027423]) 	 loss 2.060E-01 	 horizons 19.0
step 23063 	 return [0.00935687 0.01347751 0.01086118], ([0.00070923 0.00077051 0.00046778]) 	 loss 1.855E-01 	 horizons 19.0
step 23253 	 return [0.00975306 0.01360651 0.01044329], ([0.00046111 0.00069873 0.00090589]) 	 loss 1.721E-01 	 horizons 19.0
step 23443 	 return [0.009658   0.0128817  0.01124012], ([0.0005038  0.00134361 0.00052207]) 	 loss 1.799E-01 	 horizons 19.0
step 23633 	 return [0.0095085  0.01360462 0.01100003], ([0.00028041 0.00069776 0.00046306]) 	 loss 1.678E-01 	 horizons 19.0
step 23823 	 return [0.00920632 0.0130152  0.01158226], ([0.00076864 0.00105552 0.00084658]) 	 loss 1.676E-01 	 horizons 19.0
step 24013 	 return [0.0095202  0.01381876 0.01064553], ([0.00028612 0.00032906 0.00046813]) 	 loss 1.504E-01 	 horizons 19.0
step 24203 	 return [0.00950658 0.01394949 0.01097569], ([0.00023157 0.00028728 0.0003165 ]) 	 loss 1.511E-01 	 horizons 19.0
step 24393 	 return [0.00956262 0.01308073 0.01109459], ([0.00039992 0.00120585 0.00053094]) 	 loss 1.313E-01 	 horizons 19.0
step 24583 	 return [0.00933364 0.01355855 0.01110726], ([0.00013752 0.00050573 0.00023538]) 	 loss 1.378E-01 	 horizons 19.0
step 24773 	 return [0.00959373 0.01324475 0.01102651], ([0.00042611 0.00068    0.00021299]) 	 loss 1.382E-01 	 horizons 19.0
step 24963 	 return [0.00952572 0.01295649 0.01126422], ([0.00062808 0.00079947 0.00058645]) 	 loss 1.260E-01 	 horizons 19.0
step 25153 	 return [0.01012088 0.01273673 0.0109617 ], ([0.00021655 0.0005238  0.0001822 ]) 	 loss 1.063E-01 	 horizons 19.0
step 25343 	 return [0.00956571 0.01405305 0.01115855], ([2.4976069e-04 3.6086005e-04 8.5052023e-05]) 	 loss 1.285E-01 	 horizons 19.0
step 25533 	 return [0.00940832 0.01347203 0.01130603], ([0.00019055 0.00048037 0.00010442]) 	 loss 1.138E-01 	 horizons 19.0
step 25723 	 return [0.0096736  0.01300571 0.01158491], ([0.00025816 0.00095709 0.00056943]) 	 loss 9.218E-02 	 horizons 19.0
step 25913 	 return [0.00965429 0.01328314 0.01123017], ([0.00027362 0.00070736 0.00068768]) 	 loss 1.108E-01 	 horizons 19.0
step 26103 	 return [0.00994233 0.01346025 0.01109607], ([4.8722798e-04 7.9866004e-04 9.5084833e-05]) 	 loss 1.075E-01 	 horizons 19.0
step 26293 	 return [0.00954924 0.01354258 0.01119831], ([0.00033855 0.00062122 0.00013987]) 	 loss 1.117E-01 	 horizons 19.0
step 26483 	 return [0.00936965 0.01256986 0.01143105], ([0.00043445 0.00090666 0.00037338]) 	 loss 9.948E-02 	 horizons 19.0
step 26673 	 return [0.00947492 0.01415817 0.01107969], ([0.0001486  0.00030242 0.00030267]) 	 loss 9.612E-02 	 horizons 19.0
step 26863 	 return [0.00947649 0.01390256 0.01088722], ([0.00023458 0.00031608 0.00050392]) 	 loss 8.271E-02 	 horizons 19.0
step 27053 	 return [0.00996886 0.0123926  0.01112007], ([0.00049092 0.00092739 0.00047346]) 	 loss 7.597E-02 	 horizons 19.0
step 27243 	 return [0.00944881 0.01324499 0.0114712 ], ([0.00019907 0.00069313 0.00049104]) 	 loss 8.050E-02 	 horizons 19.0
step 27433 	 return [0.00940133 0.01383261 0.01117723], ([0.00019791 0.00038106 0.00017459]) 	 loss 7.867E-02 	 horizons 19.0
step 27623 	 return [0.00958077 0.01398908 0.01111434], ([0.00027284 0.00063967 0.00015309]) 	 loss 7.588E-02 	 horizons 19.0
step 27813 	 return [0.01025693 0.01251149 0.01102917], ([0.00025853 0.00058968 0.00011899]) 	 loss 6.593E-02 	 horizons 19.0
step 28003 	 return [0.00942844 0.01403973 0.01119339], ([1.5692660e-04 3.0688703e-04 4.1866530e-05]) 	 loss 7.702E-02 	 horizons 19.0
step 28193 	 return [0.00933245 0.01361822 0.01135015], ([0.00014882 0.00037157 0.00034134]) 	 loss 6.826E-02 	 horizons 19.0
step 28383 	 return [0.00983351 0.0134954  0.01115037], ([0.00038346 0.00084928 0.00077829]) 	 loss 5.854E-02 	 horizons 19.0
step 28573 	 return [0.00949014 0.01322628 0.01170298], ([0.00021901 0.00085079 0.00059803]) 	 loss 6.666E-02 	 horizons 19.0
step 28763 	 return [0.01015243 0.01333774 0.01077989], ([0.00046942 0.00071629 0.00019641]) 	 loss 6.530E-02 	 horizons 19.0
step 28953 	 return [0.01015138 0.01285469 0.01124959], ([0.00040906 0.00088213 0.00047015]) 	 loss 6.888E-02 	 horizons 19.0
step 29143 	 return [0.0095617  0.012477   0.01220368], ([0.00021142 0.00070902 0.00048981]) 	 loss 7.332E-02 	 horizons 19.0
step 29333 	 return [0.010057   0.01314141 0.01090451], ([0.00044931 0.0006828  0.00086799]) 	 loss 7.067E-02 	 horizons 19.0
step 29523 	 return [0.01010328 0.01332054 0.01096713], ([0.00055477 0.00100755 0.00034088]) 	 loss 7.704E-02 	 horizons 19.0
step 29713 	 return [0.01053301 0.01304774 0.01091735], ([0.00032296 0.00038402 0.00016145]) 	 loss 7.385E-02 	 horizons 19.0
step 29903 	 return [0.00940194 0.01397577 0.01120236], ([1.5297490e-04 2.8494778e-04 3.8424929e-05]) 	 loss 7.041E-02 	 horizons 19.0
step 30093 	 return [0.00966053 0.01430152 0.01096348], ([7.67154925e-05 1.00641766e-04 2.33381143e-04]) 	 loss 7.872E-02 	 horizons 19.0
[1;34mwandb[0m: 
[1;34mwandb[0m: 🚀 View run [33mmotndp_xian-v0__GCN-xian-g3-l0__1024__1781487421[0m at: [34mhttps://wandb.ai/jingyuan-sun03-tu-delft/cl_ablation/runs/dntlkh22[0m
[1;34mwandb[0m: Find logs at: [1;35mwandb/run-20260615_033701-dntlkh22/logs[0m
