/home/SinJ/mo-transport-network-design/.venv/lib/python3.13/site-packages/pygame/pkgdata.py:25: UserWarning: pkg_resources is deprecated as an API. See https://setuptools.pypa.io/en/latest/pkg_resources.html. The pkg_resources package is slated for removal as early as 2025-11-30. Refrain from using this package or pin to Setuptools<81.
  from pkg_resources import resource_stream, resource_exists
wandb: [wandb.login()] Loaded credentials for https://api.wandb.ai from /home/SinJ/.netrc.
wandb: Currently logged in as: jingyuan-sun03 (jingyuan-sun03-tu-delft) to https://api.wandb.ai. Use `wandb login --relogin` to force relogin
wandb: setting up run jt33zdyr
wandb: Tracking run with wandb version 0.27.2
wandb: Run data is saved locally in /home/SinJ/mo-transport-network-design/wandb/run-20260615_042507-jt33zdyr
wandb: Run `wandb offline` to turn off syncing.
wandb: Syncing run motndp_xian-v0__GCN-xian-g7-l0__1024__1781490307
wandb: ⭐️ View project at https://wandb.ai/jingyuan-sun03-tu-delft/cl_ablation
wandb: 🚀 View run at https://wandb.ai/jingyuan-sun03-tu-delft/cl_ablation/runs/jt33zdyr
/home/SinJ/mo-transport-network-design/morl-baselines/morl_baselines/multi_policy/gcn/gcn.py:151: UserWarning: Creating a tensor from a list of numpy.ndarrays is extremely slow. Please consider converting the list to a single numpy.ndarray with numpy.array() before converting to a tensor. (Triggered internally at /pytorch/torch/csrc/utils/tensor_new.cpp:253.)
  th.tensor(obs).to(self.device),
Namespace(env='xian', nr_groups=7, starting_loc_x=9, starting_loc_y=19, nr_stations=20, lr=0.01, batch_size=256, num_er_episodes=100, num_step_episodes=10, num_model_updates=10, num_policies=10, max_buffer_size=200, nr_layers=1, hidden_dim=128, timesteps=30000, no_log=False, seed=1024, cd_threshold=0.2, distance_ref='interpolate2', gcn_lambda=0.0, lambda_schedule='constant', lambda_start=1.0, lambda_end=None, lambda_warmup_fraction=0.0, lambda_freeze_fraction=0.1, spatial_alpha=0.0, include_demand_context=False, criterion='lorenz', nash_mode='pareto_sized', nash_top_k=None, nash_shift=0.0, project_name='cl_ablation', experiment_name='GCN-xian-g7-l0', wandb_entity=None)
step 1945 	 return [0.0024869  0.00274075 0.0011357  0.0012644  0.00043462 0.00096688
 0.00091547], ([0.00269946 0.00265503 0.00217428 0.00188422 0.00090071 0.00169821
 0.00089358]) 	 loss 1.944E+00 	 horizons 17.2
step 2130 	 return [0.00256181 0.00186441 0.00265317 0.00198669 0.00280363 0.00162827
 0.00148831], ([0.0021454  0.00173987 0.00320795 0.00146512 0.00259852 0.00172676
 0.00345672]) 	 loss 1.514E+00 	 horizons 18.5
step 2320 	 return [0.00650927 0.00438816 0.00527867 0.00387464 0.00358173 0.00245318
 0.00031336], ([0.00463323 0.00229551 0.00325368 0.00307509 0.00556022 0.00248014
 0.00094007]) 	 loss 1.054E+00 	 horizons 19.0
step 2510 	 return [0.00651331 0.00500965 0.00475854 0.00507284 0.00326288 0.00254632
 0.00180733], ([0.00455822 0.00260729 0.00321714 0.0036022  0.0046189  0.00340396
 0.00281486]) 	 loss 9.753E-01 	 horizons 19.0
step 2700 	 return [0.00263214 0.00467399 0.00530499 0.00385132 0.00277909 0.00244793
 0.00276137], ([0.0024856  0.00251354 0.00308839 0.00242662 0.00302703 0.00243388
 0.00243051]) 	 loss 9.153E-01 	 horizons 19.0
step 2890 	 return [0.0034373  0.00340776 0.0051131  0.00535457 0.00257898 0.00219417
 0.00284523], ([0.00505084 0.00251127 0.00308715 0.00156619 0.00287712 0.00274785
 0.00185931]) 	 loss 8.729E-01 	 horizons 19.0
step 3080 	 return [0.00337537 0.00342255 0.00271855 0.00195046 0.00159241 0.00126839
 0.00042847], ([0.00316133 0.00195658 0.00163792 0.00167568 0.00209373 0.00176911
 0.00094094]) 	 loss 8.475E-01 	 horizons 19.0
step 3270 	 return [0.00435948 0.00484174 0.00955216 0.00644162 0.00221876 0.0050264
 0.00253466], ([0.00491798 0.00334728 0.00409614 0.00347733 0.00271729 0.00443484
 0.00278152]) 	 loss 7.898E-01 	 horizons 19.0
step 3460 	 return [0.00357306 0.00315438 0.00707287 0.00520215 0.00558116 0.00483295
 0.00244023], ([0.00260877 0.0024485  0.00304483 0.00364362 0.00375875 0.00310112
 0.003178  ]) 	 loss 7.942E-01 	 horizons 19.0
step 3650 	 return [0.00167734 0.00405493 0.00610946 0.00508571 0.00366407 0.00363813
 0.00366658], ([0.002579   0.00196843 0.00251044 0.00266482 0.00257531 0.00307536
 0.00329841]) 	 loss 7.336E-01 	 horizons 19.0
step 3840 	 return [0.00135184 0.00421756 0.0050188  0.00499171 0.00483052 0.00218336
 0.00432943], ([0.00212573 0.00264926 0.00297627 0.0018983  0.00645112 0.00169754
 0.00185924]) 	 loss 7.578E-01 	 horizons 19.0
step 4030 	 return [0.00611676 0.00590543 0.00659832 0.00565438 0.00365214 0.00456434
 0.00272412], ([0.00533231 0.00202842 0.00359051 0.00318901 0.00474352 0.00396497
 0.00397614]) 	 loss 7.641E-01 	 horizons 19.0
step 4220 	 return [0.00823524 0.00425039 0.00503553 0.00378927 0.00305515 0.00188646
 0.00254876], ([0.00441539 0.0025208  0.00318056 0.00314174 0.00490888 0.00262519
 0.00444705]) 	 loss 7.301E-01 	 horizons 19.0
step 4410 	 return [0.00596018 0.00228468 0.00741574 0.00774121 0.00552165 0.00446041
 0.00230063], ([0.00345758 0.00142073 0.00359371 0.00380666 0.00310949 0.00276127
 0.00352399]) 	 loss 6.684E-01 	 horizons 19.0
step 4600 	 return [0.00634092 0.00509519 0.00485838 0.00415455 0.00119666 0.00292597
 0.00290366], ([0.00434271 0.00224418 0.00358202 0.00225087 0.00201478 0.00289842
 0.00342669]) 	 loss 6.790E-01 	 horizons 19.0
step 4790 	 return [0.00292341 0.00507571 0.00715164 0.00606014 0.00803779 0.00537354
 0.0046087 ], ([0.00249263 0.00286016 0.00282665 0.00231564 0.00393689 0.00340877
 0.00272696]) 	 loss 6.691E-01 	 horizons 19.0
step 4980 	 return [0.00162526 0.00385401 0.00402395 0.00493414 0.00239478 0.00329648
 0.00448305], ([0.00207657 0.00278028 0.00285352 0.00252237 0.00387204 0.00318624
 0.00350581]) 	 loss 6.378E-01 	 horizons 19.0
step 5170 	 return [0.00084022 0.00443634 0.00954775 0.00543231 0.00523199 0.00462496
 0.00440837], ([0.00168047 0.00326519 0.0040299  0.00301155 0.00505169 0.00329169
 0.00474715]) 	 loss 6.615E-01 	 horizons 19.0
step 5360 	 return [0.00362401 0.0023988  0.01166857 0.00682259 0.00577815 0.00506556
 0.00514821], ([0.00273505 0.00135843 0.00219855 0.00339761 0.00316043 0.00236632
 0.00272185]) 	 loss 6.444E-01 	 horizons 19.0
step 5550 	 return [0.00088114 0.00511785 0.00933476 0.0058512  0.00471667 0.0026822
 0.00550868], ([0.00182194 0.00209427 0.00258187 0.0024651  0.00350703 0.00231136
 0.0023336 ]) 	 loss 6.440E-01 	 horizons 19.0
step 5740 	 return [0.0022678  0.00391573 0.0076717  0.00615865 0.00552675 0.00441786
 0.0049796 ], ([0.00291512 0.00241488 0.00287365 0.0025779  0.00457536 0.00310238
 0.00430273]) 	 loss 6.442E-01 	 horizons 19.0
step 5930 	 return [0.00162755 0.00340607 0.00862302 0.00396241 0.00650807 0.00438116
 0.00373109], ([0.00250284 0.00297503 0.0029788  0.0031977  0.00557954 0.00328569
 0.00208817]) 	 loss 6.688E-01 	 horizons 19.0
step 6120 	 return [0.00208677 0.00385623 0.00787526 0.00367417 0.0066863  0.00418116
 0.00348515], ([0.00217345 0.00309935 0.00182075 0.00125845 0.00408836 0.00272446
 0.00192807]) 	 loss 6.612E-01 	 horizons 19.0
step 6310 	 return [0.00365822 0.00248956 0.00704183 0.00611142 0.00726511 0.00485185
 0.00479964], ([0.00265802 0.00184193 0.00268303 0.00342121 0.00427449 0.0033035
 0.00348313]) 	 loss 6.222E-01 	 horizons 19.0
step 6500 	 return [0.00344539 0.00171288 0.00543736 0.00454219 0.0073529  0.0048991
 0.00393733], ([0.00186693 0.00202173 0.00320816 0.00313611 0.00296597 0.00233976
 0.00400784]) 	 loss 6.179E-01 	 horizons 19.0
step 6690 	 return [0.00429958 0.00111391 0.00935177 0.00691005 0.00848555 0.00665888
 0.00478618], ([0.0017147  0.0015839  0.00330308 0.00409893 0.00363619 0.00400545
 0.00391587]) 	 loss 6.249E-01 	 horizons 19.0
step 6880 	 return [0.00164626 0.00306917 0.00704353 0.00497555 0.00600872 0.00262508
 0.00522143], ([0.00212358 0.00179812 0.0026512  0.00286565 0.00218981 0.00217621
 0.00190537]) 	 loss 6.315E-01 	 horizons 19.0
step 7070 	 return [0.00604903 0.00190583 0.00926865 0.0075672  0.00654015 0.00355725
 0.00416886], ([0.00207189 0.00194058 0.0033103  0.00397178 0.00367899 0.00287026
 0.00361906]) 	 loss 6.443E-01 	 horizons 19.0
step 7260 	 return [0.00316101 0.00319565 0.00830257 0.00465406 0.00790093 0.00464725
 0.00383314], ([0.00220681 0.00269081 0.00206743 0.00353647 0.00317823 0.00234819
 0.00352958]) 	 loss 6.237E-01 	 horizons 19.0
step 7450 	 return [0.00484239 0.00180106 0.00498076 0.00770685 0.00716784 0.00705764
 0.00834435], ([0.00076922 0.00218277 0.00218209 0.00246854 0.00360536 0.00191789
 0.00448418]) 	 loss 6.132E-01 	 horizons 19.0
step 7640 	 return [0.00690048 0.003334   0.0077924  0.0082069  0.00670566 0.00356421
 0.00410861], ([0.00238207 0.00345926 0.00335445 0.00412792 0.0048231  0.00293664
 0.00533115]) 	 loss 6.202E-01 	 horizons 19.0
step 7830 	 return [0.00138789 0.00187617 0.00676017 0.00647562 0.00688936 0.00579693
 0.00380451], ([0.00172311 0.00186382 0.00248923 0.00349478 0.00448583 0.00202901
 0.00332292]) 	 loss 6.305E-01 	 horizons 19.0
step 8020 	 return [0.00429824 0.00254311 0.00978735 0.00276966 0.00736346 0.00481716
 0.00393486], ([0.00162776 0.00232244 0.00168857 0.00284738 0.00386355 0.00272346
 0.00286364]) 	 loss 6.370E-01 	 horizons 19.0
step 8210 	 return [0.00618425 0.00184377 0.01014357 0.01019618 0.00750968 0.00623998
 0.00453948], ([0.00119557 0.00222144 0.00223415 0.00133035 0.00262436 0.00164608
 0.00332044]) 	 loss 6.362E-01 	 horizons 19.0
step 8400 	 return [0.00487393 0.00121075 0.00914711 0.00520186 0.01023996 0.00779116
 0.00476652], ([0.00099299 0.00122765 0.00322253 0.00267489 0.00373647 0.00260901
 0.00481412]) 	 loss 6.051E-01 	 horizons 19.0
step 8590 	 return [0.0038687  0.00260413 0.01088904 0.00487924 0.00875863 0.00423541
 0.00425418], ([0.00274664 0.00219187 0.00306405 0.00329092 0.00474359 0.00274875
 0.00299799]) 	 loss 5.785E-01 	 horizons 19.0
step 8780 	 return [0.00384257 0.00121463 0.00653997 0.00418477 0.00940868 0.00582876
 0.00327547], ([0.00147829 0.00150635 0.00273861 0.00282814 0.00261675 0.0018113
 0.00393016]) 	 loss 5.688E-01 	 horizons 19.0
step 8970 	 return [0.00507654 0.00236583 0.00760459 0.0084766  0.00893571 0.00668715
 0.00602242], ([0.00095549 0.00220862 0.00232794 0.0030659  0.00355337 0.0024165
 0.00528586]) 	 loss 5.561E-01 	 horizons 19.0
step 9160 	 return [0.00513224 0.00194722 0.0092706  0.00731973 0.01036003 0.00480814
 0.00637475], ([0.00073497 0.00168014 0.00318979 0.00350892 0.00233876 0.00281228
 0.0037248 ]) 	 loss 5.825E-01 	 horizons 19.0
step 9350 	 return [0.00640367 0.00106857 0.01065402 0.01159905 0.00997747 0.00716248
 0.00564266], ([0.00102294 0.00091417 0.00304819 0.00213211 0.00335281 0.00194782
 0.00430542]) 	 loss 5.825E-01 	 horizons 19.0
step 9540 	 return [0.005257   0.00200273 0.00876216 0.00545906 0.0118388  0.00432056
 0.00509577], ([0.00099774 0.00173765 0.00197581 0.00295664 0.00279873 0.0030657
 0.00226344]) 	 loss 5.467E-01 	 horizons 19.0
step 9730 	 return [0.00809766 0.0038362  0.0117737  0.00997509 0.00598961 0.00697002
 0.00221446], ([0.00234159 0.00278156 0.00240798 0.00235652 0.00220649 0.0033617
 0.00204595]) 	 loss 5.274E-01 	 horizons 19.0
step 9920 	 return [0.00472715 0.00301633 0.00995988 0.00590486 0.01239393 0.00665378
 0.0046643 ], ([0.00085607 0.00168276 0.00256413 0.00425854 0.00226065 0.00362752
 0.00350497]) 	 loss 5.143E-01 	 horizons 19.0
step 10110 	 return [0.00630451 0.0009136  0.00935727 0.00999824 0.00937669 0.00489782
 0.00372968], ([0.00163375 0.00118901 0.00168554 0.00254174 0.0024297  0.00232157
 0.00365134]) 	 loss 5.020E-01 	 horizons 19.0
step 10300 	 return [0.00633729 0.00283181 0.01036453 0.0107795  0.00884587 0.00587385
 0.00263598], ([0.0013004  0.00248601 0.00236972 0.00346257 0.00236248 0.00300856
 0.00234233]) 	 loss 5.075E-01 	 horizons 19.0
step 10490 	 return [0.00583373 0.00137731 0.01132852 0.01112046 0.01081931 0.00726292
 0.00746383], ([0.00132767 0.00119886 0.00268882 0.00209755 0.00155823 0.00101179
 0.00237729]) 	 loss 5.149E-01 	 horizons 19.0
step 10680 	 return [0.00578921 0.00115886 0.01028699 0.00972943 0.0111629  0.00628574
 0.00557425], ([0.00032534 0.00135455 0.00099148 0.00321746 0.00291691 0.00145429
 0.00277694]) 	 loss 4.931E-01 	 horizons 19.0
step 10870 	 return [0.00568455 0.00171198 0.01114162 0.01107216 0.01042735 0.00731699
 0.0076968 ], ([0.00057346 0.00171316 0.00289198 0.00295627 0.00170341 0.00170201
 0.00384523]) 	 loss 4.770E-01 	 horizons 19.0
step 11060 	 return [0.00587132 0.00110417 0.01048021 0.01014028 0.00988096 0.00686301
 0.00870002], ([0.00146088 0.00118472 0.00266523 0.00113388 0.00204005 0.00177351
 0.00317431]) 	 loss 4.593E-01 	 horizons 19.0
step 11250 	 return [0.00723111 0.00270888 0.01096638 0.01137615 0.00535978 0.0066118
 0.00442109], ([0.00154121 0.00121123 0.00217663 0.00165576 0.00267141 0.00167812
 0.00335352]) 	 loss 4.483E-01 	 horizons 19.0
step 11440 	 return [0.00394859 0.0031242  0.01069936 0.00608218 0.01058076 0.00805792
 0.00400797], ([0.00153415 0.00159594 0.00238439 0.00301009 0.00427517 0.00291303
 0.00336503]) 	 loss 4.230E-01 	 horizons 19.0
step 11630 	 return [0.00552266 0.00124394 0.01089947 0.01083962 0.01218992 0.00612425
 0.00575052], ([0.00065464 0.00105705 0.0020339  0.00279021 0.00281598 0.0025394
 0.00132893]) 	 loss 4.084E-01 	 horizons 19.0
step 11820 	 return [0.00549971 0.00131192 0.00957793 0.0114257  0.01094041 0.00658236
 0.00890851], ([0.00075412 0.00088225 0.00223561 0.00123841 0.0033679  0.00156878
 0.00407195]) 	 loss 4.001E-01 	 horizons 19.0
step 12010 	 return [0.00516251 0.00101158 0.01082754 0.01012056 0.00927317 0.00578922
 0.00444683], ([0.00052209 0.00150484 0.00165921 0.00167285 0.00197984 0.00148063
 0.00362225]) 	 loss 4.562E-01 	 horizons 19.0
step 12200 	 return [0.00615618 0.00145787 0.00961466 0.01274664 0.00911169 0.00605055
 0.00564952], ([0.00026464 0.00109922 0.00223859 0.00210601 0.00202345 0.00143671
 0.00188844]) 	 loss 4.220E-01 	 horizons 19.0
step 12390 	 return [0.00734901 0.00086206 0.01113839 0.0104105  0.00971301 0.00609101
 0.00621206], ([0.00173923 0.00119241 0.0024389  0.00262993 0.00156162 0.00176136
 0.00217781]) 	 loss 3.910E-01 	 horizons 19.0
step 12580 	 return [0.00565138 0.00083013 0.0110976  0.01066439 0.01178617 0.00726746
 0.00804409], ([0.00033947 0.00103259 0.00140048 0.00187615 0.00102351 0.00098395
 0.00274643]) 	 loss 4.039E-01 	 horizons 19.0
step 12770 	 return [0.00409925 0.00264596 0.01256482 0.01195148 0.00976175 0.00811786
 0.005961  ], ([0.00153179 0.00117648 0.00157936 0.00181691 0.00204179 0.00099538
 0.00276409]) 	 loss 3.830E-01 	 horizons 19.0
step 12960 	 return [0.00623988 0.00199149 0.01121894 0.01234786 0.00814923 0.0069912
 0.00569474], ([0.00097467 0.0010786  0.00118445 0.00149157 0.00238809 0.00204684
 0.00243536]) 	 loss 3.485E-01 	 horizons 19.0
step 13150 	 return [0.00500537 0.00185881 0.00808759 0.00866384 0.01034538 0.00664832
 0.00910591], ([0.0006527  0.00160346 0.00150806 0.00294961 0.00127565 0.00205309
 0.00355288]) 	 loss 3.809E-01 	 horizons 19.0
step 13340 	 return [0.00522765 0.00100907 0.01233175 0.01109345 0.01076669 0.00749736
 0.00631516], ([0.00074163 0.00103761 0.00117191 0.00177533 0.00216107 0.00086616
 0.0021184 ]) 	 loss 3.666E-01 	 horizons 19.0
step 13530 	 return [0.00636244 0.0017926  0.01090728 0.01256235 0.00923668 0.00706826
 0.00783988], ([0.00138735 0.00120466 0.00113691 0.00160382 0.00180409 0.00123614
 0.00187219]) 	 loss 3.534E-01 	 horizons 19.0
step 13720 	 return [0.00542031 0.00164858 0.01111791 0.01120998 0.00886621 0.00735942
 0.00599886], ([0.00103954 0.00133397 0.00110322 0.0027008  0.00186077 0.00193077
 0.00178205]) 	 loss 3.569E-01 	 horizons 19.0
step 13910 	 return [0.00495722 0.00133796 0.00626268 0.00905123 0.00928984 0.00784954
 0.01037198], ([0.0007715  0.00090182 0.00108367 0.00201267 0.00177261 0.0014422
 0.00414081]) 	 loss 3.588E-01 	 horizons 19.0
step 14100 	 return [0.00577864 0.00129067 0.00788079 0.01184045 0.0125491  0.00836993
 0.01062575], ([0.00036538 0.0012625  0.00138532 0.00197814 0.00128788 0.00074383
 0.00318725]) 	 loss 3.523E-01 	 horizons 19.0
step 14290 	 return [0.00552733 0.00187686 0.00814882 0.01172941 0.01204799 0.00697937
 0.01175838], ([0.00055465 0.00117223 0.00145677 0.00160563 0.00138486 0.00244281
 0.00259949]) 	 loss 3.509E-01 	 horizons 19.0
step 14480 	 return [0.00597465 0.00181223 0.00850993 0.01173611 0.01151336 0.00722293
 0.01099285], ([0.00026574 0.00147624 0.00119279 0.0017497  0.0014722  0.00050631
 0.00245804]) 	 loss 3.067E-01 	 horizons 19.0
step 14670 	 return [0.00570874 0.00169967 0.00660517 0.01153524 0.01202523 0.00768227
 0.01217503], ([0.00057092 0.0006191  0.00079833 0.00242936 0.00157874 0.00065471
 0.0025195 ]) 	 loss 3.360E-01 	 horizons 19.0
step 14860 	 return [0.00591832 0.00087546 0.00884374 0.01168739 0.01171948 0.00719204
 0.00979238], ([0.00039765 0.00087631 0.00153363 0.00249755 0.00103969 0.00068085
 0.00376992]) 	 loss 2.918E-01 	 horizons 19.0
step 15050 	 return [0.00042481 0.00427626 0.01154076 0.00797804 0.00989574 0.0079446
 0.00539121], ([0.00127444 0.00219579 0.00145212 0.00364934 0.00328964 0.00126259
 0.00308737]) 	 loss 2.839E-01 	 horizons 19.0
step 15240 	 return [0.00624001 0.00217791 0.01187646 0.01303682 0.00831231 0.00783817
 0.00533006], ([0.00092714 0.00083529 0.00166139 0.00171567 0.00158634 0.00078587
 0.00131239]) 	 loss 2.984E-01 	 horizons 19.0
step 15430 	 return [0.00601425 0.00133934 0.00722853 0.01234112 0.01127628 0.00649402
 0.01131755], ([0.00065373 0.00089774 0.00061946 0.00159049 0.00087872 0.00232139
 0.00157492]) 	 loss 2.853E-01 	 horizons 19.0
step 15620 	 return [0.00629823 0.00185979 0.0091055  0.01094576 0.0119661  0.00667858
 0.00943191], ([0.00016316 0.00111314 0.00090753 0.00164601 0.00155168 0.00040941
 0.0033025 ]) 	 loss 2.719E-01 	 horizons 19.0
step 15810 	 return [0.00514577 0.00062775 0.00846831 0.0096596  0.00918482 0.00684941
 0.0051908 ], ([0.00051163 0.00098166 0.00114045 0.00189499 0.00195602 0.00117732
 0.00386928]) 	 loss 2.859E-01 	 horizons 19.0
step 16000 	 return [0.00369188 0.00310117 0.01317382 0.01203489 0.00959899 0.00634356
 0.00753587], ([0.00124099 0.00167903 0.00115961 0.00145724 0.00213219 0.00226901
 0.00291428]) 	 loss 2.538E-01 	 horizons 19.0
step 16190 	 return [0.00447121 0.00299279 0.01313384 0.01150493 0.00966223 0.00789605
 0.00716654], ([0.00065145 0.00139148 0.00151918 0.00221382 0.00237921 0.00134475
 0.00323711]) 	 loss 2.659E-01 	 horizons 19.0
step 16380 	 return [0.00561713 0.00105413 0.00612208 0.0083371  0.01206344 0.00832732
 0.00991573], ([0.00031629 0.00134674 0.00116804 0.00297934 0.00080776 0.00139096
 0.00233883]) 	 loss 2.301E-01 	 horizons 19.0
step 16570 	 return [0.00617351 0.00080509 0.00589227 0.01297752 0.01101733 0.00681987
 0.01319295], ([0.00023098 0.00101022 0.00059124 0.0034271  0.00155328 0.00237403
 0.00411664]) 	 loss 2.539E-01 	 horizons 19.0
step 16760 	 return [0.00584067 0.00139294 0.00950633 0.01056961 0.0125898  0.00772656
 0.01217674], ([0.000179   0.00069766 0.00104123 0.00143921 0.00054293 0.00074149
 0.00153529]) 	 loss 2.404E-01 	 horizons 19.0
step 16950 	 return [0.00560322 0.00111001 0.0094561  0.01032689 0.01225386 0.00652909
 0.01019733], ([0.00048094 0.00120364 0.00097903 0.00133037 0.0007366  0.00240109
 0.00245056]) 	 loss 2.199E-01 	 horizons 19.0
step 17140 	 return [0.00592907 0.00134358 0.00811702 0.00986645 0.01156957 0.00756825
 0.01059568], ([0.00029882 0.0009391  0.00177475 0.00222074 0.00091648 0.00127328
 0.0015906 ]) 	 loss 2.011E-01 	 horizons 19.0
step 17330 	 return [0.00447706 0.00247966 0.01056892 0.01171052 0.00998981 0.00693482
 0.0103951 ], ([0.00071437 0.00146623 0.00119361 0.00200794 0.00171582 0.00065691
 0.00158014]) 	 loss 1.976E-01 	 horizons 19.0
step 17520 	 return [0.00613629 0.00190658 0.00661876 0.01325891 0.01147749 0.00748964
 0.01325877], ([2.4809805e-04 5.1143905e-04 7.9006789e-04 1.3108102e-03 7.2562846e-04
 3.8937043e-05 4.1842920e-04]) 	 loss 1.958E-01 	 horizons 19.0
step 17710 	 return [0.00526966 0.00125136 0.00969811 0.01187524 0.01029095 0.0076015
 0.01129684], ([0.00059634 0.00139876 0.00154463 0.00209318 0.00200696 0.00091807
 0.00141938]) 	 loss 2.031E-01 	 horizons 19.0
step 17900 	 return [0.00565782 0.00215013 0.00716289 0.01373538 0.01025242 0.00810238
 0.01384029], ([0.00080008 0.00101619 0.00051614 0.00176848 0.00181959 0.00078667
 0.0015266 ]) 	 loss 1.965E-01 	 horizons 19.0
step 18090 	 return [0.00533663 0.0017394  0.00781011 0.01048032 0.01128298 0.00771108
 0.01272192], ([0.00034978 0.00062317 0.0010032  0.00111199 0.0008402  0.00035631
 0.00082472]) 	 loss 2.092E-01 	 horizons 19.0
step 18280 	 return [0.00555861 0.00185945 0.00853044 0.01157955 0.0115869  0.00773968
 0.01301215], ([0.00039042 0.00082313 0.001408   0.00159276 0.00125747 0.0006378
 0.00137327]) 	 loss 1.968E-01 	 horizons 19.0
step 18470 	 return [0.00568612 0.00232961 0.00742603 0.01380463 0.01009018 0.00810306
 0.01359767], ([0.00049713 0.00094753 0.00081134 0.00176585 0.00154018 0.00055324
 0.00070162]) 	 loss 1.956E-01 	 horizons 19.0
step 18660 	 return [0.00603446 0.00285543 0.00943206 0.0107068  0.01154428 0.00747082
 0.01267687], ([0.00014111 0.0009078  0.00057281 0.0014914  0.0013628  0.00062184
 0.00119639]) 	 loss 1.744E-01 	 horizons 19.0
step 18850 	 return [0.00454072 0.00368324 0.00874295 0.01113228 0.00966337 0.00766842
 0.01254141], ([0.00039226 0.0006297  0.00053498 0.00115048 0.00125896 0.00070768
 0.00133613]) 	 loss 1.802E-01 	 horizons 19.0
step 19040 	 return [0.00630388 0.00145637 0.00760231 0.01205177 0.01105485 0.00703127
 0.01123968], ([0.00010671 0.00073661 0.0009923  0.00194362 0.00126443 0.00063373
 0.00161579]) 	 loss 1.637E-01 	 horizons 19.0
step 19230 	 return [0.00551859 0.00252657 0.00718267 0.01219817 0.01038384 0.00784732
 0.01334709], ([0.00032872 0.00066042 0.00044781 0.00176356 0.00115654 0.00054174
 0.00035565]) 	 loss 1.681E-01 	 horizons 19.0
step 19420 	 return [0.00544246 0.00231062 0.00887413 0.0112194  0.01163153 0.00721938
 0.01261892], ([0.00080952 0.00129636 0.00111875 0.00103056 0.00103424 0.00042675
 0.00133839]) 	 loss 1.879E-01 	 horizons 19.0
step 19610 	 return [0.00419918 0.00375298 0.00973486 0.01115498 0.00983871 0.0076244
 0.01343682], ([0.00015754 0.0009547  0.00118978 0.0003487  0.00132181 0.0004867
 0.00095983]) 	 loss 1.572E-01 	 horizons 19.0
step 19800 	 return [0.00584019 0.0016711  0.00763238 0.01179864 0.01137969 0.00767072
 0.01217289], ([0.00048038 0.00101657 0.000899   0.00168058 0.00062578 0.00079425
 0.0013816 ]) 	 loss 1.318E-01 	 horizons 19.0
step 19990 	 return [0.0065334  0.00335747 0.0076216  0.0133758  0.01083208 0.0074721
 0.01335783], ([1.7508179e-04 5.4617791e-04 6.4607942e-04 6.7880278e-04 3.9172557e-04
 5.4885645e-06 1.9164154e-05]) 	 loss 1.182E-01 	 horizons 19.0
step 20180 	 return [0.00624483 0.00172237 0.0074367  0.01358509 0.01202823 0.00747943
 0.01341354], ([1.5571466e-04 5.0920146e-08 1.7324080e-04 6.6474080e-05 2.5223941e-04
 2.5019981e-05 1.9799733e-04]) 	 loss 1.276E-01 	 horizons 19.0
step 20370 	 return [0.00423942 0.00391993 0.00894371 0.01136941 0.01007373 0.00750798
 0.01341726], ([1.6181097e-04 6.9329620e-04 3.7901009e-05 4.4626369e-05 2.5058203e-04
 1.2143981e-05 3.5288649e-05]) 	 loss 1.192E-01 	 horizons 19.0
step 20560 	 return [0.0057454  0.00117429 0.01246916 0.00985363 0.01302386 0.00702084
 0.01045521], ([6.1205341e-05 9.6038583e-04 5.3452799e-04 2.6752646e-03 3.8216473e-04
 6.1332900e-04 1.1538331e-03]) 	 loss 9.139E-02 	 horizons 19.0
step 20750 	 return [0.00651188 0.00197855 0.00748289 0.01310862 0.00998432 0.006743
 0.01250138], ([0.00022612 0.00052736 0.0004506  0.00180256 0.00074683 0.00067563
 0.00113072]) 	 loss 8.769E-02 	 horizons 19.0
step 20940 	 return [0.00616226 0.0015196  0.00750408 0.01362402 0.01093852 0.00792141
 0.01422895], ([0.00019526 0.00050868 0.00026042 0.00072494 0.00146357 0.0007052
 0.00223522]) 	 loss 9.287E-02 	 horizons 19.0
step 21130 	 return [0.005362   0.00177132 0.01080457 0.00910832 0.01189949 0.00666534
 0.0083631 ], ([0.00058325 0.00091045 0.00070873 0.00225129 0.00109052 0.00129501
 0.00153819]) 	 loss 9.055E-02 	 horizons 19.0
step 21320 	 return [0.00446043 0.00378157 0.00910064 0.01121107 0.01014914 0.0075626
 0.01325423], ([3.6798249e-04 8.0629194e-04 3.0508364e-04 3.8068104e-04 4.1778450e-05
 1.2062466e-04 1.1542949e-03]) 	 loss 1.135E-01 	 horizons 19.0
step 21510 	 return [0.00608188 0.00337714 0.00744456 0.01246472 0.01029728 0.0076419
 0.01357156], ([0.00054123 0.00063057 0.00072562 0.00122024 0.0003994  0.00035232
 0.00051851]) 	 loss 8.998E-02 	 horizons 19.0
step 21700 	 return [0.0041705  0.00381894 0.00924682 0.01159886 0.01123509 0.00700189
 0.01183358], ([0.00012161 0.00061412 0.00068848 0.00230752 0.00189511 0.00169188
 0.00177007]) 	 loss 9.360E-02 	 horizons 19.0
step 21890 	 return [0.00583426 0.00309657 0.00708635 0.0133075  0.01066527 0.00850114
 0.01312901], ([0.00034269 0.00088841 0.00041781 0.00052441 0.00115768 0.0003498
 0.00077324]) 	 loss 1.021E-01 	 horizons 19.0
step 22080 	 return [0.00604407 0.00174249 0.00903728 0.00985493 0.01040791 0.00701064
 0.01090009], ([0.00012765 0.00079876 0.0005156  0.001795   0.00158525 0.00103066
 0.00079393]) 	 loss 8.417E-02 	 horizons 19.0
step 22270 	 return [0.00426952 0.00307067 0.01040028 0.01151662 0.01056153 0.00656349
 0.01140916], ([9.3060982e-05 8.2841853e-04 1.2733811e-03 3.0295243e-03 1.4580147e-03
 3.4382578e-04 1.5027210e-03]) 	 loss 7.711E-02 	 horizons 19.0
step 22460 	 return [0.00413833 0.00448598 0.01201958 0.01243712 0.01190102 0.00908733
 0.0105831 ], ([0.00014358 0.00070081 0.00063314 0.00164114 0.00114535 0.00056279
 0.0007914 ]) 	 loss 8.462E-02 	 horizons 19.0
step 22650 	 return [0.00429336 0.00415103 0.00895635 0.01138428 0.01015726 0.00750393
 0.01342902], ([4.656613e-10 4.656613e-10 9.313226e-10 9.313226e-10 9.313226e-10
 9.313226e-10 0.000000e+00]) 	 loss 7.875E-02 	 horizons 19.0
step 22840 	 return [0.00428758 0.00348874 0.01076114 0.01203013 0.01081051 0.00769992
 0.01158762], ([9.5775264e-05 7.5869670e-04 1.6631468e-03 2.2110164e-03 9.5684361e-04
 1.2273904e-03 1.5761903e-03]) 	 loss 6.471E-02 	 horizons 19.0
step 23030 	 return [0.00402356 0.00516487 0.01169429 0.01750983 0.01083282 0.0078923
 0.01424814], ([1.4371395e-06 7.9185207e-04 8.3876477e-04 6.5782410e-04 3.6687234e-05
 1.5423870e-04 1.6143353e-04]) 	 loss 7.033E-02 	 horizons 19.0
step 23220 	 return [0.00429772 0.0039354  0.01322657 0.01037466 0.01142551 0.00832182
 0.01047937], ([0.00014547 0.00056634 0.00087242 0.00165475 0.00086551 0.00122667
 0.00139301]) 	 loss 7.446E-02 	 horizons 19.0
step 23410 	 return [0.00527145 0.00109351 0.01085066 0.00882492 0.01158525 0.00687683
 0.00778238], ([0.00056084 0.00169824 0.00123053 0.00189908 0.00104314 0.00089542
 0.00139465]) 	 loss 7.577E-02 	 horizons 19.0
step 23600 	 return [0.00577562 0.00020283 0.01230365 0.01036207 0.01299338 0.00645768
 0.01068899], ([4.9032205e-05 6.0850417e-04 1.0182702e-03 2.4991569e-03 4.1996746e-04
 1.0621974e-04 1.2326312e-03]) 	 loss 8.842E-02 	 horizons 19.0
step 23790 	 return [0.00651986 0.00205717 0.00787332 0.01239875 0.01043329 0.00698393
 0.01075906], ([0.0001899  0.0007558  0.00126218 0.00132186 0.00028952 0.00076215
 0.00130778]) 	 loss 8.503E-02 	 horizons 19.0
step 23980 	 return [0.00594974 0.00247776 0.00994028 0.00982573 0.01038274 0.00715328
 0.01154818], ([0.0001228  0.0010342  0.00104611 0.00142983 0.00118634 0.00054242
 0.00199221]) 	 loss 8.513E-02 	 horizons 19.0
step 24170 	 return [0.00404473 0.00421801 0.01197719 0.01287985 0.01127401 0.00899059
 0.01156548], ([0.00010638 0.00069184 0.00020024 0.00187758 0.00025227 0.00059985
 0.00169824]) 	 loss 7.865E-02 	 horizons 19.0
step 24360 	 return [0.00423507 0.00365132 0.01289899 0.01123896 0.01082606 0.00713822
 0.0129373 ], ([0.0001568  0.00096052 0.00127221 0.00257148 0.00065634 0.0010991
 0.00274241]) 	 loss 9.563E-02 	 horizons 19.0
step 24550 	 return [0.00432293 0.00390523 0.01083166 0.01216521 0.01260977 0.00697371
 0.01048454], ([5.4137541e-05 1.0141107e-03 7.3347019e-04 1.8450752e-03 1.9985526e-03
 9.0506312e-04 8.9728547e-04]) 	 loss 8.237E-02 	 horizons 19.0
step 24740 	 return [0.0044426  0.00395231 0.01075467 0.01095386 0.01140579 0.00780833
 0.01081439], ([0.00042229 0.00076543 0.00099375 0.00231998 0.00152309 0.00127682
 0.00109682]) 	 loss 7.849E-02 	 horizons 19.0
step 24930 	 return [0.00560625 0.00072567 0.01115061 0.00865614 0.01234969 0.00676579
 0.00875233], ([0.00017955 0.00113715 0.00104654 0.00151846 0.00062528 0.00081583
 0.00177413]) 	 loss 6.886E-02 	 horizons 19.0
step 25120 	 return [0.00402389 0.00464648 0.01212372 0.01761247 0.0108545  0.00799268
 0.01421661], ([4.6566129e-10 0.0000000e+00 0.0000000e+00 1.8626451e-09 0.0000000e+00
 9.3132257e-10 1.8626451e-09]) 	 loss 6.742E-02 	 horizons 19.0
step 25310 	 return [0.00585759 0.00188677 0.01113007 0.00756146 0.01124639 0.00741056
 0.00883043], ([0.0002098  0.0011533  0.00019284 0.00230256 0.00092566 0.00081464
 0.00201733]) 	 loss 7.078E-02 	 horizons 19.0
step 25500 	 return [0.00660167 0.00285544 0.00753067 0.01251676 0.01025199 0.00660208
 0.01288366], ([3.9256745e-05 8.5372559e-04 4.5873094e-04 1.4633978e-03 6.1804953e-04
 1.6338307e-03 5.9356814e-04]) 	 loss 7.053E-02 	 horizons 19.0
step 25690 	 return [0.00402344 0.00481861 0.01211554 0.0174133  0.01084319 0.00795488
 0.01418734], ([1.3751909e-06 5.1636965e-04 2.4532155e-05 5.9749949e-04 3.3908989e-05
 1.1337810e-04 8.7818873e-05]) 	 loss 7.843E-02 	 horizons 19.0
step 25880 	 return [0.00564761 0.00278479 0.00988156 0.00838092 0.0121145  0.00766942
 0.01075403], ([0.00019729 0.00079833 0.0003465  0.00147103 0.0008729  0.00017405
 0.00078085]) 	 loss 6.344E-02 	 horizons 19.0
step 26070 	 return [0.00435132 0.00394747 0.01080366 0.01311092 0.01178237 0.00880747
 0.01231447], ([2.9031660e-05 5.1553431e-04 9.2413247e-04 1.3102547e-03 8.8663388e-04
 9.3509105e-04 1.4049427e-03]) 	 loss 6.696E-02 	 horizons 19.0
step 26260 	 return [0.00548208 0.00185086 0.00943716 0.0097641  0.01150851 0.00704461
 0.00944484], ([0.00066332 0.00125164 0.00135393 0.00096731 0.00068369 0.00066867
 0.00087942]) 	 loss 6.547E-02 	 horizons 19.0
step 26450 	 return [0.00436591 0.00367061 0.01142118 0.01264614 0.01237166 0.00955675
 0.01097153], ([1.5978509e-06 1.0471644e-05 5.3857890e-04 9.4278349e-04 9.8410972e-05
 8.5081752e-05 2.3897910e-04]) 	 loss 6.309E-02 	 horizons 19.0
step 26640 	 return [0.00590058 0.00267496 0.00773433 0.01157707 0.00940247 0.00746079
 0.01202807], ([0.00050818 0.00086335 0.00104925 0.00181129 0.00128656 0.00054833
 0.00149319]) 	 loss 7.130E-02 	 horizons 19.0
step 26830 	 return [0.0060187  0.0037062  0.00689727 0.01116313 0.0093195  0.00817417
 0.0122541 ], ([0.00045017 0.00069566 0.00020019 0.00110892 0.00130794 0.00046859
 0.00063528]) 	 loss 7.508E-02 	 horizons 19.0
step 27020 	 return [0.00439556 0.00357702 0.01248286 0.01223506 0.0116715  0.00859034
 0.01222643], ([0.00027887 0.00062632 0.00065735 0.00298244 0.00058584 0.00087237
 0.00239569]) 	 loss 6.229E-02 	 horizons 19.0
step 27210 	 return [0.00431438 0.00374603 0.01163735 0.01397574 0.01112956 0.00715438
 0.01084332], ([9.6769734e-05 2.9752895e-04 7.9868018e-04 1.4313846e-03 3.8817959e-04
 1.1793261e-03 1.0718715e-03]) 	 loss 7.879E-02 	 horizons 19.0
step 27400 	 return [0.00526195 0.0023774  0.01037674 0.00915137 0.01177538 0.00751284
 0.01006946], ([0.00053298 0.00088024 0.00104412 0.00093393 0.00105047 0.00064706
 0.00151119]) 	 loss 7.844E-02 	 horizons 19.0
step 27590 	 return [0.00541158 0.00373592 0.00700168 0.01193545 0.00775006 0.00825446
 0.01287778], ([0.00013306 0.00077394 0.00086759 0.00142845 0.00166218 0.00065517
 0.00112613]) 	 loss 6.611E-02 	 horizons 19.0
step 27780 	 return [0.00586252 0.0031151  0.00706189 0.01129964 0.00975625 0.00771732
 0.01271737], ([0.00039918 0.00076342 0.00035107 0.00078088 0.00059866 0.00058033
 0.00070179]) 	 loss 6.235E-02 	 horizons 19.0
step 27970 	 return [0.00646913 0.00213979 0.00727445 0.0127024  0.00879856 0.00727315
 0.0112969 ], ([0.00024998 0.00066775 0.00058843 0.0015259  0.00132463 0.00105383
 0.0015358 ]) 	 loss 6.472E-02 	 horizons 19.0
step 28160 	 return [0.00600437 0.00353606 0.00967736 0.00933273 0.01047715 0.00726529
 0.00967854], ([0.00063226 0.00124749 0.00083399 0.00113885 0.00042246 0.00052546
 0.00051954]) 	 loss 8.005E-02 	 horizons 19.0
step 28350 	 return [0.00601164 0.00323299 0.01138213 0.00838432 0.01073677 0.0070562
 0.00985848], ([0.00014946 0.00103227 0.0008804  0.00102008 0.00044279 0.00080117
 0.00137637]) 	 loss 7.297E-02 	 horizons 19.0
step 28540 	 return [0.00572081 0.00244378 0.00970239 0.009521   0.01032534 0.0071028
 0.00993261], ([1.12296817e-04 1.30046217e-03 4.92983265e-04 1.21739795e-04
 2.22227580e-04 3.80529906e-04 6.13872035e-05]) 	 loss 8.400E-02 	 horizons 19.0
step 28730 	 return [0.00470831 0.00472286 0.01141463 0.01104063 0.01103635 0.00806726
 0.01147682], ([0.00060011 0.00091826 0.00167434 0.00165968 0.00070171 0.00086591
 0.00157336]) 	 loss 8.657E-02 	 horizons 19.0
step 28920 	 return [0.00587552 0.00321458 0.01002422 0.01053686 0.00939984 0.00733633
 0.00957532], ([0.00046069 0.00126649 0.00065623 0.00211665 0.00124904 0.00082231
 0.00210073]) 	 loss 8.129E-02 	 horizons 19.0
step 29110 	 return [0.00431412 0.00484815 0.01084363 0.01245615 0.01117355 0.00765442
 0.01341947], ([3.2352797e-05 1.2380135e-03 6.6257059e-04 1.9257623e-03 4.8445896e-04
 7.3868770e-04 6.6506671e-04]) 	 loss 8.005E-02 	 horizons 19.0
step 29300 	 return [0.00430809 0.00484221 0.01337894 0.01094501 0.01123055 0.00731312
 0.01349325], ([0.00010802 0.00095982 0.00101554 0.00162601 0.00036337 0.00042667
 0.00042723]) 	 loss 5.735E-02 	 horizons 19.0
step 29490 	 return [0.00553018 0.001771   0.01106031 0.00968409 0.01047617 0.00765331
 0.00863582], ([0.00116113 0.00146938 0.0014756  0.00137929 0.0016015  0.0006222
 0.00260175]) 	 loss 6.336E-02 	 horizons 19.0
step 29680 	 return [0.00401904 0.00471423 0.01434408 0.0119258  0.01077391 0.00658515
 0.01238812], ([0.00011683 0.00022319 0.00044485 0.00049493 0.00043109 0.0006982
 0.00227705]) 	 loss 1.016E-01 	 horizons 19.0
step 29870 	 return [0.00401977 0.00619559 0.01205012 0.01581996 0.01075277 0.00765254
 0.01395315], ([1.3751909e-06 5.1636965e-04 2.4532153e-05 5.9749949e-04 3.3908993e-05
 1.1337810e-04 8.7818888e-05]) 	 loss 8.419E-02 	 horizons 19.0
step 30060 	 return [0.00404265 0.00548203 0.01192705 0.01636348 0.01083217 0.0079158
 0.01400358], ([6.2431900e-05 8.3854981e-04 4.8252571e-04 1.4396643e-03 9.9245241e-05
 3.2622257e-04 2.8449745e-04]) 	 loss 5.614E-02 	 horizons 19.0
[1;34mwandb[0m: 
[1;34mwandb[0m: 🚀 View run [33mmotndp_xian-v0__GCN-xian-g7-l0__1024__1781490307[0m at: [34mhttps://wandb.ai/jingyuan-sun03-tu-delft/cl_ablation/runs/jt33zdyr[0m
[1;34mwandb[0m: Find logs at: [1;35mwandb/run-20260615_042507-jt33zdyr/logs[0m
