/home/SinJ/mo-transport-network-design/.venv/lib/python3.13/site-packages/pygame/pkgdata.py:25: UserWarning: pkg_resources is deprecated as an API. See https://setuptools.pypa.io/en/latest/pkg_resources.html. The pkg_resources package is slated for removal as early as 2025-11-30. Refrain from using this package or pin to Setuptools<81.
  from pkg_resources import resource_stream, resource_exists
wandb: [wandb.login()] Loaded credentials for https://api.wandb.ai from /home/SinJ/.netrc.
wandb: Currently logged in as: jingyuan-sun03 (jingyuan-sun03-tu-delft) to https://api.wandb.ai. Use `wandb login --relogin` to force relogin
wandb: Tracking run with wandb version 0.27.2
wandb: Run data is saved locally in /home/SinJ/mo-transport-network-design/wandb/run-20260615_034546-ugpb9gd1
wandb: Run `wandb offline` to turn off syncing.
wandb: Syncing run motndp_xian-v0__GCN-xian-g3-spatiotemporal__123__1781487945
wandb: ⭐️ View project at https://wandb.ai/jingyuan-sun03-tu-delft/cl_ablation
wandb: 🚀 View run at https://wandb.ai/jingyuan-sun03-tu-delft/cl_ablation/runs/ugpb9gd1
/home/SinJ/mo-transport-network-design/morl-baselines/morl_baselines/multi_policy/gcn/gcn.py:151: UserWarning: Creating a tensor from a list of numpy.ndarrays is extremely slow. Please consider converting the list to a single numpy.ndarray with numpy.array() before converting to a tensor. (Triggered internally at /pytorch/torch/csrc/utils/tensor_new.cpp:253.)
  th.tensor(obs).to(self.device),
Namespace(env='xian', nr_groups=3, starting_loc_x=9, starting_loc_y=19, nr_stations=20, lr=0.01, batch_size=256, num_er_episodes=100, num_step_episodes=10, num_model_updates=10, num_policies=10, max_buffer_size=200, nr_layers=1, hidden_dim=128, timesteps=30000, no_log=False, seed=123, cd_threshold=0.2, distance_ref='interpolate2', gcn_lambda=0.0, lambda_schedule='cosine', lambda_start=1.0, lambda_end=0.0, lambda_warmup_fraction=0.1, lambda_freeze_fraction=0.1, spatial_alpha=0.5, include_demand_context=False, criterion='lorenz', nash_mode='pareto_sized', nash_top_k=None, nash_shift=0.0, project_name='cl_ablation', experiment_name='GCN-xian-g3-spatiotemporal', wandb_entity=None)
step 1975 	 return [0.00271226 0.00447479 0.00327103], ([0.00287151 0.00333473 0.00321399]) 	 loss 1.931E+00 	 horizons 17.8
step 2150 	 return [0.00174056 0.00275292 0.00228006], ([0.00075886 0.0026068  0.00235434]) 	 loss 1.510E+00 	 horizons 17.5
step 2340 	 return [0.00354626 0.00568268 0.00419472], ([0.0009896  0.00263052 0.00299838]) 	 loss 1.124E+00 	 horizons 19.0
step 2530 	 return [0.00303513 0.00644317 0.00607471], ([0.00218248 0.00236817 0.00273928]) 	 loss 1.014E+00 	 horizons 19.0
step 2720 	 return [0.00366519 0.00615303 0.0045614 ], ([0.00181282 0.00140284 0.00175923]) 	 loss 9.479E-01 	 horizons 19.0
step 2910 	 return [0.00432241 0.00605607 0.00577651], ([0.00139607 0.00241123 0.00222886]) 	 loss 9.437E-01 	 horizons 19.0
step 3100 	 return [0.00387502 0.00668235 0.00680158], ([0.00146426 0.00113456 0.00200545]) 	 loss 9.165E-01 	 horizons 19.0
step 3290 	 return [0.00370403 0.00547606 0.00504268], ([0.00184468 0.0014989  0.00121082]) 	 loss 9.348E-01 	 horizons 19.0
step 3480 	 return [0.00491248 0.00601538 0.00519422], ([0.00149488 0.0019317  0.0027971 ]) 	 loss 9.072E-01 	 horizons 19.0
step 3670 	 return [0.00465238 0.00679871 0.00542604], ([0.00103092 0.0024191  0.00222559]) 	 loss 9.093E-01 	 horizons 19.0
step 3860 	 return [0.00393431 0.00620624 0.00478385], ([0.00130019 0.00261135 0.0018212 ]) 	 loss 8.946E-01 	 horizons 19.0
step 4050 	 return [0.00300192 0.00518991 0.00498634], ([0.00249508 0.00080763 0.00208856]) 	 loss 8.757E-01 	 horizons 19.0
step 4240 	 return [0.00439499 0.00602023 0.00599885], ([0.00131861 0.00200283 0.00197556]) 	 loss 8.676E-01 	 horizons 19.0
step 4430 	 return [0.0040355  0.00704821 0.00601423], ([0.00181449 0.00264155 0.00212933]) 	 loss 8.648E-01 	 horizons 19.0
step 4620 	 return [0.00461323 0.00630026 0.00591501], ([0.0015543  0.00234289 0.00325576]) 	 loss 8.732E-01 	 horizons 19.0
step 4810 	 return [0.00435299 0.00754817 0.00587728], ([0.00155836 0.00220865 0.00203738]) 	 loss 8.405E-01 	 horizons 19.0
step 5000 	 return [0.0039793  0.00683629 0.0053354 ], ([0.00193181 0.00093668 0.00192592]) 	 loss 8.601E-01 	 horizons 19.0
step 5190 	 return [0.00458397 0.00718243 0.00548335], ([0.00110442 0.00158665 0.00139306]) 	 loss 8.613E-01 	 horizons 19.0
step 5380 	 return [0.00303777 0.00643912 0.00588844], ([0.00180732 0.00155514 0.00215744]) 	 loss 8.614E-01 	 horizons 19.0
step 5570 	 return [0.00460465 0.00772721 0.00560071], ([0.00159815 0.00193247 0.00126637]) 	 loss 8.724E-01 	 horizons 19.0
step 5760 	 return [0.00450784 0.00696897 0.00554362], ([0.00139028 0.00172597 0.00186168]) 	 loss 8.479E-01 	 horizons 19.0
step 5950 	 return [0.00452375 0.00820353 0.00643118], ([0.0026114  0.00123107 0.0020534 ]) 	 loss 8.289E-01 	 horizons 19.0
step 6140 	 return [0.00506091 0.00605128 0.00537435], ([0.00159683 0.00256995 0.00197672]) 	 loss 8.324E-01 	 horizons 19.0
step 6330 	 return [0.00477126 0.00772158 0.00558071], ([0.00147788 0.00173707 0.00211839]) 	 loss 8.375E-01 	 horizons 19.0
step 6520 	 return [0.00496214 0.00721028 0.0063076 ], ([0.00161455 0.00259829 0.00254532]) 	 loss 8.191E-01 	 horizons 19.0
step 6710 	 return [0.00470538 0.00828241 0.00686778], ([0.00131681 0.00196622 0.00159062]) 	 loss 8.077E-01 	 horizons 19.0
step 6900 	 return [0.00441291 0.00692039 0.00527699], ([0.00137403 0.00239145 0.00217022]) 	 loss 7.899E-01 	 horizons 19.0
step 7090 	 return [0.00610167 0.00843783 0.00716892], ([0.00168713 0.00202981 0.00164208]) 	 loss 7.834E-01 	 horizons 19.0
step 7280 	 return [0.00683316 0.00968854 0.00782675], ([0.00180091 0.00230149 0.00263491]) 	 loss 7.350E-01 	 horizons 19.0
step 7470 	 return [0.00441805 0.00849536 0.00603247], ([0.00130316 0.00222123 0.00155241]) 	 loss 7.261E-01 	 horizons 19.0
step 7660 	 return [0.00513806 0.00884292 0.00743337], ([0.00205472 0.00115034 0.00116117]) 	 loss 7.245E-01 	 horizons 19.0
step 7850 	 return [0.00533627 0.00844275 0.00730343], ([0.00139061 0.00311247 0.00236385]) 	 loss 7.154E-01 	 horizons 19.0
step 8040 	 return [0.00573611 0.00797037 0.00563183], ([0.0010955  0.00242271 0.0020485 ]) 	 loss 7.114E-01 	 horizons 19.0
step 8230 	 return [0.00579282 0.00949263 0.00750962], ([0.00116559 0.00183589 0.0015834 ]) 	 loss 7.036E-01 	 horizons 19.0
step 8420 	 return [0.00553078 0.00855736 0.00617167], ([0.00089834 0.00180854 0.00152542]) 	 loss 6.860E-01 	 horizons 19.0
step 8610 	 return [0.00650498 0.00854777 0.00630721], ([0.00202019 0.00193471 0.00256068]) 	 loss 6.956E-01 	 horizons 19.0
step 8800 	 return [0.00620519 0.00911009 0.00732333], ([0.00145415 0.00078586 0.00106297]) 	 loss 6.982E-01 	 horizons 19.0
step 8990 	 return [0.00623386 0.01057107 0.00785654], ([0.00059903 0.00170423 0.00147835]) 	 loss 6.688E-01 	 horizons 19.0
step 9180 	 return [0.00664195 0.009537   0.00597683], ([0.00259189 0.001628   0.00242021]) 	 loss 6.439E-01 	 horizons 19.0
step 9370 	 return [0.00646551 0.00945727 0.00616217], ([0.00171901 0.00191835 0.00229098]) 	 loss 6.402E-01 	 horizons 19.0
step 9560 	 return [0.00600427 0.01030954 0.00720462], ([0.00188179 0.00145028 0.00254181]) 	 loss 6.225E-01 	 horizons 19.0
step 9750 	 return [0.00687096 0.01075036 0.00658079], ([0.00117442 0.00228585 0.00112902]) 	 loss 6.306E-01 	 horizons 19.0
step 9940 	 return [0.00701661 0.01020327 0.00754163], ([0.00141083 0.00189053 0.00178246]) 	 loss 5.953E-01 	 horizons 19.0
step 10130 	 return [0.00718766 0.01116945 0.00753551], ([0.00177776 0.00183099 0.00309991]) 	 loss 6.217E-01 	 horizons 19.0
step 10320 	 return [0.00680464 0.01029116 0.00777948], ([0.00101527 0.00120987 0.00120266]) 	 loss 5.828E-01 	 horizons 19.0
step 10510 	 return [0.00647859 0.0099566  0.00857522], ([0.00195328 0.00144639 0.0032562 ]) 	 loss 5.672E-01 	 horizons 19.0
step 10700 	 return [0.00732249 0.01116545 0.00816549], ([0.00136202 0.00108219 0.00170333]) 	 loss 5.576E-01 	 horizons 19.0
step 10890 	 return [0.00661668 0.01054904 0.00805533], ([0.00144016 0.00193201 0.00178034]) 	 loss 5.566E-01 	 horizons 19.0
step 11080 	 return [0.00716256 0.01094677 0.00771773], ([0.00176542 0.00185756 0.00310603]) 	 loss 5.449E-01 	 horizons 19.0
step 11270 	 return [0.00693865 0.01091499 0.00796016], ([0.00130544 0.00211227 0.00141423]) 	 loss 5.564E-01 	 horizons 19.0
step 11460 	 return [0.00618699 0.01088657 0.00724011], ([0.0012507  0.00194342 0.00187382]) 	 loss 5.496E-01 	 horizons 19.0
step 11650 	 return [0.00793947 0.0113314  0.00856309], ([0.00182269 0.00163018 0.00275987]) 	 loss 5.192E-01 	 horizons 19.0
step 11840 	 return [0.00657918 0.0117375  0.00809207], ([0.0012706  0.00183855 0.00152211]) 	 loss 4.950E-01 	 horizons 19.0
step 12030 	 return [0.00789768 0.01165366 0.00834041], ([0.00223253 0.0016149  0.0032342 ]) 	 loss 5.207E-01 	 horizons 19.0
step 12220 	 return [0.00774689 0.01100433 0.00856301], ([0.00136585 0.00128069 0.00204603]) 	 loss 4.945E-01 	 horizons 19.0
step 12410 	 return [0.00711374 0.01029965 0.00808609], ([0.00107739 0.00133294 0.00164606]) 	 loss 4.985E-01 	 horizons 19.0
step 12600 	 return [0.00729813 0.01116591 0.00832138], ([0.00160459 0.00142099 0.00247085]) 	 loss 4.784E-01 	 horizons 19.0
step 12790 	 return [0.00711418 0.01063152 0.00913225], ([0.00124416 0.00207743 0.00151221]) 	 loss 4.962E-01 	 horizons 19.0
step 12980 	 return [0.00862364 0.01199764 0.00485472], ([0.0019342  0.00149051 0.0022854 ]) 	 loss 4.583E-01 	 horizons 19.0
step 13170 	 return [0.0078902  0.01229703 0.00793221], ([0.00098214 0.00196455 0.00349381]) 	 loss 4.390E-01 	 horizons 19.0
step 13360 	 return [0.00850851 0.01237064 0.00648951], ([0.00187951 0.00131737 0.00343519]) 	 loss 4.429E-01 	 horizons 19.0
step 13550 	 return [0.00763497 0.01234471 0.00735458], ([0.00137118 0.00110753 0.00255505]) 	 loss 4.298E-01 	 horizons 19.0
step 13740 	 return [0.00767921 0.01253323 0.00804518], ([0.00085566 0.00140655 0.0014384 ]) 	 loss 4.217E-01 	 horizons 19.0
step 13930 	 return [0.00874211 0.01247936 0.00669458], ([0.00117955 0.00236385 0.00323799]) 	 loss 3.994E-01 	 horizons 19.0
step 14120 	 return [0.00809301 0.01193101 0.00793939], ([0.0012547  0.00127072 0.00296343]) 	 loss 4.173E-01 	 horizons 19.0
step 14310 	 return [0.00765023 0.01247727 0.00821269], ([0.00124836 0.00153211 0.0022653 ]) 	 loss 3.994E-01 	 horizons 19.0
step 14500 	 return [0.0080234  0.01034408 0.00764761], ([0.00119247 0.00215338 0.00286981]) 	 loss 3.778E-01 	 horizons 19.0
step 14690 	 return [0.0065819  0.01043256 0.00982543], ([0.00092731 0.00159882 0.00127591]) 	 loss 4.151E-01 	 horizons 19.0
step 14880 	 return [0.00784892 0.01177934 0.00823765], ([0.00109167 0.00122373 0.00177246]) 	 loss 4.263E-01 	 horizons 19.0
step 15070 	 return [0.0080593  0.01296937 0.00989254], ([0.00109818 0.00186369 0.0028526 ]) 	 loss 3.779E-01 	 horizons 19.0
step 15260 	 return [0.0079316  0.01210721 0.00941105], ([0.00121487 0.00143492 0.00175863]) 	 loss 3.845E-01 	 horizons 19.0
step 15450 	 return [0.0072525  0.01224209 0.01018872], ([0.00101491 0.00148165 0.00167149]) 	 loss 3.672E-01 	 horizons 19.0
step 15640 	 return [0.00825411 0.01190949 0.01087862], ([0.00123503 0.00143621 0.00202862]) 	 loss 3.625E-01 	 horizons 19.0
step 15830 	 return [0.00939946 0.01216329 0.01056817], ([0.00095148 0.00117516 0.00152852]) 	 loss 3.634E-01 	 horizons 19.0
step 16020 	 return [0.00704399 0.01106771 0.00999597], ([0.00116476 0.0012778  0.00174489]) 	 loss 3.583E-01 	 horizons 19.0
step 16210 	 return [0.00782299 0.01206331 0.00985519], ([0.00068381 0.00218125 0.00253747]) 	 loss 3.483E-01 	 horizons 19.0
step 16400 	 return [0.00745566 0.01184291 0.00995583], ([0.00085909 0.00151101 0.00117212]) 	 loss 3.348E-01 	 horizons 19.0
step 16590 	 return [0.0086719  0.01282987 0.01013013], ([0.00099571 0.00161058 0.00219961]) 	 loss 3.275E-01 	 horizons 19.0
step 16780 	 return [0.00849632 0.01240808 0.01003148], ([0.0009496 0.0016487 0.0032272]) 	 loss 3.455E-01 	 horizons 19.0
step 16970 	 return [0.00894782 0.01279468 0.010442  ], ([0.00142589 0.00087223 0.00241489]) 	 loss 3.458E-01 	 horizons 19.0
step 17160 	 return [0.00799249 0.01128667 0.01055939], ([0.00114707 0.00114616 0.00152188]) 	 loss 3.121E-01 	 horizons 19.0
step 17350 	 return [0.00854548 0.01328328 0.00963936], ([0.00113187 0.00169101 0.00215805]) 	 loss 3.281E-01 	 horizons 19.0
step 17540 	 return [0.00794455 0.01282479 0.01014417], ([0.00100058 0.00125687 0.00211021]) 	 loss 2.973E-01 	 horizons 19.0
step 17730 	 return [0.00870301 0.01177695 0.01031979], ([0.00085316 0.00203608 0.00251069]) 	 loss 2.767E-01 	 horizons 19.0
step 17920 	 return [0.0086789  0.01120387 0.01129348], ([0.00128843 0.00148275 0.00135051]) 	 loss 3.207E-01 	 horizons 19.0
step 18110 	 return [0.00826667 0.01201382 0.01069292], ([0.0014717  0.00168779 0.00148292]) 	 loss 3.086E-01 	 horizons 19.0
step 18300 	 return [0.0088393  0.01179459 0.01162531], ([0.00095626 0.00101218 0.00222157]) 	 loss 2.634E-01 	 horizons 19.0
step 18490 	 return [0.00966819 0.01177503 0.01126894], ([0.00053649 0.00107314 0.00206031]) 	 loss 2.687E-01 	 horizons 19.0
step 18680 	 return [0.00841537 0.01156891 0.0096899 ], ([0.00164427 0.00337218 0.00444846]) 	 loss 2.970E-01 	 horizons 19.0
step 18870 	 return [0.00896865 0.01160214 0.01268164], ([0.00085998 0.00095213 0.00097   ]) 	 loss 2.509E-01 	 horizons 19.0
step 19060 	 return [0.00993575 0.0120211  0.01227059], ([0.00035535 0.00051535 0.0008254 ]) 	 loss 2.468E-01 	 horizons 19.0
step 19250 	 return [0.00959    0.0114376  0.01232737], ([0.00097824 0.0013138  0.00112156]) 	 loss 2.280E-01 	 horizons 19.0
step 19440 	 return [0.00918751 0.01229527 0.01181172], ([0.0008041  0.0011539  0.00094168]) 	 loss 2.361E-01 	 horizons 19.0
step 19630 	 return [0.00894245 0.01218591 0.01257557], ([0.0011358  0.0008167  0.00040611]) 	 loss 2.537E-01 	 horizons 19.0
step 19820 	 return [0.00997321 0.012365   0.01253375], ([0.00032457 0.00049343 0.00032958]) 	 loss 2.242E-01 	 horizons 19.0
step 20010 	 return [0.00971249 0.01282375 0.01274199], ([0.00078549 0.00061706 0.00068522]) 	 loss 2.138E-01 	 horizons 19.0
step 20200 	 return [0.00884188 0.01158415 0.01275943], ([0.00112992 0.00054316 0.00049303]) 	 loss 2.003E-01 	 horizons 19.0
step 20390 	 return [0.00982119 0.01201362 0.01220528], ([0.00060264 0.00086726 0.00068723]) 	 loss 2.073E-01 	 horizons 19.0
step 20580 	 return [0.00957856 0.01218979 0.01256472], ([0.00092948 0.00051728 0.00019154]) 	 loss 2.140E-01 	 horizons 19.0
step 20770 	 return [0.00986721 0.01263178 0.01091077], ([0.00017683 0.00077748 0.00105516]) 	 loss 1.915E-01 	 horizons 19.0
step 20960 	 return [0.00953633 0.01237271 0.01253241], ([0.00055319 0.00075686 0.0004352 ]) 	 loss 1.830E-01 	 horizons 19.0
step 21150 	 return [0.00953569 0.01210781 0.0123979 ], ([0.0005432  0.00040248 0.00082832]) 	 loss 1.845E-01 	 horizons 19.0
step 21340 	 return [0.00931786 0.01229814 0.01223879], ([0.00105116 0.00080144 0.0008013 ]) 	 loss 1.686E-01 	 horizons 19.0
step 21530 	 return [0.00873123 0.01320573 0.01079798], ([0.00073783 0.00153436 0.00224662]) 	 loss 1.822E-01 	 horizons 19.0
step 21720 	 return [0.00927525 0.01162723 0.01261079], ([0.00051149 0.00057446 0.00025907]) 	 loss 1.823E-01 	 horizons 19.0
step 21910 	 return [0.01003461 0.01258455 0.01182698], ([0.00033102 0.0007112  0.00096429]) 	 loss 1.694E-01 	 horizons 19.0
step 22100 	 return [0.00924627 0.01255987 0.01286262], ([0.00059886 0.00068822 0.00052351]) 	 loss 1.947E-01 	 horizons 19.0
step 22290 	 return [0.0099228  0.01224974 0.01270468], ([0.00066654 0.00078603 0.00051789]) 	 loss 1.916E-01 	 horizons 19.0
step 22480 	 return [0.01024401 0.01353169 0.01216161], ([0.00022426 0.000407   0.00017389]) 	 loss 1.833E-01 	 horizons 19.0
step 22670 	 return [0.00969284 0.01252599 0.01189159], ([0.0009968  0.00068686 0.00118457]) 	 loss 1.972E-01 	 horizons 19.0
step 22860 	 return [0.00962113 0.01211464 0.01223197], ([0.0005054  0.00061368 0.00082669]) 	 loss 1.935E-01 	 horizons 19.0
step 23050 	 return [0.0081355  0.01005378 0.0105167 ], ([0.00176056 0.003841   0.00529232]) 	 loss 1.738E-01 	 horizons 19.0
step 23240 	 return [0.00952549 0.01213152 0.01105609], ([0.00203965 0.00344518 0.00369225]) 	 loss 1.460E-01 	 horizons 19.0
step 23430 	 return [0.00886184 0.01107683 0.01163979], ([0.00144953 0.00291623 0.00391699]) 	 loss 1.303E-01 	 horizons 19.0
step 23620 	 return [0.00918202 0.01191023 0.01276893], ([0.00047127 0.00022255 0.00052593]) 	 loss 1.461E-01 	 horizons 19.0
step 23810 	 return [0.00874501 0.01148062 0.01319277], ([0.00043638 0.00114758 0.00084069]) 	 loss 1.503E-01 	 horizons 19.0
step 24000 	 return [0.01010689 0.0135658  0.01215334], ([0.00040387 0.00037831 0.00049889]) 	 loss 1.490E-01 	 horizons 19.0
step 24190 	 return [0.00898456 0.01246267 0.01313793], ([0.00057797 0.00077209 0.00063696]) 	 loss 1.386E-01 	 horizons 19.0
step 24380 	 return [0.00888753 0.0122383  0.01330138], ([0.00028931 0.00060249 0.0006147 ]) 	 loss 1.354E-01 	 horizons 19.0
step 24570 	 return [0.0100162  0.01231611 0.0125736 ], ([0.00029583 0.00039593 0.00017408]) 	 loss 1.324E-01 	 horizons 19.0
step 24760 	 return [0.01017131 0.01365163 0.01228069], ([0.00025573 0.00011867 0.00038257]) 	 loss 1.356E-01 	 horizons 19.0
step 24950 	 return [0.00842267 0.01233489 0.01367361], ([0.00075515 0.00073547 0.00043675]) 	 loss 1.421E-01 	 horizons 19.0
step 25140 	 return [0.01011654 0.0135893  0.01227424], ([0.00025088 0.00011987 0.00039321]) 	 loss 1.300E-01 	 horizons 19.0
step 25330 	 return [0.01013554 0.01360335 0.01220319], ([0.00040963 0.00038663 0.00047263]) 	 loss 1.322E-01 	 horizons 19.0
step 25520 	 return [0.0092993  0.01231644 0.01304493], ([0.00032494 0.00033197 0.00049137]) 	 loss 1.218E-01 	 horizons 19.0
step 25710 	 return [0.0102618  0.01372176 0.01210616], ([2.3318184e-04 9.7428747e-05 3.5555473e-05]) 	 loss 1.100E-01 	 horizons 19.0
step 25900 	 return [0.00887639 0.01252315 0.01332762], ([0.00016553 0.00059297 0.000449  ]) 	 loss 1.059E-01 	 horizons 19.0
step 26090 	 return [0.00948062 0.0123198  0.01275863], ([0.00038086 0.00040715 0.00046664]) 	 loss 1.103E-01 	 horizons 19.0
step 26280 	 return [0.00881484 0.01212663 0.01291111], ([0.00026547 0.00081214 0.00057554]) 	 loss 1.198E-01 	 horizons 19.0
step 26470 	 return [0.01026475 0.01369695 0.01206058], ([0.0002288  0.00013931 0.00015773]) 	 loss 1.019E-01 	 horizons 19.0
step 26660 	 return [0.01034752 0.01359209 0.01217877], ([0.00015196 0.00043262 0.00016627]) 	 loss 1.053E-01 	 horizons 19.0
step 26850 	 return [0.01024931 0.01370676 0.01220177], ([0.00025717 0.0001445  0.00030605]) 	 loss 1.152E-01 	 horizons 19.0
step 27040 	 return [0.01022988 0.01374535 0.01210374], ([2.3538552e-04 1.2184195e-04 3.7043865e-05]) 	 loss 1.073E-01 	 horizons 19.0
step 27230 	 return [0.01009366 0.01296151 0.01236039], ([0.00035192 0.00077665 0.00026719]) 	 loss 9.256E-02 	 horizons 19.0
step 27420 	 return [0.00954686 0.01216533 0.01268317], ([0.00054836 0.00046537 0.00034553]) 	 loss 8.767E-02 	 horizons 19.0
step 27610 	 return [0.01031592 0.01379935 0.01211705], ([2.0512901e-04 8.2889579e-05 3.2445416e-05]) 	 loss 9.896E-02 	 horizons 19.0
step 27800 	 return [0.01001296 0.01332218 0.01238823], ([0.00058564 0.00068659 0.00050861]) 	 loss 1.135E-01 	 horizons 19.0
step 27990 	 return [0.0102156  0.01385447 0.01212307], ([4.6364462e-04 1.2626326e-04 2.4445970e-05]) 	 loss 1.054E-01 	 horizons 19.0
step 28180 	 return [0.0102302  0.01354617 0.01215871], ([0.00020827 0.00041509 0.00017409]) 	 loss 8.681E-02 	 horizons 19.0
step 28370 	 return [0.01031308 0.01374249 0.01211427], ([2.0375270e-04 9.8498494e-05 3.1311662e-05]) 	 loss 8.534E-02 	 horizons 19.0
step 28560 	 return [0.01030067 0.01363167 0.01217005], ([0.00020192 0.00043547 0.00017045]) 	 loss 8.504E-02 	 horizons 19.0
step 28750 	 return [0.01027277 0.01365023 0.01210628], ([2.4364622e-04 7.6405377e-05 3.6427049e-05]) 	 loss 8.103E-02 	 horizons 19.0
step 28940 	 return [0.01037855 0.01370011 0.01222288], ([0.00021006 0.00015448 0.00029856]) 	 loss 7.984E-02 	 horizons 19.0
step 29130 	 return [0.01029774 0.01358923 0.01215855], ([0.00021097 0.00020431 0.00013225]) 	 loss 8.166E-02 	 horizons 19.0
step 29320 	 return [0.00918646 0.01257448 0.01309712], ([0.00062466 0.00064221 0.00053295]) 	 loss 7.250E-02 	 horizons 19.0
step 29510 	 return [0.01026479 0.01321687 0.01227572], ([0.00018618 0.00056814 0.00026118]) 	 loss 9.059E-02 	 horizons 19.0
step 29700 	 return [0.00880788 0.01282803 0.01365198], ([0.00029393 0.00039996 0.00028141]) 	 loss 9.146E-02 	 horizons 19.0
step 29890 	 return [0.00904351 0.01249879 0.01375376], ([0.00025883 0.00043764 0.00068019]) 	 loss 1.135E-01 	 horizons 19.0
step 30080 	 return [0.01024196 0.01367249 0.01210724], ([2.1302127e-04 1.4951256e-04 3.3895642e-05]) 	 loss 1.255E-01 	 horizons 19.0
[1;34mwandb[0m: 
[1;34mwandb[0m: 🚀 View run [33mmotndp_xian-v0__GCN-xian-g3-spatiotemporal__123__1781487945[0m at: [34mhttps://wandb.ai/jingyuan-sun03-tu-delft/cl_ablation/runs/ugpb9gd1[0m
[1;34mwandb[0m: Find logs at: [1;35mwandb/run-20260615_034546-ugpb9gd1/logs[0m
