/home/SinJ/mo-transport-network-design/.venv/lib/python3.13/site-packages/pygame/pkgdata.py:25: UserWarning: pkg_resources is deprecated as an API. See https://setuptools.pypa.io/en/latest/pkg_resources.html. The pkg_resources package is slated for removal as early as 2025-11-30. Refrain from using this package or pin to Setuptools<81.
  from pkg_resources import resource_stream, resource_exists
wandb: [wandb.login()] Loaded credentials for https://api.wandb.ai from /home/SinJ/.netrc.
wandb: Currently logged in as: jingyuan-sun03 (jingyuan-sun03-tu-delft) to https://api.wandb.ai. Use `wandb login --relogin` to force relogin
wandb: setting up run l1rgclvm
wandb: Tracking run with wandb version 0.27.2
wandb: Run data is saved locally in /home/SinJ/mo-transport-network-design/wandb/run-20260615_034542-l1rgclvm
wandb: Run `wandb offline` to turn off syncing.
wandb: Syncing run motndp_xian-v0__GCN-xian-g3-spatial__789__1781487941
wandb: ⭐️ View project at https://wandb.ai/jingyuan-sun03-tu-delft/cl_ablation
wandb: 🚀 View run at https://wandb.ai/jingyuan-sun03-tu-delft/cl_ablation/runs/l1rgclvm
/home/SinJ/mo-transport-network-design/morl-baselines/morl_baselines/multi_policy/gcn/gcn.py:151: UserWarning: Creating a tensor from a list of numpy.ndarrays is extremely slow. Please consider converting the list to a single numpy.ndarray with numpy.array() before converting to a tensor. (Triggered internally at /pytorch/torch/csrc/utils/tensor_new.cpp:253.)
  th.tensor(obs).to(self.device),
Namespace(env='xian', nr_groups=3, starting_loc_x=9, starting_loc_y=19, nr_stations=20, lr=0.01, batch_size=256, num_er_episodes=100, num_step_episodes=10, num_model_updates=10, num_policies=10, max_buffer_size=200, nr_layers=1, hidden_dim=128, timesteps=30000, no_log=False, seed=789, cd_threshold=0.2, distance_ref='interpolate2', gcn_lambda=0.0, lambda_schedule='constant', lambda_start=1.0, lambda_end=None, lambda_warmup_fraction=0.0, lambda_freeze_fraction=0.1, spatial_alpha=0.5, include_demand_context=False, criterion='lorenz', nash_mode='pareto_sized', nash_top_k=None, nash_shift=0.0, project_name='cl_ablation', experiment_name='GCN-xian-g3-spatial', wandb_entity=None)
step 1961 	 return [0.00342895 0.0035432  0.00309712], ([0.00219981 0.00298888 0.00345917]) 	 loss 1.943E+00 	 horizons 19.0
step 2146 	 return [0.00250027 0.00266873 0.00197894], ([0.00149021 0.00296347 0.00322562]) 	 loss 1.480E+00 	 horizons 18.5
step 2336 	 return [0.00421605 0.00483155 0.00329645], ([0.0018702  0.0022673  0.00224838]) 	 loss 1.096E+00 	 horizons 19.0
step 2526 	 return [0.00381172 0.00358638 0.00355934], ([0.00157286 0.0021915  0.00390449]) 	 loss 9.962E-01 	 horizons 19.0
step 2716 	 return [0.00306909 0.00461815 0.00449254], ([0.00147651 0.00224969 0.00344696]) 	 loss 9.267E-01 	 horizons 19.0
step 2906 	 return [0.00309298 0.00342512 0.00294585], ([0.00238178 0.00164137 0.00231299]) 	 loss 8.951E-01 	 horizons 19.0
step 3096 	 return [0.00314744 0.00427625 0.00325801], ([0.00240405 0.00204319 0.0027387 ]) 	 loss 8.683E-01 	 horizons 19.0
step 3286 	 return [0.00443071 0.00504677 0.00457794], ([0.00182327 0.00230553 0.00384268]) 	 loss 8.660E-01 	 horizons 19.0
step 3476 	 return [0.00412836 0.00425358 0.00252124], ([0.0017773  0.00218443 0.00198598]) 	 loss 8.378E-01 	 horizons 19.0
step 3666 	 return [0.00294315 0.00612655 0.00552095], ([0.00158607 0.00255861 0.00364395]) 	 loss 7.930E-01 	 horizons 19.0
step 3856 	 return [0.00409303 0.0051665  0.00381149], ([0.0009825  0.00090706 0.00181217]) 	 loss 8.063E-01 	 horizons 19.0
step 4046 	 return [0.00474806 0.00367293 0.00301658], ([0.00270757 0.0021282  0.00259851]) 	 loss 7.970E-01 	 horizons 19.0
step 4236 	 return [0.00403314 0.00511362 0.00355268], ([0.00239825 0.00221145 0.00247614]) 	 loss 7.575E-01 	 horizons 19.0
step 4426 	 return [0.00515059 0.00380257 0.00351823], ([0.00217278 0.00262442 0.00426365]) 	 loss 7.360E-01 	 horizons 19.0
step 4616 	 return [0.00422463 0.00484938 0.00405394], ([0.00202993 0.00173052 0.00193254]) 	 loss 7.075E-01 	 horizons 19.0
step 4806 	 return [0.00446391 0.00413968 0.00352759], ([0.0015864  0.00244178 0.00269082]) 	 loss 7.067E-01 	 horizons 19.0
step 4996 	 return [0.00390818 0.00611046 0.004186  ], ([0.00126346 0.00264058 0.00268694]) 	 loss 7.192E-01 	 horizons 19.0
step 5186 	 return [0.00292839 0.0048176  0.00394717], ([0.00138184 0.00193225 0.00223285]) 	 loss 7.113E-01 	 horizons 19.0
step 5376 	 return [0.00277251 0.00493249 0.00567892], ([0.00156292 0.00195556 0.0020693 ]) 	 loss 7.194E-01 	 horizons 19.0
step 5566 	 return [0.00322278 0.00607268 0.00455187], ([0.00167945 0.00189186 0.00251036]) 	 loss 7.054E-01 	 horizons 19.0
step 5756 	 return [0.00297166 0.00599929 0.00654715], ([0.00152286 0.00150752 0.00230522]) 	 loss 7.512E-01 	 horizons 19.0
step 5946 	 return [0.00370457 0.00643724 0.00527348], ([0.002021   0.00217729 0.00331839]) 	 loss 7.295E-01 	 horizons 19.0
step 6136 	 return [0.00290356 0.00542051 0.00548203], ([0.00126334 0.00133949 0.00266672]) 	 loss 7.190E-01 	 horizons 19.0
step 6326 	 return [0.00369774 0.00597687 0.0044447 ], ([0.00209624 0.00192853 0.00159454]) 	 loss 7.455E-01 	 horizons 19.0
step 6516 	 return [0.0031318  0.00621576 0.00636854], ([0.00175212 0.00153222 0.00224337]) 	 loss 7.129E-01 	 horizons 19.0
step 6706 	 return [0.003488   0.00558325 0.00428499], ([0.00112808 0.0021812  0.00170821]) 	 loss 7.439E-01 	 horizons 19.0
step 6896 	 return [0.00387297 0.00723166 0.00753214], ([0.00160732 0.00150682 0.00226557]) 	 loss 7.371E-01 	 horizons 19.0
step 7086 	 return [0.00348594 0.00570979 0.00493625], ([0.00192769 0.00132547 0.0021677 ]) 	 loss 7.569E-01 	 horizons 19.0
step 7276 	 return [0.00419036 0.00573561 0.00433489], ([0.00184103 0.00278541 0.00197602]) 	 loss 7.345E-01 	 horizons 19.0
step 7466 	 return [0.0035479  0.00625255 0.00656743], ([0.00230934 0.0015579  0.002329  ]) 	 loss 7.122E-01 	 horizons 19.0
step 7656 	 return [0.00471146 0.00672127 0.00550113], ([0.00139816 0.00199078 0.00274107]) 	 loss 7.191E-01 	 horizons 19.0
step 7846 	 return [0.00434409 0.00678319 0.00690852], ([0.00183277 0.00173395 0.00324423]) 	 loss 6.968E-01 	 horizons 19.0
step 8036 	 return [0.00338207 0.00704645 0.0062477 ], ([0.00101019 0.00148018 0.00224485]) 	 loss 7.070E-01 	 horizons 19.0
step 8226 	 return [0.00462114 0.00660746 0.00508031], ([0.00230145 0.00211549 0.00215495]) 	 loss 7.216E-01 	 horizons 19.0
step 8416 	 return [0.00404357 0.0092931  0.00767394], ([0.00095648 0.00204772 0.00228188]) 	 loss 7.105E-01 	 horizons 19.0
step 8606 	 return [0.00317269 0.00727487 0.00803968], ([0.00132222 0.0017703  0.00259053]) 	 loss 7.295E-01 	 horizons 19.0
step 8796 	 return [0.00353387 0.00843703 0.00780147], ([0.00124504 0.0017425  0.00198739]) 	 loss 7.271E-01 	 horizons 19.0
step 8986 	 return [0.00268962 0.0068635  0.00779744], ([0.00193443 0.00209013 0.00291928]) 	 loss 6.861E-01 	 horizons 19.0
step 9176 	 return [0.00389306 0.00838405 0.00576053], ([0.00171943 0.00221291 0.00219242]) 	 loss 6.906E-01 	 horizons 19.0
step 9366 	 return [0.00432361 0.00855952 0.00817619], ([0.002609   0.00172495 0.00223419]) 	 loss 6.875E-01 	 horizons 19.0
step 9556 	 return [0.00535086 0.00867082 0.00716681], ([0.00146556 0.00159918 0.00104331]) 	 loss 6.614E-01 	 horizons 19.0
step 9746 	 return [0.0033599  0.00802603 0.00831925], ([0.00179312 0.00208393 0.00205874]) 	 loss 6.370E-01 	 horizons 19.0
step 9936 	 return [0.003112   0.00947833 0.00892398], ([0.00085751 0.00191137 0.00180666]) 	 loss 6.860E-01 	 horizons 19.0
step 10126 	 return [0.00516411 0.00892768 0.00586051], ([0.00278114 0.00221185 0.00236693]) 	 loss 6.534E-01 	 horizons 19.0
step 10316 	 return [0.00442654 0.00750101 0.00622151], ([0.00120925 0.0021582  0.00219419]) 	 loss 6.407E-01 	 horizons 19.0
step 10506 	 return [0.00417775 0.00947456 0.00927559], ([0.00116845 0.00213117 0.0023139 ]) 	 loss 6.241E-01 	 horizons 19.0
step 10696 	 return [0.00496396 0.00929602 0.00666317], ([0.00176255 0.00272224 0.0024712 ]) 	 loss 5.768E-01 	 horizons 19.0
step 10886 	 return [0.00496457 0.00931012 0.00861469], ([0.00234965 0.00180291 0.00250967]) 	 loss 6.079E-01 	 horizons 19.0
step 11076 	 return [0.00455599 0.00865132 0.00736393], ([0.00300667 0.00225595 0.00270444]) 	 loss 5.878E-01 	 horizons 19.0
step 11266 	 return [0.00489051 0.01100347 0.00851397], ([0.00121615 0.00198093 0.00082984]) 	 loss 6.164E-01 	 horizons 19.0
step 11456 	 return [0.00481116 0.01000263 0.00846582], ([0.00107171 0.00133656 0.0014152 ]) 	 loss 5.431E-01 	 horizons 19.0
step 11646 	 return [0.00429541 0.00974928 0.00856946], ([0.00145382 0.00144668 0.00279091]) 	 loss 5.608E-01 	 horizons 19.0
step 11836 	 return [0.00554119 0.00799279 0.00683601], ([0.00129261 0.00281122 0.00266326]) 	 loss 5.512E-01 	 horizons 19.0
step 12026 	 return [0.00470879 0.00994763 0.00857988], ([0.00109221 0.0013756  0.00184603]) 	 loss 5.481E-01 	 horizons 19.0
step 12216 	 return [0.00473405 0.00978923 0.00823687], ([0.00077443 0.00208346 0.00131123]) 	 loss 5.192E-01 	 horizons 19.0
step 12406 	 return [0.00398985 0.00932497 0.01036642], ([0.00102869 0.002762   0.0017556 ]) 	 loss 5.444E-01 	 horizons 19.0
step 12596 	 return [0.00449351 0.01063817 0.00822608], ([0.00086407 0.00186679 0.00115468]) 	 loss 5.135E-01 	 horizons 19.0
step 12786 	 return [0.00569185 0.00889368 0.00652525], ([0.00124143 0.00166262 0.00213519]) 	 loss 5.312E-01 	 horizons 19.0
step 12976 	 return [0.00463585 0.00960631 0.00945769], ([0.00105319 0.0019831  0.00164199]) 	 loss 5.078E-01 	 horizons 19.0
step 13166 	 return [0.00471979 0.01004623 0.01001456], ([0.00099976 0.00166794 0.00191769]) 	 loss 4.876E-01 	 horizons 19.0
step 13356 	 return [0.00602527 0.00972712 0.00715624], ([0.00130916 0.00271336 0.0021818 ]) 	 loss 4.954E-01 	 horizons 19.0
step 13546 	 return [0.00360449 0.01173773 0.00878807], ([0.00155916 0.00145009 0.001039  ]) 	 loss 4.853E-01 	 horizons 19.0
step 13736 	 return [0.00469751 0.01039797 0.00959224], ([0.00066339 0.00204736 0.00176088]) 	 loss 4.755E-01 	 horizons 19.0
step 13926 	 return [0.00544039 0.01066063 0.00846214], ([0.00124202 0.00126338 0.00161538]) 	 loss 4.487E-01 	 horizons 19.0
step 14116 	 return [0.00434944 0.01017286 0.00987144], ([0.00159371 0.0014897  0.00158667]) 	 loss 4.131E-01 	 horizons 19.0
step 14306 	 return [0.00446308 0.01062613 0.00909749], ([0.00089026 0.00196021 0.00178335]) 	 loss 4.435E-01 	 horizons 19.0
step 14496 	 return [0.00607141 0.0094665  0.00783319], ([0.00147088 0.0014569  0.00163048]) 	 loss 4.078E-01 	 horizons 19.0
step 14686 	 return [0.00480381 0.01001748 0.00959698], ([0.0013348  0.0015479  0.00228786]) 	 loss 4.250E-01 	 horizons 19.0
step 14876 	 return [0.00559013 0.00963126 0.00941387], ([0.00090892 0.00187096 0.00216266]) 	 loss 3.988E-01 	 horizons 19.0
step 15066 	 return [0.00412097 0.01063046 0.00991196], ([0.00106146 0.00190011 0.00163506]) 	 loss 3.998E-01 	 horizons 19.0
step 15256 	 return [0.00536672 0.01079945 0.00837154], ([0.00092214 0.00122116 0.00130342]) 	 loss 4.189E-01 	 horizons 19.0
step 15446 	 return [0.00483973 0.01102296 0.00964442], ([0.00078188 0.00145729 0.00124732]) 	 loss 3.891E-01 	 horizons 19.0
step 15636 	 return [0.00594463 0.00954906 0.00923611], ([0.00046499 0.00099108 0.00212875]) 	 loss 4.199E-01 	 horizons 19.0
step 15826 	 return [0.00563132 0.01031304 0.00931608], ([0.00069559 0.00138181 0.00158858]) 	 loss 3.683E-01 	 horizons 19.0
step 16016 	 return [0.00474527 0.00983313 0.01030216], ([0.00063859 0.00148613 0.00089729]) 	 loss 3.673E-01 	 horizons 19.0
step 16206 	 return [0.00580315 0.01021587 0.00934388], ([0.00068008 0.0012946  0.00184676]) 	 loss 3.934E-01 	 horizons 19.0
step 16396 	 return [0.00396416 0.01078337 0.0093105 ], ([0.00082184 0.0020721  0.00109427]) 	 loss 3.835E-01 	 horizons 19.0
step 16586 	 return [0.00433509 0.01144094 0.00966134], ([0.0012733  0.0012998  0.00124717]) 	 loss 3.909E-01 	 horizons 19.0
step 16776 	 return [0.00430087 0.01152284 0.00960907], ([0.00116411 0.00133119 0.00148278]) 	 loss 3.901E-01 	 horizons 19.0
step 16966 	 return [0.00611025 0.01004861 0.00881206], ([0.00050377 0.00118056 0.00123448]) 	 loss 3.825E-01 	 horizons 19.0
step 17156 	 return [0.00561964 0.00986119 0.01010331], ([0.00065127 0.00164221 0.00170892]) 	 loss 3.748E-01 	 horizons 19.0
step 17346 	 return [0.0065861  0.00954567 0.00844637], ([0.0008096  0.00096258 0.00118716]) 	 loss 3.639E-01 	 horizons 19.0
step 17536 	 return [0.00630716 0.01070355 0.00906782], ([0.00063909 0.00164237 0.00184322]) 	 loss 3.819E-01 	 horizons 19.0
step 17726 	 return [0.00646309 0.00921628 0.0101122 ], ([0.00076159 0.00146889 0.00145011]) 	 loss 3.453E-01 	 horizons 19.0
step 17916 	 return [0.00626233 0.00942734 0.00909238], ([0.00072253 0.00090705 0.00112979]) 	 loss 3.502E-01 	 horizons 19.0
step 18106 	 return [0.00673388 0.00872388 0.0107144 ], ([0.00083532 0.00123915 0.00164217]) 	 loss 3.366E-01 	 horizons 19.0
step 18296 	 return [0.00617618 0.00946878 0.01000361], ([0.00102549 0.00109276 0.00162329]) 	 loss 3.597E-01 	 horizons 19.0
step 18486 	 return [0.00501945 0.0095357  0.01111934], ([0.00091393 0.00128907 0.00146535]) 	 loss 3.307E-01 	 horizons 19.0
step 18676 	 return [0.00594032 0.00971519 0.01047864], ([0.00073441 0.00093868 0.00084329]) 	 loss 3.010E-01 	 horizons 19.0
step 18866 	 return [0.00659831 0.00958134 0.00971205], ([0.00092823 0.0008849  0.0011249 ]) 	 loss 3.169E-01 	 horizons 19.0
step 19056 	 return [0.00546056 0.00944278 0.01107412], ([0.00074253 0.00136053 0.00120304]) 	 loss 2.976E-01 	 horizons 19.0
step 19246 	 return [0.0060799  0.01037231 0.00951369], ([0.00047836 0.00089776 0.00135668]) 	 loss 3.095E-01 	 horizons 19.0
step 19436 	 return [0.00595294 0.00998253 0.00960633], ([0.00043224 0.00074464 0.00121371]) 	 loss 2.907E-01 	 horizons 19.0
step 19626 	 return [0.00549045 0.01127071 0.01116646], ([0.00068857 0.00108946 0.00207521]) 	 loss 2.729E-01 	 horizons 19.0
step 19816 	 return [0.00575225 0.00971336 0.01078397], ([0.00099639 0.00094605 0.00193101]) 	 loss 2.745E-01 	 horizons 19.0
step 20006 	 return [0.00595767 0.01071335 0.01133657], ([0.00066101 0.00135438 0.00122862]) 	 loss 2.731E-01 	 horizons 19.0
step 20196 	 return [0.00647763 0.01001379 0.01016013], ([0.00076928 0.00086089 0.00110138]) 	 loss 2.620E-01 	 horizons 19.0
step 20386 	 return [0.00680218 0.00941312 0.00921823], ([0.00073362 0.00069376 0.00105914]) 	 loss 2.605E-01 	 horizons 19.0
step 20576 	 return [0.00703667 0.00961682 0.00807071], ([0.00049801 0.00093681 0.00051472]) 	 loss 2.698E-01 	 horizons 19.0
step 20766 	 return [0.00548102 0.0105816  0.01081578], ([0.00075381 0.00218007 0.00178587]) 	 loss 2.607E-01 	 horizons 19.0
step 20956 	 return [0.00633607 0.01114549 0.00985931], ([0.0003352  0.00122108 0.00117187]) 	 loss 2.728E-01 	 horizons 19.0
step 21146 	 return [0.00650724 0.01049369 0.01032494], ([0.00051419 0.00156016 0.0015598 ]) 	 loss 2.625E-01 	 horizons 19.0
step 21336 	 return [0.00366842 0.01064874 0.01101107], ([0.00132195 0.00190425 0.00106131]) 	 loss 2.306E-01 	 horizons 19.0
step 21526 	 return [0.00624916 0.01126651 0.00963111], ([0.00080681 0.00110569 0.00117972]) 	 loss 2.243E-01 	 horizons 19.0
step 21716 	 return [0.00621075 0.00945669 0.01185129], ([0.00087473 0.00095826 0.00076923]) 	 loss 2.232E-01 	 horizons 19.0
step 21906 	 return [0.00621011 0.01206054 0.00956667], ([0.00045503 0.00089741 0.00084118]) 	 loss 2.379E-01 	 horizons 19.0
step 22096 	 return [0.00580805 0.01202062 0.01104006], ([0.00042662 0.00055769 0.00206379]) 	 loss 2.155E-01 	 horizons 19.0
step 22286 	 return [0.00556799 0.01124743 0.01161434], ([0.00061749 0.00130185 0.00150394]) 	 loss 1.995E-01 	 horizons 19.0
step 22476 	 return [0.00609254 0.01110937 0.01100579], ([0.00061589 0.0014447  0.00117288]) 	 loss 2.550E-01 	 horizons 19.0
step 22666 	 return [0.0052542  0.01083431 0.01156018], ([0.00052913 0.00064537 0.00193188]) 	 loss 2.498E-01 	 horizons 19.0
step 22856 	 return [0.00530148 0.01109125 0.01245728], ([0.00122875 0.00097105 0.00072595]) 	 loss 2.445E-01 	 horizons 19.0
step 23046 	 return [0.00584046 0.01147875 0.01229262], ([0.00088955 0.00105245 0.00110687]) 	 loss 2.320E-01 	 horizons 19.0
step 23236 	 return [0.00655585 0.01183714 0.00939182], ([0.00067823 0.00092613 0.00170154]) 	 loss 2.198E-01 	 horizons 19.0
step 23426 	 return [0.00597374 0.01128614 0.01118926], ([0.00064189 0.0012062  0.00108171]) 	 loss 2.268E-01 	 horizons 19.0
step 23616 	 return [0.00522339 0.0103782  0.01213975], ([0.00051008 0.00105929 0.00093219]) 	 loss 2.204E-01 	 horizons 19.0
step 23806 	 return [0.00571852 0.01006763 0.01227537], ([0.00050023 0.00161741 0.00078797]) 	 loss 2.348E-01 	 horizons 19.0
step 23996 	 return [0.00739954 0.01140004 0.01102714], ([0.00081926 0.00118165 0.00152867]) 	 loss 2.185E-01 	 horizons 19.0
step 24186 	 return [0.00663798 0.01054341 0.01063051], ([0.0010033  0.00105526 0.00096447]) 	 loss 2.199E-01 	 horizons 19.0
step 24376 	 return [0.00574097 0.010805   0.01219665], ([0.00054692 0.00052558 0.00166703]) 	 loss 2.296E-01 	 horizons 19.0
step 24566 	 return [0.00774799 0.01079421 0.01169259], ([0.00112984 0.00154573 0.00115079]) 	 loss 2.149E-01 	 horizons 19.0
step 24756 	 return [0.00731356 0.01089238 0.01230185], ([0.00089206 0.00215173 0.00062413]) 	 loss 2.237E-01 	 horizons 19.0
step 24946 	 return [0.00688978 0.00950448 0.01348981], ([0.00075892 0.00136603 0.00153871]) 	 loss 2.183E-01 	 horizons 19.0
step 25136 	 return [0.00776229 0.01206653 0.01182934], ([0.00093271 0.0017426  0.00093846]) 	 loss 2.121E-01 	 horizons 19.0
step 25326 	 return [0.00826297 0.01247311 0.01054853], ([0.00094773 0.00106196 0.00136257]) 	 loss 2.046E-01 	 horizons 19.0
step 25516 	 return [0.00781127 0.01176137 0.01328362], ([0.00092216 0.00177179 0.00124115]) 	 loss 2.021E-01 	 horizons 19.0
step 25706 	 return [0.0082325  0.01205586 0.0108411 ], ([0.00120728 0.0014907  0.00098218]) 	 loss 1.919E-01 	 horizons 19.0
step 25896 	 return [0.00822359 0.01283906 0.00999849], ([0.00058597 0.00055318 0.00109375]) 	 loss 2.065E-01 	 horizons 19.0
step 26086 	 return [0.00804561 0.0124425  0.01083506], ([0.00082094 0.00133945 0.00101577]) 	 loss 2.020E-01 	 horizons 19.0
step 26276 	 return [0.00779404 0.01212529 0.01251684], ([0.00076742 0.00181338 0.00123942]) 	 loss 1.941E-01 	 horizons 19.0
step 26466 	 return [0.00755719 0.00966583 0.01262493], ([0.00138996 0.00176993 0.00061317]) 	 loss 1.908E-01 	 horizons 19.0
step 26656 	 return [0.00790944 0.01260391 0.01279251], ([0.00097561 0.00106537 0.00113576]) 	 loss 1.668E-01 	 horizons 19.0
step 26846 	 return [0.00856925 0.01088439 0.01266451], ([0.00086494 0.00142472 0.00066569]) 	 loss 1.605E-01 	 horizons 19.0
step 27036 	 return [0.0075687  0.01112847 0.01232474], ([0.00144677 0.00244662 0.00106186]) 	 loss 1.739E-01 	 horizons 19.0
step 27226 	 return [0.00706805 0.0126137  0.00984302], ([0.00086511 0.00073623 0.00071537]) 	 loss 1.687E-01 	 horizons 19.0
step 27416 	 return [0.00823933 0.01155424 0.01201173], ([0.00120092 0.00180644 0.00079335]) 	 loss 1.551E-01 	 horizons 19.0
step 27606 	 return [0.00796142 0.01204011 0.00978049], ([0.00056053 0.0007253  0.00073447]) 	 loss 1.436E-01 	 horizons 19.0
step 27796 	 return [0.00867574 0.01264114 0.01245333], ([0.00048975 0.00076598 0.00074637]) 	 loss 1.503E-01 	 horizons 19.0
step 27986 	 return [0.008918   0.01149312 0.01216878], ([0.00029607 0.00052884 0.00109928]) 	 loss 1.519E-01 	 horizons 19.0
step 28176 	 return [0.00790651 0.01292265 0.01254189], ([0.00088092 0.001009   0.00063331]) 	 loss 1.356E-01 	 horizons 19.0
step 28366 	 return [0.00856212 0.01228224 0.01145463], ([0.00052667 0.00126944 0.00085322]) 	 loss 1.368E-01 	 horizons 19.0
step 28556 	 return [0.00818362 0.01095049 0.01290075], ([0.00088342 0.00136469 0.00100803]) 	 loss 1.194E-01 	 horizons 19.0
step 28746 	 return [0.00813885 0.01300636 0.0120227 ], ([0.0009331  0.00062356 0.00072389]) 	 loss 1.185E-01 	 horizons 19.0
step 28936 	 return [0.00895171 0.0110478  0.01279831], ([0.00031194 0.0010718  0.00054646]) 	 loss 1.245E-01 	 horizons 19.0
step 29126 	 return [0.00835403 0.01284248 0.01185886], ([0.00051437 0.00083474 0.00080452]) 	 loss 1.088E-01 	 horizons 19.0
step 29316 	 return [0.00853552 0.01264448 0.01143141], ([0.0004283  0.00094838 0.00105362]) 	 loss 1.070E-01 	 horizons 19.0
step 29506 	 return [0.00885137 0.01191532 0.01192787], ([0.00023523 0.00069501 0.0008836 ]) 	 loss 8.367E-02 	 horizons 19.0
step 29696 	 return [0.00884997 0.01131376 0.01189237], ([0.00046068 0.00096835 0.00121329]) 	 loss 8.939E-02 	 horizons 19.0
step 29886 	 return [0.00810327 0.01148581 0.01302445], ([0.00064546 0.0005675  0.0009529 ]) 	 loss 7.593E-02 	 horizons 19.0
step 30076 	 return [0.00902148 0.01199623 0.01315783], ([0.00032342 0.00046385 0.00049575]) 	 loss 6.892E-02 	 horizons 19.0
[1;34mwandb[0m: 
[1;34mwandb[0m: 🚀 View run [33mmotndp_xian-v0__GCN-xian-g3-spatial__789__1781487941[0m at: [34mhttps://wandb.ai/jingyuan-sun03-tu-delft/cl_ablation/runs/l1rgclvm[0m
[1;34mwandb[0m: Find logs at: [1;35mwandb/run-20260615_034542-l1rgclvm/logs[0m
