/home/SinJ/mo-transport-network-design/.venv/lib/python3.13/site-packages/pygame/pkgdata.py:25: UserWarning: pkg_resources is deprecated as an API. See https://setuptools.pypa.io/en/latest/pkg_resources.html. The pkg_resources package is slated for removal as early as 2025-11-30. Refrain from using this package or pin to Setuptools<81.
  from pkg_resources import resource_stream, resource_exists
wandb: [wandb.login()] Loaded credentials for https://api.wandb.ai from /home/SinJ/.netrc.
wandb: Currently logged in as: jingyuan-sun03 (jingyuan-sun03-tu-delft) to https://api.wandb.ai. Use `wandb login --relogin` to force relogin
wandb: setting up run cqeae2xj
wandb: Tracking run with wandb version 0.27.2
wandb: Run data is saved locally in /home/SinJ/mo-transport-network-design/wandb/run-20260615_051448-cqeae2xj
wandb: Run `wandb offline` to turn off syncing.
wandb: Syncing run motndp_xian-v0__GCN-xian-g10-temporal__456__1781493288
wandb: ⭐️ View project at https://wandb.ai/jingyuan-sun03-tu-delft/cl_ablation
wandb: 🚀 View run at https://wandb.ai/jingyuan-sun03-tu-delft/cl_ablation/runs/cqeae2xj
/home/SinJ/mo-transport-network-design/morl-baselines/morl_baselines/multi_policy/gcn/gcn.py:151: UserWarning: Creating a tensor from a list of numpy.ndarrays is extremely slow. Please consider converting the list to a single numpy.ndarray with numpy.array() before converting to a tensor. (Triggered internally at /pytorch/torch/csrc/utils/tensor_new.cpp:253.)
  th.tensor(obs).to(self.device),
Namespace(env='xian', nr_groups=10, starting_loc_x=9, starting_loc_y=19, nr_stations=20, lr=0.01, batch_size=256, num_er_episodes=100, num_step_episodes=10, num_model_updates=10, num_policies=10, max_buffer_size=200, nr_layers=1, hidden_dim=128, timesteps=30000, no_log=False, seed=456, cd_threshold=0.2, distance_ref='interpolate2', gcn_lambda=0.0, lambda_schedule='cosine', lambda_start=1.0, lambda_end=0.0, lambda_warmup_fraction=0.1, lambda_freeze_fraction=0.1, spatial_alpha=0.0, include_demand_context=False, criterion='lorenz', nash_mode='pareto_sized', nash_top_k=None, nash_shift=0.0, project_name='cl_ablation', experiment_name='GCN-xian-g10-temporal', wandb_entity=None)
step 1940 	 return [0.00253722 0.00307766 0.00262342 0.00266492 0.00169736 0.0016982
 0.00272532 0.00178692 0.00304728 0.0015622 ], ([0.00233123 0.00320187 0.00199107 0.00296667 0.00163839 0.00322284
 0.00423816 0.002065   0.00359    0.00309733]) 	 loss 1.921E+00 	 horizons 17.5
step 2127 	 return [0.         0.003548   0.00451696 0.00410281 0.00173951 0.00619113
 0.00471054 0.00298559 0.00286683 0.00079091], ([0.         0.00430912 0.00388456 0.00497878 0.00254999 0.00450191
 0.00439378 0.00264022 0.00291666 0.00159229]) 	 loss 1.473E+00 	 horizons 18.7
step 2290 	 return [3.20828822e-03 1.10423495e-03 1.87867973e-03 2.54115264e-04
 3.42854968e-04 1.13254784e-04 8.88153882e-05 1.35357637e-04
 8.52039841e-04 1.02954800e-04], ([0.00278257 0.00140755 0.00124202 0.00076235 0.00034779 0.0002327
 0.00026418 0.00032382 0.00094648 0.00024725]) 	 loss 1.058E+00 	 horizons 16.3
step 2480 	 return [0.00157714 0.00358799 0.00288046 0.00674239 0.00290079 0.00679364
 0.00703068 0.00358345 0.00342475 0.00401178], ([0.00247872 0.00268967 0.0040238  0.00437194 0.00294139 0.00510066
 0.0077208  0.00433649 0.00318625 0.00401456]) 	 loss 9.903E-01 	 horizons 19.0
step 2670 	 return [0.00428309 0.00801989 0.00389876 0.00337308 0.00546038 0.00393588
 0.00193348 0.0028131  0.00218373 0.0016137 ], ([0.00471147 0.00296356 0.00297324 0.0025462  0.00356908 0.00424978
 0.00268753 0.00333495 0.0026802  0.00207129]) 	 loss 9.369E-01 	 horizons 19.0
step 2857 	 return [0.00284256 0.00421964 0.00201185 0.00180854 0.00191038 0.00252189
 0.00270283 0.00129219 0.00130354 0.00069109], ([0.00324355 0.004212   0.00282775 0.00263788 0.00208996 0.00355816
 0.00383567 0.00184296 0.00143469 0.0014107 ]) 	 loss 9.359E-01 	 horizons 18.7
step 3047 	 return [0.00558882 0.0077858  0.00488859 0.00308642 0.00503758 0.00123786
 0.00069505 0.00188961 0.00051673 0.00096929], ([0.0043746  0.00308258 0.00326884 0.0017531  0.00301529 0.00149378
 0.0014911  0.00316411 0.00145028 0.00290787]) 	 loss 9.025E-01 	 horizons 19.0
step 3228 	 return [0.00205257 0.00403789 0.00320176 0.00466236 0.00530053 0.00539452
 0.00314798 0.00375406 0.00365646 0.00455115], ([0.0036355  0.003979   0.00330606 0.00378371 0.00432295 0.00435228
 0.003519   0.00341058 0.00335396 0.00442216]) 	 loss 8.620E-01 	 horizons 18.1
step 3418 	 return [0.00266243 0.00257418 0.00201197 0.00358083 0.00250592 0.00576462
 0.00394557 0.00314961 0.00234323 0.00382915], ([0.00320015 0.00294373 0.00222946 0.00413363 0.00270393 0.00543446
 0.00409283 0.00246882 0.00216136 0.00482456]) 	 loss 8.635E-01 	 horizons 19.0
step 3595 	 return [4.98985359e-03 1.85389351e-03 1.12692639e-03 2.36048319e-04
 1.39785977e-03 4.36404953e-04 2.32367427e-04 8.56300001e-04
 3.35354183e-04 1.11247555e-05], ([2.9899043e-03 2.6623143e-03 1.4444634e-03 2.9790023e-04 1.8112166e-03
 1.3092150e-03 6.9630193e-04 9.0101216e-04 6.7745498e-04 2.3166605e-05]) 	 loss 8.580E-01 	 horizons 17.7
step 3785 	 return [0.00125234 0.00474867 0.00227639 0.00285944 0.0043215  0.00436276
 0.00420694 0.00238276 0.00392511 0.00188892], ([0.0026223  0.00344589 0.00262043 0.00307539 0.00275051 0.00283604
 0.00339481 0.00217591 0.00263433 0.00278899]) 	 loss 8.514E-01 	 horizons 19.0
step 3975 	 return [0.         0.00245492 0.00370212 0.00968707 0.00218612 0.00749798
 0.01001102 0.00482452 0.00449318 0.00368598], ([0.         0.0026763  0.00409052 0.00468887 0.00247624 0.0037206
 0.00563134 0.0027535  0.00337892 0.00331272]) 	 loss 8.092E-01 	 horizons 19.0
step 4165 	 return [0.00174512 0.00490503 0.00221605 0.00419049 0.00288321 0.00566269
 0.00330887 0.00426233 0.00447535 0.00554452], ([0.00327731 0.0040881  0.00235355 0.0016069  0.0020038  0.00388209
 0.00459583 0.00257887 0.00302221 0.00351736]) 	 loss 7.950E-01 	 horizons 19.0
step 4355 	 return [0.         0.00295225 0.00645262 0.0088883  0.0044438  0.01168144
 0.00828056 0.00420053 0.0032211  0.00620792], ([0.         0.00378595 0.00523637 0.00641883 0.00446404 0.00597692
 0.00606576 0.00450226 0.00258273 0.00379695]) 	 loss 8.114E-01 	 horizons 19.0
step 4545 	 return [0.         0.00290506 0.00511989 0.00590851 0.00324193 0.00941207
 0.00630804 0.0045925  0.00405864 0.00584124], ([0.         0.00243507 0.00444407 0.0048012  0.00304046 0.00440884
 0.00719581 0.0031035  0.00276838 0.00276926]) 	 loss 7.761E-01 	 horizons 19.0
step 4735 	 return [0.00040942 0.00519636 0.00136782 0.0051532  0.00375705 0.00684104
 0.00845212 0.00575242 0.00392312 0.00344683], ([0.00122826 0.00591305 0.00200133 0.00361001 0.00267691 0.00362586
 0.00372867 0.00401327 0.00230839 0.00248361]) 	 loss 7.368E-01 	 horizons 19.0
step 4925 	 return [0.00122879 0.00595285 0.00088992 0.00388616 0.00606296 0.00489547
 0.00326943 0.00587045 0.00392317 0.00405989], ([0.00203462 0.00275961 0.00170094 0.00192078 0.0027586  0.00364528
 0.00264496 0.0036075  0.00347087 0.00497605]) 	 loss 7.545E-01 	 horizons 19.0
step 5103 	 return [4.3789903e-03 6.1043818e-04 1.1090324e-03 1.3830446e-04 1.3839320e-03
 0.0000000e+00 7.6732904e-05 7.3139014e-04 2.1843109e-04 3.4500743e-04], ([0.00271883 0.00096204 0.00084748 0.00028483 0.00094276 0.
 0.0002302  0.00086125 0.00027408 0.0006922 ]) 	 loss 7.690E-01 	 horizons 17.8
step 5293 	 return [0.         0.00232918 0.00601541 0.00853613 0.00402635 0.0077693
 0.00911696 0.00245583 0.00389757 0.00387919], ([0.         0.00254436 0.00418983 0.00446463 0.00285884 0.0023569
 0.00684001 0.00350628 0.00234661 0.00222437]) 	 loss 7.459E-01 	 horizons 19.0
step 5483 	 return [0.00060174 0.0021749  0.00179714 0.00782658 0.00495019 0.00972201
 0.00531927 0.00476084 0.00520098 0.00659696], ([0.00180521 0.00254077 0.00288573 0.00403373 0.00294336 0.00549777
 0.00451515 0.00266931 0.00359228 0.00497743]) 	 loss 6.965E-01 	 horizons 19.0
step 5673 	 return [0.006436   0.00962623 0.00494476 0.00427139 0.00420168 0.00204531
 0.00112916 0.00124318 0.00096284 0.        ], ([0.0039975  0.00192245 0.00144053 0.00372471 0.00240455 0.00313613
 0.00239193 0.00221075 0.00237806 0.        ]) 	 loss 7.022E-01 	 horizons 19.0
step 5849 	 return [5.3053172e-03 2.1546006e-03 1.5812765e-03 2.0025729e-04 6.2915368e-04
 5.3702469e-04 1.7282659e-04 4.0188170e-04 5.5666576e-04 2.2326296e-05], ([3.8319007e-03 2.1956703e-03 1.6655284e-03 3.0958868e-04 8.2779309e-04
 1.5177913e-03 3.4432585e-04 6.9694797e-04 9.4418734e-04 6.6978893e-05]) 	 loss 6.880E-01 	 horizons 17.6
step 6039 	 return [0.00394663 0.00521048 0.00279393 0.00137691 0.00314561 0.00074722
 0.00107288 0.00112822 0.00076056 0.00098167], ([0.0032436  0.00278827 0.00293341 0.0012484  0.0035323  0.00159084
 0.00114418 0.0020099  0.00162294 0.00198847]) 	 loss 6.797E-01 	 horizons 19.0
step 6229 	 return [0.00213474 0.00590486 0.00203478 0.00376627 0.00359367 0.00400973
 0.00351363 0.00283526 0.003024   0.00258732], ([0.00329153 0.00183205 0.00271122 0.00132533 0.00335338 0.00320243
 0.00199673 0.00275831 0.00271284 0.0027418 ]) 	 loss 6.634E-01 	 horizons 19.0
step 6419 	 return [0.         0.00438847 0.00429175 0.01191    0.00274431 0.01197971
 0.00826736 0.00554958 0.00387188 0.00730449], ([0.         0.00210583 0.003771   0.00478794 0.0028718  0.00438002
 0.00608415 0.00406812 0.00270295 0.00513764]) 	 loss 6.641E-01 	 horizons 19.0
step 6609 	 return [0.         0.00755864 0.00190395 0.00313758 0.00562973 0.00557595
 0.00842998 0.00548188 0.00582499 0.00526375], ([0.         0.00244194 0.00289202 0.00258687 0.00345848 0.00336107
 0.00579674 0.0029389  0.00158953 0.00228243]) 	 loss 6.041E-01 	 horizons 19.0
step 6799 	 return [0.00238399 0.00707357 0.00582449 0.00436225 0.00644445 0.00391072
 0.00520169 0.00485311 0.00293794 0.00475071], ([0.00364654 0.00203719 0.00407933 0.00287565 0.00488241 0.00405393
 0.0059863  0.00318991 0.00265905 0.00433469]) 	 loss 6.562E-01 	 horizons 19.0
step 6975 	 return [4.9844766e-03 0.0000000e+00 1.6028497e-03 3.1382701e-04 1.4637079e-03
 6.3165433e-05 9.9363970e-05 1.0758636e-03 2.9961782e-04 2.5656493e-04], ([0.00145458 0.         0.00133438 0.00047959 0.00129265 0.0001895
 0.00029809 0.00111195 0.00063546 0.00053191]) 	 loss 6.230E-01 	 horizons 17.6
step 7165 	 return [0.00054629 0.00504115 0.00133412 0.00405776 0.00407375 0.00642356
 0.00446395 0.0050869  0.00449614 0.00396545], ([0.0011156  0.00302062 0.00219338 0.00152612 0.00220175 0.00271435
 0.0036164  0.00168216 0.00273284 0.0036209 ]) 	 loss 6.254E-01 	 horizons 19.0
step 7355 	 return [0.         0.00287655 0.00333337 0.00872593 0.00578966 0.01038835
 0.01019061 0.00523308 0.00462596 0.0060436 ], ([0.         0.00353931 0.00398114 0.0036758  0.003786   0.00376475
 0.00349766 0.00340243 0.00398926 0.00479439]) 	 loss 6.552E-01 	 horizons 19.0
step 7545 	 return [0.00534865 0.0091464  0.00756174 0.00220352 0.00625324 0.00161633
 0.         0.00140644 0.00154129 0.00074814], ([0.00409349 0.00269579 0.00221378 0.00286603 0.00509511 0.00107292
 0.         0.00202347 0.00237188 0.00119127]) 	 loss 6.197E-01 	 horizons 19.0
step 7735 	 return [3.5542934e-03 4.2169383e-03 9.5889429e-03 2.0618686e-03 4.2990143e-03
 5.6571504e-03 4.9387559e-04 1.2078313e-08 1.7576925e-03 2.4847861e-03], ([4.7588334e-03 4.3984177e-03 3.3532428e-03 3.1765183e-03 2.8620467e-03
 4.3882118e-03 1.2420111e-03 3.6234937e-08 2.4927680e-03 2.5898477e-03]) 	 loss 5.637E-01 	 horizons 19.0
step 7925 	 return [0.         0.00295778 0.00723398 0.01204307 0.00630333 0.01007088
 0.01176691 0.00465876 0.0056287  0.00494516], ([0.         0.0029978  0.00343456 0.00488669 0.00383006 0.00368391
 0.00696953 0.00323642 0.00395915 0.00347258]) 	 loss 5.845E-01 	 horizons 19.0
step 8115 	 return [0.         0.0019407  0.00657933 0.01327802 0.00555213 0.01011772
 0.0111218  0.00290324 0.00225282 0.00400408], ([0.         0.00301695 0.00482572 0.0064557  0.0022584  0.00534503
 0.00596411 0.00284611 0.00233945 0.00384533]) 	 loss 5.826E-01 	 horizons 19.0
step 8305 	 return [0.00598155 0.00815887 0.00742934 0.00347061 0.00274845 0.00121084
 0.0004153  0.00126258 0.00071989 0.00124184], ([0.00485963 0.00253358 0.0020658  0.00346577 0.0041819  0.00105193
 0.00124591 0.00274346 0.00201573 0.00372551]) 	 loss 5.649E-01 	 horizons 19.0
step 8495 	 return [0.00105787 0.00917894 0.00300946 0.00424589 0.00732164 0.00505371
 0.00529202 0.0028219  0.00431092 0.00412099], ([0.0031736  0.0027052  0.00296971 0.00223593 0.00237731 0.00474434
 0.00379995 0.0031702  0.00271846 0.00263579]) 	 loss 5.246E-01 	 horizons 19.0
step 8685 	 return [0.         0.00395647 0.00460246 0.00866283 0.01048682 0.00521309
 0.00465137 0.00432943 0.00307051 0.00663387], ([0.         0.00273819 0.00267485 0.00249251 0.00166352 0.00466798
 0.00217052 0.00358592 0.00183776 0.00374876]) 	 loss 5.001E-01 	 horizons 19.0
step 8875 	 return [0.00092372 0.00776758 0.00100602 0.00394941 0.0062795  0.00704438
 0.00531638 0.00555596 0.00480761 0.00529152], ([0.00186089 0.00317917 0.00176243 0.00194171 0.00371831 0.00341198
 0.00414016 0.00350635 0.00316078 0.00373611]) 	 loss 5.048E-01 	 horizons 19.0
step 9065 	 return [0.         0.00494949 0.00250417 0.0121692  0.00359998 0.01334497
 0.00957533 0.00554951 0.00560849 0.00798706], ([0.         0.00333122 0.00358003 0.00112213 0.0033385  0.00407843
 0.0028276  0.00334619 0.00300464 0.00428661]) 	 loss 4.938E-01 	 horizons 19.0
step 9255 	 return [0.         0.00837926 0.00350936 0.00305896 0.00708025 0.00604479
 0.00542293 0.00477712 0.00464582 0.00722746], ([0.         0.00194395 0.00339508 0.00169428 0.00229816 0.00495889
 0.00472068 0.00224902 0.00182439 0.0041526 ]) 	 loss 5.049E-01 	 horizons 19.0
step 9445 	 return [0.00696088 0.00777339 0.00474669 0.00534767 0.00354848 0.00464443
 0.00251669 0.00211403 0.00163372 0.0021374 ], ([0.00467446 0.00140284 0.00296595 0.00379676 0.00313884 0.00476721
 0.00235078 0.00329687 0.00265019 0.00408612]) 	 loss 4.719E-01 	 horizons 19.0
step 9635 	 return [0.0006587  0.0059726  0.00079388 0.00372361 0.00234633 0.00534433
 0.00504092 0.00389742 0.0036323  0.00282198], ([0.00076114 0.00244774 0.00129374 0.00138303 0.00149781 0.00235477
 0.00246101 0.00286562 0.0023596  0.00357149]) 	 loss 4.844E-01 	 horizons 19.0
step 9825 	 return [0.         0.00410378 0.00861871 0.00730854 0.00741212 0.00894371
 0.00853184 0.00382376 0.0048363  0.00410986], ([0.         0.00441674 0.00386704 0.00438436 0.00230062 0.00348541
 0.00586126 0.00448963 0.00224053 0.00209969]) 	 loss 4.602E-01 	 horizons 19.0
step 10015 	 return [0.00030041 0.00718531 0.00029701 0.00350304 0.00464462 0.00718254
 0.00586058 0.00542433 0.00441298 0.00306372], ([0.00069437 0.0035422  0.00050005 0.00137068 0.00324764 0.00259296
 0.00380739 0.00291455 0.00276122 0.00251917]) 	 loss 4.735E-01 	 horizons 19.0
step 10205 	 return [0.00805983 0.00796879 0.00739185 0.0029982  0.00367928 0.00200696
 0.00036334 0.00017013 0.         0.        ], ([0.003308   0.00208447 0.00149142 0.00292268 0.00251684 0.00115786
 0.00109003 0.00034026 0.         0.        ]) 	 loss 4.550E-01 	 horizons 19.0
step 10395 	 return [0.         0.00534708 0.00353174 0.01053744 0.00845638 0.01151064
 0.00905971 0.00461176 0.00490462 0.00494412], ([0.         0.00233835 0.00273315 0.00329539 0.00358379 0.004092
 0.00370823 0.0034801  0.00180873 0.00292901]) 	 loss 4.145E-01 	 horizons 19.0
step 10585 	 return [0.         0.00613512 0.00152232 0.01180766 0.00456854 0.01345072
 0.00884047 0.00592534 0.00476307 0.00837848], ([0.         0.00153042 0.00265926 0.00200538 0.00266899 0.00332581
 0.00286086 0.00315884 0.00250553 0.00463044]) 	 loss 4.436E-01 	 horizons 19.0
step 10775 	 return [0.         0.00565812 0.00371743 0.01103233 0.00188769 0.009499
 0.01214207 0.00404796 0.00430897 0.00496284], ([0.         0.00350195 0.00345033 0.00209769 0.00247839 0.00468053
 0.00638887 0.00312336 0.00218209 0.0030457 ]) 	 loss 3.963E-01 	 horizons 19.0
step 10965 	 return [0.         0.00517803 0.00392944 0.01121118 0.00663701 0.01208765
 0.00914928 0.00588435 0.00606535 0.00817765], ([0.         0.00229936 0.00201671 0.00334749 0.00234617 0.00192478
 0.00357659 0.00321695 0.00227094 0.00365063]) 	 loss 3.933E-01 	 horizons 19.0
step 11155 	 return [0.         0.0105322  0.         0.0067703  0.00708615 0.00810009
 0.0105208  0.00513387 0.00563222 0.00424038], ([0.         0.00315402 0.         0.00316085 0.00256876 0.00322311
 0.00322295 0.00300198 0.0021641  0.00283533]) 	 loss 4.081E-01 	 horizons 19.0
step 11345 	 return [0.00516406 0.00867608 0.00630802 0.00145524 0.00618492 0.0018727
 0.00068585 0.00200162 0.         0.00042599], ([0.0034522  0.00165484 0.00092244 0.00181724 0.00268856 0.00102826
 0.00138555 0.00282239 0.         0.00127796]) 	 loss 3.537E-01 	 horizons 19.0
step 11535 	 return [0.00881723 0.00891744 0.00750206 0.00377214 0.00215001 0.00084164
 0.00062917 0.00038943 0.         0.        ], ([0.00357385 0.00230819 0.00216004 0.00191119 0.00191221 0.00062854
 0.00127919 0.00116829 0.         0.        ]) 	 loss 3.858E-01 	 horizons 19.0
step 11725 	 return [0.00101817 0.0073103  0.00096409 0.00477242 0.00258115 0.00802801
 0.00691902 0.00502848 0.00349972 0.004272  ], ([0.00128372 0.00139318 0.00133393 0.00199309 0.00159511 0.00270776
 0.00266408 0.00215437 0.00145917 0.00501608]) 	 loss 3.615E-01 	 horizons 19.0
step 11915 	 return [0.00393102 0.00979563 0.00743195 0.00098453 0.00661828 0.00171272
 0.00067361 0.00182738 0.00017169 0.00064126], ([0.00242644 0.00138137 0.00178186 0.00157737 0.00226176 0.00135828
 0.00135893 0.00219046 0.00051506 0.00192378]) 	 loss 3.467E-01 	 horizons 19.0
step 12105 	 return [0.         0.00649625 0.0017671  0.00977215 0.00311925 0.01368437
 0.01288826 0.00486054 0.00571881 0.00665306], ([0.         0.0017415  0.00220339 0.0038248  0.00237834 0.00245615
 0.00503179 0.00374632 0.00339671 0.00396843]) 	 loss 3.269E-01 	 horizons 19.0
step 12295 	 return [0.         0.00387368 0.0049579  0.01046439 0.00853141 0.01148805
 0.0076576  0.00554783 0.00518997 0.00779792], ([0.         0.00298236 0.00225985 0.00295392 0.00298255 0.00354653
 0.00382026 0.00105012 0.00233205 0.00452941]) 	 loss 3.242E-01 	 horizons 19.0
step 12485 	 return [0.         0.00998559 0.00127424 0.00604132 0.00651209 0.00800395
 0.01391345 0.0048883  0.00494314 0.00470827], ([0.         0.00339292 0.00205245 0.00113733 0.00397977 0.00538194
 0.00228537 0.00318324 0.00242749 0.00319134]) 	 loss 2.896E-01 	 horizons 19.0
step 12675 	 return [6.0099000e-03 1.3061233e-02 7.3434561e-03 1.3273163e-03 7.5729536e-03
 1.7281796e-03 0.0000000e+00 8.4745472e-05 0.0000000e+00 0.0000000e+00], ([0.00333364 0.00097323 0.00077085 0.00121694 0.00179957 0.00023804
 0.         0.00025424 0.         0.        ]) 	 loss 3.017E-01 	 horizons 19.0
step 12865 	 return [0.0083161  0.00945568 0.00678539 0.00538384 0.00393664 0.00101424
 0.00062505 0.00113113 0.         0.        ], ([0.00305048 0.00206988 0.00259118 0.00310306 0.00255859 0.00105042
 0.00126946 0.0017279  0.         0.        ]) 	 loss 2.993E-01 	 horizons 19.0
step 13055 	 return [0.00834832 0.00984631 0.00711527 0.00092674 0.00464792 0.00203018
 0.         0.         0.         0.        ], ([0.0022842  0.00193683 0.00148446 0.00130171 0.00132088 0.00100218
 0.         0.         0.         0.        ]) 	 loss 3.018E-01 	 horizons 19.0
step 13245 	 return [0.00881494 0.00979303 0.00699043 0.00547765 0.00427083 0.00077484
 0.         0.00120746 0.         0.        ], ([0.00263618 0.00125825 0.00265827 0.0027552  0.00229732 0.00096286
 0.         0.00259609 0.         0.        ]) 	 loss 2.665E-01 	 horizons 19.0
step 13435 	 return [0.0000000e+00 1.8541514e-05 1.2662006e-02 1.8224200e-02 6.6769295e-03
 1.5720736e-02 2.2702288e-02 2.8880935e-03 2.7627640e-03 4.7674165e-03], ([0.0000000e+00 5.5624543e-05 1.6752742e-03 3.2465986e-03 2.8071057e-03
 2.1441879e-03 5.0731623e-03 3.8252927e-03 3.1206454e-03 4.7724503e-03]) 	 loss 2.419E-01 	 horizons 19.0
step 13625 	 return [0.         0.00708273 0.00535633 0.00664389 0.01049731 0.00744698
 0.00623104 0.00671095 0.00389993 0.00750996], ([0.         0.00199273 0.00388666 0.00373374 0.00252754 0.00517633
 0.00285655 0.00260914 0.00210613 0.00417045]) 	 loss 2.248E-01 	 horizons 19.0
step 13815 	 return [0.         0.01004875 0.00160935 0.00515715 0.00335064 0.00727812
 0.00969116 0.00563664 0.0057697  0.00453449], ([0.         0.00409099 0.00251016 0.00345597 0.00152135 0.0024392
 0.00255018 0.00232412 0.0027274  0.00260055]) 	 loss 2.396E-01 	 horizons 19.0
step 14005 	 return [0.01014477 0.00792591 0.00484399 0.00709065 0.00292677 0.00147445
 0.00219299 0.0003948  0.         0.        ], ([0.00122002 0.00210273 0.0013528  0.00246766 0.00192854 0.001145
 0.00144763 0.0011844  0.         0.        ]) 	 loss 2.707E-01 	 horizons 19.0
step 14195 	 return [0.00381399 0.00399109 0.00061276 0.0030148  0.00243959 0.0027261
 0.00389147 0.0035009  0.00073267 0.00040702], ([0.00317202 0.00195204 0.00087185 0.00284423 0.00145719 0.00262729
 0.00298164 0.00176825 0.00122452 0.00122107]) 	 loss 2.368E-01 	 horizons 19.0
step 14385 	 return [6.9849715e-03 1.2349394e-02 7.8125764e-03 1.2572894e-03 6.1266357e-03
 2.3475315e-03 0.0000000e+00 8.4886386e-05 0.0000000e+00 0.0000000e+00], ([0.00328543 0.00236454 0.00107398 0.00147729 0.00158029 0.00119059
 0.         0.00025466 0.         0.        ]) 	 loss 2.213E-01 	 horizons 19.0
step 14575 	 return [0.00075734 0.00684445 0.00082054 0.00285663 0.00303069 0.00391121
 0.00794527 0.0051952  0.00604276 0.00320612], ([0.00107159 0.00135752 0.00091724 0.00197177 0.00166724 0.00230206
 0.00239841 0.00235609 0.00237838 0.00242931]) 	 loss 2.194E-01 	 horizons 19.0
step 14765 	 return [0.00665001 0.00703247 0.00573307 0.00685216 0.0023078  0.00303474
 0.00350753 0.00099197 0.         0.        ], ([0.00226522 0.00195255 0.00078973 0.00235227 0.00174577 0.00134639
 0.00059779 0.00206051 0.         0.        ]) 	 loss 2.061E-01 	 horizons 19.0
step 14955 	 return [0.00422074 0.00561707 0.00675797 0.00669827 0.00275314 0.00441511
 0.00267682 0.00207164 0.00053741 0.0002311 ], ([0.00236156 0.00116899 0.00128273 0.00146796 0.00347858 0.00211138
 0.00270284 0.00353903 0.00161223 0.00069329]) 	 loss 2.018E-01 	 horizons 19.0
step 15145 	 return [0.00071427 0.00543413 0.0066825  0.00955335 0.01017245 0.00762025
 0.00439483 0.00544831 0.00345983 0.00606396], ([0.00148756 0.00178544 0.00212354 0.00195715 0.00228985 0.00444684
 0.00340421 0.00203777 0.00180864 0.00357763]) 	 loss 1.967E-01 	 horizons 19.0
step 15335 	 return [0.01007619 0.010414   0.00597127 0.00249393 0.00236077 0.00186914
 0.         0.         0.         0.        ], ([0.00097564 0.00142721 0.00134321 0.00152457 0.00180459 0.00079485
 0.         0.         0.         0.        ]) 	 loss 1.880E-01 	 horizons 19.0
step 15525 	 return [0.0051886  0.01101962 0.00834762 0.00020908 0.00705802 0.00308532
 0.         0.         0.         0.        ], ([0.002877   0.00212377 0.00058009 0.0002561  0.00165573 0.00109079
 0.         0.         0.         0.        ]) 	 loss 1.619E-01 	 horizons 19.0
step 15715 	 return [0.00779862 0.01198618 0.00747061 0.00074514 0.00800935 0.00168706
 0.         0.         0.         0.        ], ([0.00187709 0.00158312 0.00049605 0.00059739 0.00067956 0.00031822
 0.         0.         0.         0.        ]) 	 loss 1.529E-01 	 horizons 19.0
step 15905 	 return [0.01062066 0.00732884 0.00437699 0.00991754 0.0019698  0.00214562
 0.00348919 0.         0.         0.        ], ([0.00012229 0.00093067 0.00017167 0.00111264 0.00112214 0.00104414
 0.00125186 0.         0.         0.        ]) 	 loss 1.553E-01 	 horizons 19.0
step 16095 	 return [0.00866813 0.01243727 0.00770835 0.00230657 0.00756669 0.00199543
 0.         0.         0.         0.        ], ([0.00178086 0.00238551 0.00113315 0.00122662 0.00110996 0.00022315
 0.         0.         0.         0.        ]) 	 loss 1.581E-01 	 horizons 19.0
step 16285 	 return [0.01073204 0.00719191 0.00434716 0.0079317  0.0022732  0.00070446
 0.00233525 0.         0.         0.        ], ([0.00021388 0.00112002 0.00035628 0.00074635 0.00089647 0.00051172
 0.00119759 0.         0.         0.        ]) 	 loss 1.504E-01 	 horizons 19.0
step 16475 	 return [0.00546966 0.00958419 0.00841104 0.00171468 0.00318867 0.00297531
 0.         0.00073451 0.00029234 0.        ], ([0.00238018 0.00289815 0.0016468  0.00221739 0.00091547 0.00053477
 0.         0.00147327 0.00087701 0.        ]) 	 loss 1.551E-01 	 horizons 19.0
step 16665 	 return [7.4395565e-03 1.1791837e-02 9.2113186e-03 5.3182572e-05 5.5494537e-03
 3.5432249e-03 0.0000000e+00 0.0000000e+00 2.2264491e-04 0.0000000e+00], ([0.00183749 0.00118411 0.00090007 0.00015955 0.00195836 0.0006953
 0.         0.         0.00066793 0.        ]) 	 loss 1.387E-01 	 horizons 19.0
step 16855 	 return [0.00789665 0.01100242 0.00868943 0.00081567 0.00727358 0.00283308
 0.         0.         0.         0.        ], ([0.0015965  0.00104666 0.00127414 0.00113292 0.00091351 0.00107202
 0.         0.         0.         0.        ]) 	 loss 1.446E-01 	 horizons 19.0
step 17045 	 return [0.00989381 0.00811989 0.00776113 0.00460935 0.00298138 0.00146509
 0.00102345 0.         0.         0.        ], ([0.00173499 0.00145626 0.00159559 0.00223034 0.00090384 0.00090357
 0.00157176 0.         0.         0.        ]) 	 loss 1.377E-01 	 horizons 19.0
step 17235 	 return [0.00778548 0.01313102 0.00736228 0.00116179 0.0090751  0.00169245
 0.         0.         0.         0.        ], ([1.5975049e-03 2.2907298e-05 2.7526048e-04 9.0026495e-04 4.7463473e-04
 2.5435822e-04 0.0000000e+00 0.0000000e+00 0.0000000e+00 0.0000000e+00]) 	 loss 1.178E-01 	 horizons 19.0
step 17425 	 return [0.         0.         0.0130406  0.01719191 0.00812553 0.01673068
 0.02409928 0.00807963 0.         0.0093849 ], ([0.0000000e+00 0.0000000e+00 3.8349497e-04 2.1963923e-03 8.2083734e-06
 5.3799670e-04 9.0941467e-04 4.4572598e-04 0.0000000e+00 4.7987909e-05]) 	 loss 1.157E-01 	 horizons 19.0
step 17615 	 return [0.00759929 0.00915044 0.01003631 0.00085389 0.00319253 0.00291833
 0.         0.         0.         0.        ], ([0.00211025 0.00177205 0.00152504 0.00174046 0.00160581 0.0008188
 0.         0.         0.         0.        ]) 	 loss 1.129E-01 	 horizons 19.0
step 17805 	 return [0.00728005 0.01059119 0.00986011 0.00010827 0.006139   0.00346325
 0.         0.         0.         0.        ], ([0.0013194  0.00095411 0.00046545 0.00021656 0.00133872 0.00091126
 0.         0.         0.         0.        ]) 	 loss 9.549E-02 	 horizons 19.0
step 17995 	 return [0.00026889 0.00065239 0.00968248 0.01345342 0.00807285 0.01361742
 0.01664016 0.00838729 0.00691562 0.00978312], ([0.00080666 0.00138742 0.00174902 0.00056738 0.00297241 0.00151989
 0.00327267 0.00215546 0.00362533 0.00220719]) 	 loss 8.186E-02 	 horizons 19.0
step 18185 	 return [0.00789712 0.01295693 0.00760811 0.00050763 0.00818181 0.00190638
 0.         0.         0.         0.        ], ([0.00123296 0.00122279 0.00046133 0.00016961 0.00104326 0.00066226
 0.         0.         0.         0.        ]) 	 loss 9.202E-02 	 horizons 19.0
step 18375 	 return [0.00959467 0.00988265 0.0046132  0.00379001 0.00231547 0.00136993
 0.00072301 0.         0.0002921  0.        ], ([0.00223826 0.00101396 0.0012303  0.00058481 0.00125593 0.00024804
 0.00144603 0.         0.00058421 0.        ]) 	 loss 8.943E-02 	 horizons 19.0
step 18565 	 return [0.01063834 0.00728423 0.00434902 0.00899268 0.00243313 0.00097363
 0.00277587 0.         0.         0.        ], ([0.00013759 0.0013682  0.00019482 0.00136672 0.00138506 0.00080183
 0.00143239 0.         0.         0.        ]) 	 loss 7.457E-02 	 horizons 19.0
step 18755 	 return [0.01092515 0.006516   0.00405786 0.00788286 0.00138252 0.00070733
 0.00269551 0.         0.         0.        ], ([1.0514706e-04 3.3654458e-05 2.9249632e-05 2.7952250e-05 2.2497936e-05
 5.1021442e-04 1.9228349e-04 0.0000000e+00 0.0000000e+00 0.0000000e+00]) 	 loss 6.957E-02 	 horizons 19.0
step 18945 	 return [0.01044752 0.00826266 0.00661906 0.00419871 0.00293136 0.00158185
 0.00126109 0.         0.         0.        ], ([0.00034289 0.00105701 0.00096526 0.00247035 0.00023175 0.0010565
 0.00155445 0.         0.         0.        ]) 	 loss 8.355E-02 	 horizons 19.0
step 19135 	 return [0.01047007 0.00742825 0.00551799 0.00678355 0.00329144 0.00202847
 0.0033464  0.         0.         0.        ], ([3.8403658e-05 7.0595619e-04 1.1783167e-03 2.2953358e-03 2.5149970e-04
 7.4632961e-04 1.1320896e-03 0.0000000e+00 0.0000000e+00 0.0000000e+00]) 	 loss 9.820E-02 	 horizons 19.0
step 19325 	 return [0.01019718 0.00904298 0.00824673 0.00417719 0.00320645 0.00171699
 0.00036131 0.         0.         0.        ], ([0.00029899 0.00036523 0.00139875 0.00191292 0.00095616 0.001189
 0.00108393 0.         0.         0.        ]) 	 loss 8.636E-02 	 horizons 19.0
step 19515 	 return [0.01059999 0.00709353 0.00660725 0.0039774  0.00295951 0.00177172
 0.00338242 0.         0.         0.        ], ([1.7391790e-04 7.8171426e-05 1.2724447e-03 9.4492320e-04 9.6840333e-05
 8.5618254e-04 3.1308431e-04 0.0000000e+00 0.0000000e+00 0.0000000e+00]) 	 loss 6.803E-02 	 horizons 19.0
step 19705 	 return [0.00991666 0.00914403 0.00686845 0.00273301 0.00235925 0.00208462
 0.         0.         0.         0.        ], ([0.00120649 0.00150081 0.00151249 0.00153473 0.00086007 0.00108877
 0.         0.         0.         0.        ]) 	 loss 6.780E-02 	 horizons 19.0
step 19895 	 return [0.         0.00731727 0.00767006 0.01319367 0.01106209 0.00794489
 0.00929826 0.00533475 0.00572529 0.00449921], ([0.         0.00152389 0.00098466 0.0002419  0.00016197 0.00050177
 0.00068319 0.00073967 0.00144868 0.00094583]) 	 loss 6.070E-02 	 horizons 19.0
step 20085 	 return [0.01066341 0.0072469  0.00510403 0.00603974 0.0030095  0.00097606
 0.00278697 0.         0.         0.        ], ([0.00029611 0.00075931 0.00136264 0.0017129  0.00080306 0.00088232
 0.00096062 0.         0.         0.        ]) 	 loss 6.526E-02 	 horizons 19.0
step 20275 	 return [0.00079396 0.00151121 0.00927762 0.01215656 0.00672787 0.01207736
 0.01444861 0.00638658 0.00535832 0.00538875], ([0.00121279 0.00192059 0.00331033 0.00098533 0.0025442  0.00312599
 0.0036829  0.00158547 0.00283406 0.00404629]) 	 loss 5.109E-02 	 horizons 19.0
step 20465 	 return [0.00725348 0.00615315 0.00506982 0.00784251 0.00143115 0.0046847
 0.00498011 0.00115442 0.00062056 0.00144146], ([0.00322891 0.00101914 0.00188743 0.00205702 0.00014535 0.00246941
 0.0045485  0.00346326 0.00186167 0.00432437]) 	 loss 8.696E-02 	 horizons 19.0
step 20655 	 return [0.00874292 0.00558183 0.00707321 0.00817988 0.00117537 0.00413734
 0.00124523 0.         0.         0.        ], ([0.0025833  0.00083347 0.00106448 0.00170646 0.00018389 0.00108772
 0.00190212 0.         0.         0.        ]) 	 loss 9.264E-02 	 horizons 19.0
step 20845 	 return [0.00443266 0.00472259 0.00825569 0.00606113 0.00117441 0.00496348
 0.         0.         0.         0.        ], ([5.9589732e-04 3.1824638e-06 4.9120408e-05 1.2841430e-05 3.6932543e-04
 2.3492654e-04 0.0000000e+00 0.0000000e+00 0.0000000e+00 0.0000000e+00]) 	 loss 7.350E-02 	 horizons 19.0
step 21035 	 return [0.01194296 0.00307079 0.         0.         0.00125626 0.
 0.         0.00175624 0.         0.        ], ([0.0015159  0.0011789  0.         0.         0.00084203 0.
 0.         0.00020394 0.         0.        ]) 	 loss 6.922E-02 	 horizons 19.0
step 21225 	 return [0.00678002 0.00472772 0.00896483 0.00608337 0.00149426 0.00498377
 0.         0.         0.         0.        ], ([1.6995320e-03 7.5074217e-06 5.9479492e-04 2.6253369e-05 6.7633338e-04
 1.5106743e-04 0.0000000e+00 0.0000000e+00 0.0000000e+00 0.0000000e+00]) 	 loss 8.991E-02 	 horizons 19.0
step 21415 	 return [7.22861569e-03 1.12361135e-02 9.53352358e-03 5.36501757e-05
 7.21787568e-03 3.76612088e-03 0.00000000e+00 0.00000000e+00
 0.00000000e+00 0.00000000e+00], ([0.00129598 0.00013116 0.00072947 0.00016095 0.00065641 0.00069303
 0.         0.         0.         0.        ]) 	 loss 8.411E-02 	 horizons 19.0
step 21605 	 return [0.0105907  0.00708704 0.00448805 0.01065659 0.00144196 0.00267188
 0.00408889 0.         0.         0.        ], ([3.5652705e-05 2.4550510e-04 3.3074572e-05 2.2397366e-04 2.3080967e-05
 6.8921491e-04 1.9242761e-04 0.0000000e+00 0.0000000e+00 0.0000000e+00]) 	 loss 8.919E-02 	 horizons 19.0
step 21795 	 return [0.01193841 0.00347465 0.         0.         0.00036979 0.
 0.         0.00207865 0.         0.        ], ([0.00157017 0.00142063 0.         0.         0.00073959 0.
 0.         0.00019909 0.         0.        ]) 	 loss 6.881E-02 	 horizons 19.0
step 21985 	 return [0.00053861 0.00125917 0.00988944 0.01289847 0.00868015 0.01181616
 0.01630142 0.00683505 0.00564655 0.00874754], ([0.00107722 0.00173727 0.00293607 0.00047473 0.00154931 0.00318285
 0.0040479  0.00237039 0.00307401 0.00326449]) 	 loss 6.780E-02 	 horizons 19.0
step 22175 	 return [0.00188428 0.00085371 0.00828036 0.0127034  0.00477698 0.01389719
 0.01336477 0.00579767 0.0045778  0.00730438], ([0.00162246 0.00170742 0.00217418 0.00070102 0.0031568  0.00203466
 0.00414145 0.00099279 0.00191527 0.00397682]) 	 loss 5.737E-02 	 horizons 19.0
step 22365 	 return [0.00026889 0.00012529 0.00988454 0.01242185 0.00710231 0.01128104
 0.01867913 0.00647365 0.00614224 0.00466721], ([0.00080666 0.0003189  0.00160936 0.00073114 0.0026256  0.00298515
 0.00444236 0.00172634 0.00341438 0.0039416 ]) 	 loss 7.426E-02 	 horizons 19.0
step 22555 	 return [0.00079764 0.00149422 0.00847257 0.01292573 0.00882749 0.01147543
 0.01495114 0.00781435 0.00673008 0.00843136], ([0.00121846 0.00144747 0.00249016 0.00018023 0.00150137 0.00236381
 0.00420995 0.00211767 0.00239679 0.00297838]) 	 loss 7.310E-02 	 horizons 19.0
step 22745 	 return [0.01096437 0.00492301 0.00014395 0.00026285 0.00057406 0.0002261
 0.00082951 0.00221983 0.00086746 0.        ], ([0.00353174 0.00044163 0.00043186 0.00078856 0.00123071 0.0006783
 0.00248852 0.00043199 0.00260239 0.        ]) 	 loss 6.546E-02 	 horizons 19.0
step 22935 	 return [0.00041535 0.0052771  0.00321639 0.00411052 0.00426366 0.00287707
 0.00630855 0.00640488 0.00439584 0.00421069], ([0.00083702 0.00069758 0.00208705 0.00155952 0.00173126 0.00190225
 0.00347342 0.00342173 0.00324419 0.00315734]) 	 loss 1.008E-01 	 horizons 19.0
step 23125 	 return [0.000815   0.00125632 0.00758253 0.01157787 0.00290206 0.01195297
 0.01765409 0.00620697 0.00471917 0.0073779 ], ([0.00162999 0.00191907 0.00175802 0.00221899 0.00290652 0.00200403
 0.0038094  0.00108967 0.00207533 0.00465226]) 	 loss 8.859E-02 	 horizons 19.0
step 23315 	 return [0.00134694 0.00010675 0.01044083 0.01265765 0.0075723  0.01225907
 0.01411863 0.00609596 0.00500035 0.00706879], ([0.00134695 0.00032025 0.00088464 0.00082064 0.00087994 0.00201574
 0.00384479 0.00123846 0.00164744 0.00371992]) 	 loss 9.023E-02 	 horizons 19.0
step 23505 	 return [0.00237937 0.0038417  0.00626106 0.0129033  0.00671663 0.0147845
 0.00983947 0.00563304 0.00463156 0.00477532], ([7.9312210e-04 1.2805656e-03 1.6567388e-03 3.4717839e-05 2.2641938e-04
 1.6362815e-03 3.2127956e-03 3.3444853e-04 5.8777799e-04 1.9708565e-03]) 	 loss 8.626E-02 	 horizons 19.0
step 23695 	 return [0.         0.00462896 0.00712277 0.01420556 0.0136399  0.00733446
 0.00759094 0.00576098 0.00668864 0.00351244], ([0.         0.00281426 0.00053356 0.00116481 0.00214102 0.00163656
 0.00283743 0.00195917 0.00158778 0.0023078 ]) 	 loss 9.763E-02 	 horizons 19.0
step 23885 	 return [0.00161416 0.0002135  0.00985208 0.0130617  0.00744485 0.01255696
 0.01227505 0.00620285 0.00547087 0.00682053], ([0.00131796 0.000427   0.00105749 0.00049248 0.00174209 0.00190662
 0.00409523 0.00171897 0.00167235 0.00341992]) 	 loss 9.635E-02 	 horizons 19.0
step 24075 	 return [0.00238639 0.0039486  0.00621123 0.01236927 0.00653631 0.01440458
 0.01111107 0.00563299 0.00461683 0.00391479], ([0.00079562 0.00132582 0.00143949 0.00067526 0.00022979 0.00185302
 0.00297813 0.0003043  0.00052675 0.00060701]) 	 loss 1.014E-01 	 horizons 19.0
step 24265 	 return [0.00026521 0.00490951 0.00598422 0.01230751 0.00663262 0.0179028
 0.01596721 0.00581001 0.00462429 0.01212308], ([7.9562800e-04 9.6098564e-05 6.7391789e-05 2.8377640e-04 1.4371259e-04
 2.3050834e-03 1.2929084e-03 2.7466821e-04 5.8235932e-04 2.7899642e-03]) 	 loss 7.943E-02 	 horizons 19.0
step 24455 	 return [0.00188774 0.         0.0107291  0.01221781 0.00710086 0.01410754
 0.01395196 0.00561346 0.00445217 0.00690541], ([1.2358149e-03 0.0000000e+00 3.1129413e-04 4.9574813e-04 2.4630319e-04
 1.8490875e-03 1.8960886e-03 8.7911343e-05 9.9895415e-06 4.2509339e-03]) 	 loss 7.699E-02 	 horizons 19.0
step 24645 	 return [0.         0.         0.01049905 0.01171891 0.00707011 0.00932928
 0.0179946  0.005686   0.00401939 0.00223463], ([0.         0.         0.00042882 0.00026836 0.00049826 0.00221494
 0.00230623 0.00080007 0.00217975 0.00089063]) 	 loss 6.947E-02 	 horizons 19.0
step 24835 	 return [0.         0.000218   0.0093858  0.01297646 0.00949417 0.01407028
 0.01794405 0.00956522 0.00788789 0.0097715 ], ([0.         0.00029506 0.00201943 0.00013261 0.00092071 0.00116783
 0.00060644 0.00050814 0.00403573 0.0003499 ]) 	 loss 7.058E-02 	 horizons 19.0
step 25025 	 return [0.00106166 0.00407637 0.00601166 0.01052919 0.00547354 0.01250187
 0.015361   0.00551166 0.00435531 0.00448713], ([0.00130026 0.00136997 0.00250459 0.00201251 0.0018384  0.00243042
 0.00296162 0.00114802 0.00113378 0.00196722]) 	 loss 6.635E-02 	 horizons 19.0
step 25215 	 return [0.00000000e+00 8.24329327e-05 1.24138985e-02 1.26683172e-02
 7.78751075e-03 1.14805456e-02 2.01828163e-02 4.84516704e-03
 2.65558902e-03 9.11551993e-03], ([0.         0.0002473  0.0024321  0.00040255 0.00069436 0.00246114
 0.00223647 0.00088552 0.00150846 0.00318841]) 	 loss 6.731E-02 	 horizons 19.0
step 25405 	 return [0.00188221 0.00010675 0.01028287 0.01336991 0.00767449 0.01370702
 0.01042702 0.00597144 0.00486121 0.00655403], ([0.0012322  0.00032025 0.00082986 0.00037171 0.00080824 0.00168349
 0.00301388 0.00118794 0.00125435 0.00382682]) 	 loss 6.444E-02 	 horizons 19.0
step 25595 	 return [0.00269006 0.         0.01004974 0.01322129 0.00735694 0.01373762
 0.00932912 0.00553364 0.00444791 0.0041262 ], ([3.5589560e-06 0.0000000e+00 8.9677534e-04 5.8603700e-04 5.0171278e-05
 1.2860413e-03 1.5747730e-03 1.8359162e-05 9.3849385e-06 5.4606703e-06]) 	 loss 8.143E-02 	 horizons 19.0
step 25785 	 return [0.00055286 0.         0.00893223 0.01280241 0.00457128 0.01545261
 0.01057063 0.00542898 0.00435321 0.01238587], ([0.00110573 0.         0.00093456 0.00140918 0.00294606 0.00218061
 0.00320309 0.00088287 0.000367   0.00235049]) 	 loss 6.826E-02 	 horizons 19.0
step 25975 	 return [0.         0.         0.01152408 0.01284049 0.0075503  0.01110511
 0.02182123 0.00643709 0.00515904 0.01089927], ([0.         0.         0.00080236 0.00010985 0.00026101 0.00176911
 0.00221547 0.00119956 0.00147476 0.00075636]) 	 loss 6.229E-02 	 horizons 19.0
step 26165 	 return [0.         0.         0.0128541  0.01825461 0.00813101 0.01682735
 0.02456477 0.00785722 0.         0.00939352], ([0.0000000e+00 0.0000000e+00 5.8446454e-05 1.8946399e-04 2.5581569e-06
 4.4775312e-04 2.5499987e-05 5.9401158e-05 0.0000000e+00 8.9703126e-06]) 	 loss 5.158E-02 	 horizons 19.0
step 26355 	 return [0.         0.00180792 0.00732766 0.01266385 0.00920368 0.01008906
 0.01449063 0.00748489 0.0085255  0.00131486], ([0.         0.00213399 0.00065002 0.00122658 0.00106709 0.0015852
 0.00198486 0.00168319 0.0017133  0.00205678]) 	 loss 4.933E-02 	 horizons 19.0
step 26545 	 return [0.         0.00179575 0.00990683 0.01290831 0.00858997 0.01029246
 0.01496013 0.00786641 0.00490363 0.00178791], ([0.         0.00303917 0.00275128 0.00185137 0.00115903 0.00289564
 0.00255703 0.00111285 0.00357821 0.00197305]) 	 loss 4.162E-02 	 horizons 19.0
step 26735 	 return [0.00026521 0.00476365 0.00676908 0.01096627 0.0064161  0.01276023
 0.01404302 0.00593349 0.00478694 0.01022913], ([0.00079563 0.00016356 0.00173494 0.00143    0.00021055 0.00167187
 0.00280219 0.00183595 0.00161872 0.00216962]) 	 loss 5.497E-02 	 horizons 19.0
step 26925 	 return [0.00264374 0.00426855 0.00570881 0.01291487 0.00664116 0.01532993
 0.00876854 0.00552156 0.00443563 0.00411837], ([0.000000e+00 0.000000e+00 4.656613e-10 0.000000e+00 0.000000e+00
 0.000000e+00 0.000000e+00 4.656613e-10 0.000000e+00 4.656613e-10]) 	 loss 4.862E-02 	 horizons 19.0
step 27115 	 return [0.         0.         0.01276358 0.01815151 0.00883504 0.01706397
 0.0235899  0.00732248 0.         0.00846283], ([0.         0.         0.00027633 0.00041692 0.00211872 0.00077109
 0.00289818 0.00160301 0.         0.0028211 ]) 	 loss 3.465E-02 	 horizons 19.0
step 27305 	 return [0.         0.00018591 0.00807765 0.01309667 0.01010236 0.01444309
 0.01767356 0.00994173 0.01080864 0.0100357 ], ([0.0000000e+00 1.4811260e-06 1.0746996e-05 1.0118019e-04 1.2456626e-05
 1.4470937e-04 4.4627486e-05 1.9119960e-05 2.4363655e-07 2.6883559e-05]) 	 loss 3.841E-02 	 horizons 19.0
step 27495 	 return [0.         0.00450624 0.00688165 0.0105759  0.00603769 0.01121149
 0.01451979 0.00602063 0.00380019 0.00313885], ([0.         0.00016717 0.00175479 0.00130996 0.0002077  0.00111699
 0.00294152 0.00149087 0.00170369 0.00117433]) 	 loss 4.679E-02 	 horizons 19.0
step 27685 	 return [4.0666229e-04 1.9858071e-05 1.0155559e-02 1.2726997e-02 9.3419077e-03
 1.4672826e-02 1.1103301e-02 4.9831374e-03 3.9459346e-03 1.0845082e-02], ([1.2199869e-03 5.9574213e-05 1.6343928e-03 2.7955580e-04 1.8029078e-03
 3.0431964e-03 3.4332033e-03 1.4962248e-03 1.1891595e-03 3.9322344e-03]) 	 loss 4.317E-02 	 horizons 19.0
step 27875 	 return [0.         0.         0.0128541  0.01825461 0.00813101 0.01682735
 0.02456476 0.00785722 0.         0.00939352], ([0.0000000e+00 0.0000000e+00 5.8446454e-05 1.8946399e-04 2.5581569e-06
 4.4775315e-04 2.5499985e-05 5.9401154e-05 0.0000000e+00 8.9703126e-06]) 	 loss 4.192E-02 	 horizons 19.0
step 28065 	 return [0.0000000e+00 1.9858071e-05 1.0880003e-02 1.2904847e-02 8.4045520e-03
 1.5225135e-02 1.3246270e-02 5.0661517e-03 3.8664620e-03 1.1813881e-02], ([0.0000000e+00 5.9574220e-05 7.8792713e-04 4.7183587e-04 1.9998373e-03
 3.2812038e-03 3.9877789e-03 1.4341316e-03 1.2326326e-03 3.1880094e-03]) 	 loss 5.012E-02 	 horizons 19.0
step 28255 	 return [0.00161718 0.00087609 0.00961921 0.01145338 0.00677304 0.01136818
 0.00967487 0.00417034 0.00328599 0.00481702], ([0.00132042 0.00249712 0.00117    0.0034946  0.00305767 0.00371192
 0.00436121 0.00217181 0.00178567 0.00311358]) 	 loss 4.428E-02 	 horizons 19.0
step 28445 	 return [0.         0.         0.01338238 0.01337533 0.00811073 0.01534931
 0.02316259 0.00808157 0.00255435 0.00930649], ([0.0000000e+00 0.0000000e+00 6.9172349e-04 1.6058161e-03 1.9746756e-05
 7.3341059e-04 1.5565908e-03 1.4625387e-03 9.4247458e-04 7.3937481e-05]) 	 loss 6.126E-02 	 horizons 19.0
step 28635 	 return [0.00052958 0.00787349 0.00499637 0.0116452  0.00605784 0.01137738
 0.01038787 0.00901852 0.00729902 0.00594998], ([0.00105917 0.00361179 0.00167864 0.00231068 0.0004519  0.00284177
 0.00319771 0.00426171 0.00214466 0.00260576]) 	 loss 4.643E-02 	 horizons 19.0
step 28825 	 return [0.         0.00018591 0.00807765 0.01309667 0.01010236 0.01444309
 0.01767356 0.00994173 0.01080864 0.0100357 ], ([0.00000000e+00 1.48112576e-06 1.07469950e-05 1.01180194e-04
 1.24566241e-05 1.44709367e-04 4.46274898e-05 1.91199579e-05
 2.43636549e-07 2.68835593e-05]) 	 loss 5.230E-02 	 horizons 19.0
step 29015 	 return [0.00136485 0.         0.00774729 0.01198611 0.00751733 0.01541528
 0.01683356 0.00556679 0.0038369  0.0095993 ], ([0.0013651  0.         0.00133888 0.00045207 0.00059723 0.00210997
 0.00239605 0.00067678 0.00136542 0.0037264 ]) 	 loss 4.313E-02 	 horizons 19.0
step 29205 	 return [0.         0.00867765 0.00501403 0.01133827 0.00616434 0.01085117
 0.01134354 0.01061021 0.00799627 0.0075881 ], ([0.         0.00329421 0.00168787 0.00227952 0.00077041 0.00206883
 0.00311211 0.00349079 0.00243491 0.00318311]) 	 loss 4.147E-02 	 horizons 19.0
step 29395 	 return [0.         0.00016687 0.00851771 0.0130325  0.00990649 0.01466398
 0.01776896 0.00933183 0.00991775 0.01019992], ([0.0000000e+00 5.5624543e-05 1.3309023e-03 9.1339280e-05 6.0006854e-04
 8.0738374e-04 3.3081861e-04 1.8488031e-03 2.6724187e-03 5.1955727e-04]) 	 loss 2.786E-02 	 horizons 19.0
step 29585 	 return [0.         0.00940415 0.00536508 0.01174978 0.00591903 0.01122772
 0.01145967 0.01212908 0.00812359 0.00897426], ([0.         0.00239518 0.00039103 0.00198213 0.00038451 0.00087662
 0.00272444 0.00275126 0.0026524  0.00204005]) 	 loss 3.302E-02 	 horizons 19.0
step 29775 	 return [0.         0.00018591 0.00807765 0.01309667 0.01010236 0.01444309
 0.01767356 0.00994173 0.01080864 0.0100357 ], ([0.0000000e+00 1.4811260e-06 1.0746996e-05 1.0118019e-04 1.2456626e-05
 1.4470937e-04 4.4627486e-05 1.9119960e-05 2.4363655e-07 2.6883559e-05]) 	 loss 2.775E-02 	 horizons 19.0
step 29965 	 return [0.         0.00018542 0.00807407 0.01306295 0.01010651 0.01439485
 0.01765869 0.0099481  0.01080856 0.01002674], ([0.0000000e+00 0.0000000e+00 9.3132257e-10 0.0000000e+00 9.3132257e-10
 0.0000000e+00 1.8626451e-09 9.3132257e-10 9.3132257e-10 9.3132257e-10]) 	 loss 2.175E-02 	 horizons 19.0
step 30155 	 return [0.         0.         0.01287359 0.01819146 0.00813186 0.0169766
 0.02457326 0.00783742 0.         0.00939651], ([0.0000000e+00 0.0000000e+00 1.8626451e-09 0.0000000e+00 9.3132257e-10
 1.8626451e-09 1.8626451e-09 0.0000000e+00 0.0000000e+00 9.3132257e-10]) 	 loss 2.247E-02 	 horizons 19.0
[1;34mwandb[0m: 
[1;34mwandb[0m: 🚀 View run [33mmotndp_xian-v0__GCN-xian-g10-temporal__456__1781493288[0m at: [34mhttps://wandb.ai/jingyuan-sun03-tu-delft/cl_ablation/runs/cqeae2xj[0m
[1;34mwandb[0m: Find logs at: [1;35mwandb/run-20260615_051448-cqeae2xj/logs[0m
