/home/SinJ/mo-transport-network-design/.venv/lib/python3.13/site-packages/pygame/pkgdata.py:25: UserWarning: pkg_resources is deprecated as an API. See https://setuptools.pypa.io/en/latest/pkg_resources.html. The pkg_resources package is slated for removal as early as 2025-11-30. Refrain from using this package or pin to Setuptools<81.
  from pkg_resources import resource_stream, resource_exists
wandb: [wandb.login()] Loaded credentials for https://api.wandb.ai from /home/SinJ/.netrc.
wandb: Currently logged in as: jingyuan-sun03 (jingyuan-sun03-tu-delft) to https://api.wandb.ai. Use `wandb login --relogin` to force relogin
wandb: setting up run 5ggf9wfz
wandb: Tracking run with wandb version 0.27.2
wandb: Run data is saved locally in /home/SinJ/mo-transport-network-design/wandb/run-20260615_034540-5ggf9wfz
wandb: Run `wandb offline` to turn off syncing.
wandb: Syncing run motndp_xian-v0__GCN-xian-g3-spatial__456__1781487940
wandb: ⭐️ View project at https://wandb.ai/jingyuan-sun03-tu-delft/cl_ablation
wandb: 🚀 View run at https://wandb.ai/jingyuan-sun03-tu-delft/cl_ablation/runs/5ggf9wfz
/home/SinJ/mo-transport-network-design/morl-baselines/morl_baselines/multi_policy/gcn/gcn.py:151: UserWarning: Creating a tensor from a list of numpy.ndarrays is extremely slow. Please consider converting the list to a single numpy.ndarray with numpy.array() before converting to a tensor. (Triggered internally at /pytorch/torch/csrc/utils/tensor_new.cpp:253.)
  th.tensor(obs).to(self.device),
Namespace(env='xian', nr_groups=3, starting_loc_x=9, starting_loc_y=19, nr_stations=20, lr=0.01, batch_size=256, num_er_episodes=100, num_step_episodes=10, num_model_updates=10, num_policies=10, max_buffer_size=200, nr_layers=1, hidden_dim=128, timesteps=30000, no_log=False, seed=456, cd_threshold=0.2, distance_ref='interpolate2', gcn_lambda=0.0, lambda_schedule='constant', lambda_start=1.0, lambda_end=None, lambda_warmup_fraction=0.0, lambda_freeze_fraction=0.1, spatial_alpha=0.5, include_demand_context=False, criterion='lorenz', nash_mode='pareto_sized', nash_top_k=None, nash_shift=0.0, project_name='cl_ablation', experiment_name='GCN-xian-g3-spatial', wandb_entity=None)
step 2004 	 return [0.00412489 0.00348559 0.00170798], ([0.0023705  0.00239174 0.00180688]) 	 loss 1.889E+00 	 horizons 19.0
step 2194 	 return [0.00261405 0.00377066 0.0033947 ], ([0.00145481 0.00200156 0.00294041]) 	 loss 1.448E+00 	 horizons 19.0
step 2381 	 return [0.00286332 0.00343307 0.00301656], ([0.00154898 0.00190682 0.00321205]) 	 loss 1.093E+00 	 horizons 18.7
step 2571 	 return [0.00384651 0.00340083 0.00246099], ([0.00231113 0.00218809 0.00261439]) 	 loss 9.801E-01 	 horizons 19.0
step 2761 	 return [0.00326074 0.00302592 0.00215341], ([0.00215307 0.00182607 0.00235956]) 	 loss 9.579E-01 	 horizons 19.0
step 2951 	 return [0.00193888 0.00340429 0.00412655], ([0.00090865 0.00123009 0.0020083 ]) 	 loss 9.136E-01 	 horizons 19.0
step 3141 	 return [0.00373113 0.00394682 0.00274801], ([0.0020688  0.0021205  0.00255098]) 	 loss 8.890E-01 	 horizons 19.0
step 3331 	 return [0.00260274 0.00422724 0.0039695 ], ([0.00245602 0.00188373 0.00275891]) 	 loss 8.468E-01 	 horizons 19.0
step 3521 	 return [0.00466424 0.00485239 0.00276064], ([0.00049654 0.00261197 0.00208001]) 	 loss 8.451E-01 	 horizons 19.0
step 3711 	 return [0.00375479 0.00479967 0.00256453], ([0.00171912 0.0028114  0.0021143 ]) 	 loss 7.942E-01 	 horizons 19.0
step 3901 	 return [0.00310783 0.00563137 0.00465996], ([0.00187954 0.0015555  0.00224377]) 	 loss 8.179E-01 	 horizons 19.0
step 4091 	 return [0.00236473 0.00455759 0.00469812], ([0.00204896 0.00168816 0.00243312]) 	 loss 7.880E-01 	 horizons 19.0
step 4281 	 return [0.00475246 0.00430232 0.00259068], ([0.00167502 0.00240804 0.00171608]) 	 loss 7.791E-01 	 horizons 19.0
step 4471 	 return [0.00336706 0.00572435 0.00468854], ([0.00209614 0.0021641  0.00303518]) 	 loss 7.499E-01 	 horizons 19.0
step 4661 	 return [0.00364986 0.00545443 0.00456196], ([0.00135579 0.00184299 0.00250991]) 	 loss 7.620E-01 	 horizons 19.0
step 4851 	 return [0.00397814 0.00390498 0.00244415], ([0.00080104 0.00125838 0.00155831]) 	 loss 7.568E-01 	 horizons 19.0
step 5041 	 return [0.00309745 0.00516718 0.00493799], ([0.00144493 0.0022301  0.00253263]) 	 loss 7.107E-01 	 horizons 19.0
step 5231 	 return [0.00296049 0.00489663 0.00401114], ([0.00197878 0.00263892 0.00332546]) 	 loss 7.256E-01 	 horizons 19.0
step 5421 	 return [0.0035027  0.00439638 0.00289533], ([0.00154177 0.0017041  0.00160879]) 	 loss 7.606E-01 	 horizons 19.0
step 5611 	 return [0.00436224 0.00392399 0.00269371], ([0.00125051 0.00242966 0.00208634]) 	 loss 7.285E-01 	 horizons 19.0
step 5801 	 return [0.00474921 0.004266   0.00335527], ([0.00151631 0.00207107 0.00299667]) 	 loss 7.330E-01 	 horizons 19.0
step 5991 	 return [0.00391592 0.0048603  0.00395021], ([0.00196719 0.00139091 0.0015481 ]) 	 loss 7.274E-01 	 horizons 19.0
step 6181 	 return [0.00289492 0.00663054 0.00512149], ([0.00203348 0.00213472 0.00196195]) 	 loss 7.130E-01 	 horizons 19.0
step 6371 	 return [0.00390812 0.00515358 0.00419541], ([0.00089133 0.00128759 0.00174297]) 	 loss 7.220E-01 	 horizons 19.0
step 6561 	 return [0.0030993  0.00646019 0.00578379], ([0.00157335 0.00095988 0.00202104]) 	 loss 7.216E-01 	 horizons 19.0
step 6751 	 return [0.00340889 0.00442752 0.00343227], ([0.00078305 0.00086865 0.00168382]) 	 loss 7.085E-01 	 horizons 19.0
step 6941 	 return [0.00371024 0.00576057 0.00477034], ([0.0018048  0.00279854 0.00168618]) 	 loss 6.934E-01 	 horizons 19.0
step 7131 	 return [0.00319068 0.0066237  0.00510462], ([0.0018641  0.00183693 0.00192391]) 	 loss 6.884E-01 	 horizons 19.0
step 7321 	 return [0.00311418 0.00682861 0.00557406], ([0.00187685 0.00215466 0.00223189]) 	 loss 6.644E-01 	 horizons 19.0
step 7511 	 return [0.00227599 0.00625297 0.00617394], ([0.00184101 0.00205805 0.0021707 ]) 	 loss 6.706E-01 	 horizons 19.0
step 7701 	 return [0.00419017 0.00620695 0.00484605], ([0.0015297  0.00228961 0.00213297]) 	 loss 6.846E-01 	 horizons 19.0
step 7891 	 return [0.00320342 0.00631702 0.00571208], ([0.00162212 0.0020226  0.00237927]) 	 loss 7.140E-01 	 horizons 19.0
step 8081 	 return [0.00491762 0.00619891 0.00492804], ([0.00207786 0.00218109 0.00356387]) 	 loss 7.114E-01 	 horizons 19.0
step 8271 	 return [0.00410399 0.00679415 0.00517877], ([0.00118891 0.00226059 0.00176292]) 	 loss 7.018E-01 	 horizons 19.0
step 8461 	 return [0.00242307 0.00765151 0.00667633], ([0.00169375 0.00203105 0.00189938]) 	 loss 7.100E-01 	 horizons 19.0
step 8651 	 return [0.00360533 0.00862635 0.00631438], ([0.00138958 0.00225963 0.00196637]) 	 loss 6.978E-01 	 horizons 19.0
step 8841 	 return [0.00330947 0.0080636  0.00647221], ([0.0015077  0.00151378 0.00210643]) 	 loss 6.918E-01 	 horizons 19.0
step 9031 	 return [0.00573901 0.00628776 0.00395788], ([0.00237799 0.00265184 0.00198493]) 	 loss 6.990E-01 	 horizons 19.0
step 9221 	 return [0.00293844 0.00781367 0.00638773], ([0.00173291 0.00182661 0.00097255]) 	 loss 6.595E-01 	 horizons 19.0
step 9411 	 return [0.00446491 0.0070561  0.00561527], ([0.00232433 0.00300599 0.00302757]) 	 loss 6.516E-01 	 horizons 19.0
step 9601 	 return [0.00238309 0.00714186 0.00640917], ([0.0013069  0.00205249 0.00195721]) 	 loss 6.773E-01 	 horizons 19.0
step 9791 	 return [0.00279772 0.00790765 0.00531514], ([0.00164278 0.00328284 0.00295495]) 	 loss 6.443E-01 	 horizons 19.0
step 9981 	 return [0.00405782 0.00851698 0.00621633], ([0.00160393 0.00172902 0.00143218]) 	 loss 6.616E-01 	 horizons 19.0
step 10171 	 return [0.00387062 0.00723216 0.00521772], ([0.00106948 0.0023441  0.00308013]) 	 loss 6.998E-01 	 horizons 19.0
step 10361 	 return [0.00378901 0.00842392 0.00617451], ([0.00123998 0.00249813 0.00127404]) 	 loss 6.831E-01 	 horizons 19.0
step 10551 	 return [0.00316839 0.00999204 0.00583297], ([0.00115385 0.00173449 0.00168794]) 	 loss 6.768E-01 	 horizons 19.0
step 10741 	 return [0.00393606 0.0090529  0.00622946], ([0.00182948 0.00270503 0.00130584]) 	 loss 6.625E-01 	 horizons 19.0
step 10931 	 return [0.00342761 0.00759435 0.00555167], ([0.0020753  0.00259721 0.00244971]) 	 loss 6.536E-01 	 horizons 19.0
step 11121 	 return [0.00360719 0.00891189 0.00573877], ([0.00126488 0.0022445  0.00137745]) 	 loss 6.614E-01 	 horizons 19.0
step 11311 	 return [0.00457396 0.0087428  0.00615925], ([0.00189953 0.00177302 0.00198801]) 	 loss 6.467E-01 	 horizons 19.0
step 11501 	 return [0.00307954 0.00933913 0.00697145], ([0.00210079 0.00248432 0.00265638]) 	 loss 6.179E-01 	 horizons 19.0
step 11691 	 return [0.00357059 0.00758471 0.00690156], ([0.00206847 0.00174898 0.00291467]) 	 loss 6.163E-01 	 horizons 19.0
step 11881 	 return [0.00555135 0.00752463 0.00511741], ([0.00225276 0.0020945  0.00199268]) 	 loss 6.252E-01 	 horizons 19.0
step 12071 	 return [0.0033117  0.00912317 0.00630889], ([0.00163301 0.00305474 0.00291771]) 	 loss 6.163E-01 	 horizons 19.0
step 12261 	 return [0.00503469 0.00935237 0.00686519], ([0.00113975 0.00112674 0.00146349]) 	 loss 5.840E-01 	 horizons 19.0
step 12451 	 return [0.00201089 0.00706106 0.00642139], ([0.00116274 0.00214534 0.00147053]) 	 loss 6.035E-01 	 horizons 19.0
step 12641 	 return [0.00450293 0.00891276 0.00691676], ([0.00142887 0.00155964 0.00102189]) 	 loss 6.318E-01 	 horizons 19.0
step 12831 	 return [0.0059199  0.01164415 0.00575694], ([0.00171831 0.00173765 0.0011621 ]) 	 loss 6.226E-01 	 horizons 19.0
step 13021 	 return [0.00543892 0.00990556 0.00658457], ([0.0008702  0.00211424 0.00094879]) 	 loss 5.922E-01 	 horizons 19.0
step 13211 	 return [0.00581296 0.00949349 0.00678641], ([0.00197152 0.00211218 0.00199504]) 	 loss 5.936E-01 	 horizons 19.0
step 13401 	 return [0.00523827 0.01103621 0.00590132], ([0.00166522 0.00188339 0.0012869 ]) 	 loss 5.779E-01 	 horizons 19.0
step 13591 	 return [0.00425691 0.01037856 0.00696582], ([0.0012518  0.00134082 0.00123664]) 	 loss 5.664E-01 	 horizons 19.0
step 13781 	 return [0.00655221 0.0119684  0.00719466], ([0.00115981 0.00152399 0.00155523]) 	 loss 5.586E-01 	 horizons 19.0
step 13971 	 return [0.00560468 0.00982921 0.00684206], ([0.0018052  0.0022565  0.00157424]) 	 loss 5.406E-01 	 horizons 19.0
step 14161 	 return [0.00594398 0.01073442 0.0061901 ], ([0.00160322 0.00210797 0.00213248]) 	 loss 5.399E-01 	 horizons 19.0
step 14351 	 return [0.00595663 0.00950156 0.0066395 ], ([0.00181941 0.00260817 0.00166737]) 	 loss 5.099E-01 	 horizons 19.0
step 14541 	 return [0.00650625 0.00959526 0.0058512 ], ([0.00183479 0.00182817 0.00185237]) 	 loss 5.059E-01 	 horizons 19.0
step 14731 	 return [0.00555431 0.00865105 0.00587544], ([0.00192462 0.00173651 0.00185215]) 	 loss 5.032E-01 	 horizons 19.0
step 14921 	 return [0.00693367 0.01052545 0.00549211], ([0.00127256 0.0018989  0.00168889]) 	 loss 5.314E-01 	 horizons 19.0
step 15111 	 return [0.00311    0.00725657 0.00815655], ([0.00084779 0.00084628 0.00126725]) 	 loss 4.981E-01 	 horizons 19.0
step 15301 	 return [0.00666476 0.01013866 0.00610345], ([0.00114038 0.00332951 0.00219132]) 	 loss 5.082E-01 	 horizons 19.0
step 15491 	 return [0.00597312 0.00951011 0.00608942], ([0.00126408 0.00413852 0.00300958]) 	 loss 4.805E-01 	 horizons 19.0
step 15681 	 return [0.0073185  0.01205947 0.00618798], ([0.00127458 0.00129033 0.00126723]) 	 loss 4.771E-01 	 horizons 19.0
step 15871 	 return [0.00763967 0.01141269 0.00599061], ([0.00079798 0.00117184 0.00182689]) 	 loss 4.591E-01 	 horizons 19.0
step 16061 	 return [0.00778044 0.01162997 0.00559221], ([0.0010049 0.0013742 0.0008478]) 	 loss 4.699E-01 	 horizons 19.0
step 16251 	 return [0.00234431 0.00821321 0.00976017], ([0.00027996 0.00121608 0.00146925]) 	 loss 4.438E-01 	 horizons 19.0
step 16441 	 return [0.00542599 0.00948297 0.00788697], ([0.00104964 0.00165334 0.00126768]) 	 loss 4.560E-01 	 horizons 19.0
step 16631 	 return [0.00633801 0.0110355  0.00668805], ([0.00097762 0.00190068 0.00145473]) 	 loss 4.282E-01 	 horizons 19.0
step 16821 	 return [0.00590318 0.01140223 0.00702108], ([0.00200794 0.00283264 0.00205477]) 	 loss 4.307E-01 	 horizons 19.0
step 17011 	 return [0.00647796 0.01188898 0.00700249], ([0.00070426 0.0014864  0.00113087]) 	 loss 4.100E-01 	 horizons 19.0
step 17201 	 return [0.00668089 0.01336785 0.00720596], ([0.00100774 0.00049601 0.00115085]) 	 loss 3.908E-01 	 horizons 19.0
step 17391 	 return [0.00668707 0.01098229 0.00599795], ([0.00144594 0.00285987 0.00199024]) 	 loss 4.193E-01 	 horizons 19.0
step 17581 	 return [0.00759244 0.01156639 0.00637787], ([0.00094768 0.00175821 0.00136302]) 	 loss 3.914E-01 	 horizons 19.0
step 17771 	 return [0.00815856 0.01261958 0.00579866], ([0.00071049 0.000713   0.00060532]) 	 loss 3.880E-01 	 horizons 19.0
step 17961 	 return [0.00593982 0.01294201 0.00768405], ([0.00094034 0.00094428 0.00091739]) 	 loss 3.688E-01 	 horizons 19.0
step 18151 	 return [0.00622467 0.01068535 0.00633998], ([0.0014373  0.00216812 0.00178069]) 	 loss 3.612E-01 	 horizons 19.0
step 18341 	 return [0.00577527 0.01260798 0.00787872], ([0.00065063 0.00141826 0.00150204]) 	 loss 3.570E-01 	 horizons 19.0
step 18531 	 return [0.00660023 0.01211763 0.0075715 ], ([0.00076899 0.00182806 0.00127819]) 	 loss 3.389E-01 	 horizons 19.0
step 18721 	 return [0.00616525 0.01362826 0.00726027], ([0.00055422 0.00075631 0.00108655]) 	 loss 3.308E-01 	 horizons 19.0
step 18911 	 return [0.00774785 0.00953792 0.00667431], ([0.0014895  0.00159517 0.00251329]) 	 loss 3.326E-01 	 horizons 19.0
step 19101 	 return [0.00593804 0.0123037  0.00821598], ([0.00092507 0.00090108 0.00112289]) 	 loss 3.250E-01 	 horizons 19.0
step 19291 	 return [0.00602199 0.01297826 0.00838403], ([0.00076165 0.00152788 0.00137328]) 	 loss 3.250E-01 	 horizons 19.0
step 19481 	 return [0.00615809 0.0128907  0.00830827], ([0.00075644 0.00149056 0.00084969]) 	 loss 3.173E-01 	 horizons 19.0
step 19671 	 return [0.00635049 0.0133635  0.00680181], ([0.00059537 0.00072938 0.00083558]) 	 loss 3.174E-01 	 horizons 19.0
step 19861 	 return [0.00694807 0.01225261 0.00706506], ([0.00067526 0.00145451 0.00136474]) 	 loss 3.037E-01 	 horizons 19.0
step 20051 	 return [0.0059618  0.01169174 0.00962905], ([0.00068635 0.00173998 0.00152825]) 	 loss 3.121E-01 	 horizons 19.0
step 20241 	 return [0.0061472  0.01274411 0.00908698], ([0.00080323 0.00120819 0.00079344]) 	 loss 2.937E-01 	 horizons 19.0
step 20431 	 return [0.00683013 0.01270224 0.00691581], ([0.00057516 0.00111991 0.00087875]) 	 loss 3.237E-01 	 horizons 19.0
step 20621 	 return [0.00698893 0.01105877 0.00839263], ([0.00072007 0.00088467 0.00170425]) 	 loss 2.859E-01 	 horizons 19.0
step 20811 	 return [0.0059471  0.01343712 0.0089127 ], ([0.00061089 0.00097624 0.00058194]) 	 loss 2.864E-01 	 horizons 19.0
step 21001 	 return [0.00684358 0.01228315 0.00776441], ([0.00032822 0.00102451 0.00148685]) 	 loss 2.959E-01 	 horizons 19.0
step 21191 	 return [0.0070596  0.01172075 0.00856686], ([0.00063235 0.00174326 0.00219461]) 	 loss 3.073E-01 	 horizons 19.0
step 21381 	 return [0.00588788 0.0126573  0.00906084], ([0.00065641 0.00109688 0.00115149]) 	 loss 2.866E-01 	 horizons 19.0
step 21571 	 return [0.00719609 0.01242851 0.00773292], ([0.00043143 0.00093578 0.0012383 ]) 	 loss 2.759E-01 	 horizons 19.0
step 21761 	 return [0.00643865 0.01007453 0.00899085], ([0.00111415 0.00094555 0.00111633]) 	 loss 3.198E-01 	 horizons 19.0
step 21951 	 return [0.00627077 0.01232811 0.00861291], ([0.00094381 0.00109054 0.00067151]) 	 loss 2.980E-01 	 horizons 19.0
step 22141 	 return [0.00715022 0.0115207  0.00759188], ([0.00086769 0.00108649 0.00088114]) 	 loss 2.858E-01 	 horizons 19.0
step 22331 	 return [0.00736235 0.01333473 0.00702512], ([0.00085287 0.00130591 0.00136665]) 	 loss 2.762E-01 	 horizons 19.0
step 22521 	 return [0.00557583 0.012531   0.00939021], ([0.00081912 0.00133614 0.00118869]) 	 loss 3.201E-01 	 horizons 19.0
step 22711 	 return [0.00595174 0.01350916 0.00771558], ([0.00088606 0.0006519  0.00093641]) 	 loss 2.932E-01 	 horizons 19.0
step 22901 	 return [0.00680596 0.01232799 0.00764239], ([0.00066058 0.00108186 0.00192616]) 	 loss 2.718E-01 	 horizons 19.0
step 23091 	 return [0.00688429 0.01174338 0.00740664], ([0.00058347 0.00120834 0.00085386]) 	 loss 2.836E-01 	 horizons 19.0
step 23281 	 return [0.00719463 0.0119649  0.00864563], ([0.00050515 0.0011833  0.00119769]) 	 loss 2.934E-01 	 horizons 19.0
step 23471 	 return [0.00880002 0.00984631 0.00655722], ([0.00101382 0.00119213 0.00299054]) 	 loss 2.886E-01 	 horizons 19.0
step 23661 	 return [0.00761343 0.01195854 0.00702285], ([0.00060414 0.00150797 0.00162921]) 	 loss 2.875E-01 	 horizons 19.0
step 23851 	 return [0.00563538 0.01142558 0.00973927], ([0.00090325 0.00079257 0.00140254]) 	 loss 2.861E-01 	 horizons 19.0
step 24041 	 return [0.00616373 0.01160562 0.00940465], ([0.00065366 0.00107681 0.00111678]) 	 loss 2.716E-01 	 horizons 19.0
step 24231 	 return [0.00706715 0.01068061 0.00849633], ([0.00134492 0.00089523 0.0010683 ]) 	 loss 2.896E-01 	 horizons 19.0
step 24421 	 return [0.00602239 0.01214637 0.01060313], ([0.00060311 0.00113289 0.00133543]) 	 loss 2.847E-01 	 horizons 19.0
step 24611 	 return [0.00670813 0.01109292 0.01011585], ([0.00091182 0.00163612 0.00106299]) 	 loss 2.684E-01 	 horizons 19.0
step 24801 	 return [0.00734804 0.01083329 0.00879132], ([0.00078664 0.00062747 0.00150942]) 	 loss 2.820E-01 	 horizons 19.0
step 24991 	 return [0.00737321 0.01115683 0.00862283], ([0.00101645 0.00127381 0.00165163]) 	 loss 2.626E-01 	 horizons 19.0
step 25181 	 return [0.00703409 0.01188687 0.00866878], ([0.00065555 0.00069477 0.00094695]) 	 loss 2.659E-01 	 horizons 19.0
step 25371 	 return [0.00668008 0.01203442 0.00714406], ([0.00081165 0.00150672 0.0021927 ]) 	 loss 2.654E-01 	 horizons 19.0
step 25561 	 return [0.00671184 0.0107658  0.01135091], ([0.00074099 0.00103779 0.0010178 ]) 	 loss 2.539E-01 	 horizons 19.0
step 25751 	 return [0.00742819 0.01115771 0.00873976], ([0.00110206 0.00114254 0.00182293]) 	 loss 2.748E-01 	 horizons 19.0
step 25941 	 return [0.00736416 0.00989584 0.01100908], ([0.0005795  0.0005192  0.00134588]) 	 loss 2.529E-01 	 horizons 19.0
step 26131 	 return [0.0078576  0.01070728 0.00990538], ([0.00084774 0.00092865 0.00168896]) 	 loss 2.419E-01 	 horizons 19.0
step 26321 	 return [0.00782693 0.01223084 0.00931697], ([0.00131929 0.00178932 0.00252157]) 	 loss 2.279E-01 	 horizons 19.0
step 26511 	 return [0.0074394  0.01114955 0.00878195], ([0.00072525 0.00147296 0.00186241]) 	 loss 2.250E-01 	 horizons 19.0
step 26701 	 return [0.00846599 0.01129814 0.00852894], ([0.00107071 0.00116906 0.00163169]) 	 loss 2.537E-01 	 horizons 19.0
step 26891 	 return [0.00765328 0.0111318  0.009705  ], ([0.0006816  0.0007348  0.00161358]) 	 loss 2.463E-01 	 horizons 19.0
step 27081 	 return [0.00836232 0.01072073 0.00948965], ([0.00049367 0.00122449 0.00139366]) 	 loss 2.351E-01 	 horizons 19.0
step 27271 	 return [0.00771524 0.01045494 0.00957652], ([0.00196761 0.00113867 0.00232646]) 	 loss 2.395E-01 	 horizons 19.0
step 27461 	 return [0.00820688 0.0107076  0.00943705], ([0.000995   0.00083562 0.00175716]) 	 loss 2.050E-01 	 horizons 19.0
step 27651 	 return [0.0073922  0.01201629 0.00928929], ([0.00020316 0.00055498 0.00147417]) 	 loss 2.256E-01 	 horizons 19.0
step 27841 	 return [0.0090423  0.01056165 0.00959674], ([0.00101786 0.00091331 0.00196306]) 	 loss 2.116E-01 	 horizons 19.0
step 28031 	 return [0.00726381 0.01192882 0.00939463], ([0.00044848 0.00062344 0.00068097]) 	 loss 2.092E-01 	 horizons 19.0
step 28221 	 return [0.00748766 0.0113534  0.01009236], ([0.00120686 0.00128563 0.00120318]) 	 loss 2.224E-01 	 horizons 19.0
step 28411 	 return [0.00730446 0.01192848 0.00830686], ([0.00069597 0.00096237 0.00084433]) 	 loss 2.000E-01 	 horizons 19.0
step 28601 	 return [0.00888323 0.010945   0.01021885], ([0.0011417  0.00133508 0.00217291]) 	 loss 1.860E-01 	 horizons 19.0
step 28791 	 return [0.00797897 0.01036615 0.00977592], ([0.00043247 0.00107814 0.00159959]) 	 loss 1.701E-01 	 horizons 19.0
step 28981 	 return [0.00730694 0.01042549 0.01118616], ([0.00032236 0.00064421 0.0016066 ]) 	 loss 1.687E-01 	 horizons 19.0
step 29171 	 return [0.00855369 0.01147773 0.01008467], ([0.00090657 0.00071637 0.00150448]) 	 loss 1.713E-01 	 horizons 19.0
step 29361 	 return [0.00943467 0.01044821 0.01180112], ([0.00097453 0.00071389 0.00164857]) 	 loss 1.803E-01 	 horizons 19.0
step 29551 	 return [0.00838887 0.01000458 0.01171952], ([0.0015271  0.00087442 0.00177721]) 	 loss 1.603E-01 	 horizons 19.0
step 29741 	 return [0.00776525 0.01068181 0.01048696], ([0.00068746 0.00077164 0.00139805]) 	 loss 1.862E-01 	 horizons 19.0
step 29931 	 return [0.00876148 0.0104103  0.01074848], ([0.00091182 0.0006126  0.001736  ]) 	 loss 1.760E-01 	 horizons 19.0
step 30121 	 return [0.00896368 0.01002389 0.01075532], ([0.00072039 0.00105773 0.0019768 ]) 	 loss 1.648E-01 	 horizons 19.0
[1;34mwandb[0m: 
[1;34mwandb[0m: 🚀 View run [33mmotndp_xian-v0__GCN-xian-g3-spatial__456__1781487940[0m at: [34mhttps://wandb.ai/jingyuan-sun03-tu-delft/cl_ablation/runs/5ggf9wfz[0m
[1;34mwandb[0m: Find logs at: [1;35mwandb/run-20260615_034540-5ggf9wfz/logs[0m
