/home/SinJ/mo-transport-network-design/.venv/lib/python3.13/site-packages/pygame/pkgdata.py:25: UserWarning: pkg_resources is deprecated as an API. See https://setuptools.pypa.io/en/latest/pkg_resources.html. The pkg_resources package is slated for removal as early as 2025-11-30. Refrain from using this package or pin to Setuptools<81.
  from pkg_resources import resource_stream, resource_exists
wandb: [wandb.login()] Loaded credentials for https://api.wandb.ai from /home/SinJ/.netrc.
wandb: Currently logged in as: jingyuan-sun03 (jingyuan-sun03-tu-delft) to https://api.wandb.ai. Use `wandb login --relogin` to force relogin
wandb: setting up run kwgj5gnv
wandb: Tracking run with wandb version 0.27.2
wandb: Run data is saved locally in /home/SinJ/mo-transport-network-design/wandb/run-20260615_034550-kwgj5gnv
wandb: Run `wandb offline` to turn off syncing.
wandb: Syncing run motndp_xian-v0__GCN-xian-g3-spatiotemporal__1024__1781487949
wandb: ⭐️ View project at https://wandb.ai/jingyuan-sun03-tu-delft/cl_ablation
wandb: 🚀 View run at https://wandb.ai/jingyuan-sun03-tu-delft/cl_ablation/runs/kwgj5gnv
/home/SinJ/mo-transport-network-design/morl-baselines/morl_baselines/multi_policy/gcn/gcn.py:151: UserWarning: Creating a tensor from a list of numpy.ndarrays is extremely slow. Please consider converting the list to a single numpy.ndarray with numpy.array() before converting to a tensor. (Triggered internally at /pytorch/torch/csrc/utils/tensor_new.cpp:253.)
  th.tensor(obs).to(self.device),
Namespace(env='xian', nr_groups=3, starting_loc_x=9, starting_loc_y=19, nr_stations=20, lr=0.01, batch_size=256, num_er_episodes=100, num_step_episodes=10, num_model_updates=10, num_policies=10, max_buffer_size=200, nr_layers=1, hidden_dim=128, timesteps=30000, no_log=False, seed=1024, cd_threshold=0.2, distance_ref='interpolate2', gcn_lambda=0.0, lambda_schedule='cosine', lambda_start=1.0, lambda_end=0.0, lambda_warmup_fraction=0.1, lambda_freeze_fraction=0.1, spatial_alpha=0.5, include_demand_context=False, criterion='lorenz', nash_mode='pareto_sized', nash_top_k=None, nash_shift=0.0, project_name='cl_ablation', experiment_name='GCN-xian-g3-spatiotemporal', wandb_entity=None)
step 1985 	 return [0.00372286 0.00456228 0.00347741], ([0.00172638 0.00233937 0.00226094]) 	 loss 1.917E+00 	 horizons 19.0
step 2163 	 return [0.00177372 0.00345485 0.00198992], ([0.00116964 0.00199479 0.00194064]) 	 loss 1.436E+00 	 horizons 17.8
step 2353 	 return [0.00420289 0.00573763 0.00525042], ([0.00231326 0.00185766 0.00237914]) 	 loss 1.081E+00 	 horizons 19.0
step 2543 	 return [0.00265402 0.00444997 0.00392938], ([0.00151825 0.00266364 0.00287259]) 	 loss 9.797E-01 	 horizons 19.0
step 2733 	 return [0.00325833 0.0054006  0.00593231], ([0.00099161 0.00217865 0.00225071]) 	 loss 9.602E-01 	 horizons 19.0
step 2923 	 return [0.00319217 0.00495134 0.0036073 ], ([0.00211213 0.00199418 0.0021993 ]) 	 loss 9.001E-01 	 horizons 19.0
step 3107 	 return [0.00328679 0.00251428 0.00129748], ([0.00132785 0.00357275 0.00258111]) 	 loss 9.115E-01 	 horizons 18.4
step 3297 	 return [0.00348233 0.00512377 0.00425542], ([0.00232148 0.00280678 0.00236114]) 	 loss 8.552E-01 	 horizons 19.0
step 3483 	 return [0.00275767 0.00357424 0.00277371], ([0.00125492 0.00284145 0.0024562 ]) 	 loss 8.695E-01 	 horizons 18.6
step 3673 	 return [0.00569448 0.00737218 0.00615435], ([0.00216593 0.00258796 0.00267395]) 	 loss 8.444E-01 	 horizons 19.0
step 3863 	 return [0.00218585 0.00534779 0.00560962], ([0.00158276 0.00246586 0.00248433]) 	 loss 8.573E-01 	 horizons 19.0
step 4053 	 return [0.00292798 0.00531682 0.00489825], ([0.00098762 0.00117979 0.00189274]) 	 loss 8.274E-01 	 horizons 19.0
step 4243 	 return [0.00355612 0.00657158 0.00598863], ([0.00260138 0.00244576 0.00298049]) 	 loss 8.304E-01 	 horizons 19.0
step 4433 	 return [0.00354652 0.00574561 0.00551729], ([0.00184364 0.00116489 0.00204702]) 	 loss 8.137E-01 	 horizons 19.0
step 4623 	 return [0.0062734  0.00229365 0.00171582], ([0.00176866 0.0018448  0.00275915]) 	 loss 8.516E-01 	 horizons 19.0
step 4813 	 return [0.00318673 0.00526952 0.00496657], ([0.00141758 0.00175381 0.00226164]) 	 loss 8.140E-01 	 horizons 19.0
step 5003 	 return [0.00323378 0.00601283 0.00614488], ([0.00153567 0.00196347 0.00253868]) 	 loss 7.967E-01 	 horizons 19.0
step 5193 	 return [0.00384453 0.00684056 0.00575722], ([0.00193683 0.0015733  0.00165702]) 	 loss 8.148E-01 	 horizons 19.0
step 5383 	 return [0.00382099 0.00379266 0.00343956], ([0.00121641 0.00182646 0.00227704]) 	 loss 8.044E-01 	 horizons 19.0
step 5573 	 return [0.00361063 0.00555196 0.00416518], ([0.0015803  0.00228858 0.00212392]) 	 loss 7.800E-01 	 horizons 19.0
step 5763 	 return [0.00334372 0.00612298 0.00488674], ([0.00120662 0.00259542 0.00231508]) 	 loss 8.006E-01 	 horizons 19.0
step 5953 	 return [0.00506801 0.00655738 0.0052071 ], ([0.00211651 0.00310656 0.00254856]) 	 loss 7.853E-01 	 horizons 19.0
step 6143 	 return [0.00360065 0.00773025 0.00556939], ([0.00186928 0.00205852 0.00247029]) 	 loss 7.833E-01 	 horizons 19.0
step 6333 	 return [0.00367013 0.00628162 0.00519056], ([0.00157386 0.00253509 0.00271295]) 	 loss 7.713E-01 	 horizons 19.0
step 6523 	 return [0.00458252 0.00736623 0.00640447], ([0.00224442 0.0020484  0.00231501]) 	 loss 7.620E-01 	 horizons 19.0
step 6713 	 return [0.00424592 0.008868   0.00683359], ([0.00197023 0.00078091 0.00168609]) 	 loss 7.737E-01 	 horizons 19.0
step 6903 	 return [0.00338065 0.00666717 0.00590529], ([0.00145656 0.00200328 0.00150154]) 	 loss 7.767E-01 	 horizons 19.0
step 7093 	 return [0.00397308 0.00845003 0.00634743], ([0.00214127 0.00087554 0.00167793]) 	 loss 7.647E-01 	 horizons 19.0
step 7283 	 return [0.00370167 0.0064048  0.00639038], ([0.00155532 0.00255826 0.00271678]) 	 loss 7.720E-01 	 horizons 19.0
step 7473 	 return [0.00368036 0.00881517 0.00586365], ([0.00220048 0.00079562 0.00188992]) 	 loss 7.522E-01 	 horizons 19.0
step 7663 	 return [0.00414406 0.00783216 0.00756259], ([0.00191173 0.00098336 0.00154579]) 	 loss 7.311E-01 	 horizons 19.0
step 7853 	 return [0.00350621 0.00800242 0.00637738], ([0.00241975 0.00176746 0.00252815]) 	 loss 7.523E-01 	 horizons 19.0
step 8043 	 return [0.0048157  0.00838999 0.00724491], ([0.0020045  0.00150151 0.00179127]) 	 loss 7.502E-01 	 horizons 19.0
step 8233 	 return [0.00369453 0.00803897 0.00568964], ([0.00160997 0.00286326 0.00248093]) 	 loss 7.912E-01 	 horizons 19.0
step 8423 	 return [0.00382593 0.00805702 0.00739438], ([0.00082403 0.00208795 0.00195714]) 	 loss 7.438E-01 	 horizons 19.0
step 8613 	 return [0.00383184 0.00841462 0.00656794], ([0.00175079 0.00228793 0.00187534]) 	 loss 7.178E-01 	 horizons 19.0
step 8803 	 return [0.0049717  0.00749954 0.00698726], ([0.00244734 0.00137798 0.00135248]) 	 loss 7.027E-01 	 horizons 19.0
step 8993 	 return [0.00423558 0.00909769 0.009068  ], ([0.00180011 0.00156828 0.0010599 ]) 	 loss 7.088E-01 	 horizons 19.0
step 9183 	 return [0.00367913 0.00840544 0.00731217], ([0.00139215 0.00251439 0.00228623]) 	 loss 6.628E-01 	 horizons 19.0
step 9373 	 return [0.00536254 0.00942487 0.00615464], ([0.00160536 0.00198452 0.00180955]) 	 loss 7.059E-01 	 horizons 19.0
step 9563 	 return [0.00453601 0.00933862 0.00790952], ([0.00212773 0.00133303 0.00152874]) 	 loss 6.974E-01 	 horizons 19.0
step 9753 	 return [0.00511316 0.00918487 0.00866119], ([0.00256804 0.00163989 0.00123543]) 	 loss 6.838E-01 	 horizons 19.0
step 9943 	 return [0.00563217 0.00906509 0.00780889], ([0.00176594 0.00182264 0.00204729]) 	 loss 6.461E-01 	 horizons 19.0
step 10133 	 return [0.00510307 0.00982752 0.00711269], ([0.00151391 0.00184993 0.00150025]) 	 loss 6.645E-01 	 horizons 19.0
step 10323 	 return [0.00596752 0.00919535 0.00671079], ([0.0017306  0.00292214 0.00310264]) 	 loss 6.850E-01 	 horizons 19.0
step 10513 	 return [0.00397265 0.00956799 0.00835842], ([0.00207037 0.00116243 0.00172663]) 	 loss 6.493E-01 	 horizons 19.0
step 10703 	 return [0.00580113 0.01014854 0.0072721 ], ([0.00214441 0.00182612 0.00228586]) 	 loss 6.270E-01 	 horizons 19.0
step 10893 	 return [0.00403395 0.00837346 0.00798745], ([0.00251881 0.00237086 0.00285881]) 	 loss 6.591E-01 	 horizons 19.0
step 11083 	 return [0.0047147  0.00976344 0.00839293], ([0.00183153 0.00149028 0.00107625]) 	 loss 6.096E-01 	 horizons 19.0
step 11273 	 return [0.00516121 0.01049812 0.00832865], ([0.00112018 0.00182486 0.0012978 ]) 	 loss 6.074E-01 	 horizons 19.0
step 11463 	 return [0.00513271 0.00933169 0.00809698], ([0.00206163 0.00079619 0.00242337]) 	 loss 5.886E-01 	 horizons 19.0
step 11653 	 return [0.0046995  0.00977224 0.00830932], ([0.00149403 0.00164142 0.00232624]) 	 loss 5.916E-01 	 horizons 19.0
step 11843 	 return [0.00651531 0.00998774 0.00684495], ([0.00300549 0.00173984 0.0022076 ]) 	 loss 5.588E-01 	 horizons 19.0
step 12033 	 return [0.00553867 0.00944561 0.00775778], ([0.00184958 0.00174163 0.00164104]) 	 loss 5.680E-01 	 horizons 19.0
step 12223 	 return [0.00431524 0.00888928 0.00961778], ([0.00172363 0.001207   0.00122222]) 	 loss 5.505E-01 	 horizons 19.0
step 12413 	 return [0.00613025 0.01005042 0.00703612], ([0.00163672 0.00149663 0.00253902]) 	 loss 5.504E-01 	 horizons 19.0
step 12603 	 return [0.00573712 0.00999351 0.0084454 ], ([0.00124318 0.0016444  0.00100364]) 	 loss 5.219E-01 	 horizons 19.0
step 12793 	 return [0.00648366 0.01083043 0.00799115], ([0.0014386  0.00134321 0.00154763]) 	 loss 5.419E-01 	 horizons 19.0
step 12983 	 return [0.00833717 0.01041497 0.00736016], ([0.00210913 0.00129776 0.00227127]) 	 loss 5.330E-01 	 horizons 19.0
step 13173 	 return [0.0059372  0.01029007 0.00772941], ([0.00237717 0.00124962 0.00251761]) 	 loss 5.149E-01 	 horizons 19.0
step 13363 	 return [0.00741297 0.01095878 0.00779032], ([0.00181743 0.00102567 0.00158915]) 	 loss 5.149E-01 	 horizons 19.0
step 13553 	 return [0.00674848 0.00986539 0.0081903 ], ([0.00088234 0.00095529 0.00123669]) 	 loss 5.144E-01 	 horizons 19.0
step 13743 	 return [0.00524397 0.00960138 0.00910733], ([0.00140392 0.001294   0.0010738 ]) 	 loss 4.817E-01 	 horizons 19.0
step 13933 	 return [0.00699221 0.01040935 0.00847021], ([0.00215498 0.00114358 0.00185526]) 	 loss 5.298E-01 	 horizons 19.0
step 14123 	 return [0.00710152 0.01078766 0.00785902], ([0.00135977 0.00103043 0.00151533]) 	 loss 4.901E-01 	 horizons 19.0
step 14313 	 return [0.00689554 0.0097263  0.0084934 ], ([0.00121503 0.00108922 0.00121942]) 	 loss 4.598E-01 	 horizons 19.0
step 14503 	 return [0.00606469 0.00938064 0.00901155], ([0.0007245  0.00134721 0.0012752 ]) 	 loss 4.616E-01 	 horizons 19.0
step 14693 	 return [0.00747451 0.01111845 0.00876818], ([0.00215238 0.00123867 0.0015532 ]) 	 loss 4.462E-01 	 horizons 19.0
step 14883 	 return [0.00701301 0.01104575 0.00878785], ([0.00123234 0.00121572 0.00126083]) 	 loss 4.408E-01 	 horizons 19.0
step 15073 	 return [0.00747078 0.01044688 0.00766042], ([0.00199833 0.00101225 0.00152185]) 	 loss 4.249E-01 	 horizons 19.0
step 15263 	 return [0.00655365 0.01105509 0.00746409], ([0.00058984 0.00081934 0.00096697]) 	 loss 4.138E-01 	 horizons 19.0
step 15453 	 return [0.00618919 0.01157985 0.00857667], ([0.00138855 0.00127523 0.00100165]) 	 loss 4.166E-01 	 horizons 19.0
step 15643 	 return [0.0084152  0.01115045 0.00704387], ([0.0013114  0.0007874  0.00131809]) 	 loss 3.847E-01 	 horizons 19.0
step 15833 	 return [0.00674251 0.01013054 0.00887895], ([0.00129281 0.00075735 0.00153957]) 	 loss 3.630E-01 	 horizons 19.0
step 16023 	 return [0.00715364 0.0111275  0.00739929], ([0.00134401 0.00124664 0.00147102]) 	 loss 3.753E-01 	 horizons 19.0
step 16213 	 return [0.00667635 0.01133917 0.00802956], ([0.0007993  0.00109454 0.00081031]) 	 loss 3.842E-01 	 horizons 19.0
step 16403 	 return [0.00688994 0.0106986  0.00809882], ([0.00132832 0.00076129 0.00149908]) 	 loss 3.444E-01 	 horizons 19.0
step 16593 	 return [0.00713327 0.0110299  0.00832578], ([0.0008968  0.00161771 0.00114436]) 	 loss 3.551E-01 	 horizons 19.0
step 16783 	 return [0.00969463 0.01115225 0.00675249], ([0.00145052 0.00068078 0.00124599]) 	 loss 3.390E-01 	 horizons 19.0
step 16973 	 return [0.00803585 0.01146332 0.00706066], ([0.00141572 0.00090056 0.00142368]) 	 loss 3.545E-01 	 horizons 19.0
step 17163 	 return [0.00669498 0.01200713 0.00879556], ([0.00072124 0.00162803 0.00113113]) 	 loss 3.460E-01 	 horizons 19.0
step 17353 	 return [0.00862135 0.01127836 0.00714367], ([0.00150529 0.00062901 0.00129332]) 	 loss 3.390E-01 	 horizons 19.0
step 17543 	 return [0.00630623 0.01239415 0.00890838], ([0.00130525 0.00174606 0.00121609]) 	 loss 3.241E-01 	 horizons 19.0
step 17733 	 return [0.01050557 0.01064192 0.00610098], ([0.00072148 0.00046126 0.00057709]) 	 loss 3.366E-01 	 horizons 19.0
step 17923 	 return [0.00795475 0.0122195  0.00707651], ([0.00128924 0.00063497 0.00158137]) 	 loss 3.217E-01 	 horizons 19.0
step 18113 	 return [0.00729881 0.01256514 0.00824124], ([0.00114597 0.0012783  0.00066986]) 	 loss 3.337E-01 	 horizons 19.0
step 18303 	 return [0.0078339  0.01124867 0.007371  ], ([0.00112633 0.00110765 0.00127629]) 	 loss 3.155E-01 	 horizons 19.0
step 18493 	 return [0.01018076 0.01085707 0.00657675], ([0.00098659 0.00073258 0.001061  ]) 	 loss 3.002E-01 	 horizons 19.0
step 18683 	 return [0.00822488 0.01125207 0.00790804], ([0.00111348 0.00083078 0.00151714]) 	 loss 2.892E-01 	 horizons 19.0
step 18873 	 return [0.00741682 0.01201589 0.00871707], ([0.00075598 0.00109785 0.00162928]) 	 loss 3.027E-01 	 horizons 19.0
step 19063 	 return [0.00739078 0.01186666 0.00913252], ([0.00062704 0.00116877 0.0015074 ]) 	 loss 3.004E-01 	 horizons 19.0
step 19253 	 return [0.00723378 0.01107401 0.00836024], ([0.00096871 0.0008759  0.00131422]) 	 loss 2.995E-01 	 horizons 19.0
step 19443 	 return [0.00703904 0.01270377 0.00924347], ([0.0013995  0.00120899 0.00083866]) 	 loss 3.211E-01 	 horizons 19.0
step 19633 	 return [0.00689633 0.01192699 0.00897714], ([0.00096426 0.00128519 0.00115677]) 	 loss 3.274E-01 	 horizons 19.0
step 19823 	 return [0.01069537 0.01063901 0.00522439], ([0.00133641 0.00039182 0.00212142]) 	 loss 3.097E-01 	 horizons 19.0
step 20013 	 return [0.00814744 0.01161993 0.00863878], ([0.00104296 0.0009644  0.00103766]) 	 loss 3.105E-01 	 horizons 19.0
step 20203 	 return [0.0073796  0.01224717 0.0087345 ], ([0.00040934 0.00065152 0.00129097]) 	 loss 3.041E-01 	 horizons 19.0
step 20393 	 return [0.00862507 0.01199075 0.00798131], ([0.00118304 0.00110745 0.00141195]) 	 loss 3.415E-01 	 horizons 19.0
step 20583 	 return [0.00837437 0.01120038 0.00816221], ([0.00120125 0.00120262 0.00176487]) 	 loss 3.031E-01 	 horizons 19.0
step 20773 	 return [0.00760901 0.01208443 0.00845047], ([0.00088319 0.0007244  0.00109641]) 	 loss 2.986E-01 	 horizons 19.0
step 20963 	 return [0.010739   0.01060848 0.00607341], ([0.00110795 0.00044104 0.00122774]) 	 loss 3.073E-01 	 horizons 19.0
step 21153 	 return [0.00743303 0.01154321 0.00918837], ([0.00059266 0.00121577 0.00051207]) 	 loss 2.982E-01 	 horizons 19.0
step 21343 	 return [0.00827522 0.01171206 0.00731405], ([0.00106564 0.0013262  0.00187387]) 	 loss 3.126E-01 	 horizons 19.0
step 21533 	 return [0.00718785 0.0104272  0.00964183], ([0.0006379  0.00096346 0.00096273]) 	 loss 3.027E-01 	 horizons 19.0
step 21723 	 return [0.0067977  0.01194076 0.00929073], ([0.00013389 0.00063472 0.00047713]) 	 loss 2.936E-01 	 horizons 19.0
step 21913 	 return [0.00792623 0.01160335 0.00866304], ([0.00103328 0.00054258 0.00125951]) 	 loss 2.583E-01 	 horizons 19.0
step 22103 	 return [0.00876872 0.01137377 0.00830634], ([0.00134206 0.00070443 0.00168568]) 	 loss 2.765E-01 	 horizons 19.0
step 22293 	 return [0.00800019 0.01257153 0.00920122], ([0.00106811 0.001281   0.0009761 ]) 	 loss 2.718E-01 	 horizons 19.0
step 22483 	 return [0.00842806 0.01105473 0.00782045], ([0.00073578 0.00075186 0.00114832]) 	 loss 2.723E-01 	 horizons 19.0
step 22673 	 return [0.01080288 0.01067669 0.00628456], ([0.00142024 0.00076089 0.00137896]) 	 loss 2.450E-01 	 horizons 19.0
step 22863 	 return [0.00836668 0.01128183 0.00840157], ([0.00063645 0.00059755 0.0011421 ]) 	 loss 2.430E-01 	 horizons 19.0
step 23053 	 return [0.00837111 0.01150089 0.00898646], ([0.00120371 0.00107317 0.00131582]) 	 loss 2.403E-01 	 horizons 19.0
step 23243 	 return [0.00770128 0.01253684 0.00914074], ([0.00108714 0.00079144 0.00063661]) 	 loss 2.190E-01 	 horizons 19.0
step 23433 	 return [0.00731377 0.01100914 0.00944938], ([0.00048375 0.00080429 0.00067492]) 	 loss 2.488E-01 	 horizons 19.0
step 23623 	 return [0.01050455 0.00962146 0.00624237], ([0.00099525 0.00204182 0.00170315]) 	 loss 2.250E-01 	 horizons 19.0
step 23813 	 return [0.00774707 0.01152523 0.00910669], ([0.00067126 0.00080167 0.00055038]) 	 loss 2.364E-01 	 horizons 19.0
step 24003 	 return [0.00872144 0.01144175 0.00848546], ([0.00103003 0.00043974 0.00125893]) 	 loss 2.098E-01 	 horizons 19.0
step 24193 	 return [0.0075923  0.01156031 0.00918329], ([0.00079208 0.00157882 0.00064156]) 	 loss 2.243E-01 	 horizons 19.0
step 24383 	 return [0.00784112 0.01235488 0.00899178], ([0.0009683  0.00124874 0.00077764]) 	 loss 2.343E-01 	 horizons 19.0
step 24573 	 return [0.00969281 0.0114823  0.00757498], ([0.00149365 0.00092085 0.00165879]) 	 loss 2.211E-01 	 horizons 19.0
step 24763 	 return [0.00844609 0.01184443 0.00873087], ([0.00137886 0.00087099 0.00114302]) 	 loss 2.180E-01 	 horizons 19.0
step 24953 	 return [0.00841807 0.01194987 0.00906833], ([0.00078898 0.00073777 0.00050757]) 	 loss 2.232E-01 	 horizons 19.0
step 25143 	 return [0.00988265 0.01053802 0.00751155], ([0.00126918 0.00054854 0.00112404]) 	 loss 2.097E-01 	 horizons 19.0
step 25333 	 return [0.00820286 0.01159921 0.00930385], ([0.00075996 0.00111693 0.00072508]) 	 loss 2.054E-01 	 horizons 19.0
step 25523 	 return [0.00742093 0.01151084 0.00996408], ([0.00078354 0.00087429 0.00065597]) 	 loss 2.207E-01 	 horizons 19.0
step 25713 	 return [0.00772755 0.01013619 0.01012318], ([0.00030666 0.00097751 0.0006859 ]) 	 loss 2.218E-01 	 horizons 19.0
step 25903 	 return [0.00787855 0.01158175 0.00920149], ([0.00088719 0.00064509 0.00098357]) 	 loss 1.958E-01 	 horizons 19.0
step 26093 	 return [0.00766614 0.01189099 0.00929185], ([0.00033339 0.0006291  0.00011028]) 	 loss 1.978E-01 	 horizons 19.0
step 26283 	 return [0.00850651 0.01168479 0.00858696], ([0.00102829 0.00068451 0.00124414]) 	 loss 1.917E-01 	 horizons 19.0
step 26473 	 return [0.00866074 0.01127848 0.00799916], ([0.00114862 0.00111928 0.00174295]) 	 loss 2.142E-01 	 horizons 19.0
step 26663 	 return [0.00609104 0.01211789 0.00989306], ([0.00138304 0.00093402 0.00043042]) 	 loss 2.062E-01 	 horizons 19.0
step 26853 	 return [0.00839416 0.01189055 0.00876846], ([0.00076557 0.00075818 0.00085702]) 	 loss 1.962E-01 	 horizons 19.0
step 27043 	 return [0.00784816 0.01120651 0.00965023], ([0.00031836 0.00079748 0.00071013]) 	 loss 1.996E-01 	 horizons 19.0
step 27233 	 return [0.01049194 0.01045153 0.00597474], ([0.00094235 0.00032531 0.0017095 ]) 	 loss 1.986E-01 	 horizons 19.0
step 27423 	 return [0.00803274 0.01114054 0.00908012], ([0.00101407 0.00076924 0.00084658]) 	 loss 2.106E-01 	 horizons 19.0
step 27613 	 return [0.00993692 0.01112794 0.00734272], ([0.00148929 0.0003673  0.00159219]) 	 loss 2.220E-01 	 horizons 19.0
step 27803 	 return [0.01098757 0.01050489 0.00651941], ([0.0010355  0.00026814 0.00098954]) 	 loss 1.811E-01 	 horizons 19.0
step 27993 	 return [0.00842232 0.01185154 0.00912694], ([0.00080264 0.00075752 0.00046426]) 	 loss 1.827E-01 	 horizons 19.0
step 28183 	 return [0.01005108 0.01175906 0.00772604], ([0.0014026  0.00124009 0.0014373 ]) 	 loss 1.825E-01 	 horizons 19.0
step 28373 	 return [0.00799502 0.01147347 0.00945865], ([0.00025403 0.00058846 0.00152628]) 	 loss 2.003E-01 	 horizons 19.0
step 28563 	 return [0.00824537 0.01180331 0.00900202], ([0.00079711 0.00134495 0.00072697]) 	 loss 2.104E-01 	 horizons 19.0
step 28753 	 return [0.00810815 0.01145923 0.00928612], ([0.00032606 0.00053191 0.00063908]) 	 loss 1.805E-01 	 horizons 19.0
step 28943 	 return [0.00794578 0.01132679 0.00936535], ([0.00023991 0.0003922  0.0004128 ]) 	 loss 1.616E-01 	 horizons 19.0
step 29133 	 return [0.00868204 0.01176363 0.00837925], ([0.00064941 0.00091335 0.0010787 ]) 	 loss 1.483E-01 	 horizons 19.0
step 29323 	 return [0.00935721 0.01157133 0.00795424], ([0.00117017 0.00091614 0.00189594]) 	 loss 1.597E-01 	 horizons 19.0
step 29513 	 return [0.01092768 0.01046806 0.00691494], ([0.00091417 0.00036214 0.00119328]) 	 loss 1.692E-01 	 horizons 19.0
step 29703 	 return [0.00754614 0.01063539 0.0064955 ], ([0.00146702 0.00245127 0.00283017]) 	 loss 1.682E-01 	 horizons 19.0
step 29893 	 return [0.00775749 0.01113086 0.01009806], ([0.00061997 0.00128922 0.00095235]) 	 loss 1.896E-01 	 horizons 19.0
step 30083 	 return [0.0071487  0.01172502 0.00987613], ([0.00083852 0.00094763 0.00078033]) 	 loss 1.678E-01 	 horizons 19.0
[1;34mwandb[0m: 
[1;34mwandb[0m: 🚀 View run [33mmotndp_xian-v0__GCN-xian-g3-spatiotemporal__1024__1781487949[0m at: [34mhttps://wandb.ai/jingyuan-sun03-tu-delft/cl_ablation/runs/kwgj5gnv[0m
[1;34mwandb[0m: Find logs at: [1;35mwandb/run-20260615_034550-kwgj5gnv/logs[0m
