/home/SinJ/mo-transport-network-design/.venv/lib/python3.13/site-packages/pygame/pkgdata.py:25: UserWarning: pkg_resources is deprecated as an API. See https://setuptools.pypa.io/en/latest/pkg_resources.html. The pkg_resources package is slated for removal as early as 2025-11-30. Refrain from using this package or pin to Setuptools<81.
  from pkg_resources import resource_stream, resource_exists
wandb: [wandb.login()] Loaded credentials for https://api.wandb.ai from /home/SinJ/.netrc.
wandb: Currently logged in as: jingyuan-sun03 (jingyuan-sun03-tu-delft) to https://api.wandb.ai. Use `wandb login --relogin` to force relogin
wandb: setting up run 6og3llp8
wandb: Tracking run with wandb version 0.27.2
wandb: Run data is saved locally in /home/SinJ/mo-transport-network-design/wandb/run-20260615_033701-6og3llp8
wandb: Run `wandb offline` to turn off syncing.
wandb: Syncing run motndp_xian-v0__GCN-xian-g3-l0__123__1781487421
wandb: ⭐️ View project at https://wandb.ai/jingyuan-sun03-tu-delft/cl_ablation
wandb: 🚀 View run at https://wandb.ai/jingyuan-sun03-tu-delft/cl_ablation/runs/6og3llp8
/home/SinJ/mo-transport-network-design/morl-baselines/morl_baselines/multi_policy/gcn/gcn.py:151: UserWarning: Creating a tensor from a list of numpy.ndarrays is extremely slow. Please consider converting the list to a single numpy.ndarray with numpy.array() before converting to a tensor. (Triggered internally at /pytorch/torch/csrc/utils/tensor_new.cpp:253.)
  th.tensor(obs).to(self.device),
Namespace(env='xian', nr_groups=3, starting_loc_x=9, starting_loc_y=19, nr_stations=20, lr=0.01, batch_size=256, num_er_episodes=100, num_step_episodes=10, num_model_updates=10, num_policies=10, max_buffer_size=200, nr_layers=1, hidden_dim=128, timesteps=30000, no_log=False, seed=123, cd_threshold=0.2, distance_ref='interpolate2', gcn_lambda=0.0, lambda_schedule='constant', lambda_start=1.0, lambda_end=None, lambda_warmup_fraction=0.0, lambda_freeze_fraction=0.1, spatial_alpha=0.0, include_demand_context=False, criterion='lorenz', nash_mode='pareto_sized', nash_top_k=None, nash_shift=0.0, project_name='cl_ablation', experiment_name='GCN-xian-g3-l0', wandb_entity=None)
step 1949 	 return [0.00267632 0.00305828 0.00228105], ([0.00315004 0.00315074 0.00260629]) 	 loss 1.919E+00 	 horizons 17.6
step 2122 	 return [0.00266564 0.00332402 0.00288555], ([0.00092714 0.00326561 0.00309878]) 	 loss 1.459E+00 	 horizons 17.3
step 2312 	 return [0.00380178 0.00514001 0.00383904], ([0.00134617 0.0027622  0.00262727]) 	 loss 1.129E+00 	 horizons 19.0
step 2502 	 return [0.00389663 0.0044505  0.00436463], ([0.00168884 0.00246717 0.00315628]) 	 loss 1.005E+00 	 horizons 19.0
step 2692 	 return [0.00362959 0.00466512 0.00349747], ([0.00091269 0.00285646 0.0026389 ]) 	 loss 9.445E-01 	 horizons 19.0
step 2882 	 return [0.00317191 0.00562969 0.00464943], ([0.00172746 0.00268702 0.00270421]) 	 loss 9.363E-01 	 horizons 19.0
step 3072 	 return [0.00317646 0.00441233 0.00389888], ([0.00195929 0.00195815 0.0028583 ]) 	 loss 8.572E-01 	 horizons 19.0
step 3262 	 return [0.00237343 0.00530598 0.00467518], ([0.00181872 0.00099125 0.00172811]) 	 loss 8.564E-01 	 horizons 19.0
step 3452 	 return [0.00320621 0.00372336 0.00288269], ([0.00284237 0.00196817 0.00228882]) 	 loss 8.674E-01 	 horizons 19.0
step 3642 	 return [0.00465506 0.00370302 0.00263627], ([0.00159154 0.0021856  0.00251258]) 	 loss 8.237E-01 	 horizons 19.0
step 3832 	 return [0.00277086 0.00556693 0.00508215], ([0.00073457 0.00170953 0.001662  ]) 	 loss 7.932E-01 	 horizons 19.0
step 4022 	 return [0.00235102 0.00504176 0.00535456], ([0.00142125 0.00073937 0.00092764]) 	 loss 8.161E-01 	 horizons 19.0
step 4212 	 return [0.00244612 0.00476175 0.0051444 ], ([0.00159182 0.00162557 0.00182231]) 	 loss 8.217E-01 	 horizons 19.0
step 4402 	 return [0.00353828 0.00433405 0.00366304], ([0.00173679 0.00230593 0.00312609]) 	 loss 8.019E-01 	 horizons 19.0
step 4592 	 return [0.00195751 0.0044865  0.00470282], ([0.00228367 0.00164211 0.00210902]) 	 loss 7.817E-01 	 horizons 19.0
step 4782 	 return [0.002645   0.00573133 0.00611864], ([0.00118083 0.002341   0.00176831]) 	 loss 7.670E-01 	 horizons 19.0
step 4972 	 return [0.00362335 0.00669173 0.00565454], ([0.00218918 0.00187154 0.00211317]) 	 loss 7.578E-01 	 horizons 19.0
step 5162 	 return [0.00475602 0.00561893 0.00363531], ([0.00235103 0.00327066 0.00298148]) 	 loss 7.594E-01 	 horizons 19.0
step 5352 	 return [0.00404098 0.00578441 0.00434282], ([0.00179169 0.00130496 0.00151146]) 	 loss 7.585E-01 	 horizons 19.0
step 5542 	 return [0.00556464 0.00783254 0.00603339], ([0.00212074 0.00142721 0.00120587]) 	 loss 8.052E-01 	 horizons 19.0
step 5732 	 return [0.00477299 0.00652521 0.00491431], ([0.00279169 0.00284341 0.00361299]) 	 loss 7.903E-01 	 horizons 19.0
step 5922 	 return [0.0043937  0.00713803 0.00528708], ([0.00172331 0.00197895 0.00234979]) 	 loss 7.664E-01 	 horizons 19.0
step 6112 	 return [0.00465862 0.00580267 0.0039557 ], ([0.00188074 0.00265984 0.00202716]) 	 loss 7.748E-01 	 horizons 19.0
step 6302 	 return [0.0067837  0.00827706 0.00509139], ([0.00248811 0.0018977  0.00253504]) 	 loss 7.887E-01 	 horizons 19.0
step 6492 	 return [0.00517407 0.00898119 0.00700892], ([0.00203385 0.00143146 0.00111143]) 	 loss 7.985E-01 	 horizons 19.0
step 6682 	 return [0.00408378 0.00730223 0.0057949 ], ([0.00170544 0.00143483 0.00211692]) 	 loss 7.765E-01 	 horizons 19.0
step 6872 	 return [0.00581738 0.00806786 0.00635149], ([0.00171511 0.00173517 0.00197468]) 	 loss 7.617E-01 	 horizons 19.0
step 7062 	 return [0.00447024 0.00758575 0.00681908], ([0.00196268 0.00185784 0.00116342]) 	 loss 7.469E-01 	 horizons 19.0
step 7252 	 return [0.00455915 0.00831918 0.00746109], ([0.00246949 0.00192968 0.0027419 ]) 	 loss 7.540E-01 	 horizons 19.0
step 7442 	 return [0.00456133 0.00835325 0.00656381], ([0.00257802 0.0023516  0.00255844]) 	 loss 7.748E-01 	 horizons 19.0
step 7632 	 return [0.00415625 0.00814183 0.0077318 ], ([0.00190949 0.00134904 0.00154733]) 	 loss 7.311E-01 	 horizons 19.0
step 7822 	 return [0.00587136 0.00941907 0.00712291], ([0.00152717 0.00203513 0.00149729]) 	 loss 7.325E-01 	 horizons 19.0
step 8012 	 return [0.00487814 0.00926191 0.00726843], ([0.00153782 0.00209855 0.00225793]) 	 loss 7.175E-01 	 horizons 19.0
step 8202 	 return [0.00530999 0.01032021 0.00728264], ([0.00179474 0.00107073 0.000669  ]) 	 loss 7.266E-01 	 horizons 19.0
step 8392 	 return [0.00636369 0.00913358 0.00521227], ([0.00204008 0.00303456 0.00233802]) 	 loss 7.160E-01 	 horizons 19.0
step 8582 	 return [0.00653468 0.01003485 0.00667792], ([0.00181066 0.00145291 0.00284538]) 	 loss 7.211E-01 	 horizons 19.0
step 8772 	 return [0.00593519 0.01020191 0.00868682], ([0.00153512 0.00099361 0.00118524]) 	 loss 6.950E-01 	 horizons 19.0
step 8962 	 return [0.00627295 0.00997909 0.00756221], ([0.00141683 0.00125273 0.00159087]) 	 loss 7.123E-01 	 horizons 19.0
step 9152 	 return [0.00715445 0.00946188 0.00575176], ([0.00260071 0.00200171 0.00227346]) 	 loss 6.879E-01 	 horizons 19.0
step 9342 	 return [0.00624631 0.00997699 0.00789937], ([0.00131704 0.00082205 0.0014253 ]) 	 loss 6.627E-01 	 horizons 19.0
step 9532 	 return [0.00563833 0.00847874 0.00729102], ([0.00192747 0.00180986 0.00181636]) 	 loss 6.617E-01 	 horizons 19.0
step 9722 	 return [0.00586046 0.0100111  0.0082717 ], ([0.00149486 0.00179768 0.00189351]) 	 loss 6.719E-01 	 horizons 19.0
step 9912 	 return [0.00610421 0.00971693 0.0070837 ], ([0.00189156 0.00122852 0.00131464]) 	 loss 6.497E-01 	 horizons 19.0
step 10102 	 return [0.00722834 0.01090457 0.00720664], ([0.00195263 0.00169107 0.00113709]) 	 loss 6.563E-01 	 horizons 19.0
step 10292 	 return [0.0068205  0.01117065 0.00699284], ([0.00149737 0.0007704  0.00191321]) 	 loss 6.427E-01 	 horizons 19.0
step 10482 	 return [0.00606819 0.00871952 0.00604884], ([0.00180117 0.00314343 0.00251295]) 	 loss 6.243E-01 	 horizons 19.0
step 10672 	 return [0.00688651 0.00960337 0.00734432], ([0.00221565 0.00094869 0.00234886]) 	 loss 6.143E-01 	 horizons 19.0
step 10862 	 return [0.00673519 0.01114552 0.00770751], ([0.00185944 0.00227606 0.00177029]) 	 loss 6.178E-01 	 horizons 19.0
step 11052 	 return [0.00710109 0.01112796 0.00711764], ([0.00160208 0.00101323 0.00224655]) 	 loss 5.972E-01 	 horizons 19.0
step 11242 	 return [0.00603198 0.01168946 0.00794599], ([0.00155202 0.00146493 0.00149956]) 	 loss 5.831E-01 	 horizons 19.0
step 11432 	 return [0.00754002 0.01140957 0.00714618], ([0.00105747 0.00106338 0.00224192]) 	 loss 5.462E-01 	 horizons 19.0
step 11622 	 return [0.00661785 0.01109405 0.00839242], ([0.00099208 0.0013867  0.00158595]) 	 loss 5.593E-01 	 horizons 19.0
step 11812 	 return [0.00807484 0.01232798 0.00602335], ([0.00102098 0.00112464 0.00073806]) 	 loss 5.096E-01 	 horizons 19.0
step 12002 	 return [0.00732715 0.01129572 0.00720779], ([0.00059941 0.0012704  0.00124016]) 	 loss 5.347E-01 	 horizons 19.0
step 12192 	 return [0.00803892 0.01185445 0.00614331], ([0.00071467 0.00080027 0.00111653]) 	 loss 5.067E-01 	 horizons 19.0
step 12382 	 return [0.00750889 0.01222874 0.00728515], ([0.00125754 0.00173624 0.00171023]) 	 loss 5.033E-01 	 horizons 19.0
step 12572 	 return [0.007768   0.01267193 0.00734887], ([0.00062963 0.00101432 0.00133432]) 	 loss 4.980E-01 	 horizons 19.0
step 12762 	 return [0.00712573 0.01262489 0.00761204], ([0.00109268 0.00134709 0.00117546]) 	 loss 4.611E-01 	 horizons 19.0
step 12952 	 return [0.00791767 0.01117567 0.00804277], ([0.00077824 0.00108825 0.00170759]) 	 loss 4.897E-01 	 horizons 19.0
step 13142 	 return [0.00728954 0.01150734 0.0086119 ], ([0.00076583 0.00130545 0.00121725]) 	 loss 4.744E-01 	 horizons 19.0
step 13332 	 return [0.00729933 0.01089081 0.00831324], ([0.00087323 0.00060674 0.00099251]) 	 loss 4.532E-01 	 horizons 19.0
step 13522 	 return [0.00749449 0.0111082  0.00814953], ([0.00067109 0.00099402 0.0010747 ]) 	 loss 4.502E-01 	 horizons 19.0
step 13712 	 return [0.00750724 0.01200082 0.00752871], ([0.00085501 0.00109104 0.00105454]) 	 loss 4.326E-01 	 horizons 19.0
step 13902 	 return [0.00753061 0.01211194 0.00818955], ([0.00093599 0.00113747 0.00137815]) 	 loss 4.319E-01 	 horizons 19.0
step 14092 	 return [0.00718054 0.01095525 0.0090713 ], ([0.00085294 0.00109223 0.00121494]) 	 loss 4.253E-01 	 horizons 19.0
step 14282 	 return [0.0075861  0.011242   0.00681788], ([0.00084583 0.00131875 0.00151324]) 	 loss 4.232E-01 	 horizons 19.0
step 14472 	 return [0.00746184 0.01139739 0.0087905 ], ([0.00058473 0.00127992 0.00127642]) 	 loss 4.177E-01 	 horizons 19.0
step 14662 	 return [0.00797775 0.01271587 0.00678332], ([0.00081263 0.00089454 0.00111056]) 	 loss 4.187E-01 	 horizons 19.0
step 14852 	 return [0.00783716 0.01228997 0.00744302], ([0.00073651 0.00092914 0.00116286]) 	 loss 3.739E-01 	 horizons 19.0
step 15042 	 return [0.00679907 0.01079179 0.00919142], ([0.00048848 0.00078583 0.0012701 ]) 	 loss 3.810E-01 	 horizons 19.0
step 15232 	 return [0.00840876 0.01285469 0.00642221], ([0.00070889 0.0008753  0.00042571]) 	 loss 4.149E-01 	 horizons 19.0
step 15422 	 return [0.00803277 0.01168742 0.00769089], ([0.00084299 0.00108556 0.00197127]) 	 loss 3.970E-01 	 horizons 19.0
step 15612 	 return [0.00831461 0.0130791  0.00825182], ([0.00084049 0.00109574 0.00119402]) 	 loss 3.747E-01 	 horizons 19.0
step 15802 	 return [0.00770047 0.01130316 0.00899156], ([0.00080757 0.00082905 0.00119361]) 	 loss 3.671E-01 	 horizons 19.0
step 15992 	 return [0.00752475 0.01171156 0.00871239], ([0.00061648 0.00093603 0.00094424]) 	 loss 3.577E-01 	 horizons 19.0
step 16182 	 return [0.00759855 0.01047467 0.00970367], ([0.00073575 0.00136903 0.00200252]) 	 loss 3.750E-01 	 horizons 19.0
step 16372 	 return [0.00822317 0.01305616 0.00751579], ([0.00083227 0.00083501 0.00085931]) 	 loss 3.531E-01 	 horizons 19.0
step 16562 	 return [0.00826165 0.0116814  0.00793142], ([0.00100882 0.00063039 0.00189567]) 	 loss 3.670E-01 	 horizons 19.0
step 16752 	 return [0.00757625 0.01257962 0.00721422], ([0.00069294 0.00058971 0.00096189]) 	 loss 3.636E-01 	 horizons 19.0
step 16942 	 return [0.00805241 0.01119142 0.00883678], ([0.00130341 0.00152868 0.00197489]) 	 loss 3.543E-01 	 horizons 19.0
step 17132 	 return [0.00803431 0.01174465 0.00923162], ([0.00100762 0.00131965 0.00195532]) 	 loss 3.348E-01 	 horizons 19.0
step 17322 	 return [0.00801309 0.01164466 0.00908088], ([0.00079425 0.00109209 0.00093086]) 	 loss 3.468E-01 	 horizons 19.0
step 17512 	 return [0.00812484 0.01149452 0.00821638], ([0.00062701 0.00048991 0.0012146 ]) 	 loss 3.246E-01 	 horizons 19.0
step 17702 	 return [0.00789371 0.01187289 0.00903859], ([0.00053726 0.00087105 0.00130314]) 	 loss 3.228E-01 	 horizons 19.0
step 17892 	 return [0.00776065 0.01136702 0.00963674], ([0.00062235 0.00067351 0.00125585]) 	 loss 3.045E-01 	 horizons 19.0
step 18082 	 return [0.00865468 0.0121977  0.00927357], ([0.00096541 0.00101284 0.00145416]) 	 loss 3.169E-01 	 horizons 19.0
step 18272 	 return [0.00884691 0.01164171 0.00902007], ([0.0007465  0.00127175 0.00162398]) 	 loss 2.890E-01 	 horizons 19.0
step 18462 	 return [0.00880174 0.01214544 0.00788999], ([0.00084628 0.00122434 0.00114756]) 	 loss 3.106E-01 	 horizons 19.0
step 18652 	 return [0.00782619 0.01177014 0.00985647], ([0.00055861 0.00098623 0.001646  ]) 	 loss 2.878E-01 	 horizons 19.0
step 18842 	 return [0.00860197 0.01252987 0.00884229], ([0.00089952 0.00146589 0.00097477]) 	 loss 2.750E-01 	 horizons 19.0
step 19032 	 return [0.00880408 0.0118045  0.01014468], ([0.00066175 0.0010308  0.00213021]) 	 loss 2.664E-01 	 horizons 19.0
step 19222 	 return [0.00824438 0.0124056  0.00918196], ([0.00087034 0.00120277 0.00108145]) 	 loss 2.731E-01 	 horizons 19.0
step 19412 	 return [0.00856636 0.01192136 0.01014939], ([0.00078068 0.00105462 0.00167258]) 	 loss 2.756E-01 	 horizons 19.0
step 19602 	 return [0.00952654 0.0119276  0.00973573], ([0.00051295 0.00129545 0.00225938]) 	 loss 2.588E-01 	 horizons 19.0
step 19792 	 return [0.00815712 0.01208137 0.00984164], ([0.00069846 0.00062668 0.00118935]) 	 loss 2.447E-01 	 horizons 19.0
step 19982 	 return [0.00830654 0.01181829 0.01002732], ([0.00073301 0.00102906 0.00158466]) 	 loss 2.514E-01 	 horizons 19.0
step 20172 	 return [0.00913198 0.01297793 0.00867385], ([0.00093643 0.00157934 0.0012266 ]) 	 loss 2.431E-01 	 horizons 19.0
step 20362 	 return [0.0062617 0.009279  0.0114575], ([0.00091075 0.00105221 0.0013033 ]) 	 loss 2.409E-01 	 horizons 19.0
step 20552 	 return [0.00917993 0.01221934 0.00967604], ([0.00069949 0.00129673 0.00131952]) 	 loss 2.402E-01 	 horizons 19.0
step 20742 	 return [0.00832402 0.01137492 0.01076894], ([0.00071544 0.00100982 0.00197418]) 	 loss 2.449E-01 	 horizons 19.0
step 20932 	 return [0.00935886 0.01172869 0.00995824], ([0.00079421 0.00127933 0.00184841]) 	 loss 2.434E-01 	 horizons 19.0
step 21122 	 return [0.00949195 0.01227302 0.00857796], ([0.00064234 0.00138122 0.00173868]) 	 loss 2.068E-01 	 horizons 19.0
step 21312 	 return [0.00876446 0.01211481 0.00827289], ([0.0004492  0.00058691 0.00067273]) 	 loss 1.958E-01 	 horizons 19.0
step 21502 	 return [0.0080604  0.01046112 0.01115971], ([0.00098014 0.00065386 0.00100075]) 	 loss 1.932E-01 	 horizons 19.0
step 21692 	 return [0.01050591 0.01200746 0.0102472 ], ([0.00017904 0.00023643 0.00059846]) 	 loss 2.004E-01 	 horizons 19.0
step 21882 	 return [0.00755992 0.01137276 0.01154815], ([0.00105293 0.00103874 0.0005311 ]) 	 loss 1.924E-01 	 horizons 19.0
step 22072 	 return [0.00967587 0.01284407 0.00867573], ([0.00073749 0.00088515 0.00113605]) 	 loss 2.022E-01 	 horizons 19.0
step 22262 	 return [0.0090924  0.01200008 0.00969677], ([0.00118304 0.00066869 0.000887  ]) 	 loss 2.011E-01 	 horizons 19.0
step 22452 	 return [0.00941737 0.01217712 0.00992159], ([0.00048619 0.00025866 0.00086838]) 	 loss 2.124E-01 	 horizons 19.0
step 22642 	 return [0.00989253 0.01287211 0.00986334], ([0.00031676 0.00088377 0.0011637 ]) 	 loss 2.039E-01 	 horizons 19.0
step 22832 	 return [0.01013276 0.01258715 0.00988769], ([0.00082575 0.00116398 0.00109718]) 	 loss 2.049E-01 	 horizons 19.0
step 23022 	 return [0.01019621 0.01202763 0.00993727], ([0.00034258 0.0009386  0.00092888]) 	 loss 2.175E-01 	 horizons 19.0
step 23212 	 return [0.01045029 0.01270018 0.01049275], ([3.8271138e-04 7.0115039e-04 9.5423384e-05]) 	 loss 1.957E-01 	 horizons 19.0
step 23402 	 return [0.01027447 0.01231975 0.01036188], ([0.00032639 0.00054386 0.00026116]) 	 loss 2.130E-01 	 horizons 19.0
step 23592 	 return [0.0103493  0.01212845 0.01042403], ([3.2570568e-04 3.2043306e-04 2.7423632e-05]) 	 loss 2.124E-01 	 horizons 19.0
step 23782 	 return [0.00987483 0.01337322 0.00890782], ([0.00062995 0.00136668 0.00159222]) 	 loss 2.015E-01 	 horizons 19.0
step 23972 	 return [0.01017488 0.01193334 0.01045932], ([0.00053463 0.00048982 0.00079193]) 	 loss 2.053E-01 	 horizons 19.0
step 24162 	 return [0.01006546 0.01203999 0.0103777 ], ([0.00027987 0.00065952 0.00030506]) 	 loss 1.842E-01 	 horizons 19.0
step 24352 	 return [0.01032931 0.01329477 0.01052179], ([3.1596268e-04 7.8292046e-04 8.8237015e-05]) 	 loss 1.646E-01 	 horizons 19.0
step 24542 	 return [0.01030706 0.01234025 0.01039837], ([0.00038406 0.00066359 0.00026379]) 	 loss 1.709E-01 	 horizons 19.0
step 24732 	 return [0.01054589 0.01291668 0.01023833], ([0.00027786 0.00075592 0.00056559]) 	 loss 1.760E-01 	 horizons 19.0
step 24922 	 return [0.01059715 0.0120471  0.01038186], ([0.00016349 0.00065661 0.0002666 ]) 	 loss 1.681E-01 	 horizons 19.0
step 25112 	 return [0.0098136  0.01292025 0.01040118], ([3.4343437e-04 3.2223083e-04 7.2721035e-05]) 	 loss 1.555E-01 	 horizons 19.0
step 25302 	 return [0.01060518 0.01350065 0.01029901], ([0.00033745 0.00053428 0.0004556 ]) 	 loss 1.453E-01 	 horizons 19.0
step 25492 	 return [0.00994797 0.01239966 0.01042905], ([3.4990697e-04 3.2322487e-04 2.6558588e-05]) 	 loss 1.337E-01 	 horizons 19.0
step 25682 	 return [0.01039897 0.01363846 0.01047711], ([0.00039097 0.00047202 0.00030687]) 	 loss 1.399E-01 	 horizons 19.0
step 25872 	 return [0.01044194 0.01390913 0.01048846], ([0.0002737  0.00021015 0.00030189]) 	 loss 1.265E-01 	 horizons 19.0
step 26062 	 return [0.01052002 0.0133561  0.01057694], ([3.7443155e-04 5.3273496e-04 9.1168404e-05]) 	 loss 1.147E-01 	 horizons 19.0
step 26252 	 return [0.01023458 0.01342576 0.01043101], ([0.00059752 0.00032658 0.00040817]) 	 loss 1.282E-01 	 horizons 19.0
step 26442 	 return [0.0101919  0.01252266 0.0103871 ], ([0.00030391 0.00054687 0.00035875]) 	 loss 1.187E-01 	 horizons 19.0
step 26632 	 return [0.01038738 0.01288998 0.01027387], ([0.00034037 0.00071843 0.00048284]) 	 loss 9.949E-02 	 horizons 19.0
step 26822 	 return [0.01000912 0.01225944 0.010432  ], ([4.1754611e-04 3.3719654e-04 5.0624003e-05]) 	 loss 9.777E-02 	 horizons 19.0
step 27012 	 return [0.01057375 0.01379941 0.01060486], ([2.4939806e-04 1.9418384e-04 2.4985551e-05]) 	 loss 7.489E-02 	 horizons 19.0
step 27202 	 return [0.01058034 0.01346668 0.01055083], ([0.00039255 0.00042037 0.00016381]) 	 loss 1.012E-01 	 horizons 19.0
step 27392 	 return [0.01011525 0.0124815  0.01050066], ([0.00016414 0.00028332 0.00017452]) 	 loss 8.930E-02 	 horizons 19.0
step 27582 	 return [0.01051948 0.01253772 0.01046868], ([0.0001933  0.00068371 0.00035186]) 	 loss 8.313E-02 	 horizons 19.0
step 27772 	 return [0.01057511 0.01367831 0.01061288], ([3.7571380e-04 1.6971868e-04 2.2477843e-05]) 	 loss 8.656E-02 	 horizons 19.0
step 27962 	 return [0.01017074 0.01247778 0.01042805], ([6.669591e-05 6.169936e-05 1.581189e-05]) 	 loss 7.380E-02 	 horizons 19.0
step 28152 	 return [0.01073775 0.01364675 0.0105729 ], ([6.9049522e-05 7.7862700e-05 1.4472399e-04]) 	 loss 7.029E-02 	 horizons 19.0
step 28342 	 return [0.01049826 0.01337108 0.01057786], ([3.7749653e-04 5.3644547e-04 9.1831440e-05]) 	 loss 8.570E-02 	 horizons 19.0
step 28532 	 return [0.01044057 0.01325059 0.01051919], ([0.00042221 0.00059144 0.00033462]) 	 loss 7.016E-02 	 horizons 19.0
step 28722 	 return [0.01057511 0.0136783  0.01061288], ([3.7571380e-04 1.6971870e-04 2.2477841e-05]) 	 loss 7.718E-02 	 horizons 19.0
step 28912 	 return [0.01027456 0.01381657 0.01047198], ([0.00031434 0.00051722 0.00039354]) 	 loss 7.806E-02 	 horizons 19.0
step 29102 	 return [0.01044935 0.01292048 0.01051423], ([3.0051798e-04 5.8854866e-04 9.8719262e-05]) 	 loss 8.670E-02 	 horizons 19.0
step 29292 	 return [0.01015842 0.01237779 0.01056416], ([0.00011248 0.00025135 0.0002591 ]) 	 loss 6.940E-02 	 horizons 19.0
step 29482 	 return [0.01024067 0.01262118 0.01035006], ([0.00014775 0.00040266 0.00025483]) 	 loss 6.307E-02 	 horizons 19.0
step 29672 	 return [0.01076547 0.01365729 0.01062575], ([7.6879754e-05 3.8317405e-05 1.4400110e-05]) 	 loss 6.297E-02 	 horizons 19.0
step 29862 	 return [0.0102212  0.01248153 0.01049857], ([9.9830351e-05 3.8058981e-05 1.9150773e-04]) 	 loss 5.939E-02 	 horizons 19.0
step 30052 	 return [0.01058365 0.01327548 0.0106268 ], ([0.00028289 0.00059459 0.00013946]) 	 loss 6.050E-02 	 horizons 19.0
[1;34mwandb[0m: 
[1;34mwandb[0m: 🚀 View run [33mmotndp_xian-v0__GCN-xian-g3-l0__123__1781487421[0m at: [34mhttps://wandb.ai/jingyuan-sun03-tu-delft/cl_ablation/runs/6og3llp8[0m
[1;34mwandb[0m: Find logs at: [1;35mwandb/run-20260615_033701-6og3llp8/logs[0m
