/home/SinJ/mo-transport-network-design/.venv/lib/python3.13/site-packages/pygame/pkgdata.py:25: UserWarning: pkg_resources is deprecated as an API. See https://setuptools.pypa.io/en/latest/pkg_resources.html. The pkg_resources package is slated for removal as early as 2025-11-30. Refrain from using this package or pin to Setuptools<81.
  from pkg_resources import resource_stream, resource_exists
wandb: [wandb.login()] Loaded credentials for https://api.wandb.ai from /home/SinJ/.netrc.
wandb: Currently logged in as: jingyuan-sun03 (jingyuan-sun03-tu-delft) to https://api.wandb.ai. Use `wandb login --relogin` to force relogin
wandb: setting up run kd4y1k2f
wandb: Tracking run with wandb version 0.27.2
wandb: Run data is saved locally in /home/SinJ/mo-transport-network-design/wandb/run-20260615_033701-kd4y1k2f
wandb: Run `wandb offline` to turn off syncing.
wandb: Syncing run motndp_xian-v0__GCN-xian-g3-l0__456__1781487421
wandb: ⭐️ View project at https://wandb.ai/jingyuan-sun03-tu-delft/cl_ablation
wandb: 🚀 View run at https://wandb.ai/jingyuan-sun03-tu-delft/cl_ablation/runs/kd4y1k2f
/home/SinJ/mo-transport-network-design/morl-baselines/morl_baselines/multi_policy/gcn/gcn.py:151: UserWarning: Creating a tensor from a list of numpy.ndarrays is extremely slow. Please consider converting the list to a single numpy.ndarray with numpy.array() before converting to a tensor. (Triggered internally at /pytorch/torch/csrc/utils/tensor_new.cpp:253.)
  th.tensor(obs).to(self.device),
Namespace(env='xian', nr_groups=3, starting_loc_x=9, starting_loc_y=19, nr_stations=20, lr=0.01, batch_size=256, num_er_episodes=100, num_step_episodes=10, num_model_updates=10, num_policies=10, max_buffer_size=200, nr_layers=1, hidden_dim=128, timesteps=30000, no_log=False, seed=456, cd_threshold=0.2, distance_ref='interpolate2', gcn_lambda=0.0, lambda_schedule='constant', lambda_start=1.0, lambda_end=None, lambda_warmup_fraction=0.0, lambda_freeze_fraction=0.1, spatial_alpha=0.0, include_demand_context=False, criterion='lorenz', nash_mode='pareto_sized', nash_top_k=None, nash_shift=0.0, project_name='cl_ablation', experiment_name='GCN-xian-g3-l0', wandb_entity=None)
step 1898 	 return [0.00276649 0.00402674 0.00319551], ([0.00152937 0.00360278 0.0028215 ]) 	 loss 1.937E+00 	 horizons 17.9
step 2086 	 return [0.00141996 0.00281517 0.00246557], ([0.00102977 0.00188225 0.00254599]) 	 loss 1.407E+00 	 horizons 18.8
step 2271 	 return [0.00297397 0.0041069  0.00254387], ([0.00232334 0.00243121 0.0025645 ]) 	 loss 1.107E+00 	 horizons 18.5
step 2461 	 return [0.004522   0.00502866 0.00287833], ([0.00268823 0.00341364 0.00297994]) 	 loss 1.007E+00 	 horizons 19.0
step 2651 	 return [0.00303772 0.00470304 0.0033064 ], ([0.00256485 0.00237754 0.0024232 ]) 	 loss 9.353E-01 	 horizons 19.0
step 2841 	 return [0.00423456 0.00447512 0.00240688], ([0.0024222  0.00291398 0.00218045]) 	 loss 9.225E-01 	 horizons 19.0
step 3031 	 return [0.00452611 0.00412217 0.0027466 ], ([0.002361   0.00337737 0.00276171]) 	 loss 8.868E-01 	 horizons 19.0
step 3221 	 return [0.00508235 0.00524641 0.00364369], ([0.0020671  0.00196148 0.00142704]) 	 loss 8.555E-01 	 horizons 19.0
step 3411 	 return [0.00424813 0.00464664 0.00264756], ([0.00227661 0.00310985 0.00232334]) 	 loss 8.729E-01 	 horizons 19.0
step 3601 	 return [0.00238766 0.00509866 0.00394157], ([0.00187587 0.00249685 0.00286362]) 	 loss 8.629E-01 	 horizons 19.0
step 3791 	 return [0.002359   0.00497633 0.00496611], ([0.00195419 0.00160546 0.00211703]) 	 loss 8.207E-01 	 horizons 19.0
step 3981 	 return [0.00267034 0.00371555 0.00337981], ([0.00199935 0.00116323 0.00194303]) 	 loss 8.290E-01 	 horizons 19.0
step 4171 	 return [0.00464772 0.00496314 0.00318651], ([0.00218913 0.00316912 0.00277813]) 	 loss 8.003E-01 	 horizons 19.0
step 4361 	 return [0.00603885 0.00701221 0.00347673], ([0.00152801 0.00341983 0.00186485]) 	 loss 7.942E-01 	 horizons 19.0
step 4551 	 return [0.00535825 0.00597165 0.00359491], ([0.00179709 0.00319873 0.00251709]) 	 loss 7.680E-01 	 horizons 19.0
step 4741 	 return [0.00407253 0.0051965  0.00452543], ([0.00213214 0.00240918 0.00233485]) 	 loss 7.432E-01 	 horizons 19.0
step 4931 	 return [0.00492936 0.00670828 0.00445366], ([0.00240643 0.00265433 0.00277316]) 	 loss 7.160E-01 	 horizons 19.0
step 5121 	 return [0.0054564  0.00661115 0.00415838], ([0.00173846 0.00288584 0.00190261]) 	 loss 7.156E-01 	 horizons 19.0
step 5311 	 return [0.00464987 0.0051762  0.00399026], ([0.00198921 0.00260764 0.00274794]) 	 loss 7.281E-01 	 horizons 19.0
step 5501 	 return [0.00552705 0.00724762 0.00390804], ([0.00229339 0.00320642 0.00162823]) 	 loss 7.230E-01 	 horizons 19.0
step 5691 	 return [0.00440888 0.00760025 0.00569594], ([0.00246934 0.00166014 0.00237983]) 	 loss 7.129E-01 	 horizons 19.0
step 5881 	 return [0.00443745 0.00325567 0.00246827], ([0.00148293 0.00156766 0.00185152]) 	 loss 7.506E-01 	 horizons 19.0
step 6071 	 return [0.00482495 0.00516872 0.00367442], ([0.00104768 0.00247921 0.00180738]) 	 loss 7.256E-01 	 horizons 19.0
step 6261 	 return [0.00544076 0.00816285 0.00522273], ([0.00178775 0.00109398 0.00207808]) 	 loss 7.102E-01 	 horizons 19.0
step 6451 	 return [0.00470711 0.00665314 0.00343532], ([0.00141198 0.00248981 0.00177501]) 	 loss 7.330E-01 	 horizons 19.0
step 6641 	 return [0.00464358 0.00863611 0.0059077 ], ([0.00206097 0.00146008 0.00245867]) 	 loss 7.366E-01 	 horizons 19.0
step 6831 	 return [0.00401964 0.00710253 0.00353414], ([0.00183047 0.00206443 0.00220013]) 	 loss 7.053E-01 	 horizons 19.0
step 7021 	 return [0.00437427 0.00613543 0.00326311], ([0.00096952 0.00242671 0.00207714]) 	 loss 6.953E-01 	 horizons 19.0
step 7211 	 return [0.00454213 0.00911847 0.00686717], ([0.00182783 0.0023915  0.00259639]) 	 loss 6.936E-01 	 horizons 19.0
step 7401 	 return [0.00588858 0.00961688 0.00588728], ([0.00188396 0.00154501 0.00126381]) 	 loss 6.956E-01 	 horizons 19.0
step 7591 	 return [0.00542998 0.00789622 0.00521584], ([0.00170884 0.00284566 0.00244478]) 	 loss 6.842E-01 	 horizons 19.0
step 7781 	 return [0.0057439  0.0090114  0.00647552], ([0.00198786 0.00171484 0.00099657]) 	 loss 6.754E-01 	 horizons 19.0
step 7971 	 return [0.00658254 0.00920908 0.00628749], ([0.00227704 0.0025209  0.00183219]) 	 loss 6.652E-01 	 horizons 19.0
step 8161 	 return [0.00659759 0.00919934 0.00567613], ([0.00241916 0.00272146 0.00249447]) 	 loss 6.712E-01 	 horizons 19.0
step 8351 	 return [0.00649948 0.01051586 0.00602599], ([0.00178879 0.00167181 0.00290513]) 	 loss 6.832E-01 	 horizons 19.0
step 8541 	 return [0.00584468 0.00969656 0.00519907], ([0.00206502 0.00204034 0.00122052]) 	 loss 6.489E-01 	 horizons 19.0
step 8731 	 return [0.00731499 0.00995687 0.0050682 ], ([0.00167422 0.00147686 0.00228605]) 	 loss 6.756E-01 	 horizons 19.0
step 8921 	 return [0.00751701 0.01099021 0.00656153], ([0.00155292 0.00178865 0.00190859]) 	 loss 6.613E-01 	 horizons 19.0
step 9111 	 return [0.00467874 0.00927269 0.00554502], ([0.00251511 0.00106069 0.00230143]) 	 loss 6.321E-01 	 horizons 19.0
step 9301 	 return [0.00518908 0.00867798 0.00752624], ([0.0016289  0.00191934 0.00186929]) 	 loss 6.551E-01 	 horizons 19.0
step 9491 	 return [0.00723792 0.01049732 0.00666878], ([0.00178526 0.00170615 0.00140156]) 	 loss 6.464E-01 	 horizons 19.0
step 9681 	 return [0.00593886 0.01032394 0.00623904], ([0.00214334 0.00196731 0.00157145]) 	 loss 6.110E-01 	 horizons 19.0
step 9871 	 return [0.00510816 0.00928882 0.00649363], ([0.00153943 0.00246535 0.00165763]) 	 loss 6.499E-01 	 horizons 19.0
step 10061 	 return [0.00586671 0.00948739 0.00786887], ([0.00250587 0.00158831 0.00242214]) 	 loss 6.249E-01 	 horizons 19.0
step 10251 	 return [0.00563139 0.00917311 0.00822661], ([0.00186001 0.00133635 0.00220484]) 	 loss 6.081E-01 	 horizons 19.0
step 10441 	 return [0.00604532 0.00967057 0.0066017 ], ([0.00211993 0.00242497 0.00213928]) 	 loss 5.821E-01 	 horizons 19.0
step 10631 	 return [0.00819982 0.01114751 0.00440226], ([0.00099253 0.00218405 0.00115709]) 	 loss 6.078E-01 	 horizons 19.0
step 10821 	 return [0.00712323 0.01036462 0.00669675], ([0.00130991 0.00168593 0.00247686]) 	 loss 6.017E-01 	 horizons 19.0
step 11011 	 return [0.0072306  0.01065302 0.00706499], ([0.0014331  0.00185852 0.00238086]) 	 loss 5.984E-01 	 horizons 19.0
step 11201 	 return [0.00683295 0.01005397 0.00714573], ([0.00138463 0.00124868 0.00170696]) 	 loss 5.721E-01 	 horizons 19.0
step 11391 	 return [0.00725141 0.01094965 0.00689419], ([0.00190625 0.00132516 0.00242429]) 	 loss 5.506E-01 	 horizons 19.0
step 11581 	 return [0.00676661 0.00989681 0.0079095 ], ([0.00117295 0.00096695 0.00125533]) 	 loss 5.555E-01 	 horizons 19.0
step 11771 	 return [0.00807119 0.01016145 0.00803738], ([0.00152339 0.00235588 0.00189032]) 	 loss 5.657E-01 	 horizons 19.0
step 11961 	 return [0.00748828 0.01110491 0.00650731], ([0.00126218 0.00145676 0.00239068]) 	 loss 5.825E-01 	 horizons 19.0
step 12151 	 return [0.00636676 0.0098595  0.00907069], ([0.00085855 0.00112487 0.00074667]) 	 loss 5.626E-01 	 horizons 19.0
step 12341 	 return [0.00772825 0.0100523  0.00706547], ([0.00206787 0.00149448 0.00238051]) 	 loss 5.272E-01 	 horizons 19.0
step 12531 	 return [0.00684286 0.01085789 0.00817846], ([0.00094226 0.00125204 0.00171579]) 	 loss 5.301E-01 	 horizons 19.0
step 12721 	 return [0.00741372 0.01148677 0.0077241 ], ([0.00115128 0.00095476 0.00257802]) 	 loss 5.236E-01 	 horizons 19.0
step 12911 	 return [0.00646442 0.00995512 0.00778571], ([0.00153537 0.00110346 0.00179653]) 	 loss 4.956E-01 	 horizons 19.0
step 13101 	 return [0.00736141 0.01106189 0.00781996], ([0.00188701 0.00134764 0.00234529]) 	 loss 4.953E-01 	 horizons 19.0
step 13291 	 return [0.00759799 0.0113352  0.00702417], ([0.00078453 0.00128    0.00151114]) 	 loss 4.948E-01 	 horizons 19.0
step 13481 	 return [0.00721464 0.01144526 0.00829293], ([0.00091639 0.00185406 0.00115674]) 	 loss 5.070E-01 	 horizons 19.0
step 13671 	 return [0.00639375 0.01010964 0.00854065], ([0.00161709 0.00161395 0.00218371]) 	 loss 5.169E-01 	 horizons 19.0
step 13861 	 return [0.00712122 0.01086562 0.00857299], ([0.00243788 0.00101596 0.00274077]) 	 loss 4.899E-01 	 horizons 19.0
step 14051 	 return [0.00767009 0.01042867 0.00934029], ([0.00111304 0.00138321 0.00082732]) 	 loss 4.909E-01 	 horizons 19.0
step 14241 	 return [0.00616105 0.01006294 0.00902444], ([0.00131393 0.00133158 0.0017382 ]) 	 loss 4.741E-01 	 horizons 19.0
step 14431 	 return [0.00785726 0.01197001 0.00883798], ([0.00154561 0.00164052 0.00135064]) 	 loss 4.707E-01 	 horizons 19.0
step 14621 	 return [0.00765767 0.01118997 0.00930563], ([0.00125571 0.00173156 0.0015745 ]) 	 loss 4.561E-01 	 horizons 19.0
step 14811 	 return [0.00752228 0.01112358 0.01008506], ([0.00137018 0.0017832  0.00216367]) 	 loss 4.956E-01 	 horizons 19.0
step 15001 	 return [0.00817204 0.01021693 0.0057945 ], ([0.00223824 0.00344256 0.00300796]) 	 loss 4.591E-01 	 horizons 19.0
step 15191 	 return [0.00731024 0.01100298 0.00860898], ([0.00148703 0.00112363 0.00129737]) 	 loss 4.405E-01 	 horizons 19.0
step 15381 	 return [0.00717191 0.01054856 0.00835308], ([0.00059438 0.00069587 0.0018638 ]) 	 loss 4.440E-01 	 horizons 19.0
step 15571 	 return [0.00734646 0.01075291 0.00870565], ([0.00131229 0.00098864 0.0017147 ]) 	 loss 4.432E-01 	 horizons 19.0
step 15761 	 return [0.00727379 0.01115702 0.01020613], ([0.00165495 0.0009292  0.00093506]) 	 loss 4.088E-01 	 horizons 19.0
step 15951 	 return [0.00732448 0.01066994 0.00886939], ([0.00123493 0.00078076 0.00183455]) 	 loss 4.149E-01 	 horizons 19.0
step 16141 	 return [0.00740306 0.01131701 0.00958638], ([0.00132719 0.00129015 0.00159756]) 	 loss 4.168E-01 	 horizons 19.0
step 16331 	 return [0.00759039 0.01133684 0.00925169], ([0.00106484 0.00135162 0.00130176]) 	 loss 4.269E-01 	 horizons 19.0
step 16521 	 return [0.00841071 0.01164337 0.00923198], ([0.00096462 0.00072849 0.00128813]) 	 loss 4.218E-01 	 horizons 19.0
step 16711 	 return [0.00885702 0.01183632 0.00832259], ([0.00082631 0.000901   0.00166315]) 	 loss 4.203E-01 	 horizons 19.0
step 16901 	 return [0.00725644 0.0110856  0.00929673], ([0.0005932  0.00092276 0.0009782 ]) 	 loss 3.690E-01 	 horizons 19.0
step 17091 	 return [0.00861563 0.01086185 0.01028437], ([0.0012176  0.00126245 0.00101908]) 	 loss 3.833E-01 	 horizons 19.0
step 17281 	 return [0.00841957 0.0111249  0.00892935], ([0.00128561 0.00109499 0.00133195]) 	 loss 3.835E-01 	 horizons 19.0
step 17471 	 return [0.0089292  0.01019744 0.0104622 ], ([0.00127748 0.00118247 0.00286603]) 	 loss 3.681E-01 	 horizons 19.0
step 17661 	 return [0.00919283 0.01216767 0.00862281], ([0.00052915 0.0009965  0.00147982]) 	 loss 3.561E-01 	 horizons 19.0
step 17851 	 return [0.00721058 0.01059984 0.01073313], ([0.00074461 0.00076431 0.00096341]) 	 loss 3.511E-01 	 horizons 19.0
step 18041 	 return [0.00790442 0.01069878 0.01100315], ([0.00085068 0.00093762 0.00153441]) 	 loss 3.360E-01 	 horizons 19.0
step 18231 	 return [0.00913423 0.0120005  0.01066625], ([0.00052281 0.00158364 0.00170693]) 	 loss 3.589E-01 	 horizons 19.0
step 18421 	 return [0.00831209 0.01055111 0.01042001], ([0.00099966 0.00147731 0.00259239]) 	 loss 3.374E-01 	 horizons 19.0
step 18611 	 return [0.0082213  0.01149959 0.01029211], ([0.00119143 0.00120878 0.00134493]) 	 loss 3.455E-01 	 horizons 19.0
step 18801 	 return [0.00706048 0.01044023 0.01112888], ([0.0006825  0.00106725 0.00145893]) 	 loss 3.251E-01 	 horizons 19.0
step 18991 	 return [0.00930763 0.0119663  0.00895616], ([0.00050319 0.00152653 0.00150003]) 	 loss 3.508E-01 	 horizons 19.0
step 19181 	 return [0.00870076 0.01136375 0.01004114], ([0.00083036 0.0014593  0.00164922]) 	 loss 3.159E-01 	 horizons 19.0
step 19371 	 return [0.00838687 0.01116689 0.00888883], ([0.00130579 0.00081628 0.00105856]) 	 loss 2.856E-01 	 horizons 19.0
step 19561 	 return [0.00911537 0.01180631 0.01097873], ([0.00051552 0.00118509 0.00152339]) 	 loss 3.138E-01 	 horizons 19.0
step 19751 	 return [0.00870884 0.01140361 0.00976586], ([0.00074385 0.00115378 0.00121095]) 	 loss 2.941E-01 	 horizons 19.0
step 19941 	 return [0.00930874 0.0114858  0.01012342], ([0.00062363 0.00097626 0.00173827]) 	 loss 2.735E-01 	 horizons 19.0
step 20131 	 return [0.00934741 0.01175397 0.01053347], ([0.00033486 0.00139696 0.00163862]) 	 loss 2.735E-01 	 horizons 19.0
step 20321 	 return [0.00826258 0.0112074  0.01094371], ([0.00077735 0.00133888 0.00187642]) 	 loss 2.874E-01 	 horizons 19.0
step 20511 	 return [0.00918236 0.01100946 0.01071798], ([0.00073488 0.00136817 0.00273095]) 	 loss 2.698E-01 	 horizons 19.0
step 20701 	 return [0.00930645 0.0109536  0.00995519], ([0.00078138 0.00146353 0.00228452]) 	 loss 2.594E-01 	 horizons 19.0
step 20891 	 return [0.00955426 0.0116455  0.01099983], ([0.000426   0.00129146 0.00159882]) 	 loss 2.657E-01 	 horizons 19.0
step 21081 	 return [0.00865928 0.01134913 0.00991913], ([0.0006978  0.00072028 0.00042696]) 	 loss 2.399E-01 	 horizons 19.0
step 21271 	 return [0.00962443 0.01076413 0.01140296], ([0.00044587 0.00064967 0.00137217]) 	 loss 2.385E-01 	 horizons 19.0
step 21461 	 return [0.00918932 0.01258425 0.01016637], ([0.00053223 0.0010339  0.00065174]) 	 loss 2.422E-01 	 horizons 19.0
step 21651 	 return [0.00896697 0.01016505 0.0127166 ], ([0.0002811  0.00056953 0.00077679]) 	 loss 2.282E-01 	 horizons 19.0
step 21841 	 return [0.00939861 0.01131064 0.01043963], ([0.00025188 0.0010401  0.00140192]) 	 loss 2.163E-01 	 horizons 19.0
step 22031 	 return [0.00923075 0.01160831 0.01044192], ([0.00045287 0.00074123 0.00115979]) 	 loss 2.315E-01 	 horizons 19.0
step 22221 	 return [0.0098147  0.01212801 0.01097108], ([0.00021044 0.00095237 0.00124239]) 	 loss 2.152E-01 	 horizons 19.0
step 22411 	 return [0.00951663 0.01092598 0.01112693], ([0.00045782 0.00117353 0.00117471]) 	 loss 2.102E-01 	 horizons 19.0
step 22601 	 return [0.00933045 0.01156487 0.0109825 ], ([0.00039219 0.00046108 0.00108743]) 	 loss 2.017E-01 	 horizons 19.0
step 22791 	 return [0.00949359 0.01062048 0.01147037], ([0.00050348 0.00053555 0.00120508]) 	 loss 2.060E-01 	 horizons 19.0
step 22981 	 return [0.00931949 0.01039748 0.01217351], ([0.00033281 0.00020363 0.00101936]) 	 loss 1.974E-01 	 horizons 19.0
step 23171 	 return [0.0097865  0.0106394  0.01074533], ([0.00043886 0.0006459  0.0008461 ]) 	 loss 1.883E-01 	 horizons 19.0
step 23361 	 return [0.00970685 0.01044301 0.01102287], ([0.0004432  0.00010913 0.00098558]) 	 loss 1.957E-01 	 horizons 19.0
step 23551 	 return [0.00965008 0.01216181 0.01033528], ([0.0001877  0.00070376 0.00134487]) 	 loss 2.117E-01 	 horizons 19.0
step 23741 	 return [0.00961821 0.01280293 0.00990784], ([0.00027737 0.00091882 0.00056716]) 	 loss 1.991E-01 	 horizons 19.0
step 23931 	 return [0.01000594 0.01164106 0.01198333], ([0.00015896 0.00064664 0.0015723 ]) 	 loss 1.968E-01 	 horizons 19.0
step 24121 	 return [0.00976651 0.01313895 0.01018467], ([0.00017987 0.00079406 0.00069156]) 	 loss 1.796E-01 	 horizons 19.0
step 24311 	 return [0.00996697 0.01142219 0.01276543], ([7.4630741e-05 1.8944938e-04 2.0632699e-04]) 	 loss 2.047E-01 	 horizons 19.0
step 24501 	 return [0.0099435  0.01149623 0.01247545], ([0.0001325  0.00023493 0.0007028 ]) 	 loss 1.787E-01 	 horizons 19.0
step 24691 	 return [0.00960536 0.01278676 0.01004704], ([0.00050292 0.00135006 0.00151531]) 	 loss 1.838E-01 	 horizons 19.0
step 24881 	 return [0.00990202 0.01207479 0.01186082], ([0.00021609 0.0009896  0.0011618 ]) 	 loss 1.779E-01 	 horizons 19.0
step 25071 	 return [0.00989199 0.01364456 0.0104398 ], ([0.00028684 0.00102605 0.0003133 ]) 	 loss 1.639E-01 	 horizons 19.0
step 25261 	 return [0.00970307 0.01121448 0.01227637], ([0.00043382 0.00067928 0.00122185]) 	 loss 1.886E-01 	 horizons 19.0
step 25451 	 return [0.00993785 0.01148327 0.01279029], ([0.00013074 0.00044746 0.00021804]) 	 loss 1.812E-01 	 horizons 19.0
step 25641 	 return [0.00972615 0.01300838 0.0099824 ], ([0.00028301 0.00111901 0.00111558]) 	 loss 1.832E-01 	 horizons 19.0
step 25831 	 return [0.00995626 0.01140147 0.01217738], ([0.00023894 0.0004016  0.00120895]) 	 loss 1.670E-01 	 horizons 19.0
step 26021 	 return [0.00964362 0.01410707 0.01032659], ([0.00042988 0.0010314  0.00096551]) 	 loss 1.700E-01 	 horizons 19.0
step 26211 	 return [0.00993684 0.01274203 0.01111955], ([0.00024947 0.00068532 0.00107385]) 	 loss 1.579E-01 	 horizons 19.0
step 26401 	 return [0.00977545 0.01105438 0.0119083 ], ([0.00036013 0.00038849 0.00125267]) 	 loss 1.672E-01 	 horizons 19.0
step 26591 	 return [0.00978243 0.01403641 0.01116758], ([0.00064354 0.001439   0.00139321]) 	 loss 1.957E-01 	 horizons 19.0
step 26781 	 return [0.00988773 0.01304399 0.01092725], ([0.00025599 0.0002891  0.00074652]) 	 loss 1.908E-01 	 horizons 19.0
step 26971 	 return [0.00996859 0.0139457  0.01080433], ([0.00031487 0.00100486 0.00029689]) 	 loss 1.535E-01 	 horizons 19.0
step 27161 	 return [0.01003376 0.0116613  0.01260353], ([0.00024656 0.00077944 0.00049612]) 	 loss 1.568E-01 	 horizons 19.0
step 27351 	 return [0.00998433 0.0145702  0.01103849], ([0.00027406 0.00072087 0.0008314 ]) 	 loss 1.491E-01 	 horizons 19.0
step 27541 	 return [0.01022519 0.01297678 0.01234366], ([0.00031015 0.00077141 0.00022866]) 	 loss 1.445E-01 	 horizons 19.0
step 27731 	 return [0.01005113 0.01343467 0.01203409], ([0.00017111 0.00012351 0.00034633]) 	 loss 1.559E-01 	 horizons 19.0
step 27921 	 return [0.01011906 0.01338822 0.01212402], ([0.000344   0.00083324 0.00094094]) 	 loss 1.624E-01 	 horizons 19.0
step 28111 	 return [0.01010235 0.01464334 0.01062061], ([0.00027241 0.0004516  0.00052001]) 	 loss 1.557E-01 	 horizons 19.0
step 28301 	 return [0.01017886 0.01336811 0.01238937], ([0.00025034 0.00019747 0.00050908]) 	 loss 1.392E-01 	 horizons 19.0
step 28491 	 return [0.00997161 0.01411744 0.01168109], ([0.00051546 0.00072424 0.00103454]) 	 loss 1.359E-01 	 horizons 19.0
step 28681 	 return [0.0102459  0.01318598 0.01214963], ([0.0002598  0.00058604 0.00050316]) 	 loss 1.324E-01 	 horizons 19.0
step 28871 	 return [0.01005202 0.01351513 0.01196818], ([0.0001926  0.00040223 0.00063184]) 	 loss 1.244E-01 	 horizons 19.0
step 29061 	 return [0.01008124 0.01339487 0.01182264], ([0.00028231 0.00045491 0.00096198]) 	 loss 1.338E-01 	 horizons 19.0
step 29251 	 return [0.00985541 0.014714   0.0106607 ], ([0.0001875  0.00056967 0.00075567]) 	 loss 1.444E-01 	 horizons 19.0
step 29441 	 return [0.00968143 0.01267495 0.01224363], ([0.00016948 0.00110022 0.00077339]) 	 loss 1.689E-01 	 horizons 19.0
step 29631 	 return [0.01013574 0.01398694 0.01159465], ([0.00019226 0.00080915 0.00078277]) 	 loss 1.870E-01 	 horizons 19.0
step 29821 	 return [0.01014674 0.01459416 0.0110159 ], ([0.00026531 0.00067506 0.00088799]) 	 loss 1.542E-01 	 horizons 19.0
step 30011 	 return [0.01007165 0.01326092 0.01230296], ([0.00033145 0.00024219 0.0004482 ]) 	 loss 1.637E-01 	 horizons 19.0
[1;34mwandb[0m: 
[1;34mwandb[0m: 🚀 View run [33mmotndp_xian-v0__GCN-xian-g3-l0__456__1781487421[0m at: [34mhttps://wandb.ai/jingyuan-sun03-tu-delft/cl_ablation/runs/kd4y1k2f[0m
[1;34mwandb[0m: Find logs at: [1;35mwandb/run-20260615_033701-kd4y1k2f/logs[0m
