/home/SinJ/mo-transport-network-design/.venv/lib/python3.13/site-packages/pygame/pkgdata.py:25: UserWarning: pkg_resources is deprecated as an API. See https://setuptools.pypa.io/en/latest/pkg_resources.html. The pkg_resources package is slated for removal as early as 2025-11-30. Refrain from using this package or pin to Setuptools<81.
  from pkg_resources import resource_stream, resource_exists
wandb: [wandb.login()] Loaded credentials for https://api.wandb.ai from /home/SinJ/.netrc.
wandb: Currently logged in as: jingyuan-sun03 (jingyuan-sun03-tu-delft) to https://api.wandb.ai. Use `wandb login --relogin` to force relogin
wandb: setting up run f43d1ds8
wandb: Tracking run with wandb version 0.27.2
wandb: Run data is saved locally in /home/SinJ/mo-transport-network-design/wandb/run-20260615_054807-f43d1ds8
wandb: Run `wandb offline` to turn off syncing.
wandb: Syncing run motndp_xian-v0__GCN-xian-g10-spatiotemporal__42__1781495287
wandb: ⭐️ View project at https://wandb.ai/jingyuan-sun03-tu-delft/cl_ablation
wandb: 🚀 View run at https://wandb.ai/jingyuan-sun03-tu-delft/cl_ablation/runs/f43d1ds8
/home/SinJ/mo-transport-network-design/morl-baselines/morl_baselines/multi_policy/gcn/gcn.py:151: UserWarning: Creating a tensor from a list of numpy.ndarrays is extremely slow. Please consider converting the list to a single numpy.ndarray with numpy.array() before converting to a tensor. (Triggered internally at /pytorch/torch/csrc/utils/tensor_new.cpp:253.)
  th.tensor(obs).to(self.device),
Namespace(env='xian', nr_groups=10, starting_loc_x=9, starting_loc_y=19, nr_stations=20, lr=0.01, batch_size=256, num_er_episodes=100, num_step_episodes=10, num_model_updates=10, num_policies=10, max_buffer_size=200, nr_layers=1, hidden_dim=128, timesteps=30000, no_log=False, seed=42, cd_threshold=0.2, distance_ref='interpolate2', gcn_lambda=0.0, lambda_schedule='cosine', lambda_start=1.0, lambda_end=0.0, lambda_warmup_fraction=0.1, lambda_freeze_fraction=0.1, spatial_alpha=0.5, include_demand_context=False, criterion='lorenz', nash_mode='pareto_sized', nash_top_k=None, nash_shift=0.0, project_name='cl_ablation', experiment_name='GCN-xian-g10-spatiotemporal', wandb_entity=None)
step 1936 	 return [0.00119632 0.00283097 0.00327613 0.0050032  0.00293687 0.00513934
 0.00588425 0.00439013 0.00273295 0.00268334], ([0.00186008 0.00369769 0.0025056  0.00434944 0.00276344 0.00553692
 0.00608017 0.0040232  0.00242273 0.00363194]) 	 loss 1.952E+00 	 horizons 18.5
step 2124 	 return [0.00120897 0.00237339 0.00453282 0.00692505 0.00308383 0.00449336
 0.00616473 0.00437107 0.00342719 0.00104678], ([0.00252085 0.00367067 0.00327128 0.00667646 0.00334899 0.00355653
 0.00622096 0.00580995 0.00403208 0.00252478]) 	 loss 1.528E+00 	 horizons 18.8
step 2310 	 return [0.00357525 0.0028707  0.00093462 0.0020827  0.00068293 0.00221327
 0.00127516 0.00125504 0.00140555 0.00059727], ([0.0028895  0.00238601 0.00159174 0.00352225 0.00100185 0.00405286
 0.00252012 0.00162652 0.00404909 0.0009791 ]) 	 loss 1.119E+00 	 horizons 18.6
step 2500 	 return [0.00040682 0.00460497 0.00474889 0.00376958 0.00567987 0.00605604
 0.00491803 0.00314558 0.0037275  0.00530787], ([0.00122047 0.00346269 0.00286329 0.00277945 0.00295643 0.0046129
 0.00451583 0.00262329 0.00195257 0.00324962]) 	 loss 9.922E-01 	 horizons 19.0
step 2683 	 return [0.00163834 0.00471244 0.00339617 0.00219608 0.00247974 0.0023243
 0.00376792 0.00099166 0.00246658 0.00106648], ([0.00225852 0.00367414 0.00353096 0.00217749 0.00410723 0.00227483
 0.00372297 0.00187117 0.00224261 0.00213253]) 	 loss 9.401E-01 	 horizons 18.3
step 2873 	 return [0.00137322 0.00474429 0.00379899 0.00612243 0.00435995 0.00441536
 0.005255   0.00289943 0.00252096 0.00281922], ([0.00317112 0.00354371 0.0031252  0.00331806 0.00374276 0.00342646
 0.00432575 0.00358536 0.00264566 0.00251449]) 	 loss 9.344E-01 	 horizons 19.0
step 3063 	 return [0.00110622 0.00402491 0.00427797 0.00499334 0.00397035 0.00536018
 0.00524913 0.0027869  0.00210379 0.00254202], ([0.00195503 0.00399958 0.00276031 0.00388868 0.00314855 0.00388647
 0.00470521 0.00303636 0.00270752 0.00277156]) 	 loss 8.978E-01 	 horizons 19.0
step 3253 	 return [0.         0.00301418 0.00476909 0.005614   0.00518911 0.00686197
 0.00728733 0.00505079 0.00436849 0.0052335 ], ([0.         0.00380671 0.00320081 0.0043461  0.00475459 0.00255655
 0.00531267 0.00367305 0.00260641 0.00471732]) 	 loss 8.856E-01 	 horizons 19.0
step 3443 	 return [0.0006989  0.00660114 0.00361992 0.00519826 0.00451411 0.00230802
 0.00469457 0.00173139 0.00288437 0.00196034], ([0.00107712 0.00344195 0.00367117 0.00439145 0.00294899 0.00226095
 0.0028581  0.00219488 0.00226166 0.00242792]) 	 loss 8.964E-01 	 horizons 19.0
step 3633 	 return [0.         0.00444155 0.0029812  0.00700999 0.00324032 0.00533859
 0.00760274 0.00651621 0.00711318 0.00468915], ([0.         0.00437321 0.00344755 0.00263663 0.00216751 0.00324767
 0.00416615 0.00404853 0.00330508 0.00412234]) 	 loss 8.421E-01 	 horizons 19.0
step 3794 	 return [5.0146962e-03 1.7824320e-03 1.9236527e-03 7.0248512e-05 3.4712217e-04
 3.8869848e-04 0.0000000e+00 4.2475801e-04 1.8854109e-04 1.1271549e-04], ([0.00282913 0.00361677 0.00210119 0.00021075 0.00070209 0.00078618
 0.         0.00056869 0.00033891 0.00031885]) 	 loss 8.340E-01 	 horizons 16.1
step 3984 	 return [0.00078007 0.00713703 0.00600012 0.00727753 0.00463232 0.00556478
 0.00501094 0.00539692 0.00287481 0.00378579], ([0.00167122 0.00454322 0.00421039 0.00567271 0.00286754 0.00338643
 0.0057188  0.00341362 0.00284694 0.00339922]) 	 loss 8.198E-01 	 horizons 19.0
step 4174 	 return [0.         0.00730164 0.00326119 0.00765838 0.0046159  0.0077981
 0.00751452 0.00569715 0.00382565 0.00558207], ([0.         0.0043956  0.00268162 0.00412259 0.00238727 0.00433567
 0.00519592 0.00258647 0.00324802 0.00310364]) 	 loss 8.488E-01 	 horizons 19.0
step 4364 	 return [0.0007791  0.00652249 0.00660339 0.00490088 0.0055474  0.0063611
 0.00635585 0.00213756 0.00367412 0.00421876], ([0.001671   0.00426166 0.0040776  0.00442141 0.00449184 0.00472981
 0.0051156  0.00280088 0.00331064 0.00374162]) 	 loss 7.692E-01 	 horizons 19.0
step 4554 	 return [0.         0.00378433 0.00528502 0.00425764 0.00704642 0.00475498
 0.00385477 0.00397621 0.00532694 0.0052222 ], ([0.         0.00356595 0.00294272 0.00513102 0.00456899 0.00368626
 0.00333839 0.00457429 0.00392095 0.00343963]) 	 loss 7.806E-01 	 horizons 19.0
step 4729 	 return [4.3562250e-03 7.0152746e-04 1.1738363e-03 2.2580251e-04 7.6374889e-04
 9.4725125e-05 0.0000000e+00 4.8859592e-04 8.8404951e-05 2.8469981e-04], ([0.00169043 0.00091846 0.00114104 0.00038254 0.00088442 0.00021778
 0.         0.000608   0.00017959 0.00054209]) 	 loss 7.516E-01 	 horizons 17.5
step 4919 	 return [0.00026862 0.00625604 0.0056267  0.00660169 0.00660968 0.00587459
 0.00696255 0.00475679 0.00516917 0.00500848], ([0.00080586 0.00480568 0.0030608  0.00373037 0.00479242 0.00427161
 0.00407542 0.00380328 0.00332028 0.00496552]) 	 loss 7.608E-01 	 horizons 19.0
step 5109 	 return [0.         0.00458378 0.00418772 0.00761027 0.00761647 0.00467327
 0.00578745 0.00298547 0.00529371 0.00733794], ([0.         0.00460425 0.00308862 0.00458613 0.00368745 0.00285825
 0.00310516 0.00403324 0.00252382 0.00276188]) 	 loss 7.474E-01 	 horizons 19.0
step 5299 	 return [0.000832   0.00561123 0.00372903 0.00664156 0.00617168 0.00746082
 0.00869009 0.00536738 0.00578778 0.00707204], ([0.00166401 0.00372621 0.00332019 0.00369046 0.00331627 0.00378716
 0.0035487  0.00420763 0.00303442 0.00334884]) 	 loss 7.233E-01 	 horizons 19.0
step 5489 	 return [0.00046614 0.00798109 0.00422311 0.00721398 0.00358398 0.00506752
 0.00466547 0.00325808 0.00241114 0.00408288], ([0.00094536 0.00475431 0.00400637 0.00479974 0.00249498 0.00447345
 0.00474236 0.00308931 0.00274854 0.00419144]) 	 loss 7.210E-01 	 horizons 19.0
step 5679 	 return [0.         0.0050092  0.00495802 0.0084377  0.00420361 0.00671846
 0.00935176 0.00300361 0.00442996 0.00535306], ([0.         0.00532112 0.00443035 0.00336894 0.00307761 0.00317985
 0.00376404 0.00326778 0.00406153 0.00387716]) 	 loss 7.144E-01 	 horizons 19.0
step 5869 	 return [7.6135104e-05 2.1895661e-03 5.9819976e-03 6.2711476e-03 8.3897877e-03
 7.1410844e-03 7.2907098e-03 3.2729208e-03 6.3132830e-03 6.9053071e-03], ([0.00022841 0.00330561 0.00177067 0.00392321 0.00346927 0.0044849
 0.00474125 0.00327263 0.00546754 0.00241555]) 	 loss 6.931E-01 	 horizons 19.0
step 6059 	 return [0.00074787 0.00408302 0.00533564 0.00464984 0.00635103 0.00529251
 0.00717455 0.00671073 0.00608477 0.00399633], ([0.00182474 0.0051804  0.00319198 0.00256419 0.00340029 0.00292266
 0.00572373 0.00312818 0.00422248 0.0034819 ]) 	 loss 6.884E-01 	 horizons 19.0
step 6249 	 return [0.         0.0063539  0.00338112 0.00610772 0.00654331 0.00667233
 0.00794239 0.00294367 0.00506985 0.00552492], ([0.         0.00381184 0.00378232 0.00380361 0.00221983 0.00324197
 0.0052856  0.00474727 0.00302018 0.00191468]) 	 loss 6.812E-01 	 horizons 19.0
step 6439 	 return [0.         0.00442131 0.00356799 0.00610152 0.0071367  0.00731298
 0.00881918 0.0061485  0.00455489 0.00342755], ([0.         0.00349161 0.00267568 0.00282353 0.00469898 0.00308283
 0.00397463 0.00385043 0.00314045 0.00310066]) 	 loss 6.775E-01 	 horizons 19.0
step 6629 	 return [0.         0.0054272  0.00400927 0.00755729 0.00760011 0.00778263
 0.00631696 0.00409769 0.0047796  0.00745239], ([0.         0.00232123 0.00202938 0.00507856 0.00282438 0.00334257
 0.00452157 0.00438644 0.00298643 0.00265723]) 	 loss 6.634E-01 	 horizons 19.0
step 6819 	 return [0.         0.00206828 0.00528452 0.00708397 0.00694205 0.00562384
 0.0097424  0.00477788 0.00672413 0.00383574], ([0.         0.00262859 0.00230616 0.0043503  0.00402858 0.00226531
 0.00338618 0.00323073 0.00343208 0.00304442]) 	 loss 6.679E-01 	 horizons 19.0
step 7009 	 return [0.00098279 0.00854528 0.00428493 0.00583215 0.00408166 0.00602817
 0.00483852 0.00438712 0.0037435  0.00403421], ([0.00204358 0.00173125 0.00314402 0.00383478 0.00413051 0.00387135
 0.00410451 0.00389352 0.00239391 0.00284587]) 	 loss 6.313E-01 	 horizons 19.0
step 7199 	 return [0.00407934 0.00935605 0.00806743 0.00417128 0.00426793 0.00228079
 0.00136401 0.00231272 0.0012259  0.00045405], ([0.00384047 0.00445446 0.00190077 0.00303013 0.00190983 0.00337516
 0.00169392 0.00255586 0.00194639 0.00136215]) 	 loss 6.594E-01 	 horizons 19.0
step 7389 	 return [0.         0.00406921 0.00202188 0.01009376 0.00661019 0.00553921
 0.01010215 0.00743492 0.00764872 0.00566072], ([0.         0.00319473 0.00205715 0.00516089 0.00376817 0.00524893
 0.0038622  0.00299732 0.00216839 0.00256742]) 	 loss 6.086E-01 	 horizons 19.0
step 7579 	 return [0.         0.00811695 0.0037776  0.00486149 0.00666832 0.00728045
 0.00709856 0.00286589 0.0043735  0.00729701], ([0.         0.00314303 0.0034615  0.00381043 0.00218931 0.00421256
 0.0034716  0.00334781 0.00216089 0.00490745]) 	 loss 6.073E-01 	 horizons 19.0
step 7769 	 return [0.         0.00344294 0.00328071 0.01239786 0.0044692  0.00276366
 0.00886573 0.00777097 0.00917364 0.0058974 ], ([0.         0.00361572 0.00380765 0.00323553 0.00264886 0.00188646
 0.00172735 0.00366956 0.00425439 0.00361205]) 	 loss 5.698E-01 	 horizons 19.0
step 7959 	 return [0.00233594 0.00995385 0.00589048 0.00487636 0.00544935 0.00429827
 0.0027138  0.00484156 0.00358598 0.00336802], ([0.00254981 0.00265597 0.00335955 0.00220288 0.00218769 0.00351633
 0.00448432 0.00160295 0.00209924 0.00379646]) 	 loss 5.748E-01 	 horizons 19.0
step 8149 	 return [0.         0.00818339 0.00270886 0.00872825 0.00289501 0.00321433
 0.00630314 0.00342362 0.00404225 0.00292029], ([0.         0.00505126 0.00306411 0.00298533 0.00215639 0.00149632
 0.0032212  0.00294925 0.0038952  0.00290865]) 	 loss 5.459E-01 	 horizons 19.0
step 8339 	 return [9.9426295e-05 5.2276487e-03 4.4843229e-03 8.9105982e-03 5.5887150e-03
 6.2379558e-03 9.0360651e-03 4.3005757e-03 5.9527652e-03 6.3003106e-03], ([0.00029828 0.00392302 0.00294605 0.00266025 0.00316862 0.00275317
 0.00213621 0.00369915 0.00249317 0.00391397]) 	 loss 5.656E-01 	 horizons 19.0
step 8529 	 return [0.         0.00273618 0.00147836 0.00929898 0.00243705 0.00647959
 0.01225716 0.00779248 0.00668715 0.00424449], ([0.         0.00242019 0.00195012 0.00451473 0.00330659 0.00365598
 0.00598734 0.00379219 0.00381023 0.00376073]) 	 loss 5.280E-01 	 horizons 19.0
step 8719 	 return [0.00693469 0.00877613 0.00796179 0.00291556 0.00386957 0.00119528
 0.00069086 0.00197747 0.00072155 0.        ], ([0.00222729 0.00148807 0.00141919 0.0020616  0.00184013 0.00101263
 0.00138363 0.00169892 0.00147763 0.        ]) 	 loss 5.152E-01 	 horizons 19.0
step 8909 	 return [0.00326072 0.01139531 0.00987366 0.00442697 0.00656925 0.00177206
 0.00032584 0.00398916 0.00163167 0.00094649], ([0.00224678 0.00306109 0.00107098 0.00205597 0.00173391 0.0014168
 0.00097751 0.00217205 0.00170133 0.0020501 ]) 	 loss 5.034E-01 	 horizons 19.0
step 9099 	 return [0.         0.00357713 0.00378683 0.00900814 0.00650047 0.00653028
 0.01050989 0.00762284 0.00964052 0.0040306 ], ([0.         0.00165026 0.0014301  0.00408171 0.00329816 0.00276499
 0.00261613 0.00299344 0.00299966 0.00313038]) 	 loss 4.893E-01 	 horizons 19.0
step 9289 	 return [0.00062026 0.00787911 0.00104536 0.00730046 0.00622877 0.00433832
 0.00895418 0.00713734 0.00693363 0.00530046], ([0.00186079 0.00243748 0.00162424 0.00344496 0.00309298 0.00429861
 0.0052676  0.00391394 0.00439022 0.00388461]) 	 loss 4.687E-01 	 horizons 19.0
step 9479 	 return [0.         0.00807181 0.00182786 0.00734879 0.00400939 0.00578556
 0.01161578 0.0057819  0.00556167 0.00562117], ([0.         0.00116445 0.00231817 0.00409497 0.00142054 0.0032871
 0.00378961 0.00494205 0.00320186 0.00264032]) 	 loss 4.681E-01 	 horizons 19.0
step 9669 	 return [0.         0.00047944 0.00807256 0.01387617 0.00335945 0.00643252
 0.0096496  0.00848737 0.00615857 0.00322973], ([0.         0.00143832 0.00239926 0.00421423 0.00238857 0.00309888
 0.00608919 0.00358263 0.00525043 0.00300878]) 	 loss 4.847E-01 	 horizons 19.0
step 9859 	 return [0.00571114 0.01127657 0.00921336 0.004891   0.00487898 0.00094971
 0.0010092  0.00375895 0.00057666 0.        ], ([0.00241629 0.0020753  0.00127683 0.00197866 0.00183132 0.00064467
 0.00154222 0.00241317 0.00115334 0.        ]) 	 loss 4.532E-01 	 horizons 19.0
step 10049 	 return [0.         0.00753564 0.00274347 0.00642333 0.00687521 0.0074355
 0.01156511 0.00384371 0.00671814 0.00707086], ([0.         0.0024828  0.00231029 0.0039464  0.00306613 0.00354414
 0.00424715 0.00492848 0.00310729 0.00438193]) 	 loss 4.284E-01 	 horizons 19.0
step 10239 	 return [0.00528499 0.0107047  0.00915193 0.00472896 0.00503277 0.00097798
 0.00032687 0.00404086 0.00115322 0.        ], ([0.00196706 0.00255303 0.00142133 0.00174416 0.00222845 0.00080147
 0.00098061 0.00191296 0.00141242 0.        ]) 	 loss 4.142E-01 	 horizons 19.0
step 10429 	 return [6.4919665e-03 1.0851574e-02 8.7787388e-03 2.4798650e-03 3.7879578e-03
 1.5223654e-03 3.9833441e-04 1.7599955e-03 5.7878187e-05 0.0000000e+00], ([0.00303114 0.00275792 0.00160995 0.00156746 0.00243921 0.00127151
 0.00100528 0.00224132 0.00017363 0.        ]) 	 loss 4.421E-01 	 horizons 19.0
step 10619 	 return [0.         0.00890545 0.00046013 0.00877709 0.00542497 0.00365327
 0.01313872 0.00813406 0.00747259 0.00440829], ([0.         0.00105661 0.0013804  0.00569974 0.00251548 0.00297703
 0.00388533 0.00268254 0.00266717 0.00222086]) 	 loss 4.123E-01 	 horizons 19.0
step 10809 	 return [0.         0.00144499 0.00362916 0.01461979 0.00484919 0.00406627
 0.01137802 0.00953212 0.00919718 0.00442354], ([0.         0.00230697 0.00316283 0.00289817 0.00218843 0.00205151
 0.00378326 0.00201127 0.0034619  0.00216215]) 	 loss 4.007E-01 	 horizons 19.0
step 10999 	 return [0.0002742  0.00899058 0.00208406 0.00375279 0.00743358 0.00918906
 0.00903467 0.00455713 0.00453657 0.01091764], ([0.0008226  0.00121411 0.00311087 0.00140418 0.00375118 0.00433634
 0.00480737 0.00201768 0.00221445 0.00240338]) 	 loss 3.857E-01 	 horizons 19.0
step 11189 	 return [0.00089866 0.00986957 0.00332512 0.00417793 0.00648148 0.01106484
 0.00499718 0.00496912 0.00587112 0.00572404], ([0.00196056 0.00160129 0.00261457 0.0022319  0.00324611 0.00396013
 0.00198229 0.00209793 0.00318981 0.00289638]) 	 loss 3.626E-01 	 horizons 19.0
step 11379 	 return [0.00064254 0.00975681 0.00677359 0.00376515 0.00450943 0.01196175
 0.00674365 0.00313663 0.0042958  0.00455722], ([0.00192761 0.00139025 0.00297706 0.00197768 0.00202575 0.00419762
 0.00368774 0.00282432 0.00313576 0.00399273]) 	 loss 3.543E-01 	 horizons 19.0
step 11569 	 return [0.00081847 0.00054855 0.00812693 0.00917032 0.00733536 0.00762458
 0.00955964 0.00511081 0.00748852 0.00569572], ([0.0017397  0.00164566 0.00158058 0.00280087 0.00294594 0.00305926
 0.00499445 0.00172517 0.00378714 0.00335543]) 	 loss 3.483E-01 	 horizons 19.0
step 11759 	 return [0.         0.00432008 0.00404947 0.01089753 0.00677822 0.00609292
 0.01023054 0.00798413 0.00873777 0.00435713], ([0.         0.00240474 0.00140276 0.00489881 0.00292021 0.00319525
 0.0030325  0.00251285 0.00199551 0.00266892]) 	 loss 3.317E-01 	 horizons 19.0
step 11949 	 return [0.         0.00923056 0.00571812 0.00293697 0.00449904 0.01273916
 0.00608727 0.00566323 0.00646347 0.00899258], ([0.         0.00066053 0.00028101 0.00012485 0.00136573 0.00127422
 0.00329503 0.00135358 0.00262717 0.0031343 ]) 	 loss 3.309E-01 	 horizons 19.0
step 12139 	 return [0.00785967 0.01029252 0.00812947 0.00324132 0.00424632 0.00108672
 0.00098179 0.00140854 0.00028572 0.        ], ([0.00256347 0.00232579 0.00204025 0.00175375 0.00226557 0.00111634
 0.00149975 0.00175826 0.00085717 0.        ]) 	 loss 3.404E-01 	 horizons 19.0
step 12329 	 return [0.00079264 0.00855537 0.00387014 0.00475127 0.00905376 0.01236741
 0.00776297 0.00432677 0.00476221 0.00479617], ([0.00168451 0.00209922 0.0029843  0.00218884 0.00426221 0.00297001
 0.00315093 0.00219221 0.00278277 0.00459222]) 	 loss 3.198E-01 	 horizons 19.0
step 12519 	 return [9.3452581e-05 9.4639398e-03 4.7750603e-03 5.6226803e-03 4.5498507e-03
 1.1277923e-02 9.5818862e-03 5.3239833e-03 4.5511029e-03 8.4541962e-03], ([0.00028036 0.0022975  0.00196298 0.00394091 0.0018463  0.00432871
 0.0045061  0.00245354 0.00370854 0.00209933]) 	 loss 2.818E-01 	 horizons 19.0
step 12709 	 return [0.         0.0008457  0.00899712 0.01415352 0.00445114 0.01098245
 0.01335231 0.00572367 0.00275711 0.0033875 ], ([0.         0.00155694 0.00320503 0.00589268 0.0037384  0.00254952
 0.00402644 0.00316644 0.0036697  0.00451811]) 	 loss 2.932E-01 	 horizons 19.0
step 12899 	 return [0.         0.00895391 0.00115506 0.00436792 0.00618845 0.01048056
 0.0015569  0.00587466 0.00483204 0.01334764], ([0.         0.0009008  0.00231012 0.00082685 0.00153628 0.00281544
 0.00178304 0.00361534 0.00170058 0.00397637]) 	 loss 2.840E-01 	 horizons 19.0
step 13089 	 return [0.         0.00952131 0.00019718 0.00920163 0.00601751 0.0034609
 0.01397954 0.00957723 0.00973786 0.00280387], ([0.         0.00075086 0.00059155 0.0036608  0.00275705 0.00214488
 0.00409866 0.00326701 0.00247566 0.00284262]) 	 loss 2.799E-01 	 horizons 19.0
step 13279 	 return [0.00172418 0.01086687 0.00826818 0.00408781 0.009444   0.00582379
 0.00221183 0.00260466 0.00352102 0.0051694 ], ([0.00238619 0.0033418  0.00305004 0.00261885 0.00297536 0.00413815
 0.00145377 0.00287706 0.00257928 0.00473961]) 	 loss 2.559E-01 	 horizons 19.0
step 13469 	 return [8.0877785e-03 1.0592892e-02 8.4903454e-03 1.3607864e-03 3.7312508e-03
 1.0948796e-03 9.7364746e-04 0.0000000e+00 5.9262857e-05 0.0000000e+00], ([0.00136199 0.00130323 0.0010745  0.0016331  0.00194742 0.00073354
 0.00148727 0.         0.00017779 0.        ]) 	 loss 2.439E-01 	 horizons 19.0
step 13659 	 return [0.         0.00976897 0.00020419 0.00730328 0.00586416 0.00536106
 0.01546747 0.00926659 0.00851838 0.00474901], ([0.         0.00041458 0.00061256 0.00215132 0.0024659  0.00275626
 0.00280597 0.00290097 0.00421196 0.00298106]) 	 loss 2.424E-01 	 horizons 19.0
step 13849 	 return [0.00782291 0.00990437 0.00846813 0.00206883 0.00359322 0.00183822
 0.00044916 0.00111116 0.         0.        ], ([0.00181084 0.00130851 0.00108687 0.00123311 0.00214969 0.0015342
 0.00096592 0.00169763 0.         0.        ]) 	 loss 2.308E-01 	 horizons 19.0
step 14039 	 return [0.00722299 0.00949264 0.00852149 0.00369092 0.00430242 0.00142886
 0.00065944 0.00278354 0.00043095 0.        ], ([0.00227803 0.00131111 0.00123763 0.00188175 0.00252517 0.00142815
 0.00131921 0.0025113  0.00129284 0.        ]) 	 loss 2.143E-01 	 horizons 19.0
step 14229 	 return [0.         0.00988405 0.         0.00529297 0.00716089 0.00596109
 0.02127294 0.00774715 0.00647942 0.00488444], ([0.         0.00022214 0.         0.0022346  0.00154868 0.00226617
 0.00327351 0.00129778 0.00267419 0.00300786]) 	 loss 2.130E-01 	 horizons 19.0
step 14419 	 return [0.         0.00519545 0.00433118 0.00168268 0.01036851 0.01136342
 0.00527639 0.00787799 0.01144572 0.00866632], ([0.         0.00196752 0.00157605 0.00168551 0.00284795 0.00286992
 0.00407811 0.00224044 0.00501499 0.00170838]) 	 loss 2.204E-01 	 horizons 19.0
step 14609 	 return [0.         0.00420394 0.00532111 0.01272888 0.00645092 0.00757151
 0.01151487 0.00676696 0.00752349 0.00610624], ([0.         0.00046234 0.00176986 0.00311977 0.00130279 0.00328269
 0.00242889 0.00303789 0.00128274 0.00317677]) 	 loss 2.220E-01 	 horizons 19.0
step 14799 	 return [0.         0.00501715 0.00489165 0.01507121 0.00385901 0.00456402
 0.00862087 0.00727057 0.00810328 0.00510386], ([0.         0.00133825 0.00054409 0.00179466 0.00324902 0.00156319
 0.00311802 0.00274369 0.0015535  0.00192499]) 	 loss 1.934E-01 	 horizons 19.0
step 14989 	 return [0.00149349 0.01172495 0.00063482 0.0074564  0.00834016 0.00922979
 0.00537407 0.0039515  0.00324517 0.00573965], ([0.00153953 0.00192974 0.00096974 0.00202141 0.00259162 0.00362919
 0.00254613 0.00211306 0.00314184 0.00348579]) 	 loss 1.938E-01 	 horizons 19.0
step 15179 	 return [0.00481838 0.01286331 0.00965701 0.00545458 0.00497871 0.00089513
 0.00064462 0.00580237 0.00141344 0.        ], ([0.00188455 0.00202969 0.00127582 0.00134815 0.00156219 0.00119521
 0.0012896  0.00180394 0.0017822  0.        ]) 	 loss 1.883E-01 	 horizons 19.0
step 15369 	 return [0.00507754 0.01447834 0.00986557 0.00654083 0.00460812 0.00107741
 0.00162653 0.00658201 0.00099752 0.        ], ([0.00190848 0.00207282 0.0015922  0.00092102 0.0018443  0.00122374
 0.00217048 0.00172167 0.00155195 0.        ]) 	 loss 1.678E-01 	 horizons 19.0
step 15559 	 return [0.00578945 0.01529995 0.00997829 0.00628703 0.00490732 0.00115207
 0.00197882 0.0065707  0.00042599 0.        ], ([0.00103913 0.00234974 0.00139795 0.00080517 0.00216437 0.00142412
 0.00161607 0.00187748 0.00127796 0.        ]) 	 loss 1.711E-01 	 horizons 19.0
step 15749 	 return [0.00557745 0.01552705 0.0107263  0.00632291 0.00503465 0.00043726
 0.00229334 0.00755542 0.00060237 0.        ], ([0.00087817 0.00187417 0.00106424 0.00096892 0.0003877  0.00103501
 0.00150135 0.00063419 0.00120474 0.        ]) 	 loss 1.775E-01 	 horizons 19.0
step 15939 	 return [0.00597935 0.01709474 0.01065445 0.00674111 0.00478662 0.00114865
 0.00065483 0.00777299 0.         0.        ], ([3.2676372e-04 8.1507210e-04 8.0380711e-04 1.4574794e-04 1.9867896e-04
 1.4068092e-03 1.3096582e-03 6.1379629e-05 0.0000000e+00 0.0000000e+00]) 	 loss 1.508E-01 	 horizons 19.0
step 16129 	 return [5.3910899e-05 8.0511533e-03 3.4315228e-03 5.8628293e-03 5.4749646e-03
 9.8500755e-03 1.5263429e-02 6.3602701e-03 7.0063979e-03 7.1384208e-03], ([0.00016173 0.00253971 0.00233867 0.00311162 0.00179841 0.00343794
 0.00376956 0.00276828 0.00225255 0.00351947]) 	 loss 1.440E-01 	 horizons 19.0
step 16319 	 return [0.         0.00944038 0.00583047 0.00294849 0.00420958 0.01390968
 0.00734514 0.00468918 0.00611649 0.00968923], ([0.0000000e+00 1.1865275e-04 1.2924906e-04 2.7780132e-05 1.5139481e-03
 1.6736288e-03 1.4322986e-03 1.0792869e-03 8.4878347e-04 2.6978967e-03]) 	 loss 1.458E-01 	 horizons 19.0
step 16509 	 return [0.         0.00412684 0.00686443 0.01537083 0.00748914 0.00371893
 0.00843386 0.01007493 0.00697379 0.00459353], ([0.         0.00036216 0.00299995 0.00297685 0.00174191 0.00173092
 0.00228247 0.00272758 0.00310999 0.00079044]) 	 loss 1.483E-01 	 horizons 19.0
step 16699 	 return [0.0039043  0.011954   0.00786124 0.00515251 0.00607871 0.00158533
 0.00339157 0.0044683  0.0021827  0.00020003], ([0.00170968 0.00197634 0.00170594 0.00068605 0.00149595 0.00133326
 0.0012293  0.00182273 0.00148143 0.0006001 ]) 	 loss 1.353E-01 	 horizons 19.0
step 16889 	 return [0.00597875 0.0166762  0.01128034 0.00671375 0.00486462 0.
 0.00163707 0.00782651 0.         0.        ], ([3.2615304e-04 8.8079768e-04 1.1067694e-04 1.4998019e-04 2.7600667e-04
 0.0000000e+00 1.6370725e-03 7.0408651e-06 0.0000000e+00 0.0000000e+00]) 	 loss 1.460E-01 	 horizons 19.0
step 17079 	 return [0.         0.00397073 0.00493177 0.01177295 0.00986054 0.00891281
 0.01128261 0.00862293 0.0068311  0.00550255], ([0.         0.0003101  0.00177762 0.00170275 0.00220313 0.00070852
 0.00163052 0.00197935 0.00369974 0.00206738]) 	 loss 1.611E-01 	 horizons 19.0
step 17269 	 return [0.00214174 0.00680654 0.00755579 0.00344581 0.0068182  0.00461535
 0.0055877  0.00460791 0.00454307 0.00320159], ([0.00211655 0.00234044 0.00248654 0.00108829 0.0012043  0.00194553
 0.00311648 0.00150329 0.0027282  0.00177622]) 	 loss 1.303E-01 	 horizons 19.0
step 17459 	 return [0.00773847 0.01090627 0.00903675 0.00076757 0.00513369 0.00140916
 0.00226997 0.         0.         0.        ], ([0.00101827 0.00128814 0.00021845 0.00195932 0.00079218 0.00026834
 0.00148605 0.         0.         0.        ]) 	 loss 1.217E-01 	 horizons 19.0
step 17649 	 return [9.8619043e-05 4.0873284e-03 5.6602373e-03 1.2431718e-02 9.2883063e-03
 7.2679976e-03 9.6492236e-03 7.5527742e-03 7.4950224e-03 4.5938510e-03], ([0.00029586 0.00042794 0.0022998  0.00269291 0.00315519 0.00299361
 0.00231399 0.00220185 0.00391078 0.00277074]) 	 loss 1.219E-01 	 horizons 19.0
step 17839 	 return [6.1391597e-03 1.5532939e-02 1.1186027e-02 6.7570754e-03 3.9492426e-03
 8.7803652e-05 0.0000000e+00 7.6973913e-03 0.0000000e+00 0.0000000e+00], ([9.6612835e-05 1.4058577e-03 4.2112102e-04 2.7181683e-04 9.0947008e-04
 2.6341100e-04 0.0000000e+00 3.8599025e-04 0.0000000e+00 0.0000000e+00]) 	 loss 1.186E-01 	 horizons 19.0
step 18029 	 return [0.         0.00047167 0.00766101 0.00542739 0.0081517  0.01085281
 0.00876433 0.00427724 0.00904101 0.01099882], ([0.         0.00112576 0.00147598 0.0012425  0.00220994 0.00373526
 0.00275001 0.0035293  0.00162287 0.00098354]) 	 loss 1.116E-01 	 horizons 19.0
step 18219 	 return [4.4666020e-05 1.1447027e-03 7.2087483e-03 4.5245085e-03 1.3626118e-02
 7.3225698e-03 1.0686486e-02 3.4645111e-03 8.4247366e-03 7.1184123e-03], ([0.000134   0.00130758 0.00131182 0.00261642 0.0029077  0.00162515
 0.00183173 0.00245671 0.00171995 0.00152075]) 	 loss 1.083E-01 	 horizons 19.0
step 18409 	 return [0.         0.00325813 0.00794169 0.01786975 0.00854332 0.00271149
 0.00787091 0.01151625 0.00526365 0.00526131], ([0.         0.00164331 0.00293873 0.00136351 0.00274842 0.00121813
 0.00201657 0.00170074 0.00152916 0.0007328 ]) 	 loss 1.153E-01 	 horizons 19.0
step 18599 	 return [0.         0.00419032 0.00979395 0.01888278 0.00908898 0.00237091
 0.00780066 0.01234886 0.00563512 0.00488316], ([0.         0.00025514 0.00245264 0.00180738 0.00275484 0.0005132
 0.00223861 0.00060192 0.00133081 0.00033784]) 	 loss 1.230E-01 	 horizons 19.0
step 18789 	 return [0.         0.00956021 0.         0.00537639 0.00860888 0.00630902
 0.0194688  0.00861394 0.00654082 0.00819829], ([0.         0.00051644 0.         0.00308539 0.00245258 0.00257842
 0.00317961 0.00086185 0.00334594 0.00288143]) 	 loss 1.269E-01 	 horizons 19.0
step 18979 	 return [0.         0.00385071 0.00618278 0.01502254 0.00845859 0.00292291
 0.00864595 0.01191356 0.00466753 0.00500871], ([0.0000000e+00 5.2231579e-05 2.7377782e-03 2.0497444e-03 1.9931709e-03
 1.4691467e-03 1.4114669e-03 5.1906129e-04 1.4465734e-03 2.3024119e-04]) 	 loss 1.043E-01 	 horizons 19.0
step 19169 	 return [0.00015317 0.00566888 0.00503855 0.01473964 0.00315907 0.00364195
 0.00879037 0.006006   0.0086116  0.00495552], ([0.00023399 0.00163771 0.00064825 0.00158327 0.00258247 0.00142081
 0.0017136  0.00062851 0.00231127 0.00040465]) 	 loss 1.131E-01 	 horizons 19.0
step 19359 	 return [0.00353156 0.01121567 0.00334899 0.00773649 0.01028511 0.0092541
 0.00716782 0.00280305 0.00051194 0.00423887], ([0.00228634 0.00348468 0.00099255 0.0018147  0.00299343 0.00139187
 0.00207412 0.00089129 0.00153581 0.00359609]) 	 loss 9.534E-02 	 horizons 19.0
step 19549 	 return [0.00398402 0.01361257 0.00257313 0.00814446 0.01082935 0.00899974
 0.00687389 0.00328146 0.         0.00586645], ([0.00178369 0.00101311 0.00038177 0.00098761 0.00184585 0.00154708
 0.00206852 0.00014487 0.         0.00384066]) 	 loss 1.257E-01 	 horizons 19.0
step 19739 	 return [0.         0.00373246 0.008424   0.01888715 0.0067969  0.00433258
 0.00991331 0.00958268 0.00475212 0.00464567], ([0.         0.00125498 0.00282812 0.00253221 0.00182953 0.00088523
 0.00260297 0.00307383 0.00183254 0.00118079]) 	 loss 9.901E-02 	 horizons 19.0
step 19929 	 return [0.         0.00398127 0.00522436 0.01353716 0.00912562 0.00770388
 0.0092183  0.00757969 0.00830012 0.00385989], ([0.         0.00016033 0.00174792 0.00200383 0.00176468 0.00266949
 0.00190596 0.00249974 0.00336327 0.00106554]) 	 loss 8.989E-02 	 horizons 19.0
step 20119 	 return [0.         0.00391412 0.00434658 0.01290686 0.00835699 0.00785695
 0.011159   0.00625703 0.00696416 0.00430795], ([0.0000000e+00 3.9587081e-05 2.5343094e-05 7.5359503e-04 1.2675474e-03
 1.1096360e-03 6.1669358e-04 1.7090987e-03 1.7489782e-03 4.7839712e-04]) 	 loss 9.679E-02 	 horizons 19.0
step 20309 	 return [0.         0.00411849 0.00601476 0.01344226 0.00667474 0.00812093
 0.00991014 0.01038837 0.00348639 0.00443758], ([0.         0.0004484  0.00253287 0.00290392 0.00226652 0.00204943
 0.00261704 0.00216708 0.0039597  0.0021502 ]) 	 loss 9.534E-02 	 horizons 19.0
step 20499 	 return [0.         0.00082204 0.00741976 0.00614819 0.01296437 0.00820022
 0.00951768 0.00730097 0.0108834  0.00746554], ([0.         0.00041377 0.0018664  0.0018144  0.00099298 0.00123466
 0.00147473 0.00172399 0.00174278 0.00073754]) 	 loss 8.367E-02 	 horizons 19.0
step 20689 	 return [0.         0.00190342 0.00592161 0.00519059 0.01378315 0.00742499
 0.01116601 0.00524168 0.01159134 0.00755764], ([0.         0.00190429 0.001228   0.00346721 0.00154795 0.00231124
 0.00188145 0.00183557 0.0023516  0.00126121]) 	 loss 8.631E-02 	 horizons 19.0
step 20879 	 return [0.         0.00384552 0.0043113  0.01045028 0.01244329 0.00865102
 0.01143555 0.0075128  0.01119814 0.00383352], ([0.0000000e+00 4.8553164e-05 4.5192541e-05 1.1210304e-03 9.2486374e-04
 1.8503651e-03 2.2834407e-03 1.6363243e-03 2.1408945e-03 8.0542191e-04]) 	 loss 9.463E-02 	 horizons 19.0
step 21069 	 return [0.         0.00807447 0.00598778 0.0036832  0.00371283 0.01445103
 0.01423731 0.00626402 0.00530083 0.00882691], ([0.         0.00097158 0.0001563  0.00200091 0.00054793 0.00136883
 0.00278434 0.00107354 0.00090438 0.00132457]) 	 loss 1.035E-01 	 horizons 19.0
step 21259 	 return [0.         0.00422371 0.01047709 0.0184709  0.00592863 0.0024785
 0.00949696 0.01253768 0.00551503 0.00473186], ([0.         0.00035292 0.00041324 0.00205167 0.00141862 0.00079299
 0.00073165 0.00042432 0.00146574 0.00030628]) 	 loss 1.045E-01 	 horizons 19.0
step 21449 	 return [0.00015175 0.0052109  0.00511103 0.01320201 0.00528795 0.00285682
 0.00940455 0.00615673 0.01056379 0.0054188 ], ([2.31803133e-04 1.22326275e-03 6.15126919e-04 8.49298522e-05
 1.20735545e-04 7.15758069e-04 1.07034261e-03 9.83447535e-04
 2.30977847e-03 4.81898373e-04]) 	 loss 1.026E-01 	 horizons 19.0
step 21639 	 return [0.         0.00422628 0.00530756 0.00485417 0.01446832 0.00872337
 0.01063204 0.00828971 0.01079018 0.00697899], ([0.         0.00048145 0.00193193 0.00146769 0.00145598 0.00091723
 0.00154362 0.00192787 0.00127504 0.00118812]) 	 loss 8.390E-02 	 horizons 19.0
step 21829 	 return [0.         0.00908441 0.00610887 0.00300615 0.00357106 0.00774221
 0.01884739 0.00948794 0.0055073  0.00934957], ([0.0000000e+00 5.7389028e-04 9.6658725e-05 4.7764162e-05 3.3757558e-05
 1.9596773e-03 2.1793386e-03 1.6334255e-03 2.4018816e-04 1.0659236e-03]) 	 loss 9.658E-02 	 horizons 19.0
step 22019 	 return [0.00145363 0.00636112 0.00648986 0.00487636 0.00594272 0.00497702
 0.00725545 0.00334909 0.00359514 0.0030656 ], ([0.00169185 0.00226566 0.0022506  0.00191386 0.00167953 0.00247261
 0.00196821 0.00191465 0.00209791 0.00053145]) 	 loss 8.227E-02 	 horizons 19.0
step 22209 	 return [0.         0.00425019 0.01053613 0.02083849 0.00938906 0.00277747
 0.00698061 0.01278316 0.00653768 0.00479359], ([0.         0.00023051 0.00209179 0.00247603 0.00279741 0.00119004
 0.0018907  0.00016548 0.00185416 0.00044737]) 	 loss 1.047E-01 	 horizons 19.0
step 22399 	 return [0.00513407 0.00701539 0.0089197  0.00940371 0.00899598 0.00832805
 0.00192597 0.00337101 0.00034588 0.00870659], ([7.8792206e-04 2.1796715e-03 2.3382574e-03 3.0781236e-04 3.6480726e-04
 9.2574954e-04 8.9567460e-05 1.6861441e-04 1.0376533e-03 6.2707863e-05]) 	 loss 1.003E-01 	 horizons 19.0
step 22589 	 return [0.         0.00977102 0.00402735 0.0080921  0.01100796 0.00896779
 0.00885922 0.00387867 0.00509543 0.00396614], ([0.         0.00360532 0.0006448  0.0016619  0.00247078 0.001002
 0.00173334 0.00205378 0.00241034 0.00173173]) 	 loss 7.282E-02 	 horizons 19.0
step 22779 	 return [0.         0.00387914 0.00436475 0.01037413 0.00826669 0.00518951
 0.01118911 0.00814295 0.00659599 0.0076944 ], ([0.0000000e+00 7.5421012e-05 6.6004097e-05 1.0324691e-03 3.0267059e-03
 2.1562474e-03 3.2663101e-03 1.8131416e-03 1.6353824e-03 2.7562317e-03]) 	 loss 8.337E-02 	 horizons 19.0
step 22969 	 return [0.         0.00396458 0.00435703 0.00555503 0.01515465 0.00827814
 0.01145889 0.00882241 0.01136046 0.00722548], ([0.0000000e+00 3.0223103e-04 9.0954918e-06 7.7874929e-04 1.2486408e-03
 9.2944223e-04 1.5151554e-03 1.3219786e-03 1.1404417e-03 5.7621911e-04]) 	 loss 7.332E-02 	 horizons 19.0
step 23159 	 return [0.00481364 0.01260543 0.0031761  0.00719243 0.00943794 0.00858009
 0.00841134 0.00317466 0.         0.00785334], ([0.00160455 0.00288999 0.00083025 0.00131654 0.0009204  0.00090859
 0.00074244 0.0005662  0.         0.00167777]) 	 loss 7.379E-02 	 horizons 19.0
step 23349 	 return [0.         0.00418044 0.00433204 0.01005169 0.01122937 0.00897091
 0.01075421 0.00868001 0.00946907 0.00665138], ([0.0000000e+00 4.8011847e-04 2.3288574e-05 2.2293073e-03 1.8357033e-03
 9.7148633e-04 1.9391713e-03 1.0000004e-03 1.7406779e-03 8.3447446e-04]) 	 loss 5.566E-02 	 horizons 19.0
step 23539 	 return [0.         0.00429011 0.01031002 0.02005496 0.00590689 0.00458466
 0.00976389 0.01129872 0.00354032 0.00482518], ([0.         0.00027241 0.00164643 0.00280584 0.00076762 0.00086868
 0.00113921 0.00211168 0.00094382 0.00116493]) 	 loss 7.027E-02 	 horizons 19.0
step 23729 	 return [0.         0.00420482 0.00504185 0.01299292 0.00803826 0.00878797
 0.01328712 0.0069856  0.00706719 0.00831701], ([0.         0.00024663 0.00070652 0.00226994 0.00152048 0.00176991
 0.00153952 0.00150212 0.00244879 0.00215788]) 	 loss 7.084E-02 	 horizons 19.0
step 23919 	 return [0.00050584 0.00513973 0.00442783 0.01309502 0.00529279 0.00261291
 0.00850894 0.00630713 0.00787871 0.00514413], ([5.8207661e-11 4.6566129e-10 4.6566129e-10 0.0000000e+00 4.6566129e-10
 2.3283064e-10 9.3132257e-10 4.6566129e-10 9.3132257e-10 0.0000000e+00]) 	 loss 5.328E-02 	 horizons 19.0
step 24109 	 return [0.         0.00466346 0.00566513 0.02020853 0.00476056 0.00813919
 0.0103132  0.00714036 0.00633509 0.00563507], ([0.         0.00016417 0.00166454 0.00265989 0.00321406 0.00311572
 0.00386012 0.00352547 0.00226304 0.00299363]) 	 loss 4.814E-02 	 horizons 19.0
step 24299 	 return [5.3665211e-05 7.2025172e-03 3.1831029e-03 1.2984460e-02 4.9657915e-03
 4.9714707e-03 1.1420395e-02 6.5740286e-03 1.0180006e-02 6.0998304e-03], ([0.000161   0.00207764 0.00264828 0.00350192 0.00203679 0.00458449
 0.00224246 0.00137278 0.00234698 0.00258646]) 	 loss 5.168E-02 	 horizons 19.0
step 24489 	 return [0.         0.00386826 0.00436063 0.00555216 0.01601602 0.00845079
 0.01102397 0.00931445 0.01092419 0.00695993], ([0.0000000e+00 2.6166906e-06 4.4866929e-06 5.4116751e-04 5.8404541e-05
 9.3543720e-05 8.5200561e-04 9.2447364e-05 6.9310234e-05 2.3794266e-05]) 	 loss 5.222E-02 	 horizons 19.0
step 24679 	 return [0.00039448 0.00460114 0.00524936 0.0166989  0.00710605 0.00428127
 0.00856199 0.0070836  0.00908718 0.00323692], ([0.00048313 0.0003173  0.00064156 0.00161618 0.00092771 0.00137194
 0.00261804 0.00249064 0.0022955  0.00312179]) 	 loss 5.248E-02 	 horizons 19.0
step 24869 	 return [0.         0.00433553 0.00534306 0.01161098 0.00760075 0.01021486
 0.01203626 0.00717006 0.00680877 0.00974703], ([0.         0.00023722 0.00070402 0.00235902 0.0013799  0.00134033
 0.00231138 0.00136475 0.00155298 0.00136058]) 	 loss 5.264E-02 	 horizons 19.0
step 25059 	 return [0.         0.00970527 0.00426015 0.00737135 0.01128899 0.00860928
 0.01130615 0.00546633 0.00557699 0.00515017], ([0.0000000e+00 3.0904354e-03 2.5457490e-05 1.7556155e-03 1.0784033e-03
 6.7856512e-04 1.6629886e-03 1.4349055e-03 1.1206729e-03 1.0402481e-03]) 	 loss 4.617E-02 	 horizons 19.0
step 25249 	 return [0.         0.01173162 0.00425339 0.00842902 0.01193689 0.0085223
 0.01011106 0.00614271 0.00572102 0.00504404], ([0.000000e+00 9.313226e-10 0.000000e+00 9.313226e-10 0.000000e+00
 9.313226e-10 0.000000e+00 4.656613e-10 0.000000e+00 0.000000e+00]) 	 loss 5.029E-02 	 horizons 19.0
step 25439 	 return [0.00538952 0.00546787 0.0097152  0.00937054 0.00885207 0.00841416
 0.00189299 0.00341716 0.         0.00862899], ([6.6546727e-06 5.8914998e-06 7.3340058e-04 9.9028555e-05 2.3182052e-04
 4.7361257e-04 5.6558772e-05 6.4015389e-06 0.0000000e+00 5.2208918e-05]) 	 loss 3.175E-02 	 horizons 19.0
step 25629 	 return [0.         0.00473373 0.00467045 0.00960684 0.00915525 0.00878688
 0.00920965 0.00862852 0.00988013 0.00690836], ([0.         0.00032559 0.00098948 0.00106644 0.00066286 0.00223445
 0.0020082  0.00076579 0.00147385 0.00109999]) 	 loss 2.866E-02 	 horizons 19.0
step 25819 	 return [0.         0.00991354 0.00397446 0.00892526 0.0104715  0.00899915
 0.00986941 0.0060633  0.00582298 0.00486885], ([0.         0.00283924 0.00138098 0.00162392 0.00219642 0.00187918
 0.00190695 0.00050419 0.00079983 0.00092128]) 	 loss 3.050E-02 	 horizons 19.0
step 26009 	 return [0.00539179 0.00964543 0.00748436 0.00945111 0.00878987 0.00885327
 0.00186553 0.00342634 0.         0.00870739], ([0.0000000e+00 9.3132257e-10 4.6566129e-10 9.3132257e-10 9.3132257e-10
 9.3132257e-10 0.0000000e+00 2.3283064e-10 0.0000000e+00 9.3132257e-10]) 	 loss 2.968E-02 	 horizons 19.0
step 26199 	 return [0.         0.01257365 0.00259101 0.00825517 0.01228708 0.01055855
 0.00706379 0.00458022 0.00257244 0.00318764], ([0.         0.00185043 0.00154659 0.00143925 0.0015836  0.003006
 0.00267315 0.00130774 0.00262041 0.00283313]) 	 loss 2.941E-02 	 horizons 19.0
step 26389 	 return [0.         0.00424875 0.01165847 0.02312812 0.0117434  0.00215356
 0.00544282 0.0127574  0.00626335 0.00500628], ([0.0000000e+00 0.0000000e+00 0.0000000e+00 1.8626451e-09 0.0000000e+00
 2.3283064e-10 4.6566129e-10 9.3132257e-10 0.0000000e+00 0.0000000e+00]) 	 loss 5.590E-02 	 horizons 19.0
step 26579 	 return [0.         0.00462333 0.00435985 0.00575618 0.01442842 0.00909155
 0.01190228 0.00616367 0.01278634 0.00837095], ([0.0000000e+00 5.1139109e-04 5.9854942e-06 7.5299141e-04 1.1593598e-03
 1.3365593e-03 1.8174107e-03 1.9772360e-03 9.3470537e-04 6.7220535e-04]) 	 loss 2.827E-02 	 horizons 19.0
step 26769 	 return [0.         0.00388936 0.00496208 0.01130712 0.01185948 0.00753078
 0.01361737 0.00947782 0.01271521 0.0068011 ], ([0.0000000e+00 1.5497139e-05 1.8070497e-03 5.0460140e-04 9.0522622e-04
 8.3497242e-04 2.8163727e-04 9.2650659e-04 1.3615274e-03 5.2231672e-04]) 	 loss 2.252E-02 	 horizons 19.0
step 26959 	 return [0.         0.00848939 0.00454504 0.01405508 0.0051434  0.00494277
 0.00973257 0.00636232 0.00836436 0.00532618], ([0.         0.0011748  0.00023175 0.00116069 0.00040231 0.00021796
 0.00139943 0.001288   0.00090592 0.0004429 ]) 	 loss 2.162E-02 	 horizons 19.0
step 27149 	 return [9.5979645e-05 7.8072771e-03 5.1312982e-03 1.2829369e-02 7.8519434e-03
 5.7104658e-03 8.3815996e-03 6.1878725e-03 7.2194869e-03 3.9565424e-03], ([0.00028794 0.00274149 0.00057763 0.0010567  0.00105777 0.00134083
 0.00187762 0.00102869 0.00214599 0.00154972]) 	 loss 1.805E-02 	 horizons 19.0
step 27339 	 return [0.00384103 0.00859996 0.00869935 0.0030269  0.00756809 0.00377593
 0.00748893 0.00508349 0.00431042 0.0034331 ], ([4.1102842e-04 2.0373891e-05 1.3011508e-04 2.7308241e-05 3.5608865e-04
 1.0313687e-03 3.2582691e-05 5.2456042e-05 2.5770162e-06 1.4757577e-04]) 	 loss 4.266E-02 	 horizons 19.0
step 27529 	 return [0.00058182 0.00432026 0.00435859 0.0058189  0.00517718 0.0047126
 0.00837823 0.00552085 0.00584827 0.00553025], ([4.7526383e-04 1.9511944e-04 7.1326795e-05 1.3223268e-03 7.6368096e-04
 2.3733294e-03 1.4015883e-03 8.2835043e-04 2.0085471e-03 2.3237714e-03]) 	 loss 1.276E-02 	 horizons 19.0
step 27719 	 return [0.         0.01173162 0.00425339 0.00842902 0.01193689 0.0085223
 0.01011106 0.00614271 0.00572102 0.00504404], ([0.000000e+00 9.313226e-10 0.000000e+00 9.313226e-10 0.000000e+00
 9.313226e-10 0.000000e+00 4.656613e-10 0.000000e+00 0.000000e+00]) 	 loss 2.462E-02 	 horizons 19.0
step 27909 	 return [0.00020316 0.00704179 0.0046068  0.0157128  0.00362541 0.00398886
 0.0103784  0.0063565  0.00780637 0.00524761], ([0.00024881 0.00186305 0.0002856  0.00096098 0.00183123 0.00146562
 0.00122198 0.00053658 0.0008594  0.00039289]) 	 loss 1.403E-02 	 horizons 19.0
step 28099 	 return [0.         0.00443114 0.00586437 0.01615928 0.00694041 0.01002769
 0.01281713 0.00546266 0.00819024 0.00888963], ([0.00000000e+00 9.09006412e-05 5.09471065e-05 1.97378360e-03
 8.88507930e-05 1.53168791e-03 6.10693940e-04 6.10136958e-05
 1.14862516e-04 2.14973203e-04]) 	 loss 1.717E-02 	 horizons 19.0
step 28289 	 return [5.36652115e-05 8.81342404e-03 3.58346710e-03 1.42869875e-02
 5.46157919e-03 4.02022712e-03 1.08748777e-02 7.28473300e-03
 8.95416085e-03 5.23127755e-03], ([0.000161   0.00034333 0.00179203 0.0018068  0.00090351 0.00201038
 0.00108306 0.0014235  0.00191735 0.00063486]) 	 loss 1.471E-02 	 horizons 19.0
step 28479 	 return [0.         0.00403192 0.00993452 0.01368976 0.0100112  0.00654437
 0.01247126 0.01170658 0.01057951 0.0056907 ], ([0.         0.00041099 0.0013953  0.00197774 0.00093258 0.00278881
 0.00284939 0.00139259 0.00137478 0.00159565]) 	 loss 1.104E-02 	 horizons 19.0
step 28669 	 return [0.00538952 0.00546787 0.0097152  0.00937054 0.00885207 0.00841416
 0.00189299 0.00341716 0.         0.00862899], ([6.6546722e-06 5.8914998e-06 7.3340058e-04 9.9028555e-05 2.3182052e-04
 4.7361257e-04 5.6558780e-05 6.4015389e-06 0.0000000e+00 5.2208918e-05]) 	 loss 1.955E-02 	 horizons 19.0
step 28859 	 return [0.00539179 0.00964543 0.00748436 0.00945111 0.00878987 0.00885327
 0.00186553 0.00342634 0.         0.00870739], ([0.0000000e+00 9.3132257e-10 4.6566129e-10 9.3132257e-10 9.3132257e-10
 9.3132257e-10 0.0000000e+00 2.3283064e-10 0.0000000e+00 9.3132257e-10]) 	 loss 1.546E-02 	 horizons 19.0
step 29049 	 return [0.0028268  0.00613445 0.00686013 0.00425016 0.00653464 0.00314931
 0.00784899 0.00499573 0.00449841 0.00374299], ([1.5169750e-03 1.7491849e-03 2.0895721e-03 1.5713595e-03 1.4172796e-03
 6.0098956e-04 6.2013767e-04 9.0869864e-05 2.1335484e-04 4.4155863e-04]) 	 loss 1.238E-02 	 horizons 19.0
step 29239 	 return [0.         0.00399972 0.01069405 0.01633907 0.01080721 0.00372371
 0.01111339 0.01194298 0.00941754 0.00566718], ([0.         0.00015134 0.00049628 0.00234696 0.00082657 0.00078747
 0.00201242 0.00138775 0.0026809  0.00141215]) 	 loss 1.192E-02 	 horizons 19.0
step 29429 	 return [0.         0.00413675 0.00435893 0.00533347 0.01552772 0.00863952
 0.01059427 0.00882382 0.01128954 0.00724952], ([0.0000000e+00 4.3168402e-04 3.3621479e-06 4.2117987e-04 9.1566338e-04
 5.7281717e-04 1.0318900e-03 1.2326573e-03 8.1484881e-04 6.0889707e-04]) 	 loss 8.386E-03 	 horizons 19.0
step 29619 	 return [0.         0.00459308 0.00560904 0.01760313 0.00695519 0.00814254
 0.01307131 0.00700235 0.00712291 0.00823344], ([0.         0.00028317 0.00053762 0.00301892 0.00023422 0.00197586
 0.00267205 0.00250714 0.00197048 0.00162124]) 	 loss 6.700E-03 	 horizons 19.0
step 29809 	 return [0.         0.00931726 0.0045458  0.01601194 0.00402497 0.00529538
 0.01214512 0.00676275 0.00819401 0.00554656], ([0.0000000e+00 4.3397027e-05 1.0601431e-05 2.6992356e-04 1.3416567e-03
 6.1930896e-04 7.6665293e-04 3.9742485e-04 8.9390448e-04 2.6128948e-04]) 	 loss 1.939E-02 	 horizons 19.0
step 29999 	 return [0.         0.00424716 0.01070483 0.01933048 0.01184314 0.00402189
 0.00590765 0.01049207 0.01088168 0.00697237], ([0.0000000e+00 0.0000000e+00 9.3132257e-10 1.8626451e-09 9.3132257e-10
 4.6566129e-10 0.0000000e+00 9.3132257e-10 9.3132257e-10 4.6566129e-10]) 	 loss 9.070E-03 	 horizons 19.0
step 30189 	 return [0.         0.00389586 0.00436567 0.01134288 0.0120446  0.0071252
 0.01366584 0.00967316 0.0135934  0.00697955], ([0.000000e+00 4.656613e-10 4.656613e-10 0.000000e+00 9.313226e-10
 0.000000e+00 0.000000e+00 9.313226e-10 9.313226e-10 9.313226e-10]) 	 loss 1.646E-02 	 horizons 19.0
[1;34mwandb[0m: 
[1;34mwandb[0m: 🚀 View run [33mmotndp_xian-v0__GCN-xian-g10-spatiotemporal__42__1781495287[0m at: [34mhttps://wandb.ai/jingyuan-sun03-tu-delft/cl_ablation/runs/f43d1ds8[0m
[1;34mwandb[0m: Find logs at: [1;35mwandb/run-20260615_054807-f43d1ds8/logs[0m
