/home/SinJ/mo-transport-network-design/.venv/lib/python3.13/site-packages/pygame/pkgdata.py:25: UserWarning: pkg_resources is deprecated as an API. See https://setuptools.pypa.io/en/latest/pkg_resources.html. The pkg_resources package is slated for removal as early as 2025-11-30. Refrain from using this package or pin to Setuptools<81.
  from pkg_resources import resource_stream, resource_exists
wandb: [wandb.login()] Loaded credentials for https://api.wandb.ai from /home/SinJ/.netrc.
wandb: Currently logged in as: jingyuan-sun03 (jingyuan-sun03-tu-delft) to https://api.wandb.ai. Use `wandb login --relogin` to force relogin
wandb: setting up run 8ah4iae0
wandb: Tracking run with wandb version 0.27.2
wandb: Run data is saved locally in /home/SinJ/mo-transport-network-design/wandb/run-20260615_035422-8ah4iae0
wandb: Run `wandb offline` to turn off syncing.
wandb: Syncing run motndp_xian-v0__GCN-xian-g5-l0__456__1781488461
wandb: ⭐️ View project at https://wandb.ai/jingyuan-sun03-tu-delft/cl_ablation
wandb: 🚀 View run at https://wandb.ai/jingyuan-sun03-tu-delft/cl_ablation/runs/8ah4iae0
/home/SinJ/mo-transport-network-design/morl-baselines/morl_baselines/multi_policy/gcn/gcn.py:151: UserWarning: Creating a tensor from a list of numpy.ndarrays is extremely slow. Please consider converting the list to a single numpy.ndarray with numpy.array() before converting to a tensor. (Triggered internally at /pytorch/torch/csrc/utils/tensor_new.cpp:253.)
  th.tensor(obs).to(self.device),
Namespace(env='xian', nr_groups=5, starting_loc_x=9, starting_loc_y=19, nr_stations=20, lr=0.01, batch_size=256, num_er_episodes=100, num_step_episodes=10, num_model_updates=10, num_policies=10, max_buffer_size=200, nr_layers=1, hidden_dim=128, timesteps=30000, no_log=False, seed=456, cd_threshold=0.2, distance_ref='interpolate2', gcn_lambda=0.0, lambda_schedule='constant', lambda_start=1.0, lambda_end=None, lambda_warmup_fraction=0.0, lambda_freeze_fraction=0.1, spatial_alpha=0.0, include_demand_context=False, criterion='lorenz', nash_mode='pareto_sized', nash_top_k=None, nash_shift=0.0, project_name='cl_ablation', experiment_name='GCN-xian-g5-l0', wandb_entity=None)
step 1912 	 return [0.0029007  0.00317344 0.00238017 0.00347186 0.00204385], ([0.00201239 0.00288265 0.00232463 0.00407773 0.00229955]) 	 loss 1.950E+00 	 horizons 18.1
step 2089 	 return [0.00364075 0.00254999 0.00201758 0.00242428 0.0016242 ], ([0.00163539 0.00251143 0.00227387 0.00309702 0.00133814]) 	 loss 1.502E+00 	 horizons 17.7
step 2279 	 return [0.00455585 0.00397885 0.00410302 0.00205143 0.00340298], ([0.00307996 0.00125137 0.00194928 0.00281946 0.00403258]) 	 loss 1.099E+00 	 horizons 19.0
step 2469 	 return [0.00491111 0.00532833 0.00353111 0.00378935 0.00173902], ([0.00459793 0.00274043 0.00200578 0.00405119 0.00260817]) 	 loss 9.850E-01 	 horizons 19.0
step 2659 	 return [0.00247487 0.00435819 0.00487608 0.00481675 0.00464809], ([0.00273683 0.00152941 0.0019073  0.00372834 0.00340772]) 	 loss 9.296E-01 	 horizons 19.0
step 2845 	 return [0.00493937 0.00365466 0.00374209 0.00209428 0.00075245], ([0.00359122 0.00117405 0.00192244 0.00283456 0.00124104]) 	 loss 9.110E-01 	 horizons 18.6
step 3035 	 return [0.00424914 0.00471357 0.00446943 0.00578724 0.0042363 ], ([0.00353411 0.00167143 0.00239442 0.00472712 0.00343833]) 	 loss 9.338E-01 	 horizons 19.0
step 3225 	 return [0.00452464 0.00404688 0.00256758 0.00195285 0.00144744], ([0.00250905 0.00241322 0.00209275 0.00282097 0.00242423]) 	 loss 8.874E-01 	 horizons 19.0
step 3415 	 return [0.00201361 0.00457291 0.00443553 0.004359   0.00303596], ([0.00254202 0.00092142 0.00161907 0.00457544 0.00214416]) 	 loss 8.615E-01 	 horizons 19.0
step 3605 	 return [0.0029677  0.00522841 0.00570318 0.00621503 0.00311491], ([0.00307257 0.00164322 0.00216853 0.00492267 0.00334808]) 	 loss 8.215E-01 	 horizons 19.0
step 3795 	 return [0.00328669 0.00264465 0.00540941 0.00485296 0.00434698], ([0.00320119 0.00171444 0.00272113 0.00366819 0.00229684]) 	 loss 8.292E-01 	 horizons 19.0
step 3985 	 return [0.00294354 0.00497303 0.00569895 0.00580305 0.00426919], ([0.00203968 0.00183277 0.00178065 0.00293191 0.0024285 ]) 	 loss 8.093E-01 	 horizons 19.0
step 4175 	 return [0.00423681 0.00387564 0.00502337 0.00424178 0.00361288], ([0.0027462  0.0020421  0.00244757 0.00283494 0.00310692]) 	 loss 7.909E-01 	 horizons 19.0
step 4365 	 return [0.00259037 0.00566429 0.00709408 0.00747927 0.00524401], ([0.00223034 0.00209227 0.0022734  0.00343755 0.00334602]) 	 loss 7.675E-01 	 horizons 19.0
step 4555 	 return [0.00430274 0.0048941  0.00381948 0.00233827 0.00176518], ([0.00342319 0.00090742 0.00220255 0.00277962 0.00205062]) 	 loss 7.686E-01 	 horizons 19.0
step 4745 	 return [0.00141634 0.00472171 0.0052984  0.00758912 0.00436194], ([0.00147901 0.00243257 0.00134018 0.00513169 0.00226732]) 	 loss 7.427E-01 	 horizons 19.0
step 4935 	 return [0.00258031 0.00553493 0.00513622 0.00547698 0.00368498], ([0.00312334 0.00227153 0.00217293 0.00425051 0.00295066]) 	 loss 7.267E-01 	 horizons 19.0
step 5125 	 return [0.00072562 0.0054707  0.00508153 0.00740441 0.00391807], ([0.0011249  0.00240444 0.00163041 0.0034848  0.00315862]) 	 loss 7.178E-01 	 horizons 19.0
step 5315 	 return [0.00126682 0.00436966 0.00516671 0.0065803  0.0038341 ], ([0.00170733 0.00199809 0.00196547 0.00319689 0.00291032]) 	 loss 7.399E-01 	 horizons 19.0
step 5505 	 return [0.00090578 0.00545348 0.00682087 0.00432194 0.00458085], ([0.00158284 0.00264986 0.002332   0.00523456 0.0012113 ]) 	 loss 7.298E-01 	 horizons 19.0
step 5695 	 return [0.00178336 0.00478454 0.00717585 0.00829848 0.00548159], ([0.00179586 0.00110781 0.00219499 0.00267641 0.00223894]) 	 loss 7.385E-01 	 horizons 19.0
step 5885 	 return [0.00168288 0.00612886 0.00717661 0.00846987 0.00567767], ([0.00175327 0.00206608 0.00149329 0.00445948 0.00202925]) 	 loss 7.503E-01 	 horizons 19.0
step 6075 	 return [0.00166805 0.00579192 0.00598681 0.0047478  0.00520184], ([0.00209215 0.00255547 0.00223121 0.00554584 0.00139691]) 	 loss 7.378E-01 	 horizons 19.0
step 6265 	 return [0.00139808 0.0063748  0.00573168 0.00818985 0.00286662], ([0.00165691 0.00221503 0.0013982  0.00374532 0.00206341]) 	 loss 7.417E-01 	 horizons 19.0
step 6455 	 return [0.00085298 0.00764968 0.00564439 0.00764933 0.00486609], ([0.00103809 0.00248532 0.00236617 0.00382192 0.00384013]) 	 loss 7.538E-01 	 horizons 19.0
step 6645 	 return [0.00126233 0.00825069 0.00804923 0.00914453 0.00558789], ([0.001533   0.00228301 0.00168255 0.00438062 0.00337541]) 	 loss 7.371E-01 	 horizons 19.0
step 6835 	 return [0.0030242  0.00645541 0.00845887 0.0065905  0.00743243], ([0.0021666  0.00269927 0.00160189 0.0045696  0.00344117]) 	 loss 7.685E-01 	 horizons 19.0
step 7025 	 return [0.0018654  0.00767817 0.00754456 0.00740562 0.00593108], ([0.00147828 0.0026474  0.00159897 0.00430831 0.00287582]) 	 loss 7.344E-01 	 horizons 19.0
step 7215 	 return [0.00205188 0.00680159 0.00760814 0.00681801 0.00549101], ([0.001639   0.00209574 0.00134383 0.0038294  0.00265528]) 	 loss 7.456E-01 	 horizons 19.0
step 7405 	 return [0.0029262  0.00512938 0.00660661 0.00522575 0.00429208], ([0.00174145 0.00185258 0.00179308 0.00364144 0.00367648]) 	 loss 7.491E-01 	 horizons 19.0
step 7595 	 return [0.00205079 0.00658899 0.00879697 0.0100513  0.00564375], ([0.00154688 0.00291617 0.00145556 0.00422926 0.00277994]) 	 loss 7.497E-01 	 horizons 19.0
step 7785 	 return [0.00142077 0.00764733 0.00748512 0.01003845 0.00527004], ([0.00144413 0.00206228 0.00267898 0.00244553 0.00297878]) 	 loss 7.066E-01 	 horizons 19.0
step 7975 	 return [0.00149258 0.00836781 0.00800455 0.0103874  0.00612769], ([0.00168523 0.00298976 0.00210913 0.00479415 0.00346935]) 	 loss 6.991E-01 	 horizons 19.0
step 8165 	 return [0.00359828 0.00818399 0.00602476 0.00850627 0.00505043], ([0.00242996 0.00176803 0.0017597  0.00387869 0.00337472]) 	 loss 6.827E-01 	 horizons 19.0
step 8355 	 return [0.00158971 0.00751653 0.00830095 0.00982303 0.00585307], ([0.00140844 0.00191535 0.0020926  0.00410047 0.00264438]) 	 loss 6.898E-01 	 horizons 19.0
step 8545 	 return [0.00205596 0.00903853 0.00797269 0.01056219 0.0048463 ], ([0.00161658 0.00249504 0.00109167 0.00275258 0.00297747]) 	 loss 6.324E-01 	 horizons 19.0
step 8735 	 return [0.00247607 0.00699742 0.00874068 0.00781131 0.0067725 ], ([0.0018874  0.00229879 0.00171585 0.00335969 0.00243164]) 	 loss 6.486E-01 	 horizons 19.0
step 8925 	 return [0.00347443 0.00511147 0.00624484 0.00589781 0.00556695], ([0.00168175 0.00073457 0.00142635 0.00310081 0.00173812]) 	 loss 6.418E-01 	 horizons 19.0
step 9115 	 return [0.00457639 0.00534631 0.00723799 0.00813514 0.00559454], ([0.00181946 0.0016546  0.00145767 0.00298821 0.00284341]) 	 loss 6.183E-01 	 horizons 19.0
step 9305 	 return [0.00459484 0.00565833 0.00738908 0.00753455 0.00573927], ([0.00116672 0.00248135 0.00182137 0.00234314 0.00206663]) 	 loss 6.299E-01 	 horizons 19.0
step 9495 	 return [0.00663853 0.00589339 0.00595364 0.00401103 0.00393063], ([0.0010609  0.00106781 0.00120721 0.00270036 0.00185325]) 	 loss 6.040E-01 	 horizons 19.0
step 9685 	 return [0.00092322 0.00860646 0.0078854  0.01105577 0.00582976], ([0.00129861 0.00196781 0.00180456 0.00360705 0.00270051]) 	 loss 5.796E-01 	 horizons 19.0
step 9875 	 return [0.00456983 0.00561066 0.00767848 0.01056171 0.00663377], ([0.00133594 0.00261464 0.00179734 0.00361092 0.00364983]) 	 loss 5.825E-01 	 horizons 19.0
step 10065 	 return [0.00300343 0.00880937 0.00768424 0.00959824 0.00426475], ([0.00158648 0.00104612 0.00126443 0.00286614 0.00239387]) 	 loss 6.036E-01 	 horizons 19.0
step 10255 	 return [0.00555839 0.00512565 0.0061871  0.0048572  0.00435284], ([0.00234172 0.00137101 0.00102712 0.00197639 0.00237419]) 	 loss 6.002E-01 	 horizons 19.0
step 10445 	 return [0.00259356 0.00742175 0.00925502 0.009183   0.00571013], ([0.001457   0.00156751 0.00131871 0.00284434 0.00193387]) 	 loss 5.472E-01 	 horizons 19.0
step 10635 	 return [0.00543138 0.00606301 0.00710698 0.00764748 0.00539052], ([0.00122311 0.00139017 0.00173492 0.00299007 0.00142577]) 	 loss 5.321E-01 	 horizons 19.0
step 10825 	 return [0.00382832 0.0062635  0.00841688 0.00850086 0.0053287 ], ([0.00118328 0.00251965 0.00153644 0.00169866 0.0022365 ]) 	 loss 5.717E-01 	 horizons 19.0
step 11015 	 return [0.00222924 0.0075536  0.00932113 0.00726803 0.00650259], ([0.002034   0.00257476 0.00146523 0.00326703 0.00324593]) 	 loss 5.538E-01 	 horizons 19.0
step 11205 	 return [0.00432222 0.00680908 0.00689217 0.01207638 0.00711143], ([0.00087811 0.00180462 0.00285863 0.00279481 0.00231335]) 	 loss 5.564E-01 	 horizons 19.0
step 11395 	 return [0.00432598 0.00744902 0.00944511 0.01172047 0.00769152], ([0.00090635 0.00270153 0.00158672 0.00455087 0.00157175]) 	 loss 5.225E-01 	 horizons 19.0
step 11585 	 return [0.00337464 0.00639034 0.00754695 0.01053318 0.00679788], ([0.00134774 0.00139037 0.00222907 0.0024991  0.00135069]) 	 loss 5.315E-01 	 horizons 19.0
step 11775 	 return [0.00525791 0.00553382 0.0086159  0.00778169 0.0069134 ], ([0.00106813 0.00153974 0.00118176 0.00374422 0.00186023]) 	 loss 4.921E-01 	 horizons 19.0
step 11965 	 return [0.00593497 0.00619824 0.00757055 0.00383212 0.00653169], ([0.00121504 0.00108524 0.00068301 0.00129865 0.00203286]) 	 loss 4.718E-01 	 horizons 19.0
step 12155 	 return [0.00679516 0.00670488 0.00716213 0.00593219 0.00380018], ([0.00075973 0.00205301 0.00108084 0.0026932  0.00371596]) 	 loss 4.715E-01 	 horizons 19.0
step 12345 	 return [0.00412976 0.00578561 0.00823566 0.01133842 0.00739821], ([0.00084179 0.00202421 0.00157726 0.00230809 0.00140486]) 	 loss 4.836E-01 	 horizons 19.0
step 12535 	 return [0.00564222 0.00564182 0.00778431 0.00576645 0.00591459], ([0.0006223  0.00186374 0.00132625 0.00254558 0.00340301]) 	 loss 4.727E-01 	 horizons 19.0
step 12725 	 return [0.00533292 0.00565688 0.00813842 0.00592497 0.00605751], ([0.00108314 0.00145006 0.00111707 0.00251182 0.00391425]) 	 loss 4.390E-01 	 horizons 19.0
step 12915 	 return [0.00613116 0.00600404 0.007871   0.00544705 0.00543972], ([0.00165712 0.00122958 0.00110256 0.00198077 0.0020366 ]) 	 loss 4.431E-01 	 horizons 19.0
step 13105 	 return [0.00510794 0.00635148 0.00742158 0.0077098  0.00448114], ([0.0008692  0.00194308 0.00173173 0.00208481 0.00281155]) 	 loss 4.311E-01 	 horizons 19.0
step 13295 	 return [0.00336803 0.00814096 0.01015922 0.01335124 0.00725217], ([0.00088977 0.00174895 0.00161003 0.00180349 0.00188744]) 	 loss 3.803E-01 	 horizons 19.0
step 13485 	 return [0.0043472  0.00722113 0.00672314 0.01055301 0.00749831], ([0.00060492 0.0016107  0.00206999 0.00204516 0.00256741]) 	 loss 4.352E-01 	 horizons 19.0
step 13675 	 return [0.00648926 0.00621312 0.00715883 0.00543873 0.00576854], ([0.00163199 0.00122309 0.00091244 0.00205936 0.00196893]) 	 loss 4.248E-01 	 horizons 19.0
step 13865 	 return [0.00047692 0.00930405 0.00866705 0.01175459 0.00714059], ([0.00119624 0.00206549 0.00263219 0.00215593 0.00263387]) 	 loss 4.277E-01 	 horizons 19.0
step 14055 	 return [0.00680982 0.00626932 0.00729633 0.00540918 0.00496625], ([0.00146315 0.00178132 0.00129377 0.00240487 0.0026452 ]) 	 loss 4.305E-01 	 horizons 19.0
step 14245 	 return [0.00542536 0.00619255 0.00821652 0.00679108 0.00567777], ([0.00110644 0.00172268 0.0013669  0.00309403 0.00243551]) 	 loss 3.933E-01 	 horizons 19.0
step 14435 	 return [0.0043774  0.00674161 0.0080701  0.01045729 0.00848622], ([0.00084785 0.00242338 0.0024294  0.00305803 0.00151112]) 	 loss 3.776E-01 	 horizons 19.0
step 14625 	 return [0.00426463 0.00831858 0.00893737 0.01213557 0.00800423], ([0.00072831 0.00146211 0.00102695 0.00176553 0.00184201]) 	 loss 3.978E-01 	 horizons 19.0
step 14815 	 return [0.00492735 0.00658565 0.00847193 0.00987448 0.00766267], ([0.00063442 0.00234869 0.00141921 0.00224484 0.00090491]) 	 loss 3.615E-01 	 horizons 19.0
step 15005 	 return [0.00652555 0.00639711 0.0072373  0.00549604 0.00462633], ([0.00111929 0.00113517 0.00020649 0.00190748 0.0018848 ]) 	 loss 3.419E-01 	 horizons 19.0
step 15195 	 return [0.00656704 0.00691822 0.00654103 0.00459381 0.00491714], ([0.0011461  0.00105987 0.00118309 0.00151083 0.00259909]) 	 loss 3.476E-01 	 horizons 19.0
step 15385 	 return [0.00519056 0.00652175 0.00722933 0.00818781 0.00530014], ([0.0011042  0.00162025 0.00136534 0.00142417 0.00238381]) 	 loss 3.498E-01 	 horizons 19.0
step 15575 	 return [0.00435747 0.00452852 0.00961297 0.00865927 0.00669439], ([0.0006732  0.00088859 0.00097807 0.00178477 0.00139623]) 	 loss 3.166E-01 	 horizons 19.0
step 15765 	 return [0.00486756 0.00461922 0.00997405 0.01117671 0.01017599], ([0.00082081 0.00094708 0.00052307 0.00270829 0.00158255]) 	 loss 3.027E-01 	 horizons 19.0
step 15955 	 return [0.00476363 0.00697635 0.00908056 0.00925319 0.00690578], ([0.00090149 0.00190869 0.00174432 0.00245104 0.00273878]) 	 loss 3.271E-01 	 horizons 19.0
step 16145 	 return [0.00306917 0.00887777 0.00867775 0.01008989 0.00725694], ([0.00113356 0.00138488 0.00092194 0.00260214 0.00157024]) 	 loss 3.286E-01 	 horizons 19.0
step 16335 	 return [0.00372036 0.00769589 0.00863152 0.00924154 0.00767055], ([0.00124886 0.00120809 0.00098975 0.00189487 0.00118256]) 	 loss 3.251E-01 	 horizons 19.0
step 16525 	 return [0.00364219 0.00875199 0.00958825 0.01149591 0.00834934], ([0.00073077 0.00125129 0.00100322 0.0018305  0.00142612]) 	 loss 3.020E-01 	 horizons 19.0
step 16715 	 return [0.00526438 0.01100213 0.0076273  0.01589247 0.00815363], ([0.00144834 0.0009424  0.0012184  0.00183355 0.00266264]) 	 loss 3.177E-01 	 horizons 19.0
step 16905 	 return [0.00330368 0.00852436 0.00987346 0.0121334  0.00788283], ([0.00148019 0.00198258 0.00140869 0.00283592 0.00194057]) 	 loss 3.424E-01 	 horizons 19.0
step 17095 	 return [0.00141707 0.00986305 0.0084493  0.01212846 0.00764861], ([0.00156576 0.00204682 0.00168254 0.00322068 0.00247098]) 	 loss 3.230E-01 	 horizons 19.0
step 17285 	 return [0.00506575 0.00478168 0.00672211 0.01200929 0.00637995], ([0.00152364 0.00144276 0.00115937 0.00142759 0.00178242]) 	 loss 3.188E-01 	 horizons 19.0
step 17475 	 return [0.00320352 0.00834333 0.00860303 0.01282349 0.00927919], ([0.00143591 0.00186065 0.00206131 0.00129385 0.0027571 ]) 	 loss 3.200E-01 	 horizons 19.0
step 17665 	 return [0.00413142 0.0091141  0.00949795 0.01119983 0.00911764], ([0.00083138 0.00070532 0.00150006 0.00090536 0.00205536]) 	 loss 2.954E-01 	 horizons 19.0
step 17855 	 return [0.00418232 0.00871867 0.00983411 0.01171353 0.00916938], ([0.00022832 0.00024673 0.00100586 0.00178252 0.00146995]) 	 loss 2.930E-01 	 horizons 19.0
step 18045 	 return [0.00310746 0.00842673 0.01061692 0.01105353 0.00847185], ([0.00135677 0.00103922 0.00115363 0.0019847  0.00196122]) 	 loss 2.757E-01 	 horizons 19.0
step 18235 	 return [0.00363828 0.00709216 0.00963421 0.00935205 0.00772794], ([0.00174972 0.00200546 0.00108293 0.00224663 0.00221009]) 	 loss 2.749E-01 	 horizons 19.0
step 18425 	 return [0.00568971 0.00565519 0.00754433 0.00782782 0.00506943], ([0.00095187 0.00145148 0.00118067 0.00235672 0.00244749]) 	 loss 2.818E-01 	 horizons 19.0
step 18615 	 return [0.00793144 0.00709776 0.00527008 0.01299128 0.00752592], ([0.00108402 0.00293508 0.00075439 0.0052795  0.00497382]) 	 loss 2.822E-01 	 horizons 19.0
step 18805 	 return [0.00614878 0.00896298 0.00675619 0.0169538  0.00966365], ([0.00190381 0.00145494 0.00167873 0.00223975 0.00301645]) 	 loss 2.657E-01 	 horizons 19.0
step 18995 	 return [0.00407156 0.00936217 0.01005746 0.01142    0.01001274], ([0.00065155 0.00068117 0.00105972 0.00275259 0.00099384]) 	 loss 3.005E-01 	 horizons 19.0
step 19185 	 return [0.00530406 0.00867372 0.00875755 0.01358186 0.00989189], ([0.00035708 0.00039291 0.00069019 0.0014437  0.00139073]) 	 loss 2.689E-01 	 horizons 19.0
step 19375 	 return [0.004283   0.00836601 0.00965272 0.0116149  0.00888478], ([0.00022186 0.00142647 0.00105983 0.00246985 0.00250499]) 	 loss 2.392E-01 	 horizons 19.0
step 19565 	 return [0.00361207 0.0099407  0.00976193 0.01292693 0.00789142], ([0.00111388 0.00127515 0.00123646 0.00208391 0.00211533]) 	 loss 2.572E-01 	 horizons 19.0
step 19755 	 return [0.00333399 0.00901307 0.00933234 0.01442333 0.00957878], ([0.00184219 0.00108219 0.0015135  0.00182287 0.00340696]) 	 loss 2.622E-01 	 horizons 19.0
step 19945 	 return [0.00398865 0.00904154 0.0101777  0.01298567 0.0103111 ], ([0.00049132 0.00059932 0.00049808 0.00196537 0.00202584]) 	 loss 2.488E-01 	 horizons 19.0
step 20135 	 return [0.00439248 0.00892573 0.00970178 0.01156216 0.00797401], ([0.00083669 0.00111609 0.00094714 0.0014614  0.00158595]) 	 loss 2.466E-01 	 horizons 19.0
step 20325 	 return [0.00555074 0.00818155 0.00797839 0.00990306 0.0064129 ], ([0.00066545 0.00133943 0.00066038 0.00212218 0.00148434]) 	 loss 2.242E-01 	 horizons 19.0
step 20515 	 return [0.00381093 0.00950833 0.00923834 0.01395906 0.01157113], ([0.00099723 0.00193416 0.00095431 0.00185799 0.00180304]) 	 loss 2.315E-01 	 horizons 19.0
step 20705 	 return [0.00301978 0.0094474  0.00840328 0.01525765 0.01055945], ([0.00179946 0.00138944 0.00216366 0.00217188 0.00233264]) 	 loss 2.076E-01 	 horizons 19.0
step 20895 	 return [0.00170941 0.0120413  0.00718113 0.01512555 0.01100544], ([0.00140367 0.00112061 0.00126524 0.00170393 0.00132167]) 	 loss 2.080E-01 	 horizons 19.0
step 21085 	 return [0.00332508 0.009724   0.00976714 0.01433878 0.01108931], ([0.00168067 0.001241   0.00083227 0.00194543 0.00280668]) 	 loss 2.115E-01 	 horizons 19.0
step 21275 	 return [0.00441258 0.00834645 0.00943167 0.01114571 0.00805731], ([0.0004771  0.0003874  0.00118106 0.00073818 0.0011255 ]) 	 loss 1.946E-01 	 horizons 19.0
step 21465 	 return [0.00707105 0.00976287 0.00729994 0.00734782 0.005794  ], ([0.0011102  0.00223352 0.00069451 0.00127431 0.00092688]) 	 loss 2.065E-01 	 horizons 19.0
step 21655 	 return [0.00615733 0.00939297 0.00729881 0.01772565 0.00913762], ([0.00114148 0.00080235 0.00145851 0.00141057 0.00228271]) 	 loss 1.865E-01 	 horizons 19.0
step 21845 	 return [0.0041436  0.00894662 0.0096614  0.01488003 0.01246779], ([0.00062134 0.00062077 0.00073066 0.00113947 0.00140532]) 	 loss 2.081E-01 	 horizons 19.0
step 22035 	 return [0.00441576 0.00900189 0.00995288 0.01514225 0.01268988], ([0.00034782 0.00024428 0.00070952 0.00099304 0.00078626]) 	 loss 1.988E-01 	 horizons 19.0
step 22225 	 return [0.00702788 0.00916365 0.00733241 0.00797711 0.00589212], ([0.00110011 0.00205375 0.0008388  0.0018495  0.00099464]) 	 loss 2.024E-01 	 horizons 19.0
step 22415 	 return [0.00381456 0.01023013 0.00958729 0.01436436 0.00934459], ([0.00047002 0.00149358 0.00090059 0.00123636 0.00201299]) 	 loss 1.625E-01 	 horizons 19.0
step 22605 	 return [0.00428684 0.00915532 0.01035286 0.01361287 0.0104824 ], ([1.6429227e-05 4.6572534e-04 7.9067302e-04 1.1246162e-03 1.1157633e-03]) 	 loss 1.817E-01 	 horizons 19.0
step 22795 	 return [0.00416729 0.00909684 0.01074379 0.01218773 0.01062124], ([0.00030789 0.00053532 0.00070126 0.0008965  0.00155068]) 	 loss 1.450E-01 	 horizons 19.0
step 22985 	 return [0.00504221 0.00915343 0.00868038 0.01506871 0.01074154], ([0.00102128 0.00090482 0.00094733 0.00248142 0.00254955]) 	 loss 1.542E-01 	 horizons 19.0
step 23175 	 return [0.00404766 0.00923334 0.01001964 0.01507075 0.01035297], ([0.00050431 0.00063995 0.00030761 0.00080201 0.00172743]) 	 loss 1.565E-01 	 horizons 19.0
step 23365 	 return [0.00468286 0.00873401 0.00923118 0.01210673 0.00870106], ([0.00053051 0.00033239 0.00074403 0.00148364 0.00137076]) 	 loss 1.655E-01 	 horizons 19.0
step 23555 	 return [0.00593802 0.00902703 0.00745865 0.01689773 0.01097787], ([0.00155734 0.00035642 0.00133552 0.00240032 0.0017606 ]) 	 loss 1.588E-01 	 horizons 19.0
step 23745 	 return [0.00414889 0.00879207 0.01030061 0.0117293  0.01071246], ([0.00034821 0.00034304 0.00066423 0.00155244 0.00179706]) 	 loss 1.564E-01 	 horizons 19.0
step 23935 	 return [0.00776124 0.01113985 0.00737619 0.00765482 0.00617644], ([4.4358373e-04 4.9491504e-05 2.6116110e-04 1.1439062e-05 6.3813187e-04]) 	 loss 1.587E-01 	 horizons 19.0
step 24125 	 return [0.00769331 0.01142873 0.00760071 0.0077302  0.00643366], ([4.4368426e-04 3.8536979e-04 5.6130980e-04 9.7060714e-05 9.0813715e-05]) 	 loss 1.467E-01 	 horizons 19.0
step 24315 	 return [0.00836586 0.00868974 0.00513424 0.01886385 0.0121499 ], ([4.7799284e-04 1.1137715e-03 8.3354150e-04 2.8280448e-04 9.4648713e-05]) 	 loss 1.345E-01 	 horizons 19.0
step 24505 	 return [0.00696649 0.0105904  0.00781077 0.00832491 0.00585405], ([0.00100657 0.00101274 0.00063258 0.00134354 0.00106096]) 	 loss 1.065E-01 	 horizons 19.0
step 24695 	 return [0.0077988  0.01119394 0.00743211 0.00767023 0.00638879], ([3.3089015e-04 1.1278270e-04 4.2894194e-04 5.7646259e-05 1.0748394e-06]) 	 loss 1.116E-01 	 horizons 19.0
step 24885 	 return [0.00719    0.01117925 0.00775424 0.0085674  0.00662197], ([0.00101469 0.00141438 0.00051671 0.00148313 0.00020961]) 	 loss 1.079E-01 	 horizons 19.0
step 25075 	 return [0.00849011 0.00905495 0.00488283 0.01895381 0.01218145], ([3.43471096e-04 1.12702524e-04 4.48442966e-04 5.96288555e-05
 4.30307310e-08]) 	 loss 1.083E-01 	 horizons 19.0
step 25265 	 return [0.00428701 0.00833701 0.00983802 0.015022   0.01250949], ([0.00050737 0.00117054 0.0005405  0.00094777 0.00099634]) 	 loss 1.082E-01 	 horizons 19.0
step 25455 	 return [0.00380151 0.01027878 0.009518   0.01363979 0.01115017], ([0.00052185 0.00107389 0.00066487 0.00156848 0.00092302]) 	 loss 8.447E-02 	 horizons 19.0
step 25645 	 return [0.00726139 0.00779272 0.00567985 0.01712267 0.01126831], ([0.0015526  0.00139928 0.00112126 0.00202987 0.00160893]) 	 loss 7.908E-02 	 horizons 19.0
step 25835 	 return [0.00756575 0.00853607 0.00552863 0.01727585 0.01103252], ([0.00060466 0.00202963 0.00135568 0.00561972 0.00368006]) 	 loss 8.861E-02 	 horizons 19.0
step 26025 	 return [0.00834282 0.00893747 0.00506414 0.0190489  0.01228293], ([0.00047308 0.00025152 0.00058633 0.00015119 0.00015554]) 	 loss 6.744E-02 	 horizons 19.0
step 26215 	 return [0.00453325 0.00915922 0.00962882 0.01542037 0.01258435], ([0.000464   0.00045786 0.0005902  0.00013585 0.00076809]) 	 loss 7.293E-02 	 horizons 19.0
step 26405 	 return [0.00450875 0.0087153  0.00933108 0.01557974 0.01071868], ([0.00059699 0.00080781 0.00082559 0.00114438 0.00148074]) 	 loss 6.336E-02 	 horizons 19.0
step 26595 	 return [0.0043107  0.00924399 0.00961814 0.01528002 0.0127163 ], ([0.00051774 0.00034622 0.00054069 0.00057092 0.00068888]) 	 loss 6.097E-02 	 horizons 19.0
step 26785 	 return [0.00842616 0.00904561 0.00503293 0.01896915 0.01221449], ([3.74349329e-04 1.19110075e-04 5.99153165e-04 7.11545945e-05
 9.91364359e-05]) 	 loss 6.124E-02 	 horizons 19.0
step 26975 	 return [0.00751347 0.00903311 0.00607189 0.01921939 0.01234228], ([0.00031859 0.00037519 0.00044656 0.00010333 0.00016096]) 	 loss 5.001E-02 	 horizons 19.0
step 27165 	 return [0.00836408 0.00904016 0.00509935 0.01903884 0.01225566], ([0.0004655  0.00014746 0.00065983 0.00017627 0.00014844]) 	 loss 5.281E-02 	 horizons 19.0
step 27355 	 return [0.00193422 0.00959442 0.00862648 0.01507841 0.01064481], ([0.00160722 0.00110902 0.00150162 0.00289193 0.00208759]) 	 loss 5.984E-02 	 horizons 19.0
step 27545 	 return [0.00811516 0.00901261 0.00536295 0.01908865 0.0122829 ], ([0.0005714  0.00027961 0.0007769  0.00018163 0.00015553]) 	 loss 7.995E-02 	 horizons 19.0
step 27735 	 return [0.0080207  0.00914071 0.00547908 0.01905463 0.01221358], ([5.8480073e-04 2.2021926e-04 7.4574666e-04 1.3491575e-04 9.6542353e-05]) 	 loss 6.200E-02 	 horizons 19.0
step 27925 	 return [0.00774516 0.00902669 0.00574554 0.018888   0.01155104], ([0.0012292  0.00022317 0.00140207 0.00020616 0.00126077]) 	 loss 5.885E-02 	 horizons 19.0
step 28115 	 return [0.00740456 0.00869111 0.00603373 0.01823282 0.0109946 ], ([0.00161014 0.00130043 0.00161515 0.00138889 0.00189546]) 	 loss 5.703E-02 	 horizons 19.0
step 28305 	 return [0.00723011 0.01208403 0.00798653 0.00811932 0.00662787], ([0.00081861 0.00044396 0.00067802 0.00061145 0.0001362 ]) 	 loss 7.693E-02 	 horizons 19.0
step 28495 	 return [0.00454442 0.00908402 0.00955373 0.01777581 0.0093109 ], ([0.00045757 0.00019467 0.00058568 0.00105445 0.00071177]) 	 loss 4.930E-02 	 horizons 19.0
step 28685 	 return [0.00550564 0.00951859 0.00818078 0.01844471 0.01040465], ([0.00157858 0.00079882 0.00165288 0.0012155  0.00178199]) 	 loss 6.192E-02 	 horizons 19.0
step 28875 	 return [0.00789476 0.00911378 0.00562689 0.01909582 0.01224575], ([0.00058109 0.00024834 0.0007296  0.00015339 0.00012873]) 	 loss 5.357E-02 	 horizons 19.0
step 29065 	 return [0.00845732 0.0088999  0.00491466 0.01902902 0.01228294], ([0.00037357 0.00020429 0.00044372 0.00015193 0.00015553]) 	 loss 4.162E-02 	 horizons 19.0
step 29255 	 return [0.00765555 0.00913656 0.00599273 0.01920073 0.01231996], ([0.00047639 0.00024363 0.00064334 0.00018326 0.00017045]) 	 loss 4.780E-02 	 horizons 19.0
step 29445 	 return [0.00459745 0.00888506 0.00934751 0.01654394 0.01024788], ([0.00095539 0.00035435 0.00110045 0.00126171 0.00185673]) 	 loss 4.051E-02 	 horizons 19.0
step 29635 	 return [0.00837562 0.00909251 0.00503231 0.01897369 0.01218143], ([4.5796152e-04 1.5027002e-04 5.9792399e-04 7.9505146e-05 5.7380355e-08]) 	 loss 4.231E-02 	 horizons 19.0
step 29825 	 return [0.00859817 0.0089912  0.00476695 0.01896651 0.01221858], ([1.9283407e-05 7.8529214e-05 1.0079825e-04 9.7734104e-05 1.1134827e-04]) 	 loss 4.637E-02 	 horizons 19.0
step 30015 	 return [0.00802704 0.00917904 0.00551419 0.01906589 0.01221851], ([0.00057775 0.00017781 0.00078655 0.00016095 0.00011132]) 	 loss 4.916E-02 	 horizons 19.0
[1;34mwandb[0m: 
[1;34mwandb[0m: 🚀 View run [33mmotndp_xian-v0__GCN-xian-g5-l0__456__1781488461[0m at: [34mhttps://wandb.ai/jingyuan-sun03-tu-delft/cl_ablation/runs/8ah4iae0[0m
[1;34mwandb[0m: Find logs at: [1;35mwandb/run-20260615_035422-8ah4iae0/logs[0m
