/home/SinJ/mo-transport-network-design/.venv/lib/python3.13/site-packages/pygame/pkgdata.py:25: UserWarning: pkg_resources is deprecated as an API. See https://setuptools.pypa.io/en/latest/pkg_resources.html. The pkg_resources package is slated for removal as early as 2025-11-30. Refrain from using this package or pin to Setuptools<81.
  from pkg_resources import resource_stream, resource_exists
wandb: [wandb.login()] Loaded credentials for https://api.wandb.ai from /home/SinJ/.netrc.
wandb: Currently logged in as: jingyuan-sun03 (jingyuan-sun03-tu-delft) to https://api.wandb.ai. Use `wandb login --relogin` to force relogin
wandb: Tracking run with wandb version 0.27.2
wandb: Run data is saved locally in /home/SinJ/mo-transport-network-design/wandb/run-20260615_044950-ybg14mqy
wandb: Run `wandb offline` to turn off syncing.
wandb: Syncing run motndp_xian-v0__GCN-xian-g7-spatial__789__1781491789
wandb: ⭐️ View project at https://wandb.ai/jingyuan-sun03-tu-delft/cl_ablation
wandb: 🚀 View run at https://wandb.ai/jingyuan-sun03-tu-delft/cl_ablation/runs/ybg14mqy
/home/SinJ/mo-transport-network-design/morl-baselines/morl_baselines/multi_policy/gcn/gcn.py:151: UserWarning: Creating a tensor from a list of numpy.ndarrays is extremely slow. Please consider converting the list to a single numpy.ndarray with numpy.array() before converting to a tensor. (Triggered internally at /pytorch/torch/csrc/utils/tensor_new.cpp:253.)
  th.tensor(obs).to(self.device),
Namespace(env='xian', nr_groups=7, starting_loc_x=9, starting_loc_y=19, nr_stations=20, lr=0.01, batch_size=256, num_er_episodes=100, num_step_episodes=10, num_model_updates=10, num_policies=10, max_buffer_size=200, nr_layers=1, hidden_dim=128, timesteps=30000, no_log=False, seed=789, cd_threshold=0.2, distance_ref='interpolate2', gcn_lambda=0.0, lambda_schedule='constant', lambda_start=1.0, lambda_end=None, lambda_warmup_fraction=0.0, lambda_freeze_fraction=0.1, spatial_alpha=0.5, include_demand_context=False, criterion='lorenz', nash_mode='pareto_sized', nash_top_k=None, nash_shift=0.0, project_name='cl_ablation', experiment_name='GCN-xian-g7-spatial', wandb_entity=None)
step 1993 	 return [0.00534711 0.0043777  0.00280477 0.00209234 0.00392353 0.00107339
 0.0004829 ], ([0.00373642 0.00262783 0.00276508 0.00225289 0.00459677 0.00140887
 0.0014487 ]) 	 loss 1.901E+00 	 horizons 19.0
step 2172 	 return [0.0006585  0.00298403 0.00643799 0.00238101 0.00557821 0.0032029
 0.00124507], ([0.00081768 0.00140441 0.00504072 0.00234971 0.00540251 0.00460493
 0.00142168]) 	 loss 1.480E+00 	 horizons 17.9
step 2362 	 return [0.00194252 0.00459738 0.00640002 0.00406202 0.00364942 0.00294601
 0.00211187], ([0.00185268 0.00272628 0.0036426  0.00254579 0.00321282 0.00313977
 0.00289418]) 	 loss 1.147E+00 	 horizons 19.0
step 2534 	 return [0.00226602 0.00270895 0.00094307 0.00056811 0.00057091 0.00041619
 0.00023579], ([0.00204583 0.00250942 0.00092694 0.00081421 0.00098174 0.00057374
 0.00070738]) 	 loss 1.008E+00 	 horizons 17.2
step 2724 	 return [0.00118112 0.00532489 0.00519859 0.00531644 0.00350391 0.00190292
 0.00259473], ([0.002662   0.00137425 0.00431167 0.00179334 0.003008   0.00211875
 0.00228249]) 	 loss 9.617E-01 	 horizons 19.0
step 2898 	 return [0.00401886 0.00370712 0.00186296 0.00108717 0.00118392 0.00048744
 0.00068585], ([0.00239685 0.00464966 0.00322034 0.00187487 0.00152626 0.00109144
 0.00152103]) 	 loss 9.017E-01 	 horizons 17.4
step 3083 	 return [0.00266483 0.00434744 0.00275646 0.00243242 0.00298623 0.00273484
 0.00040881], ([0.00389755 0.00273576 0.00211325 0.00230623 0.00339269 0.00413999
 0.00084795]) 	 loss 8.495E-01 	 horizons 18.5
step 3273 	 return [0.00195708 0.00422631 0.00564902 0.00419109 0.00470535 0.00189577
 0.00184525], ([0.00255597 0.00212165 0.00227616 0.00250836 0.00329704 0.00245424
 0.00208886]) 	 loss 8.651E-01 	 horizons 19.0
step 3463 	 return [0.00030639 0.0040956  0.00488794 0.00489448 0.00368549 0.00293986
 0.00186024], ([0.00091917 0.00228496 0.00309799 0.00266906 0.00266463 0.00359876
 0.00212514]) 	 loss 8.156E-01 	 horizons 19.0
step 3653 	 return [0.00322049 0.0041562  0.00535653 0.00458032 0.00606936 0.00430218
 0.0015524 ], ([0.00429487 0.00209315 0.00256014 0.00330126 0.00612529 0.00423289
 0.00233608]) 	 loss 8.002E-01 	 horizons 19.0
step 3843 	 return [0.00294772 0.00323413 0.00525146 0.00330537 0.00674619 0.00132759
 0.00121406], ([0.00385627 0.00224044 0.00214544 0.00184448 0.00639024 0.00221316
 0.00155064]) 	 loss 8.266E-01 	 horizons 19.0
step 4033 	 return [0.00037978 0.00448486 0.00577419 0.00467643 0.0052445  0.00475013
 0.0018531 ], ([0.00087676 0.002403   0.00286034 0.00265016 0.00282249 0.00416558
 0.00140353]) 	 loss 8.090E-01 	 horizons 19.0
step 4223 	 return [0.00249064 0.00299512 0.00426881 0.00307361 0.00444393 0.003222
 0.00330955], ([0.00355348 0.00203817 0.00190019 0.00250487 0.00550394 0.00431688
 0.00408188]) 	 loss 7.878E-01 	 horizons 19.0
step 4413 	 return [0.00142931 0.00402416 0.00610095 0.00461414 0.00765165 0.00157628
 0.00213609], ([0.00180731 0.00208209 0.00296319 0.00252222 0.00526503 0.00146842
 0.00262751]) 	 loss 7.594E-01 	 horizons 19.0
step 4603 	 return [0.00183076 0.00285678 0.00589414 0.00441661 0.00393358 0.00268186
 0.00578184], ([0.003698   0.00176186 0.00224421 0.00325474 0.00503941 0.00313415
 0.00517483]) 	 loss 7.416E-01 	 horizons 19.0
step 4793 	 return [0.00168017 0.00509217 0.00525522 0.00351439 0.0052279  0.00443953
 0.00134425], ([0.00252399 0.00265406 0.00283478 0.00175626 0.00512947 0.00436883
 0.00206268]) 	 loss 7.441E-01 	 horizons 19.0
step 4983 	 return [0.00193426 0.00348546 0.00707126 0.00318993 0.00528148 0.0057001
 0.00225411], ([0.00263342 0.00206326 0.00358825 0.00187864 0.00440048 0.00507754
 0.00291309]) 	 loss 7.498E-01 	 horizons 19.0
step 5173 	 return [0.00145802 0.00338553 0.00584988 0.00471727 0.0088329  0.00462366
 0.0036147 ], ([0.00218706 0.00190925 0.00220256 0.00267554 0.00365852 0.00329781
 0.00366747]) 	 loss 7.334E-01 	 horizons 19.0
step 5363 	 return [0.00228547 0.00248921 0.00625016 0.00622588 0.00871435 0.00466648
 0.006834  ], ([0.00276459 0.00250518 0.00283999 0.00268769 0.00465163 0.00413889
 0.00522416]) 	 loss 7.093E-01 	 horizons 19.0
step 5553 	 return [0.00114134 0.00304899 0.00710981 0.00310184 0.00499068 0.00532837
 0.00107102], ([0.00159898 0.00157951 0.00269588 0.00185234 0.00247432 0.003535
 0.00126965]) 	 loss 7.145E-01 	 horizons 19.0
step 5743 	 return [0.         0.00337972 0.0077021  0.00458186 0.00930358 0.00464326
 0.0030502 ], ([0.         0.00237966 0.00253752 0.0018119  0.00477326 0.00394011
 0.00209268]) 	 loss 7.038E-01 	 horizons 19.0
step 5933 	 return [0.00067624 0.00464854 0.00856861 0.00424638 0.01129    0.00407663
 0.00290812], ([0.0013145  0.00173972 0.00270831 0.00151651 0.00603105 0.00451074
 0.0026748 ]) 	 loss 6.962E-01 	 horizons 19.0
step 6123 	 return [0.00080658 0.003964   0.00591993 0.00364572 0.00553191 0.00478974
 0.00139632], ([0.00158292 0.00184424 0.00181272 0.00152238 0.00232827 0.00389901
 0.00182391]) 	 loss 6.889E-01 	 horizons 19.0
step 6313 	 return [0.00068429 0.00621366 0.00446801 0.006391   0.00457695 0.00341711
 0.00314874], ([0.00117316 0.00243391 0.00186842 0.00155462 0.00276504 0.00365113
 0.00201036]) 	 loss 7.258E-01 	 horizons 19.0
step 6503 	 return [0.00049341 0.00478593 0.00629733 0.00567745 0.00438543 0.0027542
 0.00372126], ([0.00081721 0.00252384 0.00282721 0.00209571 0.0030919  0.00321243
 0.00222071]) 	 loss 6.667E-01 	 horizons 19.0
step 6693 	 return [0.00278395 0.0039511  0.0060104  0.00314728 0.00658488 0.00502833
 0.00160408], ([0.00303825 0.00236979 0.00295813 0.00195991 0.00334787 0.00441666
 0.0022604 ]) 	 loss 6.593E-01 	 horizons 19.0
step 6883 	 return [0.00120382 0.0046871  0.00856376 0.00294947 0.0087664  0.00484591
 0.00148706], ([0.00122667 0.00236259 0.00305176 0.00212907 0.00245228 0.00336784
 0.0015623 ]) 	 loss 6.667E-01 	 horizons 19.0
step 7073 	 return [0.         0.00434442 0.00484021 0.0054593  0.00277365 0.00079556
 0.00447611], ([0.         0.00244882 0.00191949 0.00156612 0.00152352 0.00078893
 0.00133542]) 	 loss 6.680E-01 	 horizons 19.0
step 7263 	 return [0.         0.00226337 0.00736802 0.00509546 0.0081123  0.0044621
 0.00445031], ([0.         0.00162018 0.00137107 0.00266825 0.00316729 0.0030044
 0.00372039]) 	 loss 6.383E-01 	 horizons 19.0
step 7453 	 return [0.00121728 0.00408202 0.0053088  0.00404468 0.00632853 0.00382126
 0.00185028], ([0.00199324 0.00196873 0.00214058 0.00120255 0.00264397 0.00316991
 0.0014933 ]) 	 loss 6.647E-01 	 horizons 19.0
step 7643 	 return [0.00275688 0.00229887 0.00631187 0.00470709 0.01007149 0.00379704
 0.0048307 ], ([0.00272307 0.00194668 0.00217039 0.00299243 0.00566799 0.00398777
 0.00350557]) 	 loss 6.471E-01 	 horizons 19.0
step 7833 	 return [0.00520651 0.0020412  0.00570487 0.00471353 0.00759294 0.00239515
 0.00305715], ([0.00162318 0.00189175 0.00256745 0.00230508 0.00668885 0.00261894
 0.00407344]) 	 loss 6.393E-01 	 horizons 19.0
step 8023 	 return [0.00116453 0.0022131  0.0053701  0.00574201 0.0105482  0.00364727
 0.00552666], ([0.00180568 0.00200123 0.00245439 0.00334545 0.00579986 0.00313553
 0.00310151]) 	 loss 6.307E-01 	 horizons 19.0
step 8213 	 return [0.00050497 0.00574473 0.00800019 0.00518473 0.00484965 0.00219865
 0.00381918], ([0.00080828 0.00172022 0.00238144 0.00223795 0.00175587 0.00260626
 0.00222646]) 	 loss 6.664E-01 	 horizons 19.0
step 8403 	 return [0.00392189 0.01147184 0.00194677 0.0031228  0.00092798 0.00042682
 0.00049269], ([0.00368533 0.00477005 0.00135317 0.00087625 0.00087378 0.00101165
 0.00147808]) 	 loss 6.365E-01 	 horizons 19.0
step 8593 	 return [0.00096606 0.00331757 0.00664188 0.00394415 0.00816905 0.00497817
 0.0023621 ], ([0.00230433 0.00269647 0.00176467 0.00223971 0.00457516 0.0042014
 0.00345241]) 	 loss 6.267E-01 	 horizons 19.0
step 8783 	 return [0.00010929 0.00338212 0.00944415 0.0042809  0.01181872 0.00293776
 0.00296876], ([0.000264   0.00231848 0.00370043 0.00194794 0.00412679 0.00373764
 0.00282073]) 	 loss 6.160E-01 	 horizons 19.0
step 8973 	 return [0.0065672  0.00303584 0.00605006 0.00520476 0.00444746 0.0031784
 0.00424736], ([0.00364617 0.00231909 0.00216029 0.00286407 0.00376104 0.00272498
 0.0036127 ]) 	 loss 6.304E-01 	 horizons 19.0
step 9163 	 return [0.00966442 0.00511752 0.00297579 0.00326705 0.00083584 0.00133072
 0.00081845], ([0.00203954 0.0010015  0.00128622 0.00149086 0.00162265 0.00096434
 0.00176916]) 	 loss 6.269E-01 	 horizons 19.0
step 9353 	 return [0.00063255 0.00136226 0.00544562 0.00487462 0.0080791  0.00297672
 0.00450772], ([0.0012655  0.00242535 0.00233541 0.00274546 0.00582305 0.00226011
 0.00227741]) 	 loss 6.346E-01 	 horizons 19.0
step 9543 	 return [0.00234582 0.00202551 0.00676301 0.00353613 0.00928077 0.00398472
 0.00306107], ([0.00249071 0.00125507 0.0025137  0.00184979 0.00315795 0.00356443
 0.0024558 ]) 	 loss 6.220E-01 	 horizons 19.0
step 9733 	 return [0.00110589 0.00405868 0.00689993 0.00465181 0.00564971 0.00612824
 0.00131798], ([0.00119516 0.00237755 0.00320724 0.00248346 0.00279373 0.00332192
 0.00170797]) 	 loss 6.108E-01 	 horizons 19.0
step 9923 	 return [0.00553605 0.00214229 0.00752886 0.00453743 0.01254685 0.00785092
 0.00245932], ([0.00110309 0.00162301 0.00497609 0.00156002 0.00361507 0.00435429
 0.00249741]) 	 loss 6.076E-01 	 horizons 19.0
step 10113 	 return [0.00292191 0.0030718  0.00818058 0.00599257 0.0139147  0.0045488
 0.00248278], ([0.00236928 0.00214627 0.00218335 0.00191352 0.00406764 0.00455121
 0.00261752]) 	 loss 6.290E-01 	 horizons 19.0
step 10303 	 return [0.00016114 0.00556708 0.00653667 0.00633985 0.00941328 0.00364605
 0.00240561], ([0.00048342 0.00162651 0.0020291  0.00131257 0.00442996 0.00425675
 0.00216058]) 	 loss 6.091E-01 	 horizons 19.0
step 10493 	 return [0.00124379 0.00468198 0.00815253 0.00362787 0.0083729  0.00323587
 0.00292253], ([0.00160196 0.00173183 0.00178733 0.00197083 0.0040835  0.0039468
 0.00197065]) 	 loss 6.096E-01 	 horizons 19.0
step 10683 	 return [0.00024965 0.00328461 0.00809448 0.00455462 0.0102292  0.0048686
 0.00210516], ([0.00050265 0.00166761 0.00372777 0.00137514 0.00364564 0.00402735
 0.00287804]) 	 loss 5.815E-01 	 horizons 19.0
step 10873 	 return [0.00899269 0.00524743 0.00659997 0.00489855 0.00443506 0.00292316
 0.00343364], ([0.00269527 0.00151557 0.00161877 0.00150957 0.00346835 0.00207083
 0.00239611]) 	 loss 5.767E-01 	 horizons 19.0
step 11063 	 return [0.00035652 0.00486124 0.00843315 0.00346371 0.01600331 0.00585192
 0.00267359], ([0.00072581 0.00122649 0.00286824 0.0013731  0.00333152 0.00589404
 0.00265787]) 	 loss 5.884E-01 	 horizons 19.0
step 11253 	 return [0.         0.00319129 0.00762203 0.00838488 0.01068074 0.00381942
 0.00926162], ([0.         0.00179244 0.00141115 0.00363935 0.00643273 0.0026522
 0.00361272]) 	 loss 5.773E-01 	 horizons 19.0
step 11443 	 return [0.00107583 0.00420886 0.00843819 0.00466545 0.01164855 0.00839011
 0.00198418], ([0.00134878 0.00150542 0.0025597  0.00215487 0.00590447 0.00363114
 0.00259786]) 	 loss 5.877E-01 	 horizons 19.0
step 11633 	 return [0.00155231 0.00411732 0.00648143 0.00510648 0.01534792 0.00727844
 0.00371677], ([0.00163641 0.0017288  0.00208383 0.00175788 0.00204371 0.00583003
 0.00242187]) 	 loss 5.672E-01 	 horizons 19.0
step 11823 	 return [9.8987293e-05 4.7527710e-03 8.2717184e-03 5.5651115e-03 1.0584788e-02
 4.2478461e-03 1.3526406e-03], ([0.00020526 0.00152441 0.00244426 0.00152656 0.00321204 0.00383934
 0.00177178]) 	 loss 5.333E-01 	 horizons 19.0
step 12013 	 return [0.00363542 0.00351646 0.00776583 0.00323567 0.00738662 0.00564502
 0.00118443], ([0.00182341 0.00201205 0.00237252 0.00141023 0.0032242  0.00429821
 0.00165427]) 	 loss 5.286E-01 	 horizons 19.0
step 12203 	 return [0.00455234 0.00456411 0.00999621 0.00478635 0.01402983 0.00915288
 0.00141504], ([0.00190293 0.00142294 0.00251867 0.00203531 0.00309461 0.00397565
 0.00238298]) 	 loss 5.065E-01 	 horizons 19.0
step 12393 	 return [0.00562192 0.00405062 0.00872194 0.00450309 0.01188905 0.0084123
 0.00080306], ([0.00130828 0.00126032 0.00258412 0.00159261 0.00380474 0.00349664
 0.00160067]) 	 loss 4.890E-01 	 horizons 19.0
step 12583 	 return [0.00033857 0.00369363 0.00734475 0.00565448 0.01359687 0.00938425
 0.00489362], ([0.00068252 0.00243664 0.0015271  0.00256612 0.00478131 0.00455064
 0.00212565]) 	 loss 4.897E-01 	 horizons 19.0
step 12773 	 return [0.00063848 0.00617511 0.00564201 0.00691204 0.00592221 0.00344676
 0.00304907], ([0.00104025 0.00177991 0.00119655 0.00108375 0.00210469 0.00242116
 0.00180436]) 	 loss 4.569E-01 	 horizons 19.0
step 12963 	 return [0.00514739 0.00319609 0.00710966 0.003811   0.01009872 0.00840236
 0.00050485], ([0.00171933 0.00192013 0.00227419 0.00150622 0.00361964 0.00361411
 0.00107951]) 	 loss 4.833E-01 	 horizons 19.0
step 13153 	 return [0.0014245  0.00276021 0.00961616 0.00352052 0.01268729 0.00783267
 0.0011929 ], ([0.00201819 0.00174717 0.00261847 0.00079847 0.00378039 0.00484341
 0.0023912 ]) 	 loss 4.814E-01 	 horizons 19.0
step 13343 	 return [0.00461434 0.00442594 0.00877404 0.00362908 0.01023785 0.00840258
 0.00045761], ([0.00113577 0.00245764 0.0018718  0.00174346 0.00357163 0.00331571
 0.00137283]) 	 loss 4.760E-01 	 horizons 19.0
step 13533 	 return [0.00108404 0.00360561 0.00745027 0.00495583 0.01350184 0.00662997
 0.00182535], ([0.00135661 0.00142517 0.00241592 0.00150874 0.00328067 0.00513095
 0.00227955]) 	 loss 4.575E-01 	 horizons 19.0
step 13723 	 return [0.00029729 0.00169266 0.00697663 0.00565653 0.01299866 0.0052328
 0.00563645], ([0.00089186 0.0016269  0.00192191 0.00188212 0.00398107 0.00415891
 0.00188324]) 	 loss 4.523E-01 	 horizons 19.0
step 13913 	 return [0.00018689 0.00198188 0.00693907 0.00676577 0.01273966 0.00673617
 0.00664987], ([0.00056068 0.00172073 0.00145216 0.00167762 0.0031988  0.003762
 0.00154483]) 	 loss 4.560E-01 	 horizons 19.0
step 14103 	 return [0.00494744 0.00327557 0.00742775 0.0034084  0.01468088 0.0100031
 0.00172997], ([0.00125239 0.00155575 0.00243879 0.00104435 0.0041534  0.00404506
 0.00246799]) 	 loss 4.460E-01 	 horizons 19.0
step 14293 	 return [0.00590713 0.00125598 0.00675185 0.00718214 0.01177165 0.00809851
 0.00139591], ([0.0006299  0.00168734 0.00367947 0.00281409 0.0036545  0.00463548
 0.00223341]) 	 loss 4.168E-01 	 horizons 19.0
step 14483 	 return [0.00658299 0.00244392 0.00824788 0.00348168 0.0131864  0.00831896
 0.00170593], ([0.00109719 0.00202509 0.00198952 0.00136585 0.00321933 0.00411053
 0.00204561]) 	 loss 4.213E-01 	 horizons 19.0
step 14673 	 return [0.00037466 0.00096805 0.00677764 0.00653025 0.01265604 0.00753083
 0.00606695], ([0.00074932 0.00127519 0.00099183 0.00100285 0.00349219 0.00421459
 0.00102414]) 	 loss 4.213E-01 	 horizons 19.0
step 14863 	 return [0.0048668  0.00444706 0.00901239 0.00401833 0.01267644 0.00692279
 0.00082896], ([0.00104106 0.00151965 0.00291089 0.00196777 0.00263967 0.0043075
 0.00128067]) 	 loss 3.940E-01 	 horizons 19.0
step 15053 	 return [0.00287438 0.00434443 0.01027334 0.00667974 0.01547551 0.00751634
 0.00234058], ([0.00240502 0.00229781 0.00225599 0.00198665 0.00331841 0.00473775
 0.00278178]) 	 loss 3.907E-01 	 horizons 19.0
step 15243 	 return [0.00469279 0.00499221 0.01197247 0.00824943 0.01373407 0.00933653
 0.0016801 ], ([0.00091554 0.00269827 0.00348675 0.00243273 0.00296475 0.00319693
 0.00251374]) 	 loss 3.892E-01 	 horizons 19.0
step 15433 	 return [0.00069262 0.00398104 0.00809869 0.00578929 0.01298203 0.00973119
 0.004027  ], ([0.00145633 0.00217619 0.00152763 0.00183898 0.0037272  0.00376811
 0.00271915]) 	 loss 3.995E-01 	 horizons 19.0
step 15623 	 return [0.00560661 0.00383128 0.0078365  0.00427428 0.01412064 0.01075146
 0.00097925], ([0.00093575 0.00223932 0.00211398 0.00118969 0.00373219 0.00191351
 0.00195289]) 	 loss 3.779E-01 	 horizons 19.0
step 15813 	 return [0.01045894 0.00574625 0.00496932 0.00621696 0.00558974 0.00205988
 0.00300777], ([0.00226298 0.00068231 0.00026163 0.00066601 0.00121721 0.00108492
 0.00142079]) 	 loss 3.241E-01 	 horizons 19.0
step 16003 	 return [0.00015985 0.00325133 0.00718687 0.00737262 0.00953047 0.00298425
 0.00772598], ([0.00047956 0.00115756 0.00166669 0.00199349 0.00336566 0.00266815
 0.00223323]) 	 loss 3.484E-01 	 horizons 19.0
step 16193 	 return [0.01172936 0.00656279 0.00457028 0.0061011  0.00462807 0.00250007
 0.00362548], ([0.00097614 0.00091179 0.00076251 0.0004162  0.00178238 0.00127689
 0.00192778]) 	 loss 3.841E-01 	 horizons 19.0
step 16383 	 return [0.00537177 0.00412316 0.01058264 0.00810546 0.01776837 0.01101064
 0.00265907], ([0.00098206 0.00176673 0.00267787 0.00251557 0.0023243  0.0037269
 0.00300928]) 	 loss 3.296E-01 	 horizons 19.0
step 16573 	 return [0.00618373 0.00126256 0.00774038 0.00927029 0.01393804 0.00892749
 0.00606416], ([0.00025819 0.00153909 0.00183714 0.00102855 0.00242597 0.00270443
 0.00060922]) 	 loss 3.526E-01 	 horizons 19.0
step 16763 	 return [0.00574185 0.00335468 0.01040819 0.00397889 0.01680583 0.01162867
 0.00020176], ([0.00062632 0.00175531 0.0015447  0.00175518 0.00312412 0.00101199
 0.00060528]) 	 loss 3.266E-01 	 horizons 19.0
step 16953 	 return [0.00633763 0.00161036 0.00730362 0.00943976 0.01608777 0.00825522
 0.00597482], ([9.9675031e-05 1.5680454e-03 2.1002763e-03 1.3138478e-03 2.7589588e-03
 3.5522475e-03 1.9650615e-04]) 	 loss 3.361E-01 	 horizons 19.0
step 17143 	 return [0.00620881 0.00065271 0.00787589 0.00861195 0.01365997 0.01123548
 0.00546955], ([0.00018854 0.00106574 0.00201908 0.00103875 0.00202512 0.00238018
 0.00088412]) 	 loss 2.756E-01 	 horizons 19.0
step 17333 	 return [0.00548594 0.00441728 0.00776701 0.00414719 0.0157345  0.01239422
 0.00102255], ([0.00080756 0.00139277 0.00298052 0.00153511 0.00389699 0.00094547
 0.00211045]) 	 loss 3.004E-01 	 horizons 19.0
step 17523 	 return [0.00561554 0.00357376 0.01044142 0.00425968 0.01184148 0.00888364
 0.00074851], ([0.00065845 0.00195907 0.00194038 0.00132749 0.00227961 0.00331302
 0.00186749]) 	 loss 2.623E-01 	 horizons 19.0
step 17713 	 return [0.00630213 0.00225523 0.00709718 0.01010034 0.01640598 0.0089227
 0.00587526], ([1.5828709e-05 1.7091957e-03 1.7057764e-03 3.9136253e-04 1.7384050e-03
 1.0041306e-03 9.8556906e-05]) 	 loss 2.574E-01 	 horizons 19.0
step 17903 	 return [0.00524837 0.00433041 0.01186687 0.00649476 0.01719916 0.011983
 0.0015313 ], ([0.00085909 0.00198185 0.00192855 0.00235305 0.00248167 0.00101695
 0.00225137]) 	 loss 2.497E-01 	 horizons 19.0
step 18093 	 return [0.00075439 0.00558163 0.00821534 0.0031372  0.01727614 0.01345034
 0.00571971], ([0.00100887 0.00162081 0.00170398 0.00265029 0.00222884 0.00104287
 0.00097784]) 	 loss 2.584E-01 	 horizons 19.0
step 18283 	 return [0.00608661 0.00195584 0.00672689 0.00996388 0.01682971 0.00793663
 0.0057547 ], ([0.00059565 0.00203486 0.00156818 0.00067447 0.00121362 0.00108703
 0.00015391]) 	 loss 2.472E-01 	 horizons 19.0
step 18473 	 return [0.00617719 0.00345219 0.0061605  0.00560962 0.01894125 0.01254382
 0.00569016], ([0.00026802 0.00108598 0.00055491 0.00045014 0.00017888 0.00270509
 0.00190334]) 	 loss 2.186E-01 	 horizons 19.0
step 18663 	 return [0.0056422  0.00375772 0.01107337 0.00631992 0.02063191 0.01247175
 0.        ], ([0.00056446 0.0007492  0.0016136  0.00297829 0.00224806 0.00083739
 0.        ]) 	 loss 2.301E-01 	 horizons 19.0
step 18853 	 return [0.00059916 0.00495181 0.00772005 0.00407054 0.0157526  0.01376937
 0.00431034], ([0.00073381 0.00060203 0.00157912 0.00150293 0.00181038 0.00074415
 0.00233803]) 	 loss 2.107E-01 	 horizons 19.0
step 19043 	 return [0.00630323 0.00141049 0.00862364 0.0101599  0.01467207 0.01050178
 0.00572072], ([2.6532025e-05 1.7661443e-03 1.9594063e-03 1.4485302e-03 1.8492889e-03
 2.0580073e-03 5.9193152e-04]) 	 loss 2.090E-01 	 horizons 19.0
step 19233 	 return [0.00697236 0.00071045 0.00660172 0.00674184 0.01726542 0.01231852
 0.00445061], ([0.0016603  0.00161576 0.00100731 0.00200876 0.00158656 0.00093494
 0.00291518]) 	 loss 2.013E-01 	 horizons 19.0
step 19423 	 return [0.00627346 0.00190076 0.00652219 0.00961036 0.01355927 0.00608401
 0.00596213], ([4.0257593e-05 1.8500593e-03 1.0029511e-03 5.7163573e-04 5.1112142e-03
 4.0446827e-03 2.0838639e-04]) 	 loss 1.913E-01 	 horizons 19.0
step 19613 	 return [0.00607141 0.00279419 0.00717779 0.00993657 0.01614189 0.00893127
 0.00587322], ([0.00071817 0.00180108 0.00160549 0.00061932 0.00202943 0.00134486
 0.00047043]) 	 loss 1.706E-01 	 horizons 19.0
step 19803 	 return [0.00755472 0.00095516 0.00717149 0.00653478 0.01700003 0.01254608
 0.0052547 ], ([0.00098263 0.0019181  0.00219421 0.00131676 0.00179374 0.00038501
 0.00207807]) 	 loss 1.575E-01 	 horizons 19.0
step 19993 	 return [7.7226311e-03 6.9505797e-05 6.3112229e-03 6.4092688e-03 1.6983490e-02
 1.2754625e-02 6.2225619e-03], ([0.00073733 0.00020852 0.00053435 0.0013062  0.00217581 0.0004771
 0.00017784]) 	 loss 1.632E-01 	 horizons 19.0
step 20183 	 return [0.00595544 0.00341949 0.01207983 0.00363056 0.02135716 0.01274701
 0.00127234], ([0.00054741 0.00132008 0.0015476  0.00057316 0.00141965 0.00060955
 0.00254467]) 	 loss 1.566E-01 	 horizons 19.0
step 20373 	 return [0.00612436 0.00307775 0.00664988 0.00545985 0.01522696 0.01051894
 0.00358571], ([0.00102596 0.00178816 0.00226029 0.0016373  0.00291736 0.00229169
 0.0024927 ]) 	 loss 1.494E-01 	 horizons 19.0
step 20563 	 return [0.00625169 0.0033622  0.00633224 0.00598561 0.01823287 0.01319693
 0.00611944], ([0.00018703 0.00040922 0.00085743 0.00030942 0.00158197 0.00051062
 0.00092548]) 	 loss 1.601E-01 	 horizons 19.0
step 20753 	 return [0.00644459 0.00369316 0.00584888 0.00571051 0.01859823 0.01310491
 0.00555428], ([0.00044268 0.00061322 0.00055823 0.00037406 0.00051881 0.00053848
 0.00156223]) 	 loss 1.530E-01 	 horizons 19.0
step 20943 	 return [0.00656314 0.00427234 0.0050999  0.00665113 0.01817356 0.0134821
 0.00567608], ([0.00079679 0.00067446 0.00150459 0.00106345 0.00064032 0.00031461
 0.00189868]) 	 loss 1.244E-01 	 horizons 19.0
step 21133 	 return [0.00795043 0.         0.00664491 0.00560247 0.01775969 0.01301792
 0.00626144], ([0.00057079 0.         0.0013026  0.00074048 0.00118913 0.00068658
 0.00010044]) 	 loss 1.356E-01 	 horizons 19.0
step 21323 	 return [0.00796056 0.00032059 0.00630971 0.00564025 0.01824821 0.01285554
 0.00633651], ([7.1955507e-04 9.6177694e-04 5.0372822e-04 7.4622949e-04 3.4226585e-04
 1.7161992e-04 9.9880002e-05]) 	 loss 1.166E-01 	 horizons 19.0
step 21513 	 return [0.00461173 0.00403092 0.00908491 0.00714136 0.01762483 0.00667833
 0.00270792], ([0.00082166 0.00291975 0.00179779 0.00239835 0.00247171 0.00307841
 0.0025018 ]) 	 loss 1.174E-01 	 horizons 19.0
step 21703 	 return [0.00592162 0.00401558 0.00779608 0.00519732 0.01875339 0.01325833
 0.00613166], ([0.00058089 0.000876   0.00286731 0.0012498  0.00139797 0.00045028
 0.00078958]) 	 loss 9.668E-02 	 horizons 19.0
step 21893 	 return [0.00620041 0.00249191 0.00588126 0.01030951 0.01767706 0.00810312
 0.00508403], ([0.00020704 0.00163879 0.00042415 0.00174367 0.00172308 0.00326278
 0.00154192]) 	 loss 1.139E-01 	 horizons 19.0
step 22083 	 return [0.00607437 0.0037053  0.00676623 0.00548543 0.01880495 0.01349769
 0.00642375], ([2.9207903e-04 6.2981062e-04 1.1878283e-03 7.5051462e-04 4.1985794e-04
 2.7420829e-04 8.7715118e-05]) 	 loss 1.043E-01 	 horizons 19.0
step 22273 	 return [0.00629775 0.00322196 0.0059644  0.01024988 0.01782881 0.00836492
 0.00581565], ([3.9407528e-06 9.4747852e-04 9.5352525e-06 7.6273369e-05 1.9243622e-04
 6.0530474e-05 1.7191560e-05]) 	 loss 8.944E-02 	 horizons 19.0
step 22463 	 return [0.00629868 0.00387956 0.00626987 0.0055828  0.01860763 0.01316991
 0.00568167], ([0.00032253 0.00070273 0.00030148 0.00045173 0.00063854 0.00090575
 0.00190031]) 	 loss 8.944E-02 	 horizons 19.0
step 22653 	 return [0.00619735 0.00369093 0.0096269  0.01005016 0.01695805 0.00867453
 0.00591884], ([2.0911469e-04 1.2303344e-03 1.3627401e-03 9.8819414e-04 2.6010416e-04
 1.4549965e-04 4.8260110e-05]) 	 loss 8.517E-02 	 horizons 19.0
step 22843 	 return [0.00581483 0.00442569 0.01008225 0.00525602 0.01952071 0.01248622
 0.00451174], ([0.0002239  0.00067198 0.00212504 0.00165043 0.00144837 0.00103591
 0.00183769]) 	 loss 8.826E-02 	 horizons 19.0
step 23033 	 return [0.00586351 0.00474385 0.0094485  0.00645395 0.02009196 0.01333629
 0.00650148], ([0.00065329 0.00159883 0.00164221 0.00196447 0.0012183  0.00034363
 0.00102382]) 	 loss 8.946E-02 	 horizons 19.0
step 23223 	 return [0.00648429 0.00401198 0.00537958 0.00708404 0.01802943 0.01360455
 0.00643639], ([8.5292099e-04 5.4957229e-04 1.0370329e-03 7.8017387e-04 5.3866341e-04
 2.1640000e-04 9.1535141e-05]) 	 loss 8.875E-02 	 horizons 19.0
step 23413 	 return [0.00597291 0.00361846 0.0067757  0.00563773 0.01863293 0.01336113
 0.00641298], ([7.5335195e-04 6.7109754e-04 1.2706373e-03 5.5153569e-04 8.8331365e-04
 2.6555205e-04 9.7419834e-05]) 	 loss 8.737E-02 	 horizons 19.0
step 23603 	 return [0.00615772 0.00456484 0.00559886 0.00485217 0.01748883 0.01261626
 0.00393927], ([0.00047113 0.00042157 0.00109533 0.00109741 0.00135643 0.0008386
 0.00197949]) 	 loss 8.395E-02 	 horizons 19.0
step 23793 	 return [0.00630343 0.00409675 0.00970188 0.01052073 0.01680075 0.0087139
 0.00592192], ([4.656613e-10 4.656613e-10 9.313226e-10 0.000000e+00 0.000000e+00
 9.313226e-10 4.656613e-10]) 	 loss 7.217E-02 	 horizons 19.0
step 23983 	 return [0.00606452 0.00354681 0.00714038 0.00515236 0.01901136 0.01301911
 0.00619073], ([0.00026938 0.00059797 0.00169442 0.00105287 0.00047871 0.00083072
 0.00058312]) 	 loss 7.756E-02 	 horizons 19.0
step 24173 	 return [0.00601677 0.00447261 0.00593437 0.00519361 0.01811661 0.01339553
 0.00606448], ([0.00054195 0.00080746 0.00056686 0.00121446 0.0009238  0.0005142
 0.00050399]) 	 loss 6.732E-02 	 horizons 19.0
step 24363 	 return [0.00617481 0.00413273 0.00906748 0.00697716 0.0202852  0.01347101
 0.00687219], ([0.00014465 0.00076385 0.00215057 0.00154684 0.00110023 0.00014479
 0.00036707]) 	 loss 7.716E-02 	 horizons 19.0
step 24553 	 return [0.00632271 0.00416666 0.00647387 0.00557636 0.01894622 0.01364105
 0.00633907], ([2.5583291e-04 6.4325635e-04 3.2105987e-04 2.1129099e-04 3.9461607e-04
 2.4776708e-04 5.8616559e-05]) 	 loss 6.798E-02 	 horizons 19.0
step 24743 	 return [0.0060269  0.00435782 0.00895059 0.00697766 0.02002234 0.0134753
 0.00687293], ([0.00057249 0.00078881 0.00225553 0.00154569 0.00154165 0.00014163
 0.00036625]) 	 loss 9.273E-02 	 horizons 19.0
step 24933 	 return [0.00714678 0.00457098 0.0043987  0.00728106 0.01756359 0.01379223
 0.00637295], ([7.7725638e-04 3.0880971e-04 1.0842383e-03 7.6786143e-04 1.4455371e-04
 6.3816195e-05 1.2978390e-04]) 	 loss 7.498E-02 	 horizons 19.0
step 25123 	 return [0.00617897 0.00366659 0.00659214 0.00557294 0.01864057 0.01340871
 0.00633385], ([0.0002421  0.00058973 0.00114432 0.00059514 0.00030933 0.00027303
 0.00023904]) 	 loss 7.552E-02 	 horizons 19.0
step 25313 	 return [0.00690408 0.00469405 0.00588707 0.00508965 0.01831548 0.01378785
 0.00617655], ([0.00057446 0.00022815 0.00100331 0.00038795 0.00059559 0.00027635
 0.00024332]) 	 loss 8.294E-02 	 horizons 19.0
step 25503 	 return [0.00432002 0.00515897 0.0128689  0.0086757  0.01520283 0.01073315
 0.00669957], ([0.00031902 0.00040751 0.00150876 0.00106024 0.00044215 0.00187283
 0.00021373]) 	 loss 5.695E-02 	 horizons 19.0
step 25693 	 return [0.00631475 0.00463266 0.00627149 0.00586804 0.01778556 0.01354869
 0.00605123], ([0.00052479 0.00064419 0.00060734 0.000945   0.00132472 0.00066831
 0.00091991]) 	 loss 6.507E-02 	 horizons 19.0
step 25883 	 return [0.00616885 0.00417242 0.00978943 0.01039298 0.01667303 0.00881271
 0.00600154], ([0.00040373 0.00022701 0.00026263 0.00038325 0.00038313 0.00029642
 0.00023886]) 	 loss 7.273E-02 	 horizons 19.0
step 26073 	 return [0.00610939 0.00399154 0.00609483 0.00568077 0.01859295 0.01343452
 0.00627555], ([0.00033733 0.00099256 0.00056493 0.0008618  0.00065211 0.00022275
 0.00028077]) 	 loss 5.437E-02 	 horizons 19.0
step 26263 	 return [0.00431814 0.00497207 0.01350756 0.00858926 0.0164756  0.01358506
 0.00644594], ([0.00063905 0.00029722 0.00129374 0.00119694 0.00180067 0.00029429
 0.00115389]) 	 loss 6.229E-02 	 horizons 19.0
step 26453 	 return [0.00620924 0.00464361 0.01051339 0.00744337 0.01995045 0.01377788
 0.00738824], ([7.4644769e-05 4.9062382e-04 1.5170544e-03 1.0219477e-03 1.9963337e-03
 4.6590494e-04 6.6298549e-04]) 	 loss 6.279E-02 	 horizons 19.0
step 26643 	 return [0.00629187 0.00349398 0.00600715 0.00544071 0.01877896 0.0132711
 0.0062485 ], ([5.4419434e-05 4.5774475e-04 1.4975951e-04 6.9122971e-04 9.7698059e-05
 1.0801517e-05 2.4673971e-04]) 	 loss 7.377E-02 	 horizons 19.0
step 26833 	 return [0.0056881  0.00434298 0.00644882 0.00538528 0.01757104 0.01282601
 0.00608688], ([0.00070294 0.00056605 0.0014622  0.00110822 0.00215245 0.00149898
 0.00060509]) 	 loss 7.512E-02 	 horizons 19.0
step 27023 	 return [0.00419182 0.0083911  0.01107992 0.00824376 0.01834935 0.01367753
 0.00881396], ([4.2325805e-06 1.6575764e-03 1.1093939e-03 5.9254968e-04 7.5784524e-04
 2.2285804e-04 9.8723988e-04]) 	 loss 6.929E-02 	 horizons 19.0
step 27213 	 return [0.00610883 0.00412338 0.00767855 0.00634211 0.01554604 0.01301813
 0.00815037], ([0.00042923 0.00139786 0.00243025 0.00111953 0.00064412 0.00130716
 0.00100331]) 	 loss 7.523E-02 	 horizons 19.0
step 27403 	 return [0.00656218 0.00497096 0.00518559 0.0048952  0.01765267 0.01360786
 0.00577188], ([0.00065687 0.00057568 0.00075848 0.00038802 0.00049392 0.00049951
 0.00091865]) 	 loss 7.576E-02 	 horizons 19.0
step 27593 	 return [0.00658255 0.00498007 0.00545513 0.00469115 0.01804363 0.01378964
 0.00613158], ([0.00075125 0.00037999 0.00070404 0.00087607 0.00092843 0.00020674
 0.00015303]) 	 loss 5.939E-02 	 horizons 19.0
step 27783 	 return [0.00433949 0.00567049 0.01074888 0.00871954 0.01477272 0.00835337
 0.00510318], ([0.00071332 0.00125554 0.00191549 0.00095368 0.00102415 0.00143527
 0.00188028]) 	 loss 6.523E-02 	 horizons 19.0
step 27973 	 return [0.0061771  0.00460019 0.01032209 0.00789047 0.02094531 0.01355724
 0.00709551], ([5.0132861e-05 4.6862708e-04 1.4056325e-03 6.6574733e-04 7.0079806e-04
 9.3025992e-05 2.2849459e-04]) 	 loss 6.162E-02 	 horizons 19.0
step 28163 	 return [0.00624954 0.00469269 0.00603631 0.00483368 0.01831763 0.01354112
 0.00605155], ([0.00047934 0.00055419 0.00037789 0.00046427 0.00066648 0.00028853
 0.00020734]) 	 loss 5.801E-02 	 horizons 19.0
step 28353 	 return [0.00654238 0.00479608 0.00448902 0.00638197 0.01795422 0.01342173
 0.0058003 ], ([0.00082137 0.0007056  0.00085442 0.00131142 0.00073708 0.00047545
 0.00113516]) 	 loss 5.191E-02 	 horizons 19.0
step 28543 	 return [0.00622159 0.00398274 0.00624255 0.0057969  0.01854829 0.01351397
 0.00635078], ([0.00035715 0.00086371 0.00039327 0.00072204 0.00062801 0.00027362
 0.00016352]) 	 loss 6.636E-02 	 horizons 19.0
step 28733 	 return [0.00597527 0.00488832 0.01076079 0.00822687 0.0204216  0.0133131
 0.00705901], ([5.5536232e-04 3.9573995e-04 8.9539681e-05 3.4347503e-04 2.2719479e-03
 8.2545291e-04 3.3802181e-04]) 	 loss 5.482E-02 	 horizons 19.0
step 28923 	 return [0.00597676 0.00482644 0.01035622 0.00764341 0.02072314 0.01356832
 0.00710142], ([5.5087917e-04 2.1011615e-04 1.3032457e-03 1.4069100e-03 1.3673197e-03
 5.9780570e-05 2.1076380e-04]) 	 loss 5.457E-02 	 horizons 19.0
step 29113 	 return [0.00490715 0.00537457 0.01103678 0.00927808 0.01587297 0.01072116
 0.00666612], ([0.00094134 0.00124253 0.00163105 0.00097339 0.00092885 0.00191201
 0.00089432]) 	 loss 4.529E-02 	 horizons 19.0
step 29303 	 return [0.00670915 0.00459541 0.00657429 0.00539782 0.01845301 0.0138688
 0.00635392], ([4.3420171e-04 4.8814941e-04 6.6473061e-04 2.0808091e-04 6.1532803e-04
 2.3120904e-04 8.8705077e-05]) 	 loss 4.368E-02 	 horizons 19.0
step 29493 	 return [0.00687813 0.00493298 0.00609826 0.00516064 0.01770541 0.01399023
 0.00630575], ([1.1200801e-04 1.6396688e-04 1.0404898e-03 2.2368871e-04 1.7165400e-04
 7.6857876e-05 1.3032260e-04]) 	 loss 4.607E-02 	 horizons 19.0
step 29683 	 return [0.00468888 0.00537912 0.01048587 0.00949008 0.01465904 0.01029837
 0.00637424], ([0.00045256 0.00079177 0.00016724 0.00068833 0.00094367 0.0005326
 0.00035156]) 	 loss 4.178E-02 	 horizons 19.0
step 29873 	 return [0.00557486 0.00470226 0.0100104  0.01020674 0.01559241 0.0095918
 0.0059644 ], ([8.6467917e-04 9.2083972e-04 4.0597600e-04 1.0460115e-03 1.3057026e-03
 1.0751610e-03 6.0051698e-05]) 	 loss 4.794E-02 	 horizons 19.0
step 30063 	 return [0.00434031 0.00868806 0.01061475 0.00848095 0.01829349 0.01349062
 0.00897798], ([0.00044064 0.00158447 0.0001274  0.0012929  0.00130256 0.00080836
 0.00098834]) 	 loss 5.491E-02 	 horizons 19.0
[1;34mwandb[0m: 
[1;34mwandb[0m: 🚀 View run [33mmotndp_xian-v0__GCN-xian-g7-spatial__789__1781491789[0m at: [34mhttps://wandb.ai/jingyuan-sun03-tu-delft/cl_ablation/runs/ybg14mqy[0m
[1;34mwandb[0m: Find logs at: [1;35mwandb/run-20260615_044950-ybg14mqy/logs[0m
