/home/SinJ/mo-transport-network-design/.venv/lib/python3.13/site-packages/pygame/pkgdata.py:25: UserWarning: pkg_resources is deprecated as an API. See https://setuptools.pypa.io/en/latest/pkg_resources.html. The pkg_resources package is slated for removal as early as 2025-11-30. Refrain from using this package or pin to Setuptools<81.
  from pkg_resources import resource_stream, resource_exists
wandb: [wandb.login()] Loaded credentials for https://api.wandb.ai from /home/SinJ/.netrc.
wandb: Currently logged in as: jingyuan-sun03 (jingyuan-sun03-tu-delft) to https://api.wandb.ai. Use `wandb login --relogin` to force relogin
wandb: setting up run fh1egs9w
wandb: Tracking run with wandb version 0.27.2
wandb: Run data is saved locally in /home/SinJ/mo-transport-network-design/wandb/run-20260615_042513-fh1egs9w
wandb: Run `wandb offline` to turn off syncing.
wandb: Syncing run motndp_xian-v0__GCN-xian-g7-temporal__123__1781490312
wandb: ⭐️ View project at https://wandb.ai/jingyuan-sun03-tu-delft/cl_ablation
wandb: 🚀 View run at https://wandb.ai/jingyuan-sun03-tu-delft/cl_ablation/runs/fh1egs9w
/home/SinJ/mo-transport-network-design/morl-baselines/morl_baselines/multi_policy/gcn/gcn.py:151: UserWarning: Creating a tensor from a list of numpy.ndarrays is extremely slow. Please consider converting the list to a single numpy.ndarray with numpy.array() before converting to a tensor. (Triggered internally at /pytorch/torch/csrc/utils/tensor_new.cpp:253.)
  th.tensor(obs).to(self.device),
Namespace(env='xian', nr_groups=7, starting_loc_x=9, starting_loc_y=19, nr_stations=20, lr=0.01, batch_size=256, num_er_episodes=100, num_step_episodes=10, num_model_updates=10, num_policies=10, max_buffer_size=200, nr_layers=1, hidden_dim=128, timesteps=30000, no_log=False, seed=123, cd_threshold=0.2, distance_ref='interpolate2', gcn_lambda=0.0, lambda_schedule='cosine', lambda_start=1.0, lambda_end=0.0, lambda_warmup_fraction=0.1, lambda_freeze_fraction=0.1, spatial_alpha=0.0, include_demand_context=False, criterion='lorenz', nash_mode='pareto_sized', nash_top_k=None, nash_shift=0.0, project_name='cl_ablation', experiment_name='GCN-xian-g7-temporal', wandb_entity=None)
step 1899 	 return [0.00077144 0.00274097 0.00565403 0.00446005 0.00493128 0.00315272
 0.00557595], ([0.00130834 0.00156818 0.00420811 0.00483578 0.00472999 0.00334447
 0.00437071]) 	 loss 1.946E+00 	 horizons 17.8
step 2059 	 return [0.0025596  0.00162497 0.00101761 0.00076501 0.00112793 0.0002692
 0.00065074], ([0.00200017 0.00162471 0.00082536 0.00098236 0.00197674 0.00061924
 0.00108079]) 	 loss 1.430E+00 	 horizons 16.0
step 2249 	 return [0.00293521 0.0038923  0.00548405 0.00440077 0.00560472 0.00373587
 0.0007212 ], ([0.00378339 0.0031386  0.00314991 0.00292667 0.00477439 0.00354125
 0.00190169]) 	 loss 1.082E+00 	 horizons 19.0
step 2439 	 return [0.00152845 0.00213001 0.00421542 0.00441982 0.00716067 0.00431509
 0.00569838], ([0.00385923 0.00192293 0.00269132 0.00258252 0.00458468 0.00276334
 0.00422164]) 	 loss 1.003E+00 	 horizons 19.0
step 2629 	 return [0.00387543 0.0032138  0.00513099 0.00479998 0.00504519 0.00352238
 0.00380712], ([0.00545181 0.00195661 0.00223398 0.00231982 0.00500644 0.00329405
 0.00458042]) 	 loss 9.440E-01 	 horizons 19.0
step 2795 	 return [0.001366   0.00261155 0.00129936 0.00095369 0.00207268 0.00112797
 0.00108368], ([0.00185911 0.00180742 0.00155581 0.00224126 0.00321291 0.00187495
 0.00182523]) 	 loss 9.401E-01 	 horizons 16.6
step 2985 	 return [0.00527927 0.00359486 0.003624   0.00303532 0.00215203 0.00302776
 0.00097394], ([0.00548499 0.00170249 0.00276146 0.00321862 0.00414986 0.0045441
 0.00218421]) 	 loss 9.032E-01 	 horizons 19.0
step 3175 	 return [0.00850191 0.00484871 0.00499178 0.00384573 0.00437733 0.00153212
 0.00143798], ([0.00699181 0.00124281 0.00235617 0.00123975 0.00552393 0.00246329
 0.0025547 ]) 	 loss 8.734E-01 	 horizons 19.0
step 3365 	 return [0.00477651 0.00381849 0.00454195 0.00426444 0.0036934  0.00226478
 0.00306987], ([0.00615068 0.00193506 0.0023841  0.00243442 0.00454067 0.00268015
 0.00405703]) 	 loss 8.173E-01 	 horizons 19.0
step 3555 	 return [0.00207898 0.00422687 0.00758421 0.00570899 0.00720109 0.00480796
 0.00421302], ([0.00213436 0.00216014 0.00318732 0.00306433 0.0043486  0.00302552
 0.00437685]) 	 loss 8.203E-01 	 horizons 19.0
step 3745 	 return [0.00487618 0.00493274 0.00604286 0.00398704 0.0045831  0.00285889
 0.0026622 ], ([0.00620828 0.00289064 0.00262291 0.00233894 0.00596032 0.00277416
 0.00419967]) 	 loss 8.086E-01 	 horizons 19.0
step 3935 	 return [0.00083842 0.00380037 0.00722084 0.00526356 0.00686812 0.00521818
 0.00275149], ([0.00167689 0.00189614 0.00287248 0.00147595 0.00512427 0.00299213
 0.00236547]) 	 loss 7.912E-01 	 horizons 19.0
step 4125 	 return [0.00690401 0.00514452 0.00670832 0.00470782 0.00280064 0.00254857
 0.00139548], ([0.00611412 0.00198753 0.00389884 0.00259401 0.00338587 0.0036814
 0.00282281]) 	 loss 7.625E-01 	 horizons 19.0
step 4315 	 return [0.00424205 0.00397307 0.00747602 0.00745314 0.00591962 0.00435795
 0.00387494], ([0.00469367 0.00267088 0.00340989 0.00382579 0.00461446 0.00343059
 0.00466054]) 	 loss 7.862E-01 	 horizons 19.0
step 4505 	 return [0.0045101  0.00337606 0.00478745 0.00242713 0.00407583 0.00307937
 0.00078613], ([0.00351172 0.00207691 0.00260198 0.00205624 0.00401569 0.00208239
 0.00157428]) 	 loss 7.200E-01 	 horizons 19.0
step 4695 	 return [0.00041676 0.00395173 0.00662258 0.00475633 0.00393024 0.00495705
 0.00280445], ([0.00125029 0.00254231 0.00457206 0.00181664 0.00386798 0.00431073
 0.00215277]) 	 loss 7.016E-01 	 horizons 19.0
step 4885 	 return [0.00068655 0.00447569 0.00715999 0.00609172 0.00804477 0.00401186
 0.00501577], ([0.00126358 0.00305075 0.00392838 0.0026516  0.00570908 0.00410085
 0.00376971]) 	 loss 6.835E-01 	 horizons 19.0
step 5075 	 return [0.00081457 0.00170077 0.0064627  0.00571901 0.00778311 0.00554908
 0.00588915], ([0.00162947 0.00141385 0.00325701 0.00244937 0.00458151 0.00406821
 0.00277171]) 	 loss 6.635E-01 	 horizons 19.0
step 5265 	 return [0.00054939 0.00469966 0.00893929 0.00741674 0.00669151 0.00468553
 0.00579416], ([0.00109872 0.00211564 0.00295607 0.0036492  0.0053983  0.00297295
 0.00506359]) 	 loss 6.655E-01 	 horizons 19.0
step 5455 	 return [0.00069241 0.00426621 0.00847017 0.00621442 0.00687679 0.00517646
 0.0036499 ], ([0.00139522 0.00174411 0.00359384 0.00264195 0.00554103 0.00339625
 0.00242263]) 	 loss 6.748E-01 	 horizons 19.0
step 5645 	 return [0.00156132 0.00376807 0.006329   0.00540123 0.01089411 0.00202185
 0.00484604], ([0.00277917 0.00225554 0.00264364 0.0023342  0.00502047 0.00243882
 0.00291195]) 	 loss 6.468E-01 	 horizons 19.0
step 5835 	 return [0.00355031 0.00282868 0.00648174 0.00677923 0.00573026 0.00416467
 0.0048104 ], ([0.00334373 0.00153111 0.00291677 0.0027262  0.00225921 0.00335497
 0.00480429]) 	 loss 6.340E-01 	 horizons 19.0
step 6025 	 return [0.00240997 0.00418877 0.0067744  0.00680291 0.00722525 0.00447776
 0.00401017], ([0.0037404  0.00276251 0.00281181 0.00383276 0.00446068 0.0039163
 0.00267917]) 	 loss 6.293E-01 	 horizons 19.0
step 6215 	 return [0.00442638 0.0045314  0.00801706 0.00632232 0.00401283 0.00352575
 0.00187804], ([0.00505765 0.00271688 0.00386736 0.00333645 0.00401916 0.00292483
 0.00316153]) 	 loss 6.426E-01 	 horizons 19.0
step 6405 	 return [0.01098257 0.00546075 0.00353409 0.00354376 0.00202181 0.00358052
 0.00080197], ([0.00399133 0.00103202 0.00200321 0.00102623 0.00229488 0.0051236
 0.00174258]) 	 loss 6.198E-01 	 horizons 19.0
step 6595 	 return [0.00024418 0.00731628 0.00934771 0.00712001 0.00766627 0.00556545
 0.00440781], ([0.00049189 0.00240092 0.0024039  0.00227719 0.00581027 0.00469223
 0.00263213]) 	 loss 5.767E-01 	 horizons 19.0
step 6785 	 return [0.0042788  0.0028721  0.00422155 0.0026575  0.00548453 0.00194073
 0.001313  ], ([0.00306416 0.00189524 0.0019424  0.00266702 0.00573086 0.00266968
 0.00268439]) 	 loss 5.961E-01 	 horizons 19.0
step 6975 	 return [0.00160943 0.00441345 0.00876786 0.0056379  0.00632444 0.00538873
 0.00353687], ([0.00181617 0.00162008 0.00260504 0.00182432 0.00375293 0.00381706
 0.00380135]) 	 loss 5.554E-01 	 horizons 19.0
step 7165 	 return [0.00308562 0.00336733 0.00546753 0.00445433 0.00813413 0.00520726
 0.00297705], ([0.00211451 0.00263444 0.00297297 0.00264135 0.0053142  0.0034623
 0.0035247 ]) 	 loss 5.512E-01 	 horizons 19.0
step 7355 	 return [0.00650742 0.00458083 0.00501565 0.00502069 0.00165416 0.00439295
 0.00275887], ([0.0023003  0.00238254 0.00235127 0.00180671 0.00162266 0.00240745
 0.00297851]) 	 loss 5.749E-01 	 horizons 19.0
step 7545 	 return [0.00061434 0.0033621  0.00820511 0.00875101 0.0088895  0.00641731
 0.00590749], ([0.00184303 0.00161403 0.00207714 0.00217552 0.0040761  0.00331909
 0.00393033]) 	 loss 5.735E-01 	 horizons 19.0
step 7735 	 return [0.00160199 0.0047225  0.00912836 0.00763746 0.00685104 0.00603971
 0.00476192], ([0.0025727  0.00201413 0.00317117 0.00351882 0.00275796 0.00296549
 0.00489104]) 	 loss 5.605E-01 	 horizons 19.0
step 7925 	 return [0.00568564 0.00405158 0.00932686 0.00472149 0.00600013 0.00292182
 0.00128169], ([0.0017131  0.00310762 0.0027257  0.00211269 0.00538989 0.00174504
 0.00197208]) 	 loss 5.465E-01 	 horizons 19.0
step 8115 	 return [0.00468145 0.0038217  0.00782702 0.00500629 0.00550823 0.00422507
 0.00425016], ([0.00290778 0.00185877 0.00285734 0.00148845 0.00443902 0.00279152
 0.0044186 ]) 	 loss 5.395E-01 	 horizons 19.0
step 8305 	 return [0.00444448 0.00439042 0.00526464 0.00622934 0.00586741 0.00461748
 0.00408957], ([0.00186612 0.0025864  0.00210946 0.00223965 0.00347871 0.00262579
 0.00353085]) 	 loss 5.408E-01 	 horizons 19.0
step 8495 	 return [0.01369428 0.00574315 0.00354752 0.00358162 0.00037098 0.
 0.        ], ([0.00158939 0.00052196 0.00108081 0.00135798 0.0001855  0.
 0.        ]) 	 loss 5.211E-01 	 horizons 19.0
step 8685 	 return [0.01286282 0.00593383 0.00292539 0.00349196 0.0006633  0.00095211
 0.00094666], ([0.00146871 0.00124257 0.00141622 0.00122203 0.00092801 0.00282326
 0.00206094]) 	 loss 5.095E-01 	 horizons 19.0
step 8875 	 return [0.00802345 0.00603744 0.00475299 0.00279769 0.00111435 0.00251327
 0.00034916], ([0.00397624 0.00107179 0.00178249 0.00116878 0.00146899 0.00283873
 0.00104747]) 	 loss 4.481E-01 	 horizons 19.0
step 9065 	 return [0.00142455 0.00632576 0.00974309 0.00705923 0.00616679 0.00501771
 0.0023739 ], ([0.00245901 0.00164515 0.00178651 0.00207803 0.00439147 0.00483862
 0.00155019]) 	 loss 4.561E-01 	 horizons 19.0
step 9255 	 return [0.01285735 0.00572205 0.00357543 0.0036647  0.00095187 0.00116033
 0.00036624], ([0.00155453 0.00091184 0.00155358 0.00101793 0.00126011 0.003481
 0.00109873]) 	 loss 4.599E-01 	 horizons 19.0
step 9445 	 return [0.01032392 0.00629378 0.0043084  0.00270582 0.00101604 0.00123974
 0.00038933], ([0.0035822  0.00110364 0.00106385 0.00099317 0.00116762 0.00338395
 0.001168  ]) 	 loss 4.093E-01 	 horizons 19.0
step 9635 	 return [0.00072326 0.00505079 0.01124876 0.00913557 0.00821844 0.00637284
 0.00288377], ([0.00188665 0.00163966 0.00311738 0.00208682 0.00293373 0.00372312
 0.00201382]) 	 loss 3.762E-01 	 horizons 19.0
step 9825 	 return [0.01373458 0.00635449 0.00338847 0.0039125  0.0003704  0.
 0.        ], ([0.00093065 0.00149839 0.00064511 0.00062386 0.0001852  0.
 0.        ]) 	 loss 4.055E-01 	 horizons 19.0
step 10015 	 return [0.01303294 0.00666656 0.00341186 0.00372525 0.00101268 0.00227783
 0.00093117], ([0.00210824 0.0018307  0.00163762 0.00100755 0.00137383 0.00377088
 0.00197214]) 	 loss 3.828E-01 	 horizons 19.0
step 10205 	 return [0.00074478 0.00514266 0.01151859 0.01031728 0.00731592 0.00551926
 0.00518726], ([0.00223433 0.00202502 0.00290284 0.00216896 0.00298344 0.00277882
 0.00416867]) 	 loss 3.469E-01 	 horizons 19.0
step 10395 	 return [0.01067641 0.00726282 0.00552602 0.00476704 0.00053565 0.00207221
 0.00118941], ([0.00319127 0.00173308 0.00310707 0.00208207 0.00100445 0.00226582
 0.00267206]) 	 loss 3.659E-01 	 horizons 19.0
step 10585 	 return [0.00529303 0.00389257 0.00654199 0.00568076 0.00816019 0.00393466
 0.0057972 ], ([0.00190282 0.00260388 0.00212728 0.00209738 0.00352315 0.00290608
 0.00404094]) 	 loss 3.293E-01 	 horizons 19.0
step 10775 	 return [0.00440751 0.00349572 0.00631636 0.00508136 0.00544318 0.00550439
 0.00259562], ([0.0006229  0.00200832 0.00145995 0.00155585 0.00397687 0.00201745
 0.00276976]) 	 loss 3.340E-01 	 horizons 19.0
step 10965 	 return [0.01244904 0.0073349  0.00405679 0.0042231  0.00063893 0.00136591
 0.00025935], ([0.00252988 0.0020596  0.00154876 0.00213486 0.0008913  0.00194423
 0.00077804]) 	 loss 3.438E-01 	 horizons 19.0
step 11155 	 return [0.00053877 0.00561657 0.01171777 0.00843346 0.01194618 0.00673698
 0.00356818], ([0.00128705 0.00235811 0.00277305 0.00310348 0.00308933 0.00464103
 0.00297929]) 	 loss 3.305E-01 	 horizons 19.0
step 11345 	 return [0.00758025 0.00512565 0.0076286  0.00557349 0.00455342 0.00411857
 0.00168792], ([0.00305032 0.00265943 0.00188245 0.00276351 0.00401503 0.00229138
 0.0021951 ]) 	 loss 3.388E-01 	 horizons 19.0
step 11535 	 return [0.00225944 0.00541496 0.01101644 0.00649592 0.00997677 0.00542906
 0.0021075 ], ([0.00245056 0.00226824 0.0028127  0.00190661 0.00454751 0.00354749
 0.00250068]) 	 loss 3.239E-01 	 horizons 19.0
step 11725 	 return [0.00230768 0.00176028 0.00610789 0.00776805 0.00865128 0.00600946
 0.01003985], ([0.00231643 0.00174649 0.00264576 0.00249553 0.00557424 0.00270539
 0.00312702]) 	 loss 3.338E-01 	 horizons 19.0
step 11915 	 return [0.0085133  0.00875324 0.00930097 0.00436091 0.002619   0.00366589
 0.00139348], ([0.00476839 0.00224693 0.00214641 0.00114692 0.0050232  0.00320234
 0.00278833]) 	 loss 3.261E-01 	 horizons 19.0
step 12105 	 return [0.00488942 0.00532909 0.00728198 0.00662259 0.00345099 0.00560243
 0.00202935], ([0.0016848  0.00115276 0.00184141 0.00193062 0.00184758 0.0018533
 0.00186441]) 	 loss 3.028E-01 	 horizons 19.0
step 12295 	 return [0.00617137 0.00330283 0.00499383 0.00754865 0.00914533 0.00554876
 0.00804043], ([0.00271524 0.00298637 0.00168957 0.00179267 0.00276164 0.00228467
 0.002628  ]) 	 loss 3.166E-01 	 horizons 19.0
step 12485 	 return [0.00079705 0.00477306 0.01213753 0.01119282 0.00903487 0.00662449
 0.00868161], ([0.00239114 0.00129218 0.00195889 0.00180628 0.00402455 0.00451564
 0.00416065]) 	 loss 3.060E-01 	 horizons 19.0
step 12675 	 return [0.00649773 0.00823285 0.0111028  0.00417573 0.00110101 0.00288056
 0.00050032], ([0.00197093 0.00089499 0.00144462 0.00201464 0.00099512 0.00088884
 0.00150097]) 	 loss 2.791E-01 	 horizons 19.0
step 12865 	 return [0.00192143 0.00598117 0.00930391 0.00519927 0.00523307 0.00611476
 0.0014924 ], ([0.00241033 0.00210136 0.0022559  0.00253197 0.00384611 0.00291947
 0.00185979]) 	 loss 2.957E-01 	 horizons 19.0
step 13055 	 return [0.00359622 0.00496229 0.00840559 0.00638971 0.01097049 0.0045631
 0.00682129], ([0.00123086 0.00162328 0.00159146 0.00214489 0.00384967 0.00260974
 0.00278137]) 	 loss 2.835E-01 	 horizons 19.0
step 13245 	 return [0.00722326 0.00549939 0.00719401 0.00698842 0.0053538  0.00490633
 0.00436738], ([0.00167281 0.00215632 0.00301513 0.00185884 0.00276437 0.00146896
 0.00325327]) 	 loss 2.890E-01 	 horizons 19.0
step 13435 	 return [0.01091775 0.00749018 0.00199446 0.00557776 0.00278995 0.00771829
 0.00387976], ([0.00024389 0.00105029 0.0016707  0.00104569 0.00155829 0.00344553
 0.00086333]) 	 loss 2.672E-01 	 horizons 19.0
step 13625 	 return [0.00052024 0.00578834 0.01090276 0.01136379 0.01472206 0.00572496
 0.00921151], ([0.00156072 0.0026149  0.00155092 0.0029365  0.00423237 0.0041
 0.0026219 ]) 	 loss 2.669E-01 	 horizons 19.0
step 13815 	 return [0.00662665 0.00772496 0.01011745 0.00440836 0.00294271 0.00284445
 0.00023121], ([0.00216205 0.00167574 0.00263974 0.00178946 0.00307392 0.00105673
 0.00069363]) 	 loss 2.765E-01 	 horizons 19.0
step 14005 	 return [0.01065904 0.0067295  0.00069156 0.00541066 0.00307634 0.00864667
 0.00428199], ([9.1773472e-05 8.0545869e-04 8.6459395e-04 7.5436651e-04 1.4340450e-03
 3.5994553e-03 1.6279541e-03]) 	 loss 2.625E-01 	 horizons 19.0
step 14195 	 return [0.00098028 0.00449306 0.0088647  0.00780934 0.01533579 0.00997546
 0.0062158 ], ([0.00196069 0.00151454 0.0017963  0.0035063  0.00241348 0.00259928
 0.00347586]) 	 loss 2.332E-01 	 horizons 19.0
step 14385 	 return [0.00741787 0.00885541 0.01095932 0.0047187  0.00092822 0.00264501
 0.        ], ([0.00155852 0.00115188 0.00172441 0.00101524 0.00093286 0.00028548
 0.        ]) 	 loss 2.413E-01 	 horizons 19.0
step 14575 	 return [0.0122837  0.00756    0.00354272 0.00512761 0.00256133 0.00397162
 0.00227118], ([0.00179607 0.00124488 0.00070949 0.00165572 0.00166681 0.00265221
 0.00157098]) 	 loss 2.212E-01 	 horizons 19.0
step 14765 	 return [0.0076339  0.00495322 0.00729331 0.00759928 0.00657199 0.00490917
 0.00412564], ([0.00199855 0.00299875 0.00262014 0.00238781 0.00308111 0.00254332
 0.0028816 ]) 	 loss 2.166E-01 	 horizons 19.0
step 14955 	 return [0.00895829 0.00610686 0.01159241 0.00639343 0.00727156 0.00427655
 0.00132401], ([0.00257701 0.0019211  0.00301273 0.00186781 0.00565574 0.00402412
 0.00267744]) 	 loss 2.425E-01 	 horizons 19.0
step 15145 	 return [0.00570766 0.0022115  0.00591672 0.0088458  0.01077824 0.00618781
 0.0097694 ], ([0.00092725 0.00065164 0.00204812 0.00192457 0.00199015 0.00113069
 0.00103966]) 	 loss 2.345E-01 	 horizons 19.0
step 15335 	 return [0.01580754 0.00714019 0.00427367 0.00481092 0.00032484 0.00078336
 0.        ], ([0.0012583  0.00203385 0.00187815 0.00059384 0.00021266 0.00119661
 0.        ]) 	 loss 2.115E-01 	 horizons 19.0
step 15525 	 return [0.01299239 0.00788137 0.00450237 0.00440651 0.0009253  0.00209731
 0.00077804], ([0.00147085 0.00125289 0.00183172 0.00251597 0.00131936 0.00271105
 0.00118848]) 	 loss 2.120E-01 	 horizons 19.0
step 15715 	 return [0.00022777 0.00484772 0.01022214 0.01026378 0.01431568 0.00785979
 0.00872011], ([0.0003482  0.00102613 0.00148101 0.00137861 0.00212841 0.0036823
 0.00146264]) 	 loss 2.111E-01 	 horizons 19.0
step 15905 	 return [0.00493599 0.00167592 0.00521123 0.00706078 0.00859393 0.00662662
 0.0111183 ], ([0.00100017 0.00119679 0.00193108 0.00108262 0.00128141 0.00266049
 0.00117579]) 	 loss 2.040E-01 	 horizons 19.0
step 16095 	 return [0.0051657  0.00212724 0.00751386 0.00759311 0.01174553 0.00707211
 0.00972881], ([0.00065768 0.00123167 0.0025192  0.00204737 0.00220592 0.00234824
 0.00119274]) 	 loss 2.097E-01 	 horizons 19.0
step 16285 	 return [0.0045747  0.00258896 0.00976352 0.00764638 0.0109421  0.00685943
 0.0091512 ], ([0.00053891 0.00191276 0.00169263 0.00149996 0.00270106 0.00197098
 0.00108182]) 	 loss 2.239E-01 	 horizons 19.0
step 16475 	 return [0.0106685  0.00727521 0.00165641 0.00500726 0.00171495 0.00486406
 0.00530968], ([0.00016923 0.00090707 0.00079554 0.00074794 0.00120401 0.00263621
 0.00198033]) 	 loss 2.256E-01 	 horizons 19.0
step 16665 	 return [0.00385236 0.00447489 0.01093101 0.00954017 0.01606431 0.00760455
 0.00787769], ([0.00133827 0.00234383 0.00210497 0.00157456 0.00366147 0.00234056
 0.00304761]) 	 loss 2.154E-01 	 horizons 19.0
step 16855 	 return [0.00417086 0.00399964 0.00852621 0.00777855 0.01156886 0.00494444
 0.00938477], ([0.00070831 0.00158567 0.00128718 0.00188339 0.00164953 0.00208375
 0.00193556]) 	 loss 2.335E-01 	 horizons 19.0
step 17045 	 return [0.0112276  0.00845872 0.00377506 0.00522237 0.00414919 0.00577391
 0.00361202], ([3.8251277e-05 3.9432722e-05 1.5476000e-04 5.6458852e-04 1.0636185e-03
 7.4289413e-04 8.9653756e-04]) 	 loss 2.387E-01 	 horizons 19.0
step 17235 	 return [0.0051401  0.00234578 0.00673227 0.00646528 0.00938587 0.00480629
 0.01014454], ([0.0008308  0.00150418 0.0020425  0.00198204 0.00169851 0.0024955
 0.00142409]) 	 loss 2.240E-01 	 horizons 19.0
step 17425 	 return [0.01124143 0.00848304 0.0037217  0.00512004 0.00493745 0.00559818
 0.0040964 ], ([9.0599431e-05 5.6815352e-05 4.6688589e-04 4.4440466e-04 1.9216173e-03
 7.9943973e-04 1.0572430e-03]) 	 loss 2.145E-01 	 horizons 19.0
step 17615 	 return [0.00643691 0.00171433 0.00619865 0.00975503 0.01071949 0.00651063
 0.01023967], ([0.00056604 0.00061601 0.00126695 0.00112633 0.00127147 0.00128094
 0.00154129]) 	 loss 1.839E-01 	 horizons 19.0
step 17805 	 return [0.00031137 0.00755617 0.01129603 0.0097916  0.01593125 0.01297648
 0.00345861], ([0.00093412 0.00180633 0.0025185  0.00189663 0.00379573 0.00188824
 0.00120306]) 	 loss 1.992E-01 	 horizons 19.0
step 17995 	 return [0.0044387  0.00435188 0.01190128 0.00825188 0.01780917 0.00672535
 0.01046567], ([0.00025116 0.00229095 0.00160583 0.00128458 0.00194508 0.0040844
 0.00123835]) 	 loss 1.945E-01 	 horizons 19.0
step 18185 	 return [0.00460783 0.00327922 0.01080847 0.00789606 0.01662892 0.0102475
 0.00842773], ([0.00074016 0.00109493 0.00249956 0.00204797 0.00239005 0.00328975
 0.00213882]) 	 loss 2.029E-01 	 horizons 19.0
step 18375 	 return [0.00467302 0.00383371 0.01050442 0.00803999 0.01757824 0.01247231
 0.00750888], ([0.00063019 0.0019054  0.00200289 0.00268734 0.00244025 0.00312706
 0.00164553]) 	 loss 1.799E-01 	 horizons 19.0
step 18565 	 return [0.00450909 0.00455205 0.01197233 0.00647898 0.01903293 0.01093299
 0.01037319], ([0.00018907 0.00235498 0.00156831 0.00148253 0.00157719 0.00356363
 0.00169286]) 	 loss 1.859E-01 	 horizons 19.0
step 18755 	 return [0.00463855 0.00379274 0.01121244 0.01052338 0.01633555 0.00619897
 0.00959872], ([0.00055392 0.00146787 0.00130222 0.00227212 0.00312714 0.00265583
 0.00132122]) 	 loss 1.793E-01 	 horizons 19.0
step 18945 	 return [0.00434697 0.00632062 0.013665   0.01096342 0.01788467 0.00322015
 0.00928381], ([0.00015283 0.00217318 0.00214045 0.00179946 0.0024861  0.0035837
 0.00117712]) 	 loss 1.869E-01 	 horizons 19.0
step 19135 	 return [0.00443878 0.00400076 0.0111646  0.00937805 0.01733299 0.00860158
 0.01021579], ([0.0003004  0.00055661 0.00048157 0.00194601 0.00217126 0.0020476
 0.00153143]) 	 loss 1.624E-01 	 horizons 19.0
step 19325 	 return [0.00045757 0.00585341 0.01323457 0.00769405 0.01850393 0.01252551
 0.00961933], ([0.00113517 0.00205933 0.00298982 0.002945   0.00293009 0.00348703
 0.00248212]) 	 loss 1.606E-01 	 horizons 19.0
step 19515 	 return [0.00442984 0.00437426 0.01168542 0.00637529 0.01745356 0.01237226
 0.00713413], ([7.0820744e-05 1.9659407e-03 2.1551759e-03 1.6993935e-03 1.5176324e-03
 4.5853318e-03 9.9678931e-04]) 	 loss 1.572E-01 	 horizons 19.0
step 19705 	 return [0.0047189  0.00398524 0.01120652 0.00861562 0.01577173 0.00589234
 0.00989475], ([0.00069438 0.00155302 0.00202696 0.00166703 0.00243727 0.00350098
 0.00143732]) 	 loss 1.631E-01 	 horizons 19.0
step 19895 	 return [0.01121119 0.00845656 0.00352978 0.00627688 0.00293285 0.00676261
 0.00315727], ([6.5125889e-05 5.4988966e-05 5.9090281e-04 1.1548810e-03 7.3842355e-04
 8.6865906e-04 6.4744515e-04]) 	 loss 1.520E-01 	 horizons 19.0
step 20085 	 return [0.         0.00654256 0.01401616 0.00813967 0.01834972 0.01148534
 0.0095781 ], ([0.         0.00241422 0.00275004 0.00365008 0.00326173 0.00436579
 0.00228057]) 	 loss 1.466E-01 	 horizons 19.0
step 20275 	 return [0.         0.00660701 0.01390081 0.00773715 0.01880183 0.01170732
 0.01046781], ([0.         0.00242723 0.00240515 0.00319771 0.00194327 0.00324738
 0.00066218]) 	 loss 1.573E-01 	 horizons 19.0
step 20465 	 return [0.         0.00636905 0.01390607 0.01190494 0.01600973 0.01498101
 0.00758392], ([0.         0.00206592 0.00218261 0.00242536 0.00149748 0.00237917
 0.00130146]) 	 loss 1.619E-01 	 horizons 19.0
step 20655 	 return [0.         0.00716487 0.01292946 0.00537574 0.01685974 0.01311148
 0.01076417], ([0.         0.00167004 0.00269711 0.00218537 0.00151518 0.00196976
 0.00082619]) 	 loss 1.658E-01 	 horizons 19.0
step 20845 	 return [0.00455914 0.00538005 0.01402041 0.00696275 0.01817432 0.01359423
 0.00851472], ([0.00039664 0.00208653 0.00266583 0.0024872  0.00205588 0.00330569
 0.00133421]) 	 loss 1.262E-01 	 horizons 19.0
step 21035 	 return [0.00078433 0.00681277 0.01584196 0.00604385 0.01980381 0.01375078
 0.0089017 ], ([0.00156891 0.00241187 0.00281622 0.00234202 0.00183564 0.0032173
 0.0025377 ]) 	 loss 1.511E-01 	 horizons 19.0
step 21225 	 return [0.00543542 0.00212237 0.01035934 0.0093276  0.01441359 0.00676081
 0.01037335], ([0.000867   0.00062021 0.00072954 0.00079728 0.00102976 0.00182034
 0.00100679]) 	 loss 1.570E-01 	 horizons 19.0
step 21415 	 return [0.00083151 0.0033702  0.01085616 0.01034766 0.01413914 0.00703036
 0.01036868], ([0.00166473 0.00088213 0.00172573 0.0016568  0.00219272 0.00071959
 0.00049491]) 	 loss 1.616E-01 	 horizons 19.0
step 21605 	 return [0.00409328 0.00528193 0.01091329 0.0098223  0.01647859 0.0114479
 0.00704372], ([0.00022834 0.00123606 0.00073719 0.0028884  0.00288225 0.00322861
 0.00196367]) 	 loss 1.520E-01 	 horizons 19.0
step 21795 	 return [0.00444312 0.00839853 0.01679944 0.00538443 0.01998484 0.01454901
 0.01005386], ([0.00010046 0.00159088 0.00181595 0.00195236 0.00032574 0.00243622
 0.00018725]) 	 loss 1.422E-01 	 horizons 19.0
step 21985 	 return [0.0041073  0.00497605 0.01228171 0.00874997 0.01797017 0.01325371
 0.00828546], ([0.00149314 0.00138706 0.00267471 0.00176952 0.00159814 0.00205973
 0.00123097]) 	 loss 1.287E-01 	 horizons 19.0
step 22175 	 return [0.00429852 0.00531622 0.01125417 0.00933855 0.0169243  0.012723
 0.00753724], ([0.00045976 0.00149049 0.00148011 0.00239851 0.00179751 0.00219043
 0.00145728]) 	 loss 1.089E-01 	 horizons 19.0
step 22365 	 return [0.00475781 0.00222025 0.01087032 0.00922451 0.01525973 0.00673786
 0.00975866], ([0.00048846 0.0016591  0.00099831 0.0016118  0.0009324  0.00053352
 0.00218013]) 	 loss 1.462E-01 	 horizons 19.0
step 22555 	 return [0.00514074 0.00029596 0.01044083 0.00799916 0.01328947 0.00772929
 0.00964313], ([0.00027868 0.00051649 0.0013861  0.00085778 0.00264051 0.00138552
 0.00165   ]) 	 loss 1.451E-01 	 horizons 19.0
step 22745 	 return [0.         0.0085386  0.01653334 0.00916493 0.01809185 0.01554121
 0.0096379 ], ([0.         0.00224988 0.00188067 0.00254199 0.00201527 0.00101782
 0.00102615]) 	 loss 1.321E-01 	 horizons 19.0
step 22935 	 return [0.00499504 0.00305924 0.01093031 0.00559048 0.01976258 0.0108181
 0.00828367], ([0.00065198 0.0022136  0.00254901 0.0014273  0.00105218 0.00478217
 0.00120987]) 	 loss 1.166E-01 	 horizons 19.0
step 23125 	 return [0.0047124  0.00458983 0.01060083 0.00957148 0.01780275 0.01148793
 0.00671763], ([0.00166742 0.00156199 0.00076362 0.00177261 0.00280685 0.00223356
 0.00152969]) 	 loss 1.363E-01 	 horizons 19.0
step 23315 	 return [0.00447197 0.00373593 0.01251324 0.00550977 0.01913292 0.01531835
 0.00736326], ([4.6462014e-06 4.2002102e-06 1.3183749e-04 7.4669154e-04 1.5106811e-03
 1.0836770e-04 9.9805526e-05]) 	 loss 1.380E-01 	 horizons 19.0
step 23505 	 return [0.00416255 0.00470389 0.01067988 0.01033057 0.01720202 0.01317695
 0.00777401], ([9.0263042e-05 3.7503077e-04 4.1849181e-04 5.6802912e-04 8.3546399e-04
 2.2202227e-03 1.0609110e-03]) 	 loss 1.181E-01 	 horizons 19.0
step 23695 	 return [0.00484708 0.00571166 0.01212239 0.00490778 0.01878478 0.01433367
 0.00875061], ([0.00071024 0.00178483 0.00067535 0.00111697 0.00070018 0.0008718
 0.00123296]) 	 loss 1.179E-01 	 horizons 19.0
step 23885 	 return [0.00417189 0.00473598 0.01049195 0.009502   0.01698444 0.0125924
 0.00769306], ([0.00011328 0.00032999 0.00048331 0.00080882 0.00176056 0.00168864
 0.00077414]) 	 loss 9.385E-02 	 horizons 19.0
step 24075 	 return [0.00413459 0.00471881 0.0108118  0.0105508  0.01753916 0.01517443
 0.0074426 ], ([1.7119407e-06 1.3822886e-06 4.3680193e-04 4.8132063e-04 3.2412115e-04
 5.5255281e-04 1.0586397e-05]) 	 loss 1.019E-01 	 horizons 19.0
step 24265 	 return [0.00668314 0.00266209 0.00703049 0.00789964 0.01695139 0.01391222
 0.00752695], ([0.00018394 0.00165094 0.00118578 0.00092554 0.00070135 0.00203929
 0.0012748 ]) 	 loss 8.401E-02 	 horizons 19.0
step 24455 	 return [0.00420319 0.00508436 0.01044586 0.01005987 0.01656386 0.01244722
 0.00737364], ([0.00021594 0.00033248 0.0002335  0.00048052 0.00035548 0.00139505
 0.00011434]) 	 loss 8.436E-02 	 horizons 19.0
step 24645 	 return [0.00430506 0.00485586 0.01048359 0.00964375 0.01672383 0.01318061
 0.00740673], ([4.6861600e-04 6.3955937e-05 2.9653264e-04 4.0268936e-04 1.0377838e-03
 1.2214677e-04 1.8191907e-04]) 	 loss 7.647E-02 	 horizons 19.0
step 24835 	 return [0.00484578 0.0043699  0.01228362 0.00588339 0.01865454 0.00962238
 0.00757342], ([0.00064554 0.00173643 0.0012584  0.00093942 0.00209511 0.00354747
 0.0009737 ]) 	 loss 8.889E-02 	 horizons 19.0
step 25025 	 return [0.00508685 0.00579597 0.01135278 0.00617616 0.01911717 0.01308207
 0.00761411], ([0.00079294 0.00207916 0.00063692 0.00215029 0.0008098  0.00252424
 0.00098673]) 	 loss 1.015E-01 	 horizons 19.0
step 25215 	 return [0.         0.00974584 0.01696743 0.00805175 0.01889095 0.01520414
 0.00999076], ([0.         0.00081364 0.00151236 0.00125657 0.00076455 0.00068749
 0.00016851]) 	 loss 6.195E-02 	 horizons 19.0
step 25405 	 return [0.00413417 0.00514432 0.01071241 0.0100771  0.01702316 0.01400637
 0.00743323], ([5.6381114e-06 1.2353557e-03 3.4963409e-04 7.4711867e-04 5.8196543e-04
 8.7488303e-04 3.9729450e-05]) 	 loss 6.822E-02 	 horizons 19.0
step 25595 	 return [0.00447259 0.00750363 0.01127988 0.00423725 0.0187204  0.01340724
 0.01007338], ([1.7799151e-05 5.4984418e-04 1.2240924e-03 2.1231045e-04 1.3448850e-03
 1.6791781e-04 4.0760977e-04]) 	 loss 6.301E-02 	 horizons 19.0
step 25785 	 return [0.00435342 0.00483916 0.01062297 0.00961813 0.01650409 0.01129967
 0.0077894 ], ([0.00046271 0.00095591 0.00053558 0.00045494 0.00119394 0.00213571
 0.00126549]) 	 loss 6.383E-02 	 horizons 19.0
step 25975 	 return [0.00450077 0.00881761 0.0176331  0.00428547 0.02000326 0.01535213
 0.00981205], ([2.7755152e-05 1.1402858e-05 1.4786073e-04 2.0544456e-04 2.1008609e-04
 9.1963766e-06 2.5256703e-04]) 	 loss 6.221E-02 	 horizons 19.0
step 26165 	 return [0.0062952  0.00599713 0.01099337 0.00518579 0.01809167 0.01386707
 0.0087919 ], ([0.00063341 0.00061243 0.00048379 0.0013191  0.00224144 0.00170552
 0.00171849]) 	 loss 7.363E-02 	 horizons 19.0
step 26355 	 return [0.00443886 0.00727608 0.01172247 0.00490395 0.01826081 0.0134053
 0.00988454], ([0.00010401 0.00085544 0.0006272  0.0020497  0.00055844 0.00136053
 0.00094977]) 	 loss 6.433E-02 	 horizons 19.0
step 26545 	 return [0.00394065 0.00515638 0.01010302 0.00982169 0.01902109 0.00933506
 0.00565696], ([0.00112045 0.00061215 0.00069469 0.00099664 0.00151276 0.00264793
 0.00178988]) 	 loss 6.666E-02 	 horizons 19.0
step 26735 	 return [0.00444612 0.00484179 0.01048001 0.0096404  0.01724099 0.01342609
 0.00747596], ([6.1236444e-04 1.0136223e-04 3.1581335e-04 7.7575550e-04 1.3085565e-03
 6.5441331e-04 6.5633918e-05]) 	 loss 7.321E-02 	 horizons 19.0
step 26925 	 return [0.00678181 0.00578973 0.00592475 0.0061788  0.01793619 0.0130835
 0.00922717], ([1.8188592e-05 8.2872983e-05 8.9315596e-05 1.3712329e-04 5.8045058e-04
 6.9549940e-05 2.8160040e-04]) 	 loss 6.222E-02 	 horizons 19.0
step 27115 	 return [0.0041463  0.00979609 0.01622461 0.00856783 0.01957084 0.01547992
 0.01011811], ([4.656613e-10 0.000000e+00 0.000000e+00 0.000000e+00 0.000000e+00
 0.000000e+00 9.313226e-10]) 	 loss 8.437E-02 	 horizons 19.0
step 27305 	 return [0.00447101 0.00770338 0.01168132 0.00429766 0.01931793 0.01346386
 0.01000304], ([1.6869537e-05 7.8538847e-05 9.6870674e-05 1.3363133e-04 6.4558163e-04
 6.4957341e-05 3.7308017e-04]) 	 loss 6.889E-02 	 horizons 19.0
step 27495 	 return [0.00734913 0.00594596 0.0095965  0.00709947 0.01258961 0.01119474
 0.00528912], ([0.00138626 0.00264967 0.00147822 0.00219275 0.00406384 0.00424062
 0.00205107]) 	 loss 7.245E-02 	 horizons 19.0
step 27685 	 return [0.00678742 0.00570726 0.00594655 0.0061239  0.01730826 0.01271294
 0.00945165], ([6.3678349e-06 1.1264243e-04 2.6035337e-05 2.8723414e-05 7.0126902e-04
 1.0358846e-03 2.2365310e-04]) 	 loss 8.744E-02 	 horizons 19.0
step 27875 	 return [0.00448771 0.00864153 0.01697944 0.00436749 0.01978142 0.01513229
 0.00993356], ([1.8700643e-05 5.1419705e-04 1.7807473e-03 1.3390076e-04 9.3535380e-04
 6.4819359e-04 1.7242291e-04]) 	 loss 6.973E-02 	 horizons 19.0
step 28065 	 return [0.00419274 0.00899547 0.01570316 0.00832585 0.0191795  0.01497352
 0.00948173], ([9.9840145e-05 1.4824045e-03 1.7964455e-03 1.5467899e-03 1.4479195e-03
 2.6107044e-03 1.0246190e-03]) 	 loss 5.514E-02 	 horizons 19.0
step 28255 	 return [0.0047914  0.00534834 0.01039093 0.0096887  0.01598281 0.00948965
 0.00723101], ([2.2950498e-04 4.3759847e-04 1.7822463e-04 7.7819008e-05 7.4711257e-05
 3.8079402e-04 4.3236781e-05]) 	 loss 4.720E-02 	 horizons 19.0
step 28445 	 return [0.0041066  0.00532402 0.0102628  0.01094028 0.01712846 0.01143673
 0.00716129], ([2.3095450e-05 1.1803265e-05 1.0186447e-04 1.9247833e-04 2.0743102e-04
 1.2207202e-04 1.6649818e-04]) 	 loss 6.198E-02 	 horizons 19.0
step 28635 	 return [0.00471955 0.00599426 0.01144375 0.00597977 0.01887847 0.01383126
 0.00755239], ([0.00049556 0.00180128 0.00051527 0.00167555 0.00073103 0.00089684
 0.0008782 ]) 	 loss 5.943E-02 	 horizons 19.0
step 28825 	 return [0.0044826  0.00881014 0.0175363  0.00441997 0.0201408  0.01534611
 0.00997739], ([4.6566129e-10 9.3132257e-10 1.8626451e-09 0.0000000e+00 0.0000000e+00
 0.0000000e+00 9.3132257e-10]) 	 loss 6.774E-02 	 horizons 19.0
step 29015 	 return [0.00495333 0.00491882 0.01019472 0.00944482 0.01633459 0.00995891
 0.0072781 ], ([0.00025472 0.00025882 0.00025559 0.00037111 0.00116542 0.00105923
 0.00012541]) 	 loss 5.327E-02 	 horizons 19.0
step 29205 	 return [0.00672362 0.0058697  0.01097428 0.0065199  0.01682843 0.0161788
 0.00739611], ([8.3839710e-05 4.1928625e-04 3.8981275e-04 2.2017100e-04 1.2856447e-03
 6.0266722e-04 8.6280447e-04]) 	 loss 6.822E-02 	 horizons 19.0
step 29395 	 return [0.00411701 0.00528613 0.010118   0.0106413  0.01740029 0.01152296
 0.00723223], ([1.1331371e-04 8.1265091e-05 1.6704717e-04 8.8128832e-04 6.3172512e-04
 4.2241564e-04 9.4595947e-05]) 	 loss 6.519E-02 	 horizons 19.0
step 29585 	 return [0.00637876 0.00556687 0.01116606 0.00459845 0.01824244 0.0132351
 0.00919391], ([0.00019525 0.00015309 0.00018881 0.00094327 0.00114424 0.00208381
 0.00130238]) 	 loss 7.651E-02 	 horizons 19.0
step 29775 	 return [0.00413923 0.00544138 0.011495   0.01001364 0.01654163 0.0113826
 0.00747594], ([3.1595777e-05 1.0761605e-03 1.7220650e-03 8.3234749e-04 8.7709748e-04
 1.3513414e-03 1.1855423e-03]) 	 loss 7.012E-02 	 horizons 19.0
step 29965 	 return [0.00646528 0.00190701 0.00848122 0.00691951 0.01881339 0.01475888
 0.00680457], ([0.0003614  0.00154426 0.00308125 0.00090064 0.00187518 0.00171521
 0.00037767]) 	 loss 6.831E-02 	 horizons 19.0
step 30155 	 return [0.         0.00878844 0.01758152 0.0043686  0.01993172 0.0151422
 0.01009616], ([0.0000000e+00 5.1017187e-04 1.7424400e-03 2.3074810e-05 1.3077551e-03
 6.7230756e-04 2.7611645e-04]) 	 loss 6.540E-02 	 horizons 19.0
[1;34mwandb[0m: 
[1;34mwandb[0m: 🚀 View run [33mmotndp_xian-v0__GCN-xian-g7-temporal__123__1781490312[0m at: [34mhttps://wandb.ai/jingyuan-sun03-tu-delft/cl_ablation/runs/fh1egs9w[0m
[1;34mwandb[0m: Find logs at: [1;35mwandb/run-20260615_042513-fh1egs9w/logs[0m
