/home/SinJ/mo-transport-network-design/.venv/lib/python3.13/site-packages/pygame/pkgdata.py:25: UserWarning: pkg_resources is deprecated as an API. See https://setuptools.pypa.io/en/latest/pkg_resources.html. The pkg_resources package is slated for removal as early as 2025-11-30. Refrain from using this package or pin to Setuptools<81.
  from pkg_resources import resource_stream, resource_exists
wandb: [wandb.login()] Loaded credentials for https://api.wandb.ai from /home/SinJ/.netrc.
wandb: Currently logged in as: jingyuan-sun03 (jingyuan-sun03-tu-delft) to https://api.wandb.ai. Use `wandb login --relogin` to force relogin
wandb: setting up run cblud9z3
wandb: Tracking run with wandb version 0.27.2
wandb: Run data is saved locally in /home/SinJ/mo-transport-network-design/wandb/run-20260615_051524-cblud9z3
wandb: Run `wandb offline` to turn off syncing.
wandb: Syncing run motndp_xian-v0__GCN-xian-g10-temporal__1024__1781493323
wandb: ⭐️ View project at https://wandb.ai/jingyuan-sun03-tu-delft/cl_ablation
wandb: 🚀 View run at https://wandb.ai/jingyuan-sun03-tu-delft/cl_ablation/runs/cblud9z3
/home/SinJ/mo-transport-network-design/morl-baselines/morl_baselines/multi_policy/gcn/gcn.py:151: UserWarning: Creating a tensor from a list of numpy.ndarrays is extremely slow. Please consider converting the list to a single numpy.ndarray with numpy.array() before converting to a tensor. (Triggered internally at /pytorch/torch/csrc/utils/tensor_new.cpp:253.)
  th.tensor(obs).to(self.device),
Namespace(env='xian', nr_groups=10, starting_loc_x=9, starting_loc_y=19, nr_stations=20, lr=0.01, batch_size=256, num_er_episodes=100, num_step_episodes=10, num_model_updates=10, num_policies=10, max_buffer_size=200, nr_layers=1, hidden_dim=128, timesteps=30000, no_log=False, seed=1024, cd_threshold=0.2, distance_ref='interpolate2', gcn_lambda=0.0, lambda_schedule='cosine', lambda_start=1.0, lambda_end=0.0, lambda_warmup_fraction=0.1, lambda_freeze_fraction=0.1, spatial_alpha=0.0, include_demand_context=False, criterion='lorenz', nash_mode='pareto_sized', nash_top_k=None, nash_shift=0.0, project_name='cl_ablation', experiment_name='GCN-xian-g10-temporal', wandb_entity=None)
step 1977 	 return [0.00141828 0.00262753 0.00478659 0.00427637 0.00315649 0.0046357
 0.00644468 0.00363509 0.00313685 0.00385653], ([0.00232404 0.00307306 0.003653   0.00381162 0.00297555 0.00335385
 0.00659092 0.00284795 0.00271992 0.0037844 ]) 	 loss 1.919E+00 	 horizons 19.0
step 2162 	 return [0.00082423 0.00340665 0.00182566 0.00466059 0.00335286 0.00444305
 0.0051332  0.00287553 0.0030685  0.0027008 ], ([0.00167178 0.00445785 0.00201905 0.00272138 0.00317113 0.00272562
 0.00357858 0.00248668 0.00262111 0.00421826]) 	 loss 1.487E+00 	 horizons 18.5
step 2352 	 return [0.00081137 0.00201782 0.00416698 0.00632132 0.00410745 0.00309761
 0.00243196 0.00203048 0.00230555 0.00361875], ([0.00134054 0.00330904 0.00354318 0.00334289 0.00317656 0.00340929
 0.00217008 0.00254421 0.00215938 0.00262347]) 	 loss 1.090E+00 	 horizons 19.0
step 2542 	 return [0.         0.00431092 0.00377345 0.00358859 0.00540307 0.00498395
 0.00370957 0.00382684 0.0041173  0.00397271], ([0.         0.00265136 0.00327019 0.00313356 0.00210125 0.00313996
 0.00413676 0.0023874  0.0014639  0.00335552]) 	 loss 1.021E+00 	 horizons 19.0
step 2720 	 return [0.0030343  0.00367078 0.00116805 0.0008078  0.0014025  0.00126601
 0.00104889 0.00148275 0.00079337 0.00049701], ([0.00282599 0.00297883 0.00184333 0.00098242 0.00157137 0.00375114
 0.00245952 0.0034809  0.0014497  0.00133559]) 	 loss 9.951E-01 	 horizons 17.8
step 2910 	 return [0.00191672 0.00460457 0.00475364 0.00395881 0.00420822 0.00375831
 0.0036571  0.00459884 0.00290697 0.00295124], ([0.00350299 0.00468189 0.00161402 0.00195894 0.00276908 0.00326464
 0.00359144 0.00345177 0.00202163 0.00271578]) 	 loss 9.100E-01 	 horizons 19.0
step 3100 	 return [0.00232759 0.00469181 0.00471457 0.00324949 0.00292369 0.0050442
 0.00502115 0.00450976 0.00359376 0.0026039 ], ([0.00358202 0.00403305 0.00397107 0.00188509 0.00278868 0.00352404
 0.00443437 0.00379382 0.0025497  0.00266584]) 	 loss 9.087E-01 	 horizons 19.0
step 3290 	 return [0.         0.00393795 0.00280796 0.00437163 0.00262017 0.00505607
 0.0057339  0.0043628  0.00354331 0.00268819], ([0.         0.00327138 0.00213481 0.00292523 0.00324165 0.00328108
 0.00538629 0.00269469 0.00284379 0.00172258]) 	 loss 8.759E-01 	 horizons 19.0
step 3474 	 return [0.00025516 0.00344581 0.00259203 0.00283715 0.00339822 0.00390662
 0.00191252 0.00325018 0.00390916 0.00273216], ([0.00076547 0.00326233 0.00170977 0.00203558 0.00270326 0.00382342
 0.00193276 0.0025998  0.00201387 0.00295696]) 	 loss 8.851E-01 	 horizons 18.4
step 3664 	 return [0.         0.00199589 0.00194671 0.00504901 0.00467816 0.00671519
 0.00641328 0.00432168 0.00442544 0.00493431], ([0.         0.00283271 0.00188746 0.00271958 0.00337278 0.00395945
 0.00402577 0.00253832 0.00265733 0.00312862]) 	 loss 8.433E-01 	 horizons 19.0
step 3854 	 return [0.         0.00130664 0.0024456  0.0033051  0.00220511 0.00642244
 0.00704142 0.00405638 0.00387901 0.00706606], ([0.         0.00218572 0.00280463 0.00215125 0.00273714 0.00241586
 0.0045533  0.00217814 0.00218497 0.00366819]) 	 loss 8.396E-01 	 horizons 19.0
step 4044 	 return [0.00072211 0.00310365 0.00350693 0.00600334 0.00150692 0.00480756
 0.00526162 0.00386386 0.00276018 0.00319881], ([0.00188122 0.00406825 0.00328215 0.00351952 0.00111783 0.0031957
 0.00469679 0.00321368 0.00294943 0.00295853]) 	 loss 8.338E-01 	 horizons 19.0
step 4234 	 return [0.00187211 0.00571734 0.00583741 0.00307253 0.0062202  0.00255285
 0.0012889  0.00388933 0.00093391 0.00272835], ([0.00302842 0.00411991 0.00256403 0.00259018 0.00313941 0.00227131
 0.00173732 0.002043   0.00133381 0.00392963]) 	 loss 8.327E-01 	 horizons 19.0
step 4424 	 return [0.00010105 0.00308859 0.0026708  0.00509483 0.0035467  0.00684094
 0.00760779 0.00444565 0.00388913 0.00406132], ([0.00030316 0.0025856  0.00280441 0.00288401 0.00305952 0.00318936
 0.00305055 0.00228342 0.00160939 0.0034692 ]) 	 loss 8.434E-01 	 horizons 19.0
step 4614 	 return [0.00083971 0.00109336 0.00219482 0.00434607 0.00260633 0.00461763
 0.0060724  0.00357625 0.00336591 0.00346526], ([0.00186604 0.00213278 0.00215349 0.00144823 0.00148922 0.00374431
 0.00456074 0.00257486 0.00298196 0.00394651]) 	 loss 7.939E-01 	 horizons 19.0
step 4804 	 return [0.         0.00372169 0.00244837 0.00522599 0.00529573 0.00516361
 0.00497268 0.00313826 0.00500418 0.00591821], ([0.         0.00288689 0.00215327 0.00172718 0.00303432 0.00303593
 0.00559012 0.00146097 0.00270704 0.00395219]) 	 loss 7.950E-01 	 horizons 19.0
step 4994 	 return [0.00143112 0.00455815 0.00592516 0.00504855 0.00536621 0.00405859
 0.00555416 0.003474   0.00433647 0.00515554], ([0.00304025 0.00403237 0.00318413 0.00291248 0.00275032 0.00419395
 0.00674395 0.00269154 0.00259978 0.00509083]) 	 loss 7.775E-01 	 horizons 19.0
step 5184 	 return [0.         0.00223952 0.00303493 0.00404608 0.00282941 0.00679865
 0.00638776 0.00305217 0.00445236 0.00474751], ([0.         0.0030142  0.00285741 0.002778   0.00291178 0.00357649
 0.00319747 0.00234586 0.00282305 0.00222706]) 	 loss 7.856E-01 	 horizons 19.0
step 5374 	 return [0.00123235 0.00344663 0.00171716 0.003665   0.00480878 0.00493726
 0.00265803 0.0021149  0.00401582 0.00551022], ([0.00246554 0.00235483 0.00176566 0.00169088 0.00328174 0.00275801
 0.00316916 0.00242397 0.00296739 0.00454698]) 	 loss 7.366E-01 	 horizons 19.0
step 5564 	 return [0.         0.00133812 0.00131    0.00502123 0.00252941 0.00591546
 0.00670103 0.00487758 0.00379901 0.00548282], ([0.         0.00226506 0.00262072 0.00297297 0.00208163 0.00323501
 0.002122   0.00309881 0.00274454 0.00314153]) 	 loss 7.306E-01 	 horizons 19.0
step 5754 	 return [0.         0.00250546 0.00176944 0.00393859 0.00523725 0.00700899
 0.00476063 0.00438501 0.00564935 0.00921996], ([0.         0.00310205 0.00191343 0.00230731 0.00358741 0.00374083
 0.00300686 0.00257867 0.00225596 0.00416614]) 	 loss 7.749E-01 	 horizons 19.0
step 5944 	 return [0.         0.00323916 0.0006403  0.00391137 0.00162646 0.00766991
 0.00844789 0.00478862 0.00401048 0.00647604], ([0.         0.00222444 0.00143669 0.00266032 0.00099076 0.00203895
 0.00411918 0.00213755 0.00314681 0.00365039]) 	 loss 7.517E-01 	 horizons 19.0
step 6134 	 return [0.00050624 0.00539481 0.00348084 0.0034344  0.00812348 0.00613428
 0.00301877 0.00364876 0.00527771 0.0071722 ], ([0.00151873 0.00295406 0.00374206 0.00141061 0.00256681 0.00339259
 0.00380635 0.0020787  0.00271355 0.00414691]) 	 loss 7.655E-01 	 horizons 19.0
step 6324 	 return [0.00484832 0.00732225 0.00527538 0.00369381 0.00551152 0.00080021
 0.00143516 0.00244461 0.00164342 0.00121933], ([0.00404113 0.00229182 0.0030642  0.00127628 0.00424457 0.00128066
 0.00259234 0.0035038  0.00268247 0.00269771]) 	 loss 7.190E-01 	 horizons 19.0
step 6514 	 return [0.00192017 0.00347569 0.00109062 0.00348005 0.00238004 0.00380253
 0.00281804 0.00211336 0.00250096 0.00309105], ([0.00239817 0.002066   0.00072634 0.00304477 0.00187794 0.00330101
 0.00222994 0.00273796 0.00244774 0.00496124]) 	 loss 7.221E-01 	 horizons 19.0
step 6704 	 return [0.00219525 0.00238435 0.00161413 0.00137379 0.00123449 0.00225613
 0.00352564 0.00115353 0.0014532  0.00055443], ([0.00240924 0.00249803 0.00220107 0.0020595  0.00071886 0.00180311
 0.00368546 0.00147105 0.00148364 0.00087048]) 	 loss 7.099E-01 	 horizons 19.0
step 6894 	 return [0.0001311  0.00310358 0.0019859  0.00433831 0.00192153 0.0055159
 0.00669788 0.00354071 0.00415345 0.00452956], ([0.0003933  0.00200429 0.00196381 0.00188816 0.00097473 0.00376646
 0.00441927 0.00325639 0.0025145  0.00451731]) 	 loss 7.232E-01 	 horizons 19.0
step 7084 	 return [0.         0.0005584  0.00367677 0.00834741 0.00227941 0.00803621
 0.00947756 0.00542909 0.00318787 0.00782714], ([0.         0.00119704 0.00257035 0.0022697  0.00328739 0.00483848
 0.00634738 0.0026361  0.00301988 0.00320143]) 	 loss 6.870E-01 	 horizons 19.0
step 7274 	 return [0.         0.00406698 0.0005196  0.00495139 0.00419282 0.00927767
 0.01343829 0.00756618 0.00572215 0.00706165], ([0.         0.00270534 0.00112037 0.00285372 0.00283644 0.00286322
 0.0027007  0.00266118 0.00224046 0.00315132]) 	 loss 6.980E-01 	 horizons 19.0
step 7464 	 return [0.         0.00131849 0.00133744 0.00630717 0.00249737 0.0101408
 0.00883506 0.00651945 0.00405026 0.00714508], ([0.         0.00201168 0.00167241 0.0014724  0.00235785 0.004697
 0.00342435 0.00282779 0.00322459 0.00508358]) 	 loss 6.659E-01 	 horizons 19.0
step 7654 	 return [0.         0.00048669 0.00125623 0.00413889 0.00577867 0.00934144
 0.00522783 0.00582503 0.00545557 0.00693662], ([0.         0.00078194 0.00173419 0.00181985 0.00288813 0.00191068
 0.0028816  0.00201538 0.00292222 0.00352329]) 	 loss 6.704E-01 	 horizons 19.0
step 7838 	 return [0.00186151 0.00262717 0.00170741 0.00169845 0.00129509 0.00237039
 0.00346121 0.00315247 0.0018342  0.00052234], ([0.0019551  0.00241377 0.0026927  0.00213955 0.00131673 0.00183863
 0.00340258 0.00246608 0.00112681 0.00110462]) 	 loss 6.818E-01 	 horizons 18.4
step 8028 	 return [0.00048615 0.0050661  0.00473546 0.00483694 0.00710691 0.00457741
 0.00229448 0.00428992 0.003526   0.00772045], ([0.00145846 0.00345158 0.00256229 0.00145761 0.00264456 0.00283513
 0.00160838 0.00174163 0.00204399 0.00328065]) 	 loss 6.396E-01 	 horizons 19.0
step 8218 	 return [0.         0.00320576 0.00130668 0.00590378 0.00111982 0.00735474
 0.01166094 0.0048977  0.00357888 0.00364471], ([0.         0.00330305 0.0016905  0.0033007  0.0009917  0.00291031
 0.00354707 0.00295529 0.00249897 0.00193331]) 	 loss 6.600E-01 	 horizons 19.0
step 8408 	 return [0.         0.00129463 0.00299658 0.00483388 0.00665074 0.01175692
 0.00912211 0.00466053 0.00374618 0.00739134], ([0.         0.00261934 0.00272915 0.00171141 0.0018919  0.00293281
 0.00533782 0.00235371 0.00179544 0.00519666]) 	 loss 6.756E-01 	 horizons 19.0
step 8598 	 return [0.         0.00026896 0.00793234 0.00847323 0.00115503 0.00452162
 0.00901114 0.00372452 0.00272986 0.00216661], ([0.         0.00055831 0.00214539 0.0037786  0.00154846 0.00239493
 0.00510803 0.00241801 0.00214586 0.00122009]) 	 loss 6.527E-01 	 horizons 19.0
step 8788 	 return [0.00049878 0.00164497 0.00609478 0.00532579 0.00799117 0.00751425
 0.00456701 0.00565184 0.0043866  0.00505155], ([0.00149634 0.00245415 0.00362953 0.00170493 0.00232225 0.00293282
 0.0029096  0.00185909 0.00361717 0.00502636]) 	 loss 6.248E-01 	 horizons 19.0
step 8978 	 return [0.         0.00099584 0.00268983 0.00879699 0.00153888 0.01134371
 0.01614479 0.00604278 0.00335115 0.00474473], ([0.         0.00191997 0.00161666 0.00189012 0.00102653 0.00256068
 0.00476414 0.0020389  0.00289583 0.00383496]) 	 loss 5.690E-01 	 horizons 19.0
step 9168 	 return [0.00077746 0.00257745 0.00166619 0.00390874 0.00511345 0.00561333
 0.00480436 0.00401818 0.00486406 0.00415439], ([0.00119697 0.00206786 0.0019293  0.00191437 0.00242758 0.00354708
 0.00310366 0.00268964 0.00303772 0.0039072 ]) 	 loss 6.111E-01 	 horizons 19.0
step 9358 	 return [0.         0.00681715 0.00548471 0.00445074 0.00974134 0.00558642
 0.0046799  0.00497888 0.00376354 0.00476596], ([0.         0.0028691  0.00338451 0.00241789 0.00306251 0.00241149
 0.00205999 0.00235785 0.00291635 0.0041698 ]) 	 loss 5.776E-01 	 horizons 19.0
step 9548 	 return [0.00048613 0.00726379 0.00363398 0.00324177 0.00683794 0.00486928
 0.00287239 0.00512647 0.00346137 0.00376318], ([0.00145839 0.00179301 0.00228544 0.00227545 0.00196031 0.0022804
 0.00232401 0.00268883 0.0031547  0.0048786 ]) 	 loss 5.761E-01 	 horizons 19.0
step 9738 	 return [0.0012263  0.00824886 0.00253354 0.0042977  0.00537273 0.00795583
 0.00494738 0.00597467 0.00436822 0.0064414 ], ([0.0025046  0.00217947 0.00251286 0.00276038 0.00263393 0.00322955
 0.00344357 0.00246073 0.00373567 0.00434028]) 	 loss 5.526E-01 	 horizons 19.0
step 9928 	 return [0.0000000e+00 6.5641347e-05 2.4415278e-03 4.6511749e-03 1.2021915e-03
 1.0877124e-02 9.3214158e-03 6.8762079e-03 4.9389629e-03 1.0313443e-02], ([0.         0.00019692 0.00190527 0.00118687 0.00093513 0.00320687
 0.00420954 0.00184477 0.00296833 0.00303877]) 	 loss 5.744E-01 	 horizons 19.0
step 10118 	 return [0.         0.00231438 0.00156324 0.00599397 0.00238619 0.00887201
 0.01218622 0.00624723 0.00309674 0.00710594], ([0.         0.00272229 0.0019537  0.00166075 0.00197224 0.00332608
 0.00607306 0.00379791 0.00219493 0.00348348]) 	 loss 5.416E-01 	 horizons 19.0
step 10308 	 return [0.00049231 0.00041674 0.0020653  0.00522916 0.00892919 0.01336778
 0.00817079 0.00598409 0.00278156 0.0069879 ], ([0.00147693 0.00125022 0.00319046 0.0027512  0.00383417 0.00133401
 0.00298772 0.00258362 0.00272248 0.00609948]) 	 loss 5.375E-01 	 horizons 19.0
step 10498 	 return [0.00935951 0.01000299 0.00639619 0.00522279 0.00610806 0.00074282
 0.         0.00100502 0.         0.        ], ([0.0017115  0.00076257 0.00274594 0.00063509 0.00145446 0.0014738
 0.         0.0014136  0.         0.        ]) 	 loss 5.244E-01 	 horizons 19.0
step 10688 	 return [0.00011489 0.00053122 0.00269735 0.0062912  0.00634647 0.0124487
 0.00987177 0.00507811 0.00337937 0.00660492], ([0.00034467 0.00138312 0.00273703 0.00238478 0.00292037 0.00176034
 0.00455533 0.00305713 0.0027018  0.00494374]) 	 loss 4.844E-01 	 horizons 19.0
step 10878 	 return [0.         0.         0.00204809 0.00684118 0.00332557 0.01106267
 0.0156168  0.00443434 0.00346113 0.00785879], ([0.         0.         0.00184492 0.00208689 0.00139485 0.00236187
 0.00384006 0.00222878 0.00178972 0.00213548]) 	 loss 5.002E-01 	 horizons 19.0
step 11068 	 return [0.         0.         0.00264044 0.00769888 0.00124479 0.01141391
 0.0121869  0.00559518 0.00382232 0.00830437], ([0.         0.         0.00158436 0.00103246 0.00103303 0.00225689
 0.0026464  0.00292439 0.00275203 0.00411069]) 	 loss 4.903E-01 	 horizons 19.0
step 11258 	 return [0.         0.00799652 0.00104224 0.0045899  0.00780767 0.0108482
 0.00919297 0.00716422 0.00367993 0.00533995], ([0.         0.00125183 0.00161421 0.00159153 0.00383663 0.00213155
 0.0032932  0.00277654 0.00282348 0.00437786]) 	 loss 4.890E-01 	 horizons 19.0
step 11448 	 return [0.         0.         0.00333774 0.00548716 0.00743377 0.0101924
 0.00447287 0.00580406 0.00666332 0.00938977], ([0.         0.         0.00261204 0.00178274 0.00170966 0.00344745
 0.00479621 0.00311625 0.00363686 0.00500436]) 	 loss 4.787E-01 	 horizons 19.0
step 11638 	 return [0.00050055 0.00279853 0.00133683 0.00664742 0.00738731 0.01273289
 0.00872271 0.00557206 0.00231647 0.0096254 ], ([0.00150165 0.00349725 0.00190318 0.00270064 0.00268448 0.00314962
 0.00406694 0.0023835  0.00197828 0.00253334]) 	 loss 4.755E-01 	 horizons 19.0
step 11828 	 return [0.         0.00244415 0.00384939 0.0064057  0.01012411 0.00970385
 0.00721058 0.00511167 0.00189503 0.00513687], ([0.         0.00260558 0.0029022  0.00233251 0.00202637 0.0019537
 0.00331411 0.00262046 0.00203946 0.00444787]) 	 loss 4.335E-01 	 horizons 19.0
step 12018 	 return [0.         0.00022171 0.00807704 0.01160447 0.00083634 0.00940019
 0.01477452 0.00615292 0.00289652 0.00295416], ([0.         0.00045269 0.0020916  0.00221048 0.00168732 0.00328326
 0.00405379 0.00259995 0.00143983 0.00178727]) 	 loss 4.464E-01 	 horizons 19.0
step 12208 	 return [0.00588788 0.00999711 0.00973476 0.00497298 0.00632205 0.00310946
 0.00076344 0.00301457 0.000819   0.        ], ([0.00286632 0.00188936 0.00250792 0.0021824  0.00232732 0.00215374
 0.00152753 0.00168944 0.00164199 0.        ]) 	 loss 4.384E-01 	 horizons 19.0
step 12398 	 return [0.0083813  0.00862977 0.00635124 0.00479642 0.00544308 0.00112913
 0.001239   0.00140273 0.00078246 0.        ], ([0.00265263 0.00311914 0.00196157 0.00211024 0.00072766 0.00147585
 0.00197238 0.00159289 0.00157157 0.        ]) 	 loss 4.306E-01 	 horizons 19.0
step 12588 	 return [0.         0.00184475 0.00399739 0.00736759 0.00309903 0.01020103
 0.01090484 0.00486459 0.00362782 0.005981  ], ([0.         0.00205985 0.00294932 0.00232003 0.00218274 0.00272051
 0.00415836 0.00214438 0.00087905 0.00404189]) 	 loss 3.813E-01 	 horizons 19.0
step 12778 	 return [0.         0.00867668 0.00206573 0.00526145 0.00608605 0.00831921
 0.00886292 0.00749747 0.00398659 0.00403288], ([0.         0.00140025 0.00184635 0.00221973 0.00320155 0.00295721
 0.00343967 0.00309945 0.00333143 0.00318311]) 	 loss 3.522E-01 	 horizons 19.0
step 12968 	 return [0.00076563 0.00789626 0.00236801 0.01092796 0.00692888 0.0107127
 0.01187669 0.00323891 0.00226585 0.00337285], ([0.00161288 0.002301   0.00197286 0.00328106 0.00195331 0.00235899
 0.00377318 0.00148066 0.00181898 0.00391126]) 	 loss 3.712E-01 	 horizons 19.0
step 13158 	 return [0.         0.00724468 0.00125404 0.00856128 0.00656528 0.01182918
 0.00982052 0.0058173  0.00330246 0.00959207], ([0.         0.00198084 0.00174169 0.00263876 0.0018076  0.0027772
 0.00189962 0.00239473 0.00289534 0.00383422]) 	 loss 3.641E-01 	 horizons 19.0
step 13348 	 return [0.00604105 0.01174501 0.01065161 0.00487504 0.00584938 0.00334005
 0.00067774 0.0033105  0.         0.        ], ([0.00121856 0.00088964 0.00148733 0.00122985 0.00166931 0.00144435
 0.00135554 0.00018293 0.         0.        ]) 	 loss 3.408E-01 	 horizons 19.0
step 13538 	 return [0.00049006 0.0072926  0.00530637 0.00477024 0.00837616 0.00433213
 0.00438358 0.00579329 0.00406559 0.00430533], ([0.00147017 0.0017683  0.00224872 0.00088056 0.00256478 0.00209998
 0.00176091 0.00207576 0.00189235 0.00256523]) 	 loss 3.297E-01 	 horizons 19.0
step 13728 	 return [0.         0.00041946 0.00702449 0.00884418 0.00028213 0.00898854
 0.01653209 0.00549415 0.00346486 0.0069772 ], ([0.         0.00065133 0.00161853 0.00141142 0.0006292  0.00177974
 0.0034812  0.00195097 0.00183435 0.00377259]) 	 loss 3.250E-01 	 horizons 19.0
step 13918 	 return [0.         0.00930901 0.00613785 0.00486555 0.00863351 0.00573996
 0.00473027 0.00608971 0.00387414 0.00225025], ([0.         0.00227126 0.00285258 0.00202102 0.00229139 0.00272429
 0.00302248 0.00315156 0.00226477 0.00259944]) 	 loss 3.466E-01 	 horizons 19.0
step 14108 	 return [0.00549688 0.01220104 0.01074889 0.00660929 0.00667455 0.00434901
 0.00081316 0.00332121 0.         0.00083575], ([0.00103251 0.00145696 0.00317271 0.00165022 0.00171478 0.00170846
 0.00164488 0.00017633 0.         0.00250724]) 	 loss 3.274E-01 	 horizons 19.0
step 14298 	 return [0.         0.0089506  0.00475811 0.00437648 0.00843916 0.00650009
 0.0081813  0.00757968 0.00405866 0.00186834], ([0.         0.00164682 0.00266075 0.00203492 0.00293719 0.0021481
 0.00210078 0.00282467 0.00197    0.00254967]) 	 loss 3.014E-01 	 horizons 19.0
step 14488 	 return [0.00054762 0.00959791 0.00701998 0.00430865 0.01214149 0.00726383
 0.00635779 0.00839468 0.00333159 0.00185765], ([0.00164287 0.0019493  0.00310372 0.00193667 0.00336006 0.0018838
 0.00276665 0.00270241 0.00178944 0.0029342 ]) 	 loss 2.796E-01 	 horizons 19.0
step 14678 	 return [0.00049482 0.00872177 0.00612735 0.00405943 0.00996449 0.00613014
 0.00509799 0.00707625 0.003249   0.00303542], ([0.00148444 0.00226601 0.00272415 0.00091589 0.00233312 0.0027915
 0.00200206 0.00409705 0.00292506 0.00283884]) 	 loss 3.055E-01 	 horizons 19.0
step 14868 	 return [0.00026532 0.00863842 0.00294528 0.00738562 0.01021128 0.0107081
 0.00753798 0.00442351 0.00226701 0.00547334], ([0.00079597 0.00234429 0.00200502 0.00244696 0.00387056 0.0017976
 0.00361231 0.00230427 0.00271392 0.00459081]) 	 loss 3.026E-01 	 horizons 19.0
step 15058 	 return [0.         0.00867413 0.00934581 0.00445167 0.01237609 0.00645827
 0.00483689 0.0067072  0.00377435 0.00279943], ([0.         0.00205352 0.00208044 0.00188791 0.00245566 0.00251882
 0.00231833 0.00224709 0.00277756 0.00364887]) 	 loss 2.968E-01 	 horizons 19.0
step 15248 	 return [0.00150772 0.01057538 0.00270822 0.00789171 0.01261693 0.01057084
 0.00915904 0.00482866 0.00184335 0.00156444], ([0.00197587 0.00242739 0.00253906 0.00291787 0.00348316 0.00191536
 0.00322785 0.0028968  0.00197234 0.00254169]) 	 loss 2.779E-01 	 horizons 19.0
step 15438 	 return [0.00028463 0.00830739 0.00111451 0.00828953 0.0068855  0.009296
 0.01252824 0.00746337 0.00252818 0.00641759], ([0.00085388 0.00132551 0.0019656  0.0027572  0.00188796 0.00335019
 0.0042134  0.00200959 0.00194024 0.0029839 ]) 	 loss 2.565E-01 	 horizons 19.0
step 15628 	 return [0.00116037 0.00947186 0.00270104 0.01048158 0.00709043 0.00967361
 0.00633167 0.003916   0.00218335 0.00351737], ([0.00184161 0.0030067  0.0015544  0.00297852 0.00193296 0.00185486
 0.00248854 0.00211564 0.00326462 0.00360062]) 	 loss 2.759E-01 	 horizons 19.0
step 15818 	 return [0.         0.00779567 0.00022636 0.00473552 0.00903116 0.01392509
 0.01407322 0.00725413 0.00480617 0.011497  ], ([0.         0.00058792 0.00067907 0.00119312 0.00095717 0.00153011
 0.00270762 0.00214153 0.00161332 0.00151637]) 	 loss 2.415E-01 	 horizons 19.0
step 16008 	 return [0.00407754 0.01243805 0.00301372 0.01005317 0.00965678 0.00960595
 0.00738562 0.00411409 0.00044365 0.0038458 ], ([0.00167675 0.00197949 0.00154274 0.00153989 0.00172201 0.00093314
 0.00220499 0.00211363 0.00133096 0.00399972]) 	 loss 2.254E-01 	 horizons 19.0
step 16198 	 return [0.004992   0.01180083 0.01127545 0.00696713 0.00654947 0.00359513
 0.00069126 0.00327116 0.         0.        ], ([0.00063592 0.00092041 0.00131533 0.00147694 0.00181104 0.00156239
 0.00138265 0.00015331 0.         0.        ]) 	 loss 2.231E-01 	 horizons 19.0
step 16388 	 return [0.00026399 0.00860123 0.00042085 0.0081464  0.00791986 0.01224988
 0.01132609 0.00608985 0.00235808 0.01024563], ([0.00079198 0.00172398 0.00126256 0.00288152 0.00148716 0.00147168
 0.00379088 0.00332211 0.00205753 0.00274867]) 	 loss 2.080E-01 	 horizons 19.0
step 16578 	 return [0.         0.00689609 0.00097659 0.00785217 0.00752486 0.01154738
 0.01192662 0.00708784 0.00482033 0.01230903], ([0.         0.00035053 0.00120818 0.00027587 0.00212741 0.00178854
 0.00242125 0.00156998 0.00102066 0.00224525]) 	 loss 1.970E-01 	 horizons 19.0
step 16768 	 return [0.00630506 0.01152438 0.01200499 0.0051028  0.00500506 0.00327751
 0.         0.00303217 0.         0.        ], ([0.00162983 0.00053865 0.00205738 0.00131289 0.00144628 0.00170409
 0.         0.00102447 0.         0.        ]) 	 loss 2.207E-01 	 horizons 19.0
step 16958 	 return [0.00542958 0.01372513 0.00270373 0.00988502 0.00889223 0.00860971
 0.00511464 0.00330621 0.         0.00670386], ([3.6659744e-04 1.1033494e-03 3.1930069e-04 1.2122123e-03 2.0892136e-03
 8.7496918e-04 1.6582599e-03 5.1441883e-05 0.0000000e+00 3.3524516e-03]) 	 loss 2.019E-01 	 horizons 19.0
step 17148 	 return [0.00200056 0.00038799 0.00466026 0.006078   0.00421128 0.00732581
 0.00367845 0.00569579 0.0039831  0.00945421], ([0.00245025 0.00116398 0.00187206 0.0012753  0.00165972 0.00131656
 0.00296461 0.00197913 0.00144164 0.00286034]) 	 loss 1.826E-01 	 horizons 19.0
step 17338 	 return [0.00789101 0.00827128 0.00745994 0.00158802 0.0004363  0.0018246
 0.         0.         0.00028478 0.        ], ([7.9564884e-04 6.1978615e-04 3.0009419e-04 1.4291751e-03 1.3089150e-03
 6.0820102e-04 0.0000000e+00 0.0000000e+00 9.4926552e-05 0.0000000e+00]) 	 loss 1.605E-01 	 horizons 19.0
step 17528 	 return [0.         0.00757868 0.         0.00520979 0.00846979 0.01312454
 0.01404889 0.00808738 0.00560998 0.01301664], ([0.         0.00082305 0.         0.00127707 0.00168024 0.00125168
 0.00282078 0.00169612 0.00161325 0.00211929]) 	 loss 1.561E-01 	 horizons 19.0
step 17718 	 return [0.00518292 0.01414232 0.0030701  0.00856238 0.01062962 0.00818916
 0.00665832 0.00381783 0.00025935 0.00166648], ([0.00198727 0.00189965 0.00071311 0.00086635 0.00111265 0.0006072
 0.00189854 0.00127481 0.00077804 0.00333296]) 	 loss 1.863E-01 	 horizons 19.0
step 17908 	 return [0.00055688 0.00915923 0.00267878 0.0067387  0.01129162 0.01001928
 0.00842547 0.00652819 0.00279078 0.00193428], ([0.00111375 0.0016946  0.00186881 0.00172349 0.00222594 0.00172376
 0.00256453 0.00216954 0.00197569 0.0032899 ]) 	 loss 1.819E-01 	 horizons 19.0
step 18098 	 return [0.00026955 0.00772173 0.00041485 0.00871463 0.00593324 0.01087877
 0.00956796 0.00594703 0.00326273 0.0092302 ], ([0.00080864 0.00133306 0.0008297  0.0014018  0.00084074 0.00140225
 0.00298496 0.0023041  0.00178972 0.0013844 ]) 	 loss 1.783E-01 	 horizons 19.0
step 18288 	 return [0.00112397 0.0066269  0.00122789 0.00762406 0.006441   0.01016318
 0.01273846 0.00707859 0.00480923 0.00923596], ([0.00137715 0.00038454 0.0012716  0.00029657 0.00057833 0.00096391
 0.00183099 0.00190405 0.00067302 0.00123536]) 	 loss 1.779E-01 	 horizons 19.0
step 18478 	 return [0.00494169 0.01291127 0.00266902 0.00980355 0.00949529 0.00862435
 0.00543914 0.00348569 0.00038281 0.00700178], ([0.00192896 0.00163728 0.00034968 0.00106358 0.00102328 0.00089714
 0.00268918 0.00050634 0.00114843 0.00277589]) 	 loss 1.347E-01 	 horizons 19.0
step 18668 	 return [0.00795662 0.01068799 0.00749354 0.00478188 0.00626001 0.00088154
 0.         0.00221709 0.         0.        ], ([0.00205311 0.00069842 0.00181554 0.00075572 0.00112807 0.00063987
 0.         0.00157315 0.         0.        ]) 	 loss 1.534E-01 	 horizons 19.0
step 18858 	 return [0.00397291 0.01402904 0.00517592 0.00892147 0.01344997 0.0073231
 0.00578114 0.00428776 0.00052058 0.        ], ([0.00237646 0.00162932 0.00237554 0.00121403 0.00123282 0.0020897
 0.00222122 0.00275718 0.00156175 0.        ]) 	 loss 1.335E-01 	 horizons 19.0
step 19048 	 return [0.00490117 0.01268211 0.00309751 0.00959558 0.00878776 0.00924645
 0.00823904 0.00345182 0.0005735  0.00781419], ([0.00167478 0.00202336 0.00072993 0.00134305 0.0014226  0.00069073
 0.00197938 0.00040856 0.00172051 0.00197001]) 	 loss 1.320E-01 	 horizons 19.0
step 19238 	 return [0.00527337 0.01318343 0.00287322 0.00918199 0.00926582 0.00944217
 0.00803703 0.00332747 0.         0.00846367], ([3.0321957e-04 3.4048950e-04 3.1742129e-05 9.8953955e-04 1.3841912e-03
 7.0934615e-04 1.9441792e-03 6.1244456e-05 0.0000000e+00 6.3270039e-05]) 	 loss 1.266E-01 	 horizons 19.0
step 19428 	 return [0.00225972 0.01115333 0.00465424 0.00886178 0.00999905 0.00750066
 0.00487531 0.00468574 0.00121703 0.00408496], ([0.00252739 0.00269567 0.00192475 0.00198772 0.00139814 0.00165081
 0.00170031 0.0018562  0.00166399 0.00364868]) 	 loss 1.252E-01 	 horizons 19.0
step 19618 	 return [0.00498123 0.01436749 0.00303949 0.00910103 0.00940919 0.00756823
 0.00503972 0.00373869 0.00033741 0.00752828], ([0.00167994 0.00182414 0.00052933 0.00141766 0.00047972 0.00058305
 0.00168108 0.00126272 0.00101222 0.00251009]) 	 loss 1.314E-01 	 horizons 19.0
step 19808 	 return [0.         0.00737817 0.00453605 0.00547323 0.0120154  0.00580803
 0.00420688 0.00266416 0.00444163 0.00683689], ([0.0000000e+00 4.3166766e-04 7.5609394e-04 5.7285852e-05 1.4568602e-03
 9.2260283e-04 2.1370577e-04 1.7157979e-03 1.3622552e-03 2.8926339e-03]) 	 loss 1.283E-01 	 horizons 19.0
step 19998 	 return [0.00360358 0.01312926 0.00517319 0.008583   0.01249613 0.00777193
 0.00523824 0.0039606  0.00092343 0.0010526 ], ([0.00229197 0.00209167 0.00203742 0.00225747 0.00318388 0.00221964
 0.00197175 0.00128327 0.00184793 0.0031578 ]) 	 loss 1.332E-01 	 horizons 19.0
step 20188 	 return [0.00744673 0.01273874 0.00919142 0.00528096 0.00622643 0.00288563
 0.00236537 0.00332243 0.         0.        ], ([0.00102021 0.00099925 0.00135627 0.0018228  0.0015463  0.00101671
 0.00155121 0.00016142 0.         0.        ]) 	 loss 1.127E-01 	 horizons 19.0
step 20378 	 return [0.00695717 0.01335833 0.00994234 0.00514691 0.0084833  0.00411685
 0.00308235 0.00341553 0.         0.        ], ([0.00124143 0.00072382 0.0007902  0.00168642 0.00067695 0.00098239
 0.00102776 0.00010397 0.         0.        ]) 	 loss 1.134E-01 	 horizons 19.0
step 20568 	 return [0.01406948 0.00273092 0.         0.00074204 0.00193991 0.
 0.         0.00199634 0.         0.        ], ([9.3132257e-10 2.3283064e-10 0.0000000e+00 5.8207661e-11 0.0000000e+00
 0.0000000e+00 0.0000000e+00 0.0000000e+00 0.0000000e+00 0.0000000e+00]) 	 loss 1.101E-01 	 horizons 19.0
step 20758 	 return [0.00428856 0.01365127 0.00262175 0.00868988 0.00999525 0.00766006
 0.0060044  0.00371552 0.0007675  0.00649051], ([0.00215617 0.00208513 0.00040446 0.00234949 0.00143096 0.00056898
 0.00316509 0.00084565 0.00153503 0.00293657]) 	 loss 1.097E-01 	 horizons 19.0
step 20948 	 return [0.00734954 0.0130943  0.00982169 0.00432348 0.00642297 0.00338452
 0.00273054 0.00323853 0.         0.        ], ([1.3980542e-03 9.1846578e-04 8.5421460e-04 9.6807933e-05 7.4496330e-04
 9.9355890e-04 1.3653743e-03 1.5561368e-04 0.0000000e+00 0.0000000e+00]) 	 loss 9.347E-02 	 horizons 19.0
step 21138 	 return [0.         0.0071425  0.00057413 0.00807554 0.00698654 0.01251363
 0.01428698 0.00741345 0.00449412 0.01014808], ([0.0000000e+00 8.0696627e-06 8.7699579e-04 1.4920425e-06 1.1257245e-03
 5.2343291e-04 2.9008533e-04 8.3727599e-04 2.6820807e-04 2.1317643e-03]) 	 loss 1.142E-01 	 horizons 19.0
step 21328 	 return [0.00685918 0.01265324 0.00286542 0.00998314 0.00870516 0.00780049
 0.00389103 0.0032962  0.         0.00826757], ([9.7179966e-04 8.0626091e-04 5.3509419e-05 7.0885762e-05 6.9879479e-04
 8.3316903e-04 2.5342908e-04 4.2504300e-05 0.0000000e+00 6.9820315e-05]) 	 loss 9.576E-02 	 horizons 19.0
step 21518 	 return [0.00476185 0.01273038 0.00249897 0.00903148 0.00966519 0.00958871
 0.00710898 0.00376769 0.00046388 0.00670723], ([0.00070061 0.0018721  0.00086592 0.00181221 0.00094068 0.00120003
 0.00293514 0.00138178 0.00139165 0.00335462]) 	 loss 9.857E-02 	 horizons 19.0
step 21708 	 return [0.         0.00856028 0.00588056 0.00534259 0.01304754 0.00354177
 0.00500157 0.00885044 0.00741724 0.00855133], ([0.0000000e+00 1.0497042e-03 7.6981040e-04 9.4580355e-05 2.7792719e-03
 4.5480928e-04 1.9987451e-03 1.4465317e-03 3.1624488e-03 3.0168814e-03]) 	 loss 9.125E-02 	 horizons 19.0
step 21898 	 return [4.9628280e-03 1.2332996e-02 2.4475672e-03 9.4921142e-03 9.2274640e-03
 7.8373319e-03 3.9430126e-03 3.1821642e-03 2.5688976e-05 8.2425717e-03], ([2.2061649e-03 1.8046241e-03 8.7315979e-04 1.3900121e-03 8.1843219e-04
 9.0364763e-04 2.6666914e-04 2.7700677e-04 7.7066928e-05 1.3716059e-04]) 	 loss 1.123E-01 	 horizons 19.0
step 22088 	 return [0.00498638 0.01403332 0.00274918 0.00874075 0.00988446 0.00809063
 0.00709653 0.00354645 0.00037994 0.00703413], ([0.00173679 0.00169657 0.00029847 0.00166444 0.001584   0.00069754
 0.00265178 0.00067976 0.00113981 0.00279536]) 	 loss 9.583E-02 	 horizons 19.0
step 22278 	 return [0.00134061 0.00895608 0.         0.00996987 0.0060661  0.01117196
 0.01193483 0.00549885 0.00235215 0.0086186 ], ([0.00134187 0.00199699 0.         0.00203377 0.00018092 0.00084271
 0.00242354 0.00249441 0.00235266 0.00013018]) 	 loss 8.811E-02 	 horizons 19.0
step 22468 	 return [0.00552983 0.01477077 0.00327947 0.00919432 0.01159228 0.00826824
 0.00603112 0.00348608 0.         0.00249972], ([0.00198414 0.00029994 0.00128868 0.00073392 0.00161795 0.0012698
 0.00208375 0.0002202  0.         0.00381839]) 	 loss 9.072E-02 	 horizons 19.0
step 22658 	 return [0.00553057 0.01478397 0.0032967  0.00949177 0.01086973 0.00784372
 0.0051956  0.0034261  0.         0.00333296], ([0.00106927 0.00032767 0.00128254 0.00066768 0.00158958 0.0012517
 0.00190897 0.00018299 0.         0.00408203]) 	 loss 7.436E-02 	 horizons 19.0
step 22848 	 return [0.         0.0094491  0.0056503  0.00545134 0.01487976 0.00397722
 0.00356492 0.00820721 0.00721552 0.00946192], ([0.         0.00039601 0.00042971 0.00014358 0.00207421 0.00116868
 0.00273531 0.00139864 0.00290808 0.00244724]) 	 loss 8.178E-02 	 horizons 19.0
step 23038 	 return [0.00136336 0.00703985 0.00080803 0.00791683 0.00657615 0.01110029
 0.0136566  0.0055145  0.00432786 0.00958789], ([1.3640188e-03 2.4131147e-04 9.8963524e-04 1.6615151e-04 4.7766359e-04
 5.8238610e-04 9.8800170e-05 8.7954040e-04 2.5633562e-04 1.5411003e-03]) 	 loss 8.258E-02 	 horizons 19.0
step 23228 	 return [0.00500074 0.01264213 0.00283889 0.01007111 0.0088374  0.01019363
 0.00852285 0.00332098 0.         0.00591938], ([4.35693364e-04 4.39141208e-04 2.91639772e-05 1.71414251e-03
 1.42890518e-03 7.75065913e-04 1.39996503e-03 1.06873165e-04
 0.00000000e+00 3.87526886e-03]) 	 loss 7.980E-02 	 horizons 19.0
step 23418 	 return [0.         0.00816712 0.         0.00479549 0.01086067 0.01390626
 0.01260106 0.00847239 0.00300123 0.01147557], ([0.         0.00072586 0.         0.00107302 0.00117991 0.00119987
 0.00248578 0.00112664 0.00298572 0.00336403]) 	 loss 7.585E-02 	 horizons 19.0
step 23608 	 return [0.00547713 0.01496967 0.00288214 0.00863285 0.00981916 0.00778921
 0.00823028 0.00335694 0.         0.00848487], ([4.1452795e-04 8.6048211e-04 3.2910855e-05 3.7719472e-04 2.9659545e-04
 2.0003543e-04 1.2137410e-03 4.8305097e-05 0.0000000e+00 5.4249544e-05]) 	 loss 7.327E-02 	 horizons 19.0
step 23798 	 return [0.00055101 0.00701973 0.         0.00537355 0.00889438 0.01230373
 0.0147352  0.00818936 0.00590721 0.0142977 ], ([0.00110203 0.00072522 0.         0.00134495 0.00099062 0.00039513
 0.00237979 0.00189462 0.00191432 0.00116863]) 	 loss 7.362E-02 	 horizons 19.0
step 23988 	 return [0.         0.00764228 0.         0.0053849  0.00796221 0.01390748
 0.01449645 0.00885819 0.00754596 0.01593309], ([0.         0.00031955 0.         0.00069777 0.00182505 0.00071224
 0.00151329 0.00157656 0.00140633 0.00182106]) 	 loss 7.120E-02 	 horizons 19.0
step 24178 	 return [0.00763188 0.01337794 0.00981028 0.00428146 0.00848132 0.00421445
 0.00341526 0.0032626  0.         0.        ], ([1.0116197e-03 1.4062912e-05 1.0383055e-05 1.8990779e-05 1.0998834e-05
 5.2160099e-06 8.7253835e-07 8.6683294e-06 0.0000000e+00 0.0000000e+00]) 	 loss 7.627E-02 	 horizons 19.0
step 24368 	 return [0.00527747 0.01494868 0.00285788 0.00886673 0.0096865  0.00784814
 0.00736621 0.00330193 0.         0.00844477], ([3.8420339e-04 6.6221168e-04 3.6311209e-05 6.8211812e-04 3.9026779e-04
 5.0790305e-04 2.0052248e-03 5.9069265e-05 0.0000000e+00 8.3294493e-05]) 	 loss 6.646E-02 	 horizons 19.0
step 24558 	 return [0.00546773 0.01310556 0.00287548 0.0090219  0.00967385 0.00963798
 0.00807746 0.00335348 0.         0.00846405], ([2.2936838e-04 6.0775274e-05 3.9358525e-05 5.2466057e-04 2.8912909e-04
 2.2916841e-04 1.8667119e-03 3.5001438e-05 0.0000000e+00 6.9938455e-05]) 	 loss 8.171E-02 	 horizons 19.0
step 24748 	 return [0.         0.00906415 0.00576654 0.00537858 0.01494451 0.00326958
 0.0037335  0.00687216 0.00824957 0.01070282], ([0.         0.00033294 0.00034898 0.00011588 0.00167142 0.00020082
 0.00019578 0.00182093 0.00161486 0.00269715]) 	 loss 7.081E-02 	 horizons 19.0
step 24938 	 return [0.         0.01018867 0.00174221 0.00621103 0.00843468 0.01214802
 0.01462271 0.00604355 0.00484873 0.01221515], ([0.         0.0003356  0.00266127 0.00225881 0.00110444 0.00093628
 0.00331783 0.00412985 0.00148848 0.00260556]) 	 loss 5.675E-02 	 horizons 19.0
step 25128 	 return [0.00883421 0.01333884 0.00911917 0.00432492 0.00674832 0.00124523
 0.00335674 0.0032214  0.         0.        ], ([1.5944401e-03 8.4300780e-05 9.5083949e-04 1.9232661e-05 4.9023714e-04
 6.6749135e-04 3.1931722e-05 8.2898310e-05 0.0000000e+00 0.0000000e+00]) 	 loss 7.221E-02 	 horizons 19.0
step 25318 	 return [0.00740717 0.01218599 0.00288403 0.00974029 0.00775191 0.00756193
 0.00411877 0.00331495 0.         0.008171  ], ([7.6891907e-04 2.2317206e-04 5.0454495e-05 3.4707290e-04 1.2348496e-03
 6.8212807e-04 1.4013186e-03 4.3654560e-05 0.0000000e+00 1.4359671e-04]) 	 loss 8.232E-02 	 horizons 19.0
step 25508 	 return [0.00743447 0.01339374 0.00898771 0.00432263 0.0067981  0.00102694
 0.00335028 0.00327286 0.         0.        ], ([1.0308418e-03 6.6075045e-05 9.8136428e-04 2.4094576e-05 4.5365057e-04
 1.2007934e-04 2.3212859e-05 5.0676535e-05 0.0000000e+00 0.0000000e+00]) 	 loss 7.333E-02 	 horizons 19.0
step 25698 	 return [0.00244697 0.00703583 0.         0.00748841 0.00755826 0.01123329
 0.01388035 0.00570186 0.00468968 0.01164469], ([0.00081696 0.00041662 0.         0.00108574 0.00086389 0.00105911
 0.0006046  0.00082255 0.00050134 0.00111958]) 	 loss 8.359E-02 	 horizons 19.0
step 25888 	 return [0.00520912 0.01522354 0.00288163 0.00875888 0.00961476 0.00760957
 0.00692479 0.00332944 0.         0.00843447], ([2.1811989e-04 1.7970728e-04 1.7811893e-05 7.9340802e-04 4.2036394e-04
 3.1050600e-04 2.1568390e-03 6.6925415e-05 0.0000000e+00 9.1035763e-05]) 	 loss 7.043E-02 	 horizons 19.0
step 26078 	 return [0.         0.00826941 0.         0.00601096 0.00701291 0.01333968
 0.01241542 0.00811343 0.00636596 0.01310879], ([0.         0.00100999 0.         0.00108991 0.00166627 0.00089223
 0.00120786 0.00139036 0.0017068  0.00270573]) 	 loss 5.314E-02 	 horizons 19.0
step 26268 	 return [0.         0.00969971 0.00139039 0.00571465 0.00929246 0.01263559
 0.01595292 0.00725193 0.00491211 0.01294054], ([0.         0.00099233 0.00230679 0.00211063 0.0012108  0.00070691
 0.00239904 0.00401121 0.00108329 0.00201349]) 	 loss 5.548E-02 	 horizons 19.0
step 26458 	 return [0.         0.00772686 0.         0.00513041 0.00959263 0.01157272
 0.01144342 0.00802054 0.00469118 0.0089866 ], ([0.00000000e+00 5.56764498e-05 0.00000000e+00 6.83870516e-04
 3.91806185e-04 7.92851672e-04 2.24088505e-03 4.06258419e-04
 1.21524514e-04 1.20549824e-03]) 	 loss 6.150E-02 	 horizons 19.0
step 26648 	 return [0.         0.01007915 0.00098677 0.00556672 0.00753545 0.01253423
 0.01384477 0.00785324 0.00725074 0.01377206], ([0.         0.00035295 0.00179532 0.00153162 0.00166753 0.00064642
 0.00187961 0.00295084 0.00222761 0.00314997]) 	 loss 5.599E-02 	 horizons 19.0
step 26838 	 return [0.         0.00714866 0.00223344 0.0079302  0.0094034  0.01330121
 0.01438905 0.00897999 0.00460975 0.01316379], ([0.0000000e+00 3.5325142e-05 7.8080886e-04 4.1148835e-04 1.5746326e-03
 7.2966790e-04 3.5330001e-04 2.6841878e-03 8.9666297e-05 1.4171769e-03]) 	 loss 6.318E-02 	 horizons 19.0
step 27028 	 return [0.         0.00696575 0.00084457 0.00668624 0.00899035 0.01287961
 0.01325047 0.00811517 0.00828311 0.01584864], ([0.         0.00049942 0.00131278 0.00094609 0.00252289 0.00139463
 0.00170779 0.00225184 0.00213189 0.00310359]) 	 loss 6.920E-02 	 horizons 19.0
step 27218 	 return [0.         0.00881118 0.0057789  0.00539739 0.01594895 0.00372451
 0.00414837 0.00766058 0.00865169 0.01280867], ([0.         0.00064898 0.00030853 0.00011753 0.00087581 0.00087373
 0.00134224 0.00177001 0.00160595 0.00234688]) 	 loss 6.693E-02 	 horizons 19.0
step 27408 	 return [0.         0.00796613 0.00606787 0.00522326 0.01471749 0.0029586
 0.00734349 0.00945815 0.00495103 0.01052696], ([0.0000000e+00 1.1594814e-03 1.0229864e-03 6.1399194e-05 7.8954909e-04
 1.6773955e-04 1.2846327e-03 1.0683810e-03 1.2758345e-03 2.3696367e-03]) 	 loss 6.809E-02 	 horizons 19.0
step 27598 	 return [0.00522083 0.01483634 0.002758   0.01000108 0.00920909 0.0072623
 0.003982   0.00323003 0.         0.00831523], ([9.6334785e-04 1.6278384e-04 2.1739672e-04 7.7082484e-05 3.2999204e-05
 3.0334993e-05 1.6063565e-06 5.9493836e-05 0.0000000e+00 1.7338363e-05]) 	 loss 6.527E-02 	 horizons 19.0
step 27788 	 return [0.00333043 0.01455683 0.00233512 0.00959288 0.00929701 0.00732013
 0.00491648 0.00313026 0.         0.00831872], ([1.0129542e-03 2.0687832e-04 3.4083863e-04 5.4557255e-04 2.8320856e-04
 2.1777215e-04 1.8735268e-03 5.7457724e-05 0.0000000e+00 6.7311586e-05]) 	 loss 6.122E-02 	 horizons 19.0
step 27978 	 return [0.         0.00876648 0.00578532 0.0053078  0.01536215 0.00327905
 0.00397597 0.0079659  0.00888209 0.0136839 ], ([0.0000000e+00 1.2454197e-05 3.6348418e-05 1.1772248e-05 7.8116450e-04
 9.7877222e-05 1.2695127e-03 1.3611733e-03 1.4871119e-03 2.3904564e-03]) 	 loss 5.236E-02 	 horizons 19.0
step 28168 	 return [0.00819578 0.01337987 0.00996383 0.004304   0.00835511 0.00363013
 0.00340232 0.00328968 0.         0.        ], ([7.1260286e-04 5.1562085e-05 3.3387082e-04 3.9970688e-05 2.7073620e-04
 1.1755616e-03 3.3618555e-05 4.5278510e-05 0.0000000e+00 0.0000000e+00]) 	 loss 5.008E-02 	 horizons 19.0
step 28358 	 return [0.         0.00898251 0.         0.00541496 0.00780271 0.01380791
 0.01491553 0.00921876 0.00495231 0.01342131], ([0.         0.00101514 0.         0.00101814 0.00210684 0.00121669
 0.00173197 0.001115   0.00193207 0.00194072]) 	 loss 5.206E-02 	 horizons 19.0
step 28548 	 return [0.         0.0071431  0.00150812 0.0079023  0.00958423 0.01374913
 0.01411746 0.00724036 0.00452743 0.01352041], ([0.00000000e+00 3.29988652e-05 1.24679983e-03 3.98566335e-04
 1.29685237e-03 5.12708153e-04 2.29915240e-04 2.20996840e-03
 1.07552354e-04 1.75953508e-04]) 	 loss 5.940E-02 	 horizons 19.0
step 28738 	 return [0.         0.007341   0.00031186 0.0062222  0.00746141 0.01388405
 0.01165195 0.00767969 0.00770528 0.01535777], ([0.         0.00035547 0.00093558 0.00094701 0.00219088 0.00115081
 0.003048   0.00215645 0.0026221  0.00269977]) 	 loss 5.751E-02 	 horizons 19.0
step 28928 	 return [0.00716081 0.01192686 0.00293609 0.0097218  0.00646056 0.00703496
 0.00336326 0.0033585  0.         0.00802432], ([0.0000000e+00 9.3132257e-10 2.3283064e-10 9.3132257e-10 0.0000000e+00
 9.3132257e-10 0.0000000e+00 2.3283064e-10 0.0000000e+00 9.3132257e-10]) 	 loss 6.387E-02 	 horizons 19.0
step 29118 	 return [0.         0.00714493 0.00111368 0.00754859 0.00938972 0.01338882
 0.01137797 0.0070255  0.00462052 0.01300468], ([0.         0.00036684 0.00138559 0.00093711 0.00185158 0.00074063
 0.00236263 0.00225407 0.0002471  0.00087685]) 	 loss 7.750E-02 	 horizons 19.0
step 29308 	 return [0.         0.00920332 0.00592256 0.00521032 0.01622779 0.00368555
 0.00424597 0.00787591 0.00851138 0.01145798], ([0.         0.00022177 0.00025158 0.0007983  0.00066307 0.00128437
 0.00118444 0.00225216 0.00149692 0.00058636]) 	 loss 8.359E-02 	 horizons 19.0
step 29498 	 return [0.         0.00872942 0.00494425 0.00514853 0.01323842 0.00321551
 0.00353216 0.00661466 0.00762702 0.01343452], ([0.0000000e+00 3.7901304e-05 1.6633432e-03 1.7635206e-04 1.4903311e-03
 1.3083075e-03 1.7516157e-05 2.0297281e-03 2.6759263e-03 1.6069220e-03]) 	 loss 6.478E-02 	 horizons 19.0
step 29688 	 return [0.         0.00703788 0.00528101 0.00518473 0.01525731 0.00518048
 0.00772434 0.00813596 0.00450743 0.01130341], ([0.         0.00014808 0.00176164 0.00038604 0.00062356 0.00086376
 0.00116534 0.00178984 0.002028   0.00035547]) 	 loss 8.546E-02 	 horizons 19.0
step 29878 	 return [0.         0.00706992 0.         0.00810782 0.0064282  0.01416787
 0.00587005 0.0084796  0.00523364 0.0143817 ], ([0.0000000e+00 1.5293665e-05 0.0000000e+00 2.3352217e-05 1.4241931e-03
 3.2387418e-04 1.5060402e-03 1.2328222e-03 3.3435277e-03 2.8512778e-03]) 	 loss 8.350E-02 	 horizons 19.0
step 30068 	 return [0.         0.00699851 0.         0.005745   0.01045693 0.01268966
 0.01243058 0.0076339  0.0091548  0.01827175], ([0.         0.00028568 0.         0.00013041 0.00146385 0.00078784
 0.00134495 0.00184092 0.00123259 0.00205804]) 	 loss 6.794E-02 	 horizons 19.0
[1;34mwandb[0m: 
[1;34mwandb[0m: 🚀 View run [33mmotndp_xian-v0__GCN-xian-g10-temporal__1024__1781493323[0m at: [34mhttps://wandb.ai/jingyuan-sun03-tu-delft/cl_ablation/runs/cblud9z3[0m
[1;34mwandb[0m: Find logs at: [1;35mwandb/run-20260615_051524-cblud9z3/logs[0m
