/home/SinJ/mo-transport-network-design/.venv/lib/python3.13/site-packages/pygame/pkgdata.py:25: UserWarning: pkg_resources is deprecated as an API. See https://setuptools.pypa.io/en/latest/pkg_resources.html. The pkg_resources package is slated for removal as early as 2025-11-30. Refrain from using this package or pin to Setuptools<81.
  from pkg_resources import resource_stream, resource_exists
wandb: [wandb.login()] Loaded credentials for https://api.wandb.ai from /home/SinJ/.netrc.
wandb: Currently logged in as: jingyuan-sun03 (jingyuan-sun03-tu-delft) to https://api.wandb.ai. Use `wandb login --relogin` to force relogin
wandb: Tracking run with wandb version 0.27.2
wandb: Run data is saved locally in /home/SinJ/mo-transport-network-design/wandb/run-20260615_042506-6cgv7g1v
wandb: Run `wandb offline` to turn off syncing.
wandb: Syncing run motndp_xian-v0__GCN-xian-g7-l0__456__1781490306
wandb: ⭐️ View project at https://wandb.ai/jingyuan-sun03-tu-delft/cl_ablation
wandb: 🚀 View run at https://wandb.ai/jingyuan-sun03-tu-delft/cl_ablation/runs/6cgv7g1v
/home/SinJ/mo-transport-network-design/morl-baselines/morl_baselines/multi_policy/gcn/gcn.py:151: UserWarning: Creating a tensor from a list of numpy.ndarrays is extremely slow. Please consider converting the list to a single numpy.ndarray with numpy.array() before converting to a tensor. (Triggered internally at /pytorch/torch/csrc/utils/tensor_new.cpp:253.)
  th.tensor(obs).to(self.device),
Namespace(env='xian', nr_groups=7, starting_loc_x=9, starting_loc_y=19, nr_stations=20, lr=0.01, batch_size=256, num_er_episodes=100, num_step_episodes=10, num_model_updates=10, num_policies=10, max_buffer_size=200, nr_layers=1, hidden_dim=128, timesteps=30000, no_log=False, seed=456, cd_threshold=0.2, distance_ref='interpolate2', gcn_lambda=0.0, lambda_schedule='constant', lambda_start=1.0, lambda_end=None, lambda_warmup_fraction=0.0, lambda_freeze_fraction=0.1, spatial_alpha=0.0, include_demand_context=False, criterion='lorenz', nash_mode='pareto_sized', nash_top_k=None, nash_shift=0.0, project_name='cl_ablation', experiment_name='GCN-xian-g7-l0', wandb_entity=None)
step 1979 	 return [0.00170435 0.00436691 0.00657324 0.00476577 0.00755775 0.0061825
 0.00215839], ([0.00183913 0.00420122 0.00370977 0.00306272 0.00371557 0.00435861
 0.00289716]) 	 loss 1.895E+00 	 horizons 19.0
step 2169 	 return [0.00177764 0.00245779 0.00793161 0.00547349 0.00635543 0.00536157
 0.0018658 ], ([0.00204916 0.00155479 0.00298264 0.00294409 0.00368118 0.00355461
 0.00270875]) 	 loss 1.369E+00 	 horizons 19.0
step 2359 	 return [0.00694164 0.00472033 0.00604134 0.0051762  0.00424603 0.002904
 0.00265107], ([0.00489835 0.00215862 0.00575634 0.00405638 0.00557738 0.00408566
 0.00453936]) 	 loss 1.066E+00 	 horizons 19.0
step 2549 	 return [0.00279477 0.004036   0.00903354 0.00465954 0.00871307 0.00421005
 0.00391774], ([0.00251563 0.00223063 0.00339624 0.00225463 0.00719817 0.00438001
 0.00353356]) 	 loss 1.005E+00 	 horizons 19.0
step 2739 	 return [0.00120383 0.00507524 0.00710942 0.0064126  0.01028134 0.00862788
 0.0026901 ], ([0.00174107 0.00316234 0.00379799 0.00283617 0.00391494 0.00522192
 0.00302227]) 	 loss 9.410E-01 	 horizons 19.0
step 2929 	 return [0.00263912 0.00435699 0.00924206 0.00618079 0.00550774 0.00467326
 0.00359246], ([0.00423771 0.00206475 0.00372786 0.00342561 0.0057788  0.00447128
 0.00436506]) 	 loss 9.165E-01 	 horizons 19.0
step 3119 	 return [0.00070007 0.00598525 0.00791464 0.00531451 0.00539337 0.0085508
 0.00058754], ([0.00114786 0.00258759 0.00236403 0.00283969 0.0034537  0.00448812
 0.00118939]) 	 loss 8.731E-01 	 horizons 19.0
step 3309 	 return [0.0030665  0.0021309  0.00559087 0.00399868 0.00687874 0.00262047
 0.00393033], ([0.00423826 0.00195634 0.00157758 0.00272277 0.00397609 0.00186399
 0.00334336]) 	 loss 8.787E-01 	 horizons 19.0
step 3499 	 return [0.00505508 0.00514673 0.00554624 0.00498411 0.00577854 0.00355282
 0.00157911], ([0.00421499 0.00168951 0.00543917 0.00361309 0.00712883 0.00455861
 0.00254696]) 	 loss 8.668E-01 	 horizons 19.0
step 3689 	 return [0.00864254 0.00449072 0.00420628 0.00312094 0.00350469 0.00155744
 0.00030506], ([0.00388969 0.00111439 0.00206064 0.00153355 0.00522782 0.00226614
 0.00091518]) 	 loss 8.516E-01 	 horizons 19.0
step 3879 	 return [0.00363219 0.00505706 0.00843861 0.00444772 0.00866103 0.00833042
 0.00262385], ([0.00368067 0.00237113 0.00452803 0.00230569 0.00500234 0.00489762
 0.00265951]) 	 loss 8.057E-01 	 horizons 19.0
step 4069 	 return [0.00073293 0.00411193 0.00860213 0.0042469  0.00992945 0.00592527
 0.00348902], ([0.00128559 0.00287793 0.00427801 0.00189065 0.0044172  0.00301023
 0.00320413]) 	 loss 7.911E-01 	 horizons 19.0
step 4259 	 return [0.00692281 0.00487992 0.00626766 0.00632309 0.00489509 0.0025316
 0.00118606], ([0.00343929 0.00165699 0.00480914 0.00328334 0.00471066 0.00134218
 0.00355819]) 	 loss 7.682E-01 	 horizons 19.0
step 4449 	 return [0.00180537 0.00527309 0.00698665 0.00610849 0.00612404 0.00461525
 0.00328407], ([0.00171845 0.00239487 0.00291727 0.00236468 0.00520871 0.00397626
 0.00248248]) 	 loss 7.699E-01 	 horizons 19.0
step 4639 	 return [0.00163472 0.0013857  0.00669673 0.0038564  0.01059726 0.00591335
 0.00414805], ([0.00218821 0.00201007 0.0026403  0.00215799 0.00377079 0.00358385
 0.00218948]) 	 loss 7.867E-01 	 horizons 19.0
step 4829 	 return [0.00200333 0.00567381 0.00362764 0.00395315 0.00270089 0.00114808
 0.00312495], ([0.00195479 0.00327808 0.00265443 0.00310824 0.00260959 0.00136221
 0.0029121 ]) 	 loss 7.873E-01 	 horizons 19.0
step 5019 	 return [0.00141343 0.00568268 0.00925179 0.00695649 0.00774637 0.00926525
 0.00157788], ([0.00201115 0.00309734 0.00404091 0.00299153 0.00300506 0.00363445
 0.00201477]) 	 loss 7.689E-01 	 horizons 19.0
step 5209 	 return [0.00082237 0.00495528 0.00990656 0.00592921 0.00878756 0.00695708
 0.00183837], ([0.00162046 0.0028189  0.00345933 0.00244426 0.00266525 0.00489844
 0.00249484]) 	 loss 7.943E-01 	 horizons 19.0
step 5399 	 return [0.00243983 0.00351916 0.00797128 0.00517902 0.00879651 0.00744705
 0.00276699], ([0.00309881 0.00261544 0.00426604 0.00257968 0.00514905 0.00407116
 0.00249103]) 	 loss 7.680E-01 	 horizons 19.0
step 5589 	 return [0.00077846 0.00627852 0.00589182 0.00724907 0.0083972  0.00736573
 0.00331722], ([0.00163796 0.00241028 0.00229268 0.00340113 0.00356317 0.0052987
 0.00287539]) 	 loss 7.791E-01 	 horizons 19.0
step 5779 	 return [0.00062599 0.0043577  0.00721637 0.0063575  0.00791797 0.00496308
 0.00478189], ([0.00125246 0.00211676 0.00333798 0.00381068 0.00380535 0.00431473
 0.0022719 ]) 	 loss 8.040E-01 	 horizons 19.0
step 5969 	 return [0.00065526 0.00324211 0.00827682 0.00447387 0.00865042 0.00776758
 0.00376247], ([0.00094874 0.00202597 0.00306105 0.00225489 0.0056076  0.00464425
 0.00276004]) 	 loss 7.747E-01 	 horizons 19.0
step 6159 	 return [0.00151949 0.00817507 0.00337976 0.00398569 0.00305232 0.00151928
 0.00288522], ([0.00188605 0.00399656 0.0026345  0.00353775 0.00257945 0.0036355
 0.00314557]) 	 loss 7.711E-01 	 horizons 19.0
step 6349 	 return [0.00377414 0.00192125 0.00739469 0.00480331 0.01033514 0.00693536
 0.00333119], ([0.00411967 0.00257848 0.00447234 0.00288652 0.00523593 0.0035241
 0.00198969]) 	 loss 8.157E-01 	 horizons 19.0
step 6539 	 return [0.00113612 0.01009664 0.00259201 0.00379229 0.00179922 0.00042609
 0.00197827], ([0.00175591 0.00300073 0.0020098  0.00368523 0.00183019 0.00068579
 0.00315068]) 	 loss 8.008E-01 	 horizons 19.0
step 6729 	 return [0.00151228 0.00514514 0.00854871 0.0064062  0.01258847 0.00829473
 0.00300268], ([0.00183088 0.00330266 0.00220519 0.00268845 0.00322456 0.00477471
 0.00289833]) 	 loss 7.730E-01 	 horizons 19.0
step 6919 	 return [0.00195315 0.00468854 0.00964481 0.00677476 0.01155179 0.00839816
 0.00632538], ([0.00245393 0.00220201 0.00376554 0.00267937 0.00731626 0.00397887
 0.00318174]) 	 loss 7.799E-01 	 horizons 19.0
step 7109 	 return [0.00478347 0.00365531 0.00869328 0.00805991 0.00815015 0.00421443
 0.00395494], ([0.00185596 0.00260348 0.00475116 0.00454249 0.0049571  0.00171867
 0.00381658]) 	 loss 7.660E-01 	 horizons 19.0
step 7299 	 return [0.00177729 0.00527705 0.00774188 0.00684035 0.0120142  0.00660998
 0.00511362], ([0.00184802 0.00213766 0.00288225 0.0026983  0.00473706 0.00453779
 0.00290433]) 	 loss 7.615E-01 	 horizons 19.0
step 7489 	 return [0.00036709 0.00624307 0.00981354 0.00620596 0.01250579 0.00695785
 0.00374568], ([0.00110128 0.00247938 0.003468   0.00197741 0.0043246  0.00440456
 0.00345023]) 	 loss 7.290E-01 	 horizons 19.0
step 7679 	 return [0.00112569 0.00417791 0.00972311 0.00696976 0.00949551 0.0087942
 0.0052576 ], ([0.0017453  0.0021836  0.00202553 0.00356072 0.00355797 0.00383609
 0.00316365]) 	 loss 7.607E-01 	 horizons 19.0
step 7869 	 return [0.0010476  0.0046398  0.00785277 0.00576765 0.0106861  0.00705701
 0.00300949], ([0.00150498 0.00259133 0.0019216  0.00256012 0.0045207  0.0038906
 0.00258168]) 	 loss 7.389E-01 	 horizons 19.0
step 8059 	 return [0.00387471 0.00388775 0.00932599 0.00466822 0.01246063 0.00840724
 0.00379736], ([0.00255614 0.00217658 0.00395367 0.00159861 0.00564967 0.00458185
 0.00230594]) 	 loss 6.990E-01 	 horizons 19.0
step 8249 	 return [0.00430264 0.00288362 0.00778225 0.0058324  0.01649285 0.0099175
 0.00609379], ([0.00161737 0.00197022 0.0023471  0.00294025 0.00530474 0.00447379
 0.00288489]) 	 loss 6.940E-01 	 horizons 19.0
step 8439 	 return [0.01286768 0.00643519 0.00280816 0.00531589 0.         0.00277399
 0.00158312], ([0.00199045 0.00064388 0.00181173 0.00256567 0.         0.0021433
 0.00229801]) 	 loss 6.688E-01 	 horizons 19.0
step 8629 	 return [0.00526454 0.00329029 0.00788006 0.00630282 0.01510176 0.00986363
 0.00548988], ([0.00251582 0.00214948 0.00427992 0.00193262 0.00582108 0.00466121
 0.00251581]) 	 loss 6.562E-01 	 horizons 19.0
step 8819 	 return [7.6567929e-05 8.9031477e-03 8.4078200e-03 7.4017057e-03 9.9757360e-03
 9.1544949e-03 2.9483088e-03], ([0.0002297  0.00236692 0.00317506 0.00287858 0.00385401 0.00530914
 0.00295239]) 	 loss 6.593E-01 	 horizons 19.0
step 9009 	 return [8.67284980e-05 7.00512435e-03 1.04005765e-02 7.60358432e-03
 1.16388155e-02 1.18649770e-02 2.55051348e-03], ([0.00026019 0.00206607 0.00273451 0.00209296 0.00398514 0.00234755
 0.00241479]) 	 loss 5.965E-01 	 horizons 19.0
step 9199 	 return [0.00255243 0.00418949 0.0082685  0.00638659 0.01015777 0.00682674
 0.00914401], ([0.00284425 0.00252168 0.00205529 0.00255065 0.00586349 0.00397026
 0.00488501]) 	 loss 6.441E-01 	 horizons 19.0
step 9389 	 return [0.00902658 0.00365873 0.004019   0.00513286 0.00522793 0.00356117
 0.00550626], ([0.0033191  0.00263923 0.00320945 0.00191232 0.00679055 0.00237745
 0.00416205]) 	 loss 6.238E-01 	 horizons 19.0
step 9579 	 return [0.0039546  0.00645752 0.009788   0.00503133 0.01205506 0.00879692
 0.00245586], ([0.00053476 0.00174082 0.00338666 0.00230365 0.00463611 0.00475756
 0.00204571]) 	 loss 6.201E-01 	 horizons 19.0
step 9769 	 return [0.00066491 0.00609714 0.01244283 0.00669275 0.01048489 0.0119772
 0.0009052 ], ([0.00133372 0.00256111 0.00369305 0.00189212 0.0031321  0.00278373
 0.00124992]) 	 loss 6.024E-01 	 horizons 19.0
step 9959 	 return [0.         0.00946836 0.0060921  0.00749295 0.01026793 0.01151879
 0.00113672], ([0.         0.00203007 0.00203113 0.0016616  0.002208   0.00224908
 0.0015126 ]) 	 loss 5.794E-01 	 horizons 19.0
step 10149 	 return [0.00077802 0.00538652 0.00905203 0.00846627 0.01246498 0.005531
 0.00867909], ([0.00155852 0.00252519 0.00246025 0.00373165 0.00535283 0.00387089
 0.00371866]) 	 loss 5.857E-01 	 horizons 19.0
step 10339 	 return [0.00054692 0.00586806 0.00888329 0.01062304 0.01304599 0.00840985
 0.00574836], ([0.00164075 0.00172794 0.00465093 0.00439039 0.00573105 0.00425604
 0.00429555]) 	 loss 5.617E-01 	 horizons 19.0
step 10529 	 return [0.         0.00915436 0.01110653 0.00902272 0.01123929 0.01085791
 0.00078684], ([0.         0.0012972  0.00339198 0.00282896 0.00379088 0.00367338
 0.00162364]) 	 loss 5.491E-01 	 horizons 19.0
step 10719 	 return [0.00471394 0.00468327 0.01025521 0.00373024 0.0152568  0.01041008
 0.00438804], ([0.00070631 0.00213651 0.00287712 0.00173256 0.00219489 0.00326406
 0.00224874]) 	 loss 5.185E-01 	 horizons 19.0
step 10909 	 return [0.00497043 0.0022731  0.00700284 0.00279701 0.01537331 0.00736118
 0.00454048], ([0.00052929 0.00204284 0.00148874 0.00146451 0.0042967  0.00296787
 0.00209732]) 	 loss 4.927E-01 	 horizons 19.0
step 11099 	 return [0.00461609 0.00342955 0.00786877 0.00381116 0.01546202 0.00875256
 0.00364643], ([0.00065092 0.00146416 0.00182901 0.00166208 0.00278348 0.00345972
 0.00257078]) 	 loss 5.258E-01 	 horizons 19.0
step 11289 	 return [0.         0.00676611 0.00864558 0.00894724 0.01489147 0.00856445
 0.00544397], ([0.         0.00256271 0.00343785 0.00194545 0.00407026 0.00396471
 0.00227564]) 	 loss 5.045E-01 	 horizons 19.0
step 11479 	 return [0.00424424 0.00344575 0.00854901 0.00499377 0.01793842 0.01096408
 0.00638252], ([0.0016178  0.0012792  0.00159349 0.00223026 0.0025584  0.00233039
 0.00165034]) 	 loss 4.756E-01 	 horizons 19.0
step 11669 	 return [0.00436476 0.00360119 0.00714879 0.00368513 0.01802322 0.00945407
 0.00523833], ([0.00071792 0.00258564 0.00233864 0.00201559 0.00405545 0.00408661
 0.00222928]) 	 loss 4.770E-01 	 horizons 19.0
step 11859 	 return [0.00437783 0.00536499 0.00815561 0.00535422 0.01797092 0.01221456
 0.00645678], ([0.00069659 0.00187487 0.00232081 0.00243526 0.00220458 0.00237536
 0.00268975]) 	 loss 4.669E-01 	 horizons 19.0
step 12049 	 return [0.00458041 0.00252925 0.00928085 0.00462341 0.01835952 0.01095297
 0.00663938], ([0.00076937 0.0026247  0.00227629 0.00224644 0.00289187 0.00442302
 0.0006828 ]) 	 loss 4.401E-01 	 horizons 19.0
step 12239 	 return [0.         0.00514887 0.00689669 0.00704265 0.01552741 0.00890397
 0.00991408], ([0.         0.00163006 0.00275337 0.00198451 0.00312487 0.00252985
 0.00262236]) 	 loss 4.128E-01 	 horizons 19.0
step 12429 	 return [0.00415938 0.00409589 0.00729265 0.00463622 0.01833945 0.01114039
 0.00669777], ([0.00065672 0.00180811 0.00149319 0.00162289 0.00295186 0.00382856
 0.0009592 ]) 	 loss 4.135E-01 	 horizons 19.0
step 12619 	 return [0.00108485 0.00591233 0.0113668  0.00968296 0.01255888 0.00741532
 0.00515812], ([0.00166396 0.00237395 0.00313803 0.00310843 0.00614209 0.00477939
 0.00439117]) 	 loss 4.321E-01 	 horizons 19.0
step 12809 	 return [0.00042175 0.00397216 0.00526717 0.00376624 0.01550723 0.0111131
 0.00951254], ([0.00093819 0.0025151  0.0018423  0.00099166 0.00164356 0.00282465
 0.00221969]) 	 loss 4.225E-01 	 horizons 19.0
step 12999 	 return [0.0003286  0.00638246 0.0113124  0.00913064 0.01843061 0.01031484
 0.00599122], ([0.0009858  0.00168541 0.00250657 0.00285755 0.00245189 0.00450884
 0.0020872 ]) 	 loss 3.858E-01 	 horizons 19.0
step 13189 	 return [0.00453969 0.00524832 0.00995511 0.00434204 0.02008963 0.01200491
 0.00603918], ([0.00074181 0.0013564  0.00331631 0.0009717  0.00164689 0.00313817
 0.00234876]) 	 loss 3.832E-01 	 horizons 19.0
step 13379 	 return [0.00498399 0.00421981 0.00836654 0.00458121 0.01953654 0.01318013
 0.00759986], ([0.0005804  0.00192583 0.00190635 0.00062722 0.0023567  0.00264073
 0.00189911]) 	 loss 3.697E-01 	 horizons 19.0
step 13569 	 return [0.0046114  0.00476426 0.00969433 0.00763791 0.01598945 0.01086981
 0.00755855], ([0.00062205 0.00164624 0.001446   0.00215249 0.00201331 0.00300528
 0.00136338]) 	 loss 3.391E-01 	 horizons 19.0
step 13759 	 return [0.00462941 0.00305768 0.00915508 0.00535882 0.01628055 0.01097095
 0.00682032], ([0.00040405 0.00194268 0.00215972 0.00170138 0.00294642 0.00417216
 0.00142781]) 	 loss 3.328E-01 	 horizons 19.0
step 13949 	 return [0.00494248 0.00346589 0.010479   0.00552313 0.01694221 0.01127311
 0.00666129], ([0.00079787 0.00275943 0.00190586 0.00273643 0.0050491  0.00426199
 0.00299524]) 	 loss 3.115E-01 	 horizons 19.0
step 14139 	 return [0.00497703 0.00293361 0.0080474  0.00535735 0.01733279 0.01363008
 0.00759413], ([0.00071549 0.00222512 0.00236384 0.00131895 0.00168142 0.00143035
 0.0011107 ]) 	 loss 2.891E-01 	 horizons 19.0
step 14329 	 return [0.00326979 0.00675119 0.01168266 0.00823721 0.0190023  0.01206816
 0.00620851], ([0.00147069 0.00161374 0.00206985 0.00255323 0.00314107 0.0033915
 0.00204266]) 	 loss 3.059E-01 	 horizons 19.0
step 14519 	 return [0.00564696 0.00314229 0.00788911 0.00509177 0.01797792 0.01268622
 0.00893438], ([0.00059668 0.00207739 0.00207431 0.00122057 0.00246813 0.00197408
 0.0016886 ]) 	 loss 2.944E-01 	 horizons 19.0
step 14709 	 return [0.00444254 0.00497653 0.00949173 0.00444602 0.01988072 0.01329752
 0.00650786], ([0.00053344 0.00183592 0.00220249 0.00127134 0.00186181 0.00225418
 0.00167216]) 	 loss 2.679E-01 	 horizons 19.0
step 14899 	 return [0.         0.00544337 0.01016071 0.00709082 0.01802771 0.00885002
 0.01014253], ([0.         0.00269056 0.00204055 0.00265717 0.00386194 0.0026999
 0.00121852]) 	 loss 2.650E-01 	 horizons 19.0
step 15089 	 return [0.00539803 0.00332679 0.00835352 0.00454221 0.02024474 0.01355812
 0.00708316], ([0.00108186 0.00183783 0.00148056 0.00108878 0.00319536 0.00129024
 0.00094984]) 	 loss 2.550E-01 	 horizons 19.0
step 15279 	 return [0.00491954 0.00286134 0.006777   0.00544709 0.01587369 0.00968897
 0.00779539], ([0.00085481 0.00207112 0.00231953 0.00140443 0.00280695 0.00244616
 0.00222876]) 	 loss 2.500E-01 	 horizons 19.0
step 15469 	 return [0.00455678 0.00592867 0.00783187 0.00664976 0.01728613 0.01238041
 0.00873834], ([0.00049913 0.00112498 0.00187369 0.00137162 0.00159035 0.00127267
 0.00140762]) 	 loss 2.438E-01 	 horizons 19.0
step 15659 	 return [0.00460672 0.00527356 0.00850103 0.00545317 0.01696267 0.01230682
 0.0061201 ], ([0.00065097 0.0017721  0.00160449 0.00179499 0.00256161 0.002968
 0.00222277]) 	 loss 2.293E-01 	 horizons 19.0
step 15849 	 return [0.0050291  0.00343174 0.00776582 0.00481742 0.01993895 0.01405328
 0.00737995], ([0.00065134 0.00223704 0.00101646 0.00108263 0.00137664 0.00111675
 0.00102276]) 	 loss 2.150E-01 	 horizons 19.0
step 16039 	 return [0.00530807 0.00444347 0.00822111 0.00626209 0.01723306 0.01205595
 0.0090128 ], ([0.00093356 0.00252858 0.00284743 0.00129783 0.00132483 0.00126858
 0.00124581]) 	 loss 2.307E-01 	 horizons 19.0
step 16229 	 return [0.00479382 0.00341058 0.00759106 0.00765103 0.01558783 0.01226751
 0.00650953], ([0.00070379 0.00134499 0.00217267 0.00184692 0.00166032 0.00179013
 0.00120455]) 	 loss 2.048E-01 	 horizons 19.0
step 16419 	 return [0.00447959 0.00554235 0.01072011 0.00635297 0.01651437 0.01222044
 0.00820787], ([0.00031715 0.0015947  0.00158162 0.00226064 0.00076096 0.00171556
 0.00125309]) 	 loss 2.077E-01 	 horizons 19.0
step 16609 	 return [0.00451414 0.00587425 0.00902494 0.00667681 0.01556969 0.01206833
 0.00804877], ([0.00045625 0.00147169 0.00205585 0.00151131 0.0022078  0.00130297
 0.00149155]) 	 loss 2.128E-01 	 horizons 19.0
step 16799 	 return [0.         0.00511132 0.01198104 0.00929851 0.0159873  0.00621585
 0.00776898], ([0.         0.00204346 0.00300362 0.00298592 0.00532067 0.00295161
 0.00449664]) 	 loss 2.135E-01 	 horizons 19.0
step 16989 	 return [0.00578842 0.00425943 0.01006301 0.00564896 0.01775983 0.01343935
 0.00921276], ([0.00046486 0.00093228 0.00141329 0.00115058 0.00237507 0.00131509
 0.00138844]) 	 loss 1.777E-01 	 horizons 19.0
step 17179 	 return [0.         0.00664663 0.01170431 0.0098174  0.01763163 0.00809683
 0.00989436], ([0.         0.00172303 0.00023787 0.00191195 0.0038618  0.00237445
 0.00156253]) 	 loss 1.889E-01 	 horizons 19.0
step 17369 	 return [0.00388512 0.00667514 0.01005289 0.00836604 0.01800142 0.0124972
 0.00616752], ([0.00018126 0.00189634 0.00171415 0.00189102 0.0031403  0.00337876
 0.00183859]) 	 loss 2.073E-01 	 horizons 19.0
step 17559 	 return [0.00014268 0.00545844 0.01262438 0.0116763  0.013592   0.0082047
 0.00735787], ([0.00028536 0.00098238 0.00174948 0.00281346 0.00410876 0.00266405
 0.00409103]) 	 loss 1.855E-01 	 horizons 19.0
step 17749 	 return [0.         0.00635429 0.01025668 0.01017739 0.01681094 0.00821335
 0.00846599], ([0.         0.0019965  0.00174459 0.00171407 0.00279478 0.00236973
 0.00217533]) 	 loss 1.808E-01 	 horizons 19.0
step 17939 	 return [0.00453138 0.00613999 0.01145546 0.00771383 0.01855929 0.01261022
 0.00785235], ([0.0004139  0.00167147 0.00275928 0.00085997 0.00143953 0.00143014
 0.00120874]) 	 loss 1.775E-01 	 horizons 19.0
step 18129 	 return [0.0044689  0.00350985 0.00821951 0.00829465 0.01579827 0.01164716
 0.00731133], ([0.00022027 0.00097735 0.00181825 0.00111726 0.00116887 0.00068136
 0.00076257]) 	 loss 1.858E-01 	 horizons 19.0
step 18319 	 return [0.0045139  0.00585504 0.01164168 0.00710745 0.01783854 0.01303702
 0.00814065], ([0.0003258  0.00243376 0.00220177 0.00173136 0.00145521 0.00117965
 0.00167066]) 	 loss 1.641E-01 	 horizons 19.0
step 18509 	 return [0.00553524 0.00496286 0.0093697  0.00568761 0.01687225 0.01356375
 0.00989485], ([0.00070622 0.00062511 0.00120637 0.00100824 0.00120252 0.00143664
 0.00078248]) 	 loss 1.712E-01 	 horizons 19.0
step 18699 	 return [0.00045885 0.00473353 0.01146235 0.01292017 0.01427121 0.01043328
 0.0069426 ], ([0.00038619 0.00013603 0.00119982 0.00114931 0.00092096 0.00176219
 0.0006662 ]) 	 loss 1.669E-01 	 horizons 19.0
step 18889 	 return [0.00427611 0.00745361 0.0101351  0.00712971 0.01685795 0.01199079
 0.00953332], ([0.00019307 0.00131768 0.00147527 0.00138552 0.00068239 0.0016324
 0.00158177]) 	 loss 1.681E-01 	 horizons 19.0
step 19079 	 return [0.00580395 0.00473892 0.00747853 0.00569316 0.01761944 0.01288106
 0.00962601], ([0.0004652  0.00068764 0.00262846 0.00098295 0.00139697 0.00099088
 0.0007264 ]) 	 loss 1.617E-01 	 horizons 19.0
step 19269 	 return [0.00597776 0.00449127 0.01009752 0.00600943 0.01694518 0.01458413
 0.00775116], ([0.00015791 0.00120364 0.00198313 0.00015319 0.00130702 0.00050003
 0.00051273]) 	 loss 1.567E-01 	 horizons 19.0
step 19459 	 return [0.0050642  0.00678302 0.01030051 0.00728706 0.01771831 0.01151048
 0.00958083], ([0.00084493 0.00156527 0.00188884 0.00124937 0.0017705  0.00306262
 0.00071842]) 	 loss 1.643E-01 	 horizons 19.0
step 19649 	 return [0.00575056 0.00495999 0.00636501 0.00606549 0.01739486 0.01293392
 0.00868965], ([0.00048024 0.00072734 0.00234947 0.0003621  0.00087497 0.00102871
 0.00153092]) 	 loss 1.412E-01 	 horizons 19.0
step 19839 	 return [0.00441801 0.007163   0.01200617 0.00803358 0.01593913 0.00956003
 0.00806471], ([0.00016686 0.00156361 0.00146079 0.00187074 0.00426545 0.00309639
 0.00293626]) 	 loss 1.574E-01 	 horizons 19.0
step 20029 	 return [0.00563227 0.00492032 0.00945688 0.00500867 0.01755645 0.01442695
 0.00889231], ([0.00035675 0.00037316 0.00165882 0.001336   0.00194204 0.00057739
 0.00121444]) 	 loss 1.358E-01 	 horizons 19.0
step 20219 	 return [0.0041157  0.0085029  0.01015425 0.00886859 0.01733276 0.01297008
 0.00974489], ([8.5890104e-05 4.5134852e-04 6.5267831e-04 1.2073450e-03 1.3511010e-03
 5.9900817e-04 1.4882502e-03]) 	 loss 1.409E-01 	 horizons 19.0
step 20409 	 return [0.00568225 0.00506799 0.00967048 0.00655908 0.01574766 0.01315334
 0.00879501], ([0.00070217 0.00081906 0.00197371 0.00152329 0.00336034 0.00343736
 0.00298705]) 	 loss 1.260E-01 	 horizons 19.0
step 20599 	 return [0.00438949 0.00519846 0.00925684 0.00886268 0.01513201 0.01228348
 0.00804135], ([0.00036704 0.00085681 0.00182978 0.00138604 0.00170017 0.0014184
 0.00126792]) 	 loss 1.259E-01 	 horizons 19.0
step 20789 	 return [0.0045174  0.0083449  0.01186837 0.00661947 0.01924975 0.01132966
 0.00911813], ([6.0178529e-05 2.4736387e-04 3.6762739e-04 1.2338117e-03 9.5541787e-04
 1.7191735e-03 4.7354234e-04]) 	 loss 1.338E-01 	 horizons 19.0
step 20979 	 return [0.00444811 0.00849365 0.01168044 0.0069465  0.01904311 0.01233758
 0.00910568], ([0.00013677 0.00025487 0.00045759 0.00106203 0.00138063 0.00068543
 0.00066705]) 	 loss 1.307E-01 	 horizons 19.0
step 21169 	 return [0.00597418 0.00497503 0.00692455 0.00880898 0.01728943 0.01233623
 0.00891035], ([0.00019421 0.00021811 0.00289825 0.00098066 0.00078704 0.0007586
 0.00142659]) 	 loss 1.374E-01 	 horizons 19.0
step 21359 	 return [0.00449452 0.0076482  0.01178869 0.00728197 0.01705704 0.0118794
 0.009882  ], ([0.00012163 0.00034768 0.00050405 0.00042896 0.00082879 0.0004898
 0.0004015 ]) 	 loss 1.089E-01 	 horizons 19.0
step 21549 	 return [0.00596044 0.00498914 0.01051006 0.00611173 0.01699105 0.01454132
 0.00990963], ([0.0001964  0.00013385 0.00039408 0.00047641 0.00184834 0.00089626
 0.0010411 ]) 	 loss 1.130E-01 	 horizons 19.0
step 21739 	 return [0.00557687 0.00574323 0.00964449 0.00791541 0.01719853 0.01293552
 0.00951386], ([0.00071549 0.00082508 0.00131064 0.00144938 0.00093482 0.00106318
 0.00075012]) 	 loss 9.870E-02 	 horizons 19.0
step 21929 	 return [0.00431569 0.0086627  0.0112946  0.00769561 0.01828271 0.01281351
 0.00960831], ([0.00023901 0.00049189 0.00071337 0.00054159 0.00171551 0.00089066
 0.00038987]) 	 loss 1.027E-01 	 horizons 19.0
step 22119 	 return [0.00424258 0.00800479 0.0107952  0.00801176 0.01632189 0.01300884
 0.00998512], ([0.00015488 0.00027462 0.00062963 0.00051855 0.00027966 0.00066076
 0.00027192]) 	 loss 8.830E-02 	 horizons 19.0
step 22309 	 return [0.00567871 0.00571077 0.01037239 0.00884064 0.01703331 0.01272833
 0.01008019], ([0.00061229 0.00079501 0.00101825 0.00093989 0.00061278 0.00050676
 0.00077907]) 	 loss 1.248E-01 	 horizons 19.0
step 22499 	 return [0.0045978  0.00822144 0.01138738 0.00772164 0.01935283 0.01261207
 0.00903975], ([0.00052119 0.00098198 0.00173068 0.00099893 0.00080535 0.00080011
 0.00060055]) 	 loss 1.267E-01 	 horizons 19.0
step 22689 	 return [0.00437735 0.00773    0.01131033 0.00765808 0.0166529  0.01234045
 0.01002895], ([0.00018632 0.0003114  0.00075021 0.0006055  0.00035801 0.00080524
 0.00038505]) 	 loss 1.008E-01 	 horizons 19.0
step 22879 	 return [0.00420843 0.00814697 0.0105532  0.00794234 0.01665326 0.01288141
 0.01017654], ([0.00018033 0.00028728 0.00091883 0.00062109 0.00062915 0.00073536
 0.00049208]) 	 loss 9.701E-02 	 horizons 19.0
step 23069 	 return [0.00512061 0.00557176 0.01002694 0.00834844 0.01729896 0.01296166
 0.00998592], ([0.0007591  0.00176847 0.00161195 0.00096241 0.00077887 0.00140858
 0.00060744]) 	 loss 8.101E-02 	 horizons 19.0
step 23259 	 return [0.00444529 0.00650501 0.01220122 0.00677313 0.01879322 0.01132039
 0.00981268], ([0.00019588 0.00161003 0.00127073 0.00159273 0.00347201 0.00287379
 0.00041607]) 	 loss 1.043E-01 	 horizons 19.0
step 23449 	 return [0.00451652 0.00844316 0.01187692 0.00734282 0.01968129 0.01198475
 0.00914695], ([3.0671534e-05 4.0517953e-05 1.7168275e-04 2.2154223e-04 2.2640813e-04
 2.1235614e-05 6.9026678e-04]) 	 loss 1.094E-01 	 horizons 19.0
step 23639 	 return [0.00446362 0.00675774 0.01155491 0.00743596 0.01784303 0.01190456
 0.00986521], ([0.00017588 0.00151337 0.00100849 0.00090822 0.00123067 0.002484
 0.00045245]) 	 loss 9.009E-02 	 horizons 19.0
step 23829 	 return [0.00447884 0.00445998 0.01012944 0.00848487 0.01855138 0.01463132
 0.01047717], ([0.00011764 0.00211647 0.00199669 0.00051919 0.00125529 0.00163758
 0.00024595]) 	 loss 9.594E-02 	 horizons 19.0
step 24019 	 return [0.00427345 0.00770846 0.01051919 0.00809278 0.0165876  0.01247445
 0.00973268], ([0.00024749 0.00099161 0.00086938 0.00071754 0.0007227  0.00121565
 0.000911  ]) 	 loss 8.890E-02 	 horizons 19.0
step 24209 	 return [0.00420716 0.00724264 0.01053967 0.00865552 0.01710947 0.01313746
 0.01035676], ([0.00017151 0.0017457  0.00087401 0.00091217 0.00124225 0.0015993
 0.00058483]) 	 loss 9.209E-02 	 horizons 19.0
step 24399 	 return [0.00437987 0.00629496 0.01139969 0.00838401 0.01786942 0.0137
 0.00995083], ([0.00016674 0.00220201 0.0016889  0.00095319 0.00139981 0.00158964
 0.00094254]) 	 loss 8.933E-02 	 horizons 19.0
step 24589 	 return [0.00415133 0.00884411 0.01039468 0.01102515 0.01893825 0.01230605
 0.00781174], ([2.0055710e-05 1.3342052e-03 9.5438169e-05 1.2962614e-03 8.9836214e-04
 7.5245224e-04 1.0371309e-03]) 	 loss 8.074E-02 	 horizons 19.0
step 24779 	 return [0.00407178 0.00883669 0.0119051  0.00824933 0.01905731 0.01423249
 0.00866702], ([0.00014562 0.00069634 0.00244587 0.00022932 0.00208183 0.00064762
 0.0010674 ]) 	 loss 7.255E-02 	 horizons 19.0
step 24969 	 return [0.00436941 0.00789175 0.01126318 0.00800694 0.01699292 0.01188115
 0.00998266], ([0.00016973 0.0004562  0.00067181 0.00114852 0.00081367 0.00083971
 0.00064452]) 	 loss 7.955E-02 	 horizons 19.0
step 25159 	 return [0.0060482  0.00538714 0.01063006 0.0089993  0.01801006 0.01319597
 0.0098089 ], ([6.4469109e-06 1.4756269e-04 1.4118015e-04 1.0131445e-03 6.7094382e-04
 5.0822773e-04 2.0655253e-04]) 	 loss 7.546E-02 	 horizons 19.0
step 25349 	 return [0.00417988 0.00852558 0.01051425 0.01137166 0.01640313 0.01179804
 0.01031041], ([2.9764529e-05 1.2847163e-04 1.5599019e-04 2.1308733e-04 2.2336032e-04
 8.0122181e-06 3.0517980e-04]) 	 loss 6.198E-02 	 horizons 19.0
step 25539 	 return [0.00453506 0.00846217 0.01198052 0.0072106  0.01954715 0.01199514
 0.0092254 ], ([2.4226681e-05 9.9532308e-06 1.3605654e-04 1.7854497e-04 1.8400699e-04
 6.1094761e-06 2.2045821e-04]) 	 loss 6.495E-02 	 horizons 19.0
step 25729 	 return [0.00454173 0.00749496 0.01198925 0.0070886  0.01676607 0.01168657
 0.00985126], ([1.7343364e-05 1.3925078e-04 1.0025797e-04 1.3116036e-04 1.2981257e-04
 5.2141613e-06 2.3501701e-04]) 	 loss 6.631E-02 	 horizons 19.0
step 25919 	 return [0.00587907 0.00446772 0.00952308 0.00900818 0.01694281 0.01338417
 0.00981376], ([0.00046234 0.00168891 0.00199245 0.00070195 0.00085349 0.000948
 0.00059389]) 	 loss 5.561E-02 	 horizons 19.0
step 26109 	 return [0.00420505 0.00859153 0.01064296 0.01120868 0.01647706 0.01183474
 0.00995461], ([1.9388339e-05 3.1386325e-04 9.6491996e-05 1.2761466e-04 8.1957848e-04
 9.3592978e-05 3.8673828e-04]) 	 loss 5.301E-02 	 horizons 19.0
step 26299 	 return [0.00451615 0.00843162 0.01187536 0.00734072 0.01967721 0.01197894
 0.00890288], ([3.0319554e-05 4.7827507e-05 1.7018447e-04 2.2371905e-04 2.3077636e-04
 2.4465589e-05 1.0139726e-03]) 	 loss 5.948E-02 	 horizons 19.0
step 26489 	 return [0.00430616 0.00875402 0.01691024 0.00729656 0.01756474 0.01367693
 0.00716635], ([0.00022725 0.00037734 0.00194866 0.00030113 0.00252112 0.00057136
 0.00031704]) 	 loss 5.254E-02 	 horizons 19.0
step 26679 	 return [0.00428232 0.00782257 0.0109623  0.010521   0.01656499 0.012193
 0.00985407], ([0.00013663 0.0013717  0.00057123 0.00133947 0.0011898  0.00120642
 0.00034382]) 	 loss 4.823E-02 	 horizons 19.0
step 26869 	 return [0.00419738 0.00856036 0.01060738 0.01124374 0.01627684 0.0118029
 0.01019283], ([2.5031599e-05 1.0721337e-04 1.2666780e-04 1.7053101e-04 1.9878607e-04
 5.9295439e-06 3.1777390e-04]) 	 loss 4.832E-02 	 horizons 19.0
step 27059 	 return [0.00589545 0.00517049 0.01040673 0.00927555 0.0183742  0.01329609
 0.0099698 ], ([4.6592724e-04 8.5757428e-04 8.8105770e-04 2.0080806e-04 8.6553766e-05
 7.5268402e-04 1.7334949e-04]) 	 loss 4.761E-02 	 horizons 19.0
step 27249 	 return [0.00605076 0.00545635 0.01070041 0.00934249 0.01834534 0.01304519
 0.00991201], ([0.0000000e+00 4.6566129e-10 0.0000000e+00 9.3132257e-10 1.8626451e-09
 0.0000000e+00 9.3132257e-10]) 	 loss 5.754E-02 	 horizons 19.0
step 27439 	 return [0.00454251 0.00742836 0.01158852 0.00702766 0.01683207 0.01169507
 0.00963167], ([1.9425082e-05 1.4113809e-04 1.3100350e-03 4.7753932e-05 3.9362116e-04
 2.2347445e-05 3.3508302e-04]) 	 loss 5.193E-02 	 horizons 19.0
step 27629 	 return [0.00563418 0.00498262 0.01051046 0.00943456 0.01684749 0.0123177
 0.00921306], ([0.00070301 0.00095289 0.00099529 0.00057435 0.00373521 0.0031142
 0.00311564]) 	 loss 3.953E-02 	 horizons 19.0
step 27819 	 return [0.00437623 0.00882756 0.0176113  0.00722748 0.01765122 0.01360528
 0.00706593], ([0.00018069 0.00034996 0.0004134  0.00017374 0.00299891 0.00056145
 0.00024826]) 	 loss 4.162E-02 	 horizons 19.0
step 28009 	 return [0.00454039 0.00754959 0.01198692 0.00708981 0.01678814 0.01168713
 0.00994397], ([1.68156166e-05 1.29142631e-04 9.94405200e-05 1.30748871e-04
 1.19764096e-04 5.34589390e-06 1.91093073e-04]) 	 loss 4.049E-02 	 horizons 19.0
step 28199 	 return [0.0042099  0.00943425 0.01068589 0.01123264 0.01890356 0.01210773
 0.00876526], ([1.9747763e-06 3.7694346e-05 6.7040323e-06 1.0358169e-05 3.0981006e-05
 1.4974919e-05 9.8125299e-04]) 	 loss 3.568E-02 	 horizons 19.0
step 28389 	 return [0.00420815 0.00861997 0.01066809 0.01115894 0.01620736 0.01180651
 0.01017599], ([4.6566129e-10 9.3132257e-10 9.3132257e-10 9.3132257e-10 1.8626451e-09
 9.3132257e-10 9.3132257e-10]) 	 loss 3.187E-02 	 horizons 19.0
step 28579 	 return [0.00452998 0.00850861 0.01253803 0.00728317 0.01967082 0.01213178
 0.0090508 ], ([2.8535773e-05 1.4969477e-04 1.8149778e-03 2.0342490e-04 2.7800695e-04
 4.1607974e-04 7.8399363e-04]) 	 loss 3.677E-02 	 horizons 19.0
step 28769 	 return [0.00454112 0.00846466 0.01201453 0.00716596 0.01950115 0.01199667
 0.00917028], ([1.8170011e-05 7.4649247e-06 1.0204240e-04 1.3390875e-04 1.3800526e-04
 4.5821071e-06 1.6534368e-04]) 	 loss 3.425E-02 	 horizons 19.0
step 28959 	 return [0.00469574 0.00738894 0.01188691 0.00727646 0.01692143 0.01182478
 0.00997046], ([0.00045168 0.00064933 0.00039552 0.00068868 0.00047578 0.0004068
 0.00013957]) 	 loss 2.894E-02 	 horizons 19.0
step 29149 	 return [0.00447876 0.00744815 0.01168555 0.00740703 0.01688225 0.01184332
 0.00995188], ([9.7363140e-05 2.3732599e-04 3.7762107e-04 2.8993670e-04 3.5606293e-04
 4.9950415e-04 2.2849464e-04]) 	 loss 2.910E-02 	 horizons 19.0
step 29339 	 return [0.00441579 0.00926763 0.01739678 0.0076896  0.01991964 0.01420186
 0.00713626], ([0.00017285 0.00038242 0.00069452 0.0003539  0.00040184 0.00100702
 0.0008128 ]) 	 loss 3.566E-02 	 horizons 19.0
step 29529 	 return [0.00605076 0.00545635 0.01070041 0.00934249 0.01834534 0.01304519
 0.00991201], ([0.0000000e+00 4.6566129e-10 0.0000000e+00 9.3132257e-10 1.8626451e-09
 0.0000000e+00 9.3132257e-10]) 	 loss 2.880E-02 	 horizons 19.0
step 29719 	 return [0.004529   0.00845968 0.0119465  0.00725523 0.01959315 0.01199362
 0.00928051], ([2.7755150e-05 1.1402858e-05 1.5587235e-04 2.0454895e-04 2.1080648e-04
 6.9992843e-06 2.5256659e-04]) 	 loss 2.941E-02 	 horizons 19.0
step 29909 	 return [0.0045136  0.00857166 0.01314714 0.00714502 0.01911601 0.012287
 0.00896241], ([1.0400304e-04 2.0955171e-04 2.2052848e-03 8.6143009e-05 1.2971254e-03
 5.7827093e-04 7.5069384e-04]) 	 loss 2.303E-02 	 horizons 19.0
step 30099 	 return [0.0040972  0.00968031 0.01672601 0.00799669 0.01764643 0.01528585
 0.00870989], ([0.00016317 0.00022349 0.00022813 0.00030783 0.00217342 0.00059724
 0.00143775]) 	 loss 2.030E-02 	 horizons 19.0
[1;34mwandb[0m: 
[1;34mwandb[0m: 🚀 View run [33mmotndp_xian-v0__GCN-xian-g7-l0__456__1781490306[0m at: [34mhttps://wandb.ai/jingyuan-sun03-tu-delft/cl_ablation/runs/6cgv7g1v[0m
[1;34mwandb[0m: Find logs at: [1;35mwandb/run-20260615_042506-6cgv7g1v/logs[0m
