/home/SinJ/miniconda3/envs/mo-nw-design/lib/python3.11/site-packages/pygame/pkgdata.py:25: UserWarning: pkg_resources is deprecated as an API. See https://setuptools.pypa.io/en/latest/pkg_resources.html. The pkg_resources package is slated for removal as early as 2025-11-30. Refrain from using this package or pin to Setuptools<81.
  from pkg_resources import resource_stream, resource_exists
wandb: [wandb.login()] Loaded credentials for https://api.wandb.ai from /home/SinJ/.netrc.
wandb: Currently logged in as: jingyuan-sun03 (johnario-tu-delft) to https://api.wandb.ai. Use `wandb login --relogin` to force relogin
wandb: Tracking run with wandb version 0.27.0
wandb: Run data is saved locally in /home/SinJ/mo-transport-network-design/wandb/run-20260608_141549-cbc1yw3k
wandb: Run `wandb offline` to turn off syncing.
wandb: Syncing run motndp_xian-v0__GCN-Xian-i2_curriculum__42__1780920949
wandb: ⭐️ View project at https://wandb.ai/johnario-tu-delft/cl_ablation
wandb: 🚀 View run at https://wandb.ai/johnario-tu-delft/cl_ablation/runs/cbc1yw3k
/home/SinJ/mo-transport-network-design/morl-baselines/morl_baselines/multi_policy/gcn/gcn.py:151: UserWarning: Creating a tensor from a list of numpy.ndarrays is extremely slow. Please consider converting the list to a single numpy.ndarray with numpy.array() before converting to a tensor. (Triggered internally at /pytorch/torch/csrc/utils/tensor_new.cpp:253.)
  th.tensor(obs).to(self.device),
wandb: WARNING Artifact "run-cbc1yw3k-evalfront-C7Gz6w" already exists with the same content. No new version will be created.
Namespace(env='xian', nr_groups=10, starting_loc_x=9, starting_loc_y=19, nr_stations=20, lr=0.01, batch_size=256, num_er_episodes=100, num_step_episodes=10, num_model_updates=5, num_policies=10, max_buffer_size=100, nr_layers=1, hidden_dim=128, timesteps=30000, no_log=False, project_name='cl_ablation', experiment_name='GCN-Xian-i2_curriculum', wandb_entity='johnario-tu-delft', seed=42, cd_threshold=0.2, distance_ref='interpolate2', gcn_lambda=0.0, lambda_schedule='cosine', lambda_start=1.0, lambda_end=0.0, lambda_warmup_fraction=0.0, lambda_freeze_fraction=0.1, spatial_alpha=0.0, include_demand_context=False, criterion='lorenz', nash_mode='pareto_sized', nash_top_k=None, nash_shift=0.0)
step 1939 	 return [0.00159275 0.00517202 0.00274647 0.00481364 0.00153404 0.00282958
 0.00445917 0.00162749 0.00117859 0.00180181], ([0.00220628 0.0039922  0.00280104 0.00494614 0.00211422 0.00397572
 0.00494357 0.00227572 0.00258037 0.00438594]) 	 loss 2.013E+00 	 horizons 18.2
step 2120 	 return [0.0019076  0.0028529  0.00310682 0.00303062 0.00094531 0.00495163
 0.00413388 0.00328228 0.00283897 0.00148663], ([0.00250834 0.00294976 0.00309879 0.00458622 0.00142612 0.00595914
 0.0042032  0.00282512 0.00333787 0.00234317]) 	 loss 1.862E+00 	 horizons 18.1
step 2305 	 return [0.00155986 0.00260857 0.00136972 0.00263504 0.00288437 0.00504204
 0.00463189 0.00265188 0.00378039 0.00454008], ([0.00250071 0.00226977 0.0024451  0.0034788  0.00205867 0.00403493
 0.00430098 0.00227982 0.00314578 0.0051673 ]) 	 loss 1.602E+00 	 horizons 18.5
step 2495 	 return [0.00178046 0.00549835 0.00242673 0.00420119 0.00263747 0.00517521
 0.00730858 0.00193969 0.00227927 0.00266469], ([0.00244039 0.00371774 0.00371844 0.00467364 0.00257191 0.00382439
 0.00678786 0.00181997 0.00267512 0.00288708]) 	 loss 1.303E+00 	 horizons 19.0
step 2685 	 return [0.00117768 0.00425783 0.0040173  0.00683937 0.0040659  0.00579801
 0.0042693  0.00323029 0.00436712 0.0046474 ], ([0.00236745 0.00359061 0.00320937 0.00437303 0.00359622 0.00432162
 0.00382357 0.00321357 0.00369067 0.00554544]) 	 loss 1.083E+00 	 horizons 19.0
step 2875 	 return [0.00062337 0.00513448 0.00276193 0.00254905 0.00212887 0.00387342
 0.00657641 0.00148946 0.00159865 0.00289998], ([0.00143838 0.00245138 0.00271528 0.00243653 0.00163    0.00328883
 0.00614489 0.00212417 0.00219252 0.00309089]) 	 loss 1.045E+00 	 horizons 19.0
step 3056 	 return [4.2138174e-03 4.8368112e-03 3.2593862e-03 2.8150808e-03 1.2529060e-03
 2.9830793e-03 3.2379902e-03 9.4923459e-04 1.0852792e-03 6.6712396e-06], ([3.8070148e-03 4.8011197e-03 3.1178754e-03 4.0777805e-03 1.2642285e-03
 4.4012577e-03 5.8507291e-03 2.2137256e-03 1.7119746e-03 2.0013720e-05]) 	 loss 1.030E+00 	 horizons 18.1
step 3246 	 return [0.00018271 0.00340791 0.00230395 0.00653697 0.004609   0.00745069
 0.01388041 0.00720283 0.00439848 0.00590031], ([0.00054814 0.00289962 0.00216106 0.00326331 0.00285314 0.0032789
 0.00665513 0.00333629 0.00268827 0.00385016]) 	 loss 9.209E-01 	 horizons 19.0
step 3436 	 return [0.00063857 0.00493125 0.00360077 0.00689738 0.00463742 0.0054575
 0.00821175 0.00469006 0.00729238 0.00501231], ([0.001493   0.00350298 0.00318914 0.00470892 0.00386536 0.00369838
 0.00401208 0.00487258 0.00387212 0.00435109]) 	 loss 9.459E-01 	 horizons 19.0
step 3626 	 return [0.00023298 0.00155017 0.0049368  0.00779448 0.00441675 0.00787847
 0.00730172 0.0056256  0.00547295 0.00597612], ([0.00069895 0.0026189  0.00368236 0.00374457 0.00441651 0.00454039
 0.00301885 0.00353086 0.00318864 0.00580903]) 	 loss 9.102E-01 	 horizons 19.0
step 3816 	 return [0.00030384 0.00292318 0.00389331 0.00674028 0.00609191 0.00640133
 0.00660997 0.00476704 0.00321296 0.00553416], ([0.00091152 0.00327912 0.0031578  0.00397773 0.00329736 0.00227286
 0.00673557 0.00380708 0.00281222 0.00352446]) 	 loss 9.210E-01 	 horizons 19.0
step 4006 	 return [0.00012261 0.0054736  0.00198061 0.0046503  0.00579158 0.00641996
 0.00659645 0.00546647 0.00552275 0.00638448], ([0.00036784 0.00367364 0.00200812 0.003104   0.00229033 0.00366606
 0.0046657  0.00367242 0.00258419 0.00562149]) 	 loss 9.079E-01 	 horizons 19.0
step 4174 	 return [3.0183294e-03 2.2074825e-03 1.6908109e-03 8.0496387e-04 6.0197216e-04
 1.7652556e-04 2.6953110e-04 2.9401432e-04 8.9095568e-04 4.3143998e-05], ([2.1626481e-03 2.3701452e-03 1.7941073e-03 7.4992032e-04 6.4976781e-04
 2.8002940e-04 8.0779288e-04 8.8204298e-04 9.2231826e-04 7.9489539e-05]) 	 loss 9.130E-01 	 horizons 16.8
step 4364 	 return [0.00055669 0.00522708 0.00343017 0.00517774 0.00459614 0.00860069
 0.00647219 0.0052727  0.00396751 0.00776512], ([0.00167008 0.00295627 0.00308175 0.00293614 0.00251356 0.00398686
 0.00623446 0.00354395 0.0035947  0.00551857]) 	 loss 8.728E-01 	 horizons 19.0
step 4554 	 return [0.00061708 0.00624711 0.00353537 0.00673938 0.00615546 0.00586187
 0.00508447 0.00530482 0.00431459 0.00490362], ([0.00185123 0.00288876 0.00392868 0.00322765 0.00442043 0.00376792
 0.00566033 0.00469087 0.00265445 0.00424303]) 	 loss 8.943E-01 	 horizons 19.0
step 4738 	 return [0.0040997  0.00356155 0.00142842 0.00119143 0.00244255 0.00133883
 0.00220425 0.00162121 0.00138093 0.00103864], ([0.00247793 0.00331461 0.0017186  0.00269555 0.00204654 0.00263444
 0.00454372 0.00300108 0.00213787 0.00209715]) 	 loss 8.807E-01 	 horizons 18.4
step 4928 	 return [0.00411822 0.0025034  0.00514227 0.00931368 0.00556869 0.00611126
 0.0043655  0.00198448 0.00324418 0.00464315], ([0.00467589 0.00286679 0.00284384 0.0035221  0.00392814 0.00516042
 0.00385491 0.00268429 0.00369533 0.00642289]) 	 loss 8.202E-01 	 horizons 19.0
step 5118 	 return [0.00199004 0.0028049  0.00520811 0.00956753 0.00464446 0.00767556
 0.01018672 0.00495163 0.00375761 0.00430264], ([0.00356103 0.00277607 0.00237212 0.00466276 0.00406808 0.00348472
 0.00771484 0.00340585 0.00284541 0.00381917]) 	 loss 8.058E-01 	 horizons 19.0
step 5308 	 return [0.00016557 0.00531435 0.00238909 0.00612029 0.00370848 0.0079808
 0.01114642 0.00448389 0.00443227 0.00660811], ([0.0004967  0.00264138 0.00246405 0.00397211 0.00273355 0.00344097
 0.00522167 0.00364273 0.00308267 0.0038891 ]) 	 loss 8.674E-01 	 horizons 19.0
step 5498 	 return [0.         0.00604953 0.00338485 0.00610701 0.0057671  0.00778532
 0.01051777 0.005711   0.00396978 0.00801536], ([0.         0.00433631 0.00308501 0.00369022 0.00336955 0.00248963
 0.0077647  0.00319473 0.00341671 0.00655352]) 	 loss 8.831E-01 	 horizons 19.0
step 5688 	 return [0.         0.00599963 0.00360854 0.00829749 0.0053666  0.00902226
 0.00901716 0.00636936 0.00369772 0.00486976], ([0.         0.00282593 0.00252827 0.00477804 0.00339368 0.00441435
 0.00605465 0.00428874 0.00228198 0.00428959]) 	 loss 8.737E-01 	 horizons 19.0
step 5878 	 return [0.         0.00522048 0.00320832 0.00652903 0.00318336 0.00882505
 0.00975489 0.00552747 0.00486452 0.00770849], ([0.         0.00283509 0.00410441 0.00388728 0.00237124 0.00281376
 0.00530006 0.00345388 0.00336622 0.00657018]) 	 loss 8.192E-01 	 horizons 19.0
step 6068 	 return [0.00107044 0.00724294 0.00319985 0.00485117 0.00778426 0.00623557
 0.00586966 0.00498368 0.00297605 0.00317719], ([0.00321132 0.00455653 0.00364433 0.00328486 0.00429189 0.00383019
 0.00423775 0.00330876 0.00199369 0.00271669]) 	 loss 7.977E-01 	 horizons 19.0
step 6258 	 return [0.00072413 0.00450191 0.00359317 0.00959836 0.0054294  0.01011315
 0.01139214 0.0038775  0.00475238 0.00623904], ([0.0021724  0.00334561 0.00334915 0.00461641 0.00442096 0.00387825
 0.00667124 0.00299497 0.00364829 0.00407913]) 	 loss 7.982E-01 	 horizons 19.0
step 6448 	 return [0.00120658 0.00816167 0.00288543 0.00624874 0.00676805 0.00847371
 0.00971718 0.00556289 0.0036641  0.00779289], ([0.00255776 0.00181976 0.00350874 0.00353533 0.00256882 0.00488697
 0.00802718 0.0026542  0.00345021 0.00605449]) 	 loss 7.672E-01 	 horizons 19.0
step 6638 	 return [0.00105905 0.00516021 0.00324259 0.00794572 0.0069263  0.00725513
 0.00921885 0.00428162 0.00433968 0.00529972], ([0.00317714 0.00368904 0.00313048 0.00444154 0.00372625 0.00396936
 0.00675269 0.00477695 0.00248418 0.00549795]) 	 loss 7.549E-01 	 horizons 19.0
