/home/SinJ/miniconda3/envs/mo-nw-design/lib/python3.11/site-packages/pygame/pkgdata.py:25: UserWarning: pkg_resources is deprecated as an API. See https://setuptools.pypa.io/en/latest/pkg_resources.html. The pkg_resources package is slated for removal as early as 2025-11-30. Refrain from using this package or pin to Setuptools<81.
  from pkg_resources import resource_stream, resource_exists
wandb: [wandb.login()] Loaded credentials for https://api.wandb.ai from /home/SinJ/.netrc.
wandb: Currently logged in as: jingyuan-sun03 (johnario-tu-delft) to https://api.wandb.ai. Use `wandb login --relogin` to force relogin
wandb: Tracking run with wandb version 0.27.0
wandb: Run data is saved locally in /home/SinJ/mo-transport-network-design/wandb/run-20260608_085447-cr7dd0wa
wandb: Run `wandb offline` to turn off syncing.
wandb: Syncing run motndp_xian-v0__GCN-Xian-i2_l05__456__1780901686
wandb: ⭐️ View project at https://wandb.ai/johnario-tu-delft/cl_ablation
wandb: 🚀 View run at https://wandb.ai/johnario-tu-delft/cl_ablation/runs/cr7dd0wa
/home/SinJ/mo-transport-network-design/morl-baselines/morl_baselines/multi_policy/gcn/gcn.py:151: UserWarning: Creating a tensor from a list of numpy.ndarrays is extremely slow. Please consider converting the list to a single numpy.ndarray with numpy.array() before converting to a tensor. (Triggered internally at /pytorch/torch/csrc/utils/tensor_new.cpp:253.)
  th.tensor(obs).to(self.device),
wandb: WARNING Artifact "run-cr7dd0wa-evalfront-pRaC6Q" already exists with the same content. No new version will be created.
Namespace(env='xian', nr_groups=10, starting_loc_x=9, starting_loc_y=19, nr_stations=20, lr=0.01, batch_size=256, num_er_episodes=100, num_step_episodes=10, num_model_updates=5, num_policies=10, max_buffer_size=100, nr_layers=1, hidden_dim=128, timesteps=30000, no_log=False, project_name='cl_ablation', experiment_name='GCN-Xian-i2_l05', wandb_entity='johnario-tu-delft', seed=456, cd_threshold=0.2, distance_ref='interpolate2', gcn_lambda=0.5, lambda_schedule='constant', lambda_start=1.0, lambda_end=None, lambda_warmup_fraction=0.0, lambda_freeze_fraction=0.1, spatial_alpha=0.0, include_demand_context=False, criterion='lorenz', nash_mode='pareto_sized', nash_top_k=None, nash_shift=0.0)
step 1949 	 return [0.00159371 0.00348659 0.00367885 0.00303558 0.00233779 0.00423668
 0.00418044 0.00463259 0.00236758 0.0030792 ], ([0.00255358 0.00432301 0.00301147 0.0033648  0.00293179 0.00457118
 0.00517312 0.00484993 0.0032578  0.00468794]) 	 loss 1.992E+00 	 horizons 18.5
step 2130 	 return [0.00171421 0.00458144 0.00507781 0.00396412 0.00173537 0.00349367
 0.00386416 0.00156954 0.00181446 0.00085786], ([0.00215055 0.00371812 0.00286391 0.00634232 0.00313424 0.00483229
 0.00608782 0.00382151 0.00274129 0.00251229]) 	 loss 1.793E+00 	 horizons 18.1
step 2303 	 return [0.00269796 0.0022473  0.0027374  0.00076696 0.00179589 0.00093215
 0.00125429 0.00045511 0.00135011 0.00104036], ([0.0024605  0.00212814 0.00254415 0.00111605 0.00208279 0.00240375
 0.00217499 0.00091471 0.0016049  0.00222254]) 	 loss 1.456E+00 	 horizons 17.3
step 2493 	 return [0.00163249 0.00360004 0.00301798 0.00456986 0.00310665 0.00530057
 0.00351922 0.00262104 0.00301038 0.00415704], ([0.00204456 0.00336456 0.00321658 0.00383473 0.00312545 0.0050015
 0.004919   0.00272883 0.00364016 0.00538856]) 	 loss 1.161E+00 	 horizons 19.0
step 2664 	 return [0.00253477 0.00291704 0.00165718 0.00032601 0.00071796 0.00034506
 0.00063335 0.         0.00039821 0.00043627], ([0.00260835 0.00417974 0.00252833 0.00054601 0.00127007 0.00103517
 0.00172843 0.         0.00066976 0.00088456]) 	 loss 1.045E+00 	 horizons 17.1
step 2854 	 return [0.00105827 0.00471397 0.00311406 0.00296034 0.00233297 0.00166366
 0.00211844 0.00201009 0.00183363 0.00075515], ([0.00184382 0.00270659 0.00253126 0.00427249 0.00318844 0.00286876
 0.00283023 0.00468411 0.00285244 0.00151045]) 	 loss 9.959E-01 	 horizons 19.0
step 3041 	 return [0.00498709 0.00328479 0.00316853 0.00034059 0.00162497 0.00141305
 0.00058778 0.00104694 0.00082701 0.00046726], ([0.00343076 0.00367513 0.00357447 0.00042432 0.00341253 0.00285515
 0.00118089 0.00110931 0.0016568  0.00140179]) 	 loss 9.413E-01 	 horizons 18.7
step 3196 	 return [3.7653043e-03 7.5409655e-04 1.2931337e-03 3.3144371e-04 1.1632711e-03
 8.0056067e-05 8.7696695e-05 4.6556667e-04 5.5378955e-04 4.0894654e-05], ([2.3340520e-03 1.1848417e-03 1.4051010e-03 4.7919046e-04 1.0334621e-03
 1.6012737e-04 2.6309007e-04 9.3171262e-04 7.8832905e-04 6.5490822e-05]) 	 loss 9.149E-01 	 horizons 15.5
step 3386 	 return [0.00234998 0.00589255 0.00705019 0.00113214 0.00084695 0.00230314
 0.00174528 0.0012677  0.00212256 0.00038093], ([0.00217928 0.00355869 0.00254578 0.00203735 0.00108063 0.00288284
 0.00336645 0.00278149 0.00341603 0.00077109]) 	 loss 8.807E-01 	 horizons 19.0
step 3576 	 return [0.00081571 0.00243917 0.00630961 0.01020458 0.00697009 0.0081365
 0.00606004 0.00556171 0.00637786 0.00772727], ([0.00244713 0.00247193 0.00309906 0.00520888 0.00293621 0.00362955
 0.00379596 0.00267278 0.00317206 0.00647019]) 	 loss 8.218E-01 	 horizons 19.0
step 3746 	 return [5.8327662e-03 1.1802440e-03 1.0562108e-03 2.5384509e-04 1.4614355e-03
 3.9086743e-05 8.7604050e-05 5.9052481e-04 2.6334301e-04 0.0000000e+00], ([0.00227549 0.00170386 0.00102111 0.0003536  0.00118507 0.00011726
 0.00026281 0.00073062 0.00061348 0.        ]) 	 loss 8.236E-01 	 horizons 17.0
step 3936 	 return [0.00021749 0.00185087 0.00549734 0.00223562 0.00350129 0.00583756
 0.00352228 0.00116996 0.00344783 0.00341229], ([0.00065247 0.00234414 0.003518   0.00381522 0.00226483 0.00447001
 0.00359598 0.00138001 0.0028427  0.00439657]) 	 loss 8.075E-01 	 horizons 19.0
step 4126 	 return [0.0008037  0.00202942 0.00582322 0.00683434 0.00623038 0.0076563
 0.00757875 0.00353613 0.00416755 0.00437005], ([0.00161464 0.00273748 0.00328825 0.00511559 0.00372514 0.0033648
 0.00663252 0.00345281 0.00246183 0.00425302]) 	 loss 7.409E-01 	 horizons 19.0
step 4316 	 return [0.00017959 0.00189885 0.0067926  0.00544774 0.00487603 0.00425965
 0.00474534 0.00266727 0.00239366 0.00224314], ([0.00053877 0.0028849  0.00188182 0.00745496 0.00347877 0.00337514
 0.00540729 0.00366402 0.00206274 0.0016982 ]) 	 loss 7.315E-01 	 horizons 19.0
step 4506 	 return [0.         0.00208623 0.00747477 0.00275183 0.00479647 0.00408879
 0.00236304 0.00140866 0.00298509 0.00238923], ([0.         0.00347151 0.00168166 0.00553132 0.00366778 0.00317257
 0.00374382 0.00218373 0.00428657 0.00119185]) 	 loss 7.166E-01 	 horizons 19.0
step 4686 	 return [4.6458133e-03 1.5386494e-03 1.5252079e-03 4.9876410e-04 1.2728183e-03
 1.1215881e-04 2.4363663e-04 8.3864556e-04 5.6198645e-05 0.0000000e+00], ([0.00191831 0.00211612 0.00125942 0.00055576 0.00122034 0.00023481
 0.0005129  0.00104168 0.0001686  0.        ]) 	 loss 6.932E-01 	 horizons 18.0
step 4822 	 return [3.5876788e-03 2.5064504e-04 1.7567661e-03 2.2550463e-04 4.1446928e-04
 1.3746842e-04 8.5250009e-05 0.0000000e+00 9.2366635e-04 2.9751833e-05], ([2.0571563e-03 7.5193518e-04 1.0096162e-03 4.8371317e-04 5.9530546e-04
 1.8713810e-04 2.5575000e-04 0.0000000e+00 8.4027153e-04 3.9301434e-05]) 	 loss 7.302E-01 	 horizons 13.6
step 4997 	 return [5.0625773e-03 2.4411932e-03 1.3007350e-03 6.7668362e-04 1.3895435e-03
 1.1727010e-04 3.7539445e-04 4.5003393e-04 1.4992857e-04 8.3830882e-06], ([2.4109990e-03 3.3365260e-03 1.6138311e-03 6.9233059e-04 1.0988684e-03
 2.3454022e-04 6.5219804e-04 9.1997423e-04 4.4978570e-04 2.5149264e-05]) 	 loss 7.504E-01 	 horizons 17.5
step 5187 	 return [0.00341621 0.00416268 0.00241826 0.00109448 0.00066763 0.00027097
 0.00080518 0.00042091 0.         0.        ], ([0.0019907  0.00253653 0.00211541 0.00066901 0.00102388 0.00081291
 0.00058304 0.00084368 0.         0.        ]) 	 loss 7.020E-01 	 horizons 19.0
step 5369 	 return [4.4258600e-03 1.9352349e-03 1.3431450e-03 5.3297565e-04 9.2495454e-04
 2.2834609e-05 1.8547874e-04 6.5753132e-04 0.0000000e+00 0.0000000e+00], ([1.6833966e-03 2.4550019e-03 1.2679527e-03 5.5954873e-04 9.4281911e-04
 6.8503832e-05 5.5643619e-04 8.2629529e-04 0.0000000e+00 0.0000000e+00]) 	 loss 7.323E-01 	 horizons 18.2
step 5559 	 return [0.00547851 0.00379098 0.00116097 0.00102326 0.00213719 0.
 0.00046325 0.00140077 0.         0.        ], ([0.00198124 0.00293933 0.00163778 0.00062562 0.00120896 0.
 0.00075151 0.00118952 0.         0.        ]) 	 loss 6.720E-01 	 horizons 19.0
step 5749 	 return [0.00096922 0.00643121 0.00662943 0.00054731 0.         0.00148005
 0.00010843 0.         0.         0.        ], ([0.00193876 0.00403822 0.00178991 0.0008804  0.         0.00160348
 0.00018065 0.         0.         0.        ]) 	 loss 6.977E-01 	 horizons 19.0
step 5939 	 return [0.00448861 0.0070356  0.00521408 0.00102886 0.00067551 0.00071859
 0.00051244 0.         0.         0.        ], ([0.00178303 0.00232405 0.00245825 0.0008793  0.00090464 0.0015062
 0.00078896 0.         0.         0.        ]) 	 loss 6.794E-01 	 horizons 19.0
step 6129 	 return [3.7791473e-03 7.0986734e-03 6.9683762e-03 2.8519559e-04 8.6993695e-04
 1.1685244e-03 5.0056365e-04 1.2078313e-08 1.3278692e-04 3.5583862e-04], ([3.1520282e-03 4.1401912e-03 2.4795064e-03 5.7073164e-04 2.6098101e-03
 2.3681731e-03 1.0015976e-03 3.6234937e-08 3.9836077e-04 1.0675157e-03]) 	 loss 6.560E-01 	 horizons 19.0
step 6319 	 return [0.00656835 0.0046067  0.00430079 0.00079852 0.00099026 0.00026357
 0.00062423 0.00044942 0.         0.        ], ([0.00272743 0.00190216 0.00203875 0.00068157 0.00145683 0.0007907
 0.00086386 0.00091018 0.         0.        ]) 	 loss 5.988E-01 	 horizons 19.0
step 6509 	 return [0.00379123 0.00610782 0.0059735  0.00067906 0.00014954 0.00085666
 0.0002861  0.         0.         0.        ], ([0.00260146 0.00432346 0.00283739 0.00069789 0.00032381 0.00171493
 0.00052722 0.         0.         0.        ]) 	 loss 5.791E-01 	 horizons 19.0
step 6699 	 return [0.00582621 0.0037506  0.0009045  0.00082404 0.00175914 0.
 0.0002953  0.00089746 0.         0.        ], ([0.00254533 0.00139921 0.00148612 0.00048756 0.00083827 0.
 0.00061215 0.00111142 0.         0.        ]) 	 loss 5.421E-01 	 horizons 19.0
step 6889 	 return [0.00538701 0.00855469 0.00610857 0.0003958  0.00030635 0.
 0.00072768 0.00030408 0.         0.        ], ([0.00229574 0.00614363 0.00417345 0.00056734 0.00064506 0.
 0.000874   0.0006355  0.         0.        ]) 	 loss 5.543E-01 	 horizons 19.0
step 7079 	 return [5.6560184e-03 3.5359436e-03 4.9049110e-04 6.7506952e-04 1.8377698e-03
 6.7582281e-05 5.6713575e-04 6.0970924e-04 2.0771702e-04 0.0000000e+00], ([0.00188311 0.0022401  0.00062381 0.00060514 0.00113677 0.00020275
 0.00076128 0.00097597 0.00062315 0.        ]) 	 loss 5.541E-01 	 horizons 19.0
step 7264 	 return [0.00526766 0.00333052 0.00143473 0.00095488 0.00071914 0.
 0.00049864 0.00020906 0.00011233 0.0001015 ], ([0.00293086 0.00336097 0.00125479 0.00074388 0.00098498 0.
 0.00079394 0.00062717 0.00022468 0.0003045 ]) 	 loss 5.564E-01 	 horizons 18.5
step 7452 	 return [5.0071990e-03 3.5957098e-03 8.4045983e-04 9.9958922e-04 2.3205024e-03
 0.0000000e+00 5.5839552e-04 9.2782377e-04 5.6514895e-05 8.3925734e-05], ([0.0022361  0.00337316 0.00154823 0.00081712 0.00127403 0.
 0.00075645 0.0011805  0.00016954 0.00025178]) 	 loss 5.355E-01 	 horizons 18.8
step 7642 	 return [6.8999352e-03 5.1550460e-03 2.1269538e-03 1.1273153e-03 1.4732854e-03
 6.9303598e-05 6.4265728e-04 3.0362463e-04 2.6347121e-04 0.0000000e+00], ([0.00226102 0.00166183 0.00320974 0.00075184 0.00096195 0.00020791
 0.00099613 0.00091087 0.00079041 0.        ]) 	 loss 5.345E-01 	 horizons 19.0
step 7832 	 return [0.0058177  0.00732191 0.00440461 0.00091027 0.0009778  0.
 0.00100173 0.         0.         0.        ], ([0.00132027 0.00296157 0.0049427  0.00076079 0.00123036 0.
 0.00082592 0.         0.         0.        ]) 	 loss 5.035E-01 	 horizons 19.0
step 8022 	 return [0.00085177 0.00616419 0.0063389  0.01274481 0.0066457  0.00574787
 0.00945239 0.00584204 0.00834913 0.00357872], ([0.00137208 0.00366195 0.00140687 0.00672535 0.00383501 0.00385375
 0.00589309 0.00389526 0.005909   0.00463207]) 	 loss 5.026E-01 	 horizons 19.0
step 8212 	 return [0.00131581 0.00743373 0.00525898 0.01295627 0.00705817 0.00429413
 0.00801515 0.0061116  0.00860555 0.00232881], ([0.00281154 0.00417324 0.00061265 0.00654309 0.00248911 0.00217885
 0.00482835 0.00473772 0.00641283 0.00176731]) 	 loss 4.756E-01 	 horizons 19.0
step 8402 	 return [0.00152337 0.00669324 0.00551756 0.00731551 0.00428622 0.00456153
 0.00486061 0.00485963 0.00397095 0.00300965], ([0.00165819 0.00357382 0.00242923 0.00556566 0.00325569 0.00408699
 0.0054015  0.00398841 0.00420777 0.00429959]) 	 loss 4.901E-01 	 horizons 19.0
step 8592 	 return [0.00162089 0.00736018 0.00640155 0.01284019 0.00616934 0.00680188
 0.01098887 0.00601704 0.00855605 0.00465775], ([0.003301   0.00498605 0.00112839 0.0045451  0.0027427  0.0043917
 0.00588686 0.00348401 0.00535592 0.00525038]) 	 loss 4.673E-01 	 horizons 19.0
step 8782 	 return [0.00601251 0.00723378 0.00432859 0.00261475 0.00352148 0.00064675
 0.0017256  0.00122435 0.00157108 0.00036626], ([0.00309345 0.003226   0.00256645 0.00419481 0.00354635 0.00139734
 0.00364391 0.00223416 0.00471324 0.00109878]) 	 loss 4.488E-01 	 horizons 19.0
step 8972 	 return [0.00499232 0.01013004 0.00672824 0.00211815 0.00173192 0.00098061
 0.00194049 0.00068026 0.00132998 0.0003003 ], ([0.00261273 0.00392286 0.00276959 0.00353448 0.00240445 0.00268719
 0.00446654 0.00177631 0.00398993 0.0009009 ]) 	 loss 4.227E-01 	 horizons 19.0
step 9162 	 return [4.7868877e-03 9.7179636e-03 5.9296964e-03 2.6197108e-03 4.9198437e-03
 1.0126053e-03 2.9751541e-06 1.1366217e-03 9.2772636e-05 0.0000000e+00], ([2.8776899e-03 1.1241710e-03 1.7402548e-03 1.8262180e-03 3.1438200e-03
 1.2126518e-03 8.9254618e-06 1.3422747e-03 1.8554529e-04 0.0000000e+00]) 	 loss 4.264E-01 	 horizons 19.0
step 9352 	 return [5.7540336e-03 1.0992271e-02 8.4327897e-03 4.2096461e-04 3.3265894e-04
 2.1860402e-05 8.3276175e-04 8.4805863e-05 0.0000000e+00 0.0000000e+00], ([2.1182774e-03 3.9693769e-03 2.4252920e-03 8.5375842e-04 9.9797675e-04
 6.5581204e-05 1.0060985e-03 2.5441759e-04 0.0000000e+00 0.0000000e+00]) 	 loss 3.959E-01 	 horizons 19.0
step 9542 	 return [0.00017628 0.00799971 0.00589855 0.01617143 0.00658558 0.00751105
 0.01347789 0.00716784 0.01026132 0.00453078], ([0.00052885 0.00280299 0.00070702 0.00226999 0.00341998 0.00365808
 0.00203037 0.00162929 0.00396228 0.00363141]) 	 loss 3.817E-01 	 horizons 19.0
step 9732 	 return [0.00081732 0.00818996 0.00616663 0.01514949 0.00570034 0.00686913
 0.01208204 0.00685019 0.00953796 0.00365751], ([0.00245196 0.00475644 0.00178326 0.00451667 0.00421729 0.00182496
 0.00510203 0.00178016 0.0044311  0.00523424]) 	 loss 3.618E-01 	 horizons 19.0
step 9922 	 return [0.         0.0099257  0.00667421 0.01349491 0.00989058 0.00482406
 0.01139042 0.00678333 0.01413971 0.00329633], ([0.         0.00178282 0.00242066 0.0044983  0.00329686 0.00016398
 0.00305347 0.00226111 0.00471324 0.00109878]) 	 loss 3.361E-01 	 horizons 19.0
step 10112 	 return [0.00036144 0.00899894 0.00629969 0.01471104 0.00776212 0.00555434
 0.01249246 0.00727377 0.013018   0.00274713], ([0.00072304 0.00215151 0.00123965 0.00186122 0.00307213 0.00173767
 0.00215701 0.00083041 0.00379602 0.00139826]) 	 loss 2.996E-01 	 horizons 19.0
step 10302 	 return [0.00066402 0.0062803  0.00625578 0.01486125 0.00673322 0.00750841
 0.01042231 0.00679824 0.00905865 0.00449237], ([0.00116657 0.00306305 0.00071664 0.00384097 0.00341882 0.00462538
 0.00401223 0.00307507 0.0045684  0.00607631]) 	 loss 2.524E-01 	 horizons 19.0
step 10492 	 return [0.00546563 0.00924969 0.00697996 0.00250856 0.00130786 0.00089879
 0.00215095 0.00094544 0.00087707 0.        ], ([0.00242455 0.00379659 0.00290067 0.00501133 0.00246328 0.00253595
 0.00439964 0.00283631 0.00263122 0.        ]) 	 loss 2.431E-01 	 horizons 19.0
step 10682 	 return [0.00716206 0.01023608 0.00692161 0.00265758 0.00521652 0.00064999
 0.         0.00025184 0.00013916 0.        ], ([0.00308263 0.00214704 0.00065063 0.00201058 0.00210235 0.00084736
 0.         0.0003847  0.00021257 0.        ]) 	 loss 2.249E-01 	 horizons 19.0
step 10872 	 return [0.00060653 0.00682434 0.00631463 0.01459945 0.00806889 0.00598861
 0.01078949 0.00784154 0.00817196 0.00276973], ([0.00076524 0.00259472 0.00227168 0.00490684 0.00131605 0.00263904
 0.00454377 0.00214849 0.00377451 0.00414149]) 	 loss 2.134E-01 	 horizons 19.0
step 11062 	 return [0.00349157 0.007812   0.00611124 0.0078659  0.00468848 0.00537287
 0.00730898 0.00524924 0.00405138 0.00236139], ([0.00345334 0.00276855 0.00128673 0.00511335 0.00273268 0.00450451
 0.00786972 0.00399489 0.00441336 0.00472281]) 	 loss 2.275E-01 	 horizons 19.0
step 11252 	 return [0.00635422 0.01396639 0.00959617 0.00039786 0.         0.
 0.00127232 0.         0.         0.        ], ([0.00109445 0.00508311 0.00295084 0.00079656 0.         0.
 0.0009475  0.         0.         0.        ]) 	 loss 2.607E-01 	 horizons 19.0
step 11442 	 return [0.00722534 0.007154   0.00406984 0.00158171 0.00161561 0.00011173
 0.00084402 0.0003547  0.         0.        ], ([0.00290009 0.00336265 0.0028438  0.00065289 0.00167959 0.00022348
 0.00089104 0.00081957 0.         0.        ]) 	 loss 2.676E-01 	 horizons 19.0
step 11632 	 return [0.00550612 0.00890275 0.00643105 0.00616831 0.00496282 0.00287936
 0.00297576 0.00262438 0.00160428 0.00051804], ([0.00363431 0.00273813 0.00116718 0.00472363 0.00217812 0.00445608
 0.00463909 0.00365201 0.00247202 0.00155412]) 	 loss 2.478E-01 	 horizons 19.0
step 11822 	 return [0.00017659 0.00821763 0.00695224 0.01445082 0.00881296 0.0047816
 0.0110655  0.00736145 0.01223483 0.00255943], ([0.00052976 0.00236775 0.00196867 0.00526836 0.0035338  0.00020043
 0.00390584 0.00285651 0.00551303 0.00167557]) 	 loss 2.131E-01 	 horizons 19.0
step 12012 	 return [0.00071096 0.0070461  0.00691257 0.01610259 0.00796282 0.00550341
 0.01117721 0.00780825 0.00987914 0.00155879], ([0.00087082 0.00446019 0.00168432 0.00210741 0.00318347 0.00112107
 0.00347701 0.00164479 0.00419815 0.00164631]) 	 loss 2.092E-01 	 horizons 19.0
step 12202 	 return [0.00764237 0.00449925 0.0028755  0.0011166  0.00173426 0.
 0.00051203 0.00026426 0.         0.        ], ([0.00158902 0.00369293 0.00383082 0.00059424 0.00120126 0.
 0.00069881 0.00079277 0.         0.        ]) 	 loss 2.125E-01 	 horizons 19.0
step 12392 	 return [0.00017659 0.00872356 0.00630154 0.01574475 0.00770264 0.00666284
 0.01408577 0.00734161 0.01157622 0.00213938], ([0.00052976 0.00203837 0.00091894 0.00144154 0.00174611 0.00144389
 0.00347379 0.00191817 0.00359347 0.00149354]) 	 loss 2.312E-01 	 horizons 19.0
step 12582 	 return [0.00107338 0.00656489 0.00763442 0.01480933 0.00711048 0.00518425
 0.01098435 0.00786962 0.00897969 0.00119781], ([0.00087678 0.00367253 0.00143422 0.00329612 0.00089599 0.00244944
 0.00418587 0.00155057 0.00346032 0.00147027]) 	 loss 1.789E-01 	 horizons 19.0
step 12772 	 return [6.9743441e-03 1.0836757e-02 6.6856057e-03 1.5873648e-03 2.8400812e-03
 3.6252986e-04 7.2483608e-04 4.2694825e-04 4.6386318e-05 0.0000000e+00], ([0.00253242 0.00478755 0.00269726 0.00081651 0.00243426 0.00057286
 0.00093991 0.00078896 0.00013916 0.        ]) 	 loss 1.985E-01 	 horizons 19.0
step 12962 	 return [0.00731879 0.01016094 0.00615315 0.00292697 0.00503806 0.00064466
 0.         0.00062576 0.         0.        ], ([0.00265988 0.0013517  0.00109835 0.00173928 0.00172521 0.00020982
 0.         0.00088302 0.         0.        ]) 	 loss 1.980E-01 	 horizons 19.0
step 13152 	 return [0.00064327 0.0058177  0.00730762 0.01403568 0.00919961 0.00515927
 0.00909138 0.00683434 0.00933358 0.00253452], ([0.00080559 0.00371721 0.0013517  0.00555715 0.00243699 0.00220937
 0.00432636 0.00283353 0.00409278 0.00132437]) 	 loss 2.159E-01 	 horizons 19.0
step 13342 	 return [0.00029541 0.00511854 0.00683203 0.01595542 0.00775147 0.00744522
 0.0132556  0.00887983 0.00993034 0.00329005], ([0.00060478 0.00331972 0.00148612 0.00465231 0.00193417 0.00248663
 0.00229976 0.00246128 0.00382579 0.00511539]) 	 loss 1.994E-01 	 horizons 19.0
step 13532 	 return [0.00034999 0.00832339 0.006141   0.01392921 0.00786282 0.00556279
 0.01245712 0.00683094 0.01294451 0.00319806], ([0.00069997 0.00223375 0.00049452 0.00337494 0.00180811 0.00201881
 0.00457565 0.00077059 0.00183361 0.00024562]) 	 loss 2.444E-01 	 horizons 19.0
step 13722 	 return [0.00012    0.00876134 0.00612614 0.01675593 0.00695168 0.0066388
 0.01481055 0.00712668 0.01176053 0.00246227], ([0.00036    0.00210999 0.00045297 0.00182445 0.00094021 0.00107315
 0.00214542 0.00149484 0.0024537  0.00123816]) 	 loss 2.344E-01 	 horizons 19.0
step 13912 	 return [0.00024855 0.00616342 0.00777143 0.0126901  0.00844145 0.00712278
 0.01147818 0.00661278 0.01308518 0.00344291], ([0.0004971  0.00231851 0.00199367 0.0062503  0.0038982  0.00455777
 0.00407857 0.00181615 0.00428717 0.00028059]) 	 loss 2.215E-01 	 horizons 19.0
step 14102 	 return [0.01198052 0.0037046  0.00126744 0.00123527 0.00200607 0.
 0.00035783 0.00129629 0.         0.        ], ([0.00237034 0.00217898 0.00193605 0.00049428 0.00090558 0.
 0.00043827 0.00129754 0.         0.        ]) 	 loss 2.247E-01 	 horizons 19.0
step 14292 	 return [0.00064541 0.00770393 0.00720645 0.01630502 0.00912473 0.00471328
 0.01023122 0.00582221 0.0099782  0.00290757], ([0.00080514 0.00387108 0.00189644 0.00236009 0.00278526 0.00221367
 0.00371256 0.00197757 0.00342067 0.00064313]) 	 loss 2.110E-01 	 horizons 19.0
step 14482 	 return [0.00528182 0.0100369  0.00726622 0.00264211 0.00239903 0.00174653
 0.00021915 0.00045154 0.         0.        ], ([0.00133694 0.00353753 0.00246853 0.00234832 0.00251196 0.00169544
 0.00062503 0.00090312 0.         0.        ]) 	 loss 1.997E-01 	 horizons 19.0
step 14672 	 return [0.00244579 0.00652355 0.00670011 0.01365393 0.00764435 0.0138889
 0.01191724 0.00755087 0.00521871 0.00993677], ([0.003736   0.00224546 0.00133607 0.00242418 0.00360604 0.00251359
 0.00397485 0.00265102 0.00392958 0.0069118 ]) 	 loss 2.370E-01 	 horizons 19.0
step 14862 	 return [0.         0.00496545 0.00603378 0.01322463 0.00763307 0.01401346
 0.0147305  0.00937271 0.00693846 0.01084301], ([0.0000000e+00 4.1545871e-05 2.5287587e-05 2.1328751e-03 2.1737234e-03
 2.9301899e-03 2.8486676e-03 5.8084732e-04 2.1177940e-03 5.3115599e-03]) 	 loss 2.160E-01 	 horizons 19.0
step 15052 	 return [0.00284661 0.00688445 0.00668162 0.0150404  0.0084728  0.01247387
 0.01129037 0.00677661 0.00477384 0.00727874], ([0.00366647 0.00225338 0.00134552 0.00212299 0.00379158 0.00277942
 0.00441211 0.00269787 0.00424917 0.00714054]) 	 loss 1.932E-01 	 horizons 19.0
step 15242 	 return [0.         0.00842444 0.00670005 0.01365764 0.00711485 0.0078424
 0.01482218 0.00634684 0.01413395 0.00332519], ([0.         0.00219917 0.00173682 0.00475177 0.00180605 0.00259926
 0.00115951 0.00100629 0.00121771 0.00025536]) 	 loss 1.644E-01 	 horizons 19.0
step 15432 	 return [5.3474978e-03 9.0850890e-03 6.0626040e-03 5.0026672e-03 5.1116096e-03
 1.1466213e-03 6.9890043e-04 1.2034228e-03 5.4061811e-06 1.5774298e-04], ([3.1021698e-03 3.1730516e-03 8.2590681e-04 3.6180355e-03 1.3429676e-03
 8.6605863e-04 2.0967012e-03 1.0038923e-03 1.6218544e-05 4.7322895e-04]) 	 loss 1.832E-01 	 horizons 19.0
step 15622 	 return [0.00095764 0.00331657 0.00835389 0.01051181 0.00665824 0.00654835
 0.00761179 0.00687182 0.01011128 0.00316773], ([0.00115195 0.00312545 0.00243493 0.00552158 0.00375061 0.00289601
 0.00342905 0.00292967 0.00294179 0.00036685]) 	 loss 1.798E-01 	 horizons 19.0
step 15812 	 return [0.00029618 0.0058141  0.00709243 0.01478591 0.00934079 0.0060434
 0.01271285 0.00711364 0.01253034 0.00346352], ([0.00060591 0.00279367 0.00178603 0.00498627 0.00259779 0.0035201
 0.00252561 0.00114437 0.0034855  0.00144281]) 	 loss 2.080E-01 	 horizons 19.0
step 16002 	 return [0.00012513 0.00857657 0.00606842 0.01436429 0.00698127 0.00895813
 0.01466196 0.00794999 0.01154328 0.00265254], ([0.00037538 0.00390552 0.00030927 0.00234519 0.00091431 0.00168442
 0.0020518  0.00253973 0.00236468 0.00318533]) 	 loss 1.981E-01 	 horizons 19.0
step 16192 	 return [0.00036667 0.00960324 0.00586373 0.0121673  0.00640855 0.0072336
 0.01283036 0.00511802 0.01060127 0.00258804], ([0.00110001 0.00201649 0.00021059 0.00267935 0.00028911 0.00258923
 0.00486689 0.00178941 0.00528722 0.00095495]) 	 loss 1.786E-01 	 horizons 19.0
step 16382 	 return [0.00012692 0.00676342 0.00622744 0.01286519 0.00727493 0.00971496
 0.01375414 0.00919792 0.01057533 0.00153881], ([0.00038075 0.00249912 0.000451   0.00061763 0.00090456 0.00171005
 0.00461755 0.00255003 0.00243633 0.00154087]) 	 loss 1.953E-01 	 horizons 19.0
step 16572 	 return [0.         0.00915197 0.00603071 0.01429641 0.00722283 0.01045996
 0.01880411 0.00890719 0.01223725 0.0006006 ], ([0.0000000e+00 2.1628551e-03 3.0917017e-05 2.6635234e-03 1.2208740e-03
 8.3778962e-04 3.1451788e-03 2.2816316e-03 1.4855220e-03 1.2012025e-03]) 	 loss 1.690E-01 	 horizons 19.0
step 16762 	 return [0.00052086 0.00499733 0.00687174 0.01578724 0.01029796 0.00414076
 0.01042749 0.00722088 0.01072192 0.00362198], ([0.00110936 0.00263844 0.00151111 0.00598125 0.00252509 0.00290996
 0.00400638 0.00362572 0.003778   0.00155302]) 	 loss 1.568E-01 	 horizons 19.0
step 16952 	 return [0.00062509 0.00303886 0.0070348  0.01756187 0.00808602 0.00742696
 0.01181848 0.0106234  0.00897601 0.00122846], ([0.00062512 0.0026036  0.00162778 0.00299308 0.0021376  0.00233305
 0.00428055 0.00227784 0.00286407 0.00211141]) 	 loss 1.957E-01 	 horizons 19.0
step 17142 	 return [0.00072067 0.00418463 0.0064989  0.01582042 0.00895578 0.00431494
 0.0116606  0.00900277 0.00896598 0.00266478], ([0.0007458  0.00143237 0.00170726 0.00280775 0.00219069 0.00205675
 0.00303949 0.0008605  0.00292148 0.00253045]) 	 loss 1.965E-01 	 horizons 19.0
step 17332 	 return [0.         0.00874058 0.00681191 0.01436616 0.00658311 0.00911121
 0.01496356 0.00643293 0.01130713 0.0032751 ], ([0.         0.00455219 0.00194477 0.0037727  0.00306962 0.00261421
 0.00188737 0.00149757 0.00388265 0.00490054]) 	 loss 2.274E-01 	 horizons 19.0
step 17522 	 return [0.01114083 0.00370071 0.00051886 0.00123099 0.00248216 0.
 0.00026888 0.00099547 0.         0.        ], ([0.00129635 0.00214652 0.00155658 0.00046795 0.00089542 0.
 0.00041072 0.00123112 0.         0.        ]) 	 loss 1.966E-01 	 horizons 19.0
step 17712 	 return [0.00018197 0.00815023 0.00958819 0.01184205 0.00623968 0.0059294
 0.01008745 0.00324137 0.00696222 0.00268884], ([0.00054591 0.00635571 0.00317878 0.00549182 0.00303249 0.00357506
 0.0044753  0.00248361 0.0062984  0.00142063]) 	 loss 1.789E-01 	 horizons 19.0
step 17902 	 return [0.00030391 0.00746664 0.00653519 0.01701898 0.00961043 0.00524021
 0.01126351 0.00771181 0.0112194  0.00268934], ([0.0006246  0.00284108 0.0010202  0.0020923  0.00197811 0.0020894
 0.00316116 0.00210152 0.00312701 0.00157215]) 	 loss 1.803E-01 	 horizons 19.0
step 18092 	 return [0.         0.00707216 0.00700182 0.01764768 0.00848348 0.00830646
 0.01629354 0.0102857  0.00976995 0.        ], ([0.         0.00329433 0.00146098 0.00344954 0.00138831 0.00159931
 0.00368319 0.00189998 0.00233508 0.        ]) 	 loss 1.788E-01 	 horizons 19.0
step 18282 	 return [0.00066484 0.00642251 0.00690149 0.01660012 0.0085489  0.00518643
 0.01170799 0.00784336 0.00997857 0.00248381], ([0.00068169 0.00383453 0.00189193 0.00309122 0.00223894 0.00249126
 0.00410012 0.0018699  0.00282695 0.00186002]) 	 loss 1.875E-01 	 horizons 19.0
step 18472 	 return [0.00571993 0.01489699 0.01062682 0.00050256 0.00055748 0.00165814
 0.00124716 0.00022744 0.         0.        ], ([0.00107518 0.00587076 0.00193304 0.00150768 0.00167244 0.00231592
 0.00101833 0.00068232 0.         0.        ]) 	 loss 1.687E-01 	 horizons 19.0
step 18662 	 return [0.00507073 0.00959753 0.00980566 0.00096399 0.00082041 0.00443282
 0.00022747 0.00033401 0.         0.        ], ([0.00200585 0.00481589 0.00276718 0.00185763 0.00246124 0.0016676
 0.0006824  0.00100204 0.         0.        ]) 	 loss 1.902E-01 	 horizons 19.0
step 18852 	 return [0.00079505 0.00389875 0.00712986 0.01864713 0.01206904 0.00399278
 0.0066644  0.00782926 0.00964928 0.00330703], ([0.00067215 0.00334943 0.00135344 0.00271627 0.00095405 0.00164387
 0.00287843 0.0024792  0.00219957 0.00081429]) 	 loss 1.769E-01 	 horizons 19.0
step 19042 	 return [0.00703331 0.01121983 0.0059312  0.00339956 0.00644206 0.00143134
 0.         0.00123996 0.         0.        ], ([0.00277306 0.00120779 0.00144317 0.00160238 0.00088147 0.00193127
 0.         0.00127675 0.         0.        ]) 	 loss 1.677E-01 	 horizons 19.0
step 19232 	 return [0.00012717 0.00995047 0.00643444 0.01592229 0.00696807 0.0074031
 0.01459402 0.00704549 0.01242437 0.00182612], ([0.00038152 0.00231443 0.00157857 0.00299302 0.00138149 0.00133361
 0.00363445 0.00137648 0.00117348 0.00149184]) 	 loss 1.692E-01 	 horizons 19.0
step 19422 	 return [0.         0.00978793 0.00638203 0.01572528 0.00657308 0.00844446
 0.01513444 0.00727269 0.01244121 0.00152151], ([0.         0.0026887  0.00125484 0.00332114 0.00096956 0.0015636
 0.00273676 0.00113024 0.00102639 0.0015279 ]) 	 loss 1.784E-01 	 horizons 19.0
step 19612 	 return [0.00049102 0.00601706 0.00661839 0.01752195 0.00811213 0.00689346
 0.01337616 0.00910165 0.00929916 0.00108407], ([0.00060152 0.00319331 0.00059462 0.00288592 0.00113791 0.00154142
 0.00431556 0.00177353 0.00249892 0.00134351]) 	 loss 1.616E-01 	 horizons 19.0
step 19802 	 return [0.         0.01010697 0.00637813 0.01481856 0.00689585 0.00777363
 0.0163414  0.00690666 0.01307864 0.00192316], ([0.         0.00222395 0.00137988 0.00373005 0.00137446 0.00226355
 0.00305231 0.00078144 0.00094378 0.00157874]) 	 loss 1.590E-01 	 horizons 19.0
step 19992 	 return [0.00012428 0.01003702 0.0065634  0.01636401 0.00793486 0.00635693
 0.01382471 0.00651011 0.01153106 0.00229809], ([0.00037283 0.00216666 0.00158605 0.00270423 0.00225233 0.00201421
 0.0032145  0.00066171 0.0021214  0.00120583]) 	 loss 1.382E-01 	 horizons 19.0
step 20182 	 return [0.00114085 0.00294216 0.00910813 0.01424388 0.00763352 0.00786689
 0.01036532 0.00988055 0.00816825 0.00087975], ([0.00062617 0.0030768  0.00206386 0.00279715 0.00079057 0.00154425
 0.00301589 0.00181333 0.0026778  0.00134728]) 	 loss 1.452E-01 	 horizons 19.0
step 20372 	 return [0.0081786  0.01379851 0.00320301 0.00633895 0.00815233 0.00713697
 0.         0.00333823 0.         0.        ], ([8.2672641e-06 1.1797465e-04 2.9797939e-04 2.0472905e-06 7.9109413e-05
 6.8292953e-05 0.0000000e+00 2.9150524e-06 0.0000000e+00 0.0000000e+00]) 	 loss 1.487E-01 	 horizons 19.0
step 20562 	 return [0.00012913 0.01029074 0.00612595 0.01367674 0.00679565 0.00936728
 0.01481496 0.00714028 0.01248268 0.0015015 ], ([0.00038738 0.00231034 0.00040743 0.0015701  0.00074024 0.00034936
 0.00244419 0.0016575  0.00138353 0.0015015 ]) 	 loss 1.590E-01 	 horizons 19.0
step 20747 	 return [1.1218710e-02 2.0743180e-03 3.8404058e-05 0.0000000e+00 1.2610717e-03
 0.0000000e+00 0.0000000e+00 1.2269875e-03 7.5532684e-05 7.5153296e-04], ([0.00636806 0.00207596 0.00011521 0.         0.00095432 0.
 0.         0.001227   0.0002266  0.00092044]) 	 loss 1.372E-01 	 horizons 18.5
step 20937 	 return [0.00786622 0.01322042 0.00356588 0.00576447 0.00790054 0.00586369
 0.         0.00289809 0.         0.        ], ([0.0014478  0.0012769  0.0013423  0.00130768 0.00100775 0.00252316
 0.         0.00101729 0.         0.        ]) 	 loss 2.575E-01 	 horizons 19.0
step 21127 	 return [0.         0.00666648 0.00648194 0.01624191 0.0082943  0.01024776
 0.01612743 0.01025925 0.01017755 0.        ], ([0.         0.00267422 0.00045625 0.00273094 0.00118223 0.00115542
 0.00451241 0.00151285 0.00184754 0.        ]) 	 loss 1.449E-01 	 horizons 19.0
step 21317 	 return [0.0004849  0.00255512 0.00732515 0.01869252 0.01135234 0.00506727
 0.00828674 0.00949541 0.01063034 0.00340047], ([0.00059392 0.00262738 0.00172616 0.00390282 0.00240288 0.00320449
 0.0034288  0.00212083 0.00237189 0.00060891]) 	 loss 1.581E-01 	 horizons 19.0
step 21507 	 return [0.00083555 0.00506443 0.00814853 0.00890695 0.00782185 0.0048456
 0.00650684 0.00475874 0.00686723 0.00290061], ([0.00085305 0.00485768 0.00274165 0.00424853 0.00214085 0.00298996
 0.00336359 0.00342053 0.00250728 0.0007022 ]) 	 loss 1.582E-01 	 horizons 19.0
step 21697 	 return [0.00048795 0.00573662 0.00780611 0.01696433 0.01043279 0.0053039
 0.00960594 0.00685535 0.01177546 0.00339451], ([0.00059779 0.00363922 0.00227397 0.00353058 0.0018323  0.00252135
 0.00311126 0.00250717 0.00373313 0.00036789]) 	 loss 1.904E-01 	 horizons 19.0
step 21887 	 return [0.         0.00500605 0.00604449 0.01608322 0.00811976 0.01243167
 0.0162127  0.00997592 0.00855075 0.00734712], ([0.0000000e+00 3.1181153e-05 1.5076856e-05 3.3275601e-03 1.4746031e-03
 3.2950283e-03 2.7298499e-03 2.1711227e-03 2.1147886e-03 7.5376909e-03]) 	 loss 1.314E-01 	 horizons 19.0
step 22077 	 return [0.00077332 0.00794289 0.00619711 0.01204886 0.00934123 0.00462582
 0.00902126 0.00755823 0.0101251  0.00255293], ([0.0007934  0.00419843 0.00062841 0.00346745 0.0019385  0.00258796
 0.00511075 0.0023106  0.00252798 0.0010054 ]) 	 loss 1.664E-01 	 horizons 19.0
step 22267 	 return [9.14514996e-03 3.82550387e-03 1.08118125e-04 1.18963514e-03
 2.43430887e-03 6.93035981e-05 5.37346466e-04 1.09326863e-03
 2.63471215e-04 0.00000000e+00], ([0.00250722 0.00206806 0.00032435 0.00043223 0.0005546  0.00020791
 0.00082118 0.00134397 0.00079041 0.        ]) 	 loss 1.508E-01 	 horizons 19.0
step 22457 	 return [0.         0.01023375 0.00600829 0.01212709 0.00659176 0.01041189
 0.01984568 0.00818118 0.01211893 0.00115064], ([0.0000000e+00 2.3688232e-03 6.9256879e-05 1.3826159e-03 1.1561493e-04
 3.7814080e-04 3.3098347e-03 7.7842199e-04 1.9066335e-03 3.4519131e-03]) 	 loss 1.496E-01 	 horizons 19.0
step 22647 	 return [1.1542933e-02 4.5791781e-03 3.0190439e-03 1.5193609e-03 1.5765507e-03
 0.0000000e+00 9.0579197e-05 2.5929319e-04 0.0000000e+00 0.0000000e+00], ([0.0017279  0.00140108 0.00183127 0.00043892 0.0010803  0.
 0.00027174 0.00077788 0.         0.        ]) 	 loss 1.154E-01 	 horizons 19.0
step 22837 	 return [0.0089123  0.00510865 0.00271306 0.00129507 0.00135428 0.
 0.00019678 0.0003987  0.         0.        ], ([0.00161957 0.00240178 0.00198017 0.00078957 0.00114703 0.
 0.00059033 0.0007974  0.         0.        ]) 	 loss 1.282E-01 	 horizons 19.0
step 23027 	 return [0.01316791 0.00462793 0.00111859 0.00117622 0.00223134 0.
 0.         0.00041358 0.         0.        ], ([0.00241437 0.00174442 0.00171107 0.00071596 0.00132694 0.
 0.         0.00082717 0.         0.        ]) 	 loss 1.510E-01 	 horizons 19.0
step 23217 	 return [0.00036819 0.00505196 0.00655867 0.01979143 0.01163276 0.0043339
 0.00795901 0.00864576 0.01008032 0.00309556], ([0.00056256 0.00254647 0.00061065 0.00197625 0.00153926 0.0015547
 0.00265747 0.00238818 0.00245912 0.00040827]) 	 loss 1.140E-01 	 horizons 19.0
step 23407 	 return [0.00079321 0.00095748 0.00829415 0.01676018 0.00861606 0.0089113
 0.01207416 0.01098749 0.00821096 0.00050117], ([0.00066404 0.00191502 0.00183569 0.00383723 0.0006424  0.00232587
 0.00261675 0.0012909  0.00135281 0.00150351]) 	 loss 1.191E-01 	 horizons 19.0
step 23597 	 return [0.         0.01071122 0.00598791 0.01337819 0.00624605 0.01039472
 0.01989024 0.00881662 0.01236181 0.        ], ([0.         0.00255761 0.00010653 0.00234799 0.00107739 0.00058537
 0.00258037 0.00134146 0.00116261 0.        ]) 	 loss 1.199E-01 	 horizons 19.0
step 23787 	 return [0.00585192 0.01085514 0.00559218 0.00425967 0.00604565 0.00154881
 0.         0.00178805 0.         0.        ], ([0.00269778 0.00121288 0.00115507 0.00150662 0.00125147 0.00189285
 0.         0.00105149 0.         0.        ]) 	 loss 1.240E-01 	 horizons 19.0
step 23977 	 return [0.00062037 0.0028136  0.00776993 0.01992327 0.00818886 0.00715626
 0.01240825 0.00949773 0.01020013 0.00109525], ([0.00062041 0.00355484 0.00196454 0.00211201 0.00123849 0.00165967
 0.00353088 0.00194325 0.00195449 0.0017387 ]) 	 loss 1.053E-01 	 horizons 19.0
step 24167 	 return [0.         0.01195655 0.0074765  0.01596477 0.00641912 0.00832126
 0.01650284 0.00757419 0.01258488 0.00031335], ([0.0000000e+00 1.0002949e-03 2.4017673e-03 2.3044625e-03 8.7487388e-05
 8.9337875e-04 1.7073739e-03 6.0031802e-04 3.4772317e-04 9.4004872e-04]) 	 loss 1.157E-01 	 horizons 19.0
step 24357 	 return [0.00049227 0.00187834 0.00643586 0.02090424 0.01045783 0.00574018
 0.00859132 0.00986414 0.00967252 0.00318424], ([0.000603   0.00230066 0.00054372 0.00190758 0.00172804 0.00183287
 0.00267116 0.00135596 0.00144408 0.00067335]) 	 loss 1.523E-01 	 horizons 19.0
step 24547 	 return [0.00036717 0.00815541 0.00626259 0.01822911 0.00898006 0.00583234
 0.01270772 0.00807136 0.01077875 0.00179712], ([0.00056097 0.00348049 0.00059342 0.00187603 0.00244507 0.00205167
 0.00420316 0.00102101 0.00200158 0.00188186]) 	 loss 1.176E-01 	 horizons 19.0
step 24737 	 return [0.         0.01120927 0.00689642 0.01830716 0.00644934 0.0076588
 0.016761   0.00765878 0.012604   0.00031335], ([0.0000000e+00 1.3567854e-03 1.9987731e-03 1.2014580e-03 6.9400689e-05
 4.6080668e-04 7.0676074e-04 5.2162353e-04 1.6074417e-04 9.4004872e-04]) 	 loss 1.263E-01 	 horizons 19.0
step 24927 	 return [0.00024163 0.00631628 0.00622321 0.01607408 0.0103054  0.00578096
 0.00932131 0.00848591 0.01219405 0.00327115], ([0.00048326 0.00207828 0.00055968 0.00116043 0.00197522 0.00104938
 0.00351559 0.00131533 0.00273839 0.00029299]) 	 loss 1.060E-01 	 horizons 19.0
step 25117 	 return [0.0009253  0.00418269 0.00715556 0.0204254  0.01281313 0.0026127
 0.00597892 0.00857427 0.00905594 0.00320078], ([6.2618603e-04 1.3942596e-03 6.3302118e-04 4.8407397e-04 3.6055359e-04
 1.4177265e-03 1.3735462e-03 1.8912950e-03 8.5776357e-04 9.8563622e-05]) 	 loss 1.112E-01 	 horizons 19.0
step 25307 	 return [0.01084467 0.00216097 0.00031204 0.00093315 0.00244732 0.
 0.00053746 0.00206884 0.         0.        ], ([0.00115164 0.00231063 0.00062748 0.00049123 0.00036011 0.
 0.00043883 0.00104121 0.         0.        ]) 	 loss 1.112E-01 	 horizons 19.0
step 25497 	 return [0.         0.01233086 0.00599997 0.01246672 0.00657296 0.01031654
 0.01888848 0.00803722 0.01255115 0.        ], ([0.0000000e+00 1.8968207e-03 4.2460488e-05 2.4486677e-04 6.6406879e-05
 4.7235188e-04 2.5171721e-03 5.1400345e-04 2.8707649e-04 0.0000000e+00]) 	 loss 1.113E-01 	 horizons 19.0
step 25687 	 return [0.00118373 0.00488102 0.00741658 0.0170017  0.00902181 0.00737298
 0.00924925 0.01052026 0.00655142 0.        ], ([4.2451735e-04 8.1041086e-05 7.3995255e-04 2.1191260e-03 4.3809650e-04
 1.4242515e-03 1.0738432e-03 1.1347668e-03 5.1965384e-04 0.0000000e+00]) 	 loss 1.092E-01 	 horizons 19.0
step 25877 	 return [0.00180747 0.00382793 0.00746867 0.00896446 0.0089207  0.0019174
 0.00366715 0.00740709 0.00880404 0.00295293], ([2.8071836e-05 2.1420721e-05 1.9459176e-04 1.9662662e-03 1.5468036e-03
 5.2961877e-06 4.9380778e-04 2.3555087e-03 6.5611914e-04 3.9362156e-05]) 	 loss 1.071E-01 	 horizons 19.0
step 26067 	 return [0.         0.00995521 0.00742092 0.01501379 0.00686008 0.00968385
 0.01567019 0.00793765 0.01217757 0.00078056], ([0.         0.00395928 0.00219143 0.0018899  0.00086136 0.00039984
 0.0030124  0.00080283 0.00084702 0.00163799]) 	 loss 8.827E-02 	 horizons 19.0
step 26257 	 return [0.00087604 0.00464873 0.00693278 0.02062372 0.01269062 0.00347343
 0.00646398 0.00902349 0.00815899 0.00307049], ([5.7350931e-04 8.8007455e-06 5.6931906e-04 5.7016843e-04 6.3030660e-05
 1.9760453e-03 1.8124473e-03 2.2398389e-03 1.3420642e-03 2.0531093e-04]) 	 loss 8.546E-02 	 horizons 19.0
step 26447 	 return [0.01237332 0.00295867 0.00076584 0.00031976 0.00228596 0.
 0.00026858 0.0024815  0.         0.        ], ([0.0026237  0.00219399 0.00077254 0.00048844 0.00020771 0.
 0.00041026 0.00013178 0.         0.        ]) 	 loss 8.839E-02 	 horizons 19.0
step 26637 	 return [0.00112459 0.00456347 0.00694813 0.01966782 0.01248694 0.00263267
 0.00581597 0.00954743 0.00768273 0.00299168], ([0.00037489 0.00026003 0.00093243 0.00174505 0.00049237 0.00131401
 0.0008167  0.00142089 0.00078745 0.00015739]) 	 loss 9.610E-02 	 horizons 19.0
step 26827 	 return [0.00899637 0.01230211 0.00800186 0.00160846 0.00409762 0.00045083
 0.00042415 0.00035264 0.         0.        ], ([0.00088643 0.00374432 0.00206866 0.00080691 0.00256949 0.00022552
 0.00084845 0.00043189 0.         0.        ]) 	 loss 9.035E-02 	 horizons 19.0
step 27017 	 return [0.00593401 0.01251242 0.00385371 0.00569077 0.00819078 0.00421195
 0.         0.00281875 0.         0.        ], ([0.00226304 0.0019439  0.00111284 0.00066502 0.00169949 0.00309807
 0.         0.00053694 0.         0.        ]) 	 loss 8.507E-02 	 horizons 19.0
step 27207 	 return [0.00774754 0.011245   0.00668503 0.00296651 0.00647147 0.00072867
 0.         0.00068232 0.         0.        ], ([0.00267153 0.00066036 0.00092218 0.00134799 0.00058701 0.00024085
 0.         0.00104225 0.         0.        ]) 	 loss 8.061E-02 	 horizons 19.0
step 27397 	 return [0.         0.0107105  0.00687844 0.01350993 0.00968243 0.00450682
 0.01113215 0.0036133  0.01307963 0.00389071], ([0.         0.00375415 0.00189357 0.00138227 0.0007917  0.0009091
 0.00226019 0.00172731 0.00361992 0.00101333]) 	 loss 7.209E-02 	 horizons 19.0
step 27587 	 return [0.0113163  0.00348212 0.0001706  0.00114481 0.00273658 0.
 0.00044854 0.00154063 0.         0.        ], ([0.00168254 0.00211466 0.00051179 0.0004372  0.00034024 0.
 0.00044855 0.00126125 0.         0.        ]) 	 loss 1.069E-01 	 horizons 19.0
step 27777 	 return [0.         0.00974517 0.01157044 0.00366804 0.00386303 0.01041526
 0.01180926 0.00508447 0.0105325  0.00243642], ([0.         0.0076103  0.00215889 0.00257286 0.00254867 0.00339145
 0.00633159 0.003334   0.0069857  0.00159857]) 	 loss 1.008E-01 	 horizons 19.0
step 27967 	 return [0.00729182 0.01363557 0.00315126 0.00608843 0.00910801 0.00604536
 0.         0.00313971 0.         0.        ], ([0.00180901 0.00143543 0.00079102 0.00053131 0.00105147 0.00246133
 0.         0.00042651 0.         0.        ]) 	 loss 8.589E-02 	 horizons 19.0
step 28157 	 return [0.00685595 0.01747634 0.0124707  0.0003577  0.         0.00020219
 0.0019345  0.         0.         0.        ], ([0.00026179 0.00386978 0.00231213 0.00077458 0.         0.00060657
 0.00061331 0.         0.         0.        ]) 	 loss 9.292E-02 	 horizons 19.0
step 28347 	 return [0.         0.00498895 0.00647931 0.01199832 0.00658559 0.01213132
 0.01458415 0.00830648 0.01017378 0.0161002 ], ([0.         0.00012321 0.00127095 0.00233433 0.00011876 0.00021173
 0.00143259 0.0004786  0.00091908 0.00428481]) 	 loss 1.046E-01 	 horizons 19.0
step 28537 	 return [0.00133565 0.00494308 0.00766829 0.01423361 0.0085253  0.00763547
 0.01195658 0.00995701 0.00649428 0.        ], ([2.2358898e-04 3.5970839e-05 7.1591308e-04 2.0019612e-03 4.4854364e-04
 7.0405239e-04 2.1693369e-03 9.2643313e-04 5.4793275e-04 0.0000000e+00]) 	 loss 9.795E-02 	 horizons 19.0
step 28727 	 return [0.01191858 0.00446256 0.00031173 0.0010993  0.0028546  0.
 0.00017966 0.00098892 0.         0.        ], ([0.0013042  0.00107298 0.00062723 0.00057132 0.00028031 0.
 0.00035932 0.00121323 0.         0.        ]) 	 loss 1.061E-01 	 horizons 19.0
step 28917 	 return [0.         0.00842818 0.00971642 0.00598043 0.00573625 0.01179327
 0.01686326 0.00652765 0.01096077 0.00305116], ([0.         0.00569577 0.00204636 0.00359397 0.00203873 0.00229683
 0.0051159  0.00223353 0.00376228 0.00506253]) 	 loss 8.768E-02 	 horizons 19.0
step 29107 	 return [0.         0.00437243 0.00610317 0.02053368 0.00928057 0.00895488
 0.00881113 0.01044268 0.00981114 0.00257945], ([0.0000000e+00 1.4596725e-03 3.4853240e-04 1.7025670e-03 7.6175034e-05
 1.0420951e-03 2.0033971e-04 4.8053201e-04 3.6627374e-04 8.6199469e-04]) 	 loss 1.111E-01 	 horizons 19.0
step 29297 	 return [0.00012913 0.00976128 0.00743982 0.01540069 0.00649032 0.00887804
 0.01370824 0.00815004 0.01167801 0.00086029], ([0.00038738 0.00385804 0.0020752  0.0020847  0.0015044  0.00116259
 0.00376771 0.00153878 0.00169028 0.00131679]) 	 loss 8.726E-02 	 horizons 19.0
step 29487 	 return [0.00061234 0.00187629 0.00676778 0.02013445 0.01239272 0.00564895
 0.00666917 0.00988158 0.009831   0.00316288], ([0.00061257 0.00229812 0.00013073 0.00178867 0.00112517 0.00067791
 0.00185643 0.00134929 0.00071302 0.00016687]) 	 loss 1.089E-01 	 horizons 19.0
step 29677 	 return [0.01118459 0.0010928  0.00034245 0.00074611 0.00217564 0.
 0.00062668 0.00260292 0.         0.        ], ([2.2860589e-03 1.6835269e-03 6.8489369e-04 4.8844219e-04 1.5337804e-05
 0.0000000e+00 4.1025836e-04 1.1170882e-04 0.0000000e+00 0.0000000e+00]) 	 loss 9.618E-02 	 horizons 19.0
step 29867 	 return [0.         0.01276443 0.00599242 0.01273826 0.00660548 0.00929765
 0.01605791 0.00759867 0.01203566 0.00026758], ([0.         0.00316587 0.00035333 0.00111382 0.00058035 0.00220612
 0.003212   0.00045342 0.00092829 0.00080274]) 	 loss 9.274E-02 	 horizons 19.0
step 30057 	 return [0.00615011 0.01107458 0.00971162 0.00088977 0.00017711 0.00199161
 0.00112537 0.         0.         0.        ], ([0.00082829 0.00526344 0.00248256 0.00110146 0.00035495 0.00244793
 0.00096968 0.         0.         0.        ]) 	 loss 1.050E-01 	 horizons 19.0
[1;34mwandb[0m: 
[1;34mwandb[0m: 🚀 View run [33mmotndp_xian-v0__GCN-Xian-i2_l05__456__1780901686[0m at: [34mhttps://wandb.ai/johnario-tu-delft/cl_ablation/runs/cr7dd0wa[0m
[1;34mwandb[0m: Find logs at: [1;35mwandb/run-20260608_085447-cr7dd0wa/logs[0m
