/home/SinJ/miniconda3/envs/mo-nw-design/lib/python3.11/site-packages/pygame/pkgdata.py:25: UserWarning: pkg_resources is deprecated as an API. See https://setuptools.pypa.io/en/latest/pkg_resources.html. The pkg_resources package is slated for removal as early as 2025-11-30. Refrain from using this package or pin to Setuptools<81.
  from pkg_resources import resource_stream, resource_exists
wandb: [wandb.login()] Loaded credentials for https://api.wandb.ai from /home/SinJ/.netrc.
wandb: Currently logged in as: jingyuan-sun03 (johnario-tu-delft) to https://api.wandb.ai. Use `wandb login --relogin` to force relogin
wandb: Tracking run with wandb version 0.27.0
wandb: Run data is saved locally in /home/SinJ/mo-transport-network-design/wandb/run-20260608_085447-pbr3hwc2
wandb: Run `wandb offline` to turn off syncing.
wandb: Syncing run motndp_xian-v0__GCN-Xian-i2_l05__789__1780901686
wandb: ⭐️ View project at https://wandb.ai/johnario-tu-delft/cl_ablation
wandb: 🚀 View run at https://wandb.ai/johnario-tu-delft/cl_ablation/runs/pbr3hwc2
/home/SinJ/mo-transport-network-design/morl-baselines/morl_baselines/multi_policy/gcn/gcn.py:151: UserWarning: Creating a tensor from a list of numpy.ndarrays is extremely slow. Please consider converting the list to a single numpy.ndarray with numpy.array() before converting to a tensor. (Triggered internally at /pytorch/torch/csrc/utils/tensor_new.cpp:253.)
  th.tensor(obs).to(self.device),
wandb: WARNING Artifact "run-pbr3hwc2-evalfront--TNqXg" already exists with the same content. No new version will be created.
Namespace(env='xian', nr_groups=10, starting_loc_x=9, starting_loc_y=19, nr_stations=20, lr=0.01, batch_size=256, num_er_episodes=100, num_step_episodes=10, num_model_updates=5, num_policies=10, max_buffer_size=100, nr_layers=1, hidden_dim=128, timesteps=30000, no_log=False, project_name='cl_ablation', experiment_name='GCN-Xian-i2_l05', wandb_entity='johnario-tu-delft', seed=789, cd_threshold=0.2, distance_ref='interpolate2', gcn_lambda=0.5, lambda_schedule='constant', lambda_start=1.0, lambda_end=None, lambda_warmup_fraction=0.0, lambda_freeze_fraction=0.1, spatial_alpha=0.0, include_demand_context=False, criterion='lorenz', nash_mode='pareto_sized', nash_top_k=None, nash_shift=0.0)
step 1900 	 return [0.00064791 0.00258281 0.00159207 0.00414418 0.0024255  0.00366923
 0.00416923 0.00141776 0.00246538 0.0007766 ], ([0.00113025 0.00200852 0.00259624 0.00402694 0.00222957 0.0031183
 0.00301042 0.00281814 0.00279824 0.0022987 ]) 	 loss 2.001E+00 	 horizons 17.6
step 2073 	 return [0.00206642 0.00183228 0.00163476 0.00252844 0.00093244 0.0037263
 0.00464677 0.0025881  0.00290555 0.00212007], ([0.00231427 0.00261174 0.00228769 0.00304716 0.00104616 0.0048852
 0.00639481 0.00319637 0.00327388 0.00487639]) 	 loss 1.849E+00 	 horizons 17.3
step 2260 	 return [0.00043534 0.0035595  0.00407674 0.00593635 0.00439158 0.00561565
 0.00948476 0.00462754 0.00273545 0.00174921], ([0.00069851 0.00248148 0.00423692 0.00363817 0.00391032 0.00519344
 0.00998228 0.00321416 0.00261824 0.00223693]) 	 loss 1.495E+00 	 horizons 18.7
step 2420 	 return [0.00143306 0.00105937 0.00150247 0.00170477 0.00064595 0.00091328
 0.00113531 0.00073841 0.00128666 0.00018314], ([0.0015568  0.00165814 0.00128138 0.00282841 0.00081553 0.00250899
 0.00268874 0.0011266  0.00105112 0.00039263]) 	 loss 1.210E+00 	 horizons 16.0
step 2576 	 return [3.1718910e-03 4.3434318e-04 1.4464764e-03 2.1856325e-04 6.3504290e-04
 2.2215857e-04 6.7944694e-07 0.0000000e+00 5.6088809e-04 1.9024100e-04], ([1.8889362e-03 1.3030296e-03 1.2956313e-03 4.3712649e-04 7.0135208e-04
 2.3360921e-04 2.0383409e-06 0.0000000e+00 6.7843980e-04 3.8671287e-04]) 	 loss 1.107E+00 	 horizons 15.6
step 2722 	 return [2.5459353e-03 4.3920349e-04 1.1219808e-03 3.1198084e-04 2.6926171e-04
 8.2040686e-05 2.1275612e-07 0.0000000e+00 7.9932844e-04 2.8252271e-05], ([1.8521118e-03 1.0863423e-03 1.1817296e-03 5.1003054e-04 2.3161671e-04
 1.6413293e-04 6.3826832e-07 0.0000000e+00 9.4452925e-04 6.1906612e-05]) 	 loss 1.057E+00 	 horizons 14.6
step 2902 	 return [0.00237512 0.00338173 0.0019629  0.00211795 0.00190938 0.00147459
 0.0027339  0.00166635 0.00149496 0.00142455], ([0.00355059 0.00340737 0.00225075 0.00378657 0.00206325 0.0027478
 0.00583464 0.00187238 0.00210405 0.00303592]) 	 loss 1.027E+00 	 horizons 18.0
step 3092 	 return [0.00058338 0.00369653 0.00312573 0.00702036 0.00360779 0.00769664
 0.00779474 0.0055948  0.00364592 0.00427251], ([0.00175015 0.00328509 0.00389867 0.0056256  0.00290662 0.00576243
 0.0050942  0.00294699 0.00329667 0.00415457]) 	 loss 9.357E-01 	 horizons 19.0
step 3282 	 return [0.0019837  0.00468115 0.0057522  0.00553648 0.00434969 0.00412437
 0.00564042 0.00364908 0.00148902 0.00317496], ([0.00398358 0.00504552 0.00328966 0.00485921 0.00292272 0.00377128
 0.00646685 0.00245919 0.00267773 0.00349529]) 	 loss 9.508E-01 	 horizons 19.0
step 3472 	 return [0.001868   0.00275056 0.00514288 0.00415307 0.00132365 0.00722953
 0.00586295 0.00422486 0.00400252 0.0048194 ], ([0.00324383 0.004042   0.00292573 0.00192631 0.00152599 0.00542884
 0.00643625 0.00307627 0.00316301 0.0045609 ]) 	 loss 9.449E-01 	 horizons 19.0
step 3662 	 return [0.         0.0012108  0.00479625 0.00824461 0.00232404 0.00731156
 0.00889956 0.00634245 0.00259031 0.00497909], ([0.         0.0022078  0.00322367 0.00445683 0.00333713 0.00252457
 0.00388306 0.00381441 0.00213222 0.00449498]) 	 loss 8.884E-01 	 horizons 19.0
step 3845 	 return [0.00355146 0.00284618 0.00233703 0.00239476 0.00123379 0.00153546
 0.00293261 0.00159329 0.00151785 0.00050119], ([0.00375075 0.00221064 0.00276683 0.00358196 0.00152281 0.00252889
 0.00540589 0.00352107 0.00213539 0.00144002]) 	 loss 9.194E-01 	 horizons 18.3
step 4031 	 return [0.00249871 0.00422567 0.00337149 0.00558739 0.00239232 0.00486404
 0.00540978 0.00221774 0.00325471 0.0037142 ], ([0.00345413 0.00378519 0.0033892  0.00572142 0.00212147 0.00545016
 0.00663238 0.00276559 0.00386002 0.00507203]) 	 loss 8.532E-01 	 horizons 18.6
step 4209 	 return [5.8618560e-03 5.6770877e-03 3.3106147e-03 1.1454169e-03 2.4120328e-03
 5.6171225e-04 3.4849797e-04 1.3083228e-03 7.4735645e-04 2.0072437e-05], ([3.8479420e-03 3.0843192e-03 3.7143561e-03 2.1010130e-03 3.8451976e-03
 1.0214401e-03 7.6674990e-04 1.4591038e-03 1.2027596e-03 6.0217313e-05]) 	 loss 8.802E-01 	 horizons 17.8
step 4399 	 return [0.00294996 0.00489846 0.0051464  0.00226865 0.00290404 0.00092844
 0.00075083 0.00205996 0.00053699 0.00058222], ([0.00265583 0.0033786  0.00355477 0.00182132 0.0039275  0.00193244
 0.00188618 0.00304361 0.00161096 0.00174665]) 	 loss 8.287E-01 	 horizons 19.0
step 4587 	 return [6.1411746e-03 3.1252324e-03 1.0532772e-03 2.6171134e-04 1.1855470e-03
 0.0000000e+00 4.4312296e-04 1.1003303e-03 4.6027330e-05 0.0000000e+00], ([0.00345823 0.00275516 0.00164079 0.00032761 0.00120274 0.
 0.0006267  0.00098099 0.00013808 0.        ]) 	 loss 8.419E-01 	 horizons 18.8
step 4777 	 return [0.00021322 0.0014281  0.00617771 0.00769957 0.00618006 0.00501103
 0.00743304 0.00693824 0.00502165 0.00474164], ([0.00043239 0.0029309  0.00287711 0.00344453 0.00357851 0.00338116
 0.00436446 0.00312801 0.00362153 0.00463131]) 	 loss 7.806E-01 	 horizons 19.0
step 4967 	 return [0.         0.00334942 0.00441136 0.00787878 0.00397012 0.00717547
 0.00973429 0.00608365 0.00528604 0.0040696 ], ([0.         0.00359072 0.00362278 0.00565744 0.00325015 0.00350126
 0.00581119 0.0034374  0.00237345 0.00359032]) 	 loss 8.031E-01 	 horizons 19.0
step 5157 	 return [0.00011961 0.00209553 0.00683205 0.00471157 0.00679809 0.00562252
 0.00544307 0.00194311 0.00438424 0.0045486 ], ([0.00035884 0.00397722 0.00358186 0.00493557 0.00259772 0.00547016
 0.00499085 0.0031807  0.00393099 0.00256729]) 	 loss 7.872E-01 	 horizons 19.0
step 5347 	 return [0.00277045 0.00631076 0.00410942 0.00276983 0.00163627 0.00243106
 0.00233168 0.00312326 0.00176309 0.00157843], ([0.00289219 0.00399034 0.00258546 0.00302332 0.00274666 0.0027278
 0.00334976 0.00399218 0.00281399 0.00346527]) 	 loss 7.941E-01 	 horizons 19.0
step 5537 	 return [0.00341921 0.00757936 0.00713083 0.00709262 0.00504598 0.00510404
 0.00497203 0.00215322 0.00127859 0.00335042], ([0.00425664 0.00348175 0.0018999  0.00456032 0.00248177 0.0062041
 0.00692621 0.00225604 0.00266857 0.00489489]) 	 loss 7.862E-01 	 horizons 19.0
step 5727 	 return [0.         0.00136506 0.0052816  0.00710457 0.00319668 0.00630028
 0.00984226 0.00504344 0.00392108 0.00548776], ([0.         0.00276606 0.00383532 0.00634937 0.00253884 0.00302681
 0.00519637 0.00302103 0.00337881 0.00421927]) 	 loss 8.065E-01 	 horizons 19.0
step 5917 	 return [0.         0.00190923 0.00567219 0.00716909 0.0038622  0.0036902
 0.00516921 0.00307564 0.00350433 0.00395587], ([0.         0.00223093 0.0026271  0.00386017 0.00216637 0.00308097
 0.00382783 0.00336654 0.00251658 0.0020874 ]) 	 loss 7.466E-01 	 horizons 19.0
step 6107 	 return [0.         0.00337011 0.00406658 0.0106662  0.00470548 0.00877128
 0.00843742 0.00574968 0.00456142 0.00422344], ([0.         0.00225958 0.00319575 0.0041478  0.00366521 0.00335886
 0.00166456 0.00406331 0.0041206  0.00372776]) 	 loss 7.519E-01 	 horizons 19.0
step 6297 	 return [0.         0.0010767  0.00736827 0.00820689 0.00511381 0.00604256
 0.00492955 0.00595724 0.00509014 0.00196852], ([0.         0.00130515 0.00261054 0.00587129 0.00239564 0.00297884
 0.00471715 0.00507557 0.00373915 0.00198934]) 	 loss 7.395E-01 	 horizons 19.0
step 6487 	 return [0.         0.00394868 0.00634115 0.00881698 0.00587692 0.00721487
 0.00757859 0.00555557 0.00418105 0.00280061], ([0.         0.00613895 0.00199193 0.00514847 0.00370253 0.00441253
 0.00615505 0.00347703 0.00316811 0.00284972]) 	 loss 7.175E-01 	 horizons 19.0
step 6677 	 return [0.00494078 0.00943776 0.00773197 0.0037296  0.00611173 0.00291436
 0.00189759 0.00214611 0.00050281 0.00161262], ([0.00410627 0.00400385 0.00237058 0.00454906 0.00233563 0.00349328
 0.00382971 0.00268465 0.00103905 0.00322852]) 	 loss 6.840E-01 	 horizons 19.0
step 6867 	 return [0.00060524 0.0031972  0.00535806 0.00968287 0.00530113 0.00404776
 0.00811532 0.00712836 0.00531237 0.00445915], ([0.00181572 0.00466001 0.00358467 0.00312749 0.00321171 0.00336183
 0.00511893 0.00421333 0.00513202 0.003804  ]) 	 loss 6.553E-01 	 horizons 19.0
step 7057 	 return [0.00589047 0.00962407 0.00874214 0.00367869 0.00610994 0.00125948
 0.         0.00165026 0.         0.        ], ([0.00343233 0.0023104  0.00300247 0.00281194 0.00251017 0.00103455
 0.         0.00168124 0.         0.        ]) 	 loss 6.596E-01 	 horizons 19.0
step 7247 	 return [0.00112177 0.00794991 0.00686826 0.00609849 0.00703468 0.00342806
 0.00382659 0.00462036 0.00201834 0.00261446], ([0.00179075 0.00465113 0.00391709 0.00386444 0.0028601  0.00323608
 0.00543005 0.00364861 0.00247177 0.00283576]) 	 loss 6.155E-01 	 horizons 19.0
step 7437 	 return [0.00071113 0.00395331 0.00566061 0.01267622 0.00523131 0.0096896
 0.01299584 0.00828945 0.00528114 0.00411621], ([0.0021334  0.00238034 0.00397259 0.005497   0.00324175 0.00521036
 0.00525051 0.0036634  0.00448634 0.0040497 ]) 	 loss 6.255E-01 	 horizons 19.0
step 7627 	 return [0.         0.00298002 0.00431223 0.01077786 0.00406774 0.00876084
 0.0088676  0.00676561 0.00288015 0.00515128], ([0.         0.00413971 0.0032783  0.00309278 0.00204933 0.00457828
 0.00343217 0.00349202 0.00304362 0.00459893]) 	 loss 6.044E-01 	 horizons 19.0
step 7817 	 return [0.00243465 0.00859885 0.00885037 0.01007785 0.0040786  0.00735567
 0.00995717 0.00275437 0.0004992  0.00215839], ([0.00310532 0.00227996 0.00314823 0.00668688 0.00436873 0.0068999
 0.01121668 0.00206701 0.00101902 0.00377064]) 	 loss 5.829E-01 	 horizons 19.0
step 8007 	 return [0.01113581 0.00395224 0.00292672 0.00046131 0.00035953 0.
 0.00025497 0.00192485 0.         0.        ], ([0.00502408 0.00208451 0.00230001 0.00047737 0.00072015 0.
 0.00039408 0.00030285 0.         0.        ]) 	 loss 5.831E-01 	 horizons 19.0
step 8197 	 return [0.00104501 0.00378357 0.00933944 0.01045926 0.00591711 0.00780881
 0.00883449 0.00617505 0.0041318  0.00284781], ([0.00175801 0.00474906 0.00421203 0.00508453 0.00323651 0.00429198
 0.00834473 0.00417231 0.00530493 0.00365581]) 	 loss 5.151E-01 	 horizons 19.0
step 8387 	 return [0.00441937 0.01117945 0.01027371 0.00548318 0.00929144 0.00253903
 0.00140643 0.0028836  0.         0.00080227], ([0.0028511  0.00357177 0.00281301 0.00482197 0.00301977 0.00297006
 0.00226043 0.00149254 0.         0.0024068 ]) 	 loss 5.310E-01 	 horizons 19.0
step 8577 	 return [0.0011919  0.00810819 0.00848135 0.00654825 0.00755545 0.00634203
 0.0078365  0.00517717 0.00310167 0.0031954 ], ([0.0016124  0.00306134 0.00399334 0.00422875 0.0023607  0.0055936
 0.00877014 0.00319888 0.00442406 0.00500649]) 	 loss 4.899E-01 	 horizons 19.0
step 8767 	 return [0.00089312 0.00615221 0.00825142 0.00964205 0.00581896 0.00374267
 0.00679863 0.00298263 0.0021927  0.00249309], ([0.00180054 0.0039798  0.00494161 0.00390098 0.00292775 0.00508054
 0.00781218 0.00248095 0.00263699 0.00305648]) 	 loss 4.704E-01 	 horizons 19.0
step 8957 	 return [0.00350083 0.01249735 0.01024255 0.00479264 0.00786607 0.00199589
 0.         0.0028818  0.0006756  0.00028317], ([0.00251032 0.00362643 0.00260675 0.00124496 0.00370675 0.0016922
 0.         0.00153319 0.00135325 0.00084951]) 	 loss 4.895E-01 	 horizons 19.0
step 9147 	 return [0.0023746  0.00967693 0.01044553 0.00651955 0.00819661 0.00316071
 0.00371374 0.00404174 0.00124694 0.00166492], ([0.00201195 0.00197694 0.00269678 0.00301186 0.00364324 0.00472352
 0.00805931 0.00193256 0.00153393 0.00332997]) 	 loss 4.849E-01 	 horizons 19.0
step 9337 	 return [0.00366131 0.01034625 0.00990034 0.00405812 0.00796632 0.00213624
 0.00094528 0.00243074 0.00069921 0.        ], ([0.00210283 0.00311007 0.00225714 0.002405   0.00385192 0.00102472
 0.00144395 0.00187354 0.00143433 0.        ]) 	 loss 4.307E-01 	 horizons 19.0
step 9527 	 return [0.00387585 0.01265158 0.01051016 0.00371248 0.00781567 0.00161894
 0.00037577 0.0031384  0.00074672 0.00029516], ([0.00296041 0.00385312 0.00268299 0.00147847 0.00282697 0.00110678
 0.00112731 0.00198723 0.00149392 0.00088547]) 	 loss 4.495E-01 	 horizons 19.0
step 9717 	 return [0.00266638 0.00847411 0.00908623 0.00607274 0.0069321  0.00410754
 0.00216047 0.00298627 0.00084941 0.00179164], ([0.00227433 0.00530576 0.00398928 0.0038875  0.00421399 0.00455468
 0.00414296 0.00160541 0.00140358 0.00362303]) 	 loss 4.493E-01 	 horizons 19.0
step 9907 	 return [6.5689863e-05 5.3568026e-03 5.0056968e-03 1.1117227e-02 4.3638544e-03
 9.2236018e-03 1.2607289e-02 3.8475059e-03 3.4399126e-03 5.3929188e-03], ([0.00019707 0.00359233 0.00395219 0.00438581 0.00390069 0.00582272
 0.00791117 0.00290025 0.00472784 0.00453628]) 	 loss 4.001E-01 	 horizons 19.0
step 10097 	 return [0.00286075 0.00854014 0.00828667 0.0045246  0.00586429 0.00218891
 0.00119371 0.00381347 0.00123121 0.00077053], ([0.00259385 0.00294078 0.00355509 0.00231269 0.0026472  0.00180308
 0.00150257 0.00073734 0.00216067 0.00184864]) 	 loss 4.061E-01 	 horizons 19.0
step 10287 	 return [0.00332318 0.01103765 0.0090101  0.00472037 0.00817932 0.00099727
 0.00024195 0.00421392 0.00149688 0.00115514], ([0.00263876 0.00469941 0.00225058 0.00165725 0.00264577 0.00089338
 0.00072586 0.0016942  0.00184834 0.00231033]) 	 loss 4.298E-01 	 horizons 19.0
step 10477 	 return [0.00262742 0.01236084 0.00916344 0.00391719 0.00727915 0.00172687
 0.         0.00230539 0.00207186 0.00188895], ([0.00281503 0.00397234 0.00219027 0.00171584 0.00361573 0.00109036
 0.         0.0018299  0.00140415 0.00319067]) 	 loss 3.878E-01 	 horizons 19.0
step 10667 	 return [0.00888213 0.00992675 0.00621117 0.00302766 0.00601819 0.00104467
 0.00058114 0.00038534 0.         0.        ], ([0.00207578 0.00234827 0.00184287 0.0018109  0.00158091 0.00099055
 0.00122297 0.00115602 0.         0.        ]) 	 loss 3.967E-01 	 horizons 19.0
step 10857 	 return [0.00164104 0.00601628 0.0044137  0.01453721 0.00219722 0.0096789
 0.01290104 0.00578487 0.00657196 0.00650835], ([0.00272463 0.0015362  0.00283281 0.00321971 0.00188844 0.00532579
 0.00744545 0.00409485 0.00547852 0.00532182]) 	 loss 3.886E-01 	 horizons 19.0
step 11047 	 return [0.00257269 0.01117148 0.01181467 0.00541485 0.00744999 0.00139952
 0.         0.0038144  0.00099492 0.00131483], ([0.00233747 0.00274665 0.00229376 0.00234822 0.00241197 0.00083248
 0.         0.00182753 0.00202629 0.00266434]) 	 loss 3.655E-01 	 horizons 19.0
step 11237 	 return [0.         0.00521939 0.00582298 0.0104799  0.00350552 0.01096659
 0.01802968 0.00589866 0.00587769 0.0085286 ], ([0.         0.00435559 0.00337985 0.0026633  0.00246203 0.00572074
 0.0062086  0.00450719 0.00461589 0.00447394]) 	 loss 3.445E-01 	 horizons 19.0
step 11427 	 return [0.0035601  0.01004219 0.01201724 0.00465142 0.00625049 0.00232918
 0.00153016 0.00358675 0.00098105 0.00051735], ([0.00196681 0.00159451 0.00147939 0.00118395 0.00235866 0.00125937
 0.0017748  0.00145385 0.00159907 0.00155205]) 	 loss 3.626E-01 	 horizons 19.0
step 11617 	 return [0.00208904 0.00921679 0.00999126 0.00714386 0.00777377 0.00245023
 0.00140396 0.00316027 0.00111615 0.00083829], ([0.00232688 0.00233172 0.00406606 0.0027491  0.00247444 0.00264233
 0.00224116 0.00115848 0.00224296 0.00168221]) 	 loss 3.724E-01 	 horizons 19.0
step 11807 	 return [0.00441231 0.01249505 0.00977463 0.00437038 0.00643569 0.00216287
 0.00031416 0.00295276 0.         0.        ], ([0.00309146 0.00369955 0.00217176 0.00172908 0.00307127 0.00127432
 0.00094248 0.00151036 0.         0.        ]) 	 loss 3.412E-01 	 horizons 19.0
step 11997 	 return [9.0343580e-03 1.2357506e-02 6.6172457e-03 3.7172239e-03 7.0271725e-03
 7.6747395e-04 0.0000000e+00 9.3518349e-05 3.2276398e-04 0.0000000e+00], ([0.00161005 0.00224696 0.00089292 0.00195775 0.00177136 0.00113487
 0.         0.00028056 0.00096829 0.        ]) 	 loss 3.589E-01 	 horizons 19.0
step 12187 	 return [0.00387284 0.01006074 0.01151088 0.00696824 0.00800428 0.00214141
 0.00100686 0.00439707 0.00041531 0.00056685], ([0.00200826 0.0019041  0.00159965 0.00284128 0.00265459 0.00131487
 0.00154668 0.00176532 0.00124594 0.00170054]) 	 loss 3.460E-01 	 horizons 19.0
step 12377 	 return [0.00267743 0.01112248 0.01085364 0.0042437  0.00786586 0.00180649
 0.         0.00360871 0.00066995 0.00029239], ([0.00220356 0.00283576 0.00178601 0.00094883 0.00361139 0.00086081
 0.         0.00168662 0.00134564 0.00087716]) 	 loss 3.153E-01 	 horizons 19.0
step 12567 	 return [0.         0.00600834 0.00392065 0.01245621 0.00380413 0.00705551
 0.01610139 0.01117956 0.01019608 0.00634444], ([0.         0.00343072 0.00313031 0.00426334 0.0032864  0.00394741
 0.00573736 0.00239252 0.00453913 0.00487001]) 	 loss 3.203E-01 	 horizons 19.0
step 12757 	 return [0.00943554 0.01059099 0.00691198 0.00434954 0.00554254 0.00017369
 0.         0.00037355 0.         0.        ], ([0.00091628 0.00147084 0.00092748 0.00163889 0.00205636 0.00026534
 0.         0.0004575  0.         0.        ]) 	 loss 3.015E-01 	 horizons 19.0
step 12947 	 return [0.00816633 0.0112157  0.00731352 0.00313167 0.00533094 0.00082576
 0.         0.00036799 0.0003229  0.        ], ([0.00203642 0.00151653 0.00100491 0.00197309 0.00182955 0.00082793
 0.         0.000451   0.00096871 0.        ]) 	 loss 2.985E-01 	 horizons 19.0
step 13137 	 return [0.00793901 0.01343381 0.00706963 0.00318545 0.00502171 0.00164203
 0.         0.000564   0.00070817 0.        ], ([0.00266028 0.00293714 0.00099494 0.00133371 0.00131598 0.00106663
 0.         0.00114363 0.00142324 0.        ]) 	 loss 3.043E-01 	 horizons 19.0
step 13327 	 return [0.00204338 0.00489884 0.00620041 0.01311602 0.00567464 0.00655286
 0.01003951 0.0083059  0.00520941 0.00453534], ([0.00274578 0.00087932 0.00196359 0.00450572 0.00346624 0.00322094
 0.00422468 0.00446278 0.00502053 0.00342929]) 	 loss 2.818E-01 	 horizons 19.0
step 13517 	 return [0.0086101  0.01158593 0.00636564 0.00287625 0.00611493 0.00072408
 0.         0.00018704 0.         0.        ], ([0.00185272 0.00244092 0.00111435 0.00191291 0.00187189 0.00081403
 0.         0.00037407 0.         0.        ]) 	 loss 2.803E-01 	 horizons 19.0
step 13707 	 return [0.         0.00684949 0.00434459 0.012671   0.00307827 0.01011083
 0.01781958 0.01014893 0.01150796 0.00779376], ([0.         0.00393116 0.00164787 0.00419702 0.00217447 0.0034821
 0.00598715 0.00200765 0.00344202 0.003342  ]) 	 loss 2.947E-01 	 horizons 19.0
step 13897 	 return [0.00435985 0.01052879 0.01221756 0.00940404 0.00770683 0.00302685
 0.00038164 0.00318006 0.         0.        ], ([0.00148498 0.00121854 0.00094127 0.00222483 0.00103754 0.00090779
 0.00114492 0.00015212 0.         0.        ]) 	 loss 3.086E-01 	 horizons 19.0
step 14087 	 return [0.00517328 0.01434221 0.00916547 0.0048183  0.00610456 0.00204142
 0.         0.003091   0.00116048 0.00055429], ([0.00224905 0.00300136 0.00191053 0.00181559 0.00316705 0.00139175
 0.         0.00160797 0.00177377 0.00166286]) 	 loss 2.665E-01 	 horizons 19.0
step 14277 	 return [0.00912732 0.01161593 0.00737637 0.00261678 0.00647691 0.00087085
 0.         0.00018704 0.         0.        ], ([0.00154345 0.0014731  0.00081577 0.00220902 0.00202    0.00067288
 0.         0.00037407 0.         0.        ]) 	 loss 2.636E-01 	 horizons 19.0
step 14467 	 return [0.00975608 0.01185443 0.00640657 0.00452005 0.00618759 0.00028089
 0.         0.00018704 0.         0.        ], ([0.00096474 0.00220221 0.00108216 0.00127071 0.00166526 0.00067311
 0.         0.00037407 0.         0.        ]) 	 loss 2.594E-01 	 horizons 19.0
step 14657 	 return [0.00764426 0.01273446 0.00736198 0.00335751 0.00712895 0.00120967
 0.         0.00102147 0.00035328 0.00028203], ([0.00264557 0.00223548 0.00133076 0.00179411 0.00123447 0.00128929
 0.         0.00156416 0.00105983 0.00084608]) 	 loss 2.340E-01 	 horizons 19.0
step 14847 	 return [0.00443725 0.01361974 0.00793295 0.00487605 0.00636074 0.00215438
 0.         0.00248494 0.00171692 0.00085841], ([0.00205241 0.00265767 0.00215056 0.00105533 0.00300328 0.00116264
 0.         0.00212327 0.00173484 0.00183685]) 	 loss 2.617E-01 	 horizons 19.0
step 15037 	 return [0.00818523 0.01140565 0.00843752 0.00325991 0.00729649 0.00145224
 0.0008941  0.00116432 0.         0.        ], ([0.00230593 0.00257804 0.00158734 0.00206249 0.00087067 0.0013357
 0.00136577 0.00178228 0.         0.        ]) 	 loss 2.585E-01 	 horizons 19.0
step 15227 	 return [1.0082096e-02 1.1015206e-02 6.5964446e-03 3.3463209e-03 4.6075769e-03
 9.5045345e-04 2.9851744e-04 9.3518349e-05 0.0000000e+00 0.0000000e+00], ([0.00091854 0.00143558 0.00101082 0.00131193 0.00184251 0.00073931
 0.00089555 0.00028056 0.         0.        ]) 	 loss 2.410E-01 	 horizons 19.0
step 15417 	 return [0.00818717 0.01312853 0.00688274 0.00326265 0.00735299 0.00150744
 0.         0.         0.00032276 0.        ], ([0.00184048 0.00200928 0.00086519 0.00232932 0.00118746 0.00153558
 0.         0.         0.00096829 0.        ]) 	 loss 2.533E-01 	 horizons 19.0
step 15607 	 return [0.00516318 0.01061972 0.01168153 0.00486883 0.00585234 0.0013417
 0.00062519 0.00325813 0.         0.        ], ([0.00139589 0.00092702 0.00173372 0.00118054 0.00120126 0.00053241
 0.0012504  0.00026002 0.         0.        ]) 	 loss 2.487E-01 	 horizons 19.0
step 15797 	 return [0.         0.00523012 0.00635651 0.01425667 0.00233255 0.01266039
 0.01896515 0.01076225 0.01228047 0.01220393], ([0.         0.002739   0.00271067 0.00159917 0.00245629 0.00306209
 0.00638455 0.00214367 0.00326063 0.00330823]) 	 loss 2.325E-01 	 horizons 19.0
step 15987 	 return [0.00472223 0.01199501 0.01145318 0.00521521 0.0078686  0.00153211
 0.00032824 0.0029878  0.00030635 0.        ], ([0.00146712 0.00250954 0.00172581 0.00170888 0.00122968 0.00063045
 0.00098473 0.0010583  0.00091906 0.        ]) 	 loss 2.178E-01 	 horizons 19.0
step 16177 	 return [0.00875547 0.01274083 0.00696747 0.00386922 0.00679285 0.00129887
 0.00029837 0.00036555 0.00032276 0.        ], ([0.00202972 0.00240732 0.00073234 0.00193523 0.00128476 0.00155509
 0.00089512 0.00109665 0.00096829 0.        ]) 	 loss 2.245E-01 	 horizons 19.0
step 16367 	 return [0.00393536 0.01347713 0.01086259 0.00443817 0.0076743  0.00206763
 0.00034019 0.00310709 0.00136278 0.00084136], ([0.00144476 0.00275217 0.00246091 0.00131674 0.00183664 0.00079566
 0.00102058 0.00108456 0.00167353 0.00128521]) 	 loss 2.301E-01 	 horizons 19.0
step 16557 	 return [0.0040377  0.01229745 0.01093009 0.00434556 0.00779849 0.00189938
 0.         0.0037956  0.0014447  0.00057344], ([0.00177227 0.00164779 0.00249041 0.00085224 0.00181463 0.00101052
 0.         0.00120566 0.00176979 0.00114729]) 	 loss 2.383E-01 	 horizons 19.0
step 16747 	 return [0.00390099 0.01058923 0.00936564 0.00882089 0.00573529 0.00288323
 0.00170486 0.00327307 0.00068935 0.00027986], ([0.00263217 0.00320011 0.00118173 0.00338107 0.00148788 0.00151469
 0.00172561 0.00118454 0.00137898 0.00083959]) 	 loss 2.398E-01 	 horizons 19.0
step 16937 	 return [0.00558497 0.01165308 0.01157072 0.00547166 0.00640514 0.00162793
 0.00067849 0.00347266 0.00036387 0.00029247], ([0.00210601 0.00183172 0.00147471 0.00150057 0.00173018 0.00092009
 0.0013617  0.00179334 0.0010916  0.00087742]) 	 loss 2.274E-01 	 horizons 19.0
step 17127 	 return [0.00583794 0.01013099 0.01168824 0.00808766 0.00726945 0.00332981
 0.00149744 0.00319633 0.         0.        ], ([0.00191207 0.00148008 0.00157763 0.00364186 0.00185517 0.00042906
 0.00183438 0.00116927 0.         0.        ]) 	 loss 2.222E-01 	 horizons 19.0
step 17317 	 return [0.00064764 0.00970267 0.00548553 0.0137515  0.00315359 0.01008353
 0.01416446 0.008818   0.01015813 0.00645742], ([0.00194292 0.00310804 0.00198494 0.0041185  0.00130928 0.00327365
 0.00490664 0.00286484 0.00502761 0.00447704]) 	 loss 2.251E-01 	 horizons 19.0
step 17507 	 return [1.9779755e-03 1.0438498e-02 1.9088382e-03 1.0150734e-02 3.7855785e-03
 5.5833817e-03 1.1510138e-02 5.4700063e-03 6.3525317e-03 9.0000765e-05], ([0.0025484  0.00532348 0.0023481  0.00075766 0.00136864 0.00193435
 0.0070228  0.00297698 0.00634559 0.00027   ]) 	 loss 1.661E-01 	 horizons 19.0
step 17697 	 return [0.0046622  0.00959859 0.01036044 0.00894567 0.00735831 0.00422968
 0.00192282 0.00333671 0.         0.        ], ([0.00177445 0.0015489  0.00257799 0.00272632 0.00211641 0.00322048
 0.00201324 0.00042023 0.         0.        ]) 	 loss 1.849E-01 	 horizons 19.0
step 17887 	 return [0.00424545 0.00909047 0.00806197 0.01110788 0.00401643 0.00656538
 0.0056956  0.00498914 0.00316832 0.00250881], ([0.00286609 0.00320534 0.00367474 0.00209691 0.00209683 0.00347806
 0.00735172 0.00274246 0.00505819 0.00441772]) 	 loss 1.506E-01 	 horizons 19.0
step 18077 	 return [0.         0.00648378 0.00518395 0.01396209 0.00238493 0.01099442
 0.01680031 0.01150925 0.01142894 0.00994065], ([0.         0.00276459 0.00211566 0.00328768 0.00212427 0.00420883
 0.00545822 0.00214007 0.00361869 0.00377406]) 	 loss 1.568E-01 	 horizons 19.0
step 18267 	 return [0.00863135 0.01428388 0.00821568 0.00324799 0.00678959 0.00147651
 0.         0.         0.         0.        ], ([0.00053522 0.00340232 0.00074703 0.00188565 0.00147677 0.00112563
 0.         0.         0.         0.        ]) 	 loss 1.311E-01 	 horizons 19.0
step 18457 	 return [0.00200185 0.01029659 0.0057375  0.01226829 0.00307262 0.00985126
 0.0139946  0.0076053  0.00969929 0.00579172], ([0.00306362 0.00257278 0.00205939 0.00275559 0.00120647 0.00112087
 0.00581597 0.00294677 0.00636466 0.00473256]) 	 loss 1.293E-01 	 horizons 19.0
step 18647 	 return [0.01073485 0.0119982  0.00605416 0.00271143 0.00631376 0.0008863
 0.         0.         0.         0.        ], ([0.00099133 0.00170552 0.00071211 0.00098678 0.00211937 0.00064962
 0.         0.         0.         0.        ]) 	 loss 1.430E-01 	 horizons 19.0
step 18837 	 return [0.         0.0138366  0.00091051 0.01007001 0.00320895 0.00702797
 0.01875865 0.00814859 0.01255857 0.00693956], ([0.         0.00307307 0.00182102 0.0007973  0.00105469 0.00255949
 0.00513739 0.00258854 0.00422313 0.00435284]) 	 loss 1.430E-01 	 horizons 19.0
step 19027 	 return [0.00543072 0.01200085 0.01086029 0.00548501 0.00746331 0.00167413
 0.00155799 0.00348855 0.00150923 0.00055505], ([0.00141794 0.00167843 0.00216164 0.00133423 0.00239055 0.00065489
 0.00155832 0.00050645 0.00185091 0.00166515]) 	 loss 1.370E-01 	 horizons 19.0
step 19217 	 return [0.00966884 0.01314142 0.0068641  0.00409638 0.0061683  0.0013199
 0.         0.         0.         0.        ], ([0.00081447 0.0016337  0.0008143  0.00177264 0.0020224  0.00114558
 0.         0.         0.         0.        ]) 	 loss 1.756E-01 	 horizons 19.0
step 19407 	 return [0.00521812 0.0095324  0.01102393 0.01012264 0.00818799 0.00378742
 0.00158242 0.00342652 0.         0.        ], ([0.00180707 0.00223832 0.00234929 0.00199078 0.00162029 0.00287841
 0.00196849 0.00037664 0.         0.        ]) 	 loss 1.383E-01 	 horizons 19.0
step 19597 	 return [0.         0.00911129 0.00419042 0.01144182 0.00415369 0.00913293
 0.01650867 0.00985456 0.01381264 0.0093987 ], ([0.         0.00278578 0.00140085 0.00424254 0.00173638 0.00149162
 0.00589919 0.00224264 0.00216036 0.00250957]) 	 loss 1.270E-01 	 horizons 19.0
step 19787 	 return [0.00448635 0.01432076 0.01050784 0.00462087 0.00746036 0.00205491
 0.00031204 0.00358432 0.00109525 0.00055891], ([0.00203551 0.00329499 0.0024362  0.0014793  0.00127622 0.00107034
 0.00093611 0.00175686 0.00167637 0.00111783]) 	 loss 1.247E-01 	 horizons 19.0
step 19977 	 return [0.         0.01475907 0.00091436 0.00909431 0.00387566 0.00640117
 0.01901724 0.00774945 0.01190338 0.00288278], ([0.         0.002871   0.00274308 0.00268699 0.00084763 0.00231992
 0.00299286 0.0026076  0.00403093 0.00440588]) 	 loss 1.521E-01 	 horizons 19.0
step 20167 	 return [0.00711502 0.01380718 0.01146069 0.00601101 0.00622808 0.00201359
 0.00126601 0.00220058 0.         0.        ], ([0.00182278 0.00146527 0.00159745 0.00230039 0.0019508  0.00090143
 0.00156026 0.00182807 0.         0.        ]) 	 loss 1.515E-01 	 horizons 19.0
step 20357 	 return [0.         0.00512521 0.00791543 0.01246156 0.00447972 0.01130434
 0.01825518 0.0105896  0.01048431 0.00904369], ([0.         0.00343206 0.00360463 0.00508815 0.00225311 0.0028788
 0.00374663 0.00171975 0.00314313 0.00211966]) 	 loss 1.561E-01 	 horizons 19.0
step 20547 	 return [0.00761566 0.01357551 0.01028078 0.00317749 0.00764122 0.00314092
 0.00303705 0.00082082 0.00040637 0.00055831], ([0.00193627 0.0023701  0.00083276 0.00193786 0.00126746 0.00153914
 0.00105187 0.00168209 0.00121911 0.00167492]) 	 loss 1.526E-01 	 horizons 19.0
step 20737 	 return [0.00064727 0.00596347 0.00550197 0.01324857 0.00454008 0.00784252
 0.01417368 0.01043853 0.00920728 0.00608935], ([0.00194182 0.00372835 0.00290625 0.0049197  0.00170782 0.00168064
 0.00590033 0.00322408 0.00469402 0.00393657]) 	 loss 1.422E-01 	 horizons 19.0
step 20927 	 return [0.01000047 0.01071627 0.00685114 0.0023769  0.00699857 0.00126747
 0.         0.         0.         0.        ], ([0.00149697 0.00112803 0.00090904 0.00170096 0.00173993 0.00081581
 0.         0.         0.         0.        ]) 	 loss 1.653E-01 	 horizons 19.0
step 21117 	 return [0.00606672 0.01052014 0.00994533 0.00907482 0.00628732 0.00199448
 0.00264512 0.00352694 0.00035295 0.00027738], ([0.00117409 0.00218674 0.00236375 0.0024259  0.00123828 0.00106118
 0.00140483 0.00043199 0.00105886 0.00083213]) 	 loss 1.333E-01 	 horizons 19.0
step 21307 	 return [0.01113288 0.01086861 0.00668696 0.00294712 0.00724596 0.00057782
 0.         0.         0.         0.        ], ([0.00062809 0.00102684 0.00067937 0.00078273 0.00125818 0.0004997
 0.         0.         0.         0.        ]) 	 loss 1.383E-01 	 horizons 19.0
step 21497 	 return [0.00393098 0.01417635 0.00922233 0.00482649 0.00979651 0.00229689
 0.00194369 0.00395892 0.00231566 0.00277992], ([0.0017924  0.00161298 0.00113251 0.00112308 0.00267491 0.00098154
 0.00160383 0.00075664 0.00190048 0.00248228]) 	 loss 1.420E-01 	 horizons 19.0
step 21687 	 return [0.00664495 0.01339423 0.0118626  0.00595849 0.00595394 0.00193124
 0.00066432 0.00276905 0.         0.        ], ([0.0009106  0.00130319 0.00117428 0.00254935 0.00183638 0.00131634
 0.00133611 0.00140719 0.         0.        ]) 	 loss 1.083E-01 	 horizons 19.0
step 21877 	 return [0.0058342  0.01413433 0.01063006 0.00483924 0.00734616 0.0016456
 0.         0.00320971 0.0007177  0.000279  ], ([0.00142381 0.00247273 0.00191283 0.00110575 0.00108506 0.00053016
 0.         0.00114599 0.0014358  0.000837  ]) 	 loss 1.313E-01 	 horizons 19.0
step 22067 	 return [0.         0.00932667 0.00548276 0.01515483 0.00031321 0.01184805
 0.02333753 0.00947834 0.01313274 0.00951545], ([0.         0.00253173 0.00204063 0.0027179  0.00093963 0.00170485
 0.00234321 0.00116244 0.00245233 0.00231364]) 	 loss 1.331E-01 	 horizons 19.0
step 22257 	 return [0.         0.01258785 0.0018826  0.01100131 0.00307258 0.00851084
 0.02039045 0.00877851 0.01234512 0.00867107], ([0.         0.00512805 0.0029528  0.00210065 0.00116803 0.00133825
 0.0029962  0.00186152 0.00443808 0.00230103]) 	 loss 1.215E-01 	 horizons 19.0
step 22447 	 return [0.         0.01354985 0.00171479 0.01023008 0.00357357 0.00866296
 0.02053144 0.00919317 0.01431735 0.00976705], ([0.0000000e+00 2.4644393e-03 2.1068894e-03 3.4016930e-04 2.2073591e-04
 1.1555146e-03 1.6840134e-03 2.2497052e-05 6.8177476e-05 4.0910236e-05]) 	 loss 1.182E-01 	 horizons 19.0
step 22637 	 return [0.00613303 0.01067165 0.01057578 0.00945563 0.00706751 0.00267646
 0.00173753 0.00338815 0.         0.        ], ([0.00054896 0.00069598 0.00180422 0.0022602  0.00106284 0.00109673
 0.00176226 0.00033616 0.         0.        ]) 	 loss 1.267E-01 	 horizons 19.0
step 22827 	 return [0.00877479 0.00473188 0.00758191 0.0060992  0.00554458 0.00251415
 0.00175048 0.00154207 0.         0.        ], ([0.00163995 0.00166414 0.00048374 0.00256743 0.00126923 0.0009333
 0.00060521 0.00192459 0.         0.        ]) 	 loss 1.479E-01 	 horizons 19.0
step 23017 	 return [0.01025361 0.0117966  0.00609417 0.00378439 0.00660297 0.00057165
 0.         0.         0.         0.        ], ([0.00093199 0.0016155  0.0008539  0.00120554 0.00152707 0.00066212
 0.         0.         0.         0.        ]) 	 loss 1.191E-01 	 horizons 19.0
step 23207 	 return [0.         0.00713569 0.00617838 0.01112874 0.00437526 0.010165
 0.01870589 0.01039264 0.01282653 0.009705  ], ([0.         0.00239079 0.00273946 0.00378941 0.00180468 0.00152687
 0.00394288 0.00160852 0.00242877 0.00182209]) 	 loss 1.326E-01 	 horizons 19.0
step 23397 	 return [0.0062624  0.01445273 0.01029202 0.00424598 0.00789976 0.0017304
 0.         0.00252425 0.00078262 0.00055229], ([0.00196951 0.00213382 0.00178779 0.00105483 0.00154613 0.00051409
 0.         0.00170789 0.00156604 0.00165686]) 	 loss 1.080E-01 	 horizons 19.0
step 23587 	 return [0.         0.00487071 0.00806824 0.01267102 0.00287812 0.01128771
 0.02164299 0.01036316 0.01381198 0.01026407], ([0.         0.00308383 0.00248501 0.00344608 0.00287812 0.00170865
 0.00232615 0.00125891 0.00150946 0.00073263]) 	 loss 1.123E-01 	 horizons 19.0
step 23777 	 return [0.00593068 0.01777939 0.00891859 0.00552728 0.00703851 0.00221811
 0.         0.00390788 0.00040247 0.00055229], ([0.00121487 0.00016235 0.0012007  0.00088288 0.00134051 0.00013486
 0.         0.0013123  0.00120742 0.00165686]) 	 loss 1.287E-01 	 horizons 19.0
step 23967 	 return [0.01058531 0.01164947 0.00554734 0.00335792 0.00642855 0.00075499
 0.         0.         0.         0.        ], ([0.00074313 0.00193131 0.00099034 0.00066528 0.00111347 0.0007571
 0.         0.         0.         0.        ]) 	 loss 1.258E-01 	 horizons 19.0
step 24157 	 return [0.01135227 0.0098611  0.00584439 0.00284409 0.00736243 0.00048574
 0.         0.         0.         0.        ], ([0.00052492 0.00058847 0.00133774 0.00083109 0.00087751 0.00039664
 0.         0.         0.         0.        ]) 	 loss 1.265E-01 	 horizons 19.0
step 24347 	 return [0.01000228 0.01338799 0.00727197 0.00368023 0.00702778 0.00135309
 0.         0.         0.         0.        ], ([0.00100188 0.00204234 0.00085339 0.00087086 0.00134142 0.00100952
 0.         0.         0.         0.        ]) 	 loss 1.429E-01 	 horizons 19.0
step 24537 	 return [0.00177246 0.00593796 0.005641   0.01305733 0.00217918 0.01195181
 0.01435805 0.0057991  0.00608948 0.00710612], ([0.00280157 0.0042523  0.00199506 0.00464969 0.00171154 0.00342639
 0.00623119 0.00312132 0.00585998 0.00476359]) 	 loss 1.314E-01 	 horizons 19.0
step 24727 	 return [0.0034036  0.00432897 0.00611429 0.01673002 0.00234286 0.01190003
 0.00852709 0.00395224 0.00137289 0.00670986], ([0.00258865 0.0033135  0.0019211  0.00184126 0.00157856 0.00298283
 0.00377614 0.00145523 0.0024093  0.00466216]) 	 loss 1.430E-01 	 horizons 19.0
step 24917 	 return [0.00633233 0.01297453 0.01126118 0.00479717 0.00714692 0.0013307
 0.         0.00309128 0.00035391 0.00028253], ([0.00131953 0.00144066 0.00138805 0.00128265 0.00145758 0.00041313
 0.         0.00103837 0.00106174 0.0008476 ]) 	 loss 1.326E-01 	 horizons 19.0
step 25107 	 return [0.00649797 0.00555899 0.01007619 0.00841703 0.00677076 0.00252196
 0.00128935 0.00398773 0.00040287 0.00055428], ([0.00130526 0.00132289 0.00162569 0.00269023 0.00232506 0.00074534
 0.00107232 0.00063207 0.00120862 0.00166285]) 	 loss 1.301E-01 	 horizons 19.0
step 25297 	 return [0.00547938 0.01405572 0.01066674 0.00536699 0.00792847 0.00210946
 0.00202455 0.00315742 0.00110516 0.00111477], ([0.00194597 0.00175568 0.00162877 0.00161211 0.00196874 0.00130367
 0.00166766 0.00115478 0.00169363 0.00184514]) 	 loss 1.245E-01 	 horizons 19.0
step 25487 	 return [0.00708397 0.01221909 0.01061502 0.00604727 0.00730389 0.00190109
 0.00338812 0.00270263 0.         0.        ], ([0.00032839 0.00207265 0.00084336 0.00280571 0.00090783 0.00115253
 0.00026209 0.00135797 0.         0.        ]) 	 loss 1.136E-01 	 horizons 19.0
step 25677 	 return [0.007104   0.01237852 0.00942252 0.00618656 0.00695559 0.00161067
 0.00270782 0.00251067 0.00040562 0.00055257], ([0.00159562 0.00229748 0.00156163 0.00286508 0.0027553  0.00092705
 0.00093428 0.00169887 0.00121685 0.0016577 ]) 	 loss 1.372E-01 	 horizons 19.0
step 25867 	 return [0.00343992 0.00496171 0.0078445  0.01764567 0.00379231 0.01096602
 0.01031053 0.00584321 0.00403816 0.00867856], ([0.00264135 0.00072899 0.00190812 0.00219955 0.00148885 0.00056446
 0.00589495 0.00381004 0.00617086 0.00113396]) 	 loss 9.663E-02 	 horizons 19.0
step 26057 	 return [0.00612196 0.01413052 0.01043929 0.00605013 0.0073311  0.00162946
 0.         0.00359312 0.00035156 0.00027991], ([0.00128114 0.00235143 0.00117001 0.00128679 0.00138932 0.00060741
 0.         0.00038325 0.00105468 0.00083974]) 	 loss 1.147E-01 	 horizons 19.0
step 26247 	 return [0.         0.00955604 0.0043879  0.00799306 0.00471807 0.00951877
 0.01942203 0.00914648 0.01416319 0.00987743], ([0.0000000e+00 1.3832096e-04 3.6648198e-04 2.1045632e-03 1.0316623e-03
 2.8026570e-04 9.1574440e-04 4.4468325e-05 1.6724877e-04 1.8755812e-04]) 	 loss 1.086E-01 	 horizons 19.0
step 26437 	 return [0.00756842 0.01447484 0.01089276 0.0056444  0.0072641  0.00161978
 0.00120252 0.00201065 0.         0.        ], ([0.00096895 0.00089049 0.00012067 0.00185172 0.00071041 0.00057198
 0.00147279 0.00164603 0.         0.        ]) 	 loss 1.104E-01 	 horizons 19.0
step 26627 	 return [0.00595006 0.0138569  0.01064481 0.00417853 0.00921242 0.00242634
 0.00331557 0.0026498  0.00121337 0.00166841], ([0.0022217  0.00260002 0.00140791 0.00103344 0.0026568  0.00140846
 0.00027232 0.00221298 0.00185346 0.00254855]) 	 loss 1.174E-01 	 horizons 19.0
step 26817 	 return [0.00610054 0.01437328 0.01109069 0.00581572 0.00806193 0.00193408
 0.         0.00381235 0.         0.        ], ([8.1755791e-04 1.5641566e-03 9.5693656e-05 1.1362690e-03 1.2770329e-03
 7.5489364e-04 0.0000000e+00 4.4569856e-04 0.0000000e+00 0.0000000e+00]) 	 loss 1.049E-01 	 horizons 19.0
step 27007 	 return [0.00965628 0.0060449  0.00782097 0.00374256 0.00553445 0.00275543
 0.00202815 0.00032611 0.         0.        ], ([0.00112948 0.00133075 0.00062541 0.00174668 0.00143304 0.00087488
 0.00010957 0.00097833 0.         0.        ]) 	 loss 1.066E-01 	 horizons 19.0
step 27197 	 return [0.00698629 0.01205608 0.01120133 0.00393902 0.00756504 0.00180416
 0.0030519  0.00175521 0.00081274 0.00111661], ([0.00235782 0.00249088 0.00105783 0.0008424  0.00172016 0.00108653
 0.00036707 0.00218987 0.00162548 0.00223323]) 	 loss 9.912E-02 	 horizons 19.0
step 27387 	 return [0.00608126 0.00519447 0.01120181 0.00904379 0.00645358 0.0029647
 0.00044415 0.003936   0.00041518 0.00056684], ([0.0020391  0.00027113 0.00092055 0.00178499 0.00154618 0.0002297
 0.00088831 0.00183049 0.00124555 0.00170053]) 	 loss 1.076E-01 	 horizons 19.0
step 27577 	 return [0.0057282  0.01564573 0.0101802  0.00581807 0.0068004  0.00194815
 0.         0.00321022 0.00070081 0.00055754], ([0.00170175 0.00176896 0.00110295 0.00139087 0.00141814 0.00084236
 0.         0.00114718 0.00140162 0.00111508]) 	 loss 1.208E-01 	 horizons 19.0
step 27767 	 return [0.00933278 0.01497897 0.0067956  0.00398345 0.00740273 0.00061493
 0.         0.         0.         0.        ], ([0.00108336 0.00238334 0.00114549 0.00066713 0.00201759 0.00095004
 0.         0.         0.         0.        ]) 	 loss 1.187E-01 	 horizons 19.0
step 27957 	 return [0.01034103 0.01253018 0.00653271 0.00330919 0.00717771 0.00042392
 0.         0.         0.         0.        ], ([0.00125727 0.0018332  0.00117327 0.00078341 0.00222052 0.00052068
 0.         0.         0.         0.        ]) 	 loss 1.092E-01 	 horizons 19.0
step 28147 	 return [0.00481102 0.00969813 0.0057681  0.01641684 0.00409242 0.00961546
 0.00797179 0.00402993 0.00141827 0.00256568], ([0.00266001 0.00331533 0.00218172 0.00267372 0.0023901  0.00102641
 0.00373094 0.00175109 0.0042548  0.00394777]) 	 loss 1.134E-01 	 horizons 19.0
step 28337 	 return [0.         0.00350618 0.00846316 0.01490216 0.00084752 0.01216906
 0.01973373 0.00918354 0.01195034 0.00999529], ([0.         0.00260246 0.00215847 0.00300776 0.00176677 0.0026422
 0.00285332 0.00221136 0.0043928  0.00066082]) 	 loss 1.327E-01 	 horizons 19.0
step 28527 	 return [0.00675346 0.01419662 0.01102071 0.00669073 0.00704554 0.00131034
 0.00030063 0.00302406 0.         0.        ], ([0.00083914 0.00082284 0.00017943 0.00116306 0.00105813 0.00063341
 0.00090189 0.00106007 0.         0.        ]) 	 loss 1.262E-01 	 horizons 19.0
step 28717 	 return [0.00624151 0.01120627 0.01141319 0.00483631 0.00865398 0.00144599
 0.00307891 0.00340186 0.00081274 0.00111661], ([0.00193409 0.00175595 0.00113298 0.0012802  0.00250509 0.00123532
 0.00036768 0.00179302 0.00162548 0.00223323]) 	 loss 1.197E-01 	 horizons 19.0
step 28907 	 return [0.00994855 0.01267359 0.00608288 0.0036778  0.00559261 0.00081169
 0.         0.         0.         0.        ], ([0.00079927 0.00158024 0.00125683 0.00019981 0.00196872 0.00081594
 0.         0.         0.         0.        ]) 	 loss 1.008E-01 	 horizons 19.0
step 29097 	 return [0.01082625 0.011774   0.00665552 0.00319411 0.00704101 0.00031291
 0.         0.         0.         0.        ], ([0.00103124 0.00170401 0.00111936 0.00089686 0.00177034 0.00032039
 0.         0.         0.         0.        ]) 	 loss 1.217E-01 	 horizons 19.0
step 29287 	 return [0.00546712 0.01040533 0.01117813 0.0069777  0.00796608 0.00156319
 0.00326604 0.00360436 0.00111316 0.00112378], ([0.00190669 0.0020808  0.00148744 0.00218598 0.00142266 0.00068219
 0.0004814  0.00058891 0.00170568 0.00185708]) 	 loss 1.278E-01 	 horizons 19.0
step 29477 	 return [0.0050014  0.01065136 0.00726882 0.01904153 0.0037565  0.01136419
 0.00667818 0.0034382  0.         0.00734989], ([0.00118481 0.00047759 0.00087943 0.00041451 0.00028769 0.00079872
 0.00014781 0.00013262 0.         0.0024501 ]) 	 loss 1.006E-01 	 horizons 19.0
step 29667 	 return [0.00629373 0.01146543 0.01198849 0.00762423 0.0084777  0.00192831
 0.00365342 0.00389128 0.         0.        ], ([0.0004702  0.00037753 0.00173588 0.00342445 0.00226959 0.00124941
 0.0001796  0.00060082 0.         0.        ]) 	 loss 1.009E-01 	 horizons 19.0
step 29857 	 return [0.00462485 0.00730901 0.00577154 0.01172951 0.00525062 0.00799967
 0.0060299  0.00497239 0.00204897 0.00049956], ([0.00303963 0.00345147 0.00138669 0.00194274 0.00294664 0.0020444
 0.00362387 0.00331828 0.0042507  0.00149868]) 	 loss 1.252E-01 	 horizons 19.0
step 30047 	 return [0.00582683 0.01165471 0.01360205 0.00587974 0.00762    0.00325314
 0.00341126 0.00358259 0.         0.        ], ([0.00046174 0.0005224  0.00099525 0.00204411 0.00175273 0.00050784
 0.00113729 0.00037677 0.         0.        ]) 	 loss 1.300E-01 	 horizons 19.0
[1;34mwandb[0m: 
[1;34mwandb[0m: 🚀 View run [33mmotndp_xian-v0__GCN-Xian-i2_l05__789__1780901686[0m at: [34mhttps://wandb.ai/johnario-tu-delft/cl_ablation/runs/pbr3hwc2[0m
[1;34mwandb[0m: Find logs at: [1;35mwandb/run-20260608_085447-pbr3hwc2/logs[0m
