/home/SinJ/miniconda3/envs/mo-nw-design/lib/python3.11/site-packages/pygame/pkgdata.py:25: UserWarning: pkg_resources is deprecated as an API. See https://setuptools.pypa.io/en/latest/pkg_resources.html. The pkg_resources package is slated for removal as early as 2025-11-30. Refrain from using this package or pin to Setuptools<81.
  from pkg_resources import resource_stream, resource_exists
wandb: [wandb.login()] Loaded credentials for https://api.wandb.ai from /home/SinJ/.netrc.
wandb: Currently logged in as: jingyuan-sun03 (johnario-tu-delft) to https://api.wandb.ai. Use `wandb login --relogin` to force relogin
wandb: Tracking run with wandb version 0.27.0
wandb: Run data is saved locally in /home/SinJ/mo-transport-network-design/wandb/run-20260608_141549-qt75hv9e
wandb: Run `wandb offline` to turn off syncing.
wandb: Syncing run motndp_xian-v0__GCN-Xian-i2_l1__1011__1780920949
wandb: ⭐️ View project at https://wandb.ai/johnario-tu-delft/cl_ablation
wandb: 🚀 View run at https://wandb.ai/johnario-tu-delft/cl_ablation/runs/qt75hv9e
/home/SinJ/mo-transport-network-design/morl-baselines/morl_baselines/multi_policy/gcn/gcn.py:151: UserWarning: Creating a tensor from a list of numpy.ndarrays is extremely slow. Please consider converting the list to a single numpy.ndarray with numpy.array() before converting to a tensor. (Triggered internally at /pytorch/torch/csrc/utils/tensor_new.cpp:253.)
  th.tensor(obs).to(self.device),
Namespace(env='xian', nr_groups=10, starting_loc_x=9, starting_loc_y=19, nr_stations=20, lr=0.01, batch_size=256, num_er_episodes=100, num_step_episodes=10, num_model_updates=5, num_policies=10, max_buffer_size=100, nr_layers=1, hidden_dim=128, timesteps=30000, no_log=False, project_name='cl_ablation', experiment_name='GCN-Xian-i2_l1', wandb_entity='johnario-tu-delft', seed=1011, cd_threshold=0.2, distance_ref='interpolate2', gcn_lambda=1.0, lambda_schedule='constant', lambda_start=1.0, lambda_end=None, lambda_warmup_fraction=0.0, lambda_freeze_fraction=0.1, spatial_alpha=0.0, include_demand_context=False, criterion='lorenz', nash_mode='pareto_sized', nash_top_k=None, nash_shift=0.0)
step 1974 	 return [0.00166554 0.00568371 0.00223315 0.00483201 0.00226185 0.00486405
 0.00724511 0.00244567 0.00223006 0.00043611], ([0.00256553 0.00279562 0.00231305 0.00552585 0.00332436 0.00581421
 0.00932847 0.00421952 0.00261224 0.0012442 ]) 	 loss 1.974E+00 	 horizons 18.8
step 2161 	 return [0.00198575 0.00526438 0.00672989 0.00339356 0.00231251 0.00184213
 0.0016077  0.00224658 0.00121485 0.00112726], ([0.00271816 0.00436954 0.00370801 0.00575498 0.00301279 0.00292995
 0.00291578 0.00345682 0.00237674 0.00225228]) 	 loss 1.838E+00 	 horizons 18.7
step 2351 	 return [0.00196632 0.00604489 0.00592857 0.00195282 0.00388187 0.00233065
 0.00238779 0.00108107 0.00183363 0.0018169 ], ([0.00268275 0.00438918 0.00356625 0.00236768 0.00497954 0.00317255
 0.00291262 0.00143829 0.00367126 0.00288003]) 	 loss 1.636E+00 	 horizons 19.0
step 2533 	 return [0.00077507 0.0029892  0.00082545 0.00146315 0.0028452  0.00130762
 0.00337604 0.00232829 0.00360269 0.00109846], ([0.00127604 0.00302654 0.00105012 0.002262   0.00181265 0.00156172
 0.00372988 0.00432182 0.00326463 0.00165743]) 	 loss 1.306E+00 	 horizons 18.2
step 2723 	 return [0.00077073 0.00528402 0.00317431 0.00385403 0.0049921  0.00745992
 0.00814368 0.00369755 0.0047314  0.00470079], ([0.00162669 0.00256233 0.00293297 0.00262189 0.00402279 0.00443823
 0.00722312 0.0035266  0.00425415 0.00450728]) 	 loss 1.087E+00 	 horizons 19.0
step 2905 	 return [0.00435078 0.004043   0.00379789 0.00300606 0.00133043 0.00187741
 0.00256062 0.00118851 0.00045843 0.0006721 ], ([0.00389801 0.00466709 0.00458293 0.00671523 0.00242742 0.00354774
 0.00490725 0.00220535 0.0009247  0.00200087]) 	 loss 1.013E+00 	 horizons 18.2
step 3095 	 return [0.00300306 0.00643993 0.00386636 0.00385176 0.00447124 0.00388632
 0.00353151 0.0039643  0.00161399 0.00078141], ([0.00304787 0.00349726 0.0026142  0.00287778 0.00249332 0.0044431
 0.00461684 0.00357188 0.00212181 0.0015865 ]) 	 loss 9.576E-01 	 horizons 19.0
step 3285 	 return [0.         0.00348721 0.00639592 0.00744451 0.00537259 0.00699929
 0.01013532 0.00292602 0.00525405 0.0037909 ], ([0.         0.00408623 0.00309787 0.00534345 0.00385126 0.00418117
 0.01038714 0.00353677 0.00333934 0.00367684]) 	 loss 9.588E-01 	 horizons 19.0
step 3472 	 return [0.00679105 0.00406043 0.0015984  0.00099043 0.0012554  0.00038133
 0.00048285 0.00146059 0.00063037 0.        ], ([0.00427692 0.00184266 0.00167581 0.00128065 0.00097005 0.00052088
 0.00112425 0.00121376 0.00096668 0.        ]) 	 loss 9.373E-01 	 horizons 18.7
step 3662 	 return [0.0024961  0.00512961 0.00225561 0.00166989 0.00189069 0.00185243
 0.00184618 0.00151997 0.00018615 0.00140896], ([0.0030645  0.00326336 0.00306889 0.00343172 0.00159792 0.00365452
 0.00217821 0.00186416 0.00055846 0.00274354]) 	 loss 9.036E-01 	 horizons 19.0
step 3837 	 return [1.8499792e-03 2.6831378e-03 6.3332944e-04 6.5759139e-04 1.5758844e-03
 4.4755900e-04 4.9662433e-04 7.0107763e-04 3.5329926e-04 7.5976248e-05], ([0.00158602 0.00283456 0.00106947 0.00111059 0.00137447 0.00076164
 0.00079641 0.00090984 0.00061075 0.00010082]) 	 loss 8.933E-01 	 horizons 17.5
step 4027 	 return [0.         0.0072724  0.00279841 0.00671301 0.00651318 0.00650074
 0.0063717  0.00448093 0.00463555 0.00389496], ([0.         0.00496703 0.00297647 0.00499291 0.00333482 0.00322315
 0.00472869 0.00406153 0.00390047 0.00334918]) 	 loss 8.822E-01 	 horizons 19.0
step 4217 	 return [0.         0.00245627 0.00559238 0.00504883 0.00699985 0.00465389
 0.00416896 0.00085691 0.00218564 0.00482301], ([0.         0.00341483 0.00331475 0.00629861 0.00301983 0.00244288
 0.00511622 0.00213574 0.00091618 0.00230246]) 	 loss 8.526E-01 	 horizons 19.0
step 4407 	 return [0.00025271 0.0056775  0.0035485  0.0043772  0.0050324  0.0086857
 0.01168677 0.00248289 0.00272183 0.00648102], ([0.00075812 0.00236294 0.00256799 0.00286503 0.00312918 0.00543935
 0.00642843 0.00342285 0.00223456 0.00351702]) 	 loss 7.778E-01 	 horizons 19.0
step 4597 	 return [0.00355309 0.00613094 0.00568576 0.00136439 0.0042809  0.00260418
 0.00199102 0.00018355 0.00121448 0.00173183], ([0.00416318 0.00450571 0.00331903 0.00218448 0.00513705 0.00271804
 0.00271563 0.00055056 0.00280577 0.00240356]) 	 loss 7.954E-01 	 horizons 19.0
step 4787 	 return [0.00017083 0.00412333 0.00487848 0.00184898 0.00842366 0.00658942
 0.00567101 0.00038182 0.00281131 0.00487044], ([0.00051249 0.00402068 0.00213783 0.0023235  0.00263206 0.00274427
 0.00347561 0.00100043 0.00203114 0.00257903]) 	 loss 7.833E-01 	 horizons 19.0
step 4977 	 return [5.4184668e-05 3.6307741e-03 5.4348689e-03 2.5290470e-03 7.6315082e-03
 7.1096299e-03 4.1966112e-03 2.2276840e-04 1.7660733e-03 4.6924474e-03], ([0.00016255 0.00433676 0.00248063 0.00433574 0.00271964 0.00285911
 0.00248489 0.00066806 0.00141008 0.001394  ]) 	 loss 7.382E-01 	 horizons 19.0
step 5163 	 return [0.00662656 0.00131596 0.0008082  0.00040578 0.00144054 0.00016145
 0.00036626 0.00156025 0.00067199 0.0001593 ], ([0.00462097 0.00188945 0.0012975  0.00056401 0.00118557 0.00032565
 0.00081982 0.00128513 0.00098373 0.00040645]) 	 loss 7.364E-01 	 horizons 18.6
step 5348 	 return [5.6943810e-03 3.4079850e-03 4.7998232e-04 3.7364964e-04 1.3319483e-03
 6.8885609e-05 4.8951064e-05 1.2204169e-03 3.6397917e-04 1.6064272e-04], ([0.0037565  0.00166862 0.00064035 0.00053187 0.0010774  0.00020666
 0.00013307 0.00120671 0.00072828 0.00037054]) 	 loss 7.415E-01 	 horizons 18.5
step 5538 	 return [0.         0.00687734 0.00382126 0.00546009 0.00737205 0.00522378
 0.00635864 0.00095101 0.00283929 0.00438358], ([0.         0.00364948 0.00276689 0.00482812 0.00336855 0.00175906
 0.00578492 0.00170171 0.00177022 0.00198644]) 	 loss 6.994E-01 	 horizons 19.0
step 5728 	 return [0.         0.00394439 0.00492725 0.00466306 0.00810659 0.00545926
 0.0036111  0.00038848 0.00340429 0.00508348], ([0.         0.00382362 0.00263688 0.00633722 0.00303932 0.00244571
 0.00336546 0.00077697 0.00223109 0.00186176]) 	 loss 6.836E-01 	 horizons 19.0
step 5918 	 return [0.         0.00548962 0.00524094 0.00757193 0.00807338 0.00702793
 0.00729016 0.00410843 0.00608774 0.00270822], ([0.         0.00435872 0.00295256 0.00287416 0.00377265 0.00338175
 0.00641898 0.00327716 0.00330892 0.0025542 ]) 	 loss 6.374E-01 	 horizons 19.0
step 6108 	 return [0.         0.00418247 0.0061587  0.00427207 0.00688275 0.00553683
 0.00311565 0.00059432 0.00180925 0.00460227], ([0.         0.00303927 0.00253251 0.00535331 0.00328769 0.00226678
 0.00207169 0.00087483 0.00143129 0.00191183]) 	 loss 6.915E-01 	 horizons 19.0
step 6298 	 return [0.00093969 0.00547409 0.00625261 0.01191452 0.00466514 0.0069738
 0.01375148 0.00465935 0.00454073 0.00412894], ([0.00189892 0.00447596 0.00401521 0.00511495 0.00321063 0.00463419
 0.0094027  0.00276401 0.00395021 0.00374549]) 	 loss 6.586E-01 	 horizons 19.0
step 6488 	 return [0.         0.00477168 0.00444124 0.0091181  0.0062777  0.00484109
 0.00785384 0.00295284 0.00472195 0.00446102], ([0.         0.00301747 0.00358624 0.00497107 0.00319039 0.00394215
 0.00717839 0.00379538 0.0034011  0.0032624 ]) 	 loss 6.993E-01 	 horizons 19.0
step 6677 	 return [7.1696294e-03 2.4865104e-03 9.4832212e-04 1.6856387e-04 1.1023446e-03
 6.3616331e-05 1.0806295e-04 1.2233880e-03 4.5668341e-05 4.5282225e-04], ([0.00335369 0.00202431 0.00109374 0.00025997 0.00095723 0.00019085
 0.00032419 0.0009384  0.00013701 0.00066251]) 	 loss 6.364E-01 	 horizons 18.9
