/home/SinJ/miniconda3/envs/mo-nw-design/lib/python3.11/site-packages/pygame/pkgdata.py:25: UserWarning: pkg_resources is deprecated as an API. See https://setuptools.pypa.io/en/latest/pkg_resources.html. The pkg_resources package is slated for removal as early as 2025-11-30. Refrain from using this package or pin to Setuptools<81.
  from pkg_resources import resource_stream, resource_exists
wandb: [wandb.login()] Loaded credentials for https://api.wandb.ai from /home/SinJ/.netrc.
wandb: Currently logged in as: jingyuan-sun03 (johnario-tu-delft) to https://api.wandb.ai. Use `wandb login --relogin` to force relogin
wandb: Tracking run with wandb version 0.27.0
wandb: Run data is saved locally in /home/SinJ/mo-transport-network-design/wandb/run-20260608_085447-pymunltg
wandb: Run `wandb offline` to turn off syncing.
wandb: Syncing run motndp_xian-v0__GCN-Xian-i2_l0__1011__1780901686
wandb: ⭐️ View project at https://wandb.ai/johnario-tu-delft/cl_ablation
wandb: 🚀 View run at https://wandb.ai/johnario-tu-delft/cl_ablation/runs/pymunltg
/home/SinJ/mo-transport-network-design/morl-baselines/morl_baselines/multi_policy/gcn/gcn.py:151: UserWarning: Creating a tensor from a list of numpy.ndarrays is extremely slow. Please consider converting the list to a single numpy.ndarray with numpy.array() before converting to a tensor. (Triggered internally at /pytorch/torch/csrc/utils/tensor_new.cpp:253.)
  th.tensor(obs).to(self.device),
Namespace(env='xian', nr_groups=10, starting_loc_x=9, starting_loc_y=19, nr_stations=20, lr=0.01, batch_size=256, num_er_episodes=100, num_step_episodes=10, num_model_updates=5, num_policies=10, max_buffer_size=100, nr_layers=1, hidden_dim=128, timesteps=30000, no_log=False, project_name='cl_ablation', experiment_name='GCN-Xian-i2_l0', wandb_entity='johnario-tu-delft', seed=1011, cd_threshold=0.2, distance_ref='interpolate2', gcn_lambda=0.0, lambda_schedule='constant', lambda_start=1.0, lambda_end=None, lambda_warmup_fraction=0.0, lambda_freeze_fraction=0.1, spatial_alpha=0.0, include_demand_context=False, criterion='lorenz', nash_mode='pareto_sized', nash_top_k=None, nash_shift=0.0)
step 1893 	 return [0.00255728 0.00334001 0.0029429  0.00160756 0.0016301  0.00076177
 0.00190356 0.0005664  0.00087765 0.0003171 ], ([0.00251168 0.00191705 0.00252086 0.0022381  0.00175578 0.00110731
 0.00299488 0.00088372 0.00114932 0.00067498]) 	 loss 2.009E+00 	 horizons 17.7
step 2066 	 return [0.00294597 0.00394114 0.00267621 0.00152643 0.00176957 0.00168731
 0.00192373 0.00109445 0.00217362 0.00246359], ([0.00404242 0.0031967  0.0033511  0.00243467 0.00195458 0.00258919
 0.00290772 0.00196125 0.00235023 0.00490842]) 	 loss 1.915E+00 	 horizons 17.3
step 2254 	 return [0.00186369 0.00462954 0.0018695  0.00344611 0.00236548 0.00314249
 0.00489304 0.00288323 0.00371187 0.00352192], ([0.00257611 0.00358841 0.0018292  0.00351616 0.00340654 0.00401164
 0.00517508 0.00253569 0.0034358  0.00576565]) 	 loss 1.711E+00 	 horizons 18.8
step 2425 	 return [2.6366152e-03 2.1102440e-03 1.7731339e-03 1.5440505e-03 1.4116529e-03
 1.6626019e-03 2.0805043e-03 1.4699951e-03 1.6437996e-03 2.1179041e-05], ([2.8181747e-03 2.3783683e-03 1.6356981e-03 2.7474437e-03 1.4608519e-03
 2.1417097e-03 3.3768155e-03 2.2478164e-03 1.4061551e-03 4.2631164e-05]) 	 loss 1.363E+00 	 horizons 17.1
step 2611 	 return [0.00162141 0.00322391 0.0021124  0.00207383 0.00221075 0.00478908
 0.00541906 0.00398037 0.00143926 0.00236268], ([0.00260494 0.00337413 0.00265209 0.00242631 0.00191976 0.0037508
 0.0046041  0.00324634 0.00158137 0.00420522]) 	 loss 1.145E+00 	 horizons 18.6
step 2801 	 return [0.00149521 0.0041425  0.00211842 0.00457727 0.00407265 0.00543826
 0.00469111 0.00412885 0.00382938 0.00195194], ([0.00331151 0.00220417 0.00311986 0.0036302  0.00197735 0.00418176
 0.00423045 0.00399417 0.00353225 0.00198544]) 	 loss 1.044E+00 	 horizons 19.0
step 2991 	 return [0.00074156 0.00444036 0.00245568 0.0049273  0.00309966 0.00524552
 0.00551524 0.00319724 0.0024087  0.00355289], ([0.00222469 0.00292608 0.00289449 0.00232434 0.0024517  0.00428976
 0.00480004 0.00291048 0.00283137 0.00375076]) 	 loss 1.018E+00 	 horizons 19.0
step 3181 	 return [0.00213774 0.00508404 0.00104469 0.00280459 0.00268326 0.00324347
 0.00495693 0.00254045 0.00359188 0.00213128], ([0.00283806 0.00281692 0.00213532 0.00140392 0.00246118 0.00401046
 0.00458785 0.00314353 0.00366459 0.00340144]) 	 loss 9.827E-01 	 horizons 19.0
step 3371 	 return [0.00153197 0.00491067 0.00252234 0.00370877 0.0036253  0.00586884
 0.00447112 0.0032192  0.00379065 0.00375416], ([0.00329955 0.00350397 0.00266799 0.00230495 0.00239244 0.00376335
 0.00318463 0.00320703 0.00272299 0.00383707]) 	 loss 9.255E-01 	 horizons 19.0
step 3561 	 return [0.00417642 0.00503711 0.00310111 0.00357841 0.00326797 0.00105706
 0.00182851 0.00055545 0.00107578 0.00053525], ([0.00301761 0.00308172 0.00222715 0.00201333 0.00248442 0.00298781
 0.00221683 0.00115516 0.00196038 0.00160576]) 	 loss 9.593E-01 	 horizons 19.0
step 3751 	 return [0.00368007 0.00530258 0.00306004 0.00318217 0.00371758 0.00328344
 0.0044695  0.00207381 0.00262977 0.00238714], ([0.00356756 0.00303402 0.00298094 0.00261252 0.00218668 0.00416233
 0.00501478 0.00352757 0.00351437 0.00398375]) 	 loss 8.947E-01 	 horizons 19.0
step 3941 	 return [0.00198822 0.00498623 0.00271263 0.00362536 0.00253269 0.00533116
 0.00463222 0.0018699  0.00321922 0.00353704], ([0.00315208 0.00321144 0.00376345 0.00282153 0.00221604 0.00482301
 0.00493408 0.00191546 0.0033432  0.00441358]) 	 loss 8.733E-01 	 horizons 19.0
step 4131 	 return [0.0038256  0.00498253 0.00316223 0.0045589  0.00399886 0.00321981
 0.00345972 0.00214015 0.00212018 0.00151111], ([0.00435925 0.00371715 0.00235089 0.00389842 0.00203181 0.00341814
 0.00442466 0.00263523 0.0022319  0.00298529]) 	 loss 8.584E-01 	 horizons 19.0
step 4318 	 return [0.00167487 0.00412361 0.00162105 0.00252074 0.00256816 0.00275083
 0.00367333 0.00203472 0.00260312 0.00142987], ([0.00290376 0.00256159 0.00236544 0.00260864 0.0014922  0.00311159
 0.00335952 0.00212759 0.00291389 0.00325401]) 	 loss 8.158E-01 	 horizons 18.7
step 4508 	 return [0.00400669 0.00707517 0.0038226  0.00399617 0.00497017 0.00661606
 0.00419066 0.00238473 0.00310449 0.00305847], ([0.00492084 0.00284996 0.00336684 0.00217775 0.00284506 0.00533259
 0.0041597  0.00233125 0.00327497 0.00425939]) 	 loss 8.642E-01 	 horizons 19.0
step 4698 	 return [0.         0.00091543 0.00089926 0.00474008 0.00333582 0.00807327
 0.00792091 0.00603412 0.00423836 0.00630849], ([0.         0.00184461 0.00185697 0.00354802 0.00303243 0.00283212
 0.00430541 0.003453   0.00290407 0.00350006]) 	 loss 8.471E-01 	 horizons 19.0
step 4888 	 return [0.00133063 0.00603468 0.00209775 0.00348884 0.00523049 0.00587696
 0.0049232  0.00343791 0.00369345 0.00415117], ([0.00294321 0.00239502 0.00290904 0.00310345 0.00188246 0.00379051
 0.0035601  0.00277387 0.00254427 0.00345613]) 	 loss 8.598E-01 	 horizons 19.0
step 5078 	 return [0.00036656 0.00353463 0.00285818 0.00576627 0.0039579  0.00747584
 0.00641294 0.0055293  0.00378108 0.00346114], ([0.00109968 0.00311474 0.0032751  0.00367299 0.0020282  0.00445486
 0.00364804 0.0033735  0.00315516 0.00392736]) 	 loss 8.248E-01 	 horizons 19.0
step 5268 	 return [0.00309346 0.00561439 0.00280726 0.00298107 0.00362911 0.00329259
 0.00125501 0.00220882 0.00365319 0.00302636], ([0.00350131 0.00246679 0.00243755 0.00174225 0.00253229 0.00332765
 0.00150334 0.00355263 0.00382531 0.00597725]) 	 loss 8.524E-01 	 horizons 19.0
step 5458 	 return [0.00099578 0.00571867 0.00222421 0.00544164 0.0042079  0.00567781
 0.00880296 0.00249313 0.00279439 0.0046414 ], ([0.00188579 0.00383394 0.00289791 0.00428553 0.00202317 0.00511702
 0.00672977 0.00240609 0.00224919 0.00468255]) 	 loss 8.259E-01 	 horizons 19.0
step 5648 	 return [0.00100259 0.00704174 0.00330334 0.00345305 0.00636432 0.00637317
 0.00541766 0.00388509 0.00404975 0.00572509], ([0.00286929 0.00276307 0.00349111 0.00228267 0.0016157  0.00334316
 0.00299883 0.00194446 0.00263239 0.00398514]) 	 loss 7.792E-01 	 horizons 19.0
step 5838 	 return [0.00035018 0.00386496 0.00398393 0.01015487 0.00608312 0.00579059
 0.0095957  0.00556526 0.00481309 0.00243901], ([0.00060633 0.00364162 0.00448656 0.00558148 0.00234901 0.00242194
 0.00675491 0.00472218 0.00268147 0.00209431]) 	 loss 8.233E-01 	 horizons 19.0
step 6028 	 return [0.00026789 0.00344313 0.00477429 0.00858483 0.00547188 0.0117194
 0.00826304 0.00507223 0.0047965  0.00624273], ([0.00080367 0.00241046 0.00287207 0.00534342 0.00399782 0.00557043
 0.00345587 0.00414463 0.00357585 0.00398157]) 	 loss 8.001E-01 	 horizons 19.0
step 6218 	 return [0.00027515 0.00515443 0.00262553 0.0052178  0.00541436 0.01124831
 0.0075078  0.0045528  0.00604222 0.00851797], ([0.00082545 0.00354117 0.00405904 0.00307126 0.00233062 0.00380739
 0.00408942 0.00263355 0.00391231 0.00451281]) 	 loss 8.005E-01 	 horizons 19.0
step 6408 	 return [0.00013386 0.00392109 0.00401502 0.0099456  0.00708015 0.00979158
 0.00695942 0.0039028  0.00354013 0.0068799 ], ([0.00027462 0.00347335 0.00364242 0.0049148  0.00262675 0.00488508
 0.00405348 0.00245177 0.00198227 0.00391855]) 	 loss 7.760E-01 	 horizons 19.0
step 6598 	 return [0.00014026 0.00478028 0.00098043 0.00399262 0.00671709 0.00994664
 0.00978475 0.00499928 0.00450103 0.00975514], ([0.00042078 0.00397091 0.00242781 0.00179299 0.00266405 0.00330024
 0.00321537 0.00214937 0.00175573 0.00509484]) 	 loss 7.195E-01 	 horizons 19.0
step 6788 	 return [0.00082595 0.00378489 0.00099696 0.0048887  0.00338866 0.00702315
 0.00506576 0.00399068 0.00498923 0.00560177], ([0.00192589 0.00269209 0.0020059  0.00356135 0.00241681 0.00452748
 0.00238571 0.00259321 0.00309448 0.00481147]) 	 loss 7.364E-01 	 horizons 19.0
step 6978 	 return [0.00070477 0.00715612 0.0035861  0.00513754 0.00584709 0.00789899
 0.00735971 0.00399978 0.00302419 0.00557366], ([0.00155256 0.00268028 0.00433212 0.00501396 0.00354824 0.00382069
 0.00580883 0.00267333 0.00242735 0.00445686]) 	 loss 7.037E-01 	 horizons 19.0
step 7168 	 return [0.         0.00702708 0.00210949 0.00412998 0.00526299 0.00833306
 0.00470924 0.00503765 0.00476174 0.00501545], ([0.         0.00096309 0.00189177 0.00141864 0.00253625 0.00260168
 0.0028106  0.00134894 0.00273073 0.00401627]) 	 loss 6.910E-01 	 horizons 19.0
step 7358 	 return [0.         0.00360428 0.00277373 0.00753871 0.00691217 0.01032943
 0.00743451 0.00597009 0.00520992 0.00655876], ([0.         0.00295027 0.00271795 0.00419794 0.0044709  0.00365801
 0.00248924 0.00330635 0.00382516 0.00480061]) 	 loss 6.678E-01 	 horizons 19.0
step 7548 	 return [0.00082134 0.00471857 0.00180837 0.00298861 0.00330598 0.00439003
 0.00500319 0.00292429 0.00438922 0.00219737], ([0.00192333 0.00231069 0.00223431 0.00214765 0.00181397 0.00384867
 0.00426616 0.00240414 0.00290147 0.00412257]) 	 loss 6.751E-01 	 horizons 19.0
step 7738 	 return [0.0009379  0.00649333 0.00109206 0.00409176 0.0031437  0.00641172
 0.00920907 0.00378756 0.00287861 0.0055971 ], ([0.00281369 0.00202689 0.00300515 0.00170663 0.00214165 0.00317984
 0.00471541 0.00222333 0.00210833 0.0043001 ]) 	 loss 6.759E-01 	 horizons 19.0
step 7928 	 return [0.00140035 0.00561223 0.00491828 0.00917    0.00638737 0.0107582
 0.00780761 0.00606209 0.00446078 0.00604343], ([0.00300336 0.00308179 0.00551939 0.00316645 0.00434611 0.00549696
 0.00465673 0.00210006 0.00306492 0.00522099]) 	 loss 6.792E-01 	 horizons 19.0
step 8118 	 return [5.3602031e-05 4.3014446e-03 4.3620346e-03 9.0182591e-03 5.5746604e-03
 8.9868680e-03 6.3577839e-03 3.9676251e-03 4.5468034e-03 7.3375194e-03], ([0.00016081 0.00394454 0.00254568 0.00426246 0.00303412 0.0041307
 0.00384495 0.00374127 0.00334531 0.00576295]) 	 loss 6.519E-01 	 horizons 19.0
step 8308 	 return [0.         0.00120395 0.00599264 0.0105094  0.00874439 0.01122457
 0.00502226 0.00588119 0.00463709 0.01040941], ([0.         0.00250432 0.00292029 0.00513255 0.0038609  0.00439435
 0.00364253 0.00368023 0.0032686  0.00712634]) 	 loss 6.222E-01 	 horizons 19.0
step 8498 	 return [0.         0.00187481 0.0049031  0.00826806 0.00662012 0.0095268
 0.00649203 0.0056332  0.00583884 0.00505489], ([0.         0.00234779 0.00282066 0.00620644 0.00306364 0.00259857
 0.00315519 0.00492639 0.00373916 0.00285499]) 	 loss 6.400E-01 	 horizons 19.0
step 8688 	 return [0.         0.00381272 0.00340207 0.00981412 0.00647634 0.01026584
 0.00895962 0.00592573 0.00499511 0.00543913], ([0.         0.00269307 0.00250111 0.00428798 0.00408671 0.00337697
 0.00452484 0.00346636 0.00346458 0.00437113]) 	 loss 5.721E-01 	 horizons 19.0
step 8878 	 return [0.         0.0058949  0.00374515 0.01055015 0.00700287 0.00998132
 0.01051148 0.00704352 0.00549868 0.00691957], ([0.         0.00181937 0.00247964 0.00449364 0.0020158  0.00339741
 0.00473281 0.00382818 0.00364044 0.00499269]) 	 loss 5.648E-01 	 horizons 19.0
step 9068 	 return [0.         0.00166477 0.00444854 0.0110471  0.00675934 0.00984055
 0.00573987 0.00484504 0.00592353 0.00645146], ([0.         0.00193402 0.00237334 0.0037177  0.00290198 0.00266063
 0.00105931 0.00211145 0.00162019 0.00340329]) 	 loss 5.752E-01 	 horizons 19.0
step 9258 	 return [0.00122641 0.00649753 0.00262545 0.00386235 0.00530366 0.00645052
 0.00574259 0.00472008 0.00328273 0.00285023], ([0.00214364 0.00116778 0.0027612  0.00206064 0.0027964  0.00380694
 0.00307889 0.00199159 0.00334676 0.00423552]) 	 loss 5.578E-01 	 horizons 19.0
step 9448 	 return [0.00041088 0.0065757  0.00462129 0.00559049 0.00769013 0.0066486
 0.00561421 0.00519809 0.00438769 0.00468841], ([0.00123264 0.00154081 0.00238834 0.00383385 0.00408372 0.00464496
 0.00292544 0.0017061  0.00276641 0.00549721]) 	 loss 5.506E-01 	 horizons 19.0
step 9638 	 return [0.00048794 0.0060513  0.00171918 0.00624673 0.00462994 0.01077646
 0.01029283 0.00406124 0.0052498  0.00594363], ([0.00117865 0.00288653 0.00349988 0.00493261 0.00296542 0.00437139
 0.00345589 0.00251513 0.00290378 0.00423167]) 	 loss 5.094E-01 	 horizons 19.0
step 9828 	 return [0.         0.00034763 0.00874218 0.01035475 0.00997747 0.01266613
 0.00334429 0.00399155 0.0054641  0.00985389], ([0.         0.00104288 0.00296495 0.00523926 0.00286242 0.00352334
 0.00333221 0.00508926 0.00343962 0.00618671]) 	 loss 5.450E-01 	 horizons 19.0
step 10018 	 return [0.00680334 0.00946314 0.00596733 0.00305319 0.0061901  0.00224341
 0.00259971 0.00056653 0.0008558  0.00123302], ([0.00401531 0.00083823 0.00214658 0.00174518 0.00309815 0.00358775
 0.00259061 0.00118704 0.00226557 0.00369906]) 	 loss 4.827E-01 	 horizons 19.0
step 10208 	 return [0.         0.00321858 0.00537144 0.00952296 0.00826124 0.01146146
 0.00656389 0.00436339 0.00234248 0.00618121], ([0.         0.00222739 0.00201972 0.00618355 0.00314042 0.00320736
 0.00276601 0.00458135 0.00238531 0.00414522]) 	 loss 4.820E-01 	 horizons 19.0
step 10398 	 return [0.         0.00544295 0.00195363 0.0088011  0.00521425 0.00928206
 0.01120052 0.00590968 0.0061172  0.00712351], ([0.         0.00229596 0.00244541 0.00453545 0.00308965 0.00285344
 0.00488308 0.00339481 0.00279248 0.00435836]) 	 loss 4.623E-01 	 horizons 19.0
step 10588 	 return [0.00199868 0.00377837 0.00530042 0.01098314 0.00573013 0.00706219
 0.00794167 0.00667139 0.0060388  0.0043335 ], ([0.00392184 0.00263779 0.00466941 0.00290668 0.00348937 0.0042083
 0.00514057 0.00478149 0.00509001 0.00390101]) 	 loss 4.385E-01 	 horizons 19.0
step 10778 	 return [0.0003882  0.00116183 0.00662435 0.01190158 0.01067472 0.01273254
 0.00418972 0.00574813 0.00619075 0.01283893], ([0.0011646  0.00183607 0.0019316  0.00474127 0.00468486 0.0040764
 0.00227951 0.00250768 0.00280409 0.00829402]) 	 loss 4.192E-01 	 horizons 19.0
step 10968 	 return [0.00469384 0.00662131 0.00300725 0.00333882 0.00397605 0.00084146
 0.00180005 0.00025746 0.00026803 0.        ], ([0.0031906  0.00189174 0.00230342 0.00104971 0.0008655  0.00143863
 0.00168448 0.0005525  0.00066402 0.        ]) 	 loss 4.161E-01 	 horizons 19.0
step 11158 	 return [0.         0.00094518 0.00720999 0.01118584 0.00905946 0.01206249
 0.00702534 0.00687576 0.00689965 0.01139985], ([0.         0.00173125 0.00318886 0.00421544 0.00197812 0.00388366
 0.00504289 0.00314506 0.00201057 0.00621842]) 	 loss 3.997E-01 	 horizons 19.0
step 11348 	 return [0.         0.00724384 0.0010231  0.00785925 0.00696549 0.01359372
 0.01026511 0.00709103 0.00619936 0.01016382], ([0.         0.00110708 0.00205748 0.00332361 0.00533523 0.00322957
 0.0040515  0.00316667 0.00266184 0.00578692]) 	 loss 4.304E-01 	 horizons 19.0
step 11538 	 return [0.         0.00149617 0.00870089 0.00585653 0.00751335 0.01030762
 0.00813958 0.00468911 0.00594784 0.00415405], ([0.         0.00170894 0.0020975  0.00444486 0.00194268 0.0019065
 0.00308236 0.00457057 0.00362101 0.00309332]) 	 loss 4.268E-01 	 horizons 19.0
step 11728 	 return [0.00073798 0.00121145 0.00826674 0.01387453 0.01162657 0.01495405
 0.00472899 0.00931374 0.00741544 0.01079878], ([0.00221393 0.00188108 0.00216844 0.003436   0.00330209 0.00303307
 0.00410894 0.00303483 0.00403276 0.00702303]) 	 loss 3.594E-01 	 horizons 19.0
step 11918 	 return [0.00084114 0.00387257 0.00668604 0.01435926 0.01160881 0.01040953
 0.00480842 0.00472198 0.00410351 0.00944166], ([0.00169663 0.00142205 0.00146774 0.00141756 0.00265648 0.00357083
 0.003655   0.00188999 0.00240992 0.00665393]) 	 loss 3.834E-01 	 horizons 19.0
step 12108 	 return [0.0001531  0.00548558 0.00364724 0.01253544 0.00744705 0.00925112
 0.00918951 0.00767663 0.00753596 0.00620728], ([0.0004593  0.00126209 0.00321129 0.0030544  0.00284599 0.0049419
 0.00365588 0.00361022 0.00344198 0.00347705]) 	 loss 3.707E-01 	 horizons 19.0
step 12298 	 return [0.         0.00295133 0.00567298 0.01228173 0.00877432 0.00707057
 0.00736446 0.00645304 0.00509357 0.00425007], ([0.         0.00191621 0.00173231 0.00166766 0.00237826 0.00307105
 0.00224485 0.00334015 0.00263737 0.00352961]) 	 loss 3.665E-01 	 horizons 19.0
step 12488 	 return [0.         0.00133382 0.00657417 0.01435514 0.00832147 0.00818492
 0.00888692 0.0071426  0.00582154 0.00412409], ([0.         0.00238377 0.00196187 0.00319005 0.00225679 0.00214879
 0.00374895 0.00404031 0.00335596 0.00210403]) 	 loss 3.690E-01 	 horizons 19.0
step 12678 	 return [0.00037131 0.00109432 0.00681498 0.01278661 0.01166934 0.01227882
 0.00489868 0.00741722 0.00680714 0.01210905], ([0.00111393 0.00171911 0.00290053 0.00278413 0.00404143 0.00313895
 0.00622179 0.00302278 0.00372468 0.00613881]) 	 loss 3.456E-01 	 horizons 19.0
step 12868 	 return [0.         0.         0.00915285 0.01028202 0.00876718 0.01491416
 0.00742626 0.00900547 0.00858858 0.00449931], ([0.         0.         0.00253281 0.00686756 0.00295664 0.00352285
 0.00402009 0.00540812 0.00431708 0.00262984]) 	 loss 3.578E-01 	 horizons 19.0
step 13058 	 return [0.00401937 0.00722748 0.0027578  0.00465952 0.00418502 0.00199664
 0.00332078 0.00177082 0.0022251  0.        ], ([0.00278428 0.00220446 0.00204151 0.00187146 0.00039578 0.00240008
 0.00305565 0.00224883 0.00350528 0.        ]) 	 loss 3.727E-01 	 horizons 19.0
step 13248 	 return [0.         0.         0.00878022 0.01089833 0.01046748 0.01631511
 0.00840827 0.00926676 0.00864127 0.01090407], ([0.         0.         0.00231298 0.00510221 0.00309898 0.00262403
 0.00579264 0.00358432 0.00500628 0.00564445]) 	 loss 3.707E-01 	 horizons 19.0
step 13438 	 return [0.         0.00304098 0.00632966 0.00976612 0.00747537 0.01044871
 0.00883787 0.00869293 0.00803812 0.00443379], ([0.         0.00172031 0.00265221 0.0047567  0.00341631 0.00306939
 0.00349597 0.00403199 0.00356496 0.00414097]) 	 loss 3.615E-01 	 horizons 19.0
step 13628 	 return [0.00343657 0.00937446 0.00608091 0.00236766 0.00377152 0.00032311
 0.00066413 0.0010273  0.00037109 0.        ], ([0.00205979 0.00050758 0.00037056 0.00161542 0.00113704 0.00079764
 0.001337   0.00087963 0.00018555 0.        ]) 	 loss 3.340E-01 	 horizons 19.0
step 13818 	 return [0.         0.         0.00812126 0.01367759 0.01130401 0.0173341
 0.00404588 0.00758086 0.00793883 0.01580279], ([0.         0.         0.00135819 0.0032567  0.00229196 0.00373874
 0.0058729  0.00218921 0.0018551  0.00449716]) 	 loss 3.543E-01 	 horizons 19.0
step 14008 	 return [0.00563179 0.00955666 0.00650042 0.00238094 0.00470111 0.00077497
 0.00169096 0.00077709 0.00023193 0.        ], ([0.00345746 0.00055306 0.00068104 0.0009953  0.00169279 0.0009862
 0.00170713 0.00101265 0.00023193 0.        ]) 	 loss 3.166E-01 	 horizons 19.0
step 14198 	 return [0.         0.         0.00797086 0.01279566 0.01112288 0.01456113
 0.00646879 0.00758561 0.0067445  0.01374477], ([0.         0.         0.00040027 0.00283508 0.00177869 0.00295314
 0.00500431 0.00203183 0.0015268  0.00311963]) 	 loss 2.674E-01 	 horizons 19.0
step 14388 	 return [0.         0.00151164 0.00548508 0.01075491 0.00982677 0.01190824
 0.00567672 0.00754311 0.00763356 0.0131462 ], ([0.         0.00237189 0.00216848 0.00319495 0.00241545 0.00307547
 0.0027759  0.00420822 0.00241457 0.00500882]) 	 loss 2.703E-01 	 horizons 19.0
step 14578 	 return [0.00329925 0.00928883 0.00607697 0.00182733 0.00372852 0.00022533
 0.00036208 0.00075553 0.00041748 0.        ], ([2.0728740e-03 2.9630782e-04 4.0605487e-04 8.7577755e-05 1.2038968e-03
 6.7600381e-04 1.0862504e-03 2.5184490e-04 1.3915895e-04 0.0000000e+00]) 	 loss 2.751E-01 	 horizons 19.0
step 14768 	 return [0.         0.00452484 0.00659575 0.01377665 0.0115774  0.00961039
 0.01163957 0.00828352 0.00716348 0.00586578], ([0.         0.00042667 0.00192345 0.00327158 0.0031167  0.00281284
 0.00454615 0.00412347 0.00473397 0.00295529]) 	 loss 2.507E-01 	 horizons 19.0
step 14958 	 return [0.         0.00071679 0.0104806  0.00834356 0.00715382 0.01225111
 0.01165388 0.01004243 0.00955785 0.00296303], ([0.         0.00143358 0.00345884 0.00424525 0.00213181 0.0036441
 0.0042447  0.00440357 0.0032203  0.00218718]) 	 loss 2.759E-01 	 horizons 19.0
step 15148 	 return [0.         0.00060196 0.00700545 0.01305741 0.01029627 0.01256415
 0.00827171 0.00682867 0.00648799 0.00733306], ([0.         0.00133569 0.00105316 0.00304843 0.00421267 0.00323467
 0.00392103 0.00288551 0.00186715 0.00305503]) 	 loss 2.683E-01 	 horizons 19.0
step 15338 	 return [0.         0.00472866 0.00549227 0.01521458 0.00959713 0.01353172
 0.00722048 0.00839672 0.00814789 0.00859891], ([0.         0.0006922  0.00191931 0.00178612 0.00268787 0.0035179
 0.00259797 0.00260834 0.00298432 0.00338701]) 	 loss 2.750E-01 	 horizons 19.0
step 15528 	 return [0.         0.00052349 0.00862149 0.00715692 0.00876699 0.0141579
 0.01442826 0.01293262 0.01118422 0.0029471 ], ([0.         0.00120622 0.00211353 0.00354253 0.0025846  0.00483755
 0.00394582 0.00223215 0.00393998 0.00128311]) 	 loss 2.578E-01 	 horizons 19.0
step 15718 	 return [0.00183466 0.00631421 0.00146634 0.00394758 0.00398199 0.0041009
 0.00570503 0.00363021 0.00397046 0.00407352], ([0.00258612 0.00196875 0.0020776  0.00276857 0.00187272 0.00297342
 0.00412461 0.00245266 0.00312495 0.00416153]) 	 loss 2.959E-01 	 horizons 19.0
step 15908 	 return [0.         0.00466181 0.00598684 0.01421906 0.00917146 0.01589575
 0.00752902 0.00679565 0.00439281 0.01298836], ([0.0000000e+00 1.6511501e-04 6.6511595e-05 1.2337575e-03 2.1741905e-03
 1.7717065e-03 2.7666648e-03 1.7777435e-03 1.8846239e-03 2.0749464e-03]) 	 loss 2.550E-01 	 horizons 19.0
step 16098 	 return [0.00029549 0.00669265 0.00043259 0.00611502 0.00555341 0.00600386
 0.01179818 0.00857017 0.00903946 0.0059928 ], ([0.00059106 0.00077591 0.00129777 0.00365755 0.00291087 0.00352455
 0.0029638  0.00467627 0.00305236 0.00418845]) 	 loss 2.636E-01 	 horizons 19.0
step 16288 	 return [0.         0.         0.00739787 0.01376347 0.0116511  0.01660522
 0.00464946 0.00846348 0.00842902 0.01627849], ([0.         0.         0.00176768 0.00120386 0.00354422 0.00205319
 0.00248222 0.00175759 0.00157623 0.00433203]) 	 loss 2.726E-01 	 horizons 19.0
step 16478 	 return [0.         0.00368686 0.00634308 0.01411405 0.01078317 0.01032113
 0.0104287  0.00856    0.00820738 0.00645658], ([0.         0.00147834 0.00215214 0.00346363 0.00312495 0.00407228
 0.00441513 0.00384547 0.0024781  0.00442049]) 	 loss 2.808E-01 	 horizons 19.0
step 16668 	 return [0.00130415 0.00846682 0.00387007 0.00390776 0.00520382 0.00500496
 0.0039228  0.00210713 0.00262635 0.00356806], ([0.00130415 0.00075517 0.00259882 0.00221455 0.00198062 0.00507349
 0.00455896 0.00178768 0.00310386 0.00405801]) 	 loss 2.514E-01 	 horizons 19.0
step 16858 	 return [0.         0.00672491 0.00077036 0.01357647 0.00706819 0.00778997
 0.01928048 0.01120658 0.01038506 0.00564864], ([0.         0.00028494 0.00094349 0.00228912 0.00190088 0.00105956
 0.00170915 0.00235164 0.00228078 0.00165659]) 	 loss 2.398E-01 	 horizons 19.0
step 17048 	 return [0.         0.         0.00817778 0.01343182 0.00985406 0.01933348
 0.00701116 0.00804373 0.00804125 0.0121702 ], ([0.         0.         0.00129588 0.00299541 0.00241007 0.0023418
 0.00455668 0.00303668 0.00176555 0.00425482]) 	 loss 2.001E-01 	 horizons 19.0
step 17238 	 return [0.00363116 0.01003396 0.0060137  0.0078163  0.00385949 0.00213663
 0.00371733 0.00365462 0.00037411 0.        ], ([0.00121048 0.00112584 0.00064901 0.00152311 0.00086449 0.00143425
 0.00142639 0.00024403 0.00112232 0.        ]) 	 loss 2.482E-01 	 horizons 19.0
step 17428 	 return [0.         0.00436631 0.00737198 0.01492829 0.01240932 0.00704768
 0.01549351 0.01028275 0.01013348 0.00546786], ([0.0000000e+00 3.8361923e-05 7.3817518e-04 7.1630685e-04 3.4290625e-04
 7.0129189e-04 3.0933165e-03 1.8392332e-03 1.5540743e-03 5.3115335e-04]) 	 loss 2.279E-01 	 horizons 19.0
step 17618 	 return [0.         0.00445835 0.00601742 0.01352385 0.00858117 0.01438975
 0.00682204 0.00702831 0.00674719 0.01426683], ([0.         0.00161256 0.00178138 0.00220403 0.00308548 0.00189686
 0.00165141 0.0031154  0.00313737 0.0033989 ]) 	 loss 2.031E-01 	 horizons 19.0
step 17808 	 return [0.         0.00485871 0.00603006 0.01378649 0.0098633  0.01622737
 0.00874922 0.00730834 0.00595786 0.01378679], ([0.0000000e+00 2.3436682e-04 6.0613333e-05 1.0614519e-03 2.2003381e-03
 1.1395364e-03 3.1710491e-03 1.6870484e-03 2.1786208e-03 2.7120116e-03]) 	 loss 2.386E-01 	 horizons 19.0
step 17998 	 return [0.00293872 0.00858726 0.00524843 0.00408296 0.00474301 0.00294974
 0.0029533  0.00235156 0.0012951  0.00127404], ([0.00269549 0.00250859 0.00191928 0.00345403 0.00208662 0.00279071
 0.00220372 0.00197242 0.00203684 0.00283698]) 	 loss 2.112E-01 	 horizons 19.0
step 18188 	 return [0.         0.         0.00825708 0.01389426 0.0130397  0.01728463
 0.00382177 0.00951152 0.00857276 0.01597156], ([0.         0.         0.00080464 0.00031961 0.00249724 0.00194615
 0.00106498 0.00187886 0.00163567 0.00382715]) 	 loss 2.279E-01 	 horizons 19.0
step 18378 	 return [0.00131187 0.00822248 0.0022981  0.00734249 0.00943855 0.01184938
 0.00874001 0.00589453 0.00542639 0.00635371], ([0.00166619 0.00156472 0.00248693 0.00189135 0.00395181 0.0051714
 0.00331871 0.00185797 0.00330339 0.00595763]) 	 loss 2.168E-01 	 horizons 19.0
step 18568 	 return [0.00125308 0.00492412 0.0079735  0.01382184 0.00729828 0.01273333
 0.00877825 0.00332488 0.00166992 0.00842596], ([0.00260231 0.00038233 0.0020199  0.00093485 0.00094705 0.00344899
 0.00537128 0.00240126 0.00204047 0.00529922]) 	 loss 2.359E-01 	 horizons 19.0
step 18758 	 return [0.         0.00367358 0.00609728 0.01374162 0.00757432 0.01508109
 0.00788937 0.00881954 0.00837073 0.01297019], ([0.         0.00184051 0.00086351 0.00243693 0.00326792 0.00323653
 0.00340456 0.00135314 0.0015263  0.00404464]) 	 loss 2.560E-01 	 horizons 19.0
step 18948 	 return [0.         0.         0.00793288 0.01380864 0.01244192 0.01926196
 0.00631638 0.00897941 0.00827463 0.01668305], ([0.         0.         0.00016037 0.00047475 0.00202207 0.00275467
 0.00282005 0.00145383 0.00111245 0.00156356]) 	 loss 2.089E-01 	 horizons 19.0
step 19138 	 return [0.00036888 0.         0.00827999 0.01393791 0.0138433  0.01678981
 0.00373253 0.00919405 0.00727249 0.01576758], ([0.00110665 0.         0.00128565 0.00071365 0.0022251  0.00225314
 0.00183683 0.00173336 0.00299749 0.00558605]) 	 loss 1.753E-01 	 horizons 19.0
step 19328 	 return [0.         0.0043465  0.0057109  0.0139486  0.01279144 0.00915334
 0.01315366 0.00969867 0.00970951 0.00454227], ([0.         0.00014144 0.00044401 0.00332011 0.00296865 0.00310919
 0.00419749 0.00392612 0.00373191 0.00123489]) 	 loss 2.352E-01 	 horizons 19.0
step 19518 	 return [0.00095199 0.00817023 0.00520547 0.00778866 0.01037225 0.0068916
 0.0058423  0.00335431 0.00444732 0.00272705], ([0.00158728 0.00173671 0.00190002 0.00286096 0.00275203 0.00247509
 0.00226859 0.00099356 0.00250062 0.00262889]) 	 loss 1.940E-01 	 horizons 19.0
step 19708 	 return [0.         0.00769541 0.00060625 0.01211365 0.00210347 0.01218445
 0.00964775 0.00491668 0.00574947 0.01097615], ([0.         0.00082864 0.00121487 0.00222186 0.00284536 0.0036538
 0.00251484 0.00350749 0.00329931 0.00382121]) 	 loss 2.006E-01 	 horizons 19.0
step 19898 	 return [0.         0.00475367 0.00597597 0.01304763 0.01114882 0.01325244
 0.0056584  0.00760526 0.00730424 0.01419176], ([0.0000000e+00 1.3762536e-04 3.4285247e-05 5.8351143e-04 2.4971401e-03
 1.5016288e-03 1.5888540e-03 2.0055827e-03 1.6520172e-03 1.4965845e-03]) 	 loss 2.385E-01 	 horizons 19.0
step 20088 	 return [0.         0.0079817  0.00387088 0.00650316 0.0058755  0.01085966
 0.0119524  0.00200215 0.00202977 0.00510078], ([0.         0.00083691 0.00310465 0.00108718 0.00181386 0.00182133
 0.00208611 0.00276396 0.00298657 0.00399055]) 	 loss 1.940E-01 	 horizons 19.0
step 20278 	 return [0.00020122 0.00814376 0.00243557 0.00918681 0.00616315 0.00471255
 0.00905208 0.00484893 0.00429247 0.00249979], ([0.00044547 0.00148782 0.00209534 0.0019298  0.00267239 0.00306343
 0.00344525 0.00385223 0.00296182 0.00264104]) 	 loss 2.077E-01 	 horizons 19.0
step 20468 	 return [0.00473627 0.00951411 0.00729359 0.00653701 0.00883142 0.0042023
 0.00435476 0.00347098 0.00248393 0.00172251], ([0.00318963 0.0021428  0.00188916 0.00418267 0.00384637 0.00262701
 0.00219837 0.00157119 0.00317652 0.00344502]) 	 loss 2.103E-01 	 horizons 19.0
step 20658 	 return [3.2961606e-03 9.2042815e-03 6.0659046e-03 1.8267592e-03 3.7079998e-03
 5.7000951e-05 2.9792375e-04 7.5553468e-04 4.1747684e-04 0.0000000e+00], ([2.0636083e-03 4.2656342e-05 3.7284798e-04 8.5852829e-05 1.1423277e-03
 1.7100286e-04 8.9377124e-04 2.5184490e-04 1.3915896e-04 0.0000000e+00]) 	 loss 1.721E-01 	 horizons 19.0
step 20848 	 return [0.         0.         0.00791899 0.01491615 0.01101072 0.01911343
 0.00719578 0.00827497 0.00676786 0.01331254], ([0.         0.         0.0005292  0.00160844 0.0027316  0.00173207
 0.00220073 0.00140042 0.00148825 0.00510662]) 	 loss 1.598E-01 	 horizons 19.0
step 21038 	 return [0.         0.         0.00790277 0.01329061 0.01323785 0.01709065
 0.00702171 0.00828109 0.00740249 0.01647087], ([0.         0.         0.00020977 0.00047923 0.00168837 0.00094216
 0.00197401 0.0021241  0.00202719 0.00225901]) 	 loss 1.829E-01 	 horizons 19.0
step 21228 	 return [0.         0.00521971 0.00597501 0.01279536 0.00995231 0.01246663
 0.00784325 0.00730028 0.00590155 0.01352591], ([0.0000000e+00 7.1788247e-04 3.1406751e-05 4.3830890e-04 2.8614944e-03
 1.4217359e-03 2.6996119e-03 1.8824703e-03 1.6045286e-03 2.2068447e-03]) 	 loss 1.844E-01 	 horizons 19.0
step 21418 	 return [0.         0.00656917 0.00224259 0.00837221 0.00433332 0.01407863
 0.01227587 0.00620976 0.00724445 0.00851362], ([0.         0.00143093 0.00240988 0.00225467 0.00230898 0.00261843
 0.00477633 0.00212432 0.00204739 0.00307472]) 	 loss 1.542E-01 	 horizons 19.0
step 21608 	 return [0.         0.00713605 0.         0.0089584  0.00458565 0.01394807
 0.0165926  0.00730928 0.00539849 0.00855296], ([0.         0.00015211 0.         0.00186542 0.00210342 0.00252884
 0.00360981 0.00295313 0.00359247 0.00332162]) 	 loss 1.695E-01 	 horizons 19.0
step 21798 	 return [0.00242615 0.0092346  0.00461364 0.00689106 0.00533501 0.00370237
 0.00477574 0.0033028  0.00225372 0.0005795 ], ([0.00177965 0.00175382 0.00235664 0.00288101 0.00227457 0.00279502
 0.00274827 0.00099354 0.00279262 0.00091676]) 	 loss 1.725E-01 	 horizons 19.0
step 21988 	 return [0.         0.         0.00784818 0.01376904 0.01317328 0.01723057
 0.00432649 0.00950024 0.00762117 0.0176777 ], ([0.         0.         0.0001588  0.0004441  0.0017982  0.00058761
 0.0020138  0.0007154  0.00146616 0.00159538]) 	 loss 1.569E-01 	 horizons 19.0
step 22178 	 return [0.         0.0055341  0.00511033 0.01120625 0.00925499 0.01248812
 0.00752453 0.00771966 0.0072183  0.01092504], ([0.         0.00076142 0.00126581 0.00197799 0.0030289  0.00196987
 0.00207983 0.00293265 0.00323467 0.00390144]) 	 loss 1.882E-01 	 horizons 19.0
step 22368 	 return [0.         0.         0.00787154 0.01415305 0.01189344 0.01885573
 0.00821917 0.00928865 0.00760813 0.01727356], ([0.         0.         0.00017151 0.00130097 0.0016233  0.00133402
 0.00174891 0.00116591 0.00125812 0.00335459]) 	 loss 1.878E-01 	 horizons 19.0
step 22558 	 return [0.         0.00489955 0.00629467 0.01561707 0.01092928 0.00856076
 0.00846641 0.00877161 0.00832281 0.00589788], ([0.         0.00086253 0.00139394 0.00124587 0.00325545 0.00217892
 0.00436336 0.0030297  0.00258409 0.00327044]) 	 loss 1.546E-01 	 horizons 19.0
step 22748 	 return [0.00027209 0.00533884 0.0053828  0.01269429 0.00982823 0.01339061
 0.00835561 0.00834953 0.00759141 0.01155844], ([0.00081627 0.00078744 0.00179478 0.00041743 0.003319   0.00076069
 0.0026615  0.0018327  0.00166514 0.00428758]) 	 loss 1.772E-01 	 horizons 19.0
step 22938 	 return [0.         0.00491666 0.00609409 0.0139681  0.00904842 0.01549562
 0.00966224 0.00839461 0.00627756 0.01428215], ([0.         0.00023393 0.00016945 0.00120955 0.00368832 0.00060325
 0.00284617 0.00148304 0.00100286 0.00457169]) 	 loss 1.906E-01 	 horizons 19.0
step 23128 	 return [0.         0.00482903 0.00597868 0.01335218 0.01155077 0.01285188
 0.00771983 0.00927552 0.00812708 0.01244706], ([0.0000000e+00 2.0039275e-04 5.8761645e-05 1.1072254e-03 7.6394703e-04
 1.7896601e-03 2.5013622e-03 9.2685095e-04 1.4646986e-03 3.2898812e-03]) 	 loss 1.702E-01 	 horizons 19.0
step 23318 	 return [0.         0.0057388  0.00581456 0.01246286 0.00871226 0.01218001
 0.00632817 0.00680788 0.00734202 0.01094396], ([0.         0.0009782  0.00038334 0.00053607 0.00230638 0.00096162
 0.00079335 0.00177299 0.00187204 0.00272363]) 	 loss 1.722E-01 	 horizons 19.0
step 23508 	 return [0.         0.00090843 0.00751111 0.01378171 0.01194275 0.01800329
 0.00764442 0.00879591 0.00866713 0.01681187], ([0.         0.00181836 0.00080723 0.00110101 0.00205697 0.00115371
 0.00280617 0.0015871  0.00165112 0.00404773]) 	 loss 1.576E-01 	 horizons 19.0
step 23698 	 return [0.         0.         0.00805078 0.01441846 0.01126525 0.02029091
 0.00907904 0.01052537 0.00941705 0.01627136], ([0.         0.         0.00049625 0.0011486  0.00184318 0.00153652
 0.00241427 0.00080559 0.00164048 0.00364243]) 	 loss 1.714E-01 	 horizons 19.0
step 23888 	 return [0.         0.         0.00783346 0.01319239 0.01470238 0.01760054
 0.00702809 0.00968109 0.00938142 0.01717909], ([0.0000000e+00 0.0000000e+00 4.9272508e-05 4.1371005e-04 1.2438642e-03
 9.8592753e-04 1.1854038e-03 6.3698081e-04 1.3017310e-03 2.6721412e-03]) 	 loss 1.545E-01 	 horizons 19.0
step 24078 	 return [0.         0.00658896 0.00206766 0.01019968 0.00742382 0.01483991
 0.01025598 0.00921663 0.00869285 0.01340577], ([0.         0.00087265 0.0023458  0.00242385 0.00304118 0.00163746
 0.00251589 0.00167037 0.00176604 0.00291278]) 	 loss 1.396E-01 	 horizons 19.0
step 24268 	 return [0.         0.00471298 0.00620539 0.01386112 0.00982059 0.01530024
 0.00932081 0.00872269 0.00731702 0.01394192], ([0.         0.00021079 0.00054845 0.00090794 0.00223251 0.00119243
 0.00275413 0.00171177 0.00144821 0.00371319]) 	 loss 1.424E-01 	 horizons 19.0
step 24458 	 return [0.         0.         0.00784065 0.01458748 0.00959568 0.01914157
 0.00962282 0.00996344 0.00885333 0.01640277], ([0.         0.         0.00010214 0.00104062 0.0016076  0.00057595
 0.00233131 0.00101266 0.00139623 0.00279454]) 	 loss 1.635E-01 	 horizons 19.0
step 24648 	 return [0.         0.00478179 0.00588052 0.01236908 0.0096323  0.01179953
 0.00656027 0.00562092 0.00758121 0.00577259], ([0.0000000e+00 1.5520318e-04 3.7639587e-05 1.3124779e-03 1.6796963e-03
 5.0480856e-04 1.1708887e-03 1.6712500e-03 1.4327661e-03 1.6009688e-03]) 	 loss 1.447E-01 	 horizons 19.0
step 24838 	 return [0.00402612 0.01065824 0.00610832 0.00878367 0.00667119 0.0036846
 0.00489371 0.0037958  0.00085684 0.        ], ([3.0923180e-05 1.8318883e-03 4.3858617e-04 2.5042340e-03 9.7843190e-04
 1.5489849e-03 1.4432303e-03 3.8275993e-04 1.7136871e-03 0.0000000e+00]) 	 loss 1.383E-01 	 horizons 19.0
step 25028 	 return [0.00284545 0.00809482 0.00525654 0.00704088 0.00547119 0.0054042
 0.00583383 0.0040249  0.00254233 0.00093538], ([0.00186319 0.00284915 0.00104655 0.00244213 0.00189563 0.0022036
 0.001373   0.00048686 0.00209912 0.00280613]) 	 loss 1.151E-01 	 horizons 19.0
step 25218 	 return [0.         0.00799598 0.         0.00392916 0.00797522 0.00995732
 0.008951   0.00419612 0.00605408 0.00365665], ([0.         0.00073603 0.         0.00043306 0.00055641 0.00075815
 0.00271315 0.00110359 0.00186157 0.00279164]) 	 loss 1.341E-01 	 horizons 19.0
step 25408 	 return [0.         0.         0.00967729 0.01281289 0.00873262 0.02007202
 0.01166565 0.01032775 0.01006722 0.01454183], ([0.         0.         0.00074512 0.00265974 0.00133887 0.00248062
 0.00348103 0.00042791 0.00061295 0.003017  ]) 	 loss 1.393E-01 	 horizons 19.0
step 25598 	 return [0.         0.00766353 0.00095415 0.00540277 0.00551816 0.00696849
 0.00729235 0.00474462 0.006174   0.00202629], ([0.         0.00216093 0.00190953 0.00221872 0.00157888 0.00294468
 0.00152698 0.00247657 0.00197867 0.00114682]) 	 loss 1.286E-01 	 horizons 19.0
step 25788 	 return [0.         0.00681556 0.00222706 0.01380816 0.00178834 0.01163813
 0.00981104 0.00813812 0.00880237 0.00536224], ([0.         0.0005537  0.00103302 0.00089578 0.00090745 0.00071934
 0.00071189 0.0014285  0.00135695 0.00091825]) 	 loss 1.346E-01 	 horizons 19.0
step 25978 	 return [0.         0.00748287 0.00108942 0.01467471 0.00048602 0.01362147
 0.00954538 0.00551823 0.00742933 0.00865309], ([0.         0.00127442 0.00151283 0.00095547 0.00145806 0.00140165
 0.00091065 0.00155072 0.00127941 0.00358531]) 	 loss 1.340E-01 	 horizons 19.0
step 26168 	 return [0.00135969 0.00826085 0.00178951 0.00572513 0.00587163 0.00606602
 0.00662185 0.0040405  0.00399699 0.0019224 ], ([0.00181083 0.00178415 0.00273366 0.00265251 0.00195736 0.00364492
 0.00227175 0.00133677 0.0027269  0.0014098 ]) 	 loss 1.085E-01 	 horizons 19.0
step 26358 	 return [0.         0.         0.00928191 0.01451741 0.00960423 0.0199854
 0.00928765 0.01078412 0.01032595 0.01477765], ([0.         0.         0.00089979 0.00109384 0.00161964 0.00139622
 0.00169445 0.00031642 0.00040329 0.00282857]) 	 loss 1.445E-01 	 horizons 19.0
step 26548 	 return [0.00039564 0.00766712 0.00216465 0.00494543 0.00798987 0.00786319
 0.00724574 0.00393875 0.00534913 0.00270019], ([0.00118692 0.0008247  0.00224711 0.00162598 0.00238384 0.00199964
 0.00144305 0.00133392 0.00171493 0.00138439]) 	 loss 1.049E-01 	 horizons 19.0
step 26738 	 return [0.         0.00834328 0.00086735 0.00725742 0.00517442 0.0054245
 0.00607381 0.00285731 0.00348873 0.00402193], ([0.         0.00243427 0.00132509 0.00210654 0.00228308 0.00314822
 0.00133219 0.00088219 0.00097109 0.00200171]) 	 loss 1.177E-01 	 horizons 19.0
step 26928 	 return [0.001593   0.00723827 0.00378543 0.00445359 0.00843678 0.00843619
 0.00795818 0.00490213 0.00408081 0.00204388], ([0.00195147 0.00031075 0.00258722 0.0013737  0.00128366 0.00198035
 0.00319686 0.00122607 0.00129594 0.0020866 ]) 	 loss 1.091E-01 	 horizons 19.0
step 27118 	 return [0.         0.         0.00848102 0.01424283 0.01155932 0.01906696
 0.00862714 0.01081148 0.00974178 0.01649253], ([0.         0.         0.00094407 0.00039168 0.00156303 0.00053493
 0.00182804 0.00060795 0.00136486 0.00143938]) 	 loss 1.133E-01 	 horizons 19.0
step 27308 	 return [0.00082651 0.00634426 0.00370665 0.0088493  0.00561778 0.01650222
 0.01002838 0.00916364 0.00866636 0.01357348], ([0.00247952 0.00207943 0.00106107 0.00303178 0.00174919 0.00318698
 0.00142488 0.00241174 0.00313079 0.00476526]) 	 loss 1.114E-01 	 horizons 19.0
step 27498 	 return [0.         0.00593691 0.00526474 0.01208329 0.00555762 0.0117787
 0.00896995 0.00498778 0.00578719 0.00727964], ([0.         0.0009992  0.0009105  0.00159391 0.00276532 0.00161423
 0.00203865 0.00087845 0.00126236 0.00321494]) 	 loss 9.827E-02 	 horizons 19.0
step 27688 	 return [0.         0.         0.00952646 0.01394624 0.00908774 0.01962067
 0.01059694 0.01062239 0.00999164 0.01566952], ([0.         0.         0.00081246 0.00050666 0.00128284 0.00107755
 0.00227668 0.00033494 0.00055862 0.00057809]) 	 loss 1.051E-01 	 horizons 19.0
step 27878 	 return [0.         0.005484   0.00399406 0.0085358  0.00490579 0.01838379
 0.00960515 0.01036833 0.01021359 0.01499249], ([0.0000000e+00 4.2236679e-05 9.1190409e-04 2.1375914e-03 1.8268623e-03
 1.8073519e-03 1.2459854e-03 7.1880320e-04 8.3900592e-04 9.2137360e-04]) 	 loss 9.267E-02 	 horizons 19.0
step 28068 	 return [0.         0.         0.00785218 0.01427664 0.01227041 0.01924301
 0.00695374 0.00944877 0.00899942 0.01732177], ([0.0000000e+00 0.0000000e+00 2.3322278e-05 1.8016466e-04 1.3862733e-03
 1.3019516e-03 2.4209765e-03 1.8100018e-03 1.3826825e-03 2.6658431e-03]) 	 loss 6.813E-02 	 horizons 19.0
step 28258 	 return [0.         0.00506108 0.00569145 0.01405724 0.00689977 0.01513221
 0.01351721 0.00692522 0.00600766 0.0138103 ], ([0.         0.00034266 0.0005858  0.00065231 0.00183844 0.0008239
 0.00176966 0.0013605  0.00112798 0.00156618]) 	 loss 8.134E-02 	 horizons 19.0
step 28448 	 return [0.         0.         0.00933638 0.01400082 0.00953365 0.02061363
 0.01018639 0.01079154 0.01040004 0.01561868], ([0.         0.         0.00091354 0.00043298 0.00155921 0.00172168
 0.00127753 0.00022811 0.00045868 0.0001432 ]) 	 loss 7.294E-02 	 horizons 19.0
step 28638 	 return [0.         0.00558999 0.00394967 0.00835202 0.0036088  0.01722908
 0.00916946 0.00939904 0.00779216 0.01550885], ([0.         0.00057901 0.00117579 0.00148705 0.00230672 0.00211579
 0.00132336 0.00063675 0.00178329 0.00126796]) 	 loss 8.134E-02 	 horizons 19.0
step 28828 	 return [0.         0.00493381 0.00605949 0.01346667 0.01179243 0.01542538
 0.00983198 0.00898653 0.00676014 0.01692979], ([0.0000000e+00 2.1044993e-04 3.9955154e-05 2.7690810e-04 6.7247245e-05
 5.7100866e-04 1.6557819e-03 4.7532463e-04 9.9596765e-04 2.1834131e-03]) 	 loss 1.006E-01 	 horizons 19.0
step 29018 	 return [0.00399183 0.00689683 0.00483569 0.00582182 0.00700233 0.00669122
 0.00776171 0.00457371 0.00428489 0.        ], ([9.2019363e-05 6.2128995e-04 2.8290492e-04 8.0606819e-04 1.7326809e-03
 1.0013968e-03 3.7709827e-04 1.2862808e-05 3.6741370e-05 0.0000000e+00]) 	 loss 6.921E-02 	 horizons 19.0
step 29208 	 return [0.         0.00532523 0.00595188 0.01249005 0.00966206 0.01065075
 0.00808804 0.00777353 0.00666521 0.01086341], ([0.0000000e+00 7.9287036e-04 1.8205159e-05 1.8309421e-04 2.2202593e-03
 1.4452905e-03 9.7645482e-04 1.2020849e-03 1.2386666e-03 2.9888633e-03]) 	 loss 7.213E-02 	 horizons 19.0
step 29398 	 return [0.         0.         0.00832595 0.0135012  0.01011477 0.02079602
 0.01304945 0.00976842 0.00932597 0.01632383], ([0.         0.         0.00082015 0.00031699 0.00207065 0.00133696
 0.00201398 0.00194999 0.00158032 0.00147188]) 	 loss 7.803E-02 	 horizons 19.0
step 29588 	 return [0.         0.00494356 0.00630288 0.01355608 0.00694062 0.01493446
 0.01430814 0.00687284 0.00687585 0.0126683 ], ([0.         0.00020683 0.00067045 0.00038376 0.00030186 0.00144805
 0.00117709 0.00121708 0.00130405 0.00174357]) 	 loss 5.718E-02 	 horizons 19.0
step 29778 	 return [0.         0.00480385 0.00603458 0.01355544 0.01073903 0.01495784
 0.01126563 0.00841132 0.00724998 0.01395125], ([0.0000000e+00 2.0666867e-04 4.3467280e-05 1.6175443e-04 2.0255505e-03
 9.1802748e-04 2.0689897e-03 1.2113783e-03 1.2748282e-04 1.5654524e-03]) 	 loss 8.071E-02 	 horizons 19.0
step 29968 	 return [0.         0.         0.00854954 0.01339461 0.01140068 0.02155189
 0.01129779 0.0108235  0.01067873 0.01538414], ([0.         0.         0.00092937 0.0001453  0.00115025 0.00184862
 0.00086778 0.00052246 0.00059006 0.00043614]) 	 loss 7.613E-02 	 horizons 19.0
step 30158 	 return [0.         0.         0.0084874  0.01441814 0.0112522  0.01929558
 0.00919777 0.01114697 0.01041086 0.01600101], ([0.0000000e+00 0.0000000e+00 9.3873881e-04 4.1967964e-05 1.7425359e-03
 5.7147448e-05 3.5570876e-05 3.0569674e-04 2.3996747e-04 2.1985776e-04]) 	 loss 6.314E-02 	 horizons 19.0
[1;34mwandb[0m: 
[1;34mwandb[0m: 🚀 View run [33mmotndp_xian-v0__GCN-Xian-i2_l0__1011__1780901686[0m at: [34mhttps://wandb.ai/johnario-tu-delft/cl_ablation/runs/pymunltg[0m
[1;34mwandb[0m: Find logs at: [1;35mwandb/run-20260608_085447-pymunltg/logs[0m
