/home/SinJ/miniconda3/envs/mo-nw-design/lib/python3.11/site-packages/pygame/pkgdata.py:25: UserWarning: pkg_resources is deprecated as an API. See https://setuptools.pypa.io/en/latest/pkg_resources.html. The pkg_resources package is slated for removal as early as 2025-11-30. Refrain from using this package or pin to Setuptools<81.
  from pkg_resources import resource_stream, resource_exists
wandb: [wandb.login()] Loaded credentials for https://api.wandb.ai from /home/SinJ/.netrc.
wandb: Currently logged in as: jingyuan-sun03 (johnario-tu-delft) to https://api.wandb.ai. Use `wandb login --relogin` to force relogin
wandb: setting up run vqvx0fgx
wandb: Tracking run with wandb version 0.27.0
wandb: Run data is saved locally in /home/SinJ/mo-transport-network-design/wandb/run-20260608_141549-vqvx0fgx
wandb: Run `wandb offline` to turn off syncing.
wandb: Syncing run motndp_xian-v0__GCN-Xian-i2_l1__42__1780920949
wandb: ⭐️ View project at https://wandb.ai/johnario-tu-delft/cl_ablation
wandb: 🚀 View run at https://wandb.ai/johnario-tu-delft/cl_ablation/runs/vqvx0fgx
/home/SinJ/mo-transport-network-design/morl-baselines/morl_baselines/multi_policy/gcn/gcn.py:151: UserWarning: Creating a tensor from a list of numpy.ndarrays is extremely slow. Please consider converting the list to a single numpy.ndarray with numpy.array() before converting to a tensor. (Triggered internally at /pytorch/torch/csrc/utils/tensor_new.cpp:253.)
  th.tensor(obs).to(self.device),
Namespace(env='xian', nr_groups=10, starting_loc_x=9, starting_loc_y=19, nr_stations=20, lr=0.01, batch_size=256, num_er_episodes=100, num_step_episodes=10, num_model_updates=5, num_policies=10, max_buffer_size=100, nr_layers=1, hidden_dim=128, timesteps=30000, no_log=False, project_name='cl_ablation', experiment_name='GCN-Xian-i2_l1', wandb_entity='johnario-tu-delft', seed=42, cd_threshold=0.2, distance_ref='interpolate2', gcn_lambda=1.0, lambda_schedule='constant', lambda_start=1.0, lambda_end=None, lambda_warmup_fraction=0.0, lambda_freeze_fraction=0.1, spatial_alpha=0.0, include_demand_context=False, criterion='lorenz', nash_mode='pareto_sized', nash_top_k=None, nash_shift=0.0)
step 1958 	 return [0.00374316 0.00542569 0.00504983 0.00198264 0.00148914 0.00187551
 0.00163356 0.00097426 0.00092911 0.00045659], ([0.00316437 0.00552716 0.00310765 0.00237939 0.00204599 0.00440617
 0.00235874 0.00195055 0.00225425 0.00136978]) 	 loss 1.989E+00 	 horizons 18.5
step 2145 	 return [0.00081119 0.00503069 0.0044331  0.00300925 0.00253341 0.00376194
 0.00367261 0.0025823  0.00253738 0.00089051], ([0.0022102  0.0044839  0.00403925 0.00492717 0.00274515 0.0025925
 0.00456531 0.00300019 0.00312853 0.00181242]) 	 loss 1.839E+00 	 horizons 18.7
step 2328 	 return [0.00253446 0.00424901 0.00290612 0.00305948 0.00386524 0.00340397
 0.00338565 0.00300389 0.00257121 0.0032392 ], ([0.00260829 0.00363688 0.0026034  0.00311639 0.00400404 0.00444065
 0.00638651 0.00278839 0.00233247 0.00564819]) 	 loss 1.572E+00 	 horizons 18.3
step 2502 	 return [0.00373359 0.00146108 0.00186259 0.00046774 0.00105602 0.00022849
 0.00030736 0.00055901 0.00126984 0.00020954], ([0.00283739 0.00208608 0.00131584 0.00049247 0.00072729 0.00049282
 0.00065364 0.00086199 0.00124119 0.00056089]) 	 loss 1.249E+00 	 horizons 17.4
step 2692 	 return [0.0004922  0.0018254  0.00835668 0.00376803 0.00612967 0.00655457
 0.00810638 0.00688573 0.0054216  0.00288915], ([0.00147659 0.00336471 0.00384012 0.0047497  0.00390336 0.0046235
 0.00536366 0.0045719  0.00360365 0.00317063]) 	 loss 1.073E+00 	 horizons 19.0
step 2882 	 return [1.1695928e-03 3.8792412e-03 6.2631471e-03 2.8517135e-05 2.7655796e-03
 3.0459256e-03 6.7212060e-04 5.3593487e-04 1.2878678e-03 1.5839385e-03], ([2.6160728e-03 4.8232712e-03 3.4834465e-03 8.5551415e-05 3.0483289e-03
 3.3069549e-03 1.1377297e-03 8.2523550e-04 1.8912137e-03 1.7743254e-03]) 	 loss 1.019E+00 	 horizons 19.0
step 3072 	 return [0.00197595 0.00488131 0.00584198 0.00464109 0.00611318 0.00328069
 0.0060553  0.0046945  0.00437439 0.0041642 ], ([0.0032763  0.00464576 0.00346258 0.0030538  0.0038858  0.0033877
 0.00713358 0.00369928 0.00385888 0.00319905]) 	 loss 9.639E-01 	 horizons 19.0
step 3262 	 return [0.00107127 0.00503433 0.0036628  0.00464869 0.00407329 0.00507912
 0.00407841 0.00434452 0.0037912  0.00373491], ([0.00239363 0.0035023  0.00231799 0.00287143 0.00315873 0.00402142
 0.00403835 0.00319813 0.00261147 0.00385412]) 	 loss 9.622E-01 	 horizons 19.0
step 3445 	 return [0.00089195 0.00290177 0.00136824 0.00117372 0.00304809 0.00144851
 0.00230242 0.0013335  0.00196421 0.00068545], ([0.00150763 0.00266633 0.00250184 0.00219042 0.00227242 0.00176283
 0.00249403 0.00125919 0.00241468 0.00129555]) 	 loss 9.164E-01 	 horizons 18.3
step 3635 	 return [0.00072861 0.00294543 0.00590312 0.00711585 0.00364555 0.00531331
 0.00771724 0.00568643 0.00472693 0.00498794], ([0.00175335 0.00398191 0.0028887  0.00313002 0.00259482 0.00348622
 0.0061192  0.00399373 0.00279488 0.00416061]) 	 loss 8.998E-01 	 horizons 19.0
step 3825 	 return [0.00034736 0.0023606  0.00489857 0.00515368 0.00422737 0.0057078
 0.00984812 0.00429866 0.00403589 0.0041218 ], ([0.00078163 0.00331461 0.00288806 0.00311523 0.00334908 0.00350837
 0.00585414 0.00234739 0.0024135  0.0031272 ]) 	 loss 8.627E-01 	 horizons 19.0
step 4015 	 return [0.         0.00551216 0.00406344 0.00490521 0.00526507 0.00636595
 0.01101781 0.0063465  0.00478138 0.00590116], ([0.         0.00458385 0.00338721 0.00459702 0.00346409 0.00454247
 0.00688508 0.00303135 0.00432824 0.00390595]) 	 loss 8.856E-01 	 horizons 19.0
step 4205 	 return [0.00311458 0.00749068 0.00816769 0.00283331 0.00215679 0.00268959
 0.00260419 0.00240823 0.00228205 0.00137026], ([0.00350482 0.00525707 0.00380696 0.00392256 0.00327983 0.00448434
 0.00348963 0.00417345 0.00348749 0.00213947]) 	 loss 8.365E-01 	 horizons 19.0
step 4395 	 return [0.00118757 0.00545528 0.00375275 0.00433947 0.00442953 0.00609517
 0.00653453 0.00484515 0.00311384 0.00368145], ([0.00233943 0.00421643 0.00366726 0.00378584 0.00309995 0.00505039
 0.00668212 0.00361688 0.00291621 0.00407045]) 	 loss 8.358E-01 	 horizons 19.0
step 4585 	 return [0.00332768 0.00519326 0.00453568 0.00435966 0.00567745 0.00225861
 0.00230452 0.00381964 0.00207698 0.0025127 ], ([0.00401009 0.00432315 0.00192498 0.00315698 0.00349232 0.0029915
 0.00417032 0.00422119 0.00253053 0.00410127]) 	 loss 8.099E-01 	 horizons 19.0
step 4775 	 return [0.00029405 0.00555251 0.0043709  0.00473486 0.00602561 0.00383159
 0.00618165 0.00426954 0.00300439 0.0034076 ], ([0.00058873 0.00386592 0.00250772 0.0043987  0.00278262 0.00279032
 0.00540179 0.00292315 0.00308618 0.00336523]) 	 loss 7.517E-01 	 horizons 19.0
step 4955 	 return [4.2990083e-03 4.4231275e-03 2.9876505e-03 6.2521559e-04 1.6399955e-03
 4.1643708e-04 3.3614779e-04 5.0063402e-04 7.9885405e-04 3.7498063e-05], ([2.1142508e-03 4.4944640e-03 2.8896886e-03 7.1527570e-04 1.3320175e-03
 8.3647465e-04 5.5871485e-04 1.0051767e-03 1.0051995e-03 7.8218436e-05]) 	 loss 7.942E-01 	 horizons 18.0
step 5145 	 return [0.00089886 0.0062619  0.00297588 0.00728673 0.00309475 0.00533397
 0.0080199  0.00433633 0.00485403 0.00427724], ([0.00202902 0.00459593 0.0028468  0.00402992 0.00169038 0.00402486
 0.0068536  0.00247554 0.0040773  0.00331347]) 	 loss 7.048E-01 	 horizons 19.0
step 5335 	 return [0.00047299 0.00338381 0.00362737 0.003841   0.00474764 0.0056639
 0.00383766 0.0062956  0.00464294 0.00827958], ([0.00141897 0.00370855 0.00310339 0.00262334 0.00306116 0.0032766
 0.00461146 0.00393996 0.00256794 0.0036374 ]) 	 loss 7.584E-01 	 horizons 19.0
step 5525 	 return [0.00029537 0.00432176 0.00253706 0.00328292 0.00498488 0.00673126
 0.00537438 0.00355234 0.00415109 0.00547537], ([0.00088612 0.00309264 0.00303912 0.00235334 0.00160535 0.00343202
 0.00504892 0.00276449 0.0026557  0.00386675]) 	 loss 8.211E-01 	 horizons 19.0
step 5715 	 return [0.         0.00259026 0.00488262 0.00765798 0.00598415 0.00645755
 0.01367481 0.00586099 0.00401166 0.00378069], ([0.         0.00406897 0.00254316 0.00435183 0.00348211 0.00434276
 0.00570054 0.00201848 0.00251803 0.00247125]) 	 loss 8.265E-01 	 horizons 19.0
step 5905 	 return [0.00015999 0.00087116 0.00633861 0.00479339 0.00636818 0.00579188
 0.00898868 0.00324953 0.00347848 0.00399513], ([0.00032007 0.00151667 0.00321022 0.00417459 0.00306096 0.00367727
 0.00594736 0.00385237 0.00309064 0.00207475]) 	 loss 7.741E-01 	 horizons 19.0
step 6095 	 return [0.00040067 0.00363149 0.00366017 0.0045106  0.00448701 0.00640265
 0.00646136 0.0066795  0.00517019 0.00610776], ([0.001202   0.00387429 0.00175386 0.00174131 0.00249969 0.00364616
 0.00691308 0.00304189 0.00324264 0.00548706]) 	 loss 7.978E-01 	 horizons 19.0
step 6285 	 return [0.         0.00338708 0.0049557  0.01054313 0.0036875  0.00480395
 0.01073495 0.00663888 0.00463012 0.00441395], ([0.         0.00371353 0.00428007 0.00489419 0.00213748 0.00348036
 0.0052729  0.00331362 0.00227292 0.00185314]) 	 loss 7.680E-01 	 horizons 19.0
step 6475 	 return [0.         0.00249344 0.00508917 0.01041649 0.00737351 0.00732346
 0.01192866 0.00496428 0.00592602 0.00538417], ([0.         0.00378397 0.00285342 0.00278939 0.00494146 0.00468793
 0.00461598 0.00238992 0.00378483 0.00403121]) 	 loss 7.530E-01 	 horizons 19.0
step 6665 	 return [0.         0.00480597 0.00133347 0.00605379 0.00441185 0.00773168
 0.01079006 0.00617201 0.00672026 0.00642791], ([0.         0.00409673 0.00208629 0.00224327 0.00198488 0.00367106
 0.00599409 0.00297862 0.00407261 0.0038509 ]) 	 loss 6.932E-01 	 horizons 19.0
