/home/SinJ/miniconda3/envs/mo-nw-design/lib/python3.11/site-packages/pygame/pkgdata.py:25: UserWarning: pkg_resources is deprecated as an API. See https://setuptools.pypa.io/en/latest/pkg_resources.html. The pkg_resources package is slated for removal as early as 2025-11-30. Refrain from using this package or pin to Setuptools<81.
  from pkg_resources import resource_stream, resource_exists
wandb: [wandb.login()] Loaded credentials for https://api.wandb.ai from /home/SinJ/.netrc.
wandb: Currently logged in as: jingyuan-sun03 (johnario-tu-delft) to https://api.wandb.ai. Use `wandb login --relogin` to force relogin
wandb: setting up run 9l4r7w6y
wandb: Tracking run with wandb version 0.27.0
wandb: Run data is saved locally in /home/SinJ/mo-transport-network-design/wandb/run-20260608_141550-9l4r7w6y
wandb: Run `wandb offline` to turn off syncing.
wandb: Syncing run motndp_xian-v0__GCN-Xian-i2_l1__123__1780920949
wandb: ⭐️ View project at https://wandb.ai/johnario-tu-delft/cl_ablation
wandb: 🚀 View run at https://wandb.ai/johnario-tu-delft/cl_ablation/runs/9l4r7w6y
/home/SinJ/mo-transport-network-design/morl-baselines/morl_baselines/multi_policy/gcn/gcn.py:151: UserWarning: Creating a tensor from a list of numpy.ndarrays is extremely slow. Please consider converting the list to a single numpy.ndarray with numpy.array() before converting to a tensor. (Triggered internally at /pytorch/torch/csrc/utils/tensor_new.cpp:253.)
  th.tensor(obs).to(self.device),
wandb: WARNING Artifact "run-9l4r7w6y-evalfront-hnQMhg" already exists with the same content. No new version will be created.
Namespace(env='xian', nr_groups=10, starting_loc_x=9, starting_loc_y=19, nr_stations=20, lr=0.01, batch_size=256, num_er_episodes=100, num_step_episodes=10, num_model_updates=5, num_policies=10, max_buffer_size=100, nr_layers=1, hidden_dim=128, timesteps=30000, no_log=False, project_name='cl_ablation', experiment_name='GCN-Xian-i2_l1', wandb_entity='johnario-tu-delft', seed=123, cd_threshold=0.2, distance_ref='interpolate2', gcn_lambda=1.0, lambda_schedule='constant', lambda_start=1.0, lambda_end=None, lambda_warmup_fraction=0.0, lambda_freeze_fraction=0.1, spatial_alpha=0.0, include_demand_context=False, criterion='lorenz', nash_mode='pareto_sized', nash_top_k=None, nash_shift=0.0)
step 1950 	 return [0.00195814 0.00260455 0.00461172 0.00476607 0.00215426 0.0024702
 0.00532417 0.00272904 0.00076475 0.00154382], ([0.00248615 0.00368402 0.00381584 0.00544087 0.00318327 0.00384405
 0.00694553 0.00359149 0.00113245 0.00278129]) 	 loss 1.989E+00 	 horizons 18.1
step 2131 	 return [0.00346936 0.00322656 0.00248028 0.00239824 0.00208691 0.00312016
 0.00461694 0.00311986 0.00192414 0.00127194], ([0.00571122 0.00311962 0.00221188 0.00287714 0.00174511 0.00342052
 0.00616639 0.00305469 0.00264533 0.0028631 ]) 	 loss 1.911E+00 	 horizons 18.1
step 2318 	 return [0.00163424 0.00235851 0.00476664 0.00385153 0.00227276 0.00384257
 0.00346556 0.00161943 0.00316937 0.00358353], ([0.00259123 0.00310473 0.00239532 0.00370887 0.00264285 0.00519253
 0.00411399 0.0030517  0.0035158  0.0056892 ]) 	 loss 1.647E+00 	 horizons 18.7
step 2492 	 return [0.00366307 0.00443108 0.00390013 0.00072242 0.00147821 0.00038132
 0.00089269 0.00017772 0.000629   0.00050345], ([0.00360325 0.0067539  0.00430641 0.00126796 0.00285864 0.00082951
 0.00170191 0.00041318 0.00112769 0.00138194]) 	 loss 1.408E+00 	 horizons 17.4
step 2671 	 return [0.0042708  0.0025707  0.00346833 0.00059613 0.00221508 0.00077031
 0.00098408 0.00026973 0.00111568 0.00113575], ([0.00356317 0.00348395 0.00361166 0.00096668 0.00361558 0.00126759
 0.00179697 0.000619   0.00140017 0.00218048]) 	 loss 1.170E+00 	 horizons 17.9
step 2859 	 return [0.00040136 0.00172704 0.00672837 0.00299085 0.00311145 0.00295822
 0.00318869 0.00302838 0.00223804 0.00277481], ([0.00120409 0.00307586 0.00286081 0.0047154  0.00253265 0.00199616
 0.00602103 0.00275597 0.00252127 0.00243319]) 	 loss 1.027E+00 	 horizons 18.8
step 3047 	 return [0.00245243 0.00410035 0.00414952 0.00044973 0.00111454 0.00233493
 0.00052741 0.00047079 0.00075223 0.00068004], ([0.00259533 0.00396563 0.00343966 0.00069776 0.00126426 0.00236659
 0.00105574 0.00076101 0.00096045 0.00110919]) 	 loss 9.747E-01 	 horizons 18.8
step 3237 	 return [0.00121559 0.00325545 0.00357179 0.00643159 0.00415018 0.00556656
 0.00937044 0.00665773 0.00342784 0.00320425], ([0.00310294 0.00354744 0.00256241 0.00376288 0.00241067 0.00364922
 0.00731461 0.00583286 0.00255944 0.00459949]) 	 loss 9.737E-01 	 horizons 19.0
step 3427 	 return [0.         0.00034836 0.00748693 0.         0.00542274 0.00616336
 0.0011918  0.0004963  0.00232384 0.00352798], ([0.         0.00104507 0.00191379 0.         0.00259433 0.00248967
 0.0014618  0.00075804 0.00142839 0.00067311]) 	 loss 9.623E-01 	 horizons 19.0
step 3617 	 return [0.00124987 0.00218361 0.0043947  0.00523935 0.0056817  0.00561541
 0.00785166 0.00351088 0.00226419 0.00310369], ([0.00325466 0.00334718 0.00238604 0.00437736 0.0043702  0.0029954
 0.00497741 0.00385676 0.00217616 0.00195609]) 	 loss 8.877E-01 	 horizons 19.0
step 3793 	 return [0.00240711 0.00285313 0.00155549 0.0017549  0.00108023 0.00171792
 0.00228054 0.00098415 0.00122546 0.00083305], ([0.00351088 0.00292388 0.00220652 0.00268382 0.00184556 0.00272721
 0.00402267 0.00159062 0.00153799 0.00159752]) 	 loss 9.035E-01 	 horizons 17.6
step 3983 	 return [0.00574211 0.00721072 0.0044458  0.00445522 0.00407972 0.00204087
 0.00123649 0.00180058 0.00087237 0.00156632], ([0.00455798 0.00292165 0.0024395  0.00146598 0.00224856 0.00261948
 0.00209049 0.00259159 0.00176242 0.00333417]) 	 loss 8.470E-01 	 horizons 19.0
step 4166 	 return [0.00342626 0.00222087 0.00176981 0.00143933 0.00224411 0.00042531
 0.00187837 0.00082745 0.00169485 0.00123783], ([0.00276701 0.0030122  0.00159517 0.00252953 0.00187188 0.00059324
 0.00158757 0.00103443 0.00184684 0.00189345]) 	 loss 8.429E-01 	 horizons 18.3
step 4339 	 return [3.6289685e-03 2.3670052e-03 2.9249906e-03 9.2217408e-04 1.1238550e-03
 6.4741611e-04 1.7237707e-04 7.9715659e-04 8.3521864e-04 9.0064001e-05], ([0.00300805 0.00270884 0.00232736 0.00070823 0.00120302 0.00130218
 0.0005155  0.00105157 0.0010987  0.00027019]) 	 loss 7.774E-01 	 horizons 17.3
step 4529 	 return [0.00040164 0.00219835 0.00534991 0.00319719 0.00611335 0.00502121
 0.00602872 0.00193805 0.00137929 0.00278638], ([0.00087505 0.004012   0.00278624 0.00353833 0.00349384 0.00347688
 0.00580525 0.00380023 0.00156867 0.0024481 ]) 	 loss 7.809E-01 	 horizons 19.0
step 4719 	 return [0.00298458 0.00530523 0.00754734 0.00381293 0.00662175 0.00282333
 0.00349331 0.00317248 0.00407394 0.00279739], ([0.0043082  0.00457151 0.00330144 0.00406044 0.00262419 0.00294402
 0.00461298 0.00382728 0.00545281 0.00288082]) 	 loss 7.509E-01 	 horizons 19.0
step 4909 	 return [0.0001353  0.0031999  0.00527889 0.00634814 0.00590122 0.00647628
 0.00752028 0.00552729 0.00334757 0.00364789], ([0.00040589 0.00273295 0.00386404 0.00684644 0.0026967  0.00283322
 0.00683994 0.00436249 0.00268036 0.00342563]) 	 loss 7.269E-01 	 horizons 19.0
step 5099 	 return [0.00011791 0.00397354 0.00494589 0.00649228 0.00571665 0.00587941
 0.00663793 0.00679659 0.00491745 0.00433265], ([0.00035373 0.00350336 0.00343863 0.00368724 0.00477023 0.00436168
 0.00642243 0.00403838 0.00343067 0.00435052]) 	 loss 6.901E-01 	 horizons 19.0
step 5285 	 return [0.00419929 0.00819128 0.00585263 0.00193887 0.00238741 0.00250663
 0.00152762 0.00068658 0.00055544 0.00097232], ([0.0039824  0.00643559 0.00368413 0.00274488 0.00278533 0.00276889
 0.00299427 0.00205971 0.00087152 0.00199702]) 	 loss 7.139E-01 	 horizons 18.6
step 5475 	 return [0.00169956 0.0087788  0.00559933 0.00387138 0.00424047 0.00299293
 0.00469105 0.00133029 0.00162713 0.00135116], ([0.00330618 0.00550429 0.00457515 0.00439317 0.00376999 0.00292199
 0.00478826 0.00240337 0.00252815 0.0018091 ]) 	 loss 6.882E-01 	 horizons 19.0
step 5665 	 return [0.00318337 0.00566749 0.0037493  0.00507427 0.00345688 0.00264198
 0.00553651 0.00307003 0.00210303 0.00191055], ([0.00440742 0.00333414 0.00291682 0.00384852 0.00198176 0.00244162
 0.00542895 0.00396729 0.00345062 0.00344214]) 	 loss 7.085E-01 	 horizons 19.0
step 5845 	 return [0.00210801 0.00618249 0.0028307  0.00105462 0.00219139 0.00117734
 0.00128048 0.00080442 0.0003645  0.00112793], ([0.00361174 0.00550666 0.0035111  0.00169782 0.00220985 0.00159549
 0.00134718 0.00129665 0.00109351 0.00144445]) 	 loss 6.949E-01 	 horizons 18.0
step 6029 	 return [0.00564291 0.00589019 0.00278498 0.00224897 0.00251531 0.00143424
 0.00035764 0.00086552 0.00070026 0.00047116], ([0.00431565 0.00326836 0.00249724 0.00259373 0.00211866 0.00187935
 0.00064187 0.00195853 0.00120796 0.00122381]) 	 loss 6.550E-01 	 horizons 18.4
step 6219 	 return [0.00042077 0.00111275 0.00548766 0.01022996 0.00543834 0.00651892
 0.01250509 0.00689543 0.00312685 0.00235094], ([0.0007032  0.00191153 0.0018402  0.00620851 0.00384885 0.00527232
 0.00722723 0.00431139 0.00355649 0.00183369]) 	 loss 6.166E-01 	 horizons 19.0
step 6409 	 return [0.000472   0.00191128 0.00294549 0.00844653 0.00307904 0.00819368
 0.0097459  0.00646459 0.00307156 0.00331572], ([0.00075747 0.00269613 0.00263524 0.0047447  0.00266165 0.00633436
 0.00563688 0.0035227  0.00286582 0.00376252]) 	 loss 6.688E-01 	 horizons 19.0
step 6599 	 return [0.00017537 0.00343453 0.00640439 0.00799058 0.0076548  0.00684519
 0.0125569  0.005191   0.00378143 0.00274166], ([0.00037186 0.00271746 0.00421838 0.00520005 0.00413071 0.00299273
 0.00601327 0.00405462 0.00311464 0.00235946]) 	 loss 6.392E-01 	 horizons 19.0
