/home/SinJ/miniconda3/envs/mo-nw-design/lib/python3.11/site-packages/pygame/pkgdata.py:25: UserWarning: pkg_resources is deprecated as an API. See https://setuptools.pypa.io/en/latest/pkg_resources.html. The pkg_resources package is slated for removal as early as 2025-11-30. Refrain from using this package or pin to Setuptools<81.
  from pkg_resources import resource_stream, resource_exists
wandb: [wandb.login()] Loaded credentials for https://api.wandb.ai from /home/SinJ/.netrc.
wandb: Currently logged in as: jingyuan-sun03 (johnario-tu-delft) to https://api.wandb.ai. Use `wandb login --relogin` to force relogin
wandb: Tracking run with wandb version 0.27.0
wandb: Run data is saved locally in /home/SinJ/mo-transport-network-design/wandb/run-20260608_141549-zcifag09
wandb: Run `wandb offline` to turn off syncing.
wandb: Syncing run motndp_xian-v0__GCN-Xian-i2_spatial__42__1780920949
wandb: ⭐️ View project at https://wandb.ai/johnario-tu-delft/cl_ablation
wandb: 🚀 View run at https://wandb.ai/johnario-tu-delft/cl_ablation/runs/zcifag09
/home/SinJ/mo-transport-network-design/morl-baselines/morl_baselines/multi_policy/gcn/gcn.py:151: UserWarning: Creating a tensor from a list of numpy.ndarrays is extremely slow. Please consider converting the list to a single numpy.ndarray with numpy.array() before converting to a tensor. (Triggered internally at /pytorch/torch/csrc/utils/tensor_new.cpp:253.)
  th.tensor(obs).to(self.device),
Namespace(env='xian', nr_groups=10, starting_loc_x=9, starting_loc_y=19, nr_stations=20, lr=0.01, batch_size=256, num_er_episodes=100, num_step_episodes=10, num_model_updates=5, num_policies=10, max_buffer_size=100, nr_layers=1, hidden_dim=128, timesteps=30000, no_log=False, project_name='cl_ablation', experiment_name='GCN-Xian-i2_spatial', wandb_entity='johnario-tu-delft', seed=42, cd_threshold=0.2, distance_ref='interpolate2', gcn_lambda=0.0, lambda_schedule='constant', lambda_start=1.0, lambda_end=None, lambda_warmup_fraction=0.0, lambda_freeze_fraction=0.1, spatial_alpha=0.5, include_demand_context=False, criterion='lorenz', nash_mode='pareto_sized', nash_top_k=None, nash_shift=0.0)
step 2001 	 return [0.00183218 0.00321543 0.00389413 0.00297101 0.00169635 0.00627267
 0.00499733 0.00411106 0.00465345 0.0053243 ], ([0.00384111 0.00277012 0.00267944 0.00188514 0.00167669 0.00535967
 0.00473095 0.00359507 0.00427977 0.00537445]) 	 loss 1.969E+00 	 horizons 19.0
step 2191 	 return [0.00121874 0.00416281 0.00211098 0.00352527 0.00355391 0.0044208
 0.00609277 0.00391054 0.00231255 0.00020097], ([0.00171088 0.00326014 0.00246968 0.00283569 0.00318863 0.00373794
 0.00420879 0.00276218 0.00276974 0.00060292]) 	 loss 1.848E+00 	 horizons 19.0
step 2376 	 return [0.00311694 0.00333525 0.00204834 0.00491335 0.00364869 0.002854
 0.00386386 0.00344828 0.00393967 0.00297563], ([0.00433925 0.00354535 0.00235225 0.00594496 0.0040225  0.00368077
 0.00531875 0.00464705 0.00390604 0.00522924]) 	 loss 1.719E+00 	 horizons 18.5
step 2561 	 return [0.00373852 0.00320417 0.00265219 0.00372693 0.00261838 0.0026665
 0.00229102 0.00195517 0.00134966 0.00201741], ([0.00278884 0.00304617 0.0030471  0.00489488 0.00307885 0.00420375
 0.00322521 0.00288215 0.00253638 0.00507619]) 	 loss 1.372E+00 	 horizons 18.5
step 2751 	 return [0.00220696 0.00429547 0.00246279 0.00330536 0.00431055 0.00443509
 0.00401106 0.00296231 0.00333974 0.00328385], ([0.00376349 0.00403456 0.00263537 0.00196245 0.00238361 0.00438154
 0.00393676 0.00366239 0.00302559 0.00434206]) 	 loss 1.208E+00 	 horizons 19.0
step 2933 	 return [0.00268654 0.00146143 0.00527817 0.00399634 0.00163968 0.00205883
 0.00234197 0.00201982 0.00133029 0.00114939], ([0.00339554 0.00142921 0.00324272 0.0056548  0.0029216  0.00325969
 0.00354369 0.0032302  0.00200332 0.00265621]) 	 loss 1.048E+00 	 horizons 18.2
step 3123 	 return [0.0016541  0.00386868 0.00593461 0.00377698 0.00406175 0.00400547
 0.00330415 0.00181906 0.00207871 0.00249246], ([0.00300992 0.00413745 0.00288118 0.00431395 0.00366928 0.00224072
 0.0038685  0.00263323 0.00246985 0.00285089]) 	 loss 1.007E+00 	 horizons 19.0
step 3313 	 return [0.00066103 0.00327894 0.00362242 0.00521859 0.00206739 0.00728111
 0.00882343 0.00769021 0.00427369 0.00582261], ([0.0019831  0.00384436 0.00393875 0.00286586 0.00248833 0.00341546
 0.00576102 0.00369644 0.00318669 0.00383987]) 	 loss 1.017E+00 	 horizons 19.0
step 3503 	 return [0.00154462 0.00423217 0.00597809 0.00496807 0.00568811 0.00365399
 0.00474349 0.00330863 0.00481872 0.00326473], ([0.00308979 0.00442082 0.00347874 0.0044965  0.00441931 0.0030761
 0.0035952  0.00347632 0.00480937 0.0023817 ]) 	 loss 9.276E-01 	 horizons 19.0
step 3693 	 return [0.00301083 0.0064093  0.00564756 0.00513131 0.00585249 0.00377188
 0.00468529 0.00292467 0.00258961 0.00186814], ([0.00421548 0.00468585 0.00288833 0.00419266 0.00357011 0.00367322
 0.00522938 0.00430317 0.00403106 0.00395176]) 	 loss 9.159E-01 	 horizons 19.0
step 3883 	 return [0.00144247 0.00272492 0.00451128 0.00624311 0.00256301 0.00624688
 0.00862635 0.00487831 0.0039009  0.00452243], ([0.00319187 0.003632   0.00308617 0.00314614 0.0021249  0.00408532
 0.00464307 0.00346867 0.00337405 0.00435351]) 	 loss 8.774E-01 	 horizons 19.0
step 4073 	 return [0.00297497 0.00464686 0.00383762 0.00598034 0.00402681 0.00478022
 0.00742073 0.00417131 0.00243217 0.004167  ], ([0.00455737 0.00393967 0.00381911 0.00555325 0.00333057 0.00439563
 0.00709488 0.00418938 0.0023508  0.00530805]) 	 loss 8.883E-01 	 horizons 19.0
step 4263 	 return [0.00320939 0.00593983 0.00400638 0.00461929 0.00374167 0.00491915
 0.00309343 0.00365493 0.00216049 0.00262382], ([0.00353029 0.00327938 0.00213998 0.00297022 0.00312024 0.00481503
 0.00440052 0.00389037 0.00300361 0.00374477]) 	 loss 8.733E-01 	 horizons 19.0
step 4453 	 return [0.00548607 0.00774545 0.00437665 0.00378675 0.00511527 0.00403638
 0.00368675 0.00286472 0.00137459 0.0027157 ], ([0.00413342 0.00444729 0.00297295 0.00300599 0.00244612 0.00454302
 0.00572105 0.0023034  0.00237754 0.00462723]) 	 loss 8.278E-01 	 horizons 19.0
step 4643 	 return [0.00324145 0.00702986 0.00723766 0.00761338 0.00812964 0.00537096
 0.00531061 0.00342942 0.0012052  0.0007407 ], ([0.00361212 0.00537698 0.00347113 0.00450474 0.00457839 0.00402931
 0.00686254 0.00154178 0.00241071 0.00150363]) 	 loss 8.393E-01 	 horizons 19.0
step 4832 	 return [4.0614838e-03 6.1624479e-03 4.0814271e-03 1.4764033e-03 1.3251113e-03
 1.3487494e-03 8.5424323e-04 6.0552207e-04 1.0016521e-03 2.0343443e-05], ([3.7597273e-03 3.5038490e-03 3.4734448e-03 1.1465738e-03 1.3218840e-03
 1.2944294e-03 1.7724450e-03 1.3730191e-03 1.9605528e-03 6.1030329e-05]) 	 loss 8.109E-01 	 horizons 18.9
step 5022 	 return [0.00266592 0.0065278  0.0040695  0.00583082 0.00716851 0.00541479
 0.00382441 0.00378668 0.00297713 0.00425229], ([0.00409145 0.00386467 0.00310977 0.0055835  0.00496983 0.00463904
 0.00611796 0.00351344 0.00290951 0.00571676]) 	 loss 7.627E-01 	 horizons 19.0
step 5212 	 return [0.00270174 0.00345666 0.00300782 0.00572957 0.00602694 0.00680859
 0.00414725 0.00567109 0.00311057 0.00543654], ([0.00402625 0.00245594 0.00350356 0.00426365 0.00401596 0.00341305
 0.00367419 0.00365208 0.0036673  0.00574521]) 	 loss 7.030E-01 	 horizons 19.0
step 5402 	 return [0.0052603  0.01011915 0.00544247 0.00396532 0.00543298 0.00273532
 0.00104053 0.00201545 0.00146534 0.00058981], ([0.00466446 0.0036795  0.00234612 0.00222557 0.00426629 0.00171527
 0.0016362  0.0027681  0.0021265  0.00176942]) 	 loss 7.003E-01 	 horizons 19.0
step 5592 	 return [0.00417798 0.00817046 0.00524668 0.00182524 0.00634236 0.00167676
 0.00060838 0.001943   0.00097507 0.00128285], ([0.00419963 0.00179408 0.00285187 0.00180039 0.00312592 0.0024763
 0.00121835 0.00356347 0.00163573 0.00384856]) 	 loss 6.445E-01 	 horizons 19.0
step 5782 	 return [0.00403765 0.00719961 0.00655149 0.00698142 0.00824375 0.00475791
 0.00265147 0.0041517  0.00179016 0.00235446], ([0.00361292 0.00414939 0.00361968 0.00540469 0.00506459 0.00432132
 0.0023281  0.0021788  0.00244683 0.00486065]) 	 loss 6.071E-01 	 horizons 19.0
step 5972 	 return [0.00435706 0.00768462 0.00606857 0.00239347 0.00469851 0.00241268
 0.00171446 0.00075081 0.00134127 0.00133674], ([0.00383763 0.00250977 0.00337301 0.00131447 0.00450653 0.0026578
 0.00175648 0.00108831 0.0020416  0.00401021]) 	 loss 5.936E-01 	 horizons 19.0
step 6162 	 return [0.00079844 0.00182669 0.00370306 0.00848198 0.00448446 0.01016399
 0.00873761 0.00790367 0.005439   0.00649639], ([0.00239531 0.00234699 0.00281849 0.00320756 0.0035155  0.00211051
 0.00681522 0.00258376 0.00503726 0.00419362]) 	 loss 6.168E-01 	 horizons 19.0
step 6352 	 return [0.         0.00364108 0.00327436 0.00607629 0.00790753 0.00861984
 0.00700936 0.00583656 0.00541765 0.00724319], ([0.         0.00379906 0.00340499 0.00394175 0.00556621 0.00348141
 0.00503572 0.00185298 0.00211395 0.00440555]) 	 loss 6.193E-01 	 horizons 19.0
step 6542 	 return [0.0015603  0.00302646 0.00217793 0.00727506 0.00754578 0.01022796
 0.00674786 0.00512952 0.00301695 0.00481865], ([0.00333499 0.00383502 0.00198355 0.0024135  0.0043625  0.00248338
 0.00356563 0.00227163 0.00327864 0.00388681]) 	 loss 6.449E-01 	 horizons 19.0
step 6732 	 return [0.0001289  0.00027919 0.00497604 0.00793973 0.00257062 0.00868528
 0.01126363 0.00630846 0.00219922 0.00659205], ([0.00038671 0.00083758 0.00341205 0.00208922 0.00259372 0.00401857
 0.00569548 0.0034656  0.00230012 0.00528669]) 	 loss 6.289E-01 	 horizons 19.0
