/home/SinJ/miniconda3/envs/mo-nw-design/lib/python3.11/site-packages/pygame/pkgdata.py:25: UserWarning: pkg_resources is deprecated as an API. See https://setuptools.pypa.io/en/latest/pkg_resources.html. The pkg_resources package is slated for removal as early as 2025-11-30. Refrain from using this package or pin to Setuptools<81.
  from pkg_resources import resource_stream, resource_exists
wandb: [wandb.login()] Loaded credentials for https://api.wandb.ai from /home/SinJ/.netrc.
wandb: Currently logged in as: jingyuan-sun03 (johnario-tu-delft) to https://api.wandb.ai. Use `wandb login --relogin` to force relogin
wandb: Tracking run with wandb version 0.27.0
wandb: Run data is saved locally in /home/SinJ/mo-transport-network-design/wandb/run-20260608_141549-jvd89h1r
wandb: Run `wandb offline` to turn off syncing.
wandb: Syncing run motndp_xian-v0__GCN-Xian-i2_spatial__1011__1780920949
wandb: ⭐️ View project at https://wandb.ai/johnario-tu-delft/cl_ablation
wandb: 🚀 View run at https://wandb.ai/johnario-tu-delft/cl_ablation/runs/jvd89h1r
/home/SinJ/mo-transport-network-design/morl-baselines/morl_baselines/multi_policy/gcn/gcn.py:151: UserWarning: Creating a tensor from a list of numpy.ndarrays is extremely slow. Please consider converting the list to a single numpy.ndarray with numpy.array() before converting to a tensor. (Triggered internally at /pytorch/torch/csrc/utils/tensor_new.cpp:253.)
  th.tensor(obs).to(self.device),
Namespace(env='xian', nr_groups=10, starting_loc_x=9, starting_loc_y=19, nr_stations=20, lr=0.01, batch_size=256, num_er_episodes=100, num_step_episodes=10, num_model_updates=5, num_policies=10, max_buffer_size=100, nr_layers=1, hidden_dim=128, timesteps=30000, no_log=False, project_name='cl_ablation', experiment_name='GCN-Xian-i2_spatial', wandb_entity='johnario-tu-delft', seed=1011, cd_threshold=0.2, distance_ref='interpolate2', gcn_lambda=0.0, lambda_schedule='constant', lambda_start=1.0, lambda_end=None, lambda_warmup_fraction=0.0, lambda_freeze_fraction=0.1, spatial_alpha=0.5, include_demand_context=False, criterion='lorenz', nash_mode='pareto_sized', nash_top_k=None, nash_shift=0.0)
step 1882 	 return [0.00060337 0.00368132 0.00207988 0.00342602 0.0025683  0.00602559
 0.00499405 0.00305209 0.00279316 0.00527462], ([0.00106224 0.00386483 0.00278636 0.00345546 0.00269076 0.00732241
 0.00559708 0.00383325 0.00233014 0.0068267 ]) 	 loss 1.983E+00 	 horizons 17.9
step 2054 	 return [2.2320377e-03 1.6409844e-03 1.9924492e-03 7.8266428e-04 1.3172233e-03
 1.5967079e-03 9.6842460e-04 7.9483354e-05 5.0347566e-04 1.1129724e-03], ([0.00316563 0.00156439 0.0015891  0.00101112 0.00104234 0.00386336
 0.00252282 0.00017148 0.0008048  0.00333892]) 	 loss 1.944E+00 	 horizons 17.2
step 2241 	 return [0.00194692 0.00430281 0.00270576 0.00331899 0.00294633 0.00125313
 0.00202996 0.00339228 0.00511819 0.00192879], ([0.00255567 0.00377164 0.0025762  0.0026555  0.00206166 0.00196018
 0.0013098  0.00284128 0.0046382  0.00275218]) 	 loss 1.749E+00 	 horizons 18.7
step 2408 	 return [0.00135551 0.00384083 0.00235359 0.00312463 0.0014209  0.00202426
 0.00280519 0.00070772 0.00329405 0.00134233], ([0.00167287 0.00331696 0.00183016 0.00378892 0.00221378 0.00372772
 0.00427604 0.00142258 0.00249746 0.00268276]) 	 loss 1.470E+00 	 horizons 16.7
step 2571 	 return [0.00269598 0.00254939 0.00230884 0.00053253 0.00091232 0.00017253
 0.0002391  0.00043839 0.00144592 0.00017064], ([0.00270377 0.00254845 0.00179177 0.00063099 0.00078881 0.00035247
 0.00071462 0.00088645 0.00116484 0.00038455]) 	 loss 1.192E+00 	 horizons 16.3
step 2712 	 return [3.7094702e-03 1.3116749e-03 1.5986677e-03 3.2439496e-04 2.9126790e-04
 3.0059865e-04 2.1220706e-04 0.0000000e+00 9.8093762e-04 4.7674301e-05], ([2.0915077e-03 3.8766349e-03 1.6074274e-03 8.1788347e-04 3.0945957e-04
 3.3247922e-04 6.3662120e-04 0.0000000e+00 6.6418818e-04 5.4106982e-05]) 	 loss 1.079E+00 	 horizons 14.1
step 2874 	 return [3.7987600e-03 1.4485695e-03 1.7776467e-03 3.3990567e-04 5.0536136e-04
 9.7934077e-05 6.6918656e-05 2.2141561e-04 2.8317276e-04 2.9436563e-04], ([0.00243342 0.00220594 0.00164367 0.00062262 0.00082554 0.0002275
 0.00019822 0.00066425 0.00046158 0.00063069]) 	 loss 9.956E-01 	 horizons 16.2
step 3064 	 return [0.00115023 0.0036647  0.00483183 0.0055964  0.00429186 0.00508025
 0.00364959 0.00286777 0.00298696 0.00273266], ([0.00210342 0.00296757 0.00180576 0.00341713 0.00308517 0.0058623
 0.00336799 0.00357229 0.00399721 0.00541508]) 	 loss 9.548E-01 	 horizons 19.0
step 3230 	 return [2.7605328e-03 3.3520423e-03 1.4777158e-03 6.3961791e-04 7.3926407e-04
 2.6169949e-04 3.7889805e-04 5.8322144e-05 3.8209092e-04 1.0925566e-04], ([0.00274258 0.00413201 0.00177523 0.00094999 0.00153958 0.00069337
 0.00075698 0.00017497 0.00050224 0.00025315]) 	 loss 9.768E-01 	 horizons 16.6
step 3396 	 return [3.4613884e-03 2.6422753e-03 2.2391838e-03 1.0000499e-03 4.6496181e-04
 6.3456711e-04 1.4982492e-04 2.4072076e-04 6.3855329e-04 7.6965425e-06], ([2.7493935e-03 3.5831786e-03 2.2252125e-03 1.0475871e-03 6.7860773e-04
 1.3394791e-03 4.4947473e-04 5.2553508e-04 7.7813893e-04 1.5447275e-05]) 	 loss 8.830E-01 	 horizons 16.6
step 3586 	 return [0.0014712  0.00258344 0.0022433  0.00588404 0.00532769 0.00418346
 0.00379509 0.00224742 0.0025675  0.002512  ], ([0.00271459 0.00322244 0.00243345 0.00382565 0.0037737  0.00340927
 0.00472682 0.00319482 0.0020575  0.00242998]) 	 loss 8.916E-01 	 horizons 19.0
step 3756 	 return [0.00411627 0.00276352 0.0029372  0.00068917 0.00076317 0.00029392
 0.00039111 0.00016985 0.0010127  0.00021384], ([0.00383283 0.00247164 0.00194973 0.0006814  0.00076262 0.00037526
 0.00078521 0.00034206 0.00135969 0.00059911]) 	 loss 8.896E-01 	 horizons 17.0
step 3946 	 return [0.002378   0.00340758 0.00352589 0.00647811 0.00280638 0.0025298
 0.00515414 0.00384565 0.00234552 0.00317254], ([0.00373383 0.00369941 0.0028286  0.0035752  0.00212385 0.00243845
 0.00371896 0.00328723 0.00184844 0.00285715]) 	 loss 8.653E-01 	 horizons 19.0
step 4136 	 return [0.00069189 0.00342076 0.00445618 0.00815219 0.00441574 0.00421069
 0.00539681 0.00159907 0.00230147 0.00318813], ([0.00207567 0.00370038 0.00254957 0.00409186 0.0043218  0.00249848
 0.00452491 0.00196336 0.00206304 0.00257254]) 	 loss 8.381E-01 	 horizons 19.0
step 4326 	 return [0.00329917 0.00451869 0.00225115 0.00206594 0.00122799 0.00038375
 0.00128962 0.0005339  0.00113455 0.00044444], ([0.00254129 0.00283499 0.0020349  0.00227018 0.00145273 0.00077952
 0.00219728 0.0016017  0.00228669 0.00133333]) 	 loss 7.999E-01 	 horizons 19.0
step 4516 	 return [0.00140074 0.00380212 0.00411425 0.00655178 0.00476336 0.00360174
 0.00257347 0.00277191 0.00327974 0.00283202], ([0.00290059 0.00363306 0.00298025 0.00402917 0.00385518 0.00262812
 0.00264509 0.00298858 0.00307271 0.00381723]) 	 loss 7.595E-01 	 horizons 19.0
step 4706 	 return [0.00203164 0.00280954 0.00336716 0.0084876  0.0048584  0.00871967
 0.01111124 0.00474919 0.00370864 0.00423354], ([0.00331838 0.00370032 0.00262137 0.00374374 0.00358214 0.00568748
 0.00756654 0.00279973 0.00271835 0.00408136]) 	 loss 7.959E-01 	 horizons 19.0
step 4896 	 return [0.00045871 0.00362151 0.00498089 0.00588003 0.00317952 0.00639059
 0.006287   0.00339075 0.00315492 0.00198432], ([0.00137612 0.00333564 0.00365992 0.0048008  0.00450706 0.00364048
 0.00616496 0.00263879 0.00426949 0.0030357 ]) 	 loss 7.595E-01 	 horizons 19.0
step 5086 	 return [0.00244009 0.00526172 0.00411744 0.00525026 0.00300809 0.00468389
 0.00374426 0.00477722 0.00265088 0.00267089], ([0.00351762 0.00374775 0.00258527 0.00320379 0.00223485 0.00479821
 0.0044953  0.00332075 0.00267881 0.00311473]) 	 loss 7.679E-01 	 horizons 19.0
step 5276 	 return [0.00288039 0.00551142 0.00433777 0.00536302 0.00446445 0.00455142
 0.00457188 0.00365845 0.00260565 0.00270642], ([0.00376349 0.00308017 0.00219824 0.00333437 0.00318647 0.00409948
 0.00416013 0.00268315 0.00266622 0.00361323]) 	 loss 7.440E-01 	 horizons 19.0
step 5466 	 return [0.00190892 0.00329049 0.00512645 0.00809077 0.00505689 0.0047778
 0.01025612 0.00565017 0.00324793 0.00195869], ([0.003818   0.00417183 0.00173477 0.0029885  0.00409749 0.00496749
 0.0069039  0.00380535 0.00301243 0.00219676]) 	 loss 7.070E-01 	 horizons 19.0
step 5656 	 return [0.00295236 0.00540651 0.00387418 0.00719262 0.00331766 0.0034676
 0.00545047 0.00361695 0.00182145 0.00261846], ([0.00400855 0.00389281 0.00232536 0.00297164 0.00382808 0.00282646
 0.00569963 0.00334613 0.00190889 0.00355613]) 	 loss 6.797E-01 	 horizons 19.0
step 5846 	 return [0.00037001 0.00310561 0.00356214 0.00853855 0.00468427 0.00500439
 0.00804104 0.00530116 0.00389041 0.00394371], ([0.00111004 0.00368298 0.00324263 0.00511738 0.00501664 0.00298908
 0.00449914 0.00316515 0.00264579 0.00216133]) 	 loss 6.552E-01 	 horizons 19.0
step 6036 	 return [0.00326453 0.0055514  0.00415427 0.00677691 0.00313972 0.0044607
 0.00668865 0.00251994 0.00430517 0.0020051 ], ([0.00424872 0.00405314 0.00223117 0.00442762 0.00266315 0.00686618
 0.00761946 0.00298072 0.00524799 0.00181154]) 	 loss 6.674E-01 	 horizons 19.0
step 6226 	 return [0.00180825 0.00401205 0.00313148 0.00835109 0.00716026 0.00682783
 0.00582902 0.00591734 0.00303167 0.0024598 ], ([0.00244871 0.00343703 0.00222379 0.00570927 0.0050117  0.00350296
 0.00527091 0.00459158 0.00258886 0.00286297]) 	 loss 6.633E-01 	 horizons 19.0
