/home/SinJ/miniconda3/envs/mo-nw-design/lib/python3.11/site-packages/pygame/pkgdata.py:25: UserWarning: pkg_resources is deprecated as an API. See https://setuptools.pypa.io/en/latest/pkg_resources.html. The pkg_resources package is slated for removal as early as 2025-11-30. Refrain from using this package or pin to Setuptools<81.
  from pkg_resources import resource_stream, resource_exists
wandb: [wandb.login()] Loaded credentials for https://api.wandb.ai from /home/SinJ/.netrc.
wandb: Currently logged in as: jingyuan-sun03 (johnario-tu-delft) to https://api.wandb.ai. Use `wandb login --relogin` to force relogin
wandb: setting up run d0wivx41
wandb: Tracking run with wandb version 0.27.0
wandb: Run data is saved locally in /home/SinJ/mo-transport-network-design/wandb/run-20260608_141549-d0wivx41
wandb: Run `wandb offline` to turn off syncing.
wandb: Syncing run motndp_xian-v0__GCN-Xian-i2_spatial__789__1780920949
wandb: ⭐️ View project at https://wandb.ai/johnario-tu-delft/cl_ablation
wandb: 🚀 View run at https://wandb.ai/johnario-tu-delft/cl_ablation/runs/d0wivx41
/home/SinJ/mo-transport-network-design/morl-baselines/morl_baselines/multi_policy/gcn/gcn.py:151: UserWarning: Creating a tensor from a list of numpy.ndarrays is extremely slow. Please consider converting the list to a single numpy.ndarray with numpy.array() before converting to a tensor. (Triggered internally at /pytorch/torch/csrc/utils/tensor_new.cpp:253.)
  th.tensor(obs).to(self.device),
Namespace(env='xian', nr_groups=10, starting_loc_x=9, starting_loc_y=19, nr_stations=20, lr=0.01, batch_size=256, num_er_episodes=100, num_step_episodes=10, num_model_updates=5, num_policies=10, max_buffer_size=100, nr_layers=1, hidden_dim=128, timesteps=30000, no_log=False, project_name='cl_ablation', experiment_name='GCN-Xian-i2_spatial', wandb_entity='johnario-tu-delft', seed=789, cd_threshold=0.2, distance_ref='interpolate2', gcn_lambda=0.0, lambda_schedule='constant', lambda_start=1.0, lambda_end=None, lambda_warmup_fraction=0.0, lambda_freeze_fraction=0.1, spatial_alpha=0.5, include_demand_context=False, criterion='lorenz', nash_mode='pareto_sized', nash_top_k=None, nash_shift=0.0)
step 1989 	 return [0.00287483 0.003193   0.00263717 0.00356268 0.00230095 0.00268801
 0.00416429 0.00151305 0.00161386 0.00018284], ([0.00311336 0.00252674 0.00317464 0.00420883 0.00166007 0.00243036
 0.00416751 0.00277849 0.00271357 0.00054853]) 	 loss 1.953E+00 	 horizons 18.6
step 2171 	 return [0.0017168  0.00326741 0.00239055 0.00480586 0.00224549 0.00310796
 0.00594064 0.00374959 0.00315526 0.00129668], ([0.00212068 0.00304794 0.00330207 0.00475289 0.00213166 0.00353517
 0.00664927 0.00480221 0.00394358 0.00177741]) 	 loss 1.832E+00 	 horizons 18.2
step 2358 	 return [0.00109424 0.00555319 0.00409819 0.0023551  0.00171805 0.00418174
 0.00567531 0.00185837 0.00185796 0.00098863], ([0.00202172 0.00277552 0.00298574 0.00401558 0.00179107 0.00494051
 0.0079285  0.00262591 0.00264635 0.00290769]) 	 loss 1.595E+00 	 horizons 18.7
step 2548 	 return [0.00078882 0.00323403 0.00223225 0.00463275 0.00513318 0.00421751
 0.00638034 0.00161162 0.00304521 0.00288426], ([0.00157905 0.00301041 0.00211216 0.00206428 0.00193855 0.00422525
 0.00502245 0.00178208 0.00302882 0.00346028]) 	 loss 1.275E+00 	 horizons 19.0
step 2734 	 return [0.00183629 0.00620804 0.00405375 0.00297736 0.00200065 0.0014553
 0.00253837 0.00060869 0.00094229 0.00048324], ([0.00286517 0.0047109  0.0034929  0.00393536 0.003424   0.00199711
 0.00465831 0.00182608 0.00208549 0.00144971]) 	 loss 1.097E+00 	 horizons 18.6
step 2924 	 return [0.00382397 0.00503835 0.00354098 0.00355589 0.0013391  0.00184386
 0.0044648  0.0020897  0.00218281 0.00112744], ([0.00376806 0.00501622 0.00268032 0.00451584 0.00202115 0.00244477
 0.00563219 0.0034902  0.00352098 0.00176656]) 	 loss 1.069E+00 	 horizons 19.0
step 3114 	 return [3.0041705e-03 5.6575970e-03 6.3441559e-03 7.7915203e-04 3.4970389e-04
 1.6555486e-03 1.4085484e-04 3.4227525e-04 5.9391063e-05 0.0000000e+00], ([0.00307103 0.00419726 0.00327441 0.00086315 0.00069941 0.00151025
 0.00026333 0.00052316 0.00017817 0.        ]) 	 loss 9.674E-01 	 horizons 19.0
step 3304 	 return [2.0239118e-03 7.3747933e-03 7.1178400e-03 7.0521113e-04 1.1570805e-03
 3.4216694e-03 5.8502099e-04 1.2078313e-08 2.2995289e-04 3.5811053e-04], ([3.1629391e-03 4.3693413e-03 2.5030891e-03 9.5303549e-04 2.7205399e-03
 2.3403957e-03 9.8105439e-04 3.6234937e-08 4.1789218e-04 1.0743316e-03]) 	 loss 9.232E-01 	 horizons 19.0
step 3494 	 return [0.         0.00418794 0.00463063 0.00507631 0.00217127 0.00457145
 0.00505693 0.0031376  0.00175043 0.00142361], ([0.         0.00330304 0.00339293 0.00650129 0.00322284 0.00259233
 0.00514251 0.00460646 0.00176816 0.00197117]) 	 loss 8.903E-01 	 horizons 19.0
step 3684 	 return [0.00060705 0.00311337 0.00249205 0.00542905 0.00393082 0.00818444
 0.00554762 0.00536021 0.0044445  0.00714996], ([0.00182116 0.00319164 0.00262288 0.00245693 0.00366431 0.00367382
 0.00469728 0.00245523 0.00374298 0.0042711 ]) 	 loss 8.550E-01 	 horizons 19.0
step 3856 	 return [6.6889101e-03 1.5593249e-03 7.7018555e-04 2.3311102e-05 8.6133525e-04
 2.8452752e-05 0.0000000e+00 3.8178341e-04 3.8662102e-04 1.0424659e-04], ([3.9758934e-03 2.1435393e-03 1.2025213e-03 6.9933318e-05 1.0038170e-03
 8.5358253e-05 0.0000000e+00 5.7686528e-04 6.3182600e-04 2.4149584e-04]) 	 loss 8.937E-01 	 horizons 17.2
step 4015 	 return [3.0316594e-03 4.7317669e-03 3.0935847e-03 3.1708641e-04 4.2462171e-04
 3.0722391e-04 3.5905340e-04 2.1587971e-04 1.1594570e-03 8.4598732e-06], ([3.2644197e-03 4.1204370e-03 3.0195978e-03 5.5657380e-04 6.3350610e-04
 3.9420894e-04 7.1816728e-04 6.4763904e-04 1.3506076e-03 2.5379619e-05]) 	 loss 8.877E-01 	 horizons 15.9
step 4205 	 return [0.00052948 0.00388247 0.00115986 0.00442863 0.00207931 0.00572765
 0.01056953 0.00583533 0.00345364 0.00533675], ([0.00158843 0.00287658 0.00183271 0.00183349 0.00126835 0.00343437
 0.00474832 0.0030649  0.00320078 0.00406642]) 	 loss 9.088E-01 	 horizons 19.0
step 4395 	 return [0.00018321 0.00452975 0.0041936  0.00530802 0.00426697 0.00542258
 0.00706824 0.0033592  0.00311831 0.00494161], ([0.00054962 0.003496   0.00333357 0.00390812 0.0032887  0.00304878
 0.0073628  0.00317157 0.00295324 0.00443566]) 	 loss 9.481E-01 	 horizons 19.0
step 4578 	 return [3.8985722e-03 6.7320070e-03 6.0166740e-03 9.2068815e-04 3.4212924e-05
 1.5493865e-03 1.7625128e-04 0.0000000e+00 9.0597336e-05 0.0000000e+00], ([0.00331962 0.00350144 0.00304909 0.00078224 0.00010264 0.00153854
 0.00032391 0.         0.00027179 0.        ]) 	 loss 8.342E-01 	 horizons 18.3
step 4768 	 return [0.00105248 0.00552624 0.0024546  0.0077006  0.00276181 0.00532034
 0.0075496  0.00602026 0.00455354 0.00467084], ([0.00216799 0.00506896 0.00324646 0.00345821 0.00239653 0.00459779
 0.00434591 0.0051911  0.00432933 0.0067005 ]) 	 loss 8.018E-01 	 horizons 19.0
step 4958 	 return [0.00063061 0.00466015 0.00238777 0.00482435 0.00424599 0.00613801
 0.00755734 0.00454238 0.00416794 0.00677195], ([0.00189183 0.00394122 0.00356111 0.00399897 0.00286491 0.00427003
 0.0062655  0.00351526 0.00284991 0.0052409 ]) 	 loss 8.287E-01 	 horizons 19.0
step 5148 	 return [0.         0.00676332 0.0025172  0.00313497 0.00406406 0.00738092
 0.00621402 0.006065   0.00391912 0.00438943], ([0.         0.00356996 0.00333661 0.00239917 0.00319656 0.00353412
 0.00454919 0.00234081 0.00323562 0.00508276]) 	 loss 8.075E-01 	 horizons 19.0
step 5334 	 return [0.00131805 0.00780119 0.00278286 0.00331661 0.00357172 0.00339082
 0.00759247 0.00160864 0.00447866 0.00173953], ([0.00263613 0.00566718 0.00368582 0.00364751 0.00336911 0.00267343
 0.00742777 0.00291664 0.00361012 0.00218952]) 	 loss 8.059E-01 	 horizons 18.6
step 5524 	 return [0.         0.00527328 0.00418743 0.00975856 0.00388869 0.00889275
 0.0110629  0.00374144 0.00307248 0.00709496], ([0.         0.00383477 0.0032577  0.00418006 0.00334551 0.0053625
 0.00660327 0.002985   0.00271299 0.00415242]) 	 loss 7.895E-01 	 horizons 19.0
step 5714 	 return [0.00046939 0.0060396  0.00188931 0.0034899  0.00356677 0.00742989
 0.00625298 0.00486238 0.00568494 0.00801312], ([0.00140817 0.00257558 0.00242048 0.00204418 0.00261644 0.00243401
 0.00416022 0.00218114 0.00302931 0.0042802 ]) 	 loss 7.609E-01 	 horizons 19.0
step 5904 	 return [0.         0.00345908 0.00454933 0.00911545 0.00255002 0.00508335
 0.00875352 0.00464321 0.0022885  0.00343802], ([0.         0.00218549 0.00302091 0.00500342 0.00284803 0.00318366
 0.00573769 0.00363767 0.0023268  0.00318204]) 	 loss 8.027E-01 	 horizons 19.0
step 6094 	 return [0.         0.00219947 0.00436631 0.0112871  0.00300475 0.00913439
 0.00997229 0.00756946 0.00420405 0.00471757], ([0.         0.00279954 0.00253792 0.00414465 0.00346905 0.00529043
 0.00787283 0.00417402 0.00380014 0.00414076]) 	 loss 7.689E-01 	 horizons 19.0
step 6263 	 return [8.5159000e-03 2.4658130e-03 1.4716319e-03 4.3046917e-04 4.6721837e-04
 4.6343921e-05 1.6329376e-04 2.7120241e-04 9.3802591e-05 2.7581086e-04], ([5.7080328e-03 2.4492079e-03 1.4215454e-03 7.5344910e-04 5.0741667e-04
 9.2691058e-05 4.8988120e-04 4.1433694e-04 1.9259310e-04 5.3889258e-04]) 	 loss 7.446E-01 	 horizons 16.9
step 6443 	 return [1.0612423e-02 3.4969072e-03 7.1843609e-04 6.2562431e-05 7.2676392e-04
 0.0000000e+00 0.0000000e+00 8.1530621e-04 1.3159029e-04 2.7045398e-04], ([0.00582648 0.00274269 0.00123949 0.00018769 0.00081536 0.
 0.         0.00075796 0.00020303 0.0005412 ]) 	 loss 7.114E-01 	 horizons 18.0
