/home/SinJ/miniconda3/envs/mo-nw-design/lib/python3.11/site-packages/pygame/pkgdata.py:25: UserWarning: pkg_resources is deprecated as an API. See https://setuptools.pypa.io/en/latest/pkg_resources.html. The pkg_resources package is slated for removal as early as 2025-11-30. Refrain from using this package or pin to Setuptools<81.
  from pkg_resources import resource_stream, resource_exists
wandb: [wandb.login()] Loaded credentials for https://api.wandb.ai from /home/SinJ/.netrc.
wandb: Currently logged in as: jingyuan-sun03 (johnario-tu-delft) to https://api.wandb.ai. Use `wandb login --relogin` to force relogin
wandb: setting up run 5137xb5l
wandb: Tracking run with wandb version 0.27.0
wandb: Run data is saved locally in /home/SinJ/mo-transport-network-design/wandb/run-20260608_033546-5137xb5l
wandb: Run `wandb offline` to turn off syncing.
wandb: Syncing run motndp_xian-v0__GCN-Xian-nash__123__1780882545
wandb: ⭐️ View project at https://wandb.ai/johnario-tu-delft/cl_ablation
wandb: 🚀 View run at https://wandb.ai/johnario-tu-delft/cl_ablation/runs/5137xb5l
/home/SinJ/mo-transport-network-design/morl-baselines/morl_baselines/multi_policy/gcn/gcn.py:151: UserWarning: Creating a tensor from a list of numpy.ndarrays is extremely slow. Please consider converting the list to a single numpy.ndarray with numpy.array() before converting to a tensor. (Triggered internally at /pytorch/torch/csrc/utils/tensor_new.cpp:253.)
  th.tensor(obs).to(self.device),
wandb: WARNING Artifact "run-5137xb5l-evalfront-IJ60Fg" already exists with the same content. No new version will be created.
Namespace(env='xian', nr_groups=10, starting_loc_x=9, starting_loc_y=19, nr_stations=20, lr=0.01, batch_size=256, num_er_episodes=100, num_step_episodes=10, num_model_updates=5, num_policies=10, max_buffer_size=100, nr_layers=1, hidden_dim=128, timesteps=30000, no_log=False, project_name='cl_ablation', experiment_name='GCN-Xian-nash', wandb_entity='johnario-tu-delft', seed=123, cd_threshold=0.2, distance_ref='nondominated', gcn_lambda=None, lambda_schedule='constant', lambda_start=1.0, lambda_end=None, lambda_warmup_fraction=0.0, lambda_freeze_fraction=0.1, spatial_alpha=0.0, include_demand_context=False, criterion='nash', nash_mode='pareto_sized', nash_top_k=None, nash_shift=0.0)
step 1938 	 return [0.00276678 0.00274487 0.00131014 0.00517587 0.00362177 0.00371202
 0.00218456 0.00294975 0.00308786 0.00202123], ([0.00324176 0.00258164 0.00180575 0.0053747  0.00279165 0.00356372
 0.00270587 0.00347655 0.00365136 0.00483587]) 	 loss 2.018E+00 	 horizons 18.0
step 2123 	 return [0.00202906 0.00676484 0.00561579 0.00497303 0.00389042 0.00285119
 0.0035542  0.00296458 0.0020269  0.00144088], ([0.00293426 0.0036175  0.00424132 0.00464837 0.0049633  0.00303004
 0.00368403 0.00413156 0.0023863  0.00286494]) 	 loss 1.929E+00 	 horizons 18.5
step 2307 	 return [0.00135517 0.00290766 0.00270217 0.00352746 0.00276551 0.00274465
 0.00322114 0.00244222 0.00299764 0.00217546], ([0.00194444 0.00228425 0.0029877  0.00298416 0.00190849 0.00347924
 0.00415919 0.00342289 0.0031156  0.00488502]) 	 loss 1.725E+00 	 horizons 18.4
step 2497 	 return [0.00149277 0.00475186 0.00350709 0.00474451 0.00270798 0.00541392
 0.00680788 0.00342092 0.00501031 0.00232614], ([0.00237011 0.00423303 0.00394066 0.00335102 0.00332001 0.00434421
 0.00450778 0.00363034 0.0034017  0.00219251]) 	 loss 1.425E+00 	 horizons 19.0
step 2677 	 return [0.00155143 0.0049395  0.00142218 0.00343501 0.00209437 0.00223941
 0.00327764 0.00114441 0.00427611 0.00077684], ([0.00329921 0.00179994 0.00108298 0.00260069 0.00224142 0.00397595
 0.00333733 0.00232991 0.00362157 0.00220384]) 	 loss 1.212E+00 	 horizons 18.0
step 2867 	 return [0.00155974 0.00387871 0.00313635 0.00701852 0.00311006 0.00503719
 0.00347327 0.00324307 0.00537456 0.00538218], ([0.00249837 0.00280966 0.00260346 0.00452596 0.00273119 0.00476437
 0.00401272 0.00399213 0.00330198 0.00627552]) 	 loss 1.102E+00 	 horizons 19.0
step 3050 	 return [0.00100761 0.00388269 0.0013282  0.00457534 0.00340109 0.0021454
 0.00420243 0.00383902 0.0039749  0.0024316 ], ([0.002256   0.00281347 0.0015619  0.0045813  0.00279462 0.00240756
 0.00340847 0.00435639 0.00364601 0.00496865]) 	 loss 1.052E+00 	 horizons 18.3
step 3240 	 return [0.00093405 0.00607749 0.00123909 0.00270665 0.00250608 0.00594335
 0.00589175 0.00411732 0.00343122 0.00590168], ([0.00159407 0.00376345 0.00252068 0.00233451 0.00251441 0.00451256
 0.00443682 0.00324055 0.00248553 0.00427217]) 	 loss 1.004E+00 	 horizons 19.0
step 3430 	 return [0.00131003 0.00242804 0.00351787 0.00409123 0.00193641 0.00636126
 0.00516737 0.00364081 0.00303986 0.0066895 ], ([0.00262234 0.0025369  0.00264585 0.00190218 0.00265433 0.00357754
 0.00321737 0.00264361 0.00239742 0.00511798]) 	 loss 1.014E+00 	 horizons 19.0
step 3620 	 return [0.00074978 0.0041313  0.00380946 0.00526598 0.00394154 0.00616179
 0.00462265 0.00461057 0.0032723  0.00770686], ([0.00188588 0.00290454 0.00421084 0.00316886 0.00297383 0.0043238
 0.0042461  0.00223073 0.00356381 0.00623748]) 	 loss 9.710E-01 	 horizons 19.0
step 3810 	 return [0.00127057 0.00366891 0.00326572 0.00640308 0.00289964 0.00674208
 0.00529481 0.00437253 0.00449021 0.00680774], ([0.00196009 0.00272833 0.00406481 0.00462429 0.00223215 0.00432839
 0.00389399 0.00311134 0.00221643 0.00417939]) 	 loss 9.359E-01 	 horizons 19.0
step 4000 	 return [0.         0.00535417 0.0029689  0.00569672 0.00324648 0.00928513
 0.00784566 0.0029584  0.00565419 0.00999009], ([0.         0.00242498 0.00318719 0.00341512 0.00388292 0.00391784
 0.00338855 0.00231977 0.00205012 0.00596052]) 	 loss 9.470E-01 	 horizons 19.0
step 4190 	 return [0.0004874  0.00293019 0.00456623 0.00750813 0.0039877  0.00528106
 0.0028074  0.00338587 0.00296678 0.0070342 ], ([0.00146219 0.00402122 0.00377475 0.0046981  0.00325064 0.00353379
 0.00234576 0.00325888 0.00233608 0.00502262]) 	 loss 9.695E-01 	 horizons 19.0
step 4380 	 return [0.00115197 0.00471536 0.00065326 0.00165416 0.00157882 0.00222641
 0.00293805 0.00429864 0.00228059 0.00195543], ([0.00181645 0.00259556 0.00069135 0.00245399 0.00145944 0.00210319
 0.00251552 0.0031614  0.00283082 0.00377114]) 	 loss 9.712E-01 	 horizons 19.0
step 4570 	 return [0.00033526 0.00400438 0.00342149 0.00513211 0.00372544 0.00759549
 0.00425921 0.0041412  0.00413777 0.00899441], ([0.00100578 0.00223548 0.00256854 0.00236808 0.00278747 0.00396769
 0.00396478 0.00294573 0.00264113 0.00575783]) 	 loss 9.137E-01 	 horizons 19.0
step 4760 	 return [0.         0.0030927  0.00316024 0.00784063 0.00334398 0.0081103
 0.00805487 0.00660622 0.00440485 0.00816988], ([0.         0.00278286 0.0034875  0.00272213 0.00384783 0.00267745
 0.00510853 0.00293377 0.00252536 0.00442186]) 	 loss 9.258E-01 	 horizons 19.0
step 4950 	 return [0.00020174 0.00526082 0.00192638 0.00739096 0.00320918 0.00921522
 0.00623071 0.00416089 0.00475545 0.01056495], ([0.00060521 0.00202327 0.00266474 0.00233588 0.00268069 0.00435164
 0.00332418 0.00214611 0.00309803 0.00599077]) 	 loss 9.274E-01 	 horizons 19.0
step 5140 	 return [0.00025759 0.00356005 0.00199135 0.00637466 0.00256204 0.00652162
 0.00456929 0.00509772 0.00495085 0.00539809], ([0.00077276 0.00370815 0.00238524 0.00223776 0.00280667 0.00377471
 0.00292791 0.00325344 0.00402921 0.00315073]) 	 loss 9.155E-01 	 horizons 19.0
step 5330 	 return [0.         0.00411674 0.00249277 0.00552981 0.00478631 0.00895533
 0.00533053 0.00337474 0.00440153 0.01017906], ([0.         0.00378263 0.00211508 0.00413193 0.00241742 0.0035079
 0.00440412 0.00430709 0.00290456 0.00529781]) 	 loss 8.823E-01 	 horizons 19.0
step 5520 	 return [0.00075621 0.00367621 0.00430136 0.00885451 0.00536638 0.00460298
 0.00417515 0.00270197 0.00376242 0.0047348 ], ([0.00188748 0.0031604  0.00296862 0.00339568 0.00448329 0.00426405
 0.00279842 0.00360128 0.00226907 0.00320323]) 	 loss 9.138E-01 	 horizons 19.0
step 5710 	 return [0.00063061 0.00647465 0.00085485 0.00548429 0.00557786 0.00826326
 0.00710631 0.00555471 0.00589164 0.00844763], ([0.00189183 0.00189245 0.00146033 0.00354869 0.0017539  0.00445025
 0.00501704 0.00412844 0.00359519 0.00645615]) 	 loss 8.947E-01 	 horizons 19.0
step 5900 	 return [0.         0.00418185 0.00116005 0.00336844 0.00432775 0.00901119
 0.00550216 0.0039716  0.00424953 0.00768629], ([0.         0.00228492 0.00187853 0.00167704 0.00251721 0.00330174
 0.00276493 0.00284208 0.00309417 0.00550835]) 	 loss 8.773E-01 	 horizons 19.0
step 6090 	 return [0.         0.00645752 0.00156877 0.00672042 0.00508245 0.00870501
 0.00664839 0.00493221 0.00402508 0.01120821], ([0.         0.00131559 0.00208478 0.00231161 0.00297524 0.00266422
 0.00362215 0.00207822 0.00147101 0.00513414]) 	 loss 8.699E-01 	 horizons 19.0
step 6280 	 return [0.         0.00469109 0.00340012 0.00723895 0.00499596 0.01112492
 0.00841521 0.00468925 0.00545867 0.00918062], ([0.         0.00270269 0.00242562 0.00332441 0.00335144 0.00344117
 0.00233533 0.00306361 0.00262184 0.00507099]) 	 loss 8.680E-01 	 horizons 19.0
step 6470 	 return [0.00060026 0.00666626 0.00232133 0.00473668 0.00445711 0.00789593
 0.00556699 0.00441814 0.00432281 0.00940587], ([0.00180077 0.00186844 0.00393416 0.00228665 0.00226296 0.00327151
 0.00322796 0.00319883 0.00288756 0.00474203]) 	 loss 8.715E-01 	 horizons 19.0
step 6660 	 return [0.         0.00574484 0.00194872 0.00511487 0.0051953  0.0073682
 0.0065684  0.00506771 0.00479193 0.00686247], ([0.         0.00308162 0.00241015 0.00374057 0.00333619 0.00306157
 0.00420381 0.00309714 0.00314099 0.00291137]) 	 loss 8.171E-01 	 horizons 19.0
wandb: WARNING A graphql request initiated by the public wandb API timed out (timeout=19 sec). Create a new API with an integer timeout larger than 19, e.g., `api = wandb.Api(timeout=29)` to increase the graphql timeout.
step 6850 	 return [0.00115152 0.00648465 0.00296332 0.00406187 0.00508715 0.00752474
 0.00659119 0.00395928 0.00512301 0.00770665], ([0.00301196 0.00253425 0.00324081 0.00329434 0.0030283  0.00425211
 0.00528338 0.00248137 0.00289899 0.00501456]) 	 loss 8.185E-01 	 horizons 19.0
step 7040 	 return [0.         0.00702856 0.00018982 0.0037006  0.00451149 0.00874045
 0.00944757 0.00707755 0.00589722 0.00855613], ([0.         0.001411   0.00056947 0.00189465 0.00240228 0.00250541
 0.0024289  0.00213202 0.00213356 0.00513283]) 	 loss 7.697E-01 	 horizons 19.0
step 7230 	 return [0.         0.00715419 0.00213694 0.00370985 0.00745137 0.00498788
 0.00577282 0.0037854  0.00425818 0.00659244], ([0.         0.00118109 0.00224082 0.00160871 0.00211292 0.00406553
 0.00370727 0.00142344 0.00190667 0.00368881]) 	 loss 7.992E-01 	 horizons 19.0
step 7420 	 return [0.00095548 0.00681277 0.00336448 0.00306163 0.00647798 0.00507181
 0.00440251 0.003564   0.00354536 0.00637503], ([0.00286644 0.00107034 0.00324025 0.00204475 0.00220924 0.00325623
 0.00144686 0.00315885 0.0021394  0.00412621]) 	 loss 7.943E-01 	 horizons 19.0
step 7610 	 return [0.00063061 0.00600095 0.00135255 0.00446973 0.00471717 0.00616346
 0.00632216 0.00372338 0.00328859 0.00815823], ([0.00189183 0.00143141 0.00179033 0.00179196 0.00162199 0.00452724
 0.00331668 0.00238341 0.00222846 0.00420973]) 	 loss 7.258E-01 	 horizons 19.0
step 7800 	 return [0.         0.0070301  0.00230018 0.00883017 0.00542993 0.00902042
 0.00814765 0.0042043  0.00456978 0.00899622], ([0.         0.0017342  0.00265115 0.00322086 0.00286207 0.00286517
 0.00415756 0.00347775 0.00289739 0.00795986]) 	 loss 7.700E-01 	 horizons 19.0
step 7990 	 return [0.         0.00645974 0.00192551 0.00472128 0.00422268 0.00754996
 0.00704303 0.00436135 0.00516672 0.00738991], ([0.         0.00144886 0.00226235 0.00249381 0.00228677 0.00255599
 0.00261477 0.00175835 0.00200554 0.00264734]) 	 loss 7.181E-01 	 horizons 19.0
step 8180 	 return [0.00060174 0.00687563 0.00175115 0.00406429 0.00428051 0.0043177
 0.00509172 0.00509436 0.0040725  0.00467794], ([0.00180521 0.00172296 0.0026766  0.00206484 0.00266349 0.00247689
 0.00190536 0.0024331  0.00209187 0.00441813]) 	 loss 7.178E-01 	 horizons 19.0
step 8370 	 return [0.00168514 0.00626688 0.00158944 0.00508842 0.00397419 0.00846642
 0.00671386 0.00299477 0.00397952 0.00559239], ([0.00349655 0.00172715 0.00290999 0.00173982 0.00201215 0.0044016
 0.00359668 0.0027061  0.0030296  0.00508776]) 	 loss 7.138E-01 	 horizons 19.0
step 8560 	 return [0.         0.00467343 0.00281942 0.00664679 0.00475378 0.00850708
 0.00637888 0.00335516 0.00514776 0.00943649], ([0.         0.00217731 0.00359953 0.00351669 0.0024988  0.00447312
 0.0026199  0.00258822 0.00285578 0.003425  ]) 	 loss 7.140E-01 	 horizons 19.0
step 8750 	 return [0.         0.00683115 0.00173341 0.00526674 0.0042428  0.00809464
 0.00657805 0.00450435 0.00406442 0.0069106 ], ([0.         0.00164381 0.00232414 0.00205616 0.00202556 0.00351805
 0.00404996 0.00229572 0.00185804 0.00306186]) 	 loss 6.971E-01 	 horizons 19.0
step 8940 	 return [0.         0.00708394 0.00351631 0.00655175 0.00705713 0.00780364
 0.0066691  0.00547265 0.00379319 0.00629494], ([0.         0.00155906 0.00303521 0.00229994 0.00209362 0.00320343
 0.00378927 0.00227771 0.00237758 0.00429178]) 	 loss 6.955E-01 	 horizons 19.0
step 9130 	 return [0.00150385 0.0067929  0.00327536 0.00655764 0.0060616  0.0088854
 0.00656304 0.00345862 0.00430016 0.00475781], ([0.00334549 0.00114077 0.00179142 0.00220279 0.00239235 0.00401262
 0.00273885 0.00278165 0.00253823 0.00398379]) 	 loss 6.481E-01 	 horizons 19.0
step 9320 	 return [0.         0.00671861 0.00257634 0.00768767 0.00425634 0.00766941
 0.00760718 0.00229929 0.00445443 0.00675055], ([0.         0.00154703 0.0023205  0.00464359 0.00194126 0.00388301
 0.00300396 0.00156634 0.00199118 0.00429576]) 	 loss 6.638E-01 	 horizons 19.0
step 9510 	 return [0.00113781 0.00680497 0.00230411 0.00493419 0.00453506 0.00587761
 0.00663761 0.0047064  0.00461949 0.00818993], ([0.00341342 0.00149992 0.00233711 0.00278962 0.00199263 0.00388513
 0.003048   0.0021931  0.00238306 0.00472889]) 	 loss 6.411E-01 	 horizons 19.0
step 9700 	 return [0.         0.00700177 0.00308057 0.00423913 0.00671661 0.00570372
 0.00572571 0.00467992 0.00642167 0.00620507], ([0.         0.00102234 0.00204054 0.00192082 0.00294129 0.00398825
 0.00379467 0.00303807 0.00149271 0.00391538]) 	 loss 6.325E-01 	 horizons 19.0
step 9890 	 return [0.         0.00672443 0.00350314 0.00717672 0.00531697 0.00823975
 0.00658668 0.00394544 0.0038983  0.00477315], ([0.         0.00112646 0.00221947 0.00220349 0.00318522 0.00268993
 0.00346223 0.00261269 0.0014171  0.00324392]) 	 loss 6.565E-01 	 horizons 19.0
step 10080 	 return [0.         0.00723248 0.0009748  0.00603487 0.00486292 0.00954858
 0.00883092 0.00508039 0.00596231 0.00861928], ([0.         0.00186988 0.00194971 0.0031418  0.00130828 0.00274568
 0.00428123 0.00187291 0.00215311 0.00461992]) 	 loss 6.006E-01 	 horizons 19.0
step 10270 	 return [0.00040939 0.00540605 0.00364566 0.00894798 0.00443319 0.00846717
 0.00922552 0.00376579 0.00470469 0.00864796], ([0.00122818 0.00091378 0.00217561 0.00403936 0.00331801 0.00248581
 0.00239051 0.00242428 0.00234471 0.00433089]) 	 loss 5.976E-01 	 horizons 19.0
step 10460 	 return [0.         0.0054507  0.00503779 0.0087887  0.00931664 0.00981475
 0.00969182 0.00318802 0.00480846 0.00845509], ([0.         0.00378079 0.00137773 0.00456341 0.00250703 0.00399471
 0.003656   0.00348738 0.00257829 0.0029204 ]) 	 loss 5.619E-01 	 horizons 19.0
step 10650 	 return [0.         0.00664991 0.00213325 0.0067177  0.00461106 0.01102595
 0.00766858 0.00391351 0.00455006 0.01001096], ([0.         0.00113799 0.00254986 0.00138018 0.00165547 0.00247884
 0.00386665 0.00222706 0.00181055 0.00521845]) 	 loss 5.712E-01 	 horizons 19.0
step 10840 	 return [0.00060174 0.00610281 0.00165362 0.00545487 0.00340876 0.00746077
 0.00799697 0.00415807 0.00480133 0.00710987], ([0.00180521 0.00168328 0.00164914 0.00291784 0.00230987 0.00334203
 0.0042117  0.00208974 0.00271904 0.00566722]) 	 loss 5.646E-01 	 horizons 19.0
step 11030 	 return [0.00040774 0.00642875 0.00344381 0.00709723 0.00693956 0.00978513
 0.00728138 0.00491346 0.00593091 0.0066622 ], ([0.00122321 0.0008691  0.00251591 0.00249401 0.00222962 0.00286229
 0.00298693 0.00265227 0.00171544 0.00493565]) 	 loss 5.299E-01 	 horizons 19.0
step 11220 	 return [0.         0.0064942  0.00541618 0.00848467 0.00448104 0.00964531
 0.00473175 0.00552571 0.00530459 0.00746051], ([0.         0.00194912 0.00230658 0.00263937 0.00220393 0.00308291
 0.00179875 0.00237529 0.00278964 0.00552862]) 	 loss 5.005E-01 	 horizons 19.0
step 11410 	 return [0.         0.00634418 0.00416847 0.0066279  0.00625804 0.00413183
 0.00384532 0.00413979 0.0041792  0.00632964], ([0.         0.00098284 0.00077234 0.00150045 0.00193801 0.00290705
 0.00204995 0.00299818 0.00135038 0.00302726]) 	 loss 5.178E-01 	 horizons 19.0
step 11600 	 return [0.         0.00656827 0.00360814 0.00746111 0.00414125 0.0070569
 0.00726662 0.00500978 0.00439069 0.00515215], ([0.         0.00103802 0.00170782 0.00170265 0.00255299 0.00202484
 0.00269522 0.00262563 0.00237207 0.0031749 ]) 	 loss 4.820E-01 	 horizons 19.0
step 11790 	 return [0.         0.00603121 0.00488049 0.00567345 0.00618492 0.00677205
 0.00435492 0.00558133 0.0042389  0.00533181], ([0.         0.00084979 0.00227444 0.00140478 0.00277474 0.00320531
 0.00221889 0.0022516  0.00193594 0.00344385]) 	 loss 5.014E-01 	 horizons 19.0
step 11980 	 return [0.         0.00669314 0.00402715 0.00563966 0.0063776  0.00762156
 0.00577845 0.00498093 0.00524516 0.00572654], ([0.         0.00078746 0.00238949 0.00137225 0.00333358 0.00315173
 0.0026172  0.00292887 0.00212804 0.00502103]) 	 loss 4.600E-01 	 horizons 19.0
step 12170 	 return [0.         0.00527249 0.00433665 0.00746772 0.00585598 0.00932784
 0.00601464 0.00504649 0.00519445 0.00890725], ([0.         0.00090939 0.00214877 0.00178523 0.00276446 0.00299293
 0.00213559 0.0022882  0.00202988 0.00448609]) 	 loss 4.541E-01 	 horizons 19.0
step 12360 	 return [4.6512192e-05 6.8243570e-03 2.8607030e-03 6.5440326e-03 3.9661848e-03
 8.5280975e-03 8.3588688e-03 3.9509931e-03 5.2676243e-03 6.6362843e-03], ([0.00013954 0.0012897  0.00234706 0.00143939 0.00362349 0.00317768
 0.00207653 0.00191342 0.00191274 0.00376245]) 	 loss 4.392E-01 	 horizons 19.0
step 12550 	 return [0.         0.00547636 0.00419463 0.00620785 0.0081533  0.00847911
 0.01020924 0.00276961 0.00681699 0.00869094], ([0.         0.00220573 0.00037065 0.00245536 0.00318474 0.00206959
 0.00263581 0.00328876 0.00187684 0.00358288]) 	 loss 5.058E-01 	 horizons 19.0
step 12740 	 return [0.         0.00726268 0.00176279 0.00590196 0.00567024 0.00965503
 0.01330358 0.00693889 0.00680294 0.01108492], ([0.         0.0006233  0.00187052 0.00226441 0.00245777 0.00137113
 0.00290063 0.00189704 0.00173069 0.00573219]) 	 loss 4.734E-01 	 horizons 19.0
step 12930 	 return [0.         0.00659719 0.00374956 0.00634894 0.00576977 0.00593481
 0.00721605 0.00483457 0.00358526 0.00842419], ([0.         0.00128415 0.00251628 0.00259173 0.00275081 0.00256532
 0.00283565 0.00267249 0.00161597 0.00492783]) 	 loss 4.278E-01 	 horizons 19.0
step 13120 	 return [0.         0.00612963 0.00566894 0.00825922 0.00435305 0.00891444
 0.005292   0.00457918 0.00437026 0.00559591], ([0.         0.00194731 0.00222071 0.00207731 0.00289992 0.00218486
 0.00246129 0.00212289 0.00204017 0.00389844]) 	 loss 4.034E-01 	 horizons 19.0
step 13310 	 return [0.         0.00657188 0.00393236 0.00745454 0.00523683 0.00977643
 0.00610457 0.00629328 0.00596232 0.00531711], ([0.         0.00051068 0.00179093 0.0005276  0.00216174 0.00135686
 0.00146091 0.00292262 0.00198646 0.00300133]) 	 loss 4.140E-01 	 horizons 19.0
step 13500 	 return [0.         0.0080966  0.00303109 0.00517313 0.00559647 0.0087105
 0.00732445 0.00638164 0.00490226 0.0078691 ], ([0.         0.00114233 0.00203082 0.00219877 0.00260111 0.00363671
 0.00181119 0.00175634 0.00265877 0.00544716]) 	 loss 3.925E-01 	 horizons 19.0
step 13690 	 return [0.         0.0080177  0.00314791 0.00550298 0.00658124 0.00991418
 0.00833834 0.00444758 0.00567677 0.00807708], ([0.         0.00087868 0.00211969 0.00134835 0.0029168  0.00183108
 0.0026626  0.00273524 0.00215524 0.00566159]) 	 loss 3.917E-01 	 horizons 19.0
step 13880 	 return [8.2838873e-05 5.1869331e-03 3.8534820e-03 6.7772334e-03 4.4447295e-03
 6.6728303e-03 7.6980004e-03 4.2245509e-03 5.1541845e-03 7.0859417e-03], ([0.00024852 0.00181531 0.00208833 0.00146163 0.00404846 0.00227948
 0.00121042 0.00239543 0.0021648  0.00318233]) 	 loss 3.918E-01 	 horizons 19.0
step 14070 	 return [0.         0.00455433 0.00485094 0.00661895 0.00736797 0.00938327
 0.00910637 0.0065198  0.00577284 0.01061589], ([0.         0.00120306 0.00118296 0.00272974 0.00322808 0.00224122
 0.00328896 0.00216165 0.00242917 0.00295556]) 	 loss 4.170E-01 	 horizons 19.0
step 14260 	 return [0.         0.00689226 0.005085   0.007544   0.00769377 0.0087626
 0.0058438  0.00616017 0.0045255  0.00644731], ([0.         0.00166265 0.00125665 0.0017677  0.00379902 0.00249869
 0.00239165 0.00224282 0.00161754 0.00346589]) 	 loss 3.866E-01 	 horizons 19.0
step 14450 	 return [0.         0.00452588 0.00570004 0.00843295 0.0084061  0.00929094
 0.00729203 0.00541689 0.00615241 0.00870542], ([0.         0.00079572 0.002019   0.00266691 0.00352446 0.00349562
 0.00134978 0.00274119 0.00201573 0.00301781]) 	 loss 3.698E-01 	 horizons 19.0
step 14640 	 return [0.         0.00775268 0.00242754 0.01042978 0.00498556 0.01034196
 0.01047924 0.00631039 0.00529661 0.00942026], ([0.         0.00245082 0.00199047 0.00389632 0.00254091 0.0029042
 0.00186661 0.00269065 0.00222087 0.00567581]) 	 loss 3.470E-01 	 horizons 19.0
step 14830 	 return [4.8681261e-05 4.9332874e-03 4.5419931e-03 8.0973040e-03 5.5177510e-03
 8.9386599e-03 8.8523766e-03 7.1017421e-03 6.8114675e-03 9.5817791e-03], ([0.00014604 0.00125146 0.002092   0.00349588 0.00432555 0.00270571
 0.00197961 0.00326558 0.00213134 0.00195092]) 	 loss 3.418E-01 	 horizons 19.0
step 15020 	 return [0.         0.00815012 0.00226391 0.0085585  0.00513886 0.00866716
 0.00907661 0.00713244 0.00655796 0.00919831], ([0.         0.00162575 0.0019775  0.00169327 0.00328455 0.002614
 0.00095874 0.00337682 0.00244008 0.00413767]) 	 loss 3.657E-01 	 horizons 19.0
step 15210 	 return [0.         0.00523703 0.00600345 0.00809974 0.00512597 0.00928829
 0.00608525 0.00639464 0.00685752 0.00874186], ([0.         0.00097505 0.00141686 0.00231654 0.00269885 0.00213158
 0.00141499 0.00291304 0.00270793 0.00286201]) 	 loss 3.172E-01 	 horizons 19.0
step 15400 	 return [0.         0.00435402 0.00627215 0.01115433 0.0093527  0.01404616
 0.00860143 0.00795912 0.00845979 0.01292728], ([0.         0.00149322 0.00131704 0.00281838 0.00151154 0.00312101
 0.00161994 0.0018479  0.00183324 0.00224433]) 	 loss 3.384E-01 	 horizons 19.0
step 15590 	 return [0.         0.00566872 0.00559022 0.0079782  0.00673673 0.0108375
 0.00518703 0.00841259 0.00617396 0.01287819], ([0.         0.00130914 0.00169846 0.00205589 0.00347939 0.00267572
 0.00180203 0.00312139 0.00215431 0.00496176]) 	 loss 3.320E-01 	 horizons 19.0
step 15780 	 return [0.         0.0050668  0.00626692 0.01150795 0.00719687 0.01065131
 0.00650944 0.00593176 0.00817706 0.01185247], ([0.         0.00055514 0.0009734  0.00091952 0.00290586 0.00155021
 0.0009863  0.00100646 0.00197751 0.00198348]) 	 loss 3.293E-01 	 horizons 19.0
step 15970 	 return [0.         0.0045983  0.00499589 0.00770169 0.00674646 0.00863232
 0.00762673 0.00657013 0.00667108 0.01037769], ([0.         0.00076368 0.00174302 0.00200339 0.00317153 0.00199218
 0.00203095 0.00288227 0.00214729 0.00299916]) 	 loss 3.283E-01 	 horizons 19.0
step 16160 	 return [0.         0.00537223 0.00518166 0.00748357 0.00731414 0.00825369
 0.00974115 0.00658281 0.00729642 0.00965883], ([0.         0.00146968 0.00163123 0.00347343 0.00242873 0.00245646
 0.00319024 0.00266134 0.00134641 0.00382541]) 	 loss 3.137E-01 	 horizons 19.0
step 16350 	 return [0.         0.0047452  0.00629208 0.0118421  0.01072495 0.01327112
 0.00718641 0.00705748 0.00854344 0.01512403], ([0.         0.00047018 0.00157817 0.0015066  0.00241339 0.00283352
 0.00105295 0.00173855 0.00121011 0.00396384]) 	 loss 2.938E-01 	 horizons 19.0
step 16540 	 return [0.00063061 0.00706002 0.00254186 0.0085497  0.00586634 0.00907108
 0.00859789 0.00561904 0.00563171 0.00907344], ([0.00189183 0.00240428 0.00203586 0.00331748 0.00247171 0.00478059
 0.00275358 0.00334645 0.00285507 0.0048036 ]) 	 loss 2.712E-01 	 horizons 19.0
step 16730 	 return [0.         0.00449775 0.00576791 0.0088625  0.00899023 0.00987396
 0.01032668 0.00858509 0.00813907 0.01146354], ([0.         0.00057114 0.00179585 0.00379789 0.00356909 0.00182077
 0.00264099 0.00203182 0.00138829 0.00322581]) 	 loss 2.550E-01 	 horizons 19.0
step 16920 	 return [0.         0.00450909 0.00588374 0.00918263 0.00965203 0.00836674
 0.00745677 0.00710334 0.00747828 0.0094087 ], ([0.         0.00085309 0.001425   0.00264485 0.00217752 0.00110354
 0.00127199 0.00201859 0.00160018 0.00236232]) 	 loss 2.426E-01 	 horizons 19.0
step 17110 	 return [0.         0.0039114  0.00651804 0.00909847 0.0094074  0.00828765
 0.008147   0.00735205 0.00714163 0.0109023 ], ([0.         0.00138062 0.00159903 0.00310977 0.00200547 0.00145033
 0.00201094 0.0019272  0.00160875 0.00229755]) 	 loss 2.041E-01 	 horizons 19.0
step 17300 	 return [0.         0.00535058 0.0059514  0.00874054 0.00795688 0.00795172
 0.00521441 0.00715084 0.00670423 0.01229866], ([0.         0.00065557 0.00100979 0.00278087 0.00374309 0.00240087
 0.00216369 0.00404942 0.00165692 0.00386305]) 	 loss 2.456E-01 	 horizons 19.0
step 17490 	 return [0.         0.00502705 0.00633918 0.01279221 0.00980852 0.01579594
 0.00982837 0.00645603 0.00865989 0.01550264], ([0.0000000e+00 7.9019401e-06 9.5570617e-04 9.6026663e-05 3.0517136e-04
 9.4310241e-04 6.8828120e-04 1.0136678e-03 1.7529095e-03 6.4190663e-04]) 	 loss 2.534E-01 	 horizons 19.0
wandb: WARNING Artifact "run-5137xb5l-evalfront-IJ60Fg" already exists with the same content. No new version will be created.
wandb: WARNING Artifact "run-5137xb5l-evalfront-IJ60Fg" already exists with the same content. No new version will be created.
wandb: WARNING Artifact "run-5137xb5l-evalfront-IJ60Fg" already exists with the same content. No new version will be created.
wandb: WARNING Artifact "run-5137xb5l-evalfront-IJ60Fg" already exists with the same content. No new version will be created.
step 17680 	 return [0.         0.00515507 0.0062716  0.01174676 0.00702311 0.01006517
 0.00843794 0.00705955 0.00731322 0.01089572], ([0.         0.00108079 0.00082233 0.00095229 0.00181904 0.00266445
 0.00227122 0.00247242 0.00282429 0.00245728]) 	 loss 2.215E-01 	 horizons 19.0
step 17870 	 return [0.         0.00499866 0.00819112 0.01274822 0.0103735  0.01218265
 0.01374749 0.00974383 0.00865583 0.01496986], ([0.0000000e+00 3.2386786e-05 1.4152786e-03 1.3922834e-04 1.8945173e-03
 1.8073784e-03 1.1614477e-03 2.1169106e-03 3.2802308e-03 2.3678807e-03]) 	 loss 1.973E-01 	 horizons 19.0
step 18060 	 return [0.         0.00522628 0.00540784 0.01174936 0.00620366 0.00978003
 0.01066566 0.00621866 0.0072782  0.01264996], ([0.         0.00083642 0.00090565 0.00135672 0.00362789 0.00091928
 0.0026665  0.00113709 0.0014811  0.00184601]) 	 loss 1.733E-01 	 horizons 19.0
step 18250 	 return [0.         0.00475828 0.00597563 0.01106861 0.00869878 0.01028868
 0.01342234 0.0074868  0.00827662 0.01425168], ([0.         0.00047208 0.00124756 0.0031052  0.00224279 0.0013961
 0.00170428 0.00188272 0.00131399 0.00330982]) 	 loss 2.263E-01 	 horizons 19.0
step 18440 	 return [0.         0.00510256 0.00560824 0.01237439 0.00830364 0.01584372
 0.00983968 0.00629293 0.00891956 0.01557871], ([0.         0.00014882 0.0008996  0.00174211 0.00284145 0.00115531
 0.00180694 0.00093708 0.00152005 0.00111965]) 	 loss 2.042E-01 	 horizons 19.0
step 18630 	 return [0.         0.00500376 0.00664381 0.01271713 0.00893278 0.01399832
 0.01147392 0.00807143 0.00769354 0.01523862], ([0.0000000e+00 2.9759132e-05 1.2340309e-03 1.0718160e-04 2.0305966e-03
 2.0729338e-03 2.0571481e-03 1.7580810e-03 2.0900685e-03 2.2981686e-03]) 	 loss 1.862E-01 	 horizons 19.0
step 18820 	 return [0.         0.00500951 0.00680576 0.01270587 0.01099988 0.01492946
 0.00668497 0.00721748 0.00845984 0.01641338], ([0.0000000e+00 9.3301729e-05 1.2552084e-03 3.5200332e-04 2.2900656e-03
 1.9916471e-03 7.6915475e-04 2.3626434e-03 2.1712675e-03 4.4857706e-03]) 	 loss 1.409E-01 	 horizons 19.0
step 19010 	 return [0.         0.00502885 0.00602241 0.01277122 0.00972027 0.01551617
 0.00961155 0.00643471 0.0094146  0.01587561], ([0.0000000e+00 1.0203570e-06 1.1144018e-05 4.1250137e-06 3.2954849e-06
 5.0056728e-06 1.7912125e-06 8.8277983e-04 2.3994459e-04 4.4905543e-04]) 	 loss 1.716E-01 	 horizons 19.0
step 19200 	 return [0.         0.00503783 0.00605064 0.01285351 0.00887013 0.01592425
 0.01089732 0.00663657 0.0079578  0.0165796 ], ([0.0000000e+00 1.1088520e-05 2.3900098e-05 7.3987641e-05 1.9432589e-03
 6.4382894e-04 1.0514432e-03 1.6861447e-03 1.5906908e-03 1.3253813e-03]) 	 loss 1.437E-01 	 horizons 19.0
step 19390 	 return [0.         0.00488745 0.00801833 0.01237863 0.01145832 0.01111515
 0.01370733 0.00979779 0.00956512 0.01445305], ([0.         0.00035927 0.00173756 0.00116379 0.00038242 0.00094501
 0.00164995 0.00205556 0.00128978 0.00255467]) 	 loss 1.184E-01 	 horizons 19.0
step 19580 	 return [0.         0.00499761 0.00756767 0.01271334 0.0102257  0.01167873
 0.01367485 0.00908332 0.00819056 0.01444375], ([0.0000000e+00 1.5743106e-05 1.5437138e-03 9.3683098e-05 1.8658558e-03
 1.6601564e-03 1.5564611e-03 2.0398947e-03 2.2284593e-03 1.7144582e-03]) 	 loss 1.214E-01 	 horizons 19.0
step 19770 	 return [0.         0.00499682 0.00786951 0.01271966 0.01021456 0.01214481
 0.01278486 0.0098279  0.00883292 0.01435762], ([0.0000000e+00 2.3829707e-05 1.5298181e-03 1.1914433e-04 1.9033829e-03
 1.3901105e-03 2.3075186e-03 2.2493592e-03 1.8705935e-03 2.0138212e-03]) 	 loss 1.084E-01 	 horizons 19.0
step 19960 	 return [0.         0.00522396 0.00798222 0.0124292  0.01096167 0.01026791
 0.01332818 0.00936422 0.00973618 0.0133334 ], ([0.         0.00111244 0.0017729  0.00120355 0.00149791 0.00208424
 0.00199079 0.00267042 0.0010169  0.00239136]) 	 loss 1.010E-01 	 horizons 19.0
step 20150 	 return [0.         0.00500488 0.00911551 0.01274686 0.0112709  0.01118108
 0.01433138 0.01106537 0.01032281 0.01451225], ([0.0000000e+00 8.8538054e-06 1.3116003e-05 5.3660940e-05 1.5775860e-05
 3.2561517e-04 3.8337148e-05 1.0580477e-05 5.1297263e-07 2.8435158e-04]) 	 loss 9.537E-02 	 horizons 19.0
step 20340 	 return [0.         0.00500193 0.00911114 0.01272897 0.01126564 0.01107255
 0.01434415 0.01106184 0.01032264 0.01441747], ([0.0000000e+00 4.6566129e-10 0.0000000e+00 1.8626451e-09 9.3132257e-10
 0.0000000e+00 0.0000000e+00 9.3132257e-10 9.3132257e-10 0.0000000e+00]) 	 loss 8.717E-02 	 horizons 19.0
step 20530 	 return [0.         0.00500447 0.00880622 0.01274837 0.01129276 0.01126034
 0.01428476 0.01080541 0.00997145 0.01454052], ([0.0000000e+00 9.0742260e-06 9.2940038e-04 5.3347892e-05 6.5734253e-05
 3.8125392e-04 1.4084401e-04 7.8110676e-04 1.0541471e-03 2.8755539e-04]) 	 loss 7.070E-02 	 horizons 19.0
step 20720 	 return [0.         0.00500841 0.00819141 0.01277074 0.01137771 0.01137819
 0.01428227 0.00937203 0.00999559 0.0159822 ], ([0.0000000e+00 9.9046274e-06 1.4049036e-03 6.3809573e-05 1.7119439e-04
 4.6687358e-04 9.4524476e-05 2.5812373e-03 4.9957779e-04 2.3901619e-03]) 	 loss 7.049E-02 	 horizons 19.0
step 20910 	 return [0.         0.0050051  0.00850198 0.01275955 0.01085117 0.01151204
 0.01411104 0.01035714 0.00932509 0.01527922], ([0.0000000e+00 6.6097855e-06 1.2183532e-03 6.4712469e-05 1.3916476e-03
 1.0364695e-03 6.1588397e-04 1.5068132e-03 1.9987382e-03 1.7519905e-03]) 	 loss 5.217E-02 	 horizons 19.0
step 21100 	 return [0.         0.00500783 0.00911988 0.01276474 0.01127615 0.01128962
 0.0143186  0.0110689  0.01032299 0.01460704], ([0.00000000e+00 1.18050721e-05 1.74880024e-05 7.15479255e-05
 2.10344788e-05 4.34153539e-04 5.11161998e-05 1.41073015e-05
 6.83963719e-07 3.79135454e-04]) 	 loss 4.338E-02 	 horizons 19.0
step 21290 	 return [0.00024341 0.0041633  0.00441276 0.00451319 0.00876523 0.0071499
 0.01252739 0.00358406 0.00655536 0.00826182], ([2.4340632e-04 2.4792849e-04 2.9158019e-04 1.8696990e-04 6.3210180e-05
 4.4118750e-04 6.2372891e-04 1.5500601e-03 1.8039757e-03 6.3771219e-04]) 	 loss 2.283E-02 	 horizons 19.0
step 21480 	 return [0.00043813 0.00432428 0.00435276 0.00445703 0.00880029 0.00693557
 0.01290136 0.00342171 0.00731575 0.00827965], ([1.4604378e-04 2.1228568e-06 2.1407883e-04 1.0494144e-06 5.5560845e-06
 2.0141713e-06 5.1874762e-05 6.6671755e-06 2.2718868e-05 1.2317207e-05]) 	 loss 2.125E-02 	 horizons 19.0
step 21670 	 return [0.00024341 0.00463173 0.00449469 0.00445747 0.00880981 0.00728515
 0.01295908 0.00371239 0.00698301 0.00840375], ([2.4340632e-04 1.1093901e-03 3.2789051e-04 1.2559423e-05 5.6522360e-05
 7.5282401e-04 6.4091204e-04 7.4628036e-04 1.3530083e-03 2.3859790e-04]) 	 loss 1.084E-02 	 horizons 19.0
step 21860 	 return [0.00034077 0.00435473 0.00427575 0.00445256 0.00878857 0.00734589
 0.01274379 0.00393933 0.00650446 0.00844708], ([2.2308556e-04 5.0130131e-04 1.7420427e-05 1.3463699e-05 5.0028772e-05
 6.6252792e-04 6.8454345e-04 9.9664414e-04 1.7658960e-03 2.9558115e-04]) 	 loss 2.370E-02 	 horizons 19.0
step 22050 	 return [0.00034077 0.0043257  0.00449548 0.00445773 0.00880399 0.00693692
 0.01293594 0.00342616 0.00733089 0.00828786], ([2.2308556e-04 3.2427170e-06 3.2701081e-04 1.6030069e-06 8.4870589e-06
 3.0766973e-06 7.9240010e-05 1.0184278e-05 3.4703644e-05 1.8814844e-05]) 	 loss 2.712E-02 	 horizons 19.0
step 22240 	 return [0.00048681 0.00432357 0.0042814  0.00445668 0.00879844 0.0069349
 0.01288406 0.00341949 0.00730817 0.00827555], ([0.0000000e+00 4.6566129e-10 0.0000000e+00 4.6566129e-10 0.0000000e+00
 4.6566129e-10 9.3132257e-10 2.3283064e-10 9.3132257e-10 9.3132257e-10]) 	 loss 3.754E-02 	 horizons 19.0
step 22430 	 return [0.00043813 0.00432428 0.00435276 0.00445703 0.00880029 0.00693557
 0.01290136 0.00342171 0.00731575 0.00827965], ([1.4604378e-04 2.1228568e-06 2.1407883e-04 1.0494144e-06 5.5560845e-06
 2.0141713e-06 5.1874762e-05 6.6671755e-06 2.2718868e-05 1.2317207e-05]) 	 loss 3.745E-02 	 horizons 19.0
wandb: WARNING Artifact "run-5137xb5l-evalfront-IJ60Fg" already exists with the same content. No new version will be created.
wandb: WARNING Artifact "run-5137xb5l-evalfront-IJ60Fg" already exists with the same content. No new version will be created.
wandb: WARNING Artifact "run-5137xb5l-evalfront-IJ60Fg" already exists with the same content. No new version will be created.
wandb: WARNING Artifact "run-5137xb5l-evalfront-IJ60Fg" already exists with the same content. No new version will be created.
wandb: WARNING Artifact "run-5137xb5l-evalfront-IJ60Fg" already exists with the same content. No new version will be created.
wandb: WARNING Artifact "run-5137xb5l-evalfront-IJ60Fg" already exists with the same content. No new version will be created.
wandb: WARNING Artifact "run-5137xb5l-evalfront-IJ60Fg" already exists with the same content. No new version will be created.
wandb: WARNING Artifact "run-5137xb5l-evalfront-IJ60Fg" already exists with the same content. No new version will be created.
wandb: WARNING Artifact "run-5137xb5l-evalfront-IJ60Fg" already exists with the same content. No new version will be created.
wandb: WARNING Artifact "run-5137xb5l-evalfront-IJ60Fg" already exists with the same content. No new version will be created.
wandb: WARNING Artifact "run-5137xb5l-evalfront-IJ60Fg" already exists with the same content. No new version will be created.
wandb: WARNING Artifact "run-5137xb5l-evalfront-IJ60Fg" already exists with the same content. No new version will be created.
wandb: WARNING Artifact "run-5137xb5l-evalfront-IJ60Fg" already exists with the same content. No new version will be created.
wandb: WARNING Artifact "run-5137xb5l-evalfront-IJ60Fg" already exists with the same content. No new version will be created.
wandb: WARNING Artifact "run-5137xb5l-evalfront-IJ60Fg" already exists with the same content. No new version will be created.
wandb: WARNING Artifact "run-5137xb5l-evalfront-IJ60Fg" already exists with the same content. No new version will be created.
wandb: WARNING Artifact "run-5137xb5l-evalfront-IJ60Fg" already exists with the same content. No new version will be created.
wandb: WARNING Artifact "run-5137xb5l-evalfront-IJ60Fg" already exists with the same content. No new version will be created.
wandb: WARNING Artifact "run-5137xb5l-evalfront-IJ60Fg" already exists with the same content. No new version will be created.
wandb: WARNING Artifact "run-5137xb5l-evalfront-IJ60Fg" already exists with the same content. No new version will be created.
wandb: WARNING Artifact "run-5137xb5l-evalfront-IJ60Fg" already exists with the same content. No new version will be created.
wandb: WARNING Artifact "run-5137xb5l-evalfront-IJ60Fg" already exists with the same content. No new version will be created.
wandb: WARNING Artifact "run-5137xb5l-evalfront-IJ60Fg" already exists with the same content. No new version will be created.
step 22620 	 return [0.00043813 0.00432428 0.00435276 0.00445703 0.00880029 0.00693557
 0.01290136 0.00342171 0.00731575 0.00827965], ([1.4604379e-04 2.1228568e-06 2.1407883e-04 1.0494144e-06 5.5560845e-06
 2.0141715e-06 5.1874762e-05 6.6671755e-06 2.2718868e-05 1.2317206e-05]) 	 loss 3.449E-02 	 horizons 19.0
step 22810 	 return [0.00038945 0.00427024 0.00434892 0.00445412 0.00879084 0.00704524
 0.01277067 0.00367275 0.00688397 0.00835449], ([1.9472504e-04 1.6236719e-04 2.1566200e-04 8.9065070e-06 2.9478588e-05
 3.2878411e-04 4.0116181e-04 7.5239531e-04 1.2980374e-03 2.2348095e-04]) 	 loss 3.531E-02 	 horizons 19.0
step 23000 	 return [0.00043813 0.00432428 0.00435276 0.00445703 0.00880029 0.00693557
 0.01290136 0.00342171 0.00731575 0.00827965], ([1.4604379e-04 2.1228568e-06 2.1407883e-04 1.0494144e-06 5.5560845e-06
 2.0141715e-06 5.1874762e-05 6.6671755e-06 2.2718868e-05 1.2317206e-05]) 	 loss 3.308E-02 	 horizons 19.0
step 23190 	 return [0.00043813 0.00432428 0.00435276 0.00445703 0.00880029 0.00693557
 0.01290136 0.00342171 0.00731575 0.00827965], ([1.4604378e-04 2.1228568e-06 2.1407883e-04 1.0494144e-06 5.5560845e-06
 2.0141713e-06 5.1874762e-05 6.6671755e-06 2.2718868e-05 1.2317207e-05]) 	 loss 3.303E-02 	 horizons 19.0
step 23380 	 return [0.00048681 0.00432357 0.0042814  0.00445668 0.00879844 0.0069349
 0.01288406 0.00341949 0.00730817 0.00827555], ([0.0000000e+00 4.6566129e-10 0.0000000e+00 4.6566129e-10 0.0000000e+00
 4.6566129e-10 9.3132257e-10 2.3283064e-10 9.3132257e-10 9.3132257e-10]) 	 loss 1.811E-02 	 horizons 19.0
step 23570 	 return [0.00034077 0.00446423 0.00442614 0.00445908 0.00881117 0.0071279
 0.01303976 0.00344171 0.00738315 0.00830561], ([2.2308556e-04 4.1724820e-04 2.8449099e-04 5.0605572e-06 2.6867621e-05
 5.7452451e-04 3.5835069e-04 5.2567972e-05 1.7698358e-04 6.4885644e-05]) 	 loss 8.898E-03 	 horizons 19.0
step 23760 	 return [0.00048681 0.00432357 0.0042814  0.00445668 0.00879844 0.0069349
 0.01288406 0.00341949 0.00730817 0.00827555], ([0.0000000e+00 4.6566129e-10 0.0000000e+00 4.6566129e-10 0.0000000e+00
 4.6566129e-10 9.3132257e-10 2.3283064e-10 9.3132257e-10 9.3132257e-10]) 	 loss 3.841E-03 	 horizons 19.0
step 23950 	 return [0.00048681 0.00432357 0.0042814  0.00445668 0.00879844 0.0069349
 0.01288406 0.00341949 0.00730817 0.00827555], ([0.0000000e+00 4.6566129e-10 0.0000000e+00 4.6566129e-10 0.0000000e+00
 4.6566129e-10 9.3132257e-10 2.3283064e-10 9.3132257e-10 9.3132257e-10]) 	 loss 1.943E-03 	 horizons 19.0
step 24140 	 return [0.00048681 0.00432357 0.0042814  0.00445668 0.00879844 0.0069349
 0.01288406 0.00341949 0.00730817 0.00827555], ([0.0000000e+00 4.6566129e-10 0.0000000e+00 4.6566129e-10 0.0000000e+00
 4.6566129e-10 9.3132257e-10 2.3283064e-10 9.3132257e-10 9.3132257e-10]) 	 loss 1.126E-03 	 horizons 19.0
step 24330 	 return [0.00048681 0.00432357 0.0042814  0.00445668 0.00879844 0.0069349
 0.01288406 0.00341949 0.00730817 0.00827555], ([0.0000000e+00 4.6566129e-10 0.0000000e+00 4.6566129e-10 0.0000000e+00
 4.6566129e-10 9.3132257e-10 2.3283064e-10 9.3132257e-10 9.3132257e-10]) 	 loss 7.342E-04 	 horizons 19.0
step 24520 	 return [0.00048681 0.00432357 0.0042814  0.00445668 0.00879844 0.0069349
 0.01288406 0.00341949 0.00730817 0.00827555], ([0.0000000e+00 4.6566129e-10 0.0000000e+00 4.6566129e-10 0.0000000e+00
 4.6566129e-10 9.3132257e-10 2.3283064e-10 9.3132257e-10 9.3132257e-10]) 	 loss 5.505E-04 	 horizons 19.0
step 24710 	 return [0.00048681 0.00432357 0.0042814  0.00445668 0.00879844 0.0069349
 0.01288406 0.00341949 0.00730817 0.00827555], ([0.0000000e+00 4.6566129e-10 0.0000000e+00 4.6566129e-10 0.0000000e+00
 4.6566129e-10 9.3132257e-10 2.3283064e-10 9.3132257e-10 9.3132257e-10]) 	 loss 4.178E-04 	 horizons 19.0
step 24900 	 return [0.00048681 0.00432357 0.0042814  0.00445668 0.00879844 0.0069349
 0.01288406 0.00341949 0.00730817 0.00827555], ([0.0000000e+00 4.6566129e-10 0.0000000e+00 4.6566129e-10 0.0000000e+00
 4.6566129e-10 9.3132257e-10 2.3283064e-10 9.3132257e-10 9.3132257e-10]) 	 loss 4.199E-04 	 horizons 19.0
step 25090 	 return [0.00048681 0.00432357 0.0042814  0.00445668 0.00879844 0.0069349
 0.01288406 0.00341949 0.00730817 0.00827555], ([0.0000000e+00 4.6566129e-10 0.0000000e+00 4.6566129e-10 0.0000000e+00
 4.6566129e-10 9.3132257e-10 2.3283064e-10 9.3132257e-10 9.3132257e-10]) 	 loss 3.572E-04 	 horizons 19.0
step 25280 	 return [0.00048681 0.00432357 0.0042814  0.00445668 0.00879844 0.0069349
 0.01288406 0.00341949 0.00730817 0.00827555], ([0.0000000e+00 4.6566129e-10 0.0000000e+00 4.6566129e-10 0.0000000e+00
 4.6566129e-10 9.3132257e-10 2.3283064e-10 9.3132257e-10 9.3132257e-10]) 	 loss 2.839E-04 	 horizons 19.0
step 25470 	 return [0.00048681 0.00432357 0.0042814  0.00445668 0.00879844 0.0069349
 0.01288406 0.00341949 0.00730817 0.00827555], ([0.0000000e+00 4.6566129e-10 0.0000000e+00 4.6566129e-10 0.0000000e+00
 4.6566129e-10 9.3132257e-10 2.3283064e-10 9.3132257e-10 9.3132257e-10]) 	 loss 2.826E-04 	 horizons 19.0
step 25660 	 return [0.00048681 0.00432357 0.0042814  0.00445668 0.00879844 0.0069349
 0.01288406 0.00341949 0.00730817 0.00827555], ([0.0000000e+00 4.6566129e-10 0.0000000e+00 4.6566129e-10 0.0000000e+00
 4.6566129e-10 9.3132257e-10 2.3283064e-10 9.3132257e-10 9.3132257e-10]) 	 loss 2.348E-04 	 horizons 19.0
step 25850 	 return [0.00048681 0.00432357 0.0042814  0.00445668 0.00879844 0.0069349
 0.01288406 0.00341949 0.00730817 0.00827555], ([0.0000000e+00 4.6566129e-10 0.0000000e+00 4.6566129e-10 0.0000000e+00
 4.6566129e-10 9.3132257e-10 2.3283064e-10 9.3132257e-10 9.3132257e-10]) 	 loss 2.313E-04 	 horizons 19.0
step 26040 	 return [0.00048681 0.00432357 0.0042814  0.00445668 0.00879844 0.0069349
 0.01288406 0.00341949 0.00730817 0.00827555], ([0.0000000e+00 4.6566129e-10 0.0000000e+00 4.6566129e-10 0.0000000e+00
 4.6566129e-10 9.3132257e-10 2.3283064e-10 9.3132257e-10 9.3132257e-10]) 	 loss 2.267E-04 	 horizons 19.0
step 26230 	 return [0.00048681 0.00432357 0.0042814  0.00445668 0.00879844 0.0069349
 0.01288406 0.00341949 0.00730817 0.00827555], ([0.0000000e+00 4.6566129e-10 0.0000000e+00 4.6566129e-10 0.0000000e+00
 4.6566129e-10 9.3132257e-10 2.3283064e-10 9.3132257e-10 9.3132257e-10]) 	 loss 2.159E-04 	 horizons 19.0
step 26420 	 return [0.00048681 0.00432357 0.0042814  0.00445668 0.00879844 0.0069349
 0.01288406 0.00341949 0.00730817 0.00827555], ([0.0000000e+00 4.6566129e-10 0.0000000e+00 4.6566129e-10 0.0000000e+00
 4.6566129e-10 9.3132257e-10 2.3283064e-10 9.3132257e-10 9.3132257e-10]) 	 loss 1.998E-04 	 horizons 19.0
step 26610 	 return [0.00048681 0.00432357 0.0042814  0.00445668 0.00879844 0.0069349
 0.01288406 0.00341949 0.00730817 0.00827555], ([0.0000000e+00 4.6566129e-10 0.0000000e+00 4.6566129e-10 0.0000000e+00
 4.6566129e-10 9.3132257e-10 2.3283064e-10 9.3132257e-10 9.3132257e-10]) 	 loss 1.982E-04 	 horizons 19.0
step 26800 	 return [0.00048681 0.00432357 0.0042814  0.00445668 0.00879844 0.0069349
 0.01288406 0.00341949 0.00730817 0.00827555], ([0.0000000e+00 4.6566129e-10 0.0000000e+00 4.6566129e-10 0.0000000e+00
 4.6566129e-10 9.3132257e-10 2.3283064e-10 9.3132257e-10 9.3132257e-10]) 	 loss 1.856E-04 	 horizons 19.0
step 26990 	 return [0.00048681 0.00432357 0.0042814  0.00445668 0.00879844 0.0069349
 0.01288406 0.00341949 0.00730817 0.00827555], ([0.0000000e+00 4.6566129e-10 0.0000000e+00 4.6566129e-10 0.0000000e+00
 4.6566129e-10 9.3132257e-10 2.3283064e-10 9.3132257e-10 9.3132257e-10]) 	 loss 1.957E-04 	 horizons 19.0
step 27180 	 return [0.00048681 0.00432357 0.0042814  0.00445668 0.00879844 0.0069349
 0.01288406 0.00341949 0.00730817 0.00827555], ([0.0000000e+00 4.6566129e-10 0.0000000e+00 4.6566129e-10 0.0000000e+00
 4.6566129e-10 9.3132257e-10 2.3283064e-10 9.3132257e-10 9.3132257e-10]) 	 loss 1.691E-04 	 horizons 19.0
step 27370 	 return [0.00048681 0.00432357 0.0042814  0.00445668 0.00879844 0.0069349
 0.01288406 0.00341949 0.00730817 0.00827555], ([0.0000000e+00 4.6566129e-10 0.0000000e+00 4.6566129e-10 0.0000000e+00
 4.6566129e-10 9.3132257e-10 2.3283064e-10 9.3132257e-10 9.3132257e-10]) 	 loss 1.611E-04 	 horizons 19.0
wandb: WARNING Artifact "run-5137xb5l-evalfront-IJ60Fg" already exists with the same content. No new version will be created.
wandb: WARNING Artifact "run-5137xb5l-evalfront-IJ60Fg" already exists with the same content. No new version will be created.
wandb: WARNING Artifact "run-5137xb5l-evalfront-IJ60Fg" already exists with the same content. No new version will be created.
wandb: WARNING Artifact "run-5137xb5l-evalfront-IJ60Fg" already exists with the same content. No new version will be created.
wandb: WARNING Artifact "run-5137xb5l-evalfront-IJ60Fg" already exists with the same content. No new version will be created.
wandb: WARNING Artifact "run-5137xb5l-evalfront-IJ60Fg" already exists with the same content. No new version will be created.
wandb: WARNING Artifact "run-5137xb5l-evalfront-IJ60Fg" already exists with the same content. No new version will be created.
wandb: WARNING Artifact "run-5137xb5l-evalfront-IJ60Fg" already exists with the same content. No new version will be created.
wandb: WARNING Artifact "run-5137xb5l-evalfront-IJ60Fg" already exists with the same content. No new version will be created.
wandb: WARNING Artifact "run-5137xb5l-evalfront-IJ60Fg" already exists with the same content. No new version will be created.
wandb: WARNING Artifact "run-5137xb5l-evalfront-IJ60Fg" already exists with the same content. No new version will be created.
wandb: WARNING Artifact "run-5137xb5l-evalfront-IJ60Fg" already exists with the same content. No new version will be created.
wandb: WARNING Artifact "run-5137xb5l-evalfront-IJ60Fg" already exists with the same content. No new version will be created.
step 27560 	 return [0.00048681 0.00432357 0.0042814  0.00445668 0.00879844 0.0069349
 0.01288406 0.00341949 0.00730817 0.00827555], ([0.0000000e+00 4.6566129e-10 0.0000000e+00 4.6566129e-10 0.0000000e+00
 4.6566129e-10 9.3132257e-10 2.3283064e-10 9.3132257e-10 9.3132257e-10]) 	 loss 1.562E-04 	 horizons 19.0
step 27750 	 return [0.00048681 0.00432357 0.0042814  0.00445668 0.00879844 0.0069349
 0.01288406 0.00341949 0.00730817 0.00827555], ([0.0000000e+00 4.6566129e-10 0.0000000e+00 4.6566129e-10 0.0000000e+00
 4.6566129e-10 9.3132257e-10 2.3283064e-10 9.3132257e-10 9.3132257e-10]) 	 loss 1.613E-04 	 horizons 19.0
step 27940 	 return [0.00048681 0.00432357 0.0042814  0.00445668 0.00879844 0.0069349
 0.01288406 0.00341949 0.00730817 0.00827555], ([0.0000000e+00 4.6566129e-10 0.0000000e+00 4.6566129e-10 0.0000000e+00
 4.6566129e-10 9.3132257e-10 2.3283064e-10 9.3132257e-10 9.3132257e-10]) 	 loss 1.513E-04 	 horizons 19.0
step 28130 	 return [0.00048681 0.00432357 0.0042814  0.00445668 0.00879844 0.0069349
 0.01288406 0.00341949 0.00730817 0.00827555], ([0.0000000e+00 4.6566129e-10 0.0000000e+00 4.6566129e-10 0.0000000e+00
 4.6566129e-10 9.3132257e-10 2.3283064e-10 9.3132257e-10 9.3132257e-10]) 	 loss 1.465E-04 	 horizons 19.0
step 28320 	 return [0.00048681 0.00432357 0.0042814  0.00445668 0.00879844 0.0069349
 0.01288406 0.00341949 0.00730817 0.00827555], ([0.0000000e+00 4.6566129e-10 0.0000000e+00 4.6566129e-10 0.0000000e+00
 4.6566129e-10 9.3132257e-10 2.3283064e-10 9.3132257e-10 9.3132257e-10]) 	 loss 1.428E-04 	 horizons 19.0
step 28510 	 return [0.00048681 0.00432357 0.0042814  0.00445668 0.00879844 0.0069349
 0.01288406 0.00341949 0.00730817 0.00827555], ([0.0000000e+00 4.6566129e-10 0.0000000e+00 4.6566129e-10 0.0000000e+00
 4.6566129e-10 9.3132257e-10 2.3283064e-10 9.3132257e-10 9.3132257e-10]) 	 loss 1.446E-04 	 horizons 19.0
step 28700 	 return [0.00048681 0.00432357 0.0042814  0.00445668 0.00879844 0.0069349
 0.01288406 0.00341949 0.00730817 0.00827555], ([0.0000000e+00 4.6566129e-10 0.0000000e+00 4.6566129e-10 0.0000000e+00
 4.6566129e-10 9.3132257e-10 2.3283064e-10 9.3132257e-10 9.3132257e-10]) 	 loss 1.324E-04 	 horizons 19.0
step 28890 	 return [0.00048681 0.00432357 0.0042814  0.00445668 0.00879844 0.0069349
 0.01288406 0.00341949 0.00730817 0.00827555], ([0.0000000e+00 4.6566129e-10 0.0000000e+00 4.6566129e-10 0.0000000e+00
 4.6566129e-10 9.3132257e-10 2.3283064e-10 9.3132257e-10 9.3132257e-10]) 	 loss 1.384E-04 	 horizons 19.0
step 29080 	 return [0.00048681 0.00432357 0.0042814  0.00445668 0.00879844 0.0069349
 0.01288406 0.00341949 0.00730817 0.00827555], ([0.0000000e+00 4.6566129e-10 0.0000000e+00 4.6566129e-10 0.0000000e+00
 4.6566129e-10 9.3132257e-10 2.3283064e-10 9.3132257e-10 9.3132257e-10]) 	 loss 1.275E-04 	 horizons 19.0
step 29270 	 return [0.00048681 0.00432357 0.0042814  0.00445668 0.00879844 0.0069349
 0.01288406 0.00341949 0.00730817 0.00827555], ([0.0000000e+00 4.6566129e-10 0.0000000e+00 4.6566129e-10 0.0000000e+00
 4.6566129e-10 9.3132257e-10 2.3283064e-10 9.3132257e-10 9.3132257e-10]) 	 loss 1.227E-04 	 horizons 19.0
step 29460 	 return [0.00048681 0.00432357 0.0042814  0.00445668 0.00879844 0.0069349
 0.01288406 0.00341949 0.00730817 0.00827555], ([0.0000000e+00 4.6566129e-10 0.0000000e+00 4.6566129e-10 0.0000000e+00
 4.6566129e-10 9.3132257e-10 2.3283064e-10 9.3132257e-10 9.3132257e-10]) 	 loss 1.220E-04 	 horizons 19.0
step 29650 	 return [0.00048681 0.00432357 0.0042814  0.00445668 0.00879844 0.0069349
 0.01288406 0.00341949 0.00730817 0.00827555], ([0.0000000e+00 4.6566129e-10 0.0000000e+00 4.6566129e-10 0.0000000e+00
 4.6566129e-10 9.3132257e-10 2.3283064e-10 9.3132257e-10 9.3132257e-10]) 	 loss 1.244E-04 	 horizons 19.0
step 29840 	 return [0.00048681 0.00432357 0.0042814  0.00445668 0.00879844 0.0069349
 0.01288406 0.00341949 0.00730817 0.00827555], ([0.0000000e+00 4.6566129e-10 0.0000000e+00 4.6566129e-10 0.0000000e+00
 4.6566129e-10 9.3132257e-10 2.3283064e-10 9.3132257e-10 9.3132257e-10]) 	 loss 1.199E-04 	 horizons 19.0
step 30030 	 return [0.00048681 0.00432357 0.0042814  0.00445668 0.00879844 0.0069349
 0.01288406 0.00341949 0.00730817 0.00827555], ([0.0000000e+00 4.6566129e-10 0.0000000e+00 4.6566129e-10 0.0000000e+00
 4.6566129e-10 9.3132257e-10 2.3283064e-10 9.3132257e-10 9.3132257e-10]) 	 loss 1.176E-04 	 horizons 19.0
[1;34mwandb[0m: 
[1;34mwandb[0m: 🚀 View run [33mmotndp_xian-v0__GCN-Xian-nash__123__1780882545[0m at: [34mhttps://wandb.ai/johnario-tu-delft/cl_ablation/runs/5137xb5l[0m
[1;34mwandb[0m: Find logs at: [1;35mwandb/run-20260608_033546-5137xb5l/logs[0m
