/home/SinJ/miniconda3/envs/mo-nw-design/lib/python3.11/site-packages/pygame/pkgdata.py:25: UserWarning: pkg_resources is deprecated as an API. See https://setuptools.pypa.io/en/latest/pkg_resources.html. The pkg_resources package is slated for removal as early as 2025-11-30. Refrain from using this package or pin to Setuptools<81.
  from pkg_resources import resource_stream, resource_exists
wandb: [wandb.login()] Loaded credentials for https://api.wandb.ai from /home/SinJ/.netrc.
wandb: Currently logged in as: jingyuan-sun03 (johnario-tu-delft) to https://api.wandb.ai. Use `wandb login --relogin` to force relogin
wandb: setting up run pi2w7qnp
wandb: Tracking run with wandb version 0.27.0
wandb: Run data is saved locally in /home/SinJ/mo-transport-network-design/wandb/run-20260608_033546-pi2w7qnp
wandb: Run `wandb offline` to turn off syncing.
wandb: Syncing run motndp_xian-v0__GCN-Xian-nd__1011__1780882545
wandb: ⭐️ View project at https://wandb.ai/johnario-tu-delft/cl_ablation
wandb: 🚀 View run at https://wandb.ai/johnario-tu-delft/cl_ablation/runs/pi2w7qnp
/home/SinJ/mo-transport-network-design/morl-baselines/morl_baselines/multi_policy/gcn/gcn.py:151: UserWarning: Creating a tensor from a list of numpy.ndarrays is extremely slow. Please consider converting the list to a single numpy.ndarray with numpy.array() before converting to a tensor. (Triggered internally at /pytorch/torch/csrc/utils/tensor_new.cpp:253.)
  th.tensor(obs).to(self.device),
wandb: WARNING Artifact "run-pi2w7qnp-evalfront-GkrjsQ" already exists with the same content. No new version will be created.
Namespace(env='xian', nr_groups=10, starting_loc_x=9, starting_loc_y=19, nr_stations=20, lr=0.01, batch_size=256, num_er_episodes=100, num_step_episodes=10, num_model_updates=5, num_policies=10, max_buffer_size=100, nr_layers=1, hidden_dim=128, timesteps=30000, no_log=False, project_name='cl_ablation', experiment_name='GCN-Xian-nd', wandb_entity='johnario-tu-delft', seed=1011, cd_threshold=0.2, distance_ref='nondominated', gcn_lambda=None, lambda_schedule='constant', lambda_start=1.0, lambda_end=None, lambda_warmup_fraction=0.0, lambda_freeze_fraction=0.1, spatial_alpha=0.0, include_demand_context=False, criterion='lorenz', nash_mode='pareto_sized', nash_top_k=None, nash_shift=0.0)
step 1978 	 return [2.5494660e-03 5.4555060e-03 3.7773619e-03 1.2293335e-03 1.7425234e-03
 1.1523776e-03 1.7692490e-03 1.7920190e-04 5.7563221e-04 1.3514116e-05], ([3.4989419e-03 3.0828028e-03 3.4042108e-03 2.0958181e-03 1.7985035e-03
 1.3405506e-03 2.6928226e-03 5.3760567e-04 1.0604000e-03 4.0542345e-05]) 	 loss 1.973E+00 	 horizons 18.3
step 2160 	 return [0.00205244 0.00301859 0.0028281  0.00325112 0.0026332  0.00104833
 0.00225579 0.00189304 0.00283205 0.00065875], ([0.00245388 0.00325478 0.00265466 0.00465385 0.0035493  0.0015874
 0.00386242 0.00424754 0.00374952 0.00195437]) 	 loss 1.822E+00 	 horizons 18.2
step 2341 	 return [0.00216793 0.00126097 0.00153477 0.00341665 0.0022869  0.00231332
 0.00259138 0.00118139 0.00199632 0.00103352], ([0.00235469 0.00127111 0.00185084 0.00395347 0.002295   0.00408496
 0.00364816 0.00285538 0.00266474 0.00275026]) 	 loss 1.643E+00 	 horizons 18.1
step 2521 	 return [0.00237417 0.00398988 0.00589986 0.00276691 0.00290567 0.00084375
 0.00103208 0.00045613 0.00119843 0.00100419], ([0.00309822 0.00304047 0.00289039 0.00444662 0.00402927 0.00125763
 0.00197927 0.00091563 0.00170481 0.00200901]) 	 loss 1.374E+00 	 horizons 18.0
step 2711 	 return [0.00036608 0.00288872 0.00523219 0.00626714 0.00230694 0.00467195
 0.00794301 0.00394231 0.00275351 0.00230147], ([0.00073222 0.00325933 0.00193992 0.0064211  0.00287138 0.00457923
 0.00748373 0.00513831 0.0025619  0.00242978]) 	 loss 1.184E+00 	 horizons 19.0
step 2896 	 return [0.0049243  0.00397807 0.00162829 0.00037588 0.00106407 0.00056836
 0.00085687 0.00117104 0.00054424 0.00061652], ([0.00460172 0.00201859 0.00241056 0.0005704  0.00112097 0.00077483
 0.00136162 0.00123305 0.00108852 0.00123185]) 	 loss 1.077E+00 	 horizons 18.5
step 3086 	 return [0.0002789  0.00350094 0.00460578 0.00526237 0.00605018 0.00536224
 0.00479154 0.00223954 0.00459846 0.00677036], ([0.00073237 0.00371474 0.00344594 0.00520741 0.00228834 0.00431109
 0.00583068 0.00258673 0.00391838 0.00452289]) 	 loss 1.011E+00 	 horizons 19.0
step 3266 	 return [0.00035072 0.00251365 0.00408662 0.006432   0.00406757 0.00312003
 0.00720334 0.00307916 0.00466982 0.00408167], ([0.00070148 0.00344317 0.00417029 0.00509287 0.00336418 0.00291172
 0.00676533 0.00312613 0.00417589 0.00271772]) 	 loss 9.761E-01 	 horizons 18.0
step 3451 	 return [0.00085967 0.00216958 0.00361104 0.00274733 0.00326734 0.00395295
 0.00404611 0.00239764 0.00235382 0.003243  ], ([0.00174304 0.00236048 0.00332021 0.00343766 0.0034315  0.00343959
 0.00394571 0.00286399 0.00219854 0.00339141]) 	 loss 9.698E-01 	 horizons 18.5
step 3641 	 return [0.00264695 0.00219383 0.0045182  0.00557884 0.00623468 0.00444144
 0.00585685 0.00156691 0.00202064 0.00351619], ([0.00287185 0.00330976 0.00373186 0.00445511 0.00371702 0.00469538
 0.00431407 0.00168464 0.00222826 0.00386118]) 	 loss 9.065E-01 	 horizons 19.0
step 3831 	 return [0.00076155 0.00283368 0.00501949 0.00685274 0.0036053  0.00706292
 0.00872159 0.00453107 0.00468418 0.00308845], ([0.00228466 0.00381011 0.00330256 0.0037281  0.00390619 0.00272571
 0.00584066 0.00377114 0.00291492 0.00312666]) 	 loss 8.822E-01 	 horizons 19.0
step 4021 	 return [0.00113208 0.00433215 0.00259592 0.00608995 0.00444546 0.00635634
 0.00579822 0.00379081 0.00468071 0.00159771], ([0.0019467  0.00285298 0.00289484 0.0040718  0.00284273 0.00570588
 0.00939436 0.00225473 0.00498041 0.00213566]) 	 loss 8.772E-01 	 horizons 19.0
step 4211 	 return [0.00043262 0.00341183 0.00439808 0.00641072 0.00529755 0.00349097
 0.00678333 0.00391538 0.00372142 0.00268847], ([0.00086611 0.00267704 0.00169763 0.00275143 0.00319324 0.00343149
 0.00425632 0.00356113 0.00286405 0.00231881]) 	 loss 8.675E-01 	 horizons 19.0
step 4401 	 return [0.00063061 0.00276224 0.00330389 0.00664271 0.00556179 0.0056812
 0.00624665 0.00617932 0.00540936 0.0051229 ], ([0.00189183 0.00270948 0.00388686 0.00426939 0.00349436 0.00377923
 0.00418926 0.00448878 0.00270743 0.00262286]) 	 loss 8.524E-01 	 horizons 19.0
step 4591 	 return [0.00012123 0.0020388  0.0065884  0.00876284 0.00543319 0.00862079
 0.01409059 0.00427455 0.00425874 0.00463613], ([0.00036369 0.0033294  0.00403872 0.0052858  0.00473286 0.00431398
 0.00509185 0.00507465 0.00334476 0.00371212]) 	 loss 8.519E-01 	 horizons 19.0
step 4781 	 return [0.         0.00373233 0.00415737 0.0074547  0.00431675 0.00694146
 0.00979474 0.00508736 0.0045114  0.00571867], ([0.         0.00320082 0.00429633 0.00331076 0.00316598 0.00454861
 0.00456144 0.00333286 0.00383837 0.00398108]) 	 loss 8.242E-01 	 horizons 19.0
step 4971 	 return [0.00013884 0.0017798  0.00448157 0.0094316  0.00528605 0.00799984
 0.0115104  0.00815171 0.00520878 0.00343035], ([0.00041652 0.00232395 0.00365848 0.00718199 0.00323777 0.00328794
 0.00395297 0.00573304 0.00367269 0.00388873]) 	 loss 8.286E-01 	 horizons 19.0
step 5161 	 return [0.         0.00334483 0.00667961 0.01214116 0.003973   0.00878896
 0.01771989 0.00274976 0.0016629  0.00161651], ([0.         0.00311918 0.00506767 0.00371207 0.00288707 0.00514967
 0.00621764 0.00195204 0.00160277 0.0020009 ]) 	 loss 8.157E-01 	 horizons 19.0
step 5351 	 return [0.         0.0018703  0.00532882 0.00684634 0.00677271 0.00456142
 0.00985023 0.00223935 0.00489669 0.00501472], ([0.         0.00425181 0.00377995 0.00422891 0.00303458 0.00242176
 0.00490614 0.00271474 0.0028359  0.00292315]) 	 loss 8.128E-01 	 horizons 19.0
step 5541 	 return [0.00012234 0.00597411 0.00456242 0.01167538 0.00542638 0.00726417
 0.01659095 0.00498581 0.00411995 0.00586393], ([0.00036702 0.00464105 0.00374253 0.00464283 0.00460148 0.00364863
 0.00603251 0.003209   0.00439764 0.00346108]) 	 loss 7.843E-01 	 horizons 19.0
step 5731 	 return [0.00096456 0.00321956 0.00547899 0.01058958 0.0043117  0.00970849
 0.01055049 0.00542063 0.00559266 0.00719978], ([0.00289369 0.00467416 0.00394604 0.00246122 0.00391951 0.00420821
 0.00504407 0.00489794 0.00459815 0.00486663]) 	 loss 8.045E-01 	 horizons 19.0
step 5921 	 return [0.         0.0038539  0.00436741 0.01098802 0.00587854 0.00528861
 0.01052988 0.00480476 0.00597531 0.00417908], ([0.         0.00432019 0.00281932 0.00501001 0.0034412  0.00268595
 0.00289756 0.00471548 0.00383033 0.00322602]) 	 loss 7.994E-01 	 horizons 19.0
step 6111 	 return [0.00011959 0.0036589  0.0071408  0.0116626  0.00811206 0.00739793
 0.0153636  0.00620773 0.00441181 0.00257185], ([0.00035878 0.00433678 0.00386235 0.00428777 0.00266698 0.0032341
 0.00724262 0.00509968 0.00331213 0.00324695]) 	 loss 7.735E-01 	 horizons 19.0
step 6301 	 return [0.00142155 0.00582082 0.00293667 0.00736716 0.00563737 0.0053909
 0.01202242 0.00550164 0.00607206 0.00388597], ([0.00286356 0.00547533 0.00274582 0.00403245 0.00299862 0.00525056
 0.00879801 0.00442184 0.00519745 0.00473677]) 	 loss 7.413E-01 	 horizons 19.0
step 6491 	 return [0.         0.00198375 0.00552196 0.00923104 0.00656156 0.00996603
 0.01411434 0.00568723 0.00496472 0.00548843], ([0.         0.00227323 0.00121852 0.00462851 0.00304919 0.0024348
 0.00485414 0.00440647 0.00273407 0.00450963]) 	 loss 7.780E-01 	 horizons 19.0
step 6681 	 return [0.         0.00236207 0.00519332 0.01050955 0.00625078 0.00892275
 0.00875477 0.00783559 0.00611179 0.00575246], ([0.         0.00283285 0.00350735 0.0043643  0.00477609 0.0036419
 0.00663794 0.00428256 0.00315923 0.0032294 ]) 	 loss 7.467E-01 	 horizons 19.0
step 6871 	 return [0.00024622 0.00204469 0.00802526 0.01036968 0.0086253  0.00707974
 0.01362417 0.00693704 0.00516616 0.00616464], ([0.00049278 0.00174621 0.00313568 0.00500258 0.00267813 0.00345346
 0.00468554 0.00433776 0.00326091 0.00227998]) 	 loss 7.135E-01 	 horizons 19.0
step 7061 	 return [0.         0.00220908 0.00548039 0.00813245 0.00702617 0.00849838
 0.01632768 0.00590803 0.00573792 0.0083706 ], ([0.         0.00277454 0.00237501 0.00249439 0.003749   0.00299618
 0.00721635 0.00325478 0.00321586 0.00263238]) 	 loss 6.669E-01 	 horizons 19.0
step 7251 	 return [0.00063437 0.00547763 0.00560769 0.01129873 0.00511893 0.00687332
 0.01484761 0.00642732 0.00767034 0.00431281], ([0.0019031  0.00317164 0.00166052 0.00426575 0.00358509 0.00489888
 0.0071871  0.00447206 0.00582223 0.00353417]) 	 loss 6.643E-01 	 horizons 19.0
step 7441 	 return [0.0001744  0.00329306 0.00525604 0.00887559 0.0048838  0.00793668
 0.01299668 0.0066818  0.00567298 0.00449005], ([0.00052321 0.00374096 0.00310063 0.00264662 0.00240801 0.00318272
 0.00558566 0.00296334 0.00434035 0.00320025]) 	 loss 6.447E-01 	 horizons 19.0
step 7631 	 return [0.00019204 0.00350345 0.00624139 0.00968653 0.00758078 0.00864326
 0.01589459 0.00787018 0.0080946  0.00850331], ([0.00057613 0.00364846 0.00307751 0.00207634 0.00302602 0.00216302
 0.00619785 0.00327093 0.00565954 0.00217291]) 	 loss 6.644E-01 	 horizons 19.0
step 7821 	 return [0.         0.00287287 0.00642968 0.01223576 0.00578078 0.0094813
 0.02189083 0.0068474  0.00548332 0.00691304], ([0.         0.00411867 0.00458009 0.00373996 0.00297645 0.00463214
 0.00583646 0.00290233 0.00461986 0.00287863]) 	 loss 6.156E-01 	 horizons 19.0
step 8011 	 return [0.00012308 0.00668013 0.00494181 0.0106526  0.00724401 0.00989125
 0.01889858 0.00827028 0.00933827 0.00612804], ([0.00036923 0.00329243 0.00293824 0.00496524 0.0021189  0.00363716
 0.00484787 0.00279475 0.00449075 0.00391243]) 	 loss 6.286E-01 	 horizons 19.0
step 8201 	 return [0.         0.00340165 0.0077729  0.00823082 0.01012268 0.00662493
 0.01374918 0.00827869 0.00822539 0.00495591], ([0.         0.00453718 0.00200721 0.00544639 0.00200088 0.00255191
 0.00490866 0.00179061 0.00376877 0.0040699 ]) 	 loss 5.790E-01 	 horizons 19.0
step 8391 	 return [0.         0.00282959 0.00715983 0.01107116 0.00818939 0.00707818
 0.01633997 0.00792726 0.0076386  0.00737333], ([0.         0.00318214 0.00374917 0.00418998 0.00221696 0.00279215
 0.00513088 0.00303167 0.00388379 0.00369133]) 	 loss 5.616E-01 	 horizons 19.0
step 8581 	 return [0.00115722 0.00132568 0.00547239 0.00807594 0.00612707 0.0095419
 0.01178546 0.00599373 0.00501873 0.00538184], ([0.00271768 0.00225801 0.00200576 0.00195767 0.00311815 0.0035553
 0.00501593 0.00136733 0.00312926 0.00357747]) 	 loss 5.648E-01 	 horizons 19.0
step 8771 	 return [0.         0.00308362 0.00725308 0.01117929 0.00751661 0.00888446
 0.01510795 0.00721896 0.00589917 0.00487555], ([0.         0.00286747 0.00225708 0.00520826 0.00488678 0.00333372
 0.00908086 0.0040107  0.00365554 0.00343948]) 	 loss 5.659E-01 	 horizons 19.0
step 8961 	 return [0.00075286 0.00282355 0.0065167  0.01079154 0.00955297 0.00612111
 0.01170457 0.0078393  0.00506623 0.00158507], ([0.00171376 0.00290962 0.00270248 0.00363576 0.00254107 0.00265284
 0.00838455 0.00342037 0.00453605 0.00248327]) 	 loss 5.272E-01 	 horizons 19.0
step 9151 	 return [0.00016436 0.00115549 0.00564153 0.00805603 0.00806575 0.00891297
 0.01574308 0.00727122 0.00601796 0.00681111], ([0.00049307 0.00236659 0.00231011 0.0034715  0.0033265  0.00220117
 0.0060521  0.00441298 0.00355375 0.00295185]) 	 loss 5.073E-01 	 horizons 19.0
step 9341 	 return [0.         0.00443958 0.00696405 0.00973877 0.01168928 0.0070105
 0.01715088 0.00623211 0.00789881 0.00431222], ([0.         0.00354884 0.003289   0.00568968 0.00289081 0.00202954
 0.0066915  0.0026321  0.00436341 0.00371763]) 	 loss 5.312E-01 	 horizons 19.0
step 9531 	 return [0.00178907 0.00569518 0.00671793 0.01017509 0.00613714 0.00948861
 0.01213267 0.00610476 0.00424502 0.00551419], ([0.00274401 0.00139996 0.00217313 0.00187375 0.00248551 0.00374495
 0.00920151 0.00334171 0.00341138 0.0040908 ]) 	 loss 4.836E-01 	 horizons 19.0
step 9721 	 return [0.         0.00505215 0.00552386 0.01253061 0.00888064 0.00969523
 0.0171964  0.00830342 0.00915664 0.00609179], ([0.         0.00233664 0.00063765 0.0034531  0.00188382 0.00178199
 0.00375405 0.0025343  0.00296742 0.00328734]) 	 loss 4.615E-01 	 horizons 19.0
step 9911 	 return [0.00056102 0.0023764  0.00646886 0.01111937 0.00830537 0.01026193
 0.00660485 0.00352828 0.00448788 0.0047125 ], ([0.00168307 0.0028178  0.00212339 0.00158446 0.00274711 0.00299416
 0.00486459 0.00303783 0.00398953 0.00407195]) 	 loss 4.716E-01 	 horizons 19.0
step 10101 	 return [0.         0.00039916 0.00784022 0.01063889 0.01014294 0.00767401
 0.01540833 0.00793756 0.00661508 0.00735219], ([0.         0.00119747 0.00342602 0.00378881 0.0023718  0.00270579
 0.0070155  0.00368959 0.00275258 0.0028442 ]) 	 loss 4.998E-01 	 horizons 19.0
step 10291 	 return [0.00053732 0.00158337 0.00929715 0.01299612 0.01195004 0.00789859
 0.0128727  0.00851081 0.00729332 0.00657875], ([0.00161196 0.00241985 0.00257412 0.00471868 0.00333278 0.0018649
 0.00686895 0.0036741  0.00408481 0.0028638 ]) 	 loss 4.441E-01 	 horizons 19.0
step 10481 	 return [0.00048283 0.00148956 0.00635793 0.00748282 0.00809319 0.00602603
 0.01003128 0.00792745 0.00630125 0.00337095], ([0.00075729 0.0016437  0.00233672 0.00400958 0.00298439 0.00273031
 0.00307728 0.0040275  0.00314351 0.00345962]) 	 loss 4.378E-01 	 horizons 19.0
step 10671 	 return [0.00013064 0.01052144 0.00125105 0.00905188 0.00556838 0.00299069
 0.0105225  0.00499872 0.00538967 0.00371604], ([0.00039193 0.00367995 0.002627   0.00406084 0.00219079 0.00161399
 0.00475248 0.00410048 0.00304525 0.00258473]) 	 loss 4.454E-01 	 horizons 19.0
step 10861 	 return [0.         0.00082035 0.00706611 0.00667619 0.00751424 0.00847979
 0.01287995 0.00731984 0.00562668 0.00617201], ([0.         0.00147522 0.00063344 0.00195458 0.0013991  0.00315421
 0.00434472 0.00312872 0.00070407 0.00289904]) 	 loss 4.742E-01 	 horizons 19.0
step 11051 	 return [0.         0.00169931 0.00746276 0.0103278  0.00830166 0.0070705
 0.01860866 0.00758308 0.00819887 0.00617209], ([0.         0.0026539  0.00269779 0.00405049 0.00282348 0.00254324
 0.00600822 0.00353996 0.00362841 0.0026743 ]) 	 loss 4.207E-01 	 horizons 19.0
step 11241 	 return [0.         0.00271917 0.00832427 0.0096577  0.00873405 0.0089477
 0.02092812 0.00884209 0.00915614 0.00696664], ([0.         0.00349085 0.00282809 0.00380903 0.0022332  0.00207628
 0.00564215 0.00194032 0.00451408 0.00324698]) 	 loss 4.134E-01 	 horizons 19.0
step 11431 	 return [0.         0.00151639 0.00706652 0.00838082 0.00720873 0.00867158
 0.01646341 0.00766255 0.00661396 0.00727129], ([0.         0.0021963  0.00272126 0.00535538 0.00439916 0.00313284
 0.00440742 0.0032617  0.00505095 0.00264256]) 	 loss 4.068E-01 	 horizons 19.0
step 11621 	 return [0.         0.0022107  0.00597381 0.00137153 0.01324865 0.00749438
 0.01119152 0.00183785 0.00539192 0.00664638], ([0.         0.0027218  0.00305844 0.0034135  0.00176377 0.00311068
 0.00272463 0.00310823 0.00211641 0.00130428]) 	 loss 4.399E-01 	 horizons 19.0
step 11811 	 return [0.0003835  0.00105395 0.00507321 0.00856911 0.00614073 0.00600739
 0.0106225  0.00771113 0.00491663 0.00555377], ([0.0008266  0.00176773 0.00115614 0.00279734 0.00195298 0.00233329
 0.00333551 0.00423059 0.00221221 0.00181519]) 	 loss 3.750E-01 	 horizons 19.0
step 12001 	 return [0.00026066 0.00052566 0.00423911 0.00785142 0.00590388 0.01010422
 0.00512047 0.00521228 0.00582297 0.00982711], ([0.00078198 0.00144775 0.0024505  0.00277184 0.00240963 0.0025507
 0.00230456 0.00260587 0.00370685 0.00447018]) 	 loss 3.985E-01 	 horizons 19.0
step 12191 	 return [0.00063372 0.00047171 0.00418617 0.00799084 0.00600187 0.00926006
 0.00809979 0.00556282 0.00579917 0.00994099], ([0.00190116 0.00141512 0.00268986 0.00205941 0.00304415 0.00253671
 0.00453367 0.0030879  0.00302179 0.00466455]) 	 loss 4.408E-01 	 horizons 19.0
step 12381 	 return [0.         0.00645598 0.00713718 0.01111389 0.00809137 0.01003488
 0.01996546 0.0086274  0.01055599 0.00780003], ([0.         0.00403383 0.00288746 0.00248916 0.00347858 0.00294964
 0.00718656 0.00323259 0.0050442  0.00298784]) 	 loss 3.791E-01 	 horizons 19.0
step 12571 	 return [0.         0.00662624 0.00595547 0.01484849 0.01010208 0.00781391
 0.01700464 0.00953238 0.00835175 0.00512075], ([0.         0.00289862 0.00013536 0.00363722 0.00299465 0.00286423
 0.0073316  0.00330074 0.00489574 0.00401232]) 	 loss 3.271E-01 	 horizons 19.0
step 12761 	 return [0.00063427 0.00019405 0.00670591 0.00834729 0.0063452  0.00930484
 0.00655953 0.00484254 0.00529094 0.00840852], ([0.0019028  0.00052057 0.00203508 0.00118319 0.00282202 0.00313944
 0.00381075 0.00201238 0.00321243 0.00391398]) 	 loss 3.149E-01 	 horizons 19.0
step 12951 	 return [0.         0.00513923 0.00661276 0.0121048  0.01039732 0.00736195
 0.01829257 0.00904646 0.00939877 0.00458362], ([0.         0.00357846 0.0019145  0.00590056 0.00244479 0.00254512
 0.00613883 0.00193573 0.00384124 0.0031789 ]) 	 loss 3.243E-01 	 horizons 19.0
step 13141 	 return [0.00042281 0.00504356 0.00358194 0.00839312 0.00595361 0.00859188
 0.01052476 0.0099707  0.00843232 0.0066952 ], ([0.00126844 0.00150707 0.00251198 0.0020643  0.00282261 0.00340501
 0.00491777 0.00439914 0.00374046 0.00242163]) 	 loss 2.980E-01 	 horizons 19.0
step 13331 	 return [0.00051246 0.00085384 0.00624621 0.00898324 0.00693268 0.0066895
 0.01172495 0.00807151 0.00531034 0.00537463], ([0.0007989  0.00094713 0.0024649  0.00251653 0.00255389 0.0018933
 0.00399495 0.00285055 0.0034667  0.00278614]) 	 loss 2.793E-01 	 horizons 19.0
step 13521 	 return [0.         0.00335952 0.00351374 0.00788863 0.00446944 0.00921235
 0.01431254 0.00882598 0.00840603 0.00740966], ([0.         0.00245653 0.00254277 0.00243659 0.00208444 0.0030489
 0.00512162 0.00363671 0.00407027 0.00248059]) 	 loss 2.943E-01 	 horizons 19.0
step 13711 	 return [0.         0.00377887 0.00510934 0.00955445 0.00570901 0.01176651
 0.01225744 0.0069346  0.00528114 0.01072188], ([0.         0.00188736 0.00122081 0.00322504 0.00138367 0.00192859
 0.00415813 0.00427476 0.00374726 0.00259272]) 	 loss 2.704E-01 	 horizons 19.0
step 13901 	 return [0.00344144 0.00624835 0.00638241 0.00834833 0.0072889  0.00667234
 0.00754368 0.0063321  0.00238873 0.00335023], ([0.00268446 0.00100089 0.003029   0.00261044 0.00285751 0.0020813
 0.00556664 0.00258645 0.00241905 0.00439845]) 	 loss 3.099E-01 	 horizons 19.0
step 14091 	 return [0.00075619 0.00368793 0.00477007 0.01096611 0.00870832 0.004044
 0.0077017  0.00350585 0.00350365 0.00451578], ([0.00188748 0.00300504 0.00125175 0.00483435 0.00350028 0.00257832
 0.00373619 0.00459153 0.00338203 0.00219121]) 	 loss 2.936E-01 	 horizons 19.0
step 14281 	 return [0.         0.00430668 0.00549723 0.01353708 0.01026778 0.00536589
 0.00984296 0.00657146 0.00685733 0.00496511], ([0.         0.00150723 0.00080539 0.00566998 0.00381563 0.00184608
 0.00535065 0.00521169 0.00427432 0.00302617]) 	 loss 3.060E-01 	 horizons 19.0
step 14471 	 return [0.         0.00013039 0.00740004 0.00966385 0.00775928 0.00891922
 0.00841971 0.00403802 0.00516853 0.01143041], ([0.         0.00039117 0.00242327 0.00173278 0.00168167 0.00143247
 0.00430986 0.00278791 0.00328306 0.00264576]) 	 loss 3.027E-01 	 horizons 19.0
step 14661 	 return [0.         0.00943194 0.00614316 0.01140148 0.0089377  0.00986689
 0.02358749 0.00909051 0.01408377 0.00889485], ([0.         0.00202409 0.00075009 0.00230284 0.00130632 0.00113099
 0.0008459  0.00023547 0.0004541  0.00297809]) 	 loss 2.630E-01 	 horizons 19.0
step 14851 	 return [0.00018379 0.00353524 0.00610843 0.01481841 0.0111482  0.00170903
 0.00782071 0.00388221 0.00764532 0.00689477], ([0.00040725 0.00243514 0.00065133 0.00183236 0.00131336 0.00127246
 0.00214123 0.00247281 0.00242782 0.00151018]) 	 loss 2.646E-01 	 horizons 19.0
step 15041 	 return [0.00017743 0.00283677 0.00891226 0.00927112 0.00938028 0.00518802
 0.01239129 0.00762499 0.00859784 0.00292924], ([0.00053229 0.00301984 0.00356894 0.00496335 0.00353074 0.00311636
 0.00440431 0.00451793 0.00303802 0.00365557]) 	 loss 2.626E-01 	 horizons 19.0
step 15231 	 return [0.         0.0065985  0.00752787 0.01613163 0.00977221 0.00571303
 0.01357641 0.00916927 0.00761862 0.00741122], ([0.         0.00365783 0.00203949 0.00378446 0.00214563 0.00369163
 0.00836161 0.00335186 0.00521845 0.00288929]) 	 loss 2.775E-01 	 horizons 19.0
step 15421 	 return [0.         0.00887525 0.00643361 0.0161144  0.00831403 0.0083934
 0.019786   0.0086445  0.01156592 0.00569903], ([0.         0.00235192 0.00110138 0.00247952 0.00225748 0.00289653
 0.00647887 0.0019001  0.00374584 0.00466828]) 	 loss 2.458E-01 	 horizons 19.0
step 15611 	 return [0.         0.00479018 0.00525303 0.00851603 0.00615617 0.0073224
 0.01436724 0.00638383 0.0056673  0.00378275], ([0.         0.00422342 0.00198819 0.00227396 0.00140012 0.0014733
 0.00393542 0.00221669 0.00347445 0.00300165]) 	 loss 2.025E-01 	 horizons 19.0
step 15801 	 return [0.         0.00203707 0.00661089 0.00830729 0.00693523 0.0077792
 0.01456077 0.0070348  0.00673395 0.00638989], ([0.         0.00178388 0.0016441  0.00139098 0.002018   0.00246409
 0.00366781 0.00233252 0.0042823  0.00317565]) 	 loss 2.368E-01 	 horizons 19.0
step 15991 	 return [0.         0.00510063 0.00942076 0.01301013 0.00775537 0.00888964
 0.0228074  0.00859019 0.01229451 0.00845586], ([0.         0.00185051 0.00263481 0.00213458 0.00240492 0.00148148
 0.00239142 0.00127911 0.00400033 0.00267672]) 	 loss 2.351E-01 	 horizons 19.0
step 16181 	 return [0.         0.00560701 0.00323483 0.00717161 0.00220359 0.00828558
 0.01412964 0.00894209 0.00694152 0.00906366], ([0.         0.00122084 0.00219802 0.00127688 0.00169318 0.00195367
 0.00453236 0.00281232 0.00332088 0.00153089]) 	 loss 2.173E-01 	 horizons 19.0
step 16371 	 return [0.         0.00180533 0.00615647 0.00888523 0.00697215 0.00777279
 0.01514548 0.00953202 0.00813383 0.00472861], ([0.         0.00193466 0.00149913 0.00231078 0.00300235 0.00187314
 0.00335298 0.00295553 0.00321145 0.00338527]) 	 loss 1.857E-01 	 horizons 19.0
step 16561 	 return [0.         0.00887821 0.00504335 0.01339039 0.00714223 0.01010027
 0.02332896 0.00971283 0.013799   0.00966715], ([0.         0.00173714 0.00199738 0.00221792 0.00232195 0.00077697
 0.00194968 0.00154166 0.00151004 0.00022796]) 	 loss 2.101E-01 	 horizons 19.0
step 16751 	 return [0.00040086 0.00066703 0.00574129 0.00787264 0.00671521 0.01027473
 0.00886696 0.00592627 0.00667251 0.00879267], ([0.00120259 0.00123016 0.00084541 0.00095848 0.00203169 0.00476465
 0.00332666 0.002003   0.00300867 0.00404359]) 	 loss 1.559E-01 	 horizons 19.0
step 16941 	 return [0.         0.00567978 0.00690451 0.01314711 0.010554   0.00754157
 0.01270382 0.00740294 0.00690589 0.00787952], ([0.         0.00287266 0.00155138 0.00191129 0.00305667 0.00332808
 0.00831124 0.00366986 0.00463227 0.00189199]) 	 loss 1.397E-01 	 horizons 19.0
step 17131 	 return [0.         0.00256967 0.00617336 0.01319237 0.00889823 0.00658863
 0.0092872  0.01077303 0.00696088 0.00228949], ([0.         0.00188506 0.00204628 0.00479225 0.00376392 0.00277437
 0.00494707 0.00415126 0.0032776  0.00247685]) 	 loss 1.402E-01 	 horizons 19.0
step 17321 	 return [0.         0.0030407  0.00588883 0.01070852 0.00737342 0.00870361
 0.0131781  0.01036812 0.00901763 0.00253074], ([0.         0.00259667 0.0011225  0.00256189 0.0017169  0.00096587
 0.00537    0.00349615 0.00316226 0.00360683]) 	 loss 1.371E-01 	 horizons 19.0
step 17511 	 return [0.         0.01073009 0.00617363 0.01352156 0.00725255 0.01054458
 0.02412677 0.00916137 0.01419347 0.00972688], ([0.0000000e+00 3.7796740e-04 5.4409727e-05 1.6065544e-03 8.3669578e-04
 2.3351424e-05 2.3169143e-04 3.9618467e-06 2.1936838e-05 3.7032922e-05]) 	 loss 1.401E-01 	 horizons 19.0
step 17701 	 return [0.         0.00531405 0.00637251 0.01467402 0.01135655 0.00368675
 0.00992146 0.00194067 0.00798673 0.0073199 ], ([0.         0.00038409 0.00101845 0.00144116 0.00154248 0.00147296
 0.00116722 0.00164916 0.00165154 0.00188527]) 	 loss 1.203E-01 	 horizons 19.0
step 17891 	 return [0.00052662 0.00478795 0.00508531 0.00882276 0.00751008 0.01210069
 0.0074716  0.00486073 0.00594556 0.00656544], ([0.00105331 0.00173547 0.0020593  0.00189431 0.00223783 0.00222928
 0.00420165 0.00131181 0.00350414 0.00358524]) 	 loss 1.247E-01 	 horizons 19.0
step 18081 	 return [0.00314237 0.00770854 0.00476689 0.00368502 0.00678272 0.0067262
 0.00556428 0.00430145 0.00404134 0.00401433], ([0.00270235 0.00135959 0.00244073 0.0030237  0.00193879 0.00347551
 0.00403321 0.00248536 0.00238603 0.00346115]) 	 loss 1.729E-01 	 horizons 19.0
step 18271 	 return [0.00070334 0.0028522  0.00664297 0.00972275 0.00975629 0.00627857
 0.00986164 0.00786453 0.00752458 0.00213636], ([0.00087782 0.00189842 0.0020187  0.00474019 0.00317884 0.00219193
 0.00204602 0.00411115 0.00249084 0.00262872]) 	 loss 1.369E-01 	 horizons 19.0
step 18461 	 return [0.00080138 0.00365529 0.00676563 0.01235738 0.00984253 0.00360694
 0.00859688 0.00532916 0.0077945  0.00415322], ([0.00084323 0.00315145 0.00158303 0.00219985 0.00159403 0.00266994
 0.00363138 0.004241   0.00256437 0.00258735]) 	 loss 1.149E-01 	 horizons 19.0
step 18651 	 return [0.00069675 0.00577421 0.00705683 0.0109011  0.00853201 0.00628736
 0.00847742 0.00640427 0.00545152 0.00192396], ([0.00086465 0.00098606 0.00168687 0.00477253 0.00209282 0.00204044
 0.00177674 0.00414253 0.00279047 0.00222634]) 	 loss 1.395E-01 	 horizons 19.0
step 18841 	 return [0.00247702 0.00649045 0.00528452 0.0075566  0.00522896 0.00825796
 0.00902527 0.00561737 0.00442515 0.00414182], ([0.00092763 0.00043913 0.00077976 0.00024203 0.00119558 0.0011093
 0.00260964 0.00025912 0.00025716 0.0020699 ]) 	 loss 1.066E-01 	 horizons 19.0
step 19031 	 return [0.00059431 0.0046164  0.00558021 0.00574594 0.0103588  0.00736373
 0.01360228 0.00915988 0.00807768 0.00544528], ([0.00127658 0.00139635 0.00187643 0.00393832 0.00482876 0.00149952
 0.00465513 0.00242827 0.00381488 0.00258927]) 	 loss 9.331E-02 	 horizons 19.0
step 19221 	 return [0.         0.01073009 0.00617363 0.01352156 0.00725255 0.01054458
 0.02412677 0.00916137 0.01419347 0.00972688], ([0.0000000e+00 3.7796740e-04 5.4409731e-05 1.6065543e-03 8.3669578e-04
 2.3351427e-05 2.3169140e-04 3.9618471e-06 2.1936834e-05 3.7032922e-05]) 	 loss 9.649E-02 	 horizons 19.0
step 19411 	 return [0.00038645 0.00214726 0.00706539 0.00831733 0.00788147 0.00549434
 0.01083841 0.00675286 0.00537615 0.0022596 ], ([0.00077301 0.00280223 0.00212936 0.00273472 0.00270385 0.00169575
 0.00445019 0.00201922 0.00376487 0.00210692]) 	 loss 5.721E-02 	 horizons 19.0
step 19601 	 return [0.00032369 0.00165486 0.00856772 0.00913307 0.0093153  0.00959774
 0.01364856 0.00772088 0.00570563 0.00225567], ([0.00065879 0.00253174 0.0033633  0.00259116 0.00155756 0.00280046
 0.00375054 0.00290934 0.00380069 0.00241814]) 	 loss 8.495E-02 	 horizons 19.0
step 19791 	 return [0.         0.00741746 0.00641972 0.01376452 0.0090252  0.00974653
 0.0235799  0.00980535 0.01393868 0.00976401], ([0.0000000e+00 1.7282093e-03 1.7693798e-03 3.5040520e-04 1.2253779e-03
 9.2828053e-04 2.0727683e-03 1.5897971e-03 1.5171431e-03 3.0606032e-05]) 	 loss 1.054E-01 	 horizons 19.0
step 19981 	 return [0.00066604 0.00085764 0.0048353  0.00780218 0.00568019 0.00938269
 0.01247001 0.00652214 0.0043093  0.00918956], ([0.00136619 0.00177637 0.003037   0.00152107 0.00285724 0.00334661
 0.00493402 0.00319227 0.0024636  0.00355259]) 	 loss 6.652E-02 	 horizons 19.0
step 20171 	 return [0.         0.00455998 0.00561998 0.00832681 0.00708979 0.01344312
 0.01194959 0.00462762 0.00388966 0.00899616], ([0.         0.00122735 0.00044893 0.0012305  0.00230352 0.00289701
 0.00386796 0.00148781 0.00321539 0.00342183]) 	 loss 7.770E-02 	 horizons 19.0
step 20361 	 return [0.0007849  0.00635497 0.00287003 0.00821357 0.0044054  0.01157279
 0.01404252 0.00634671 0.00393539 0.00857026], ([0.00119906 0.00084446 0.00254838 0.00052883 0.00291041 0.00346949
 0.00396423 0.00234043 0.00166174 0.00354845]) 	 loss 6.417E-02 	 horizons 19.0
step 20551 	 return [0.00031461 0.00601972 0.00626767 0.01221845 0.01066101 0.00361203
 0.00976874 0.00405926 0.009032   0.00477461], ([0.00064086 0.0019122  0.00163346 0.00340231 0.00216089 0.00207921
 0.00181422 0.00369529 0.00132341 0.00250136]) 	 loss 7.168E-02 	 horizons 19.0
step 20741 	 return [0.         0.0072171  0.00491388 0.01273809 0.0079341  0.0043446
 0.01178362 0.00412669 0.00978695 0.00691507], ([0.         0.00243315 0.00187963 0.00257009 0.00318421 0.003385
 0.0056028  0.00252159 0.00229709 0.00131664]) 	 loss 7.535E-02 	 horizons 19.0
step 20931 	 return [0.         0.00709222 0.00613394 0.01257014 0.00908093 0.01021341
 0.02367982 0.00898438 0.01353057 0.00906152], ([0.         0.00148185 0.00102063 0.00236558 0.00178486 0.001529
 0.00148032 0.00091649 0.00286114 0.00210047]) 	 loss 5.689E-02 	 horizons 19.0
step 21121 	 return [0.         0.00627556 0.00797093 0.01182802 0.00885442 0.00898718
 0.0224708  0.00865573 0.01298158 0.00883644], ([0.         0.00274588 0.00275113 0.00242675 0.00135499 0.00128347
 0.00341264 0.00127446 0.00291534 0.00242577]) 	 loss 6.830E-02 	 horizons 19.0
step 21311 	 return [0.         0.00581798 0.0087828  0.01239769 0.00940496 0.00887094
 0.02348647 0.00890281 0.01390875 0.00917992], ([0.         0.00207036 0.00276978 0.00231831 0.00132469 0.00117688
 0.00177101 0.00102872 0.00134719 0.00232268]) 	 loss 7.653E-02 	 horizons 19.0
step 21501 	 return [0.00027045 0.0079948  0.00650349 0.01323473 0.00870685 0.010308
 0.02192806 0.00932958 0.01278454 0.00903818], ([0.00081136 0.00245605 0.00103468 0.00166478 0.00274242 0.00112584
 0.00445981 0.00207066 0.00313856 0.00182785]) 	 loss 6.571E-02 	 horizons 19.0
step 21691 	 return [0.00273648 0.00662089 0.00554524 0.0075283  0.00562813 0.0079908
 0.00816378 0.00553072 0.00433893 0.00345178], ([4.2543287e-04 2.4741396e-04 2.5371881e-05 2.1741679e-04 1.8595672e-05
 6.8304368e-04 1.7463861e-04 8.7568533e-06 2.1705917e-05 2.1273968e-06]) 	 loss 4.536E-02 	 horizons 19.0
step 21881 	 return [0.         0.0106041  0.00619177 0.01405708 0.00697365 0.0105368
 0.024204   0.00916269 0.01418616 0.00971454], ([0.0000000e+00 9.3132257e-10 4.6566129e-10 1.8626451e-09 0.0000000e+00
 9.3132257e-10 1.8626451e-09 9.3132257e-10 9.3132257e-10 0.0000000e+00]) 	 loss 2.997E-02 	 horizons 19.0
step 22071 	 return [0.00259467 0.00670336 0.0055537  0.00760077 0.00563433 0.00821848
 0.008222   0.0055278  0.0043317  0.00345107], ([2.3283064e-10 4.6566129e-10 4.6566129e-10 4.6566129e-10 4.6566129e-10
 9.3132257e-10 9.3132257e-10 4.6566129e-10 0.0000000e+00 2.3283064e-10]) 	 loss 2.396E-02 	 horizons 19.0
step 22261 	 return [0.         0.01033556 0.00610841 0.01328426 0.00753857 0.01049048
 0.02422056 0.00918329 0.01422327 0.00986167], ([0.0000000e+00 1.1643782e-03 1.5567805e-04 1.5770793e-03 1.1508598e-03
 1.3929913e-04 3.0951560e-04 4.8537004e-05 1.1554075e-04 2.5340923e-04]) 	 loss 1.913E-02 	 horizons 19.0
step 22451 	 return [0.         0.0070098  0.00901256 0.01083831 0.00971511 0.00993305
 0.02380702 0.00924827 0.01437986 0.00988236], ([0.0000000e+00 1.3937062e-03 1.9638804e-03 2.5881804e-03 1.1152027e-03
 2.3651377e-03 4.8713275e-04 5.1892417e-05 8.5981395e-05 8.6419939e-05]) 	 loss 1.843E-02 	 horizons 19.0
step 22641 	 return [0.00163684 0.00472927 0.00750923 0.0119297  0.0126885  0.01013926
 0.01623792 0.00731713 0.00876561 0.00667022], ([0.00170945 0.00251729 0.0019991  0.00157353 0.00342174 0.00185475
 0.00651181 0.00196852 0.00466439 0.00311198]) 	 loss 3.641E-02 	 horizons 19.0
step 22831 	 return [0.00041779 0.0048951  0.00983873 0.00963557 0.01081066 0.00892403
 0.01860344 0.00816499 0.01287971 0.01048457], ([0.00125337 0.00320469 0.00195165 0.00182907 0.00079275 0.0010267
 0.00796692 0.00165532 0.00298768 0.0008016 ]) 	 loss 3.049E-02 	 horizons 19.0
step 23021 	 return [0.         0.00518746 0.01023405 0.01353962 0.00865217 0.00907444
 0.02238053 0.00888196 0.0139616  0.00990936], ([0.         0.00184874 0.00209002 0.00172559 0.00153198 0.00169313
 0.00571166 0.00112418 0.00113705 0.00028563]) 	 loss 3.356E-02 	 horizons 19.0
step 23211 	 return [0.         0.00518371 0.0112009  0.01474339 0.00813274 0.0083606
 0.02450956 0.00861898 0.0128885  0.00965754], ([0.         0.00184802 0.0024344  0.00163185 0.00094942 0.00026308
 0.00078327 0.00187624 0.00429812 0.00040045]) 	 loss 3.113E-02 	 horizons 19.0
step 23401 	 return [0.         0.01073009 0.00617363 0.01352157 0.00725255 0.01054458
 0.02412677 0.00916137 0.01419347 0.00972688], ([0.0000000e+00 3.7796740e-04 5.4409727e-05 1.6065544e-03 8.3669584e-04
 2.3351424e-05 2.3169145e-04 3.9618462e-06 2.1936838e-05 3.7032922e-05]) 	 loss 2.306E-02 	 horizons 19.0
step 23591 	 return [0.00259467 0.00670336 0.0055537  0.00760077 0.00563433 0.00821848
 0.008222   0.0055278  0.0043317  0.00345107], ([2.3283064e-10 4.6566129e-10 4.6566129e-10 4.6566129e-10 4.6566129e-10
 9.3132257e-10 9.3132257e-10 4.6566129e-10 0.0000000e+00 2.3283064e-10]) 	 loss 2.677E-02 	 horizons 19.0
step 23781 	 return [0.         0.00669382 0.00923453 0.01231606 0.0096853  0.00834621
 0.02407673 0.0092795  0.01442987 0.00989071], ([0.0000000e+00 6.5956602e-04 2.1651573e-03 2.1738838e-03 1.0338523e-03
 7.1958573e-05 4.1694453e-04 6.7580702e-05 1.4950681e-04 1.9248232e-04]) 	 loss 1.644E-02 	 horizons 19.0
step 23971 	 return [0.         0.01058442 0.00618515 0.01395602 0.00696957 0.01053242
 0.02424615 0.0091656  0.01418241 0.00977937], ([0.00000000e+00 5.90477139e-05 1.98659491e-05 3.03176232e-04
 1.22423280e-05 1.31319275e-05 1.26439336e-04 8.73254612e-06
 1.12568960e-05 1.94513806e-04]) 	 loss 3.179E-02 	 horizons 19.0
step 24161 	 return [0.         0.01149519 0.0061074  0.0092089  0.0095279  0.01038352
 0.02348898 0.00915711 0.01426841 0.00982054], ([0.0000000e+00 7.8249187e-04 2.3680268e-04 1.6182950e-03 8.6153159e-04
 6.6779944e-04 2.4564547e-04 1.8901326e-05 5.6151683e-05 3.8457427e-05]) 	 loss 2.442E-02 	 horizons 19.0
step 24351 	 return [0.         0.00747903 0.00950702 0.0092518  0.01039937 0.00894033
 0.02353184 0.00922924 0.01438247 0.00989914], ([0.0000000e+00 9.8056148e-04 2.1622002e-03 1.5217685e-03 3.0627355e-04
 1.5395639e-03 2.8151329e-04 4.6843394e-05 8.4510852e-05 7.3013856e-05]) 	 loss 2.480E-02 	 horizons 19.0
step 24541 	 return [0.00330373 0.006291   0.00551141 0.00723841 0.00560333 0.00708008
 0.00793093 0.0055424  0.00436787 0.00345461], ([7.0905476e-04 4.1235657e-04 4.2286469e-05 3.6236129e-04 3.0992785e-05
 1.1384061e-03 2.9106438e-04 1.4594756e-05 3.6176527e-05 3.5456617e-06]) 	 loss 2.874E-02 	 horizons 19.0
step 24731 	 return [0.         0.0106765  0.00576012 0.00885334 0.00862342 0.00977689
 0.02169679 0.00866453 0.01359097 0.00931746], ([0.         0.0031649  0.0008131  0.00207847 0.00262327 0.00248741
 0.00546699 0.00145928 0.00198069 0.00152086]) 	 loss 2.751E-02 	 horizons 19.0
step 24921 	 return [0.         0.00629271 0.00898138 0.00943194 0.01039572 0.00975671
 0.02263736 0.00886336 0.01397902 0.00989955], ([0.         0.00209765 0.00246567 0.00127722 0.00072388 0.00281014
 0.00316666 0.00115324 0.00121068 0.00038513]) 	 loss 2.481E-02 	 horizons 19.0
step 25111 	 return [0.         0.01186399 0.0060104  0.0087019  0.00976264 0.01061464
 0.02343169 0.00914948 0.01425928 0.00983798], ([0.000000e+00 0.000000e+00 4.656613e-10 9.313226e-10 9.313226e-10
 9.313226e-10 0.000000e+00 9.313226e-10 0.000000e+00 9.313226e-10]) 	 loss 3.191E-02 	 horizons 19.0
step 25301 	 return [0.         0.00669975 0.00850441 0.01273358 0.00957102 0.00852842
 0.02412853 0.00928638 0.01444473 0.00986017], ([0.0000000e+00 6.5976573e-04 1.9383588e-03 1.8969547e-03 1.1434680e-03
 5.7597650e-04 3.7912029e-04 8.1645143e-05 1.6002120e-04 2.0637327e-04]) 	 loss 1.988E-02 	 horizons 19.0
step 25491 	 return [0.         0.0069833  0.0104732  0.00933863 0.01047731 0.00895229
 0.02361309 0.0092278  0.01435417 0.00998196], ([0.0000000e+00 1.7023604e-05 1.5394063e-03 1.1401739e-03 2.5153797e-04
 1.5353393e-03 3.7638724e-04 5.5468703e-05 7.0488742e-05 1.5616164e-04]) 	 loss 3.032E-02 	 horizons 19.0
step 25681 	 return [0.00287829 0.00653842 0.00553678 0.00745583 0.00562193 0.00776312
 0.00810557 0.00553364 0.00434617 0.00345249], ([5.6724378e-04 3.2988528e-04 3.3829176e-05 2.8988905e-04 2.4794228e-05
 9.1072486e-04 2.3285150e-04 1.1675805e-05 2.8941222e-05 2.8365291e-06]) 	 loss 2.832E-02 	 horizons 19.0
step 25871 	 return [0.00388116 0.00629621 0.00560606 0.00626092 0.00566006 0.0062611
 0.00733512 0.00554876 0.00439273 0.00344619], ([4.2990191e-04 1.0082251e-03 3.8343231e-04 2.0981273e-03 2.4319996e-04
 7.0747710e-04 1.1217870e-03 1.7295348e-05 2.3706600e-05 3.3610930e-05]) 	 loss 1.593E-02 	 horizons 19.0
step 26061 	 return [0.         0.00449547 0.00812276 0.0120497  0.00747167 0.01421677
 0.02275633 0.00852057 0.01343705 0.00846373], ([0.         0.00229634 0.00073148 0.00275441 0.00276508 0.00133921
 0.00339078 0.00156564 0.0018633  0.00313774]) 	 loss 2.354E-02 	 horizons 19.0
step 26251 	 return [0.         0.01058442 0.00618515 0.01395602 0.00696957 0.01053242
 0.02424615 0.0091656  0.01418241 0.00977937], ([0.0000000e+00 5.9047718e-05 1.9865951e-05 3.0317623e-04 1.2242329e-05
 1.3131928e-05 1.2643932e-04 8.7325461e-06 1.1256896e-05 1.9451381e-04]) 	 loss 2.443E-02 	 horizons 19.0
step 26441 	 return [0.         0.00628776 0.01010319 0.00884337 0.01012126 0.01054848
 0.02285977 0.00884776 0.01388321 0.00918712], ([0.         0.00209598 0.00151944 0.00021421 0.00167478 0.00256878
 0.00206214 0.00114919 0.00143016 0.00232857]) 	 loss 2.602E-02 	 horizons 19.0
step 26631 	 return [0.         0.01042216 0.00597181 0.00960407 0.00996989 0.00912366
 0.02206073 0.00939614 0.01244744 0.00882831], ([0.0000000e+00 2.8838194e-03 8.0158854e-05 2.0098104e-03 4.2143327e-04
 3.0111170e-03 2.7538955e-03 6.1154022e-04 3.6251170e-03 2.0648795e-03]) 	 loss 2.565E-02 	 horizons 19.0
step 26821 	 return [0.         0.01054505 0.0061719  0.01375391 0.00696141 0.01052367
 0.02433044 0.00917142 0.0141749  0.00990905], ([0.0000000e+00 9.0196867e-05 3.0345738e-05 4.6310935e-04 1.8700466e-05
 2.0059351e-05 1.9313926e-04 1.3339185e-05 1.7195192e-05 2.9712473e-04]) 	 loss 2.842E-02 	 horizons 19.0
step 27011 	 return [0.         0.00635293 0.01029214 0.0114363  0.00942335 0.00940475
 0.0239472  0.00924171 0.01433657 0.00994663], ([0.0000000e+00 7.8502740e-04 1.7395084e-03 2.5342086e-03 1.3461018e-03
 2.0729632e-03 4.5569192e-04 4.9404080e-05 1.0044011e-04 1.8276770e-04]) 	 loss 2.372E-02 	 horizons 19.0
step 27201 	 return [0.         0.0106041  0.00619177 0.01405708 0.00697365 0.0105368
 0.024204   0.00916269 0.01418616 0.00971454], ([0.0000000e+00 9.3132257e-10 4.6566129e-10 1.8626451e-09 0.0000000e+00
 9.3132257e-10 1.8626451e-09 9.3132257e-10 9.3132257e-10 0.0000000e+00]) 	 loss 1.936E-02 	 horizons 19.0
step 27391 	 return [0.         0.00541446 0.00918163 0.01408506 0.00809733 0.01195602
 0.02441078 0.00927548 0.01432921 0.0098911 ], ([0.0000000e+00 1.5736652e-05 1.6400685e-03 1.8020510e-04 2.7798273e-04
 2.4173842e-03 1.1542503e-04 3.9574978e-05 5.3386611e-05 6.4371648e-05]) 	 loss 9.780E-03 	 horizons 19.0
step 27581 	 return [0.00243408 0.0054103  0.00593972 0.01245033 0.01512637 0.0124027
 0.01163496 0.00573013 0.00539497 0.00425547], ([8.1135903e-04 1.6656586e-03 6.1940576e-05 1.9872264e-04 2.7311768e-03
 6.3655834e-04 4.3301675e-03 1.1538895e-03 2.9178890e-03 2.0358169e-03]) 	 loss 1.867E-02 	 horizons 19.0
step 27771 	 return [0.00267157 0.00540956 0.00580946 0.01094909 0.01291603 0.01129597
 0.0096007  0.00540019 0.00439515 0.00353912], ([5.0342991e-05 8.4698893e-04 1.6743760e-04 2.1919899e-03 4.7669979e-03
 2.0146850e-03 9.0257131e-04 8.3541148e-05 4.1538406e-05 5.7644862e-05]) 	 loss 2.025E-02 	 horizons 19.0
step 27961 	 return [0.00013897 0.0072167  0.00836105 0.00912969 0.01028719 0.00912567
 0.02273073 0.00973646 0.01389415 0.00980404], ([0.0004169  0.00209083 0.00192182 0.00153783 0.00063954 0.00239532
 0.00243028 0.00148826 0.00154714 0.0002761 ]) 	 loss 1.104E-02 	 horizons 19.0
step 28151 	 return [0.00259467 0.00670336 0.0055537  0.00760077 0.00563433 0.00821848
 0.008222   0.0055278  0.0043317  0.00345107], ([2.3283064e-10 4.6566129e-10 4.6566129e-10 4.6566129e-10 4.6566129e-10
 9.3132257e-10 9.3132257e-10 4.6566129e-10 0.0000000e+00 2.3283064e-10]) 	 loss 1.255E-02 	 horizons 19.0
step 28341 	 return [0.         0.0106041  0.00619177 0.01405708 0.00697365 0.0105368
 0.024204   0.00916269 0.01418616 0.00971454], ([0.0000000e+00 9.3132257e-10 4.6566129e-10 1.8626451e-09 0.0000000e+00
 9.3132257e-10 1.8626451e-09 9.3132257e-10 9.3132257e-10 0.0000000e+00]) 	 loss 1.674E-02 	 horizons 19.0
step 28531 	 return [0.         0.00682744 0.00990064 0.00927653 0.01042851 0.01049868
 0.02368229 0.0092406  0.01435632 0.01002489], ([0.0000000e+00 4.7713178e-04 1.6379849e-03 1.2761563e-03 7.8072888e-04
 2.5037013e-03 4.2375107e-04 4.8883598e-05 5.3031439e-05 1.9591983e-04]) 	 loss 1.882E-02 	 horizons 19.0
step 28721 	 return [0.00259467 0.00670336 0.0055537  0.00760077 0.00563433 0.00821848
 0.008222   0.0055278  0.0043317  0.00345107], ([2.3283064e-10 4.6566129e-10 4.6566129e-10 4.6566129e-10 4.6566129e-10
 9.3132257e-10 9.3132257e-10 4.6566129e-10 0.0000000e+00 2.3283064e-10]) 	 loss 1.283E-02 	 horizons 19.0
step 28911 	 return [0.         0.00596462 0.01053195 0.01017088 0.01014565 0.00882484
 0.02296495 0.00942767 0.01343789 0.0095693 ], ([0.         0.00208173 0.00124271 0.00184694 0.00100952 0.00305431
 0.00236747 0.00060318 0.00266512 0.00128353]) 	 loss 1.092E-02 	 horizons 19.0
step 29101 	 return [0.00266059 0.00559439 0.00577293 0.01047076 0.01187579 0.01085633
 0.00940374 0.00541842 0.00438608 0.00352654], ([5.3818923e-05 9.0546923e-04 1.7899832e-04 2.3433357e-03 5.0961352e-03
 2.1537889e-03 9.6488930e-04 8.9309244e-05 4.4406421e-05 6.1624953e-05]) 	 loss 7.722E-03 	 horizons 19.0
step 29291 	 return [0.         0.0103552  0.00625522 0.01338185 0.00755414 0.01031722
 0.02417832 0.00918262 0.01422867 0.00979876], ([0.0000000e+00 1.1671932e-03 2.7840366e-04 1.5902611e-03 1.1727724e-03
 6.7066477e-04 2.7863026e-04 5.5390788e-05 1.1850073e-04 1.9226468e-04]) 	 loss 1.114E-02 	 horizons 19.0
step 29481 	 return [0.         0.00916361 0.00653798 0.01380142 0.00819226 0.0096405
 0.02428378 0.00923895 0.01433823 0.00980752], ([0.0000000e+00 1.7249908e-03 4.3795354e-04 3.1068060e-04 1.5008580e-03
 1.0888804e-03 1.2222593e-04 8.7867709e-05 1.9420256e-04 1.8807963e-04]) 	 loss 1.075E-02 	 horizons 19.0
step 29671 	 return [0.         0.00630837 0.00778863 0.00881306 0.01120578 0.01287478
 0.02296499 0.00949058 0.01354102 0.00962798], ([0.         0.00210279 0.00015275 0.00080878 0.00036377 0.00204658
 0.00224715 0.00060718 0.00268879 0.00128609]) 	 loss 1.968E-02 	 horizons 19.0
step 29861 	 return [0.00273648 0.00662089 0.00554524 0.0075283  0.00562813 0.0079908
 0.00816378 0.00553072 0.00433893 0.00345178], ([4.2543290e-04 2.4741393e-04 2.5371879e-05 2.1741677e-04 1.8595672e-05
 6.8304373e-04 1.7463861e-04 8.7568533e-06 2.1705915e-05 2.1273966e-06]) 	 loss 1.289E-02 	 horizons 19.0
step 30051 	 return [0.         0.00832414 0.00674552 0.01256413 0.00908257 0.00936487
 0.02413227 0.00925932 0.01439836 0.00988749], ([0.0000000e+00 1.6125146e-03 6.9470640e-04 2.0615424e-03 1.3933387e-03
 1.0455983e-03 4.9950386e-04 9.1246999e-05 1.8071981e-04 2.5716893e-04]) 	 loss 1.598E-02 	 horizons 19.0
[1;34mwandb[0m: 
[1;34mwandb[0m: 🚀 View run [33mmotndp_xian-v0__GCN-Xian-nd__1011__1780882545[0m at: [34mhttps://wandb.ai/johnario-tu-delft/cl_ablation/runs/pi2w7qnp[0m
[1;34mwandb[0m: Find logs at: [1;35mwandb/run-20260608_033546-pi2w7qnp/logs[0m
