/home/SinJ/miniconda3/envs/mo-nw-design/lib/python3.11/site-packages/pygame/pkgdata.py:25: UserWarning: pkg_resources is deprecated as an API. See https://setuptools.pypa.io/en/latest/pkg_resources.html. The pkg_resources package is slated for removal as early as 2025-11-30. Refrain from using this package or pin to Setuptools<81.
  from pkg_resources import resource_stream, resource_exists
wandb: [wandb.login()] Loaded credentials for https://api.wandb.ai from /home/SinJ/.netrc.
wandb: Currently logged in as: jingyuan-sun03 (johnario-tu-delft) to https://api.wandb.ai. Use `wandb login --relogin` to force relogin
wandb: Tracking run with wandb version 0.27.0
wandb: Run data is saved locally in /home/SinJ/mo-transport-network-design/wandb/run-20260608_033546-2p96fwbd
wandb: Run `wandb offline` to turn off syncing.
wandb: Syncing run motndp_xian-v0__GCN-Xian-nd__42__1780882545
wandb: ⭐️ View project at https://wandb.ai/johnario-tu-delft/cl_ablation
wandb: 🚀 View run at https://wandb.ai/johnario-tu-delft/cl_ablation/runs/2p96fwbd
/home/SinJ/mo-transport-network-design/morl-baselines/morl_baselines/multi_policy/gcn/gcn.py:151: UserWarning: Creating a tensor from a list of numpy.ndarrays is extremely slow. Please consider converting the list to a single numpy.ndarray with numpy.array() before converting to a tensor. (Triggered internally at /pytorch/torch/csrc/utils/tensor_new.cpp:253.)
  th.tensor(obs).to(self.device),
Namespace(env='xian', nr_groups=10, starting_loc_x=9, starting_loc_y=19, nr_stations=20, lr=0.01, batch_size=256, num_er_episodes=100, num_step_episodes=10, num_model_updates=5, num_policies=10, max_buffer_size=100, nr_layers=1, hidden_dim=128, timesteps=30000, no_log=False, project_name='cl_ablation', experiment_name='GCN-Xian-nd', wandb_entity='johnario-tu-delft', seed=42, cd_threshold=0.2, distance_ref='nondominated', gcn_lambda=None, lambda_schedule='constant', lambda_start=1.0, lambda_end=None, lambda_warmup_fraction=0.0, lambda_freeze_fraction=0.1, spatial_alpha=0.0, include_demand_context=False, criterion='lorenz', nash_mode='pareto_sized', nash_top_k=None, nash_shift=0.0)
step 1935 	 return [0.00087828 0.00289987 0.00404094 0.00463229 0.00301694 0.00312291
 0.00699303 0.00109817 0.00138986 0.00155145], ([0.00193056 0.00279848 0.00332371 0.00472664 0.00348386 0.00409121
 0.00905107 0.00147133 0.0028271  0.00247855]) 	 loss 1.990E+00 	 horizons 18.1
step 2125 	 return [0.0020024  0.00333672 0.00330868 0.00416184 0.00194937 0.00548558
 0.0038238  0.00348893 0.00379204 0.00320027], ([0.00309923 0.00309498 0.00354251 0.00431107 0.00207032 0.0047374
 0.00473562 0.00358657 0.00381594 0.00415954]) 	 loss 1.836E+00 	 horizons 19.0
step 2310 	 return [0.00105273 0.0045241  0.00136961 0.00307775 0.00216526 0.00348152
 0.00397487 0.00275269 0.00433713 0.00307348], ([0.00189576 0.00272346 0.00148705 0.00386371 0.00285996 0.00447823
 0.00449494 0.00358492 0.00373122 0.00498371]) 	 loss 1.572E+00 	 horizons 18.5
step 2500 	 return [0.00125421 0.00476124 0.00427091 0.00494732 0.00397418 0.0057158
 0.00482292 0.00293839 0.00514001 0.00657342], ([0.00258001 0.00308313 0.00321081 0.00311326 0.00314927 0.00337966
 0.00585843 0.00256746 0.00344128 0.0051468 ]) 	 loss 1.307E+00 	 horizons 19.0
step 2690 	 return [0.         0.00394883 0.00373606 0.00387252 0.00583246 0.00371863
 0.00453614 0.0061446  0.00453487 0.00548564], ([0.         0.00374539 0.00304244 0.00333152 0.00345484 0.00317334
 0.00299372 0.0042762  0.00249721 0.00383678]) 	 loss 1.157E+00 	 horizons 19.0
step 2880 	 return [6.7086774e-05 1.6339791e-03 2.5694189e-03 6.8305200e-03 2.7796901e-03
 3.2548863e-03 8.8924533e-03 5.6373188e-03 4.2196037e-03 1.9915614e-03], ([0.00020126 0.00266776 0.00203271 0.0029074  0.00269764 0.00254203
 0.00435443 0.00431086 0.00313225 0.00179876]) 	 loss 1.078E+00 	 horizons 19.0
step 3070 	 return [0.00160508 0.00504747 0.00324949 0.00672254 0.00370748 0.00520739
 0.00821684 0.00441597 0.00450198 0.00541837], ([0.00325451 0.00276673 0.00266878 0.0039658  0.00281831 0.00413189
 0.00570549 0.00493637 0.00398688 0.00556571]) 	 loss 1.045E+00 	 horizons 19.0
step 3260 	 return [0.00018751 0.00379834 0.00527745 0.00790454 0.00405298 0.00353084
 0.00562935 0.00370738 0.00440563 0.00455095], ([0.00056253 0.00317071 0.00448196 0.00379889 0.00219723 0.00215874
 0.00356781 0.0042782  0.00258069 0.00207495]) 	 loss 1.036E+00 	 horizons 19.0
step 3450 	 return [0.00029483 0.00640511 0.00491744 0.00923005 0.00556562 0.0032678
 0.00681998 0.00240451 0.00258283 0.00446001], ([0.00061126 0.00291779 0.00326569 0.00399478 0.00395836 0.00180663
 0.0052012  0.00341855 0.00341616 0.00266329]) 	 loss 9.603E-01 	 horizons 19.0
step 3640 	 return [0.         0.00166029 0.00518766 0.00599757 0.00490402 0.00662259
 0.00770604 0.00411849 0.00781644 0.00725239], ([0.         0.00247523 0.00423367 0.00415241 0.00300103 0.00334307
 0.00447747 0.00435459 0.00354129 0.00431898]) 	 loss 9.710E-01 	 horizons 19.0
step 3830 	 return [0.         0.00339095 0.00251502 0.00568949 0.00282467 0.00713286
 0.00576483 0.00338619 0.00478565 0.00686651], ([0.         0.00281484 0.0022058  0.00357168 0.00255267 0.0036093
 0.00519243 0.00243098 0.0031327  0.00377656]) 	 loss 9.462E-01 	 horizons 19.0
step 4020 	 return [0.         0.00399012 0.00192195 0.00732096 0.00405636 0.00936436
 0.01010415 0.00583054 0.00505365 0.00712289], ([0.         0.00343243 0.00324569 0.00263172 0.0045242  0.00276573
 0.00507405 0.0022386  0.00268786 0.00452298]) 	 loss 9.869E-01 	 horizons 19.0
step 4210 	 return [0.         0.00179562 0.00657714 0.00480765 0.00543036 0.00651186
 0.00583893 0.00496989 0.0055713  0.00432974], ([0.         0.00293037 0.00292255 0.00393981 0.00399884 0.0049209
 0.0050782  0.00320505 0.00407484 0.00343273]) 	 loss 9.846E-01 	 horizons 19.0
step 4400 	 return [0.00017734 0.00131175 0.00824597 0.00365451 0.00546497 0.00391122
 0.0025934  0.00214851 0.00623972 0.00547346], ([0.00053203 0.001576   0.00324086 0.00338006 0.00307235 0.00218707
 0.00291756 0.00340501 0.0043429  0.0033749 ]) 	 loss 9.201E-01 	 horizons 19.0
step 4590 	 return [0.         0.00388422 0.00561629 0.00511769 0.00681285 0.00579085
 0.00575389 0.00373397 0.00523596 0.00528304], ([0.         0.00448408 0.00480565 0.0052832  0.00305469 0.00383808
 0.00415066 0.00448587 0.00257298 0.00316667]) 	 loss 9.245E-01 	 horizons 19.0
step 4780 	 return [0.00171955 0.00641686 0.00316087 0.00607669 0.00638228 0.00587559
 0.00413804 0.00484529 0.00364551 0.00490127], ([0.00385639 0.00269506 0.00264298 0.00302154 0.00391347 0.00457844
 0.00409303 0.00421015 0.00345132 0.00404142]) 	 loss 8.945E-01 	 horizons 19.0
step 4970 	 return [0.         0.00562251 0.00200722 0.00933425 0.00405534 0.00794667
 0.00968874 0.00606974 0.00487109 0.00749453], ([0.         0.00298306 0.00327734 0.00471173 0.0036829  0.00424902
 0.00529764 0.00351762 0.00306762 0.00501421]) 	 loss 9.365E-01 	 horizons 19.0
step 5160 	 return [0.00044922 0.00291339 0.00770113 0.00417957 0.00426342 0.00585433
 0.00847345 0.00372704 0.00477624 0.00526918], ([0.00069928 0.00276741 0.0039995  0.00412468 0.00331521 0.00270143
 0.00611717 0.00576458 0.00400561 0.00309865]) 	 loss 9.368E-01 	 horizons 19.0
step 5350 	 return [0.         0.00466639 0.00375513 0.01082774 0.00382215 0.00793964
 0.01028642 0.00434608 0.00510816 0.00321527], ([0.         0.00296597 0.00262699 0.00329027 0.00455388 0.00420852
 0.00677428 0.00333543 0.00326745 0.00253845]) 	 loss 9.337E-01 	 horizons 19.0
step 5540 	 return [0.00146106 0.00514654 0.00185198 0.00508635 0.00561585 0.00601403
 0.00823944 0.00516846 0.00353008 0.00472334], ([0.00329446 0.00415467 0.00185448 0.00311387 0.00480906 0.00369204
 0.00728905 0.00380237 0.00257024 0.00469606]) 	 loss 9.253E-01 	 horizons 19.0
step 5730 	 return [0.0001294  0.00052831 0.00645999 0.00672403 0.00603498 0.00701717
 0.00919367 0.0038907  0.00831369 0.00530407], ([0.0003882  0.00112338 0.00306185 0.00528525 0.003172   0.00453475
 0.00617462 0.00378956 0.00357834 0.00378743]) 	 loss 8.934E-01 	 horizons 19.0
step 5920 	 return [0.         0.00484002 0.00419487 0.00625214 0.0046042  0.0052513
 0.00826869 0.00533411 0.00348037 0.00496706], ([0.         0.00281577 0.0029497  0.00277925 0.00298492 0.00392778
 0.00632144 0.00337865 0.00270485 0.00433847]) 	 loss 8.728E-01 	 horizons 19.0
step 6110 	 return [0.         0.00413344 0.00317795 0.00829224 0.00431529 0.00916159
 0.01230891 0.00511228 0.00357028 0.00749312], ([0.         0.00349995 0.00439354 0.00516578 0.00363394 0.0046735
 0.00665406 0.00362057 0.00247741 0.00456528]) 	 loss 8.628E-01 	 horizons 19.0
step 6300 	 return [0.         0.00438403 0.00207752 0.00624397 0.00356735 0.00774135
 0.0093601  0.00700423 0.00394282 0.00793007], ([0.         0.0036298  0.00196727 0.00289957 0.00329788 0.00392901
 0.006725   0.00342162 0.00224792 0.00341842]) 	 loss 8.907E-01 	 horizons 19.0
step 6490 	 return [0.         0.0049913  0.00401736 0.00843848 0.00520034 0.00566967
 0.00779462 0.00273461 0.00485738 0.00770522], ([0.         0.00374847 0.00220985 0.00400589 0.0039972  0.00303984
 0.0042353  0.00289396 0.00252825 0.00223142]) 	 loss 8.602E-01 	 horizons 19.0
step 6680 	 return [9.8197859e-05 3.4391819e-03 4.9975873e-03 6.3289269e-03 5.4158019e-03
 5.2523515e-03 7.0559024e-03 3.4430963e-03 6.0773427e-03 5.4275389e-03], ([0.00029459 0.00377518 0.00334283 0.0045191  0.00334445 0.00317382
 0.00333559 0.00398822 0.00367152 0.00294368]) 	 loss 8.475E-01 	 horizons 19.0
step 6870 	 return [0.         0.00474888 0.00347531 0.00718925 0.00514829 0.01033216
 0.00908479 0.00600171 0.00730588 0.00933309], ([0.         0.00341657 0.00384308 0.00468636 0.00333465 0.00260474
 0.00369937 0.00496563 0.00452355 0.00659328]) 	 loss 7.826E-01 	 horizons 19.0
step 7060 	 return [0.         0.00516177 0.00076987 0.00735065 0.00257028 0.00824272
 0.01134818 0.00606928 0.00513424 0.00738472], ([0.         0.00328848 0.0011775  0.00428073 0.00198331 0.00245798
 0.00658895 0.00202176 0.00211738 0.00373686]) 	 loss 8.024E-01 	 horizons 19.0
step 7250 	 return [0.00012883 0.00389426 0.00465661 0.00758134 0.00671192 0.00537346
 0.01035075 0.00353044 0.0054929  0.00628498], ([0.00038649 0.00280436 0.0032305  0.00572095 0.00488171 0.00336333
 0.00850031 0.00408029 0.00310954 0.00287962]) 	 loss 7.877E-01 	 horizons 19.0
step 7440 	 return [0.00012608 0.00406734 0.00317285 0.00656995 0.0037191  0.00726383
 0.01046866 0.00619377 0.00770372 0.00756536], ([0.00037824 0.00350697 0.00401097 0.00471626 0.00284139 0.00312158
 0.00511558 0.00308641 0.00309871 0.00282952]) 	 loss 7.511E-01 	 horizons 19.0
step 7630 	 return [0.00011439 0.00433497 0.00770323 0.00095773 0.00908619 0.00786219
 0.00467506 0.0018765  0.00732181 0.00877355], ([0.00034316 0.00339619 0.00300891 0.00193616 0.00322043 0.00278057
 0.0028761  0.00238083 0.00418798 0.00299214]) 	 loss 7.527E-01 	 horizons 19.0
step 7820 	 return [0.00011662 0.00101324 0.00938375 0.00400465 0.00705167 0.00778864
 0.00909858 0.00448555 0.00903202 0.00735073], ([0.00034985 0.00198967 0.0033144  0.00531017 0.00485915 0.00308282
 0.00714899 0.00435674 0.00388332 0.00348948]) 	 loss 7.053E-01 	 horizons 19.0
step 8010 	 return [0.         0.00081266 0.00775506 0.00910926 0.00653864 0.00669705
 0.01141964 0.00648507 0.00762578 0.00484617], ([0.         0.00162744 0.00201471 0.00383648 0.00214552 0.00327805
 0.00498828 0.00418302 0.0032397  0.00260961]) 	 loss 6.979E-01 	 horizons 19.0
step 8200 	 return [0.         0.00229493 0.00918146 0.00586289 0.01013306 0.00689189
 0.00668852 0.00499892 0.00812699 0.00689314], ([0.         0.00355925 0.00312523 0.00465565 0.00372114 0.00374469
 0.00452355 0.00590612 0.00415505 0.00440556]) 	 loss 6.883E-01 	 horizons 19.0
step 8390 	 return [0.         0.00039867 0.00764381 0.00716809 0.00696081 0.00747707
 0.01129342 0.00739648 0.00754757 0.00802276], ([0.         0.00119601 0.00351027 0.00608319 0.00506755 0.00320655
 0.0050884  0.0022792  0.00264184 0.00339103]) 	 loss 7.267E-01 	 horizons 19.0
step 8580 	 return [0.         0.00096642 0.01062693 0.00472222 0.00950606 0.00875071
 0.00840004 0.005811   0.01104793 0.00687277], ([0.         0.00215699 0.00332919 0.00680973 0.00240398 0.00382065
 0.00506477 0.00307124 0.00368678 0.00331295]) 	 loss 6.946E-01 	 horizons 19.0
step 8770 	 return [0.00080504 0.00556568 0.00288932 0.00736713 0.00547255 0.00680432
 0.01283491 0.00451706 0.00653496 0.00560145], ([0.00191505 0.00189737 0.00295489 0.00256103 0.00414681 0.00464769
 0.00713008 0.0030476  0.00377877 0.00415574]) 	 loss 6.604E-01 	 horizons 19.0
step 8960 	 return [0.         0.00387348 0.00387086 0.01101281 0.00568423 0.0056675
 0.01143608 0.00457721 0.00690945 0.00577466], ([0.         0.00402615 0.00300204 0.00468326 0.00288444 0.00367626
 0.00539217 0.00452087 0.00398267 0.00343979]) 	 loss 6.478E-01 	 horizons 19.0
step 9150 	 return [0.00014124 0.00698994 0.00403046 0.01032438 0.00650599 0.00472305
 0.0099452  0.00544423 0.00647949 0.00469037], ([0.00042371 0.00377603 0.00224582 0.00340592 0.0031027  0.0031366
 0.00304952 0.00418279 0.00379781 0.0035463 ]) 	 loss 6.676E-01 	 horizons 19.0
step 9340 	 return [0.00114395 0.00356559 0.00592213 0.00350921 0.00680223 0.00617658
 0.00608252 0.00305142 0.00796445 0.00701072], ([0.00081698 0.00289923 0.00321069 0.00526088 0.00272357 0.00292354
 0.003935   0.0031977  0.00255002 0.00304052]) 	 loss 6.400E-01 	 horizons 19.0
step 9530 	 return [0.         0.00647608 0.00232417 0.00840643 0.00332361 0.00786807
 0.01112522 0.00766663 0.00665087 0.00602423], ([0.         0.00154525 0.00316321 0.00465609 0.00238106 0.00513589
 0.005414   0.00234659 0.00365567 0.00447035]) 	 loss 6.458E-01 	 horizons 19.0
step 9720 	 return [0.00012964 0.00625637 0.00214246 0.01181164 0.00860725 0.00640008
 0.0106375  0.00664716 0.00557674 0.00425939], ([0.00038892 0.00237065 0.00190267 0.00360235 0.00500188 0.00429728
 0.00412555 0.00351746 0.0042344  0.00335844]) 	 loss 6.519E-01 	 horizons 19.0
step 9910 	 return [0.00029744 0.00334573 0.00486873 0.0087257  0.00568437 0.00813862
 0.01013602 0.00755771 0.00638823 0.00504327], ([0.00060005 0.00219628 0.00286602 0.00423375 0.00317117 0.0045078
 0.00543983 0.0039531  0.00388582 0.00348756]) 	 loss 6.514E-01 	 horizons 19.0
step 10100 	 return [0.         0.00675394 0.00125426 0.01012643 0.00518677 0.01054506
 0.01074754 0.00627302 0.00460622 0.00747408], ([0.         0.00127409 0.00194431 0.00378398 0.00463327 0.00537039
 0.00649737 0.00361055 0.00386405 0.0038491 ]) 	 loss 6.338E-01 	 horizons 19.0
step 10290 	 return [0.         0.00012412 0.01008636 0.00388553 0.00765274 0.00914192
 0.00741691 0.00778922 0.0104491  0.00632644], ([0.         0.00024831 0.00211    0.00445859 0.00230869 0.00296283
 0.0043962  0.00413374 0.00400451 0.00351173]) 	 loss 5.833E-01 	 horizons 19.0
step 10480 	 return [0.         0.         0.01121427 0.00470322 0.01085775 0.01
 0.01342542 0.00835484 0.00742081 0.00570022], ([0.         0.         0.00301555 0.00509854 0.00287184 0.00389675
 0.00447631 0.00211058 0.00324578 0.00533662]) 	 loss 5.591E-01 	 horizons 19.0
step 10670 	 return [0.         0.00736377 0.00178605 0.00883159 0.00364758 0.00738031
 0.01596118 0.00656918 0.00735836 0.00480598], ([0.         0.00164365 0.00211125 0.00406244 0.00211584 0.00374577
 0.00315713 0.00321696 0.00448263 0.00227791]) 	 loss 5.591E-01 	 horizons 19.0
step 10860 	 return [0.         0.00587207 0.00307884 0.00974516 0.00547763 0.00793871
 0.01464606 0.0061299  0.00913618 0.00655323], ([0.         0.00193912 0.00258697 0.00307779 0.002694   0.00308579
 0.00290767 0.00383923 0.00371568 0.00277053]) 	 loss 5.663E-01 	 horizons 19.0
step 11050 	 return [0.00031405 0.00405998 0.00535996 0.0099949  0.00823399 0.00582026
 0.01052384 0.00576425 0.00825571 0.00491557], ([0.00064065 0.000164   0.00202858 0.00425251 0.00289387 0.00257765
 0.0049325  0.00209124 0.00220834 0.00264842]) 	 loss 5.786E-01 	 horizons 19.0
step 11240 	 return [0.         0.00728265 0.0029736  0.01023796 0.00359931 0.0108203
 0.01793878 0.00480739 0.00579949 0.00551949], ([0.         0.00162055 0.00236444 0.00379183 0.00226724 0.00357805
 0.00632657 0.00452536 0.00392688 0.00438485]) 	 loss 5.814E-01 	 horizons 19.0
step 11430 	 return [0.00036455 0.00427443 0.0040177  0.01047547 0.00479347 0.00378381
 0.01172814 0.00701366 0.00701046 0.00357309], ([0.00075934 0.0017278  0.00257805 0.00304045 0.00376311 0.00240422
 0.00398118 0.002894   0.00415889 0.00172151]) 	 loss 5.535E-01 	 horizons 19.0
step 11620 	 return [0.         0.00120345 0.00831699 0.01020016 0.01039787 0.00642563
 0.01281046 0.00897819 0.0094827  0.00299314], ([0.         0.0018419  0.00384744 0.00562352 0.0024103  0.00487931
 0.0046465  0.00398798 0.00377424 0.00208979]) 	 loss 5.457E-01 	 horizons 19.0
step 11810 	 return [0.00013049 0.00729529 0.00179775 0.00879766 0.00319684 0.00843584
 0.01571486 0.00689124 0.00755967 0.00324122], ([0.00039146 0.0017601  0.00186458 0.00354353 0.00184454 0.00409492
 0.00762001 0.00386359 0.00417297 0.00263586]) 	 loss 5.531E-01 	 horizons 19.0
step 12000 	 return [0.         0.00421247 0.00451377 0.01021784 0.00704873 0.00902304
 0.01134947 0.00724754 0.00819501 0.00575075], ([0.         0.00197644 0.00071528 0.00310241 0.00219254 0.00349094
 0.00408845 0.00284969 0.00290933 0.00296197]) 	 loss 5.478E-01 	 horizons 19.0
step 12190 	 return [0.00072236 0.00175731 0.00880925 0.00156971 0.00807733 0.00577685
 0.00608853 0.00207041 0.00759721 0.00736742], ([0.00073749 0.0021491  0.00365843 0.00182528 0.00211251 0.00277788
 0.00334412 0.003943   0.00423129 0.00282451]) 	 loss 5.110E-01 	 horizons 19.0
step 12380 	 return [0.00052898 0.00520291 0.00779874 0.00388855 0.01019565 0.00472826
 0.00655719 0.00118781 0.00564004 0.00648066], ([0.00065827 0.00363882 0.00315394 0.00242814 0.00350002 0.00277201
 0.00465419 0.00200124 0.00246213 0.00201298]) 	 loss 4.939E-01 	 horizons 19.0
step 12570 	 return [0.0001049  0.00518279 0.00474589 0.00428813 0.01053725 0.00540305
 0.00780588 0.0013201  0.00671531 0.00922629], ([0.0003147  0.00205865 0.00120693 0.00342201 0.00270515 0.00300565
 0.00309711 0.00242541 0.002808   0.00140991]) 	 loss 5.028E-01 	 horizons 19.0
step 12760 	 return [0.         0.         0.01021773 0.01036459 0.00841227 0.00970727
 0.01037552 0.00447041 0.00651085 0.00974849], ([0.         0.         0.00280232 0.00440499 0.00288162 0.00374282
 0.00588387 0.00355922 0.00231701 0.00449415]) 	 loss 5.078E-01 	 horizons 19.0
step 12950 	 return [0.00046523 0.00549312 0.00540062 0.00466749 0.00963445 0.0041502
 0.00554463 0.00049449 0.00482703 0.00764174], ([0.00071788 0.00359282 0.00348816 0.00403584 0.00276833 0.00276089
 0.00223817 0.00148346 0.0024225  0.00218237]) 	 loss 5.029E-01 	 horizons 19.0
step 13140 	 return [0.00017016 0.0078473  0.00075553 0.00835638 0.00489128 0.00473229
 0.01106176 0.007187   0.00785849 0.006353  ], ([0.00051047 0.00156855 0.00132326 0.00422283 0.00189966 0.00303058
 0.00516892 0.00441392 0.00595517 0.00199937]) 	 loss 4.899E-01 	 horizons 19.0
step 13330 	 return [0.00013587 0.00883949 0.00302494 0.01044049 0.00785097 0.00479797
 0.01016213 0.00281764 0.00664825 0.00655782], ([0.00040762 0.00233758 0.00198185 0.00324784 0.00384506 0.00354264
 0.00688956 0.00304312 0.0033015  0.00362342]) 	 loss 4.035E-01 	 horizons 19.0
step 13520 	 return [0.00013556 0.00391738 0.00734499 0.00462177 0.0091744  0.0063809
 0.00992204 0.00547971 0.00868793 0.00611754], ([0.00040667 0.00306632 0.0040745  0.00424302 0.0025517  0.00451202
 0.00421907 0.00583171 0.0042363  0.00452469]) 	 loss 4.707E-01 	 horizons 19.0
step 13710 	 return [0.00086323 0.00067682 0.01108503 0.00026243 0.00740516 0.00526783
 0.00694498 0.00491017 0.0091057  0.00696183], ([0.00072887 0.00056736 0.00327111 0.0007873  0.00219053 0.00354579
 0.00306002 0.00214656 0.00258447 0.00294522]) 	 loss 4.711E-01 	 horizons 19.0
step 13900 	 return [0.         0.00755475 0.00085409 0.00833165 0.00334118 0.006596
 0.01180955 0.0035793  0.00669338 0.00588976], ([0.         0.00154229 0.00152997 0.00356199 0.00195344 0.00257713
 0.00456645 0.00317319 0.00284695 0.0029778 ]) 	 loss 4.354E-01 	 horizons 19.0
step 14090 	 return [0.00070693 0.00445768 0.0044929  0.00906045 0.00445761 0.00374499
 0.00655901 0.00493151 0.00684854 0.00641102], ([0.00072564 0.00053208 0.00222879 0.00148058 0.00185676 0.00182277
 0.00493378 0.00330943 0.00289712 0.00275073]) 	 loss 4.371E-01 	 horizons 19.0
step 14280 	 return [0.00030578 0.00736368 0.00476377 0.00138528 0.0118185  0.0085619
 0.00618239 0.         0.00715434 0.00986942], ([0.00064811 0.00192373 0.00142752 0.00243597 0.00277941 0.00286241
 0.00262872 0.         0.00193192 0.00125746]) 	 loss 4.312E-01 	 horizons 19.0
step 14470 	 return [0.         0.00606582 0.00369473 0.01004574 0.00911847 0.0036661
 0.00802422 0.00619392 0.00840771 0.00618854], ([0.         0.00214566 0.00191411 0.00225484 0.00306006 0.00197598
 0.00324199 0.0039667  0.00437121 0.00329888]) 	 loss 4.020E-01 	 horizons 19.0
step 14660 	 return [0.00026822 0.00718266 0.00209042 0.00820251 0.00260245 0.00715408
 0.01433704 0.00666745 0.00750503 0.00542063], ([0.00053644 0.00158974 0.00240517 0.00349853 0.00209507 0.00323752
 0.00816532 0.00319431 0.00464306 0.00400926]) 	 loss 4.123E-01 	 horizons 19.0
step 14850 	 return [0.00021046 0.00691148 0.00478731 0.00145642 0.0130865  0.00904795
 0.00566021 0.         0.00695952 0.01037909], ([0.00042093 0.00233766 0.00156376 0.00228513 0.00359822 0.00289688
 0.0021717  0.         0.00037013 0.00117082]) 	 loss 4.279E-01 	 horizons 19.0
step 15040 	 return [0.00086516 0.00223729 0.01022988 0.001388   0.00787167 0.00602134
 0.00630453 0.0043791  0.00869308 0.00680289], ([0.00075509 0.00216886 0.00357277 0.00263303 0.00274904 0.00354435
 0.00375304 0.00433522 0.00430737 0.00420451]) 	 loss 3.611E-01 	 horizons 19.0
step 15230 	 return [0.00081346 0.00226414 0.00833063 0.0039591  0.00848886 0.0039013
 0.00808439 0.00432609 0.00849473 0.00551879], ([0.0008356  0.00156535 0.00279002 0.0031893  0.00212586 0.00315707
 0.00260038 0.00226742 0.00152339 0.00274375]) 	 loss 4.272E-01 	 horizons 19.0
step 15420 	 return [0.0001813  0.00420174 0.00399637 0.00959432 0.00548091 0.00362739
 0.00917768 0.00809208 0.00922674 0.00496938], ([0.00054389 0.00157414 0.00226262 0.00108911 0.00197449 0.00237059
 0.00332    0.00286882 0.00346964 0.00302294]) 	 loss 3.747E-01 	 horizons 19.0
step 15610 	 return [0.00011753 0.00528586 0.00442665 0.00643809 0.01021524 0.00314633
 0.00987036 0.00307437 0.0094092  0.00791401], ([0.00035259 0.00181615 0.00040149 0.00366113 0.00217554 0.00178695
 0.0022035  0.00203666 0.0022483  0.00262786]) 	 loss 4.003E-01 	 horizons 19.0
step 15800 	 return [0.00032889 0.00758767 0.00414565 0.00533077 0.01080015 0.00463567
 0.00737261 0.00041259 0.00498493 0.00776542], ([0.00066147 0.00223706 0.00134618 0.0037685  0.00259415 0.00206077
 0.00332553 0.00082707 0.00193406 0.00217858]) 	 loss 3.983E-01 	 horizons 19.0
step 15990 	 return [0.         0.00498571 0.00420323 0.0115166  0.00926262 0.00453809
 0.01228519 0.00914207 0.00929219 0.00263985], ([0.         0.00133804 0.00150862 0.00217941 0.00257949 0.00227719
 0.00490826 0.00418156 0.00563143 0.00270264]) 	 loss 3.467E-01 	 horizons 19.0
step 16180 	 return [0.00111022 0.00420305 0.0048777  0.00993145 0.00354476 0.00291936
 0.00746346 0.00639416 0.00954298 0.00494114], ([0.00090818 0.00145165 0.00285329 0.00228884 0.00126968 0.00253167
 0.00534807 0.00430862 0.00399418 0.00352256]) 	 loss 3.492E-01 	 horizons 19.0
step 16370 	 return [0.00012458 0.00095462 0.01276339 0.00141061 0.00676571 0.00856345
 0.00760865 0.00668403 0.01016187 0.00551598], ([0.00037375 0.00128749 0.003719   0.0026325  0.00228156 0.00452781
 0.00421829 0.00210862 0.00295885 0.00335421]) 	 loss 3.391E-01 	 horizons 19.0
step 16560 	 return [0.00022145 0.0086412  0.0033618  0.00532523 0.00985135 0.0045804
 0.00756897 0.00064337 0.00533926 0.00778917], ([0.00044337 0.00276015 0.00168912 0.00303126 0.00267915 0.00218608
 0.00313463 0.0019301  0.00244447 0.00214707]) 	 loss 3.735E-01 	 horizons 19.0
step 16750 	 return [0.00058826 0.00074283 0.01029706 0.00078736 0.00739466 0.00599991
 0.00533457 0.00523528 0.00983145 0.00682801], ([0.00073431 0.00111728 0.00268642 0.00236208 0.00257764 0.00247471
 0.00198298 0.00164792 0.00220214 0.00219544]) 	 loss 3.381E-01 	 horizons 19.0
step 16940 	 return [0.00057584 0.00598017 0.00299541 0.01111644 0.00559791 0.00578255
 0.00808537 0.00733718 0.00667558 0.00444833], ([0.00137714 0.00238268 0.00218677 0.00270518 0.00271491 0.00389606
 0.00284877 0.0024637  0.00453936 0.0036824 ]) 	 loss 3.444E-01 	 horizons 19.0
step 17130 	 return [0.00014244 0.00498433 0.00430273 0.01179919 0.00646375 0.00496206
 0.01367902 0.00762927 0.00801127 0.00407371], ([0.00042733 0.00123253 0.0026227  0.00153713 0.00324615 0.00330994
 0.00618022 0.00326625 0.00346196 0.00237501]) 	 loss 3.432E-01 	 horizons 19.0
step 17320 	 return [0.00102658 0.00666163 0.00221412 0.00725927 0.00607727 0.0042814
 0.00472157 0.00446599 0.00593237 0.0073027 ], ([0.00137261 0.0020569  0.00243428 0.00241377 0.00240526 0.00359609
 0.00396644 0.00304231 0.00292034 0.00360099]) 	 loss 3.375E-01 	 horizons 19.0
step 17510 	 return [0.00042008 0.00788312 0.00310206 0.00604191 0.00547679 0.00557093
 0.00627619 0.00439141 0.00547996 0.00837536], ([0.0006739  0.00211197 0.002436   0.00194813 0.00226871 0.00236809
 0.0048834  0.00405022 0.00287368 0.00198449]) 	 loss 3.351E-01 	 horizons 19.0
step 17700 	 return [0.         0.0064325  0.00168752 0.00509918 0.00398887 0.00583442
 0.01037647 0.00582043 0.00439052 0.00632588], ([0.         0.00149676 0.0016539  0.00289519 0.00234923 0.0030134
 0.00738704 0.00294734 0.00204733 0.00337511]) 	 loss 2.908E-01 	 horizons 19.0
step 17890 	 return [0.         0.00746269 0.00030884 0.00634083 0.00366696 0.00672612
 0.0093387  0.0090557  0.00788368 0.00614085], ([0.         0.00077124 0.00092651 0.00511704 0.00153515 0.00271251
 0.00398134 0.00219853 0.00317148 0.00350672]) 	 loss 3.391E-01 	 horizons 19.0
step 18080 	 return [0.         0.00772523 0.00134162 0.00501938 0.0029749  0.00852493
 0.00864593 0.00512912 0.00635796 0.00672189], ([0.         0.00149293 0.00165807 0.00191323 0.00180521 0.00098803
 0.00298212 0.00306716 0.00245001 0.00263681]) 	 loss 3.702E-01 	 horizons 19.0
step 18270 	 return [0.00122013 0.00135763 0.00875405 0.00345705 0.00689086 0.0036767
 0.00679995 0.00560201 0.00880869 0.00465046], ([0.00084136 0.00085476 0.00303247 0.00322575 0.00274767 0.00349345
 0.00206578 0.00220925 0.00266363 0.00248664]) 	 loss 3.340E-01 	 horizons 19.0
step 18460 	 return [0.         0.00447587 0.0046635  0.01196823 0.00636783 0.00783736
 0.01250113 0.00754392 0.00812003 0.00686555], ([0.         0.00196321 0.0020118  0.00357744 0.0033379  0.00355891
 0.00416265 0.00345476 0.00306107 0.00286723]) 	 loss 3.158E-01 	 horizons 19.0
step 18650 	 return [0.         0.00872295 0.00084136 0.00673576 0.00400804 0.00824154
 0.0114158  0.00669834 0.00474923 0.0060323 ], ([0.         0.0007293  0.00132007 0.00312355 0.00374041 0.00331703
 0.00442058 0.00304349 0.00308527 0.00264559]) 	 loss 3.034E-01 	 horizons 19.0
step 18840 	 return [0.0005032  0.00613935 0.00259731 0.00819234 0.00265857 0.00466972
 0.01139421 0.00526506 0.00755358 0.00663036], ([0.00077869 0.0016676  0.00239548 0.00243283 0.00183719 0.00240344
 0.00760001 0.00263826 0.00242906 0.00140296]) 	 loss 3.247E-01 	 horizons 19.0
step 19030 	 return [0.00046659 0.00541779 0.00480844 0.01026897 0.00557989 0.0038725
 0.00834417 0.00900927 0.01033048 0.00299484], ([0.00072548 0.00204483 0.0019952  0.00226231 0.00153598 0.0017293
 0.00368376 0.00146081 0.00341274 0.00190152]) 	 loss 3.059E-01 	 horizons 19.0
step 19220 	 return [0.00026543 0.00785122 0.00121666 0.01083737 0.00481264 0.00376485
 0.011415   0.00638388 0.00813353 0.00701621], ([0.00053091 0.00310264 0.00161087 0.0033792  0.00170565 0.00180952
 0.00757316 0.00327008 0.00419073 0.00233944]) 	 loss 2.911E-01 	 horizons 19.0
step 19410 	 return [0.00013434 0.00823175 0.00069768 0.00604188 0.00310736 0.00808319
 0.01375786 0.00537971 0.003652   0.00522034], ([0.00040303 0.00094788 0.00140736 0.00209323 0.00106293 0.00277593
 0.00277595 0.00141986 0.00222477 0.00323848]) 	 loss 2.741E-01 	 horizons 19.0
step 19600 	 return [0.         0.00879487 0.00090148 0.00583212 0.00336735 0.00802176
 0.01441421 0.00623006 0.00497464 0.0048879 ], ([0.         0.00069856 0.00164475 0.00216433 0.00172848 0.00158274
 0.00277005 0.00318491 0.00402931 0.00261322]) 	 loss 2.858E-01 	 horizons 19.0
step 19790 	 return [0.00045413 0.00547725 0.00502525 0.00948987 0.0051679  0.00407927
 0.00546045 0.00780017 0.00837205 0.00350262], ([0.00070923 0.00256598 0.00117873 0.00144628 0.00152529 0.00166741
 0.00279879 0.00172959 0.0031939  0.00191882]) 	 loss 2.655E-01 	 horizons 19.0
step 19980 	 return [0.00012643 0.0047436  0.00420972 0.01030097 0.0093488  0.00205038
 0.008935   0.00606846 0.01044767 0.00676328], ([0.00037929 0.00134526 0.00150331 0.00282833 0.00234715 0.00101601
 0.00342514 0.00272199 0.00373014 0.00337899]) 	 loss 2.689E-01 	 horizons 19.0
step 20170 	 return [0.00013113 0.00660105 0.00097107 0.00801122 0.00371222 0.00577296
 0.00983735 0.0061471  0.00651502 0.00518034], ([0.0003934  0.00208912 0.00143194 0.00282402 0.00248297 0.00342859
 0.00469934 0.0029588  0.00298119 0.0017676 ]) 	 loss 2.762E-01 	 horizons 19.0
step 20360 	 return [0.00119161 0.00519883 0.00476824 0.0088021  0.0039398  0.00262325
 0.00517864 0.0033817  0.00847792 0.00769232], ([0.00080478 0.00102732 0.00226092 0.00187836 0.00196912 0.00207852
 0.00236355 0.00218834 0.00195393 0.00194544]) 	 loss 2.417E-01 	 horizons 19.0
step 20550 	 return [0.         0.00380403 0.00613567 0.00927188 0.00666671 0.00579357
 0.00773973 0.00564597 0.0058358  0.00467439], ([0.         0.00127719 0.00166908 0.00108935 0.00221099 0.0022798
 0.0036112  0.00212271 0.00319797 0.00206586]) 	 loss 2.451E-01 	 horizons 19.0
step 20740 	 return [0.00108223 0.00443465 0.00530404 0.00918948 0.0040723  0.00290291
 0.00569185 0.00544308 0.00966717 0.00602404], ([0.00075086 0.00047706 0.0015051  0.00097948 0.00040016 0.0015474
 0.0030919  0.00252779 0.00192878 0.00078468]) 	 loss 2.234E-01 	 horizons 19.0
step 20930 	 return [0.0002541  0.00396612 0.00488396 0.00767107 0.00470028 0.0047063
 0.00843399 0.00591679 0.00683374 0.00532451], ([0.00050848 0.00017199 0.00061612 0.00170692 0.00108199 0.00206246
 0.00391902 0.00275056 0.00228743 0.0019173 ]) 	 loss 2.375E-01 	 horizons 19.0
step 21120 	 return [0.00109492 0.0017665  0.00919466 0.00315958 0.00588853 0.00539489
 0.00664473 0.00613267 0.00715612 0.00567335], ([0.00089662 0.00167881 0.00286813 0.00361595 0.00244603 0.00301013
 0.00136027 0.00204888 0.00136285 0.00164645]) 	 loss 2.163E-01 	 horizons 19.0
step 21310 	 return [0.00037623 0.00482058 0.00420445 0.00837269 0.00271869 0.00417747
 0.00462193 0.00818896 0.00857965 0.00509078], ([0.0007813  0.00110271 0.00211004 0.00170812 0.00167938 0.0020453
 0.00263701 0.00262572 0.00340697 0.00145306]) 	 loss 2.122E-01 	 horizons 19.0
step 21500 	 return [0.         0.00814862 0.00202387 0.00936192 0.00275961 0.00688016
 0.01090303 0.00485968 0.00664436 0.00630005], ([0.         0.00071609 0.00171526 0.00308686 0.00199989 0.00205601
 0.00439402 0.00324983 0.00321459 0.00206162]) 	 loss 2.090E-01 	 horizons 19.0
step 21690 	 return [0.00098896 0.00423391 0.00535306 0.00713981 0.00408545 0.00272445
 0.00660988 0.00602177 0.00853253 0.00555924], ([0.00086263 0.00044487 0.00235656 0.00138702 0.001271   0.00100749
 0.00510811 0.00289292 0.00194321 0.00199653]) 	 loss 2.306E-01 	 horizons 19.0
step 21880 	 return [0.00090191 0.00567095 0.00411954 0.00790643 0.00402781 0.00345883
 0.00730136 0.00564992 0.00982442 0.00528471], ([0.00076643 0.00291551 0.00272348 0.0019364  0.00089648 0.00297347
 0.00483494 0.00143827 0.00232192 0.00198188]) 	 loss 2.267E-01 	 horizons 19.0
step 22070 	 return [0.00109374 0.00847324 0.00304012 0.00674046 0.00418734 0.00620387
 0.00763478 0.00370849 0.00426784 0.00720121], ([0.00286119 0.001274   0.00204095 0.00260052 0.00295127 0.00260646
 0.00417885 0.00255062 0.0034203  0.00400969]) 	 loss 2.268E-01 	 horizons 19.0
step 22260 	 return [0.         0.00435817 0.00488729 0.00888359 0.00562223 0.00586339
 0.00798892 0.00610919 0.00590524 0.003092  ], ([0.         0.00054815 0.00080443 0.00247087 0.00097221 0.00196097
 0.0031599  0.00181683 0.00230224 0.00139209]) 	 loss 2.076E-01 	 horizons 19.0
step 22450 	 return [0.00072068 0.00636944 0.00302745 0.00798862 0.00347508 0.00408769
 0.00702917 0.00670317 0.00817887 0.00515036], ([0.00073759 0.0015631  0.00271076 0.00248366 0.00056765 0.0031114
 0.00420901 0.00226687 0.0026356  0.00214642]) 	 loss 1.788E-01 	 horizons 19.0
step 22640 	 return [0.         0.00951767 0.00117037 0.00925153 0.00508232 0.00608185
 0.01550211 0.00732538 0.01070403 0.00765212], ([0.         0.00205293 0.00168368 0.00443081 0.00114089 0.00268473
 0.00595335 0.00289457 0.00173422 0.00252652]) 	 loss 1.997E-01 	 horizons 19.0
step 22830 	 return [0.         0.00937005 0.00372409 0.00691171 0.00317571 0.00903083
 0.01490863 0.00412075 0.00808706 0.00879539], ([0.         0.0001964  0.0010849  0.00262743 0.00119396 0.00164376
 0.00316092 0.00305177 0.00389905 0.00235068]) 	 loss 1.942E-01 	 horizons 19.0
step 23020 	 return [0.00091826 0.0054228  0.00476899 0.00965285 0.00493654 0.00258095
 0.00586085 0.00621515 0.01007502 0.00522626], ([0.00060164 0.00239201 0.00167607 0.00297908 0.00161985 0.00132065
 0.00214775 0.00247729 0.00287321 0.00092468]) 	 loss 1.738E-01 	 horizons 19.0
step 23210 	 return [0.00083595 0.00567696 0.00588989 0.00674623 0.00912106 0.00286263
 0.00866702 0.00308507 0.00827802 0.00584609], ([0.0008492  0.00261782 0.00133601 0.00057423 0.00068281 0.0011439
 0.00283236 0.0017108  0.00241191 0.00206622]) 	 loss 1.554E-01 	 horizons 19.0
step 23400 	 return [0.         0.00866335 0.00116635 0.0144068  0.00170716 0.01098388
 0.0160015  0.00803224 0.00923079 0.0107897 ], ([0.         0.00073291 0.00165054 0.00413012 0.00276533 0.00211938
 0.00620291 0.00240997 0.00272907 0.00282578]) 	 loss 1.609E-01 	 horizons 19.0
step 23590 	 return [0.00151499 0.00487601 0.00540146 0.00839087 0.00420026 0.00212568
 0.0057848  0.00375157 0.00958779 0.00657244], ([0.00033881 0.00066256 0.00234803 0.00110892 0.00079627 0.00131506
 0.00224623 0.00317411 0.00099041 0.00116568]) 	 loss 1.743E-01 	 horizons 19.0
step 23780 	 return [0.00044832 0.00650968 0.00506312 0.00872525 0.00389796 0.00515667
 0.00800881 0.00590761 0.00919274 0.00690978], ([0.00070704 0.00271149 0.00144369 0.00147416 0.00227405 0.00341989
 0.00314808 0.00283248 0.00378519 0.00405987]) 	 loss 1.487E-01 	 horizons 19.0
step 23970 	 return [0.00155938 0.00397382 0.00710359 0.00654608 0.0084059  0.00241475
 0.00678362 0.00445149 0.00886193 0.00532726], ([0.00058404 0.00145404 0.00096463 0.00135159 0.00125122 0.00169934
 0.0018539  0.00191344 0.00214213 0.00130993]) 	 loss 1.476E-01 	 horizons 19.0
step 24160 	 return [0.         0.01019954 0.00090915 0.00940214 0.00499293 0.00752491
 0.01920267 0.00779181 0.01114711 0.00688307], ([0.         0.00256606 0.00164231 0.0036276  0.00249839 0.00266266
 0.00369928 0.00245682 0.0016443  0.00349085]) 	 loss 1.430E-01 	 horizons 19.0
step 24350 	 return [0.00093246 0.00488704 0.00513336 0.00757012 0.00683131 0.00254468
 0.00720525 0.00490672 0.00753054 0.00541769], ([0.00078294 0.00096495 0.00126816 0.00141825 0.0023791  0.00129621
 0.00286022 0.00207952 0.00236086 0.00242558]) 	 loss 1.657E-01 	 horizons 19.0
step 24540 	 return [0.         0.00432487 0.00577442 0.00964203 0.00602476 0.00616896
 0.00878981 0.00618447 0.00477812 0.00447458], ([0.         0.00022811 0.00113882 0.00173088 0.0007101  0.00203321
 0.00230518 0.00141705 0.00289554 0.00166137]) 	 loss 1.633E-01 	 horizons 19.0
step 24730 	 return [0.00097963 0.0049804  0.00580347 0.00975975 0.00493306 0.00323351
 0.00534722 0.00757816 0.00975311 0.00416471], ([0.00082835 0.00126103 0.00124997 0.00061494 0.00080631 0.00156527
 0.00262258 0.00162198 0.00239809 0.00144019]) 	 loss 1.480E-01 	 horizons 19.0
step 24920 	 return [0.00138579 0.004658   0.00659066 0.00788687 0.00453834 0.00276338
 0.00528741 0.0025187  0.00820339 0.00698749], ([0.0007152  0.00087881 0.00134886 0.00117763 0.00191611 0.00080052
 0.00179682 0.00303845 0.00128327 0.00255825]) 	 loss 1.662E-01 	 horizons 19.0
step 25110 	 return [0.         0.00802398 0.00139174 0.01490406 0.00306151 0.00931935
 0.02103711 0.00888909 0.01135969 0.00834991], ([0.         0.00221418 0.0017041  0.00438265 0.00241469 0.00175385
 0.00409815 0.00169824 0.00202355 0.00225216]) 	 loss 1.782E-01 	 horizons 19.0
step 25300 	 return [0.         0.0074953  0.00298395 0.01332628 0.00353123 0.01095645
 0.0194192  0.00766799 0.01145557 0.00896084], ([0.         0.00132988 0.00268421 0.00422904 0.00321571 0.00264607
 0.00382146 0.00321713 0.00193199 0.00256245]) 	 loss 1.280E-01 	 horizons 19.0
step 25490 	 return [0.00070736 0.00464123 0.00557705 0.00817838 0.00456786 0.0038105
 0.00888739 0.0046925  0.00901166 0.00615347], ([0.00087933 0.00096152 0.00132825 0.00164703 0.00100272 0.00173892
 0.0026422  0.00212529 0.00216744 0.0026851 ]) 	 loss 1.478E-01 	 horizons 19.0
step 25680 	 return [0.00121966 0.00502458 0.0061075  0.00790926 0.0043272  0.00273954
 0.0070957  0.00437507 0.00951687 0.00564754], ([0.00083189 0.00133943 0.00120597 0.001242   0.00089425 0.00130943
 0.00233366 0.00184002 0.00231393 0.00197861]) 	 loss 1.042E-01 	 horizons 19.0
step 25870 	 return [0.00171211 0.00397466 0.00726105 0.00992801 0.00396729 0.00201468
 0.00661396 0.00673661 0.00929122 0.00630377], ([2.0171661e-04 1.3951118e-04 7.0965238e-04 2.5000013e-04 2.3744014e-04
 2.4092385e-06 4.3421463e-04 7.0922228e-04 8.4262923e-04 4.4777227e-04]) 	 loss 1.046E-01 	 horizons 19.0
step 26060 	 return [0.00148051 0.00493806 0.00588168 0.00888502 0.00415698 0.00231697
 0.00679039 0.00414929 0.00973971 0.00585313], ([0.00056299 0.0008937  0.00152821 0.00077953 0.00048371 0.00067708
 0.00163332 0.00138082 0.00226    0.0009445 ]) 	 loss 9.738E-02 	 horizons 19.0
step 26250 	 return [0.         0.00896257 0.00110804 0.01722282 0.00380201 0.0090991
 0.02164797 0.00843629 0.01164655 0.00821377], ([0.         0.00072423 0.0018251  0.00677323 0.00079316 0.00237276
 0.00627104 0.0033363  0.00154946 0.00201664]) 	 loss 1.263E-01 	 horizons 19.0
step 26440 	 return [0.00128615 0.00571782 0.00539603 0.01000907 0.00483315 0.0024546
 0.00621318 0.00903121 0.01173712 0.00332012], ([0.00068219 0.00109629 0.00129845 0.00032008 0.00086845 0.00087421
 0.00183286 0.00066413 0.0022231  0.00117033]) 	 loss 1.102E-01 	 horizons 19.0
step 26630 	 return [0.00116381 0.0047552  0.00584445 0.00717968 0.00759952 0.0023081
 0.00636199 0.00397846 0.00697246 0.00530877], ([0.00080714 0.00133558 0.00119755 0.00059727 0.00205505 0.00056558
 0.00081874 0.001987   0.00187884 0.00222164]) 	 loss 8.737E-02 	 horizons 19.0
step 26820 	 return [0.00155023 0.00542257 0.00623743 0.00745421 0.00546681 0.00240946
 0.00569364 0.00353328 0.00896917 0.00643918], ([0.00081902 0.00139103 0.00168564 0.00210286 0.00210524 0.0006562
 0.00188903 0.00278374 0.00182399 0.00177716]) 	 loss 9.020E-02 	 horizons 19.0
step 27010 	 return [0.00013087 0.00378603 0.006228   0.00872995 0.00715416 0.00428925
 0.00692175 0.00648942 0.00644286 0.00388489], ([0.0003926  0.00129185 0.00201466 0.00154914 0.00208435 0.00193013
 0.00207167 0.0014221  0.00262174 0.00205492]) 	 loss 6.826E-02 	 horizons 19.0
step 27200 	 return [0.         0.00939712 0.00045945 0.01960172 0.00326229 0.01006554
 0.02437245 0.00982498 0.01230229 0.00928052], ([0.0000000e+00 7.6475881e-05 1.3783638e-03 5.2611860e-03 3.4397715e-04
 2.3511449e-04 4.8252242e-03 2.8790908e-03 1.1946678e-03 1.4593519e-03]) 	 loss 8.639E-02 	 horizons 19.0
step 27390 	 return [0.00126195 0.00542667 0.00613244 0.00963169 0.00470851 0.00343193
 0.00715027 0.00714144 0.01103033 0.00358437], ([0.00068257 0.00124128 0.00085688 0.00059982 0.00024374 0.00144152
 0.00285304 0.00129429 0.00180276 0.00095682]) 	 loss 6.806E-02 	 horizons 19.0
step 27580 	 return [0.         0.00724578 0.00437164 0.01469823 0.00298312 0.00947567
 0.01951744 0.00790877 0.01044665 0.00931937], ([0.         0.00265044 0.00161902 0.0010711  0.00300304 0.00202522
 0.00463572 0.00304705 0.00386318 0.00041047]) 	 loss 5.712E-02 	 horizons 19.0
step 27770 	 return [0.00071949 0.00450297 0.00563348 0.00851928 0.00552738 0.00401903
 0.00939123 0.00447574 0.00802014 0.00524566], ([0.00073767 0.00083089 0.00148676 0.0013443  0.00203061 0.00203348
 0.00239175 0.0012627  0.00191169 0.00149746]) 	 loss 5.907E-02 	 horizons 19.0
step 27960 	 return [0.         0.01077266 0.00146333 0.01658695 0.00066473 0.01133494
 0.02706204 0.00882517 0.0132262  0.00942335], ([0.         0.00202608 0.00223528 0.00284589 0.00132946 0.0006134
 0.00170552 0.00168152 0.00168577 0.00227263]) 	 loss 7.296E-02 	 horizons 19.0
step 28150 	 return [0.00157931 0.00655228 0.00489689 0.00930531 0.0040079  0.00241063
 0.00780413 0.00951167 0.01374285 0.00289586], ([0.00027378 0.00125523 0.00122195 0.00094277 0.00137363 0.00076878
 0.00445343 0.00113415 0.00118413 0.00097226]) 	 loss 7.190E-02 	 horizons 19.0
step 28340 	 return [0.00012808 0.0049564  0.00613897 0.01224338 0.00712439 0.00439205
 0.01061869 0.00472948 0.00694905 0.00705882], ([0.00038424 0.00069619 0.00172947 0.00077586 0.00262635 0.00134048
 0.0025289  0.00197169 0.00425995 0.00238079]) 	 loss 7.162E-02 	 horizons 19.0
step 28530 	 return [0.         0.01010477 0.004087   0.01380101 0.00134078 0.01059925
 0.02351095 0.00909093 0.01353421 0.00975298], ([0.         0.00184717 0.00150228 0.003373   0.00177871 0.00127107
 0.00213393 0.00019514 0.00126706 0.00044421]) 	 loss 9.517E-02 	 horizons 19.0
step 28720 	 return [0.00082041 0.00567132 0.00579604 0.01354866 0.0116726  0.00246562
 0.00579262 0.00794362 0.01095639 0.00310534], ([0.00066987 0.00059427 0.0002773  0.00021892 0.0007107  0.00066311
 0.00241233 0.00100061 0.00155407 0.00134584]) 	 loss 6.073E-02 	 horizons 19.0
step 28910 	 return [0.0006974  0.00533205 0.00594347 0.01002663 0.00579447 0.00426777
 0.0091604  0.0066969  0.01035232 0.00372167], ([0.00089843 0.00194894 0.00169846 0.00185763 0.00147957 0.0017142
 0.00431841 0.00187089 0.00266397 0.0016542 ]) 	 loss 6.881E-02 	 horizons 19.0
step 29100 	 return [0.         0.00769574 0.00436623 0.01474821 0.00348112 0.00861623
 0.02071998 0.00966772 0.01208089 0.00942142], ([0.         0.00294014 0.00152993 0.00053932 0.00287116 0.0020847
 0.00408516 0.00094328 0.00226818 0.00055511]) 	 loss 7.018E-02 	 horizons 19.0
step 29290 	 return [0.         0.00917758 0.00384625 0.01349722 0.00310104 0.00880252
 0.02142661 0.00947096 0.01268111 0.00916238], ([0.         0.00288715 0.00192716 0.00179537 0.00223524 0.00351606
 0.00434748 0.0005192  0.00190831 0.0022805 ]) 	 loss 4.021E-02 	 horizons 19.0
step 29480 	 return [0.         0.00491788 0.0055901  0.01312541 0.01255642 0.00431193
 0.01213679 0.00863752 0.01174129 0.00433616], ([0.         0.00067959 0.00061129 0.00177709 0.00143504 0.00199816
 0.00424443 0.00204018 0.00246509 0.00132169]) 	 loss 6.235E-02 	 horizons 19.0
step 29670 	 return [0.         0.0047219  0.00562517 0.0135846  0.00773751 0.0086717
 0.01366913 0.0054083  0.00773592 0.00786956], ([0.         0.0002849  0.00055158 0.00123586 0.00335141 0.00171055
 0.00215255 0.00297042 0.00384257 0.00191087]) 	 loss 5.732E-02 	 horizons 19.0
step 29860 	 return [0.         0.00550129 0.00559367 0.01305152 0.01136924 0.0025632
 0.00908938 0.00915577 0.01264597 0.003356  ], ([0.         0.00052183 0.00038394 0.001671   0.00030451 0.0012402
 0.00308477 0.00187222 0.00292294 0.00041277]) 	 loss 7.043E-02 	 horizons 19.0
step 30050 	 return [0.         0.00474216 0.00563862 0.01251329 0.00720082 0.00711406
 0.01499588 0.00630173 0.00658106 0.00884183], ([0.         0.00029812 0.00053977 0.00120146 0.00291606 0.00162252
 0.00177425 0.00276831 0.00291611 0.00130963]) 	 loss 5.265E-02 	 horizons 19.0
[1;34mwandb[0m: 
[1;34mwandb[0m: 🚀 View run [33mmotndp_xian-v0__GCN-Xian-nd__42__1780882545[0m at: [34mhttps://wandb.ai/johnario-tu-delft/cl_ablation/runs/2p96fwbd[0m
[1;34mwandb[0m: Find logs at: [1;35mwandb/run-20260608_033546-2p96fwbd/logs[0m
