/home/SinJ/miniconda3/envs/mo-nw-design/lib/python3.11/site-packages/pygame/pkgdata.py:25: UserWarning: pkg_resources is deprecated as an API. See https://setuptools.pypa.io/en/latest/pkg_resources.html. The pkg_resources package is slated for removal as early as 2025-11-30. Refrain from using this package or pin to Setuptools<81.
  from pkg_resources import resource_stream, resource_exists
wandb: [wandb.login()] Loaded credentials for https://api.wandb.ai from /home/SinJ/.netrc.
wandb: Currently logged in as: jingyuan-sun03 (johnario-tu-delft) to https://api.wandb.ai. Use `wandb login --relogin` to force relogin
wandb: setting up run jnbkv1e0
wandb: Tracking run with wandb version 0.27.0
wandb: Run data is saved locally in /home/SinJ/mo-transport-network-design/wandb/run-20260608_033546-jnbkv1e0
wandb: Run `wandb offline` to turn off syncing.
wandb: Syncing run motndp_xian-v0__GCN-Xian-pareto__456__1780882545
wandb: ⭐️ View project at https://wandb.ai/johnario-tu-delft/cl_ablation
wandb: 🚀 View run at https://wandb.ai/johnario-tu-delft/cl_ablation/runs/jnbkv1e0
/home/SinJ/mo-transport-network-design/morl-baselines/morl_baselines/multi_policy/gcn/gcn.py:151: UserWarning: Creating a tensor from a list of numpy.ndarrays is extremely slow. Please consider converting the list to a single numpy.ndarray with numpy.array() before converting to a tensor. (Triggered internally at /pytorch/torch/csrc/utils/tensor_new.cpp:253.)
  th.tensor(obs).to(self.device),
wandb: WARNING Artifact "run-jnbkv1e0-evalfront-ezKHQw" already exists with the same content. No new version will be created.
Namespace(env='xian', nr_groups=10, starting_loc_x=9, starting_loc_y=19, nr_stations=20, lr=0.01, batch_size=256, num_er_episodes=100, num_step_episodes=10, num_model_updates=5, num_policies=10, max_buffer_size=100, nr_layers=1, hidden_dim=128, timesteps=30000, no_log=False, project_name='cl_ablation', experiment_name='GCN-Xian-pareto', wandb_entity='johnario-tu-delft', seed=456, cd_threshold=0.2, distance_ref='nondominated', gcn_lambda=None, lambda_schedule='constant', lambda_start=1.0, lambda_end=None, lambda_warmup_fraction=0.0, lambda_freeze_fraction=0.1, spatial_alpha=0.0, include_demand_context=False, criterion='pareto', nash_mode='pareto_sized', nash_top_k=None, nash_shift=0.0)
step 1957 	 return [0.00279298 0.00319078 0.0035186  0.00325901 0.00105692 0.0045382
 0.00462769 0.00310426 0.00309069 0.00418436], ([0.0031073  0.00366141 0.00288502 0.00347545 0.00225189 0.00539737
 0.00490315 0.00353597 0.00323873 0.00518264]) 	 loss 1.996E+00 	 horizons 18.3
step 2147 	 return [0.00098562 0.00136484 0.00321811 0.00535204 0.00360989 0.00696994
 0.00651575 0.00402329 0.00375424 0.00480979], ([0.00200433 0.00201419 0.00333539 0.00371993 0.00362622 0.00543198
 0.00545963 0.00341704 0.00261152 0.00407339]) 	 loss 1.856E+00 	 horizons 19.0
step 2330 	 return [0.00072182 0.00117712 0.00343171 0.00640302 0.00435531 0.00364318
 0.00830823 0.00613209 0.0034155  0.00392621], ([0.00216547 0.00191959 0.00264703 0.00468126 0.00462044 0.0033814
 0.005871   0.00443754 0.00302195 0.00453431]) 	 loss 1.595E+00 	 horizons 18.3
step 2515 	 return [0.00016911 0.00068959 0.0055261  0.0041703  0.0030298  0.0061849
 0.00626973 0.00211566 0.00340543 0.00472801], ([0.00050733 0.00140722 0.00329884 0.00441768 0.00381496 0.00367931
 0.0048053  0.00318617 0.00242417 0.00277957]) 	 loss 1.301E+00 	 horizons 18.5
step 2688 	 return [0.00252772 0.00350612 0.0018031  0.00052158 0.00098608 0.00110284
 0.00074734 0.00078112 0.00070429 0.00025901], ([0.00227856 0.005775   0.0028918  0.00156474 0.00119305 0.00129158
 0.00093228 0.00141543 0.00107072 0.00052269]) 	 loss 1.177E+00 	 horizons 17.3
step 2878 	 return [0.00085626 0.00244979 0.00306692 0.00474095 0.00394439 0.0056982
 0.0070772  0.00528663 0.0053514  0.00596337], ([0.00256879 0.00314502 0.00311406 0.00293698 0.00269678 0.00374171
 0.00478944 0.00325494 0.00348594 0.00444172]) 	 loss 1.092E+00 	 horizons 19.0
step 3068 	 return [0.00029989 0.00240321 0.00373019 0.0075154  0.0030984  0.00661065
 0.01134011 0.00402868 0.00204268 0.00223518], ([0.00061817 0.00261839 0.00395512 0.00392034 0.00320021 0.00349301
 0.00489949 0.00348135 0.00234482 0.00281174]) 	 loss 1.042E+00 	 horizons 19.0
step 3258 	 return [0.         0.00213907 0.00205683 0.00498278 0.0046614  0.00775251
 0.0064897  0.00564747 0.00523653 0.00757107], ([0.         0.0031388  0.00257072 0.00231808 0.00390725 0.00253021
 0.00383053 0.00169326 0.00269982 0.00466843]) 	 loss 9.971E-01 	 horizons 19.0
step 3448 	 return [0.00210158 0.00349226 0.00353035 0.00548749 0.00555273 0.00722171
 0.00355934 0.00403209 0.00535232 0.00648274], ([0.0042033  0.0035418  0.00250652 0.00273618 0.00407277 0.00318362
 0.00301931 0.00290317 0.00318419 0.00670293]) 	 loss 9.845E-01 	 horizons 19.0
step 3638 	 return [0.         0.00232579 0.0030383  0.00554238 0.00267712 0.00991029
 0.00883967 0.00591388 0.00408876 0.00907346], ([0.         0.00262253 0.00250531 0.00397479 0.00321478 0.00250479
 0.0039118  0.00323012 0.00301184 0.00399338]) 	 loss 9.805E-01 	 horizons 19.0
step 3828 	 return [0.00017401 0.00193844 0.00240482 0.00438414 0.00302442 0.00888624
 0.0082332  0.00725808 0.00470437 0.00796696], ([0.00052203 0.00312705 0.00304489 0.00232777 0.00408417 0.00205486
 0.00463063 0.00303582 0.00272396 0.00365474]) 	 loss 9.740E-01 	 horizons 19.0
step 4018 	 return [0.         0.00191871 0.00294138 0.00524607 0.00364852 0.0082433
 0.00824943 0.00593884 0.00543973 0.00600233], ([0.         0.0026087  0.00272773 0.00324129 0.00281376 0.00297843
 0.00578706 0.00347383 0.00388294 0.00431327]) 	 loss 9.871E-01 	 horizons 19.0
step 4208 	 return [0.00266538 0.0043184  0.00313077 0.00369329 0.00312416 0.00559637
 0.00294516 0.00303537 0.00285544 0.00502438], ([0.0040465  0.00369367 0.00297755 0.00174061 0.00178138 0.00468225
 0.00242764 0.00318532 0.00295737 0.00435908]) 	 loss 9.803E-01 	 horizons 19.0
step 4398 	 return [0.         0.00238113 0.00298113 0.00738941 0.00386183 0.008587
 0.01087346 0.00502379 0.00373592 0.00704489], ([0.         0.00328726 0.00157507 0.00324794 0.00285761 0.00365693
 0.00667145 0.00314708 0.00340838 0.00626257]) 	 loss 9.645E-01 	 horizons 19.0
step 4588 	 return [0.00071099 0.00102121 0.00339291 0.00596657 0.00111943 0.00788224
 0.00673557 0.00641392 0.00544859 0.00575806], ([0.00213296 0.00154174 0.00292815 0.00221961 0.00150341 0.00465889
 0.00426643 0.00425112 0.00316489 0.00407948]) 	 loss 9.275E-01 	 horizons 19.0
step 4778 	 return [0.00352247 0.00470195 0.00529922 0.00522015 0.00566574 0.00488486
 0.00313437 0.00336925 0.00194234 0.0024039 ], ([0.00446014 0.00478699 0.00344905 0.00362944 0.00349735 0.00354155
 0.00404281 0.00315501 0.00296217 0.0030863 ]) 	 loss 9.243E-01 	 horizons 19.0
step 4968 	 return [0.00253779 0.00543486 0.00340296 0.00387301 0.00490015 0.00600129
 0.00384236 0.00323814 0.00384947 0.00411925], ([0.00377462 0.00351677 0.00310456 0.00216319 0.00234547 0.00491464
 0.00345979 0.00256253 0.00358173 0.00486867]) 	 loss 8.858E-01 	 horizons 19.0
step 5158 	 return [0.         0.00125102 0.003793   0.00603508 0.00134617 0.00503194
 0.01112971 0.00607793 0.00480447 0.00454082], ([0.         0.00155998 0.00122999 0.00268004 0.00170853 0.00295827
 0.00333977 0.00243792 0.0034615  0.00435756]) 	 loss 8.778E-01 	 horizons 19.0
step 5348 	 return [0.         0.00177873 0.00433657 0.00564896 0.0009931  0.00789414
 0.00952153 0.00619152 0.00564197 0.0068735 ], ([0.         0.00245777 0.00223387 0.0030933  0.0024818  0.00128853
 0.00413284 0.00387896 0.00285371 0.00331475]) 	 loss 8.856E-01 	 horizons 19.0
step 5538 	 return [0.         0.00149464 0.00568706 0.00661824 0.00296493 0.00677224
 0.00781637 0.00417407 0.00255544 0.00254546], ([0.         0.00198776 0.00246746 0.00527522 0.00235299 0.00307514
 0.00588625 0.00294395 0.00310398 0.00303974]) 	 loss 8.689E-01 	 horizons 19.0
step 5728 	 return [0.00314948 0.0037702  0.00223178 0.00669542 0.00305439 0.00712519
 0.00831518 0.00493057 0.00554644 0.00647317], ([0.00481173 0.00397525 0.00217632 0.00380492 0.00202559 0.00418071
 0.00581333 0.00354674 0.00396305 0.00565167]) 	 loss 8.563E-01 	 horizons 19.0
step 5918 	 return [0.         0.00077923 0.00406665 0.00536867 0.00365834 0.0083947
 0.006408   0.00491128 0.00389846 0.0056887 ], ([0.         0.0017029  0.00236459 0.00223423 0.0025602  0.00450219
 0.00435348 0.00294476 0.00260976 0.00403873]) 	 loss 8.488E-01 	 horizons 19.0
step 6108 	 return [0.         0.00057116 0.00294502 0.00587029 0.00318403 0.01012773
 0.00696376 0.00725861 0.00551747 0.00731598], ([0.         0.00071396 0.00181034 0.00319951 0.00281064 0.00320367
 0.00299841 0.00196448 0.00285937 0.00436354]) 	 loss 8.351E-01 	 horizons 19.0
step 6298 	 return [0.00021691 0.         0.0037598  0.00568145 0.00335334 0.00910464
 0.00389864 0.00639832 0.00615841 0.01006672], ([0.00065072 0.         0.00241715 0.00274516 0.00361199 0.00290587
 0.00230855 0.00366151 0.00266514 0.00304018]) 	 loss 8.067E-01 	 horizons 19.0
step 6488 	 return [0.00071661 0.00082656 0.00466697 0.00608989 0.00515568 0.00966318
 0.0091582  0.00663636 0.00439467 0.00766884], ([0.00214984 0.00135866 0.00289625 0.00289947 0.00324712 0.00349063
 0.00641816 0.00322184 0.00401215 0.00535812]) 	 loss 8.420E-01 	 horizons 19.0
step 6678 	 return [0.         0.00188592 0.00302822 0.00577373 0.0018083  0.00944382
 0.00675664 0.00597738 0.0047093  0.00935451], ([0.         0.00280732 0.00187547 0.00221133 0.00234524 0.00360634
 0.00369155 0.00282529 0.00292427 0.00485621]) 	 loss 8.083E-01 	 horizons 19.0
step 6868 	 return [0.         0.00136292 0.0031846  0.00658903 0.00242817 0.0102476
 0.00723863 0.00523441 0.00577549 0.01035916], ([0.         0.00234623 0.00207269 0.00187271 0.00184133 0.0033082
 0.00370803 0.00270496 0.003542   0.00345252]) 	 loss 8.046E-01 	 horizons 19.0
step 7058 	 return [0.         0.00082967 0.00216982 0.00594129 0.00160482 0.01122489
 0.00650424 0.00724869 0.00635248 0.00626336], ([0.         0.00207963 0.00179675 0.00286597 0.00216502 0.00166765
 0.00546859 0.00212542 0.00243628 0.0049882 ]) 	 loss 7.876E-01 	 horizons 19.0
step 7248 	 return [0.         0.0004396  0.00505177 0.00652218 0.00090409 0.00704164
 0.01053876 0.00624415 0.00724986 0.00717408], ([0.         0.00068189 0.00271214 0.00351126 0.00147171 0.00409781
 0.00347104 0.00295519 0.00277924 0.00407263]) 	 loss 8.145E-01 	 horizons 19.0
step 7438 	 return [0.         0.00164669 0.00193148 0.00635139 0.00151164 0.00943263
 0.00816654 0.00626882 0.00446987 0.00662411], ([0.         0.00270714 0.00187121 0.00273385 0.00194571 0.00342025
 0.00297645 0.00372507 0.00391037 0.00317191]) 	 loss 8.325E-01 	 horizons 19.0
step 7628 	 return [0.         0.00241032 0.00259353 0.00592967 0.00246073 0.00786166
 0.0082175  0.00690342 0.00519529 0.01000322], ([0.         0.00322237 0.00237216 0.00239689 0.00248505 0.0026241
 0.00426608 0.00362878 0.00242122 0.00470849]) 	 loss 7.978E-01 	 horizons 19.0
step 7818 	 return [0.         0.00203787 0.00321619 0.00732257 0.00349473 0.00869463
 0.00809637 0.00486438 0.00510079 0.00906923], ([0.         0.00303138 0.00276712 0.0032915  0.0029182  0.00267709
 0.00440659 0.00280072 0.0033484  0.0041326 ]) 	 loss 7.598E-01 	 horizons 19.0
step 8008 	 return [0.         0.00012271 0.00357306 0.00640865 0.00225125 0.00859066
 0.00807277 0.00689864 0.00530163 0.007584  ], ([0.         0.0002845  0.00166003 0.00218503 0.00199364 0.00362704
 0.00514135 0.00262783 0.00335313 0.00364526]) 	 loss 7.719E-01 	 horizons 19.0
step 8198 	 return [0.00208877 0.00351858 0.00294752 0.00503614 0.00552156 0.00651278
 0.00581932 0.00465322 0.00362579 0.00495256], ([0.00320553 0.00349227 0.00366867 0.0021931  0.00349714 0.00381446
 0.00474361 0.0035221  0.0033198  0.00400205]) 	 loss 8.274E-01 	 horizons 19.0
step 8388 	 return [0.         0.00213863 0.00082959 0.00517957 0.00353226 0.00891971
 0.00860336 0.00602246 0.00358161 0.01020812], ([0.         0.00340345 0.00110992 0.0026069  0.0023426  0.00393248
 0.00677704 0.00347061 0.00223484 0.00473945]) 	 loss 7.817E-01 	 horizons 19.0
step 8578 	 return [0.         0.00134941 0.00504651 0.00686732 0.00450161 0.0099679
 0.00664151 0.00455664 0.00607362 0.00607526], ([0.         0.0019845  0.00160572 0.00372177 0.00351009 0.00305358
 0.00289954 0.00321495 0.00178562 0.00230572]) 	 loss 7.682E-01 	 horizons 19.0
step 8768 	 return [0.         0.00115968 0.00375243 0.00656949 0.00586174 0.0104249
 0.00881497 0.00675298 0.00533855 0.00835569], ([0.         0.00222158 0.00269401 0.0014127  0.00313412 0.00424121
 0.00632828 0.00316134 0.00261647 0.00555258]) 	 loss 7.786E-01 	 horizons 19.0
step 8958 	 return [0.         0.00045909 0.00387142 0.00820445 0.0050358  0.0118632
 0.00919571 0.0078999  0.00527848 0.00932642], ([0.         0.00123906 0.00288509 0.00297461 0.00333702 0.00307214
 0.00535051 0.00291384 0.00321124 0.00577461]) 	 loss 7.208E-01 	 horizons 19.0
step 9148 	 return [0.         0.000596   0.00190135 0.00678896 0.00341271 0.00889316
 0.00713533 0.00594861 0.00589773 0.01108822], ([0.         0.00122858 0.00125063 0.00257862 0.00253052 0.00261846
 0.00343576 0.00329188 0.0023687  0.00444829]) 	 loss 7.450E-01 	 horizons 19.0
step 9338 	 return [0.00212284 0.0032344  0.00308877 0.00534217 0.00391213 0.00923379
 0.00796623 0.00601497 0.0039547  0.00745325], ([0.0042467  0.00306871 0.0032531  0.00278209 0.00369956 0.00385189
 0.00589631 0.00391057 0.0033064  0.00548928]) 	 loss 7.012E-01 	 horizons 19.0
step 9528 	 return [0.0004922  0.00246006 0.0031614  0.00758035 0.00156834 0.00990403
 0.00796834 0.00568229 0.00576686 0.0077633 ], ([0.00147659 0.00281943 0.00243645 0.00252831 0.0024359  0.0048375
 0.00398976 0.00344661 0.00235335 0.00499694]) 	 loss 6.586E-01 	 horizons 19.0
step 9718 	 return [0.00103636 0.00458862 0.00235161 0.00777955 0.00595125 0.00746246
 0.00913236 0.00560978 0.00383406 0.00441646], ([0.00310908 0.00383122 0.00313341 0.0026047  0.0031269  0.00361974
 0.00717005 0.00349341 0.00279802 0.00300547]) 	 loss 6.440E-01 	 horizons 19.0
step 9908 	 return [0.         0.         0.00550796 0.00798531 0.00551243 0.01010129
 0.00642151 0.0050474  0.00238445 0.00473791], ([0.         0.         0.00380919 0.00343356 0.00244939 0.00355202
 0.00440046 0.00188093 0.00249065 0.00470947]) 	 loss 6.108E-01 	 horizons 19.0
step 10098 	 return [0.         0.00014636 0.00256621 0.00700498 0.00267301 0.01180927
 0.00650043 0.00574004 0.00449474 0.00686614], ([0.         0.00036425 0.00151192 0.00247396 0.00196907 0.00236435
 0.00318381 0.00293066 0.0024063  0.0043886 ]) 	 loss 6.476E-01 	 horizons 19.0
step 10288 	 return [0.         0.00019373 0.00447974 0.00600536 0.00227731 0.00643675
 0.00774923 0.00754016 0.00648502 0.00761378], ([0.         0.00043006 0.00173426 0.00283362 0.0024186  0.00383436
 0.00223613 0.00422456 0.00268909 0.00379712]) 	 loss 5.782E-01 	 horizons 19.0
step 10478 	 return [0.         0.         0.00397011 0.00909632 0.00648765 0.01158704
 0.01073626 0.0068035  0.0042572  0.00937484], ([0.         0.         0.00304357 0.00339455 0.00338924 0.0037789
 0.00560904 0.00324971 0.00191935 0.00691722]) 	 loss 5.814E-01 	 horizons 19.0
step 10668 	 return [0.         0.0002046  0.00441034 0.00740327 0.00377343 0.00984818
 0.00881753 0.0072217  0.00514342 0.00672049], ([0.         0.00041557 0.00161826 0.00217021 0.00385727 0.00364098
 0.00260538 0.0024757  0.00172998 0.00315258]) 	 loss 5.939E-01 	 horizons 19.0
step 10858 	 return [0.         0.00130717 0.00329048 0.0101355  0.00461789 0.0089934
 0.01222038 0.0060088  0.00492543 0.00860013], ([0.         0.00200497 0.00279066 0.00249181 0.00243312 0.00332484
 0.00504265 0.00291349 0.00200562 0.0037999 ]) 	 loss 5.954E-01 	 horizons 19.0
step 11048 	 return [0.00164942 0.00105198 0.0052415  0.00891385 0.00661328 0.01147338
 0.0069007  0.00408978 0.00247862 0.00665712], ([0.00329885 0.00210399 0.00267773 0.00391773 0.00386817 0.00318111
 0.00399504 0.00205717 0.00232096 0.00542721]) 	 loss 5.884E-01 	 horizons 19.0
step 11238 	 return [0.         0.00058771 0.00320435 0.00716177 0.00666067 0.01099714
 0.0076937  0.00575527 0.00460067 0.00954898], ([0.         0.00125279 0.00309844 0.00300893 0.00227386 0.00419082
 0.00347617 0.00272614 0.00350989 0.00557237]) 	 loss 5.615E-01 	 horizons 19.0
step 11428 	 return [0.         0.00139536 0.00167102 0.00734842 0.00161979 0.00781794
 0.01135931 0.00732495 0.006395   0.00722247], ([0.         0.00226183 0.00186501 0.00295302 0.00331457 0.00364539
 0.00340216 0.00404377 0.00246966 0.00415062]) 	 loss 5.634E-01 	 horizons 19.0
step 11618 	 return [0.         0.         0.00652301 0.00525764 0.00491961 0.0085416
 0.00483529 0.00253529 0.00246724 0.00634021], ([0.         0.         0.0017401  0.00544761 0.00218108 0.00190556
 0.00344182 0.00280846 0.00228454 0.00311462]) 	 loss 5.836E-01 	 horizons 19.0
step 11808 	 return [0.0001209  0.0003535  0.00369584 0.00688603 0.00121495 0.01032157
 0.00809058 0.00998926 0.00652065 0.00798412], ([0.0003627  0.00054715 0.00166832 0.00313553 0.00233413 0.00471439
 0.0041824  0.00314162 0.00325904 0.00391885]) 	 loss 5.459E-01 	 horizons 19.0
step 11998 	 return [0.00077761 0.00040294 0.0056903  0.00549332 0.00349094 0.0079214
 0.00551151 0.00329843 0.0035426  0.00677066], ([0.00233283 0.00103612 0.00137939 0.00250749 0.00311107 0.00440112
 0.00403778 0.00251864 0.00233467 0.00499557]) 	 loss 5.642E-01 	 horizons 19.0
step 12188 	 return [0.         0.00011    0.00414652 0.01116298 0.00309566 0.01147178
 0.00784913 0.00654115 0.00605474 0.00537888], ([0.         0.00033    0.00229025 0.00242928 0.00181925 0.00376606
 0.00222439 0.00302697 0.00332309 0.00210117]) 	 loss 6.015E-01 	 horizons 19.0
step 12378 	 return [0.         0.         0.00423371 0.00678848 0.00252827 0.00774529
 0.0106265  0.00644856 0.0059935  0.00790931], ([0.         0.         0.00179324 0.00213819 0.00258411 0.00330959
 0.00312784 0.0032321  0.00196817 0.00248011]) 	 loss 5.641E-01 	 horizons 19.0
step 12568 	 return [0.         0.00011355 0.00530225 0.00831436 0.00328726 0.01238452
 0.00603778 0.00514975 0.00437758 0.00853345], ([0.         0.00034066 0.00241397 0.00411943 0.00331443 0.00302072
 0.0023822  0.00251267 0.00277534 0.00604189]) 	 loss 5.437E-01 	 horizons 19.0
step 12758 	 return [0.         0.00140319 0.00108091 0.00640821 0.00178897 0.00939394
 0.01054782 0.00891175 0.00562713 0.00855569], ([0.         0.0023133  0.00182049 0.0020692  0.00303865 0.0044602
 0.00341295 0.00226258 0.00278266 0.00600984]) 	 loss 5.251E-01 	 horizons 19.0
step 12948 	 return [0.         0.00046805 0.00627188 0.00847374 0.00054867 0.01295617
 0.00660015 0.00624296 0.00568843 0.0100841 ], ([0.         0.00057546 0.00162598 0.00171032 0.00111331 0.00192998
 0.00253566 0.00305335 0.00290776 0.00506281]) 	 loss 5.427E-01 	 horizons 19.0
step 13138 	 return [0.00000000e+00 9.02993634e-05 5.74402045e-03 8.63404106e-03
 1.33928517e-03 1.14947185e-02 9.24596749e-03 7.56428903e-03
 6.51852507e-03 9.98818409e-03], ([0.         0.0002709  0.00167017 0.00185294 0.00312964 0.00356933
 0.00309687 0.00300982 0.00201311 0.00354788]) 	 loss 5.209E-01 	 horizons 19.0
step 13328 	 return [0.         0.00133415 0.00308834 0.00840737 0.00103677 0.01021664
 0.01257649 0.00773163 0.0074452  0.00743987], ([0.         0.00187661 0.0013195  0.00213224 0.00207371 0.00470526
 0.00250969 0.00247307 0.00249905 0.00378214]) 	 loss 5.234E-01 	 horizons 19.0
step 13518 	 return [0.         0.0001754  0.00562007 0.00815463 0.00321097 0.00921161
 0.00798342 0.00625808 0.00653829 0.00783859], ([0.         0.00040832 0.00212876 0.00307533 0.00296697 0.00295382
 0.00362452 0.00308962 0.00338134 0.00409042]) 	 loss 5.102E-01 	 horizons 19.0
step 13708 	 return [0.         0.00011421 0.00423985 0.0066092  0.00201743 0.00743813
 0.01196343 0.00882239 0.00771208 0.00735876], ([0.         0.00034262 0.00173054 0.0015518  0.00247503 0.00344062
 0.00277827 0.00281455 0.00153264 0.00201924]) 	 loss 5.086E-01 	 horizons 19.0
step 13898 	 return [0.         0.00014232 0.00559239 0.00933914 0.00457083 0.01200561
 0.00602478 0.00552448 0.00418892 0.00913486], ([0.         0.00036607 0.00182026 0.00369467 0.00273265 0.00186926
 0.00118954 0.00277862 0.0023952  0.00404745]) 	 loss 5.065E-01 	 horizons 19.0
step 14088 	 return [0.         0.00074234 0.00244073 0.00812402 0.00170485 0.01154859
 0.01125787 0.00870248 0.00554672 0.00920975], ([0.         0.00120483 0.00148309 0.00306632 0.00245937 0.0029375
 0.00309639 0.00193772 0.00247187 0.00592709]) 	 loss 4.987E-01 	 horizons 19.0
step 14278 	 return [0.         0.00192596 0.00070625 0.00588466 0.00344359 0.00834107
 0.0108658  0.00688673 0.00647918 0.00844016], ([0.         0.00213213 0.00211874 0.00256413 0.00267817 0.00408051
 0.00424479 0.00245767 0.00149993 0.0045921 ]) 	 loss 4.955E-01 	 horizons 19.0
step 14468 	 return [0.         0.00012966 0.00714353 0.01081526 0.00047553 0.01221485
 0.00647928 0.00683945 0.00600627 0.00922943], ([0.         0.00028421 0.00121621 0.00288439 0.00126725 0.00298254
 0.00202061 0.00329894 0.00263154 0.00473815]) 	 loss 5.106E-01 	 horizons 19.0
step 14658 	 return [0.         0.00051711 0.0048894  0.00810161 0.00181355 0.01056625
 0.00931972 0.00760312 0.00683708 0.00606381], ([0.         0.00064077 0.0025077  0.00271595 0.00316635 0.00309944
 0.0028066  0.00316018 0.00092671 0.00372689]) 	 loss 5.099E-01 	 horizons 19.0
step 14848 	 return [0.0002194  0.00259125 0.00247151 0.00569959 0.00289731 0.00803504
 0.00805493 0.0052164  0.00506959 0.00685288], ([0.0006582  0.0039053  0.00269449 0.00236253 0.00250953 0.00511185
 0.00402165 0.00290833 0.00335081 0.00477395]) 	 loss 5.009E-01 	 horizons 19.0
step 15038 	 return [0.         0.00010832 0.00781165 0.0097116  0.0024909  0.01044771
 0.00557779 0.00418487 0.00647778 0.00755436], ([0.         0.00032496 0.00090998 0.00352317 0.00272257 0.0023032
 0.00217997 0.00296846 0.0033364  0.00439977]) 	 loss 5.103E-01 	 horizons 19.0
step 15228 	 return [0.         0.00082982 0.00375083 0.00834325 0.00148419 0.01099224
 0.00894776 0.00836652 0.00630623 0.00797422], ([0.         0.00115098 0.00210558 0.00226818 0.00227296 0.00360943
 0.00307079 0.00292054 0.00199485 0.00356926]) 	 loss 4.696E-01 	 horizons 19.0
step 15418 	 return [0.         0.00144493 0.         0.0056799  0.00183055 0.01029699
 0.0110153  0.00783346 0.00782645 0.01061791], ([0.         0.00199842 0.         0.00251298 0.00239069 0.00444017
 0.00260724 0.00288723 0.00209924 0.0029807 ]) 	 loss 4.845E-01 	 horizons 19.0
step 15608 	 return [0.         0.00020186 0.0064259  0.01054316 0.00237009 0.01421165
 0.00616283 0.00564885 0.00596023 0.00864082], ([0.         0.00048464 0.0017596  0.00221919 0.00266821 0.00236845
 0.00216448 0.00234839 0.00342571 0.00448897]) 	 loss 4.506E-01 	 horizons 19.0
step 15798 	 return [0.         0.00081168 0.0004443  0.00720648 0.00275777 0.01140101
 0.00942793 0.00815269 0.00779026 0.01089125], ([0.         0.00162424 0.0008888  0.00258394 0.00235241 0.00398505
 0.00215459 0.00252448 0.00177701 0.00419362]) 	 loss 4.502E-01 	 horizons 19.0
step 15988 	 return [0.         0.00289366 0.00103487 0.00584975 0.0027702  0.00720944
 0.01045242 0.00804202 0.00573903 0.00832882], ([0.         0.00229837 0.00182347 0.00215472 0.00357631 0.00466473
 0.00392866 0.00248932 0.00214854 0.00393624]) 	 loss 4.944E-01 	 horizons 19.0
step 16178 	 return [0.         0.00402023 0.00050177 0.00669634 0.00432705 0.0060227
 0.01144285 0.00717794 0.00563224 0.00719855], ([0.         0.0024166  0.00130959 0.00271965 0.00265364 0.00383646
 0.00369494 0.0034939  0.00222774 0.00341342]) 	 loss 4.351E-01 	 horizons 19.0
step 16368 	 return [0.         0.00050009 0.00522341 0.00997705 0.00037606 0.01237397
 0.00801035 0.00719131 0.00442782 0.00797669], ([0.         0.00049282 0.0019882  0.00245019 0.00083353 0.00303393
 0.00380801 0.00412249 0.00303346 0.00349308]) 	 loss 4.146E-01 	 horizons 19.0
step 16558 	 return [0.         0.         0.00665992 0.00926574 0.00046648 0.01032765
 0.00787683 0.00516699 0.00700364 0.00680027], ([0.         0.         0.00083654 0.00110092 0.00139944 0.00328957
 0.00191082 0.00223071 0.00347474 0.00324342]) 	 loss 4.234E-01 	 horizons 19.0
step 16748 	 return [0.         0.00088275 0.00105256 0.00627438 0.00456893 0.01031813
 0.01096497 0.00931191 0.00689468 0.0094432 ], ([0.         0.00150457 0.00132737 0.00230345 0.00251205 0.00408678
 0.00199144 0.00154402 0.00145031 0.00484481]) 	 loss 4.315E-01 	 horizons 19.0
step 16938 	 return [0.         0.00168835 0.00170158 0.00987151 0.00327051 0.01077201
 0.01107595 0.00744822 0.00527501 0.00608547], ([0.         0.00236521 0.00112986 0.00270212 0.00366439 0.00476516
 0.00452019 0.00346865 0.00360683 0.00411523]) 	 loss 4.195E-01 	 horizons 19.0
step 17128 	 return [0.         0.00450586 0.         0.0062241  0.00287724 0.00618036
 0.0137278  0.00780528 0.00597089 0.00678368], ([0.         0.0023395  0.         0.00215927 0.00321022 0.00294203
 0.00296604 0.00330989 0.00228208 0.00346459]) 	 loss 3.975E-01 	 horizons 19.0
step 17318 	 return [0.00020983 0.00329651 0.00048049 0.00735354 0.00084662 0.00342766
 0.01162674 0.01047687 0.00645056 0.00785774], ([0.00062949 0.00245937 0.00144146 0.00120428 0.00171586 0.00195698
 0.00254907 0.00235886 0.00258017 0.0037602 ]) 	 loss 3.860E-01 	 horizons 19.0
step 17508 	 return [0.         0.006744   0.00057798 0.00521659 0.00749374 0.0032991
 0.0131952  0.00775954 0.00488719 0.00624988], ([0.         0.00408988 0.00173395 0.00136013 0.00252073 0.00273101
 0.00545668 0.00407133 0.00264738 0.00329023]) 	 loss 3.888E-01 	 horizons 19.0
step 17698 	 return [0.         0.00054569 0.00197871 0.00638277 0.00316202 0.01444862
 0.01038712 0.00946199 0.00753664 0.00749127], ([0.         0.00128333 0.00132424 0.00181466 0.00225818 0.00226944
 0.00221182 0.00208765 0.00301422 0.00301969]) 	 loss 3.872E-01 	 horizons 19.0
step 17888 	 return [0.         0.00023569 0.0012825  0.00509512 0.00429375 0.01131744
 0.00929512 0.00780644 0.00674872 0.00949811], ([0.         0.00048624 0.00183399 0.00265674 0.00337349 0.00305963
 0.00291671 0.00273246 0.00288849 0.00313831]) 	 loss 3.448E-01 	 horizons 19.0
step 18078 	 return [0.         0.00322571 0.         0.00888532 0.00240951 0.00797194
 0.01145366 0.00908238 0.00606615 0.00514764], ([0.         0.00253931 0.         0.00164666 0.00318581 0.00435951
 0.00305872 0.00183085 0.00129282 0.00189075]) 	 loss 3.514E-01 	 horizons 19.0
step 18268 	 return [0.         0.00718939 0.         0.00590318 0.00618763 0.00446814
 0.01595506 0.00935621 0.00505369 0.00612354], ([0.         0.00101084 0.         0.00198828 0.00402203 0.00450536
 0.00264499 0.00239265 0.00174504 0.00287774]) 	 loss 3.831E-01 	 horizons 19.0
step 18458 	 return [0.0000000e+00 9.0162226e-05 4.1614426e-03 1.2304716e-02 8.2049146e-04
 1.4376102e-02 1.1648650e-02 7.0217312e-03 5.6604939e-03 8.5846167e-03], ([0.         0.00027049 0.00259304 0.00261006 0.00170982 0.00311522
 0.00304116 0.00250372 0.00316721 0.00337064]) 	 loss 3.221E-01 	 horizons 19.0
step 18648 	 return [0.         0.00011343 0.00147556 0.00504035 0.00357068 0.01152067
 0.01226661 0.00938292 0.00735111 0.00991955], ([0.         0.00034028 0.00129054 0.00219456 0.00275024 0.00332056
 0.00471228 0.00248855 0.0016161  0.00356675]) 	 loss 3.958E-01 	 horizons 19.0
step 18838 	 return [0.         0.00102413 0.00192977 0.00737452 0.00284939 0.01165658
 0.01105205 0.00845461 0.0069883  0.00587137], ([0.         0.001804   0.00126666 0.00223176 0.00216389 0.00372185
 0.00410374 0.00312302 0.00394052 0.002759  ]) 	 loss 3.555E-01 	 horizons 19.0
step 19028 	 return [0.         0.00052593 0.00022787 0.00388166 0.0036016  0.01214353
 0.01321184 0.00881906 0.00908324 0.01097468], ([0.         0.00157778 0.00068361 0.00204362 0.00239428 0.00333689
 0.00266802 0.00197934 0.0027463  0.00369094]) 	 loss 3.815E-01 	 horizons 19.0
step 19218 	 return [0.         0.0076191  0.         0.00754221 0.00452823 0.00417929
 0.01456378 0.00741197 0.00570219 0.00601804], ([0.         0.00217047 0.         0.00218416 0.00365872 0.00195539
 0.00253382 0.00298811 0.00222238 0.00214391]) 	 loss 3.706E-01 	 horizons 19.0
step 19408 	 return [0.0000000e+00 3.2176878e-03 6.9753769e-05 6.8824985e-03 2.8188762e-03
 1.0862122e-02 1.1750656e-02 9.7004678e-03 7.0817000e-03 6.8039326e-03], ([0.         0.00277919 0.00020926 0.00203575 0.0027542  0.00328643
 0.00413364 0.00177983 0.00154491 0.0034881 ]) 	 loss 2.946E-01 	 horizons 19.0
step 19598 	 return [0.         0.00119465 0.0011014  0.0065204  0.00263131 0.01014026
 0.01158174 0.00647701 0.00564219 0.00429826], ([0.         0.00208823 0.00105696 0.00211214 0.00197918 0.00424931
 0.00515508 0.00360765 0.00336062 0.00362594]) 	 loss 3.131E-01 	 horizons 19.0
step 19788 	 return [0.         0.00212473 0.00024009 0.00608319 0.00311139 0.01143873
 0.01237275 0.00787145 0.00758998 0.00752225], ([0.         0.00258629 0.00038754 0.00154792 0.00253228 0.00319081
 0.00435172 0.00317727 0.00350443 0.00394401]) 	 loss 3.162E-01 	 horizons 19.0
step 19978 	 return [0.         0.00486434 0.         0.00877316 0.00149701 0.01048256
 0.01246999 0.00822948 0.00617933 0.0047784 ], ([0.         0.00236686 0.         0.00148867 0.00228809 0.00326763
 0.00205788 0.00310043 0.0023134  0.002988  ]) 	 loss 3.002E-01 	 horizons 19.0
step 20168 	 return [0.0000000e+00 9.1525614e-03 7.8753685e-05 5.4184906e-03 1.0588628e-02
 7.0418342e-04 1.7432913e-02 1.0278185e-02 5.2904547e-03 6.3765720e-03], ([0.         0.00059219 0.00023626 0.00104019 0.00184442 0.00120803
 0.00090921 0.00043533 0.00010657 0.00199154]) 	 loss 2.827E-01 	 horizons 19.0
step 20358 	 return [0.         0.00223562 0.00128138 0.00641529 0.00394987 0.01004174
 0.01124833 0.00796495 0.00649545 0.00873967], ([0.         0.00280479 0.00135097 0.00183317 0.00239516 0.00331301
 0.00445696 0.00347865 0.00276332 0.00424137]) 	 loss 2.613E-01 	 horizons 19.0
step 20548 	 return [0.         0.0068547  0.         0.01041365 0.00278976 0.00414859
 0.01232019 0.00861457 0.00565813 0.00589417], ([0.         0.00247811 0.         0.0013749  0.0023708  0.00207968
 0.00270964 0.00344567 0.00217846 0.00183601]) 	 loss 2.858E-01 	 horizons 19.0
step 20738 	 return [0.         0.00576069 0.         0.00462883 0.00379428 0.00692303
 0.01127137 0.0077746  0.0060316  0.00696699], ([0.         0.00146156 0.         0.00231814 0.0030675  0.00406379
 0.00379024 0.00312409 0.00278346 0.00354832]) 	 loss 2.558E-01 	 horizons 19.0
step 20928 	 return [0.         0.0047222  0.00039329 0.00600664 0.00247599 0.00723153
 0.01314277 0.0101835  0.00658437 0.00736851], ([0.         0.00251668 0.00071139 0.0018751  0.00330085 0.00424579
 0.00379885 0.00180141 0.00304907 0.00429842]) 	 loss 2.852E-01 	 horizons 19.0
step 21118 	 return [0.         0.         0.00130634 0.00466704 0.0040918  0.01366192
 0.01351067 0.00890886 0.0054491  0.01063173], ([0.         0.         0.00119428 0.00117078 0.00210856 0.00325096
 0.00139518 0.00244021 0.00283598 0.00277734]) 	 loss 2.723E-01 	 horizons 19.0
step 21308 	 return [0.         0.00868602 0.         0.00621406 0.00747697 0.00292879
 0.01548093 0.00825144 0.00479405 0.00541538], ([0.         0.0025015  0.         0.00128295 0.00314645 0.00239396
 0.00345791 0.00370749 0.00247712 0.00151554]) 	 loss 2.234E-01 	 horizons 19.0
step 21498 	 return [0.         0.00038342 0.00026336 0.00447624 0.0008413  0.01215517
 0.0118478  0.00924582 0.00770101 0.00913302], ([0.         0.00059045 0.00055031 0.00193826 0.00106417 0.00118508
 0.00268496 0.00242674 0.00094936 0.00373972]) 	 loss 2.628E-01 	 horizons 19.0
step 21688 	 return [0.         0.00023605 0.00056757 0.00699242 0.00485494 0.00744009
 0.01452895 0.01002971 0.00742619 0.00798102], ([0.         0.00047223 0.00076029 0.00159024 0.003429   0.00377513
 0.00331801 0.00153658 0.00199198 0.00341317]) 	 loss 2.074E-01 	 horizons 19.0
step 21878 	 return [0.         0.00513412 0.00050687 0.00751321 0.00218873 0.00838011
 0.01036996 0.0083266  0.00729731 0.00725989], ([0.         0.00201395 0.0012364  0.00115516 0.00276062 0.00159273
 0.00301021 0.00251557 0.00166431 0.00365361]) 	 loss 2.569E-01 	 horizons 19.0
step 22068 	 return [0.         0.00857735 0.00132214 0.00420969 0.00774978 0.00348172
 0.01419332 0.00819856 0.00518077 0.00715754], ([0.         0.00126619 0.0030442  0.0018138  0.00323686 0.00442804
 0.00567427 0.00356266 0.00215905 0.00358933]) 	 loss 2.125E-01 	 horizons 19.0
step 22258 	 return [0.         0.00076946 0.00061531 0.00509295 0.0051947  0.00545392
 0.0166229  0.01090248 0.00588007 0.01147837], ([0.         0.00153894 0.00041435 0.00153349 0.00333427 0.00254944
 0.00336895 0.00069732 0.00053373 0.0027007 ]) 	 loss 2.682E-01 	 horizons 19.0
step 22448 	 return [0.         0.00099212 0.00060669 0.00340248 0.00574816 0.00628283
 0.01532702 0.01058795 0.00655313 0.00963308], ([0.         0.00180639 0.00067637 0.00187227 0.00297556 0.00385484
 0.00283901 0.00145515 0.00147036 0.0036756 ]) 	 loss 2.303E-01 	 horizons 19.0
step 22638 	 return [0.         0.00591051 0.         0.00663836 0.00313175 0.00731741
 0.01042952 0.0079954  0.00731829 0.00612535], ([0.         0.0010856  0.         0.00224167 0.0035423  0.00388998
 0.0022905  0.00225086 0.00244043 0.0018875 ]) 	 loss 2.126E-01 	 horizons 19.0
step 22828 	 return [0.         0.00631953 0.         0.00862244 0.00111615 0.01126118
 0.00858044 0.00711659 0.00817325 0.00506549], ([0.         0.00069511 0.         0.00102125 0.00225242 0.00044285
 0.00156304 0.00256839 0.00186682 0.00226592]) 	 loss 2.094E-01 	 horizons 19.0
step 23018 	 return [0.         0.0081511  0.00068387 0.00536259 0.00508515 0.01080507
 0.01344944 0.00925521 0.00732833 0.00898865], ([0.         0.00091459 0.00090506 0.00142241 0.00168453 0.00243001
 0.00278704 0.00214428 0.00159188 0.00278789]) 	 loss 2.101E-01 	 horizons 19.0
step 23208 	 return [0.         0.00850054 0.         0.00542027 0.00907684 0.00258349
 0.01692723 0.00943481 0.00574778 0.00601437], ([0.         0.00117804 0.         0.00062635 0.00223432 0.00291563
 0.00113379 0.00148284 0.0007564  0.00041643]) 	 loss 2.201E-01 	 horizons 19.0
step 23398 	 return [0.         0.00707354 0.         0.00531145 0.00925896 0.00156906
 0.01681539 0.01071719 0.00560587 0.00560392], ([0.         0.00041338 0.         0.00058335 0.00342799 0.00234553
 0.00095113 0.00048179 0.00068413 0.00079737]) 	 loss 2.222E-01 	 horizons 19.0
step 23588 	 return [0.         0.0095152  0.00010231 0.00560354 0.00939994 0.00359965
 0.01425563 0.00734884 0.00316071 0.00492044], ([0.         0.0025669  0.00030694 0.00034843 0.00211067 0.00387153
 0.00368768 0.00420171 0.00258124 0.00168067]) 	 loss 2.051E-01 	 horizons 19.0
step 23778 	 return [0.         0.00699644 0.         0.00783987 0.00603343 0.00297273
 0.01484184 0.00942601 0.00560944 0.00587415], ([0.         0.00125838 0.         0.00179471 0.00298584 0.00212564
 0.00253789 0.00182606 0.00050342 0.00072753]) 	 loss 2.187E-01 	 horizons 19.0
step 23968 	 return [0.         0.00616356 0.         0.00979692 0.00152536 0.00332535
 0.01434298 0.0104528  0.00644904 0.00607561], ([0.         0.00041423 0.         0.00098846 0.00233005 0.00271161
 0.00083632 0.00158594 0.00063892 0.00098974]) 	 loss 1.986E-01 	 horizons 19.0
step 24158 	 return [0.         0.00638806 0.         0.0098896  0.0018023  0.0028995
 0.01197805 0.00911732 0.00630312 0.00642482], ([0.         0.0019051  0.         0.00115134 0.00229502 0.00217588
 0.00385855 0.00334042 0.00244857 0.00188104]) 	 loss 1.920E-01 	 horizons 19.0
step 24348 	 return [0.         0.00022925 0.00059221 0.00449344 0.0032334  0.01188732
 0.01292984 0.00849296 0.00707462 0.01077633], ([0.         0.00047136 0.00040313 0.0014299  0.00168752 0.00309508
 0.00296584 0.00247077 0.00286613 0.00235802]) 	 loss 2.390E-01 	 horizons 19.0
step 24538 	 return [0.         0.00755319 0.00047494 0.00470492 0.00531927 0.00661334
 0.01636276 0.00789848 0.00569078 0.00926146], ([0.         0.00104936 0.00048117 0.00129537 0.00214702 0.00352897
 0.00381596 0.00336069 0.00229291 0.00370532]) 	 loss 2.024E-01 	 horizons 19.0
step 24728 	 return [0.         0.00755409 0.00041791 0.00403951 0.00693439 0.00448753
 0.01599905 0.00911344 0.00605206 0.01018641], ([0.         0.00111464 0.00042428 0.00142683 0.00313103 0.00268318
 0.00234421 0.00205283 0.00090023 0.00407503]) 	 loss 2.345E-01 	 horizons 19.0
step 24918 	 return [0.         0.00064617 0.00163302 0.00537566 0.00448691 0.01098505
 0.01244287 0.00795092 0.00559729 0.00851512], ([0.         0.00118148 0.00241808 0.00120727 0.00216532 0.00395798
 0.00309574 0.00326082 0.00282525 0.00396611]) 	 loss 2.322E-01 	 horizons 19.0
step 25108 	 return [0.         0.00599276 0.         0.00745478 0.00153994 0.00316153
 0.01328112 0.00825024 0.00642265 0.00599804], ([0.         0.00072617 0.         0.00089575 0.00235235 0.00150754
 0.00083384 0.00235211 0.00046555 0.00098157]) 	 loss 2.075E-01 	 horizons 19.0
step 25298 	 return [0.         0.         0.00082767 0.00535669 0.00369366 0.01220183
 0.0138188  0.00800755 0.00680511 0.00945168], ([0.         0.         0.00071449 0.00027853 0.00202631 0.00298791
 0.00225968 0.00186829 0.00395706 0.0030539 ]) 	 loss 1.912E-01 	 horizons 19.0
step 25488 	 return [0.         0.00018607 0.00080935 0.0047308  0.00390796 0.01357101
 0.01326365 0.00930682 0.00592932 0.01058219], ([0.         0.00037235 0.00028975 0.00120214 0.00246686 0.00252629
 0.00161933 0.00203076 0.00309991 0.00208281]) 	 loss 2.040E-01 	 horizons 19.0
step 25678 	 return [0.         0.0010762  0.00076119 0.00578592 0.00222633 0.01224127
 0.01450625 0.00803687 0.00714417 0.00963102], ([0.         0.00215477 0.00038065 0.00098978 0.00111323 0.00365111
 0.0025677  0.0023559  0.00044764 0.00302118]) 	 loss 1.941E-01 	 horizons 19.0
step 25868 	 return [0.         0.00729854 0.         0.0050313  0.00989786 0.00285519
 0.0167822  0.00886538 0.00548401 0.00764289], ([0.         0.00096251 0.         0.00125341 0.00163256 0.00155229
 0.00179202 0.00274075 0.00032983 0.0027639 ]) 	 loss 1.967E-01 	 horizons 19.0
step 26058 	 return [0.         0.00417862 0.00054829 0.00907347 0.00100985 0.00392511
 0.01267167 0.01017909 0.00635272 0.00525733], ([0.         0.00168118 0.00164487 0.00105185 0.00201972 0.00346602
 0.00224979 0.00287469 0.00226428 0.00227318]) 	 loss 2.182E-01 	 horizons 19.0
step 26248 	 return [0.         0.00028545 0.00054637 0.00482497 0.00317914 0.0140495
 0.01367166 0.00889175 0.00489783 0.00977756], ([0.         0.0004364  0.00045275 0.00105591 0.00163051 0.00238436
 0.00156953 0.0017096  0.00325746 0.00253214]) 	 loss 2.144E-01 	 horizons 19.0
step 26438 	 return [0.         0.00849606 0.00065251 0.00249943 0.0050111  0.00707603
 0.01491301 0.00677224 0.00561143 0.01021959], ([0.         0.00119974 0.00125465 0.00123049 0.00253518 0.00311611
 0.00257412 0.00288514 0.00218419 0.00313454]) 	 loss 2.240E-01 	 horizons 19.0
step 26628 	 return [0.         0.0071374  0.         0.00932026 0.00483348 0.00356641
 0.01250504 0.00937747 0.00482916 0.00588816], ([0.         0.00213828 0.         0.00097729 0.00069568 0.00074572
 0.00254392 0.00295263 0.00161123 0.00133559]) 	 loss 2.127E-01 	 horizons 19.0
step 26818 	 return [0.         0.0002312  0.00076562 0.00543675 0.00348207 0.01333009
 0.01352706 0.00782659 0.00606786 0.01149194], ([0.         0.00047416 0.00038306 0.00044507 0.00187838 0.00197404
 0.00218334 0.0019495  0.00211149 0.00202285]) 	 loss 2.128E-01 	 horizons 19.0
step 27008 	 return [0.         0.00030606 0.00063983 0.00555983 0.00234093 0.0131308
 0.01469877 0.00852821 0.00594279 0.00946354], ([0.         0.00047052 0.00056444 0.00043519 0.00045221 0.00232895
 0.00175703 0.00242766 0.00239463 0.00339967]) 	 loss 2.133E-01 	 horizons 19.0
step 27198 	 return [0.         0.0005797  0.00077477 0.0051834  0.00273452 0.01092068
 0.01546781 0.00734951 0.00658248 0.00693264], ([0.         0.00085417 0.00232432 0.00123704 0.00169334 0.0029738
 0.00320806 0.00196234 0.00371171 0.00399389]) 	 loss 2.341E-01 	 horizons 19.0
step 27388 	 return [0.         0.         0.00112476 0.00525793 0.00497474 0.01406206
 0.01407778 0.00847401 0.00457217 0.01118783], ([0.0000000e+00 0.0000000e+00 4.7901351e-04 3.9022878e-05 2.2095342e-03
 1.8043590e-03 8.1464904e-04 1.5152415e-03 3.3022054e-03 2.9425933e-03]) 	 loss 2.440E-01 	 horizons 19.0
step 27578 	 return [0.         0.00911432 0.00063634 0.00369978 0.0053221  0.00733671
 0.01636059 0.00854407 0.00632449 0.01033267], ([0.         0.00102624 0.0004256  0.00129651 0.00251028 0.00170139
 0.0036079  0.00261669 0.00058694 0.00210954]) 	 loss 2.482E-01 	 horizons 19.0
step 27768 	 return [0.         0.00781371 0.         0.00595453 0.00690289 0.00246781
 0.01510974 0.00857384 0.00494456 0.00571181], ([0.         0.00201981 0.         0.00081785 0.00338667 0.00184469
 0.00290057 0.00297761 0.00171622 0.00140154]) 	 loss 2.227E-01 	 horizons 19.0
step 27958 	 return [0.00063437 0.0012673  0.00082389 0.00520164 0.00342099 0.01169311
 0.01302924 0.00737487 0.00589702 0.00880479], ([0.0019031  0.00185166 0.00044702 0.00050708 0.00211312 0.00415725
 0.0048784  0.00337829 0.00338578 0.00403765]) 	 loss 2.925E-01 	 horizons 19.0
step 28148 	 return [0.         0.00012141 0.00189698 0.00617503 0.0027242  0.01421825
 0.01302234 0.00778024 0.0029372  0.00814621], ([0.         0.00036423 0.00239463 0.00214516 0.0009617  0.00237602
 0.00222435 0.00314966 0.00373484 0.00222491]) 	 loss 2.337E-01 	 horizons 19.0
step 28338 	 return [0.         0.00872378 0.00025073 0.00298007 0.00327585 0.00639848
 0.01506396 0.00788078 0.00689617 0.01073614], ([0.         0.00082007 0.00038608 0.00076158 0.00195932 0.00219309
 0.00225157 0.00203146 0.00149428 0.00238656]) 	 loss 2.490E-01 	 horizons 19.0
step 28528 	 return [0.         0.00050436 0.00076153 0.00525196 0.0025528  0.01145483
 0.01528884 0.00942984 0.00734472 0.00931825], ([0.         0.00051008 0.00038097 0.00010328 0.00043526 0.00223954
 0.00124072 0.00205967 0.00024208 0.00318795]) 	 loss 2.784E-01 	 horizons 19.0
step 28718 	 return [0.         0.0081261  0.         0.00571933 0.01003181 0.00128487
 0.01666858 0.00950419 0.00549535 0.00611128], ([0.         0.00119141 0.         0.00035884 0.00165375 0.00214542
 0.00065385 0.00173944 0.0006696  0.00069662]) 	 loss 2.350E-01 	 horizons 19.0
step 28908 	 return [0.         0.00931359 0.00076076 0.00395968 0.00574139 0.00619062
 0.01470554 0.00832439 0.00736358 0.00742748], ([0.         0.000584   0.00076441 0.00113597 0.00209384 0.00209178
 0.00212539 0.00200938 0.00150479 0.00231893]) 	 loss 2.453E-01 	 horizons 19.0
step 29098 	 return [0.         0.00024234 0.00026229 0.00561894 0.00361953 0.00927337
 0.01492024 0.00796059 0.00796253 0.01017661], ([0.         0.00048469 0.00054671 0.00048525 0.00314997 0.00182074
 0.00189607 0.0028925  0.00169142 0.00240645]) 	 loss 2.252E-01 	 horizons 19.0
step 29288 	 return [0.         0.00011555 0.00074014 0.00539353 0.0036857  0.01119486
 0.01615237 0.0081824  0.00673567 0.00896581], ([0.         0.00034665 0.00076555 0.00110179 0.00185902 0.00218282
 0.00150465 0.00207043 0.00283606 0.00311039]) 	 loss 2.073E-01 	 horizons 19.0
step 29478 	 return [0.         0.0040072  0.00073734 0.00575386 0.00161673 0.01262671
 0.01225983 0.00848169 0.00571236 0.00710892], ([0.         0.00209813 0.00191512 0.00034995 0.00108903 0.00342216
 0.00142682 0.00322295 0.00423031 0.0026011 ]) 	 loss 2.140E-01 	 horizons 19.0
step 29668 	 return [0.         0.00952969 0.00088444 0.00360876 0.00596345 0.00766448
 0.01629694 0.00712571 0.00620416 0.01067304], ([0.0000000e+00 5.3002883e-04 9.7295582e-05 1.3428200e-03 2.1708391e-03
 1.2225456e-03 3.3587627e-03 1.7173717e-03 6.7587779e-04 1.3069814e-03]) 	 loss 2.477E-01 	 horizons 19.0
step 29858 	 return [0.         0.00505889 0.         0.00590438 0.00246813 0.01180255
 0.01317816 0.01106828 0.00734565 0.00511269], ([0.         0.00060788 0.         0.00026923 0.00156587 0.00131956
 0.00086516 0.00117985 0.00100318 0.0036004 ]) 	 loss 1.939E-01 	 horizons 19.0
step 30048 	 return [0.         0.         0.00067858 0.00507578 0.00507988 0.00979411
 0.01676315 0.0100053  0.00735086 0.00871547], ([0.         0.         0.00052185 0.00133387 0.00229841 0.00206257
 0.00157375 0.00212333 0.00129477 0.00368473]) 	 loss 1.995E-01 	 horizons 19.0
[1;34mwandb[0m: 
[1;34mwandb[0m: 🚀 View run [33mmotndp_xian-v0__GCN-Xian-pareto__456__1780882545[0m at: [34mhttps://wandb.ai/johnario-tu-delft/cl_ablation/runs/jnbkv1e0[0m
[1;34mwandb[0m: Find logs at: [1;35mwandb/run-20260608_033546-jnbkv1e0/logs[0m
