/home/SinJ/miniconda3/envs/mo-nw-design/lib/python3.11/site-packages/pygame/pkgdata.py:25: UserWarning: pkg_resources is deprecated as an API. See https://setuptools.pypa.io/en/latest/pkg_resources.html. The pkg_resources package is slated for removal as early as 2025-11-30. Refrain from using this package or pin to Setuptools<81.
  from pkg_resources import resource_stream, resource_exists
wandb: [wandb.login()] Loaded credentials for https://api.wandb.ai from /home/SinJ/.netrc.
wandb: Currently logged in as: jingyuan-sun03 (johnario-tu-delft) to https://api.wandb.ai. Use `wandb login --relogin` to force relogin
wandb: Tracking run with wandb version 0.27.0
wandb: Run data is saved locally in /home/SinJ/mo-transport-network-design/wandb/run-20260608_033546-cp9gfviu
wandb: Run `wandb offline` to turn off syncing.
wandb: Syncing run motndp_xian-v0__GCN-Xian-pareto__789__1780882545
wandb: ⭐️ View project at https://wandb.ai/johnario-tu-delft/cl_ablation
wandb: 🚀 View run at https://wandb.ai/johnario-tu-delft/cl_ablation/runs/cp9gfviu
/home/SinJ/mo-transport-network-design/morl-baselines/morl_baselines/multi_policy/gcn/gcn.py:151: UserWarning: Creating a tensor from a list of numpy.ndarrays is extremely slow. Please consider converting the list to a single numpy.ndarray with numpy.array() before converting to a tensor. (Triggered internally at /pytorch/torch/csrc/utils/tensor_new.cpp:253.)
  th.tensor(obs).to(self.device),
Namespace(env='xian', nr_groups=10, starting_loc_x=9, starting_loc_y=19, nr_stations=20, lr=0.01, batch_size=256, num_er_episodes=100, num_step_episodes=10, num_model_updates=5, num_policies=10, max_buffer_size=100, nr_layers=1, hidden_dim=128, timesteps=30000, no_log=False, project_name='cl_ablation', experiment_name='GCN-Xian-pareto', wandb_entity='johnario-tu-delft', seed=789, cd_threshold=0.2, distance_ref='nondominated', gcn_lambda=None, lambda_schedule='constant', lambda_start=1.0, lambda_end=None, lambda_warmup_fraction=0.0, lambda_freeze_fraction=0.1, spatial_alpha=0.0, include_demand_context=False, criterion='pareto', nash_mode='pareto_sized', nash_top_k=None, nash_shift=0.0)
step 1997 	 return [0.00073539 0.00300083 0.00211757 0.00314211 0.001295   0.00308379
 0.00421547 0.00175017 0.00327394 0.00024991], ([0.00100875 0.00157355 0.00221637 0.00287514 0.00118199 0.00278452
 0.00305758 0.00217047 0.00303018 0.00064652]) 	 loss 1.969E+00 	 horizons 18.2
step 2184 	 return [0.00276594 0.0031472  0.00422757 0.00477634 0.00273511 0.00298787
 0.00358918 0.0026481  0.0026631  0.00174889], ([0.00280643 0.00232077 0.00323615 0.00490301 0.00311405 0.00303863
 0.00394887 0.0036183  0.00346388 0.00223522]) 	 loss 1.860E+00 	 horizons 18.7
step 2370 	 return [0.00153256 0.00348034 0.00518921 0.00511242 0.00465421 0.00747921
 0.00653491 0.00415016 0.00375886 0.00450226], ([0.00306666 0.00434607 0.00325129 0.00442899 0.00356305 0.00446017
 0.0075677  0.00407464 0.00318969 0.00488436]) 	 loss 1.630E+00 	 horizons 18.6
step 2560 	 return [0.00180844 0.00373184 0.00362967 0.00471853 0.00405172 0.00362035
 0.00387944 0.00321858 0.00283154 0.00234165], ([0.00226202 0.00238663 0.0039009  0.00350541 0.00296429 0.00385845
 0.00302133 0.0033997  0.00322037 0.0047188 ]) 	 loss 1.372E+00 	 horizons 19.0
step 2750 	 return [0.00075182 0.0029803  0.00303659 0.00764716 0.00376072 0.00616301
 0.00763688 0.00422015 0.00342304 0.00642048], ([0.0015057  0.00336817 0.00267604 0.00417346 0.00289151 0.0043443
 0.00586246 0.00305416 0.00289188 0.0068156 ]) 	 loss 1.165E+00 	 horizons 19.0
step 2937 	 return [0.00018913 0.00356148 0.00426598 0.00680759 0.00432923 0.0030113
 0.00659033 0.00327415 0.00383372 0.00288348], ([0.00056739 0.00283975 0.00470904 0.00588273 0.00400051 0.00353588
 0.00742274 0.00382644 0.00266596 0.00254323]) 	 loss 1.046E+00 	 horizons 18.7
step 3127 	 return [0.00133862 0.00430942 0.00616945 0.00597764 0.0023008  0.00638836
 0.0096489  0.00446029 0.00190513 0.00293853], ([0.00322023 0.00386346 0.00336446 0.00389045 0.00324403 0.00470847
 0.00687471 0.00396825 0.00225723 0.00427104]) 	 loss 1.032E+00 	 horizons 19.0
step 3317 	 return [0.00412437 0.00572488 0.00452924 0.00293504 0.00352953 0.00567714
 0.00178262 0.00342287 0.00233847 0.0042705 ], ([0.0043557  0.00443894 0.00334623 0.0019954  0.00357677 0.00461189
 0.00278627 0.00259268 0.00238877 0.00464319]) 	 loss 9.445E-01 	 horizons 19.0
step 3507 	 return [0.00202164 0.00448299 0.00615658 0.00630144 0.00538421 0.00590336
 0.00631901 0.00583683 0.00356905 0.00572882], ([0.00405252 0.00419777 0.00301165 0.00413121 0.00411901 0.00384786
 0.00591582 0.00487738 0.00313962 0.00461694]) 	 loss 9.543E-01 	 horizons 19.0
step 3697 	 return [0.00073839 0.00328067 0.00561574 0.00708555 0.00380591 0.00456047
 0.00813478 0.00733767 0.00323614 0.00125284], ([0.00169072 0.00370531 0.00345276 0.00558779 0.00407376 0.00333907
 0.00536408 0.00275761 0.00304525 0.00249608]) 	 loss 9.361E-01 	 horizons 19.0
step 3884 	 return [0.00312764 0.00566511 0.00298288 0.00165562 0.00373865 0.00146372
 0.00092835 0.00193741 0.00085583 0.        ], ([0.00327231 0.00296096 0.00317175 0.00150229 0.00330793 0.00194438
 0.00149747 0.00264636 0.00151033 0.        ]) 	 loss 9.393E-01 	 horizons 18.7
step 4074 	 return [0.00188469 0.00547445 0.00510638 0.0050188  0.00542154 0.00290402
 0.00620605 0.00447668 0.00294952 0.00119702], ([0.00292084 0.00400773 0.00406203 0.00292939 0.00361818 0.00277791
 0.00515367 0.00453133 0.00287138 0.001919  ]) 	 loss 8.818E-01 	 horizons 19.0
step 4264 	 return [0.00105763 0.00540678 0.00189657 0.00745037 0.00267815 0.00843146
 0.01073586 0.00667611 0.0064007  0.00442684], ([0.00317289 0.00345909 0.00247418 0.00409678 0.00185915 0.00368359
 0.00651902 0.00264423 0.0037712  0.00501017]) 	 loss 8.668E-01 	 horizons 19.0
step 4452 	 return [0.00190332 0.00361901 0.00345671 0.00501377 0.00356263 0.0049077
 0.00378305 0.00430577 0.00428339 0.00300601], ([0.00255726 0.00370407 0.00309638 0.00389165 0.00253575 0.0043093
 0.00621542 0.00367471 0.00397304 0.00356402]) 	 loss 8.626E-01 	 horizons 18.8
step 4642 	 return [0.00163391 0.00620878 0.00323241 0.00653003 0.00359265 0.00529674
 0.00744159 0.00548045 0.00255077 0.00226884], ([0.00231822 0.00430905 0.00385049 0.003163   0.00299688 0.00525696
 0.00731317 0.00417756 0.00337629 0.00348233]) 	 loss 8.300E-01 	 horizons 19.0
step 4832 	 return [0.00145465 0.00426573 0.0055315  0.00695399 0.00452525 0.00609984
 0.00560832 0.00515981 0.0048935  0.00449943], ([0.00245548 0.00407487 0.00333347 0.00503952 0.00336751 0.00425534
 0.00585596 0.00325892 0.00500338 0.00501458]) 	 loss 8.038E-01 	 horizons 19.0
step 5022 	 return [0.00150151 0.00463372 0.00424521 0.00630405 0.00420986 0.00539869
 0.00732294 0.00432336 0.0025189  0.00450996], ([0.00265846 0.00288116 0.00330741 0.0034975  0.00330509 0.00381812
 0.00676277 0.00325443 0.0030393  0.00498567]) 	 loss 7.984E-01 	 horizons 19.0
step 5212 	 return [0.0010786  0.00349583 0.00213127 0.00634419 0.00184401 0.00728953
 0.00867918 0.0040718  0.00490408 0.00338731], ([0.002018   0.00228319 0.00256959 0.00351668 0.00159589 0.00485198
 0.0058198  0.0030432  0.0044193  0.00307192]) 	 loss 8.229E-01 	 horizons 19.0
step 5402 	 return [0.00246491 0.00905441 0.00518917 0.00500595 0.00394697 0.00660621
 0.00682224 0.00412668 0.00377661 0.00431597], ([0.00302978 0.00554217 0.0044433  0.00222481 0.00362126 0.00449662
 0.0077383  0.00233307 0.00486329 0.00648935]) 	 loss 8.181E-01 	 horizons 19.0
step 5592 	 return [0.00179579 0.00678595 0.00503338 0.00439002 0.00431026 0.0067436
 0.00410389 0.00564592 0.00397597 0.00635289], ([0.00289389 0.00294687 0.00348826 0.00248422 0.00296116 0.00468351
 0.00411516 0.00349254 0.00368338 0.00633897]) 	 loss 8.117E-01 	 horizons 19.0
step 5782 	 return [0.00635453 0.00833087 0.00573503 0.00314583 0.00590327 0.00127728
 0.00128361 0.00105947 0.00078109 0.00033814], ([0.00352172 0.00283702 0.00313955 0.00113576 0.00220075 0.00154505
 0.00221969 0.00183449 0.00182865 0.00101441]) 	 loss 8.158E-01 	 horizons 19.0
step 5972 	 return [0.00065648 0.00496145 0.00279974 0.00961103 0.00191498 0.00731432
 0.01298999 0.00431213 0.00247638 0.00379204], ([0.00196945 0.00380271 0.00290525 0.00323451 0.00137158 0.00314998
 0.00633652 0.00286468 0.00275926 0.0043024 ]) 	 loss 7.709E-01 	 horizons 19.0
step 6162 	 return [0.00191947 0.00731312 0.00542741 0.00522484 0.00459191 0.00775729
 0.00566434 0.00497074 0.00339679 0.00390061], ([0.00295005 0.00338045 0.00496308 0.00292287 0.00388445 0.00295961
 0.00502479 0.00313323 0.00430949 0.00458533]) 	 loss 7.886E-01 	 horizons 19.0
step 6352 	 return [0.         0.00539553 0.00248628 0.00300191 0.0048227  0.00859586
 0.00426611 0.00711438 0.00627742 0.00476313], ([0.         0.00280331 0.00249149 0.00105421 0.00356392 0.00248307
 0.0036001  0.00312867 0.00356331 0.00308403]) 	 loss 7.553E-01 	 horizons 19.0
step 6542 	 return [0.00704995 0.00959923 0.00926594 0.00258298 0.00613431 0.00158539
 0.         0.00147256 0.         0.        ], ([0.00378246 0.00143754 0.00232167 0.00147033 0.00218001 0.00127437
 0.         0.00186186 0.         0.        ]) 	 loss 7.447E-01 	 horizons 19.0
step 6732 	 return [0.00064738 0.00789716 0.0046478  0.00692816 0.00362858 0.00772929
 0.00752856 0.0030284  0.00210655 0.00523312], ([0.00194214 0.00309514 0.00321092 0.00329578 0.00212432 0.00250346
 0.00585913 0.00169699 0.0029574  0.00318655]) 	 loss 6.917E-01 	 horizons 19.0
step 6922 	 return [0.00205233 0.00582461 0.00435776 0.00477921 0.00570154 0.00784054
 0.00420478 0.00368308 0.00400634 0.00339702], ([0.00314386 0.00435685 0.00414385 0.00303671 0.00371059 0.0027181
 0.00459381 0.00263776 0.00469898 0.00348726]) 	 loss 7.301E-01 	 horizons 19.0
step 7112 	 return [0.         0.00059946 0.00469942 0.00879256 0.00511759 0.00880174
 0.01106814 0.0063469  0.00593954 0.0087564 ], ([0.         0.00108751 0.00425063 0.00409182 0.00433295 0.0045822
 0.00862511 0.00364249 0.00352029 0.00467222]) 	 loss 6.865E-01 	 horizons 19.0
step 7302 	 return [0.         0.00348136 0.00491161 0.00926322 0.00346017 0.00656739
 0.011973   0.005784   0.00304894 0.00411374], ([0.         0.00347839 0.00188728 0.00399429 0.00297955 0.00306726
 0.00494786 0.00319032 0.00404484 0.00332596]) 	 loss 7.261E-01 	 horizons 19.0
step 7492 	 return [0.00455948 0.01069151 0.00803618 0.00540475 0.0064962  0.00514724
 0.00100737 0.00470654 0.00131955 0.00132767], ([0.00303035 0.00337638 0.00439366 0.00309225 0.0022502  0.0028439
 0.00156242 0.00256041 0.00286677 0.00266914]) 	 loss 6.913E-01 	 horizons 19.0
step 7682 	 return [0.0012945  0.0073764  0.00208094 0.0047483  0.00377629 0.00710201
 0.00598767 0.00579352 0.00448787 0.00805379], ([0.0025891  0.00334265 0.00377539 0.00265187 0.00275877 0.00323377
 0.00476002 0.00374795 0.00420563 0.00425245]) 	 loss 6.215E-01 	 horizons 19.0
step 7872 	 return [0.00308088 0.00792169 0.00619899 0.00474701 0.00586875 0.0061831
 0.00238963 0.00415029 0.00249009 0.00419842], ([0.00394792 0.00324227 0.00459599 0.00234818 0.00499194 0.00440005
 0.00282769 0.00162864 0.00383093 0.00465853]) 	 loss 6.535E-01 	 horizons 19.0
step 8062 	 return [0.0051434  0.01109861 0.00978768 0.00621718 0.00582366 0.00536898
 0.0014524  0.00373544 0.00078375 0.00075733], ([0.00295694 0.00363112 0.00377522 0.0027709  0.00326607 0.00302087
 0.0024948  0.00160302 0.00235124 0.00227198]) 	 loss 6.054E-01 	 horizons 19.0
step 8252 	 return [0.00337121 0.00729487 0.00542072 0.0050694  0.00640246 0.00535201
 0.00377141 0.00541481 0.00255422 0.00163167], ([0.00338029 0.00334127 0.00434472 0.00248925 0.00405272 0.00302269
 0.00564675 0.00261071 0.00338917 0.00250134]) 	 loss 6.019E-01 	 horizons 19.0
step 8442 	 return [0.00636878 0.00934726 0.0089317  0.00360313 0.00542064 0.00193594
 0.         0.00237349 0.         0.        ], ([0.00361346 0.00174815 0.00285314 0.00186479 0.00222861 0.00134161
 0.         0.00175838 0.         0.        ]) 	 loss 5.787E-01 	 horizons 19.0
step 8632 	 return [0.00135193 0.00803184 0.00097299 0.00515655 0.00359412 0.00752277
 0.00879576 0.00653746 0.00332522 0.00388826], ([0.00270734 0.0029586  0.00126574 0.00202875 0.0023973  0.00252478
 0.00637442 0.00301995 0.00383565 0.00357609]) 	 loss 5.871E-01 	 horizons 19.0
step 8822 	 return [0.00462794 0.00940202 0.0106235  0.00444683 0.00578715 0.00311648
 0.0005705  0.00414319 0.00039495 0.        ], ([0.00321283 0.00345181 0.00377101 0.00196506 0.00262477 0.00172812
 0.00119625 0.00217145 0.00118486 0.        ]) 	 loss 5.843E-01 	 horizons 19.0
step 9012 	 return [0.00292285 0.00833973 0.00928084 0.00216939 0.00609897 0.00266965
 0.00171391 0.00410244 0.00179951 0.        ], ([0.0036803  0.00299528 0.00281372 0.00206771 0.0032528  0.00165268
 0.00179035 0.00218242 0.00183505 0.        ]) 	 loss 5.697E-01 	 horizons 19.0
step 9202 	 return [0.00278058 0.01069861 0.00923826 0.00564466 0.00775604 0.00575421
 0.00047407 0.00480384 0.00240467 0.00100362], ([0.00279635 0.00348038 0.00430522 0.00389055 0.003479   0.00258808
 0.0014222  0.00271412 0.00313164 0.00200726]) 	 loss 4.983E-01 	 horizons 19.0
step 9392 	 return [0.00017871 0.00174885 0.00468187 0.01116711 0.00429572 0.00363565
 0.011706   0.006743   0.00624852 0.00420748], ([0.00053612 0.00290175 0.00414947 0.00433784 0.003192   0.00322811
 0.00451516 0.00405864 0.00396541 0.00309389]) 	 loss 4.716E-01 	 horizons 19.0
step 9582 	 return [0.00378586 0.00680056 0.0035328  0.0088559  0.00704647 0.00916973
 0.00678138 0.00474081 0.00203961 0.00431085], ([0.00311602 0.00346507 0.00222482 0.00419162 0.00276883 0.00230049
 0.00439576 0.00229179 0.002545   0.0044846 ]) 	 loss 5.202E-01 	 horizons 19.0
step 9772 	 return [0.         0.00285986 0.00425962 0.00851806 0.00456339 0.00487751
 0.01144179 0.0061802  0.00371579 0.00254336], ([0.         0.00338635 0.00369862 0.00604362 0.00345312 0.00358873
 0.00700054 0.00573771 0.00385954 0.00225174]) 	 loss 4.742E-01 	 horizons 19.0
step 9962 	 return [0.00657785 0.00901191 0.00988518 0.00355275 0.00626752 0.00206377
 0.00059523 0.00260307 0.         0.        ], ([0.00285999 0.00288871 0.00372116 0.00208051 0.00352899 0.00147318
 0.00119045 0.0017866  0.         0.        ]) 	 loss 5.220E-01 	 horizons 19.0
step 10152 	 return [0.00573738 0.01021293 0.00988273 0.00437123 0.00622803 0.00309381
 0.00150934 0.00365092 0.00081185 0.00127792], ([0.00413105 0.00493715 0.00290819 0.00224846 0.00237044 0.00141037
 0.0016656  0.00305221 0.00166361 0.0028357 ]) 	 loss 4.979E-01 	 horizons 19.0
step 10342 	 return [0.00644475 0.00878145 0.00745981 0.00354618 0.00429848 0.00215261
 0.00099095 0.00366707 0.00038637 0.        ], ([0.00374472 0.00207861 0.00197161 0.00198186 0.0018276  0.00144915
 0.00153099 0.00322403 0.00115912 0.        ]) 	 loss 4.709E-01 	 horizons 19.0
step 10532 	 return [0.00072141 0.00689409 0.00285696 0.00460965 0.00366374 0.00782637
 0.00748994 0.00380607 0.00351925 0.00306883], ([0.00216423 0.0015443  0.00243403 0.00254527 0.00235932 0.00332915
 0.00565388 0.00222354 0.00326144 0.00317473]) 	 loss 4.610E-01 	 horizons 19.0
step 10722 	 return [0.00675662 0.00917007 0.00953969 0.00288711 0.00454305 0.00169871
 0.00044178 0.00186282 0.00042917 0.        ], ([0.00459356 0.00212039 0.00313165 0.00085611 0.00217165 0.00108958
 0.00132535 0.00253931 0.00128752 0.        ]) 	 loss 5.053E-01 	 horizons 19.0
step 10912 	 return [0.00015811 0.0022328  0.00408536 0.00868667 0.00316995 0.0040608
 0.00818391 0.00486233 0.0065582  0.00372826], ([0.00032747 0.00199958 0.00312833 0.00528711 0.00306934 0.00277392
 0.00552336 0.00437963 0.00448566 0.00308898]) 	 loss 5.017E-01 	 horizons 19.0
step 11102 	 return [0.00630269 0.00939393 0.01132131 0.00308654 0.00630343 0.00211014
 0.00063405 0.00255588 0.0004485  0.        ], ([0.00370375 0.00244031 0.0031586  0.00100246 0.00324743 0.00161203
 0.0013645  0.00241754 0.0013455  0.        ]) 	 loss 4.972E-01 	 horizons 19.0
step 11292 	 return [0.00394246 0.00816863 0.00881519 0.00502011 0.00756869 0.00436788
 0.00228637 0.00396634 0.00113286 0.        ], ([0.00415545 0.00194814 0.00408631 0.00281862 0.00382837 0.00265427
 0.00191372 0.00272166 0.00174607 0.        ]) 	 loss 4.531E-01 	 horizons 19.0
step 11482 	 return [0.00354313 0.01043079 0.00773167 0.00473619 0.00698973 0.00716593
 0.00242738 0.00575315 0.00142274 0.00111881], ([0.00294312 0.0028585  0.00384054 0.00363409 0.00246879 0.00153725
 0.0033376  0.00332606 0.0021921  0.00240633]) 	 loss 4.391E-01 	 horizons 19.0
step 11672 	 return [0.         0.00025478 0.00546527 0.00485187 0.00510358 0.00438168
 0.00842216 0.00390964 0.00164476 0.0028173 ], ([0.         0.00050974 0.00324191 0.00534435 0.00368112 0.00271144
 0.00751464 0.00458163 0.00130664 0.00221481]) 	 loss 4.606E-01 	 horizons 19.0
step 11862 	 return [0.0018218  0.00529521 0.00312769 0.00642202 0.00564425 0.00967749
 0.00624658 0.00522253 0.00205152 0.00546921], ([0.00279846 0.00408116 0.00278362 0.00244019 0.00422744 0.00472033
 0.00623069 0.00228865 0.00313484 0.00573827]) 	 loss 4.208E-01 	 horizons 19.0
step 12052 	 return [0.00142695 0.00788421 0.00228473 0.00555395 0.00620511 0.00887064
 0.00705081 0.00646031 0.00455116 0.00285736], ([0.00285403 0.00211607 0.00339955 0.00141041 0.00336394 0.00301269
 0.00553601 0.00302274 0.00360775 0.00318342]) 	 loss 4.994E-01 	 horizons 19.0
step 12242 	 return [0.00065143 0.00103756 0.00555635 0.00744015 0.00554788 0.00525835
 0.00530448 0.00543421 0.00405458 0.00508442], ([0.00195429 0.00159352 0.00248695 0.00441304 0.00384557 0.00364438
 0.00411667 0.00390285 0.00298258 0.00396432]) 	 loss 4.793E-01 	 horizons 19.0
step 12432 	 return [0.00311138 0.01006731 0.01062184 0.00389088 0.00819553 0.00695521
 0.00292516 0.00477293 0.00169182 0.00118246], ([0.00345353 0.00328036 0.00290798 0.00388253 0.00352454 0.0034008
 0.00282585 0.00262608 0.00227501 0.00185088]) 	 loss 4.452E-01 	 horizons 19.0
step 12622 	 return [8.7752625e-05 1.7244045e-03 3.8868920e-03 6.0887737e-03 2.5967557e-03
 6.4930627e-03 8.7501407e-03 4.4562048e-03 3.9853426e-03 2.5749812e-03], ([0.00026326 0.00211923 0.00225845 0.00418688 0.00335694 0.00380756
 0.00606915 0.00399337 0.00435424 0.00267899]) 	 loss 4.565E-01 	 horizons 19.0
step 12812 	 return [0.00017926 0.0039854  0.0033462  0.00635645 0.003552   0.00669431
 0.01010367 0.00544202 0.00356948 0.00314765], ([0.00053778 0.00313516 0.00349902 0.00481081 0.00317445 0.00433985
 0.00566676 0.00464878 0.00230814 0.00299245]) 	 loss 4.710E-01 	 horizons 19.0
step 13002 	 return [0.         0.00799412 0.00102259 0.00469567 0.00232749 0.01147177
 0.01093847 0.00732927 0.00219052 0.00471654], ([0.         0.00071972 0.00143064 0.00143362 0.00337793 0.00301528
 0.00524743 0.0030653  0.00218672 0.0037222 ]) 	 loss 4.394E-01 	 horizons 19.0
step 13192 	 return [0.         0.00652573 0.00175042 0.00291248 0.00422444 0.00766454
 0.00545513 0.00603547 0.00427185 0.00386995], ([0.         0.00154618 0.00268444 0.00181055 0.00169076 0.00361856
 0.00342458 0.00270901 0.00324314 0.00442392]) 	 loss 4.784E-01 	 horizons 19.0
step 13382 	 return [0.01011202 0.00865055 0.00741811 0.00362016 0.00466449 0.0006739
 0.00029792 0.00014167 0.         0.        ], ([0.00046535 0.00150379 0.00225325 0.00160434 0.00226329 0.00041137
 0.00089377 0.00042501 0.         0.        ]) 	 loss 4.903E-01 	 horizons 19.0
step 13572 	 return [0.         0.00255297 0.00321921 0.00610502 0.00263851 0.01258699
 0.0081972  0.00557908 0.00532561 0.00824671], ([0.         0.00296105 0.00388335 0.00242038 0.00244076 0.00455662
 0.00536269 0.0021138  0.00448013 0.00395227]) 	 loss 4.882E-01 	 horizons 19.0
step 13762 	 return [0.00427544 0.00589192 0.00487337 0.00727922 0.00341281 0.00664617
 0.0067711  0.00366992 0.00122581 0.0021268 ], ([0.00444105 0.00429056 0.0028791  0.00315926 0.00285836 0.00449911
 0.00379499 0.0031897  0.00181617 0.00285573]) 	 loss 5.148E-01 	 horizons 19.0
step 13952 	 return [0.00524771 0.00808644 0.01132323 0.00281975 0.00681178 0.00315943
 0.0007643  0.0027986  0.00168452 0.00054823], ([0.00461853 0.00215216 0.00240443 0.00214759 0.003489   0.00212943
 0.00156455 0.00272956 0.00299679 0.00164469]) 	 loss 5.172E-01 	 horizons 19.0
step 14142 	 return [0.         0.00529159 0.00042987 0.00697828 0.00116847 0.01111829
 0.01597971 0.00666762 0.00359251 0.00624682], ([0.         0.00252717 0.00128961 0.00205916 0.00100244 0.0030159
 0.0056282  0.00484716 0.00363178 0.00432201]) 	 loss 4.895E-01 	 horizons 19.0
step 14332 	 return [0.00206384 0.00793644 0.00994065 0.00474909 0.00577665 0.00672179
 0.00296856 0.00560431 0.0017908  0.00093912], ([0.00343769 0.00201579 0.00397945 0.00356747 0.00358761 0.00394123
 0.00331337 0.00296334 0.00239451 0.00145087]) 	 loss 4.971E-01 	 horizons 19.0
step 14522 	 return [0.         0.00248686 0.00449769 0.00779693 0.00228944 0.0054667
 0.00996239 0.00505012 0.00323116 0.00109009], ([0.         0.00263578 0.00350061 0.00381939 0.00243196 0.00377616
 0.00624567 0.00365093 0.00323858 0.00193988]) 	 loss 4.643E-01 	 horizons 19.0
step 14712 	 return [0.00171233 0.00530495 0.00064089 0.00401436 0.00302706 0.00789331
 0.00495237 0.00564044 0.00365547 0.0033833 ], ([0.00355235 0.00189596 0.00130355 0.00240841 0.0016788  0.00399398
 0.00320501 0.00323065 0.0043028  0.0037445 ]) 	 loss 5.349E-01 	 horizons 19.0
step 14902 	 return [0.007482   0.00878605 0.00949982 0.00324086 0.00595388 0.00135039
 0.00066001 0.00138392 0.         0.        ], ([0.00402461 0.00192116 0.00349544 0.00123402 0.0016731  0.00077465
 0.00132779 0.00185489 0.         0.        ]) 	 loss 4.755E-01 	 horizons 19.0
step 15092 	 return [0.00085183 0.00658826 0.00278469 0.00535531 0.00273663 0.00871787
 0.01093651 0.00296985 0.00140866 0.00085662], ([0.00196556 0.00189608 0.00243084 0.00287454 0.00178883 0.00424668
 0.00533157 0.00371826 0.0014278  0.00142651]) 	 loss 4.064E-01 	 horizons 19.0
step 15282 	 return [0.         0.00679768 0.00271512 0.00315848 0.00446618 0.00843933
 0.00501125 0.00562132 0.00560845 0.00239365], ([0.         0.00083187 0.00286884 0.00198261 0.0010691  0.00165834
 0.00187145 0.0029221  0.00367616 0.00246282]) 	 loss 4.390E-01 	 horizons 19.0
step 15472 	 return [6.0032035e-05 1.0776131e-03 9.8284297e-03 1.1997266e-02 7.6688305e-03
 3.1366553e-03 6.5047331e-03 5.4748217e-03 3.6710449e-03 2.8782086e-03], ([0.0001801  0.0007178  0.00082978 0.00440835 0.00122442 0.00216792
 0.00326811 0.00332557 0.00274753 0.002569  ]) 	 loss 4.489E-01 	 horizons 19.0
step 15662 	 return [0.         0.00167691 0.00311464 0.00721212 0.00205239 0.00498178
 0.00651525 0.00433368 0.00544906 0.00373746], ([0.         0.0021582  0.00296376 0.00373849 0.00204825 0.00409138
 0.00507183 0.0030857  0.00350946 0.00327922]) 	 loss 4.398E-01 	 horizons 19.0
step 15852 	 return [0.00960899 0.00938648 0.00588607 0.00323618 0.00491938 0.0006456
 0.00145681 0.00037668 0.         0.        ], ([0.00112617 0.00193076 0.00149516 0.00181785 0.0020328  0.00039439
 0.00146022 0.00113005 0.         0.        ]) 	 loss 4.660E-01 	 horizons 19.0
step 16042 	 return [0.         0.00623018 0.00198224 0.00491192 0.00233216 0.01169403
 0.01212248 0.00474091 0.00073715 0.00186858], ([0.         0.00222048 0.00241232 0.00267192 0.0016529  0.00138835
 0.00540076 0.00313385 0.00139375 0.00289048]) 	 loss 3.796E-01 	 horizons 19.0
step 16232 	 return [0.0006446  0.00726193 0.0021683  0.00653304 0.00445295 0.01059862
 0.00730712 0.0049861  0.0012727  0.00283602], ([0.0019338  0.00169962 0.00211123 0.00233711 0.00268493 0.00246787
 0.0029961  0.00281077 0.00165065 0.00314308]) 	 loss 4.146E-01 	 horizons 19.0
step 16422 	 return [0.         0.0061312  0.0051644  0.00405635 0.00437149 0.00510822
 0.00377665 0.00512408 0.00414232 0.00147361], ([0.         0.00073768 0.00304922 0.00270088 0.00163218 0.00264254
 0.00230622 0.00153662 0.00401468 0.00188812]) 	 loss 4.294E-01 	 horizons 19.0
step 16612 	 return [0.00634852 0.00904108 0.01046718 0.00345702 0.00382058 0.0016686
 0.         0.00245356 0.         0.        ], ([0.00362196 0.0023469  0.0022596  0.00154477 0.00220118 0.00114939
 0.         0.00168071 0.         0.        ]) 	 loss 3.978E-01 	 horizons 19.0
step 16802 	 return [0.         0.00571153 0.0004574  0.00273813 0.0031296  0.01118821
 0.00968276 0.00688308 0.0025929  0.00382978], ([0.         0.00215147 0.00118393 0.00114476 0.00197748 0.0021603
 0.00431796 0.00279826 0.00305153 0.0037819 ]) 	 loss 4.046E-01 	 horizons 19.0
step 16992 	 return [0.         0.00390609 0.00249361 0.00643213 0.00286876 0.01069999
 0.00665822 0.00631457 0.00622851 0.00497477], ([0.         0.00338136 0.00225927 0.00236351 0.00183751 0.00256076
 0.00428637 0.00267985 0.00411144 0.00384921]) 	 loss 3.473E-01 	 horizons 19.0
step 17182 	 return [0.00090152 0.00813523 0.00384202 0.00581526 0.006951   0.01017724
 0.00552692 0.00713917 0.00163599 0.00156911], ([0.00199176 0.00170101 0.00271774 0.00220793 0.00246161 0.00328687
 0.00245938 0.00219598 0.00217441 0.00202044]) 	 loss 4.218E-01 	 horizons 19.0
step 17372 	 return [0.00105788 0.00703455 0.00329884 0.00435762 0.00433235 0.00764283
 0.00654323 0.00522162 0.00305589 0.0017993 ], ([0.00317365 0.00120105 0.00325321 0.0033679  0.00189928 0.00343048
 0.00268445 0.00331469 0.00315077 0.00231913]) 	 loss 3.809E-01 	 horizons 19.0
step 17562 	 return [0.0007111  0.00671941 0.00175961 0.00747309 0.00380345 0.00988422
 0.00674728 0.00770711 0.00547825 0.00371282], ([0.00193695 0.00232127 0.00285359 0.0028815  0.00222025 0.00441245
 0.00345812 0.00268122 0.00366621 0.00209746]) 	 loss 4.134E-01 	 horizons 19.0
step 17752 	 return [0.         0.00641196 0.00097106 0.00323748 0.00266051 0.0093029
 0.00770223 0.00620296 0.00296767 0.0029932 ], ([0.         0.00073056 0.00153941 0.00137621 0.00194881 0.00302304
 0.00439883 0.00318988 0.00316163 0.00325294]) 	 loss 3.785E-01 	 horizons 19.0
step 17942 	 return [0.         0.00765102 0.00198741 0.00505677 0.00312466 0.01338699
 0.01304283 0.00537782 0.00384806 0.00355063], ([0.         0.00113364 0.00263861 0.00268275 0.00203713 0.00171042
 0.00409718 0.00361275 0.00402153 0.00334674]) 	 loss 4.242E-01 	 horizons 19.0
step 18132 	 return [0.         0.00725247 0.00271407 0.00333495 0.00352435 0.00963222
 0.00613889 0.00712536 0.00266458 0.00240558], ([0.         0.00067476 0.00228992 0.0016624  0.00156371 0.00150603
 0.00315492 0.00252874 0.00308137 0.00270704]) 	 loss 4.098E-01 	 horizons 19.0
step 18322 	 return [0.         0.00652774 0.00240022 0.00378236 0.00377295 0.00991105
 0.00811086 0.00612003 0.00255425 0.00397979], ([0.         0.00110345 0.00267002 0.00184316 0.00219704 0.00276304
 0.00458291 0.00233633 0.00276316 0.00389566]) 	 loss 3.702E-01 	 horizons 19.0
step 18512 	 return [0.         0.00797699 0.00312873 0.00610427 0.0043013  0.01208627
 0.01040481 0.00481448 0.00210854 0.00193727], ([0.         0.00095603 0.00402815 0.00237944 0.00194216 0.00287746
 0.00409098 0.00322983 0.00265439 0.00369578]) 	 loss 3.876E-01 	 horizons 19.0
step 18702 	 return [0.         0.00025536 0.00594895 0.00880262 0.00329865 0.00633255
 0.01085531 0.00422067 0.00491008 0.00578013], ([0.         0.00051154 0.00216479 0.00256296 0.00262525 0.00448177
 0.00451527 0.00317152 0.00250763 0.00460616]) 	 loss 4.059E-01 	 horizons 19.0
step 18892 	 return [0.00145234 0.00685553 0.00355048 0.00953375 0.00561004 0.0100752
 0.00895057 0.00641007 0.00287719 0.0027737 ], ([0.00236327 0.00190578 0.00249753 0.00324503 0.0016556  0.00363388
 0.00299989 0.00257533 0.00200394 0.00313538]) 	 loss 3.916E-01 	 horizons 19.0
step 19082 	 return [0.         0.00712226 0.00112614 0.00404104 0.00419122 0.01109805
 0.00926165 0.00683708 0.0040905  0.00398992], ([0.         0.00151622 0.00159758 0.00219986 0.00172619 0.00250821
 0.00228665 0.00239915 0.00206943 0.00158284]) 	 loss 4.268E-01 	 horizons 19.0
step 19272 	 return [0.00190197 0.00854525 0.00643192 0.0066153  0.00378584 0.00858134
 0.00774358 0.00508312 0.00213782 0.00254333], ([0.00292571 0.00206539 0.00297225 0.00211599 0.00207357 0.00273563
 0.00449014 0.0032485  0.00275743 0.0023796 ]) 	 loss 4.416E-01 	 horizons 19.0
step 19462 	 return [0.         0.00805195 0.00313341 0.00530694 0.00516574 0.01132851
 0.00805073 0.00780965 0.00469849 0.00263579], ([0.         0.00153312 0.00256433 0.0016557  0.00336862 0.00165767
 0.00288527 0.00100386 0.00383108 0.00195658]) 	 loss 3.910E-01 	 horizons 19.0
step 19652 	 return [0.         0.00734777 0.         0.00489112 0.00289695 0.01157747
 0.01148986 0.00808162 0.00610564 0.00503103], ([0.         0.00143738 0.         0.00115678 0.00138602 0.00413244
 0.00368576 0.00227817 0.00356888 0.00347736]) 	 loss 3.869E-01 	 horizons 19.0
step 19842 	 return [5.8494730e-05 1.0758027e-03 6.2999115e-03 8.0179069e-03 2.5900097e-03
 8.5823601e-03 1.2138797e-02 2.6380082e-03 3.5404847e-03 3.1442090e-03], ([0.00017548 0.00167352 0.00290307 0.00179553 0.00226205 0.00380542
 0.00528728 0.00311606 0.00345003 0.00329865]) 	 loss 3.896E-01 	 horizons 19.0
step 20032 	 return [0.         0.00754644 0.00546609 0.00471699 0.00484162 0.00957304
 0.00764335 0.00781031 0.00436924 0.00284799], ([0.         0.00060398 0.00260723 0.00160581 0.00270785 0.000565
 0.00258469 0.00135247 0.00205138 0.00221282]) 	 loss 3.947E-01 	 horizons 19.0
step 20222 	 return [0.00021993 0.00064961 0.00627446 0.00812345 0.00189246 0.00355359
 0.01086156 0.00469041 0.00471805 0.00208618], ([0.0004507  0.00149631 0.00234973 0.00276551 0.00199548 0.0029584
 0.0032925  0.00329811 0.00339617 0.00261311]) 	 loss 3.830E-01 	 horizons 19.0
step 20412 	 return [0.00026271 0.00593054 0.0016852  0.004464   0.0038892  0.01012599
 0.00601064 0.00650191 0.00459746 0.00393805], ([0.00078813 0.00091709 0.00186211 0.00204854 0.00183662 0.00276622
 0.00438052 0.00338893 0.00399402 0.0046055 ]) 	 loss 3.774E-01 	 horizons 19.0
step 20602 	 return [0.         0.00733328 0.00724557 0.00367307 0.00534899 0.00869791
 0.00585861 0.0056616  0.00206683 0.00221601], ([0.         0.00062211 0.00260787 0.00240618 0.00105375 0.00189535
 0.00388381 0.00293479 0.00191439 0.00192337]) 	 loss 3.932E-01 	 horizons 19.0
step 20792 	 return [0.         0.00519404 0.00093413 0.00335068 0.00328083 0.00823823
 0.00402823 0.005027   0.00698263 0.00735623], ([0.         0.00201163 0.00143276 0.00177297 0.00180886 0.00223377
 0.00216474 0.00144917 0.00431107 0.00436898]) 	 loss 3.682E-01 	 horizons 19.0
step 20982 	 return [0.00053332 0.00660406 0.00046266 0.00591737 0.0041508  0.01323664
 0.01012332 0.0053056  0.00457971 0.00460227], ([0.00106672 0.00139245 0.00120683 0.00249941 0.00189956 0.00289818
 0.00303642 0.00244261 0.00272748 0.00229521]) 	 loss 3.472E-01 	 horizons 19.0
step 21172 	 return [0.00041748 0.00664813 0.00274643 0.00447425 0.00482045 0.00893314
 0.00851993 0.00663237 0.00319465 0.00221381], ([0.00125244 0.00137002 0.00299964 0.00261908 0.00118908 0.00221998
 0.00182952 0.00208345 0.0012673  0.00300432]) 	 loss 3.779E-01 	 horizons 19.0
step 21362 	 return [0.         0.008046   0.00249141 0.00358592 0.00487787 0.01005201
 0.00829829 0.00541323 0.00488601 0.00494846], ([0.         0.00131717 0.00220248 0.00161297 0.00208196 0.00365759
 0.00351923 0.00333787 0.00271243 0.00195388]) 	 loss 3.798E-01 	 horizons 19.0
step 21552 	 return [0.         0.00187634 0.0033126  0.00578928 0.00258448 0.00925041
 0.0092592  0.00578557 0.00470027 0.00626501], ([0.         0.00241957 0.00217657 0.00233772 0.00242775 0.00224065
 0.00277459 0.00356213 0.00375754 0.00391509]) 	 loss 3.545E-01 	 horizons 19.0
step 21742 	 return [0.         0.00666733 0.00098815 0.00823244 0.00403754 0.01333313
 0.01145565 0.00696758 0.00428516 0.00685517], ([0.         0.00062236 0.00178555 0.00300896 0.00152715 0.00309458
 0.00379592 0.00279411 0.00198604 0.00339685]) 	 loss 3.477E-01 	 horizons 19.0
step 21932 	 return [0.         0.00710501 0.00292734 0.00429885 0.00464255 0.01112597
 0.00508575 0.0074011  0.0015881  0.00165236], ([0.         0.00028597 0.00227629 0.00132641 0.00195063 0.0024563
 0.00322007 0.00076315 0.00222234 0.00210285]) 	 loss 3.905E-01 	 horizons 19.0
step 22122 	 return [0.00027483 0.0066673  0.00466382 0.00739813 0.00577549 0.00836803
 0.00933737 0.00523002 0.0039335  0.00165095], ([0.00082448 0.00253754 0.00284768 0.00243207 0.00156508 0.00308934
 0.00229862 0.00223425 0.00078432 0.00205143]) 	 loss 3.065E-01 	 horizons 19.0
step 22312 	 return [0.         0.0078914  0.00103036 0.00467634 0.00469731 0.01209651
 0.00815777 0.00713259 0.00364048 0.00531692], ([0.         0.00103871 0.00120186 0.00118477 0.00138581 0.00169322
 0.003218   0.0024825  0.00244683 0.00373141]) 	 loss 3.317E-01 	 horizons 19.0
step 22502 	 return [0.00120741 0.00668063 0.0003024  0.00691485 0.00548337 0.01368498
 0.00863944 0.0045526  0.00640423 0.0062525 ], ([0.00152554 0.00054824 0.0009072  0.00153989 0.00206888 0.00293847
 0.00303405 0.00183167 0.00395167 0.004376  ]) 	 loss 3.109E-01 	 horizons 19.0
step 22692 	 return [0.         0.00658927 0.01038947 0.         0.0050496  0.00791796
 0.00515737 0.00650698 0.00199131 0.00231757], ([0.         0.00020534 0.0009147  0.         0.00148653 0.0018437
 0.00263063 0.00130145 0.00212227 0.00207196]) 	 loss 2.936E-01 	 horizons 19.0
step 22882 	 return [0.         0.00743075 0.00456348 0.00435042 0.0052367  0.00729383
 0.00615832 0.00699219 0.0035947  0.00261459], ([0.         0.00096966 0.00250365 0.00242262 0.00219422 0.00286986
 0.0031999  0.00192835 0.00224519 0.00230218]) 	 loss 3.245E-01 	 horizons 19.0
step 23072 	 return [0.00040525 0.00041537 0.00369237 0.00535497 0.00096598 0.01289428
 0.01090407 0.00699218 0.00717715 0.00476453], ([0.00121575 0.00124612 0.00217674 0.00157756 0.00102831 0.00260109
 0.00293801 0.00323947 0.00335319 0.0007593 ]) 	 loss 3.721E-01 	 horizons 19.0
step 23262 	 return [0.00120204 0.00157475 0.00272875 0.00587639 0.00192175 0.01286791
 0.00924757 0.00591873 0.00795545 0.00594454], ([0.00152126 0.00244674 0.00187757 0.00207043 0.00177189 0.00277642
 0.00304622 0.00079806 0.00358252 0.00315377]) 	 loss 3.333E-01 	 horizons 19.0
step 23452 	 return [0.00026733 0.00697685 0.00074562 0.00857337 0.00476252 0.013849
 0.01357647 0.00717364 0.00479343 0.00584669], ([0.00080199 0.00119864 0.00114842 0.00369808 0.00153968 0.0020733
 0.00085045 0.00232355 0.00158022 0.00464448]) 	 loss 2.921E-01 	 horizons 19.0
step 23642 	 return [0.00067496 0.         0.00314469 0.00530664 0.00166254 0.01253727
 0.00985057 0.00632257 0.00644681 0.00492927], ([0.00138556 0.         0.00120252 0.00262532 0.00072432 0.00276569
 0.00372238 0.0023165  0.00362502 0.00343021]) 	 loss 3.220E-01 	 horizons 19.0
step 23832 	 return [0.         0.00916481 0.00021861 0.00427413 0.00502232 0.01342773
 0.01213247 0.00716713 0.00437552 0.0037156 ], ([0.         0.00108924 0.00034448 0.00135102 0.00241094 0.00191963
 0.00295401 0.00163647 0.0017212  0.00092328]) 	 loss 3.601E-01 	 horizons 19.0
step 24022 	 return [0.         0.00641906 0.00103328 0.01049282 0.00189823 0.0152062
 0.0153904  0.00679938 0.00548495 0.00461829], ([0.         0.00108318 0.00163563 0.0016523  0.00096426 0.00140012
 0.00301621 0.00195447 0.00304053 0.00337484]) 	 loss 2.765E-01 	 horizons 19.0
step 24212 	 return [0.00049491 0.00490563 0.00160185 0.00912583 0.005142   0.01320159
 0.01313148 0.00630026 0.00462801 0.00554601], ([0.00148474 0.00267857 0.00190635 0.00240329 0.00205626 0.00336319
 0.00255512 0.00267704 0.00267558 0.00439632]) 	 loss 2.800E-01 	 horizons 19.0
step 24402 	 return [0.00053065 0.0072868  0.00104943 0.00394994 0.00520063 0.01182885
 0.0070077  0.00709098 0.00355477 0.0051438 ], ([0.00106139 0.00075311 0.00146327 0.00106731 0.00147939 0.0018028
 0.00279538 0.00159385 0.00213598 0.00352464]) 	 loss 2.849E-01 	 horizons 19.0
step 24592 	 return [0.0022495  0.007402   0.00071812 0.00879643 0.00364271 0.01331838
 0.00801948 0.00440366 0.00515448 0.00490244], ([0.00209963 0.00169359 0.00147293 0.00390825 0.00212262 0.00170339
 0.00340122 0.00176726 0.00387335 0.00434136]) 	 loss 3.202E-01 	 horizons 19.0
step 24782 	 return [0.00079403 0.         0.0037384  0.00596838 0.00235083 0.01262705
 0.0121368  0.00624927 0.00544105 0.00442354], ([0.00121293 0.         0.0013824  0.00188911 0.00169143 0.0034515
 0.00296382 0.00181582 0.00264615 0.00079037]) 	 loss 3.020E-01 	 horizons 19.0
step 24972 	 return [0.00067962 0.00601404 0.00228721 0.0110933  0.00356406 0.01094043
 0.01299654 0.00308388 0.00639693 0.00513073], ([0.00139277 0.00106957 0.00230889 0.00244797 0.00237467 0.00493016
 0.00275754 0.00272707 0.00238568 0.00306496]) 	 loss 2.745E-01 	 horizons 19.0
step 25162 	 return [0.         0.00125053 0.00290023 0.00602408 0.00187949 0.01361655
 0.01361144 0.00826298 0.00512084 0.00504619], ([0.         0.00191022 0.00295552 0.0020648  0.00121869 0.00126405
 0.00243752 0.00297184 0.00325852 0.00331843]) 	 loss 3.024E-01 	 horizons 19.0
step 25352 	 return [0.00079091 0.00597346 0.         0.00472008 0.00164786 0.01504744
 0.01182361 0.00748794 0.0068445  0.0051    ], ([0.00120814 0.00120716 0.         0.00088503 0.00025169 0.00155302
 0.00287786 0.00203233 0.00248687 0.00183146]) 	 loss 2.802E-01 	 horizons 19.0
step 25542 	 return [0.0002639  0.00073818 0.00401111 0.00832809 0.00260469 0.01472435
 0.01276086 0.00690195 0.00691237 0.00561269], ([0.00079169 0.00194419 0.00209572 0.0029916  0.00162631 0.00138576
 0.00292221 0.00187469 0.00350501 0.00312514]) 	 loss 2.561E-01 	 horizons 19.0
step 25732 	 return [0.00027071 0.00733447 0.00020002 0.00898232 0.00403079 0.01517442
 0.01613426 0.00678086 0.00445701 0.00467713], ([0.00081214 0.00099806 0.00060006 0.00294192 0.00173006 0.00148838
 0.00187237 0.00174075 0.00183552 0.00380658]) 	 loss 2.688E-01 	 horizons 19.0
step 25922 	 return [0.00148608 0.00011682 0.00304402 0.00518099 0.00273719 0.01367191
 0.00876462 0.00695644 0.00439612 0.00627848], ([0.00186095 0.00035045 0.00120897 0.00164564 0.00261491 0.00179254
 0.00262483 0.00147792 0.00296557 0.00333516]) 	 loss 2.262E-01 	 horizons 19.0
step 26112 	 return [0.         0.00709207 0.00055367 0.00510519 0.0022201  0.01411982
 0.00647685 0.00622696 0.0065588  0.00801333], ([0.         0.00132782 0.00080747 0.00106197 0.00120483 0.00186084
 0.00191069 0.00183787 0.0045485  0.00318849]) 	 loss 2.595E-01 	 horizons 19.0
step 26302 	 return [0.0009338  0.0005564  0.00323822 0.00594992 0.00155411 0.01307535
 0.01309274 0.00699753 0.00721705 0.00434066], ([0.00147297 0.00126796 0.00208063 0.00196475 0.00174498 0.00147137
 0.0029019  0.00176515 0.00301633 0.00095987]) 	 loss 2.452E-01 	 horizons 19.0
step 26492 	 return [0.         0.00879952 0.00172237 0.00418166 0.00472554 0.01363629
 0.01250331 0.00529068 0.00382846 0.00256354], ([0.         0.00124241 0.00197704 0.00167916 0.00166135 0.0019708
 0.00228768 0.00347153 0.00272872 0.00143449]) 	 loss 2.203E-01 	 horizons 19.0
step 26682 	 return [0.         0.00814524 0.00067726 0.00568731 0.00326554 0.01246171
 0.01316018 0.00642458 0.00547515 0.00607409], ([0.         0.00119898 0.00186527 0.00263705 0.00179879 0.00312755
 0.00281949 0.00350055 0.00277546 0.00305699]) 	 loss 2.342E-01 	 horizons 19.0
step 26872 	 return [0.         0.00718794 0.00079745 0.00794713 0.004713   0.01371475
 0.01513982 0.0067425  0.00480443 0.00624012], ([0.         0.00180432 0.00133042 0.00306595 0.00232753 0.00188856
 0.00201652 0.00299962 0.00233718 0.00399512]) 	 loss 2.474E-01 	 horizons 19.0
step 27062 	 return [0.         0.00036578 0.00684027 0.01140422 0.00448015 0.011973
 0.0087581  0.00514822 0.00789354 0.00339602], ([0.         0.00045281 0.00081147 0.00204732 0.0015696  0.00102183
 0.00324978 0.00154703 0.00297265 0.00078988]) 	 loss 2.168E-01 	 horizons 19.0
step 27252 	 return [0.0000000e+00 7.3712990e-03 5.1153940e-05 6.6542462e-03 2.5622651e-03
 1.5445654e-02 1.3961395e-02 6.1829486e-03 4.4941050e-03 4.6383278e-03], ([0.         0.00097576 0.00015346 0.00139067 0.00169781 0.00196357
 0.00232182 0.00161467 0.00279461 0.00256637]) 	 loss 2.128E-01 	 horizons 19.0
step 27442 	 return [0.         0.00715883 0.00081508 0.00593121 0.00471951 0.01332169
 0.0102483  0.0078484  0.0057514  0.0066724 ], ([0.         0.00077173 0.00163816 0.00164142 0.00162822 0.00153269
 0.00307923 0.00208645 0.00206527 0.00406859]) 	 loss 2.669E-01 	 horizons 19.0
step 27632 	 return [0.00080199 0.00712202 0.00027927 0.00676312 0.00341127 0.01622489
 0.01282701 0.00685368 0.00475224 0.00813059], ([0.00122506 0.00123287 0.0008378  0.00163482 0.00196606 0.00122222
 0.00188622 0.00150108 0.00377789 0.00416218]) 	 loss 2.720E-01 	 horizons 19.0
step 27822 	 return [0.         0.0091549  0.00014079 0.00354408 0.00459851 0.01309839
 0.01137166 0.00855535 0.00445833 0.0053225 ], ([0.         0.00092669 0.00028741 0.00118333 0.00090108 0.00139489
 0.00235011 0.00135353 0.00253576 0.00241358]) 	 loss 2.241E-01 	 horizons 19.0
step 28012 	 return [0.         0.00862688 0.00072263 0.00373385 0.0034626  0.01415872
 0.01388364 0.00806002 0.00235624 0.00372622], ([0.         0.00116203 0.00185367 0.00315225 0.00202706 0.001536
 0.00324267 0.00272123 0.00204284 0.00303103]) 	 loss 2.705E-01 	 horizons 19.0
step 28202 	 return [0.         0.00787273 0.00063401 0.00380342 0.00323505 0.01449078
 0.01238061 0.00513536 0.00467447 0.00542632], ([0.         0.00123948 0.00171714 0.00159412 0.00184484 0.00217699
 0.0007895  0.00283676 0.00212929 0.00136808]) 	 loss 2.427E-01 	 horizons 19.0
step 28392 	 return [0.00026364 0.00606132 0.0002768  0.0056535  0.00167587 0.01605918
 0.01031038 0.00798143 0.00422049 0.00455417], ([0.00079091 0.00097705 0.00083039 0.00068773 0.00018261 0.00175959
 0.00348237 0.00162313 0.00382974 0.00208361]) 	 loss 2.747E-01 	 horizons 19.0
step 28582 	 return [0.         0.00712406 0.00028301 0.00666112 0.00240088 0.01345396
 0.00830839 0.0054286  0.00745135 0.00817582], ([0.         0.00080595 0.00084902 0.00122731 0.00115206 0.00150179
 0.0024538  0.00192164 0.00281556 0.00309746]) 	 loss 2.434E-01 	 horizons 19.0
step 28772 	 return [0.         0.00646823 0.00030863 0.00668787 0.00358407 0.01585197
 0.01043378 0.00824622 0.00350115 0.00873048], ([0.         0.00083102 0.00092589 0.00106146 0.00165937 0.00169883
 0.00234149 0.00133241 0.00273034 0.00276668]) 	 loss 2.335E-01 	 horizons 19.0
step 28962 	 return [0.         0.00540042 0.00354607 0.01147019 0.00405649 0.01640976
 0.0122286  0.00699015 0.00419615 0.00282019], ([0.         0.00057976 0.00141833 0.00263945 0.00201111 0.00242482
 0.00455914 0.00167174 0.00428137 0.00348646]) 	 loss 2.267E-01 	 horizons 19.0
step 29152 	 return [0.         0.00664146 0.00057801 0.00708022 0.00232609 0.01597616
 0.01547636 0.00805202 0.00431877 0.00328396], ([0.         0.00144697 0.00115725 0.00098455 0.00116289 0.00156265
 0.00339373 0.00128714 0.00429201 0.00231981]) 	 loss 1.978E-01 	 horizons 19.0
step 29342 	 return [0.         0.00734683 0.00104984 0.00660115 0.00223848 0.0157593
 0.01840891 0.00688939 0.00384277 0.00331951], ([0.         0.00091818 0.00211035 0.00130589 0.00151905 0.00217024
 0.00297618 0.00361952 0.00252835 0.00264082]) 	 loss 2.028E-01 	 horizons 19.0
step 29532 	 return [0.0006724  0.00712132 0.00028709 0.00798528 0.00523348 0.01511051
 0.01091258 0.0065907  0.00384712 0.00983006], ([0.00137961 0.00093329 0.00086127 0.00246994 0.00158617 0.00235597
 0.00234414 0.00167885 0.00165894 0.00306221]) 	 loss 1.928E-01 	 horizons 19.0
step 29722 	 return [0.         0.00622087 0.00056721 0.0063529  0.0022446  0.0132188
 0.00731594 0.00745733 0.00771312 0.01062122], ([0.         0.00145763 0.00113443 0.00086859 0.00110172 0.00075681
 0.00154086 0.00262949 0.0024119  0.00192442]) 	 loss 2.153E-01 	 horizons 19.0
step 29912 	 return [0.         0.00665729 0.         0.00580014 0.00271694 0.01548944
 0.01056375 0.00910189 0.00317894 0.00655593], ([0.         0.00077319 0.         0.0010997  0.00148474 0.00326803
 0.00248862 0.00177554 0.00292806 0.00262825]) 	 loss 2.089E-01 	 horizons 19.0
step 30102 	 return [0.         0.0061269  0.00087307 0.00664011 0.00225464 0.01559306
 0.00995739 0.00863432 0.00307715 0.01032826], ([0.         0.00091853 0.00133595 0.00072168 0.00081594 0.00189862
 0.00162092 0.00124105 0.00305913 0.00116449]) 	 loss 2.474E-01 	 horizons 19.0
[1;34mwandb[0m: 
[1;34mwandb[0m: 🚀 View run [33mmotndp_xian-v0__GCN-Xian-pareto__789__1780882545[0m at: [34mhttps://wandb.ai/johnario-tu-delft/cl_ablation/runs/cp9gfviu[0m
[1;34mwandb[0m: Find logs at: [1;35mwandb/run-20260608_033546-cp9gfviu/logs[0m
