/home/SinJ/miniconda3/envs/mo-nw-design/lib/python3.11/site-packages/pygame/pkgdata.py:25: UserWarning: pkg_resources is deprecated as an API. See https://setuptools.pypa.io/en/latest/pkg_resources.html. The pkg_resources package is slated for removal as early as 2025-11-30. Refrain from using this package or pin to Setuptools<81.
  from pkg_resources import resource_stream, resource_exists
wandb: [wandb.login()] Loaded credentials for https://api.wandb.ai from /home/SinJ/.netrc.
wandb: Currently logged in as: jingyuan-sun03 (johnario-tu-delft) to https://api.wandb.ai. Use `wandb login --relogin` to force relogin
wandb: Tracking run with wandb version 0.27.0
wandb: Run data is saved locally in /home/SinJ/mo-transport-network-design/wandb/run-20260608_033546-qiby98et
wandb: Run `wandb offline` to turn off syncing.
wandb: Syncing run motndp_xian-v0__GCN-Xian-pareto__123__1780882545
wandb: ⭐️ View project at https://wandb.ai/johnario-tu-delft/cl_ablation
wandb: 🚀 View run at https://wandb.ai/johnario-tu-delft/cl_ablation/runs/qiby98et
/home/SinJ/mo-transport-network-design/morl-baselines/morl_baselines/multi_policy/gcn/gcn.py:151: UserWarning: Creating a tensor from a list of numpy.ndarrays is extremely slow. Please consider converting the list to a single numpy.ndarray with numpy.array() before converting to a tensor. (Triggered internally at /pytorch/torch/csrc/utils/tensor_new.cpp:253.)
  th.tensor(obs).to(self.device),
wandb: WARNING Artifact "run-qiby98et-evalfront-QW790w" already exists with the same content. No new version will be created.
Namespace(env='xian', nr_groups=10, starting_loc_x=9, starting_loc_y=19, nr_stations=20, lr=0.01, batch_size=256, num_er_episodes=100, num_step_episodes=10, num_model_updates=5, num_policies=10, max_buffer_size=100, nr_layers=1, hidden_dim=128, timesteps=30000, no_log=False, project_name='cl_ablation', experiment_name='GCN-Xian-pareto', wandb_entity='johnario-tu-delft', seed=123, cd_threshold=0.2, distance_ref='nondominated', gcn_lambda=None, lambda_schedule='constant', lambda_start=1.0, lambda_end=None, lambda_warmup_fraction=0.0, lambda_freeze_fraction=0.1, spatial_alpha=0.0, include_demand_context=False, criterion='pareto', nash_mode='pareto_sized', nash_top_k=None, nash_shift=0.0)
step 1976 	 return [0.002789   0.00295537 0.00217103 0.00395122 0.00261383 0.00188295
 0.00306874 0.00104593 0.00222465 0.00239341], ([0.00262699 0.00395137 0.00183754 0.00520963 0.00333083 0.00371755
 0.00576813 0.00231501 0.00282541 0.00484181]) 	 loss 1.968E+00 	 horizons 17.5
step 2166 	 return [0.00197972 0.00634587 0.00786224 0.00442853 0.00495401 0.00614341
 0.00562145 0.00287675 0.00265502 0.00140675], ([0.00302414 0.00408768 0.00370767 0.00548911 0.00391377 0.00370046
 0.00554696 0.00322839 0.00287622 0.00234047]) 	 loss 1.887E+00 	 horizons 19.0
step 2348 	 return [0.00106108 0.00290886 0.00548797 0.0047386  0.00269745 0.00526865
 0.00527263 0.00320326 0.0021009  0.00099746], ([0.00191608 0.00237954 0.00337165 0.00350462 0.00245321 0.00495491
 0.00497131 0.00345932 0.00179793 0.00227632]) 	 loss 1.646E+00 	 horizons 18.2
step 2523 	 return [0.00212768 0.00454451 0.00301713 0.0015132  0.00052379 0.00090503
 0.00081618 0.00073623 0.00193708 0.00032103], ([0.002877   0.00361764 0.00199002 0.00238613 0.00064105 0.00147838
 0.00156559 0.00141204 0.0023309  0.0006385 ]) 	 loss 1.383E+00 	 horizons 17.5
step 2707 	 return [0.00073035 0.00332127 0.00257457 0.00274847 0.00414073 0.00303744
 0.00370524 0.00164931 0.00206561 0.00149478], ([0.00198966 0.00377003 0.00263208 0.00444914 0.00360075 0.00273568
 0.00318621 0.00237126 0.00217974 0.00183971]) 	 loss 1.179E+00 	 horizons 18.4
step 2897 	 return [0.00024939 0.00303385 0.00306819 0.00876944 0.00374112 0.00546212
 0.0101604  0.00393261 0.00364904 0.00350761], ([0.00074818 0.00304816 0.0028423  0.00610193 0.00275262 0.00294622
 0.00677654 0.00294841 0.00401367 0.0035783 ]) 	 loss 1.036E+00 	 horizons 19.0
step 3087 	 return [0.00060356 0.00490371 0.00137295 0.0064217  0.00278591 0.00684861
 0.01317477 0.0044395  0.00364137 0.00501019], ([0.00181069 0.00295574 0.00268337 0.00315624 0.00198277 0.00442288
 0.00641246 0.00288717 0.00244101 0.00376598]) 	 loss 9.817E-01 	 horizons 19.0
step 3275 	 return [0.00163196 0.00268556 0.00363781 0.00538296 0.00241528 0.00405266
 0.00565979 0.0027739  0.00254854 0.0018453 ], ([0.00261024 0.00312859 0.00284725 0.00516381 0.00242671 0.00327027
 0.00578648 0.00357665 0.00262999 0.00168541]) 	 loss 9.990E-01 	 horizons 18.8
step 3465 	 return [0.         0.0045048  0.00172255 0.00604075 0.00358478 0.00852178
 0.01431599 0.00352781 0.00353404 0.00643162], ([0.         0.00338903 0.00194493 0.00447432 0.00310703 0.00316583
 0.00584341 0.00462463 0.00361096 0.00302987]) 	 loss 9.675E-01 	 horizons 19.0
step 3655 	 return [0.00037288 0.00216439 0.00427093 0.00487583 0.00431713 0.00578256
 0.00724519 0.00222472 0.00256767 0.0041547 ], ([0.00080164 0.00334503 0.00290765 0.00410098 0.00275544 0.00340982
 0.00577562 0.00319706 0.00209862 0.00263621]) 	 loss 9.235E-01 	 horizons 19.0
step 3831 	 return [6.3979877e-03 2.6978340e-03 1.8538681e-03 3.8060138e-04 7.8098028e-04
 1.5559986e-04 1.9748572e-04 6.4567034e-04 4.0437379e-05 1.1505969e-04], ([0.00442916 0.00289359 0.00148893 0.00049683 0.00086949 0.00026562
 0.00059246 0.00099976 0.00012131 0.00031854]) 	 loss 8.550E-01 	 horizons 17.6
step 4021 	 return [0.00020554 0.00583188 0.00121468 0.0051004  0.00243813 0.00796797
 0.00962944 0.00392624 0.00302162 0.00651194], ([0.00061663 0.00296018 0.00173053 0.00188631 0.00219175 0.00325672
 0.00388502 0.00327484 0.00164413 0.00294828]) 	 loss 8.434E-01 	 horizons 19.0
step 4211 	 return [0.         0.00473591 0.00453049 0.00790923 0.00441151 0.00749114
 0.0135985  0.00313306 0.00354027 0.00535071], ([0.         0.00213566 0.00477877 0.00590059 0.00239293 0.00392453
 0.00681758 0.00362317 0.00273744 0.00383192]) 	 loss 8.579E-01 	 horizons 19.0
step 4401 	 return [0.00292298 0.00617611 0.00695994 0.0008972  0.0021686  0.00306542
 0.00158453 0.00016669 0.00147566 0.00126815], ([0.0031555  0.00397409 0.00277526 0.00081792 0.00348286 0.00237288
 0.00260786 0.0005     0.00301131 0.00159661]) 	 loss 8.740E-01 	 horizons 19.0
step 4591 	 return [0.         0.00314096 0.00306174 0.00791297 0.00447813 0.00818081
 0.01248355 0.00436772 0.00363975 0.00556283], ([0.         0.00313432 0.00291908 0.00470397 0.00249041 0.00444922
 0.00629319 0.00275499 0.00318516 0.00274393]) 	 loss 7.985E-01 	 horizons 19.0
step 4781 	 return [0.00064266 0.00632894 0.00344238 0.00713868 0.00364133 0.00772957
 0.01335544 0.00355503 0.00265382 0.00485595], ([0.00148879 0.00281429 0.00402427 0.00345007 0.00283881 0.0041114
 0.00769464 0.0026262  0.00339852 0.00438265]) 	 loss 8.414E-01 	 horizons 19.0
step 4971 	 return [0.         0.00627622 0.00453489 0.00535293 0.00495966 0.00732789
 0.01098775 0.00520324 0.00350431 0.0044846 ], ([0.         0.00266891 0.00344654 0.00470453 0.00408866 0.00425368
 0.00349708 0.0035528  0.00247803 0.00375257]) 	 loss 8.484E-01 	 horizons 19.0
step 5161 	 return [0.00048499 0.00432608 0.00397837 0.00971063 0.00407633 0.00811266
 0.01175905 0.00505146 0.00348824 0.00330966], ([0.00145498 0.0032705  0.00331866 0.0047904  0.00363109 0.00279185
 0.00765436 0.00403052 0.00416745 0.00324475]) 	 loss 8.250E-01 	 horizons 19.0
step 5351 	 return [0.00285081 0.00417833 0.0061056  0.0021854  0.00307465 0.00351181
 0.00321709 0.00049167 0.00194012 0.00272424], ([0.00310576 0.00420245 0.00403631 0.00409538 0.00391591 0.00320288
 0.00443924 0.00147494 0.00214671 0.00261623]) 	 loss 8.260E-01 	 horizons 19.0
step 5541 	 return [0.00245084 0.00344086 0.00393448 0.00524814 0.00352512 0.00671772
 0.00639252 0.00173459 0.00202114 0.00432129], ([0.00386748 0.00279641 0.00342299 0.0035886  0.00390692 0.00288573
 0.00571206 0.00228361 0.00249644 0.00427891]) 	 loss 8.117E-01 	 horizons 19.0
step 5731 	 return [0.00011417 0.0015035  0.00526342 0.00626889 0.00525455 0.00579292
 0.00919001 0.00299035 0.00353557 0.00381005], ([0.0003425  0.00283926 0.00218791 0.00409613 0.00327408 0.00322549
 0.00584206 0.00353398 0.00398942 0.00341714]) 	 loss 8.478E-01 	 horizons 19.0
step 5921 	 return [0.         0.0071058  0.0028477  0.00830687 0.00471308 0.00891842
 0.01707678 0.0046499  0.00321932 0.00484659], ([0.         0.00313651 0.00329434 0.00328792 0.00308523 0.00415335
 0.00441847 0.00457452 0.00315282 0.00452803]) 	 loss 7.856E-01 	 horizons 19.0
step 6111 	 return [0.         0.00171665 0.00328504 0.00525635 0.0058847  0.00388464
 0.00645211 0.00248273 0.00395595 0.00546777], ([0.         0.00252944 0.00319865 0.00390365 0.00245724 0.00192889
 0.00441026 0.00281504 0.00257226 0.00362643]) 	 loss 7.533E-01 	 horizons 19.0
step 6301 	 return [0.00184286 0.00537907 0.00438047 0.00147915 0.00178422 0.00200029
 0.00390181 0.00046602 0.00335628 0.00088835], ([0.00263206 0.00631367 0.00457766 0.0021069  0.00208539 0.00173695
 0.0032332  0.00094312 0.00358487 0.00192411]) 	 loss 7.634E-01 	 horizons 19.0
step 6491 	 return [0.         0.00299004 0.00442012 0.00649017 0.00276951 0.00765358
 0.00835847 0.00384731 0.00306    0.00527738], ([0.         0.00325045 0.00350492 0.00366933 0.00281533 0.00341129
 0.00515281 0.00417177 0.00283464 0.00362976]) 	 loss 7.568E-01 	 horizons 19.0
step 6681 	 return [0.00212669 0.0052536  0.00451829 0.00691876 0.00571614 0.00533809
 0.00647551 0.00405754 0.00245315 0.0044682 ], ([0.00425342 0.00364462 0.00386091 0.00378842 0.00325854 0.00402413
 0.00450155 0.00346181 0.00199163 0.00297244]) 	 loss 7.956E-01 	 horizons 19.0
step 6871 	 return [0.         0.0027397  0.00416537 0.00531771 0.00459805 0.00756872
 0.01102056 0.00419413 0.00356015 0.00324677], ([0.         0.0034401  0.003043   0.00312194 0.00297325 0.00273908
 0.00367077 0.00262796 0.00301368 0.00238972]) 	 loss 7.399E-01 	 horizons 19.0
step 7061 	 return [0.00087417 0.00132448 0.0040675  0.00459895 0.00269178 0.00434089
 0.00765993 0.00333256 0.00337797 0.00489003], ([0.00202265 0.0028102  0.00315149 0.00441617 0.0026058  0.00306661
 0.00569789 0.00372796 0.0021178  0.00306027]) 	 loss 7.595E-01 	 horizons 19.0
step 7251 	 return [0.         0.00129021 0.00708792 0.00195802 0.00504196 0.00548962
 0.00283146 0.00141633 0.00201773 0.00312175], ([0.         0.00165206 0.00251166 0.0032677  0.00306742 0.00347459
 0.00357695 0.00220729 0.00221126 0.0012138 ]) 	 loss 7.650E-01 	 horizons 19.0
step 7441 	 return [0.         0.00495217 0.00325937 0.00977042 0.00459485 0.00977303
 0.01283359 0.00581658 0.00449289 0.0068959 ], ([0.         0.0026121  0.00282556 0.00337484 0.0053758  0.00498477
 0.0050515  0.00420141 0.0027242  0.00599347]) 	 loss 7.560E-01 	 horizons 19.0
step 7631 	 return [0.         0.00188735 0.00515138 0.0094179  0.00513614 0.00991329
 0.01344622 0.00478519 0.00541662 0.00641374], ([0.         0.00205532 0.00309518 0.00395311 0.00253134 0.00364065
 0.00707679 0.00466781 0.00320652 0.00340348]) 	 loss 7.584E-01 	 horizons 19.0
step 7821 	 return [0.00075746 0.0020679  0.00452328 0.00686367 0.00392698 0.00469568
 0.00616808 0.00310446 0.00377604 0.00405399], ([0.00176473 0.00209894 0.00200444 0.00317448 0.00235145 0.00409349
 0.00242501 0.00262208 0.00283228 0.00260462]) 	 loss 6.936E-01 	 horizons 19.0
step 8011 	 return [0.00036507 0.00238449 0.00481037 0.00847649 0.00374283 0.00669697
 0.00915877 0.0064396  0.00615061 0.00466523], ([0.00109521 0.00203091 0.00268795 0.00351734 0.00155284 0.00368339
 0.00543558 0.0050913  0.00411796 0.00304418]) 	 loss 7.327E-01 	 horizons 19.0
step 8201 	 return [0.00107044 0.00165999 0.00586581 0.00550212 0.00706785 0.00674645
 0.00535772 0.00415667 0.00297875 0.00219041], ([0.00321132 0.00178222 0.00238378 0.00429336 0.00309369 0.00327253
 0.00567124 0.00384966 0.00277895 0.0020637 ]) 	 loss 7.208E-01 	 horizons 19.0
step 8391 	 return [0.         0.00117843 0.00384796 0.00649733 0.00304834 0.00517096
 0.00800246 0.00405149 0.00382959 0.00474438], ([0.         0.00162056 0.00317183 0.00267287 0.00237963 0.00290431
 0.00424727 0.00308054 0.00232414 0.00316318]) 	 loss 7.016E-01 	 horizons 19.0
step 8581 	 return [0.00010148 0.00273622 0.00601582 0.00612113 0.00566114 0.00886279
 0.01010789 0.00381994 0.00422551 0.00658049], ([0.00030445 0.00235605 0.00201805 0.00479214 0.00300119 0.00391702
 0.00435629 0.0049573  0.00464969 0.00312204]) 	 loss 7.523E-01 	 horizons 19.0
step 8771 	 return [0.         0.00609063 0.0012664  0.00389136 0.00692692 0.00522025
 0.00744342 0.00526996 0.00368929 0.00473506], ([0.         0.00222962 0.00187362 0.00267025 0.00358328 0.00295802
 0.00410146 0.00374312 0.00236833 0.00418681]) 	 loss 7.146E-01 	 horizons 19.0
step 8961 	 return [0.0039667  0.00668389 0.00494208 0.00442869 0.00380735 0.00132579
 0.00497582 0.00099482 0.00459971 0.00086907], ([0.00458879 0.00255062 0.00348932 0.00251649 0.00205485 0.00123392
 0.00600921 0.00223276 0.00484396 0.00174169]) 	 loss 6.607E-01 	 horizons 19.0
step 9151 	 return [0.00109347 0.00406878 0.00401675 0.01046777 0.00289232 0.00910993
 0.01275569 0.00431577 0.00554751 0.00576989], ([0.00328041 0.00256049 0.00298885 0.00450122 0.00375277 0.00313337
 0.00710551 0.00371124 0.00346823 0.00361134]) 	 loss 6.818E-01 	 horizons 19.0
step 9341 	 return [0.00104539 0.00488056 0.00375604 0.00632876 0.00291895 0.00902953
 0.01075893 0.00243648 0.00445795 0.00573212], ([0.00313616 0.00257527 0.00289047 0.00370919 0.00178774 0.00307655
 0.00563008 0.00259716 0.00447877 0.00323208]) 	 loss 6.450E-01 	 horizons 19.0
step 9531 	 return [0.         0.00157011 0.00632191 0.00880168 0.00579348 0.0109334
 0.01274363 0.00222217 0.00541951 0.006967  ], ([0.         0.00185943 0.00214539 0.00454195 0.00275876 0.00319266
 0.00631119 0.0021907  0.0046462  0.00295265]) 	 loss 6.386E-01 	 horizons 19.0
step 9721 	 return [0.         0.00225203 0.00497421 0.00446391 0.00578025 0.00874914
 0.00739187 0.003949   0.00756561 0.00832193], ([0.         0.00247858 0.00273976 0.0032404  0.00305024 0.00279672
 0.00392286 0.00303454 0.00374137 0.00223649]) 	 loss 6.207E-01 	 horizons 19.0
step 9911 	 return [0.00063061 0.00068472 0.00757124 0.00268835 0.00653541 0.00491824
 0.00320755 0.00343672 0.00847686 0.00576239], ([0.00189183 0.00111476 0.00326286 0.00258673 0.00221808 0.00218093
 0.00365146 0.00285496 0.00491924 0.0025862 ]) 	 loss 5.950E-01 	 horizons 19.0
step 10101 	 return [0.         0.00074518 0.00563198 0.00955928 0.00700716 0.01060789
 0.00981468 0.00623256 0.00525799 0.00665493], ([0.         0.00149038 0.00138814 0.00398967 0.00203292 0.00307707
 0.00343747 0.0031237  0.00452137 0.00529417]) 	 loss 5.865E-01 	 horizons 19.0
step 10291 	 return [0.         0.00157253 0.00415699 0.00693229 0.00618394 0.01000415
 0.00994179 0.00444083 0.0064713  0.00575161], ([0.         0.00194774 0.0018513  0.00437714 0.00192188 0.00185624
 0.00308154 0.00251876 0.00426588 0.00321541]) 	 loss 5.533E-01 	 horizons 19.0
step 10481 	 return [0.00105583 0.00405593 0.0045913  0.00762463 0.00472662 0.00791521
 0.01145535 0.00436628 0.00671829 0.00576716], ([0.00316748 0.00198193 0.00185679 0.00416078 0.00361051 0.00249037
 0.00571645 0.00350246 0.0042488  0.00337074]) 	 loss 5.411E-01 	 horizons 19.0
step 10671 	 return [0.00238947 0.00316408 0.00484986 0.00372111 0.00496296 0.00653403
 0.00700854 0.00155053 0.0019602  0.00128059], ([0.00292965 0.00350151 0.00349145 0.00331485 0.00303101 0.00364902
 0.00472667 0.00224688 0.00295007 0.00205816]) 	 loss 5.684E-01 	 horizons 19.0
step 10861 	 return [0.00150006 0.00532619 0.00526009 0.00556706 0.00572375 0.00545469
 0.00726068 0.00262838 0.00421013 0.00363914], ([0.00229139 0.00338942 0.00368317 0.00232839 0.00288219 0.00275828
 0.00459169 0.00260698 0.00405588 0.00367893]) 	 loss 5.495E-01 	 horizons 19.0
step 11051 	 return [0.00076206 0.0017186  0.00773392 0.00384289 0.00634764 0.00745681
 0.00734141 0.00257615 0.00734898 0.0053164 ], ([0.00228618 0.00267626 0.00246145 0.00429701 0.00262419 0.00356092
 0.00625456 0.00265106 0.0044011  0.00328574]) 	 loss 5.371E-01 	 horizons 19.0
step 11241 	 return [0.         0.00144856 0.00539943 0.01012168 0.0057861  0.01111946
 0.01161963 0.00529409 0.00599015 0.00583236], ([0.         0.00192033 0.00275384 0.00476513 0.00326661 0.00349748
 0.00423301 0.00407876 0.0052545  0.0038997 ]) 	 loss 5.432E-01 	 horizons 19.0
step 11431 	 return [0.00175662 0.00670868 0.00235298 0.00560255 0.00467534 0.0053763
 0.01038809 0.00578191 0.00497294 0.00320195], ([0.00332071 0.00233044 0.00295436 0.00215719 0.00228925 0.00210529
 0.00509587 0.0042996  0.00433317 0.00337883]) 	 loss 5.140E-01 	 horizons 19.0
step 11621 	 return [0.00092616 0.00185295 0.00612967 0.00270545 0.00563578 0.00699357
 0.00514279 0.00083404 0.00443762 0.00442374], ([0.00146451 0.00218603 0.00304062 0.0034098  0.00292148 0.00187275
 0.00693021 0.00168873 0.00521084 0.0024815 ]) 	 loss 5.325E-01 	 horizons 19.0
step 11811 	 return [0.         0.00257536 0.00358207 0.00452421 0.00383138 0.00670968
 0.01054035 0.00460541 0.00547631 0.0053589 ], ([0.         0.00274286 0.0028401  0.00299232 0.00231294 0.00459523
 0.00347277 0.0033232  0.00273857 0.00323075]) 	 loss 4.914E-01 	 horizons 19.0
step 12001 	 return [0.00075545 0.00067122 0.00905653 0.00146462 0.00497328 0.00655912
 0.00268694 0.00303462 0.00546091 0.00479936], ([0.00160664 0.00134351 0.00252066 0.00162814 0.00190554 0.00209483
 0.00275516 0.00314618 0.00500843 0.0021892 ]) 	 loss 5.559E-01 	 horizons 19.0
step 12191 	 return [0.00123235 0.00698882 0.00164137 0.00239165 0.00422547 0.00543196
 0.00999365 0.00124302 0.00246565 0.00313777], ([0.00246554 0.00267968 0.0018214  0.0018625  0.00165661 0.00391406
 0.00491769 0.0023305  0.00302605 0.00302383]) 	 loss 5.194E-01 	 horizons 19.0
step 12381 	 return [0.         0.0048749  0.00237529 0.00782237 0.00379677 0.00638203
 0.01174724 0.00350816 0.00284285 0.00676737], ([0.         0.00262428 0.002251   0.00301095 0.00315405 0.00217104
 0.00526873 0.00271831 0.00323828 0.00238238]) 	 loss 4.993E-01 	 horizons 19.0
step 12571 	 return [0.         0.00777188 0.00153556 0.00547855 0.00535561 0.00639918
 0.01197562 0.00534887 0.00393103 0.0066539 ], ([0.         0.00200061 0.00219355 0.00230071 0.00167896 0.00357372
 0.00408758 0.00422723 0.0025465  0.00369432]) 	 loss 5.508E-01 	 horizons 19.0
step 12761 	 return [0.         0.00044862 0.00478539 0.00900345 0.00444701 0.00977129
 0.01089094 0.00663763 0.00710603 0.0039196 ], ([0.         0.0008805  0.00204905 0.00333622 0.00185099 0.0034446
 0.00435447 0.00299823 0.00375964 0.00310959]) 	 loss 5.278E-01 	 horizons 19.0
step 12951 	 return [0.0003533  0.00044384 0.00645764 0.00378336 0.00577159 0.00440112
 0.00486891 0.00391476 0.00654302 0.00478695], ([0.00071426 0.00073863 0.00213715 0.00329696 0.0021902  0.00170153
 0.00446938 0.0031513  0.00492971 0.0025499 ]) 	 loss 4.929E-01 	 horizons 19.0
step 13141 	 return [0.00081184 0.00860144 0.00342114 0.00624031 0.00591525 0.00547196
 0.00879523 0.00546047 0.00410535 0.00153213], ([0.00154632 0.00212894 0.0033769  0.00294671 0.00278254 0.00339611
 0.0037148  0.00433542 0.00358665 0.00232611]) 	 loss 4.958E-01 	 horizons 19.0
step 13331 	 return [0.         0.00755631 0.00220852 0.00493453 0.00521631 0.00914697
 0.01286296 0.0024762  0.00303087 0.00531257], ([0.         0.00078639 0.00191626 0.00286143 0.00183999 0.00321252
 0.00463485 0.00269125 0.00310547 0.00331861]) 	 loss 4.682E-01 	 horizons 19.0
step 13521 	 return [0.         0.00103161 0.00622404 0.00588956 0.00448763 0.0065658
 0.00814323 0.00636181 0.00450481 0.00463197], ([0.         0.00103101 0.00281997 0.0023754  0.0020955  0.00254324
 0.00409168 0.00260648 0.00324941 0.00345331]) 	 loss 5.000E-01 	 horizons 19.0
step 13711 	 return [0.0018018  0.00319222 0.00517616 0.00440256 0.00277595 0.0056401
 0.00797598 0.00352749 0.00312441 0.00218149], ([0.00275478 0.00298973 0.00350888 0.00221571 0.00203569 0.00321653
 0.00578819 0.00410938 0.00353614 0.00416403]) 	 loss 4.870E-01 	 horizons 19.0
step 13901 	 return [0.00049989 0.00517516 0.0044116  0.00387397 0.00592585 0.00682131
 0.009785   0.00568748 0.00720228 0.00440797], ([0.00149967 0.00297853 0.00300018 0.00261279 0.00264531 0.00203847
 0.00476783 0.00383036 0.00548766 0.0031056 ]) 	 loss 4.769E-01 	 horizons 19.0
step 14091 	 return [0.         0.0006075  0.00637859 0.00462992 0.00429101 0.00729741
 0.00702648 0.00367373 0.00516826 0.00602702], ([0.         0.00121823 0.00277308 0.00348236 0.00161821 0.00350512
 0.00527169 0.00235574 0.00447865 0.00404102]) 	 loss 4.938E-01 	 horizons 19.0
step 14281 	 return [0.         0.00032559 0.00659565 0.00495033 0.00581197 0.00814436
 0.00828247 0.00599259 0.00677919 0.00574656], ([0.         0.00076146 0.00289368 0.00286857 0.00271225 0.0027693
 0.00545253 0.00297102 0.00332725 0.00302614]) 	 loss 4.673E-01 	 horizons 19.0
step 14471 	 return [9.6190241e-05 8.2514127e-04 7.9686670e-03 2.1521207e-03 5.1979013e-03
 6.4934678e-03 3.5157434e-03 2.3551944e-03 6.8729878e-03 6.7826360e-03], ([0.00028857 0.00184524 0.00331502 0.00463322 0.00244113 0.00229117
 0.00623435 0.0028531  0.0023683  0.00200171]) 	 loss 4.606E-01 	 horizons 19.0
step 14661 	 return [0.         0.00114026 0.005766   0.00575598 0.00269879 0.00747047
 0.01192688 0.00533139 0.00411082 0.00653234], ([0.         0.00292109 0.00313622 0.00328095 0.00043829 0.00289239
 0.00305594 0.00402545 0.00225109 0.00385467]) 	 loss 4.634E-01 	 horizons 19.0
step 14851 	 return [0.00099919 0.00152042 0.00709744 0.0029181  0.00492063 0.0052588
 0.00459048 0.0034645  0.00385002 0.00359651], ([0.00199838 0.00260419 0.00287355 0.00235533 0.00195065 0.00193836
 0.00198437 0.00356465 0.00348183 0.00309196]) 	 loss 4.534E-01 	 horizons 19.0
step 15041 	 return [0.         0.00838437 0.00096794 0.00693316 0.00778603 0.00456718
 0.00913505 0.0054303  0.00518801 0.00216626], ([0.         0.00159605 0.00147877 0.00341964 0.00252829 0.00245893
 0.0033703  0.0035585  0.00254749 0.00319757]) 	 loss 4.976E-01 	 horizons 19.0
step 15231 	 return [0.         0.00246603 0.00183638 0.00710482 0.00349547 0.00980775
 0.01517981 0.00579212 0.00414409 0.00770018], ([0.         0.0029574  0.00263546 0.00457395 0.00245136 0.00362116
 0.0050018  0.00327735 0.00460547 0.00408556]) 	 loss 4.404E-01 	 horizons 19.0
step 15421 	 return [0.         0.00469124 0.00515497 0.00477132 0.00518995 0.00596691
 0.0098324  0.00719458 0.00925802 0.00435618], ([0.         0.00279018 0.00276875 0.00269543 0.00285435 0.00294753
 0.00408268 0.0043447  0.00272687 0.00336777]) 	 loss 4.478E-01 	 horizons 19.0
step 15611 	 return [0.         0.00116906 0.00585845 0.00585604 0.00404083 0.00726266
 0.01114671 0.00730497 0.00612907 0.00670958], ([0.         0.00209054 0.00162118 0.00276653 0.00247156 0.00236442
 0.00525056 0.00319464 0.00449942 0.00345025]) 	 loss 4.004E-01 	 horizons 19.0
step 15801 	 return [0.         0.00067333 0.00777454 0.00489282 0.0061627  0.00699705
 0.00631851 0.00596407 0.00782015 0.00606797], ([0.         0.00135712 0.0030248  0.00177387 0.00329917 0.00192
 0.00437694 0.00382965 0.00310805 0.00310223]) 	 loss 3.893E-01 	 horizons 19.0
step 15991 	 return [0.00050644 0.00042443 0.00702842 0.00574896 0.00511201 0.00829541
 0.01133823 0.0048265  0.00429326 0.00476834], ([0.00151932 0.00107219 0.00164772 0.00265622 0.00318331 0.00283935
 0.00647588 0.00417195 0.0039332  0.00418496]) 	 loss 3.977E-01 	 horizons 19.0
step 16181 	 return [0.         0.00889303 0.00165267 0.00677717 0.00657621 0.00628285
 0.01338061 0.00800386 0.00714708 0.00520902], ([0.         0.00131979 0.00184809 0.0029526  0.00328899 0.00380351
 0.00534392 0.0021802  0.00518547 0.00311814]) 	 loss 3.882E-01 	 horizons 19.0
step 16371 	 return [0.         0.00073643 0.00862971 0.0038295  0.0064176  0.0096474
 0.00939894 0.00443936 0.00736157 0.00631471], ([0.         0.00147288 0.00265609 0.00256462 0.00306395 0.00349772
 0.0044577  0.00296159 0.00453684 0.00394314]) 	 loss 3.731E-01 	 horizons 19.0
step 16561 	 return [0.         0.00820168 0.00251502 0.00545888 0.0047098  0.00908419
 0.01298422 0.00700813 0.00761164 0.00604616], ([0.         0.00117842 0.00220904 0.00094539 0.00314094 0.00339199
 0.00540666 0.00385456 0.00498313 0.00316518]) 	 loss 3.605E-01 	 horizons 19.0
step 16751 	 return [0.0001228  0.00039088 0.00537844 0.00643329 0.00427964 0.00834098
 0.00897475 0.0075952  0.00705937 0.00622507], ([0.00036841 0.00078725 0.0023625  0.00223825 0.00230978 0.00276231
 0.00324033 0.00340115 0.00352597 0.00344942]) 	 loss 3.662E-01 	 horizons 19.0
step 16941 	 return [0.         0.00963533 0.0022101  0.00713613 0.00983504 0.00325476
 0.00749743 0.00645021 0.00656146 0.00400599], ([0.         0.00071941 0.0018595  0.00198197 0.00079876 0.00214658
 0.00236361 0.00408944 0.00219668 0.00282488]) 	 loss 4.208E-01 	 horizons 19.0
step 17131 	 return [0.         0.00712291 0.00169596 0.00901586 0.0086493  0.00492626
 0.01091615 0.00740163 0.00635381 0.00210361], ([0.         0.00124639 0.00194382 0.00222387 0.00176726 0.002747
 0.00314168 0.00257473 0.00292263 0.00339213]) 	 loss 3.565E-01 	 horizons 19.0
step 17321 	 return [0.         0.01018564 0.00013605 0.00830293 0.00855596 0.00259193
 0.00632769 0.00696396 0.00511428 0.00314193], ([0.         0.00154926 0.00027696 0.00198309 0.00272078 0.00256977
 0.00495821 0.00335172 0.00269601 0.00313166]) 	 loss 4.051E-01 	 horizons 19.0
step 17511 	 return [0.         0.00857356 0.00130288 0.00734129 0.00835731 0.00346916
 0.00848288 0.00637762 0.00644244 0.00367588], ([0.         0.00160101 0.0017978  0.00209255 0.00240576 0.00238763
 0.00312738 0.00375275 0.00196014 0.0029284 ]) 	 loss 4.201E-01 	 horizons 19.0
step 17701 	 return [0.         0.00937659 0.00118244 0.00789103 0.009929   0.00333722
 0.01036025 0.00630207 0.00873443 0.00376186], ([0.         0.00093733 0.00164138 0.00268835 0.00227968 0.00233341
 0.00406372 0.00398704 0.00354438 0.00322579]) 	 loss 3.522E-01 	 horizons 19.0
step 17891 	 return [0.         0.00705558 0.00160228 0.00951556 0.00808019 0.00430325
 0.01090907 0.00887106 0.00663478 0.00228079], ([0.         0.00124731 0.00261841 0.00368331 0.00260012 0.00169442
 0.00231589 0.00345848 0.0025911  0.00205739]) 	 loss 3.740E-01 	 horizons 19.0
step 18081 	 return [0.         0.00065177 0.0080442  0.00352091 0.00861342 0.00840202
 0.00408686 0.00367659 0.01129598 0.00746753], ([0.         0.00113505 0.00223603 0.00252667 0.00217163 0.0019339
 0.00181871 0.0026943  0.00223813 0.00133348]) 	 loss 3.602E-01 	 horizons 19.0
step 18271 	 return [0.         0.00765816 0.00246687 0.00683347 0.00628741 0.0071192
 0.01541108 0.00674289 0.00795315 0.00686062], ([0.         0.00106908 0.00221474 0.00266069 0.00312722 0.00338093
 0.00532384 0.00447717 0.00489939 0.0040517 ]) 	 loss 3.935E-01 	 horizons 19.0
step 18461 	 return [0.         0.         0.00709963 0.00419164 0.00469333 0.00996047
 0.00920283 0.00603235 0.00463392 0.00583844], ([0.         0.         0.00295042 0.00188558 0.00293416 0.00287826
 0.00544879 0.00331515 0.00307608 0.00421798]) 	 loss 3.784E-01 	 horizons 19.0
step 18651 	 return [0.         0.00025393 0.00845088 0.00259767 0.00909004 0.0091133
 0.00861212 0.00524725 0.01345883 0.00844378], ([0.         0.00042176 0.00138536 0.00222557 0.00353313 0.00213623
 0.00507285 0.00370787 0.00342204 0.00198028]) 	 loss 3.753E-01 	 horizons 19.0
step 18841 	 return [0.         0.00014589 0.00858934 0.00435073 0.00780708 0.01004559
 0.00721683 0.00442598 0.01197781 0.00743248], ([0.         0.00043766 0.00191891 0.00469911 0.00281706 0.00156139
 0.00313733 0.00391491 0.00252676 0.00179522]) 	 loss 3.568E-01 	 horizons 19.0
step 19031 	 return [0.         0.00784082 0.00172621 0.00689913 0.00890525 0.0039371
 0.01046711 0.00615369 0.01034274 0.00495764], ([0.         0.00165641 0.00229429 0.0024314  0.00208782 0.00242346
 0.00291002 0.00344146 0.00326692 0.0024872 ]) 	 loss 3.572E-01 	 horizons 19.0
step 19221 	 return [0.         0.00019995 0.00990994 0.00040042 0.00998961 0.01265502
 0.00452593 0.00144108 0.01563991 0.00943358], ([0.         0.00040983 0.00197179 0.00120127 0.00165845 0.00116445
 0.00222684 0.00206172 0.00115524 0.0015741 ]) 	 loss 3.282E-01 	 horizons 19.0
step 19411 	 return [0.         0.00848363 0.00269765 0.00627982 0.00641953 0.0062498
 0.01370942 0.00714295 0.0094694  0.00562927], ([0.         0.00128738 0.00254322 0.00287837 0.00351034 0.002
 0.00377476 0.00317451 0.00404701 0.00425976]) 	 loss 3.074E-01 	 horizons 19.0
step 19601 	 return [0.         0.00245643 0.00720262 0.00329377 0.01006173 0.00794903
 0.00464158 0.00340493 0.00928531 0.00821969], ([0.         0.00212602 0.00378647 0.00267026 0.00092757 0.001892
 0.00299637 0.00344534 0.0027582  0.00200344]) 	 loss 3.159E-01 	 horizons 19.0
step 19791 	 return [0.         0.00035607 0.00781808 0.00517759 0.0066006  0.00817343
 0.00923671 0.00482022 0.00708836 0.00591148], ([0.         0.00083305 0.00125955 0.0032887  0.00384747 0.0021275
 0.00339776 0.00412785 0.0030638  0.00427822]) 	 loss 2.619E-01 	 horizons 19.0
step 19981 	 return [0.         0.00745166 0.0033229  0.00653221 0.00807435 0.00704282
 0.01314973 0.00829287 0.00962131 0.00483987], ([0.         0.00128823 0.00245155 0.00203651 0.0034404  0.00212156
 0.00518354 0.00357078 0.00260988 0.00385029]) 	 loss 2.899E-01 	 horizons 19.0
step 20171 	 return [0.         0.00872903 0.00052999 0.00669421 0.00817596 0.00476103
 0.00999487 0.00818008 0.00689989 0.00569914], ([0.         0.00130542 0.00100475 0.00190349 0.00220795 0.00357656
 0.00444865 0.00305517 0.00324442 0.00332946]) 	 loss 2.722E-01 	 horizons 19.0
step 20361 	 return [0.         0.00903585 0.00180662 0.00796412 0.00804535 0.0037799
 0.01172784 0.00811638 0.00984808 0.00470438], ([0.         0.00090087 0.00197061 0.00243208 0.00321263 0.00254858
 0.00528643 0.00173228 0.00339121 0.00304332]) 	 loss 2.897E-01 	 horizons 19.0
step 20551 	 return [0.         0.         0.0083752  0.00587116 0.0042521  0.01002925
 0.01083963 0.0064435  0.00815281 0.00684101], ([0.         0.         0.00236437 0.00277718 0.00226569 0.00188207
 0.00596585 0.00371023 0.002545   0.00329625]) 	 loss 3.085E-01 	 horizons 19.0
step 20741 	 return [0.         0.00012394 0.00937017 0.00290815 0.00876368 0.01029532
 0.00739    0.0042291  0.01394249 0.00869704], ([0.         0.00037183 0.00227752 0.00263328 0.0017241  0.0026469
 0.00178895 0.00442043 0.00190258 0.00342568]) 	 loss 2.621E-01 	 horizons 19.0
step 20931 	 return [0.00013257 0.00903576 0.00491286 0.0058526  0.00822045 0.00429435
 0.01022174 0.00785237 0.01070869 0.00586914], ([0.0003977  0.00140083 0.00182875 0.00121201 0.00329686 0.00140941
 0.00467365 0.00339442 0.00212491 0.00256694]) 	 loss 2.397E-01 	 horizons 19.0
step 21121 	 return [0.         0.00768308 0.00128422 0.00535794 0.00471101 0.00828261
 0.01959587 0.00765782 0.00896043 0.0087398 ], ([0.         0.00069142 0.00120507 0.00115104 0.00228869 0.00155487
 0.00320617 0.00209166 0.00445017 0.00250656]) 	 loss 2.568E-01 	 horizons 19.0
step 21311 	 return [0.         0.         0.00928637 0.         0.00947389 0.01248006
 0.00612802 0.00215751 0.01643678 0.01085956], ([0.         0.         0.00265582 0.         0.00163288 0.00109729
 0.00417788 0.0020889  0.00090402 0.0014554 ]) 	 loss 2.736E-01 	 horizons 19.0
step 21501 	 return [0.         0.         0.00939186 0.00747395 0.00496628 0.01021938
 0.00731992 0.00842285 0.00793616 0.00334972], ([0.         0.         0.00170129 0.00265402 0.00161467 0.00126732
 0.0038687  0.00269137 0.00348258 0.00262648]) 	 loss 2.570E-01 	 horizons 19.0
step 21691 	 return [0.         0.         0.01061775 0.00089747 0.00924919 0.01246426
 0.00650254 0.00148032 0.01454026 0.01033541], ([0.         0.         0.00176291 0.0018033  0.00163555 0.00200996
 0.00491047 0.00244588 0.00189176 0.00264355]) 	 loss 2.457E-01 	 horizons 19.0
step 21881 	 return [0.         0.00722391 0.00409576 0.00455699 0.00666649 0.00801853
 0.01602957 0.00819542 0.00870779 0.0069613 ], ([0.         0.00173387 0.00419092 0.00259451 0.00301085 0.00273781
 0.00641703 0.00243184 0.00347402 0.00371461]) 	 loss 2.636E-01 	 horizons 19.0
step 22071 	 return [0.         0.00998299 0.00098003 0.00670454 0.00945834 0.00177255
 0.00722427 0.00853414 0.0117331  0.00653378], ([0.         0.00031813 0.00177455 0.00135234 0.00037264 0.00141914
 0.0010972  0.0027289  0.00357236 0.00131523]) 	 loss 2.819E-01 	 horizons 19.0
step 22261 	 return [0.         0.         0.00825063 0.00207166 0.01018547 0.01139755
 0.00788703 0.00425668 0.01335949 0.00739499], ([0.         0.         0.00118406 0.00209649 0.00080089 0.00200664
 0.00455906 0.00396352 0.0024261  0.00298695]) 	 loss 2.160E-01 	 horizons 19.0
step 22451 	 return [0.         0.00023356 0.00904962 0.00624828 0.0054274  0.00915305
 0.00589621 0.00969576 0.00920495 0.00444544], ([0.         0.00049321 0.00212924 0.00234163 0.00227441 0.00117956
 0.00334231 0.00330706 0.00240741 0.00286112]) 	 loss 2.593E-01 	 horizons 19.0
step 22641 	 return [0.         0.01004231 0.00216804 0.00851379 0.01036669 0.00361857
 0.01041829 0.00723065 0.01108558 0.00432206], ([0.         0.00016025 0.00208176 0.00308125 0.00282591 0.00203896
 0.00304886 0.00382522 0.00204254 0.0026185 ]) 	 loss 2.655E-01 	 horizons 19.0
step 22831 	 return [0.         0.00742049 0.00769507 0.00565104 0.01119643 0.00450144
 0.00519268 0.00129604 0.00682309 0.00798668], ([0.         0.00103132 0.00351803 0.00211008 0.00076148 0.00125665
 0.0025091  0.00263841 0.00231591 0.00352871]) 	 loss 2.655E-01 	 horizons 19.0
step 23021 	 return [0.         0.         0.00804263 0.00751416 0.00517813 0.01018771
 0.01083144 0.00856371 0.00774438 0.00554858], ([0.         0.         0.00342248 0.00252005 0.00105688 0.00177237
 0.0058885  0.00242474 0.00332659 0.00354982]) 	 loss 2.619E-01 	 horizons 19.0
step 23211 	 return [0.         0.         0.00758522 0.00235094 0.00874217 0.01100193
 0.01160646 0.00479617 0.01196156 0.00750733], ([0.         0.         0.00231327 0.00326665 0.00150731 0.00193625
 0.00386111 0.00428711 0.00296314 0.00350006]) 	 loss 2.458E-01 	 horizons 19.0
step 23401 	 return [0.         0.00771166 0.00111202 0.00600452 0.00516022 0.00918181
 0.01882679 0.00869838 0.00937568 0.00766936], ([0.         0.00025474 0.00140951 0.00178846 0.00149622 0.00222889
 0.00353293 0.00265664 0.00421332 0.00272072]) 	 loss 2.306E-01 	 horizons 19.0
step 23591 	 return [0.         0.         0.01152536 0.00085698 0.00881201 0.0113753
 0.00313319 0.00339744 0.01601148 0.0104777 ], ([0.         0.         0.0029167  0.00171679 0.00251249 0.00188601
 0.00238445 0.00277353 0.00128838 0.00142699]) 	 loss 2.424E-01 	 horizons 19.0
step 23781 	 return [0.         0.         0.00853685 0.00588379 0.00466851 0.00853798
 0.00839942 0.0087159  0.00808027 0.00567928], ([0.         0.         0.00284311 0.00226358 0.00256772 0.00227371
 0.0061037  0.00230517 0.00270147 0.00394131]) 	 loss 2.369E-01 	 horizons 19.0
step 23971 	 return [0.         0.00040506 0.01095769 0.00528355 0.00836707 0.00485726
 0.00794016 0.00595723 0.00690278 0.00476379], ([0.         0.00064233 0.00265697 0.0027043  0.0025665  0.00202563
 0.00439726 0.00412164 0.00265135 0.0047968 ]) 	 loss 2.708E-01 	 horizons 19.0
step 24161 	 return [0.         0.         0.00732973 0.00239271 0.00981381 0.0097121
 0.00913496 0.00675991 0.01342042 0.00760635], ([0.         0.         0.00198075 0.00243417 0.00142211 0.00223795
 0.00523684 0.00404212 0.0019012  0.00325836]) 	 loss 2.318E-01 	 horizons 19.0
step 24351 	 return [0.         0.         0.0096544  0.00122529 0.00934621 0.01099136
 0.01393731 0.00611619 0.00950318 0.00554224], ([0.         0.         0.00272365 0.00190195 0.0006764  0.00207638
 0.00413839 0.00406598 0.00305628 0.00277535]) 	 loss 2.619E-01 	 horizons 19.0
step 24541 	 return [0.         0.00992116 0.00103798 0.01001478 0.01147685 0.0026482
 0.00806905 0.00556153 0.01134334 0.00571642], ([0.         0.00014444 0.00208277 0.00298037 0.00160675 0.00227729
 0.00314655 0.00278361 0.00316749 0.00223422]) 	 loss 2.562E-01 	 horizons 19.0
step 24731 	 return [0.         0.01008499 0.00096052 0.00941329 0.0107985  0.0036008
 0.00836729 0.00762743 0.01173802 0.00461022], ([0.         0.00021575 0.00192115 0.00264825 0.00116882 0.00250016
 0.00197086 0.0023229  0.0029003  0.00274562]) 	 loss 2.474E-01 	 horizons 19.0
step 24921 	 return [0.         0.00020907 0.00862135 0.00208471 0.01106824 0.01259103
 0.00488965 0.00351274 0.01614644 0.00947849], ([0.         0.00042975 0.00248908 0.0026339  0.00084994 0.00155676
 0.00207712 0.00242797 0.00043238 0.00143411]) 	 loss 2.326E-01 	 horizons 19.0
step 25111 	 return [0.         0.01031415 0.00172473 0.01064711 0.01042012 0.00510376
 0.01116453 0.00985864 0.01103624 0.00273995], ([0.         0.00066922 0.00243598 0.00323017 0.00279351 0.00135833
 0.00339614 0.00251709 0.00203185 0.0034048 ]) 	 loss 2.532E-01 	 horizons 19.0
step 25301 	 return [0.0000000e+00 7.2240589e-05 9.4872359e-03 4.4921469e-03 1.0010665e-02
 1.1126794e-02 6.2053101e-03 5.8406941e-03 1.6263898e-02 8.0619063e-03], ([0.         0.00021672 0.00369908 0.00298443 0.00275201 0.00179319
 0.00254902 0.00214334 0.00215829 0.00138071]) 	 loss 2.185E-01 	 horizons 19.0
step 25491 	 return [0.         0.00017166 0.00754791 0.00175583 0.00965589 0.01131356
 0.00649433 0.0037147  0.01557608 0.01007515], ([0.         0.00034434 0.00262118 0.00216245 0.00111805 0.0012088
 0.00423032 0.00294022 0.00061764 0.00180518]) 	 loss 1.995E-01 	 horizons 19.0
step 25681 	 return [0.         0.00057406 0.00729525 0.00567698 0.00464896 0.00805793
 0.01473946 0.01117179 0.0121057  0.00689232], ([0.         0.00114338 0.00107963 0.00349208 0.00275381 0.00287264
 0.00357534 0.00232691 0.00365124 0.00350874]) 	 loss 2.028E-01 	 horizons 19.0
step 25871 	 return [0.         0.00924793 0.00112026 0.00947202 0.00886335 0.00745679
 0.0131431  0.01064899 0.00938149 0.0025476 ], ([0.         0.00121022 0.00202784 0.00326151 0.00297146 0.00239732
 0.00430586 0.00336158 0.00305035 0.00343999]) 	 loss 2.276E-01 	 horizons 19.0
step 26061 	 return [0.         0.00023758 0.00916654 0.0014444  0.00906671 0.01089943
 0.00414098 0.00314699 0.01459713 0.00932696], ([0.         0.00047892 0.00439434 0.00224783 0.00210372 0.00212205
 0.00219091 0.00257409 0.00456341 0.00244393]) 	 loss 2.222E-01 	 horizons 19.0
step 26251 	 return [0.         0.         0.0095863  0.00283217 0.0082451  0.00938034
 0.01151402 0.00937916 0.01023884 0.00445833], ([0.         0.         0.00147693 0.00295193 0.00205374 0.00220402
 0.00296616 0.00363551 0.00142412 0.00224657]) 	 loss 2.269E-01 	 horizons 19.0
step 26441 	 return [0.         0.01012849 0.00214687 0.01104521 0.01084248 0.00508122
 0.01232767 0.01130274 0.01016858 0.00143466], ([0.0000000e+00 7.2959556e-05 2.6396781e-03 3.4197350e-03 1.8458084e-03
 8.8860531e-04 2.4507800e-03 2.8586555e-03 1.8725429e-03 2.8796792e-03]) 	 loss 2.105E-01 	 horizons 19.0
step 26631 	 return [0.         0.0002301  0.01002585 0.00150844 0.01014668 0.01183792
 0.00584346 0.00420233 0.01524311 0.00854729], ([0.         0.00046315 0.00311804 0.00231306 0.00071055 0.00142883
 0.00298567 0.00291651 0.00092479 0.00123832]) 	 loss 2.059E-01 	 horizons 19.0
step 26821 	 return [0.         0.         0.00931075 0.00100321 0.00962985 0.01162409
 0.00326706 0.00191879 0.01550179 0.01078632], ([0.         0.         0.00247432 0.00300963 0.00153175 0.00218106
 0.00115918 0.00257731 0.00243259 0.00219394]) 	 loss 2.003E-01 	 horizons 19.0
step 27011 	 return [0.         0.         0.00882116 0.00052898 0.0103129  0.01283175
 0.00409472 0.00207905 0.01629678 0.01093568], ([0.         0.         0.0026402  0.00158695 0.00061436 0.00131856
 0.00225161 0.0026022  0.00113731 0.00122511]) 	 loss 1.962E-01 	 horizons 19.0
step 27201 	 return [0.         0.00011851 0.00938856 0.00185942 0.01063045 0.01133406
 0.00571686 0.00233638 0.01595664 0.0092174 ], ([0.         0.00035552 0.00214576 0.00288427 0.00126741 0.00095981
 0.00172128 0.00273539 0.00186314 0.0015342 ]) 	 loss 1.915E-01 	 horizons 19.0
step 27391 	 return [0.         0.01014335 0.00499095 0.00718815 0.01072903 0.00590705
 0.00960027 0.01182368 0.0104381  0.00217599], ([0.0000000e+00 2.5317204e-06 4.0021085e-04 8.3889536e-06 1.0297752e-05
 4.9016769e-05 1.7075227e-03 1.0370781e-04 6.8449165e-04 1.0879948e-03]) 	 loss 1.716E-01 	 horizons 19.0
step 27581 	 return [0.         0.         0.01361291 0.         0.00688139 0.01177389
 0.00223704 0.00356739 0.01735465 0.0106894 ], ([0.         0.         0.00279662 0.         0.0023364  0.00141371
 0.00346137 0.00240268 0.00123266 0.00099617]) 	 loss 1.896E-01 	 horizons 19.0
step 27771 	 return [0.         0.00031625 0.00875695 0.0060789  0.0042256  0.0084332
 0.01257763 0.00951813 0.01170158 0.00641429], ([0.         0.00069512 0.00137198 0.0031772  0.00194781 0.00225611
 0.00618474 0.00157604 0.00283583 0.00232   ]) 	 loss 1.564E-01 	 horizons 19.0
step 27961 	 return [0.0000000e+00 8.3919549e-05 8.2978886e-03 3.6584060e-03 1.0432760e-02
 1.0525377e-02 8.3756596e-03 4.3183267e-03 1.5946276e-02 9.2856884e-03], ([0.         0.00025176 0.00282939 0.0030361  0.00188625 0.00216756
 0.00371693 0.00235432 0.00167289 0.00136591]) 	 loss 1.806E-01 	 horizons 19.0
step 28151 	 return [0.         0.000285   0.00944717 0.00226207 0.01054774 0.01384766
 0.00697391 0.0052617  0.01610502 0.00833918], ([0.0000000e+00 4.4775548e-04 1.7070767e-03 2.8184331e-03 7.8694272e-04
 1.4225161e-03 1.7905976e-03 1.5525434e-03 2.2017774e-04 7.3715230e-05]) 	 loss 1.781E-01 	 horizons 19.0
step 28341 	 return [0.         0.         0.01138389 0.00028367 0.01086231 0.01057851
 0.00525064 0.00350108 0.0158927  0.01098226], ([0.         0.         0.00167509 0.000851   0.00074443 0.00213082
 0.00279945 0.00195713 0.00136325 0.00098902]) 	 loss 1.855E-01 	 horizons 19.0
step 28531 	 return [0.0000000e+00 9.0562673e-05 1.1335725e-02 2.0805665e-03 9.8986458e-03
 1.2329400e-02 2.7653319e-03 2.7656234e-03 1.5802067e-02 9.6364543e-03], ([0.         0.00027169 0.00293889 0.0025708  0.0007562  0.00066951
 0.00291313 0.00287939 0.00058396 0.00155342]) 	 loss 1.894E-01 	 horizons 19.0
step 28721 	 return [0.         0.0003124  0.00654199 0.00793582 0.00976735 0.01048222
 0.01269531 0.01170147 0.0089552  0.0013832 ], ([0.         0.00048405 0.00225279 0.00238136 0.00178862 0.00138884
 0.00342403 0.00399075 0.0017622  0.00280748]) 	 loss 1.536E-01 	 horizons 19.0
step 28911 	 return [0.         0.01013087 0.00398371 0.00777442 0.01109552 0.00496692
 0.01133667 0.01134333 0.00966908 0.00126084], ([0.0000000e+00 1.9942512e-05 2.0323233e-03 1.7603830e-03 1.1686501e-03
 1.8971302e-03 2.1350021e-03 1.2228264e-03 1.5278715e-03 1.2751290e-03]) 	 loss 1.857E-01 	 horizons 19.0
step 29101 	 return [0.0000000e+00 6.6776876e-05 1.2181276e-02 5.2955002e-04 9.6476600e-03
 1.2361927e-02 6.6641807e-03 4.6299757e-03 1.7255317e-02 9.7637679e-03], ([0.         0.00020033 0.00362128 0.00158865 0.00173771 0.00139943
 0.00378207 0.00166935 0.00134538 0.00165817]) 	 loss 1.666E-01 	 horizons 19.0
step 29291 	 return [0.0000000e+00 6.8729772e-05 8.3064642e-03 6.3463771e-03 7.7508865e-03
 1.0143016e-02 1.1609449e-02 1.1244297e-02 9.9181663e-03 4.7547561e-03], ([0.         0.00020619 0.00255633 0.00319412 0.00320589 0.0025112
 0.0035459  0.00201902 0.00287232 0.00387548]) 	 loss 1.881E-01 	 horizons 19.0
step 29481 	 return [0.         0.00050385 0.00551184 0.00406914 0.00983857 0.01174598
 0.00565098 0.00593113 0.01609721 0.0091321 ], ([0.         0.00051596 0.00167361 0.00208299 0.0007098  0.00112214
 0.00283049 0.00209133 0.00046577 0.00161087]) 	 loss 1.825E-01 	 horizons 19.0
step 29671 	 return [0.         0.0005968  0.00754683 0.00380193 0.01063776 0.01185022
 0.00468439 0.00592822 0.01544056 0.00820129], ([0.         0.0005047  0.00194347 0.00193795 0.00053457 0.0012137
 0.00138954 0.00231162 0.00092636 0.00019175]) 	 loss 2.046E-01 	 horizons 19.0
step 29861 	 return [0.         0.         0.01105528 0.00057667 0.00941575 0.01248077
 0.0055525  0.00449428 0.01715435 0.00999937], ([0.         0.         0.00273412 0.00173    0.00223426 0.00130979
 0.00405472 0.00156404 0.0011395  0.0012609 ]) 	 loss 1.802E-01 	 horizons 19.0
step 30051 	 return [0.         0.00036735 0.00739708 0.00430745 0.01179394 0.01153997
 0.0040382  0.0057536  0.01487326 0.00817189], ([0.         0.00046496 0.00229501 0.00147892 0.00113032 0.0015269
 0.00100449 0.00151166 0.00118857 0.00018916]) 	 loss 2.044E-01 	 horizons 19.0
[1;34mwandb[0m: 
[1;34mwandb[0m: 🚀 View run [33mmotndp_xian-v0__GCN-Xian-pareto__123__1780882545[0m at: [34mhttps://wandb.ai/johnario-tu-delft/cl_ablation/runs/qiby98et[0m
[1;34mwandb[0m: Find logs at: [1;35mwandb/run-20260608_033546-qiby98et/logs[0m
